[02-Sep-2024 17:54:39 Europe/Helsinki] AUTH [INFO] User [Тестовий Користувач] entered system with flag REMEMBER.
---> User IP: 212.180.203.4
---> User agent: Mozilla/5.0 (Macintosh; Intel Mac OS X 10_15_7) AppleWebKit/537.36 (KHTML, like Gecko) Chrome/128.0.0.0 Safari/537.36
---> Script filename: /home/R145j7/web/crm.aquaprylad.in.ua/public_html/authorization.php
---> Referer: https://crm.aquaprylad.in.ua/auth.php
---> Accept Language: ru-RU,ru;q=0.9,en-US;q=0.8,en;q=0.7,uk;q=0.6,pl;q=0.5
---> Accept Encoding: gzip, deflate, br, zstd
---> Connection: close
---> HTTPS: ON
---> Server protocol: HTTP/1.0
---> Request method: POST
--->>> Country: Poland
--->>> Region: Mazovia
--->>> City: Warsaw
--->>> Post code: 03-821
--->>> Location: 52.2509, 21.0709
--->>> Time zone: Europe/Warsaw
--->>> Provider: SUPERMEDIA Sp.z.o.o.
--->>> Organization: SUPERMEDIA Sp. z o.o.
--->>> Operator: AS9085 SUPERMEDIA Sp.z.o.o.
[02-Sep-2024 18:00:35 Europe/Helsinki] AUTH [INFO] User [Тестовий Користувач] entered system with flag REMEMBER.
---> User IP: 212.180.203.4
---> User agent: Mozilla/5.0 (Macintosh; Intel Mac OS X 10_15_7) AppleWebKit/537.36 (KHTML, like Gecko) Chrome/128.0.0.0 Safari/537.36
---> Script filename: /home/R145j7/web/crm.aquaprylad.in.ua/public_html/authorization.php
---> Referer: https://crm.aquaprylad.in.ua/auth.php
---> Accept Language: ru-RU,ru;q=0.9,en-US;q=0.8,en;q=0.7,uk;q=0.6,pl;q=0.5
---> Accept Encoding: gzip, deflate, br, zstd
---> Connection: close
---> HTTPS: ON
---> Server protocol: HTTP/1.0
---> Request method: POST
--->>> Country: Poland
--->>> Region: Mazovia
--->>> City: Warsaw
--->>> Post code: 03-821
--->>> Location: 52.2509, 21.0709
--->>> Time zone: Europe/Warsaw
--->>> Provider: SUPERMEDIA Sp.z.o.o.
--->>> Organization: SUPERMEDIA Sp. z o.o.
--->>> Operator: AS9085 SUPERMEDIA Sp.z.o.o.
