[11-Dec-2024 11:19:42 Europe/Helsinki] AUTH [INFO] User [Сусло Тетяна] entered system with flag REMEMBER.
---> User IP: 88.155.65.124
---> User agent: Mozilla/5.0 (Windows NT 10.0; Win64; x64) AppleWebKit/537.36 (KHTML, like Gecko) Chrome/131.0.0.0 Safari/537.36
---> Script filename: /home/R145j7/web/crm.aquaprylad.in.ua/public_html/authorization.php
---> Referer: https://crm.aquaprylad.in.ua/auth.php
---> Accept Language: ru-RU,ru;q=0.9,en-US;q=0.8,en;q=0.7,uk;q=0.6
---> Accept Encoding: gzip, deflate, br
---> Connection: close
---> HTTPS: ON
---> Server protocol: HTTP/1.0
---> Request method: POST
--->>> Country: Ukraine
--->>> Region: Kyiv City
--->>> City: Kyiv
--->>> Post code: 01010
--->>> Location: 50.4501, 30.5234
--->>> Time zone: Europe/Kiev
--->>> Provider: Lifecell UA
--->>> Organization: Turkcell LLC
--->>> Operator: AS34058 Limited Liability Company "lifecell"
[11-Dec-2024 11:23:39 Europe/Helsinki] AUTH [INFO] User [Сусло Тетяна] entered system with flag REMEMBER.
---> User IP: 88.155.80.152
---> User agent: Mozilla/5.0 (Windows NT 10.0; Win64; x64) AppleWebKit/537.36 (KHTML, like Gecko) Chrome/131.0.0.0 Safari/537.36
---> Script filename: /home/R145j7/web/crm.aquaprylad.in.ua/public_html/authorization.php
---> Referer: https://crm.aquaprylad.in.ua/auth.php
---> Accept Language: ru-RU,ru;q=0.9,en-US;q=0.8,en;q=0.7,uk;q=0.6
---> Accept Encoding: gzip, deflate, br
---> Connection: close
---> HTTPS: ON
---> Server protocol: HTTP/1.0
---> Request method: POST
--->>> Country: Ukraine
--->>> Region: Kyiv City
--->>> City: Kyiv
--->>> Post code: 01010
--->>> Location: 50.4501, 30.5234
--->>> Time zone: Europe/Kiev
--->>> Provider: Lifecell UA
--->>> Organization: Turkcell LLC
--->>> Operator: AS34058 Limited Liability Company "lifecell"
[11-Dec-2024 11:37:00 Europe/Helsinki] AUTH [INFO] User [Сусло Тетяна] entered system with flag REMEMBER.
---> User IP: 88.155.65.124
---> User agent: Mozilla/5.0 (Windows NT 10.0; Win64; x64) AppleWebKit/537.36 (KHTML, like Gecko) Chrome/131.0.0.0 Safari/537.36
---> Script filename: /home/R145j7/web/crm.aquaprylad.in.ua/public_html/authorization.php
---> Referer: https://crm.aquaprylad.in.ua/auth.php
---> Accept Language: ru-RU,ru;q=0.9,en-US;q=0.8,en;q=0.7,uk;q=0.6
---> Accept Encoding: gzip, deflate, br
---> Connection: close
---> HTTPS: ON
---> Server protocol: HTTP/1.0
---> Request method: POST
--->>> Country: Ukraine
--->>> Region: Kyiv City
--->>> City: Kyiv
--->>> Post code: 01010
--->>> Location: 50.4501, 30.5234
--->>> Time zone: Europe/Kiev
--->>> Provider: Lifecell UA
--->>> Organization: Turkcell LLC
--->>> Operator: AS34058 Limited Liability Company "lifecell"
[11-Dec-2024 12:56:08 Europe/Helsinki] AUTH [INFO] User [Коваль Людмила] entered system with flag REMEMBER.
---> User IP: 195.60.174.62
---> User agent: Mozilla/5.0 (Windows NT 10.0; Win64; x64) AppleWebKit/537.36 (KHTML, like Gecko) Chrome/131.0.0.0 Safari/537.36
---> Script filename: /home/R145j7/web/crm.aquaprylad.in.ua/public_html/authorization.php
---> Referer: https://crm.aquaprylad.in.ua/auth.php
---> Accept Language: ru-RU,ru;q=0.9,en-US;q=0.8,en;q=0.7,uk;q=0.6
---> Accept Encoding: gzip, deflate, br
---> Connection: close
---> HTTPS: ON
---> Server protocol: HTTP/1.0
---> Request method: POST
--->>> Country: Ukraine
--->>> Region: Chernihiv
--->>> City: Chernihiv
--->>> Post code: 14000
--->>> Location: 51.5055, 31.2933
--->>> Time zone: Europe/Kyiv
--->>> Provider: Osnova-Internet LLC
--->>> Organization: Osnova-Internet LLC
--->>> Operator: AS34814 Osnova-Internet LLC
[11-Dec-2024 13:32:16 Europe/Helsinki] AUTH [INFO] User [Сусло Тетяна] entered system with flag REMEMBER.
---> User IP: 46.96.45.213
---> User agent: Mozilla/5.0 (Windows NT 10.0; Win64; x64) AppleWebKit/537.36 (KHTML, like Gecko) Chrome/131.0.0.0 Safari/537.36
---> Script filename: /home/R145j7/web/crm.aquaprylad.in.ua/public_html/authorization.php
---> Referer: https://crm.aquaprylad.in.ua/auth.php
---> Accept Language: ru-RU,ru;q=0.9,en-US;q=0.8,en;q=0.7,uk;q=0.6
---> Accept Encoding: gzip, deflate, br
---> Connection: close
---> HTTPS: ON
---> Server protocol: HTTP/1.0
---> Request method: POST
--->>> Country: Ukraine
--->>> Region: Kyiv City
--->>> City: Kyiv
--->>> Post code: 01010
--->>> Location: 50.4501, 30.5234
--->>> Time zone: Europe/Kiev
--->>> Provider: Lifecell UA
--->>> Organization: Turkcell LLC
--->>> Operator: AS34058 Limited Liability Company "lifecell"
[11-Dec-2024 13:38:30 Europe/Helsinki] AUTH [INFO] User [Коваль Людмила] entered system with flag REMEMBER.
---> User IP: 88.155.80.152
---> User agent: Mozilla/5.0 (Windows NT 10.0; Win64; x64) AppleWebKit/537.36 (KHTML, like Gecko) Chrome/131.0.0.0 Safari/537.36
---> Script filename: /home/R145j7/web/crm.aquaprylad.in.ua/public_html/authorization.php
---> Referer: https://crm.aquaprylad.in.ua/auth.php
---> Accept Language: ru-RU,ru;q=0.9,en-US;q=0.8,en;q=0.7,uk;q=0.6
---> Accept Encoding: gzip, deflate, br
---> Connection: close
---> HTTPS: ON
---> Server protocol: HTTP/1.0
---> Request method: POST
--->>> Country: Ukraine
--->>> Region: Kyiv City
--->>> City: Kyiv
--->>> Post code: 01010
--->>> Location: 50.4501, 30.5234
--->>> Time zone: Europe/Kiev
--->>> Provider: Lifecell UA
--->>> Organization: Turkcell LLC
--->>> Operator: AS34058 Limited Liability Company "lifecell"
[11-Dec-2024 13:47:56 Europe/Helsinki] AUTH [INFO] User [Сміян Альона] entered system with flag REMEMBER.
---> User IP: 94.153.4.34
---> User agent: Mozilla/5.0 (Windows NT 10.0; Win64; x64) AppleWebKit/537.36 (KHTML, like Gecko) Chrome/131.0.0.0 Safari/537.36
---> Script filename: /home/R145j7/web/crm.aquaprylad.in.ua/public_html/authorization.php
---> Referer: https://crm.aquaprylad.in.ua/auth.php
---> Accept Language: ru-RU,ru;q=0.9,en-US;q=0.8,en;q=0.7,uk;q=0.6
---> Accept Encoding: gzip, deflate, br, zstd
---> Connection: close
---> HTTPS: ON
---> Server protocol: HTTP/1.0
---> Request method: POST
--->>> Country: Ukraine
--->>> Region: Kyiv City
--->>> City: Kyiv
--->>> Post code: 01000
--->>> Location: 50.4501, 30.5234
--->>> Time zone: Europe/Kiev
--->>> Provider: Kyivstar UA
--->>> Organization: Kyivstar LLC
--->>> Operator: AS15895 "Kyivstar" PJSC
[11-Dec-2024 13:49:01 Europe/Helsinki] AUTH [INFO] User [Сміян Альона] entered system with flag REMEMBER.
---> User IP: 94.153.4.34
---> User agent: Mozilla/5.0 (Windows NT 10.0; Win64; x64) AppleWebKit/537.36 (KHTML, like Gecko) Chrome/131.0.0.0 Safari/537.36
---> Script filename: /home/R145j7/web/crm.aquaprylad.in.ua/public_html/authorization.php
---> Referer: https://crm.aquaprylad.in.ua/auth.php
---> Accept Language: ru-RU,ru;q=0.9,en-US;q=0.8,en;q=0.7,uk;q=0.6
---> Accept Encoding: gzip, deflate, br, zstd
---> Connection: close
---> HTTPS: ON
---> Server protocol: HTTP/1.0
---> Request method: POST
--->>> Country: Ukraine
--->>> Region: Kyiv City
--->>> City: Kyiv
--->>> Post code: 01000
--->>> Location: 50.4501, 30.5234
--->>> Time zone: Europe/Kiev
--->>> Provider: Kyivstar UA
--->>> Organization: Kyivstar LLC
--->>> Operator: AS15895 "Kyivstar" PJSC
[11-Dec-2024 13:53:26 Europe/Helsinki] AUTH [INFO] User [Сміян Альона] entered system with flag REMEMBER.
---> User IP: 94.153.4.34
---> User agent: Mozilla/5.0 (Windows NT 10.0; Win64; x64) AppleWebKit/537.36 (KHTML, like Gecko) Chrome/131.0.0.0 Safari/537.36
---> Script filename: /home/R145j7/web/crm.aquaprylad.in.ua/public_html/authorization.php
---> Referer: https://crm.aquaprylad.in.ua/auth.php
---> Accept Language: ru-RU,ru;q=0.9,en-US;q=0.8,en;q=0.7,uk;q=0.6
---> Accept Encoding: gzip, deflate, br, zstd
---> Connection: close
---> HTTPS: ON
---> Server protocol: HTTP/1.0
---> Request method: POST
--->>> Country: Ukraine
--->>> Region: Kyiv City
--->>> City: Kyiv
--->>> Post code: 01000
--->>> Location: 50.4501, 30.5234
--->>> Time zone: Europe/Kiev
--->>> Provider: Kyivstar UA
--->>> Organization: Kyivstar LLC
--->>> Operator: AS15895 "Kyivstar" PJSC
[11-Dec-2024 13:53:29 Europe/Helsinki] AUTH [INFO] User [Сміян Альона] entered system with flag REMEMBER.
---> User IP: 94.153.4.34
---> User agent: Mozilla/5.0 (Windows NT 10.0; Win64; x64) AppleWebKit/537.36 (KHTML, like Gecko) Chrome/131.0.0.0 Safari/537.36
---> Script filename: /home/R145j7/web/crm.aquaprylad.in.ua/public_html/authorization.php
---> Referer: https://crm.aquaprylad.in.ua/auth.php
---> Accept Language: ru-RU,ru;q=0.9,en-US;q=0.8,en;q=0.7,uk;q=0.6
---> Accept Encoding: gzip, deflate, br, zstd
---> Connection: close
---> HTTPS: ON
---> Server protocol: HTTP/1.0
---> Request method: POST
--->>> Country: Ukraine
--->>> Region: Kyiv City
--->>> City: Kyiv
--->>> Post code: 01000
--->>> Location: 50.4501, 30.5234
--->>> Time zone: Europe/Kiev
--->>> Provider: Kyivstar UA
--->>> Organization: Kyivstar LLC
--->>> Operator: AS15895 "Kyivstar" PJSC
[11-Dec-2024 13:53:29 Europe/Helsinki] AUTH [INFO] User [Сміян Альона] entered system with flag REMEMBER.
---> User IP: 94.153.4.34
---> User agent: Mozilla/5.0 (Windows NT 10.0; Win64; x64) AppleWebKit/537.36 (KHTML, like Gecko) Chrome/131.0.0.0 Safari/537.36
---> Script filename: /home/R145j7/web/crm.aquaprylad.in.ua/public_html/authorization.php
---> Referer: https://crm.aquaprylad.in.ua/auth.php
---> Accept Language: ru-RU,ru;q=0.9,en-US;q=0.8,en;q=0.7,uk;q=0.6
---> Accept Encoding: gzip, deflate, br, zstd
---> Connection: close
---> HTTPS: ON
---> Server protocol: HTTP/1.0
---> Request method: POST
--->>> Country: Ukraine
--->>> Region: Kyiv City
--->>> City: Kyiv
--->>> Post code: 01000
--->>> Location: 50.4501, 30.5234
--->>> Time zone: Europe/Kiev
--->>> Provider: Kyivstar UA
--->>> Organization: Kyivstar LLC
--->>> Operator: AS15895 "Kyivstar" PJSC
[11-Dec-2024 14:00:30 Europe/Helsinki] AUTH [INFO] User [Сміян Альона] entered system with flag REMEMBER.
---> User IP: 46.96.45.213
---> User agent: Mozilla/5.0 (Windows NT 10.0; Win64; x64) AppleWebKit/537.36 (KHTML, like Gecko) Chrome/131.0.0.0 Safari/537.36
---> Script filename: /home/R145j7/web/crm.aquaprylad.in.ua/public_html/authorization.php
---> Referer: https://crm.aquaprylad.in.ua/auth.php
---> Accept Language: ru-RU,ru;q=0.9,en-US;q=0.8,en;q=0.7,uk;q=0.6
---> Accept Encoding: gzip, deflate, br, zstd
---> Connection: close
---> HTTPS: ON
---> Server protocol: HTTP/1.0
---> Request method: POST
--->>> Country: Ukraine
--->>> Region: Kyiv City
--->>> City: Kyiv
--->>> Post code: 01010
--->>> Location: 50.4501, 30.5234
--->>> Time zone: Europe/Kiev
--->>> Provider: Lifecell UA
--->>> Organization: Turkcell LLC
--->>> Operator: AS34058 Limited Liability Company "lifecell"
[11-Dec-2024 14:02:59 Europe/Helsinki] AUTH [INFO] User [Сміян Альона] entered system with flag REMEMBER.
---> User IP: 46.96.45.213
---> User agent: Mozilla/5.0 (Windows NT 10.0; Win64; x64) AppleWebKit/537.36 (KHTML, like Gecko) Chrome/131.0.0.0 Safari/537.36
---> Script filename: /home/R145j7/web/crm.aquaprylad.in.ua/public_html/authorization.php
---> Referer: https://crm.aquaprylad.in.ua/auth.php
---> Accept Language: ru-RU,ru;q=0.9,en-US;q=0.8,en;q=0.7,uk;q=0.6
---> Accept Encoding: gzip, deflate, br, zstd
---> Connection: close
---> HTTPS: ON
---> Server protocol: HTTP/1.0
---> Request method: POST
--->>> Country: Ukraine
--->>> Region: Kyiv City
--->>> City: Kyiv
--->>> Post code: 01010
--->>> Location: 50.4501, 30.5234
--->>> Time zone: Europe/Kiev
--->>> Provider: Lifecell UA
--->>> Organization: Turkcell LLC
--->>> Operator: AS34058 Limited Liability Company "lifecell"
[11-Dec-2024 14:35:38 Europe/Helsinki] AUTH [INFO] User [Коваль Людмила] entered system with flag REMEMBER.
---> User IP: 46.96.5.89
---> User agent: Mozilla/5.0 (Windows NT 10.0; Win64; x64) AppleWebKit/537.36 (KHTML, like Gecko) Chrome/131.0.0.0 Safari/537.36
---> Script filename: /home/R145j7/web/crm.aquaprylad.in.ua/public_html/authorization.php
---> Referer: https://crm.aquaprylad.in.ua/auth.php
---> Accept Language: ru-RU,ru;q=0.9,en-US;q=0.8,en;q=0.7,uk;q=0.6
---> Accept Encoding: gzip, deflate, br
---> Connection: close
---> HTTPS: ON
---> Server protocol: HTTP/1.0
---> Request method: POST
--->>> Country: Ukraine
--->>> Region: Kyiv City
--->>> City: Kyiv
--->>> Post code: 01010
--->>> Location: 50.4501, 30.5234
--->>> Time zone: Europe/Kiev
--->>> Provider: Lifecell UA
--->>> Organization: Turkcell LLC
--->>> Operator: AS34058 Limited Liability Company "lifecell"
[11-Dec-2024 16:21:34 Europe/Helsinki] AUTH [INFO] User [Коваль Людмила] entered system with flag REMEMBER.
---> User IP: 88.155.33.198
---> User agent: Mozilla/5.0 (Windows NT 10.0; Win64; x64) AppleWebKit/537.36 (KHTML, like Gecko) Chrome/131.0.0.0 Safari/537.36
---> Script filename: /home/R145j7/web/crm.aquaprylad.in.ua/public_html/authorization.php
---> Referer: https://crm.aquaprylad.in.ua/auth.php
---> Accept Language: ru-RU,ru;q=0.9,en-US;q=0.8,en;q=0.7,uk;q=0.6
---> Accept Encoding: gzip, deflate, br
---> Connection: close
---> HTTPS: ON
---> Server protocol: HTTP/1.0
---> Request method: POST
--->>> Country: Ukraine
--->>> Region: Kyiv City
--->>> City: Kyiv
--->>> Post code: 01010
--->>> Location: 50.4501, 30.5234
--->>> Time zone: Europe/Kiev
--->>> Provider: Lifecell UA
--->>> Organization: Turkcell LLC
--->>> Operator: AS34058 Limited Liability Company "lifecell"

