[04-Nov-2024 09:25:51 Europe/Helsinki] LoadIN [ERROR] Невідомий тип лічильника у рядку 236 [GSD8] при завантаженні файлу з назвою [Реестр_28.10.2024-03.11.2024.xlsx] користувачем [Сміян Альона].
[04-Nov-2024 09:25:51 Europe/Helsinki] LoadIN [ERROR] Невідомий тип лічильника у рядку 238 [GSD8] при завантаженні файлу з назвою [Реестр_28.10.2024-03.11.2024.xlsx] користувачем [Сміян Альона].
[04-Nov-2024 09:25:51 Europe/Helsinki] LoadIN [INFO] Користувачем [Сміян Альона] завантажено інформацію про повірку лічильників з файлу [Реестр_28.10.2024-03.11.2024.xlsx]. Оброблено записів: 307. Оновлено записів: 278. Додано нових записів: 27.
[04-Nov-2024 09:26:01 Europe/Helsinki] LoadOUT [INFO] Користувачем [Сміян Альона] сформовано звіт з бази даних на 118 записів у файл [report КП "ВДК" 28.10.2024-31.10.2024 at 04.11.2024, 09:26:01.csv]
[04-Nov-2024 09:27:15 Europe/Helsinki] LoadIN [ERROR] Невідомий тип лічильника у рядку 12 [GSD8] при завантаженні файлу з назвою [Реестр_28.10.2024-03.11.2024 (1).xlsx] користувачем [Сміян Альона].
[04-Nov-2024 09:27:15 Europe/Helsinki] LoadIN [ERROR] Невідомий тип лічильника у рядку 13 [GSD8] при завантаженні файлу з назвою [Реестр_28.10.2024-03.11.2024 (1).xlsx] користувачем [Сміян Альона].
[04-Nov-2024 09:27:15 Europe/Helsinki] LoadIN [ERROR] Невідомий тип лічильника у рядку 15 [GSD8] при завантаженні файлу з назвою [Реестр_28.10.2024-03.11.2024 (1).xlsx] користувачем [Сміян Альона].
[04-Nov-2024 09:27:15 Europe/Helsinki] LoadIN [ERROR] Невідомий тип лічильника у рядку 17 [GSD8] при завантаженні файлу з назвою [Реестр_28.10.2024-03.11.2024 (1).xlsx] користувачем [Сміян Альона].
[04-Nov-2024 09:27:15 Europe/Helsinki] LoadIN [ERROR] Невідомий тип лічильника у рядку 47 [GSD8] при завантаженні файлу з назвою [Реестр_28.10.2024-03.11.2024 (1).xlsx] користувачем [Сміян Альона].
[04-Nov-2024 09:27:15 Europe/Helsinki] LoadIN [ERROR] Невідомий тип лічильника у рядку 70 [GSD8] при завантаженні файлу з назвою [Реестр_28.10.2024-03.11.2024 (1).xlsx] користувачем [Сміян Альона].
[04-Nov-2024 09:27:15 Europe/Helsinki] LoadIN [ERROR] Невідомий тип лічильника у рядку 71 [GSD8] при завантаженні файлу з назвою [Реестр_28.10.2024-03.11.2024 (1).xlsx] користувачем [Сміян Альона].
[04-Nov-2024 09:27:15 Europe/Helsinki] LoadIN [ERROR] Невідомий тип лічильника у рядку 298 [GSD8] при завантаженні файлу з назвою [Реестр_28.10.2024-03.11.2024 (1).xlsx] користувачем [Сміян Альона].
[04-Nov-2024 09:27:15 Europe/Helsinki] LoadIN [ERROR] Невідомий тип лічильника у рядку 300 [GSD8] при завантаженні файлу з назвою [Реестр_28.10.2024-03.11.2024 (1).xlsx] користувачем [Сміян Альона].
[04-Nov-2024 09:27:15 Europe/Helsinki] LoadIN [INFO] Користувачем [Сміян Альона] завантажено інформацію про повірку лічильників з файлу [Реестр_28.10.2024-03.11.2024 (1).xlsx]. Оброблено записів: 369. Оновлено записів: 358. Додано нових записів: 2.
[04-Nov-2024 09:27:26 Europe/Helsinki] LoadOUT [INFO] Користувачем [Сміян Альона] сформовано звіт з бази даних на 118 записів у файл [report КП "ВДК" 28.10.2024-31.10.2024 at 04.11.2024, 09:27:26.csv]
[04-Nov-2024 10:49:24 Europe/Helsinki] ROUTE [INFO] Користувачем [Коваль Людмила] завантажено Excel файл [Маршрут на 04.11.2024 АС-П 389.xlsx]
[04-Nov-2024 15:52:54 Europe/Helsinki] ROUTE [INFO] Користувачем [Коваль Людмила] завантажено Excel файл [Маршрут на 05.11.2024 АС-П 427.xlsx]
[04-Nov-2024 15:52:59 Europe/Helsinki] ROUTE [INFO] Користувачем [Коваль Людмила] завантажено Excel файл [Маршрут на 05.11.2024 АС-П 444.xlsx]
[04-Nov-2024 16:00:41 Europe/Helsinki] ROUTE [INFO] Користувачем [Сусло Тетяна] завантажено Excel файл [Маршрут на 05.11.2024 АС-П 428.xlsx]
[04-Nov-2024 16:00:46 Europe/Helsinki] ROUTE [INFO] Користувачем [Сусло Тетяна] завантажено Excel файл [Маршрут на 05.11.2024 АС-П 390.xlsx]
[04-Nov-2024 16:18:33 Europe/Helsinki] ROUTE [INFO] Користувачем [Сміян Альона] завантажено Excel файл [Маршрут на 05.11.2024 заміна.xlsx]

