[29-Nov-2024 22:19:20 Europe/Kiev] MAIN [WARN] Unauthorized access attempt without a token provided (missing cookie).
---> User IP: 106.75.153.133
---> User agent: Mozilla/5.0 (Windows NT 6.1) AppleWebKit/537.36 (KHTML, like Gecko) Chrome/49.0.2623.112 Safari/537.36
---> Script filename: /home/R145j7/web/crm.aquaprylad.in.ua/public_html/index.php
---> Referer: https://perabotidaman.com
---> Accept Language: zh-CN,zh;q=0.8
---> Accept Encoding: UNDERFINED
---> Connection: close
---> HTTPS: OFF
---> Server protocol: HTTP/1.0
---> Request method: GET
--->>> Country: China
--->>> Region: Shanghai
--->>> City: Yangpu
--->>> Post code: 
--->>> Location: 31.2999, 121.508
--->>> Time zone: Asia/Shanghai
--->>> Provider: UCLOUD
--->>> Organization: Shanghai UCloud Information Technology Company Limited
--->>> Operator: AS58466 CHINANET Guangdong province network
[29-Nov-2024 22:19:32 Europe/Kiev] MAIN [WARN] Unauthorized access attempt without a token provided (missing cookie).
---> User IP: 106.75.175.130
---> User agent: Mozilla/5.0 (Windows NT 6.1) AppleWebKit/537.36 (KHTML, like Gecko) Chrome/49.0.2623.112 Safari/537.36
---> Script filename: /home/R145j7/web/crm.aquaprylad.in.ua/public_html/index.php
---> Referer: https://lacabocheduzebre.com
---> Accept Language: zh-CN,zh;q=0.8
---> Accept Encoding: UNDERFINED
---> Connection: close
---> HTTPS: ON
---> Server protocol: HTTP/1.0
---> Request method: GET
--->>> Country: China
--->>> Region: Shanghai
--->>> City: Yangpu
--->>> Post code: 
--->>> Location: 31.2999, 121.508
--->>> Time zone: Asia/Shanghai
--->>> Provider: UCLOUD
--->>> Organization: Shanghai UCloud Information Technology Company Limited
--->>> Operator: AS58466 CHINANET Guangdong province network

