[23-Mar-2025 04:02:52 Europe/Kiev] MAIN [WARN] Unauthorized access attempt without a token provided (missing cookie).
---> User IP: 165.232.185.199
---> User agent: Mozilla/5.0 (Windows NT 10.0; Win64; x64) AppleWebKit/537.36 (KHTML, like Gecko) Chrome/99.0.4859.172 Safari/537.36
---> Script filename: /home/R145j7/web/crm.aquaprylad.in.ua/public_html/index.php
---> Referer: UNDERFINED
---> Accept Language: UNDERFINED
---> Accept Encoding: UNDERFINED
---> Connection: close
---> HTTPS: OFF
---> Server protocol: HTTP/1.0
---> Request method: GET
--->>> Country: India
--->>> Region: Karnataka
--->>> City: Bengaluru
--->>> Post code: 560100
--->>> Location: 12.9753, 77.591
--->>> Time zone: Asia/Kolkata
--->>> Provider: DigitalOcean, LLC
--->>> Organization: DigitalOcean, LLC
--->>> Operator: AS14061 DigitalOcean, LLC

