[05-Jun-2025 10:13:50 Europe/Kiev] MAIN [WARN] Unauthorized access attempt without a token provided (missing cookie).
---> User IP: 137.220.202.146
---> User agent: Mozilla/5.0 (Windows NT 10.0; Win64; x64) AppleWebKit/537.36 (KHTML, like Gecko) Chrome/91.0.4472.124 Safari/537.36
---> Script filename: /home/R145j7/web/crm.aquaprylad.in.ua/public_html/index.php
---> Referer: UNDERFINED
---> Accept Language: UNDERFINED
---> Accept Encoding: gzip, deflate, zstd
---> Connection: close
---> HTTPS: ON
---> Server protocol: HTTP/1.0
---> Request method: GET
--->>> Country: Japan
--->>> Region: Tokyo
--->>> City: Tokyo
--->>> Post code: 102-0082
--->>> Location: 35.6893, 139.6899
--->>> Time zone: Asia/Tokyo
--->>> Provider: CTG Server Ltd.
--->>> Organization: Rackip Consultancy Pte. LTD
--->>> Operator: AS152194 CTG Server Limited

