[30-Jan-2025 08:35:13 Europe/Kiev] ROUTE [WARN] Unauthorized access attempt without a token provided (missing cookie).
---> User IP: 195.60.174.62
---> User agent: Mozilla/5.0 (Windows NT 10.0; Win64; x64) AppleWebKit/537.36 (KHTML, like Gecko) Chrome/132.0.0.0 Safari/537.36
---> Script filename: /home/R145j7/web/crm.aquaprylad.in.ua/public_html/route.php
---> Referer: https://crm.aquaprylad.in.ua/meters.php?token=28dcd033bc497c5653f48f1d51902560
---> Accept Language: ru-RU,ru;q=0.9,en-US;q=0.8,en;q=0.7,uk;q=0.6
---> Accept Encoding: gzip, deflate, br, zstd
---> Connection: close
---> HTTPS: ON
---> Server protocol: HTTP/1.0
---> Request method: GET
--->>> Country: Ukraine
--->>> Region: Chernihiv
--->>> City: Chernihiv
--->>> Post code: 14000
--->>> Location: 51.5055, 31.2933
--->>> Time zone: Europe/Kyiv
--->>> Provider: Osnova-Internet LLC
--->>> Organization: Osnova-Internet LLC
--->>> Operator: AS34814 Osnova-Internet LLC
[30-Jan-2025 10:11:24 Europe/Kiev] MAIN [WARN] Unauthorized access attempt without a token provided (missing cookie).
---> User IP: 52.91.0.199
---> User agent: curl/8.1.2
---> Script filename: /home/R145j7/web/crm.aquaprylad.in.ua/public_html/index.php
---> Referer: UNDERFINED
---> Accept Language: UNDERFINED
---> Accept Encoding: UNDERFINED
---> Connection: close
---> HTTPS: OFF
---> Server protocol: HTTP/1.0
---> Request method: GET
--->>> Country: United States
--->>> Region: Virginia
--->>> City: Ashburn
--->>> Post code: 20149
--->>> Location: 39.0438, -77.4874
--->>> Time zone: America/New_York
--->>> Provider: Amazon.com, Inc.
--->>> Organization: AWS EC2 (us-east-1)
--->>> Operator: AS14618 Amazon.com, Inc.

