[26-Dec-2024 13:33:14 Europe/Kiev] MAIN [WARN] Unauthorized access attempt without a token provided (missing cookie).
---> User IP: 212.180.203.4
---> User agent: Mozilla/5.0 (Macintosh; Intel Mac OS X 10_15_7) AppleWebKit/537.36 (KHTML, like Gecko) Chrome/131.0.0.0 Safari/537.36
---> Script filename: /home/R145j7/web/crm.aquaprylad.in.ua/public_html/index.php
---> Referer: UNDERFINED
---> Accept Language: ru-RU,ru;q=0.9,en-US;q=0.8,en;q=0.7,uk;q=0.6,pl;q=0.5
---> Accept Encoding: gzip, deflate, br, zstd
---> Connection: close
---> HTTPS: ON
---> Server protocol: HTTP/1.0
---> Request method: GET
--->>> Country: Poland
--->>> Region: Mazovia
--->>> City: Warsaw
--->>> Post code: 03-821
--->>> Location: 52.2509, 21.0709
--->>> Time zone: Europe/Warsaw
--->>> Provider: SUPERMEDIA Sp.z.o.o.
--->>> Organization: SUPERMEDIA Sp. z o.o.
--->>> Operator: AS9085 SUPERMEDIA Sp.z.o.o.
[26-Dec-2024 14:58:17 Europe/Kiev] MAIN [WARN] Unauthorized access attempt without a token provided (missing cookie).
---> User IP: 185.247.137.58
---> User agent: Mozilla/5.0 (compatible; InternetMeasurement/1.0; +https://internet-measurement.com/)
---> Script filename: /home/R145j7/web/crm.aquaprylad.in.ua/public_html/index.php
---> Referer: UNDERFINED
---> Accept Language: UNDERFINED
---> Accept Encoding: gzip
---> Connection: close
---> HTTPS: OFF
---> Server protocol: HTTP/1.0
---> Request method: GET
--->>> Country: Türkiye
--->>> Region: Bursa Province
--->>> City: Bursa
--->>> Post code: 16000
--->>> Location: 40.1925, 29.0587
--->>> Time zone: Europe/Istanbul
--->>> Provider: Driftnet Ltd
--->>> Organization: Constantine Cybersecurity LTD
--->>> Operator: AS211298 Driftnet Ltd
[26-Dec-2024 18:33:12 Europe/Kiev] MAIN [WARN] Unauthorized access attempt without a token provided (missing cookie).
---> User IP: 212.180.203.4
---> User agent: Mozilla/5.0 (Macintosh; Intel Mac OS X 10_15_7) AppleWebKit/537.36 (KHTML, like Gecko) Chrome/131.0.0.0 Safari/537.36
---> Script filename: /home/R145j7/web/crm.aquaprylad.in.ua/public_html/index.php
---> Referer: UNDERFINED
---> Accept Language: ru-RU,ru;q=0.9,en-US;q=0.8,en;q=0.7,uk;q=0.6,pl;q=0.5
---> Accept Encoding: gzip, deflate, br, zstd
---> Connection: close
---> HTTPS: ON
---> Server protocol: HTTP/1.0
---> Request method: GET
--->>> Country: Poland
--->>> Region: Mazovia
--->>> City: Warsaw
--->>> Post code: 03-821
--->>> Location: 52.2509, 21.0709
--->>> Time zone: Europe/Warsaw
--->>> Provider: SUPERMEDIA Sp.z.o.o.
--->>> Organization: SUPERMEDIA Sp. z o.o.
--->>> Operator: AS9085 SUPERMEDIA Sp.z.o.o.

