[15-Apr-2025 12:49:50 Europe/Kiev] MAIN [WARN] Unauthorized access attempt without a token provided (missing cookie).
---> User IP: 101.199.254.200
---> User agent: Mozilla/5.0 (Macintosh; Intel Mac OS X 10_15_7) AppleWebKit/537.36 (KHTML, like Gecko) Chrome/120.0.0.0 Safari/537.36 Edg/120.0.0.0
---> Script filename: /home/R145j7/web/crm.aquaprylad.in.ua/public_html/index.php
---> Referer: UNDERFINED
---> Accept Language: zh-CN,zh;q=0.9,en;q=0.8,en-GB;q=0.7,en-US;q=0.6
---> Accept Encoding: UNDERFINED
---> Connection: close
---> HTTPS: OFF
---> Server protocol: HTTP/1.0
---> Request method: GET
--->>> Country: China
--->>> Region: Beijing
--->>> City: Jinrongjie
--->>> Post code: 
--->>> Location: 39.9319, 116.345
--->>> Time zone: Asia/Shanghai
--->>> Provider: China Unicom Beijing Province Network
--->>> Organization: Beijing Qihu Technology Company Limited
--->>> Operator: AS4808 China Unicom Beijing Province Network
