[10-Aug-2025 00:11:56 Europe/Kiev] MAIN [WARN] Unauthorized access attempt without a token provided (missing cookie).
---> User IP: 54.229.27.161
---> User agent: Mozilla/5.0 (compatible; NetcraftSurveyAgent/1.0; +info@netcraft.com)
---> Script filename: /home/R145j7/web/crm.aquaprylad.in.ua/public_html/index.php
---> Referer: UNDERFINED
---> Accept Language: UNDERFINED
---> Accept Encoding: UNDERFINED
---> Connection: close
---> HTTPS: ON
---> Server protocol: HTTP/1.0
---> Request method: GET
--->>> Country: Ireland
--->>> Region: Leinster
--->>> City: Dublin
--->>> Post code: D02
--->>> Location: 53.3498, -6.26031
--->>> Time zone: Europe/Dublin
--->>> Provider: Amazon.com, Inc.
--->>> Organization: AWS EC2 (eu-west-1)
--->>> Operator: AS16509 Amazon.com, Inc.

