[28-May-2025 10:49:58 Europe/Kiev] MAIN [WARN] Unauthorized access attempt without a token provided (missing cookie).
---> User IP: 64.227.15.40
---> User agent: Mozilla/5.0 (X11; Linux x86_64) AppleWebKit/537.36 (KHTML, like Gecko) Chrome/135.0.0.0 Safari/537.36
---> Script filename: /home/R145j7/web/crm.aquaprylad.in.ua/public_html/index.php
---> Referer: UNDERFINED
---> Accept Language: en-US,en;q=0.5
---> Accept Encoding: gzip, deflate
---> Connection: close
---> HTTPS: ON
---> Server protocol: HTTP/1.0
---> Request method: GET
--->>> Country: United States
--->>> Region: New Jersey
--->>> City: North Bergen
--->>> Post code: 07047
--->>> Location: 40.7964, -74.0203
--->>> Time zone: America/New_York
--->>> Provider: DigitalOcean, LLC
--->>> Organization: DigitalOcean, LLC
--->>> Operator: AS14061 DigitalOcean, LLC
