[01-Jun-2025 10:49:37 Europe/Kiev] MAIN [WARN] Unauthorized access attempt without a token provided (missing cookie).
---> User IP: 157.230.56.147
---> User agent: Mozilla/5.0 (X11; Linux x86_64) AppleWebKit/537.36 (KHTML, like Gecko) Chrome/135.0.0.0 Safari/537.36
---> Script filename: /home/R145j7/web/crm.aquaprylad.in.ua/public_html/index.php
---> Referer: UNDERFINED
---> Accept Language: en-US,en;q=0.5
---> Accept Encoding: gzip, deflate
---> Connection: close
---> HTTPS: ON
---> Server protocol: HTTP/1.0
---> Request method: GET
--->>> Country: United States
--->>> Region: New Jersey
--->>> City: North Bergen
--->>> Post code: 07047
--->>> Location: 40.7964, -74.0203
--->>> Time zone: America/New_York
--->>> Provider: DigitalOcean, LLC
--->>> Organization: DigitalOcean, LLC
--->>> Operator: AS14061 DigitalOcean, LLC
[01-Jun-2025 11:12:16 Europe/Kiev] MAIN [WARN] Unauthorized access attempt without a token provided (missing cookie).
---> User IP: 124.198.131.114
---> User agent: Mozilla/5.0 (Windows NT 10.0; Win64; x64) AppleWebKit/537.36 (KHTML, like Gecko) Chrome/91.0.4472.124 Safari/537.36
---> Script filename: /home/R145j7/web/crm.aquaprylad.in.ua/public_html/index.php
---> Referer: UNDERFINED
---> Accept Language: UNDERFINED
---> Accept Encoding: gzip, deflate, zstd
---> Connection: close
---> HTTPS: ON
---> Server protocol: HTTP/1.0
---> Request method: GET
--->>> Country: United States
--->>> Region: New York
--->>> City: New York
--->>> Post code: 10118
--->>> Location: 40.7126, -74.0066
--->>> Time zone: America/New_York
--->>> Provider: 1337 Services GmbH
--->>> Organization: 1337 Services GmbH
--->>> Operator: AS210558 1337 Services GmbH
[01-Jun-2025 13:26:54 Europe/Kiev] MAIN [WARN] Unauthorized access attempt without a token provided (missing cookie).
---> User IP: 54.74.12.188
---> User agent: Mozilla/5.0 (compatible; NetcraftSurveyAgent/1.0; +info@netcraft.com)
---> Script filename: /home/R145j7/web/crm.aquaprylad.in.ua/public_html/index.php
---> Referer: UNDERFINED
---> Accept Language: en-gb,en;q=0.5
---> Accept Encoding: identity
---> Connection: close
---> HTTPS: ON
---> Server protocol: HTTP/1.0
---> Request method: GET
--->>> Country: Ireland
--->>> Region: Leinster
--->>> City: Dublin
--->>> Post code: D02
--->>> Location: 53.3498, -6.26031
--->>> Time zone: Europe/Dublin
--->>> Provider: Amazon.com, Inc.
--->>> Organization: AWS EC2 (eu-west-1)
--->>> Operator: AS16509 Amazon.com, Inc.
[01-Jun-2025 19:44:46 Europe/Kiev] MAIN [WARN] Unauthorized access attempt without a token provided (missing cookie).
---> User IP: 104.152.52.106
---> User agent: curl/7.61.1
---> Script filename: /home/R145j7/web/crm.aquaprylad.in.ua/public_html/index.php
---> Referer: UNDERFINED
---> Accept Language: UNDERFINED
---> Accept Encoding: UNDERFINED
---> Connection: close
---> HTTPS: ON
---> Server protocol: HTTP/1.0
---> Request method: GET
--->>> Country: United States
--->>> Region: Illinois
--->>> City: Chicago
--->>> Post code: 60611
--->>> Location: 41.8911, -87.6246
--->>> Time zone: America/Chicago
--->>> Provider: Rethem Hosting LLC
--->>> Organization: Rethem Hosting LLC
--->>> Operator: AS14987 Rethem Hosting LLC
