[08-Mar-2025 04:46:07 Europe/Kiev] MAIN [WARN] Unauthorized access attempt without a token provided (missing cookie).
---> User IP: 101.68.47.69
---> User agent: Mozilla/5.0 (iPad; CPU OS 9_1 like Mac OS X) AppleWebKit/601.1.46 (KHTML, like Gecko) Version/9.0 Mobile/13B143 Safari/601.1
---> Script filename: /home/R145j7/web/crm.aquaprylad.in.ua/public_html/index.php
---> Referer: UNDERFINED
---> Accept Language: UNDERFINED
---> Accept Encoding: gzip, deflate
---> Connection: close
---> HTTPS: ON
---> Server protocol: HTTP/1.0
---> Request method: GET
--->>> Country: China
--->>> Region: Zhejiang
--->>> City: Hangzhou
--->>> Post code: 
--->>> Location: 30.2943, 120.1663
--->>> Time zone: Asia/Shanghai
--->>> Provider: China Unicom Zhejiang Province Network
--->>> Organization: 
--->>> Operator: AS4837 CHINA UNICOM China169 Backbone

