[29-Oct-2024 13:36:41 Europe/Kiev] METERS [WARN] Unauthorized access attempt without a token provided (missing cookie).
---> User IP: 194.9.14.203
---> User agent: Mozilla/5.0 (Macintosh; Intel Mac OS X 10_15_7) AppleWebKit/537.36 (KHTML, like Gecko) Chrome/130.0.0.0 Safari/537.36
---> Script filename: /home/R145j7/web/crm.aquaprylad.in.ua/public_html/meters.php
---> Referer: UNDERFINED
---> Accept Language: ru-RU,ru;q=0.9,en-US;q=0.8,en;q=0.7,uk;q=0.6
---> Accept Encoding: gzip, deflate, br, zstd
---> Connection: close
---> HTTPS: ON
---> Server protocol: HTTP/1.0
---> Request method: GET
--->>> Country: Ukraine
--->>> Region: Chernihiv
--->>> City: Chernihiv
--->>> Post code: 14000
--->>> Location: 51.5055, 31.2933
--->>> Time zone: Europe/Kyiv
--->>> Provider: NEOCOM Ltd.
--->>> Organization: NEOCOM Ltd
--->>> Operator: AS41360 NEOCOM Ltd.
[29-Oct-2024 13:37:42 Europe/Kiev] METERS [WARN] Unauthorized access attempt without a token provided (missing cookie).
---> User IP: 194.9.14.203
---> User agent: Mozilla/5.0 (Macintosh; Intel Mac OS X 10_15_7) AppleWebKit/537.36 (KHTML, like Gecko) Chrome/130.0.0.0 Safari/537.36
---> Script filename: /home/R145j7/web/crm.aquaprylad.in.ua/public_html/meters.php
---> Referer: UNDERFINED
---> Accept Language: ru-RU,ru;q=0.9,en-US;q=0.8,en;q=0.7,uk;q=0.6
---> Accept Encoding: gzip, deflate, br, zstd
---> Connection: close
---> HTTPS: ON
---> Server protocol: HTTP/1.0
---> Request method: GET
--->>> Country: Ukraine
--->>> Region: Chernihiv
--->>> City: Chernihiv
--->>> Post code: 14000
--->>> Location: 51.5055, 31.2933
--->>> Time zone: Europe/Kyiv
--->>> Provider: NEOCOM Ltd.
--->>> Organization: NEOCOM Ltd
--->>> Operator: AS41360 NEOCOM Ltd.
[29-Oct-2024 13:58:33 Europe/Kiev] ROUTE [WARN] Unauthorized access attempt without a token provided (missing cookie).
---> User IP: 195.60.174.62
---> User agent: Mozilla/5.0 (Windows NT 10.0; Win64; x64) AppleWebKit/537.36 (KHTML, like Gecko) Chrome/130.0.0.0 Safari/537.36
---> Script filename: /home/R145j7/web/crm.aquaprylad.in.ua/public_html/route.php
---> Referer: https://crm.aquaprylad.in.ua/meters.php?token=28dcd033bc497c5653f48f1d51902560
---> Accept Language: ru-RU,ru;q=0.9,en-US;q=0.8,en;q=0.7,uk;q=0.6
---> Accept Encoding: gzip, deflate, br
---> Connection: close
---> HTTPS: ON
---> Server protocol: HTTP/1.0
---> Request method: GET
--->>> Country: Ukraine
--->>> Region: Chernihiv
--->>> City: Chernihiv
--->>> Post code: 14000
--->>> Location: 51.5055, 31.2933
--->>> Time zone: Europe/Kyiv
--->>> Provider: Osnova-Internet LLC
--->>> Organization: Osnova-Internet LLC
--->>> Operator: AS34814 Osnova-Internet LLC
[29-Oct-2024 18:53:56 Europe/Kiev] MAIN [WARN] Unauthorized access attempt without a token provided (missing cookie).
---> User IP: 54.78.41.89
---> User agent: Mozilla/4.0 (compatible; Netcraft Web Server Survey)
---> Script filename: /home/R145j7/web/crm.aquaprylad.in.ua/public_html/index.php
---> Referer: https://www.netcraft.com/survey/
---> Accept Language: UNDERFINED
---> Accept Encoding: UNDERFINED
---> Connection: close
---> HTTPS: OFF
---> Server protocol: HTTP/1.0
---> Request method: HEAD
--->>> Country: Ireland
--->>> Region: Leinster
--->>> City: Dublin
--->>> Post code: D02
--->>> Location: 53.3498, -6.26031
--->>> Time zone: Europe/Dublin
--->>> Provider: Amazon Technologies Inc.
--->>> Organization: AWS EC2 (eu-west-1)
--->>> Operator: AS16509 Amazon.com, Inc.

