[12-Sep-2024 23:39:26 Europe/Kiev] MAIN [WARN] Unauthorized access attempt without a token provided (missing cookie).
---> User IP: 205.210.31.198
---> User agent: Expanse, a Palo Alto Networks company, searches across the global IPv4 space multiple times per day to identify customers&#39; presences on the Internet. If you would like to be excluded from our scans, please send IP addresses/domains to: scaninfo@paloaltonetworks.com
---> Script filename: /home/R145j7/web/crm.aquaprylad.in.ua/public_html/index.php
---> Referer: UNDERFINED
---> Accept Language: UNDERFINED
---> Accept Encoding: UNDERFINED
---> Connection: close
---> HTTPS: OFF
---> Server protocol: HTTP/1.0
---> Request method: GET
--->>> Country: United States
--->>> Region: California
--->>> City: Santa Clara
--->>> Post code: 95054
--->>> Location: 37.3835, -121.983
--->>> Time zone: America/Los_Angeles
--->>> Provider: Google LLC
--->>> Organization: Palo Alto Networks, Inc
--->>> Operator: AS396982 Google LLC
