[15-Jun-2025 20:27:42 Europe/Kiev] MAIN [WARN] Unauthorized access attempt without a token provided (missing cookie).
---> User IP: 13.37.46.30
---> User agent: Mozilla/5.0 (Linux; Android 7.0; SM-G892A Build/NRD90M; wv) AppleWebKit/537.36 (KHTML, like Gecko) Version/4.0 Chrome/60.0.3112.107 Mobile Safari/537.36
---> Script filename: /home/R145j7/web/crm.aquaprylad.in.ua/public_html/index.php
---> Referer: www.google.com
---> Accept Language: en-US,en;q=0.9,fr;q=0.8
---> Accept Encoding: gzip, deflate
---> Connection: close
---> HTTPS: ON
---> Server protocol: HTTP/1.0
---> Request method: GET
--->>> Country: France
--->>> Region: Île-de-France
--->>> City: Paris
--->>> Post code: 75000
--->>> Location: 48.8566, 2.35222
--->>> Time zone: Europe/Paris
--->>> Provider: Amazon Technologies Inc.
--->>> Organization: AWS EC2 (eu-west-3)
--->>> Operator: AS16509 Amazon.com, Inc.

