[07-Apr-2025 17:27:30 Europe/Kiev] MAIN [WARN] Unauthorized access attempt without a token provided (missing cookie).
---> User IP: 52.213.40.167
---> User agent: Mozilla/5.0 (compatible; NetcraftSurveyAgent/1.0; +info@netcraft.com)
---> Script filename: /home/R145j7/web/crm.aquaprylad.in.ua/public_html/index.php
---> Referer: UNDERFINED
---> Accept Language: UNDERFINED
---> Accept Encoding: UNDERFINED
---> Connection: close
---> HTTPS: ON
---> Server protocol: HTTP/1.0
---> Request method: GET
--->>> Country: Ireland
--->>> Region: Leinster
--->>> City: Dublin
--->>> Post code: D02
--->>> Location: 53.3498, -6.26031
--->>> Time zone: Europe/Dublin
--->>> Provider: Amazon.com, Inc.
--->>> Organization: AWS EC2 (eu-west-1)
--->>> Operator: AS16509 Amazon.com, Inc.
[07-Apr-2025 18:39:08 Europe/Kiev] MAIN [WARN] Unauthorized access attempt without a token provided (missing cookie).
---> User IP: 101.198.0.187
---> User agent: Mozilla/5.0 (Macintosh; Intel Mac OS X 10_15_7) AppleWebKit/537.36 (KHTML, like Gecko) Chrome/120.0.0.0 Safari/537.36 Edg/120.0.0.0
---> Script filename: /home/R145j7/web/crm.aquaprylad.in.ua/public_html/index.php
---> Referer: UNDERFINED
---> Accept Language: zh-CN,zh;q=0.9,en;q=0.8,en-GB;q=0.7,en-US;q=0.6
---> Accept Encoding: UNDERFINED
---> Connection: close
---> HTTPS: ON
---> Server protocol: HTTP/1.0
---> Request method: GET
--->>> Country: China
--->>> Region: Beijing
--->>> City: Jinrongjie
--->>> Post code: 
--->>> Location: 39.9319, 116.345
--->>> Time zone: Asia/Shanghai
--->>> Provider: Beijing Qihu Technology Company Limited
--->>> Organization: Beijing Qihu Technology Company Limited
--->>> Operator: AS23724 IDC, China Telecommunications Corporation
[07-Apr-2025 18:39:25 Europe/Kiev] MAIN [WARN] Unauthorized access attempt without a token provided (missing cookie).
---> User IP: 101.198.0.151
---> User agent: Mozilla/5.0 (Macintosh; Intel Mac OS X 10_15_7) AppleWebKit/537.36 (KHTML, like Gecko) Chrome/120.0.0.0 Safari/537.36 Edg/120.0.0.0
---> Script filename: /home/R145j7/web/crm.aquaprylad.in.ua/public_html/index.php
---> Referer: UNDERFINED
---> Accept Language: zh-CN,zh;q=0.9,en;q=0.8,en-GB;q=0.7,en-US;q=0.6
---> Accept Encoding: UNDERFINED
---> Connection: close
---> HTTPS: OFF
---> Server protocol: HTTP/1.0
---> Request method: GET
--->>> Country: China
--->>> Region: Beijing
--->>> City: Jinrongjie
--->>> Post code: 
--->>> Location: 39.9319, 116.345
--->>> Time zone: Asia/Shanghai
--->>> Provider: Beijing Qihu Technology Company Limited
--->>> Organization: Beijing Qihu Technology Company Limited
--->>> Operator: AS23724 IDC, China Telecommunications Corporation
[07-Apr-2025 22:47:26 Europe/Kiev] MAIN [WARN] Unauthorized access attempt without a token provided (missing cookie).
---> User IP: 185.247.137.221
---> User agent: Mozilla/5.0 (compatible; InternetMeasurement/1.0; +https://internet-measurement.com/)
---> Script filename: /home/R145j7/web/crm.aquaprylad.in.ua/public_html/index.php
---> Referer: UNDERFINED
---> Accept Language: UNDERFINED
---> Accept Encoding: gzip
---> Connection: close
---> HTTPS: ON
---> Server protocol: HTTP/1.0
---> Request method: GET
--->>> Country: Türkiye
--->>> Region: Bursa Province
--->>> City: Bursa
--->>> Post code: 16000
--->>> Location: 40.1925, 29.0587
--->>> Time zone: Europe/Istanbul
--->>> Provider: Driftnet Ltd
--->>> Organization: Constantine Cybersecurity LTD
--->>> Operator: AS211298 Driftnet Ltd

