[15-Sep-2024 07:15:47 Europe/Kiev] MAIN [WARN] Unauthorized access attempt without a token provided (missing cookie).
---> User IP: 67.207.81.126
---> User agent: Mozilla/5.0 (Windows NT 10.0; Win64; x64) AppleWebKit/537.36 (KHTML, like Gecko) Chrome/126.0.0.0 Safari/537.36
---> Script filename: /home/R145j7/web/crm.aquaprylad.in.ua/public_html/index.php
---> Referer: UNDERFINED
---> Accept Language: en-US,en;q=0.9
---> Accept Encoding: gzip, deflate
---> Connection: close
---> HTTPS: OFF
---> Server protocol: HTTP/1.0
---> Request method: GET
--->>> Country: United States
--->>> Region: New Jersey
--->>> City: North Bergen
--->>> Post code: 07047
--->>> Location: 40.793, -74.0247
--->>> Time zone: America/New_York
--->>> Provider: DigitalOcean, LLC
--->>> Organization: Digital Ocean
--->>> Operator: AS14061 DigitalOcean, LLC
