[20-Mar-2025 00:53:35 Europe/Kiev] MAIN [WARN] Unauthorized access attempt without a token provided (missing cookie).
---> User IP: 180.163.220.45
---> User agent: Mozilla/5.0 (Macintosh; Intel Mac OS X 10_15_7) AppleWebKit/537.36 (KHTML, like Gecko) Chrome/120.0.0.0 Safari/537.36 Edg/120.0.0.0
---> Script filename: /home/R145j7/web/crm.aquaprylad.in.ua/public_html/index.php
---> Referer: UNDERFINED
---> Accept Language: zh-CN,zh;q=0.9,en;q=0.8,en-GB;q=0.7,en-US;q=0.6
---> Accept Encoding: UNDERFINED
---> Connection: close
---> HTTPS: ON
---> Server protocol: HTTP/1.0
---> Request method: GET
--->>> Country: China
--->>> Region: Shanghai
--->>> City: Shanghai
--->>> Post code: 200000
--->>> Location: 31.2304, 121.474
--->>> Time zone: Asia/Shanghai
--->>> Provider: China Telecom (Group)
--->>> Organization: Chinanet SH
--->>> Operator: AS4812 China Telecom (Group)
[20-Mar-2025 10:31:18 Europe/Kiev] MAIN [WARN] Unauthorized access attempt without a token provided (missing cookie).
---> User IP: 42.63.231.18
---> User agent: Mozilla/5.0 (Windows NT 6.1) AppleWebKit/537.36 (KHTML, like Gecko) Chrome/49.0.2623.112 Safari/537.36
---> Script filename: /home/R145j7/web/crm.aquaprylad.in.ua/public_html/index.php
---> Referer: UNDERFINED
---> Accept Language: UNDERFINED
---> Accept Encoding: UNDERFINED
---> Connection: close
---> HTTPS: OFF
---> Server protocol: HTTP/1.0
---> Request method: GET
--->>> Country: China
--->>> Region: Ningxia
--->>> City: Yinchuan
--->>> Post code: 750000
--->>> Location: 38.4872, 106.231
--->>> Time zone: Asia/Shanghai
--->>> Provider: China Unicom Ningxia Province Network
--->>> Organization: 
--->>> Operator: AS4837 CHINA UNICOM China169 Backbone
[20-Mar-2025 10:47:58 Europe/Kiev] MAIN [WARN] Unauthorized access attempt without a token provided (missing cookie).
---> User IP: 42.63.23.210
---> User agent: UNDERFINED
---> Script filename: /home/R145j7/web/crm.aquaprylad.in.ua/public_html/index.php
---> Referer: UNDERFINED
---> Accept Language: UNDERFINED
---> Accept Encoding: UNDERFINED
---> Connection: close
---> HTTPS: OFF
---> Server protocol: HTTP/1.0
---> Request method: HEAD
--->>> Country: China
--->>> Region: Ningxia
--->>> City: Yinchuan
--->>> Post code: 750000
--->>> Location: 38.4872, 106.231
--->>> Time zone: Asia/Shanghai
--->>> Provider: China Unicom Ningxia Province Network
--->>> Organization: 
--->>> Operator: AS4837 CHINA UNICOM China169 Backbone

