[19-Apr-2025 10:21:56 Europe/Kiev] MAIN [WARN] Unauthorized access attempt without a token provided (missing cookie).
---> User IP: 180.167.46.166
---> User agent: Mozilla/5.0 (Windows NT 6.1) AppleWebKit/537.36 (KHTML, like Gecko) Chrome/49.0.2623.112 Safari/537.36
---> Script filename: /home/R145j7/web/crm.aquaprylad.in.ua/public_html/index.php
---> Referer: UNDERFINED
---> Accept Language: UNDERFINED
---> Accept Encoding: UNDERFINED
---> Connection: close
---> HTTPS: OFF
---> Server protocol: HTTP/1.0
---> Request method: GET
--->>> Country: China
--->>> Region: Shanghai
--->>> City: Shanghai
--->>> Post code: 
--->>> Location: 31.2222, 121.4581
--->>> Time zone: Asia/Shanghai
--->>> Provider: China Telecom (Group)
--->>> Organization: Chinanet SH
--->>> Operator: AS4812 China Telecom (Group)

