[25-Sep-2024 08:05:54 Europe/Kiev] METERS [WARN] Unauthorized access attempt with token provided, but the token is not found in the database.
---> User IP: 194.9.14.203
---> User agent: Mozilla/5.0 (Macintosh; Intel Mac OS X 10_15_7) AppleWebKit/537.36 (KHTML, like Gecko) Chrome/129.0.0.0 Safari/537.36
---> Script filename: /home/R145j7/web/crm.aquaprylad.in.ua/public_html/meters.php
---> Referer: UNDERFINED
---> Accept Language: ru-RU,ru;q=0.9,en-US;q=0.8,en;q=0.7,uk;q=0.6
---> Accept Encoding: gzip, deflate, br, zstd
---> Connection: close
---> HTTPS: ON
---> Server protocol: HTTP/1.0
---> Request method: GET
--->>> Country: Ukraine
--->>> Region: Chernihiv
--->>> City: Chernihiv
--->>> Post code: 14000
--->>> Location: 51.5055, 31.2933
--->>> Time zone: Europe/Kyiv
--->>> Provider: NEOCOM Ltd.
--->>> Organization: NEOCOM Ltd
--->>> Operator: AS41360 NEOCOM Ltd.
