[29-Aug-2025 02:27:35 Europe/Kiev] MAIN [WARN] Unauthorized access attempt without a token provided (missing cookie).
---> User IP: 89.248.168.227
---> User agent: Mozilla/5.0 (Windows NT 10.0; Win64; x64) AppleWebKit/537.36 (KHTML, like Gecko) Chrome/137.0.0.0 Safari/537.36
---> Script filename: /home/R145j7/web/crm.aquaprylad.in.ua/public_html/index.php
---> Referer: http://157.90.105.110/
---> Accept Language: UNDERFINED
---> Accept Encoding: gzip
---> Connection: close
---> HTTPS: ON
---> Server protocol: HTTP/1.0
---> Request method: GET
--->>> Country: The Netherlands
--->>> Region: North Holland
--->>> City: Amsterdam
--->>> Post code: 1012
--->>> Location: 52.3759, 4.8975
--->>> Time zone: Europe/Amsterdam
--->>> Provider: IP Volume inc
--->>> Organization: IP Volume inc
--->>> Operator: AS202425 IP Volume inc
[29-Aug-2025 03:43:11 Europe/Kiev] MAIN [WARN] Unauthorized access attempt without a token provided (missing cookie).
---> User IP: 185.177.72.45
---> User agent: python-httpx/0.28.1
---> Script filename: /home/R145j7/web/crm.aquaprylad.in.ua/public_html/index.php
---> Referer: UNDERFINED
---> Accept Language: UNDERFINED
---> Accept Encoding: gzip, deflate
---> Connection: close
---> HTTPS: ON
---> Server protocol: HTTP/1.0
---> Request method: GET
--->>> Country: France
--->>> Region: Île-de-France
--->>> City: Vélizy-Villacoublay
--->>> Post code: 78140
--->>> Location: 48.7837, 2.20806
--->>> Time zone: Europe/Paris
--->>> Provider: Bucklog SARL
--->>> Organization: FBW NETWORKS
--->>> Operator: AS211590 Bucklog SARL
[29-Aug-2025 10:29:11 Europe/Kiev] MAIN [WARN] Unauthorized access attempt without a token provided (missing cookie).
---> User IP: 64.226.125.162
---> User agent: UNDERFINED
---> Script filename: /home/R145j7/web/crm.aquaprylad.in.ua/public_html/index.php
---> Referer: UNDERFINED
---> Accept Language: UNDERFINED
---> Accept Encoding: UNDERFINED
---> Connection: close
---> HTTPS: ON
---> Server protocol: HTTP/1.0
---> Request method: GET
--->>> Country: Germany
--->>> Region: Hesse
--->>> City: Frankfurt am Main
--->>> Post code: 60313
--->>> Location: 50.1169, 8.6837
--->>> Time zone: Europe/Berlin
--->>> Provider: DigitalOcean, LLC
--->>> Organization: DigitalOcean, LLC
--->>> Operator: AS14061 DigitalOcean, LLC
---> User IP: 198.55.98.211
---> User agent: Mozilla/4.0 (compatible; Dillo 3.0)
---> Script filename: /home/R145j7/web/crm.aquaprylad.in.ua/public_html/index.php
---> Referer: UNDERFINED
---> Accept Language: UNDERFINED
---> Accept Encoding: gzip
---> Connection: close
---> HTTPS: ON
---> Server protocol: HTTP/1.0
---> Request method: GET
--->>> Country: United States
--->>> Region: California
--->>> City: Los Angeles
--->>> Post code: 90060
--->>> Location: 34.0544, -118.244
--->>> Time zone: America/Los_Angeles
--->>> Provider: HostPapa
--->>> Organization: Virtualine Technologies
--->>> Operator: AS214940 KPROHOST LLC
---> User IP: 198.55.98.216
---> User agent: Mozilla/5.0 (Linux; Android 9; ONEPLUS 6) AppleWebKit/537.36 (KHTML, like Gecko) Chrome/76.0.3809.89 Mobile Safari/537.36
---> Script filename: /home/R145j7/web/crm.aquaprylad.in.ua/public_html/index.php
---> Referer: UNDERFINED
---> Accept Language: UNDERFINED
---> Accept Encoding: gzip
---> Connection: close
---> HTTPS: ON
---> Server protocol: HTTP/1.0
---> Request method: GET
--->>> Country: United States
--->>> Region: California
--->>> City: Los Angeles
--->>> Post code: 90060
--->>> Location: 34.0544, -118.244
--->>> Time zone: America/Los_Angeles
--->>> Provider: HostPapa
--->>> Organization: Virtualine Technologies
--->>> Operator: AS214940 KPROHOST LLC
