[23-Apr-2025 09:15:49 Europe/Helsinki] DellTASK [INFO] Повірка від 22.04.2025 для адреси просп. Перемоги, буд. 203, кв. 66 для лічильника БЕЗ НОМЕРА - 1 шт. було завершено користувачем [Коваль Людмила] з коментарем: виконано.
[23-Apr-2025 09:16:05 Europe/Helsinki] DellTASK [INFO] Повірка від 18.04.2025 для адреси просп. Перемоги, буд. 168, кв. 8 для лічильника БЕЗ НОМЕРА - 2 шт. було завершено користувачем [Коваль Людмила] з коментарем: виконано.
[23-Apr-2025 09:16:22 Europe/Helsinki] DellTASK [INFO] Повірка від 17.04.2025 для адреси вул. Всіхсвятська, буд. 18, кв. 79 для лічильника БЕЗ НОМЕРА - 2 шт. було завершено користувачем [Коваль Людмила] з коментарем: виконано.
[23-Apr-2025 09:16:38 Europe/Helsinki] DellTASK [INFO] Повірка від 11.04.2025 для адреси просп. Перемоги, буд. 174, кв. 1 для лічильника БЕЗ НОМЕРА - 1 шт. було завершено користувачем [Коваль Людмила] з коментарем: виконано.
[23-Apr-2025 09:16:54 Europe/Helsinki] DellTASK [INFO] Повірка від 11.04.2025 для адреси просп. Левка Лукяненка, буд. 4, корп. А, кв. 109 для лічильника БЕЗ НОМЕРА - 2 шт. було завершено користувачем [Коваль Людмила] з коментарем: виконано.
[23-Apr-2025 09:17:09 Europe/Helsinki] DellTASK [INFO] Повірка від 08.04.2025 для адреси просп. Левка Лукяненка, буд. 37, кв. 49 для лічильника БЕЗ НОМЕРА - 2 шт. було завершено користувачем [Коваль Людмила] з коментарем: виконано.
[23-Apr-2025 09:17:25 Europe/Helsinki] DellTASK [INFO] Повірка від 07.04.2025 для адреси вул. Захисників України, буд. 12, корп. А, кв. 85 для лічильника БЕЗ НОМЕРА - 1 шт. було завершено користувачем [Коваль Людмила] з коментарем: виконано.
[23-Apr-2025 09:17:38 Europe/Helsinki] DellTASK [INFO] Повірка від 07.04.2025 для адреси вул. Всіхсвятська, буд. 10, корп. А, кв. 27 для лічильника БЕЗ НОМЕРА - 2 шт. було завершено користувачем [Коваль Людмила] з коментарем: виконано.
[23-Apr-2025 09:17:57 Europe/Helsinki] EditDATA [INFO] Для заявки Повірка від 18.04.2025 користувачем [Коваль Людмила] змінено виконавця з Ващенко на Шкуліпа.
[23-Apr-2025 09:18:06 Europe/Helsinki] DellTASK [INFO] Повірка від 18.04.2025 для адреси вул. Генерала Пухова, буд. 127, кв. 35 для лічильника БЕЗ НОМЕРА - 2 шт. було завершено користувачем [Коваль Людмила] з коментарем: виконано.
[23-Apr-2025 09:18:19 Europe/Helsinki] EditDATA [INFO] Для заявки Повірка від 07.04.2025 користувачем [Коваль Людмила] змінено виконавця з Ващенко на Шкуліпа.
[23-Apr-2025 09:18:28 Europe/Helsinki] DellTASK [INFO] Повірка від 07.04.2025 для адреси вул. Генерала Пухова, буд. 142, кв. 149 для лічильника БЕЗ НОМЕРА - 2 шт. було завершено користувачем [Коваль Людмила] з коментарем: виконано.
[23-Apr-2025 09:18:40 Europe/Helsinki] EditDATA [INFO] Для заявки Повірка від 10.04.2025 користувачем [Коваль Людмила] змінено виконавця з Ващенко на Шкуліпа.
[23-Apr-2025 09:18:49 Europe/Helsinki] DellTASK [INFO] Повірка від 10.04.2025 для адреси вул. 1-ої танкової бригади, буд. 30, корп. 2, кв. 30 для лічильника БЕЗ НОМЕРА - 2 шт. було завершено користувачем [Коваль Людмила] з коментарем: виконано.
[23-Apr-2025 09:19:03 Europe/Helsinki] EditDATA [INFO] Для заявки Повірка від 18.04.2025 користувачем [Коваль Людмила] змінено виконавця з Ващенко на Шкуліпа.
[23-Apr-2025 09:19:12 Europe/Helsinki] DellTASK [INFO] Повірка від 18.04.2025 для адреси вул. Генерала Пухова, буд. 148, кв. 45 для лічильника БЕЗ НОМЕРА - 2 шт. було завершено користувачем [Коваль Людмила] з коментарем: виконано.
[23-Apr-2025 09:19:23 Europe/Helsinki] EditDATA [INFO] Для заявки Повірка від 11.04.2025 користувачем [Коваль Людмила] змінено виконавця з Ващенко на Шкуліпа.
[23-Apr-2025 09:19:31 Europe/Helsinki] DellTASK [INFO] Повірка від 11.04.2025 для адреси вул. 1-ої танкової бригади, буд. 21, корп. 3, кв. 11 для лічильника БЕЗ НОМЕРА - 2 шт. було завершено користувачем [Коваль Людмила] з коментарем: виконано.
[23-Apr-2025 09:37:10 Europe/Helsinki] EditDATA [INFO] За адресою вул. Незалежності 14, кв. 184 користувачем [Коваль Людмила] змінені номери телефонів з +38(063)495-26-67, +38(063)831-84-50 на +38(096)970-49-01, при створенні нової заявки [Повірка] від 23.04.2025.
[23-Apr-2025 09:37:10 Europe/Helsinki] NewDATA [INFO] Нова заявка Повірка, адреса: вул. Незалежності 14, кв. 184, лічильники: БЕЗ НОМЕРА - 1 шт., вартість: 300 грн., примітки: 8-13,горяча додано до БД користувачем [Коваль Людмила].
[2025-04-23T09:37:18.694] [INFO] DataBase - У заявці Повірка від 23 квітня 2025 р. за адресою вул. Незалежності, буд. 14, кв. 184 додано виконавця ЗАПЛАНОВАНІ та додано дату виконання 5 травня 2025 р. користувачем [Коваль Людмила].
[23-Apr-2025 09:38:43 Europe/Helsinki] EditDATA [INFO] За адресою вул. Мазепи Івана 54, кв. 139 користувачем [Коваль Людмила] додано номер телефону +38(063)435-59-51, при створенні нової заявки [Повірка] від 23.04.2025.
[23-Apr-2025 09:38:43 Europe/Helsinki] NewDATA [INFO] Нова заявка Повірка, адреса: вул. Мазепи Івана 54, кв. 139, лічильники: БЕЗ НОМЕРА - 2 шт., вартість: 600 грн., примітки: 8-13 додано до БД користувачем [Коваль Людмила].
[2025-04-23T09:38:56.147] [INFO] DataBase - У заявці Повірка від 23 квітня 2025 р. за адресою вул. Мазепи Івана, буд. 54, кв. 139 додано виконавця ЗАПЛАНОВАНІ та додано дату виконання 2 травня 2025 р. користувачем [Коваль Людмила].
[23-Apr-2025 09:40:09 Europe/Helsinki] NewDATA [INFO] Нова адреса просп. Миру, буд. 251, корп. 1, кв. 45, тел. +38 (097) 927-84-86 додана до БД користувачем [Коваль Людмила].
[23-Apr-2025 09:40:58 Europe/Helsinki] NewDATA [INFO] Нова заявка Повірка, адреса: просп. Миру 251 корпус 1, кв. 45, лічильники: БЕЗ НОМЕРА - 1 шт., вартість: 300 грн., примітки: 8-13,пер.за 30 хв.подовж.(ут.адрес) додано до БД користувачем [Коваль Людмила].
[2025-04-23T09:41:04.266] [INFO] DataBase - У заявці Повірка від 23 квітня 2025 р. за адресою просп. Миру, буд. 251, корп. 1, кв. 45 додано виконавця ЗАПЛАНОВАНІ та додано дату виконання 28 квітня 2025 р. користувачем [Коваль Людмила].
[23-Apr-2025 09:44:40 Europe/Helsinki] EditDATA [INFO] За адресою просп. Грушевського Михайла 169 корпус 2, кв. 83 користувачем [Коваль Людмила] змінені номери телефонів з +38(096)597-21-09 на +38(095)597-50-86, при створенні нової заявки [Повірка] від 23.04.2025.
[23-Apr-2025 09:44:40 Europe/Helsinki] NewDATA [INFO] Нова заявка Повірка, адреса: просп. Грушевського Михайла 169 корпус 2, кв. 83, лічильники: БЕЗ НОМЕРА - 2 шт., вартість: 600 грн., примітки: 13-17 додано до БД користувачем [Коваль Людмила].
[2025-04-23T09:44:47.752] [INFO] DataBase - У заявці Повірка від 23 квітня 2025 р. за адресою просп. Грушевського Михайла, буд. 169, корп. 2, кв. 83 додано виконавця ЗАПЛАНОВАНІ та додано дату виконання 28 квітня 2025 р. користувачем [Коваль Людмила].
[23-Apr-2025 09:55:11 Europe/Helsinki] NewDATA [INFO] Нова адреса вул. Толстого, буд. 122, кв. 45, тел. +38 (063) 307-73-52 додана до БД користувачем [Коваль Людмила].
[23-Apr-2025 09:56:16 Europe/Helsinki] NewDATA [INFO] Нова заявка Повірка, адреса: вул. Толстого 122, кв. 45, лічильники: БЕЗ НОМЕРА - 2 шт., вартість: 600 грн., примітки: 13-17,пер.за 30 хв. додано до БД користувачем [Коваль Людмила].
[2025-04-23T09:58:47.119] [INFO] DataBase - У заявці Повірка від 23 квітня 2025 р. за адресою вул. Толстого, буд. 122, кв. 45 додано виконавця ЗАПЛАНОВАНІ та додано дату виконання 2 травня 2025 р. користувачем [Коваль Людмила].
[23-Apr-2025 09:59:37 Europe/Helsinki] NewDATA [INFO] Нова адреса вул. Павлова Академіка, буд. 19, кв. 65, тел. +38 (050) 252-72-03 додана до БД користувачем [Коваль Людмила].
[23-Apr-2025 10:00:17 Europe/Helsinki] NewDATA [INFO] Нова заявка Повірка, адреса: вул. Павлова Академіка 19, кв. 65, лічильники: БЕЗ НОМЕРА - 2 шт., вартість: 600 грн., примітки: 12-15,пер.за 30 хв. додано до БД користувачем [Коваль Людмила].
[2025-04-23T10:00:30.894] [INFO] DataBase - У заявці Повірка від 23 квітня 2025 р. за адресою вул. Павлова Академіка, буд. 19, кв. 65 додано виконавця ЗАПЛАНОВАНІ та додано дату виконання 1 травня 2025 р. користувачем [Коваль Людмила].
[23-Apr-2025 10:01:10 Europe/Helsinki] NewDATA [INFO] Нова заявка Повірка, адреса: вул. Нафтовиків 19, кв. 44, лічильники: БЕЗ НОМЕРА - 2 шт., вартість: 600 грн., примітки: 13-17,код 51 додано до БД користувачем [Коваль Людмила].
[2025-04-23T10:01:16.095] [INFO] DataBase - У заявці Повірка від 23 квітня 2025 р. за адресою вул. Нафтовиків, буд. 19, кв. 44 додано виконавця ЗАПЛАНОВАНІ та додано дату виконання 7 травня 2025 р. користувачем [Коваль Людмила].
[23-Apr-2025 10:02:04 Europe/Helsinki] EditDATA [INFO] За адресою вул. Доценка 28, кв. 98 користувачем [Коваль Людмила] змінені номери телефонів з +38(063)468-21-79 на +38(063)227-81-33, при створенні нової заявки [Повірка] від 23.04.2025.
[23-Apr-2025 10:02:04 Europe/Helsinki] NewDATA [INFO] Нова заявка Повірка, адреса: вул. Доценка 28, кв. 98, лічильники: БЕЗ НОМЕРА - 4 шт., вартість: 1200 грн., примітки: 13-17 додано до БД користувачем [Коваль Людмила].
[2025-04-23T10:02:11.658] [INFO] DataBase - У заявці Повірка від 23 квітня 2025 р. за адресою вул. Доценка, буд. 28, кв. 98 додано виконавця ЗАПЛАНОВАНІ та додано дату виконання 1 травня 2025 р. користувачем [Коваль Людмила].
[23-Apr-2025 10:02:54 Europe/Helsinki] NewDATA [INFO] Нова адреса просп. Левка Лукяненка, буд. 14, кв. 96, тел. +38 (095) 148-20-21 додана до БД користувачем [Коваль Людмила].
[23-Apr-2025 10:03:48 Europe/Helsinki] EditDATA [INFO] За адресою просп. Левка Лукяненка 14, кв. 96 користувачем [Коваль Людмила] змінені номери телефонів з +38(095)148-20-21 на +38(095)148-20-21, +38(096)906-71-97, при створенні нової заявки [Повірка] від 23.04.2025.
[23-Apr-2025 10:03:48 Europe/Helsinki] NewDATA [INFO] Нова заявка Повірка, адреса: просп. Левка Лукяненка 14, кв. 96, лічильники: БЕЗ НОМЕРА - 2 шт., вартість: 600 грн., примітки: 13-17(ут.хол.) додано до БД користувачем [Коваль Людмила].
[2025-04-23T10:03:54.034] [INFO] DataBase - У заявці Повірка від 23 квітня 2025 р. за адресою просп. Левка Лукяненка, буд. 14, кв. 96 додано виконавця ЗАПЛАНОВАНІ та додано дату виконання 1 травня 2025 р. користувачем [Коваль Людмила].
[23-Apr-2025 10:05:20 Europe/Helsinki] EditDATA [INFO] Для заявки Повірка від 14.04.2025 користувачем [Коваль Людмила] змінено примітки з 8-13, за 30 хв, 2 хв на 8-9, за 30 хв, 2 хв.
[23-Apr-2025 10:06:28 Europe/Helsinki] EditDATA [INFO] Для заявки Повірка від 14.04.2025 користувачем [Коваль Людмила] змінено примітки з 8-9, за 30 хв, 2 хв на 8-9, за 10 хв, 2 хв.
[23-Apr-2025 10:19:46 Europe/Helsinki] EditDATA [INFO] За адресою вул. Генерала Пухова 127, кв. 1 користувачем [Сусло Тетяна] змінені номери телефонів з +38(063)486-06-60 на +38(096)033-72-91, при створенні нової заявки [Повірка] від 23.04.2025.
[23-Apr-2025 10:19:46 Europe/Helsinki] NewDATA [INFO] Нова заявка Повірка, адреса: вул. Генерала Пухова 127, кв. 1, лічильники: БЕЗ НОМЕРА - 2 шт., вартість: 600 грн., примітки: за 1 год додано до БД користувачем [Сусло Тетяна].
[2025-04-23T10:19:50.935] [INFO] DataBase - У заявці Повірка від 23 квітня 2025 р. за адресою вул. Генерала Пухова, буд. 127, кв. 1 додано виконавця ЗАПЛАНОВАНІ та додано дату виконання 28 квітня 2025 р. користувачем [Сусло Тетяна].
[23-Apr-2025 10:20:40 Europe/Helsinki] EditDATA [INFO] За адресою просп. Левка Лукяненка 14 корпус Б, кв. 40 користувачем [Сусло Тетяна] змінені номери телефонів з +38(063)793-52-01 на +38(066)305-55-30, при створенні нової заявки [Повірка] від 23.04.2025.
[23-Apr-2025 10:20:40 Europe/Helsinki] NewDATA [INFO] Нова заявка Повірка, адреса: просп. Левка Лукяненка 14 корпус Б, кв. 40, лічильники: БЕЗ НОМЕРА - 2 шт., вартість: 600 грн., примітки: 8-13 додано до БД користувачем [Сусло Тетяна].
[2025-04-23T10:20:44.658] [INFO] DataBase - У заявці Повірка від 23 квітня 2025 р. за адресою просп. Левка Лукяненка, буд. 14, корп. Б, кв. 40 додано виконавця ЗАПЛАНОВАНІ та додано дату виконання 28 квітня 2025 р. користувачем [Сусло Тетяна].
[23-Apr-2025 10:49:12 Europe/Helsinki] NewDATA [INFO] Нова адреса вул. Стрілецька, буд. 88, кв. 35, тел. +38 (063) 570-82-86 додана до БД користувачем [Сусло Тетяна].
[23-Apr-2025 10:50:29 Europe/Helsinki] NewDATA [INFO] Нова заявка Повірка, адреса: вул. Стрілецька 88, кв. 35, лічильники: БЕЗ НОМЕРА - 1 шт., вартість: 300 грн., примітки: 8-13, за 30 хв додано до БД користувачем [Сусло Тетяна].
[2025-04-23T10:50:33.763] [INFO] DataBase - У заявці Повірка від 23 квітня 2025 р. за адресою вул. Стрілецька, буд. 88, кв. 35 додано виконавця ЗАПЛАНОВАНІ та додано дату виконання 25 квітня 2025 р. користувачем [Сусло Тетяна].
[23-Apr-2025 11:18:17 Europe/Helsinki] EditDATA [INFO] Для заявки Повірка від 22.04.2025 користувачем [Коваль Людмила] змінено виконавця з ЗАПЛАНОВАНІ на Ващенко.
[23-Apr-2025 11:18:29 Europe/Helsinki] EditDATA [INFO] Для заявки Повірка від 22.04.2025 користувачем [Коваль Людмила] змінено виконавця з ЗАПЛАНОВАНІ на Ващенко.
[23-Apr-2025 11:18:43 Europe/Helsinki] EditDATA [INFO] Для заявки Повірка від 28.02.2025 користувачем [Коваль Людмила] змінено виконавця з ЗАПЛАНОВАНІ на Ващенко.
[23-Apr-2025 11:20:39 Europe/Helsinki] NewDATA [INFO] Нова заявка Заміна, адреса: вул. Доценка 28, кв. 90, лічильники: БЕЗ НОМЕРА - 1 шт., вартість: 1100 грн., примітки: горяча.8-13 додано до БД користувачем [Коваль Людмила].
[2025-04-23T11:20:46.160] [INFO] DataBase - У заявці Заміна від 23 квітня 2025 р. за адресою вул. Доценка, буд. 28, кв. 90 додано виконавця Баранов та додано дату виконання 25 квітня 2025 р. користувачем [Коваль Людмила].
[23-Apr-2025 11:21:16 Europe/Helsinki] NewDATA [INFO] Нова адреса просп. Миру, буд. 213, корп. А, кв. 70, тел. +38 (050) 465-57-78 додана до БД користувачем [Сусло Тетяна].
[23-Apr-2025 11:23:06 Europe/Helsinki] NewDATA [INFO] Нова заявка Повірка, адреса: просп. Миру 213 корпус А, кв. 70, лічильники: БЕЗ НОМЕРА - 2 шт., вартість: 600 грн., примітки: 9-13, за 30 хв додано до БД користувачем [Сусло Тетяна].
[2025-04-23T11:23:10.542] [INFO] DataBase - У заявці Повірка від 23 квітня 2025 р. за адресою просп. Миру, буд. 213, корп. А, кв. 70 додано виконавця ЗАПЛАНОВАНІ та додано дату виконання 8 травня 2025 р. користувачем [Сусло Тетяна].
[23-Apr-2025 11:27:31 Europe/Helsinki] NewDATA [INFO] Нова заявка Повірка, адреса: вул. Богуна Івана 51, кв. 102, лічильники: БЕЗ НОМЕРА - 1 шт., вартість: 300 грн., примітки: 13-17 додано до БД користувачем [Коваль Людмила].
[2025-04-23T11:27:37.201] [INFO] DataBase - У заявці Повірка від 23 квітня 2025 р. за адресою вул. Богуна Івана, буд. 51, кв. 102 додано виконавця ЗАПЛАНОВАНІ та додано дату виконання 13 травня 2025 р. користувачем [Коваль Людмила].
[23-Apr-2025 11:31:01 Europe/Helsinki] EditDATA [INFO] За адресою вул. Захисників України 14, кв. 36 користувачем [Сусло Тетяна] змінені номери телефонів з +38(099)514-29-55 на +38(097)523-32-35, при створенні нової заявки [Повірка] від 23.04.2025.
[23-Apr-2025 11:31:01 Europe/Helsinki] NewDATA [INFO] Нова заявка Повірка, адреса: вул. Захисників України 14, кв. 36, лічильники: БЕЗ НОМЕРА - 2 шт., вартість: 600 грн., примітки: 13-17 додано до БД користувачем [Сусло Тетяна].
[2025-04-23T11:31:09.091] [INFO] DataBase - У заявці Повірка від 23 квітня 2025 р. за адресою вул. Захисників України, буд. 14, кв. 36 додано виконавця ЗАПЛАНОВАНІ та додано дату виконання 30 квітня 2025 р. користувачем [Сусло Тетяна].
[23-Apr-2025 11:34:29 Europe/Helsinki] NewDATA [INFO] Нова адреса вул. Доценка, буд. 28, кв. 150, тел. +38 (097) 389-96-92 додана до БД користувачем [Коваль Людмила].
[23-Apr-2025 11:34:53 Europe/Helsinki] NewDATA [INFO] Нова заявка Повірка, адреса: вул. Доценка 28, кв. 150, лічильники: БЕЗ НОМЕРА - 2 шт., вартість: 600 грн., примітки: 13-17 додано до БД користувачем [Коваль Людмила].
[2025-04-23T11:34:59.301] [INFO] DataBase - У заявці Повірка від 23 квітня 2025 р. за адресою вул. Доценка, буд. 28, кв. 150 додано виконавця ЗАПЛАНОВАНІ та додано дату виконання 1 травня 2025 р. користувачем [Коваль Людмила].
[23-Apr-2025 11:35:57 Europe/Helsinki] NewDATA [INFO] Нова заявка Повірка, адреса: вул. Волковича 5, кв. 19, лічильники: БЕЗ НОМЕРА - 2 шт., вартість: 600 грн., примітки: 13-17 додано до БД користувачем [Коваль Людмила].
[23-Apr-2025 11:37:44 Europe/Helsinki] NewDATA [INFO] Нова адреса вул. Волковича, буд. 2, корп. А, кв. 99, тел. +38 (066) 648-67-64 додана до БД користувачем [Коваль Людмила].
[23-Apr-2025 11:38:25 Europe/Helsinki] NewDATA [INFO] Нова заявка Повірка, адреса: вул. Волковича 2 корпус А, кв. 99, лічильники: БЕЗ НОМЕРА - 4 шт., вартість: 1200 грн., примітки: 8-13,пер.за час додано до БД користувачем [Коваль Людмила].
[2025-04-23T11:38:41.590] [INFO] DataBase - У заявці Повірка від 23 квітня 2025 р. за адресою вул. Волковича, буд. 2, корп. А, кв. 99 додано виконавця ЗАПЛАНОВАНІ та додано дату виконання 29 квітня 2025 р. користувачем [Коваль Людмила].
[2025-04-23T11:38:56.564] [INFO] DataBase - У заявці Повірка від 23 квітня 2025 р. за адресою вул. Волковича, буд. 5, кв. 19 додано виконавця ЗАПЛАНОВАНІ та додано дату виконання 25 квітня 2025 р. користувачем [Коваль Людмила].
[23-Apr-2025 11:39:12 Europe/Helsinki] EditDATA [INFO] Для заявки Повірка від 22.04.2025 користувачем [Коваль Людмила] змінено виконавця з ЗАПЛАНОВАНІ на Шкуліпа.
[23-Apr-2025 11:39:22 Europe/Helsinki] EditDATA [INFO] Для заявки Повірка від 22.04.2025 користувачем [Коваль Людмила] змінено виконавця з ЗАПЛАНОВАНІ на Ващенко.
[23-Apr-2025 11:39:34 Europe/Helsinki] EditDATA [INFO] Для заявки Повірка від 17.04.2025 користувачем [Коваль Людмила] змінено виконавця з ЗАПЛАНОВАНІ на Ващенко.
[23-Apr-2025 11:39:46 Europe/Helsinki] EditDATA [INFO] Для заявки Повірка від 22.04.2025 користувачем [Коваль Людмила] змінено виконавця з ЗАПЛАНОВАНІ на Ващенко.
[23-Apr-2025 11:39:55 Europe/Helsinki] EditDATA [INFO] Для заявки Повірка від 22.04.2025 користувачем [Коваль Людмила] змінено виконавця з ЗАПЛАНОВАНІ на Ващенко.
[23-Apr-2025 11:40:06 Europe/Helsinki] EditDATA [INFO] Для заявки Повірка від 14.04.2025 користувачем [Коваль Людмила] змінено виконавця з ЗАПЛАНОВАНІ на Ващенко.
[23-Apr-2025 11:40:18 Europe/Helsinki] EditDATA [INFO] Для заявки Повірка від 16.04.2025 користувачем [Коваль Людмила] змінено виконавця з ЗАПЛАНОВАНІ на Ващенко.
[23-Apr-2025 11:40:31 Europe/Helsinki] EditDATA [INFO] Для заявки Повірка від 22.04.2025 користувачем [Коваль Людмила] змінено виконавця з ЗАПЛАНОВАНІ на Ващенко.
[23-Apr-2025 11:40:39 Europe/Helsinki] EditDATA [INFO] Для заявки Повірка від 17.04.2025 користувачем [Коваль Людмила] змінено виконавця з ЗАПЛАНОВАНІ на Ващенко.
[23-Apr-2025 11:40:52 Europe/Helsinki] EditDATA [INFO] Для заявки Повірка від 08.04.2025 користувачем [Коваль Людмила] змінено виконавця з ЗАПЛАНОВАНІ на Ващенко.
[23-Apr-2025 11:41:21 Europe/Helsinki] EditDATA [INFO] Для заявки Повірка від 14.04.2025 користувачем [Коваль Людмила] змінено виконавця з ЗАПЛАНОВАНІ на Шкуліпа.
[23-Apr-2025 11:41:29 Europe/Helsinki] EditDATA [INFO] Для заявки Повірка від 17.04.2025 користувачем [Коваль Людмила] змінено виконавця з ЗАПЛАНОВАНІ на Шкуліпа.
[23-Apr-2025 11:41:40 Europe/Helsinki] EditDATA [INFO] Для заявки Повірка від 17.04.2025 користувачем [Коваль Людмила] змінено виконавця з ЗАПЛАНОВАНІ на Шкуліпа.
[23-Apr-2025 11:41:49 Europe/Helsinki] EditDATA [INFO] Для заявки Повірка від 16.04.2025 користувачем [Коваль Людмила] змінено виконавця з ЗАПЛАНОВАНІ на Шкуліпа.
[23-Apr-2025 11:41:57 Europe/Helsinki] EditDATA [INFO] Для заявки Повірка від 17.04.2025 користувачем [Коваль Людмила] змінено виконавця з ЗАПЛАНОВАНІ на Шкуліпа.
[23-Apr-2025 11:42:22 Europe/Helsinki] EditDATA [INFO] Для заявки Повірка від 16.04.2025 користувачем [Коваль Людмила] змінено виконавця з ЗАПЛАНОВАНІ на Шкуліпа.
[23-Apr-2025 11:48:10 Europe/Helsinki] NewDATA [INFO] Нова адреса просп. Миру, буд. 89, кв. 62, тел. +38 (063) 780-30-71 додана до БД користувачем [Сусло Тетяна].
[23-Apr-2025 11:48:32 Europe/Helsinki] NewDATA [INFO] Нова заявка Повірка, адреса: просп. Миру 89, кв. 62, лічильники: БЕЗ НОМЕРА - 2 шт., вартість: 600 грн., примітки: за 1 год додано до БД користувачем [Сусло Тетяна].
[2025-04-23T11:48:37.252] [INFO] DataBase - У заявці Повірка від 23 квітня 2025 р. за адресою просп. Миру, буд. 89, кв. 62 додано виконавця ЗАПЛАНОВАНІ та додано дату виконання 8 травня 2025 р. користувачем [Сусло Тетяна].
[23-Apr-2025 12:26:32 Europe/Helsinki] EditDATA [INFO] Для заявки Повірка від 06.01.2025 користувачем [Сусло Тетяна] змінено виконавця з ЗАПЛАНОВАНІ на Сірий.
[2025-04-23T12:26:53.410] [INFO] DataBase - У заявці Повірка від 6 січня 2025 р. за адресою вул. Освіти, буд. 10, кв. 97 змінено дату виконання з 1 травня 2025 р. на 16 травня 2025 р. користувачем [Сусло Тетяна].
[23-Apr-2025 12:27:02 Europe/Helsinki] EditDATA [INFO] Для заявки Повірка від 06.01.2025 користувачем [Сусло Тетяна] змінено виконавця з Сірий на ЗАПЛАНОВАНІ.
[23-Apr-2025 12:52:04 Europe/Helsinki] NewDATA [INFO] Нова заявка Повірка, адреса: вул. Захисників України 6, кв. 8, лічильники: БЕЗ НОМЕРА - 1 шт., вартість: 300 грн., примітки: 9-13, за 30 хв додано до БД користувачем [Сусло Тетяна].
[2025-04-23T12:52:08.411] [INFO] DataBase - У заявці Повірка від 23 квітня 2025 р. за адресою вул. Захисників України, буд. 6, кв. 8 додано виконавця ЗАПЛАНОВАНІ та додано дату виконання 5 травня 2025 р. користувачем [Сусло Тетяна].
[23-Apr-2025 12:53:01 Europe/Helsinki] NewDATA [INFO] Нова адреса вул. Мстиславська, буд. 171, кв. 26, тел. +38 (099) 723-65-38 +38 (063) 347-09-23 додана до БД користувачем [Сусло Тетяна].
[23-Apr-2025 12:53:22 Europe/Helsinki] NewDATA [INFO] Нова заявка Повірка, адреса: вул. Мстиславська 171, кв. 26, лічильники: БЕЗ НОМЕРА - 2 шт., вартість: 600 грн., примітки: 8-13 додано до БД користувачем [Сусло Тетяна].
[2025-04-23T12:53:27.164] [INFO] DataBase - У заявці Повірка від 23 квітня 2025 р. за адресою вул. Мстиславська, буд. 171, кв. 26 додано виконавця ЗАПЛАНОВАНІ та додано дату виконання 2 травня 2025 р. користувачем [Сусло Тетяна].
[23-Apr-2025 12:59:08 Europe/Helsinki] EditDATA [INFO] За адресою вул. Генерала Пухова 131 корпус 2, кв. 23 користувачем [Сусло Тетяна] змінені номери телефонів з +38(096)523-87-41, +38(093)745-03-58, +38(063)789-29-52, +38(096)523-90-64, +38(063)856-93-22 на +38(063)789-29-52, при створенні нової заявки [Повірка] від 23.04.2025.
[23-Apr-2025 12:59:08 Europe/Helsinki] NewDATA [INFO] Нова заявка Повірка, адреса: вул. Генерала Пухова 131 корпус 2, кв. 23, лічильники: БЕЗ НОМЕРА - 2 шт., вартість: 600 грн., примітки: 8-13, за 30 хв додано до БД користувачем [Сусло Тетяна].
[2025-04-23T12:59:11.984] [INFO] DataBase - У заявці Повірка від 23 квітня 2025 р. за адресою вул. Генерала Пухова, буд. 131, корп. 2, кв. 23 додано виконавця ЗАПЛАНОВАНІ та додано дату виконання 1 травня 2025 р. користувачем [Сусло Тетяна].
[2025-04-23T12:59:32.305] [INFO] DataBase - У заявці Повірка від 8 квітня 2025 р. за адресою вул. 1-ї Гвардійської Армії, буд. 37, кв. 49 додано дату виконання 1 травня 2025 р. користувачем [Сусло Тетяна].
[23-Apr-2025 13:00:02 Europe/Helsinki] EditDATA [INFO] Для заявки Повірка від 08.04.2025 користувачем [Сусло Тетяна] змінено виконавця з ЗАПЛАНОВАНІ на Сірий.
[2025-04-23T13:00:54.209] [INFO] DataBase - У заявці Повірка від 8 квітня 2025 р. за адресою вул. 1-ї Гвардійської Армії, буд. 37, кв. 49 змінено дату виконання з 1 травня 2025 р. на 23 квітня 2025 р. користувачем [Сусло Тетяна].
[23-Apr-2025 13:01:03 Europe/Helsinki] DellTASK [INFO] Повірка від 08.04.2025 для адреси вул. 1-ї Гвардійської Армії, буд. 37, кв. 49 для лічильника БЕЗ НОМЕРА - 2 шт. було завершено користувачем [Сусло Тетяна] з коментарем: виконано.
[23-Apr-2025 13:18:32 Europe/Helsinki] NewDATA [INFO] Нова адреса вул. Волковича, буд. 23, кв. 83, тел. +38 (067) 598-43-51 додана до БД користувачем [Коваль Людмила].
[23-Apr-2025 13:18:55 Europe/Helsinki] NewDATA [INFO] Нова заявка Повірка, адреса: вул. Волковича 23, кв. 83, лічильники: БЕЗ НОМЕРА - 1 шт., вартість: 300 грн., примітки: 13-17 додано до БД користувачем [Коваль Людмила].
[2025-04-23T13:19:01.127] [INFO] DataBase - У заявці Повірка від 23 квітня 2025 р. за адресою вул. Волковича, буд. 23, кв. 83 додано виконавця ЗАПЛАНОВАНІ та додано дату виконання 29 квітня 2025 р. користувачем [Коваль Людмила].
[23-Apr-2025 13:19:42 Europe/Helsinki] NewDATA [INFO] Нова адреса вул. Мстиславська, буд. 28, кв. 25, тел. +38 (097) 441-96-33 додана до БД користувачем [Коваль Людмила].
[23-Apr-2025 13:20:14 Europe/Helsinki] NewDATA [INFO] Нова заявка Повірка, адреса: вул. Мстиславська 28, кв. 25, лічильники: БЕЗ НОМЕРА - 2 шт., вартість: 600 грн., примітки: 8-13,пер.за 30 хв. додано до БД користувачем [Коваль Людмила].
[2025-04-23T13:20:20.961] [INFO] DataBase - У заявці Повірка від 23 квітня 2025 р. за адресою вул. Мстиславська, буд. 28, кв. 25 додано виконавця ЗАПЛАНОВАНІ та додано дату виконання 9 травня 2025 р. користувачем [Коваль Людмила].
[23-Apr-2025 13:21:54 Europe/Helsinki] NewDATA [INFO] Нова адреса просп. Миру, буд. 45, кв. 23, тел. +38 (096) 410-74-04 додана до БД користувачем [Коваль Людмила].
[23-Apr-2025 13:22:26 Europe/Helsinki] NewDATA [INFO] Нова заявка Повірка, адреса: просп. Миру 45, кв. 23, лічильники: БЕЗ НОМЕРА - 1 шт., вартість: 300 грн., примітки: 13-17,пер.за час додано до БД користувачем [Коваль Людмила].
[2025-04-23T13:22:34.480] [INFO] DataBase - У заявці Повірка від 23 квітня 2025 р. за адресою просп. Миру, буд. 45, кв. 23 додано виконавця ЗАПЛАНОВАНІ та додано дату виконання 30 квітня 2025 р. користувачем [Коваль Людмила].
[23-Apr-2025 13:23:17 Europe/Helsinki] NewDATA [INFO] Нова адреса вул. Загривного Максима, буд. 3, корп. А, кв. 1, тел. +38 (067) 884-63-94 додана до БД користувачем [Коваль Людмила].
[23-Apr-2025 13:23:48 Europe/Helsinki] NewDATA [INFO] Нова заявка Повірка, адреса: вул. Загривного Максима 3 корпус А, кв. 1, лічильники: БЕЗ НОМЕРА - 2 шт., вартість: 600 грн., примітки: 13-17 додано до БД користувачем [Коваль Людмила].
[2025-04-23T13:23:58.273] [INFO] DataBase - У заявці Повірка від 23 квітня 2025 р. за адресою вул. Загривного Максима, буд. 3, корп. А, кв. 1 додано виконавця ЗАПЛАНОВАНІ та додано дату виконання 8 травня 2025 р. користувачем [Коваль Людмила].
[23-Apr-2025 13:24:51 Europe/Helsinki] EditDATA [INFO] За адресою вул. Мацієвського Олександра 12 корпус Б, кв. 49 користувачем [Коваль Людмила] змінені номери телефонів з +38(093)057-51-79 на +38(066)893-55-34, при створенні нової заявки [Повірка] від 23.04.2025.
[23-Apr-2025 13:24:51 Europe/Helsinki] NewDATA [INFO] Нова заявка Повірка, адреса: вул. Мацієвського Олександра 12 корпус Б, кв. 49, лічильники: БЕЗ НОМЕРА - 2 шт., вартість: 600 грн., примітки: 15-17,пер.за 30 хв. додано до БД користувачем [Коваль Людмила].
[2025-04-23T13:24:57.465] [INFO] DataBase - У заявці Повірка від 23 квітня 2025 р. за адресою вул. Мацієвського Олександра, буд. 12, корп. Б, кв. 49 додано виконавця ЗАПЛАНОВАНІ та додано дату виконання 2 травня 2025 р. користувачем [Коваль Людмила].
[23-Apr-2025 13:25:47 Europe/Helsinki] NewDATA [INFO] Нова адреса вул. 1-ої танкової бригади, буд. 22, кв. 20, тел. +38 (050) 465-50-67 додана до БД користувачем [Коваль Людмила].
[23-Apr-2025 13:26:26 Europe/Helsinki] NewDATA [INFO] Нова заявка Повірка, адреса: вул. 1-ої танкової бригади 22, кв. 20, лічильники: БЕЗ НОМЕРА - 4 шт., вартість: 1200 грн., примітки: 8-13,пер.за час додано до БД користувачем [Коваль Людмила].
[2025-04-23T13:26:31.684] [INFO] DataBase - У заявці Повірка від 23 квітня 2025 р. за адресою вул. 1-ої танкової бригади, буд. 22, кв. 20 додано виконавця ЗАПЛАНОВАНІ та додано дату виконання 16 травня 2025 р. користувачем [Коваль Людмила].
[23-Apr-2025 13:27:31 Europe/Helsinki] NewDATA [INFO] Новий лічильник номер: 9200087413, тип: ЛК => DN 15, рік випуску: 2019, показники: 0, балансоутримувач: КП "ВДК" додано до БД користувачем [Коваль Людмила].
[23-Apr-2025 13:27:55 Europe/Helsinki] NewDATA [INFO] Новий лічильник номер: 9200067301, тип: ЛК => DN 15, рік випуску: 2019, показники: 0, балансоутримувач: АТ "ОТКЕ" додано до БД користувачем [Коваль Людмила].
[23-Apr-2025 13:27:57 Europe/Helsinki] EditDATA [INFO] За адресою вул. Всіхсвятська, буд. 18, кв. 79 користувачем [Коваль Людмила] було додано лічильники: 9200087413, 9200067301].
[23-Apr-2025 13:28:35 Europe/Helsinki] NewDATA [INFO] Новий лічильник номер: 6662564, тип: ЛК => DN 15, рік випуску: 2016, показники: 0, балансоутримувач: КП "ВДК" додано до БД користувачем [Коваль Людмила].
[23-Apr-2025 13:28:57 Europe/Helsinki] NewDATA [INFO] Новий лічильник номер: 6642393, тип: ЛК => DN 15, рік випуску: 2016, показники: 0, балансоутримувач: АТ "ОТКЕ" додано до БД користувачем [Коваль Людмила].
[23-Apr-2025 13:28:59 Europe/Helsinki] EditDATA [INFO] За адресою вул. Всіхсвятська, буд. 10, корп. А, кв. 27 користувачем [Коваль Людмила] було додано лічильники: 6662564, 6642393].
[23-Apr-2025 13:29:32 Europe/Helsinki] NewDATA [INFO] Новий лічильник номер: 558413, тип: КВ-1,5 => DN 15, рік випуску: 2003, показники: 0, балансоутримувач: КП "ВДК" додано до БД користувачем [Коваль Людмила].
[23-Apr-2025 13:29:34 Europe/Helsinki] EditDATA [INFO] За адресою вул. Захисників України, буд. 12, корп. А, кв. 85 користувачем [Коваль Людмила] було додано лічильники: 558413].
[23-Apr-2025 13:30:15 Europe/Helsinki] NewDATA [INFO] Новий лічильник номер: 7952258, тип: ЛК => DN 15, рік випуску: 2017, показники: 0, балансоутримувач: КП "ВДК" додано до БД користувачем [Коваль Людмила].
[23-Apr-2025 13:30:37 Europe/Helsinki] NewDATA [INFO] Новий лічильник номер: 8006474, тип: ЛК => DN 15, рік випуску: 2017, показники: 0, балансоутримувач: АТ "ОТКЕ" додано до БД користувачем [Коваль Людмила].
[23-Apr-2025 13:30:39 Europe/Helsinki] EditDATA [INFO] За адресою просп. Левка Лукяненка, буд. 4, корп. А, кв. 109 користувачем [Коваль Людмила] було додано лічильники: 7952258, 8006474].
[23-Apr-2025 13:31:22 Europe/Helsinki] NewDATA [INFO] Новий лічильник номер: 7176418, тип: JS => DN 15, рік випуску: 2004, показники: 0, балансоутримувач: КП "ВДК" додано до БД користувачем [Коваль Людмила].
[23-Apr-2025 13:31:44 Europe/Helsinki] NewDATA [INFO] Новий лічильник номер: 7285353, тип: JS => DN 15, рік випуску: 2005, показники: 0, балансоутримувач: АТ "ОТКЕ" додано до БД користувачем [Коваль Людмила].
[23-Apr-2025 13:31:46 Europe/Helsinki] EditDATA [INFO] За адресою просп. Левка Лукяненка, буд. 37, кв. 49 користувачем [Коваль Людмила] було додано лічильники: 7176418, 7285353].
[23-Apr-2025 13:32:47 Europe/Helsinki] NewDATA [INFO] Новий лічильник номер: 00675423, тип: E-T 1,6-U => DN 15, рік випуску: 2021, показники: 0, балансоутримувач: КП "ВДК" додано до БД користувачем [Коваль Людмила].
[23-Apr-2025 13:33:12 Europe/Helsinki] NewDATA [INFO] Новий лічильник номер: 00667412, тип: E-T 1,6-U => DN 15, рік випуску: 2021, показники: 0, балансоутримувач: АТ "ОТКЕ" додано до БД користувачем [Коваль Людмила].
[23-Apr-2025 13:33:14 Europe/Helsinki] EditDATA [INFO] За адресою просп. Перемоги, буд. 168, кв. 8 користувачем [Коваль Людмила] було додано лічильники: 00675423, 00667412].
[23-Apr-2025 13:33:49 Europe/Helsinki] NewDATA [INFO] Новий лічильник номер: 103726, тип: КВ-1,5 => DN 15, рік випуску: 2007, показники: 0, балансоутримувач: КП "ВДК" додано до БД користувачем [Коваль Людмила].
[23-Apr-2025 13:33:52 Europe/Helsinki] EditDATA [INFO] За адресою просп. Перемоги, буд. 174, кв. 1 користувачем [Коваль Людмила] було додано лічильники: 103726].
[23-Apr-2025 13:34:40 Europe/Helsinki] NewDATA [INFO] Новий лічильник номер: 150395, тип: КВ-1,5 => DN 15, рік випуску: 2016, показники: 0, балансоутримувач: КП "ВДК" додано до БД користувачем [Коваль Людмила].
[23-Apr-2025 13:34:41 Europe/Helsinki] EditDATA [INFO] За адресою просп. Перемоги, буд. 203, кв. 66 користувачем [Коваль Людмила] було додано лічильники: 150395].
[23-Apr-2025 13:35:28 Europe/Helsinki] NewDATA [INFO] Новий лічильник номер: 001260, тип: КВ-1,5 => DN 15, рік випуску: 2006, показники: 0, балансоутримувач: КП "ВДК" додано до БД користувачем [Коваль Людмила].
[23-Apr-2025 13:35:49 Europe/Helsinki] NewDATA [INFO] Новий лічильник номер: 088967, тип: КВ-1,5 => DN 15, рік випуску: 2006, показники: 0, балансоутримувач: АТ "ОТКЕ" додано до БД користувачем [Коваль Людмила].
[23-Apr-2025 13:35:51 Europe/Helsinki] EditDATA [INFO] За адресою вул. Генерала Пухова, буд. 127, кв. 35 користувачем [Коваль Людмила] було додано лічильники: 001260, 088967].
[23-Apr-2025 13:36:26 Europe/Helsinki] NewDATA [INFO] Новий лічильник номер: 051511, тип: КВ-1,5 => DN 15, рік випуску: 2020, показники: 0, балансоутримувач: КП "ВДК" додано до БД користувачем [Коваль Людмила].
[23-Apr-2025 13:37:01 Europe/Helsinki] NewDATA [INFO] Новий лічильник номер: 08149469, тип: E-T => DN 15, рік випуску: 2008, показники: 0, балансоутримувач: АТ "ОТКЕ" додано до БД користувачем [Коваль Людмила].
[23-Apr-2025 13:37:03 Europe/Helsinki] EditDATA [INFO] За адресою вул. Генерала Пухова, буд. 142, кв. 149 користувачем [Коваль Людмила] було додано лічильники: 051511, 08149469].
[23-Apr-2025 14:35:49 Europe/Helsinki] EditDATA [INFO] Для заявки Повірка від 17.04.2025 користувачем [Коваль Людмила] змінено примітки з 13-17, за 30 хв на за 30 хв.
