[01-Oct-2024 09:18:53 Europe/Helsinki] NewDATA [INFO] Новий лічильник номер: 241471321, тип: СВК => DN 15, рік випуску: 2024, показники: 0, балансоутримувач: АТ "ОТКЕ" додано до БД користувачем [Сміян Альона].
[01-Oct-2024 09:19:02 Europe/Helsinki] EditDATA [INFO] Для заявки Заміна від 27.09.2024 користувачем [Сміян Альона] лічильник БЕЗ НОМЕРА ідентифіковано як 241471321.
[01-Oct-2024 09:19:12 Europe/Helsinki] DellTASK [INFO] Заміна від 27.09.2024 для адреси вул. Льотна, буд. 25, корп. Б, кв. 16 для лічильника 241471321 було завершено користувачем [Сміян Альона] з коментарем: виконано.
[01-Oct-2024 09:19:43 Europe/Helsinki] NewDATA [INFO] Новий лічильник номер: 241471508, тип: СВК => DN 15, рік випуску: 2024, показники: 0, балансоутримувач: КП "ВДК" додано до БД користувачем [Сміян Альона].
[01-Oct-2024 09:19:52 Europe/Helsinki] EditDATA [INFO] Для заявки Заміна від 27.09.2024 користувачем [Сміян Альона] лічильник БЕЗ НОМЕРА ідентифіковано як 241471508.
[01-Oct-2024 09:20:02 Europe/Helsinki] DellTASK [INFO] Заміна від 27.09.2024 для адреси вул. Преображенська, буд. 14, корп. А, кв. 12 для лічильника 241471508 було завершено користувачем [Сміян Альона] з коментарем: виконано.
[01-Oct-2024 09:20:32 Europe/Helsinki] NewDATA [INFO] Новий лічильник номер: 241474953, тип: СВК => DN 15, рік випуску: 2024, показники: 0, балансоутримувач: КП "ВДК" додано до БД користувачем [Сміян Альона].
[01-Oct-2024 09:20:46 Europe/Helsinki] EditDATA [INFO] Для заявки Заміна від 27.09.2024 користувачем [Сміян Альона] лічильник БЕЗ НОМЕРА ідентифіковано як 241474953.
[01-Oct-2024 09:20:57 Europe/Helsinki] DellTASK [INFO] Заміна від 27.09.2024 для адреси вул. Гонча, буд. 77, корп. А, кв. 2 для лічильника 241474953 було завершено користувачем [Сміян Альона] з коментарем: виконано.
[01-Oct-2024 09:21:14 Europe/Helsinki] DellTASK [INFO] Заміна від 27.09.2024 для адреси вул. Радченка Вячеслава, буд. 12, кв. 51 для лічильника 8463224 було завершено користувачем [Сміян Альона] з коментарем: виконано.
[01-Oct-2024 09:21:30 Europe/Helsinki] DellTASK [INFO] Заміна від 26.09.2024 для адреси вул. Незалежності, буд. 14, кв. 170 для лічильника БЕЗ НОМЕРА - 1 шт. було завершено користувачем [Сміян Альона] з коментарем: виконано.
[01-Oct-2024 09:22:05 Europe/Helsinki] NewDATA [INFO] Новий лічильник номер: 241475216, тип: СВК => DN 15, рік випуску: 2024, показники: 0, балансоутримувач: КП "ВДК" додано до БД користувачем [Сміян Альона].
[01-Oct-2024 09:22:15 Europe/Helsinki] EditDATA [INFO] Для заявки Заміна від 26.09.2024 користувачем [Сміян Альона] лічильник БЕЗ НОМЕРА ідентифіковано як 241475216.
[01-Oct-2024 09:22:24 Europe/Helsinki] DellTASK [INFO] Заміна від 26.09.2024 для адреси вул. Любецька, буд. 44, корп. В, кв. 10 для лічильника 241475216 було завершено користувачем [Сміян Альона] з коментарем: виконано.
[01-Oct-2024 09:23:01 Europe/Helsinki] NewDATA [INFO] Новий лічильник номер: 241471506, тип: СВК => DN 15, рік випуску: 2024, показники: 0, балансоутримувач: КП "ВДК" додано до БД користувачем [Сміян Альона].
[01-Oct-2024 09:23:47 Europe/Helsinki] EditDATA [INFO] Для заявки Заміна від 26.09.2024 користувачем [Сміян Альона] лічильник БЕЗ НОМЕРА ідентифіковано як 241471506.
[01-Oct-2024 09:24:08 Europe/Helsinki] NewDATA [INFO] Новий лічильник номер: 241471322, тип: СВК => DN 15, рік випуску: 2024, показники: 0, балансоутримувач: КП "ВДК" додано до БД користувачем [Сміян Альона].
[01-Oct-2024 09:24:19 Europe/Helsinki] EditDATA [INFO] Для заявки Заміна від 26.09.2024 користувачем [Сміян Альона] лічильник БЕЗ НОМЕРА ідентифіковано як 241471322.
[01-Oct-2024 09:24:28 Europe/Helsinki] DellTASK [INFO] Заміна від 26.09.2024 для адреси вул. Космонавтів, буд. 26, кв. 77 для лічильників 241471506, 241471322 було завершено користувачем [Сміян Альона] з коментарем: виконано.
[01-Oct-2024 09:24:44 Europe/Helsinki] DellTASK [INFO] Заміна від 26.09.2024 для адреси вул. Доценка, буд. 26, кв. 241 для лічильника БЕЗ НОМЕРА - 1 шт. було завершено користувачем [Сміян Альона] з коментарем: виконано.
[01-Oct-2024 09:32:01 Europe/Helsinki] NewDATA [INFO] Нова адреса просп. Левка Лукяненка, буд. 44, кв. 11, тел. +38 (095) 390-51-04 додана до БД користувачем [Сміян Альона].
[01-Oct-2024 09:32:38 Europe/Helsinki] NewDATA [INFO] Нова заявка Повірка, адреса: просп. Левка Лукяненка 44, кв. 11, лічильники: БЕЗ НОМЕРА - 2 шт., вартість: 600 грн., примітки: 9-13 30хв додано до БД користувачем [Сміян Альона].
[2024-10-01T09:32:43.422] [INFO] DataBase - У заявці Повірка від 1 жовтня 2024 р. за адресою просп. Левка Лукяненка, буд. 44, кв. 11 додано виконавця ЗАПЛАНОВАНІ та додано дату виконання 2 жовтня 2024 р. користувачем [Сміян Альона].
[01-Oct-2024 09:41:04 Europe/Helsinki] EditDATA [INFO] За адресою вул. Генерала Пухова 133, кв. 13 користувачем [Сміян Альона] змінені номери телефонів з +38(096)456-57-77, +38(0462)62-21-62 на +38(066)144-40-60, при створенні нової заявки [Повірка] від 01.10.2024.
[01-Oct-2024 09:41:04 Europe/Helsinki] NewDATA [INFO] Нова заявка Повірка, адреса: вул. Генерала Пухова 133, кв. 13, лічильники: БЕЗ НОМЕРА - 1 шт., вартість: 300 грн., примітки: 8-13 30хв додано до БД користувачем [Сміян Альона].
[2024-10-01T09:41:13.771] [INFO] DataBase - У заявці Повірка від 1 жовтня 2024 р. за адресою вул. Генерала Пухова, буд. 133, кв. 13 додано виконавця ЗАПЛАНОВАНІ та додано дату виконання 4 жовтня 2024 р. користувачем [Сміян Альона].
[01-Oct-2024 09:42:10 Europe/Helsinki] NewDATA [INFO] Нова заявка Заміна, адреса: вул. Захисників України 10 корпус А, кв. 40, лічильники: 700114, виконавець: Баранов, вартість: 1060 грн., примітки: 1хв, туалет, №700114 додано до БД користувачем [Сусло Тетяна].
[01-Oct-2024 09:43:05 Europe/Helsinki] EditDATA [INFO] За адресою вул. 1-ї Гвардійської Армії 14, кв. 35 користувачем [Сусло Тетяна] змінені номери телефонів з +38(063)630-80-05, +38(063)392-74-85 на +38(063)630-80-05, при створенні нової заявки [Заміна] від 01.10.2024.
[01-Oct-2024 09:43:05 Europe/Helsinki] NewDATA [INFO] Нова заявка Заміна, адреса: вул. 1-ї Гвардійської Армії 14, кв. 35, лічильники: БЕЗ НОМЕРА - 1 шт., виконавець: Баранов, вартість: 1060 грн., примітки: 8-13, 1гв, туалет додано до БД користувачем [Сусло Тетяна].
[2024-10-01T09:45:29.156] [INFO] DataBase - У заявці Заміна від 1 жовтня 2024 р. за адресою вул. 1-ї Гвардійської Армії, буд. 14, кв. 35 додано дату виконання 3 жовтня 2024 р. користувачем [Сусло Тетяна].
[01-Oct-2024 09:45:47 Europe/Helsinki] EditDATA [INFO] Для заявки Заміна від 26.09.2024 користувачем [Сусло Тетяна] змінено примітки з 1х/в 365610 8-13 на 1х/в 365610 8-13, за 1 год.
[01-Oct-2024 09:46:07 Europe/Helsinki] EditDATA [INFO] Для заявки Заміна від 26.09.2024 користувачем [Сусло Тетяна] змінено примітки з 1х/в 365610 8-13, за 1 год на 1х/в 365610 8-13.
[01-Oct-2024 09:46:25 Europe/Helsinki] EditDATA [INFO] Для заявки Заміна від 01.10.2024 користувачем [Сусло Тетяна] змінено примітки з 8-13, 1гв, туалет на 8-13, 1гв, туалет, за 1 год.
[01-Oct-2024 09:47:31 Europe/Helsinki] NewDATA [INFO] Нова адреса вул. Шевченка, буд. 110, кв. 48, тел. +38 (097) 875-86-27 додана до БД користувачем [Сміян Альона].
[01-Oct-2024 09:48:13 Europe/Helsinki] NewDATA [INFO] Нова заявка Повірка, адреса: вул. Шевченка 110, кв. 48, лічильники: БЕЗ НОМЕРА - 4 шт., вартість: 1200 грн., примітки: 8-13 30хв додано до БД користувачем [Сміян Альона].
[2024-10-01T09:48:18.960] [INFO] DataBase - У заявці Повірка від 1 жовтня 2024 р. за адресою вул. Шевченка, буд. 110, кв. 48 додано виконавця ЗАПЛАНОВАНІ та додано дату виконання 2 жовтня 2024 р. користувачем [Сміян Альона].
[01-Oct-2024 09:49:24 Europe/Helsinki] NewDATA [INFO] Нова адреса пров. Міхнюка Олега, буд. 41, корп. А/1, кв. 13, тел. +38 (096) 341-01-35 додана до БД користувачем [Сусло Тетяна].
[01-Oct-2024 09:53:02 Europe/Helsinki] NewDATA [INFO] Нова адреса вул. Мазепи Івана, буд. 47, кв. 50, тел. +38 (093) 167-05-92 додана до БД користувачем [Сміян Альона].
[01-Oct-2024 09:53:34 Europe/Helsinki] NewDATA [INFO] Нова заявка Повірка, адреса: вул. Мазепи Івана 47, кв. 50, лічильники: БЕЗ НОМЕРА - 2 шт., вартість: 600 грн., примітки: 8-10 додано до БД користувачем [Сміян Альона].
[2024-10-01T09:53:42.859] [INFO] DataBase - У заявці Повірка від 1 жовтня 2024 р. за адресою вул. Мазепи Івана, буд. 47, кв. 50 додано виконавця ЗАПЛАНОВАНІ та додано дату виконання 7 жовтня 2024 р. користувачем [Сміян Альона].
[01-Oct-2024 10:01:34 Europe/Helsinki] NewDATA [INFO] Нова заявка Заміна, адреса: просп. Миру 207, кв. 9, лічильники: 457247, вартість: 350 грн., примітки: 1х/в 457247 13-17 додано до БД користувачем [Сміян Альона].
[2024-10-01T10:01:39.225] [INFO] DataBase - У заявці Заміна від 1 жовтня 2024 р. за адресою просп. Миру, буд. 207, кв. 9 додано виконавця Баранов та додано дату виконання 2 жовтня 2024 р. користувачем [Сміян Альона].
[01-Oct-2024 10:07:29 Europe/Helsinki] EditDATA [INFO] За адресою вул. Міхнюка Олега 41 корпус А-2, кв. 13 користувачем [Сусло Тетяна] додано номер телефону +38(096)341-01-35, при створенні нової заявки [Повірка] від 01.10.2024.
[01-Oct-2024 10:07:30 Europe/Helsinki] NewDATA [INFO] Нова заявка Повірка, адреса: вул. Міхнюка Олега 41 корпус А-2, кв. 13, лічильники: БЕЗ НОМЕРА - 2 шт., вартість: 600 грн., примітки: 8-13, за 30 хв додано до БД користувачем [Сусло Тетяна].
[2024-10-01T10:07:37.055] [INFO] DataBase - У заявці Повірка від 1 жовтня 2024 р. за адресою вул. Міхнюка Олега, буд. 41, корп. А-2, кв. 13 додано виконавця ЗАПЛАНОВАНІ та додано дату виконання 2 жовтня 2024 р. користувачем [Сусло Тетяна].
[01-Oct-2024 10:08:55 Europe/Helsinki] EditDATA [INFO] За адресою вул. Мазепи Івана 60 корпус А, кв. 31 користувачем [Сусло Тетяна] змінені номери телефонів з +38(066)169-79-80, +38(063)354-78-64, +38(073)433-67-18, +38(093)390-58-46 на +38(093)064-62-99, при створенні нової заявки [Повірка] від 01.10.2024.
[01-Oct-2024 10:08:55 Europe/Helsinki] NewDATA [INFO] Нова заявка Повірка, адреса: вул. Мазепи Івана 60 корпус А, кв. 31, лічильники: БЕЗ НОМЕРА - 2 шт., вартість: 600 грн., примітки: 8-13 додано до БД користувачем [Сусло Тетяна].
[2024-10-01T10:09:04.576] [INFO] DataBase - У заявці Повірка від 1 жовтня 2024 р. за адресою вул. Мазепи Івана, буд. 60, корп. А, кв. 31 додано виконавця ЗАПЛАНОВАНІ та додано дату виконання 4 жовтня 2024 р. користувачем [Сусло Тетяна].
[01-Oct-2024 10:09:39 Europe/Helsinki] NewDATA [INFO] Нова заявка Повірка, адреса: вул. Шевченка 114 корпус А, кв. 22, лічильники: БЕЗ НОМЕРА - 1 шт., вартість: 300 грн., примітки: 8-13 додано до БД користувачем [Сусло Тетяна].
[2024-10-01T10:09:47.028] [INFO] DataBase - У заявці Повірка від 1 жовтня 2024 р. за адресою вул. Шевченка, буд. 114, корп. А, кв. 22 додано виконавця ЗАПЛАНОВАНІ та додано дату виконання 2 жовтня 2024 р. користувачем [Сусло Тетяна].
[01-Oct-2024 10:11:29 Europe/Helsinki] NewDATA [INFO] Нова адреса вул. Генерала Пухова, буд. 115, кв. 45 додана до БД користувачем [Сусло Тетяна].
[01-Oct-2024 10:12:20 Europe/Helsinki] EditDATA [INFO] За адресою вул. Генерала Пухова 115, кв. 45 користувачем [Сусло Тетяна] додано номер телефону +38(096)449-60-49, при створенні нової заявки [Повірка] від 01.10.2024.
[01-Oct-2024 10:12:20 Europe/Helsinki] NewDATA [INFO] Нова заявка Повірка, адреса: вул. Генерала Пухова 115, кв. 45, лічильники: БЕЗ НОМЕРА - 4 шт., вартість: 1200 грн., примітки: 8-13, домофон не працює додано до БД користувачем [Сусло Тетяна].
[2024-10-01T10:12:26.026] [INFO] DataBase - У заявці Повірка від 1 жовтня 2024 р. за адресою вул. Генерала Пухова, буд. 115, кв. 45 додано виконавця ЗАПЛАНОВАНІ та додано дату виконання 4 жовтня 2024 р. користувачем [Сусло Тетяна].
[01-Oct-2024 10:13:06 Europe/Helsinki] NewDATA [INFO] Нова адреса вул. Гоголя, буд. 22, кв. 10 додана до БД користувачем [Сусло Тетяна].
[01-Oct-2024 10:14:42 Europe/Helsinki] EditDATA [INFO] За адресою вул. Гоголя 22, кв. 10 користувачем [Сусло Тетяна] додані номери телефонів +38(099)351-88-23, +38(073)351-88-23, при створенні нової заявки [Повірка] від 01.10.2024.
[01-Oct-2024 10:14:42 Europe/Helsinki] NewDATA [INFO] Нова заявка Повірка, адреса: вул. Гоголя 22, кв. 10, лічильники: БЕЗ НОМЕРА - 4 шт., вартість: 1200 грн., примітки: 10-14, за 30 хв додано до БД користувачем [Сусло Тетяна].
[2024-10-01T10:14:48.180] [INFO] DataBase - У заявці Повірка від 1 жовтня 2024 р. за адресою вул. Гоголя, буд. 22, кв. 10 додано виконавця ЗАПЛАНОВАНІ та додано дату виконання 7 жовтня 2024 р. користувачем [Сусло Тетяна].
[01-Oct-2024 10:15:53 Europe/Helsinki] NewDATA [INFO] Нова адреса вул. Захисників України, буд. 2, кв. 35, тел. +38 (097) 545-65-49 додана до БД користувачем [Сусло Тетяна].
[01-Oct-2024 10:16:22 Europe/Helsinki] NewDATA [INFO] Нова заявка Повірка, адреса: вул. Захисників України 2, кв. 35, лічильники: БЕЗ НОМЕРА - 1 шт., вартість: 300 грн., примітки: 8-13 додано до БД користувачем [Сусло Тетяна].
[2024-10-01T10:16:27.907] [INFO] DataBase - У заявці Повірка від 1 жовтня 2024 р. за адресою вул. Захисників України, буд. 2, кв. 35 додано виконавця ЗАПЛАНОВАНІ та додано дату виконання 8 жовтня 2024 р. користувачем [Сусло Тетяна].
[01-Oct-2024 10:17:51 Europe/Helsinki] EditDATA [INFO] За адресою вул. Кореня Терентія 9, кв. 93 користувачем [Сусло Тетяна] змінені номери телефонів з +38(093)314-63-20, +38(067)706-38-35, +38(093)963-74-96 на +38(093)963-74-96, при створенні нової заявки [Повірка] від 01.10.2024.
[01-Oct-2024 10:17:51 Europe/Helsinki] NewDATA [INFO] Нова заявка Повірка, адреса: вул. Кореня Терентія 9, кв. 93, лічильники: БЕЗ НОМЕРА - 2 шт., вартість: 600 грн., примітки: 8-13 додано до БД користувачем [Сусло Тетяна].
[2024-10-01T10:17:55.142] [INFO] DataBase - У заявці Повірка від 1 жовтня 2024 р. за адресою вул. Кореня Терентія, буд. 9, кв. 93 додано виконавця ЗАПЛАНОВАНІ та додано дату виконання 3 жовтня 2024 р. користувачем [Сусло Тетяна].
[01-Oct-2024 10:18:44 Europe/Helsinki] EditDATA [INFO] За адресою вул. Савчука 11, кв. 10 користувачем [Сусло Тетяна] змінені номери телефонів з +38(0462)62-04-01 на +38(095)463-24-74, при створенні нової заявки [Повірка] від 01.10.2024.
[01-Oct-2024 10:18:44 Europe/Helsinki] NewDATA [INFO] Нова заявка Повірка, адреса: вул. Савчука 11, кв. 10, лічильники: БЕЗ НОМЕРА - 2 шт., вартість: 600 грн., примітки: 8-10 додано до БД користувачем [Сусло Тетяна].
[2024-10-01T10:18:50.268] [INFO] DataBase - У заявці Повірка від 1 жовтня 2024 р. за адресою вул. Савчука, буд. 11, кв. 10 додано виконавця ЗАПЛАНОВАНІ та додано дату виконання 2 жовтня 2024 р. користувачем [Сусло Тетяна].
[01-Oct-2024 10:19:43 Europe/Helsinki] EditDATA [INFO] За адресою вул. Незалежності 24, кв. 6 користувачем [Сусло Тетяна] змінені номери телефонів з +38(093)998-39-79 на +38(066)984-08-72, при створенні нової заявки [Повірка] від 01.10.2024.
[01-Oct-2024 10:19:43 Europe/Helsinki] NewDATA [INFO] Нова заявка Повірка, адреса: вул. Незалежності 24, кв. 6, лічильники: БЕЗ НОМЕРА - 2 шт., вартість: 600 грн., примітки: 8-13 додано до БД користувачем [Сусло Тетяна].
[01-Oct-2024 10:20:16 Europe/Helsinki] NewDATA [INFO] Нова заявка Повірка, адреса: вул. Незалежності 48, кв. 21, лічильники: БЕЗ НОМЕРА - 2 шт., вартість: 600 грн., примітки: 8-13 додано до БД користувачем [Сусло Тетяна].
[2024-10-01T10:20:20.709] [INFO] DataBase - У заявці Повірка від 1 жовтня 2024 р. за адресою вул. Незалежності, буд. 48, кв. 21 додано виконавця ЗАПЛАНОВАНІ та додано дату виконання 3 жовтня 2024 р. користувачем [Сусло Тетяна].
[2024-10-01T10:20:22.292] [INFO] DataBase - У заявці Повірка від 1 жовтня 2024 р. за адресою вул. Незалежності, буд. 24, кв. 6 додано виконавця ЗАПЛАНОВАНІ та додано дату виконання 3 жовтня 2024 р. користувачем [Сусло Тетяна].
[01-Oct-2024 10:20:57 Europe/Helsinki] NewDATA [INFO] Нова адреса вул. Генерала Пухова, буд. 103, кв. 32, тел. +38 (067) 464-28-75 додана до БД користувачем [Сміян Альона].
[01-Oct-2024 10:21:36 Europe/Helsinki] NewDATA [INFO] Нова заявка Повірка, адреса: вул. Генерала Пухова 103, кв. 32, лічильники: БЕЗ НОМЕРА - 3 шт., вартість: 900 грн., примітки: 13-17 30хв додано до БД користувачем [Сміян Альона].
[2024-10-01T10:21:43.331] [INFO] DataBase - У заявці Повірка від 1 жовтня 2024 р. за адресою вул. Генерала Пухова, буд. 103, кв. 32 додано виконавця ЗАПЛАНОВАНІ та додано дату виконання 3 жовтня 2024 р. користувачем [Сміян Альона].
[01-Oct-2024 10:32:26 Europe/Helsinki] EditDATA [INFO] Для заявки Повірка від 01.10.2024 користувачем [Сусло Тетяна] змінено виконавця з ЗАПЛАНОВАНІ на Сірий.
[01-Oct-2024 10:32:46 Europe/Helsinki] EditDATA [INFO] Для заявки Повірка від 01.10.2024 користувачем [Сусло Тетяна] змінено виконавця з ЗАПЛАНОВАНІ на Сірий.
[01-Oct-2024 10:42:04 Europe/Helsinki] EditDATA [INFO] За адресою вул. Корольова 18, кв. 21 користувачем [Сміян Альона] додано номер телефону +38(050)532-39-70, при створенні нової заявки [Повірка] від 01.10.2024.
[01-Oct-2024 10:42:04 Europe/Helsinki] NewDATA [INFO] Нова заявка Повірка, адреса: вул. Корольова 18, кв. 21, лічильники: БЕЗ НОМЕРА - 1 шт., вартість: 300 грн., примітки: 8-13 додано до БД користувачем [Сміян Альона].
[2024-10-01T10:42:11.762] [INFO] DataBase - У заявці Повірка від 1 жовтня 2024 р. за адресою вул. Корольова, буд. 18, кв. 21 додано виконавця ЗАПЛАНОВАНІ та додано дату виконання 7 жовтня 2024 р. користувачем [Сміян Альона].
[01-Oct-2024 10:50:45 Europe/Helsinki] DellTASK [INFO] Повірка від 27.09.2024 для адреси вул. Шевченка, буд. 114, корп. А, кв. 2 для лічильника БЕЗ НОМЕРА - 1 шт. було відмінено користувачем [Сусло Тетяна] з коментарем: відмова.
[01-Oct-2024 10:51:11 Europe/Helsinki] EditDATA [INFO] Для заявки Повірка від 27.09.2024 користувачем [Сусло Тетяна] змінено примітки з 8-13 на 8-13, за 1 год.
[01-Oct-2024 10:56:25 Europe/Helsinki] NewDATA [INFO] Нова адреса просп. Миру, буд. 65, кв. 56, тел. +38 (063) 402-37-57 додана до БД користувачем [Сусло Тетяна].
[01-Oct-2024 10:57:03 Europe/Helsinki] NewDATA [INFO] Нова заявка Повірка, адреса: просп. Миру 65, кв. 56, лічильники: БЕЗ НОМЕРА - 4 шт., вартість: 1200 грн., примітки: 13-18, за 30 хв додано до БД користувачем [Сусло Тетяна].
[2024-10-01T10:57:55.124] [INFO] DataBase - У заявці Повірка від 1 жовтня 2024 р. за адресою просп. Миру, буд. 65, кв. 56 додано виконавця ЗАПЛАНОВАНІ та додано дату виконання 2 жовтня 2024 р. користувачем [Сусло Тетяна].
[01-Oct-2024 11:22:19 Europe/Helsinki] EditDATA [INFO] За адресою вул. Доценка 32, кв. 5 користувачем [Сміян Альона] змінені номери телефонів з +38(067)801-86-68, +38(0462)60-82-71 на +38(067)801-86-68, при створенні нової заявки [Повірка] від 01.10.2024.
[01-Oct-2024 11:22:19 Europe/Helsinki] NewDATA [INFO] Нова заявка Повірка, адреса: вул. Доценка 32, кв. 5, лічильники: БЕЗ НОМЕРА - 2 шт., вартість: 600 грн., примітки: 8-13 додано до БД користувачем [Сміян Альона].
[2024-10-01T11:22:26.245] [INFO] DataBase - У заявці Повірка від 1 жовтня 2024 р. за адресою вул. Доценка, буд. 32, кв. 5 додано виконавця ЗАПЛАНОВАНІ та додано дату виконання 2 жовтня 2024 р. користувачем [Сміян Альона].
[01-Oct-2024 11:23:17 Europe/Helsinki] NewDATA [INFO] Нова адреса вул. Мстиславська, буд. 56, кв. 2, тел. +38 (093) 350-32-39 додана до БД користувачем [Сміян Альона].
[01-Oct-2024 11:25:03 Europe/Helsinki] NewDATA [INFO] Нова адреса вул. Мстиславська, буд. 56, кв. 82, тел. +38 (093) 350-32-39 додана до БД користувачем [Сміян Альона].
[01-Oct-2024 11:25:29 Europe/Helsinki] NewDATA [INFO] Нова заявка Повірка, адреса: вул. Мстиславська 56, кв. 82, лічильники: БЕЗ НОМЕРА - 2 шт., вартість: 600 грн. додано до БД користувачем [Сміян Альона].
[2024-10-01T11:25:34.952] [INFO] DataBase - У заявці Повірка від 1 жовтня 2024 р. за адресою вул. Мстиславська, буд. 56, кв. 82 додано виконавця Осипенко та додано дату виконання 1 жовтня 2024 р. користувачем [Сміян Альона].
[01-Oct-2024 11:25:41 Europe/Helsinki] EditDATA [INFO] За адресою вул. курсанта Єськова 10 корпус 2, кв. 62 користувачем [Сусло Тетяна] змінені номери телефонів з +38(0462)60-52-31, +38(093)126-13-54, +38(068)070-27-33, +38(050)297-50-53 на +38(068)070-27-33, при створенні нової заявки [Повірка] від 01.10.2024.
[01-Oct-2024 11:25:41 Europe/Helsinki] NewDATA [INFO] Нова заявка Повірка, адреса: вул. курсанта Єськова 10 корпус 2, кв. 62, лічильники: БЕЗ НОМЕРА - 1 шт., вартість: 300 грн., примітки: 8-13, за 30 хв додано до БД користувачем [Сусло Тетяна].
[2024-10-01T11:26:08.598] [INFO] DataBase - У заявці Повірка від 1 жовтня 2024 р. за адресою вул. курсанта Єськова, буд. 10, корп. 2, кв. 62 додано виконавця ЗАПЛАНОВАНІ та додано дату виконання 4 жовтня 2024 р. користувачем [Сусло Тетяна].
[01-Oct-2024 11:27:17 Europe/Helsinki] NewDATA [INFO] Нова адреса вул. Козацька, буд. 9, корп. А, кв. 85, тел. +38 (067) 501-76-32 додана до БД користувачем [Сусло Тетяна].
[01-Oct-2024 11:28:02 Europe/Helsinki] NewDATA [INFO] Нова адреса вул. Козацька, буд. 9, корп. Б, кв. 85 додана до БД користувачем [Сусло Тетяна].
[01-Oct-2024 11:28:52 Europe/Helsinki] EditDATA [INFO] За адресою вул. Козацька 9 корпус Б, кв. 85 користувачем [Сусло Тетяна] додано номер телефону +38(067)501-76-32, при створенні нової заявки [Повірка] від 01.10.2024.
[01-Oct-2024 11:28:52 Europe/Helsinki] NewDATA [INFO] Нова заявка Повірка, адреса: вул. Козацька 9 корпус Б, кв. 85, лічильники: БЕЗ НОМЕРА - 1 шт., вартість: 300 грн. додано до БД користувачем [Сусло Тетяна].
[2024-10-01T11:29:01.224] [INFO] DataBase - У заявці Повірка від 1 жовтня 2024 р. за адресою вул. Козацька, буд. 9, корп. Б, кв. 85 додано виконавця Богомаз та додано дату виконання 1 жовтня 2024 р. користувачем [Сусло Тетяна].
[01-Oct-2024 11:33:28 Europe/Helsinki] EditDATA [INFO] Для заявки Повірка від 25.09.2024 користувачем [Сусло Тетяна] змінено виконавця з ЗАПЛАНОВАНІ на Ващенко.
[01-Oct-2024 11:33:38 Europe/Helsinki] EditDATA [INFO] Для заявки Повірка від 01.10.2024 користувачем [Сусло Тетяна] змінено виконавця з ЗАПЛАНОВАНІ на Ващенко.
[01-Oct-2024 11:33:56 Europe/Helsinki] EditDATA [INFO] Для заявки Повірка від 01.10.2024 користувачем [Сусло Тетяна] змінено виконавця з ЗАПЛАНОВАНІ на Ващенко.
[01-Oct-2024 11:37:41 Europe/Helsinki] NewDATA [INFO] Нова адреса вул. Шевченка, буд. 47, корп. А, кв. 3, тел. +38 (096) 244-59-08 додана до БД користувачем [Сусло Тетяна].
[01-Oct-2024 11:38:09 Europe/Helsinki] NewDATA [INFO] Нова заявка Повірка, адреса: вул. Шевченка 47 корпус А, кв. 3, лічильники: БЕЗ НОМЕРА - 1 шт., вартість: 300 грн., примітки: 8-13 додано до БД користувачем [Сусло Тетяна].
[2024-10-01T11:38:14.190] [INFO] DataBase - У заявці Повірка від 1 жовтня 2024 р. за адресою вул. Шевченка, буд. 47, корп. А, кв. 3 додано виконавця ЗАПЛАНОВАНІ та додано дату виконання 4 жовтня 2024 р. користувачем [Сусло Тетяна].
[01-Oct-2024 11:45:08 Europe/Helsinki] NewDATA [INFO] Нова адреса вул. Доценка, буд. 7, корп. В, кв. 2, тел. +38 (093) 426-98-27 додана до БД користувачем [Сусло Тетяна].
[01-Oct-2024 11:45:52 Europe/Helsinki] NewDATA [INFO] Нова заявка Повірка, адреса: вул. Доценка 7 корпус В, кв. 2, лічильники: БЕЗ НОМЕРА - 2 шт., вартість: 600 грн., примітки: 9-13, за 30 хв додано до БД користувачем [Сусло Тетяна].
[2024-10-01T11:46:00.970] [INFO] DataBase - У заявці Повірка від 1 жовтня 2024 р. за адресою вул. Доценка, буд. 7, корп. В, кв. 2 додано виконавця ЗАПЛАНОВАНІ та додано дату виконання 2 жовтня 2024 р. користувачем [Сусло Тетяна].
[01-Oct-2024 11:46:07 Europe/Helsinki] EditDATA [INFO] Для заявки Повірка від 01.10.2024 користувачем [Сусло Тетяна] змінено виконавця з ЗАПЛАНОВАНІ на Ващенко.
[01-Oct-2024 11:50:19 Europe/Helsinki] EditDATA [INFO] Для заявки Повірка від 01.10.2024 користувачем [Сусло Тетяна] змінено виконавця з ЗАПЛАНОВАНІ на Осипенко.
[01-Oct-2024 11:50:31 Europe/Helsinki] EditDATA [INFO] Для заявки Повірка від 30.09.2024 користувачем [Сусло Тетяна] змінено виконавця з ЗАПЛАНОВАНІ на Осипенко.
[01-Oct-2024 11:50:46 Europe/Helsinki] EditDATA [INFO] Для заявки Повірка від 27.09.2024 користувачем [Сусло Тетяна] змінено виконавця з ЗАПЛАНОВАНІ на Осипенко.
[01-Oct-2024 11:50:58 Europe/Helsinki] EditDATA [INFO] Для заявки Повірка від 26.09.2024 користувачем [Сусло Тетяна] змінено виконавця з ЗАПЛАНОВАНІ на Осипенко.
[01-Oct-2024 11:51:11 Europe/Helsinki] EditDATA [INFO] Для заявки Повірка від 26.09.2024 користувачем [Сусло Тетяна] змінено виконавця з ЗАПЛАНОВАНІ на Осипенко.
[01-Oct-2024 11:51:23 Europe/Helsinki] EditDATA [INFO] Для заявки Повірка від 26.09.2024 користувачем [Сусло Тетяна] змінено виконавця з ЗАПЛАНОВАНІ на Осипенко.
[01-Oct-2024 11:51:33 Europe/Helsinki] EditDATA [INFO] За адресою просп. Перемоги 147, кв. 115 користувачем [Сміян Альона] змінені номери телефонів з +38(096)522-57-97, +38(0462)62-27-15, +38(063)715-55-78 на +38(096)522-57-97, при створенні нової заявки [Повірка] від 01.10.2024.
[01-Oct-2024 11:51:33 Europe/Helsinki] NewDATA [INFO] Нова заявка Повірка, адреса: просп. Перемоги 147, кв. 115, лічильники: БЕЗ НОМЕРА - 1 шт., вартість: 300 грн., примітки: 8-13 додано до БД користувачем [Сміян Альона].
[2024-10-01T11:51:40.046] [INFO] DataBase - У заявці Повірка від 1 жовтня 2024 р. за адресою просп. Перемоги, буд. 147, кв. 115 додано виконавця ЗАПЛАНОВАНІ та додано дату виконання 4 жовтня 2024 р. користувачем [Сміян Альона].
[01-Oct-2024 11:53:29 Europe/Helsinki] EditDATA [INFO] Для заявки Повірка від 30.09.2024 користувачем [Сусло Тетяна] змінено виконавця з ЗАПЛАНОВАНІ на Ващенко.
[01-Oct-2024 11:54:06 Europe/Helsinki] EditDATA [INFO] Для заявки Повірка від 17.09.2024 користувачем [Сусло Тетяна] змінено виконавця з ЗАПЛАНОВАНІ на Шкуліпа.
[01-Oct-2024 11:54:18 Europe/Helsinki] EditDATA [INFO] Для заявки Повірка від 01.10.2024 користувачем [Сусло Тетяна] змінено виконавця з ЗАПЛАНОВАНІ на Шкуліпа.
[01-Oct-2024 11:54:38 Europe/Helsinki] EditDATA [INFO] Для заявки Повірка від 30.09.2024 користувачем [Сусло Тетяна] змінено виконавця з ЗАПЛАНОВАНІ на Богомаз.
[01-Oct-2024 11:54:56 Europe/Helsinki] EditDATA [INFO] Для заявки Повірка від 30.09.2024 користувачем [Сусло Тетяна] змінено виконавця з ЗАПЛАНОВАНІ на Богомаз.
[01-Oct-2024 11:55:05 Europe/Helsinki] EditDATA [INFO] Для заявки Повірка від 30.09.2024 користувачем [Сусло Тетяна] змінено виконавця з ЗАПЛАНОВАНІ на Шкуліпа.
[01-Oct-2024 11:55:15 Europe/Helsinki] EditDATA [INFO] Для заявки Повірка від 30.09.2024 користувачем [Сусло Тетяна] змінено виконавця з ЗАПЛАНОВАНІ на Шкуліпа.
[01-Oct-2024 11:55:32 Europe/Helsinki] EditDATA [INFO] Для заявки Повірка від 30.09.2024 користувачем [Сусло Тетяна] змінено виконавця з ЗАПЛАНОВАНІ на Богомаз.
[01-Oct-2024 11:55:53 Europe/Helsinki] EditDATA [INFO] Для заявки Повірка від 27.09.2024 користувачем [Сусло Тетяна] змінено виконавця з ЗАПЛАНОВАНІ на Шкуліпа.
[01-Oct-2024 11:56:02 Europe/Helsinki] EditDATA [INFO] Для заявки Повірка від 26.09.2024 користувачем [Сусло Тетяна] змінено виконавця з ЗАПЛАНОВАНІ на Богомаз.
[01-Oct-2024 11:56:11 Europe/Helsinki] EditDATA [INFO] Для заявки Повірка від 26.09.2024 користувачем [Сусло Тетяна] змінено виконавця з ЗАПЛАНОВАНІ на Шкуліпа.
[01-Oct-2024 11:56:19 Europe/Helsinki] EditDATA [INFO] Для заявки Повірка від 26.09.2024 користувачем [Сусло Тетяна] змінено виконавця з ЗАПЛАНОВАНІ на Богомаз.
[01-Oct-2024 11:56:37 Europe/Helsinki] EditDATA [INFO] Для заявки Повірка від 26.09.2024 користувачем [Сусло Тетяна] змінено виконавця з ЗАПЛАНОВАНІ на Богомаз.
[01-Oct-2024 11:56:48 Europe/Helsinki] EditDATA [INFO] Для заявки Повірка від 26.09.2024 користувачем [Сусло Тетяна] змінено виконавця з ЗАПЛАНОВАНІ на Шкуліпа.
[01-Oct-2024 11:57:10 Europe/Helsinki] EditDATA [INFO] Для заявки Повірка від 01.10.2024 користувачем [Сусло Тетяна] змінено виконавця з ЗАПЛАНОВАНІ на Сірий.
[01-Oct-2024 11:57:26 Europe/Helsinki] EditDATA [INFO] Для заявки Повірка від 30.09.2024 користувачем [Сусло Тетяна] змінено виконавця з ЗАПЛАНОВАНІ на Осипенко.
[01-Oct-2024 12:20:10 Europe/Helsinki] NewDATA [INFO] Нова адреса просп. Левка Лукяненка, буд. 35, кв. 150, тел. +38 (063) 897-73-87 додана до БД користувачем [Сусло Тетяна].
[01-Oct-2024 12:22:02 Europe/Helsinki] NewDATA [INFO] Нова заявка Повірка, адреса: просп. Левка Лукяненка 35, кв. 150, лічильники: БЕЗ НОМЕРА - 1 шт., виконавець: Ващенко, вартість: 300 грн., примітки: 14-18, за 1 год, можливо і холодний ліч. додано до БД користувачем [Сусло Тетяна].
[2024-10-01T12:22:06.411] [INFO] DataBase - У заявці Повірка від 1 жовтня 2024 р. за адресою просп. Левка Лукяненка, буд. 35, кв. 150 додано дату виконання 2 жовтня 2024 р. користувачем [Сусло Тетяна].
[01-Oct-2024 13:00:13 Europe/Helsinki] NewDATA [INFO] Нова адреса вул. Захисників України, буд. 12, кв. 81, тел. +38 (066) 215-50-94 додана до БД користувачем [Сусло Тетяна].
[01-Oct-2024 13:00:38 Europe/Helsinki] NewDATA [INFO] Нова заявка Повірка, адреса: вул. Захисників України 12, кв. 81, лічильники: БЕЗ НОМЕРА - 1 шт., вартість: 300 грн., примітки: 8-13 додано до БД користувачем [Сусло Тетяна].
[2024-10-01T13:00:44.128] [INFO] DataBase - У заявці Повірка від 1 жовтня 2024 р. за адресою вул. Захисників України, буд. 12, кв. 81 додано виконавця ЗАПЛАНОВАНІ та додано дату виконання 8 жовтня 2024 р. користувачем [Сусло Тетяна].
[01-Oct-2024 13:06:14 Europe/Helsinki] NewDATA [INFO] Нова заявка Заміна, адреса: вул. Шевчука 2, кв. 7, лічильники: БЕЗ НОМЕРА - 1 шт., вартість: 1060 грн., примітки: 1х/в 626898 с/в 9-11 30хв додано до БД користувачем [Сміян Альона].
[2024-10-01T13:06:17.823] [INFO] DataBase - У заявці Заміна від 1 жовтня 2024 р. за адресою вул. Шевчука, буд. 2, кв. 7 додано виконавця Баранов та додано дату виконання 17 жовтня 2024 р. користувачем [Сміян Альона].
[01-Oct-2024 13:10:32 Europe/Helsinki] NewDATA [INFO] Нова заявка Заміна, адреса: вул. Чорновола Вячеслава 17, кв. 54, лічильники: БЕЗ НОМЕРА - 1 шт., вартість: 1060 грн., примітки: 1х/в 388612 с/в 8-13 додано до БД користувачем [Сміян Альона].
[2024-10-01T13:10:36.152] [INFO] DataBase - У заявці Заміна від 1 жовтня 2024 р. за адресою вул. Чорновола Вячеслава, буд. 17, кв. 54 додано виконавця Баранов та додано дату виконання 2 жовтня 2024 р. користувачем [Сміян Альона].
[01-Oct-2024 13:12:02 Europe/Helsinki] NewDATA [INFO] Нова адреса просп. Грушевського Михайла, буд. 165, корп. 2, кв. 118, тел. +38 (093) 442-70-12 додана до БД користувачем [Сусло Тетяна].
[01-Oct-2024 13:12:40 Europe/Helsinki] NewDATA [INFO] Нова заявка Повірка, адреса: просп. Грушевського Михайла 165 корпус 2, кв. 118, лічильники: БЕЗ НОМЕРА - 2 шт., виконавець: Ващенко, вартість: 600 грн., примітки: 8-13, за 1 год додано до БД користувачем [Сусло Тетяна].
[2024-10-01T13:12:44.677] [INFO] DataBase - У заявці Повірка від 1 жовтня 2024 р. за адресою просп. Грушевського Михайла, буд. 165, корп. 2, кв. 118 додано дату виконання 2 жовтня 2024 р. користувачем [Сусло Тетяна].
[01-Oct-2024 13:24:19 Europe/Helsinki] EditDATA [INFO] Для заявки Заміна від 30.09.2024 користувачем [Сусло Тетяна] змінено примітки з №0200201897, 1хв, після 11.10.2024, по лічильнику вірішать пізніше на №0200201897, 1хв, після 11.10.2024.
[01-Oct-2024 13:24:34 Europe/Helsinki] EditDATA [INFO] Для заявки Заміна від 30.09.2024 користувачем [Сусло Тетяна] змінено вартість робіт з 350 грн. на 1060 грн.
[01-Oct-2024 13:25:47 Europe/Helsinki] NewDATA [INFO] Нова заявка Заміна, адреса: вул. Гонча 78, кв. 103, лічильники: 8200006810, вартість: 1060 грн., примітки: 1х/в 8200006810 с/в 13-17 30хв додано до БД користувачем [Сміян Альона].
[2024-10-01T13:26:00.554] [INFO] DataBase - У заявці Заміна від 1 жовтня 2024 р. за адресою вул. Гонча, буд. 78, кв. 103 додано виконавця Баранов та додано дату виконання 11 жовтня 2024 р. користувачем [Сміян Альона].
[01-Oct-2024 13:26:10 Europe/Helsinki] NewDATA [INFO] Нова адреса вул. Захисників України, буд. 9, корп. А, кв. 67, тел. +38 (093) 847-28-65 додана до БД користувачем [Сусло Тетяна].
[01-Oct-2024 13:27:06 Europe/Helsinki] NewDATA [INFO] Нова заявка Повірка, адреса: вул. Захисників України 9 корпус А, кв. 67, лічильники: БЕЗ НОМЕРА - 2 шт., вартість: 600 грн., примітки: 14-18, за 1 год додано до БД користувачем [Сусло Тетяна].
[2024-10-01T13:27:10.219] [INFO] DataBase - У заявці Повірка від 1 жовтня 2024 р. за адресою вул. Захисників України, буд. 9, корп. А, кв. 67 додано виконавця ЗАПЛАНОВАНІ та додано дату виконання 3 жовтня 2024 р. користувачем [Сусло Тетяна].
[01-Oct-2024 13:28:10 Europe/Helsinki] NewDATA [INFO] Нова адреса вул. Захисників України, буд. 7, кв. 37, тел. +38 (063) 873-94-39 додана до БД користувачем [Сусло Тетяна].
[01-Oct-2024 13:28:43 Europe/Helsinki] NewDATA [INFO] Нова заявка Повірка, адреса: вул. Захисників України 7, кв. 37, лічильники: БЕЗ НОМЕРА - 2 шт., вартість: 600 грн., примітки: 13-18, за 30 хв додано до БД користувачем [Сусло Тетяна].
[2024-10-01T13:28:47.620] [INFO] DataBase - У заявці Повірка від 1 жовтня 2024 р. за адресою вул. Захисників України, буд. 7, кв. 37 додано виконавця Сірий та додано дату виконання 2 жовтня 2024 р. користувачем [Сусло Тетяна].
[01-Oct-2024 13:31:08 Europe/Helsinki] NewDATA [INFO] Нова заявка Заміна, адреса: вул. Мазепи Івана 41, кв. 23, лічильники: БЕЗ НОМЕРА - 1 шт., вартість: 1060 грн., примітки: 1х/в 012641 с/в 9-12 додано до БД користувачем [Сміян Альона].
[2024-10-01T13:31:11.540] [INFO] DataBase - У заявці Заміна від 1 жовтня 2024 р. за адресою вул. Мазепи Івана, буд. 41, кв. 23 додано виконавця Баранов та додано дату виконання 2 жовтня 2024 р. користувачем [Сміян Альона].
[01-Oct-2024 13:34:13 Europe/Helsinki] NewDATA [INFO] Нова заявка Заміна, адреса: просп. Левка Лукяненка 16, кв. 122, лічильники: 1039853, вартість: 1060 грн., примітки: 1х/в 1039853 с/в 13-17 30хв додано до БД користувачем [Сміян Альона].
[2024-10-01T13:34:18.294] [INFO] DataBase - У заявці Заміна від 1 жовтня 2024 р. за адресою просп. Левка Лукяненка, буд. 16, кв. 122 додано виконавця Баранов та додано дату виконання 3 жовтня 2024 р. користувачем [Сміян Альона].
[01-Oct-2024 13:44:21 Europe/Helsinki] NewDATA [INFO] Нова адреса просп. Левка Лукяненка, буд. 12, корп. В, кв. 32, тел. +38 (066) 648-67-25 додана до БД користувачем [Сусло Тетяна].
[01-Oct-2024 13:45:06 Europe/Helsinki] NewDATA [INFO] Нова заявка Повірка, адреса: просп. Левка Лукяненка 12 корпус В, кв. 32, лічильники: БЕЗ НОМЕРА - 2 шт., вартість: 600 грн., примітки: 13-18, за 30 хв додано до БД користувачем [Сусло Тетяна].
[2024-10-01T13:45:10.955] [INFO] DataBase - У заявці Повірка від 1 жовтня 2024 р. за адресою просп. Левка Лукяненка, буд. 12, корп. В, кв. 32 додано виконавця ЗАПЛАНОВАНІ та додано дату виконання 3 жовтня 2024 р. користувачем [Сусло Тетяна].
[01-Oct-2024 14:08:34 Europe/Helsinki] EditDATA [INFO] За адресою вул. Жабинського 2 корпус Д, кв. 49 користувачем [Сміян Альона] змінені номери телефонів з +38(093)155-60-14 на +38(097)707-49-23, при створенні нової заявки [Повірка] від 01.10.2024.
[01-Oct-2024 14:08:34 Europe/Helsinki] NewDATA [INFO] Нова заявка Повірка, адреса: вул. Жабинського 2 корпус Д, кв. 49, лічильники: БЕЗ НОМЕРА - 3 шт., вартість: 900 грн. додано до БД користувачем [Сміян Альона].
[2024-10-01T14:08:40.209] [INFO] DataBase - У заявці Повірка від 1 жовтня 2024 р. за адресою вул. Жабинського, буд. 2, корп. Д, кв. 49 додано виконавця Осипенко та додано дату виконання 1 жовтня 2024 р. користувачем [Сміян Альона].
[01-Oct-2024 14:14:24 Europe/Helsinki] EditDATA [INFO] Для заявки Заміна від 30.09.2024 користувачем [Сміян Альона] змінено примітки з №024286, 1хв, туалет на №024286, 1хв, с/в 8-13.
[2024-10-01T14:14:35.699] [INFO] DataBase - У заявці Заміна від 30 вересня 2024 р. за адресою вул. Любецька, буд. 21, кв. 76 додано дату виконання 3 жовтня 2024 р. користувачем [Сміян Альона].
[01-Oct-2024 14:15:11 Europe/Helsinki] NewDATA [INFO] Нова адреса вул. Гонча, буд. 59, корп. А, кв. 17, тел. +38 (093) 362-84-64 додана до БД користувачем [Сусло Тетяна].
[01-Oct-2024 14:15:48 Europe/Helsinki] NewDATA [INFO] Нова заявка Повірка, адреса: вул. Гонча 59 корпус А, кв. 17, лічильники: БЕЗ НОМЕРА - 1 шт., виконавець: Шкуліпа, вартість: 300 грн., примітки: 13-18 додано до БД користувачем [Сусло Тетяна].
[2024-10-01T14:15:53.193] [INFO] DataBase - У заявці Повірка від 1 жовтня 2024 р. за адресою вул. Гонча, буд. 59, корп. А, кв. 17 додано дату виконання 2 жовтня 2024 р. користувачем [Сусло Тетяна].
[01-Oct-2024 14:20:44 Europe/Helsinki] NewDATA [INFO] Нова адреса просп. Левка Лукяненка, буд. 4, корп. А, кв. 98 додана до БД користувачем [Сусло Тетяна].
[01-Oct-2024 14:21:24 Europe/Helsinki] EditDATA [INFO] За адресою просп. Левка Лукяненка 4 корпус А, кв. 98 користувачем [Сусло Тетяна] додано номер телефону +38(073)150-27-50, при створенні нової заявки [Повірка] від 01.10.2024.
[01-Oct-2024 14:21:25 Europe/Helsinki] NewDATA [INFO] Нова заявка Повірка, адреса: просп. Левка Лукяненка 4 корпус А, кв. 98, лічильники: БЕЗ НОМЕРА - 2 шт., вартість: 600 грн., примітки: 13-18 додано до БД користувачем [Сусло Тетяна].
[2024-10-01T14:21:32.956] [INFO] DataBase - У заявці Повірка від 1 жовтня 2024 р. за адресою просп. Левка Лукяненка, буд. 4, корп. А, кв. 98 додано виконавця ЗАПЛАНОВАНІ та додано дату виконання 2 жовтня 2024 р. користувачем [Сусло Тетяна].
[01-Oct-2024 14:28:33 Europe/Helsinki] NewDATA [INFO] Нова адреса вул. Жабинського, буд. 2, корп. В, кв. 208 додана до БД користувачем [Сусло Тетяна].
[01-Oct-2024 14:29:25 Europe/Helsinki] EditDATA [INFO] За адресою вул. Жабинського 2 корпус В, кв. 208 користувачем [Сусло Тетяна] додано номер телефону +38(063)240-34-84, при створенні нової заявки [Повірка] від 01.10.2024.
[01-Oct-2024 14:29:25 Europe/Helsinki] NewDATA [INFO] Нова заявка Повірка, адреса: вул. Жабинського 2 корпус В, кв. 208, лічильники: БЕЗ НОМЕРА - 1 шт., вартість: 300 грн., примітки: 8-11, подовжув додано до БД користувачем [Сусло Тетяна].
[2024-10-01T14:29:30.445] [INFO] DataBase - У заявці Повірка від 1 жовтня 2024 р. за адресою вул. Жабинського, буд. 2, корп. В, кв. 208 додано виконавця ЗАПЛАНОВАНІ та додано дату виконання 4 жовтня 2024 р. користувачем [Сусло Тетяна].
[01-Oct-2024 14:38:46 Europe/Helsinki] NewDATA [INFO] Нова адреса вул. Захисників України, буд. 12, корп. А, кв. 111 додана до БД користувачем [Сусло Тетяна].
[01-Oct-2024 14:39:35 Europe/Helsinki] EditDATA [INFO] За адресою вул. Захисників України 12 корпус А, кв. 111 користувачем [Сусло Тетяна] додано номер телефону +38(093)090-19-70, при створенні нової заявки [Повірка] від 01.10.2024.
[01-Oct-2024 14:39:35 Europe/Helsinki] NewDATA [INFO] Нова заявка Повірка, адреса: вул. Захисників України 12 корпус А, кв. 111, лічильники: БЕЗ НОМЕРА - 2 шт., вартість: 600 грн., примітки: перезвонить, уточнить додано до БД користувачем [Сусло Тетяна].
[2024-10-01T14:39:40.776] [INFO] DataBase - У заявці Повірка від 1 жовтня 2024 р. за адресою вул. Захисників України, буд. 12, корп. А, кв. 111 додано виконавця ЗАПЛАНОВАНІ та додано дату виконання 22 жовтня 2024 р. користувачем [Сусло Тетяна].
[01-Oct-2024 14:42:18 Europe/Helsinki] NewDATA [INFO] Нова адреса вул. Захисників України, буд. 12, кв. 40, тел. +38 (093) 547-20-26 додана до БД користувачем [Сміян Альона].
[01-Oct-2024 14:42:54 Europe/Helsinki] NewDATA [INFO] Нова заявка Повірка, адреса: вул. Захисників України 12, кв. 40, лічильники: БЕЗ НОМЕРА - 2 шт., вартість: 600 грн., примітки: 13-17 30хв додано до БД користувачем [Сміян Альона].
[2024-10-01T14:43:00.365] [INFO] DataBase - У заявці Повірка від 1 жовтня 2024 р. за адресою вул. Захисників України, буд. 12, кв. 40 додано виконавця ЗАПЛАНОВАНІ та додано дату виконання 2 жовтня 2024 р. користувачем [Сміян Альона].
[01-Oct-2024 14:44:45 Europe/Helsinki] EditDATA [INFO] За адресою просп. Перемоги 174, кв. 84 користувачем [Сусло Тетяна] змінені номери телефонів з +38(093)890-28-67, +38(0462)60-89-64, +38(093)513-21-18, +38(093)530-80-87, +38(063)710-59-34 на +38(063)710-59-34, при створенні нової заявки [Повірка] від 01.10.2024.
[01-Oct-2024 14:44:46 Europe/Helsinki] NewDATA [INFO] Нова заявка Повірка, адреса: просп. Перемоги 174, кв. 84, лічильники: БЕЗ НОМЕРА - 1 шт., вартість: 300 грн., примітки: 13-18 додано до БД користувачем [Сусло Тетяна].
[2024-10-01T14:44:51.747] [INFO] DataBase - У заявці Повірка від 1 жовтня 2024 р. за адресою просп. Перемоги, буд. 174, кв. 84 додано виконавця Ващенко та додано дату виконання 2 жовтня 2024 р. користувачем [Сусло Тетяна].
[01-Oct-2024 14:55:05 Europe/Helsinki] NewDATA [INFO] Нова адреса вул. Захисників України, буд. 6, кв. 51, тел. +38 (096) 686-69-36 додана до БД користувачем [Сміян Альона].
[01-Oct-2024 14:55:36 Europe/Helsinki] NewDATA [INFO] Нова заявка Повірка, адреса: вул. Захисників України 6, кв. 51, лічильники: БЕЗ НОМЕРА - 2 шт., вартість: 600 грн., примітки: 13-17 додано до БД користувачем [Сміян Альона].
[2024-10-01T14:55:40.946] [INFO] DataBase - У заявці Повірка від 1 жовтня 2024 р. за адресою вул. Захисників України, буд. 6, кв. 51 додано виконавця ЗАПЛАНОВАНІ та додано дату виконання 2 жовтня 2024 р. користувачем [Сміян Альона].
[01-Oct-2024 14:56:36 Europe/Helsinki] NewDATA [INFO] Нова адреса вул. Захисників України, буд. 12, корп. Б, кв. 41, тел. +38 (050) 824-21-17 додана до БД користувачем [Сміян Альона].
[01-Oct-2024 14:57:05 Europe/Helsinki] NewDATA [INFO] Нова заявка Повірка, адреса: вул. Захисників України 12 корпус Б, кв. 41, лічильники: БЕЗ НОМЕРА - 2 шт., вартість: 600 грн., примітки: 11-13 додано до БД користувачем [Сміян Альона].
[2024-10-01T14:57:11.363] [INFO] DataBase - У заявці Повірка від 1 жовтня 2024 р. за адресою вул. Захисників України, буд. 12, корп. Б, кв. 41 додано виконавця ЗАПЛАНОВАНІ та додано дату виконання 7 жовтня 2024 р. користувачем [Сміян Альона].
[01-Oct-2024 14:57:50 Europe/Helsinki] EditDATA [INFO] За адресою вул. Шевченка 114 корпус А, кв. 50 користувачем [Сусло Тетяна] змінені номери телефонів з +38(093)765-07-96, +38(093)765-07-15 на +38(093)765-07-15, при створенні нової заявки [Повірка] від 01.10.2024.
[01-Oct-2024 14:57:50 Europe/Helsinki] NewDATA [INFO] Нова заявка Повірка, адреса: вул. Шевченка 114 корпус А, кв. 50, лічильники: БЕЗ НОМЕРА - 1 шт., вартість: 300 грн., примітки: 8-13 додано до БД користувачем [Сусло Тетяна].
[2024-10-01T14:57:54.903] [INFO] DataBase - У заявці Повірка від 1 жовтня 2024 р. за адресою вул. Шевченка, буд. 114, корп. А, кв. 50 додано виконавця Осипенко та додано дату виконання 2 жовтня 2024 р. користувачем [Сусло Тетяна].
[01-Oct-2024 15:00:48 Europe/Helsinki] NewDATA [INFO] Нова адреса вул. Захисників України, буд. 13, кв. 12 додана до БД користувачем [Сусло Тетяна].
[01-Oct-2024 15:01:34 Europe/Helsinki] EditDATA [INFO] За адресою вул. Захисників України 13, кв. 12 користувачем [Сусло Тетяна] додано номер телефону +38(063)394-12-69, при створенні нової заявки [Повірка] від 01.10.2024.
[01-Oct-2024 15:01:34 Europe/Helsinki] NewDATA [INFO] Нова заявка Повірка, адреса: вул. Захисників України 13, кв. 12, лічильники: БЕЗ НОМЕРА - 2 шт., вартість: 600 грн., примітки: 13-18, за 30 хв додано до БД користувачем [Сусло Тетяна].
[2024-10-01T15:01:39.650] [INFO] DataBase - У заявці Повірка від 1 жовтня 2024 р. за адресою вул. Захисників України, буд. 13, кв. 12 додано виконавця ЗАПЛАНОВАНІ та додано дату виконання 2 жовтня 2024 р. користувачем [Сусло Тетяна].
[01-Oct-2024 15:03:46 Europe/Helsinki] EditDATA [INFO] Для заявки Повірка від 01.10.2024 користувачем [Сусло Тетяна] змінено виконавця з ЗАПЛАНОВАНІ на Сірий.
[01-Oct-2024 15:04:02 Europe/Helsinki] EditDATA [INFO] Для заявки Повірка від 01.10.2024 користувачем [Сусло Тетяна] змінено виконавця з ЗАПЛАНОВАНІ на Осипенко.
[01-Oct-2024 15:04:12 Europe/Helsinki] EditDATA [INFO] Для заявки Повірка від 01.10.2024 користувачем [Сусло Тетяна] змінено виконавця з ЗАПЛАНОВАНІ на Осипенко.
[01-Oct-2024 15:11:13 Europe/Helsinki] NewDATA [INFO] Нова адреса вул. Захисників України, буд. 7, кв. 34 додана до БД користувачем [Сусло Тетяна].
[01-Oct-2024 15:11:59 Europe/Helsinki] EditDATA [INFO] За адресою вул. Захисників України 7, кв. 34 користувачем [Сусло Тетяна] додано номер телефону +38(063)961-12-29, при створенні нової заявки [Повірка] від 01.10.2024.
[01-Oct-2024 15:11:59 Europe/Helsinki] NewDATA [INFO] Нова заявка Повірка, адреса: вул. Захисників України 7, кв. 34, лічильники: БЕЗ НОМЕРА - 2 шт., вартість: 600 грн., примітки: 13-18, за 30 хв додано до БД користувачем [Сусло Тетяна].
[2024-10-01T15:12:04.711] [INFO] DataBase - У заявці Повірка від 1 жовтня 2024 р. за адресою вул. Захисників України, буд. 7, кв. 34 додано виконавця ЗАПЛАНОВАНІ та додано дату виконання 2 жовтня 2024 р. користувачем [Сусло Тетяна].
[01-Oct-2024 15:19:12 Europe/Helsinki] NewDATA [INFO] Нова заявка Заміна, адреса: вул. Шевченка 53 корпус В, кв. 47, лічильники: БЕЗ НОМЕРА - 1 шт., виконавець: Баранов, вартість: 350 грн., примітки: 13-18, 1хв, ванна, №2694970 додано до БД користувачем [Сусло Тетяна].
[2024-10-01T15:19:17.796] [INFO] DataBase - У заявці Заміна від 1 жовтня 2024 р. за адресою вул. Шевченка, буд. 53, корп. В, кв. 47 додано дату виконання 2 жовтня 2024 р. користувачем [Сусло Тетяна].
[01-Oct-2024 15:23:29 Europe/Helsinki] NewDATA [INFO] Нова адреса вул. Захисників України, буд. 5, кв. 20, тел. +38 (093) 934-08-73 додана до БД користувачем [Сміян Альона].
[01-Oct-2024 15:24:05 Europe/Helsinki] NewDATA [INFO] Нова заявка Повірка, адреса: вул. Захисників України 5, кв. 20, лічильники: БЕЗ НОМЕРА - 2 шт., вартість: 600 грн., примітки: 11-15 30хв додано до БД користувачем [Сміян Альона].
[2024-10-01T15:24:09.558] [INFO] DataBase - У заявці Повірка від 1 жовтня 2024 р. за адресою вул. Захисників України, буд. 5, кв. 20 додано виконавця ЗАПЛАНОВАНІ та додано дату виконання 7 жовтня 2024 р. користувачем [Сміян Альона].
[01-Oct-2024 15:31:06 Europe/Helsinki] NewDATA [INFO] Нова адреса вул. Захисників України, буд. 12, корп. А, кв. 128, тел. +38 (073) 096-72-91 додана до БД користувачем [Сміян Альона].
[01-Oct-2024 15:32:27 Europe/Helsinki] NewDATA [INFO] Нова адреса вул. Захисників України, буд. 10, корп. А, кв. 128, тел. +38 (073) 096-72-91 додана до БД користувачем [Сміян Альона].
[01-Oct-2024 15:33:07 Europe/Helsinki] NewDATA [INFO] Нова заявка Повірка, адреса: вул. Захисників України 10 корпус А, кв. 128, лічильники: БЕЗ НОМЕРА - 2 шт., вартість: 600 грн., примітки: до 15.00 30хв додано до БД користувачем [Сміян Альона].
[2024-10-01T15:33:17.305] [INFO] DataBase - У заявці Повірка від 1 жовтня 2024 р. за адресою вул. Захисників України, буд. 10, корп. А, кв. 128 додано виконавця ЗАПЛАНОВАНІ та додано дату виконання 2 жовтня 2024 р. користувачем [Сміян Альона].
[01-Oct-2024 15:34:31 Europe/Helsinki] EditDATA [INFO] Для заявки Повірка від 01.10.2024 користувачем [Сусло Тетяна] змінено виконавця з ЗАПЛАНОВАНІ на Осипенко.
[01-Oct-2024 15:34:39 Europe/Helsinki] EditDATA [INFO] Для заявки Повірка від 01.10.2024 користувачем [Сусло Тетяна] змінено виконавця з ЗАПЛАНОВАНІ на Сірий.
[01-Oct-2024 15:34:54 Europe/Helsinki] EditDATA [INFO] Для заявки Повірка від 01.10.2024 користувачем [Сусло Тетяна] змінено виконавця з ЗАПЛАНОВАНІ на Сірий.
[01-Oct-2024 15:42:41 Europe/Helsinki] NewDATA [INFO] Нова адреса вул. Текстильників, буд. 13, кв. 72 додана до БД користувачем [Сусло Тетяна].
[01-Oct-2024 15:53:38 Europe/Helsinki] EditDATA [INFO] За адресою вул. Незалежності 62, кв. 2 користувачем [Сміян Альона] змінені номери телефонів з +38(0462)62-88-02 на +38(093)319-71-54, при створенні нової заявки [Повірка] від 01.10.2024.
[01-Oct-2024 15:53:38 Europe/Helsinki] NewDATA [INFO] Нова заявка Повірка, адреса: вул. Незалежності 62, кв. 2, лічильники: БЕЗ НОМЕРА - 2 шт., вартість: 600 грн., примітки: 13-17 домоф не прац додано до БД користувачем [Сміян Альона].
[2024-10-01T15:54:15.696] [INFO] DataBase - У заявці Повірка від 1 жовтня 2024 р. за адресою вул. Незалежності, буд. 62, кв. 2 додано виконавця ЗАПЛАНОВАНІ та додано дату виконання 3 жовтня 2024 р. користувачем [Сміян Альона].
[01-Oct-2024 16:00:46 Europe/Helsinki] EditDATA [INFO] За адресою вул. Мазепи Івана 47, кв. 29 користувачем [Сусло Тетяна] змінені номери телефонів з +38(0462)60-40-15 на +38(093)785-42-94, при створенні нової заявки [Повірка] від 01.10.2024.
[01-Oct-2024 16:00:46 Europe/Helsinki] NewDATA [INFO] Нова заявка Повірка, адреса: вул. Мазепи Івана 47, кв. 29, лічильники: БЕЗ НОМЕРА - 2 шт., вартість: 600 грн., примітки: 13-18 додано до БД користувачем [Сусло Тетяна].
[2024-10-01T16:00:55.628] [INFO] DataBase - У заявці Повірка від 1 жовтня 2024 р. за адресою вул. Мазепи Івана, буд. 47, кв. 29 додано виконавця ЗАПЛАНОВАНІ та додано дату виконання 3 жовтня 2024 р. користувачем [Сусло Тетяна].
[01-Oct-2024 16:01:47 Europe/Helsinki] EditDATA [INFO] За адресою вул. Пятницька 49, кв. 243 користувачем [Сусло Тетяна] змінені номери телефонів з +38(093)537-99-33 на +38(097)338-85-65, при створенні нової заявки [Повірка] від 01.10.2024.
[01-Oct-2024 16:01:47 Europe/Helsinki] NewDATA [INFO] Нова заявка Повірка, адреса: вул. Пятницька 49, кв. 243, лічильники: БЕЗ НОМЕРА - 2 шт., вартість: 600 грн., примітки: 15-17 додано до БД користувачем [Сусло Тетяна].
[2024-10-01T16:02:22.266] [INFO] DataBase - У заявці Повірка від 1 жовтня 2024 р. за адресою вул. Пятницька, буд. 49, кв. 243 додано виконавця ЗАПЛАНОВАНІ та додано дату виконання 9 жовтня 2024 р. користувачем [Сусло Тетяна].
[01-Oct-2024 16:02:55 Europe/Helsinki] EditDATA [INFO] Для заявки Повірка від 01.10.2024 користувачем [Сусло Тетяна] змінено примітки з 15-17 на 15-17, за 15 хв.
[01-Oct-2024 16:09:55 Europe/Helsinki] EditDATA [INFO] За адресою просп. Грушевського Михайла 157, кв. 97 користувачем [Сусло Тетяна] змінені номери телефонів з +38(063)469-11-20, +38(096)935-89-09 на +38(096)935-89-09, при створенні нової заявки [Повірка] від 01.10.2024.
[01-Oct-2024 16:09:55 Europe/Helsinki] NewDATA [INFO] Нова заявка Повірка, адреса: просп. Грушевського Михайла 157, кв. 97, лічильники: БЕЗ НОМЕРА - 4 шт., виконавець: Ващенко, вартість: 1200 грн., примітки: на пртязі дня, за 1 год додано до БД користувачем [Сусло Тетяна].
[2024-10-01T16:09:58.377] [INFO] DataBase - У заявці Повірка від 1 жовтня 2024 р. за адресою просп. Грушевського Михайла, буд. 157, кв. 97 додано дату виконання 2 жовтня 2024 р. користувачем [Сусло Тетяна].
[01-Oct-2024 16:10:58 Europe/Helsinki] EditDATA [INFO] Для заявки Повірка від 01.10.2024 користувачем [Сусло Тетяна] змінено примітки з на пртязі дня, за 1 год на на протязі дня, за 1 год.
[01-Oct-2024 16:40:45 Europe/Helsinki] NewDATA [INFO] Нова адреса вул. Мстиславська, буд. 175, кв. 49, тел. +38 (066) 452-16-10 додана до БД користувачем [Сусло Тетяна].
[01-Oct-2024 16:41:14 Europe/Helsinki] NewDATA [INFO] Нова заявка Повірка, адреса: вул. Мстиславська 175, кв. 49, лічильники: БЕЗ НОМЕРА - 2 шт., вартість: 600 грн., примітки: 13-18 додано до БД користувачем [Сусло Тетяна].
[2024-10-01T16:41:20.058] [INFO] DataBase - У заявці Повірка від 1 жовтня 2024 р. за адресою вул. Мстиславська, буд. 175, кв. 49 додано виконавця ЗАПЛАНОВАНІ та додано дату виконання 3 жовтня 2024 р. користувачем [Сусло Тетяна].
