[30-Jun-2025 07:40:36 Europe/Helsinki] NewDATA [INFO] Нова адреса просп. Миру, буд. 251, кв. 154, тел. +38 (093) 871-12-21 додана до БД користувачем [Сусло Тетяна].
[30-Jun-2025 07:40:58 Europe/Helsinki] NewDATA [INFO] Нова заявка Повірка, адреса: просп. Миру 251, кв. 154, лічильники: БЕЗ НОМЕРА - 1 шт., вартість: 350 грн., примітки: 8-13, гв додано до БД користувачем [Сусло Тетяна].
[2025-06-30T07:41:02.563] [INFO] DataBase - У заявці Повірка від 30 червня 2025 р. за адресою просп. Миру, буд. 251, кв. 154 додано виконавця ЗАПЛАНОВАНІ та додано дату виконання 10 липня 2025 р. користувачем [Сусло Тетяна].
[30-Jun-2025 09:34:01 Europe/Helsinki] NewDATA [INFO] Нова адреса вул. Елеваторна, буд. 2, кв. 62, тел. +38 (073) 050-11-53 додана до БД користувачем [Сусло Тетяна].
[30-Jun-2025 09:34:22 Europe/Helsinki] NewDATA [INFO] Нова заявка Повірка, адреса: вул. Елеваторна 2, кв. 62, лічильники: БЕЗ НОМЕРА - 1 шт., вартість: 350 грн., примітки: 13-17 додано до БД користувачем [Сусло Тетяна].
[2025-06-30T09:34:25.312] [INFO] DataBase - У заявці Повірка від 30 червня 2025 р. за адресою вул. Елеваторна, буд. 2, кв. 62 додано виконавця ЗАПЛАНОВАНІ та додано дату виконання 2 липня 2025 р. користувачем [Сусло Тетяна].
[30-Jun-2025 09:35:10 Europe/Helsinki] NewDATA [INFO] Нова адреса вул. Пятницька, буд. 70, корп. 2, кв. 43, тел. +38 (063) 242-53-64 додана до БД користувачем [Сусло Тетяна].
[30-Jun-2025 09:35:55 Europe/Helsinki] NewDATA [INFO] Нова заявка Повірка, адреса: вул. Пятницька 70 корпус 2, кв. 43, лічильники: БЕЗ НОМЕРА - 2 шт., вартість: 700 грн., примітки: 8-13 додано до БД користувачем [Сусло Тетяна].
[2025-06-30T09:35:58.089] [INFO] DataBase - У заявці Повірка від 30 червня 2025 р. за адресою вул. Пятницька, буд. 70, корп. 2, кв. 43 додано виконавця ЗАПЛАНОВАНІ та додано дату виконання 7 липня 2025 р. користувачем [Сусло Тетяна].
[30-Jun-2025 09:36:36 Europe/Helsinki] NewDATA [INFO] Нова адреса просп. Левка Лукяненка, буд. 16, кв. 5, тел. +38 (063) 450-99-48 додана до БД користувачем [Сусло Тетяна].
[30-Jun-2025 09:38:28 Europe/Helsinki] NewDATA [INFO] Нова заявка Повірка, адреса: просп. Левка Лукяненка 16, кв. 5, лічильники: БЕЗ НОМЕРА - 4 шт., вартість: 1400 грн., примітки: 8-13 додано до БД користувачем [Сусло Тетяна].
[2025-06-30T09:38:30.586] [INFO] DataBase - У заявці Повірка від 30 червня 2025 р. за адресою просп. Левка Лукяненка, буд. 16, кв. 5 додано виконавця ЗАПЛАНОВАНІ та додано дату виконання 9 липня 2025 р. користувачем [Сусло Тетяна].
[30-Jun-2025 10:35:32 Europe/Helsinki] EditDATA [INFO] За адресою вул. Льотна 41, кв. 81 користувачем [Сусло Тетяна] змінені номери телефонів з +38(093)695-93-25 на +38(093)110-56-47, при створенні нової заявки [Повірка] від 30.06.2025.
[30-Jun-2025 10:35:32 Europe/Helsinki] NewDATA [INFO] Нова заявка Повірка, адреса: вул. Льотна 41, кв. 81, лічильники: БЕЗ НОМЕРА - 2 шт., вартість: 700 грн., примітки: 8-13 додано до БД користувачем [Сусло Тетяна].
[2025-06-30T10:35:36.721] [INFO] DataBase - У заявці Повірка від 30 червня 2025 р. за адресою вул. Льотна, буд. 41, кв. 81 додано виконавця ЗАПЛАНОВАНІ та додано дату виконання 1 липня 2025 р. користувачем [Сусло Тетяна].
[30-Jun-2025 10:39:10 Europe/Helsinki] EditDATA [INFO] За адресою вул. Мстиславська 175, кв. 22 користувачем [Сусло Тетяна] змінені номери телефонів з +38(0462)63-29-33 на +38(096)131-50-43, при створенні нової заявки [Повірка] від 30.06.2025.
[30-Jun-2025 10:39:11 Europe/Helsinki] NewDATA [INFO] Нова заявка Повірка, адреса: вул. Мстиславська 175, кв. 22, лічильники: БЕЗ НОМЕРА - 2 шт., вартість: 660 грн., примітки: 8-13 додано до БД користувачем [Сусло Тетяна].
[2025-06-30T10:39:14.164] [INFO] DataBase - У заявці Повірка від 30 червня 2025 р. за адресою вул. Мстиславська, буд. 175, кв. 22 додано виконавця ЗАПЛАНОВАНІ та додано дату виконання 1 липня 2025 р. користувачем [Сусло Тетяна].
[30-Jun-2025 10:45:07 Europe/Helsinki] NewDATA [INFO] Нова заявка Заміна, адреса: просп. Левка Лукяненка 16 корпус А, кв. 7, лічильники: 025659, БЕЗ НОМЕРА - 1 шт., виконавець: Баранов, вартість: 1100 грн., примітки: 8-13, гв, кухня додано до БД користувачем [Сусло Тетяна].
[2025-06-30T10:45:10.273] [INFO] DataBase - У заявці Заміна від 30 червня 2025 р. за адресою просп. Левка Лукяненка, буд. 16, корп. А, кв. 7 додано дату виконання 2 липня 2025 р. користувачем [Сусло Тетяна].
[30-Jun-2025 10:45:54 Europe/Helsinki] NewDATA [INFO] Нова адреса просп. Грушевського Михайла, буд. 165, корп. 2, кв. 143, тел. +38 (097) 628-06-09 додана до БД користувачем [Сусло Тетяна].
[30-Jun-2025 10:46:31 Europe/Helsinki] NewDATA [INFO] Нова заявка Повірка, адреса: просп. Грушевського Михайла 165 корпус 2, кв. 143, лічильники: БЕЗ НОМЕРА - 2 шт., вартість: 700 грн., примітки: 8-13, за 30 хв додано до БД користувачем [Сусло Тетяна].
[2025-06-30T10:46:36.616] [INFO] DataBase - У заявці Повірка від 30 червня 2025 р. за адресою просп. Грушевського Михайла, буд. 165, корп. 2, кв. 143 додано виконавця ЗАПЛАНОВАНІ та додано дату виконання 5 серпня 2025 р. користувачем [Сусло Тетяна].
[30-Jun-2025 10:49:09 Europe/Helsinki] NewDATA [INFO] Нова адреса вул. Волковича, буд. 2, корп. Б, кв. 84, тел. +38 (099) 208-05-67 додана до БД користувачем [Сусло Тетяна].
[30-Jun-2025 10:49:44 Europe/Helsinki] NewDATA [INFO] Нова заявка Повірка, адреса: вул. Волковича 2 корпус Б, кв. 84, лічильники: БЕЗ НОМЕРА - 2 шт., вартість: 700 грн., примітки: 13-17, за 30 хв, уточнить хол.воду додано до БД користувачем [Сусло Тетяна].
[2025-06-30T10:49:47.188] [INFO] DataBase - У заявці Повірка від 30 червня 2025 р. за адресою вул. Волковича, буд. 2, корп. Б, кв. 84 додано виконавця ЗАПЛАНОВАНІ та додано дату виконання 1 липня 2025 р. користувачем [Сусло Тетяна].
[30-Jun-2025 10:50:22 Europe/Helsinki] NewDATA [INFO] Нова адреса вул. Гетьмана Полуботка, буд. 36, кв. 83, тел. +38 (063) 206-80-55 додана до БД користувачем [Сусло Тетяна].
[30-Jun-2025 10:50:45 Europe/Helsinki] NewDATA [INFO] Нова заявка Повірка, адреса: вул. Гетьмана Полуботка 36, кв. 83, лічильники: БЕЗ НОМЕРА - 1 шт., вартість: 350 грн., примітки: 8-13, за 30 хв додано до БД користувачем [Сусло Тетяна].
[2025-06-30T10:50:48.891] [INFO] DataBase - У заявці Повірка від 30 червня 2025 р. за адресою вул. Гетьмана Полуботка, буд. 36, кв. 83 додано виконавця ЗАПЛАНОВАНІ та додано дату виконання 1 липня 2025 р. користувачем [Сусло Тетяна].
[30-Jun-2025 10:51:30 Europe/Helsinki] EditDATA [INFO] За адресою вул. Кореня Терентія 9, кв. 52 користувачем [Сусло Тетяна] змінені номери телефонів з +38(093)153-83-75, +38(095)890-45-48, +38(093)758-16-34 на +38(093)153-83-75, при створенні нової заявки [Повірка] від 30.06.2025.
[30-Jun-2025 10:51:30 Europe/Helsinki] NewDATA [INFO] Нова заявка Повірка, адреса: вул. Кореня Терентія 9, кв. 52, лічильники: БЕЗ НОМЕРА - 2 шт., вартість: 700 грн., примітки: 8-13, за 30 хв додано до БД користувачем [Сусло Тетяна].
[2025-06-30T10:51:33.479] [INFO] DataBase - У заявці Повірка від 30 червня 2025 р. за адресою вул. Кореня Терентія, буд. 9, кв. 52 додано виконавця ЗАПЛАНОВАНІ та додано дату виконання 1 липня 2025 р. користувачем [Сусло Тетяна].
[30-Jun-2025 10:51:43 Europe/Helsinki] EditDATA [INFO] Для заявки Повірка від 30.06.2025 користувачем [Сусло Тетяна] змінено виконавця з ЗАПЛАНОВАНІ на Сірий.
[30-Jun-2025 10:51:54 Europe/Helsinki] EditDATA [INFO] Для заявки Повірка від 30.06.2025 користувачем [Сусло Тетяна] змінено виконавця з ЗАПЛАНОВАНІ на Сірий.
[30-Jun-2025 10:52:05 Europe/Helsinki] EditDATA [INFO] Для заявки Повірка від 27.06.2025 користувачем [Сусло Тетяна] змінено виконавця з ЗАПЛАНОВАНІ на Сірий.
[30-Jun-2025 10:52:18 Europe/Helsinki] EditDATA [INFO] Для заявки Повірка від 09.06.2025 користувачем [Сусло Тетяна] змінено виконавця з ЗАПЛАНОВАНІ на Сірий.
[30-Jun-2025 10:52:29 Europe/Helsinki] EditDATA [INFO] Для заявки Повірка від 23.06.2025 користувачем [Сусло Тетяна] змінено виконавця з ЗАПЛАНОВАНІ на Сірий.
[30-Jun-2025 11:11:47 Europe/Helsinki] NewDATA [INFO] Нова адреса вул. Всіхсвятська, буд. 16, корп. А, кв. 44, тел. +38 (050) 231-07-57 додана до БД користувачем [Сусло Тетяна].
[30-Jun-2025 11:12:05 Europe/Helsinki] NewDATA [ERROR] Помилка при додаванні Нової заявки до Бази Даних Чернігів: Out of range value for column 'cost' at row 1
[30-Jun-2025 11:13:24 Europe/Helsinki] NewDATA [INFO] Нова заявка Повірка, адреса: вул. Всіхсвятська 16 корпус А, кв. 44, лічильники: БЕЗ НОМЕРА - 2 шт., вартість: 700 грн., примітки: 8-13 додано до БД користувачем [Сусло Тетяна].
[2025-06-30T11:13:27.603] [INFO] DataBase - У заявці Повірка від 30 червня 2025 р. за адресою вул. Всіхсвятська, буд. 16, корп. А, кв. 44 додано виконавця ЗАПЛАНОВАНІ та додано дату виконання 3 липня 2025 р. користувачем [Сусло Тетяна].
[30-Jun-2025 11:24:16 Europe/Helsinki] NewDATA [INFO] Нова адреса вул. Захисників України, буд. 11, кв. 29, тел. +38 (063) 649-17-03 додана до БД користувачем [Сусло Тетяна].
[30-Jun-2025 11:24:52 Europe/Helsinki] EditDATA [INFO] За адресою вул. Захисників України 11, кв. 29 користувачем [Сусло Тетяна] змінені номери телефонів з +38(063)649-17-03 на +38(063)649-17-03, +38(097)989-90-13, при створенні нової заявки [Повірка] від 30.06.2025.
[30-Jun-2025 11:24:52 Europe/Helsinki] NewDATA [INFO] Нова заявка Повірка, адреса: вул. Захисників України 11, кв. 29, лічильники: БЕЗ НОМЕРА - 2 шт., вартість: 700 грн., примітки: 8-13, за 1 год додано до БД користувачем [Сусло Тетяна].
[2025-06-30T11:24:56.226] [INFO] DataBase - У заявці Повірка від 30 червня 2025 р. за адресою вул. Захисників України, буд. 11, кв. 29 додано виконавця ЗАПЛАНОВАНІ та додано дату виконання 9 липня 2025 р. користувачем [Сусло Тетяна].
[30-Jun-2025 11:46:50 Europe/Helsinki] EditDATA [INFO] Для заявки Повірка від 30.06.2025 користувачем [Сусло Тетяна] змінено виконавця з ЗАПЛАНОВАНІ на Шкуліпа.
[30-Jun-2025 11:47:00 Europe/Helsinki] EditDATA [INFO] Для заявки Повірка від 30.06.2025 користувачем [Сусло Тетяна] змінено виконавця з ЗАПЛАНОВАНІ на Шкуліпа.
[30-Jun-2025 11:47:18 Europe/Helsinki] EditDATA [INFO] Для заявки Повірка від 06.06.2025 користувачем [Сусло Тетяна] змінено виконавця з ЗАПЛАНОВАНІ на Шкуліпа.
[30-Jun-2025 15:52:57 Europe/Helsinki] EditDATA [INFO] Для заявки Повірка від 26.06.2025 користувачем [Сусло Тетяна] змінено виконавця з ЗАПЛАНОВАНІ на Шкуліпа.
[30-Jun-2025 15:53:10 Europe/Helsinki] EditDATA [INFO] Для заявки Повірка від 26.06.2025 користувачем [Сусло Тетяна] змінено виконавця з ЗАПЛАНОВАНІ на Шкуліпа.
[30-Jun-2025 15:56:10 Europe/Helsinki] EditDATA [INFO] Для заявки Повірка від 27.06.2025 користувачем [Сусло Тетяна] змінено виконавця з ЗАПЛАНОВАНІ на Сірий.
[30-Jun-2025 15:56:19 Europe/Helsinki] EditDATA [INFO] Для заявки Повірка від 27.06.2025 користувачем [Сусло Тетяна] змінено виконавця з ЗАПЛАНОВАНІ на Сірий.
[30-Jun-2025 15:56:33 Europe/Helsinki] EditDATA [INFO] Для заявки Повірка від 30.06.2025 користувачем [Сусло Тетяна] змінено виконавця з ЗАПЛАНОВАНІ на Шкуліпа.
[30-Jun-2025 15:56:42 Europe/Helsinki] EditDATA [INFO] Для заявки Повірка від 26.06.2025 користувачем [Сусло Тетяна] змінено виконавця з ЗАПЛАНОВАНІ на Шкуліпа.
