[07-Apr-2025 08:53:29 Europe/Helsinki] NewDATA [INFO] Нова заявка Заміна, адреса: вул. Космонавтів 14, кв. 43, лічильники: 733636, вартість: 1100 грн., примітки: 8-10,хол. №0733636 додано до БД користувачем [Коваль Людмила].
[2025-04-07T08:53:33.628] [INFO] DataBase - У заявці Заміна від 7 квітня 2025 р. за адресою вул. Космонавтів, буд. 14, кв. 43 додано виконавця Баранов та додано дату виконання 9 квітня 2025 р. користувачем [Коваль Людмила].
[07-Apr-2025 09:04:51 Europe/Helsinki] NewDATA [INFO] Нова заявка Повірка, адреса: вул. Захисників України 15 корпус А, кв. 8, лічильники: БЕЗ НОМЕРА - 1 шт., вартість: 300 грн., примітки: хол.кух 8-13 додано до БД користувачем [Коваль Людмила].
[2025-04-07T09:04:56.193] [INFO] DataBase - У заявці Повірка від 7 квітня 2025 р. за адресою вул. Захисників України, буд. 15, корп. А, кв. 8 додано виконавця ЗАПЛАНОВАНІ та додано дату виконання 9 квітня 2025 р. користувачем [Коваль Людмила].
[07-Apr-2025 09:12:44 Europe/Helsinki] NewDATA [INFO] Нова адреса вул. Шевчука, буд. 2, кв. 60, тел. +38 (096) 194-00-46 додана до БД користувачем [Сусло Тетяна].
[07-Apr-2025 09:13:00 Europe/Helsinki] NewDATA [INFO] Нова заявка Повірка, адреса: вул. Льотна 17 корпус А, кв. 60, лічильники: БЕЗ НОМЕРА - 1 шт., вартість: 300 грн., примітки: хол.13-17 додано до БД користувачем [Коваль Людмила].
[07-Apr-2025 09:13:06 Europe/Helsinki] NewDATA [INFO] Нова заявка Повірка, адреса: вул. Шевчука 2, кв. 60, лічильники: БЕЗ НОМЕРА - 2 шт., вартість: 600 грн., примітки: 13-17, 2 гв додано до БД користувачем [Сусло Тетяна].
[2025-04-07T09:13:08.769] [INFO] DataBase - У заявці Повірка від 7 квітня 2025 р. за адресою вул. Льотна, буд. 17, корп. А, кв. 60 додано виконавця ЗАПЛАНОВАНІ та додано дату виконання 8 квітня 2025 р. користувачем [Коваль Людмила].
[2025-04-07T09:13:11.896] [INFO] DataBase - У заявці Повірка від 7 квітня 2025 р. за адресою вул. Шевчука, буд. 2, кв. 60 додано виконавця ЗАПЛАНОВАНІ та додано дату виконання 15 квітня 2025 р. користувачем [Сусло Тетяна].
[07-Apr-2025 09:14:17 Europe/Helsinki] EditDATA [INFO] За адресою вул. курсанта Єськова 14 корпус Б, кв. 35 користувачем [Сусло Тетяна] змінені номери телефонів з +38(093)139-98-84 на +38(093)634-77-11, при створенні нової заявки [Повірка] від 07.04.2025.
[07-Apr-2025 09:14:17 Europe/Helsinki] NewDATA [INFO] Нова заявка Повірка, адреса: вул. курсанта Єськова 14 корпус Б, кв. 35, лічильники: БЕЗ НОМЕРА - 2 шт., вартість: 600 грн., примітки: 8-13, один хаз. з 14/б/44 додано до БД користувачем [Сусло Тетяна].
[2025-04-07T09:14:21.233] [INFO] DataBase - У заявці Повірка від 7 квітня 2025 р. за адресою вул. курсанта Єськова, буд. 14, корп. Б, кв. 35 додано виконавця ЗАПЛАНОВАНІ та додано дату виконання 14 квітня 2025 р. користувачем [Сусло Тетяна].
[07-Apr-2025 09:15:03 Europe/Helsinki] NewDATA [INFO] Нова заявка Повірка, адреса: вул. курсанта Єськова 14 корпус Б, кв. 44, лічильники: БЕЗ НОМЕРА - 2 шт., вартість: 600 грн., примітки: 8-13, один хаз. з 14/б/35 додано до БД користувачем [Сусло Тетяна].
[2025-04-07T09:15:06.593] [INFO] DataBase - У заявці Повірка від 7 квітня 2025 р. за адресою вул. курсанта Єськова, буд. 14, корп. Б, кв. 44 додано виконавця ЗАПЛАНОВАНІ та додано дату виконання 14 квітня 2025 р. користувачем [Сусло Тетяна].
[07-Apr-2025 09:18:47 Europe/Helsinki] NewDATA [INFO] Нова адреса вул. 1-ї Гвардійської Армії, буд. 25, корп. А, кв. 2, тел. +38 (095) 531-33-05 додана до БД користувачем [Коваль Людмила].
[2025-04-07T09:19:29.947] [INFO] DataBase - У заявці Повірка від 7 квітня 2025 р. за адресою вул. Шевчука, буд. 2, кв. 60 видалено дату виконання 15 квітня 2025 р. користувачем [Сусло Тетяна].
[2025-04-07T09:19:34.901] [INFO] DataBase - У заявці Повірка від 7 квітня 2025 р. за адресою вул. Шевчука, буд. 2, кв. 60 додано дату виконання 18 квітня 2025 р. користувачем [Сусло Тетяна].
[07-Apr-2025 09:19:36 Europe/Helsinki] DellTASK [INFO] Повірка від 20.03.2025 для адреси вул. Павлова Академіка, буд. 17, кв. 99 для лічильника БЕЗ НОМЕРА - 2 шт. було відмінено користувачем [Коваль Людмила] з коментарем: повтор.
[07-Apr-2025 09:19:53 Europe/Helsinki] EditDATA [INFO] Для заявки Повірка від 07.04.2025 користувачем [Сусло Тетяна] змінено примітки з 13-17, 2 гв на 8-13, 2 гв.
[07-Apr-2025 09:20:30 Europe/Helsinki] NewDATA [INFO] Нова адреса вул. Незалежності, буд. 50, кв. 2, тел. +38 (093) 218-11-88 додана до БД користувачем [Сусло Тетяна].
[07-Apr-2025 09:20:54 Europe/Helsinki] NewDATA [INFO] Нова заявка Повірка, адреса: вул. Незалежності 50, кв. 2, лічильники: БЕЗ НОМЕРА - 2 шт., вартість: 600 грн., примітки: 8-13, за 30 хв додано до БД користувачем [Сусло Тетяна].
[2025-04-07T09:20:58.109] [INFO] DataBase - У заявці Повірка від 7 квітня 2025 р. за адресою вул. Незалежності, буд. 50, кв. 2 додано виконавця ЗАПЛАНОВАНІ та додано дату виконання 16 квітня 2025 р. користувачем [Сусло Тетяна].
[07-Apr-2025 09:21:39 Europe/Helsinki] NewDATA [INFO] Нова заявка Повірка, адреса: просп. Миру 180 корпус А, кв. 46, лічильники: БЕЗ НОМЕРА - 1 шт., вартість: 300 грн., примітки: 13-17, за 1 год додано до БД користувачем [Сусло Тетяна].
[2025-04-07T09:21:45.565] [INFO] DataBase - У заявці Повірка від 7 квітня 2025 р. за адресою просп. Миру, буд. 180, корп. А, кв. 46 додано виконавця ЗАПЛАНОВАНІ та додано дату виконання 10 квітня 2025 р. користувачем [Сусло Тетяна].
[07-Apr-2025 09:22:23 Europe/Helsinki] NewDATA [INFO] Нова адреса вул. Космонавтів, буд. 2, кв. 40, тел. +38 (063) 534-32-01 додана до БД користувачем [Сусло Тетяна].
[07-Apr-2025 09:22:51 Europe/Helsinki] NewDATA [INFO] Нова заявка Повірка, адреса: вул. Космонавтів 2, кв. 40, лічильники: БЕЗ НОМЕРА - 2 шт., вартість: 600 грн., примітки: 8-13 додано до БД користувачем [Сусло Тетяна].
[2025-04-07T09:22:58.574] [INFO] DataBase - У заявці Повірка від 7 квітня 2025 р. за адресою вул. Космонавтів, буд. 2, кв. 40 додано виконавця ЗАПЛАНОВАНІ та додано дату виконання 17 квітня 2025 р. користувачем [Сусло Тетяна].
[07-Apr-2025 09:23:38 Europe/Helsinki] NewDATA [INFO] Нова адреса вул. Захисників України, буд. 12, корп. А, кв. 85, тел. +38 (063) 979-57-13 додана до БД користувачем [Сусло Тетяна].
[07-Apr-2025 09:24:04 Europe/Helsinki] NewDATA [INFO] Нова заявка Повірка, адреса: вул. Захисників України 12 корпус А, кв. 85, лічильники: БЕЗ НОМЕРА - 1 шт., вартість: 300 грн., примітки: 8-13 додано до БД користувачем [Сусло Тетяна].
[07-Apr-2025 09:24:41 Europe/Helsinki] NewDATA [INFO] Нова адреса вул. Всіхсвятська, буд. 10, корп. А, кв. 27, тел. +38 (073) 123-11-96 додана до БД користувачем [Сусло Тетяна].
[07-Apr-2025 09:25:08 Europe/Helsinki] NewDATA [INFO] Нова заявка Повірка, адреса: вул. Всіхсвятська 10 корпус А, кв. 27, лічильники: БЕЗ НОМЕРА - 2 шт., вартість: 600 грн., примітки: 8-10, код 50 додано до БД користувачем [Сусло Тетяна].
[2025-04-07T09:25:11.737] [INFO] DataBase - У заявці Повірка від 7 квітня 2025 р. за адресою вул. Захисників України, буд. 12, корп. А, кв. 85 додано виконавця ЗАПЛАНОВАНІ та додано дату виконання 22 квітня 2025 р. користувачем [Сусло Тетяна].
[2025-04-07T09:25:12.991] [INFO] DataBase - У заявці Повірка від 7 квітня 2025 р. за адресою вул. Всіхсвятська, буд. 10, корп. А, кв. 27 додано виконавця ЗАПЛАНОВАНІ та додано дату виконання 22 квітня 2025 р. користувачем [Сусло Тетяна].
[07-Apr-2025 09:30:39 Europe/Helsinki] NewDATA [INFO] Нова заявка Повірка, адреса: вул. 1-ї Гвардійської Армії 25 корпус А, кв. 2, лічильники: БЕЗ НОМЕРА - 2 шт., вартість: 600 грн., примітки: 13-17 додано до БД користувачем [Коваль Людмила].
[2025-04-07T09:30:46.083] [INFO] DataBase - У заявці Повірка від 7 квітня 2025 р. за адресою вул. 1-ї Гвардійської Армії, буд. 25, корп. А, кв. 2 додано виконавця ЗАПЛАНОВАНІ та додано дату виконання 8 квітня 2025 р. користувачем [Коваль Людмила].
[07-Apr-2025 09:31:58 Europe/Helsinki] EditDATA [INFO] За адресою вул. Генерала Пухова 111 корпус 2, кв. 15 користувачем [Коваль Людмила] змінені номери телефонів з +38(073)954-82-67, +38(095)512-61-12, +38(0462)67-09-25 на +38(073)954-82-67, +38(095)512-61-12, при створенні нової заявки [Повірка] від 07.04.2025.
[07-Apr-2025 09:31:58 Europe/Helsinki] NewDATA [INFO] Нова заявка Повірка, адреса: вул. Генерала Пухова 111 корпус 2, кв. 15, лічильники: БЕЗ НОМЕРА - 1 шт., вартість: 300 грн., примітки: 13-17 додано до БД користувачем [Коваль Людмила].
[2025-04-07T09:32:04.422] [INFO] DataBase - У заявці Повірка від 7 квітня 2025 р. за адресою вул. Генерала Пухова, буд. 111, корп. 2, кв. 15 додано виконавця ЗАПЛАНОВАНІ та додано дату виконання 9 квітня 2025 р. користувачем [Коваль Людмила].
[07-Apr-2025 09:35:48 Europe/Helsinki] EditDATA [INFO] Для заявки Повірка від 02.04.2025 користувачем [Коваль Людмила] змінено виконавця з ЗАПЛАНОВАНІ на Шкуліпа.
[07-Apr-2025 09:35:55 Europe/Helsinki] NewDATA [INFO] Нова заявка Заміна, адреса: вул. Савчука 3, кв. 124, лічильники: 064451, виконавець: Баранов, вартість: 1100 грн., примітки: 11-14, за 1 год додано до БД користувачем [Сусло Тетяна].
[2025-04-07T09:35:59.223] [INFO] DataBase - У заявці Заміна від 7 квітня 2025 р. за адресою вул. Савчука, буд. 3, кв. 124 додано дату виконання 9 квітня 2025 р. користувачем [Сусло Тетяна].
[07-Apr-2025 09:41:02 Europe/Helsinki] EditDATA [INFO] Для заявки Повірка від 07.04.2025 користувачем [Коваль Людмила] змінено виконавця з ЗАПЛАНОВАНІ на Сірий.
[07-Apr-2025 09:41:17 Europe/Helsinki] EditDATA [INFO] Для заявки Повірка від 02.04.2025 користувачем [Коваль Людмила] змінено виконавця з ЗАПЛАНОВАНІ на Сірий.
[07-Apr-2025 09:41:28 Europe/Helsinki] EditDATA [INFO] Для заявки Повірка від 01.04.2025 користувачем [Коваль Людмила] змінено виконавця з ЗАПЛАНОВАНІ на Сірий.
[07-Apr-2025 09:41:40 Europe/Helsinki] EditDATA [INFO] Для заявки Повірка від 01.04.2025 користувачем [Коваль Людмила] змінено виконавця з ЗАПЛАНОВАНІ на Сірий.
[07-Apr-2025 09:41:53 Europe/Helsinki] EditDATA [INFO] Для заявки Повірка від 01.04.2025 користувачем [Коваль Людмила] змінено виконавця з ЗАПЛАНОВАНІ на Сірий.
[07-Apr-2025 09:42:06 Europe/Helsinki] EditDATA [INFO] Для заявки Повірка від 28.03.2025 користувачем [Коваль Людмила] змінено виконавця з ЗАПЛАНОВАНІ на Сірий.
[07-Apr-2025 09:59:07 Europe/Helsinki] DellTASK [INFO] Повірка від 27.03.2025 для адреси вул. Захисників України, буд. 1, кв. 54 для лічильника БЕЗ НОМЕРА - 2 шт. було завершено користувачем [Коваль Людмила] з коментарем: виконано.
[07-Apr-2025 09:59:21 Europe/Helsinki] DellTASK [INFO] Повірка від 31.03.2025 для адреси вул. Освіти, буд. 4, корп. А, кв. 4 для лічильника БЕЗ НОМЕРА - 4 шт. було завершено користувачем [Коваль Людмила] з коментарем: виконано.
[07-Apr-2025 09:59:42 Europe/Helsinki] DellTASK [INFO] Повірка від 31.03.2025 для адреси вул. Захисників України, буд. 17, кв. 29 для лічильника БЕЗ НОМЕРА - 4 шт. було завершено користувачем [Коваль Людмила] з коментарем: виконано.
[07-Apr-2025 09:59:58 Europe/Helsinki] DellTASK [INFO] Повірка від 31.03.2025 для адреси просп. Левка Лукяненка, буд. 37, корп. А, кв. 103 для лічильника БЕЗ НОМЕРА - 1 шт. було завершено користувачем [Коваль Людмила] з коментарем: виконано.
[07-Apr-2025 10:00:13 Europe/Helsinki] DellTASK [INFO] Повірка від 31.03.2025 для адреси вул. Генерала Пухова, буд. 101, кв. 12 для лічильника БЕЗ НОМЕРА - 2 шт. було завершено користувачем [Коваль Людмила] з коментарем: виконано.
[07-Apr-2025 10:00:36 Europe/Helsinki] DellTASK [INFO] Повірка від 31.03.2025 для адреси вул. Шевченка, буд. 101, корп. А, кв. 44 для лічильника БЕЗ НОМЕРА - 1 шт. було завершено користувачем [Коваль Людмила] з коментарем: виконано.
[07-Apr-2025 10:00:54 Europe/Helsinki] DellTASK [INFO] Повірка від 28.03.2025 для адреси вул. Всіхсвятська, буд. 8, кв. 106 для лічильника БЕЗ НОМЕРА - 4 шт. було завершено користувачем [Коваль Людмила] з коментарем: виконано.
[07-Apr-2025 10:01:10 Europe/Helsinki] DellTASK [INFO] Повірка від 31.03.2025 для адреси вул. Шевченка, буд. 114, корп. А, кв. 144 для лічильника БЕЗ НОМЕРА - 1 шт. було завершено користувачем [Коваль Людмила] з коментарем: виконано.
[07-Apr-2025 10:01:28 Europe/Helsinki] DellTASK [INFO] Повірка від 31.03.2025 для адреси просп. Левка Лукяненка, буд. 58, корп. А, кв. 17 для лічильника БЕЗ НОМЕРА - 4 шт. було завершено користувачем [Коваль Людмила] з коментарем: виконано.
[07-Apr-2025 10:25:00 Europe/Helsinki] EditDATA [INFO] За адресою вул. Партизанська 51, кв. 51 користувачем [Сусло Тетяна] змінені номери телефонів з +38(097)452-91-08 на +38(093)814-04-03, при створенні нової заявки [Повірка] від 07.04.2025.
[07-Apr-2025 10:25:00 Europe/Helsinki] NewDATA [INFO] Нова заявка Повірка, адреса: вул. Партизанська 51, кв. 51, лічильники: БЕЗ НОМЕРА - 2 шт., вартість: 600 грн., примітки: 8-13 додано до БД користувачем [Сусло Тетяна].
[2025-04-07T10:25:04.334] [INFO] DataBase - У заявці Повірка від 7 квітня 2025 р. за адресою вул. Партизанська, буд. 51, кв. 51 додано виконавця ЗАПЛАНОВАНІ та додано дату виконання 14 квітня 2025 р. користувачем [Сусло Тетяна].
[07-Apr-2025 10:25:40 Europe/Helsinki] NewDATA [INFO] Нова адреса вул. Захисників України, буд. 1, кв. 77, тел. +38 (099) 307-26-27 додана до БД користувачем [Сусло Тетяна].
[07-Apr-2025 10:26:02 Europe/Helsinki] NewDATA [INFO] Нова заявка Повірка, адреса: вул. Захисників України 1, кв. 77, лічильники: БЕЗ НОМЕРА - 2 шт., вартість: 600 грн., примітки: 8-13 додано до БД користувачем [Сусло Тетяна].
[2025-04-07T10:26:07.077] [INFO] DataBase - У заявці Повірка від 7 квітня 2025 р. за адресою вул. Захисників України, буд. 1, кв. 77 додано виконавця ЗАПЛАНОВАНІ та додано дату виконання 23 квітня 2025 р. користувачем [Сусло Тетяна].
[07-Apr-2025 10:56:42 Europe/Helsinki] NewDATA [INFO] Нова заявка Повірка, адреса: вул. Незалежності 14, кв. 175, лічильники: БЕЗ НОМЕРА - 1 шт., вартість: 300 грн., примітки: 8-13 додано до БД користувачем [Сусло Тетяна].
[07-Apr-2025 10:56:57 Europe/Helsinki] EditDATA [INFO] Для заявки Повірка від 07.04.2025 користувачем [Сусло Тетяна] змінено примітки з 8-13 на 8-13, 1 гв.
[2025-04-07T10:57:02.934] [INFO] DataBase - У заявці Повірка від 7 квітня 2025 р. за адресою вул. Незалежності, буд. 14, кв. 175 додано виконавця ЗАПЛАНОВАНІ та додано дату виконання 29 квітня 2025 р. користувачем [Сусло Тетяна].
[07-Apr-2025 10:57:12 Europe/Helsinki] NewDATA [INFO] Нова адреса вул. Елеваторна, буд. 4, корп. Б, кв. 25, тел. +38 (066) 181-69-62 додана до БД користувачем [Коваль Людмила].
[07-Apr-2025 10:58:26 Europe/Helsinki] NewDATA [INFO] Нова заявка Повірка, адреса: вул. Елеваторна 4 корпус Б, кв. 25, лічильники: БЕЗ НОМЕРА - 1 шт., вартість: 300 грн., примітки: пер.за час додано до БД користувачем [Коваль Людмила].
[2025-04-07T10:58:31.319] [INFO] DataBase - У заявці Повірка від 7 квітня 2025 р. за адресою вул. Елеваторна, буд. 4, корп. Б, кв. 25 додано виконавця ЗАПЛАНОВАНІ та додано дату виконання 16 квітня 2025 р. користувачем [Коваль Людмила].
[07-Apr-2025 10:59:47 Europe/Helsinki] EditDATA [INFO] Для заявки Повірка від 02.04.2025 користувачем [Коваль Людмила] змінено примітки з 8-11 на 8-9.
[07-Apr-2025 11:02:06 Europe/Helsinki] EditDATA [INFO] За адресою вул. Генерала Пухова 140, кв. 157 користувачем [Коваль Людмила] змінені номери телефонів з +38(097)599-36-51, +38(0462)95-48-87 на +38(097)599-36-51, при створенні нової заявки [Повірка] від 07.04.2025.
[07-Apr-2025 11:02:06 Europe/Helsinki] NewDATA [INFO] Нова заявка Повірка, адреса: вул. Генерала Пухова 140, кв. 157, лічильники: БЕЗ НОМЕРА - 2 шт., вартість: 600 грн., примітки: 13-17 додано до БД користувачем [Коваль Людмила].
[2025-04-07T11:02:18.692] [INFO] DataBase - У заявці Повірка від 7 квітня 2025 р. за адресою вул. Генерала Пухова, буд. 140, кв. 157 додано виконавця ЗАПЛАНОВАНІ та додано дату виконання 9 квітня 2025 р. користувачем [Коваль Людмила].
[07-Apr-2025 11:03:39 Europe/Helsinki] NewDATA [INFO] Нова адреса вул. Волковича, буд. 21, кв. 68, тел. +38 (073) 111-34-49 додана до БД користувачем [Коваль Людмила].
[07-Apr-2025 11:04:18 Europe/Helsinki] NewDATA [INFO] Нова заявка Повірка, адреса: вул. Волковича 21, кв. 68, лічильники: БЕЗ НОМЕРА - 2 шт., вартість: 600 грн., примітки: 13-17 додано до БД користувачем [Коваль Людмила].
[2025-04-07T11:04:25.960] [INFO] DataBase - У заявці Повірка від 7 квітня 2025 р. за адресою вул. Волковича, буд. 21, кв. 68 додано виконавця ЗАПЛАНОВАНІ та додано дату виконання 10 квітня 2025 р. користувачем [Коваль Людмила].
[07-Apr-2025 11:05:57 Europe/Helsinki] NewDATA [INFO] Нова заявка Заміна, адреса: вул. Корольова 4 корпус А, кв. 2, лічильники: 342992, вартість: 1100 грн., примітки: 8-10,хол.№342992 додано до БД користувачем [Коваль Людмила].
[2025-04-07T11:06:01.248] [INFO] DataBase - У заявці Заміна від 7 квітня 2025 р. за адресою вул. Корольова, буд. 4, корп. А, кв. 2 додано виконавця Баранов та додано дату виконання 15 квітня 2025 р. користувачем [Коваль Людмила].
[07-Apr-2025 11:11:52 Europe/Helsinki] NewDATA [INFO] Нова адреса вул. Заньковецька, буд. 30, кв. 10, тел. +38 (050) 381-96-83 додана до БД користувачем [Коваль Людмила].
[07-Apr-2025 11:12:26 Europe/Helsinki] NewDATA [INFO] Нова заявка Повірка, адреса: вул. Заньковецька 30, кв. 10, лічильники: БЕЗ НОМЕРА - 4 шт., вартість: 1200 грн., примітки: 8-13 додано до БД користувачем [Коваль Людмила].
[2025-04-07T11:12:32.639] [INFO] DataBase - У заявці Повірка від 7 квітня 2025 р. за адресою вул. Заньковецька, буд. 30, кв. 10 додано виконавця ЗАПЛАНОВАНІ та додано дату виконання 15 квітня 2025 р. користувачем [Коваль Людмила].
[07-Apr-2025 11:14:19 Europe/Helsinki] NewDATA [INFO] Нова адреса просп. Левка Лукяненка, буд. 60, кв. 52, тел. +38 (096) 363-17-56 додана до БД користувачем [Коваль Людмила].
[07-Apr-2025 11:15:08 Europe/Helsinki] NewDATA [INFO] Нова заявка Повірка, адреса: просп. Левка Лукяненка 60, кв. 52, лічильники: БЕЗ НОМЕРА - 2 шт., вартість: 600 грн., примітки: 13-17,1підізд додано до БД користувачем [Коваль Людмила].
[2025-04-07T11:15:14.733] [INFO] DataBase - У заявці Повірка від 7 квітня 2025 р. за адресою просп. Левка Лукяненка, буд. 60, кв. 52 додано виконавця ЗАПЛАНОВАНІ та додано дату виконання 9 квітня 2025 р. користувачем [Коваль Людмила].
[07-Apr-2025 11:16:29 Europe/Helsinki] EditDATA [INFO] Для заявки Повірка від 31.03.2025 користувачем [Сусло Тетяна] змінено примітки з 12-16 на 12-16, 2 ліч. хол..
[07-Apr-2025 11:16:48 Europe/Helsinki] DellTASK [INFO] Повірка від 03.04.2025 для адреси вул. Павлова Академіка, буд. 17, кв. 99 для лічильника БЕЗ НОМЕРА - 2 шт. було завершено користувачем [Коваль Людмила] з коментарем: виконано.
[07-Apr-2025 11:17:01 Europe/Helsinki] DellTASK [INFO] Повірка від 31.03.2025 для адреси просп. Перемоги, буд. 119, корп. А, кв. 330 для лічильника БЕЗ НОМЕРА - 1 шт. було завершено користувачем [Коваль Людмила] з коментарем: виконано.
[07-Apr-2025 11:21:30 Europe/Helsinki] DellTASK [INFO] Повірка від 03.04.2025 для адреси просп. Перемоги, буд. 153, кв. 56 для лічильника БЕЗ НОМЕРА - 4 шт. було завершено користувачем [Коваль Людмила] з коментарем: виконано.
[07-Apr-2025 11:21:43 Europe/Helsinki] DellTASK [INFO] Повірка від 03.04.2025 для адреси просп. Перемоги, буд. 119, корп. А, кв. 299 для лічильника БЕЗ НОМЕРА - 1 шт. було завершено користувачем [Коваль Людмила] з коментарем: виконано.
[07-Apr-2025 11:21:56 Europe/Helsinki] DellTASK [INFO] Повірка від 27.03.2025 для адреси вул. Кореня Терентія, буд. 9, кв. 16 для лічильника БЕЗ НОМЕРА - 2 шт. було завершено користувачем [Коваль Людмила] з коментарем: виконано.
[07-Apr-2025 11:22:11 Europe/Helsinki] DellTASK [INFO] Повірка від 27.03.2025 для адреси вул. Гетьмана Полуботка, буд. 120, кв. 23 для лічильника БЕЗ НОМЕРА - 1 шт. було завершено користувачем [Коваль Людмила] з коментарем: виконано.
[07-Apr-2025 11:22:24 Europe/Helsinki] DellTASK [INFO] Повірка від 25.03.2025 для адреси вул. Гетьмана Полуботка, буд. 80, кв. 117 для лічильника БЕЗ НОМЕРА - 2 шт. було завершено користувачем [Коваль Людмила] з коментарем: виконано.
[07-Apr-2025 11:22:37 Europe/Helsinki] DellTASK [INFO] Повірка від 20.02.2025 для адреси просп. Перемоги, буд. 147, кв. 98 для лічильника БЕЗ НОМЕРА - 2 шт. було завершено користувачем [Коваль Людмила] з коментарем: виконано.
[07-Apr-2025 11:23:02 Europe/Helsinki] DellTASK [INFO] Повірка від 31.03.2025 для адреси вул. Богуна Івана, буд. 44, кв. 68 для лічильника БЕЗ НОМЕРА - 2 шт. було завершено користувачем [Коваль Людмила] з коментарем: виконано.
[07-Apr-2025 11:23:20 Europe/Helsinki] DellTASK [INFO] Повірка від 25.03.2025 для адреси вул. Ріпкинська, буд. 3, кв. 10 для лічильника БЕЗ НОМЕРА - 2 шт. було завершено користувачем [Коваль Людмила] з коментарем: виконано.
[07-Apr-2025 11:23:36 Europe/Helsinki] DellTASK [INFO] Повірка від 06.02.2025 для адреси вул. Чорновола Вячеслава, буд. 13, кв. 68 для лічильника БЕЗ НОМЕРА - 4 шт. було завершено користувачем [Коваль Людмила] з коментарем: виконано.
[07-Apr-2025 11:23:49 Europe/Helsinki] DellTASK [INFO] Повірка від 31.03.2025 для адреси вул. Шевчука, буд. 8, кв. 155 для лічильника БЕЗ НОМЕРА - 4 шт. було завершено користувачем [Коваль Людмила] з коментарем: виконано.
[07-Apr-2025 11:24:01 Europe/Helsinki] DellTASK [INFO] Повірка від 19.03.2025 для адреси вул. Ріпкинська, буд. 3, кв. 4 для лічильника БЕЗ НОМЕРА - 2 шт. було завершено користувачем [Коваль Людмила] з коментарем: виконано.
[07-Apr-2025 11:24:14 Europe/Helsinki] DellTASK [INFO] Повірка від 25.03.2025 для адреси вул. Радченка Вячеслава, буд. 12, кв. 48 для лічильника БЕЗ НОМЕРА - 4 шт. було завершено користувачем [Коваль Людмила] з коментарем: виконано.
[07-Apr-2025 11:24:31 Europe/Helsinki] DellTASK [INFO] Повірка від 21.03.2025 для адреси вул. Радченка Вячеслава, буд. 20, кв. 38 для лічильника БЕЗ НОМЕРА - 2 шт. було завершено користувачем [Коваль Людмила] з коментарем: виконано.
[07-Apr-2025 11:25:03 Europe/Helsinki] DellTASK [INFO] Повірка від 03.04.2025 для адреси вул. Пирогова, буд. 2, кв. 52 для лічильника БЕЗ НОМЕРА - 1 шт. було завершено користувачем [Коваль Людмила] з коментарем: виконано.
[07-Apr-2025 11:25:21 Europe/Helsinki] DellTASK [INFO] Повірка від 01.04.2025 для адреси вул. Любецька, буд. 2, кв. 27 для лічильника БЕЗ НОМЕРА - 2 шт. було завершено користувачем [Коваль Людмила] з коментарем: виконано.
[07-Apr-2025 11:25:36 Europe/Helsinki] DellTASK [INFO] Повірка від 01.04.2025 для адреси вул. Мазепи Івана, буд. 11, кв. 46 для лічильника БЕЗ НОМЕРА - 1 шт. було завершено користувачем [Коваль Людмила] з коментарем: виконано.
[07-Apr-2025 11:25:52 Europe/Helsinki] DellTASK [INFO] Повірка від 25.03.2025 для адреси вул. Мазепи Івана, буд. 11, кв. 79 для лічильника БЕЗ НОМЕРА - 1 шт. було завершено користувачем [Коваль Людмила] з коментарем: виконано.
[07-Apr-2025 11:26:05 Europe/Helsinki] DellTASK [INFO] Повірка від 25.03.2025 для адреси вул. Пирогова, буд. 22, корп. А, кв. 32 для лічильника БЕЗ НОМЕРА - 2 шт. було завершено користувачем [Коваль Людмила] з коментарем: виконано.
[07-Apr-2025 11:26:22 Europe/Helsinki] DellTASK [INFO] Повірка від 18.03.2025 для адреси вул. Любецька, буд. 7, кв. 214 для лічильника БЕЗ НОМЕРА - 1 шт. було завершено користувачем [Коваль Людмила] з коментарем: виконано.
[07-Apr-2025 11:26:38 Europe/Helsinki] DellTASK [INFO] Повірка від 26.03.2025 для адреси вул. Любецька, буд. 11, кв. 87 для лічильника БЕЗ НОМЕРА - 2 шт. було завершено користувачем [Коваль Людмила] з коментарем: виконано.
[07-Apr-2025 11:31:28 Europe/Helsinki] NewDATA [INFO] Новий лічильник номер: 074854, тип: КВ-1,5 => DN 15, рік випуску: 2014, показники: 0, балансоутримувач: КП "ВДК" додано до БД користувачем [Коваль Людмила].
[07-Apr-2025 11:31:31 Europe/Helsinki] EditDATA [INFO] За адресою просп. Перемоги, буд. 119, корп. А, кв. 299 користувачем [Коваль Людмила] було додано лічильники: 074854].
[07-Apr-2025 11:32:12 Europe/Helsinki] NewDATA [INFO] Новий лічильник номер: 078697, тип: КВ-1,5 => DN 15, рік випуску: 2014, показники: 0, балансоутримувач: КП "ВДК" додано до БД користувачем [Коваль Людмила].
[07-Apr-2025 11:32:15 Europe/Helsinki] EditDATA [INFO] За адресою просп. Перемоги, буд. 119, корп. А, кв. 330 користувачем [Коваль Людмила] було додано лічильники: 078697].
[07-Apr-2025 11:33:14 Europe/Helsinki] EditDATA [INFO] За адресою вул. Текстильників 39, кв. 54 користувачем [Сусло Тетяна] додано номер телефону +38(063)821-00-40, при створенні нової заявки [Повірка] від 07.04.2025.
[07-Apr-2025 11:33:14 Europe/Helsinki] NewDATA [INFO] Нова заявка Повірка, адреса: вул. Текстильників 39, кв. 54, лічильники: БЕЗ НОМЕРА - 2 шт., вартість: 600 грн., примітки: 13-17, за 30 хв додано до БД користувачем [Сусло Тетяна].
[2025-04-07T11:33:19.063] [INFO] DataBase - У заявці Повірка від 7 квітня 2025 р. за адресою вул. Текстильників, буд. 39, кв. 54 додано виконавця ЗАПЛАНОВАНІ та додано дату виконання 11 квітня 2025 р. користувачем [Сусло Тетяна].
[07-Apr-2025 11:34:46 Europe/Helsinki] EditDATA [INFO] За адресою вул. Корольова 10 корпус А, кв. 5 користувачем [Сусло Тетяна] додано номер телефону +38(093)133-06-42, при створенні нової заявки [Повірка] від 07.04.2025.
[07-Apr-2025 11:34:46 Europe/Helsinki] NewDATA [INFO] Нова заявка Повірка, адреса: вул. Корольова 10 корпус А, кв. 5, лічильники: БЕЗ НОМЕРА - 4 шт., вартість: 1200 грн., примітки: за 1 год додано до БД користувачем [Сусло Тетяна].
[2025-04-07T11:34:50.818] [INFO] DataBase - У заявці Повірка від 7 квітня 2025 р. за адресою вул. Корольова, буд. 10, корп. А, кв. 5 додано виконавця ЗАПЛАНОВАНІ та додано дату виконання 17 квітня 2025 р. користувачем [Сусло Тетяна].
[07-Apr-2025 11:35:40 Europe/Helsinki] NewDATA [INFO] Нова заявка Заміна, адреса: вул. Небаби Мартина 102, кв. 2, лічильники: БЕЗ НОМЕРА - 1 шт., виконавець: Баранов, вартість: 1100 грн., примітки: 8-13, 1 гв додано до БД користувачем [Сусло Тетяна].
[2025-04-07T11:35:43.043] [INFO] DataBase - У заявці Заміна від 7 квітня 2025 р. за адресою вул. Небаби Мартина, буд. 102, кв. 2 додано дату виконання 10 квітня 2025 р. користувачем [Сусло Тетяна].
[07-Apr-2025 11:36:58 Europe/Helsinki] NewDATA [INFO] Новий лічильник номер: 101696, тип: КВ-1,5 => DN 15, рік випуску: 2009, показники: 0, балансоутримувач: КП "ВДК" додано до БД користувачем [Коваль Людмила].
[07-Apr-2025 11:37:21 Europe/Helsinki] NewDATA [INFO] Новий лічильник номер: 029990, тип: КВ-1,5 => DN 15, рік випуску: 2009, показники: 0, балансоутримувач: АТ "ОТКЕ" додано до БД користувачем [Коваль Людмила].
[07-Apr-2025 11:37:23 Europe/Helsinki] EditDATA [INFO] За адресою просп. Перемоги, буд. 147, кв. 98 користувачем [Коваль Людмила] було додано лічильники: 101696, 029990].
[2025-04-07T11:44:01.487] [INFO] DataBase - У заявці Повірка від 2 квітня 2025 р. за адресою вул. Любецька, буд. 7, кв. 124 видалено виконавця Ващенко та видалено дату виконання 4 квітня 2025 р. користувачем [Сусло Тетяна].
[2025-04-07T11:44:09.400] [INFO] DataBase - У заявці Повірка від 2 квітня 2025 р. за адресою вул. Любецька, буд. 7, кв. 124 додано виконавця Сірий та додано дату виконання 8 квітня 2025 р. користувачем [Сусло Тетяна].
[07-Apr-2025 11:46:08 Europe/Helsinki] NewDATA [INFO] Новий лічильник номер: 050111, тип: КВ-1,5 => DN 15, рік випуску: 2020, показники: 0, балансоутримувач: КП "ВДК" додано до БД користувачем [Коваль Людмила].
[07-Apr-2025 11:46:33 Europe/Helsinki] NewDATA [INFO] Новий лічильник номер: 057235, тип: КВ-1,5 => DN 15, рік випуску: 2020, показники: 0, балансоутримувач: АТ "ОТКЕ" додано до БД користувачем [Коваль Людмила].
[07-Apr-2025 11:46:35 Europe/Helsinki] EditDATA [INFO] За адресою вул. Гетьмана Полуботка, буд. 80, кв. 117 користувачем [Коваль Людмила] було додано лічильники: 050111, 057235].
[07-Apr-2025 11:47:12 Europe/Helsinki] NewDATA [INFO] Новий лічильник номер: 530190, тип: КВ-1,5 => DN 15, рік випуску: 2009, показники: 0, балансоутримувач: КП "ВДК" додано до БД користувачем [Коваль Людмила].
[07-Apr-2025 11:47:36 Europe/Helsinki] NewDATA [INFO] Новий лічильник номер: 527364, тип: КВ-1,5 => DN 15, рік випуску: 2009, показники: 0, балансоутримувач: АТ "ОТКЕ" додано до БД користувачем [Коваль Людмила].
[07-Apr-2025 11:47:38 Europe/Helsinki] EditDATA [INFO] За адресою вул. Кореня Терентія, буд. 9, кв. 16 користувачем [Коваль Людмила] було додано лічильники: 530190, 527364].
[07-Apr-2025 11:54:15 Europe/Helsinki] NewDATA [INFO] Нова адреса вул. курсанта Єськова, буд. 4, кв. 90, тел. +38 (099) 482-04-20 додана до БД користувачем [Сусло Тетяна].
[07-Apr-2025 11:54:42 Europe/Helsinki] NewDATA [INFO] Нова заявка Повірка, адреса: вул. курсанта Єськова 4, кв. 90, лічильники: БЕЗ НОМЕРА - 2 шт., вартість: 600 грн., примітки: за 1 год додано до БД користувачем [Сусло Тетяна].
[2025-04-07T11:54:46.974] [INFO] DataBase - У заявці Повірка від 7 квітня 2025 р. за адресою вул. курсанта Єськова, буд. 4, кв. 90 додано виконавця ЗАПЛАНОВАНІ та додано дату виконання 8 квітня 2025 р. користувачем [Сусло Тетяна].
[07-Apr-2025 11:59:52 Europe/Helsinki] NewDATA [INFO] Нова адреса вул. Мстиславська, буд. 179, кв. 105, тел. +38 (093) 442-70-50 додана до БД користувачем [Сусло Тетяна].
[07-Apr-2025 12:00:11 Europe/Helsinki] NewDATA [INFO] Нова заявка Повірка, адреса: вул. Мстиславська 179, кв. 105, лічильники: БЕЗ НОМЕРА - 1 шт., вартість: 300 грн., примітки: 8-13, 1 гв додано до БД користувачем [Сусло Тетяна].
[2025-04-07T12:00:15.737] [INFO] DataBase - У заявці Повірка від 7 квітня 2025 р. за адресою вул. Мстиславська, буд. 179, кв. 105 додано виконавця ЗАПЛАНОВАНІ та додано дату виконання 14 квітня 2025 р. користувачем [Сусло Тетяна].
[07-Apr-2025 12:02:50 Europe/Helsinki] NewDATA [INFO] Нова адреса вул. Незалежності, буд. 74, кв. 118, тел. +38 (099) 199-55-90 додана до БД користувачем [Сусло Тетяна].
[07-Apr-2025 12:03:11 Europe/Helsinki] NewDATA [INFO] Нова заявка Повірка, адреса: вул. Незалежності 74, кв. 118, лічильники: БЕЗ НОМЕРА - 2 шт., вартість: 600 грн., примітки: 8-13 додано до БД користувачем [Сусло Тетяна].
[2025-04-07T12:03:15.531] [INFO] DataBase - У заявці Повірка від 7 квітня 2025 р. за адресою вул. Незалежності, буд. 74, кв. 118 додано виконавця ЗАПЛАНОВАНІ та додано дату виконання 16 квітня 2025 р. користувачем [Сусло Тетяна].
[07-Apr-2025 12:15:41 Europe/Helsinki] EditDATA [INFO] Для заявки Повірка від 07.04.2025 користувачем [Сусло Тетяна] змінено примітки з 8-13, 1 гв на 8-13, 2 ліч.
[07-Apr-2025 12:19:55 Europe/Helsinki] NewDATA [INFO] Нова заявка Повірка, адреса: вул. курсанта Єськова 10 корпус 3, кв. 83, лічильники: БЕЗ НОМЕРА - 2 шт., вартість: 600 грн., примітки: 8-13 додано до БД користувачем [Сусло Тетяна].
[2025-04-07T12:19:59.693] [INFO] DataBase - У заявці Повірка від 7 квітня 2025 р. за адресою вул. курсанта Єськова, буд. 10, корп. 3, кв. 83 додано виконавця ЗАПЛАНОВАНІ та додано дату виконання 29 квітня 2025 р. користувачем [Сусло Тетяна].
[07-Apr-2025 12:20:38 Europe/Helsinki] NewDATA [INFO] Нова адреса вул. Мстиславська, буд. 134, кв. 81, тел. +38 (050) 061-61-25 додана до БД користувачем [Сусло Тетяна].
[07-Apr-2025 12:20:55 Europe/Helsinki] NewDATA [INFO] Нова заявка Повірка, адреса: вул. Мстиславська 134, кв. 81, лічильники: БЕЗ НОМЕРА - 2 шт., вартість: 600 грн., примітки: 12-16 додано до БД користувачем [Сусло Тетяна].
[2025-04-07T12:20:58.558] [INFO] DataBase - У заявці Повірка від 7 квітня 2025 р. за адресою вул. Мстиславська, буд. 134, кв. 81 додано виконавця ЗАПЛАНОВАНІ та додано дату виконання 14 квітня 2025 р. користувачем [Сусло Тетяна].
[07-Apr-2025 12:36:17 Europe/Helsinki] EditDATA [INFO] За адресою вул. Мстиславська 132, кв. 18 користувачем [Сусло Тетяна] змінені номери телефонів з +38(068)194-81-00 на +38(093)957-26-08, при створенні нової заявки [Повірка] від 07.04.2025.
[07-Apr-2025 12:36:17 Europe/Helsinki] NewDATA [INFO] Нова заявка Повірка, адреса: вул. Мстиславська 132, кв. 18, лічильники: БЕЗ НОМЕРА - 4 шт., вартість: 1200 грн., примітки: 13-17 додано до БД користувачем [Сусло Тетяна].
[2025-04-07T12:36:20.668] [INFO] DataBase - У заявці Повірка від 7 квітня 2025 р. за адресою вул. Мстиславська, буд. 132, кв. 18 додано виконавця ЗАПЛАНОВАНІ та додано дату виконання 14 квітня 2025 р. користувачем [Сусло Тетяна].
[07-Apr-2025 12:58:55 Europe/Helsinki] NewDATA [INFO] Нова адреса вул. Толстого, буд. 122, кв. 28, тел. +38 (096) 335-68-76 додана до БД користувачем [Сусло Тетяна].
[07-Apr-2025 12:59:17 Europe/Helsinki] NewDATA [INFO] Нова заявка Повірка, адреса: вул. Толстого 122, кв. 28, лічильники: БЕЗ НОМЕРА - 2 шт., вартість: 600 грн., примітки: 8-13 додано до БД користувачем [Сусло Тетяна].
[2025-04-07T12:59:21.926] [INFO] DataBase - У заявці Повірка від 7 квітня 2025 р. за адресою вул. Толстого, буд. 122, кв. 28 додано виконавця ЗАПЛАНОВАНІ та додано дату виконання 24 квітня 2025 р. користувачем [Сусло Тетяна].
[07-Apr-2025 13:07:24 Europe/Helsinki] NewDATA [INFO] Нова адреса вул. Довженка, буд. 134, кв. 58, тел. +38 (067) 357-38-84 додана до БД користувачем [Коваль Людмила].
[07-Apr-2025 13:07:57 Europe/Helsinki] NewDATA [INFO] Нова заявка Повірка, адреса: вул. Довженка 134, кв. 58, лічильники: БЕЗ НОМЕРА - 2 шт., вартість: 600 грн., примітки: 8-10,код 38 додано до БД користувачем [Коваль Людмила].
[2025-04-07T13:08:07.427] [INFO] DataBase - У заявці Повірка від 7 квітня 2025 р. за адресою вул. Довженка, буд. 134, кв. 58 додано виконавця ЗАПЛАНОВАНІ та додано дату виконання 24 квітня 2025 р. користувачем [Коваль Людмила].
[07-Apr-2025 13:10:03 Europe/Helsinki] NewDATA [INFO] Нова адреса вул. Генерала Пухова, буд. 142, кв. 149, тел. +38 (050) 621-10-41 додана до БД користувачем [Коваль Людмила].
[07-Apr-2025 13:10:47 Europe/Helsinki] NewDATA [INFO] Нова заявка Повірка, адреса: вул. Генерала Пухова 142, кв. 149, лічильники: БЕЗ НОМЕРА - 2 шт., вартість: 600 грн., примітки: 13-17 додано до БД користувачем [Коваль Людмила].
[2025-04-07T13:10:52.742] [INFO] DataBase - У заявці Повірка від 7 квітня 2025 р. за адресою вул. Генерала Пухова, буд. 142, кв. 149 додано виконавця ЗАПЛАНОВАНІ та додано дату виконання 22 квітня 2025 р. користувачем [Коваль Людмила].
[07-Apr-2025 13:12:44 Europe/Helsinki] NewDATA [INFO] Новий лічильник номер: 385250, тип: КВ-1,5 => DN 15, рік випуску: 2005, показники: 0, балансоутримувач: КП "ВДК" додано до БД користувачем [Коваль Людмила].
[07-Apr-2025 13:13:11 Europe/Helsinki] NewDATA [INFO] Новий лічильник номер: 538277, тип: КВ-1,5 => DN 15, рік випуску: 2002, показники: 0, балансоутримувач: АТ "ОТКЕ" додано до БД користувачем [Коваль Людмила].
[07-Apr-2025 13:13:13 Europe/Helsinki] EditDATA [INFO] За адресою вул. Павлова Академіка, буд. 17, кв. 99 користувачем [Коваль Людмила] було додано лічильники: 385250, 538277].
[07-Apr-2025 13:15:58 Europe/Helsinki] NewDATA [INFO] Новий лічильник номер: 200128745, тип: GSD8 => DN 15, рік випуску: 2020, показники: 0, балансоутримувач: КП "ВДК" додано до БД користувачем [Коваль Людмила].
[07-Apr-2025 13:16:01 Europe/Helsinki] EditDATA [INFO] За адресою вул. Гетьмана Полуботка, буд. 120, кв. 23 користувачем [Коваль Людмила] було додано лічильники: 200128745].
[07-Apr-2025 13:16:43 Europe/Helsinki] NewDATA [INFO] Новий лічильник номер: 2235992, тип: ЛК => DN 15, рік випуску: 2012, показники: 0, балансоутримувач: КП "ВДК" додано до БД користувачем [Коваль Людмила].
[07-Apr-2025 13:17:13 Europe/Helsinki] NewDATA [INFO] Новий лічильник номер: 2261745, тип: ЛК => DN 15, рік випуску: 2012, показники: 0, балансоутримувач: АТ "ОТКЕ" додано до БД користувачем [Коваль Людмила].
[07-Apr-2025 13:17:42 Europe/Helsinki] NewDATA [INFO] Новий лічильник номер: 096857, тип: КВ-1,5 => DN 15, рік випуску: 2012, показники: 0, балансоутримувач: КП "ВДК" додано до БД користувачем [Коваль Людмила].
[07-Apr-2025 13:18:07 Europe/Helsinki] NewDATA [INFO] Новий лічильник номер: 098569, тип: КВ-1,5 => DN 15, рік випуску: 2012, показники: 0, балансоутримувач: АТ "ОТКЕ" додано до БД користувачем [Коваль Людмила].
[07-Apr-2025 13:18:10 Europe/Helsinki] EditDATA [INFO] За адресою просп. Перемоги, буд. 153, кв. 56 користувачем [Коваль Людмила] було додано лічильники: 2235992, 2261745, 096857, 098569].
[07-Apr-2025 13:19:48 Europe/Helsinki] NewDATA [INFO] Новий лічильник номер: 526424, тип: КВ-1,5 => DN 15, рік випуску: 2001, показники: 0, балансоутримувач: КП "ВДК" додано до БД користувачем [Коваль Людмила].
[07-Apr-2025 13:20:13 Europe/Helsinki] NewDATA [INFO] Новий лічильник номер: 045879, тип: КВ-1,5 => DN 15, рік випуску: 2003, показники: 0, балансоутримувач: АТ "ОТКЕ" додано до БД користувачем [Коваль Людмила].
[07-Apr-2025 13:20:15 Europe/Helsinki] EditDATA [INFO] За адресою вул. Ріпкинська, буд. 3, кв. 10 користувачем [Коваль Людмила] було додано лічильники: 526424, 045879].
[07-Apr-2025 13:20:58 Europe/Helsinki] NewDATA [INFO] Новий лічильник номер: 742490, тип: КВ-1,5 => DN 15, рік випуску: 2003, показники: 0, балансоутримувач: КП "ВДК" додано до БД користувачем [Коваль Людмила].
[07-Apr-2025 13:21:20 Europe/Helsinki] NewDATA [INFO] Новий лічильник номер: 037012, тип: КВ-1,5 => DN 15, рік випуску: 2003, показники: 0, балансоутримувач: АТ "ОТКЕ" додано до БД користувачем [Коваль Людмила].
[07-Apr-2025 13:21:23 Europe/Helsinki] EditDATA [INFO] За адресою вул. Ріпкинська, буд. 3, кв. 4 користувачем [Коваль Людмила] було додано лічильники: 742490, 037012].
[07-Apr-2025 13:22:24 Europe/Helsinki] NewDATA [INFO] Новий лічильник номер: 016316, тип: КВ-1,5 => DN 15, рік випуску: 2007, показники: 0, балансоутримувач: КП "ВДК" додано до БД користувачем [Коваль Людмила].
[07-Apr-2025 13:22:49 Europe/Helsinki] NewDATA [INFO] Новий лічильник номер: 112802, тип: КВ-1,5 => DN 15, рік випуску: 2007, показники: 0, балансоутримувач: КП "ТКЕ" додано до БД користувачем [Коваль Людмила].
[07-Apr-2025 13:22:51 Europe/Helsinki] EditDATA [INFO] За адресою вул. Радченка Вячеслава, буд. 20, кв. 38 користувачем [Коваль Людмила] було додано лічильники: 016316, 112802].
[07-Apr-2025 13:23:44 Europe/Helsinki] NewDATA [INFO] Новий лічильник номер: 458223, тип: СВК => DN 15, рік випуску: 2005, показники: 0, балансоутримувач: КП "ВДК" додано до БД користувачем [Коваль Людмила].
[07-Apr-2025 13:23:47 Europe/Helsinki] EditDATA [INFO] За адресою вул. Радченка Вячеслава, буд. 12, кв. 48 користувачем [Коваль Людмила] було додано лічильники: 458223].
[07-Apr-2025 13:51:36 Europe/Helsinki] NewDATA [INFO] Нова адреса вул. Красносільського, буд. 71, корп. А, кв. 14, тел. +38 (063) 129-34-10 додана до БД користувачем [Сусло Тетяна].
[07-Apr-2025 13:52:05 Europe/Helsinki] NewDATA [INFO] Нова заявка Повірка, адреса: вул. Красносільського 71 корпус А, кв. 14, лічильники: БЕЗ НОМЕРА - 1 шт., вартість: 300 грн., примітки: 8-13, за 1 год додано до БД користувачем [Сусло Тетяна].
[2025-04-07T13:52:10.075] [INFO] DataBase - У заявці Повірка від 7 квітня 2025 р. за адресою вул. Красносільського, буд. 71, корп. А, кв. 14 додано виконавця ЗАПЛАНОВАНІ та додано дату виконання 16 квітня 2025 р. користувачем [Сусло Тетяна].
[07-Apr-2025 14:26:45 Europe/Helsinki] EditDATA [INFO] Для заявки Повірка від 01.04.2025 користувачем [Коваль Людмила] змінено виконавця з ЗАПЛАНОВАНІ на Шкуліпа.
[07-Apr-2025 14:26:56 Europe/Helsinki] EditDATA [INFO] Для заявки Повірка від 07.04.2025 користувачем [Коваль Людмила] змінено виконавця з ЗАПЛАНОВАНІ на Шкуліпа.
[07-Apr-2025 14:27:10 Europe/Helsinki] EditDATA [INFO] Для заявки Повірка від 31.03.2025 користувачем [Коваль Людмила] змінено виконавця з ЗАПЛАНОВАНІ на Шкуліпа.
[07-Apr-2025 14:27:23 Europe/Helsinki] EditDATA [INFO] Для заявки Повірка від 31.03.2025 користувачем [Коваль Людмила] змінено виконавця з ЗАПЛАНОВАНІ на Шкуліпа.
[07-Apr-2025 14:27:39 Europe/Helsinki] EditDATA [INFO] Для заявки Повірка від 03.04.2025 користувачем [Коваль Людмила] змінено виконавця з ЗАПЛАНОВАНІ на Шкуліпа.
[07-Apr-2025 14:28:08 Europe/Helsinki] EditDATA [INFO] Для заявки Повірка від 02.04.2025 користувачем [Коваль Людмила] змінено виконавця з ЗАПЛАНОВАНІ на Шкуліпа.
[07-Apr-2025 14:35:44 Europe/Helsinki] NewDATA [INFO] Нова адреса вул. Гетьмана Полуботка, буд. 76, кв. 42, тел. +38 (067) 879-78-34 додана до БД користувачем [Коваль Людмила].
[07-Apr-2025 14:35:51 Europe/Helsinki] NewDATA [INFO] Нова адреса вул. Доценка, буд. 17, корп. Г, кв. 35, тел. +38 (099) 481-74-23 додана до БД користувачем [Сусло Тетяна].
[07-Apr-2025 14:36:13 Europe/Helsinki] NewDATA [INFO] Нова заявка Повірка, адреса: вул. Гетьмана Полуботка 76, кв. 42, лічильники: БЕЗ НОМЕРА - 2 шт., вартість: 600 грн., примітки: 8-13 додано до БД користувачем [Коваль Людмила].
[07-Apr-2025 14:36:18 Europe/Helsinki] NewDATA [INFO] Нова заявка Повірка, адреса: вул. Доценка 17 корпус Г, кв. 35, лічильники: БЕЗ НОМЕРА - 2 шт., вартість: 600 грн., примітки: 12-16 додано до БД користувачем [Сусло Тетяна].
[2025-04-07T14:36:22.979] [INFO] DataBase - У заявці Повірка від 7 квітня 2025 р. за адресою вул. Доценка, буд. 17, корп. Г, кв. 35 додано виконавця ЗАПЛАНОВАНІ та додано дату виконання 23 квітня 2025 р. користувачем [Сусло Тетяна].
[2025-04-07T14:36:23.524] [INFO] DataBase - У заявці Повірка від 7 квітня 2025 р. за адресою вул. Гетьмана Полуботка, буд. 76, кв. 42 додано виконавця ЗАПЛАНОВАНІ та додано дату виконання 11 квітня 2025 р. користувачем [Коваль Людмила].
[07-Apr-2025 14:37:19 Europe/Helsinki] EditDATA [INFO] За адресою вул. Захисників України 8, кв. 67 користувачем [Сусло Тетяна] додано номер телефону +38(093)408-70-54, при створенні нової заявки [Повірка] від 07.04.2025.
[07-Apr-2025 14:37:19 Europe/Helsinki] NewDATA [INFO] Нова заявка Повірка, адреса: вул. Захисників України 8, кв. 67, лічильники: БЕЗ НОМЕРА - 2 шт., вартість: 600 грн., примітки: 13-17, за 1 год додано до БД користувачем [Сусло Тетяна].
[2025-04-07T14:37:24.183] [INFO] DataBase - У заявці Повірка від 7 квітня 2025 р. за адресою вул. Захисників України, буд. 8, кв. 67 додано виконавця ЗАПЛАНОВАНІ та додано дату виконання 17 квітня 2025 р. користувачем [Сусло Тетяна].
[07-Apr-2025 14:38:06 Europe/Helsinki] NewDATA [INFO] Нова адреса вул. Воскресенська, буд. 35, корп. А, кв. 18, тел. +38 (097) 123-49-46 додана до БД користувачем [Коваль Людмила].
[07-Apr-2025 14:40:36 Europe/Helsinki] NewDATA [INFO] Нова заявка Повірка, адреса: вул. Воскресенська 35 корпус А, кв. 18, лічильники: БЕЗ НОМЕРА - 2 шт., вартість: 600 грн., примітки: 8-13 додано до БД користувачем [Коваль Людмила].
[2025-04-07T14:40:50.328] [INFO] DataBase - У заявці Повірка від 7 квітня 2025 р. за адресою вул. Воскресенська, буд. 35, корп. А, кв. 18 додано виконавця ЗАПЛАНОВАНІ та додано дату виконання 23 квітня 2025 р. користувачем [Коваль Людмила].
[07-Apr-2025 14:41:56 Europe/Helsinki] EditDATA [INFO] За адресою просп. Миру 196 корпус Б, кв. 11 користувачем [Коваль Людмила] змінені номери телефонів з +38(0462)24-48-50, +38(073)200-14-21 на +38(063)026-90-99, при створенні нової заявки [Повірка] від 07.04.2025.
[07-Apr-2025 14:41:56 Europe/Helsinki] NewDATA [INFO] Нова заявка Повірка, адреса: просп. Миру 196 корпус Б, кв. 11, лічильники: БЕЗ НОМЕРА - 1 шт., вартість: 300 грн., примітки: хол.13-17,пер.за 30 хв додано до БД користувачем [Коваль Людмила].
[2025-04-07T14:42:07.490] [INFO] DataBase - У заявці Повірка від 7 квітня 2025 р. за адресою просп. Миру, буд. 196, корп. Б, кв. 11 додано виконавця ЗАПЛАНОВАНІ та додано дату виконання 10 квітня 2025 р. користувачем [Коваль Людмила].
[07-Apr-2025 14:42:51 Europe/Helsinki] NewDATA [INFO] Нова адреса вул. Незалежності, буд. 82, кв. 47, тел. +38 (093) 847-20-68 додана до БД користувачем [Коваль Людмила].
[07-Apr-2025 14:43:24 Europe/Helsinki] NewDATA [INFO] Нова заявка Повірка, адреса: вул. Незалежності 82, кв. 47, лічильники: БЕЗ НОМЕРА - 2 шт., вартість: 600 грн., примітки: 9-10 додано до БД користувачем [Коваль Людмила].
[2025-04-07T14:43:30.346] [INFO] DataBase - У заявці Повірка від 7 квітня 2025 р. за адресою вул. Незалежності, буд. 82, кв. 47 додано виконавця ЗАПЛАНОВАНІ та додано дату виконання 16 квітня 2025 р. користувачем [Коваль Людмила].
[07-Apr-2025 14:44:28 Europe/Helsinki] NewDATA [INFO] Нова адреса вул. Незалежності, буд. 14, кв. 185, тел. +38 (095) 519-32-73 додана до БД користувачем [Коваль Людмила].
[07-Apr-2025 14:45:01 Europe/Helsinki] NewDATA [INFO] Нова заявка Повірка, адреса: вул. Незалежності 14, кв. 185, лічильники: БЕЗ НОМЕРА - 2 шт., вартість: 600 грн., примітки: 15-17,пер.за 30 хв. додано до БД користувачем [Коваль Людмила].
[2025-04-07T14:45:07.084] [INFO] DataBase - У заявці Повірка від 7 квітня 2025 р. за адресою вул. Незалежності, буд. 14, кв. 185 додано виконавця ЗАПЛАНОВАНІ та додано дату виконання 16 квітня 2025 р. користувачем [Коваль Людмила].
[07-Apr-2025 14:47:51 Europe/Helsinki] EditDATA [INFO] За адресою вул. Радченка Вячеслава 12, кв. 20 користувачем [Коваль Людмила] змінені номери телефонів з +38(0462)64-49-49, +38(093)904-60-82 на +38(067)771-82-28, при створенні нової заявки [Повірка] від 07.04.2025.
[07-Apr-2025 14:47:51 Europe/Helsinki] NewDATA [INFO] Нова заявка Повірка, адреса: вул. Радченка Вячеслава 12, кв. 20, лічильники: БЕЗ НОМЕРА - 2 шт., вартість: 600 грн., примітки: 8-13 додано до БД користувачем [Коваль Людмила].
[2025-04-07T14:47:57.383] [INFO] DataBase - У заявці Повірка від 7 квітня 2025 р. за адресою вул. Радченка Вячеслава, буд. 12, кв. 20 додано виконавця ЗАПЛАНОВАНІ та додано дату виконання 14 квітня 2025 р. користувачем [Коваль Людмила].
[07-Apr-2025 14:49:01 Europe/Helsinki] EditDATA [INFO] За адресою просп. Перемоги 164, кв. 21 користувачем [Коваль Людмила] змінені номери телефонів з +38(0462)60-74-09, +38(067)870-64-09 на +38(067)870-64-09, при створенні нової заявки [Повірка] від 07.04.2025.
[07-Apr-2025 14:49:01 Europe/Helsinki] NewDATA [INFO] Нова заявка Повірка, адреса: просп. Перемоги 164, кв. 21, лічильники: БЕЗ НОМЕРА - 2 шт., вартість: 600 грн., примітки: 13-17,дом.не працює додано до БД користувачем [Коваль Людмила].
[2025-04-07T14:49:09.997] [INFO] DataBase - У заявці Повірка від 7 квітня 2025 р. за адресою просп. Перемоги, буд. 164, кв. 21 додано виконавця ЗАПЛАНОВАНІ та додано дату виконання 9 квітня 2025 р. користувачем [Коваль Людмила].
[07-Apr-2025 14:50:10 Europe/Helsinki] EditDATA [INFO] За адресою вул. Нафтовиків 1, кв. 16 користувачем [Коваль Людмила] змінені номери телефонів з +38(073)023-25-06 на +38(066)386-63-26, при створенні нової заявки [Повірка] від 07.04.2025.
[07-Apr-2025 14:50:10 Europe/Helsinki] NewDATA [INFO] Нова заявка Повірка, адреса: вул. Нафтовиків 1, кв. 16, лічильники: БЕЗ НОМЕРА - 2 шт., вартість: 600 грн., примітки: на протязі дня.пер.за час додано до БД користувачем [Коваль Людмила].
[2025-04-07T14:50:15.134] [INFO] DataBase - У заявці Повірка від 7 квітня 2025 р. за адресою вул. Нафтовиків, буд. 1, кв. 16 додано виконавця ЗАПЛАНОВАНІ та додано дату виконання 16 квітня 2025 р. користувачем [Коваль Людмила].
[07-Apr-2025 15:13:31 Europe/Helsinki] NewDATA [INFO] Нова заявка Заміна, адреса: вул. Небаби Мартина 102, кв. 68, лічильники: БЕЗ НОМЕРА - 1 шт., вартість: 1100 грн., примітки: 8-13, 1 хв, №00479532 додано до БД користувачем [Сусло Тетяна].
[2025-04-07T15:13:36.547] [INFO] DataBase - У заявці Заміна від 7 квітня 2025 р. за адресою вул. Небаби Мартина, буд. 102, кв. 68 додано виконавця Баранов та додано дату виконання 10 квітня 2025 р. користувачем [Сусло Тетяна].
[07-Apr-2025 15:16:16 Europe/Helsinki] EditDATA [INFO] Для заявки Заміна від 07.04.2025 користувачем [Сусло Тетяна] змінено примітки з 8-13, 1 гв на 8-13, 1 гв, №093548.
[07-Apr-2025 15:48:14 Europe/Helsinki] NewDATA [INFO] Нова адреса вул. Жабинського, буд. 3, кв. 72, тел. +38 (093) 338-24-66 додана до БД користувачем [Сусло Тетяна].
[07-Apr-2025 15:48:36 Europe/Helsinki] NewDATA [INFO] Нова заявка Повірка, адреса: вул. Жабинського 3, кв. 72, лічильники: БЕЗ НОМЕРА - 2 шт., вартість: 600 грн., примітки: 13-17 додано до БД користувачем [Сусло Тетяна].
[2025-04-07T15:48:42.705] [INFO] DataBase - У заявці Повірка від 7 квітня 2025 р. за адресою вул. Жабинського, буд. 3, кв. 72 додано виконавця ЗАПЛАНОВАНІ та додано дату виконання 15 квітня 2025 р. користувачем [Сусло Тетяна].
[07-Apr-2025 15:49:59 Europe/Helsinki] EditDATA [INFO] Для заявки Повірка від 28.03.2025 користувачем [Коваль Людмила] змінено виконавця з ЗАПЛАНОВАНІ на Сірий.
[07-Apr-2025 15:50:22 Europe/Helsinki] EditDATA [INFO] Для заявки Повірка від 03.04.2025 користувачем [Коваль Людмила] змінено виконавця з ЗАПЛАНОВАНІ на Сірий.
[07-Apr-2025 15:52:01 Europe/Helsinki] EditDATA [INFO] Для заявки Повірка від 04.04.2025 користувачем [Коваль Людмила] змінено виконавця з ЗАПЛАНОВАНІ на Шкуліпа.
[2025-04-07T15:52:05.747] [INFO] DataBase - У заявці Повірка від 3 квітня 2025 р. за адресою вул. Коцюбинського, буд. 33, кв. 18 видалено дату виконання 8 квітня 2025 р. користувачем [Сусло Тетяна].
[07-Apr-2025 15:52:19 Europe/Helsinki] EditDATA [INFO] Для заявки Повірка від 07.04.2025 користувачем [Коваль Людмила] змінено виконавця з ЗАПЛАНОВАНІ на Шкуліпа.
[2025-04-07T15:52:26.586] [INFO] DataBase - У заявці Повірка від 3 квітня 2025 р. за адресою вул. Коцюбинського, буд. 33, кв. 18 додано дату виконання 7 квітня 2025 р. користувачем [Сусло Тетяна].
[07-Apr-2025 15:52:29 Europe/Helsinki] EditDATA [INFO] Для заявки Повірка від 03.04.2025 користувачем [Коваль Людмила] змінено виконавця з ЗАПЛАНОВАНІ на Шкуліпа.
[07-Apr-2025 15:52:33 Europe/Helsinki] EditDATA [INFO] Для заявки Повірка від 03.04.2025 користувачем [Сусло Тетяна] змінено виконавця з ЗАПЛАНОВАНІ на Шкуліпа.
[07-Apr-2025 16:15:41 Europe/Helsinki] EditDATA [INFO] Для заявки Повірка від 31.03.2025 користувачем [Коваль Людмила] змінено виконавця з ЗАПЛАНОВАНІ на Шкуліпа.
[07-Apr-2025 16:16:02 Europe/Helsinki] EditDATA [INFO] Для заявки Повірка від 28.03.2025 користувачем [Коваль Людмила] змінено виконавця з Сірий на Шкуліпа.
[07-Apr-2025 16:16:20 Europe/Helsinki] EditDATA [INFO] Для заявки Повірка від 02.04.2025 користувачем [Коваль Людмила] змінено виконавця з Шкуліпа на Сірий.
