[07-Jan-2025 08:21:53 Europe/Helsinki] DellTASK [INFO] Повірка від 03.01.2025 для адреси вул. Мстиславська, буд. 52, кв. 21 для лічильника БЕЗ НОМЕРА - 2 шт. було завершено користувачем [Коваль Людмила] з коментарем: виконано.
[07-Jan-2025 08:22:08 Europe/Helsinki] DellTASK [INFO] Повірка від 03.01.2025 для адреси вул. Київська, буд. 6, кв. 18 для лічильника БЕЗ НОМЕРА - 2 шт. було завершено користувачем [Коваль Людмила] з коментарем: виконано.
[07-Jan-2025 08:22:20 Europe/Helsinki] DellTASK [INFO] Повірка від 03.01.2025 для адреси вул. Пятницька, буд. 80, кв. 19 для лічильника БЕЗ НОМЕРА - 2 шт. було завершено користувачем [Коваль Людмила] з коментарем: виконано.
[07-Jan-2025 08:22:33 Europe/Helsinki] DellTASK [INFO] Повірка від 03.01.2025 для адреси вул. Пятницька, буд. 80, кв. 89 для лічильника БЕЗ НОМЕРА - 2 шт. було завершено користувачем [Коваль Людмила] з коментарем: виконано.
[07-Jan-2025 08:22:45 Europe/Helsinki] DellTASK [INFO] Повірка від 02.01.2025 для адреси просп. Левка Лукяненка, буд. 37, кв. 74 для лічильника БЕЗ НОМЕРА - 4 шт. було завершено користувачем [Коваль Людмила] з коментарем: виконано.
[07-Jan-2025 08:23:59 Europe/Helsinki] NewDATA [INFO] Новий лічильник номер: 578057, тип: КВ-1,5 => DN 15, рік випуску: 2006, показники: 0, балансоутримувач: КП "ВДК" додано до БД користувачем [Коваль Людмила].
[07-Jan-2025 08:24:21 Europe/Helsinki] NewDATA [INFO] Новий лічильник номер: 551056, тип: КВ-1,5 => DN 15, рік випуску: 2006, показники: 0, балансоутримувач: АТ "ОТКЕ" додано до БД користувачем [Коваль Людмила].
[07-Jan-2025 08:24:45 Europe/Helsinki] NewDATA [INFO] Новий лічильник номер: 437095, тип: КВ-1,5 => DN 15, рік випуску: 2006, показники: 0, балансоутримувач: КП "ВДК" додано до БД користувачем [Коваль Людмила].
[07-Jan-2025 08:25:10 Europe/Helsinki] NewDATA [INFO] Новий лічильник номер: 550647, тип: КВ-1,5 => DN 15, рік випуску: 2006, показники: 0, балансоутримувач: АТ "ОТКЕ" додано до БД користувачем [Коваль Людмила].
[07-Jan-2025 08:25:13 Europe/Helsinki] EditDATA [INFO] За адресою просп. Левка Лукяненка, буд. 37, кв. 74 користувачем [Коваль Людмила] було додано лічильники: 578057, 551056, 437095, 550647].
[07-Jan-2025 08:25:54 Europe/Helsinki] NewDATA [INFO] Новий лічильник номер: 072746, тип: КВ-1,5 => DN 15, рік випуску: 2016, показники: 0, балансоутримувач: КП "ВДК" додано до БД користувачем [Коваль Людмила].
[07-Jan-2025 08:26:24 Europe/Helsinki] NewDATA [INFO] Новий лічильник номер: 017484, тип: КВ-1,5 => DN 15, рік випуску: 2016, показники: 0, балансоутримувач: КП "ТКЕ" додано до БД користувачем [Коваль Людмила].
[07-Jan-2025 08:26:26 Europe/Helsinki] EditDATA [INFO] За адресою вул. Київська, буд. 6, кв. 18 користувачем [Коваль Людмила] було додано лічильники: 072746, 017484].
[07-Jan-2025 08:27:11 Europe/Helsinki] NewDATA [INFO] Новий лічильник номер: 496862, тип: КВ-1,5 => DN 15, рік випуску: 2007, показники: 0, балансоутримувач: КП "ВДК" додано до БД користувачем [Коваль Людмила].
[07-Jan-2025 08:27:51 Europe/Helsinki] NewDATA [INFO] Новий лічильник номер: 0089573, тип: Picoflux => DN 15, рік випуску: 2020, показники: 0, балансоутримувач: КП "ТКЕ" додано до БД користувачем [Коваль Людмила].
[07-Jan-2025 08:27:53 Europe/Helsinki] EditDATA [INFO] За адресою вул. Пятницька, буд. 80, кв. 89 користувачем [Коваль Людмила] було додано лічильники: 496862, 0089573].
[07-Jan-2025 08:28:40 Europe/Helsinki] NewDATA [INFO] Новий лічильник номер: 185085, тип: КВ-1,5 => DN 15, рік випуску: 2002, показники: 0, балансоутримувач: КП "ВДК" додано до БД користувачем [Коваль Людмила].
[07-Jan-2025 08:29:07 Europe/Helsinki] NewDATA [INFO] Новий лічильник номер: 089416, тип: КВ-1,5 => DN 15, рік випуску: 2002, показники: 0, балансоутримувач: КП "ТКЕ" додано до БД користувачем [Коваль Людмила].
[07-Jan-2025 08:29:09 Europe/Helsinki] EditDATA [INFO] За адресою вул. Пятницька, буд. 80, кв. 19 користувачем [Коваль Людмила] було додано лічильники: 185085, 089416].
[07-Jan-2025 08:29:50 Europe/Helsinki] NewDATA [INFO] Новий лічильник номер: 4616969, тип: ЛК => DN 15, рік випуску: 2014, показники: 0, балансоутримувач: КП "ВДК" додано до БД користувачем [Коваль Людмила].
[07-Jan-2025 08:30:16 Europe/Helsinki] NewDATA [INFO] Новий лічильник номер: 4615731, тип: ЛК => DN 15, рік випуску: 2014, показники: 0, балансоутримувач: КП "ТКЕ" додано до БД користувачем [Коваль Людмила].
[07-Jan-2025 08:30:18 Europe/Helsinki] EditDATA [INFO] За адресою вул. Мстиславська, буд. 52, кв. 21 користувачем [Коваль Людмила] було додано лічильники: 4616969, 4615731].
[07-Jan-2025 08:31:32 Europe/Helsinki] DellTASK [INFO] Повірка від 06.01.2025 для адреси вул. Мазепи Івана, буд. 51, кв. 22 для лічильника БЕЗ НОМЕРА - 2 шт. було завершено користувачем [Коваль Людмила] з коментарем: виконано.
[07-Jan-2025 08:31:45 Europe/Helsinki] DellTASK [INFO] Повірка від 02.01.2025 для адреси вул. Старобілоуська, буд. 25, корп. Б, кв. 14 для лічильника БЕЗ НОМЕРА - 2 шт. було завершено користувачем [Коваль Людмила] з коментарем: виконано.
[07-Jan-2025 08:32:01 Europe/Helsinki] DellTASK [INFO] Повірка від 27.12.2024 для адреси вул. Текстильників, буд. 39, кв. 19 для лічильника БЕЗ НОМЕРА - 1 шт. було завершено користувачем [Коваль Людмила] з коментарем: виконано.
[07-Jan-2025 08:32:14 Europe/Helsinki] DellTASK [INFO] Повірка від 26.12.2024 для адреси вул. Любецька, буд. 7, кв. 68 для лічильника БЕЗ НОМЕРА - 2 шт. було завершено користувачем [Коваль Людмила] з коментарем: виконано.
[07-Jan-2025 08:32:24 Europe/Helsinki] DellTASK [INFO] Повірка від 26.12.2024 для адреси вул. Чудінова, буд. 2, кв. 5 для лічильника БЕЗ НОМЕРА - 2 шт. було завершено користувачем [Коваль Людмила] з коментарем: виконано.
[07-Jan-2025 08:32:36 Europe/Helsinki] DellTASK [INFO] Повірка від 24.12.2024 для адреси вул. Попова, буд. 31, корп. А, кв. 11 для лічильника БЕЗ НОМЕРА - 1 шт. було завершено користувачем [Коваль Людмила] з коментарем: виконано.
[07-Jan-2025 08:33:16 Europe/Helsinki] NewDATA [INFO] Новий лічильник номер: 266122, тип: КВ-1,5 => DN 15, рік випуску: 2013, показники: 0, балансоутримувач: КП "ВДК" додано до БД користувачем [Коваль Людмила].
[07-Jan-2025 08:33:18 Europe/Helsinki] EditDATA [INFO] За адресою вул. Попова, буд. 31, корп. А, кв. 11 користувачем [Коваль Людмила] було додано лічильники: 266122].
[07-Jan-2025 08:33:56 Europe/Helsinki] NewDATA [INFO] Новий лічильник номер: 574463, тип: КВ-1,5 => DN 15, рік випуску: 2005, показники: 0, балансоутримувач: КП "ВДК" додано до БД користувачем [Коваль Людмила].
[07-Jan-2025 08:34:21 Europe/Helsinki] NewDATA [INFO] Новий лічильник номер: 586409, тип: КВ-1,5 => DN 15, рік випуску: 2005, показники: 0, балансоутримувач: КП "ТКЕ" додано до БД користувачем [Коваль Людмила].
[07-Jan-2025 08:34:23 Europe/Helsinki] EditDATA [INFO] За адресою вул. Любецька, буд. 7, кв. 68 користувачем [Коваль Людмила] було додано лічильники: 574463, 586409].
[07-Jan-2025 08:35:59 Europe/Helsinki] NewDATA [INFO] Новий лічильник номер: 191265814, тип: СВК => DN 15, рік випуску: 2019, показники: 0, балансоутримувач: КП "ВДК" додано до БД користувачем [Коваль Людмила].
[07-Jan-2025 08:36:02 Europe/Helsinki] EditDATA [INFO] За адресою вул. Текстильників, буд. 39, кв. 19 користувачем [Коваль Людмила] було додано лічильники: 191265814].
[07-Jan-2025 08:47:28 Europe/Helsinki] NewDATA [INFO] Новий лічильник номер: 0200186817, тип: ЛК => DN 15, рік випуску: 2020, показники: 0, балансоутримувач: КП "ВДК" додано до БД користувачем [Коваль Людмила].
[07-Jan-2025 08:47:50 Europe/Helsinki] NewDATA [INFO] Новий лічильник номер: 007721, тип: КВ-1,5 => DN 15, рік випуску: 2005, показники: 0, балансоутримувач: КП "ТКЕ" додано до БД користувачем [Коваль Людмила].
[07-Jan-2025 08:47:52 Europe/Helsinki] EditDATA [INFO] За адресою вул. Старобілоуська, буд. 25, корп. Б, кв. 14 користувачем [Коваль Людмила] було додано лічильники: 0200186817, 007721].
[07-Jan-2025 08:51:59 Europe/Helsinki] NewDATA [INFO] Новий лічильник номер: 095767, тип: КВ-1,5 => DN 15, рік випуску: 2016, показники: 0, балансоутримувач: КП "ВДК" додано до БД користувачем [Коваль Людмила].
[07-Jan-2025 08:52:31 Europe/Helsinki] NewDATA [INFO] Новий лічильник номер: 516195, тип: КВ-1,5 => DN 15, рік випуску: 2002, показники: 0, балансоутримувач: КП "ТКЕ" додано до БД користувачем [Коваль Людмила].
[07-Jan-2025 08:52:33 Europe/Helsinki] EditDATA [INFO] За адресою вул. Чудінова, буд. 2, кв. 5 користувачем [Коваль Людмила] було додано лічильники: 095767, 516195].
[07-Jan-2025 08:53:56 Europe/Helsinki] NewDATA [INFO] Новий лічильник номер: 566202, тип: КВ-1,5 => DN 15, рік випуску: 2006, показники: 0, балансоутримувач: КП "ВДК" додано до БД користувачем [Коваль Людмила].
[07-Jan-2025 08:54:43 Europe/Helsinki] NewDATA [INFO] Новий лічильник номер: 518991, тип: КВ-1,5 => DN 15, рік випуску: 2008, показники: 0, балансоутримувач: КП "ТКЕ" додано до БД користувачем [Коваль Людмила].
[07-Jan-2025 08:54:45 Europe/Helsinki] EditDATA [INFO] За адресою вул. Мазепи Івана, буд. 51, кв. 22 користувачем [Коваль Людмила] було додано лічильники: 566202, 518991].
[07-Jan-2025 08:55:14 Europe/Helsinki] DellTASK [INFO] Повірка від 03.01.2025 для адреси просп. Миру, буд. 180, корп. А, кв. 32 для лічильника БЕЗ НОМЕРА - 2 шт. було завершено користувачем [Коваль Людмила] з коментарем: виконано.
[07-Jan-2025 08:55:31 Europe/Helsinki] DellTASK [INFO] Повірка від 03.01.2025 для адреси просп. Перемоги, буд. 147, кв. 86 для лічильника БЕЗ НОМЕРА - 2 шт. було завершено користувачем [Коваль Людмила] з коментарем: виконано.
[07-Jan-2025 08:55:48 Europe/Helsinki] DellTASK [INFO] Повірка від 03.01.2025 для адреси просп. Перемоги, буд. 163, кв. 7 для лічильника БЕЗ НОМЕРА - 2 шт. було завершено користувачем [Коваль Людмила] з коментарем: виконано.
[07-Jan-2025 09:02:54 Europe/Helsinki] DellTASK [INFO] Повірка від 03.01.2025 для адреси вул. Савчука, буд. 7, кв. 34 для лічильника БЕЗ НОМЕРА - 2 шт. було завершено користувачем [Коваль Людмила] з коментарем: виконано.
[07-Jan-2025 09:03:10 Europe/Helsinki] DellTASK [INFO] Повірка від 03.01.2025 для адреси просп. Миру, буд. 182, кв. 18 для лічильника БЕЗ НОМЕРА - 2 шт. було завершено користувачем [Коваль Людмила] з коментарем: виконано.
[07-Jan-2025 09:03:32 Europe/Helsinki] DellTASK [INFO] Повірка від 03.01.2025 для адреси вул. Міхнюка Олега, буд. 1, корп. А, кв. 39 для лічильника БЕЗ НОМЕРА - 1 шт. було завершено користувачем [Коваль Людмила] з коментарем: виконано.
[07-Jan-2025 09:06:01 Europe/Helsinki] DellTASK [INFO] Повірка від 02.01.2025 для адреси просп. Миру, буд. 209, кв. 82 для лічильника БЕЗ НОМЕРА - 1 шт. було завершено користувачем [Коваль Людмила] з коментарем: виконано.
[07-Jan-2025 09:06:23 Europe/Helsinki] DellTASK [INFO] Повірка від 02.01.2025 для адреси вул. Кореня Терентія, буд. 9, кв. 125 для лічильника БЕЗ НОМЕРА - 1 шт. було завершено користувачем [Коваль Людмила] з коментарем: не виконано.заміна ліч.
[07-Jan-2025 09:07:14 Europe/Helsinki] NewDATA [INFO] Новий лічильник номер: 11486921, тип: Sensus => DN 15, рік випуску: 2018, показники: 0, балансоутримувач: КП "ВДК" додано до БД користувачем [Коваль Людмила].
[07-Jan-2025 09:07:16 Europe/Helsinki] EditDATA [INFO] За адресою вул. Міхнюка Олега, буд. 1, корп. А, кв. 39 користувачем [Коваль Людмила] було додано лічильники: 11486921].
[07-Jan-2025 09:08:09 Europe/Helsinki] NewDATA [INFO] Новий лічильник номер: 608667, тип: КВ-1,5 => DN 15, рік випуску: 2006, показники: 0, балансоутримувач: КП "ВДК" додано до БД користувачем [Коваль Людмила].
[07-Jan-2025 09:08:38 Europe/Helsinki] NewDATA [INFO] Новий лічильник номер: 599813, тип: КВ-1,5 => DN 15, рік випуску: 2006, показники: 0, балансоутримувач: АТ "ОТКЕ" додано до БД користувачем [Коваль Людмила].
[07-Jan-2025 09:08:40 Europe/Helsinki] EditDATA [INFO] За адресою вул. Савчука, буд. 7, кв. 34 користувачем [Коваль Людмила] було додано лічильники: 608667, 599813].
[07-Jan-2025 09:09:19 Europe/Helsinki] NewDATA [INFO] Новий лічильник номер: 066275, тип: КВ-1,5 => DN 15, рік випуску: 2016, показники: 0, балансоутримувач: КП "ВДК" додано до БД користувачем [Коваль Людмила].
[07-Jan-2025 09:09:47 Europe/Helsinki] NewDATA [INFO] Новий лічильник номер: 047636, тип: КВ-1,5 => DN 15, рік випуску: 2016, показники: 0, балансоутримувач: АТ "ОТКЕ" додано до БД користувачем [Коваль Людмила].
[07-Jan-2025 09:09:49 Europe/Helsinki] EditDATA [INFO] За адресою просп. Перемоги, буд. 163, кв. 7 користувачем [Коваль Людмила] було додано лічильники: 066275, 047636].
[07-Jan-2025 09:24:36 Europe/Helsinki] EditDATA [INFO] За адресою вул. Волковича 2 корпус Б, кв. 99 користувачем [Сусло Тетяна] змінені номери телефонів з +38(0462)97-16-71, +38(063)974-49-40 на +38(063)968-43-50, при створенні нової заявки [Повірка] від 07.01.2025.
[07-Jan-2025 09:24:36 Europe/Helsinki] NewDATA [INFO] Нова заявка Повірка, адреса: вул. Волковича 2 корпус Б, кв. 99, лічильники: БЕЗ НОМЕРА - 2 шт., вартість: 600 грн., примітки: 8-13, 2хв додано до БД користувачем [Сусло Тетяна].
[2025-01-07T09:24:39.533] [INFO] DataBase - У заявці Повірка від 7 січня 2025 р. за адресою вул. Волковича, буд. 2, корп. Б, кв. 99 додано виконавця ЗАПЛАНОВАНІ та додано дату виконання 8 січня 2025 р. користувачем [Сусло Тетяна].
[07-Jan-2025 09:29:09 Europe/Helsinki] NewDATA [INFO] Новий лічильник номер: 430828, тип: КВ-1,5 => DN 15, рік випуску: 2006, показники: 0, балансоутримувач: КП "ВДК" додано до БД користувачем [Коваль Людмила].
[07-Jan-2025 09:29:35 Europe/Helsinki] NewDATA [INFO] Новий лічильник номер: 433522, тип: КВ-1,5 => DN 15, рік випуску: 2006, показники: 0, балансоутримувач: АТ "ОТКЕ" додано до БД користувачем [Коваль Людмила].
[07-Jan-2025 09:29:37 Europe/Helsinki] EditDATA [INFO] За адресою просп. Перемоги, буд. 147, кв. 86 користувачем [Коваль Людмила] було додано лічильники: 430828, 433522].
[07-Jan-2025 09:30:51 Europe/Helsinki] NewDATA [INFO] Новий лічильник номер: 196611, тип: КВ-1,5 => DN 15, рік випуску: 2014, показники: 0, балансоутримувач: КП "ВДК" додано до БД користувачем [Коваль Людмила].
[07-Jan-2025 09:33:04 Europe/Helsinki] NewDATA [INFO] Новий лічильник номер: 178408, тип: КВ-1,5 => DN 15, рік випуску: 2014, показники: 0, балансоутримувач: АТ "ОТКЕ" додано до БД користувачем [Коваль Людмила].
[07-Jan-2025 09:33:06 Europe/Helsinki] EditDATA [INFO] За адресою просп. Миру, буд. 209, кв. 82 користувачем [Коваль Людмила] було додано лічильники: 196611, 178408].
[07-Jan-2025 09:33:46 Europe/Helsinki] NewDATA [INFO] Новий лічильник номер: 702119, тип: КВ-1,5 => DN 15, рік випуску: 2003, показники: 0, балансоутримувач: КП "ВДК" додано до БД користувачем [Коваль Людмила].
[07-Jan-2025 09:34:12 Europe/Helsinki] NewDATA [INFO] Новий лічильник номер: 464620, тип: КВ-1,5 => DN 15, рік випуску: 2003, показники: 0, балансоутримувач: АТ "ОТКЕ" додано до БД користувачем [Коваль Людмила].
[07-Jan-2025 09:34:14 Europe/Helsinki] EditDATA [INFO] За адресою просп. Миру, буд. 182, кв. 18 користувачем [Коваль Людмила] було додано лічильники: 702119, 464620].
[07-Jan-2025 09:40:51 Europe/Helsinki] NewDATA [INFO] Нова адреса вул. Тероборони, буд. 5, кв. 16, тел. +38 (063) 390-90-29 додана до БД користувачем [Сусло Тетяна].
[07-Jan-2025 09:43:13 Europe/Helsinki] NewDATA [INFO] Нова заявка Повірка, адреса: вул. Тероборони 5, кв. 16, лічильники: БЕЗ НОМЕРА - 1 шт., вартість: 300 грн., примітки: 13-17 додано до БД користувачем [Сусло Тетяна].
[2025-01-07T09:43:17.321] [INFO] DataBase - У заявці Повірка від 7 січня 2025 р. за адресою вул. Тероборони, буд. 5, кв. 16 додано виконавця ЗАПЛАНОВАНІ та додано дату виконання 8 січня 2025 р. користувачем [Сусло Тетяна].
[07-Jan-2025 09:45:14 Europe/Helsinki] NewDATA [INFO] Нова заявка Заміна, адреса: вул. Богуна Івана 44, кв. 42, лічильники: БЕЗ НОМЕРА - 1 шт., вартість: 1060 грн., примітки: 8-9,гор.кух додано до БД користувачем [Коваль Людмила].
[2025-01-07T09:45:22.204] [INFO] DataBase - У заявці Заміна від 7 січня 2025 р. за адресою вул. Богуна Івана, буд. 44, кв. 42 додано виконавця Баранов та додано дату виконання 10 січня 2025 р. користувачем [Коваль Людмила].
[07-Jan-2025 09:46:42 Europe/Helsinki] NewDATA [INFO] Нова адреса вул. 1-ої танкової бригади, буд. 37, корп. 3, кв. 62, тел. +38 (067) 452-91-80 додана до БД користувачем [Коваль Людмила].
[07-Jan-2025 09:47:27 Europe/Helsinki] NewDATA [INFO] Нова заявка Повірка, адреса: вул. 1-ої танкової бригади 37 корпус 3, кв. 62, лічильники: БЕЗ НОМЕРА - 2 шт., вартість: 600 грн., примітки: 8-13 додано до БД користувачем [Коваль Людмила].
[2025-01-07T09:47:32.244] [INFO] DataBase - У заявці Повірка від 7 січня 2025 р. за адресою вул. 1-ої танкової бригади, буд. 37, корп. 3, кв. 62 додано виконавця ЗАПЛАНОВАНІ та додано дату виконання 8 січня 2025 р. користувачем [Коваль Людмила].
[07-Jan-2025 09:49:45 Europe/Helsinki] EditDATA [INFO] За адресою вул. Незалежності 60, кв. 59 користувачем [Коваль Людмила] змінені номери телефонів з +38(093)077-39-08, +38(050)245-19-93 на +38(068)093-10-82, при створенні нової заявки [Заміна] від 07.01.2025.
[07-Jan-2025 09:49:45 Europe/Helsinki] NewDATA [INFO] Нова заявка Заміна, адреса: вул. Незалежності 60, кв. 59, лічильники: БЕЗ НОМЕРА - 1 шт., вартість: 1060 грн., примітки: хол.с/в №0043560,8-13,пер.за час додано до БД користувачем [Коваль Людмила].
[2025-01-07T09:49:48.757] [INFO] DataBase - У заявці Заміна від 7 січня 2025 р. за адресою вул. Незалежності, буд. 60, кв. 59 додано виконавця Баранов та додано дату виконання 15 січня 2025 р. користувачем [Коваль Людмила].
[07-Jan-2025 09:55:56 Europe/Helsinki] NewDATA [INFO] Новий лічильник номер: 434082, тип: КВ-1,5 => DN 15, рік випуску: 2004, показники: 0, балансоутримувач: КП "ВДК" додано до БД користувачем [Коваль Людмила].
[07-Jan-2025 09:59:49 Europe/Helsinki] NewDATA [INFO] Новий лічильник номер: 386452, тип: КВ-1,5 => DN 15, рік випуску: 2006, показники: 0, балансоутримувач: АТ "ОТКЕ" додано до БД користувачем [Коваль Людмила].
[07-Jan-2025 09:59:52 Europe/Helsinki] EditDATA [INFO] За адресою просп. Миру, буд. 180, корп. А, кв. 32 користувачем [Коваль Людмила] було додано лічильники: 434082, 386452].
[07-Jan-2025 10:01:39 Europe/Helsinki] NewDATA [INFO] Нова адреса вул. Гонча, буд. 78, кв. 43, тел. +38 (096) 442-35-81 додана до БД користувачем [Сусло Тетяна].
[07-Jan-2025 10:01:53 Europe/Helsinki] NewDATA [INFO] Новий лічильник номер: 133542, тип: КВ-1,5 => DN 15, рік випуску: 2000, показники: 0, балансоутримувач: КП "ВДК" додано до БД користувачем [Коваль Людмила].
[07-Jan-2025 10:02:06 Europe/Helsinki] NewDATA [INFO] Нова заявка Повірка, адреса: вул. Гонча 78, кв. 43, лічильники: БЕЗ НОМЕРА - 2 шт., вартість: 600 грн., примітки: 13-17, за 30 хв додано до БД користувачем [Сусло Тетяна].
[2025-01-07T10:02:09.687] [INFO] DataBase - У заявці Повірка від 7 січня 2025 р. за адресою вул. Гонча, буд. 78, кв. 43 додано виконавця ЗАПЛАНОВАНІ та додано дату виконання 8 січня 2025 р. користувачем [Сусло Тетяна].
[07-Jan-2025 10:02:21 Europe/Helsinki] NewDATA [INFO] Новий лічильник номер: 153392, тип: КВ-1,5 => DN 15, рік випуску: 2000, показники: 0, балансоутримувач: АТ "ОТКЕ" додано до БД користувачем [Коваль Людмила].
[07-Jan-2025 10:02:23 Europe/Helsinki] EditDATA [INFO] За адресою просп. Миру, буд. 271, корп. А, кв. 153 користувачем [Коваль Людмила] було додано лічильники: 133542, 153392].
[07-Jan-2025 10:03:31 Europe/Helsinki] NewDATA [INFO] Новий лічильник номер: 606449, тип: КВ-1,5 => DN 15, рік випуску: 2001, показники: 0, балансоутримувач: КП "ВДК" додано до БД користувачем [Коваль Людмила].
[07-Jan-2025 10:04:00 Europe/Helsinki] NewDATA [INFO] Новий лічильник номер: 574617, тип: КВ-1,5 => DN 15, рік випуску: 2001, показники: 0, балансоутримувач: АТ "ОТКЕ" додано до БД користувачем [Коваль Людмила].
[07-Jan-2025 10:04:02 Europe/Helsinki] EditDATA [INFO] За адресою просп. Миру, буд. 271, кв. 84 користувачем [Коваль Людмила] було додано лічильники: 606449, 574617].
[07-Jan-2025 10:04:54 Europe/Helsinki] NewDATA [INFO] Новий лічильник номер: 550806, тип: КВ-1,5 => DN 15, рік випуску: 2007, показники: 0, балансоутримувач: КП "ВДК" додано до БД користувачем [Коваль Людмила].
[07-Jan-2025 10:05:18 Europe/Helsinki] NewDATA [INFO] Новий лічильник номер: 556171, тип: КВ-1,5 => DN 15, рік випуску: 2007, показники: 0, балансоутримувач: АТ "ОТКЕ" додано до БД користувачем [Коваль Людмила].
[07-Jan-2025 10:05:20 Europe/Helsinki] EditDATA [INFO] За адресою просп. Миру, буд. 263, кв. 206 користувачем [Коваль Людмила] було додано лічильники: 550806, 556171].
[07-Jan-2025 10:06:00 Europe/Helsinki] NewDATA [INFO] Новий лічильник номер: 351572, тип: КВ-1,5 => DN 15, рік випуску: 2007, показники: 0, балансоутримувач: КП "ВДК" додано до БД користувачем [Коваль Людмила].
[07-Jan-2025 10:06:23 Europe/Helsinki] NewDATA [INFO] Новий лічильник номер: 305274, тип: КВ-1,5 => DN 15, рік випуску: 2007, показники: 0, балансоутримувач: КП "ВДК" додано до БД користувачем [Коваль Людмила].
[07-Jan-2025 10:07:26 Europe/Helsinki] NewDATA [INFO] Новий лічильник номер: 170548, тип: КВ-1,5 => DN 15, рік випуску: 2007, показники: 0, балансоутримувач: КП "ВДК" додано до БД користувачем [Коваль Людмила].
[07-Jan-2025 10:07:55 Europe/Helsinki] NewDATA [INFO] Новий лічильник номер: 174360, тип: КВ-1,5 => DN 15, рік випуску: 2007, показники: 0, балансоутримувач: АТ "ОТКЕ" додано до БД користувачем [Коваль Людмила].
[07-Jan-2025 10:07:57 Europe/Helsinki] EditDATA [INFO] За адресою просп. Миру, буд. 263, кв. 110 користувачем [Коваль Людмила] було додано лічильники: 351572, 170548, 174360].
[07-Jan-2025 10:13:59 Europe/Helsinki] NewDATA [INFO] Нова заявка Повірка, адреса: вул. Генерала Пухова 136, кв. 6, лічильники: БЕЗ НОМЕРА - 2 шт., вартість: 600 грн., примітки: 8-13 додано до БД користувачем [Сусло Тетяна].
[2025-01-07T10:14:03.659] [INFO] DataBase - У заявці Повірка від 7 січня 2025 р. за адресою вул. Генерала Пухова, буд. 136, кв. 6 додано виконавця ЗАПЛАНОВАНІ та додано дату виконання 8 січня 2025 р. користувачем [Сусло Тетяна].
[07-Jan-2025 10:26:27 Europe/Helsinki] EditDATA [INFO] Для заявки Повірка від 06.01.2025 користувачем [Коваль Людмила] змінено виконавця з ЗАПЛАНОВАНІ на Осипенко.
[07-Jan-2025 10:26:31 Europe/Helsinki] EditDATA [INFO] За адресою вул. Дніпровська 35, кв. 86 користувачем [Сусло Тетяна] змінені номери телефонів з +38(063)352-73-42, +38(063)109-34-98, +38(093)019-83-05 на +38(093)019-83-05, при створенні нової заявки [Повірка] від 07.01.2025.
[07-Jan-2025 10:26:31 Europe/Helsinki] NewDATA [INFO] Нова заявка Повірка, адреса: вул. Дніпровська 35, кв. 86, лічильники: БЕЗ НОМЕРА - 4 шт., вартість: 1200 грн., примітки: 13-17 додано до БД користувачем [Сусло Тетяна].
[2025-01-07T10:26:35.396] [INFO] DataBase - У заявці Повірка від 7 січня 2025 р. за адресою вул. Дніпровська, буд. 35, кв. 86 додано виконавця ЗАПЛАНОВАНІ та додано дату виконання 8 січня 2025 р. користувачем [Сусло Тетяна].
[07-Jan-2025 10:26:40 Europe/Helsinki] EditDATA [INFO] Для заявки Повірка від 07.01.2025 користувачем [Коваль Людмила] змінено виконавця з ЗАПЛАНОВАНІ на Осипенко.
[07-Jan-2025 10:27:03 Europe/Helsinki] EditDATA [INFO] Для заявки Повірка від 07.01.2025 користувачем [Коваль Людмила] змінено виконавця з ЗАПЛАНОВАНІ на Осипенко.
[07-Jan-2025 10:27:15 Europe/Helsinki] EditDATA [INFO] Для заявки Повірка від 06.01.2025 користувачем [Коваль Людмила] змінено виконавця з ЗАПЛАНОВАНІ на Осипенко.
[07-Jan-2025 10:27:28 Europe/Helsinki] EditDATA [INFO] Для заявки Повірка від 03.01.2025 користувачем [Коваль Людмила] змінено виконавця з ЗАПЛАНОВАНІ на Осипенко.
[07-Jan-2025 10:27:49 Europe/Helsinki] EditDATA [INFO] Для заявки Повірка від 09.12.2024 користувачем [Коваль Людмила] змінено виконавця з ЗАПЛАНОВАНІ на Сірий.
[07-Jan-2025 10:30:41 Europe/Helsinki] NewDATA [INFO] Нова адреса просп. Левка Лукяненка, буд. 18, кв. 33, тел. +38 (095) 502-75-60 додана до БД користувачем [Сусло Тетяна].
[07-Jan-2025 10:31:12 Europe/Helsinki] NewDATA [INFO] Нова заявка Повірка, адреса: просп. Левка Лукяненка 18, кв. 33, лічильники: БЕЗ НОМЕРА - 2 шт., вартість: 600 грн., примітки: 8-13, за 30 хв додано до БД користувачем [Сусло Тетяна].
[2025-01-07T10:31:15.302] [INFO] DataBase - У заявці Повірка від 7 січня 2025 р. за адресою просп. Левка Лукяненка, буд. 18, кв. 33 додано виконавця ЗАПЛАНОВАНІ та додано дату виконання 23 січня 2025 р. користувачем [Сусло Тетяна].
[07-Jan-2025 10:31:33 Europe/Helsinki] NewDATA [INFO] Нова заявка Заміна, адреса: вул. Богуна Івана 48, кв. 4, лічильники: БЕЗ НОМЕРА - 1 шт., вартість: 1060 грн., примітки: 9-13,гор.кух додано до БД користувачем [Коваль Людмила].
[2025-01-07T10:31:37.071] [INFO] DataBase - У заявці Заміна від 7 січня 2025 р. за адресою вул. Богуна Івана, буд. 48, кв. 4 додано виконавця Баранов та додано дату виконання 10 січня 2025 р. користувачем [Коваль Людмила].
[07-Jan-2025 11:01:49 Europe/Helsinki] EditDATA [INFO] За адресою вул. Нафтовиків 7, кв. 2 користувачем [Сусло Тетяна] змінені номери телефонів з +38(063)450-39-54, +38(093)371-38-68 на +38(063)450-39-54, при створенні нової заявки [Заміна] від 07.01.2025.
[07-Jan-2025 11:01:49 Europe/Helsinki] NewDATA [INFO] Нова заявка Заміна, адреса: вул. Нафтовиків 7, кв. 2, лічильники: БЕЗ НОМЕРА - 1 шт., виконавець: Баранов, вартість: 1060 грн., примітки: 8-13, 1 гв додано до БД користувачем [Сусло Тетяна].
[2025-01-07T11:01:53.104] [INFO] DataBase - У заявці Заміна від 7 січня 2025 р. за адресою вул. Нафтовиків, буд. 7, кв. 2 додано дату виконання 15 січня 2025 р. користувачем [Сусло Тетяна].
[07-Jan-2025 11:02:17 Europe/Helsinki] EditDATA [INFO] Для заявки Заміна від 07.01.2025 користувачем [Сусло Тетяна] змінено примітки з 8-13, 1 гв на 8-13, 1 гв, уточнить за 1 день, будут чи нє.
[07-Jan-2025 11:35:49 Europe/Helsinki] EditDATA [INFO] За адресою просп. Перемоги 25, кв. 5 користувачем [Сусло Тетяна] змінені номери телефонів з +38(093)788-28-75, +38(097)266-02-51, +38(063)169-23-17 на +38(063)768-24-27, при створенні нової заявки [Повірка] від 07.01.2025.
[07-Jan-2025 11:35:49 Europe/Helsinki] NewDATA [INFO] Нова заявка Повірка, адреса: просп. Перемоги 25, кв. 5, лічильники: БЕЗ НОМЕРА - 1 шт., вартість: 300 грн., примітки: 8-10 додано до БД користувачем [Сусло Тетяна].
[2025-01-07T11:35:52.869] [INFO] DataBase - У заявці Повірка від 7 січня 2025 р. за адресою просп. Перемоги, буд. 25, кв. 5 додано виконавця ЗАПЛАНОВАНІ та додано дату виконання 10 січня 2025 р. користувачем [Сусло Тетяна].
[07-Jan-2025 11:47:44 Europe/Helsinki] NewDATA [INFO] Нова адреса просп. Перемоги, буд. 116, кв. 31, тел. +38 (063) 534-39-93 додана до БД користувачем [Сусло Тетяна].
[07-Jan-2025 11:48:04 Europe/Helsinki] NewDATA [INFO] Нова заявка Повірка, адреса: просп. Перемоги 116, кв. 31, лічильники: БЕЗ НОМЕРА - 1 шт., вартість: 300 грн., примітки: 8-13 додано до БД користувачем [Сусло Тетяна].
[2025-01-07T11:48:07.345] [INFO] DataBase - У заявці Повірка від 7 січня 2025 р. за адресою просп. Перемоги, буд. 116, кв. 31 додано виконавця ЗАПЛАНОВАНІ та додано дату виконання 13 січня 2025 р. користувачем [Сусло Тетяна].
[07-Jan-2025 11:48:19 Europe/Helsinki] DellTASK [INFO] Повірка від 07.01.2025 для адреси просп. Перемоги, буд. 25, кв. 5 для лічильника БЕЗ НОМЕРА - 1 шт. було відмінено користувачем [Сусло Тетяна] з коментарем: відмінили.
[07-Jan-2025 11:59:36 Europe/Helsinki] NewDATA [INFO] Нова адреса вул. 1-ї Гвардійської Армії, буд. 25, корп. А, кв. 41, тел. +38 (093) 154-90-77 додана до БД користувачем [Сусло Тетяна].
[07-Jan-2025 12:02:47 Europe/Helsinki] NewDATA [INFO] Нова заявка Повірка, адреса: вул. 1-ї Гвардійської Армії 25 корпус А, кв. 41, лічильники: БЕЗ НОМЕРА - 1 шт., вартість: 300 грн., примітки: 8-13, одночасно буде і заміна гарячого додано до БД користувачем [Сусло Тетяна].
[2025-01-07T12:02:51.422] [INFO] DataBase - У заявці Повірка від 7 січня 2025 р. за адресою вул. 1-ї Гвардійської Армії, буд. 25, корп. А, кв. 41 додано виконавця ЗАПЛАНОВАНІ та додано дату виконання 10 січня 2025 р. користувачем [Сусло Тетяна].
[07-Jan-2025 12:03:50 Europe/Helsinki] NewDATA [INFO] Нова заявка Заміна, адреса: вул. 1-ї Гвардійської Армії 25 корпус А, кв. 41, лічильники: БЕЗ НОМЕРА - 1 шт., виконавець: Баранов, вартість: 350 грн., примітки: 8-13, 1 гв, одночасно і повірка хол. додано до БД користувачем [Сусло Тетяна].
[2025-01-07T12:03:53.214] [INFO] DataBase - У заявці Заміна від 7 січня 2025 р. за адресою вул. 1-ї Гвардійської Армії, буд. 25, корп. А, кв. 41 додано дату виконання 10 січня 2025 р. користувачем [Сусло Тетяна].
[07-Jan-2025 12:20:10 Europe/Helsinki] EditDATA [INFO] За адресою вул. Шевченка 32, кв. 46 користувачем [Сусло Тетяна] змінені номери телефонів з +38(0462)60-76-31, +38(068)816-08-37 на +38(068)816-07-81, при створенні нової заявки [Повірка] від 07.01.2025.
[07-Jan-2025 12:20:10 Europe/Helsinki] NewDATA [INFO] Нова заявка Повірка, адреса: вул. Шевченка 32, кв. 46, лічильники: БЕЗ НОМЕРА - 1 шт., вартість: 300 грн., примітки: 8-13, 1 гв додано до БД користувачем [Сусло Тетяна].
[2025-01-07T12:20:13.755] [INFO] DataBase - У заявці Повірка від 7 січня 2025 р. за адресою вул. Шевченка, буд. 32, кв. 46 додано виконавця ЗАПЛАНОВАНІ та додано дату виконання 13 січня 2025 р. користувачем [Сусло Тетяна].
[07-Jan-2025 12:21:12 Europe/Helsinki] NewDATA [INFO] Нова адреса вул. 1-ої танкової бригади, буд. 23, корп. 2, кв. 54, тел. +38 (067) 586-14-05 додана до БД користувачем [Сусло Тетяна].
[07-Jan-2025 12:22:46 Europe/Helsinki] NewDATA [INFO] Нова заявка Повірка, адреса: вул. 1-ої танкової бригади 23 корпус 2, кв. 54, лічильники: БЕЗ НОМЕРА - 2 шт., вартість: 600 грн., примітки: 8-13 додано до БД користувачем [Сусло Тетяна].
[2025-01-07T12:22:49.739] [INFO] DataBase - У заявці Повірка від 7 січня 2025 р. за адресою вул. 1-ої танкової бригади, буд. 23, корп. 2, кв. 54 додано виконавця ЗАПЛАНОВАНІ та додано дату виконання 8 січня 2025 р. користувачем [Сусло Тетяна].
[07-Jan-2025 12:25:58 Europe/Helsinki] NewDATA [INFO] Нова заявка Повірка, адреса: вул. Льотна 11, кв. 45, лічильники: БЕЗ НОМЕРА - 2 шт., вартість: 600 грн., примітки: 12-16 додано до БД користувачем [Сусло Тетяна].
[2025-01-07T12:26:02.029] [INFO] DataBase - У заявці Повірка від 7 січня 2025 р. за адресою вул. Льотна, буд. 11, кв. 45 додано виконавця ЗАПЛАНОВАНІ та додано дату виконання 8 січня 2025 р. користувачем [Сусло Тетяна].
[07-Jan-2025 12:47:21 Europe/Helsinki] EditDATA [INFO] За адресою вул. Київська 6, кв. 133 користувачем [Сусло Тетяна] змінені номери телефонів з +38(0462)25-73-08, +38(067)460-33-07 на +38(067)801-84-18, при створенні нової заявки [Повірка] від 07.01.2025.
[07-Jan-2025 12:47:21 Europe/Helsinki] NewDATA [INFO] Нова заявка Повірка, адреса: вул. Київська 6, кв. 133, лічильники: БЕЗ НОМЕРА - 2 шт., вартість: 600 грн., примітки: 8-13 додано до БД користувачем [Сусло Тетяна].
[2025-01-07T12:47:25.164] [INFO] DataBase - У заявці Повірка від 7 січня 2025 р. за адресою вул. Київська, буд. 6, кв. 133 додано виконавця ЗАПЛАНОВАНІ та додано дату виконання 10 січня 2025 р. користувачем [Сусло Тетяна].
[07-Jan-2025 12:49:46 Europe/Helsinki] EditDATA [INFO] Для заявки Повірка від 03.01.2025 користувачем [Коваль Людмила] змінено виконавця з ЗАПЛАНОВАНІ на Ващенко.
[07-Jan-2025 12:50:02 Europe/Helsinki] EditDATA [INFO] Для заявки Повірка від 07.01.2025 користувачем [Коваль Людмила] змінено виконавця з ЗАПЛАНОВАНІ на Шкуліпа.
[07-Jan-2025 12:50:29 Europe/Helsinki] EditDATA [INFO] Для заявки Повірка від 07.01.2025 користувачем [Коваль Людмила] змінено виконавця з ЗАПЛАНОВАНІ на Шкуліпа.
[07-Jan-2025 12:54:25 Europe/Helsinki] NewDATA [INFO] Нова адреса вул. Гонча, буд. 84, кв. 37, тел. +38 (095) 329-09-96 додана до БД користувачем [Сусло Тетяна].
[07-Jan-2025 12:54:49 Europe/Helsinki] NewDATA [INFO] Нова заявка Повірка, адреса: вул. Гонча 84, кв. 37, лічильники: БЕЗ НОМЕРА - 1 шт., вартість: 300 грн., примітки: 13-17, 1 гв додано до БД користувачем [Сусло Тетяна].
[2025-01-07T12:54:52.031] [INFO] DataBase - У заявці Повірка від 7 січня 2025 р. за адресою вул. Гонча, буд. 84, кв. 37 додано виконавця ЗАПЛАНОВАНІ та додано дату виконання 9 січня 2025 р. користувачем [Сусло Тетяна].
[07-Jan-2025 13:17:38 Europe/Helsinki] EditDATA [INFO] За адресою вул. Доценка 24, кв. 238 користувачем [Сусло Тетяна] змінені номери телефонів з +38(0462)95-98-31, +38(050)957-55-02, +38(073)159-60-36 на +38(050)957-55-02, при створенні нової заявки [Повірка] від 07.01.2025.
[07-Jan-2025 13:17:38 Europe/Helsinki] NewDATA [INFO] Нова заявка Повірка, адреса: вул. Доценка 24, кв. 238, лічильники: БЕЗ НОМЕРА - 2 шт., вартість: 600 грн., примітки: 11-14, за 1 год додано до БД користувачем [Сусло Тетяна].
[2025-01-07T13:17:45.288] [INFO] DataBase - У заявці Повірка від 7 січня 2025 р. за адресою вул. Доценка, буд. 24, кв. 238 додано виконавця ЗАПЛАНОВАНІ та додано дату виконання 8 січня 2025 р. користувачем [Сусло Тетяна].
[07-Jan-2025 13:18:00 Europe/Helsinki] EditDATA [INFO] Для заявки Повірка від 07.01.2025 користувачем [Сусло Тетяна] змінено примітки з 11-14, за 1 год на 11-16, за 1 год.
[07-Jan-2025 13:19:22 Europe/Helsinki] EditDATA [INFO] Для заявки Повірка від 07.01.2025 користувачем [Коваль Людмила] змінено виконавця з ЗАПЛАНОВАНІ на Шкуліпа.
[07-Jan-2025 13:20:05 Europe/Helsinki] NewDATA [INFO] Нова заявка Повірка, адреса: вул. Незалежності 16, кв. 160, лічильники: БЕЗ НОМЕРА - 2 шт., вартість: 600 грн., примітки: 8-13 додано до БД користувачем [Сусло Тетяна].
[2025-01-07T13:20:08.168] [INFO] DataBase - У заявці Повірка від 7 січня 2025 р. за адресою вул. Незалежності, буд. 16, кв. 160 додано виконавця ЗАПЛАНОВАНІ та додано дату виконання 15 січня 2025 р. користувачем [Сусло Тетяна].
[07-Jan-2025 13:45:10 Europe/Helsinki] NewDATA [INFO] Нова адреса вул. Рятувальників, буд. 35, кв. 92, тел. +38 (066) 182-92-77 додана до БД користувачем [Коваль Людмила].
[07-Jan-2025 13:45:42 Europe/Helsinki] NewDATA [INFO] Нова заявка Повірка, адреса: вул. Рятувальників 35, кв. 92, лічильники: БЕЗ НОМЕРА - 2 шт., вартість: 600 грн., примітки: 8-10 додано до БД користувачем [Коваль Людмила].
[2025-01-07T13:45:47.149] [INFO] DataBase - У заявці Повірка від 7 січня 2025 р. за адресою вул. Рятувальників, буд. 35, кв. 92 додано виконавця ЗАПЛАНОВАНІ та додано дату виконання 8 січня 2025 р. користувачем [Коваль Людмила].
[07-Jan-2025 13:45:58 Europe/Helsinki] EditDATA [INFO] Для заявки Повірка від 07.01.2025 користувачем [Коваль Людмила] змінено виконавця з ЗАПЛАНОВАНІ на Шкуліпа.
[07-Jan-2025 13:46:52 Europe/Helsinki] NewDATA [INFO] Нова адреса просп. Миру, буд. 180, корп. А, кв. 46, тел. +38 (093) 010-54-08 додана до БД користувачем [Коваль Людмила].
[07-Jan-2025 13:47:31 Europe/Helsinki] NewDATA [INFO] Нова заявка Повірка, адреса: просп. Миру 180 корпус А, кв. 46, лічильники: БЕЗ НОМЕРА - 1 шт., вартість: 300 грн., примітки: 13-14,пер.за 30 хв. додано до БД користувачем [Коваль Людмила].
[2025-01-07T13:47:36.340] [INFO] DataBase - У заявці Повірка від 7 січня 2025 р. за адресою просп. Миру, буд. 180, корп. А, кв. 46 додано виконавця ЗАПЛАНОВАНІ та додано дату виконання 8 січня 2025 р. користувачем [Коваль Людмила].
[07-Jan-2025 13:47:45 Europe/Helsinki] EditDATA [INFO] Для заявки Повірка від 07.01.2025 користувачем [Коваль Людмила] змінено виконавця з ЗАПЛАНОВАНІ на Шкуліпа.
[07-Jan-2025 14:23:32 Europe/Helsinki] NewDATA [INFO] Нова адреса вул. Самострова, буд. 9, кв. 106, тел. +38 (097) 000-01-28 додана до БД користувачем [Коваль Людмила].
[07-Jan-2025 14:25:07 Europe/Helsinki] NewDATA [INFO] Нова заявка Повірка, адреса: вул. Самострова 9, кв. 106, лічильники: БЕЗ НОМЕРА - 2 шт., вартість: 600 грн., примітки: 12-14,пер.за 30 хв. додано до БД користувачем [Коваль Людмила].
[2025-01-07T14:25:14.588] [INFO] DataBase - У заявці Повірка від 7 січня 2025 р. за адресою вул. Самострова, буд. 9, кв. 106 додано виконавця Шкуліпа та додано дату виконання 11 січня 2025 р. користувачем [Коваль Людмила].
[07-Jan-2025 14:26:40 Europe/Helsinki] EditDATA [INFO] За адресою просп. Миру 207 корпус А, кв. 9 користувачем [Сусло Тетяна] змінені номери телефонів з +38(0462)25-54-65, +38(099)611-52-81, +38(063)378-34-65 на +38(063)070-43-39, при створенні нової заявки [Повірка] від 07.01.2025.
[07-Jan-2025 14:26:40 Europe/Helsinki] NewDATA [INFO] Нова заявка Повірка, адреса: просп. Миру 207 корпус А, кв. 9, лічильники: БЕЗ НОМЕРА - 1 шт., вартість: 300 грн., примітки: 10-14 додано до БД користувачем [Сусло Тетяна].
[2025-01-07T14:26:43.946] [INFO] DataBase - У заявці Повірка від 7 січня 2025 р. за адресою просп. Миру, буд. 207, корп. А, кв. 9 додано виконавця Шкуліпа та додано дату виконання 8 січня 2025 р. користувачем [Сусло Тетяна].
[07-Jan-2025 14:27:12 Europe/Helsinki] EditDATA [INFO] За адресою просп. Перемоги 114, кв. 9 користувачем [Коваль Людмила] змінені номери телефонів з +38(063)433-07-41, +38(0462)60-30-06 на +38(063)433-07-41, при створенні нової заявки [Повірка] від 07.01.2025.
[07-Jan-2025 14:27:12 Europe/Helsinki] NewDATA [INFO] Нова заявка Повірка, адреса: просп. Перемоги 114, кв. 9, лічильники: БЕЗ НОМЕРА - 1 шт., вартість: 300 грн., примітки: 9-11,пер.за 40 хв. додано до БД користувачем [Коваль Людмила].
[2025-01-07T14:27:16.659] [INFO] DataBase - У заявці Повірка від 7 січня 2025 р. за адресою просп. Перемоги, буд. 114, кв. 9 додано виконавця ЗАПЛАНОВАНІ та додано дату виконання 8 січня 2025 р. користувачем [Коваль Людмила].
[07-Jan-2025 14:28:19 Europe/Helsinki] EditDATA [INFO] За адресою вул. Громадська 19, кв. 7 користувачем [Коваль Людмила] змінені номери телефонів з +38(066)608-24-23 на +38(073)098-34-42, при створенні нової заявки [Повірка] від 07.01.2025.
[07-Jan-2025 14:28:19 Europe/Helsinki] NewDATA [INFO] Нова заявка Повірка, адреса: вул. Громадська 19, кв. 7, лічильники: БЕЗ НОМЕРА - 1 шт., вартість: 300 грн., примітки: 8-10 додано до БД користувачем [Коваль Людмила].
[2025-01-07T14:28:23.698] [INFO] DataBase - У заявці Повірка від 7 січня 2025 р. за адресою вул. Громадська, буд. 19, кв. 7 додано виконавця ЗАПЛАНОВАНІ та додано дату виконання 9 січня 2025 р. користувачем [Коваль Людмила].
[07-Jan-2025 14:30:13 Europe/Helsinki] EditDATA [INFO] За адресою вул. Доценка 28, кв. 145 користувачем [Коваль Людмила] змінені номери телефонів з +38(093)293-24-10, +38(046)806-33-77, +38(0462)67-11-96 на +38(097)770-42-59, при створенні нової заявки [Заміна] від 07.01.2025.
[07-Jan-2025 14:30:13 Europe/Helsinki] NewDATA [INFO] Нова заявка Заміна, адреса: вул. Доценка 28, кв. 145, лічильники: БЕЗ НОМЕРА - 1 шт., вартість: 1060 грн., примітки: с/в.гор. з 12-17 додано до БД користувачем [Коваль Людмила].
[2025-01-07T14:30:50.157] [INFO] DataBase - У заявці Заміна від 7 січня 2025 р. за адресою вул. Доценка, буд. 28, кв. 145 додано виконавця Баранов та додано дату виконання 10 січня 2025 р. користувачем [Коваль Людмила].
[07-Jan-2025 14:38:28 Europe/Helsinki] EditDATA [INFO] Для заявки Повірка від 07.01.2025 користувачем [Коваль Людмила] змінено виконавця з ЗАПЛАНОВАНІ на Сірий.
[07-Jan-2025 14:39:38 Europe/Helsinki] EditDATA [INFO] За адресою вул. Кореня Терентія 9, кв. 125 користувачем [Сусло Тетяна] змінені номери телефонів з +38(098)237-93-26, +38(063)954-36-28 на +38(063)954-36-28, при створенні нової заявки [Заміна] від 07.01.2025.
[07-Jan-2025 14:39:38 Europe/Helsinki] NewDATA [INFO] Нова заявка Заміна, адреса: вул. Кореня Терентія 9, кв. 125, лічильники: БЕЗ НОМЕРА - 1 шт., виконавець: Баранов, вартість: 350 грн., примітки: 13-17, 1 гв, коридор додано до БД користувачем [Сусло Тетяна].
[07-Jan-2025 14:39:41 Europe/Helsinki] EditDATA [INFO] Для заявки Повірка від 07.01.2025 користувачем [Коваль Людмила] змінено виконавця з ЗАПЛАНОВАНІ на Ващенко.
[2025-01-07T14:39:42.402] [INFO] DataBase - У заявці Заміна від 7 січня 2025 р. за адресою вул. Кореня Терентія, буд. 9, кв. 125 додано дату виконання 8 січня 2025 р. користувачем [Сусло Тетяна].
[07-Jan-2025 14:39:53 Europe/Helsinki] EditDATA [INFO] Для заявки Повірка від 07.01.2025 користувачем [Коваль Людмила] змінено виконавця з ЗАПЛАНОВАНІ на Ващенко.
[07-Jan-2025 14:40:52 Europe/Helsinki] EditDATA [INFO] Для заявки Повірка від 06.01.2025 користувачем [Коваль Людмила] змінено виконавця з ЗАПЛАНОВАНІ на Ващенко.
[07-Jan-2025 14:41:05 Europe/Helsinki] EditDATA [INFO] Для заявки Повірка від 07.01.2025 користувачем [Коваль Людмила] змінено виконавця з ЗАПЛАНОВАНІ на Сірий.
[07-Jan-2025 14:41:27 Europe/Helsinki] EditDATA [INFO] Для заявки Повірка від 07.01.2025 користувачем [Коваль Людмила] змінено виконавця з ЗАПЛАНОВАНІ на Сірий.
[07-Jan-2025 14:41:37 Europe/Helsinki] EditDATA [INFO] Для заявки Повірка від 06.01.2025 користувачем [Коваль Людмила] змінено виконавця з ЗАПЛАНОВАНІ на Сірий.
[07-Jan-2025 14:59:31 Europe/Helsinki] NewDATA [INFO] Нова заявка Повірка, адреса: просп. Перемоги 25, кв. 22, лічильники: БЕЗ НОМЕРА - 2 шт., вартість: 600 грн., примітки: 13-17,пер.за 30 хв. додано до БД користувачем [Коваль Людмила].
[2025-01-07T14:59:34.880] [INFO] DataBase - У заявці Повірка від 7 січня 2025 р. за адресою просп. Перемоги, буд. 25, кв. 22 додано виконавця Осипенко та додано дату виконання 8 січня 2025 р. користувачем [Коваль Людмила].
[07-Jan-2025 15:13:03 Europe/Helsinki] NewDATA [INFO] Нова адреса вул. Доценка, буд. 24, кв. 231, тел. +38 (095) 397-97-73 додана до БД користувачем [Сусло Тетяна].
[07-Jan-2025 15:13:56 Europe/Helsinki] NewDATA [INFO] Нова заявка Повірка, адреса: вул. Доценка 24, кв. 231, лічильники: БЕЗ НОМЕРА - 2 шт., вартість: 600 грн., примітки: 13-17, за 30 хв, договорений, дізнатись за хол. воду додано до БД користувачем [Сусло Тетяна].
[2025-01-07T15:14:01.593] [INFO] DataBase - У заявці Повірка від 7 січня 2025 р. за адресою вул. Доценка, буд. 24, кв. 231 додано виконавця Сірий та додано дату виконання 8 січня 2025 р. користувачем [Сусло Тетяна].
[07-Jan-2025 15:38:56 Europe/Helsinki] NewDATA [INFO] Нова адреса просп. Перемоги, буд. 114, кв. 22, тел. +38 (095) 874-09-07 додана до БД користувачем [Сусло Тетяна].
[07-Jan-2025 15:39:25 Europe/Helsinki] NewDATA [INFO] Нова заявка Повірка, адреса: вул. 1-ї Гвардійської Армії 6, кв. 26, лічильники: БЕЗ НОМЕРА - 1 шт., вартість: 300 грн., примітки: 8-13,пер.за час додано до БД користувачем [Коваль Людмила].
[2025-01-07T15:39:29.100] [INFO] DataBase - У заявці Повірка від 7 січня 2025 р. за адресою вул. 1-ї Гвардійської Армії, буд. 6, кв. 26 додано виконавця ЗАПЛАНОВАНІ та додано дату виконання 10 січня 2025 р. користувачем [Коваль Людмила].
[07-Jan-2025 15:40:10 Europe/Helsinki] NewDATA [INFO] Нова заявка Повірка, адреса: просп. Перемоги 114, кв. 22, лічильники: БЕЗ НОМЕРА - 2 шт., вартість: 600 грн., примітки: 8-13, за 30 хв, договорений, уточнить за хол. воду, обов'язково додано до БД користувачем [Сусло Тетяна].
[2025-01-07T15:40:12.346] [INFO] DataBase - У заявці Повірка від 7 січня 2025 р. за адресою просп. Перемоги, буд. 114, кв. 22 додано виконавця Сірий та додано дату виконання 8 січня 2025 р. користувачем [Сусло Тетяна].
[07-Jan-2025 15:59:16 Europe/Helsinki] NewDATA [INFO] Новий лічильник номер: 241466855, тип: СВК => DN 15, рік випуску: 2024, показники: 0, балансоутримувач: КП "ВДК" додано до БД користувачем [Сусло Тетяна].
[07-Jan-2025 15:59:19 Europe/Helsinki] EditDATA [INFO] В заявці Заміна від 02.01.2025 за адресою просп. Перемоги, буд. 25, кв. 19 було видалено лічильники: 101752667; додано лічильники: 241466855 користувачем [Сусло Тетяна].
[07-Jan-2025 15:59:36 Europe/Helsinki] DellTASK [INFO] Заміна від 02.01.2025 для адреси просп. Перемоги, буд. 25, кв. 19 для лічильника 241466855 було завершено користувачем [Сусло Тетяна] з коментарем: виконано.
[07-Jan-2025 15:59:59 Europe/Helsinki] DellTASK [INFO] Заміна від 02.01.2025 для адреси просп. Миру, буд. 52, кв. 24 для лічильників 665689, БЕЗ НОМЕРА - 1 шт. було завершено користувачем [Сусло Тетяна] з коментарем: виконано.
[07-Jan-2025 16:00:47 Europe/Helsinki] NewDATA [INFO] Новий лічильник номер: 241466889, тип: СВК => DN 15, рік випуску: 2024, показники: 0, балансоутримувач: КП "ВДК" додано до БД користувачем [Сусло Тетяна].
[07-Jan-2025 16:00:50 Europe/Helsinki] EditDATA [INFO] В заявці Заміна від 30.12.2024 за адресою вул. Красносільського, буд. 71, кв. 237 було видалено лічильники: 056195; додано лічильники: 241466889 користувачем [Сусло Тетяна].
[07-Jan-2025 16:00:59 Europe/Helsinki] DellTASK [INFO] Заміна від 30.12.2024 для адреси вул. Красносільського, буд. 71, кв. 237 для лічильника 241466889 було завершено користувачем [Сусло Тетяна] з коментарем: виконано.
[07-Jan-2025 16:01:39 Europe/Helsinki] NewDATA [INFO] Новий лічильник номер: 241466760, тип: СВК => DN 15, рік випуску: 2024, показники: 0, балансоутримувач: КП "ВДК" додано до БД користувачем [Сусло Тетяна].
[07-Jan-2025 16:01:42 Europe/Helsinki] EditDATA [INFO] В заявці Заміна від 26.12.2024 за адресою вул. Незалежності, буд. 14, кв. 30 було видалено БЕЗ НОМЕРУ - 1 шт.; додано лічильники: 241466760 користувачем [Сусло Тетяна].
[07-Jan-2025 16:01:52 Europe/Helsinki] DellTASK [INFO] Заміна від 26.12.2024 для адреси вул. Незалежності, буд. 14, кв. 30 для лічильника 241466760 було завершено користувачем [Сусло Тетяна] з коментарем: виконано.
[07-Jan-2025 16:02:40 Europe/Helsinki] NewDATA [INFO] Новий лічильник номер: 241466756, тип: СВК => DN 15, рік випуску: 2024, показники: 0, балансоутримувач: КП "ТКЕ" додано до БД користувачем [Сусло Тетяна].
[07-Jan-2025 16:02:43 Europe/Helsinki] EditDATA [INFO] В заявці Заміна від 20.12.2024 за адресою вул. Мазепи Івана, буд. 37, кв. 19 було видалено лічильники: 9200362447; додано лічильники: 241466756 користувачем [Сусло Тетяна].
[07-Jan-2025 16:02:53 Europe/Helsinki] DellTASK [INFO] Заміна від 20.12.2024 для адреси вул. Мазепи Івана, буд. 37, кв. 19 для лічильника 241466756 було завершено користувачем [Сусло Тетяна] з коментарем: виконано.
[07-Jan-2025 16:03:44 Europe/Helsinki] DellTASK [INFO] Заміна від 27.12.2024 для адреси вул. Незалежності, буд. 12, кв. 64 для лічильника 10 747406 було завершено користувачем [Сусло Тетяна] з коментарем: виконано.
[07-Jan-2025 16:05:14 Europe/Helsinki] EditDATA [INFO] За адресою вул. Незалежності, буд. 12, кв. 64 користувачем [Сусло Тетяна] були додані лічильники: 241466756.
[07-Jan-2025 16:05:59 Europe/Helsinki] EditDATA [INFO] За адресою вул. Незалежності, буд. 12, кв. 64 користувачем [Сусло Тетяна] було видалено лічильники: 10 747406.
[07-Jan-2025 16:06:22 Europe/Helsinki] EditDATA [INFO] Для лічильника 241466756 користувачем [Сусло Тетяна] змінено температуру з Гарячий на Холодний.
[07-Jan-2025 16:06:28 Europe/Helsinki] EditDATA [INFO] Для лічильника 241466756 користувачем [Сусло Тетяна] змінено балансоутримувача з КП "ТКЕ" на КП "ВДК".
[07-Jan-2025 16:11:42 Europe/Helsinki] NewDATA [INFO] Нова заявка Повірка, адреса: вул. Самоквасова Дмитра 7, кв. 76, лічильники: БЕЗ НОМЕРА - 2 шт., вартість: 600 грн., примітки: 10-15, за 30 хв додано до БД користувачем [Сусло Тетяна].
[2025-01-07T16:11:45.142] [INFO] DataBase - У заявці Повірка від 7 січня 2025 р. за адресою вул. Самоквасова Дмитра, буд. 7, кв. 76 додано виконавця ЗАПЛАНОВАНІ та додано дату виконання 9 січня 2025 р. користувачем [Сусло Тетяна].
[07-Jan-2025 16:16:15 Europe/Helsinki] NewDATA [INFO] Нова адреса вул. Волковича, буд. 2, кв. 66, тел. +38 (063) 412-67-81 додана до БД користувачем [Сусло Тетяна].
[07-Jan-2025 16:16:21 Europe/Helsinki] NewDATA [INFO] Нова заявка Повірка, адреса: вул. Льотна 5, кв. 95, лічильники: БЕЗ НОМЕРА - 2 шт., вартість: 600 грн., примітки: 11-16,пер.за 30 хв. додано до БД користувачем [Коваль Людмила].
[2025-01-07T16:16:26.463] [INFO] DataBase - У заявці Повірка від 7 січня 2025 р. за адресою вул. Льотна, буд. 5, кв. 95 додано виконавця Шкуліпа та додано дату виконання 8 січня 2025 р. користувачем [Коваль Людмила].
[07-Jan-2025 16:16:40 Europe/Helsinki] NewDATA [INFO] Нова заявка Повірка, адреса: вул. Волковича 2, кв. 66, лічильники: БЕЗ НОМЕРА - 2 шт., вартість: 600 грн., примітки: 8-13 додано до БД користувачем [Сусло Тетяна].
[2025-01-07T16:16:43.554] [INFO] DataBase - У заявці Повірка від 7 січня 2025 р. за адресою вул. Волковича, буд. 2, кв. 66 додано виконавця ЗАПЛАНОВАНІ та додано дату виконання 15 січня 2025 р. користувачем [Сусло Тетяна].
[07-Jan-2025 16:43:54 Europe/Helsinki] NewDATA [INFO] Нова заявка Повірка, адреса: просп. Миру 56, кв. 11, лічильники: БЕЗ НОМЕРА - 2 шт., вартість: 600 грн., примітки: 13-17,пер.за час додано до БД користувачем [Коваль Людмила].
[2025-01-07T16:44:01.399] [INFO] DataBase - У заявці Повірка від 7 січня 2025 р. за адресою просп. Миру, буд. 56, кв. 11 додано виконавця Шкуліпа та додано дату виконання 8 січня 2025 р. користувачем [Коваль Людмила].

