[25-Jun-2025 08:24:24 Europe/Helsinki] DellTASK [INFO] Повірка від 23.06.2025 для адреси вул. Елеваторна, буд. 8, корп. А, кв. 53 для лічильника БЕЗ НОМЕРА - 1 шт. було завершено користувачем [Сусло Тетяна] з коментарем: виконано.
[25-Jun-2025 08:24:41 Europe/Helsinki] DellTASK [INFO] Повірка від 17.06.2025 для адреси вул. Красносільського, буд. 71, кв. 73 для лічильника БЕЗ НОМЕРА - 2 шт. було відмінено користувачем [Сусло Тетяна] з коментарем: нема вдома.
[25-Jun-2025 08:24:55 Europe/Helsinki] DellTASK [INFO] Повірка від 23.06.2025 для адреси вул. Незалежності, буд. 14, кв. 24 для лічильника БЕЗ НОМЕРА - 2 шт. було завершено користувачем [Сусло Тетяна] з коментарем: виконано.
[25-Jun-2025 08:25:05 Europe/Helsinki] DellTASK [INFO] Повірка від 23.06.2025 для адреси вул. Незалежності, буд. 56, кв. 69 для лічильника БЕЗ НОМЕРА - 2 шт. було завершено користувачем [Сусло Тетяна] з коментарем: виконано.
[25-Jun-2025 08:25:15 Europe/Helsinki] DellTASK [INFO] Повірка від 19.06.2025 для адреси вул. Незалежності, буд. 22, кв. 32 для лічильника БЕЗ НОМЕРА - 1 шт. було завершено користувачем [Сусло Тетяна] з коментарем: виконано.
[25-Jun-2025 08:25:25 Europe/Helsinki] DellTASK [INFO] Повірка від 13.06.2025 для адреси вул. Незалежності, буд. 60, кв. 87 для лічильника БЕЗ НОМЕРА - 2 шт. було завершено користувачем [Сусло Тетяна] з коментарем: виконано.
[25-Jun-2025 08:25:35 Europe/Helsinki] DellTASK [INFO] Повірка від 09.06.2025 для адреси вул. Красносільського, буд. 83, кв. 144 для лічильника БЕЗ НОМЕРА - 2 шт. було завершено користувачем [Сусло Тетяна] з коментарем: виконано.
[25-Jun-2025 08:44:51 Europe/Helsinki] NewDATA [INFO] Нова адреса вул. Слобідська, буд. 79, корп. А, кв. 15, тел. +38 (063) 710-66-73 додана до БД користувачем [Коваль Людмила].
[25-Jun-2025 08:45:18 Europe/Helsinki] NewDATA [INFO] Нова заявка Повірка, адреса: вул. Слобідська 79 корпус А, кв. 15, лічильники: БЕЗ НОМЕРА - 1 шт., вартість: 350 грн., примітки: 8-13 додано до БД користувачем [Коваль Людмила].
[2025-06-25T08:45:23.228] [INFO] DataBase - У заявці Повірка від 25 червня 2025 р. за адресою вул. Слобідська, буд. 79, корп. А, кв. 15 додано виконавця ЗАПЛАНОВАНІ та додано дату виконання 14 липня 2025 р. користувачем [Коваль Людмила].
[25-Jun-2025 08:48:26 Europe/Helsinki] NewDATA [INFO] Нова адреса вул. Коцюбинського, буд. 81, кв. 9, тел. +38 (093) 975-22-20 додана до БД користувачем [Коваль Людмила].
[25-Jun-2025 08:52:14 Europe/Helsinki] NewDATA [INFO] Нова заявка Повірка, адреса: вул. Коцюбинського 81, кв. 9, лічильники: БЕЗ НОМЕРА - 4 шт., вартість: 1400 грн., примітки: 9-12 додано до БД користувачем [Коваль Людмила].
[2025-06-25T08:52:20.327] [INFO] DataBase - У заявці Повірка від 25 червня 2025 р. за адресою вул. Коцюбинського, буд. 81, кв. 9 додано виконавця ЗАПЛАНОВАНІ та додано дату виконання 26 червня 2025 р. користувачем [Коваль Людмила].
[25-Jun-2025 08:54:27 Europe/Helsinki] NewDATA [INFO] Нова адреса вул. 1-ї Гвардійської Армії, буд. 4, кв. 118, тел. +38 (097) 756-64-75 додана до БД користувачем [Коваль Людмила].
[25-Jun-2025 08:54:57 Europe/Helsinki] NewDATA [INFO] Нова заявка Повірка, адреса: вул. 1-ї Гвардійської Армії 4, кв. 118, лічильники: БЕЗ НОМЕРА - 2 шт., вартість: 700 грн., примітки: 8-10 додано до БД користувачем [Коваль Людмила].
[2025-06-25T08:55:06.827] [INFO] DataBase - У заявці Повірка від 25 червня 2025 р. за адресою вул. 1-ї Гвардійської Армії, буд. 4, кв. 118 додано виконавця ЗАПЛАНОВАНІ та додано дату виконання 4 липня 2025 р. користувачем [Коваль Людмила].
[25-Jun-2025 09:08:31 Europe/Helsinki] EditDATA [INFO] Для заявки Повірка від 23.06.2025 користувачем [Коваль Людмила] змінено виконавця з ЗАПЛАНОВАНІ на Сірий.
[25-Jun-2025 09:08:55 Europe/Helsinki] EditDATA [INFO] Для заявки Повірка від 25.06.2025 користувачем [Коваль Людмила] змінено виконавця з ЗАПЛАНОВАНІ на Сірий.
[25-Jun-2025 09:09:05 Europe/Helsinki] EditDATA [INFO] Для заявки Повірка від 20.06.2025 користувачем [Коваль Людмила] змінено виконавця з ЗАПЛАНОВАНІ на Сірий.
[25-Jun-2025 09:09:18 Europe/Helsinki] EditDATA [INFO] Для заявки Повірка від 24.06.2025 користувачем [Коваль Людмила] змінено виконавця з ЗАПЛАНОВАНІ на Сірий.
[25-Jun-2025 09:09:28 Europe/Helsinki] EditDATA [INFO] Для заявки Повірка від 18.06.2025 користувачем [Коваль Людмила] змінено виконавця з ЗАПЛАНОВАНІ на Сірий.
[25-Jun-2025 09:10:37 Europe/Helsinki] EditDATA [INFO] Для заявки Повірка від 20.06.2025 користувачем [Коваль Людмила] змінено виконавця з ЗАПЛАНОВАНІ на Шкуліпа.
[25-Jun-2025 09:10:46 Europe/Helsinki] EditDATA [INFO] Для заявки Повірка від 19.06.2025 користувачем [Коваль Людмила] змінено виконавця з ЗАПЛАНОВАНІ на Шкуліпа.
[25-Jun-2025 09:10:55 Europe/Helsinki] EditDATA [INFO] Для заявки Повірка від 27.05.2025 користувачем [Коваль Людмила] змінено виконавця з ЗАПЛАНОВАНІ на Шкуліпа.
[25-Jun-2025 09:11:17 Europe/Helsinki] EditDATA [INFO] Для заявки Повірка від 05.05.2025 користувачем [Коваль Людмила] змінено виконавця з ЗАПЛАНОВАНІ на Шкуліпа.
[25-Jun-2025 09:33:38 Europe/Helsinki] NewDATA [INFO] Нова заявка Повірка, адреса: просп. Миру 210, кв. 72, лічильники: БЕЗ НОМЕРА - 2 шт., вартість: 660 грн., примітки: 12-16,пер.за час додано до БД користувачем [Коваль Людмила].
[2025-06-25T09:33:47.037] [INFO] DataBase - У заявці Повірка від 25 червня 2025 р. за адресою просп. Миру, буд. 210, кв. 72 додано виконавця Шкуліпа та додано дату виконання 26 червня 2025 р. користувачем [Коваль Людмила].
[25-Jun-2025 09:34:25 Europe/Helsinki] NewDATA [INFO] Нова адреса просп. Миру, буд. 259, кв. 48, тел. +38 (067) 123-56-58 додана до БД користувачем [Коваль Людмила].
[25-Jun-2025 09:46:55 Europe/Helsinki] NewDATA [INFO] Нова адреса вул. Русової, буд. 25, кв. 65, тел. +38 (063) 839-11-51 додана до БД користувачем [Сусло Тетяна].
[25-Jun-2025 09:47:21 Europe/Helsinki] NewDATA [INFO] Нова заявка Повірка, адреса: вул. Русової 25, кв. 65, лічильники: БЕЗ НОМЕРА - 2 шт., вартість: 700 грн., примітки: 13-17, за 30 хв додано до БД користувачем [Сусло Тетяна].
[2025-06-25T09:47:24.885] [INFO] DataBase - У заявці Повірка від 25 червня 2025 р. за адресою вул. Русової, буд. 25, кв. 65 додано виконавця ЗАПЛАНОВАНІ та додано дату виконання 27 червня 2025 р. користувачем [Сусло Тетяна].
[25-Jun-2025 09:49:18 Europe/Helsinki] NewDATA [INFO] Нова заявка Повірка, адреса: просп. Миру 259, кв. 48, лічильники: БЕЗ НОМЕРА - 4 шт., вартість: 1320 грн., примітки: 11-15,пер.за 30 хв. додано до БД користувачем [Коваль Людмила].
[2025-06-25T09:49:34.087] [INFO] DataBase - У заявці Повірка від 25 червня 2025 р. за адресою просп. Миру, буд. 259, кв. 48 додано виконавця Шкуліпа та додано дату виконання 26 червня 2025 р. користувачем [Коваль Людмила].
[25-Jun-2025 09:50:21 Europe/Helsinki] NewDATA [INFO] Нова заявка Повірка, адреса: просп. Миру 189, кв. 17, лічильники: БЕЗ НОМЕРА - 2 шт., вартість: 700 грн., примітки: 13-17,2 хол.,пер.за 30 хв. додано до БД користувачем [Коваль Людмила].
[2025-06-25T09:50:25.025] [INFO] DataBase - У заявці Повірка від 25 червня 2025 р. за адресою просп. Миру, буд. 189, кв. 17 додано виконавця Шкуліпа та додано дату виконання 26 червня 2025 р. користувачем [Коваль Людмила].
[25-Jun-2025 10:14:07 Europe/Helsinki] NewDATA [INFO] Нова адреса вул. Самоквасова Дмитра, буд. 10, кв. 70, тел. +38 (050) 360-03-69 додана до БД користувачем [Коваль Людмила].
[25-Jun-2025 10:14:46 Europe/Helsinki] NewDATA [INFO] Нова заявка Повірка, адреса: вул. Самоквасова Дмитра 10, кв. 70, лічильники: БЕЗ НОМЕРА - 2 шт., вартість: 660 грн., примітки: 14-16,пер.за 30 хв. додано до БД користувачем [Коваль Людмила].
[2025-06-25T10:15:02.094] [INFO] DataBase - У заявці Повірка від 25 червня 2025 р. за адресою вул. Самоквасова Дмитра, буд. 10, кв. 70 додано виконавця ЗАПЛАНОВАНІ та додано дату виконання 27 червня 2025 р. користувачем [Коваль Людмила].
[25-Jun-2025 10:15:43 Europe/Helsinki] NewDATA [INFO] Нова адреса вул. Мазепи Івана, буд. 41, кв. 30, тел. +38 (067) 131-59-39 додана до БД користувачем [Коваль Людмила].
[25-Jun-2025 10:16:20 Europe/Helsinki] NewDATA [INFO] Нова заявка Повірка, адреса: вул. Мазепи Івана 41, кв. 30, лічильники: БЕЗ НОМЕРА - 2 шт., вартість: 700 грн., примітки: 8-12,код 378 додано до БД користувачем [Коваль Людмила].
[2025-06-25T10:16:23.887] [INFO] DataBase - У заявці Повірка від 25 червня 2025 р. за адресою вул. Мазепи Івана, буд. 41, кв. 30 додано виконавця ЗАПЛАНОВАНІ та додано дату виконання 27 червня 2025 р. користувачем [Коваль Людмила].
[25-Jun-2025 10:17:10 Europe/Helsinki] DellTASK [INFO] Повірка від 23.06.2025 для адреси вул. 1-ї Гвардійської Армії, буд. 25, корп. А, кв. 27 для лічильника БЕЗ НОМЕРА - 2 шт. було завершено користувачем [Коваль Людмила] з коментарем: виконано.
[25-Jun-2025 10:17:35 Europe/Helsinki] DellTASK [INFO] Повірка від 23.06.2025 для адреси просп. Перемоги, буд. 13, кв. 14 для лічильника БЕЗ НОМЕРА - 2 шт. було завершено користувачем [Коваль Людмила] з коментарем: виконано.
[25-Jun-2025 10:17:51 Europe/Helsinki] DellTASK [INFO] Повірка від 20.06.2025 для адреси вул. 1-ї Гвардійської Армії, буд. 8, кв. 12 для лічильника БЕЗ НОМЕРА - 2 шт. було завершено користувачем [Коваль Людмила] з коментарем: виконано.
[25-Jun-2025 10:18:09 Europe/Helsinki] DellTASK [INFO] Повірка від 19.06.2025 для адреси вул. Мазепи Івана, буд. 34, кв. 54 для лічильника БЕЗ НОМЕРА - 2 шт. було завершено користувачем [Коваль Людмила] з коментарем: виконано.
[25-Jun-2025 10:18:25 Europe/Helsinki] DellTASK [INFO] Повірка від 23.06.2025 для адреси вул. Мазепи Івана, буд. 41, кв. 63 для лічильника БЕЗ НОМЕРА - 2 шт. було завершено користувачем [Коваль Людмила] з коментарем: виконано.
[25-Jun-2025 11:38:24 Europe/Helsinki] NewDATA [INFO] Новий лічильник номер: 123152, тип: КВ-1,5 => DN 15, рік випуску: 2008, показники: 0, балансоутримувач: КП "ВДК" додано до БД користувачем [Коваль Людмила].
[25-Jun-2025 11:38:28 Europe/Helsinki] EditDATA [INFO] За адресою вул. Коцюбинського, буд. 2, кв. 28 користувачем [Коваль Людмила] було додано лічильники: 123152].
[25-Jun-2025 11:39:11 Europe/Helsinki] NewDATA [INFO] Новий лічильник номер: 587007, тип: КВ-1,5 => DN 15, рік випуску: 2005, показники: 0, балансоутримувач: КП "ВДК" додано до БД користувачем [Коваль Людмила].
[25-Jun-2025 11:39:32 Europe/Helsinki] NewDATA [INFO] Новий лічильник номер: 052139, тип: КВ-1,5 => DN 15, рік випуску: 1998, показники: 0, балансоутримувач: КП "ВДК" додано до БД користувачем [Коваль Людмила].
[25-Jun-2025 11:39:34 Europe/Helsinki] EditDATA [INFO] За адресою вул. Героїв Чорнобиля, буд. 1, кв. 25 користувачем [Коваль Людмила] було додано лічильники: 587007, 052139].
[25-Jun-2025 11:40:18 Europe/Helsinki] NewDATA [INFO] Новий лічильник номер: 008224, тип: КВ-1,5 => DN 15, рік випуску: 2017, показники: 0, балансоутримувач: КП "ВДК" додано до БД користувачем [Коваль Людмила].
[25-Jun-2025 11:40:21 Europe/Helsinki] EditDATA [INFO] За адресою вул. Льотна, буд. 11, корп. А, кв. 70 користувачем [Коваль Людмила] було додано лічильники: 008224].
[25-Jun-2025 11:40:56 Europe/Helsinki] NewDATA [INFO] Новий лічильник номер: 418377, тип: КВ-1,5 => DN 15, рік випуску: 2009, показники: 0, балансоутримувач: КП "ВДК" додано до БД користувачем [Коваль Людмила].
[25-Jun-2025 11:41:19 Europe/Helsinki] NewDATA [INFO] Новий лічильник номер: 412553, тип: КВ-1,5 => DN 15, рік випуску: 2009, показники: 0, балансоутримувач: АТ "ОТКЕ" додано до БД користувачем [Коваль Людмила].
[25-Jun-2025 11:41:21 Europe/Helsinki] EditDATA [INFO] За адресою вул. курсанта Єськова, буд. 14, корп. А, кв. 147 користувачем [Коваль Людмила] було додано лічильники: 418377, 412553].
[25-Jun-2025 11:41:59 Europe/Helsinki] NewDATA [INFO] Новий лічильник номер: 5085832, тип: ЛК => DN 15, рік випуску: 2005, показники: 0, балансоутримувач: КП "ВДК" додано до БД користувачем [Коваль Людмила].
[25-Jun-2025 11:42:24 Europe/Helsinki] NewDATA [INFO] Новий лічильник номер: 5222162, тип: ЛК => DN 15, рік випуску: 2005, показники: 0, балансоутримувач: АТ "ОТКЕ" додано до БД користувачем [Коваль Людмила].
[25-Jun-2025 11:42:26 Europe/Helsinki] EditDATA [INFO] За адресою вул. курсанта Єськова, буд. 14, корп. 3, кв. 20 користувачем [Коваль Людмила] було додано лічильники: 5085832, 5222162].
[25-Jun-2025 11:43:04 Europe/Helsinki] NewDATA [INFO] Новий лічильник номер: 114334, тип: КВ-1,5 => DN 15, рік випуску: 2009, показники: 0, балансоутримувач: КП "ВДК" додано до БД користувачем [Коваль Людмила].
[25-Jun-2025 11:43:25 Europe/Helsinki] NewDATA [INFO] Новий лічильник номер: 090354, тип: КВ-1,5 => DN 15, рік випуску: 2004, показники: 0, балансоутримувач: АТ "ОТКЕ" додано до БД користувачем [Коваль Людмила].
[25-Jun-2025 11:43:27 Europe/Helsinki] EditDATA [INFO] За адресою вул. Льотна, буд. 25, корп. А, кв. 43 користувачем [Коваль Людмила] було додано лічильники: 114334, 090354].
[25-Jun-2025 11:44:44 Europe/Helsinki] NewDATA [INFO] Новий лічильник номер: 047036, тип: КВ-1,5 => DN 15, рік випуску: 2016, показники: 0, балансоутримувач: КП "ТКЕ" додано до БД користувачем [Коваль Людмила].
[25-Jun-2025 11:44:46 Europe/Helsinki] EditDATA [INFO] За адресою вул. Богуна Івана, буд. 44, кв. 67 користувачем [Коваль Людмила] було додано лічильники: 047036].
[25-Jun-2025 11:45:19 Europe/Helsinki] NewDATA [INFO] Новий лічильник номер: 382523, тип: КВ-1,5 => DN 15, рік випуску: 2008, показники: 0, балансоутримувач: КП "ВДК" додано до БД користувачем [Коваль Людмила].
[25-Jun-2025 11:45:45 Europe/Helsinki] NewDATA [INFO] Новий лічильник номер: 1200055919, тип: ЛК => DN 15, рік випуску: 2021, показники: 0, балансоутримувач: КП "ТКЕ" додано до БД користувачем [Коваль Людмила].
[25-Jun-2025 11:46:06 Europe/Helsinki] NewDATA [INFO] Новий лічильник номер: 386352, тип: КВ-1,5 => DN 15, рік випуску: 2005, показники: 0, балансоутримувач: КП "ВДК" додано до БД користувачем [Коваль Людмила].
[25-Jun-2025 11:46:29 Europe/Helsinki] NewDATA [INFO] Новий лічильник номер: 375938, тип: КВ-1,5 => DN 15, рік випуску: 2005, показники: 0, балансоутримувач: КП "ТКЕ" додано до БД користувачем [Коваль Людмила].
[25-Jun-2025 11:46:31 Europe/Helsinki] EditDATA [INFO] За адресою вул. Богуна Івана, буд. 42, кв. 4 користувачем [Коваль Людмила] було додано лічильники: 382523, 1200055919, 386352, 375938].
[25-Jun-2025 11:50:13 Europe/Helsinki] NewDATA [INFO] Новий лічильник номер: 406188, тип: КВ-1,5 => DN 15, рік випуску: 2008, показники: 0, балансоутримувач: КП "ВДК" додано до БД користувачем [Коваль Людмила].
[25-Jun-2025 11:50:15 Europe/Helsinki] EditDATA [INFO] За адресою вул. Шевченка, буд. 49, корп. Б, кв. 18 користувачем [Коваль Людмила] було додано лічильники: 406188].
[25-Jun-2025 11:50:58 Europe/Helsinki] NewDATA [INFO] Новий лічильник номер: 703813, тип: КВ-1,5 => DN 15, рік випуску: 2003, показники: 0, балансоутримувач: КП "ВДК" додано до БД користувачем [Коваль Людмила].
[25-Jun-2025 11:51:01 Europe/Helsinki] EditDATA [INFO] За адресою просп. Левка Лукяненка, буд. 4, корп. А, кв. 51 користувачем [Коваль Людмила] було додано лічильники: 703813].
[25-Jun-2025 11:51:38 Europe/Helsinki] NewDATA [INFO] Новий лічильник номер: 546592, тип: КВ-1,5 => DN 15, рік випуску: 2004, показники: 0, балансоутримувач: КП "ВДК" додано до БД користувачем [Коваль Людмила].
[25-Jun-2025 11:52:00 Europe/Helsinki] NewDATA [INFO] Новий лічильник номер: 144740, тип: КВ-1,5 => DN 15, рік випуску: 2009, показники: 0, балансоутримувач: АТ "ОТКЕ" додано до БД користувачем [Коваль Людмила].
[25-Jun-2025 11:52:01 Europe/Helsinki] EditDATA [INFO] За адресою вул. Всіхсвятська, буд. 10, корп. А, кв. 28 користувачем [Коваль Людмила] було додано лічильники: 546592, 144740].
[25-Jun-2025 11:52:39 Europe/Helsinki] NewDATA [INFO] Новий лічильник номер: 016913, тип: КВ-1,5 => DN 15, рік випуску: 2003, показники: 0, балансоутримувач: КП "ВДК" додано до БД користувачем [Коваль Людмила].
[25-Jun-2025 11:53:01 Europe/Helsinki] NewDATA [INFO] Новий лічильник номер: 114701, тип: КВ-1,5 => DN 15, рік випуску: 2006, показники: 0, балансоутримувач: АТ "ОТКЕ" додано до БД користувачем [Коваль Людмила].
[25-Jun-2025 11:53:03 Europe/Helsinki] EditDATA [INFO] За адресою вул. Доценка, буд. 28, кв. 86 користувачем [Коваль Людмила] було додано лічильники: 016913, 114701].
[25-Jun-2025 12:24:02 Europe/Helsinki] NewDATA [INFO] Нова адреса вул. Всіхсвятська, буд. 16, кв. 70, тел. +38 (098) 202-61-00 додана до БД користувачем [Сусло Тетяна].
[25-Jun-2025 12:24:27 Europe/Helsinki] NewDATA [INFO] Нова заявка Повірка, адреса: вул. Всіхсвятська 16, кв. 70, лічильники: БЕЗ НОМЕРА - 1 шт., вартість: 350 грн., примітки: 8-13, за 30 хв додано до БД користувачем [Сусло Тетяна].
[2025-06-25T12:24:31.057] [INFO] DataBase - У заявці Повірка від 25 червня 2025 р. за адресою вул. Всіхсвятська, буд. 16, кв. 70 додано виконавця ЗАПЛАНОВАНІ та додано дату виконання 15 липня 2025 р. користувачем [Сусло Тетяна].
[25-Jun-2025 12:54:59 Europe/Helsinki] NewDATA [INFO] Нова заявка Повірка, адреса: вул. Красносільського 75, кв. 42, лічильники: БЕЗ НОМЕРА - 2 шт., вартість: 700 грн., примітки: 13-17 додано до БД користувачем [Коваль Людмила].
[2025-06-25T12:55:08.810] [INFO] DataBase - У заявці Повірка від 25 червня 2025 р. за адресою вул. Красносільського, буд. 75, кв. 42 додано виконавця ЗАПЛАНОВАНІ та додано дату виконання 11 липня 2025 р. користувачем [Коваль Людмила].
[25-Jun-2025 12:55:54 Europe/Helsinki] DellTASK [INFO] Повірка від 03.06.2025 для адреси вул. Мазепи Івана, буд. 11, кв. 64 для лічильника БЕЗ НОМЕРА - 1 шт. було завершено користувачем [Коваль Людмила] з коментарем: виконано.
[25-Jun-2025 12:56:09 Europe/Helsinki] DellTASK [INFO] Повірка від 16.06.2025 для адреси вул. 1-ї Гвардійської Армії, буд. 4, кв. 135 для лічильника БЕЗ НОМЕРА - 1 шт. було завершено користувачем [Коваль Людмила] з коментарем: виконано.
[25-Jun-2025 12:57:24 Europe/Helsinki] NewDATA [INFO] Новий лічильник номер: 325551, тип: КВ-1,5 => DN 15, рік випуску: 2007, показники: 0, балансоутримувач: КП "ВДК" додано до БД користувачем [Коваль Людмила].
[25-Jun-2025 12:57:26 Europe/Helsinki] EditDATA [INFO] За адресою вул. Елеваторна, буд. 8, корп. А, кв. 53 користувачем [Коваль Людмила] було додано лічильники: 325551].
[25-Jun-2025 12:58:06 Europe/Helsinki] NewDATA [INFO] Новий лічильник номер: 062990, тип: КВ-1,5 => DN 15, рік випуску: 2020, показники: 0, балансоутримувач: КП "ВДК" додано до БД користувачем [Коваль Людмила].
[25-Jun-2025 12:58:27 Europe/Helsinki] NewDATA [INFO] Новий лічильник номер: 595177, тип: КВ-1,5 => DN 15, рік випуску: 2005, показники: 0, балансоутримувач: АТ "ОТКЕ" додано до БД користувачем [Коваль Людмила].
[25-Jun-2025 12:58:28 Europe/Helsinki] EditDATA [INFO] За адресою вул. Незалежності, буд. 56, кв. 69 користувачем [Коваль Людмила] було додано лічильники: 062990, 595177].
[25-Jun-2025 12:59:13 Europe/Helsinki] NewDATA [INFO] Нова заявка Заміна, адреса: вул. Савчука 7 корпус А, кв. 14, лічильники: 491466, виконавець: Баранов, вартість: 1100 грн., примітки: 8-13, 1 гв, св, №491466 додано до БД користувачем [Сусло Тетяна].
[2025-06-25T12:59:16.843] [INFO] DataBase - У заявці Заміна від 25 червня 2025 р. за адресою вул. Савчука, буд. 7, корп. А, кв. 14 додано дату виконання 3 липня 2025 р. користувачем [Сусло Тетяна].
[25-Jun-2025 12:59:42 Europe/Helsinki] NewDATA [INFO] Новий лічильник номер: 7465218, тип: Jm3-V3-U => DN 15, рік випуску: 1997, показники: 0, балансоутримувач: КП "ВДК" додано до БД користувачем [Коваль Людмила].
[25-Jun-2025 13:00:00 Europe/Helsinki] NewDATA [INFO] Нова заявка Заміна, адреса: вул. Героїв Чорнобиля 1, кв. 25, лічильники: 587007, виконавець: Баранов, вартість: 1100 грн., примітки: 8-13, хв, №587007 додано до БД користувачем [Сусло Тетяна].
[2025-06-25T13:00:03.306] [INFO] DataBase - У заявці Заміна від 25 червня 2025 р. за адресою вул. Героїв Чорнобиля, буд. 1, кв. 25 додано дату виконання 3 липня 2025 р. користувачем [Сусло Тетяна].
[25-Jun-2025 13:00:12 Europe/Helsinki] NewDATA [INFO] Новий лічильник номер: 7478828, тип: Jm3-V3-U => DN 15, рік випуску: 1998, показники: 0, балансоутримувач: АТ "ОТКЕ" додано до БД користувачем [Коваль Людмила].
[25-Jun-2025 13:00:13 Europe/Helsinki] EditDATA [INFO] За адресою вул. Незалежності, буд. 60, кв. 87 користувачем [Коваль Людмила] було додано лічильники: 7465218, 7478828].
[25-Jun-2025 13:00:51 Europe/Helsinki] NewDATA [INFO] Нова заявка Повірка, адреса: вул. Рятувальників 29, кв. 4, лічильники: БЕЗ НОМЕРА - 1 шт., вартість: 350 грн., примітки: 8-13, за 30 хв додано до БД користувачем [Сусло Тетяна].
[2025-06-25T13:00:54.611] [INFO] DataBase - У заявці Повірка від 25 червня 2025 р. за адресою вул. Рятувальників, буд. 29, кв. 4 додано виконавця ЗАПЛАНОВАНІ та додано дату виконання 8 липня 2025 р. користувачем [Сусло Тетяна].
[25-Jun-2025 13:04:31 Europe/Helsinki] NewDATA [INFO] Новий лічильник номер: 011951, тип: КВ-1,5 => DN 15, рік випуску: 2001, показники: 0, балансоутримувач: КП "ВДК" додано до БД користувачем [Коваль Людмила].
[25-Jun-2025 13:04:54 Europe/Helsinki] NewDATA [INFO] Новий лічильник номер: 481274, тип: КВ-1,5 => DN 15, рік випуску: 2000, показники: 0, балансоутримувач: АТ "ОТКЕ" додано до БД користувачем [Коваль Людмила].
[25-Jun-2025 13:04:56 Europe/Helsinki] EditDATA [INFO] За адресою вул. Незалежності, буд. 14, кв. 24 користувачем [Коваль Людмила] було додано лічильники: 011951, 481274].
[25-Jun-2025 13:05:42 Europe/Helsinki] NewDATA [INFO] Новий лічильник номер: 344790, тип: КВ-1,5 => DN 15, рік випуску: 2007, показники: 0, балансоутримувач: КП "ВДК" додано до БД користувачем [Коваль Людмила].
[25-Jun-2025 13:06:22 Europe/Helsinki] NewDATA [INFO] Новий лічильник номер: 317026, тип: КВ-1,5 => DN 15, рік випуску: 2007, показники: 0, балансоутримувач: АТ "ОТКЕ" додано до БД користувачем [Коваль Людмила].
[25-Jun-2025 13:06:24 Europe/Helsinki] EditDATA [INFO] За адресою вул. Красносільського, буд. 83, кв. 144 користувачем [Коваль Людмила] було додано лічильники: 344790, 317026].
[25-Jun-2025 13:15:54 Europe/Helsinki] NewDATA [INFO] Новий лічильник номер: 7269521, тип: JS => DN 15, рік випуску: 2005, показники: 0, балансоутримувач: КП "ТКЕ" додано до БД користувачем [Коваль Людмила].
[25-Jun-2025 13:16:17 Europe/Helsinki] NewDATA [INFO] Новий лічильник номер: 7268706, тип: JS => DN 15, рік випуску: 2005, показники: 0, балансоутримувач: КП "ТКЕ" додано до БД користувачем [Коваль Людмила].
[25-Jun-2025 13:16:20 Europe/Helsinki] EditDATA [INFO] За адресою вул. Мазепи Івана, буд. 34, кв. 54 користувачем [Коваль Людмила] було додано лічильники: 7269521, 7268706].
[25-Jun-2025 13:16:57 Europe/Helsinki] NewDATA [INFO] Новий лічильник номер: 216794, тип: КВ-1,5 => DN 15, рік випуску: 2013, показники: 0, балансоутримувач: КП "ВДК" додано до БД користувачем [Коваль Людмила].
[25-Jun-2025 13:16:59 Europe/Helsinki] EditDATA [INFO] За адресою просп. Перемоги, буд. 13, кв. 14 користувачем [Коваль Людмила] було додано лічильники: 216794].
[25-Jun-2025 13:17:42 Europe/Helsinki] NewDATA [INFO] Новий лічильник номер: 540759, тип: КВ-1,5 => DN 15, рік випуску: 2005, показники: 0, балансоутримувач: КП "ВДК" додано до БД користувачем [Коваль Людмила].
[25-Jun-2025 13:17:44 Europe/Helsinki] EditDATA [INFO] За адресою вул. Мазепи Івана, буд. 41, кв. 63 користувачем [Коваль Людмила] було додано лічильники: 540759].
[25-Jun-2025 13:18:39 Europe/Helsinki] NewDATA [INFO] Новий лічильник номер: 211363682, тип: СВК => DN 15, рік випуску: 2021, показники: 0, балансоутримувач: КП "ТКЕ" додано до БД користувачем [Коваль Людмила].
[25-Jun-2025 13:18:41 Europe/Helsinki] EditDATA [INFO] За адресою вул. Мазепи Івана, буд. 11, кв. 64 користувачем [Коваль Людмила] було додано лічильники: 211363682].
[25-Jun-2025 13:19:28 Europe/Helsinki] NewDATA [INFO] Новий лічильник номер: 084268, тип: КВ-1,5 => DN 15, рік випуску: 2001, показники: 0, балансоутримувач: КП "ВДК" додано до БД користувачем [Коваль Людмила].
[25-Jun-2025 13:19:56 Europe/Helsinki] NewDATA [INFO] Новий лічильник номер: 056017, тип: КВ-1,5 => DN 15, рік випуску: 2001, показники: 0, балансоутримувач: КП "ТКЕ" додано до БД користувачем [Коваль Людмила].
[25-Jun-2025 13:19:58 Europe/Helsinki] EditDATA [INFO] За адресою вул. 1-ї Гвардійської Армії, буд. 4, кв. 135 користувачем [Коваль Людмила] було додано лічильники: 084268, 056017].
[25-Jun-2025 13:33:03 Europe/Helsinki] NewDATA [INFO] Новий лічильник номер: 211377586, тип: СВК => DN 15, рік випуску: 2021, показники: 0, балансоутримувач: КП "ВДК" додано до БД користувачем [Коваль Людмила].
[25-Jun-2025 13:34:02 Europe/Helsinki] NewDATA [INFO] Новий лічильник номер: 216517, тип: КВ-1,5 => DN 15, рік випуску: 2017, показники: 0, балансоутримувач: КП "ТКЕ" додано до БД користувачем [Коваль Людмила].
[25-Jun-2025 13:34:04 Europe/Helsinki] EditDATA [INFO] За адресою вул. 1-ї Гвардійської Армії, буд. 25, корп. А, кв. 27 користувачем [Коваль Людмила] було додано лічильники: 211377586, 216517].
[25-Jun-2025 13:35:21 Europe/Helsinki] NewDATA [INFO] Новий лічильник номер: 032586, тип: КВ-1,5 => DN 15, рік випуску: 2017, показники: 0, балансоутримувач: КП "ВДК" додано до БД користувачем [Коваль Людмила].
[25-Jun-2025 13:35:43 Europe/Helsinki] NewDATA [INFO] Новий лічильник номер: 034574, тип: КВ-1,5 => DN 15, рік випуску: 2017, показники: 0, балансоутримувач: КП "ТКЕ" додано до БД користувачем [Коваль Людмила].
[25-Jun-2025 13:35:45 Europe/Helsinki] EditDATA [INFO] За адресою вул. 1-ї Гвардійської Армії, буд. 8, кв. 12 користувачем [Коваль Людмила] було додано лічильники: 032586, 034574].
[25-Jun-2025 13:36:42 Europe/Helsinki] NewDATA [INFO] Новий лічильник номер: 070725, тип: КВ-1,5 => DN 15, рік випуску: 2021, показники: 0, балансоутримувач: КП "ВДК" додано до БД користувачем [Коваль Людмила].
[25-Jun-2025 13:37:20 Europe/Helsinki] NewDATA [INFO] Новий лічильник номер: 210717271, тип: GSD8 => DN 15, рік випуску: 2021, показники: 0, балансоутримувач: АТ "ОТКЕ" додано до БД користувачем [Коваль Людмила].
[25-Jun-2025 13:37:46 Europe/Helsinki] NewDATA [INFO] Новий лічильник номер: 070279, тип: КВ-1,5 => DN 15, рік випуску: 2021, показники: 0, балансоутримувач: КП "ВДК" додано до БД користувачем [Коваль Людмила].
[25-Jun-2025 13:38:20 Europe/Helsinki] NewDATA [INFO] Новий лічильник номер: 210717264, тип: GSD8 => DN 15, рік випуску: 2021, показники: 0, балансоутримувач: АТ "ОТКЕ" додано до БД користувачем [Коваль Людмила].
[25-Jun-2025 13:38:22 Europe/Helsinki] EditDATA [INFO] За адресою вул. Шевченка, буд. 106, кв. 101 користувачем [Коваль Людмила] було додано лічильники: 070725, 210717271, 070279, 210717264].
[25-Jun-2025 13:54:45 Europe/Helsinki] EditDATA [INFO] Для заявки Повірка від 25.06.2025 користувачем [Коваль Людмила] змінено примітки з 9-12 на 9-12(2 гор).
[25-Jun-2025 14:53:19 Europe/Helsinki] EditDATA [INFO] Для заявки Заміна від 18.06.2025 користувачем [Сусло Тетяна] змінено примітки з хол.гор.8-13,пер.за 30 хв. на хол.гор.10-15,пер.за 30 хв..
[2025-06-25T14:53:22.101] [INFO] DataBase - У заявці Заміна від 18 червня 2025 р. за адресою вул. Чорновола Вячеслава, буд. 4, кв. 82 видалено виконавця Баранов та видалено дату виконання 24 червня 2025 р. користувачем [Сусло Тетяна].
[2025-06-25T14:53:26.211] [INFO] DataBase - У заявці Заміна від 18 червня 2025 р. за адресою вул. Чорновола Вячеслава, буд. 4, кв. 82 додано виконавця Баранов та додано дату виконання 3 липня 2025 р. користувачем [Сусло Тетяна].
[25-Jun-2025 14:59:00 Europe/Helsinki] EditDATA [INFO] За адресою просп. Перемоги 119 корпус А, кв. 228 користувачем [Коваль Людмила] змінені номери телефонів з +38(050)178-85-09, +38(099)288-07-11 на +38(066)087-83-12, при створенні нової заявки [Повірка] від 25.06.2025.
[25-Jun-2025 14:59:00 Europe/Helsinki] NewDATA [INFO] Нова заявка Повірка, адреса: просп. Перемоги 119 корпус А, кв. 228, лічильники: БЕЗ НОМЕРА - 1 шт., вартість: 350 грн., примітки: пер.за час додано до БД користувачем [Коваль Людмила].
[2025-06-25T14:59:04.254] [INFO] DataBase - У заявці Повірка від 25 червня 2025 р. за адресою просп. Перемоги, буд. 119, корп. А, кв. 228 додано виконавця Сірий та додано дату виконання 26 червня 2025 р. користувачем [Коваль Людмила].
[25-Jun-2025 14:59:39 Europe/Helsinki] NewDATA [INFO] Нова заявка Повірка, адреса: просп. Левка Лукяненка 14 корпус Б, кв. 11, лічильники: БЕЗ НОМЕРА - 2 шт., вартість: 700 грн., примітки: 13-17 додано до БД користувачем [Коваль Людмила].
[2025-06-25T14:59:43.781] [INFO] DataBase - У заявці Повірка від 25 червня 2025 р. за адресою просп. Левка Лукяненка, буд. 14, корп. Б, кв. 11 додано виконавця ЗАПЛАНОВАНІ та додано дату виконання 30 червня 2025 р. користувачем [Коваль Людмила].
[25-Jun-2025 15:01:03 Europe/Helsinki] EditDATA [INFO] Для заявки Заміна від 20.06.2025 користувачем [Сусло Тетяна] змінено примітки з 10-14,гор.с/в на 10-14,гор.с/в, запотевший, подивитись на кухні гар..
[2025-06-25T15:01:08.079] [INFO] DataBase - У заявці Заміна від 20 червня 2025 р. за адресою вул. Героїв Чорнобиля, буд. 1, кв. 56 видалено виконавця Баранов та видалено дату виконання 24 червня 2025 р. користувачем [Сусло Тетяна].
[2025-06-25T15:01:11.808] [INFO] DataBase - У заявці Заміна від 20 червня 2025 р. за адресою вул. Героїв Чорнобиля, буд. 1, кв. 56 додано виконавця Баранов та додано дату виконання 3 липня 2025 р. користувачем [Сусло Тетяна].
[25-Jun-2025 15:02:02 Europe/Helsinki] DellTASK [INFO] Заміна від 23.06.2025 для адреси вул. Всіхсвятська, буд. 8, кв. 17 для лічильника 081234 було завершено користувачем [Сусло Тетяна] з коментарем: виконано.
[25-Jun-2025 15:02:13 Europe/Helsinki] DellTASK [INFO] Заміна від 23.06.2025 для адреси вул. Всіхсвятська, буд. 10, корп. А, кв. 28 для лічильника БЕЗ НОМЕРА - 1 шт. було завершено користувачем [Сусло Тетяна] з коментарем: виконано.
[25-Jun-2025 15:02:22 Europe/Helsinki] DellTASK [INFO] Заміна від 18.06.2025 для адреси просп. Миру, буд. 215, кв. 9 для лічильника 018889 було завершено користувачем [Сусло Тетяна] з коментарем: виконано.
[25-Jun-2025 15:02:32 Europe/Helsinki] DellTASK [INFO] Заміна від 16.06.2025 для адреси вул. Захисників України, буд. 9, корп. А, кв. 180 для лічильника 005829 було завершено користувачем [Сусло Тетяна] з коментарем: виконано.
[25-Jun-2025 15:07:23 Europe/Helsinki] DellTASK [INFO] Заміна від 01.04.2025 для адреси вул. Мазепи Івана, буд. 20, кв. 12 для лічильника БЕЗ НОМЕРА - 2 шт. було відмінено користувачем [Сусло Тетяна] з коментарем: не змогли.
[25-Jun-2025 16:33:24 Europe/Helsinki] EditDATA [INFO] За адресою вул. Стрілецька 100, кв. 11 користувачем [Сусло Тетяна] змінені номери телефонів з +38(063)782-96-31 на +38(093)078-83-51, при створенні нової заявки [Повірка] від 25.06.2025.
[25-Jun-2025 16:33:25 Europe/Helsinki] NewDATA [INFO] Нова заявка Повірка, адреса: вул. Стрілецька 100, кв. 11, лічильники: БЕЗ НОМЕРА - 1 шт., вартість: 350 грн., примітки: 13-17 додано до БД користувачем [Сусло Тетяна].
[2025-06-25T16:33:28.571] [INFO] DataBase - У заявці Повірка від 25 червня 2025 р. за адресою вул. Стрілецька, буд. 100, кв. 11 додано виконавця ЗАПЛАНОВАНІ та додано дату виконання 8 липня 2025 р. користувачем [Сусло Тетяна].
[25-Jun-2025 16:34:19 Europe/Helsinki] NewDATA [INFO] Нова заявка Повірка, адреса: вул. Захисників України 15 корпус А, кв. 64, лічильники: БЕЗ НОМЕРА - 4 шт., вартість: 1400 грн., примітки: 14-17 додано до БД користувачем [Сусло Тетяна].
[2025-06-25T16:34:22.989] [INFO] DataBase - У заявці Повірка від 25 червня 2025 р. за адресою вул. Захисників України, буд. 15, корп. А, кв. 64 додано виконавця ЗАПЛАНОВАНІ та додано дату виконання 14 липня 2025 р. користувачем [Сусло Тетяна].
[25-Jun-2025 16:40:05 Europe/Helsinki] NewDATA [INFO] Нова адреса вул. Генерала Пухова, буд. 103, кв. 99, тел. +38 (067) 254-08-60 додана до БД користувачем [Сусло Тетяна].
[25-Jun-2025 16:40:24 Europe/Helsinki] NewDATA [INFO] Нова заявка Повірка, адреса: вул. Генерала Пухова 103, кв. 99, лічильники: БЕЗ НОМЕРА - 2 шт., вартість: 700 грн., примітки: 13-17 додано до БД користувачем [Сусло Тетяна].
[2025-06-25T16:40:27.216] [INFO] DataBase - У заявці Повірка від 25 червня 2025 р. за адресою вул. Генерала Пухова, буд. 103, кв. 99 додано виконавця ЗАПЛАНОВАНІ та додано дату виконання 30 червня 2025 р. користувачем [Сусло Тетяна].
[25-Jun-2025 16:50:03 Europe/Helsinki] NewDATA [INFO] Нова адреса просп. Миру, буд. 52, кв. 64, тел. +38 (093) 648-07-07 додана до БД користувачем [Сусло Тетяна].
[25-Jun-2025 16:50:29 Europe/Helsinki] NewDATA [INFO] Нова заявка Повірка, адреса: просп. Миру 52, кв. 64, лічильники: БЕЗ НОМЕРА - 2 шт., вартість: 700 грн., примітки: 13-17, за 30 хв додано до БД користувачем [Сусло Тетяна].
[2025-06-25T16:50:32.586] [INFO] DataBase - У заявці Повірка від 25 червня 2025 р. за адресою просп. Миру, буд. 52, кв. 64 додано виконавця ЗАПЛАНОВАНІ та додано дату виконання 4 липня 2025 р. користувачем [Сусло Тетяна].
