[22-Oct-2024 08:21:35 Europe/Helsinki] NewDATA [INFO] Нова адреса вул. Ріпкинська, буд. 1, кв. 5 додана до БД користувачем [Сусло Тетяна].
[22-Oct-2024 08:25:50 Europe/Helsinki] NewDATA [INFO] Нова адреса вул. Текстильників, буд. 41, кв. 42, тел. +38 (067) 460-49-64 додана до БД користувачем [Сусло Тетяна].
[22-Oct-2024 08:26:19 Europe/Helsinki] NewDATA [INFO] Нова заявка Повірка, адреса: вул. Текстильників 41, кв. 42, лічильники: БЕЗ НОМЕРА - 2 шт., вартість: 600 грн., примітки: 8-13, за 30 хв додано до БД користувачем [Сусло Тетяна].
[2024-10-22T08:27:13.003] [INFO] DataBase - У заявці Повірка від 22 жовтня 2024 р. за адресою вул. Текстильників, буд. 41, кв. 42 додано виконавця ЗАПЛАНОВАНІ та додано дату виконання 28 жовтня 2024 р. користувачем [Сусло Тетяна].
[22-Oct-2024 08:30:17 Europe/Helsinki] EditDATA [INFO] За адресою вул. Ріпкинська 1, кв. 5 користувачем [Сусло Тетяна] додано номер телефону +38(073)472-49-90, при створенні нової заявки [Повірка] від 22.10.2024.
[22-Oct-2024 08:30:17 Europe/Helsinki] NewDATA [INFO] Нова заявка Повірка, адреса: вул. Ріпкинська 1, кв. 5, лічильники: БЕЗ НОМЕРА - 1 шт., вартість: 300 грн., примітки: 8-13, код 38 додано до БД користувачем [Сусло Тетяна].
[2024-10-22T08:30:38.112] [INFO] DataBase - У заявці Повірка від 22 жовтня 2024 р. за адресою вул. Ріпкинська, буд. 1, кв. 5 додано виконавця ЗАПЛАНОВАНІ та додано дату виконання 8 листопада 2024 р. користувачем [Сусло Тетяна].
[22-Oct-2024 08:37:15 Europe/Helsinki] NewDATA [INFO] Новий лічильник номер: 171122456, тип: СВК => DN 15, рік випуску: 2017, показники: 0, балансоутримувач: КП "ВДК" додано до БД користувачем [Коваль Людмила].
[22-Oct-2024 08:37:18 Europe/Helsinki] EditDATA [INFO] Для заявки Повірка від 17.10.2024 користувачем [Коваль Людмила] лічильник БЕЗ НОМЕРА ідентифіковано як 171122456.
[22-Oct-2024 08:37:52 Europe/Helsinki] NewDATA [INFO] Новий лічильник номер: 170031924, тип: СВК => DN 15, рік випуску: 2017, показники: 0, балансоутримувач: АТ "ОТКЕ" додано до БД користувачем [Коваль Людмила].
[22-Oct-2024 08:37:55 Europe/Helsinki] EditDATA [INFO] Для заявки Повірка від 17.10.2024 користувачем [Коваль Людмила] лічильник БЕЗ НОМЕРА ідентифіковано як 170031924.
[22-Oct-2024 08:38:05 Europe/Helsinki] DellTASK [INFO] Повірка від 17.10.2024 для адреси вул. Всіхсвятська, буд. 16, кв. 10 для лічильників 171122456, 170031924 було завершено користувачем [Коваль Людмила] з коментарем: виконанео.
[22-Oct-2024 08:39:25 Europe/Helsinki] NewDATA [INFO] Новий лічильник номер: 165097, тип: КВМ-U => DN 15, рік випуску: 2006, показники: 0, балансоутримувач: КП "ВДК" додано до БД користувачем [Коваль Людмила].
[22-Oct-2024 08:39:28 Europe/Helsinki] EditDATA [INFO] Для заявки Повірка від 15.10.2024 користувачем [Коваль Людмила] лічильник БЕЗ НОМЕРА ідентифіковано як 165097.
[22-Oct-2024 08:39:58 Europe/Helsinki] NewDATA [INFO] Новий лічильник номер: 165327, тип: КВМ-U => DN 15, рік випуску: 2006, показники: 0, балансоутримувач: АТ "ОТКЕ" додано до БД користувачем [Коваль Людмила].
[22-Oct-2024 08:40:01 Europe/Helsinki] EditDATA [INFO] Для заявки Повірка від 15.10.2024 користувачем [Коваль Людмила] лічильник БЕЗ НОМЕРА ідентифіковано як 165327.
[22-Oct-2024 08:40:02 Europe/Helsinki] DellTASK [INFO] Заміна від 15.10.2024 для адреси вул. Жабинського, буд. 2, корп. Б, кв. 6 для лічильника БЕЗ НОМЕРА - 1 шт. було завершено користувачем [Сміян Альона] з коментарем: виконано.
[22-Oct-2024 08:40:36 Europe/Helsinki] NewDATA [INFO] Новий лічильник номер: 2401919, тип: ЛК => DN 15, рік випуску: 2012, показники: 0, балансоутримувач: КП "ВДК" додано до БД користувачем [Коваль Людмила].
[22-Oct-2024 08:40:37 Europe/Helsinki] DellTASK [INFO] Заміна від 17.10.2024 для адреси вул. Мстиславська, буд. 50, кв. 72 для лічильника БЕЗ НОМЕРА - 2 шт. було завершено користувачем [Сміян Альона] з коментарем: виконано.
[22-Oct-2024 08:40:38 Europe/Helsinki] EditDATA [INFO] Для заявки Повірка від 15.10.2024 користувачем [Коваль Людмила] лічильник БЕЗ НОМЕРА ідентифіковано як 2401919.
[22-Oct-2024 08:40:53 Europe/Helsinki] DellTASK [INFO] Заміна від 17.10.2024 для адреси просп. Миру, буд. 80, кв. 162 для лічильника БЕЗ НОМЕРА - 2 шт. було завершено користувачем [Сміян Альона] з коментарем: виконано.
[22-Oct-2024 08:41:09 Europe/Helsinki] NewDATA [INFO] Новий лічильник номер: 1271397, тип: ЛК => DN 15, рік випуску: 2011, показники: 0, балансоутримувач: АТ "ОТКЕ" додано до БД користувачем [Коваль Людмила].
[22-Oct-2024 08:41:12 Europe/Helsinki] EditDATA [INFO] Для заявки Повірка від 15.10.2024 користувачем [Коваль Людмила] лічильник БЕЗ НОМЕРА ідентифіковано як 1271397.
[22-Oct-2024 08:41:22 Europe/Helsinki] DellTASK [INFO] Повірка від 15.10.2024 для адреси вул. Захисників України, буд. 17, кв. 88 для лічильників 165097, 165327, 2401919, 1271397 було завершено користувачем [Коваль Людмила] з коментарем: виконаено.
[22-Oct-2024 08:44:45 Europe/Helsinki] NewDATA [INFO] Новий лічильник номер: 241471917, тип: СВК => DN 15, рік випуску: 2024, показники: 0, балансоутримувач: АТ "ОТКЕ" додано до БД користувачем [Сміян Альона].
[22-Oct-2024 08:44:48 Europe/Helsinki] EditDATA [INFO] Для заявки Повірка від 16.10.2024 користувачем [Сміян Альона] лічильник БЕЗ НОМЕРА ідентифіковано як 241471917.
[22-Oct-2024 08:45:01 Europe/Helsinki] DellTASK [INFO] Повірка від 16.10.2024 для адреси вул. Незалежності, буд. 80, кв. 40 для лічильника 241471917 було завершено користувачем [Сміян Альона] з коментарем: виконано.
[22-Oct-2024 08:45:44 Europe/Helsinki] DellTASK [INFO] Заміна від 16.10.2024 для адреси просп. Перемоги, буд. 37, кв. 27 для лічильника БЕЗ НОМЕРА - 1 шт. було відмінено користувачем [Сміян Альона] з коментарем: требуется замена крана на входе.
[22-Oct-2024 08:46:08 Europe/Helsinki] DellTASK [INFO] Заміна від 15.10.2024 для адреси вул. Ушинського, буд. 6, корп. А, кв. 115 для лічильника БЕЗ НОМЕРА - 2 шт. було завершено користувачем [Сміян Альона] з коментарем: виконано.
[22-Oct-2024 08:46:24 Europe/Helsinki] NewDATA [INFO] Новий лічильник номер: 079561, тип: КВ-1,5 => DN 15, рік випуску: 2018, показники: 0, балансоутримувач: КП "ВДК" додано до БД користувачем [Коваль Людмила].
[22-Oct-2024 08:46:27 Europe/Helsinki] EditDATA [INFO] Для заявки Повірка від 15.10.2024 користувачем [Коваль Людмила] лічильник БЕЗ НОМЕРА ідентифіковано як 079561.
[22-Oct-2024 08:46:36 Europe/Helsinki] DellTASK [INFO] Заміна від 15.10.2024 для адреси вул. Незалежності, буд. 70, кв. 67 для лічильника БЕЗ НОМЕРА - 1 шт. було завершено користувачем [Сміян Альона] з коментарем: виконано.
[22-Oct-2024 08:46:37 Europe/Helsinki] DellTASK [INFO] Повірка від 15.10.2024 для адреси вул. Героїв Чорнобиля, буд. 4, корп. А, кв. 64 для лічильника 079561 було завершено користувачем [Коваль Людмила] з коментарем: виконано.
[22-Oct-2024 08:47:19 Europe/Helsinki] NewDATA [INFO] Новий лічильник номер: 241479247, тип: СВК => DN 15, рік випуску: 2024, показники: 0, балансоутримувач: КП "ВДК" додано до БД користувачем [Сміян Альона].
[22-Oct-2024 08:47:20 Europe/Helsinki] NewDATA [INFO] Новий лічильник номер: 11564715, тип: ResidiaJet => DN 15, рік випуску: 2018, показники: 0, балансоутримувач: КП "ВДК" додано до БД користувачем [Коваль Людмила].
[22-Oct-2024 08:47:23 Europe/Helsinki] EditDATA [INFO] Для заявки Повірка від 14.10.2024 користувачем [Коваль Людмила] лічильник БЕЗ НОМЕРА ідентифіковано як 11564715.
[22-Oct-2024 08:47:33 Europe/Helsinki] DellTASK [INFO] Повірка від 14.10.2024 для адреси вул. Героїв Чорнобиля, буд. 4, корп. А, кв. 59 для лічильника 11564715 було завершено користувачем [Коваль Людмила] з коментарем: виконано.
[22-Oct-2024 08:47:37 Europe/Helsinki] EditDATA [INFO] Для заявки Заміна від 14.10.2024 користувачем [Сміян Альона] лічильник БЕЗ НОМЕРА ідентифіковано як 241479247.
[22-Oct-2024 08:47:55 Europe/Helsinki] DellTASK [INFO] Заміна від 14.10.2024 для адреси вул. Доценка, буд. 24, кв. 260 для лічильника 241479247 було завершено користувачем [Сміян Альона] з коментарем: виконано.
[22-Oct-2024 08:48:20 Europe/Helsinki] NewDATA [INFO] Новий лічильник номер: 057543, тип: КВ-1,5 => DN 15, рік випуску: 2020, показники: 0, балансоутримувач: АТ "ОТКЕ" додано до БД користувачем [Коваль Людмила].
[22-Oct-2024 08:48:23 Europe/Helsinki] EditDATA [INFO] Для заявки Повірка від 15.10.2024 користувачем [Коваль Людмила] лічильник БЕЗ НОМЕРА ідентифіковано як 057543.
[22-Oct-2024 08:48:32 Europe/Helsinki] DellTASK [INFO] Повірка від 15.10.2024 для адреси вул. Волковича, буд. 6, кв. 49 для лічильника 057543 було завершено користувачем [Коваль Людмила] з коментарем: виконано.
[22-Oct-2024 08:52:20 Europe/Helsinki] NewDATA [INFO] Новий лічильник номер: 1086799, тип: ЛК => DN 15, рік випуску: 2011, показники: 0, балансоутримувач: КП "ВДК" додано до БД користувачем [Коваль Людмила].
[22-Oct-2024 08:52:23 Europe/Helsinki] EditDATA [INFO] Для заявки Повірка від 17.10.2024 користувачем [Коваль Людмила] лічильник БЕЗ НОМЕРА ідентифіковано як 1086799.
[22-Oct-2024 08:52:35 Europe/Helsinki] DellTASK [INFO] Повірка від 17.10.2024 для адреси вул. Волковича, буд. 2, корп. Б, кв. 155 для лічильника 1086799 було завершено користувачем [Коваль Людмила] з коментарем: виконано.
[22-Oct-2024 08:53:31 Europe/Helsinki] NewDATA [INFO] Новий лічильник номер: 200432731, тип: GSD => DN 15, рік випуску: 2020, показники: 0, балансоутримувач: КП "ВДК" додано до БД користувачем [Коваль Людмила].
[22-Oct-2024 08:53:34 Europe/Helsinki] EditDATA [INFO] Для заявки Повірка від 14.10.2024 користувачем [Коваль Людмила] лічильник БЕЗ НОМЕРА ідентифіковано як 200432731.
[22-Oct-2024 08:53:43 Europe/Helsinki] DellTASK [INFO] Повірка від 14.10.2024 для адреси вул. Героїв Чорнобиля, буд. 17, кв. 34 для лічильника 200432731 було завершено користувачем [Коваль Людмила] з коментарем: виконано.
[22-Oct-2024 08:54:29 Europe/Helsinki] NewDATA [INFO] Новий лічильник номер: 027241, тип: КВ-1,5 => DN 15, рік випуску: 2007, показники: 0, балансоутримувач: КП "ВДК" додано до БД користувачем [Коваль Людмила].
[22-Oct-2024 08:54:32 Europe/Helsinki] EditDATA [INFO] Для заявки Повірка від 11.10.2024 користувачем [Коваль Людмила] лічильник БЕЗ НОМЕРА ідентифіковано як 027241.
[22-Oct-2024 08:54:45 Europe/Helsinki] DellTASK [INFO] Повірка від 11.10.2024 для адреси вул. Льотна, буд. 11, корп. А, кв. 26 для лічильника 027241 було завершено користувачем [Коваль Людмила] з коментарем: виконано.
[22-Oct-2024 08:55:27 Europe/Helsinki] NewDATA [INFO] Новий лічильник номер: 013383, тип: ТАКТ => DN 15, рік випуску: 2006, показники: 0, балансоутримувач: КП "ВДК" додано до БД користувачем [Коваль Людмила].
[22-Oct-2024 08:55:31 Europe/Helsinki] EditDATA [INFO] Для заявки Повірка від 03.10.2024 користувачем [Коваль Людмила] лічильник БЕЗ НОМЕРА ідентифіковано як 013383.
[22-Oct-2024 08:56:00 Europe/Helsinki] NewDATA [INFO] Новий лічильник номер: 014744, тип: ТАКТ => DN 15, рік випуску: 2006, показники: 0, балансоутримувач: АТ "ОТКЕ" додано до БД користувачем [Коваль Людмила].
[22-Oct-2024 08:56:04 Europe/Helsinki] EditDATA [INFO] Для заявки Повірка від 03.10.2024 користувачем [Коваль Людмила] лічильник БЕЗ НОМЕРА ідентифіковано як 014744.
[22-Oct-2024 08:56:14 Europe/Helsinki] DellTASK [INFO] Повірка від 03.10.2024 для адреси вул. Льотна, буд. 43, кв. 159 для лічильників 013383, 014744 було завершено користувачем [Коваль Людмила] з коментарем: виконано.
[22-Oct-2024 08:56:57 Europe/Helsinki] NewDATA [INFO] Новий лічильник номер: 088698, тип: КВ-1,5 => DN 15, рік випуску: 2006, показники: 0, балансоутримувач: КП "ВДК" додано до БД користувачем [Коваль Людмила].
[22-Oct-2024 08:57:00 Europe/Helsinki] EditDATA [INFO] Для заявки Повірка від 14.10.2024 користувачем [Коваль Людмила] лічильник БЕЗ НОМЕРА ідентифіковано як 088698.
[22-Oct-2024 08:57:31 Europe/Helsinki] NewDATA [INFO] Новий лічильник номер: 076244, тип: КВ-1,5 => DN 15, рік випуску: 2006, показники: 0, балансоутримувач: АТ "ОТКЕ" додано до БД користувачем [Коваль Людмила].
[22-Oct-2024 08:57:33 Europe/Helsinki] EditDATA [INFO] Для заявки Повірка від 14.10.2024 користувачем [Коваль Людмила] лічильник БЕЗ НОМЕРА ідентифіковано як 076244.
[22-Oct-2024 08:57:35 Europe/Helsinki] NewDATA [INFO] Нова адреса вул. Князя Чорного, буд. 2, корп. Б, кв. 6, тел. +38 (067) 435-55-85 додана до БД користувачем [Сусло Тетяна].
[22-Oct-2024 08:57:44 Europe/Helsinki] DellTASK [INFO] Повірка від 14.10.2024 для адреси вул. Льотна, буд. 29, кв. 43 для лічильників 088698, 076244 було завершено користувачем [Коваль Людмила] з коментарем: виконано.
[22-Oct-2024 08:58:10 Europe/Helsinki] NewDATA [INFO] Нова заявка Повірка, адреса: вул. Князя Чорного 2 корпус Б, кв. 6, лічильники: БЕЗ НОМЕРА - 1 шт., вартість: 300 грн., примітки: 14-18, за 1 год додано до БД користувачем [Сусло Тетяна].
[22-Oct-2024 08:58:20 Europe/Helsinki] NewDATA [INFO] Новий лічильник номер: 7225631, тип: ЛК => DN 15, рік випуску: 2007, показники: 0, балансоутримувач: КП "ВДК" додано до БД користувачем [Коваль Людмила].
[22-Oct-2024 08:58:23 Europe/Helsinki] EditDATA [INFO] Для заявки Повірка від 16.10.2024 користувачем [Коваль Людмила] лічильник БЕЗ НОМЕРА ідентифіковано як 7225631.
[2024-10-22T08:58:42.003] [INFO] DataBase - У заявці Повірка від 22 жовтня 2024 р. за адресою вул. Князя Чорного, буд. 2, корп. Б, кв. 6 додано виконавця ЗАПЛАНОВАНІ та додано дату виконання 29 жовтня 2024 р. користувачем [Сусло Тетяна].
[22-Oct-2024 08:58:53 Europe/Helsinki] NewDATA [INFO] Новий лічильник номер: 7238726, тип: ЛК => DN 15, рік випуску: 2007, показники: 0, балансоутримувач: АТ "ОТКЕ" додано до БД користувачем [Коваль Людмила].
[22-Oct-2024 08:58:56 Europe/Helsinki] EditDATA [INFO] Для заявки Повірка від 16.10.2024 користувачем [Коваль Людмила] лічильник БЕЗ НОМЕРА ідентифіковано як 7238726.
[22-Oct-2024 08:59:06 Europe/Helsinki] DellTASK [INFO] Повірка від 16.10.2024 для адреси вул. курсанта Єськова, буд. 4, кв. 190 для лічильників 7225631, 7238726 було завершено користувачем [Коваль Людмила] з коментарем: виконано.
[22-Oct-2024 08:59:40 Europe/Helsinki] DellTASK [INFO] Повірка від 15.10.2024 для адреси вул. Небаби Мартина, буд. 102, кв. 46 для лічильника БЕЗ НОМЕРА - 4 шт. було відмінено користувачем [Коваль Людмила] з коментарем: нема води.перенесено.
[22-Oct-2024 09:08:10 Europe/Helsinki] EditDATA [INFO] За адресою вул. Шевченка 33 корпус А, кв. 48 користувачем [Сусло Тетяна] змінені номери телефонів з +38(093)153-21-14 на +38(093)153-21-14, +38(096)318-92-03, при створенні нової заявки [Повірка] від 22.10.2024.
[22-Oct-2024 09:08:10 Europe/Helsinki] NewDATA [INFO] Нова заявка Повірка, адреса: вул. Шевченка 33 корпус А, кв. 48, лічильники: БЕЗ НОМЕРА - 1 шт., вартість: 300 грн., примітки: 13-18 додано до БД користувачем [Сусло Тетяна].
[2024-10-22T09:08:18.532] [INFO] DataBase - У заявці Повірка від 22 жовтня 2024 р. за адресою вул. Шевченка, буд. 33, корп. А, кв. 48 додано виконавця ЗАПЛАНОВАНІ та додано дату виконання 29 жовтня 2024 р. користувачем [Сусло Тетяна].
[22-Oct-2024 09:16:27 Europe/Helsinki] EditDATA [INFO] За адресою вул. Доценка 7, кв. 35 користувачем [Сміян Альона] змінені номери телефонів з +38(097)503-43-30 на +38(068)306-16-76, при створенні нової заявки [Повірка] від 22.10.2024.
[22-Oct-2024 09:16:27 Europe/Helsinki] NewDATA [INFO] Нова заявка Повірка, адреса: вул. Доценка 7, кв. 35, лічильники: БЕЗ НОМЕРА - 2 шт., вартість: 600 грн., примітки: 13-17 додано до БД користувачем [Сміян Альона].
[2024-10-22T09:16:35.619] [INFO] DataBase - У заявці Повірка від 22 жовтня 2024 р. за адресою вул. Доценка, буд. 7, кв. 35 додано виконавця ЗАПЛАНОВАНІ та додано дату виконання 25 жовтня 2024 р. користувачем [Сміян Альона].
[22-Oct-2024 09:20:44 Europe/Helsinki] NewDATA [INFO] Нова адреса просп. Левка Лукяненка, буд. 41, корп. Б, кв. 47 додана до БД користувачем [Сусло Тетяна].
[22-Oct-2024 09:33:27 Europe/Helsinki] EditDATA [INFO] За адресою просп. Левка Лукяненка 41 корпус Б, кв. 47 користувачем [Сусло Тетяна] додано номер телефону +38(097)043-49-04, при створенні нової заявки [Повірка] від 22.10.2024.
[22-Oct-2024 09:33:27 Europe/Helsinki] NewDATA [INFO] Нова заявка Повірка, адреса: просп. Левка Лукяненка 41 корпус Б, кв. 47, лічильники: БЕЗ НОМЕРА - 2 шт., вартість: 600 грн., примітки: 8-13, домофон не працює додано до БД користувачем [Сусло Тетяна].
[2024-10-22T09:33:33.010] [INFO] DataBase - У заявці Повірка від 22 жовтня 2024 р. за адресою просп. Левка Лукяненка, буд. 41, корп. Б, кв. 47 додано виконавця ЗАПЛАНОВАНІ та додано дату виконання 28 жовтня 2024 р. користувачем [Сусло Тетяна].
[22-Oct-2024 09:34:23 Europe/Helsinki] NewDATA [INFO] Нова адреса просп. Перемоги, буд. 145, кв. 53, тел. +38 (097) 999-90-98 додана до БД користувачем [Сусло Тетяна].
[22-Oct-2024 09:35:18 Europe/Helsinki] NewDATA [INFO] Нова заявка Повірка, адреса: просп. Перемоги 145, кв. 53, лічильники: БЕЗ НОМЕРА - 3 шт., вартість: 900 грн., примітки: 8-13, домофон не працює додано до БД користувачем [Сусло Тетяна].
[2024-10-22T09:35:29.082] [INFO] DataBase - У заявці Повірка від 22 жовтня 2024 р. за адресою просп. Перемоги, буд. 145, кв. 53 додано виконавця ЗАПЛАНОВАНІ та додано дату виконання 29 жовтня 2024 р. користувачем [Сусло Тетяна].
[22-Oct-2024 09:36:30 Europe/Helsinki] NewDATA [INFO] Нова заявка Заміна, адреса: просп. Перемоги 145, кв. 53, лічильники: БЕЗ НОМЕРА - 1 шт., виконавець: Баранов, вартість: 1060 грн., примітки: 15-18, домофон не працює, 1 хв, кухня додано до БД користувачем [Сусло Тетяна].
[2024-10-22T09:36:46.228] [INFO] DataBase - У заявці Заміна від 22 жовтня 2024 р. за адресою просп. Перемоги, буд. 145, кв. 53 додано дату виконання 23 жовтня 2024 р. користувачем [Сусло Тетяна].
[22-Oct-2024 09:38:00 Europe/Helsinki] EditDATA [INFO] Для заявки Повірка від 02.10.2024 користувачем [Сусло Тетяна] змінено примітки з 8-13, за 15 хв на 13-18, за 15 хв.
[2024-10-22T09:38:09.184] [INFO] DataBase - У заявці Повірка від 2 жовтня 2024 р. за адресою вул. Князя Чорного, буд. 13, кв. 22 додано виконавця ЗАПЛАНОВАНІ та додано дату виконання 29 жовтня 2024 р. користувачем [Сусло Тетяна].
[22-Oct-2024 09:41:18 Europe/Helsinki] EditDATA [INFO] За адресою вул. Мстиславська 79, кв. 10 користувачем [Сусло Тетяна] змінені номери телефонів з +38(063)335-00-91, +38(050)087-08-21, +38(098)560-50-13 на +38(095)764-01-45, при створенні нової заявки [Повірка] від 22.10.2024.
[22-Oct-2024 09:41:18 Europe/Helsinki] NewDATA [INFO] Нова заявка Повірка, адреса: вул. Мстиславська 79, кв. 10, лічильники: БЕЗ НОМЕРА - 4 шт., вартість: 1200 грн., примітки: на протязі дня, за 1 год додано до БД користувачем [Сусло Тетяна].
[2024-10-22T09:41:28.520] [INFO] DataBase - У заявці Повірка від 22 жовтня 2024 р. за адресою вул. Мстиславська, буд. 79, кв. 10 додано виконавця ЗАПЛАНОВАНІ та додано дату виконання 28 жовтня 2024 р. користувачем [Сусло Тетяна].
[22-Oct-2024 09:43:30 Europe/Helsinki] EditDATA [INFO] За адресою просп. Миру 263, кв. 86 користувачем [Сміян Альона] змінені номери телефонів з +38(0462)69-47-87, +38(067)641-82-68, +38(067)947-53-70 на +38(067)947-53-70, при створенні нової заявки [Повірка] від 22.10.2024.
[22-Oct-2024 09:43:30 Europe/Helsinki] NewDATA [INFO] Нова заявка Повірка, адреса: просп. Миру 263, кв. 86, лічильники: БЕЗ НОМЕРА - 2 шт., вартість: 600 грн., примітки: 8-13 додано до БД користувачем [Сміян Альона].
[2024-10-22T09:43:55.146] [INFO] DataBase - У заявці Повірка від 22 жовтня 2024 р. за адресою просп. Миру, буд. 263, кв. 86 додано виконавця ЗАПЛАНОВАНІ та додано дату виконання 24 жовтня 2024 р. користувачем [Сміян Альона].
[22-Oct-2024 09:47:27 Europe/Helsinki] EditDATA [INFO] За адресою вул. Шевченка 114 корпус А, кв. 54 користувачем [Сусло Тетяна] змінені номери телефонів з +38(093)970-57-62 на +38(093)621-09-59, при створенні нової заявки [Повірка] від 22.10.2024.
[22-Oct-2024 09:47:27 Europe/Helsinki] NewDATA [INFO] Нова заявка Повірка, адреса: вул. Шевченка 114 корпус А, кв. 54, лічильники: БЕЗ НОМЕРА - 1 шт., вартість: 300 грн., примітки: 10-14, за 30 хв, один хазяїн з кв.62 додано до БД користувачем [Сусло Тетяна].
[2024-10-22T09:47:32.208] [INFO] DataBase - У заявці Повірка від 22 жовтня 2024 р. за адресою вул. Шевченка, буд. 114, корп. А, кв. 54 додано виконавця ЗАПЛАНОВАНІ та додано дату виконання 25 жовтня 2024 р. користувачем [Сусло Тетяна].
[22-Oct-2024 09:49:32 Europe/Helsinki] EditDATA [INFO] За адресою вул. Савчука 11, кв. 195 користувачем [Коваль Людмила] змінені номери телефонів з +38(063)273-42-22, +38(063)674-07-18 на +38(063)273-42-22, при створенні нової заявки [Повірка] від 22.10.2024.
[22-Oct-2024 09:49:32 Europe/Helsinki] NewDATA [INFO] Нова заявка Повірка, адреса: вул. Савчука 11, кв. 195, лічильники: БЕЗ НОМЕРА - 2 шт., вартість: 600 грн., примітки: 8-13 додано до БД користувачем [Коваль Людмила].
[2024-10-22T09:50:12.556] [INFO] DataBase - У заявці Повірка від 22 жовтня 2024 р. за адресою вул. Савчука, буд. 11, кв. 195 додано виконавця ЗАПЛАНОВАНІ та додано дату виконання 29 жовтня 2024 р. користувачем [Коваль Людмила].
[22-Oct-2024 09:51:14 Europe/Helsinki] NewDATA [INFO] Нова заявка Повірка, адреса: вул. Текстильників 11 корпус А, кв. 13, лічильники: БЕЗ НОМЕРА - 4 шт., вартість: 1200 грн., примітки: 8-13 додано до БД користувачем [Сусло Тетяна].
[22-Oct-2024 09:51:17 Europe/Helsinki] NewDATA [INFO] Нова заявка Повірка, адреса: вул. Рятувальників 18, кв. 6, лічильники: БЕЗ НОМЕРА - 2 шт., вартість: 600 грн., примітки: 14-18 додано до БД користувачем [Коваль Людмила].
[2024-10-22T09:51:19.642] [INFO] DataBase - У заявці Повірка від 22 жовтня 2024 р. за адресою вул. Текстильників, буд. 11, корп. А, кв. 13 додано виконавця ЗАПЛАНОВАНІ та додано дату виконання 28 жовтня 2024 р. користувачем [Сусло Тетяна].
[2024-10-22T09:51:34.715] [INFO] DataBase - У заявці Повірка від 22 жовтня 2024 р. за адресою вул. Рятувальників, буд. 18, кв. 6 додано виконавця ЗАПЛАНОВАНІ та додано дату виконання 25 жовтня 2024 р. користувачем [Коваль Людмила].
[22-Oct-2024 09:56:26 Europe/Helsinki] NewDATA [INFO] Нова заявка Заміна, адреса: вул. Мазепи Івана 36, кв. 72, лічильники: БЕЗ НОМЕРА - 1 шт., виконавець: Баранов, вартість: 350 грн., примітки: 11-15, за 30 хв, 1 гв, туалет додано до БД користувачем [Сусло Тетяна].
[2024-10-22T09:56:29.809] [INFO] DataBase - У заявці Заміна від 22 жовтня 2024 р. за адресою вул. Мазепи Івана, буд. 36, кв. 72 додано дату виконання 23 жовтня 2024 р. користувачем [Сусло Тетяна].
[22-Oct-2024 09:59:31 Europe/Helsinki] NewDATA [INFO] Новий лічильник номер: 176264, тип: КВ-1,5 => DN 15, рік випуску: 2014, показники: 0, балансоутримувач: КП "ВДК" додано до БД користувачем [Коваль Людмила].
[22-Oct-2024 09:59:33 Europe/Helsinki] EditDATA [INFO] Для заявки Повірка від 17.10.2024 користувачем [Коваль Людмила] лічильник БЕЗ НОМЕРА ідентифіковано як 176264.
[22-Oct-2024 09:59:43 Europe/Helsinki] DellTASK [INFO] Повірка від 17.10.2024 для адреси пров. Самоквасова Дмитра, буд. 4, кв. 11 для лічильника 176264 було завершено користувачем [Коваль Людмила] з коментарем: виконано.
[22-Oct-2024 10:00:37 Europe/Helsinki] NewDATA [INFO] Новий лічильник номер: 457489, тип: КВ-1,5 => DN 15, рік випуску: 2003, показники: 0, балансоутримувач: КП "ВДК" додано до БД користувачем [Коваль Людмила].
[22-Oct-2024 10:00:40 Europe/Helsinki] EditDATA [INFO] Для заявки Повірка від 15.10.2024 користувачем [Коваль Людмила] лічильник БЕЗ НОМЕРА ідентифіковано як 457489.
[22-Oct-2024 10:01:08 Europe/Helsinki] NewDATA [INFO] Новий лічильник номер: 062828, тип: КВ-1,5 => DN 15, рік випуску: 2001, показники: 0, балансоутримувач: КП "ТКЕ" додано до БД користувачем [Коваль Людмила].
[22-Oct-2024 10:01:11 Europe/Helsinki] EditDATA [INFO] Для заявки Повірка від 15.10.2024 користувачем [Коваль Людмила] лічильник БЕЗ НОМЕРА ідентифіковано як 062828.
[22-Oct-2024 10:01:20 Europe/Helsinki] DellTASK [INFO] Повірка від 15.10.2024 для адреси вул. Самоквасова Дмитра, буд. 18, кв. 48 для лічильників 457489, 062828 було завершено користувачем [Коваль Людмила] з коментарем: виконано.
[22-Oct-2024 10:03:59 Europe/Helsinki] DellTASK [INFO] Повірка від 17.10.2024 для адреси вул. Героїв Чорнобиля, буд. 5, кв. 53 для лічильника БЕЗ НОМЕРА - 1 шт. було завершено користувачем [Сусло Тетяна] з коментарем: виконано.
[22-Oct-2024 10:04:19 Europe/Helsinki] DellTASK [INFO] Повірка від 14.10.2024 для адреси вул. Мстиславська, буд. 169, кв. 16 для лічильника БЕЗ НОМЕРА - 4 шт. було завершено користувачем [Сусло Тетяна] з коментарем: виконано.
[22-Oct-2024 10:04:34 Europe/Helsinki] DellTASK [INFO] Повірка від 17.10.2024 для адреси вул. Льотна, буд. 3, корп. А, кв. 28 для лічильника БЕЗ НОМЕРА - 4 шт. було завершено користувачем [Сусло Тетяна] з коментарем: виконано.
[22-Oct-2024 10:05:07 Europe/Helsinki] DellTASK [INFO] Повірка від 17.10.2024 для адреси вул. Мстиславська, буд. 132, кв. 39 для лічильника БЕЗ НОМЕРА - 1 шт. було завершено користувачем [Сусло Тетяна] з коментарем: виконано.
[22-Oct-2024 10:05:33 Europe/Helsinki] DellTASK [INFO] Повірка від 02.10.2024 для адреси вул. Партизанська, буд. 51, кв. 6 для лічильника БЕЗ НОМЕРА - 2 шт. було завершено користувачем [Сусло Тетяна] з коментарем: виконано.
[22-Oct-2024 10:17:58 Europe/Helsinki] NewDATA [INFO] Нова адреса вул. Мстиславська, буд. 81, кв. 75, тел. +38 (066) 556-29-06 додана до БД користувачем [Сміян Альона].
[22-Oct-2024 10:18:29 Europe/Helsinki] NewDATA [INFO] Нова заявка Повірка, адреса: вул. Мстиславська 81, кв. 75, лічильники: БЕЗ НОМЕРА - 2 шт., вартість: 600 грн., примітки: 8-9 додано до БД користувачем [Сміян Альона].
[2024-10-22T10:18:35.651] [INFO] DataBase - У заявці Повірка від 22 жовтня 2024 р. за адресою вул. Мстиславська, буд. 81, кв. 75 додано виконавця ЗАПЛАНОВАНІ та додано дату виконання 28 жовтня 2024 р. користувачем [Сміян Альона].
[22-Oct-2024 10:42:40 Europe/Helsinki] DellTASK [INFO] Повірка від 14.10.2024 для адреси вул. Льотна, буд. 41, кв. 158 для лічильника БЕЗ НОМЕРА - 2 шт. було завершено користувачем [Сусло Тетяна] з коментарем: виконано.
[22-Oct-2024 10:51:34 Europe/Helsinki] EditDATA [INFO] За адресою просп. Миру 211, кв. 60 користувачем [Сміян Альона] змінені номери телефонів з +38(097)433-04-73 на +38(098)524-54-38, при створенні нової заявки [Повірка] від 22.10.2024.
[22-Oct-2024 10:51:35 Europe/Helsinki] NewDATA [INFO] Нова заявка Повірка, адреса: просп. Миру 211, кв. 60, лічильники: БЕЗ НОМЕРА - 2 шт., вартість: 600 грн., примітки: 8-13 1час додано до БД користувачем [Сміян Альона].
[2024-10-22T10:51:44.003] [INFO] DataBase - У заявці Повірка від 22 жовтня 2024 р. за адресою просп. Миру, буд. 211, кв. 60 додано виконавця ЗАПЛАНОВАНІ та додано дату виконання 29 жовтня 2024 р. користувачем [Сміян Альона].
[22-Oct-2024 10:55:23 Europe/Helsinki] DellTASK [INFO] Повірка від 17.10.2024 для адреси вул. Доценка, буд. 32, кв. 5 для лічильника БЕЗ НОМЕРА - 1 шт. було завершено користувачем [Сусло Тетяна] з коментарем: виконано.
[22-Oct-2024 10:55:26 Europe/Helsinki] EditDATA [INFO] За адресою вул. 1-ої танкової бригади 30 корпус 1, кв. 36 користувачем [Сміян Альона] змінені номери телефонів з +38(066)576-90-50 на +38(068)057-56-54, при створенні нової заявки [Повірка] від 22.10.2024.
[22-Oct-2024 10:55:26 Europe/Helsinki] NewDATA [INFO] Нова заявка Повірка, адреса: вул. 1-ої танкової бригади 30 корпус 1, кв. 36, лічильники: БЕЗ НОМЕРА - 2 шт., вартість: 600 грн., примітки: 8-13 додано до БД користувачем [Сміян Альона].
[2024-10-22T10:55:33.223] [INFO] DataBase - У заявці Повірка від 22 жовтня 2024 р. за адресою вул. 1-ої танкової бригади, буд. 30, корп. 1, кв. 36 додано виконавця ЗАПЛАНОВАНІ та додано дату виконання 28 жовтня 2024 р. користувачем [Сміян Альона].
[22-Oct-2024 10:55:41 Europe/Helsinki] DellTASK [INFO] Повірка від 17.10.2024 для адреси вул. Генерала Пухова, буд. 109, корп. 3, кв. 39 для лічильника БЕЗ НОМЕРА - 2 шт. було завершено користувачем [Сусло Тетяна] з коментарем: виконано.
[22-Oct-2024 10:55:57 Europe/Helsinki] DellTASK [INFO] Повірка від 17.10.2024 для адреси вул. Генерала Пухова, буд. 103, кв. 68 для лічильника БЕЗ НОМЕРА - 4 шт. було завершено користувачем [Сусло Тетяна] з коментарем: виконано.
[22-Oct-2024 10:56:13 Europe/Helsinki] DellTASK [INFO] Повірка від 17.10.2024 для адреси вул. Доценка, буд. 11, кв. 166 для лічильника БЕЗ НОМЕРА - 2 шт. було завершено користувачем [Сусло Тетяна] з коментарем: виконано.
[22-Oct-2024 10:56:29 Europe/Helsinki] DellTASK [INFO] Повірка від 02.10.2024 для адреси вул. Доценка, буд. 7, кв. 22 для лічильника БЕЗ НОМЕРА - 2 шт. було завершено користувачем [Сусло Тетяна] з коментарем: виконано.
[22-Oct-2024 10:56:44 Europe/Helsinki] DellTASK [INFO] Повірка від 08.10.2024 для адреси вул. Доценка, буд. 5, корп. А, кв. 17 для лічильника БЕЗ НОМЕРА - 2 шт. було завершено користувачем [Сусло Тетяна] з коментарем: виконано.
[22-Oct-2024 10:57:01 Europe/Helsinki] DellTASK [INFO] Повірка від 15.10.2024 для адреси просп. Грушевського Михайла, буд. 161, корп. А, кв. 32 для лічильника БЕЗ НОМЕРА - 2 шт. було завершено користувачем [Сусло Тетяна] з коментарем: виконано.
[22-Oct-2024 10:58:17 Europe/Helsinki] DellTASK [INFO] Повірка від 17.10.2024 для адреси просп. Левка Лукяненка, буд. 62, кв. 18 для лічильника БЕЗ НОМЕРА - 2 шт. було завершено користувачем [Сусло Тетяна] з коментарем: кв. 118, виконано.
[22-Oct-2024 10:58:54 Europe/Helsinki] DellTASK [INFO] Повірка від 17.10.2024 для адреси вул. Доценка, буд. 32, кв. 5 для лічильника БЕЗ НОМЕРА - 1 шт. було завершено користувачем [Сусло Тетяна] з коментарем: виконано.
[22-Oct-2024 10:59:08 Europe/Helsinki] DellTASK [INFO] Повірка від 17.10.2024 для адреси вул. 1-ої танкової бригади, буд. 20, кв. 71 для лічильника БЕЗ НОМЕРА - 2 шт. було завершено користувачем [Сусло Тетяна] з коментарем: виконано.
[22-Oct-2024 11:08:32 Europe/Helsinki] EditDATA [INFO] За адресою вул. Захисників України 10, кв. 82 користувачем [Сміян Альона] додано номер телефону +38(097)710-83-66, при створенні нової заявки [Повірка] від 22.10.2024.
[22-Oct-2024 11:08:32 Europe/Helsinki] NewDATA [INFO] Нова заявка Повірка, адреса: вул. Захисників України 10, кв. 82, лічильники: БЕЗ НОМЕРА - 2 шт., вартість: 600 грн., примітки: 8-13 додано до БД користувачем [Сміян Альона].
[2024-10-22T11:08:42.582] [INFO] DataBase - У заявці Повірка від 22 жовтня 2024 р. за адресою вул. Захисників України, буд. 10, кв. 82 додано виконавця ЗАПЛАНОВАНІ та додано дату виконання 25 жовтня 2024 р. користувачем [Сміян Альона].
[22-Oct-2024 11:10:18 Europe/Helsinki] EditDATA [INFO] За адресою вул. Мазепи Івана 37, кв. 134 користувачем [Коваль Людмила] змінені номери телефонів з +38(063)648-79-51, +38(063)648-79-50, +38(073)487-57-41 на +38(073)487-57-41, при створенні нової заявки [Повірка] від 22.10.2024.
[22-Oct-2024 11:10:18 Europe/Helsinki] NewDATA [INFO] Нова заявка Повірка, адреса: вул. Мазепи Івана 37, кв. 134, лічильники: БЕЗ НОМЕРА - 2 шт., вартість: 600 грн., примітки: 16-18 додано до БД користувачем [Коваль Людмила].
[2024-10-22T11:10:40.080] [INFO] DataBase - У заявці Повірка від 22 жовтня 2024 р. за адресою вул. Мазепи Івана, буд. 37, кв. 134 додано виконавця ЗАПЛАНОВАНІ та додано дату виконання 28 жовтня 2024 р. користувачем [Коваль Людмила].
[22-Oct-2024 11:12:12 Europe/Helsinki] NewDATA [INFO] Нова адреса вул. Незалежності, буд. 19, кв. 5, тел. +38 (073) 078-25-78 додана до БД користувачем [Сусло Тетяна].
[22-Oct-2024 11:12:34 Europe/Helsinki] NewDATA [INFO] Нова заявка Повірка, адреса: вул. Незалежності 19, кв. 5, лічильники: БЕЗ НОМЕРА - 1 шт., вартість: 300 грн., примітки: 8-13 додано до БД користувачем [Сусло Тетяна].
[2024-10-22T11:12:39.915] [INFO] DataBase - У заявці Повірка від 22 жовтня 2024 р. за адресою вул. Незалежності, буд. 19, кв. 5 додано виконавця ЗАПЛАНОВАНІ та додано дату виконання 29 жовтня 2024 р. користувачем [Сусло Тетяна].
[22-Oct-2024 11:12:40 Europe/Helsinki] EditDATA [INFO] За адресою вул. Ріпкинська 3, кв. 7 користувачем [Коваль Людмила] змінені номери телефонів з +38(063)674-08-58 на +38(063)831-98-64, при створенні нової заявки [Повірка] від 22.10.2024.
[22-Oct-2024 11:12:40 Europe/Helsinki] NewDATA [INFO] Нова заявка Повірка, адреса: вул. Ріпкинська 3, кв. 7, лічильники: БЕЗ НОМЕРА - 2 шт., вартість: 600 грн., примітки: 14-18 додано до БД користувачем [Коваль Людмила].
[22-Oct-2024 11:13:40 Europe/Helsinki] NewDATA [INFO] Новий лічильник номер: 269467, тип: КВ-1,5 => DN 15, рік випуску: 2014, показники: 0, балансоутримувач: АТ "ОТКЕ" додано до БД користувачем [Сусло Тетяна].
[22-Oct-2024 11:13:42 Europe/Helsinki] EditDATA [INFO] За адресою вул. Доценка, буд. 32, кв. 5 користувачем [Сусло Тетяна] було додано лічильники: 269467].
[22-Oct-2024 11:15:12 Europe/Helsinki] NewDATA [INFO] Новий лічильник номер: 645197, тип: КВ-1,5 => DN 15, рік випуску: 2006, показники: 0, балансоутримувач: КП "ВДК" додано до БД користувачем [Сусло Тетяна].
[22-Oct-2024 11:16:49 Europe/Helsinki] NewDATA [INFO] Новий лічильник номер: 644879, тип: КВ-1,5 => DN 15, рік випуску: 2006, показники: 0, балансоутримувач: АТ "ОТКЕ" додано до БД користувачем [Сусло Тетяна].
[22-Oct-2024 11:16:51 Europe/Helsinki] EditDATA [INFO] За адресою вул. Генерала Пухова, буд. 109, корп. 3, кв. 39 користувачем [Сусло Тетяна] було додано лічильники: 645197, 644879].
[22-Oct-2024 11:19:18 Europe/Helsinki] NewDATA [INFO] Новий лічильник номер: 041437, тип: КВ-1,5 => DN 15, рік випуску: 2003, показники: 0, балансоутримувач: КП "ВДК" додано до БД користувачем [Сусло Тетяна].
[22-Oct-2024 11:19:45 Europe/Helsinki] NewDATA [INFO] Новий лічильник номер: 070694, тип: КВ-1,5 => DN 15, рік випуску: 2002, показники: 0, балансоутримувач: АТ "ОТКЕ" додано до БД користувачем [Сусло Тетяна].
[22-Oct-2024 11:20:07 Europe/Helsinki] NewDATA [INFO] Новий лічильник номер: 246141, тип: КВ-1,5 => DN 15, рік випуску: 2001, показники: 0, балансоутримувач: КП "ВДК" додано до БД користувачем [Сусло Тетяна].
[22-Oct-2024 11:20:34 Europe/Helsinki] NewDATA [INFO] Новий лічильник номер: 448077, тип: КВ-1,5 => DN 15, рік випуску: 2006, показники: 0, балансоутримувач: АТ "ОТКЕ" додано до БД користувачем [Сусло Тетяна].
[22-Oct-2024 11:20:36 Europe/Helsinki] EditDATA [INFO] За адресою вул. Генерала Пухова, буд. 103, кв. 68 користувачем [Сусло Тетяна] було додано лічильники: 041437, 070694, 246141, 448077].
[22-Oct-2024 11:28:43 Europe/Helsinki] NewDATA [INFO] Новий лічильник номер: 671900, тип: КВ-1,5 => DN 15, рік випуску: 2003, показники: 0, балансоутримувач: КП "ВДК" додано до БД користувачем [Сусло Тетяна].
[22-Oct-2024 11:29:23 Europe/Helsinki] NewDATA [INFO] Новий лічильник номер: 735511, тип: КВ-1,5 => DN 15, рік випуску: 2003, показники: 0, балансоутримувач: АТ "ОТКЕ" додано до БД користувачем [Сусло Тетяна].
[22-Oct-2024 11:29:25 Europe/Helsinki] EditDATA [INFO] За адресою вул. Доценка, буд. 11, кв. 166 користувачем [Сусло Тетяна] було додано лічильники: 671900, 735511].
[22-Oct-2024 11:30:24 Europe/Helsinki] NewDATA [INFO] Новий лічильник номер: 305153, тип: КВ-1,5 => DN 15, рік випуску: 2006, показники: 0, балансоутримувач: КП "ВДК" додано до БД користувачем [Сусло Тетяна].
[22-Oct-2024 11:30:46 Europe/Helsinki] NewDATA [INFO] Новий лічильник номер: 259228, тип: КВ-1,5 => DN 15, рік випуску: 2006, показники: 0, балансоутримувач: АТ "ОТКЕ" додано до БД користувачем [Сусло Тетяна].
[22-Oct-2024 11:30:49 Europe/Helsinki] EditDATA [INFO] За адресою вул. Доценка, буд. 7, кв. 22 користувачем [Сусло Тетяна] було додано лічильники: 305153, 259228].
[2024-10-22T11:37:24.462] [INFO] DataBase - У заявці Повірка від 22 жовтня 2024 р. за адресою вул. Ріпкинська, буд. 3, кв. 7 додано виконавця ЗАПЛАНОВАНІ та додано дату виконання 29 жовтня 2024 р. користувачем [Коваль Людмила].
[22-Oct-2024 11:44:13 Europe/Helsinki] EditDATA [INFO] Для заявки Повірка від 17.10.2024 користувачем [Коваль Людмила] змінено примітки з 8-13 на 8-13,зв.на 0506387106,кв.75.
[22-Oct-2024 11:44:23 Europe/Helsinki] NewDATA [INFO] Новий лічильник номер: 060113, тип: КВ-1,5 => DN 15, рік випуску: 2016, показники: 0, балансоутримувач: КП "ВДК" додано до БД користувачем [Сусло Тетяна].
[22-Oct-2024 11:44:46 Europe/Helsinki] NewDATA [INFO] Новий лічильник номер: 108571, тип: КВ-1,5 => DN 15, рік випуску: 2016, показники: 0, балансоутримувач: АТ "ОТКЕ" додано до БД користувачем [Сусло Тетяна].
[22-Oct-2024 11:44:48 Europe/Helsinki] EditDATA [INFO] За адресою вул. Доценка, буд. 5, корп. А, кв. 17 користувачем [Сусло Тетяна] було додано лічильники: 060113, 108571].
[22-Oct-2024 11:45:38 Europe/Helsinki] NewDATA [INFO] Новий лічильник номер: 089855, тип: КВ-1,5 => DN 15, рік випуску: 2002, показники: 0, балансоутримувач: АТ "ОТКЕ" додано до БД користувачем [Сусло Тетяна].
[22-Oct-2024 11:46:00 Europe/Helsinki] NewDATA [INFO] Новий лічильник номер: 089397, тип: КВ-1,5 => DN 15, рік випуску: 2002, показники: 0, балансоутримувач: АТ "ОТКЕ" додано до БД користувачем [Сусло Тетяна].
[22-Oct-2024 11:46:02 Europe/Helsinki] EditDATA [INFO] За адресою просп. Грушевського Михайла, буд. 161, корп. А, кв. 32 користувачем [Сусло Тетяна] було додано лічильники: 089855, 089397].
[22-Oct-2024 11:48:02 Europe/Helsinki] NewDATA [INFO] Новий лічильник номер: 337267, тип: КВ-1,5 => DN 15, рік випуску: 2005, показники: 0, балансоутримувач: КП "ВДК" додано до БД користувачем [Сусло Тетяна].
[22-Oct-2024 11:48:25 Europe/Helsinki] NewDATA [INFO] Новий лічильник номер: 315047, тип: КВ-1,5 => DN 15, рік випуску: 2005, показники: 0, балансоутримувач: АТ "ОТКЕ" додано до БД користувачем [Сусло Тетяна].
[22-Oct-2024 11:48:27 Europe/Helsinki] EditDATA [INFO] За адресою просп. Грушевського Михайла, буд. 161, корп. А, кв. 31 користувачем [Сусло Тетяна] було додано лічильники: 337267, 315047].
[22-Oct-2024 11:49:16 Europe/Helsinki] NewDATA [INFO] Новий лічильник номер: 171054, тип: КВ-1,5 => DN 15, рік випуску: 2015, показники: 0, балансоутримувач: КП "ВДК" додано до БД користувачем [Сусло Тетяна].
[22-Oct-2024 11:49:39 Europe/Helsinki] NewDATA [INFO] Новий лічильник номер: 040458, тип: КВ-1,5 => DN 15, рік випуску: 2015, показники: 0, балансоутримувач: АТ "ОТКЕ" додано до БД користувачем [Сусло Тетяна].
[22-Oct-2024 11:49:41 Europe/Helsinki] EditDATA [INFO] За адресою вул. 1-ої танкової бригади, буд. 20, кв. 71 користувачем [Сусло Тетяна] було додано лічильники: 171054, 040458].
[22-Oct-2024 11:52:41 Europe/Helsinki] NewDATA [INFO] Новий лічильник номер: 269308, тип: КВ-1,5 => DN 15, рік випуску: 2001, показники: 0, балансоутримувач: АТ "ОТКЕ" додано до БД користувачем [Сусло Тетяна].
[22-Oct-2024 11:52:44 Europe/Helsinki] EditDATA [INFO] За адресою вул. Героїв Чорнобиля, буд. 5, кв. 53 користувачем [Сусло Тетяна] було додано лічильники: 269308].
[22-Oct-2024 11:53:33 Europe/Helsinki] NewDATA [INFO] Новий лічильник номер: 341863, тип: КВ-1,5 => DN 15, рік випуску: 2007, показники: 0, балансоутримувач: КП "ВДК" додано до БД користувачем [Сусло Тетяна].
[22-Oct-2024 11:54:00 Europe/Helsinki] NewDATA [INFO] Новий лічильник номер: 323215, тип: КВ-1,5 => DN 15, рік випуску: 2007, показники: 0, балансоутримувач: АТ "ОТКЕ" додано до БД користувачем [Сусло Тетяна].
[22-Oct-2024 11:54:25 Europe/Helsinki] NewDATA [INFO] Новий лічильник номер: 431124, тип: КВ-1,5 => DN 15, рік випуску: 2007, показники: 0, балансоутримувач: КП "ВДК" додано до БД користувачем [Сусло Тетяна].
[22-Oct-2024 11:54:47 Europe/Helsinki] NewDATA [INFO] Новий лічильник номер: 328410, тип: КВ-1,5 => DN 15, рік випуску: 2007, показники: 0, балансоутримувач: АТ "ОТКЕ" додано до БД користувачем [Сусло Тетяна].
[22-Oct-2024 11:54:49 Europe/Helsinki] EditDATA [INFO] За адресою вул. Мстиславська, буд. 169, кв. 16 користувачем [Сусло Тетяна] було додано лічильники: 341863, 323215, 431124, 328410].
[22-Oct-2024 11:55:35 Europe/Helsinki] EditDATA [INFO] За адресою вул. Мазепи Івана 37, кв. 131 користувачем [Коваль Людмила] змінені номери телефонів з +38(093)217-14-72, +38(096)204-60-70, +38(093)304-40-71 на +38(093)217-14-72, +38(096)204-60-70, при створенні нової заявки [Повірка] від 22.10.2024.
[22-Oct-2024 11:55:35 Europe/Helsinki] NewDATA [INFO] Нова заявка Повірка, адреса: вул. Мазепи Івана 37, кв. 131, лічильники: БЕЗ НОМЕРА - 2 шт., вартість: 600 грн., примітки: 16-18 додано до БД користувачем [Коваль Людмила].
[2024-10-22T11:55:50.682] [INFO] DataBase - У заявці Повірка від 22 жовтня 2024 р. за адресою вул. Мазепи Івана, буд. 37, кв. 131 додано виконавця ЗАПЛАНОВАНІ та додано дату виконання 28 жовтня 2024 р. користувачем [Коваль Людмила].
[22-Oct-2024 11:56:18 Europe/Helsinki] NewDATA [INFO] Новий лічильник номер: 082323, тип: КВ-1,5 => DN 15, рік випуску: 2001, показники: 0, балансоутримувач: КП "ВДК" додано до БД користувачем [Сусло Тетяна].
[22-Oct-2024 11:56:42 Europe/Helsinki] NewDATA [INFO] Новий лічильник номер: 079081, тип: КВ-1,5 => DN 15, рік випуску: 2001, показники: 0, балансоутримувач: АТ "ОТКЕ" додано до БД користувачем [Сусло Тетяна].
[22-Oct-2024 11:57:13 Europe/Helsinki] NewDATA [INFO] Новий лічильник номер: 439364, тип: КВ-1,5 => DN 15, рік випуску: 2001, показники: 0, балансоутримувач: КП "ВДК" додано до БД користувачем [Сусло Тетяна].
[22-Oct-2024 11:57:34 Europe/Helsinki] NewDATA [INFO] Новий лічильник номер: 467520, тип: КВ-1,5 => DN 15, рік випуску: 2001, показники: 0, балансоутримувач: АТ "ОТКЕ" додано до БД користувачем [Сусло Тетяна].
[22-Oct-2024 11:57:36 Europe/Helsinki] EditDATA [INFO] За адресою вул. Льотна, буд. 3, корп. А, кв. 28 користувачем [Сусло Тетяна] було додано лічильники: 082323, 079081, 439364, 467520].
[22-Oct-2024 12:02:00 Europe/Helsinki] NewDATA [INFO] Нова адреса вул. Земська, буд. 68, кв. 9, тел. +38 (063) 434-22-58 додана до БД користувачем [Сусло Тетяна].
[22-Oct-2024 12:02:23 Europe/Helsinki] NewDATA [INFO] Нова заявка Повірка, адреса: вул. Земська 68, кв. 9, лічильники: БЕЗ НОМЕРА - 2 шт., вартість: 600 грн., примітки: 8-13 додано до БД користувачем [Сусло Тетяна].
[2024-10-22T12:02:29.045] [INFO] DataBase - У заявці Повірка від 22 жовтня 2024 р. за адресою вул. Земська, буд. 68, кв. 9 додано виконавця ЗАПЛАНОВАНІ та додано дату виконання 30 жовтня 2024 р. користувачем [Сусло Тетяна].
[22-Oct-2024 12:07:22 Europe/Helsinki] NewDATA [INFO] Нова адреса вул. Жабинського, буд. 2, корп. Б, кв. 153, тел. +38 (063) 376-25-82 додана до БД користувачем [Сміян Альона].
[22-Oct-2024 12:07:57 Europe/Helsinki] NewDATA [INFO] Нова заявка Повірка, адреса: вул. Жабинського 2 корпус Б, кв. 153, лічильники: БЕЗ НОМЕРА - 2 шт., вартість: 600 грн., примітки: 8-10 додано до БД користувачем [Сміян Альона].
[2024-10-22T12:08:04.423] [INFO] DataBase - У заявці Повірка від 22 жовтня 2024 р. за адресою вул. Жабинського, буд. 2, корп. Б, кв. 153 додано виконавця ЗАПЛАНОВАНІ та додано дату виконання 28 жовтня 2024 р. користувачем [Сміян Альона].
[22-Oct-2024 12:12:21 Europe/Helsinki] NewDATA [INFO] Нова адреса вул. Освіти, буд. 6, кв. 89, тел. +38 (093) 074-66-95 додана до БД користувачем [Сміян Альона].
[22-Oct-2024 12:12:57 Europe/Helsinki] NewDATA [INFO] Нова заявка Повірка, адреса: вул. Освіти 6, кв. 89, лічильники: БЕЗ НОМЕРА - 1 шт., вартість: 300 грн., примітки: 10-14 додано до БД користувачем [Сміян Альона].
[2024-10-22T12:13:07.419] [INFO] DataBase - У заявці Повірка від 22 жовтня 2024 р. за адресою вул. Освіти, буд. 6, кв. 89 додано виконавця ЗАПЛАНОВАНІ та додано дату виконання 28 жовтня 2024 р. користувачем [Сміян Альона].
[22-Oct-2024 12:19:46 Europe/Helsinki] EditDATA [INFO] За адресою вул. Мстиславська 47, кв. 71 користувачем [Сміян Альона] змінені номери телефонів з +38(0462)64-00-40 на +38(063)334-13-43, при створенні нової заявки [Повірка] від 22.10.2024.
[22-Oct-2024 12:19:46 Europe/Helsinki] NewDATA [INFO] Нова заявка Повірка, адреса: вул. Мстиславська 47, кв. 71, лічильники: БЕЗ НОМЕРА - 2 шт., вартість: 600 грн., примітки: после 17 30хв додано до БД користувачем [Сміян Альона].
[2024-10-22T12:19:52.622] [INFO] DataBase - У заявці Повірка від 22 жовтня 2024 р. за адресою вул. Мстиславська, буд. 47, кв. 71 додано виконавця ЗАПЛАНОВАНІ та додано дату виконання 30 жовтня 2024 р. користувачем [Сміян Альона].
[22-Oct-2024 12:33:05 Europe/Helsinki] EditDATA [INFO] За адресою вул. Любецька 9 корпус А, кв. 8 користувачем [Сміян Альона] змінені номери телефонів з +38(099)606-21-62 на +38(067)268-23-02, при створенні нової заявки [Повірка] від 22.10.2024.
[22-Oct-2024 12:33:05 Europe/Helsinki] NewDATA [INFO] Нова заявка Повірка, адреса: вул. Любецька 9 корпус А, кв. 8, лічильники: БЕЗ НОМЕРА - 2 шт., вартість: 600 грн., примітки: 13-17 додано до БД користувачем [Сміян Альона].
[2024-10-22T12:33:24.526] [INFO] DataBase - У заявці Повірка від 22 жовтня 2024 р. за адресою вул. Любецька, буд. 9, корп. А, кв. 8 додано виконавця ЗАПЛАНОВАНІ та додано дату виконання 28 жовтня 2024 р. користувачем [Сміян Альона].
[22-Oct-2024 12:39:16 Europe/Helsinki] NewDATA [INFO] Нова адреса вул. Ушинського, буд. 6, корп. А, кв. 51, тел. +38 (099) 926-81-04 додана до БД користувачем [Сусло Тетяна].
[22-Oct-2024 12:40:22 Europe/Helsinki] NewDATA [INFO] Нова заявка Повірка, адреса: вул. Ушинського 6 корпус А, кв. 51, лічильники: БЕЗ НОМЕРА - 2 шт., вартість: 600 грн., примітки: 13-18 додано до БД користувачем [Сусло Тетяна].
[2024-10-22T12:40:31.042] [INFO] DataBase - У заявці Повірка від 22 жовтня 2024 р. за адресою вул. Ушинського, буд. 6, корп. А, кв. 51 додано виконавця ЗАПЛАНОВАНІ та додано дату виконання 28 жовтня 2024 р. користувачем [Сусло Тетяна].
[22-Oct-2024 12:41:11 Europe/Helsinki] NewDATA [INFO] Нова заявка Повірка, адреса: вул. Мстиславська 181, кв. 11, лічильники: БЕЗ НОМЕРА - 2 шт., вартість: 600 грн., примітки: 13-18 додано до БД користувачем [Сусло Тетяна].
[2024-10-22T12:41:22.495] [INFO] DataBase - У заявці Повірка від 22 жовтня 2024 р. за адресою вул. Мстиславська, буд. 181, кв. 11 додано виконавця ЗАПЛАНОВАНІ та додано дату виконання 28 жовтня 2024 р. користувачем [Сусло Тетяна].
[22-Oct-2024 12:43:15 Europe/Helsinki] NewDATA [INFO] Нова адреса просп. Миру, буд. 35, корп. Б, кв. 44, тел. +38 (093) 967-42-69 додана до БД користувачем [Сусло Тетяна].
[22-Oct-2024 12:43:51 Europe/Helsinki] NewDATA [INFO] Нова заявка Повірка, адреса: просп. Миру 35 корпус Б, кв. 44, лічильники: БЕЗ НОМЕРА - 2 шт., вартість: 600 грн., примітки: 13-18 додано до БД користувачем [Сусло Тетяна].
[2024-10-22T12:44:02.225] [INFO] DataBase - У заявці Повірка від 22 жовтня 2024 р. за адресою просп. Миру, буд. 35, корп. Б, кв. 44 додано виконавця ЗАПЛАНОВАНІ та додано дату виконання 29 жовтня 2024 р. користувачем [Сусло Тетяна].
[22-Oct-2024 12:44:41 Europe/Helsinki] NewDATA [INFO] Нова адреса вул. Леонтовича Миколи, буд. 3, кв. 71, тел. +38 (050) 560-40-80 додана до БД користувачем [Сусло Тетяна].
[22-Oct-2024 12:45:08 Europe/Helsinki] NewDATA [INFO] Нова заявка Повірка, адреса: вул. Леонтовича Миколи 3, кв. 71, лічильники: БЕЗ НОМЕРА - 1 шт., вартість: 300 грн., примітки: 13-18 додано до БД користувачем [Сусло Тетяна].
[2024-10-22T12:45:13.946] [INFO] DataBase - У заявці Повірка від 22 жовтня 2024 р. за адресою вул. Леонтовича Миколи, буд. 3, кв. 71 додано виконавця ЗАПЛАНОВАНІ та додано дату виконання 30 жовтня 2024 р. користувачем [Сусло Тетяна].
[22-Oct-2024 12:46:10 Europe/Helsinki] EditDATA [INFO] За адресою вул. Всіхсвятська 12, кв. 9 користувачем [Сусло Тетяна] додано номер телефону +38(063)263-63-90, при створенні нової заявки [Повірка] від 22.10.2024.
[22-Oct-2024 12:46:10 Europe/Helsinki] NewDATA [INFO] Нова заявка Повірка, адреса: вул. Всіхсвятська 12, кв. 9, лічильники: БЕЗ НОМЕРА - 2 шт., вартість: 600 грн., примітки: 8-13 додано до БД користувачем [Сусло Тетяна].
[2024-10-22T12:46:33.877] [INFO] DataBase - У заявці Повірка від 22 жовтня 2024 р. за адресою вул. Всіхсвятська, буд. 12, кв. 9 додано виконавця ЗАПЛАНОВАНІ та додано дату виконання 29 жовтня 2024 р. користувачем [Сусло Тетяна].
[22-Oct-2024 12:48:49 Europe/Helsinki] EditDATA [INFO] За адресою вул. Незалежності 62, кв. 64 користувачем [Сусло Тетяна] додано номер телефону +38(063)495-58-98, при створенні нової заявки [Повірка] від 22.10.2024.
[22-Oct-2024 12:48:49 Europe/Helsinki] NewDATA [INFO] Нова заявка Повірка, адреса: вул. Незалежності 62, кв. 64, лічильники: БЕЗ НОМЕРА - 2 шт., вартість: 600 грн., примітки: 8-11, глухие, писати смс на вайбер, як підійдете, спустяться заберуть додано до БД користувачем [Сусло Тетяна].
[2024-10-22T12:48:55.650] [INFO] DataBase - У заявці Повірка від 22 жовтня 2024 р. за адресою вул. Незалежності, буд. 62, кв. 64 додано виконавця ЗАПЛАНОВАНІ та додано дату виконання 29 жовтня 2024 р. користувачем [Сусло Тетяна].
[22-Oct-2024 12:49:53 Europe/Helsinki] EditDATA [INFO] За адресою вул. 1-ої танкової бригади 23 корпус 2, кв. 61 користувачем [Сусло Тетяна] додано номер телефону +38(063)557-84-17, при створенні нової заявки [Повірка] від 22.10.2024.
[22-Oct-2024 12:49:53 Europe/Helsinki] NewDATA [INFO] Нова заявка Повірка, адреса: вул. 1-ої танкової бригади 23 корпус 2, кв. 61, лічильники: БЕЗ НОМЕРА - 2 шт., вартість: 600 грн., примітки: 13-18 додано до БД користувачем [Сусло Тетяна].
[2024-10-22T12:50:01.734] [INFO] DataBase - У заявці Повірка від 22 жовтня 2024 р. за адресою вул. 1-ої танкової бригади, буд. 23, корп. 2, кв. 61 додано виконавця ЗАПЛАНОВАНІ та додано дату виконання 28 жовтня 2024 р. користувачем [Сусло Тетяна].
[22-Oct-2024 12:52:05 Europe/Helsinki] NewDATA [INFO] Новий лічильник номер: 504959, тип: КВ-1,5 => DN 15, рік випуску: 2004, показники: 0, балансоутримувач: АТ "ОТКЕ" додано до БД користувачем [Сусло Тетяна].
[22-Oct-2024 12:52:08 Europe/Helsinki] EditDATA [INFO] За адресою вул. Мстиславська, буд. 132, корп. А, кв. 39 користувачем [Сусло Тетяна] було додано лічильники: 504959].
[22-Oct-2024 12:52:47 Europe/Helsinki] NewDATA [INFO] Новий лічильник номер: 291776, тип: КВ-1,5 => DN 15, рік випуску: 2015, показники: 0, балансоутримувач: КП "ВДК" додано до БД користувачем [Сусло Тетяна].
[22-Oct-2024 12:53:10 Europe/Helsinki] NewDATA [INFO] Новий лічильник номер: 120357, тип: КВ-1,5 => DN 15, рік випуску: 2015, показники: 0, балансоутримувач: АТ "ОТКЕ" додано до БД користувачем [Сусло Тетяна].
[22-Oct-2024 12:53:11 Europe/Helsinki] EditDATA [INFO] За адресою вул. Партизанська, буд. 51, кв. 6 користувачем [Сусло Тетяна] було додано лічильники: 291776, 120357].
[22-Oct-2024 12:53:55 Europe/Helsinki] NewDATA [INFO] Новий лічильник номер: 0761384, тип: ЛК => DN 15, рік випуску: 2018, показники: 0, балансоутримувач: КП "ВДК" додано до БД користувачем [Сусло Тетяна].
[22-Oct-2024 12:54:18 Europe/Helsinki] NewDATA [INFO] Новий лічильник номер: 0620827, тип: ЛК => DN 15, рік випуску: 2018, показники: 0, балансоутримувач: АТ "ОТКЕ" додано до БД користувачем [Сусло Тетяна].
[22-Oct-2024 12:54:20 Europe/Helsinki] EditDATA [INFO] За адресою вул. Льотна, буд. 41, кв. 158 користувачем [Сусло Тетяна] було додано лічильники: 0761384, 0620827].
[22-Oct-2024 13:01:11 Europe/Helsinki] EditDATA [INFO] За адресою вул. Льотна 9, кв. 34 користувачем [Сусло Тетяна] змінені номери телефонів з +38(063)185-03-85, +38(093)743-43-33 на +38(063)185-03-85, при створенні нової заявки [Повірка] від 22.10.2024.
[22-Oct-2024 13:01:11 Europe/Helsinki] NewDATA [INFO] Нова заявка Повірка, адреса: вул. Льотна 9, кв. 34, лічильники: БЕЗ НОМЕРА - 1 шт., вартість: 300 грн., примітки: 15-18, за 30 хв додано до БД користувачем [Сусло Тетяна].
[2024-10-22T13:01:15.935] [INFO] DataBase - У заявці Повірка від 22 жовтня 2024 р. за адресою вул. Льотна, буд. 9, кв. 34 додано виконавця ЗАПЛАНОВАНІ та додано дату виконання 28 жовтня 2024 р. користувачем [Сусло Тетяна].
[22-Oct-2024 13:02:04 Europe/Helsinki] NewDATA [INFO] Нова адреса вул. Преображенська, буд. 2, кв. 13, тел. +38 (063) 585-50-75 додана до БД користувачем [Сміян Альона].
[22-Oct-2024 13:02:30 Europe/Helsinki] NewDATA [INFO] Нова заявка Повірка, адреса: вул. Преображенська 2, кв. 13, лічильники: БЕЗ НОМЕРА - 1 шт., вартість: 300 грн., примітки: 14-18 30хв додано до БД користувачем [Сміян Альона].
[2024-10-22T13:02:35.928] [INFO] DataBase - У заявці Повірка від 22 жовтня 2024 р. за адресою вул. Преображенська, буд. 2, кв. 13 додано виконавця ЗАПЛАНОВАНІ та додано дату виконання 29 жовтня 2024 р. користувачем [Сміян Альона].
[22-Oct-2024 13:22:45 Europe/Helsinki] NewDATA [INFO] Нова адреса вул. курсанта Єськова, буд. 26, корп. А, кв. 101, тел. +38 (066) 857-04-45 додана до БД користувачем [Сміян Альона].
[22-Oct-2024 13:22:48 Europe/Helsinki] EditDATA [INFO] За адресою вул. Стрілецька 104, кв. 69 користувачем [Коваль Людмила] додано номер телефону +38(066)384-00-82, при створенні нової заявки [Повірка] від 22.10.2024.
[22-Oct-2024 13:22:48 Europe/Helsinki] NewDATA [INFO] Нова заявка Повірка, адреса: вул. Стрілецька 104, кв. 69, лічильники: БЕЗ НОМЕРА - 1 шт., вартість: 300 грн., примітки: 8-10,пер.за 30 хв додано до БД користувачем [Коваль Людмила].
[22-Oct-2024 13:23:23 Europe/Helsinki] NewDATA [INFO] Нова заявка Повірка, адреса: вул. курсанта Єськова 26 корпус А, кв. 101, лічильники: БЕЗ НОМЕРА - 1 шт., вартість: 300 грн., примітки: 8-13 1час додано до БД користувачем [Сміян Альона].
[2024-10-22T13:23:30.895] [INFO] DataBase - У заявці Повірка від 22 жовтня 2024 р. за адресою вул. курсанта Єськова, буд. 26, корп. А, кв. 101 додано виконавця ЗАПЛАНОВАНІ та додано дату виконання 30 жовтня 2024 р. користувачем [Сміян Альона].
[2024-10-22T13:25:54.284] [INFO] DataBase - У заявці Повірка від 22 жовтня 2024 р. за адресою вул. Стрілецька, буд. 104, кв. 69 додано виконавця ЗАПЛАНОВАНІ та додано дату виконання 30 жовтня 2024 р. користувачем [Коваль Людмила].
[22-Oct-2024 13:39:25 Europe/Helsinki] EditDATA [INFO] За адресою вул. Мстиславська 173, кв. 26 користувачем [Сміян Альона] змінені номери телефонів з +38(0462)67-97-30, +38(095)920-52-93 на +38(063)445-36-67, при створенні нової заявки [Повірка] від 22.10.2024.
[22-Oct-2024 13:39:25 Europe/Helsinki] NewDATA [INFO] Нова заявка Повірка, адреса: вул. Мстиславська 173, кв. 26, лічильники: БЕЗ НОМЕРА - 2 шт., вартість: 600 грн., примітки: 13-17 додано до БД користувачем [Сміян Альона].
[2024-10-22T13:39:33.888] [INFO] DataBase - У заявці Повірка від 22 жовтня 2024 р. за адресою вул. Мстиславська, буд. 173, кв. 26 додано виконавця ЗАПЛАНОВАНІ та додано дату виконання 28 жовтня 2024 р. користувачем [Сміян Альона].
[22-Oct-2024 13:45:17 Europe/Helsinki] EditDATA [INFO] Для заявки Заміна від 21.10.2024 користувачем [Сміян Альона] змінено примітки з 8-13, за 1 год, 1гв, туалет на 1г/в с/в 005857 8-13 1час.
[22-Oct-2024 13:59:03 Europe/Helsinki] EditDATA [INFO] Для заявки Повірка від 17.10.2024 користувачем [Сусло Тетяна] змінено виконавця з ЗАПЛАНОВАНІ на Ващенко.
[22-Oct-2024 14:01:15 Europe/Helsinki] EditDATA [INFO] За адресою вул. Мстиславська 58, кв. 37 користувачем [Коваль Людмила] змінені номери телефонів з +38(050)313-52-58 на +38(093)762-44-30, при створенні нової заявки [Повірка] від 22.10.2024.
[22-Oct-2024 14:01:15 Europe/Helsinki] NewDATA [INFO] Нова заявка Повірка, адреса: вул. Мстиславська 58, кв. 37, лічильники: БЕЗ НОМЕРА - 1 шт., вартість: 300 грн., примітки: 8-13,пер.за 30 хв.(забере на машині) додано до БД користувачем [Коваль Людмила].
[2024-10-22T14:01:35.247] [INFO] DataBase - У заявці Повірка від 22 жовтня 2024 р. за адресою вул. Мстиславська, буд. 58, кв. 37 додано виконавця ЗАПЛАНОВАНІ та додано дату виконання 28 жовтня 2024 р. користувачем [Коваль Людмила].
[22-Oct-2024 14:02:22 Europe/Helsinki] NewDATA [INFO] Нова заявка Заміна, адреса: вул. Мстиславська 58, кв. 37, лічильники: БЕЗ НОМЕРА - 1 шт., вартість: 1060 грн., примітки: гор.с/в з 8-13 додано до БД користувачем [Коваль Людмила].
[2024-10-22T14:02:41.381] [INFO] DataBase - У заявці Заміна від 22 жовтня 2024 р. за адресою вул. Мстиславська, буд. 58, кв. 37 додано виконавця Баранов та додано дату виконання 28 жовтня 2024 р. користувачем [Коваль Людмила].
[22-Oct-2024 14:08:23 Europe/Helsinki] NewDATA [INFO] Нова заявка Заміна, адреса: просп. Перемоги 96, кв. 42, лічильники: БЕЗ НОМЕРА - 1 шт., вартість: 1060 грн., примітки: хол.с/в 8-13 додано до БД користувачем [Коваль Людмила].
[2024-10-22T14:08:38.123] [INFO] DataBase - У заявці Заміна від 22 жовтня 2024 р. за адресою просп. Перемоги, буд. 96, кв. 42 додано виконавця Баранов та додано дату виконання 28 жовтня 2024 р. користувачем [Коваль Людмила].
[22-Oct-2024 14:09:53 Europe/Helsinki] EditDATA [INFO] Для заявки Повірка від 18.10.2024 користувачем [Коваль Людмила] змінено виконавця з ЗАПЛАНОВАНІ на Ващенко.
[22-Oct-2024 14:10:05 Europe/Helsinki] EditDATA [INFO] Для заявки Повірка від 21.10.2024 користувачем [Коваль Людмила] змінено виконавця з ЗАПЛАНОВАНІ на Ващенко.
[22-Oct-2024 14:10:37 Europe/Helsinki] EditDATA [INFO] Для заявки Повірка від 18.10.2024 користувачем [Коваль Людмила] змінено виконавця з ЗАПЛАНОВАНІ на Богомаз.
[22-Oct-2024 14:10:48 Europe/Helsinki] EditDATA [INFO] Для заявки Повірка від 21.10.2024 користувачем [Коваль Людмила] змінено виконавця з ЗАПЛАНОВАНІ на Богомаз.
[22-Oct-2024 14:11:02 Europe/Helsinki] EditDATA [INFO] Для заявки Повірка від 18.10.2024 користувачем [Коваль Людмила] змінено виконавця з ЗАПЛАНОВАНІ на Богомаз.
[22-Oct-2024 14:11:22 Europe/Helsinki] EditDATA [INFO] Для заявки Повірка від 18.10.2024 користувачем [Коваль Людмила] змінено виконавця з ЗАПЛАНОВАНІ на Богомаз.
[22-Oct-2024 14:11:40 Europe/Helsinki] EditDATA [INFO] Для заявки Повірка від 18.10.2024 користувачем [Коваль Людмила] змінено виконавця з ЗАПЛАНОВАНІ на Богомаз.
[22-Oct-2024 14:11:58 Europe/Helsinki] EditDATA [INFO] Для заявки Повірка від 18.10.2024 користувачем [Коваль Людмила] змінено виконавця з ЗАПЛАНОВАНІ на Богомаз.
[22-Oct-2024 14:14:30 Europe/Helsinki] EditDATA [INFO] Для заявки Повірка від 21.10.2024 користувачем [Коваль Людмила] змінено виконавця з ЗАПЛАНОВАНІ на Осипенко.
[22-Oct-2024 14:14:41 Europe/Helsinki] EditDATA [INFO] Для заявки Повірка від 21.10.2024 користувачем [Коваль Людмила] змінено виконавця з ЗАПЛАНОВАНІ на Осипенко.
[22-Oct-2024 14:14:52 Europe/Helsinki] EditDATA [INFO] Для заявки Повірка від 21.10.2024 користувачем [Коваль Людмила] змінено виконавця з ЗАПЛАНОВАНІ на Осипенко.
[22-Oct-2024 14:15:07 Europe/Helsinki] EditDATA [INFO] Для заявки Повірка від 18.10.2024 користувачем [Коваль Людмила] змінено виконавця з ЗАПЛАНОВАНІ на Осипенко.
[22-Oct-2024 14:15:17 Europe/Helsinki] EditDATA [INFO] Для заявки Повірка від 18.10.2024 користувачем [Коваль Людмила] змінено виконавця з ЗАПЛАНОВАНІ на Осипенко.
[22-Oct-2024 14:15:29 Europe/Helsinki] EditDATA [INFO] Для заявки Повірка від 21.10.2024 користувачем [Коваль Людмила] змінено виконавця з ЗАПЛАНОВАНІ на Осипенко.
[22-Oct-2024 14:15:48 Europe/Helsinki] EditDATA [INFO] Для заявки Повірка від 15.10.2024 користувачем [Коваль Людмила] змінено виконавця з ЗАПЛАНОВАНІ на Осипенко.
[22-Oct-2024 14:16:01 Europe/Helsinki] EditDATA [INFO] Для заявки Повірка від 18.10.2024 користувачем [Коваль Людмила] змінено виконавця з ЗАПЛАНОВАНІ на Богомаз.
[22-Oct-2024 14:19:09 Europe/Helsinki] EditDATA [INFO] Для заявки Повірка від 16.10.2024 користувачем [Коваль Людмила] змінено виконавця з ЗАПЛАНОВАНІ на Осипенко.
[22-Oct-2024 14:27:11 Europe/Helsinki] EditDATA [INFO] За адресою вул. Мстиславська 179, кв. 94 користувачем [Сусло Тетяна] змінені номери телефонів з +38(063)498-64-70 на +38(093)425-06-62, при створенні нової заявки [Повірка] від 22.10.2024.
[22-Oct-2024 14:27:11 Europe/Helsinki] NewDATA [INFO] Нова заявка Повірка, адреса: вул. Мстиславська 179, кв. 94, лічильники: БЕЗ НОМЕРА - 1 шт., вартість: 300 грн., примітки: 15-18, за 1 год, домофон не працює, 1 гв додано до БД користувачем [Сусло Тетяна].
[2024-10-22T14:27:16.930] [INFO] DataBase - У заявці Повірка від 22 жовтня 2024 р. за адресою вул. Мстиславська, буд. 179, кв. 94 додано виконавця ЗАПЛАНОВАНІ та додано дату виконання 28 жовтня 2024 р. користувачем [Сусло Тетяна].
[22-Oct-2024 14:57:22 Europe/Helsinki] NewDATA [INFO] Нова адреса просп. Миру, буд. 203, корп. А, кв. 50, тел. +38 (063) 060-39-34 додана до БД користувачем [Коваль Людмила].
[22-Oct-2024 14:57:48 Europe/Helsinki] NewDATA [INFO] Нова заявка Повірка, адреса: просп. Миру 203 корпус А, кв. 50, лічильники: БЕЗ НОМЕРА - 1 шт., вартість: 300 грн., примітки: 8-13 додано до БД користувачем [Коваль Людмила].
[2024-10-22T14:58:11.913] [INFO] DataBase - У заявці Повірка від 22 жовтня 2024 р. за адресою просп. Миру, буд. 203, корп. А, кв. 50 додано виконавця ЗАПЛАНОВАНІ та додано дату виконання 1 листопада 2024 р. користувачем [Коваль Людмила].
[22-Oct-2024 14:58:51 Europe/Helsinki] EditDATA [INFO] За адресою вул. Мстиславська 130, кв. 28 користувачем [Сусло Тетяна] змінені номери телефонів з +38(066)925-97-49, +38(0462)72-45-32 на +38(073)097-02-25, при створенні нової заявки [Повірка] від 22.10.2024.
[22-Oct-2024 14:58:51 Europe/Helsinki] NewDATA [INFO] Нова заявка Повірка, адреса: вул. Мстиславська 130, кв. 28, лічильники: БЕЗ НОМЕРА - 2 шт., вартість: 600 грн., примітки: 13-17, за 1 год додано до БД користувачем [Сусло Тетяна].
[2024-10-22T14:58:57.810] [INFO] DataBase - У заявці Повірка від 22 жовтня 2024 р. за адресою вул. Мстиславська, буд. 130, кв. 28 додано виконавця ЗАПЛАНОВАНІ та додано дату виконання 29 жовтня 2024 р. користувачем [Сусло Тетяна].
[22-Oct-2024 14:59:02 Europe/Helsinki] NewDATA [INFO] Нова заявка Повірка, адреса: вул. Старобілоуська 47, кв. 34, лічильники: БЕЗ НОМЕРА - 2 шт., вартість: 600 грн., примітки: 8-13 додано до БД користувачем [Коваль Людмила].
[2024-10-22T14:59:27.304] [INFO] DataBase - У заявці Повірка від 22 жовтня 2024 р. за адресою вул. Старобілоуська, буд. 47, кв. 34 додано виконавця ЗАПЛАНОВАНІ та додано дату виконання 31 жовтня 2024 р. користувачем [Коваль Людмила].
[22-Oct-2024 14:59:40 Europe/Helsinki] EditDATA [INFO] За адресою вул. Освіти 29, кв. 18 користувачем [Сусло Тетяна] змінені номери телефонів з +38(0462)95-47-49 на +38(096)605-52-48, +38(093)773-02-90, при створенні нової заявки [Повірка] від 22.10.2024.
[22-Oct-2024 14:59:40 Europe/Helsinki] NewDATA [INFO] Нова заявка Повірка, адреса: вул. Освіти 29, кв. 18, лічильники: БЕЗ НОМЕРА - 2 шт., вартість: 600 грн., примітки: 13-17, за 1 год додано до БД користувачем [Сусло Тетяна].
[2024-10-22T14:59:48.332] [INFO] DataBase - У заявці Повірка від 22 жовтня 2024 р. за адресою вул. Освіти, буд. 29, кв. 18 додано виконавця ЗАПЛАНОВАНІ та додано дату виконання 30 жовтня 2024 р. користувачем [Сусло Тетяна].
[22-Oct-2024 15:00:01 Europe/Helsinki] EditDATA [INFO] Для заявки Повірка від 18.10.2024 користувачем [Коваль Людмила] змінено виконавця з ЗАПЛАНОВАНІ на Осипенко.
[22-Oct-2024 15:00:12 Europe/Helsinki] EditDATA [INFO] Для заявки Повірка від 17.10.2024 користувачем [Коваль Людмила] змінено виконавця з ЗАПЛАНОВАНІ на Осипенко.
[22-Oct-2024 15:00:23 Europe/Helsinki] EditDATA [INFO] Для заявки Повірка від 17.10.2024 користувачем [Коваль Людмила] змінено виконавця з ЗАПЛАНОВАНІ на Осипенко.
[22-Oct-2024 15:03:57 Europe/Helsinki] NewDATA [INFO] Нова заявка Заміна, адреса: вул. Генерала Пухова 103, кв. 73, лічильники: БЕЗ НОМЕРА - 1 шт., виконавець: Баранов, вартість: 1060 грн., примітки: 8-13, 1 хв, туалет додано до БД користувачем [Сусло Тетяна].
[2024-10-22T15:04:07.967] [INFO] DataBase - У заявці Заміна від 22 жовтня 2024 р. за адресою вул. Генерала Пухова, буд. 103, кв. 73 додано дату виконання 25 жовтня 2024 р. користувачем [Сусло Тетяна].
[22-Oct-2024 15:05:43 Europe/Helsinki] NewDATA [INFO] Нова заявка Повірка, адреса: вул. Доценка 10, кв. 8, лічильники: БЕЗ НОМЕРА - 3 шт., вартість: 900 грн., примітки: 13-18 додано до БД користувачем [Сусло Тетяна].
[2024-10-22T15:05:50.488] [INFO] DataBase - У заявці Повірка від 22 жовтня 2024 р. за адресою вул. Доценка, буд. 10, кв. 8 додано виконавця ЗАПЛАНОВАНІ та додано дату виконання 29 жовтня 2024 р. користувачем [Сусло Тетяна].
[22-Oct-2024 15:06:11 Europe/Helsinki] EditDATA [INFO] За адресою вул. Жабинського 21, кв. 23 користувачем [Сміян Альона] змінені номери телефонів з +38(093)469-49-51, +38(066)275-30-36 на +38(066)771-88-16, при створенні нової заявки [Повірка] від 22.10.2024.
[22-Oct-2024 15:06:11 Europe/Helsinki] NewDATA [INFO] Нова заявка Повірка, адреса: вул. Жабинського 21, кв. 23, лічильники: БЕЗ НОМЕРА - 1 шт., вартість: 300 грн., примітки: 8-13 додано до БД користувачем [Сміян Альона].
[2024-10-22T15:06:20.917] [INFO] DataBase - У заявці Повірка від 22 жовтня 2024 р. за адресою вул. Жабинського, буд. 21, кв. 23 додано виконавця ЗАПЛАНОВАНІ та додано дату виконання 31 жовтня 2024 р. користувачем [Сміян Альона].
[22-Oct-2024 15:11:12 Europe/Helsinki] EditDATA [INFO] Для заявки Повірка від 17.10.2024 користувачем [Коваль Людмила] змінено примітки з 8-13,зв.на 0506387106,кв.75 на 14-18,зв.на 0506387106,кв.75.
[22-Oct-2024 15:13:18 Europe/Helsinki] NewDATA [INFO] Нова заявка Заміна, адреса: вул. Дніпровська 2, кв. 68, лічильники: 070718, вартість: 1060 грн., примітки: 1х/в 070718 8-13 30хв додано до БД користувачем [Сміян Альона].
[2024-10-22T15:13:23.592] [INFO] DataBase - У заявці Заміна від 22 жовтня 2024 р. за адресою вул. Дніпровська, буд. 2, кв. 68 додано виконавця Баранов та додано дату виконання 24 жовтня 2024 р. користувачем [Сміян Альона].
[22-Oct-2024 15:13:47 Europe/Helsinki] EditDATA [INFO] Для заявки Повірка від 21.10.2024 користувачем [Сусло Тетяна] змінено виконавця з ЗАПЛАНОВАНІ на Ващенко.
[22-Oct-2024 15:13:57 Europe/Helsinki] EditDATA [INFO] Для заявки Повірка від 18.10.2024 користувачем [Сусло Тетяна] змінено виконавця з ЗАПЛАНОВАНІ на Ващенко.
[22-Oct-2024 15:14:06 Europe/Helsinki] EditDATA [INFO] Для заявки Повірка від 18.10.2024 користувачем [Сусло Тетяна] змінено виконавця з ЗАПЛАНОВАНІ на Ващенко.
[22-Oct-2024 15:14:16 Europe/Helsinki] EditDATA [INFO] Для заявки Повірка від 18.10.2024 користувачем [Сусло Тетяна] змінено виконавця з ЗАПЛАНОВАНІ на Ващенко.
[22-Oct-2024 15:14:25 Europe/Helsinki] EditDATA [INFO] Для заявки Повірка від 08.10.2024 користувачем [Сусло Тетяна] змінено виконавця з ЗАПЛАНОВАНІ на Ващенко.
[22-Oct-2024 15:14:37 Europe/Helsinki] EditDATA [INFO] Для заявки Повірка від 12.09.2024 користувачем [Сусло Тетяна] змінено виконавця з ЗАПЛАНОВАНІ на Ващенко.
[22-Oct-2024 15:18:33 Europe/Helsinki] NewDATA [INFO] Нова заявка Заміна, адреса: вул. Любецька 11, кв. 9, лічильники: БЕЗ НОМЕРА - 1 шт., вартість: 1060 грн., примітки: 1г/в с/в 158761 8-13 30хв додано до БД користувачем [Сміян Альона].
[2024-10-22T15:18:36.732] [INFO] DataBase - У заявці Заміна від 22 жовтня 2024 р. за адресою вул. Любецька, буд. 11, кв. 9 додано виконавця Баранов та додано дату виконання 24 жовтня 2024 р. користувачем [Сміян Альона].
[22-Oct-2024 15:21:35 Europe/Helsinki] NewDATA [INFO] Нова заявка Заміна, адреса: вул. 1-ої танкової бригади 27, кв. 22, лічильники: 584301, виконавець: Баранов, вартість: 1060 грн., примітки: 13-18, за 1 год ,1 хв, № 584301 додано до БД користувачем [Сусло Тетяна].
[2024-10-22T15:21:43.199] [INFO] DataBase - У заявці Заміна від 22 жовтня 2024 р. за адресою вул. 1-ої танкової бригади, буд. 27, кв. 22 додано дату виконання 24 жовтня 2024 р. користувачем [Сусло Тетяна].
[22-Oct-2024 15:22:26 Europe/Helsinki] NewDATA [INFO] Нова заявка Повірка, адреса: вул. Мазепи Івана 54, кв. 65, лічильники: БЕЗ НОМЕРА - 2 шт., вартість: 600 грн., примітки: 8-13 додано до БД користувачем [Сусло Тетяна].
[2024-10-22T15:22:31.760] [INFO] DataBase - У заявці Повірка від 22 жовтня 2024 р. за адресою вул. Мазепи Івана, буд. 54, кв. 65 додано виконавця ЗАПЛАНОВАНІ та додано дату виконання 30 жовтня 2024 р. користувачем [Сусло Тетяна].
[22-Oct-2024 15:23:28 Europe/Helsinki] EditDATA [INFO] За адресою вул. Самоквасова Дмитра 9, кв. 39 користувачем [Сусло Тетяна] змінені номери телефонів з +38(098)936-56-74, +38(099)977-06-58, +38(068)696-26-37 на +38(098)936-56-74, при створенні нової заявки [Повірка] від 22.10.2024.
[22-Oct-2024 15:23:28 Europe/Helsinki] NewDATA [INFO] Нова заявка Повірка, адреса: вул. Самоквасова Дмитра 9, кв. 39, лічильники: БЕЗ НОМЕРА - 2 шт., вартість: 600 грн., примітки: 8-13 додано до БД користувачем [Сусло Тетяна].
[2024-10-22T15:23:35.535] [INFO] DataBase - У заявці Повірка від 22 жовтня 2024 р. за адресою вул. Самоквасова Дмитра, буд. 9, кв. 39 додано виконавця ЗАПЛАНОВАНІ та додано дату виконання 29 жовтня 2024 р. користувачем [Сусло Тетяна].
[2024-10-22T15:23:53.744] [INFO] DataBase - У заявці Повірка від 22 жовтня 2024 р. за адресою вул. Самоквасова Дмитра, буд. 9, кв. 39 видалено дату виконання 29 жовтня 2024 р. користувачем [Сусло Тетяна].
[2024-10-22T15:23:59.238] [INFO] DataBase - У заявці Повірка від 22 жовтня 2024 р. за адресою вул. Самоквасова Дмитра, буд. 9, кв. 39 додано дату виконання 1 листопада 2024 р. користувачем [Сусло Тетяна].
[22-Oct-2024 15:25:22 Europe/Helsinki] EditDATA [INFO] За адресою вул. Нафтовиків 1, кв. 5 користувачем [Сусло Тетяна] змінені номери телефонів з +38(093)847-07-67, +38(050)465-15-25 на +38(093)403-42-33, при створенні нової заявки [Повірка] від 22.10.2024.
[22-Oct-2024 15:25:22 Europe/Helsinki] NewDATA [INFO] Нова заявка Повірка, адреса: вул. Нафтовиків 1, кв. 5, лічильники: БЕЗ НОМЕРА - 2 шт., вартість: 600 грн., примітки: 8-13, за 1 год додано до БД користувачем [Сусло Тетяна].
[2024-10-22T15:25:27.442] [INFO] DataBase - У заявці Повірка від 22 жовтня 2024 р. за адресою вул. Нафтовиків, буд. 1, кв. 5 додано виконавця ЗАПЛАНОВАНІ та додано дату виконання 29 жовтня 2024 р. користувачем [Сусло Тетяна].
[22-Oct-2024 15:34:14 Europe/Helsinki] EditDATA [INFO] За адресою вул. Волковича 2 корпус Б, кв. 112 користувачем [Коваль Людмила] змінені номери телефонів з +38(093)860-71-07 на +38(067)317-26-91, при створенні нової заявки [Заміна] від 22.10.2024.
[22-Oct-2024 15:34:14 Europe/Helsinki] NewDATA [INFO] Нова заявка Заміна, адреса: вул. Волковича 2 корпус Б, кв. 112, лічильники: БЕЗ НОМЕРА - 1 шт., вартість: 1060 грн., примітки: гор.кух.№9079944 16-17,дом.не працює додано до БД користувачем [Коваль Людмила].
[2024-10-22T15:34:32.334] [INFO] DataBase - У заявці Заміна від 22 жовтня 2024 р. за адресою вул. Волковича, буд. 2, корп. Б, кв. 112 додано виконавця Баранов та додано дату виконання 24 жовтня 2024 р. користувачем [Коваль Людмила].
[22-Oct-2024 15:36:53 Europe/Helsinki] DellTASK [INFO] Повірка від 08.10.2024 для адреси вул. Мстиславська, буд. 34, кв. 59 для лічильника БЕЗ НОМЕРА - 4 шт. було відмінено користувачем [Сусло Тетяна] з коментарем: відмовились.
[22-Oct-2024 15:57:22 Europe/Helsinki] EditDATA [INFO] Для заявки Повірка від 21.10.2024 користувачем [Сусло Тетяна] змінено примітки з 8-13 на 13-17.
[22-Oct-2024 16:06:38 Europe/Helsinki] NewDATA [INFO] Нова заявка Повірка, адреса: вул. Мацієвського Олександра 29, кв. 30, лічильники: БЕЗ НОМЕРА - 1 шт., вартість: 300 грн., примітки: 16-18,код двери 27 додано до БД користувачем [Коваль Людмила].
[22-Oct-2024 16:26:08 Europe/Helsinki] NewDATA [INFO] Нова заявка Заміна, адреса: вул. Савчука 7, кв. 105, лічильники: 1171778, виконавець: Баранов, вартість: 1060 грн., примітки: 14-17,1 хв, кухня, № 1171778 додано до БД користувачем [Сусло Тетяна].
[2024-10-22T16:26:12.639] [INFO] DataBase - У заявці Заміна від 22 жовтня 2024 р. за адресою вул. Савчука, буд. 7, кв. 105 додано дату виконання 25 жовтня 2024 р. користувачем [Сусло Тетяна].
[22-Oct-2024 16:26:55 Europe/Helsinki] NewDATA [INFO] Нова заявка Повірка, адреса: вул. Мстиславська 50, кв. 87, лічильники: БЕЗ НОМЕРА - 2 шт., вартість: 600 грн., примітки: 13-18 додано до БД користувачем [Сусло Тетяна].
[2024-10-22T16:27:02.871] [INFO] DataBase - У заявці Повірка від 22 жовтня 2024 р. за адресою вул. Мстиславська, буд. 50, кв. 87 додано виконавця ЗАПЛАНОВАНІ та додано дату виконання 30 жовтня 2024 р. користувачем [Сусло Тетяна].
[2024-10-22T16:35:53.789] [INFO] DataBase - У заявці Повірка від 22 жовтня 2024 р. за адресою вул. Мацієвського Олександра, буд. 29, кв. 30 додано виконавця ЗАПЛАНОВАНІ та додано дату виконання 30 жовтня 2024 р. користувачем [Коваль Людмила].
[22-Oct-2024 16:39:16 Europe/Helsinki] NewDATA [INFO] Нова адреса вул. 1-ої танкової бригади, буд. 37, корп. 2, кв. 3, тел. +38 (093) 781-65-26 додана до БД користувачем [Сусло Тетяна].
[22-Oct-2024 16:39:55 Europe/Helsinki] NewDATA [INFO] Нова заявка Повірка, адреса: вул. 1-ої танкової бригади 37 корпус 2, кв. 3, лічильники: БЕЗ НОМЕРА - 2 шт., вартість: 600 грн., примітки: на протязі дня, за 1 год додано до БД користувачем [Сусло Тетяна].
[2024-10-22T16:40:00.333] [INFO] DataBase - У заявці Повірка від 22 жовтня 2024 р. за адресою вул. 1-ої танкової бригади, буд. 37, корп. 2, кв. 3 додано виконавця ЗАПЛАНОВАНІ та додано дату виконання 30 жовтня 2024 р. користувачем [Сусло Тетяна].
[2024-10-22T16:40:33.263] [INFO] DataBase - У заявці Повірка від 21 жовтня 2024 р. за адресою вул. Богуна Івана, буд. 40, кв. 35 додано виконавця ЗАПЛАНОВАНІ та додано дату виконання 28 жовтня 2024 р. користувачем [Сусло Тетяна].
[22-Oct-2024 16:50:10 Europe/Helsinki] EditDATA [INFO] За адресою вул. Князя Чорного 2 корпус Б, кв. 23 користувачем [Сусло Тетяна] змінені номери телефонів з +38(066)209-55-72 на +38(066)209-55-72, +38(063)134-64-92, при створенні нової заявки [Повірка] від 22.10.2024.
[22-Oct-2024 16:50:10 Europe/Helsinki] NewDATA [INFO] Нова заявка Повірка, адреса: вул. Князя Чорного 2 корпус Б, кв. 23, лічильники: БЕЗ НОМЕРА - 1 шт., вартість: 300 грн., примітки: 13-18 додано до БД користувачем [Сусло Тетяна].
[22-Oct-2024 16:50:46 Europe/Helsinki] EditDATA [INFO] За адресою просп. Левка Лукяненка 37, кв. 153 користувачем [Сусло Тетяна] змінені номери телефонів з +38(068)101-99-10, +38(063)641-15-80 на +38(068)101-99-10, при створенні нової заявки [Повірка] від 22.10.2024.
[22-Oct-2024 16:50:46 Europe/Helsinki] NewDATA [INFO] Нова заявка Повірка, адреса: просп. Левка Лукяненка 37, кв. 153, лічильники: БЕЗ НОМЕРА - 2 шт., вартість: 600 грн., примітки: 13-18, за 30 хв додано до БД користувачем [Сусло Тетяна].
[2024-10-22T16:50:52.237] [INFO] DataBase - У заявці Повірка від 22 жовтня 2024 р. за адресою просп. Левка Лукяненка, буд. 37, кв. 153 додано виконавця ЗАПЛАНОВАНІ та додано дату виконання 29 жовтня 2024 р. користувачем [Сусло Тетяна].
[2024-10-22T16:50:53.475] [INFO] DataBase - У заявці Повірка від 22 жовтня 2024 р. за адресою вул. Князя Чорного, буд. 2, корп. Б, кв. 23 додано виконавця ЗАПЛАНОВАНІ та додано дату виконання 29 жовтня 2024 р. користувачем [Сусло Тетяна].
