[2025-05-07T08:24:03.287] [INFO] DataBase - У заявці Заміна від 30 квітня 2025 р. за адресою вул. Пирогова, буд. 5, кв. 66 видалено виконавця Баранов та видалено дату виконання 6 травня 2025 р. користувачем [Сусло Тетяна].
[2025-05-07T08:24:09.206] [INFO] DataBase - У заявці Заміна від 30 квітня 2025 р. за адресою вул. Пирогова, буд. 5, кв. 66 додано виконавця Баранов та додано дату виконання 9 травня 2025 р. користувачем [Сусло Тетяна].
[07-May-2025 08:24:26 Europe/Helsinki] EditDATA [INFO] Для заявки Заміна від 30.04.2025 користувачем [Сусло Тетяна] змінено примітки з 13-17, 1 гв, ванна на 8-13, 1 гв, ванна.
[07-May-2025 08:50:20 Europe/Helsinki] DellTASK [INFO] Заміна від 06.05.2025 для адреси просп. Миру, буд. 212, кв. 38 для лічильника 543888 було завершено користувачем [Сусло Тетяна] з коментарем: виконано.
[07-May-2025 08:50:54 Europe/Helsinki] NewDATA [INFO] Новий лічильник номер: 241483624, тип: СВК => DN 15, рік випуску: 2025, показники: 0, балансоутримувач: АТ "ОТКЕ" додано до БД користувачем [Сусло Тетяна].
[07-May-2025 08:50:58 Europe/Helsinki] EditDATA [INFO] В заявці Заміна від 30.04.2025 за адресою вул. Льотна, буд. 3, корп. Б, кв. 34 було видалено БЕЗ НОМЕРУ - 1 шт.; додано лічильники: 241483624 користувачем [Сусло Тетяна].
[07-May-2025 08:51:07 Europe/Helsinki] DellTASK [INFO] Заміна від 30.04.2025 для адреси вул. Льотна, буд. 3, корп. Б, кв. 34 для лічильника 241483624 було завершено користувачем [Сусло Тетяна] з коментарем: виконано.
[07-May-2025 08:51:42 Europe/Helsinki] DellTASK [INFO] Заміна від 02.05.2025 для адреси вул. Генерала Пухова, буд. 131, корп. 2, кв. 23 для лічильника БЕЗ НОМЕРА - 1 шт. було завершено користувачем [Сусло Тетяна] з коментарем: виконано.
[07-May-2025 08:54:34 Europe/Helsinki] DellTASK [INFO] Заміна від 05.05.2025 для адреси вул. Корольова, буд. 14, корп. А, кв. 46 для лічильника 362578 було завершено користувачем [Сусло Тетяна] з коментарем: виконано.
[07-May-2025 08:54:45 Europe/Helsinki] DellTASK [INFO] Заміна від 29.04.2025 для адреси вул. Корольова, буд. 10, корп. А, кв. 5 для лічильника 650857 було завершено користувачем [Сусло Тетяна] з коментарем: виконано.
[07-May-2025 08:54:56 Europe/Helsinki] DellTASK [INFO] Заміна від 24.04.2025 для адреси вул. 1-ої танкової бригади, буд. 22, кв. 20 для лічильника БЕЗ НОМЕРА - 1 шт. було завершено користувачем [Сусло Тетяна] з коментарем: виконано.
[07-May-2025 11:20:22 Europe/Helsinki] EditDATA [INFO] За адресою вул. Громадська 19, кв. 14 користувачем [Сусло Тетяна] змінені номери телефонів з +38(0462)69-11-26, +38(066)347-40-65 на +38(095)785-37-15, +38(066)347-40-65, при створенні нової заявки [Повірка] від 07.05.2025.
[07-May-2025 11:20:22 Europe/Helsinki] NewDATA [INFO] Нова заявка Повірка, адреса: вул. Громадська 19, кв. 14, лічильники: БЕЗ НОМЕРА - 1 шт., виконавець: Баранов, вартість: 1100 грн., примітки: 8-13, 1 гв, св додано до БД користувачем [Сусло Тетяна].
[2025-05-07T11:20:25.756] [INFO] DataBase - У заявці Повірка від 7 травня 2025 р. за адресою вул. Громадська, буд. 19, кв. 14 додано дату виконання 3 червня 2025 р. користувачем [Сусло Тетяна].
[07-May-2025 11:41:19 Europe/Helsinki] EditDATA [INFO] Для заявки Повірка від 06.05.2025 користувачем [Коваль Людмила] змінено виконавця з ЗАПЛАНОВАНІ на Шкуліпа.
[07-May-2025 11:41:32 Europe/Helsinki] EditDATA [INFO] Для заявки Повірка від 05.05.2025 користувачем [Коваль Людмила] змінено виконавця з ЗАПЛАНОВАНІ на Шкуліпа.
[07-May-2025 11:41:42 Europe/Helsinki] EditDATA [INFO] Для заявки Повірка від 25.04.2025 користувачем [Коваль Людмила] змінено виконавця з ЗАПЛАНОВАНІ на Шкуліпа.
[07-May-2025 11:41:52 Europe/Helsinki] EditDATA [INFO] Для заявки Повірка від 02.05.2025 користувачем [Коваль Людмила] змінено виконавця з ЗАПЛАНОВАНІ на Шкуліпа.
[07-May-2025 11:42:02 Europe/Helsinki] EditDATA [INFO] Для заявки Повірка від 30.04.2025 користувачем [Коваль Людмила] змінено виконавця з ЗАПЛАНОВАНІ на Шкуліпа.
[07-May-2025 11:42:16 Europe/Helsinki] EditDATA [INFO] Для заявки Повірка від 29.04.2025 користувачем [Коваль Людмила] змінено виконавця з ЗАПЛАНОВАНІ на Шкуліпа.
[07-May-2025 11:42:45 Europe/Helsinki] EditDATA [INFO] Для заявки Повірка від 29.04.2025 користувачем [Коваль Людмила] змінено виконавця з ЗАПЛАНОВАНІ на Шкуліпа.
[07-May-2025 11:42:59 Europe/Helsinki] EditDATA [INFO] Для заявки Повірка від 29.04.2025 користувачем [Коваль Людмила] змінено виконавця з ЗАПЛАНОВАНІ на Шкуліпа.
[07-May-2025 11:43:03 Europe/Helsinki] NewDATA [INFO] Нова заявка Повірка, адреса: вул. Льотна 27 корпус А, кв. 41, лічильники: БЕЗ НОМЕРА - 4 шт., вартість: 1200 грн., примітки: 8-13 додано до БД користувачем [Сусло Тетяна].
[2025-05-07T11:43:07.452] [INFO] DataBase - У заявці Повірка від 7 травня 2025 р. за адресою вул. Льотна, буд. 27, корп. А, кв. 41 додано виконавця ЗАПЛАНОВАНІ та додано дату виконання 12 травня 2025 р. користувачем [Сусло Тетяна].
[07-May-2025 11:43:12 Europe/Helsinki] EditDATA [INFO] Для заявки Повірка від 22.04.2025 користувачем [Коваль Людмила] змінено виконавця з ЗАПЛАНОВАНІ на Шкуліпа.
[07-May-2025 11:43:24 Europe/Helsinki] EditDATA [INFO] Для заявки Повірка від 23.04.2025 користувачем [Коваль Людмила] змінено виконавця з ЗАПЛАНОВАНІ на Шкуліпа.
[07-May-2025 11:43:51 Europe/Helsinki] NewDATA [INFO] Нова заявка Повірка, адреса: просп. Перемоги 63, кв. 74, лічильники: БЕЗ НОМЕРА - 1 шт., вартість: 300 грн., примітки: 8-13, додано до БД користувачем [Сусло Тетяна].
[2025-05-07T11:43:55.924] [INFO] DataBase - У заявці Повірка від 7 травня 2025 р. за адресою просп. Перемоги, буд. 63, кв. 74 додано виконавця ЗАПЛАНОВАНІ та додано дату виконання 20 травня 2025 р. користувачем [Сусло Тетяна].
[07-May-2025 11:44:52 Europe/Helsinki] NewDATA [INFO] Нова адреса вул. Доценка, буд. 17, кв. 9, тел. +38 (099) 292-38-32 додана до БД користувачем [Сусло Тетяна].
[07-May-2025 11:45:20 Europe/Helsinki] NewDATA [INFO] Нова заявка Повірка, адреса: вул. Доценка 17, кв. 9, лічильники: БЕЗ НОМЕРА - 2 шт., вартість: 600 грн., примітки: за 1 год додано до БД користувачем [Сусло Тетяна].
[2025-05-07T11:45:24.988] [INFO] DataBase - У заявці Повірка від 7 травня 2025 р. за адресою вул. Доценка, буд. 17, кв. 9 додано виконавця ЗАПЛАНОВАНІ та додано дату виконання 15 травня 2025 р. користувачем [Сусло Тетяна].
[07-May-2025 11:46:06 Europe/Helsinki] NewDATA [INFO] Нова адреса вул. Радченка Вячеслава, буд. 20, кв. 18, тел. +38 (093) 077-37-27 додана до БД користувачем [Сусло Тетяна].
[07-May-2025 11:46:36 Europe/Helsinki] NewDATA [INFO] Нова заявка Повірка, адреса: вул. Радченка Вячеслава 20, кв. 18, лічильники: БЕЗ НОМЕРА - 4 шт., вартість: 1200 грн., примітки: 8-13 додано до БД користувачем [Сусло Тетяна].
[2025-05-07T11:46:39.694] [INFO] DataBase - У заявці Повірка від 7 травня 2025 р. за адресою вул. Радченка Вячеслава, буд. 20, кв. 18 додано виконавця ЗАПЛАНОВАНІ та додано дату виконання 15 травня 2025 р. користувачем [Сусло Тетяна].
[07-May-2025 13:17:13 Europe/Helsinki] EditDATA [INFO] За адресою просп. Левка Лукяненка 18, кв. 90 користувачем [Коваль Людмила] змінені номери телефонів з +38(093)791-63-79, +38(0462)95-63-97 на +38(050)632-73-41, при створенні нової заявки [Повірка] від 07.05.2025.
[07-May-2025 13:17:13 Europe/Helsinki] NewDATA [INFO] Нова заявка Повірка, адреса: просп. Левка Лукяненка 18, кв. 90, лічильники: БЕЗ НОМЕРА - 2 шт., вартість: 600 грн., примітки: 15-17 додано до БД користувачем [Коваль Людмила].
[07-May-2025 13:18:23 Europe/Helsinki] NewDATA [INFO] Нова адреса вул. курсанта Єськова, буд. 14, корп. 2, кв. 7, тел. +38 (063) 023-36-60 додана до БД користувачем [Коваль Людмила].
[07-May-2025 13:19:00 Europe/Helsinki] NewDATA [INFO] Нова заявка Повірка, адреса: вул. курсанта Єськова 14 корпус 2, кв. 7, лічильники: БЕЗ НОМЕРА - 2 шт., вартість: 600 грн., примітки: з 12.00,пер.за час додано до БД користувачем [Коваль Людмила].
[2025-05-07T13:19:09.713] [INFO] DataBase - У заявці Повірка від 7 травня 2025 р. за адресою вул. курсанта Єськова, буд. 14, корп. 2, кв. 7 додано виконавця ЗАПЛАНОВАНІ та додано дату виконання 8 травня 2025 р. користувачем [Коваль Людмила].
[2025-05-07T13:19:21.336] [INFO] DataBase - У заявці Повірка від 7 травня 2025 р. за адресою просп. Левка Лукяненка, буд. 18, кв. 90 додано виконавця ЗАПЛАНОВАНІ та додано дату виконання 15 травня 2025 р. користувачем [Коваль Людмила].
[07-May-2025 13:19:56 Europe/Helsinki] NewDATA [INFO] Нова адреса вул. Гонча, буд. 84, кв. 39, тел. +38 (068) 814-45-87 додана до БД користувачем [Коваль Людмила].
[07-May-2025 13:20:27 Europe/Helsinki] NewDATA [INFO] Нова заявка Повірка, адреса: вул. Гонча 84, кв. 39, лічильники: БЕЗ НОМЕРА - 2 шт., вартість: 600 грн., примітки: 13-17,пер.за час додано до БД користувачем [Коваль Людмила].
[2025-05-07T13:20:33.346] [INFO] DataBase - У заявці Повірка від 7 травня 2025 р. за адресою вул. Гонча, буд. 84, кв. 39 додано виконавця ЗАПЛАНОВАНІ та додано дату виконання 19 травня 2025 р. користувачем [Коваль Людмила].
[07-May-2025 13:26:34 Europe/Helsinki] NewDATA [INFO] Нова заявка Повірка, адреса: вул. Гонча 84, кв. 39, лічильники: БЕЗ НОМЕРА - 2 шт., вартість: 600 грн., примітки: 13-17,пер.за час додано до БД користувачем [Коваль Людмила].
[07-May-2025 13:27:00 Europe/Helsinki] DellTASK [INFO] Повірка від 07.05.2025 для адреси вул. Гонча, буд. 84, кв. 39 для лічильника БЕЗ НОМЕРА - 2 шт. було відмінено користувачем [Коваль Людмила] з коментарем: повтор.
[07-May-2025 13:27:44 Europe/Helsinki] NewDATA [INFO] Нова адреса вул. Незалежності, буд. 24, кв. 62, тел. +38 (097) 215-94-41 додана до БД користувачем [Коваль Людмила].
[07-May-2025 13:28:21 Europe/Helsinki] NewDATA [INFO] Нова заявка Повірка, адреса: вул. Незалежності 24, кв. 62, лічильники: БЕЗ НОМЕРА - 2 шт., вартість: 600 грн., примітки: 8-13 додано до БД користувачем [Коваль Людмила].
[2025-05-07T13:28:31.779] [INFO] DataBase - У заявці Повірка від 7 травня 2025 р. за адресою вул. Незалежності, буд. 24, кв. 62 додано виконавця ЗАПЛАНОВАНІ та додано дату виконання 23 травня 2025 р. користувачем [Коваль Людмила].
[07-May-2025 13:56:40 Europe/Helsinki] NewDATA [INFO] Нова заявка Заміна, адреса: вул. Мезенцева Юрія 80, кв. 129, лічильники: 215443, вартість: 400 грн., примітки: 12-15,хол.№215433 додано до БД користувачем [Коваль Людмила].
[2025-05-07T13:57:08.920] [INFO] DataBase - У заявці Заміна від 7 травня 2025 р. за адресою вул. Мезенцева Юрія, буд. 80, кв. 129 додано виконавця Баранов та додано дату виконання 9 травня 2025 р. користувачем [Коваль Людмила].
[07-May-2025 14:00:18 Europe/Helsinki] NewDATA [INFO] Нова адреса вул. Довженка, буд. 136, кв. 52, тел. +38 (095) 580-38-39 додана до БД користувачем [Коваль Людмила].
[07-May-2025 14:00:59 Europe/Helsinki] NewDATA [INFO] Нова заявка Повірка, адреса: вул. Довженка 136, кв. 52, лічильники: БЕЗ НОМЕРА - 1 шт., вартість: 300 грн., примітки: 8-9 додано до БД користувачем [Коваль Людмила].
[2025-05-07T14:01:27.085] [INFO] DataBase - У заявці Повірка від 7 травня 2025 р. за адресою вул. Довженка, буд. 136, кв. 52 додано виконавця ЗАПЛАНОВАНІ та додано дату виконання 12 травня 2025 р. користувачем [Коваль Людмила].
[07-May-2025 14:02:33 Europe/Helsinki] NewDATA [INFO] Нова адреса вул. Савчука, буд. 7, корп. А, кв. 14, тел. +38 (097) 212-07-27 додана до БД користувачем [Коваль Людмила].
[07-May-2025 14:03:14 Europe/Helsinki] NewDATA [INFO] Нова заявка Повірка, адреса: вул. Савчука 7 корпус А, кв. 14, лічильники: БЕЗ НОМЕРА - 2 шт., вартість: 600 грн., примітки: 15-17,пер.за 30 хв. додано до БД користувачем [Коваль Людмила].
[2025-05-07T14:03:28.230] [INFO] DataBase - У заявці Повірка від 7 травня 2025 р. за адресою вул. Савчука, буд. 7, корп. А, кв. 14 додано виконавця ЗАПЛАНОВАНІ та додано дату виконання 14 травня 2025 р. користувачем [Коваль Людмила].
[07-May-2025 15:27:24 Europe/Helsinki] EditDATA [INFO] Для заявки Повірка від 05.05.2025 користувачем [Коваль Людмила] змінено примітки з 8-13,пер.за 30 хв. на 15.00,пер.за 30 хв..
[07-May-2025 15:53:59 Europe/Helsinki] EditDATA [INFO] Для заявки Повірка від 07.05.2025 користувачем [Коваль Людмила] змінено виконавця з ЗАПЛАНОВАНІ на Ващенко.
[07-May-2025 15:54:23 Europe/Helsinki] EditDATA [INFO] Для заявки Повірка від 05.05.2025 користувачем [Коваль Людмила] змінено виконавця з ЗАПЛАНОВАНІ на Ващенко.
[07-May-2025 15:55:13 Europe/Helsinki] EditDATA [INFO] Для заявки Повірка від 05.05.2025 користувачем [Коваль Людмила] змінено виконавця з ЗАПЛАНОВАНІ на Ващенко.
[07-May-2025 15:55:23 Europe/Helsinki] EditDATA [INFO] Для заявки Повірка від 05.05.2025 користувачем [Коваль Людмила] змінено виконавця з ЗАПЛАНОВАНІ на Ващенко.
[07-May-2025 15:57:51 Europe/Helsinki] EditDATA [INFO] Для заявки Повірка від 29.04.2025 користувачем [Коваль Людмила] змінено виконавця з ЗАПЛАНОВАНІ на Ващенко.
[07-May-2025 15:58:15 Europe/Helsinki] EditDATA [INFO] Для заявки Повірка від 18.04.2025 користувачем [Коваль Людмила] змінено виконавця з ЗАПЛАНОВАНІ на Сірий.
[07-May-2025 15:58:30 Europe/Helsinki] EditDATA [INFO] Для заявки Повірка від 23.04.2025 користувачем [Коваль Людмила] змінено виконавця з ЗАПЛАНОВАНІ на Сірий.
[07-May-2025 15:59:12 Europe/Helsinki] EditDATA [INFO] Для заявки Повірка від 24.04.2025 користувачем [Коваль Людмила] змінено виконавця з ЗАПЛАНОВАНІ на Сірий.
[07-May-2025 16:00:51 Europe/Helsinki] EditDATA [INFO] Для заявки Повірка від 05.05.2025 користувачем [Коваль Людмила] змінено виконавця з ЗАПЛАНОВАНІ на Сірий.
[07-May-2025 16:02:12 Europe/Helsinki] EditDATA [INFO] Для заявки Повірка від 24.04.2025 користувачем [Коваль Людмила] змінено виконавця з ЗАПЛАНОВАНІ на Ващенко.
[07-May-2025 16:02:37 Europe/Helsinki] EditDATA [INFO] Для заявки Повірка від 23.04.2025 користувачем [Коваль Людмила] змінено виконавця з ЗАПЛАНОВАНІ на Ващенко.
[07-May-2025 16:03:02 Europe/Helsinki] EditDATA [INFO] Для заявки Повірка від 06.05.2025 користувачем [Коваль Людмила] змінено виконавця з ЗАПЛАНОВАНІ на Сірий.
[07-May-2025 16:03:12 Europe/Helsinki] EditDATA [INFO] Для заявки Повірка від 05.05.2025 користувачем [Коваль Людмила] змінено виконавця з ЗАПЛАНОВАНІ на Сірий.
[07-May-2025 16:03:22 Europe/Helsinki] EditDATA [INFO] Для заявки Повірка від 05.05.2025 користувачем [Коваль Людмила] змінено виконавця з ЗАПЛАНОВАНІ на Сірий.
[07-May-2025 16:03:33 Europe/Helsinki] EditDATA [INFO] Для заявки Повірка від 29.04.2025 користувачем [Коваль Людмила] змінено виконавця з ЗАПЛАНОВАНІ на Сірий.
[07-May-2025 16:14:54 Europe/Helsinki] NewDATA [INFO] Нова адреса вул. Любецька, буд. 21, кв. 63, тел. +38 (063) 456-55-19 додана до БД користувачем [Коваль Людмила].
[07-May-2025 16:15:47 Europe/Helsinki] NewDATA [INFO] Нова заявка Повірка, адреса: вул. Любецька 21, кв. 63, лічильники: БЕЗ НОМЕРА - 2 шт., вартість: 600 грн., примітки: 10-13,пер.за час додано до БД користувачем [Коваль Людмила].
[2025-05-07T16:15:57.725] [INFO] DataBase - У заявці Повірка від 7 травня 2025 р. за адресою вул. Любецька, буд. 21, кв. 63 додано виконавця Шкуліпа та додано дату виконання 8 травня 2025 р. користувачем [Коваль Людмила].
