[11-Oct-2024 08:16:44 Europe/Helsinki] DellTASK [INFO] Заміна від 09.10.2024 для адреси просп. Миру, буд. 206, кв. 46 для лічильника БЕЗ НОМЕРА - 1 шт. було відмінено користувачем [Сміян Альона] з коментарем: відмова.
[11-Oct-2024 08:17:34 Europe/Helsinki] NewDATA [INFO] Новий лічильник номер: 241479460, тип: СВК => DN 15, рік випуску: 2024, показники: 0, балансоутримувач: КП "ВДК" додано до БД користувачем [Сміян Альона].
[11-Oct-2024 08:17:44 Europe/Helsinki] EditDATA [INFO] В заявці Заміна від 09.10.2024 за адресою просп. Перемоги, буд. 114, кв. 17 було додано лічильники: 241479460 користувачем [Сміян Альона].
[11-Oct-2024 08:17:49 Europe/Helsinki] EditDATA [INFO] В заявці Заміна від 09.10.2024 за адресою просп. Перемоги, буд. 114, кв. 17 було видалено лічильники: 461543 користувачем [Сміян Альона].
[11-Oct-2024 08:17:58 Europe/Helsinki] DellTASK [INFO] Заміна від 09.10.2024 для адреси просп. Перемоги, буд. 114, кв. 17 для лічильника 241479460 було завершено користувачем [Сміян Альона] з коментарем: виконано.
[11-Oct-2024 08:18:15 Europe/Helsinki] DellTASK [INFO] Заміна від 08.10.2024 для адреси вул. Старобілоуська, буд. 33, кв. 53 для лічильника БЕЗ НОМЕРА - 1 шт. було завершено користувачем [Сміян Альона] з коментарем: виконано.
[11-Oct-2024 08:19:06 Europe/Helsinki] DellTASK [INFO] Заміна від 08.10.2024 для адреси вул. Генерала Пухова, буд. 115, кв. 45 для лічильників 04629128, 04631518, 04627041 було завершено користувачем [Сміян Альона] з коментарем: виконано.
[11-Oct-2024 08:48:33 Europe/Helsinki] NewDATA [INFO] Нова адреса вул. Шевченка, буд. 106, кв. 66, тел. +38 (068) 496-70-76 додана до БД користувачем [Сусло Тетяна].
[11-Oct-2024 08:48:59 Europe/Helsinki] NewDATA [INFO] Нова заявка Повірка, адреса: вул. Шевченка 106, кв. 66, лічильники: БЕЗ НОМЕРА - 2 шт., вартість: 600 грн., примітки: 8-13 додано до БД користувачем [Сусло Тетяна].
[2024-10-11T08:49:04.936] [INFO] DataBase - У заявці Повірка від 11 жовтня 2024 р. за адресою вул. Шевченка, буд. 106, кв. 66 додано виконавця ЗАПЛАНОВАНІ та додано дату виконання 14 жовтня 2024 р. користувачем [Сусло Тетяна].
[11-Oct-2024 08:50:34 Europe/Helsinki] DellTASK [INFO] Повірка від 09.10.2024 для адреси вул. 1-ої танкової бригади, буд. 22, кв. 9 для лічильника БЕЗ НОМЕРА - 4 шт. було завершено користувачем [Сусло Тетяна] з коментарем: виконано.
[11-Oct-2024 08:51:00 Europe/Helsinki] DellTASK [INFO] Повірка від 09.10.2024 для адреси вул. 1-ої танкової бригади, буд. 22, кв. 35 для лічильника БЕЗ НОМЕРА - 2 шт. було завершено користувачем [Сусло Тетяна] з коментарем: виконано 1 ліч.
[11-Oct-2024 08:51:24 Europe/Helsinki] DellTASK [INFO] Повірка від 09.10.2024 для адреси вул. 1-ої танкової бригади, буд. 24, кв. 68 для лічильника БЕЗ НОМЕРА - 4 шт. було завершено користувачем [Сусло Тетяна] з коментарем: виконано 2 ліч.
[11-Oct-2024 08:51:41 Europe/Helsinki] DellTASK [INFO] Повірка від 09.10.2024 для адреси вул. 1-ої танкової бригади, буд. 20, кв. 62 для лічильника БЕЗ НОМЕРА - 2 шт. було завершено користувачем [Сусло Тетяна] з коментарем: виконано.
[11-Oct-2024 08:54:50 Europe/Helsinki] NewDATA [INFO] Новий лічильник номер: 316366, тип: КВ-1,5 => DN 15, рік випуску: 2013, показники: 0, балансоутримувач: КП "ВДК" додано до БД користувачем [Коваль Людмила].
[11-Oct-2024 08:54:53 Europe/Helsinki] EditDATA [INFO] Для заявки Повірка від 27.09.2024 користувачем [Коваль Людмила] лічильник БЕЗ НОМЕРА ідентифіковано як 316366.
[11-Oct-2024 08:56:27 Europe/Helsinki] NewDATA [INFO] Новий лічильник номер: 307167, тип: КВ-1,5 => DN 15, рік випуску: 2013, показники: 0, балансоутримувач: АТ "ОТКЕ" додано до БД користувачем [Коваль Людмила].
[11-Oct-2024 08:56:31 Europe/Helsinki] EditDATA [INFO] Для заявки Повірка від 27.09.2024 користувачем [Коваль Людмила] лічильник БЕЗ НОМЕРА ідентифіковано як 307167.
[11-Oct-2024 08:56:55 Europe/Helsinki] NewDATA [INFO] Новий лічильник номер: 334008, тип: КВ-1,5 => DN 15, рік випуску: 2013, показники: 0, балансоутримувач: КП "ВДК" додано до БД користувачем [Коваль Людмила].
[11-Oct-2024 08:57:16 Europe/Helsinki] EditDATA [INFO] Для заявки Повірка від 27.09.2024 користувачем [Коваль Людмила] лічильник БЕЗ НОМЕРА ідентифіковано як 334008.
[11-Oct-2024 08:57:41 Europe/Helsinki] NewDATA [INFO] Новий лічильник номер: 319161, тип: КВ-1,5 => DN 15, рік випуску: 2013, показники: 0, балансоутримувач: АТ "ОТКЕ" додано до БД користувачем [Коваль Людмила].
[11-Oct-2024 08:58:01 Europe/Helsinki] EditDATA [INFO] Для заявки Повірка від 27.09.2024 користувачем [Коваль Людмила] лічильник БЕЗ НОМЕРА ідентифіковано як 319161.
[11-Oct-2024 08:58:10 Europe/Helsinki] DellTASK [INFO] Повірка від 27.09.2024 для адреси просп. Миру, буд. 190, кв. 22 для лічильників 316366, 307167, 334008, 319161 було завершено користувачем [Коваль Людмила] з коментарем: виконано.
[11-Oct-2024 08:58:31 Europe/Helsinki] DellTASK [INFO] Повірка від 09.10.2024 для адреси вул. Генерала Пухова, буд. 129, корп. 1, кв. 29 для лічильника БЕЗ НОМЕРА - 2 шт. було завершено користувачем [Сусло Тетяна] з коментарем: виконано.
[11-Oct-2024 08:58:51 Europe/Helsinki] DellTASK [INFO] Повірка від 09.10.2024 для адреси вул. Генерала Пухова, буд. 103, кв. 92 для лічильника БЕЗ НОМЕРА - 4 шт. було завершено користувачем [Сусло Тетяна] з коментарем: виконано.
[11-Oct-2024 08:59:08 Europe/Helsinki] DellTASK [INFO] Повірка від 07.10.2024 для адреси вул. Мазепи Івана, буд. 37, кв. 118 для лічильника БЕЗ НОМЕРА - 1 шт. було завершено користувачем [Коваль Людмила] з коментарем: проблеми з сантехнікою.
[11-Oct-2024 08:59:12 Europe/Helsinki] DellTASK [INFO] Повірка від 09.10.2024 для адреси вул. Доценка, буд. 6, кв. 2 для лічильника БЕЗ НОМЕРА - 2 шт. було завершено користувачем [Сусло Тетяна] з коментарем: виконано.
[11-Oct-2024 08:59:36 Europe/Helsinki] DellTASK [INFO] Повірка від 09.10.2024 для адреси вул. Космонавтів, буд. 24, кв. 20 для лічильника БЕЗ НОМЕРА - 4 шт. було завершено користувачем [Сусло Тетяна] з коментарем: виконано.
[11-Oct-2024 08:59:57 Europe/Helsinki] NewDATA [INFO] Новий лічильник номер: 247357, тип: КВ-1,5 => DN 15, рік випуску: 2014, показники: 0, балансоутримувач: КП "ВДК" додано до БД користувачем [Коваль Людмила].
[11-Oct-2024 09:00:28 Europe/Helsinki] EditDATA [INFO] Для заявки Повірка від 07.10.2024 користувачем [Коваль Людмила] лічильник БЕЗ НОМЕРА ідентифіковано як 247357.
[11-Oct-2024 09:00:38 Europe/Helsinki] DellTASK [INFO] Повірка від 07.10.2024 для адреси вул. Жабинського, буд. 3, кв. 67 для лічильника 247357 було завершено користувачем [Коваль Людмила] з коментарем: виконано.
[11-Oct-2024 09:00:46 Europe/Helsinki] DellTASK [INFO] Повірка від 08.10.2024 для адреси вул. Космонавтів, буд. 26, кв. 24 для лічильника БЕЗ НОМЕРА - 2 шт. було завершено користувачем [Сусло Тетяна] з коментарем: виконано 4 ліч.
[11-Oct-2024 09:01:03 Europe/Helsinki] DellTASK [INFO] Повірка від 08.10.2024 для адреси просп. Левка Лукяненка, буд. 70, кв. 100 для лічильника БЕЗ НОМЕРА - 2 шт. було завершено користувачем [Сусло Тетяна] з коментарем: виконано.
[11-Oct-2024 09:01:16 Europe/Helsinki] NewDATA [INFO] Новий лічильник номер: 119854, тип: КВ-1,5 => DN 15, рік випуску: 2014, показники: 0, балансоутримувач: КП "ВДК" додано до БД користувачем [Коваль Людмила].
[11-Oct-2024 09:01:19 Europe/Helsinki] EditDATA [INFO] Для заявки Повірка від 08.10.2024 користувачем [Коваль Людмила] лічильник БЕЗ НОМЕРА ідентифіковано як 119854.
[11-Oct-2024 09:01:20 Europe/Helsinki] DellTASK [INFO] Повірка від 07.10.2024 для адреси просп. Перемоги, буд. 162, кв. 107 для лічильника БЕЗ НОМЕРА - 1 шт. було завершено користувачем [Сусло Тетяна] з коментарем: виконано.
[11-Oct-2024 09:01:50 Europe/Helsinki] NewDATA [INFO] Новий лічильник номер: 144808, тип: КВ-1,5 => DN 15, рік випуску: 2014, показники: 0, балансоутримувач: КП "ТКЕ" додано до БД користувачем [Коваль Людмила].
[11-Oct-2024 09:01:53 Europe/Helsinki] EditDATA [INFO] Для заявки Повірка від 08.10.2024 користувачем [Коваль Людмила] лічильник БЕЗ НОМЕРА ідентифіковано як 144808.
[11-Oct-2024 09:02:03 Europe/Helsinki] DellTASK [INFO] Повірка від 08.10.2024 для адреси вул. Чудінова, буд. 4, кв. 18 для лічильників 119854, 144808 було завершено користувачем [Коваль Людмила] з коментарем: виконано.
[11-Oct-2024 09:02:11 Europe/Helsinki] NewDATA [INFO] Новий лічильник номер: 598673, тип: КВ-1,5 => DN 15, рік випуску: 2004, показники: 0, балансоутримувач: АТ "ОТКЕ" додано до БД користувачем [Сусло Тетяна].
[11-Oct-2024 09:02:13 Europe/Helsinki] EditDATA [INFO] За адресою просп. Перемоги, буд. 162, кв. 107 користувачем [Сусло Тетяна] було додано лічильники: 598673].
[11-Oct-2024 09:15:49 Europe/Helsinki] EditDATA [INFO] За адресою вул. Шевченка 114 корпус А, кв. 38 користувачем [Сусло Тетяна] змінені номери телефонів з +38(067)502-66-45, +38(068)558-39-06 на +38(067)502-66-45, при створенні нової заявки [Повірка] від 11.10.2024.
[11-Oct-2024 09:15:49 Europe/Helsinki] NewDATA [INFO] Нова заявка Повірка, адреса: вул. Шевченка 114 корпус А, кв. 38, лічильники: БЕЗ НОМЕРА - 1 шт., вартість: 300 грн. додано до БД користувачем [Сусло Тетяна].
[2024-10-11T09:16:11.074] [INFO] DataBase - У заявці Повірка від 11 жовтня 2024 р. за адресою вул. Шевченка, буд. 114, корп. А, кв. 38 додано виконавця Сірий та додано дату виконання 11 жовтня 2024 р. користувачем [Сусло Тетяна].
[11-Oct-2024 09:17:31 Europe/Helsinki] EditDATA [INFO] За адресою вул. Пирогова 2, кв. 45 користувачем [Сусло Тетяна] змінені номери телефонів з +38(068)728-44-47, +38(093)234-31-27, +38(093)511-18-22 на +38(068)728-44-47, при створенні нової заявки [Повірка] від 11.10.2024.
[11-Oct-2024 09:17:31 Europe/Helsinki] NewDATA [INFO] Нова заявка Повірка, адреса: вул. Пирогова 2, кв. 45, лічильники: БЕЗ НОМЕРА - 2 шт., вартість: 600 грн., примітки: 8-13, за 30 хв додано до БД користувачем [Сусло Тетяна].
[2024-10-11T09:17:35.711] [INFO] DataBase - У заявці Повірка від 11 жовтня 2024 р. за адресою вул. Пирогова, буд. 2, кв. 45 додано виконавця ЗАПЛАНОВАНІ та додано дату виконання 14 жовтня 2024 р. користувачем [Сусло Тетяна].
[11-Oct-2024 09:27:13 Europe/Helsinki] NewDATA [INFO] Новий лічильник номер: 379644, тип: КВ-1,5 => DN 15, рік випуску: 2005, показники: 0, балансоутримувач: КП "ВДК" додано до БД користувачем [Сусло Тетяна].
[11-Oct-2024 09:28:37 Europe/Helsinki] NewDATA [INFO] Новий лічильник номер: 109107, тип: КВ-1,5 => DN 15, рік випуску: 2005, показники: 0, балансоутримувач: АТ "ОТКЕ" додано до БД користувачем [Сусло Тетяна].
[11-Oct-2024 09:28:39 Europe/Helsinki] EditDATA [INFO] За адресою просп. Левка Лукяненка, буд. 70, кв. 100 користувачем [Сусло Тетяна] було додано лічильники: 379644, 109107].
[11-Oct-2024 09:31:56 Europe/Helsinki] NewDATA [INFO] Новий лічильник номер: 396613, тип: КВ-1,5 => DN 15, рік випуску: 2007, показники: 0, балансоутримувач: КП "ВДК" додано до БД користувачем [Сусло Тетяна].
[11-Oct-2024 09:32:27 Europe/Helsinki] NewDATA [INFO] Новий лічильник номер: 378316, тип: КВ-1,5 => DN 15, рік випуску: 2007, показники: 0, балансоутримувач: АТ "ОТКЕ" додано до БД користувачем [Сусло Тетяна].
[11-Oct-2024 09:32:49 Europe/Helsinki] NewDATA [INFO] Новий лічильник номер: 338058, тип: КВ-1,5 => DN 15, рік випуску: 2007, показники: 0, балансоутримувач: КП "ВДК" додано до БД користувачем [Сусло Тетяна].
[11-Oct-2024 09:36:14 Europe/Helsinki] NewDATA [INFO] Нова адреса просп. Миру, буд. 255, корп. А, кв. 69, тел. +38 (073) 096-63-45 додана до БД користувачем [Сусло Тетяна].
[11-Oct-2024 09:36:47 Europe/Helsinki] NewDATA [INFO] Нова заявка Повірка, адреса: просп. Миру 255 корпус А, кв. 69, лічильники: БЕЗ НОМЕРА - 4 шт., вартість: 1200 грн., примітки: 8-13, за 1 год додано до БД користувачем [Сусло Тетяна].
[2024-10-11T09:36:53.975] [INFO] DataBase - У заявці Повірка від 11 жовтня 2024 р. за адресою просп. Миру, буд. 255, корп. А, кв. 69 додано виконавця ЗАПЛАНОВАНІ та додано дату виконання 17 жовтня 2024 р. користувачем [Сусло Тетяна].
[11-Oct-2024 09:40:40 Europe/Helsinki] NewDATA [INFO] Нова адреса вул. Савчука, буд. 3, кв. 67, тел. +38 (093) 197-69-56 додана до БД користувачем [Сусло Тетяна].
[11-Oct-2024 09:41:12 Europe/Helsinki] NewDATA [INFO] Нова заявка Повірка, адреса: вул. Савчука 3, кв. 67, лічильники: БЕЗ НОМЕРА - 2 шт., вартість: 600 грн., примітки: 8-11, за 15 хв додано до БД користувачем [Сусло Тетяна].
[2024-10-11T09:41:16.629] [INFO] DataBase - У заявці Повірка від 11 жовтня 2024 р. за адресою вул. Савчука, буд. 3, кв. 67 додано виконавця ЗАПЛАНОВАНІ та додано дату виконання 15 жовтня 2024 р. користувачем [Сусло Тетяна].
[11-Oct-2024 09:41:30 Europe/Helsinki] EditDATA [INFO] За адресою вул. Шевченка 46, кв. 34 користувачем [Сміян Альона] змінені номери телефонів з +38(063)533-40-23, +38(066)784-72-16 на +38(067)445-44-04, при створенні нової заявки [Повірка] від 11.10.2024.
[11-Oct-2024 09:41:30 Europe/Helsinki] NewDATA [INFO] Нова заявка Повірка, адреса: вул. Шевченка 46, кв. 34, лічильники: БЕЗ НОМЕРА - 4 шт., вартість: 1200 грн., примітки: 8-13 30хв додано до БД користувачем [Сміян Альона].
[2024-10-11T09:41:35.743] [INFO] DataBase - У заявці Повірка від 11 жовтня 2024 р. за адресою вул. Шевченка, буд. 46, кв. 34 додано виконавця ЗАПЛАНОВАНІ та додано дату виконання 15 жовтня 2024 р. користувачем [Сміян Альона].
[11-Oct-2024 09:42:56 Europe/Helsinki] NewDATA [INFO] Новий лічильник номер: 378324, тип: КВ-1,5 => DN 15, рік випуску: 2007, показники: 0, балансоутримувач: АТ "ОТКЕ" додано до БД користувачем [Сусло Тетяна].
[11-Oct-2024 09:42:58 Europe/Helsinki] EditDATA [INFO] За адресою вул. Космонавтів, буд. 26, кв. 24 користувачем [Сусло Тетяна] було додано лічильники: 396613, 378316, 338058, 378324].
[11-Oct-2024 09:43:41 Europe/Helsinki] NewDATA [INFO] Новий лічильник номер: 139301, тип: КВ-1,5 => DN 15, рік випуску: 2015, показники: 0, балансоутримувач: КП "ВДК" додано до БД користувачем [Сусло Тетяна].
[11-Oct-2024 09:44:04 Europe/Helsinki] NewDATA [INFO] Новий лічильник номер: 299006, тип: КВ-1,5 => DN 15, рік випуску: 2015, показники: 0, балансоутримувач: АТ "ОТКЕ" додано до БД користувачем [Сусло Тетяна].
[11-Oct-2024 09:44:29 Europe/Helsinki] NewDATA [INFO] Новий лічильник номер: 261629, тип: КВ-1,5 => DN 15, рік випуску: 2015, показники: 0, балансоутримувач: КП "ВДК" додано до БД користувачем [Сусло Тетяна].
[11-Oct-2024 09:44:51 Europe/Helsinki] NewDATA [INFO] Новий лічильник номер: 296785, тип: КВ-1,5 => DN 15, рік випуску: 2015, показники: 0, балансоутримувач: АТ "ОТКЕ" додано до БД користувачем [Сусло Тетяна].
[11-Oct-2024 09:44:54 Europe/Helsinki] EditDATA [INFO] За адресою вул. Космонавтів, буд. 24, кв. 20 користувачем [Сусло Тетяна] було додано лічильники: 139301, 299006, 261629, 296785].
[2024-10-11T09:47:37.433] [INFO] DataBase - У заявці Повірка від 10 жовтня 2024 р. за адресою вул. Мстиславська, буд. 83, кв. 25 видалено дату виконання 14 жовтня 2024 р. користувачем [Коваль Людмила].
[2024-10-11T09:48:05.721] [INFO] DataBase - У заявці Повірка від 10 жовтня 2024 р. за адресою вул. Мстиславська, буд. 83, кв. 25 додано дату виконання 21 жовтня 2024 р. користувачем [Коваль Людмила].
[11-Oct-2024 09:48:20 Europe/Helsinki] NewDATA [INFO] Новий лічильник номер: 002011, тип: КВ-1,5 => DN 15, рік випуску: 2019, показники: 0, балансоутримувач: КП "ВДК" додано до БД користувачем [Сусло Тетяна].
[11-Oct-2024 09:48:22 Europe/Helsinki] EditDATA [INFO] За адресою вул. Доценка, буд. 6, кв. 2 користувачем [Сусло Тетяна] було додано лічильники: 002011].
[11-Oct-2024 09:49:08 Europe/Helsinki] NewDATA [INFO] Новий лічильник номер: 094249, тип: КВ-1,5 => DN 15, рік випуску: 2016, показники: 0, балансоутримувач: КП "ВДК" додано до БД користувачем [Сусло Тетяна].
[11-Oct-2024 09:49:32 Europe/Helsinki] NewDATA [INFO] Новий лічильник номер: 103130, тип: КВ-1,5 => DN 15, рік випуску: 2016, показники: 0, балансоутримувач: АТ "ОТКЕ" додано до БД користувачем [Сусло Тетяна].
[11-Oct-2024 09:49:52 Europe/Helsinki] NewDATA [INFO] Новий лічильник номер: 098384, тип: КВ-1,5 => DN 15, рік випуску: 2016, показники: 0, балансоутримувач: КП "ВДК" додано до БД користувачем [Сусло Тетяна].
[11-Oct-2024 09:50:12 Europe/Helsinki] NewDATA [INFO] Новий лічильник номер: 103498, тип: КВ-1,5 => DN 15, рік випуску: 2016, показники: 0, балансоутримувач: АТ "ОТКЕ" додано до БД користувачем [Сусло Тетяна].
[11-Oct-2024 09:50:14 Europe/Helsinki] EditDATA [INFO] За адресою вул. Генерала Пухова, буд. 103, кв. 92 користувачем [Сусло Тетяна] було додано лічильники: 094249, 103130, 098384, 103498].
[11-Oct-2024 09:51:48 Europe/Helsinki] NewDATA [INFO] Новий лічильник номер: 101760878, тип: E-T 1,5-U => DN 15, рік випуску: 2011, показники: 0, балансоутримувач: КП "ВДК" додано до БД користувачем [Сусло Тетяна].
[11-Oct-2024 09:52:11 Europe/Helsinki] NewDATA [INFO] Новий лічильник номер: 101734446, тип: E-T 1,5-U => DN 15, рік випуску: 2011, показники: 0, балансоутримувач: АТ "ОТКЕ" додано до БД користувачем [Сусло Тетяна].
[11-Oct-2024 09:52:13 Europe/Helsinki] EditDATA [INFO] За адресою вул. Генерала Пухова, буд. 129, корп. 1, кв. 29 користувачем [Сусло Тетяна] було додано лічильники: 101760878, 101734446].
[11-Oct-2024 10:06:10 Europe/Helsinki] NewDATA [INFO] Нова заявка Повірка, адреса: вул. Волковича 8, кв. 14, лічильники: БЕЗ НОМЕРА - 1 шт., вартість: 300 грн., примітки: 8-13 додано до БД користувачем [Сміян Альона].
[2024-10-11T10:06:17.351] [INFO] DataBase - У заявці Повірка від 11 жовтня 2024 р. за адресою вул. Волковича, буд. 8, кв. 14 додано виконавця ЗАПЛАНОВАНІ та додано дату виконання 16 жовтня 2024 р. користувачем [Сміян Альона].
[11-Oct-2024 10:18:40 Europe/Helsinki] NewDATA [INFO] Нова заявка Повірка, адреса: вул. Льотна 22, кв. 2, лічильники: БЕЗ НОМЕРА - 1 шт., вартість: 300 грн., примітки: 13-18 додано до БД користувачем [Сусло Тетяна].
[11-Oct-2024 10:32:52 Europe/Helsinki] EditDATA [INFO] За адресою просп. Левка Лукяненка, буд. 70, кв. 212 користувачем [Сусло Тетяна] змінені номери телефонів з +38(093)483-20-72, +38(093)314-33-25 на +38(093)014-33-29.
[11-Oct-2024 10:33:19 Europe/Helsinki] NewDATA [INFO] Новий лічильник номер: 645936, тип: КВ-1,5 => DN 15, рік випуску: 2003, показники: 0, балансоутримувач: КП "ВДК" додано до БД користувачем [Сусло Тетяна].
[11-Oct-2024 10:33:47 Europe/Helsinki] NewDATA [INFO] Новий лічильник номер: 324234, тип: КВ-1,5 => DN 15, рік випуску: 2002, показники: 0, балансоутримувач: АТ "ОТКЕ" додано до БД користувачем [Сусло Тетяна].
[11-Oct-2024 10:33:49 Europe/Helsinki] EditDATA [INFO] За адресою просп. Левка Лукяненка, буд. 70, кв. 212 користувачем [Сусло Тетяна] було додано лічильники: 645936, 324234].
[11-Oct-2024 10:34:34 Europe/Helsinki] NewDATA [INFO] Новий лічильник номер: 215500, тип: КВ-1,5 => DN 15, рік випуску: 2015, показники: 0, балансоутримувач: КП "ВДК" додано до БД користувачем [Сусло Тетяна].
[11-Oct-2024 10:35:00 Europe/Helsinki] NewDATA [INFO] Новий лічильник номер: 194920, тип: КВ-1,5 => DN 15, рік випуску: 2015, показники: 0, балансоутримувач: АТ "ОТКЕ" додано до БД користувачем [Сусло Тетяна].
[11-Oct-2024 10:35:02 Europe/Helsinki] EditDATA [INFO] За адресою вул. 1-ої танкової бригади, буд. 20, кв. 62 користувачем [Сусло Тетяна] було додано лічильники: 215500, 194920].
[11-Oct-2024 10:35:52 Europe/Helsinki] NewDATA [INFO] Новий лічильник номер: 507363, тип: КВ-1,5 => DN 15, рік випуску: 2001, показники: 0, балансоутримувач: КП "ВДК" додано до БД користувачем [Сусло Тетяна].
[11-Oct-2024 10:36:13 Europe/Helsinki] NewDATA [INFO] Новий лічильник номер: 499966, тип: КВ-1,5 => DN 15, рік випуску: 2001, показники: 0, балансоутримувач: АТ "ОТКЕ" додано до БД користувачем [Сусло Тетяна].
[11-Oct-2024 10:36:15 Europe/Helsinki] EditDATA [INFO] За адресою вул. 1-ої танкової бригади, буд. 24, кв. 68 користувачем [Сусло Тетяна] було додано лічильники: 507363, 499966].
[11-Oct-2024 10:37:09 Europe/Helsinki] NewDATA [INFO] Новий лічильник номер: 5421383, тип: ЛК => DN 15, рік випуску: 2016, показники: 0, балансоутримувач: АТ "ОТКЕ" додано до БД користувачем [Сусло Тетяна].
[11-Oct-2024 10:37:11 Europe/Helsinki] EditDATA [INFO] За адресою вул. 1-ої танкової бригади, буд. 22, кв. 35 користувачем [Сусло Тетяна] було додано лічильники: 5421383].
[11-Oct-2024 10:38:03 Europe/Helsinki] NewDATA [INFO] Новий лічильник номер: 123177, тип: КВ-1,5 => DN 15, рік випуску: 2008, показники: 0, балансоутримувач: КП "ВДК" додано до БД користувачем [Сусло Тетяна].
[11-Oct-2024 10:38:24 Europe/Helsinki] NewDATA [INFO] Новий лічильник номер: 107254, тип: КВ-1,5 => DN 15, рік випуску: 2008, показники: 0, балансоутримувач: АТ "ОТКЕ" додано до БД користувачем [Сусло Тетяна].
[11-Oct-2024 10:38:48 Europe/Helsinki] NewDATA [INFO] Новий лічильник номер: 123712, тип: КВ-1,5 => DN 15, рік випуску: 2008, показники: 0, балансоутримувач: КП "ВДК" додано до БД користувачем [Сусло Тетяна].
[11-Oct-2024 10:39:09 Europe/Helsinki] NewDATA [INFO] Новий лічильник номер: 105339, тип: КВ-1,5 => DN 15, рік випуску: 2008, показники: 0, балансоутримувач: АТ "ОТКЕ" додано до БД користувачем [Сусло Тетяна].
[11-Oct-2024 10:39:10 Europe/Helsinki] EditDATA [INFO] За адресою вул. 1-ої танкової бригади, буд. 22, кв. 9 користувачем [Сусло Тетяна] було додано лічильники: 123177, 107254, 123712, 105339].
[11-Oct-2024 10:48:01 Europe/Helsinki] NewDATA [INFO] Нова заявка Повірка, адреса: просп. Грушевського Михайла 161, кв. 80, лічильники: БЕЗ НОМЕРА - 4 шт., вартість: 1200 грн., примітки: 15-18 додано до БД користувачем [Коваль Людмила].
[2024-10-11T10:48:19.290] [INFO] DataBase - У заявці Повірка від 11 жовтня 2024 р. за адресою просп. Грушевського Михайла, буд. 161, кв. 80 додано виконавця ЗАПЛАНОВАНІ та додано дату виконання 14 жовтня 2024 р. користувачем [Коваль Людмила].
[11-Oct-2024 10:52:54 Europe/Helsinki] NewDATA [INFO] Нова заявка Повірка, адреса: вул. Незалежності 70, кв. 60, лічильники: БЕЗ НОМЕРА - 2 шт., вартість: 600 грн., примітки: 14-18 додано до БД користувачем [Коваль Людмила].
[2024-10-11T10:54:05.057] [INFO] DataBase - У заявці Повірка від 11 жовтня 2024 р. за адресою вул. Незалежності, буд. 70, кв. 60 додано виконавця ЗАПЛАНОВАНІ та додано дату виконання 16 жовтня 2024 р. користувачем [Коваль Людмила].
[2024-10-11T10:54:11.716] [INFO] DataBase - У заявці Повірка від 11 жовтня 2024 р. за адресою вул. Льотна, буд. 22, кв. 2 додано виконавця ЗАПЛАНОВАНІ та додано дату виконання 21 жовтня 2024 р. користувачем [Сусло Тетяна].
[11-Oct-2024 10:54:52 Europe/Helsinki] EditDATA [INFO] За адресою просп. Левка Лукяненка 14, кв. 123 користувачем [Коваль Людмила] змінені номери телефонів з +38(0462)95-83-33, +38(098)079-00-63 на +38(098)079-00-63, при створенні нової заявки [Повірка] від 11.10.2024.
[11-Oct-2024 10:54:52 Europe/Helsinki] NewDATA [INFO] Нова заявка Повірка, адреса: просп. Левка Лукяненка 14, кв. 123, лічильники: БЕЗ НОМЕРА - 2 шт., вартість: 600 грн., примітки: 14-18 додано до БД користувачем [Коваль Людмила].
[11-Oct-2024 10:55:50 Europe/Helsinki] NewDATA [INFO] Нова адреса вул. Харківська, буд. 8, кв. 43, тел. +38 (093) 572-80-15 додана до БД користувачем [Коваль Людмила].
[11-Oct-2024 10:56:24 Europe/Helsinki] NewDATA [INFO] Нова заявка Повірка, адреса: вул. Харківська 8, кв. 43, лічильники: БЕЗ НОМЕРА - 2 шт., вартість: 600 грн., примітки: на 8.00 додано до БД користувачем [Коваль Людмила].
[2024-10-11T10:56:43.564] [INFO] DataBase - У заявці Повірка від 11 жовтня 2024 р. за адресою вул. Харківська, буд. 8, кв. 43 додано виконавця ЗАПЛАНОВАНІ та додано дату виконання 15 жовтня 2024 р. користувачем [Коваль Людмила].
[11-Oct-2024 10:57:47 Europe/Helsinki] EditDATA [INFO] За адресою вул. Любецька 11, кв. 110 користувачем [Коваль Людмила] змінені номери телефонів з +38(097)994-43-38, +38(099)776-24-47 на +38(093)453-59-56, при створенні нової заявки [Повірка] від 11.10.2024.
[11-Oct-2024 10:57:47 Europe/Helsinki] NewDATA [INFO] Нова заявка Повірка, адреса: вул. Любецька 11, кв. 110, лічильники: БЕЗ НОМЕРА - 2 шт., вартість: 600 грн., примітки: 17-19 додано до БД користувачем [Коваль Людмила].
[2024-10-11T10:58:01.663] [INFO] DataBase - У заявці Повірка від 11 жовтня 2024 р. за адресою вул. Любецька, буд. 11, кв. 110 додано виконавця ЗАПЛАНОВАНІ та додано дату виконання 17 жовтня 2024 р. користувачем [Коваль Людмила].
[11-Oct-2024 10:58:41 Europe/Helsinki] NewDATA [INFO] Нова адреса вул. Волковича, буд. 7, кв. 52, тел. +38 (093) 882-10-75 додана до БД користувачем [Коваль Людмила].
[11-Oct-2024 10:59:08 Europe/Helsinki] NewDATA [INFO] Нова заявка Повірка, адреса: вул. Волковича 7, кв. 52, лічильники: БЕЗ НОМЕРА - 2 шт., вартість: 600 грн., примітки: 14-18 додано до БД користувачем [Коваль Людмила].
[2024-10-11T10:59:30.392] [INFO] DataBase - У заявці Повірка від 11 жовтня 2024 р. за адресою вул. Волковича, буд. 7, кв. 52 додано виконавця ЗАПЛАНОВАНІ та додано дату виконання 15 жовтня 2024 р. користувачем [Коваль Людмила].
[11-Oct-2024 11:02:04 Europe/Helsinki] EditDATA [INFO] Для заявки Повірка від 11.10.2024 користувачем [Сусло Тетяна] змінено виконавця з ЗАПЛАНОВАНІ на Ващенко.
[11-Oct-2024 11:02:27 Europe/Helsinki] EditDATA [INFO] Для заявки Повірка від 10.10.2024 користувачем [Сусло Тетяна] змінено виконавця з ЗАПЛАНОВАНІ на Осипенко.
[11-Oct-2024 11:02:42 Europe/Helsinki] EditDATA [INFO] Для заявки Повірка від 10.10.2024 користувачем [Сусло Тетяна] змінено виконавця з ЗАПЛАНОВАНІ на Ващенко.
[11-Oct-2024 11:02:56 Europe/Helsinki] EditDATA [INFO] Для заявки Повірка від 10.10.2024 користувачем [Сусло Тетяна] змінено виконавця з ЗАПЛАНОВАНІ на Осипенко.
[11-Oct-2024 11:03:16 Europe/Helsinki] EditDATA [INFO] Для заявки Повірка від 10.10.2024 користувачем [Сусло Тетяна] змінено виконавця з ЗАПЛАНОВАНІ на Осипенко.
[11-Oct-2024 11:03:35 Europe/Helsinki] EditDATA [INFO] Для заявки Повірка від 09.10.2024 користувачем [Сусло Тетяна] змінено виконавця з ЗАПЛАНОВАНІ на Осипенко.
[11-Oct-2024 11:03:47 Europe/Helsinki] EditDATA [INFO] За адресою вул. Савчука 7, кв. 105 користувачем [Сміян Альона] змінені номери телефонів з +38(098)439-24-85 на +38(068)035-86-58, при створенні нової заявки [Повірка] від 11.10.2024.
[11-Oct-2024 11:03:47 Europe/Helsinki] NewDATA [INFO] Нова заявка Повірка, адреса: вул. Савчука 7, кв. 105, лічильники: БЕЗ НОМЕРА - 4 шт., вартість: 1200 грн., примітки: 8-13 30хв додано до БД користувачем [Сміян Альона].
[2024-10-11T11:03:53.154] [INFO] DataBase - У заявці Повірка від 11 жовтня 2024 р. за адресою вул. Савчука, буд. 7, кв. 105 додано виконавця ЗАПЛАНОВАНІ та додано дату виконання 15 жовтня 2024 р. користувачем [Сміян Альона].
[11-Oct-2024 11:04:01 Europe/Helsinki] EditDATA [INFO] Для заявки Повірка від 10.10.2024 користувачем [Сусло Тетяна] змінено виконавця з ЗАПЛАНОВАНІ на Ващенко.
[11-Oct-2024 11:04:24 Europe/Helsinki] EditDATA [INFO] Для заявки Повірка від 10.10.2024 користувачем [Сусло Тетяна] змінено виконавця з ЗАПЛАНОВАНІ на Ващенко.
[11-Oct-2024 11:20:39 Europe/Helsinki] NewDATA [INFO] Нова адреса вул. 1-ї Гвардійської Армії, буд. 4, кв. 228, тел. +38 (063) 545-69-27 додана до БД користувачем [Коваль Людмила].
[11-Oct-2024 11:23:39 Europe/Helsinki] NewDATA [INFO] Нова заявка Повірка, адреса: вул. 1-ї Гвардійської Армії 4, кв. 228, лічильники: БЕЗ НОМЕРА - 4 шт., вартість: 1200 грн., примітки: 8-13,пер.за 10 хв додано до БД користувачем [Коваль Людмила].
[2024-10-11T11:23:58.066] [INFO] DataBase - У заявці Повірка від 11 жовтня 2024 р. за адресою вул. 1-ї Гвардійської Армії, буд. 4, кв. 228 додано виконавця ЗАПЛАНОВАНІ та додано дату виконання 15 жовтня 2024 р. користувачем [Коваль Людмила].
[11-Oct-2024 11:24:33 Europe/Helsinki] NewDATA [INFO] Нова адреса вул. Незалежності, буд. 12, кв. 47, тел. +38 (063) 545-69-27 додана до БД користувачем [Коваль Людмила].
[11-Oct-2024 11:25:04 Europe/Helsinki] NewDATA [INFO] Нова заявка Повірка, адреса: вул. Незалежності 12, кв. 47, лічильники: БЕЗ НОМЕРА - 2 шт., вартість: 600 грн., примітки: 8-13 додано до БД користувачем [Коваль Людмила].
[2024-10-11T11:25:19.218] [INFO] DataBase - У заявці Повірка від 11 жовтня 2024 р. за адресою вул. Незалежності, буд. 12, кв. 47 додано виконавця ЗАПЛАНОВАНІ та додано дату виконання 16 жовтня 2024 р. користувачем [Коваль Людмила].
[11-Oct-2024 11:25:35 Europe/Helsinki] EditDATA [INFO] Для заявки Повірка від 10.10.2024 користувачем [Сусло Тетяна] змінено виконавця з ЗАПЛАНОВАНІ на Ващенко.
[11-Oct-2024 11:25:48 Europe/Helsinki] EditDATA [INFO] Для заявки Повірка від 10.10.2024 користувачем [Сусло Тетяна] змінено виконавця з ЗАПЛАНОВАНІ на Ващенко.
[11-Oct-2024 11:26:01 Europe/Helsinki] EditDATA [INFO] Для заявки Повірка від 10.10.2024 користувачем [Сусло Тетяна] змінено виконавця з ЗАПЛАНОВАНІ на Ващенко.
[11-Oct-2024 11:37:40 Europe/Helsinki] EditDATA [INFO] За адресою просп. Перемоги 102, кв. 22 користувачем [Сусло Тетяна] змінені номери телефонів з +38(093)132-73-74, +38(097)059-41-68 на +38(063)720-40-67, +38(097)059-41-68, при створенні нової заявки [Повірка] від 11.10.2024.
[11-Oct-2024 11:37:40 Europe/Helsinki] NewDATA [INFO] Нова заявка Повірка, адреса: просп. Перемоги 102, кв. 22, лічильники: БЕЗ НОМЕРА - 2 шт., вартість: 600 грн., примітки: 13-17, за 1 год додано до БД користувачем [Сусло Тетяна].
[2024-10-11T11:37:45.042] [INFO] DataBase - У заявці Повірка від 11 жовтня 2024 р. за адресою просп. Перемоги, буд. 102, кв. 22 додано виконавця ЗАПЛАНОВАНІ та додано дату виконання 14 жовтня 2024 р. користувачем [Сусло Тетяна].
[11-Oct-2024 11:55:38 Europe/Helsinki] NewDATA [INFO] Нова адреса просп. Грушевського Михайла, буд. 157, кв. 41, тел. +38 (097) 703-28-12 додана до БД користувачем [Сміян Альона].
[11-Oct-2024 11:56:28 Europe/Helsinki] NewDATA [INFO] Нова заявка Повірка, адреса: просп. Грушевського Михайла 157, кв. 41, лічильники: БЕЗ НОМЕРА - 4 шт., вартість: 1200 грн., примітки: 8-13 30хв додано до БД користувачем [Сміян Альона].
[2024-10-11T11:56:34.225] [INFO] DataBase - У заявці Повірка від 11 жовтня 2024 р. за адресою просп. Грушевського Михайла, буд. 157, кв. 41 додано виконавця ЗАПЛАНОВАНІ та додано дату виконання 28 жовтня 2024 р. користувачем [Сміян Альона].
[11-Oct-2024 12:09:20 Europe/Helsinki] EditDATA [INFO] За адресою вул. Савчука 3, кв. 37 користувачем [Сусло Тетяна] змінені номери телефонів з +38(093)914-30-11, +38(0462)66-62-10 на +38(099)159-42-89, при створенні нової заявки [Повірка] від 11.10.2024.
[11-Oct-2024 12:09:20 Europe/Helsinki] NewDATA [INFO] Нова заявка Повірка, адреса: вул. Савчука 3, кв. 37, лічильники: БЕЗ НОМЕРА - 2 шт., вартість: 600 грн., примітки: 14-17, 1 год додано до БД користувачем [Сусло Тетяна].
[2024-10-11T12:09:33.373] [INFO] DataBase - У заявці Повірка від 11 жовтня 2024 р. за адресою вул. Савчука, буд. 3, кв. 37 додано виконавця ЗАПЛАНОВАНІ та додано дату виконання 15 жовтня 2024 р. користувачем [Сусло Тетяна].
[11-Oct-2024 12:10:00 Europe/Helsinki] EditDATA [INFO] Для заявки Повірка від 11.10.2024 користувачем [Сусло Тетяна] змінено виконавця з Ващенко на ЗАПЛАНОВАНІ.
[11-Oct-2024 12:10:45 Europe/Helsinki] NewDATA [INFO] Нова заявка Повірка, адреса: просп. Грушевського Михайла 163, кв. 78, лічильники: БЕЗ НОМЕРА - 2 шт., вартість: 600 грн., примітки: 13-17 додано до БД користувачем [Сусло Тетяна].
[2024-10-11T12:10:50.030] [INFO] DataBase - У заявці Повірка від 11 жовтня 2024 р. за адресою просп. Грушевського Михайла, буд. 163, кв. 78 додано виконавця ЗАПЛАНОВАНІ та додано дату виконання 14 жовтня 2024 р. користувачем [Сусло Тетяна].
[11-Oct-2024 12:24:21 Europe/Helsinki] NewDATA [INFO] Нова адреса вул. Богуна Івана, буд. 43, кв. 68, тел. +38 (063) 720-69-43 додана до БД користувачем [Сусло Тетяна].
[11-Oct-2024 12:25:01 Europe/Helsinki] NewDATA [INFO] Нова заявка Повірка, адреса: вул. Богуна Івана 43, кв. 68, лічильники: БЕЗ НОМЕРА - 4 шт., вартість: 1200 грн., примітки: 8-13, за 1 год додано до БД користувачем [Сусло Тетяна].
[2024-10-11T12:25:07.827] [INFO] DataBase - У заявці Повірка від 11 жовтня 2024 р. за адресою вул. Богуна Івана, буд. 43, кв. 68 додано виконавця ЗАПЛАНОВАНІ та додано дату виконання 14 жовтня 2024 р. користувачем [Сусло Тетяна].
[11-Oct-2024 12:39:19 Europe/Helsinki] EditDATA [INFO] Для заявки Заміна від 30.09.2024 користувачем [Сміян Альона] змінено примітки з №0200201897, 1хв, після 11.10.2024 на №0200201897, 1хв, 8-13.
[2024-10-11T12:39:27.436] [INFO] DataBase - У заявці Заміна від 30 вересня 2024 р. за адресою вул. Освіти, буд. 86, кв. 119 додано дату виконання 15 жовтня 2024 р. користувачем [Сміян Альона].
[11-Oct-2024 12:54:09 Europe/Helsinki] EditDATA [INFO] За адресою вул. Всіхсвятська 18 корпус Б, кв. 10 користувачем [Сміян Альона] змінені номери телефонів з +38(093)782-53-37, +38(093)821-53-37 на +38(093)187-31-09, при створенні нової заявки [Повірка] від 11.10.2024.
[11-Oct-2024 12:54:09 Europe/Helsinki] NewDATA [INFO] Нова заявка Повірка, адреса: вул. Всіхсвятська 18 корпус Б, кв. 10, лічильники: БЕЗ НОМЕРА - 2 шт., вартість: 600 грн., примітки: 15-18 звонить в кв.7 додано до БД користувачем [Сміян Альона].
[2024-10-11T12:54:17.214] [INFO] DataBase - У заявці Повірка від 11 жовтня 2024 р. за адресою вул. Всіхсвятська, буд. 18, корп. Б, кв. 10 додано виконавця ЗАПЛАНОВАНІ та додано дату виконання 17 жовтня 2024 р. користувачем [Сміян Альона].
[11-Oct-2024 13:03:57 Europe/Helsinki] EditDATA [INFO] Для заявки Повірка від 03.10.2024 користувачем [Коваль Людмила] змінено виконавця з ЗАПЛАНОВАНІ на Осипенко.
[11-Oct-2024 13:04:52 Europe/Helsinki] EditDATA [INFO] За адресою вул. Радченка Вячеслава 6, кв. 30 користувачем [Сміян Альона] змінені номери телефонів з +38(050)622-93-70, +38(050)622-93-69 на +38(093)585-88-95, при створенні нової заявки [Повірка] від 11.10.2024.
[11-Oct-2024 13:04:52 Europe/Helsinki] NewDATA [INFO] Нова заявка Повірка, адреса: вул. Радченка Вячеслава 6, кв. 30, лічильники: БЕЗ НОМЕРА - 2 шт., примітки: 8-13 30хв додано до БД користувачем [Сміян Альона].
[2024-10-11T13:05:07.092] [INFO] DataBase - У заявці Повірка від 11 жовтня 2024 р. за адресою вул. Радченка Вячеслава, буд. 6, кв. 30 додано виконавця ЗАПЛАНОВАНІ та додано дату виконання 17 жовтня 2024 р. користувачем [Сміян Альона].
[11-Oct-2024 13:11:16 Europe/Helsinki] DellTASK [INFO] Повірка від 08.10.2024 для адреси вул. Довженка, буд. 125, корп. А, кв. 11 для лічильника БЕЗ НОМЕРА - 1 шт. було завершено користувачем [Коваль Людмила] з коментарем: відмова.
[11-Oct-2024 13:12:07 Europe/Helsinki] NewDATA [INFO] Новий лічильник номер: 136324, тип: КВ-1,5 => DN 15, рік випуску: 2004, показники: 0, балансоутримувач: КП "ВДК" додано до БД користувачем [Коваль Людмила].
[11-Oct-2024 13:12:12 Europe/Helsinki] EditDATA [INFO] Для заявки Повірка від 07.10.2024 користувачем [Коваль Людмила] лічильник БЕЗ НОМЕРА ідентифіковано як 136324.
[11-Oct-2024 13:12:55 Europe/Helsinki] NewDATA [INFO] Новий лічильник номер: 061376, тип: КВ-1,5 => DN 15, рік випуску: 2020, показники: 0, балансоутримувач: КП "ТКЕ" додано до БД користувачем [Коваль Людмила].
[11-Oct-2024 13:12:59 Europe/Helsinki] EditDATA [INFO] Для заявки Повірка від 07.10.2024 користувачем [Коваль Людмила] лічильник БЕЗ НОМЕРА ідентифіковано як 061376.
[11-Oct-2024 13:13:11 Europe/Helsinki] DellTASK [INFO] Повірка від 07.10.2024 для адреси вул. Хлібопекарська, буд. 18, кв. 69 для лічильників 136324, 061376 було завершено користувачем [Коваль Людмила] з коментарем: виконано.
[11-Oct-2024 13:16:03 Europe/Helsinki] EditDATA [INFO] Для заявки Повірка від 10.10.2024 користувачем [Коваль Людмила] змінено виконавця з ЗАПЛАНОВАНІ на Сірий.
[11-Oct-2024 13:16:15 Europe/Helsinki] EditDATA [INFO] Для заявки Повірка від 11.10.2024 користувачем [Коваль Людмила] змінено виконавця з ЗАПЛАНОВАНІ на Сірий.
[11-Oct-2024 13:16:29 Europe/Helsinki] EditDATA [INFO] Для заявки Повірка від 10.10.2024 користувачем [Коваль Людмила] змінено виконавця з ЗАПЛАНОВАНІ на Сірий.
[11-Oct-2024 13:17:13 Europe/Helsinki] EditDATA [INFO] Для заявки Повірка від 11.10.2024 користувачем [Коваль Людмила] змінено виконавця з ЗАПЛАНОВАНІ на Сірий.
[11-Oct-2024 13:17:28 Europe/Helsinki] EditDATA [INFO] Для заявки Повірка від 10.10.2024 користувачем [Коваль Людмила] змінено виконавця з ЗАПЛАНОВАНІ на Сірий.
[11-Oct-2024 13:17:39 Europe/Helsinki] EditDATA [INFO] Для заявки Повірка від 10.10.2024 користувачем [Коваль Людмила] змінено виконавця з ЗАПЛАНОВАНІ на Сірий.
[11-Oct-2024 13:17:54 Europe/Helsinki] EditDATA [INFO] Для заявки Повірка від 09.10.2024 користувачем [Коваль Людмила] змінено виконавця з ЗАПЛАНОВАНІ на Сірий.
[11-Oct-2024 13:18:11 Europe/Helsinki] EditDATA [INFO] Для заявки Повірка від 07.10.2024 користувачем [Коваль Людмила] змінено виконавця з ЗАПЛАНОВАНІ на Сірий.
[11-Oct-2024 13:18:25 Europe/Helsinki] EditDATA [INFO] Для заявки Повірка від 04.10.2024 користувачем [Коваль Людмила] змінено виконавця з ЗАПЛАНОВАНІ на Сірий.
[11-Oct-2024 13:19:23 Europe/Helsinki] EditDATA [INFO] Для заявки Повірка від 08.10.2024 користувачем [Коваль Людмила] змінено виконавця з ЗАПЛАНОВАНІ на Шкуліпа.
[11-Oct-2024 13:20:20 Europe/Helsinki] EditDATA [INFO] Для заявки Повірка від 10.10.2024 користувачем [Коваль Людмила] змінено виконавця з ЗАПЛАНОВАНІ на Ващенко.
[11-Oct-2024 13:23:49 Europe/Helsinki] EditDATA [INFO] Для заявки Повірка від 10.10.2024 користувачем [Коваль Людмила] змінено виконавця з ЗАПЛАНОВАНІ на Богомаз.
[11-Oct-2024 13:23:55 Europe/Helsinki] EditDATA [INFO] Для заявки Повірка від 11.10.2024 користувачем [Сусло Тетяна] змінено виконавця з ЗАПЛАНОВАНІ на Шкуліпа.
[11-Oct-2024 13:24:05 Europe/Helsinki] EditDATA [INFO] Для заявки Повірка від 11.10.2024 користувачем [Сусло Тетяна] змінено виконавця з ЗАПЛАНОВАНІ на Шкуліпа.
[11-Oct-2024 13:24:17 Europe/Helsinki] EditDATA [INFO] Для заявки Повірка від 10.10.2024 користувачем [Коваль Людмила] змінено виконавця з ЗАПЛАНОВАНІ на Шкуліпа.
[11-Oct-2024 13:24:33 Europe/Helsinki] EditDATA [INFO] Для заявки Повірка від 27.09.2024 користувачем [Коваль Людмила] змінено виконавця з ЗАПЛАНОВАНІ на Богомаз.
[11-Oct-2024 13:24:37 Europe/Helsinki] EditDATA [INFO] Для заявки Повірка від 10.10.2024 користувачем [Сусло Тетяна] змінено виконавця з ЗАПЛАНОВАНІ на Шкуліпа.
[11-Oct-2024 13:24:48 Europe/Helsinki] EditDATA [INFO] Для заявки Повірка від 10.10.2024 користувачем [Коваль Людмила] змінено виконавця з ЗАПЛАНОВАНІ на Богомаз.
[11-Oct-2024 13:24:52 Europe/Helsinki] EditDATA [INFO] Для заявки Повірка від 07.10.2024 користувачем [Сусло Тетяна] змінено виконавця з ЗАПЛАНОВАНІ на Шкуліпа.
[11-Oct-2024 13:24:59 Europe/Helsinki] EditDATA [INFO] Для заявки Повірка від 09.10.2024 користувачем [Коваль Людмила] змінено виконавця з ЗАПЛАНОВАНІ на Богомаз.
[11-Oct-2024 13:25:19 Europe/Helsinki] EditDATA [INFO] Для заявки Повірка від 09.10.2024 користувачем [Коваль Людмила] змінено виконавця з ЗАПЛАНОВАНІ на Богомаз.
[11-Oct-2024 13:25:59 Europe/Helsinki] EditDATA [INFO] Для заявки Повірка від 10.10.2024 користувачем [Коваль Людмила] змінено виконавця з ЗАПЛАНОВАНІ на Шкуліпа.
[11-Oct-2024 13:33:42 Europe/Helsinki] NewDATA [INFO] Новий лічильник номер: 5249881, тип: ЛК => DN 15, рік випуску: 2015, показники: 0, балансоутримувач: КП "ВДК" додано до БД користувачем [Коваль Людмила].
[11-Oct-2024 13:33:45 Europe/Helsinki] EditDATA [INFO] Для заявки Повірка від 07.10.2024 користувачем [Коваль Людмила] лічильник БЕЗ НОМЕРА ідентифіковано як 5249881.
[11-Oct-2024 13:34:13 Europe/Helsinki] NewDATA [INFO] Новий лічильник номер: 5204323, тип: ЛК => DN 15, рік випуску: 2015, показники: 0, балансоутримувач: КП "ТКЕ" додано до БД користувачем [Коваль Людмила].
[11-Oct-2024 13:34:16 Europe/Helsinki] EditDATA [INFO] Для заявки Повірка від 07.10.2024 користувачем [Коваль Людмила] лічильник БЕЗ НОМЕРА ідентифіковано як 5204323.
[11-Oct-2024 13:34:28 Europe/Helsinki] DellTASK [INFO] Повірка від 07.10.2024 для адреси вул. Мазепи Івана, буд. 37, кв. 103 для лічильників 5249881, 5204323 було завершено користувачем [Коваль Людмила] з коментарем: виконано.
[11-Oct-2024 13:35:03 Europe/Helsinki] NewDATA [INFO] Новий лічильник номер: 4264667, тип: ЛК => DN 15, рік випуску: 2014, показники: 0, балансоутримувач: КП "ВДК" додано до БД користувачем [Коваль Людмила].
[11-Oct-2024 13:35:06 Europe/Helsinki] EditDATA [INFO] Для заявки Повірка від 04.10.2024 користувачем [Коваль Людмила] лічильник БЕЗ НОМЕРА ідентифіковано як 4264667.
[11-Oct-2024 13:35:17 Europe/Helsinki] DellTASK [INFO] Повірка від 04.10.2024 для адреси вул. Попова, буд. 31, корп. В, кв. 280 для лічильника 4264667 було завершено користувачем [Коваль Людмила] з коментарем: виконано.
[11-Oct-2024 13:36:05 Europe/Helsinki] NewDATA [INFO] Новий лічильник номер: 230355, тип: КВ-1,5 => DN 15, рік випуску: 2013, показники: 0, балансоутримувач: КП "ВДК" додано до БД користувачем [Коваль Людмила].
[11-Oct-2024 13:36:09 Europe/Helsinki] EditDATA [INFO] Для заявки Повірка від 10.10.2024 користувачем [Коваль Людмила] лічильник БЕЗ НОМЕРА ідентифіковано як 230355.
[11-Oct-2024 13:36:21 Europe/Helsinki] DellTASK [INFO] Повірка від 10.10.2024 для адреси вул. Мазепи Івана, буд. 72, корп. А, кв. 55 для лічильників 230355, БЕЗ НОМЕРА - 1 шт. було завершено користувачем [Коваль Людмила] з коментарем: виконано.
[11-Oct-2024 13:37:24 Europe/Helsinki] NewDATA [INFO] Новий лічильник номер: 2034331, тип: СК => DN 15, рік випуску: 2002, показники: 0, балансоутримувач: КП "ВДК" додано до БД користувачем [Коваль Людмила].
[11-Oct-2024 13:37:54 Europe/Helsinki] EditDATA [INFO] Для заявки Повірка від 08.10.2024 користувачем [Коваль Людмила] лічильник БЕЗ НОМЕРА ідентифіковано як 2034331.
[11-Oct-2024 13:37:54 Europe/Helsinki] EditDATA [INFO] Для заявки Повірка від 08.10.2024 користувачем [Коваль Людмила] лічильник БЕЗ НОМЕРА ідентифіковано як 2034331.
[11-Oct-2024 13:38:21 Europe/Helsinki] NewDATA [INFO] Новий лічильник номер: 2147958, тип: СК => DN 15, рік випуску: 2002, показники: 0, балансоутримувач: КП "ТКЕ" додано до БД користувачем [Коваль Людмила].
[11-Oct-2024 13:38:25 Europe/Helsinki] EditDATA [INFO] Для заявки Повірка від 08.10.2024 користувачем [Коваль Людмила] лічильник БЕЗ НОМЕРА ідентифіковано як 2147958.
[11-Oct-2024 13:38:35 Europe/Helsinki] DellTASK [INFO] Повірка від 08.10.2024 для адреси вул. Ушинського, буд. 6, корп. А, кв. 115 для лічильників 2034331, 2147958 було завершено користувачем [Коваль Людмила] з коментарем: виконано.
[11-Oct-2024 13:44:40 Europe/Helsinki] NewDATA [INFO] Нова адреса вул. Пятницька, буд. 80, кв. 104 додана до БД користувачем [Сусло Тетяна].
[11-Oct-2024 13:45:39 Europe/Helsinki] EditDATA [INFO] За адресою вул. Пятницька 80, кв. 104 користувачем [Сусло Тетяна] додано номер телефону +38(093)712-10-01, при створенні нової заявки [Повірка] від 11.10.2024.
[11-Oct-2024 13:45:39 Europe/Helsinki] NewDATA [INFO] Нова заявка Повірка, адреса: вул. Пятницька 80, кв. 104, лічильники: БЕЗ НОМЕРА - 4 шт., вартість: 1200 грн., примітки: 13-17, за 30 хв додано до БД користувачем [Сусло Тетяна].
[2024-10-11T13:45:44.145] [INFO] DataBase - У заявці Повірка від 11 жовтня 2024 р. за адресою вул. Пятницька, буд. 80, кв. 104 додано виконавця Шкуліпа та додано дату виконання 14 жовтня 2024 р. користувачем [Сусло Тетяна].
[11-Oct-2024 13:46:35 Europe/Helsinki] EditDATA [INFO] За адресою просп. Миру 61, кв. 67 користувачем [Коваль Людмила] змінені номери телефонів з +38(068)223-14-66 на +38(068)223-14-66, +38(099)270-16-02, при створенні нової заявки [Заміна] від 11.10.2024.
[11-Oct-2024 13:46:35 Europe/Helsinki] NewDATA [INFO] Нова заявка Заміна, адреса: просп. Миру 61, кв. 67, лічильники: БЕЗ НОМЕРА - 1 шт., вартість: 1060 грн., примітки: 8-10,хол.с/в додано до БД користувачем [Коваль Людмила].
[2024-10-11T13:46:55.627] [INFO] DataBase - У заявці Заміна від 11 жовтня 2024 р. за адресою просп. Миру, буд. 61, кв. 67 додано виконавця Баранов та додано дату виконання 17 жовтня 2024 р. користувачем [Коваль Людмила].
[11-Oct-2024 13:50:40 Europe/Helsinki] NewDATA [INFO] Новий лічильник номер: 003010, тип: КВ-1,5 => DN 15, рік випуску: 2008, показники: 0, балансоутримувач: КП "ТКЕ" додано до БД користувачем [Коваль Людмила].
[11-Oct-2024 13:51:04 Europe/Helsinki] EditDATA [INFO] Для заявки Повірка від 07.10.2024 користувачем [Коваль Людмила] лічильник БЕЗ НОМЕРА ідентифіковано як 003010.
[11-Oct-2024 13:51:15 Europe/Helsinki] DellTASK [INFO] Повірка від 07.10.2024 для адреси вул. Самоквасова Дмитра, буд. 20, кв. 180 для лічильника 003010 було завершено користувачем [Коваль Людмила] з коментарем: виконано.
[11-Oct-2024 13:51:55 Europe/Helsinki] NewDATA [INFO] Новий лічильник номер: 4283522, тип: ЛК => DN 15, рік випуску: 2014, показники: 0, балансоутримувач: КП "ВДК" додано до БД користувачем [Коваль Людмила].
[11-Oct-2024 13:51:58 Europe/Helsinki] EditDATA [INFO] Для заявки Повірка від 09.10.2024 користувачем [Коваль Людмила] лічильник БЕЗ НОМЕРА ідентифіковано як 4283522.
[11-Oct-2024 13:52:29 Europe/Helsinki] NewDATA [INFO] Новий лічильник номер: 4236590, тип: ЛК => DN 15, рік випуску: 2014, показники: 0, балансоутримувач: КП "ТКЕ" додано до БД користувачем [Коваль Людмила].
[11-Oct-2024 13:52:33 Europe/Helsinki] EditDATA [INFO] Для заявки Повірка від 09.10.2024 користувачем [Коваль Людмила] лічильник БЕЗ НОМЕРА ідентифіковано як 4236590.
[11-Oct-2024 13:52:44 Europe/Helsinki] DellTASK [INFO] Повірка від 09.10.2024 для адреси вул. Толстого, буд. 136, кв. 55 для лічильників 4283522, 4236590 було завершено користувачем [Коваль Людмила] з коментарем: виконано.
[11-Oct-2024 13:53:33 Europe/Helsinki] NewDATA [INFO] Новий лічильник номер: 721907, тип: КВ-1,5 => DN 15, рік випуску: 2005, показники: 0, балансоутримувач: КП "ВДК" додано до БД користувачем [Коваль Людмила].
[11-Oct-2024 13:58:05 Europe/Helsinki] NewDATA [INFO] Нова адреса вул. курсанта Єськова, буд. 14, корп. А, кв. 77, тел. +38 (068) 092-99-95 додана до БД користувачем [Сміян Альона].
[11-Oct-2024 13:58:10 Europe/Helsinki] EditDATA [INFO] За адресою вул. курсанта Єськова 14 корпус Б, кв. 88 користувачем [Коваль Людмила] змінені номери телефонів з +38(097)910-65-60 на +38(066)669-51-31, при створенні нової заявки [Повірка] від 11.10.2024.
[11-Oct-2024 13:58:10 Europe/Helsinki] NewDATA [INFO] Нова заявка Повірка, адреса: вул. курсанта Єськова 14 корпус Б, кв. 88, лічильники: БЕЗ НОМЕРА - 1 шт., вартість: 300 грн., примітки: 8-13 додано до БД користувачем [Коваль Людмила].
[2024-10-11T13:58:27.053] [INFO] DataBase - У заявці Повірка від 11 жовтня 2024 р. за адресою вул. курсанта Єськова, буд. 14, корп. Б, кв. 88 додано виконавця Осипенко та додано дату виконання 16 жовтня 2024 р. користувачем [Коваль Людмила].
[11-Oct-2024 13:59:00 Europe/Helsinki] NewDATA [INFO] Нова заявка Повірка, адреса: вул. Льотна 11 корпус А, кв. 26, лічильники: БЕЗ НОМЕРА - 1 шт., вартість: 300 грн., примітки: 14-18 додано до БД користувачем [Коваль Людмила].
[11-Oct-2024 13:59:07 Europe/Helsinki] NewDATA [INFO] Нова заявка Повірка, адреса: вул. курсанта Єськова 14 корпус А, кв. 77, лічильники: БЕЗ НОМЕРА - 2 шт., вартість: 600 грн., примітки: 8-13 додано до БД користувачем [Сміян Альона].
[2024-10-11T13:59:12.168] [INFO] DataBase - У заявці Повірка від 11 жовтня 2024 р. за адресою вул. курсанта Єськова, буд. 14, корп. А, кв. 77 додано виконавця ЗАПЛАНОВАНІ та додано дату виконання 16 жовтня 2024 р. користувачем [Сміян Альона].
[2024-10-11T13:59:15.823] [INFO] DataBase - У заявці Повірка від 11 жовтня 2024 р. за адресою вул. курсанта Єськова, буд. 14, корп. Б, кв. 88 видалено дату виконання 16 жовтня 2024 р. користувачем [Коваль Людмила].
[2024-10-11T14:00:07.742] [INFO] DataBase - У заявці Повірка від 11 жовтня 2024 р. за адресою вул. курсанта Єськова, буд. 14, корп. Б, кв. 88 додано дату виконання 16 жовтня 2024 р. користувачем [Коваль Людмила].
[2024-10-11T14:00:43.370] [INFO] DataBase - У заявці Повірка від 11 жовтня 2024 р. за адресою вул. Льотна, буд. 11, корп. А, кв. 26 додано виконавця ЗАПЛАНОВАНІ та додано дату виконання 18 жовтня 2024 р. користувачем [Коваль Людмила].
[11-Oct-2024 14:01:23 Europe/Helsinki] NewDATA [INFO] Нова адреса вул. Всіхсвятська, буд. 8, кв. 78, тел. +38 (096) 998-69-09 додана до БД користувачем [Коваль Людмила].
[11-Oct-2024 14:01:52 Europe/Helsinki] NewDATA [INFO] Нова заявка Повірка, адреса: вул. Всіхсвятська 8, кв. 78, лічильники: БЕЗ НОМЕРА - 2 шт., вартість: 600 грн., примітки: 8-13 додано до БД користувачем [Коваль Людмила].
[2024-10-11T14:02:13.386] [INFO] DataBase - У заявці Повірка від 11 жовтня 2024 р. за адресою вул. Всіхсвятська, буд. 8, кв. 78 додано виконавця ЗАПЛАНОВАНІ та додано дату виконання 22 жовтня 2024 р. користувачем [Коваль Людмила].
[11-Oct-2024 14:03:01 Europe/Helsinki] EditDATA [INFO] За адресою вул. Захисників України 13 корпус А, кв. 8 користувачем [Коваль Людмила] змінені номери телефонів з +38(066)143-93-79 на +38(066)955-31-98, при створенні нової заявки [Повірка] від 11.10.2024.
[11-Oct-2024 14:03:01 Europe/Helsinki] NewDATA [INFO] Нова заявка Повірка, адреса: вул. Захисників України 13 корпус А, кв. 8, лічильники: БЕЗ НОМЕРА - 2 шт., вартість: 600 грн., примітки: 8-13 додано до БД користувачем [Коваль Людмила].
[2024-10-11T14:03:22.243] [INFO] DataBase - У заявці Повірка від 11 жовтня 2024 р. за адресою вул. Захисників України, буд. 13, корп. А, кв. 8 додано виконавця ЗАПЛАНОВАНІ та додано дату виконання 17 жовтня 2024 р. користувачем [Коваль Людмила].
[11-Oct-2024 14:05:04 Europe/Helsinki] EditDATA [INFO] Для заявки Повірка від 03.10.2024 користувачем [Коваль Людмила] лічильник БЕЗ НОМЕРА ідентифіковано як 721907.
[11-Oct-2024 14:05:13 Europe/Helsinki] DellTASK [INFO] Повірка від 03.10.2024 для адреси вул. Толстого, буд. 142, кв. 5 для лічильника 721907 було завершено користувачем [Коваль Людмила] з коментарем: виконано.
[11-Oct-2024 14:05:58 Europe/Helsinki] NewDATA [INFO] Новий лічильник номер: 708049, тип: КВ-1,5 => DN 15, рік випуску: 2003, показники: 0, балансоутримувач: КП "ВДК" додано до БД користувачем [Коваль Людмила].
[11-Oct-2024 14:06:02 Europe/Helsinki] EditDATA [INFO] Для заявки Повірка від 04.10.2024 користувачем [Коваль Людмила] лічильник БЕЗ НОМЕРА ідентифіковано як 708049.
[11-Oct-2024 14:06:29 Europe/Helsinki] NewDATA [INFO] Новий лічильник номер: 699393, тип: КВ-1,5 => DN 15, рік випуску: 2003, показники: 0, балансоутримувач: КП "ТКЕ" додано до БД користувачем [Коваль Людмила].
[11-Oct-2024 14:06:32 Europe/Helsinki] EditDATA [INFO] Для заявки Повірка від 04.10.2024 користувачем [Коваль Людмила] лічильник БЕЗ НОМЕРА ідентифіковано як 699393.
[11-Oct-2024 14:06:42 Europe/Helsinki] DellTASK [INFO] Повірка від 04.10.2024 для адреси вул. Самоквасова Дмитра, буд. 16, кв. 86 для лічильників 708049, 699393 було завершено користувачем [Коваль Людмила] з коментарем: виконано.
[11-Oct-2024 14:07:06 Europe/Helsinki] DellTASK [INFO] Повірка від 07.10.2024 для адреси вул. Текстильників, буд. 20, кв. 4 для лічильника БЕЗ НОМЕРА - 2 шт. було завершено користувачем [Коваль Людмила] з коментарем: відмсова.
[11-Oct-2024 14:07:47 Europe/Helsinki] NewDATA [INFO] Новий лічильник номер: 175074, тип: КВ-1,5 => DN 15, рік випуску: 2003, показники: 0, балансоутримувач: КП "ТКЕ" додано до БД користувачем [Коваль Людмила].
[11-Oct-2024 14:07:50 Europe/Helsinki] EditDATA [INFO] Для заявки Повірка від 04.10.2024 користувачем [Коваль Людмила] лічильник БЕЗ НОМЕРА ідентифіковано як 175074.
[11-Oct-2024 14:08:01 Europe/Helsinki] DellTASK [INFO] Повірка від 04.10.2024 для адреси вул. Текстильників, буд. 11, корп. Б, кв. 60 для лічильника 175074 було завершено користувачем [Коваль Людмила] з коментарем: виконано.
[11-Oct-2024 14:08:43 Europe/Helsinki] NewDATA [INFO] Новий лічильник номер: 235179, тип: КВ-1,5 => DN 15, рік випуску: 2011, показники: 0, балансоутримувач: КП "ВДК" додано до БД користувачем [Коваль Людмила].
[11-Oct-2024 14:08:46 Europe/Helsinki] EditDATA [INFO] Для заявки Повірка від 04.10.2024 користувачем [Коваль Людмила] лічильник БЕЗ НОМЕРА ідентифіковано як 235179.
[11-Oct-2024 14:09:17 Europe/Helsinki] NewDATA [INFO] Новий лічильник номер: 229730, тип: КВ-1,5 => DN 15, рік випуску: 2011, показники: 0, балансоутримувач: КП "ТКЕ" додано до БД користувачем [Коваль Людмила].
[11-Oct-2024 14:09:20 Europe/Helsinki] EditDATA [INFO] Для заявки Повірка від 04.10.2024 користувачем [Коваль Людмила] лічильник БЕЗ НОМЕРА ідентифіковано як 229730.
[11-Oct-2024 14:09:30 Europe/Helsinki] DellTASK [INFO] Повірка від 04.10.2024 для адреси вул. Текстильників, буд. 6, кв. 41 для лічильників 235179, 229730 було завершено користувачем [Коваль Людмила] з коментарем: виконано.
[11-Oct-2024 14:10:01 Europe/Helsinki] NewDATA [INFO] Новий лічильник номер: 1030218, тип: ЛК => DN 15, рік випуску: 2011, показники: 0, балансоутримувач: КП "ВДК" додано до БД користувачем [Коваль Людмила].
[11-Oct-2024 14:10:04 Europe/Helsinki] EditDATA [INFO] Для заявки Повірка від 08.10.2024 користувачем [Коваль Людмила] лічильник БЕЗ НОМЕРА ідентифіковано як 1030218.
[11-Oct-2024 14:10:31 Europe/Helsinki] NewDATA [INFO] Новий лічильник номер: 003041, тип: КВ-1,5 => DN 15, рік випуску: 2016, показники: 0, балансоутримувач: КП "ТКЕ" додано до БД користувачем [Коваль Людмила].
[11-Oct-2024 14:10:34 Europe/Helsinki] EditDATA [INFO] Для заявки Повірка від 08.10.2024 користувачем [Коваль Людмила] лічильник БЕЗ НОМЕРА ідентифіковано як 003041.
[11-Oct-2024 14:10:43 Europe/Helsinki] DellTASK [INFO] Повірка від 08.10.2024 для адреси вул. Текстильників, буд. 24, корп. А, кв. 37 для лічильників 1030218, 003041 було завершено користувачем [Коваль Людмила] з коментарем: виконано.
[11-Oct-2024 14:11:22 Europe/Helsinki] NewDATA [INFO] Новий лічильник номер: 5641206, тип: ЛК => DN 15, рік випуску: 2016, показники: 0, балансоутримувач: КП "ВДК" додано до БД користувачем [Коваль Людмила].
[11-Oct-2024 14:11:25 Europe/Helsinki] EditDATA [INFO] Для заявки Повірка від 03.10.2024 користувачем [Коваль Людмила] лічильник БЕЗ НОМЕРА ідентифіковано як 5641206.
[11-Oct-2024 14:12:01 Europe/Helsinki] NewDATA [INFO] Новий лічильник номер: 6872072, тип: ЛК => DN 15, рік випуску: 2016, показники: 0, балансоутримувач: КП "ТКЕ" додано до БД користувачем [Коваль Людмила].
[11-Oct-2024 14:12:04 Europe/Helsinki] EditDATA [INFO] Для заявки Повірка від 03.10.2024 користувачем [Коваль Людмила] лічильник БЕЗ НОМЕРА ідентифіковано як 6872072.
[11-Oct-2024 14:12:15 Europe/Helsinki] DellTASK [INFO] Повірка від 03.10.2024 для адреси вул. Ціолковського, буд. 4, кв. 3 для лічильників 5641206, 6872072 було завершено користувачем [Коваль Людмила] з коментарем: виконано.
[11-Oct-2024 14:13:07 Europe/Helsinki] NewDATA [INFO] Новий лічильник номер: 501588, тип: КВ-1,5 => DN 15, рік випуску: 2002, показники: 0, балансоутримувач: АТ "ОТКЕ" додано до БД користувачем [Коваль Людмила].
[11-Oct-2024 14:13:10 Europe/Helsinki] EditDATA [INFO] Для заявки Повірка від 09.10.2024 користувачем [Коваль Людмила] лічильник БЕЗ НОМЕРА ідентифіковано як 501588.
[11-Oct-2024 14:13:40 Europe/Helsinki] NewDATA [INFO] Новий лічильник номер: 518476, тип: КВ-1,5 => DN 15, рік випуску: 2002, показники: 0, балансоутримувач: КП "ВДК" додано до БД користувачем [Коваль Людмила].
[11-Oct-2024 14:13:43 Europe/Helsinki] EditDATA [INFO] Для заявки Повірка від 09.10.2024 користувачем [Коваль Людмила] лічильник БЕЗ НОМЕРА ідентифіковано як 518476.
[11-Oct-2024 14:13:53 Europe/Helsinki] DellTASK [INFO] Повірка від 09.10.2024 для адреси вул. Генерала Пухова, буд. 51, кв. 31 для лічильників 501588, 518476 було завершено користувачем [Коваль Людмила] з коментарем: виконано.
[11-Oct-2024 14:15:29 Europe/Helsinki] EditDATA [INFO] Для заявки Повірка від 11.10.2024 користувачем [Сусло Тетяна] змінено виконавця з ЗАПЛАНОВАНІ на Осипенко.
[11-Oct-2024 14:15:39 Europe/Helsinki] EditDATA [INFO] Для заявки Повірка від 11.10.2024 користувачем [Коваль Людмила] змінено виконавця з ЗАПЛАНОВАНІ на Осипенко.
[2024-10-11T14:17:32.491] [INFO] DataBase - У заявці Заміна від 9 вересня 2024 р. за адресою просп. Миру, буд. 206, кв. 25 видалено дату виконання 14 жовтня 2024 р. користувачем [Сміян Альона].
[2024-10-11T14:17:44.363] [INFO] DataBase - У заявці Заміна від 9 вересня 2024 р. за адресою просп. Миру, буд. 206, кв. 25 додано дату виконання 17 жовтня 2024 р. користувачем [Сміян Альона].
[11-Oct-2024 14:18:11 Europe/Helsinki] EditDATA [INFO] Для заявки Заміна від 09.09.2024 користувачем [Сміян Альона] змінено примітки з 1хв, 1гв, св, приїдуть з за кордону на тиждень на 1хв, 1гв, св, 9-13 30хв.
[11-Oct-2024 14:41:36 Europe/Helsinki] NewDATA [INFO] Нова адреса просп. Левка Лукяненка, буд. 26, кв. 33, тел. +38 (066) 249-06-57 додана до БД користувачем [Сусло Тетяна].
[11-Oct-2024 14:42:01 Europe/Helsinki] NewDATA [INFO] Нова заявка Повірка, адреса: просп. Левка Лукяненка 26, кв. 33, лічильники: БЕЗ НОМЕРА - 2 шт., вартість: 600 грн., примітки: 13-17 додано до БД користувачем [Сусло Тетяна].
[2024-10-11T14:42:08.231] [INFO] DataBase - У заявці Повірка від 11 жовтня 2024 р. за адресою просп. Левка Лукяненка, буд. 26, кв. 33 додано виконавця Ващенко та додано дату виконання 14 жовтня 2024 р. користувачем [Сусло Тетяна].
[11-Oct-2024 14:43:09 Europe/Helsinki] NewDATA [INFO] Новий лічильник номер: 579017, тип: КВ-1,5 => DN 15, рік випуску: 2004, показники: 0, балансоутримувач: КП "ВДК" додано до БД користувачем [Коваль Людмила].
[11-Oct-2024 14:43:12 Europe/Helsinki] EditDATA [INFO] Для заявки Повірка від 08.10.2024 користувачем [Коваль Людмила] лічильник БЕЗ НОМЕРА ідентифіковано як 579017.
[11-Oct-2024 14:44:01 Europe/Helsinki] NewDATA [INFO] Новий лічильник номер: 135819, тип: СВК => DN 15, рік випуску: 2003, показники: 0, балансоутримувач: АТ "ОТКЕ" додано до БД користувачем [Коваль Людмила].
[11-Oct-2024 14:44:04 Europe/Helsinki] EditDATA [INFO] Для заявки Повірка від 08.10.2024 користувачем [Коваль Людмила] лічильник БЕЗ НОМЕРА ідентифіковано як 135819.
[11-Oct-2024 14:44:15 Europe/Helsinki] DellTASK [INFO] Повірка від 08.10.2024 для адреси вул. Захисників України, буд. 14, кв. 26 для лічильників 579017, 135819 було завершено користувачем [Коваль Людмила] з коментарем: виконано.
[11-Oct-2024 14:44:53 Europe/Helsinki] NewDATA [INFO] Новий лічильник номер: 114807, тип: КВ-1,5 => DN 15, рік випуску: 2003, показники: 0, балансоутримувач: КП "ВДК" додано до БД користувачем [Коваль Людмила].
[11-Oct-2024 14:44:56 Europe/Helsinki] EditDATA [INFO] Для заявки Повірка від 08.10.2024 користувачем [Коваль Людмила] лічильник БЕЗ НОМЕРА ідентифіковано як 114807.
[11-Oct-2024 14:45:05 Europe/Helsinki] DellTASK [INFO] Повірка від 08.10.2024 для адреси вул. Захисників України, буд. 9, корп. А, кв. 53 для лічильника 114807 було завершено користувачем [Коваль Людмила] з коментарем: виконано.
[11-Oct-2024 14:56:34 Europe/Helsinki] NewDATA [INFO] Новий лічильник номер: 052516, тип: КВ-1,5 => DN 15, рік випуску: 2020, показники: 0, балансоутримувач: КП "ВДК" додано до БД користувачем [Коваль Людмила].
[11-Oct-2024 14:57:55 Europe/Helsinki] NewDATA [INFO] Новий лічильник номер: 343854, тип: КВ-1,5 => DN 15, рік випуску: 2004, показники: 0, балансоутримувач: КП "ВДК" додано до БД користувачем [Коваль Людмила].
[11-Oct-2024 14:57:58 Europe/Helsinki] EditDATA [INFO] Для заявки Повірка від 08.10.2024 користувачем [Коваль Людмила] лічильник БЕЗ НОМЕРА ідентифіковано як 343854.
[11-Oct-2024 14:58:25 Europe/Helsinki] NewDATA [INFO] Новий лічильник номер: 285086, тип: КВ-1,5 => DN 15, рік випуску: 2004, показники: 0, балансоутримувач: АТ "ОТКЕ" додано до БД користувачем [Коваль Людмила].
[11-Oct-2024 14:58:32 Europe/Helsinki] EditDATA [INFO] Для заявки Повірка від 08.10.2024 користувачем [Коваль Людмила] лічильник БЕЗ НОМЕРА ідентифіковано як 285086.
[11-Oct-2024 14:59:04 Europe/Helsinki] NewDATA [INFO] Новий лічильник номер: 343609, тип: КВ-1,5 => DN 15, рік випуску: 2004, показники: 0, балансоутримувач: КП "ВДК" додано до БД користувачем [Коваль Людмила].
[11-Oct-2024 14:59:30 Europe/Helsinki] EditDATA [INFO] Для заявки Повірка від 08.10.2024 користувачем [Коваль Людмила] лічильник БЕЗ НОМЕРА ідентифіковано як 343609.
[11-Oct-2024 14:59:54 Europe/Helsinki] NewDATA [INFO] Новий лічильник номер: 274466, тип: КВ-1,5 => DN 15, рік випуску: 2004, показники: 0, балансоутримувач: АТ "ОТКЕ" додано до БД користувачем [Коваль Людмила].
[11-Oct-2024 14:59:57 Europe/Helsinki] EditDATA [INFO] Для заявки Повірка від 08.10.2024 користувачем [Коваль Людмила] лічильник БЕЗ НОМЕРА ідентифіковано як 274466.
[11-Oct-2024 15:00:07 Europe/Helsinki] DellTASK [INFO] Повірка від 08.10.2024 для адреси вул. Всіхсвятська, буд. 6, кв. 164 для лічильників 343854, 285086, 343609, 274466 було завершено користувачем [Коваль Людмила] з коментарем: виконано.
[11-Oct-2024 15:00:39 Europe/Helsinki] NewDATA [INFO] Нова адреса вул. Чудінова, буд. 5, кв. 9, тел. +38 (093) 193-04-75 додана до БД користувачем [Сусло Тетяна].
[11-Oct-2024 15:00:57 Europe/Helsinki] NewDATA [INFO] Новий лічильник номер: 305092, тип: КВ-1,5 => DN 15, рік випуску: 2001, показники: 0, балансоутримувач: КП "ВДК" додано до БД користувачем [Коваль Людмила].
[11-Oct-2024 15:01:13 Europe/Helsinki] NewDATA [INFO] Нова заявка Повірка, адреса: вул. Чудінова 5, кв. 9, лічильники: БЕЗ НОМЕРА - 2 шт., вартість: 600 грн., примітки: 8-13 додано до БД користувачем [Сусло Тетяна].
[2024-10-11T15:01:19.799] [INFO] DataBase - У заявці Повірка від 11 жовтня 2024 р. за адресою вул. Чудінова, буд. 5, кв. 9 додано виконавця ЗАПЛАНОВАНІ та додано дату виконання 16 жовтня 2024 р. користувачем [Сусло Тетяна].
[11-Oct-2024 15:01:24 Europe/Helsinki] EditDATA [INFO] Для заявки Повірка від 07.10.2024 користувачем [Коваль Людмила] лічильник БЕЗ НОМЕРА ідентифіковано як 305092.
[11-Oct-2024 15:01:50 Europe/Helsinki] NewDATA [INFO] Новий лічильник номер: 305101, тип: КВ-1,5 => DN 15, рік випуску: 2001, показники: 0, балансоутримувач: АТ "ОТКЕ" додано до БД користувачем [Коваль Людмила].
[11-Oct-2024 15:01:53 Europe/Helsinki] EditDATA [INFO] Для заявки Повірка від 07.10.2024 користувачем [Коваль Людмила] лічильник БЕЗ НОМЕРА ідентифіковано як 305101.
[11-Oct-2024 15:02:03 Europe/Helsinki] DellTASK [INFO] Повірка від 07.10.2024 для адреси вул. Всіхсвятська, буд. 6, кв. 59 для лічильників 305092, 305101 було завершено користувачем [Коваль Людмила] з коментарем: виконано.
[11-Oct-2024 15:02:37 Europe/Helsinki] NewDATA [INFO] Новий лічильник номер: 350287, тип: КВ-1,5 => DN 15, рік випуску: 2000, показники: 0, балансоутримувач: КП "ВДК" додано до БД користувачем [Коваль Людмила].
[11-Oct-2024 15:02:40 Europe/Helsinki] EditDATA [INFO] Для заявки Повірка від 03.10.2024 користувачем [Коваль Людмила] лічильник БЕЗ НОМЕРА ідентифіковано як 350287.
[11-Oct-2024 15:02:53 Europe/Helsinki] NewDATA [INFO] Нова заявка Заміна, адреса: вул. Богуна Івана 42, кв. 51, лічильники: БЕЗ НОМЕРА - 1 шт., вартість: 1060 грн., примітки: 1г/в с/в 13-15 30хв додано до БД користувачем [Сміян Альона].
[2024-10-11T15:03:00.271] [INFO] DataBase - У заявці Заміна від 11 жовтня 2024 р. за адресою вул. Богуна Івана, буд. 42, кв. 51 додано виконавця Баранов та додано дату виконання 14 жовтня 2024 р. користувачем [Сміян Альона].
[11-Oct-2024 15:03:14 Europe/Helsinki] NewDATA [INFO] Новий лічильник номер: 685563, тип: КВ-1,5 => DN 15, рік випуску: 2001, показники: 0, балансоутримувач: АТ "ОТКЕ" додано до БД користувачем [Коваль Людмила].
[11-Oct-2024 15:03:17 Europe/Helsinki] EditDATA [INFO] Для заявки Повірка від 03.10.2024 користувачем [Коваль Людмила] лічильник БЕЗ НОМЕРА ідентифіковано як 685563.
[11-Oct-2024 15:03:28 Europe/Helsinki] DellTASK [INFO] Повірка від 03.10.2024 для адреси вул. Всіхсвятська, буд. 6, корп. А, кв. 28 для лічильників 350287, 685563 було завершено користувачем [Коваль Людмила] з коментарем: виконано.
[11-Oct-2024 15:03:56 Europe/Helsinki] EditDATA [INFO] Для заявки Повірка від 23.09.2024 користувачем [Коваль Людмила] лічильник БЕЗ НОМЕРА ідентифіковано як 052516.
[11-Oct-2024 15:04:22 Europe/Helsinki] NewDATA [INFO] Новий лічильник номер: 051365, тип: КВ-1,5 => DN 15, рік випуску: 2020, показники: 0, балансоутримувач: КП "ВДК" додано до БД користувачем [Коваль Людмила].
[11-Oct-2024 15:04:25 Europe/Helsinki] EditDATA [INFO] Для заявки Повірка від 23.09.2024 користувачем [Коваль Людмила] лічильник БЕЗ НОМЕРА ідентифіковано як 051365.
[11-Oct-2024 15:04:36 Europe/Helsinki] DellTASK [INFO] Повірка від 23.09.2024 для адреси вул. Всіхсвятська, буд. 6, кв. 77 для лічильників 052516, 051365 було завершено користувачем [Коваль Людмила] з коментарем: виконано.

