[28-Apr-2025 09:19:09 Europe/Helsinki] DellTASK [INFO] Повірка від 22.04.2025 для адреси вул. Русової, буд. 25, кв. 45 для лічильника БЕЗ НОМЕРА - 2 шт. було завершено користувачем [Коваль Людмила] з коментарем: виконано.
[28-Apr-2025 09:19:26 Europe/Helsinki] DellTASK [INFO] Повірка від 28.02.2025 для адреси вул. Пятницька, буд. 23, кв. 38 для лічильника БЕЗ НОМЕРА - 4 шт. було завершено користувачем [Коваль Людмила] з коментарем: виконано.
[28-Apr-2025 09:33:49 Europe/Helsinki] NewDATA [INFO] Нова заявка Заміна, адреса: просп. Грушевського Михайла 169 корпус 1, кв. 66, лічильники: БЕЗ НОМЕРА - 1 шт., вартість: 1100 грн. додано до БД користувачем [Сусло Тетяна].
[2025-04-28T09:35:04.351] [INFO] DataBase - У заявці Заміна від 28 квітня 2025 р. за адресою просп. Грушевського Михайла, буд. 169, корп. 1, кв. 66 додано виконавця Баранов та додано дату виконання 28 квітня 2025 р. користувачем [Сусло Тетяна].
[28-Apr-2025 10:08:22 Europe/Helsinki] NewDATA [INFO] Нова адреса вул. Гетьмана Полуботка, буд. 78, кв. 49, тел. +38 (067) 976-93-31 додана до БД користувачем [Коваль Людмила].
[28-Apr-2025 10:08:56 Europe/Helsinki] NewDATA [INFO] Нова заявка Повірка, адреса: вул. Гетьмана Полуботка 78, кв. 49, лічильники: БЕЗ НОМЕРА - 2 шт., вартість: 600 грн., примітки: 8-13 додано до БД користувачем [Коваль Людмила].
[2025-04-28T10:09:49.564] [INFO] DataBase - У заявці Повірка від 28 квітня 2025 р. за адресою вул. Гетьмана Полуботка, буд. 78, кв. 49 додано виконавця ЗАПЛАНОВАНІ та додано дату виконання 1 травня 2025 р. користувачем [Коваль Людмила].
[28-Apr-2025 10:10:29 Europe/Helsinki] NewDATA [INFO] Нова заявка Повірка, адреса: просп. Миру 215, кв. 50, лічильники: БЕЗ НОМЕРА - 1 шт., вартість: 300 грн., примітки: 8-13 додано до БД користувачем [Коваль Людмила].
[2025-04-28T10:10:37.158] [INFO] DataBase - У заявці Повірка від 28 квітня 2025 р. за адресою просп. Миру, буд. 215, кв. 50 додано виконавця ЗАПЛАНОВАНІ та додано дату виконання 29 квітня 2025 р. користувачем [Коваль Людмила].
[28-Apr-2025 10:11:09 Europe/Helsinki] EditDATA [INFO] Для заявки Повірка від 09.04.2025 користувачем [Сусло Тетяна] змінено примітки з 8-13, за 30 хв, 1хв на 9-13, за 30 хв, 1хв.
[28-Apr-2025 10:24:26 Europe/Helsinki] EditDATA [INFO] За адресою просп. Перемоги 164, кв. 39 користувачем [Коваль Людмила] змінені номери телефонів з +38(095)922-26-03, +38(0462)67-13-70 на +38(095)922-26-03, +38(095)826-21-41, при створенні нової заявки [Повірка] від 28.04.2025.
[28-Apr-2025 10:24:26 Europe/Helsinki] NewDATA [INFO] Нова заявка Повірка, адреса: просп. Перемоги 164, кв. 39, лічильники: БЕЗ НОМЕРА - 1 шт., вартість: 300 грн., примітки: гор.кух 8-13 додано до БД користувачем [Коваль Людмила].
[2025-04-28T10:24:32.921] [INFO] DataBase - У заявці Повірка від 28 квітня 2025 р. за адресою просп. Перемоги, буд. 164, кв. 39 додано виконавця ЗАПЛАНОВАНІ та додано дату виконання 9 травня 2025 р. користувачем [Коваль Людмила].
[28-Apr-2025 10:25:43 Europe/Helsinki] EditDATA [INFO] За адресою просп. Миру 190, кв. 29 користувачем [Коваль Людмила] змінені номери телефонів з +38(0462)67-96-50, +38(095)704-88-09 на +38(095)863-42-65, при створенні нової заявки [Повірка] від 28.04.2025.
[28-Apr-2025 10:25:43 Europe/Helsinki] NewDATA [INFO] Нова заявка Повірка, адреса: просп. Миру 190, кв. 29, лічильники: БЕЗ НОМЕРА - 2 шт., вартість: 600 грн., примітки: 15-17,пер.за 30 хв. додано до БД користувачем [Коваль Людмила].
[2025-04-28T10:25:50.401] [INFO] DataBase - У заявці Повірка від 28 квітня 2025 р. за адресою просп. Миру, буд. 190, кв. 29 додано виконавця ЗАПЛАНОВАНІ та додано дату виконання 29 квітня 2025 р. користувачем [Коваль Людмила].
[28-Apr-2025 10:26:52 Europe/Helsinki] NewDATA [INFO] Нова адреса вул. Пирогова, буд. 1, кв. 32, тел. +38 (063) 180-72-38 додана до БД користувачем [Коваль Людмила].
[28-Apr-2025 10:27:27 Europe/Helsinki] NewDATA [INFO] Нова заявка Повірка, адреса: вул. Пирогова 1, кв. 32, лічильники: БЕЗ НОМЕРА - 2 шт., вартість: 600 грн., примітки: 13-17,пер.за 30 хв. додано до БД користувачем [Коваль Людмила].
[2025-04-28T10:27:38.468] [INFO] DataBase - У заявці Повірка від 28 квітня 2025 р. за адресою вул. Пирогова, буд. 1, кв. 32 додано виконавця ЗАПЛАНОВАНІ та додано дату виконання 30 квітня 2025 р. користувачем [Коваль Людмила].
[28-Apr-2025 10:31:31 Europe/Helsinki] NewDATA [INFO] Нова адреса вул. Волковича, буд. 3, кв. 9, тел. +38 (063) 811-98-27 додана до БД користувачем [Сусло Тетяна].
[28-Apr-2025 10:31:59 Europe/Helsinki] NewDATA [INFO] Нова заявка Повірка, адреса: вул. Волковича 3, кв. 9, лічильники: БЕЗ НОМЕРА - 2 шт., вартість: 600 грн., примітки: за 1 год додано до БД користувачем [Сусло Тетяна].
[2025-04-28T10:32:03.806] [INFO] DataBase - У заявці Повірка від 28 квітня 2025 р. за адресою вул. Волковича, буд. 3, кв. 9 додано виконавця ЗАПЛАНОВАНІ та додано дату виконання 2 травня 2025 р. користувачем [Сусло Тетяна].
[28-Apr-2025 10:33:02 Europe/Helsinki] NewDATA [INFO] Нова адреса вул. Молодчого Олександра, буд. 3, кв. 15, тел. +38 (067) 741-41-40 додана до БД користувачем [Сусло Тетяна].
[28-Apr-2025 10:33:17 Europe/Helsinki] EditDATA [INFO] Для заявки Повірка від 16.04.2025 користувачем [Коваль Людмила] змінено виконавця з ЗАПЛАНОВАНІ на Ващенко.
[28-Apr-2025 10:33:31 Europe/Helsinki] NewDATA [INFO] Нова заявка Повірка, адреса: вул. Молодчого Олександра 3, кв. 15, лічильники: БЕЗ НОМЕРА - 2 шт., вартість: 600 грн., примітки: за 1 год додано до БД користувачем [Сусло Тетяна].
[28-Apr-2025 10:33:35 Europe/Helsinki] EditDATA [INFO] Для заявки Повірка від 14.04.2025 користувачем [Коваль Людмила] змінено виконавця з ЗАПЛАНОВАНІ на Ващенко.
[2025-04-28T10:33:38.281] [INFO] DataBase - У заявці Повірка від 28 квітня 2025 р. за адресою вул. Молодчого Олександра, буд. 3, кв. 15 додано виконавця ЗАПЛАНОВАНІ та додано дату виконання 1 травня 2025 р. користувачем [Сусло Тетяна].
[28-Apr-2025 10:34:26 Europe/Helsinki] NewDATA [INFO] Нова адреса вул. Героїв Чорнобиля, буд. 3, кв. 94, тел. +38 (063) 561-08-37 додана до БД користувачем [Сусло Тетяна].
[28-Apr-2025 10:34:47 Europe/Helsinki] NewDATA [INFO] Нова заявка Повірка, адреса: вул. Героїв Чорнобиля 3, кв. 94, лічильники: БЕЗ НОМЕРА - 2 шт., вартість: 600 грн., примітки: 8-13 додано до БД користувачем [Сусло Тетяна].
[2025-04-28T10:34:55.849] [INFO] DataBase - У заявці Повірка від 28 квітня 2025 р. за адресою вул. Героїв Чорнобиля, буд. 3, кв. 94 додано виконавця ЗАПЛАНОВАНІ та додано дату виконання 12 травня 2025 р. користувачем [Сусло Тетяна].
[28-Apr-2025 10:35:06 Europe/Helsinki] EditDATA [INFO] Для заявки Повірка від 14.04.2025 користувачем [Коваль Людмила] змінено виконавця з ЗАПЛАНОВАНІ на Ващенко.
[28-Apr-2025 10:35:14 Europe/Helsinki] DellTASK [INFO] Повірка від 28.04.2025 для адреси вул. Волковича, буд. 3, кв. 9 для лічильника БЕЗ НОМЕРА - 2 шт. було відмінено користувачем [Сусло Тетяна] з коментарем: відмінили.
[28-Apr-2025 10:35:29 Europe/Helsinki] EditDATA [INFO] Для заявки Повірка від 16.04.2025 користувачем [Коваль Людмила] змінено виконавця з ЗАПЛАНОВАНІ на Ващенко.
[28-Apr-2025 10:35:40 Europe/Helsinki] EditDATA [INFO] Для заявки Повірка від 14.04.2025 користувачем [Коваль Людмила] змінено виконавця з ЗАПЛАНОВАНІ на Ващенко.
[28-Apr-2025 10:35:55 Europe/Helsinki] EditDATA [INFO] Для заявки Повірка від 10.04.2025 користувачем [Коваль Людмила] змінено виконавця з ЗАПЛАНОВАНІ на Ващенко.
[28-Apr-2025 10:36:01 Europe/Helsinki] NewDATA [INFO] Нова адреса вул. Самоквасова Дмитра, буд. 23, кв. 3, тел. +38 (063) 977-29-81 додана до БД користувачем [Сусло Тетяна].
[28-Apr-2025 10:36:08 Europe/Helsinki] EditDATA [INFO] Для заявки Повірка від 10.04.2025 користувачем [Коваль Людмила] змінено виконавця з ЗАПЛАНОВАНІ на Ващенко.
[28-Apr-2025 10:36:20 Europe/Helsinki] EditDATA [INFO] Для заявки Повірка від 09.04.2025 користувачем [Коваль Людмила] змінено виконавця з ЗАПЛАНОВАНІ на Ващенко.
[28-Apr-2025 10:36:34 Europe/Helsinki] EditDATA [INFO] Для заявки Повірка від 07.04.2025 користувачем [Коваль Людмила] змінено виконавця з ЗАПЛАНОВАНІ на Ващенко.
[28-Apr-2025 10:36:42 Europe/Helsinki] NewDATA [INFO] Нова заявка Повірка, адреса: вул. Самоквасова Дмитра 23, кв. 3, лічильники: БЕЗ НОМЕРА - 4 шт., вартість: 1200 грн., примітки: за 1 год додано до БД користувачем [Сусло Тетяна].
[28-Apr-2025 10:36:45 Europe/Helsinki] EditDATA [INFO] Для заявки Повірка від 07.04.2025 користувачем [Коваль Людмила] змінено виконавця з ЗАПЛАНОВАНІ на Ващенко.
[2025-04-28T10:36:47.407] [INFO] DataBase - У заявці Повірка від 28 квітня 2025 р. за адресою вул. Самоквасова Дмитра, буд. 23, кв. 3 додано виконавця ЗАПЛАНОВАНІ та додано дату виконання 2 травня 2025 р. користувачем [Сусло Тетяна].
[28-Apr-2025 10:37:30 Europe/Helsinki] EditDATA [INFO] Для заявки Повірка від 25.04.2025 користувачем [Коваль Людмила] змінено виконавця з ЗАПЛАНОВАНІ на Шкуліпа.
[28-Apr-2025 10:37:39 Europe/Helsinki] EditDATA [INFO] Для заявки Повірка від 28.04.2025 користувачем [Коваль Людмила] змінено виконавця з ЗАПЛАНОВАНІ на Шкуліпа.
[28-Apr-2025 10:37:49 Europe/Helsinki] EditDATA [INFO] Для заявки Повірка від 28.04.2025 користувачем [Коваль Людмила] змінено виконавця з ЗАПЛАНОВАНІ на Шкуліпа.
[28-Apr-2025 10:38:00 Europe/Helsinki] EditDATA [INFO] Для заявки Повірка від 25.04.2025 користувачем [Коваль Людмила] змінено виконавця з ЗАПЛАНОВАНІ на Шкуліпа.
[28-Apr-2025 10:38:09 Europe/Helsinki] EditDATA [INFO] Для заявки Повірка від 23.04.2025 користувачем [Коваль Людмила] змінено виконавця з ЗАПЛАНОВАНІ на Шкуліпа.
[28-Apr-2025 10:38:21 Europe/Helsinki] EditDATA [INFO] Для заявки Повірка від 07.04.2025 користувачем [Коваль Людмила] змінено виконавця з ЗАПЛАНОВАНІ на Шкуліпа.
[28-Apr-2025 10:38:31 Europe/Helsinki] EditDATA [INFO] Для заявки Повірка від 10.04.2025 користувачем [Коваль Людмила] змінено виконавця з ЗАПЛАНОВАНІ на Шкуліпа.
[28-Apr-2025 10:38:40 Europe/Helsinki] EditDATA [INFO] Для заявки Повірка від 23.04.2025 користувачем [Коваль Людмила] змінено виконавця з ЗАПЛАНОВАНІ на Шкуліпа.
[28-Apr-2025 10:39:12 Europe/Helsinki] EditDATA [INFO] За адресою вул. Земська 68, кв. 2 користувачем [Сусло Тетяна] змінені номери телефонів з +38(063)267-76-71, +38(050)214-88-01, +38(050)631-57-03, +38(073)180-64-62 на +38(050)631-57-03, при створенні нової заявки [Повірка] від 28.04.2025.
[28-Apr-2025 10:39:12 Europe/Helsinki] NewDATA [INFO] Нова заявка Повірка, адреса: вул. Земська 68, кв. 2, лічильники: БЕЗ НОМЕРА - 1 шт., вартість: 300 грн., примітки: 8-13, дом. не працює додано до БД користувачем [Сусло Тетяна].
[2025-04-28T10:39:17.892] [INFO] DataBase - У заявці Повірка від 28 квітня 2025 р. за адресою вул. Земська, буд. 68, кв. 2 додано виконавця ЗАПЛАНОВАНІ та додано дату виконання 9 травня 2025 р. користувачем [Сусло Тетяна].
[28-Apr-2025 10:39:33 Europe/Helsinki] EditDATA [INFO] Для заявки Повірка від 28.04.2025 користувачем [Сусло Тетяна] змінено примітки з 8-13, дом. не працює на 8-13, дом. не працює, 1 хв.
[28-Apr-2025 10:41:53 Europe/Helsinki] EditDATA [INFO] Для заявки Повірка від 25.04.2025 користувачем [Коваль Людмила] змінено виконавця з ЗАПЛАНОВАНІ на Шкуліпа.
[28-Apr-2025 10:42:04 Europe/Helsinki] EditDATA [INFO] Для заявки Повірка від 23.04.2025 користувачем [Коваль Людмила] змінено виконавця з ЗАПЛАНОВАНІ на Шкуліпа.
[28-Apr-2025 10:42:14 Europe/Helsinki] EditDATA [INFO] Для заявки Повірка від 11.04.2025 користувачем [Коваль Людмила] змінено виконавця з ЗАПЛАНОВАНІ на Шкуліпа.
[28-Apr-2025 10:42:24 Europe/Helsinki] EditDATA [INFO] Для заявки Повірка від 09.04.2025 користувачем [Коваль Людмила] змінено виконавця з ЗАПЛАНОВАНІ на Шкуліпа.
[28-Apr-2025 11:11:13 Europe/Helsinki] DellTASK [INFO] Повірка від 18.04.2025 для адреси просп. Перемоги, буд. 123, корп. А, кв. 62 для лічильника БЕЗ НОМЕРА - 4 шт. було завершено користувачем [Коваль Людмила] з коментарем: виконано 26.04.
[28-Apr-2025 11:11:39 Europe/Helsinki] DellTASK [INFO] Повірка від 07.04.2025 для адреси вул. Воскресенська, буд. 35, корп. А, кв. 18 для лічильника БЕЗ НОМЕРА - 2 шт. було завершено користувачем [Коваль Людмила] з коментарем: виконано.
[28-Apr-2025 11:11:51 Europe/Helsinki] DellTASK [INFO] Повірка від 03.04.2025 для адреси вул. Воскресенська, буд. 35, корп. А, кв. 28 для лічильника БЕЗ НОМЕРА - 2 шт. було завершено користувачем [Коваль Людмила] з коментарем: виконано.
[28-Apr-2025 11:12:11 Europe/Helsinki] DellTASK [INFO] Повірка від 23.04.2025 для адреси вул. Стрілецька, буд. 88, кв. 35 для лічильника БЕЗ НОМЕРА - 1 шт. було завершено користувачем [Коваль Людмила] з коментарем: виконано.
[28-Apr-2025 11:12:28 Europe/Helsinki] DellTASK [INFO] Повірка від 22.04.2025 для адреси вул. курсанта Єськова, буд. 26, кв. 31 для лічильника БЕЗ НОМЕРА - 1 шт. було завершено користувачем [Коваль Людмила] з коментарем: виконано.
[28-Apr-2025 11:12:44 Europe/Helsinki] DellTASK [INFO] Повірка від 22.04.2025 для адреси вул. Волковича, буд. 3, кв. 7 для лічильника БЕЗ НОМЕРА - 1 шт. було завершено користувачем [Коваль Людмила] з коментарем: виконано.
[28-Apr-2025 11:12:58 Europe/Helsinki] DellTASK [INFO] Повірка від 22.04.2025 для адреси просп. Миру, буд. 204, кв. 100 для лічильника БЕЗ НОМЕРА - 4 шт. було завершено користувачем [Коваль Людмила] з коментарем: виконано.
[28-Apr-2025 11:13:14 Europe/Helsinki] DellTASK [INFO] Повірка від 17.04.2025 для адреси вул. Мстиславська, буд. 134, кв. 61 для лічильника БЕЗ НОМЕРА - 2 шт. було завершено користувачем [Коваль Людмила] з коментарем: виконано.
[28-Apr-2025 11:13:31 Europe/Helsinki] DellTASK [INFO] Повірка від 16.04.2025 для адреси просп. Миру, буд. 211, кв. 64 для лічильника БЕЗ НОМЕРА - 2 шт. було завершено користувачем [Коваль Людмила] з коментарем: виконано.
[28-Apr-2025 11:13:46 Europe/Helsinki] DellTASK [INFO] Повірка від 16.04.2025 для адреси вул. Мстиславська, буд. 140, кв. 39 для лічильника БЕЗ НОМЕРА - 1 шт. було завершено користувачем [Коваль Людмила] з коментарем: виконано.
[28-Apr-2025 11:17:09 Europe/Helsinki] DellTASK [INFO] Повірка від 16.04.2025 для адреси просп. Миру, буд. 210, кв. 29 для лічильника БЕЗ НОМЕРА - 2 шт. було завершено користувачем [Коваль Людмила] з коментарем: виконано.
[28-Apr-2025 11:17:23 Europe/Helsinki] DellTASK [INFO] Повірка від 10.04.2025 для адреси вул. курсанта Єськова, буд. 8, корп. А, кв. 102 для лічильника БЕЗ НОМЕРА - 1 шт. було завершено користувачем [Коваль Людмила] з коментарем: виконано.
[28-Apr-2025 11:17:39 Europe/Helsinki] DellTASK [INFO] Повірка від 14.04.2025 для адреси вул. Волковича, буд. 12, кв. 30 для лічильника БЕЗ НОМЕРА - 2 шт. було завершено користувачем [Коваль Людмила] з коментарем: виконано.
[28-Apr-2025 11:17:53 Europe/Helsinki] DellTASK [INFO] Повірка від 10.04.2025 для адреси вул. Волковича, буд. 21, кв. 69 для лічильника БЕЗ НОМЕРА - 1 шт. було завершено користувачем [Коваль Людмила] з коментарем: виконано.
[28-Apr-2025 11:18:09 Europe/Helsinki] DellTASK [INFO] Повірка від 10.04.2025 для адреси просп. Миру, буд. 209, кв. 47 для лічильника БЕЗ НОМЕРА - 2 шт. було завершено користувачем [Коваль Людмила] з коментарем: виконано.
[28-Apr-2025 11:19:34 Europe/Helsinki] NewDATA [INFO] Новий лічильник номер: 551037, тип: КВ-1,5 => DN 15, рік випуску: 2008, показники: 0, балансоутримувач: КП "ВДК" додано до БД користувачем [Коваль Людмила].
[28-Apr-2025 11:19:57 Europe/Helsinki] NewDATA [INFO] Новий лічильник номер: 048621, тип: КВ-1,5 => DN 15, рік випуску: 2008, показники: 0, балансоутримувач: КП "ТКЕ" додано до БД користувачем [Коваль Людмила].
[28-Apr-2025 11:19:59 Europe/Helsinki] EditDATA [INFO] За адресою вул. Русової, буд. 25, кв. 45 користувачем [Коваль Людмила] було додано лічильники: 551037, 048621].
[28-Apr-2025 11:20:47 Europe/Helsinki] NewDATA [INFO] Новий лічильник номер: 594457, тип: КВ-1,5 => DN 15, рік випуску: 2003, показники: 0, балансоутримувач: КП "ВДК" додано до БД користувачем [Коваль Людмила].
[28-Apr-2025 11:21:12 Europe/Helsinki] NewDATA [INFO] Новий лічильник номер: 691651, тип: КВ-1,5 => DN 15, рік випуску: 2001, показники: 0, балансоутримувач: КП "ТКЕ" додано до БД користувачем [Коваль Людмила].
[28-Apr-2025 11:21:39 Europe/Helsinki] NewDATA [INFO] Новий лічильник номер: 068978, тип: КВ-1,5 => DN 15, рік випуску: 2009, показники: 0, балансоутримувач: КП "ВДК" додано до БД користувачем [Коваль Людмила].
[28-Apr-2025 11:22:03 Europe/Helsinki] NewDATA [INFO] Новий лічильник номер: 160539, тип: КВ-1,5 => DN 15, рік випуску: 2008, показники: 0, балансоутримувач: КП "ТКЕ" додано до БД користувачем [Коваль Людмила].
[28-Apr-2025 11:22:05 Europe/Helsinki] EditDATA [INFO] За адресою вул. Пятницька, буд. 23, кв. 38 користувачем [Коваль Людмила] було додано лічильники: 594457, 691651, 068978, 160539].
[28-Apr-2025 13:40:30 Europe/Helsinki] NewDATA [INFO] Новий лічильник номер: 05005280, тип: ETK-UA => DN 15, рік випуску: 2021, показники: 0, балансоутримувач: КП "ВДК" додано до БД користувачем [Коваль Людмила].
[28-Apr-2025 13:40:32 Europe/Helsinki] EditDATA [INFO] За адресою вул. Мстиславська, буд. 140, кв. 39 користувачем [Коваль Людмила] було додано лічильники: 05005280].
[28-Apr-2025 13:41:36 Europe/Helsinki] NewDATA [INFO] Новий лічильник номер: 129009, тип: КВ-1,5 => DN 15, рік випуску: 2016, показники: 0, балансоутримувач: КП "ВДК" додано до БД користувачем [Коваль Людмила].
[28-Apr-2025 13:42:05 Europe/Helsinki] NewDATA [INFO] Новий лічильник номер: 130207, тип: КВ-1,5 => DN 15, рік випуску: 2016, показники: 0, балансоутримувач: АТ "ОТКЕ" додано до БД користувачем [Коваль Людмила].
[28-Apr-2025 13:42:07 Europe/Helsinki] EditDATA [INFO] За адресою вул. Мстиславська, буд. 134, кв. 61 користувачем [Коваль Людмила] було додано лічильники: 129009, 130207].
[28-Apr-2025 13:42:57 Europe/Helsinki] NewDATA [INFO] Новий лічильник номер: 6305762, тип: ЛК => DN 15, рік випуску: 2006, показники: 0, балансоутримувач: АТ "ОТКЕ" додано до БД користувачем [Коваль Людмила].
[28-Apr-2025 13:43:22 Europe/Helsinki] NewDATA [INFO] Новий лічильник номер: 6317033, тип: ЛК => DN 15, рік випуску: 2006, показники: 0, балансоутримувач: АТ "ОТКЕ" додано до БД користувачем [Коваль Людмила].
[28-Apr-2025 13:43:25 Europe/Helsinki] EditDATA [INFO] За адресою вул. курсанта Єськова, буд. 8, корп. А, кв. 102 користувачем [Коваль Людмила] було додано лічильники: 6305762, 6317033].
[28-Apr-2025 14:38:50 Europe/Helsinki] EditDATA [INFO] Для заявки Повірка від 10.04.2025 користувачем [Сусло Тетяна] змінено виконавця з ЗАПЛАНОВАНІ на Шкуліпа.
[2025-04-28T14:39:03.590] [INFO] DataBase - У заявці Повірка від 10 квітня 2025 р. за адресою вул. Любецька, буд. 17, кв. 3 змінено дату виконання з 28 квітня 2025 р. на 30 квітня 2025 р. користувачем [Сусло Тетяна].
[28-Apr-2025 15:24:00 Europe/Helsinki] NewDATA [INFO] Нова адреса вул. Савчука, буд. 7, кв. 103, тел. +38 (095) 921-93-74 додана до БД користувачем [Коваль Людмила].
[28-Apr-2025 15:24:40 Europe/Helsinki] NewDATA [INFO] Нова заявка Заміна, адреса: вул. Савчука 7, кв. 103, лічильники: БЕЗ НОМЕРА - 1 шт., вартість: 400 грн., примітки: гор.с/в.11-15,пер.за час додано до БД користувачем [Коваль Людмила].
[2025-04-28T15:24:44.225] [INFO] DataBase - У заявці Заміна від 28 квітня 2025 р. за адресою вул. Савчука, буд. 7, кв. 103 додано виконавця Баранов та додано дату виконання 30 квітня 2025 р. користувачем [Коваль Людмила].
[28-Apr-2025 16:07:14 Europe/Helsinki] EditDATA [INFO] Для заявки Повірка від 14.04.2025 користувачем [Сусло Тетяна] змінено примітки з 8-13, за 1 год на 8-10, за 1 год.
[28-Apr-2025 16:08:16 Europe/Helsinki] EditDATA [INFO] Для заявки Повірка від 14.04.2025 користувачем [Сусло Тетяна] змінено примітки з 8-10, за 1 год на 8-9, за 10хв.
