[12-Sep-2025 09:11:08 Europe/Helsinki] DellTASK [INFO] Повірка від 08.09.2025 для адреси вул. Космонавтів, буд. 20, кв. 17 для лічильника БЕЗ НОМЕРА - 2 шт. було завершено користувачем [Коваль Людмила] з коментарем: відмова абон..
[12-Sep-2025 09:11:29 Europe/Helsinki] DellTASK [INFO] Повірка від 09.09.2025 для адреси вул. 1-ої танкової бригади, буд. 37, корп. 5, кв. 56 для лічильника БЕЗ НОМЕРА - 2 шт. було завершено користувачем [Коваль Людмила] з коментарем: виконав 11.09.
[12-Sep-2025 09:12:27 Europe/Helsinki] DellTASK [INFO] Повірка від 10.09.2025 для адреси вул. Доценка, буд. 30, кв. 52 для лічильника БЕЗ НОМЕРА - 2 шт. було завершено користувачем [Коваль Людмила] з коментарем: виконано.
[12-Sep-2025 09:12:41 Europe/Helsinki] DellTASK [INFO] Повірка від 08.09.2025 для адреси вул. Доценка, буд. 15, кв. 58 для лічильника БЕЗ НОМЕРА - 2 шт. було завершено користувачем [Коваль Людмила] з коментарем: виконано.
[12-Sep-2025 09:12:55 Europe/Helsinki] DellTASK [INFO] Повірка від 08.09.2025 для адреси вул. Доценка, буд. 15, кв. 46 для лічильника БЕЗ НОМЕРА - 2 шт. було завершено користувачем [Коваль Людмила] з коментарем: виконано.
[12-Sep-2025 09:13:11 Europe/Helsinki] DellTASK [INFO] Повірка від 04.09.2025 для адреси вул. Самоквасова Дмитра, буд. 20, кв. 88 для лічильника БЕЗ НОМЕРА - 4 шт. було завершено користувачем [Коваль Людмила] з коментарем: виконано.
[12-Sep-2025 09:13:31 Europe/Helsinki] DellTASK [INFO] Повірка від 04.09.2025 для адреси просп. Левка Лукяненка, буд. 18, кв. 45 для лічильника БЕЗ НОМЕРА - 2 шт. було завершено користувачем [Коваль Людмила] з коментарем: виконано.
[12-Sep-2025 09:13:51 Europe/Helsinki] DellTASK [INFO] Повірка від 04.09.2025 для адреси вул. Самоквасова Дмитра, буд. 20, кв. 17 для лічильника БЕЗ НОМЕРА - 4 шт. було завершено користувачем [Коваль Людмила] з коментарем: виконано.
[12-Sep-2025 09:14:07 Europe/Helsinki] DellTASK [INFO] Повірка від 04.09.2025 для адреси вул. Самоквасова Дмитра, буд. 20, кв. 131 для лічильника БЕЗ НОМЕРА - 2 шт. було завершено користувачем [Коваль Людмила] з коментарем: виконано.
[12-Sep-2025 09:14:20 Europe/Helsinki] DellTASK [INFO] Повірка від 28.08.2025 для адреси просп. Левка Лукяненка, буд. 42, кв. 18 для лічильника БЕЗ НОМЕРА - 2 шт. було завершено користувачем [Коваль Людмила] з коментарем: виконано.
[12-Sep-2025 09:14:34 Europe/Helsinki] DellTASK [INFO] Повірка від 22.08.2025 для адреси вул. Генерала Пухова, буд. 148, кв. 89 для лічильника БЕЗ НОМЕРА - 2 шт. було завершено користувачем [Коваль Людмила] з коментарем: виконано.
[12-Sep-2025 09:14:50 Europe/Helsinki] DellTASK [INFO] Повірка від 13.08.2025 для адреси просп. Левка Лукяненка, буд. 68, кв. 33 для лічильника БЕЗ НОМЕРА - 4 шт. було завершено користувачем [Коваль Людмила] з коментарем: виконано.
[12-Sep-2025 11:04:32 Europe/Helsinki] NewDATA [INFO] Новий лічильник номер: 092044, тип: КВ-1,5 => DN 15, рік випуску: 2004, показники: 0, балансоутримувач: КП "ВДК" додано до БД користувачем [Коваль Людмила].
[12-Sep-2025 11:05:01 Europe/Helsinki] NewDATA [INFO] Новий лічильник номер: 020026, тип: КВ-1,5 => DN 15, рік випуску: 2004, показники: 0, балансоутримувач: КП "ТКЕ" додано до БД користувачем [Коваль Людмила].
[12-Sep-2025 11:05:21 Europe/Helsinki] NewDATA [INFO] Новий лічильник номер: 733640, тип: КВ-1,5 => DN 15, рік випуску: 2003, показники: 0, балансоутримувач: КП "ВДК" додано до БД користувачем [Коваль Людмила].
[12-Sep-2025 11:05:41 Europe/Helsinki] NewDATA [INFO] Новий лічильник номер: 008368, тип: КВ-1,5 => DN 15, рік випуску: 2004, показники: 0, балансоутримувач: КП "ТКЕ" додано до БД користувачем [Коваль Людмила].
[12-Sep-2025 11:05:43 Europe/Helsinki] EditDATA [INFO] За адресою вул. Самоквасова Дмитра, буд. 20, кв. 88 користувачем [Коваль Людмила] було додано лічильники: 092044, 020026, 733640, 008368].
[12-Sep-2025 11:06:28 Europe/Helsinki] NewDATA [INFO] Новий лічильник номер: 343287, тип: КВ-1,5 => DN 15, рік випуску: 2003, показники: 0, балансоутримувач: КП "ВДК" додано до БД користувачем [Коваль Людмила].
[12-Sep-2025 11:06:49 Europe/Helsinki] NewDATA [INFO] Новий лічильник номер: 243934, тип: КВ-1,5 => DN 15, рік випуску: 2003, показники: 0, балансоутримувач: КП "ТКЕ" додано до БД користувачем [Коваль Людмила].
[12-Sep-2025 11:07:14 Europe/Helsinki] NewDATA [INFO] Новий лічильник номер: 258196, тип: КВ-1,5 => DN 15, рік випуску: 2003, показники: 0, балансоутримувач: КП "ВДК" додано до БД користувачем [Коваль Людмила].
[12-Sep-2025 11:07:34 Europe/Helsinki] NewDATA [INFO] Новий лічильник номер: 338162, тип: КВ-1,5 => DN 15, рік випуску: 2003, показники: 0, балансоутримувач: КП "ТКЕ" додано до БД користувачем [Коваль Людмила].
[12-Sep-2025 11:07:36 Europe/Helsinki] EditDATA [INFO] За адресою вул. Самоквасова Дмитра, буд. 20, кв. 17 користувачем [Коваль Людмила] було додано лічильники: 343287, 243934, 258196, 338162].
[12-Sep-2025 11:08:18 Europe/Helsinki] NewDATA [INFO] Новий лічильник номер: 067646, тип: КВ-1,5 => DN 15, рік випуску: 2005, показники: 0, балансоутримувач: КП "ВДК" додано до БД користувачем [Коваль Людмила].
[12-Sep-2025 11:08:40 Europe/Helsinki] NewDATA [INFO] Новий лічильник номер: 071162, тип: КВ-1,5 => DN 15, рік випуску: 2005, показники: 0, балансоутримувач: КП "ТКЕ" додано до БД користувачем [Коваль Людмила].
[12-Sep-2025 11:08:43 Europe/Helsinki] EditDATA [INFO] За адресою вул. Самоквасова Дмитра, буд. 20, кв. 131 користувачем [Коваль Людмила] було додано лічильники: 067646, 071162].
[12-Sep-2025 11:09:34 Europe/Helsinki] NewDATA [INFO] Новий лічильник номер: 211361160, тип: СВК => DN 15, рік випуску: 2021, показники: 0, балансоутримувач: КП "ВДК" додано до БД користувачем [Коваль Людмила].
[12-Sep-2025 11:09:59 Europe/Helsinki] NewDATA [INFO] Новий лічильник номер: 21136898, тип: СВК => DN 15, рік випуску: 2021, показники: 0, балансоутримувач: АТ "ОТКЕ" додано до БД користувачем [Коваль Людмила].
[12-Sep-2025 11:10:01 Europe/Helsinki] EditDATA [INFO] За адресою вул. 1-ої танкової бригади, буд. 37, корп. 5, кв. 56 користувачем [Коваль Людмила] було додано лічильники: 211361160, 21136898].
[12-Sep-2025 13:40:03 Europe/Helsinki] NewDATA [INFO] Новий лічильник номер: 421772, тип: КВ-1,5 => DN 15, рік випуску: 2003, показники: 0, балансоутримувач: КП "ВДК" додано до БД користувачем [Коваль Людмила].
[12-Sep-2025 13:40:24 Europe/Helsinki] NewDATA [INFO] Новий лічильник номер: 429211, тип: КВ-1,5 => DN 15, рік випуску: 2003, показники: 0, балансоутримувач: АТ "ОТКЕ" додано до БД користувачем [Коваль Людмила].
[12-Sep-2025 13:40:44 Europe/Helsinki] NewDATA [INFO] Новий лічильник номер: 421832, тип: КВ-1,5 => DN 15, рік випуску: 2003, показники: 0, балансоутримувач: КП "ВДК" додано до БД користувачем [Коваль Людмила].
[12-Sep-2025 13:41:04 Europe/Helsinki] NewDATA [INFO] Новий лічильник номер: 422415, тип: КВ-1,5 => DN 15, рік випуску: 2003, показники: 0, балансоутримувач: АТ "ОТКЕ" додано до БД користувачем [Коваль Людмила].
[12-Sep-2025 13:41:06 Europe/Helsinki] EditDATA [INFO] За адресою просп. Левка Лукяненка, буд. 68, кв. 33 користувачем [Коваль Людмила] було додано лічильники: 421772, 429211, 421832, 422415].
[12-Sep-2025 13:41:40 Europe/Helsinki] NewDATA [INFO] Новий лічильник номер: 683525, тип: КВ-1,5 => DN 15, рік випуску: 2001, показники: 0, балансоутримувач: КП "ВДК" додано до БД користувачем [Коваль Людмила].
[12-Sep-2025 13:42:05 Europe/Helsinki] NewDATA [INFO] Новий лічильник номер: 163001, тип: КВ-1,5 => DN 15, рік випуску: 2004, показники: 0, балансоутримувач: АТ "ОТКЕ" додано до БД користувачем [Коваль Людмила].
[12-Sep-2025 13:42:07 Europe/Helsinki] EditDATA [INFO] За адресою просп. Левка Лукяненка, буд. 42, кв. 18 користувачем [Коваль Людмила] було додано лічильники: 683525, 163001].
[12-Sep-2025 13:42:42 Europe/Helsinki] NewDATA [INFO] Новий лічильник номер: 556221, тип: КВ-1,5 => DN 15, рік випуску: 2004, показники: 0, балансоутримувач: КП "ВДК" додано до БД користувачем [Коваль Людмила].
[12-Sep-2025 13:43:04 Europe/Helsinki] NewDATA [INFO] Новий лічильник номер: 547815, тип: КВ-1,5 => DN 15, рік випуску: 2004, показники: 0, балансоутримувач: АТ "ОТКЕ" додано до БД користувачем [Коваль Людмила].
[12-Sep-2025 13:43:06 Europe/Helsinki] EditDATA [INFO] За адресою просп. Левка Лукяненка, буд. 18, кв. 45 користувачем [Коваль Людмила] було додано лічильники: 556221, 547815].
[12-Sep-2025 13:43:41 Europe/Helsinki] NewDATA [INFO] Новий лічильник номер: 542406, тип: КВ-1,5 => DN 15, рік випуску: 2008, показники: 0, балансоутримувач: КП "ВДК" додано до БД користувачем [Коваль Людмила].
[12-Sep-2025 13:44:02 Europe/Helsinki] NewDATA [INFO] Новий лічильник номер: 542634, тип: КВ-1,5 => DN 15, рік випуску: 2008, показники: 0, балансоутримувач: АТ "ОТКЕ" додано до БД користувачем [Коваль Людмила].
[12-Sep-2025 13:44:04 Europe/Helsinki] EditDATA [INFO] За адресою вул. Доценка, буд. 15, кв. 46 користувачем [Коваль Людмила] було додано лічильники: 542406, 542634].
[12-Sep-2025 13:46:03 Europe/Helsinki] EditDATA [INFO] За адресою вул. Доценка, буд. 15, кв. 58 користувачем [Коваль Людмила] було видалено лічильники: 344571, 411331; додано лічильники: 434571].
[12-Sep-2025 13:46:39 Europe/Helsinki] EditDATA [INFO] За адресою вул. Доценка, буд. 15, кв. 58 користувачем [Коваль Людмила] було додано лічильники: 411331].
[12-Sep-2025 13:48:23 Europe/Helsinki] NewDATA [INFO] Новий лічильник номер: 026279, тип: КВ-1,5 => DN 15, рік випуску: 2011, показники: 0, балансоутримувач: КП "ВДК" додано до БД користувачем [Коваль Людмила].
[12-Sep-2025 13:48:44 Europe/Helsinki] NewDATA [INFO] Новий лічильник номер: 019357, тип: КВ-1,5 => DN 15, рік випуску: 2011, показники: 0, балансоутримувач: АТ "ОТКЕ" додано до БД користувачем [Коваль Людмила].
[12-Sep-2025 13:48:46 Europe/Helsinki] EditDATA [INFO] За адресою вул. Доценка, буд. 30, кв. 52 користувачем [Коваль Людмила] було додано лічильники: 026279, 019357].
[12-Sep-2025 13:49:19 Europe/Helsinki] NewDATA [INFO] Новий лічильник номер: 068691, тип: КВ-1,5 => DN 15, рік випуску: 2004, показники: 0, балансоутримувач: КП "ВДК" додано до БД користувачем [Коваль Людмила].
[12-Sep-2025 13:49:41 Europe/Helsinki] NewDATA [INFO] Новий лічильник номер: 108288, тип: КВ-1,5 => DN 15, рік випуску: 2004, показники: 0, балансоутримувач: АТ "ОТКЕ" додано до БД користувачем [Коваль Людмила].
[12-Sep-2025 13:49:43 Europe/Helsinki] EditDATA [INFO] За адресою вул. Генерала Пухова, буд. 148, кв. 89 користувачем [Коваль Людмила] було додано лічильники: 068691, 108288].
[12-Sep-2025 14:32:43 Europe/Helsinki] NewDATA [INFO] Нова адреса вул. Захисників України, буд. 6, кв. 72, тел. +38 (073) 028-56-22 додана до БД користувачем [Коваль Людмила].
[12-Sep-2025 14:33:25 Europe/Helsinki] NewDATA [INFO] Нова заявка Повірка, адреса: вул. Захисників України 6, кв. 72, лічильники: БЕЗ НОМЕРА - 2 шт., вартість: 660 грн., примітки: 9-12,пер.за 30 хв. додано до БД користувачем [Коваль Людмила].
[2025-09-12T14:33:31.466] [INFO] DataBase - У заявці Повірка від 12 вересня 2025 р. за адресою вул. Захисників України, буд. 6, кв. 72 додано виконавця ЗАПЛАНОВАНІ та додано дату виконання 15 вересня 2025 р. користувачем [Коваль Людмила].
[12-Sep-2025 14:44:21 Europe/Helsinki] NewDATA [INFO] Нова адреса вул. Генерала Пухова, буд. 108, кв. 105, тел. +38 (073) 048-21-73 додана до БД користувачем [Коваль Людмила].
[12-Sep-2025 14:45:06 Europe/Helsinki] NewDATA [INFO] Нова адреса вул. Генерала Пухова, буд. 107, кв. 105, тел. +38 (073) 048-21-73 додана до БД користувачем [Коваль Людмила].
[12-Sep-2025 14:45:59 Europe/Helsinki] NewDATA [INFO] Нова заявка Повірка, адреса: вул. Генерала Пухова 107, кв. 105, лічильники: БЕЗ НОМЕРА - 4 шт., вартість: 1320 грн., примітки: 8-13 додано до БД користувачем [Коваль Людмила].
[2025-09-12T14:46:02.909] [INFO] DataBase - У заявці Повірка від 12 вересня 2025 р. за адресою вул. Генерала Пухова, буд. 107, кв. 105 додано виконавця ЗАПЛАНОВАНІ та додано дату виконання 15 вересня 2025 р. користувачем [Коваль Людмила].
[12-Sep-2025 14:46:49 Europe/Helsinki] NewDATA [INFO] Нова адреса вул. Незалежності, буд. 72, кв. 45, тел. +38 (095) 153-17-44 додана до БД користувачем [Коваль Людмила].
[12-Sep-2025 14:47:24 Europe/Helsinki] NewDATA [INFO] Нова заявка Повірка, адреса: вул. Незалежності 72, кв. 45, лічильники: БЕЗ НОМЕРА - 2 шт., вартість: 660 грн., примітки: 8-13 додано до БД користувачем [Коваль Людмила].
[2025-09-12T14:47:28.336] [INFO] DataBase - У заявці Повірка від 12 вересня 2025 р. за адресою вул. Незалежності, буд. 72, кв. 45 додано виконавця ЗАПЛАНОВАНІ та додано дату виконання 2 жовтня 2025 р. користувачем [Коваль Людмила].
[12-Sep-2025 14:48:18 Europe/Helsinki] NewDATA [INFO] Нова адреса просп. Миру, буд. 255, корп. А, кв. 57, тел. +38 (067) 996-74-52 додана до БД користувачем [Коваль Людмила].
[12-Sep-2025 14:48:54 Europe/Helsinki] NewDATA [INFO] Нова заявка Повірка, адреса: просп. Миру 255 корпус А, кв. 57, лічильники: БЕЗ НОМЕРА - 4 шт., вартість: 1320 грн., примітки: 13-17 додано до БД користувачем [Коваль Людмила].
[2025-09-12T14:48:59.145] [INFO] DataBase - У заявці Повірка від 12 вересня 2025 р. за адресою просп. Миру, буд. 255, корп. А, кв. 57 додано виконавця ЗАПЛАНОВАНІ та додано дату виконання 30 вересня 2025 р. користувачем [Коваль Людмила].
[12-Sep-2025 14:50:44 Europe/Helsinki] NewDATA [INFO] Нова адреса вул. Стратілата, буд. 34, кв. 1, тел. +38 (093) 730-14-56 додана до БД користувачем [Коваль Людмила].
[12-Sep-2025 14:51:22 Europe/Helsinki] NewDATA [INFO] Нова заявка Заміна, адреса: вул. Стратілата 34, кв. 1, лічильники: БЕЗ НОМЕРА - 1 шт., вартість: 1100 грн., примітки: хол.9-13,пер.за 30 хв. додано до БД користувачем [Коваль Людмила].
[2025-09-12T14:51:26.628] [INFO] DataBase - У заявці Заміна від 12 вересня 2025 р. за адресою вул. Стратілата, буд. 34, кв. 1 додано виконавця Баранов та додано дату виконання 16 вересня 2025 р. користувачем [Коваль Людмила].
[12-Sep-2025 15:04:19 Europe/Helsinki] EditDATA [INFO] Для заявки Повірка від 12.09.2025 користувачем [Коваль Людмила] змінено виконавця з ЗАПЛАНОВАНІ на Шкуліпа.
[12-Sep-2025 15:04:29 Europe/Helsinki] EditDATA [INFO] Для заявки Повірка від 12.09.2025 користувачем [Коваль Людмила] змінено виконавця з ЗАПЛАНОВАНІ на Шкуліпа.
[12-Sep-2025 15:04:39 Europe/Helsinki] EditDATA [INFO] Для заявки Повірка від 10.09.2025 користувачем [Коваль Людмила] змінено виконавця з ЗАПЛАНОВАНІ на Шкуліпа.
[12-Sep-2025 15:04:49 Europe/Helsinki] EditDATA [INFO] Для заявки Повірка від 10.09.2025 користувачем [Коваль Людмила] змінено виконавця з ЗАПЛАНОВАНІ на Шкуліпа.
[12-Sep-2025 15:04:59 Europe/Helsinki] EditDATA [INFO] Для заявки Повірка від 08.09.2025 користувачем [Коваль Людмила] змінено виконавця з ЗАПЛАНОВАНІ на Шкуліпа.
[12-Sep-2025 15:05:09 Europe/Helsinki] EditDATA [INFO] Для заявки Повірка від 08.09.2025 користувачем [Коваль Людмила] змінено виконавця з ЗАПЛАНОВАНІ на Шкуліпа.
[12-Sep-2025 15:05:19 Europe/Helsinki] EditDATA [INFO] Для заявки Повірка від 02.09.2025 користувачем [Коваль Людмила] змінено виконавця з ЗАПЛАНОВАНІ на Шкуліпа.

