[30-May-2025 09:34:44 Europe/Helsinki] DellTASK [INFO] Повірка від 23.05.2025 для адреси вул. Савчука, буд. 3, кв. 219 для лічильника БЕЗ НОМЕРА - 2 шт. було завершено користувачем [Коваль Людмила] з коментарем: виконано.
[30-May-2025 09:34:59 Europe/Helsinki] DellTASK [INFO] Повірка від 22.05.2025 для адреси вул. Савчука, буд. 11, кв. 145 для лічильника БЕЗ НОМЕРА - 4 шт. було завершено користувачем [Коваль Людмила] з коментарем: виконано.
[30-May-2025 09:35:32 Europe/Helsinki] DellTASK [INFO] Повірка від 21.05.2025 для адреси вул. Савчука, буд. 1, кв. 4 для лічильника БЕЗ НОМЕРА - 2 шт. було завершено користувачем [Коваль Людмила] з коментарем: виконали конкуренти.
[30-May-2025 09:35:47 Europe/Helsinki] DellTASK [INFO] Повірка від 21.05.2025 для адреси вул. Нафтовиків, буд. 14, кв. 1 для лічильника БЕЗ НОМЕРА - 2 шт. було завершено користувачем [Коваль Людмила] з коментарем: виконано.
[30-May-2025 09:36:04 Europe/Helsinki] DellTASK [INFO] Повірка від 19.05.2025 для адреси вул. Савчука, буд. 7, корп. А, кв. 79 для лічильника БЕЗ НОМЕРА - 4 шт. було завершено користувачем [Коваль Людмила] з коментарем: виконано.
[30-May-2025 09:36:18 Europe/Helsinki] DellTASK [INFO] Повірка від 15.05.2025 для адреси вул. Шевченка, буд. 53, кв. 45 для лічильника БЕЗ НОМЕРА - 2 шт. було завершено користувачем [Коваль Людмила] з коментарем: виконано.
[30-May-2025 09:36:34 Europe/Helsinki] DellTASK [INFO] Повірка від 13.05.2025 для адреси вул. Незалежності, буд. 72, кв. 19 для лічильника БЕЗ НОМЕРА - 2 шт. було завершено користувачем [Коваль Людмила] з коментарем: виконано.
[30-May-2025 09:36:57 Europe/Helsinki] DellTASK [INFO] Повірка від 12.05.2025 для адреси вул. Красносільського, буд. 71, кв. 151 для лічильника БЕЗ НОМЕРА - 2 шт. було завершено користувачем [Коваль Людмила] з коментарем: виконали конкуренти.
[30-May-2025 09:37:13 Europe/Helsinki] DellTASK [INFO] Повірка від 14.04.2025 для адреси вул. Нафтовиків, буд. 6, кв. 6 для лічильника БЕЗ НОМЕРА - 2 шт. було завершено користувачем [Коваль Людмила] з коментарем: виконано.
[30-May-2025 09:38:44 Europe/Helsinki] NewDATA [INFO] Новий лічильник номер: 241099, тип: КВ-1,5 => DN 15, рік випуску: 2002, показники: 0, балансоутримувач: КП "ВДК" додано до БД користувачем [Коваль Людмила].
[30-May-2025 09:39:13 Europe/Helsinki] NewDATA [INFO] Новий лічильник номер: 231232, тип: КВ-1,5 => DN 15, рік випуску: 2002, показники: 0, балансоутримувач: АТ "ОТКЕ" додано до БД користувачем [Коваль Людмила].
[30-May-2025 09:39:21 Europe/Helsinki] EditDATA [INFO] За адресою вул. Незалежності, буд. 14, кв. 167 користувачем [Коваль Людмила] було додано лічильники: 241099, 231232].
[30-May-2025 09:39:59 Europe/Helsinki] NewDATA [INFO] Новий лічильник номер: 519697, тип: КВ-1,5 => DN 15, рік випуску: 2008, показники: 0, балансоутримувач: КП "ВДК" додано до БД користувачем [Коваль Людмила].
[30-May-2025 09:40:19 Europe/Helsinki] NewDATA [INFO] Новий лічильник номер: 415774, тип: КВ-1,5 => DN 15, рік випуску: 2008, показники: 0, балансоутримувач: АТ "ОТКЕ" додано до БД користувачем [Коваль Людмила].
[30-May-2025 09:40:22 Europe/Helsinki] EditDATA [INFO] За адресою вул. Незалежності, буд. 18, кв. 41 користувачем [Коваль Людмила] було додано лічильники: 519697, 415774].
[30-May-2025 10:01:47 Europe/Helsinki] NewDATA [INFO] Новий лічильник номер: 134861, тип: КВ-1,5 => DN 15, рік випуску: 2009, показники: 0, балансоутримувач: КП "ВДК" додано до БД користувачем [Коваль Людмила].
[30-May-2025 10:02:09 Europe/Helsinki] NewDATA [INFO] Новий лічильник номер: 116807, тип: КВ-1,5 => DN 15, рік випуску: 2009, показники: 0, балансоутримувач: АТ "ОТКЕ" додано до БД користувачем [Коваль Людмила].
[30-May-2025 10:02:11 Europe/Helsinki] EditDATA [INFO] За адресою вул. Незалежності, буд. 24, кв. 62 користувачем [Коваль Людмила] було додано лічильники: 134861, 116807].
[30-May-2025 10:03:04 Europe/Helsinki] NewDATA [INFO] Новий лічильник номер: 10 743997, тип: ТАКТ => DN 15, рік випуску: 2010, показники: 0, балансоутримувач: КП "ВДК" додано до БД користувачем [Коваль Людмила].
[30-May-2025 10:03:06 Europe/Helsinki] EditDATA [INFO] За адресою вул. Елеваторна, буд. 4, корп. Б, кв. 25 користувачем [Коваль Людмила] було додано лічильники: 10 743997].
[30-May-2025 10:05:45 Europe/Helsinki] NewDATA [INFO] Новий лічильник номер: 306591, тип: КВ-1,5 => DN 15, рік випуску: 2006, показники: 0, балансоутримувач: КП "ВДК" додано до БД користувачем [Коваль Людмила].
[30-May-2025 10:05:48 Europe/Helsinki] EditDATA [INFO] За адресою вул. Елеваторна, буд. 8, корп. А, кв. 47 користувачем [Коваль Людмила] було додано лічильники: 306591].
[30-May-2025 10:28:48 Europe/Helsinki] NewDATA [INFO] Новий лічильник номер: 12308040, тип: Sensus => DN 15, рік випуску: 2021, показники: 0, балансоутримувач: КП "ВДК" додано до БД користувачем [Коваль Людмила].
[30-May-2025 10:28:50 Europe/Helsinki] EditDATA [INFO] За адресою вул. Любецька, буд. 106, корп. Б, кв. 99 користувачем [Коваль Людмила] було додано лічильники: 12308040].
[30-May-2025 10:33:10 Europe/Helsinki] NewDATA [INFO] Новий лічильник номер: 091852, тип: КВ-1,5 => DN 15, рік випуску: 2016, показники: 0, балансоутримувач: КП "ВДК" додано до БД користувачем [Коваль Людмила].
[30-May-2025 10:33:31 Europe/Helsinki] NewDATA [INFO] Новий лічильник номер: 085296, тип: КВ-1,5 => DN 15, рік випуску: 2016, показники: 0, балансоутримувач: АТ "ОТКЕ" додано до БД користувачем [Коваль Людмила].
[30-May-2025 10:33:33 Europe/Helsinki] EditDATA [INFO] За адресою вул. Освіти, буд. 10, кв. 72 користувачем [Коваль Людмила] було додано лічильники: 091852, 085296].
[30-May-2025 10:34:08 Europe/Helsinki] NewDATA [INFO] Новий лічильник номер: 053441, тип: КВ-1,5 => DN 15, рік випуску: 2001, показники: 0, балансоутримувач: КП "ВДК" додано до БД користувачем [Коваль Людмила].
[30-May-2025 10:34:29 Europe/Helsinki] NewDATA [INFO] Новий лічильник номер: 051879, тип: КВ-1,5 => DN 15, рік випуску: 2001, показники: 0, балансоутримувач: АТ "ОТКЕ" додано до БД користувачем [Коваль Людмила].
[30-May-2025 10:34:31 Europe/Helsinki] EditDATA [INFO] За адресою вул. Захисників України, буд. 14, кв. 22 користувачем [Коваль Людмила] було додано лічильники: 053441, 051879].
[30-May-2025 10:35:22 Europe/Helsinki] NewDATA [INFO] Новий лічильник номер: 028972, тип: КВ-1,5 => DN 15, рік випуску: 2017, показники: 0, балансоутримувач: АТ "ОТКЕ" додано до БД користувачем [Коваль Людмила].
[30-May-2025 10:35:25 Europe/Helsinki] EditDATA [INFO] За адресою вул. Захисників України, буд. 11, кв. 77 користувачем [Коваль Людмила] було додано лічильники: 028972].
[30-May-2025 10:54:59 Europe/Helsinki] NewDATA [INFO] Новий лічильник номер: 1039818, тип: ЛК => DN 15, рік випуску: 2011, показники: 0, балансоутримувач: КП "ВДК" додано до БД користувачем [Коваль Людмила].
[30-May-2025 10:55:01 Europe/Helsinki] EditDATA [INFO] За адресою просп. Левка Лукяненка, буд. 17, кв. 64 користувачем [Коваль Людмила] було додано лічильники: 1039818].
[30-May-2025 10:55:40 Europe/Helsinki] NewDATA [INFO] Новий лічильник номер: 154341, тип: КВ-1,5 => DN 15, рік випуску: 2008, показники: 0, балансоутримувач: КП "ВДК" додано до БД користувачем [Коваль Людмила].
[30-May-2025 10:56:03 Europe/Helsinki] NewDATA [INFO] Новий лічильник номер: 222721, тип: КВ-1,5 => DN 15, рік випуску: 2008, показники: 0, балансоутримувач: АТ "ОТКЕ" додано до БД користувачем [Коваль Людмила].
[30-May-2025 10:56:05 Europe/Helsinki] EditDATA [INFO] За адресою вул. Всіхсвятська, буд. 8, кв. 64 користувачем [Коваль Людмила] було додано лічильники: 154341, 222721].
[30-May-2025 10:56:48 Europe/Helsinki] NewDATA [INFO] Новий лічильник номер: 005166, тип: КВ-1,5 => DN 15, рік випуску: 2009, показники: 0, балансоутримувач: КП "ВДК" додано до БД користувачем [Коваль Людмила].
[30-May-2025 10:57:12 Europe/Helsinki] NewDATA [INFO] Новий лічильник номер: 011980, тип: КВ-1,5 => DN 15, рік випуску: 2009, показники: 0, балансоутримувач: АТ "ОТКЕ" додано до БД користувачем [Коваль Людмила].
[30-May-2025 10:57:14 Europe/Helsinki] EditDATA [INFO] За адресою вул. Всіхсвятська, буд. 8, кв. 43 користувачем [Коваль Людмила] було додано лічильники: 005166, 011980].
[30-May-2025 10:57:52 Europe/Helsinki] NewDATA [INFO] Новий лічильник номер: 6784261, тип: ЛК => DN 15, рік випуску: 2018, показники: 0, балансоутримувач: КП "ВДК" додано до БД користувачем [Коваль Людмила].
[30-May-2025 10:58:14 Europe/Helsinki] NewDATA [INFO] Новий лічильник номер: 6876402, тип: ЛК => DN 15, рік випуску: 2016, показники: 0, балансоутримувач: АТ "ОТКЕ" додано до БД користувачем [Коваль Людмила].
[30-May-2025 10:58:16 Europe/Helsinki] EditDATA [INFO] За адресою вул. Космонавтів, буд. 6, кв. 22 користувачем [Коваль Людмила] було додано лічильники: 6784261, 6876402].
[30-May-2025 10:58:53 Europe/Helsinki] NewDATA [INFO] Новий лічильник номер: 304427, тип: КВ-1,5 => DN 15, рік випуску: 2012, показники: 0, балансоутримувач: КП "ВДК" додано до БД користувачем [Коваль Людмила].
[30-May-2025 10:58:55 Europe/Helsinki] EditDATA [INFO] За адресою просп. Левка Лукяненка, буд. 48, кв. 141 користувачем [Коваль Людмила] було додано лічильники: 304427].
[30-May-2025 11:00:36 Europe/Helsinki] NewDATA [INFO] Новий лічильник номер: 038685, тип: КВ-1,5 => DN 15, рік випуску: 2017, показники: 0, балансоутримувач: КП "ВДК" додано до БД користувачем [Коваль Людмила].
[30-May-2025 11:01:00 Europe/Helsinki] NewDATA [INFO] Новий лічильник номер: 028980, тип: КВ-1,5 => DN 15, рік випуску: 2017, показники: 0, балансоутримувач: АТ "ОТКЕ" додано до БД користувачем [Коваль Людмила].
[30-May-2025 11:01:22 Europe/Helsinki] NewDATA [INFO] Новий лічильник номер: 019355, тип: КВ-1,5 => DN 15, рік випуску: 2017, показники: 0, балансоутримувач: КП "ВДК" додано до БД користувачем [Коваль Людмила].
[30-May-2025 11:01:43 Europe/Helsinki] NewDATA [INFO] Новий лічильник номер: 029006, тип: КВ-1,5 => DN 15, рік випуску: 2017, показники: 0, балансоутримувач: АТ "ОТКЕ" додано до БД користувачем [Коваль Людмила].
[30-May-2025 11:01:45 Europe/Helsinki] EditDATA [INFO] За адресою просп. Левка Лукяненка, буд. 37, кв. 98 користувачем [Коваль Людмила] було додано лічильники: 038685, 028980, 019355, 029006].
[30-May-2025 11:02:22 Europe/Helsinki] NewDATA [INFO] Новий лічильник номер: 216651, тип: КВ-1,5 => DN 15, рік випуску: 2013, показники: 0, балансоутримувач: КП "ВДК" додано до БД користувачем [Коваль Людмила].
[30-May-2025 11:02:43 Europe/Helsinki] NewDATA [INFO] Новий лічильник номер: 264833, тип: КВ-1,5 => DN 15, рік випуску: 2013, показники: 0, балансоутримувач: АТ "ОТКЕ" додано до БД користувачем [Коваль Людмила].
[30-May-2025 11:02:45 Europe/Helsinki] EditDATA [INFO] За адресою просп. Левка Лукяненка, буд. 32, кв. 38 користувачем [Коваль Людмила] було додано лічильники: 216651, 264833].
[30-May-2025 11:03:41 Europe/Helsinki] NewDATA [INFO] Новий лічильник номер: 139566, тип: КВ-1,5 => DN 15, рік випуску: 2016, показники: 0, балансоутримувач: КП "ВДК" додано до БД користувачем [Коваль Людмила].
[30-May-2025 11:04:05 Europe/Helsinki] NewDATA [INFO] Новий лічильник номер: 130468, тип: КВ-1,5 => DN 15, рік випуску: 2016, показники: 0, балансоутримувач: АТ "ОТКЕ" додано до БД користувачем [Коваль Людмила].
[30-May-2025 11:04:07 Europe/Helsinki] EditDATA [INFO] За адресою вул. Нафтовиків, буд. 6, кв. 6 користувачем [Коваль Людмила] було додано лічильники: 139566, 130468].
[30-May-2025 11:04:43 Europe/Helsinki] NewDATA [INFO] Новий лічильник номер: 083017, тип: КВ-1,5 => DN 15, рік випуску: 2004, показники: 0, балансоутримувач: КП "ВДК" додано до БД користувачем [Коваль Людмила].
[30-May-2025 11:04:48 Europe/Helsinki] EditDATA [INFO] За адресою вул. Нафтовиків, буд. 14, кв. 1 користувачем [Коваль Людмила] було додано лічильники: 083017].
[30-May-2025 11:05:28 Europe/Helsinki] NewDATA [INFO] Новий лічильник номер: 157295, тип: СВК => DN 15, рік випуску: 2003, показники: 0, балансоутримувач: КП "ВДК" додано до БД користувачем [Коваль Людмила].
[30-May-2025 11:05:50 Europe/Helsinki] NewDATA [INFO] Новий лічильник номер: 105347, тип: СВК => DN 15, рік випуску: 2003, показники: 0, балансоутримувач: АТ "ОТКЕ" додано до БД користувачем [Коваль Людмила].
[30-May-2025 11:05:52 Europe/Helsinki] EditDATA [INFO] За адресою вул. Незалежності, буд. 72, кв. 19 користувачем [Коваль Людмила] було додано лічильники: 157295, 105347].
[30-May-2025 11:22:23 Europe/Helsinki] NewDATA [INFO] Новий лічильник номер: 705902, тип: КВ-1,5 => DN 15, рік випуску: 2003, показники: 0, балансоутримувач: КП "ВДК" додано до БД користувачем [Коваль Людмила].
[30-May-2025 11:22:45 Europe/Helsinki] NewDATA [INFO] Новий лічильник номер: 514344, тип: КВ-1,5 => DN 15, рік випуску: 2003, показники: 0, балансоутримувач: АТ "ОТКЕ" додано до БД користувачем [Коваль Людмила].
[30-May-2025 11:22:46 Europe/Helsinki] EditDATA [INFO] За адресою вул. Савчука, буд. 3, кв. 219 користувачем [Коваль Людмила] було додано лічильники: 705902, 514344].
[30-May-2025 11:23:24 Europe/Helsinki] NewDATA [INFO] Новий лічильник номер: 218440, тип: КВ-1,5 => DN 15, рік випуску: 2010, показники: 0, балансоутримувач: КП "ВДК" додано до БД користувачем [Коваль Людмила].
[30-May-2025 11:23:46 Europe/Helsinki] NewDATA [INFO] Новий лічильник номер: 531200, тип: КВ-1,5 => DN 15, рік випуску: 2008, показники: 0, балансоутримувач: АТ "ОТКЕ" додано до БД користувачем [Коваль Людмила].
[30-May-2025 11:23:47 Europe/Helsinki] EditDATA [INFO] За адресою вул. Шевченка, буд. 53, кв. 45 користувачем [Коваль Людмила] було додано лічильники: 218440, 531200].
[30-May-2025 11:24:39 Europe/Helsinki] NewDATA [INFO] Новий лічильник номер: 210975005, тип: GSD8 => DN 15, рік випуску: 2021, показники: 0, балансоутримувач: КП "ВДК" додано до БД користувачем [Коваль Людмила].
[30-May-2025 11:25:12 Europe/Helsinki] NewDATA [INFO] Новий лічильник номер: 201515236, тип: GSD => DN 15, рік випуску: 2020, показники: 0, балансоутримувач: АТ "ОТКЕ" додано до БД користувачем [Коваль Людмила].
[30-May-2025 11:25:40 Europe/Helsinki] NewDATA [INFO] Новий лічильник номер: 210974986, тип: GSD8 => DN 15, рік випуску: 2021, показники: 0, балансоутримувач: КП "ВДК" додано до БД користувачем [Коваль Людмила].
[30-May-2025 11:26:05 Europe/Helsinki] NewDATA [INFO] Новий лічильник номер: 201516551, тип: GSD8 => DN 15, рік випуску: 2020, показники: 0, балансоутримувач: АТ "ОТКЕ" додано до БД користувачем [Коваль Людмила].
[30-May-2025 11:26:07 Europe/Helsinki] EditDATA [INFO] За адресою вул. Савчука, буд. 11, кв. 145 користувачем [Коваль Людмила] було додано лічильники: 210975005, 201515236, 210974986, 201516551].
[30-May-2025 11:26:55 Europe/Helsinki] NewDATA [INFO] Новий лічильник номер: 169718, тип: КВ-1,5 => DN 15, рік випуску: 2017, показники: 0, балансоутримувач: КП "ВДК" додано до БД користувачем [Коваль Людмила].
[30-May-2025 11:27:18 Europe/Helsinki] NewDATA [INFO] Новий лічильник номер: 166861, тип: КВ-1,5 => DN 15, рік випуску: 2017, показники: 0, балансоутримувач: АТ "ОТКЕ" додано до БД користувачем [Коваль Людмила].
[30-May-2025 11:27:37 Europe/Helsinki] NewDATA [INFO] Новий лічильник номер: 165329, тип: КВ-1,5 => DN 15, рік випуску: 2017, показники: 0, балансоутримувач: КП "ВДК" додано до БД користувачем [Коваль Людмила].
[30-May-2025 11:28:04 Europe/Helsinki] NewDATA [INFO] Новий лічильник номер: 166423, тип: КВ-1,5 => DN 15, рік випуску: 2017, показники: 0, балансоутримувач: АТ "ОТКЕ" додано до БД користувачем [Коваль Людмила].
[30-May-2025 11:28:08 Europe/Helsinki] EditDATA [INFO] За адресою вул. Савчука, буд. 7, корп. А, кв. 79 користувачем [Коваль Людмила] було додано лічильники: 169718, 166861, 165329, 166423].
[30-May-2025 12:46:37 Europe/Helsinki] NewDATA [INFO] Нова заявка Повірка, адреса: вул. Шевчука 8, кв. 31, лічильники: БЕЗ НОМЕРА - 2 шт., вартість: 700 грн., примітки: 13-17,пер.за час додано до БД користувачем [Коваль Людмила].
[2025-05-30T12:46:42.906] [INFO] DataBase - У заявці Повірка від 30 травня 2025 р. за адресою вул. Шевчука, буд. 8, кв. 31 додано виконавця ЗАПЛАНОВАНІ та додано дату виконання 5 червня 2025 р. користувачем [Коваль Людмила].
[30-May-2025 12:48:54 Europe/Helsinki] NewDATA [INFO] Нова заявка Повірка, адреса: вул. Мстиславська 173, кв. 34, лічильники: БЕЗ НОМЕРА - 2 шт., вартість: 700 грн., примітки: 14-17,пер.за 10 хв. додано до БД користувачем [Коваль Людмила].
[2025-05-30T12:48:59.768] [INFO] DataBase - У заявці Повірка від 30 травня 2025 р. за адресою вул. Мстиславська, буд. 173, кв. 34 додано виконавця ЗАПЛАНОВАНІ та додано дату виконання 6 червня 2025 р. користувачем [Коваль Людмила].
[30-May-2025 12:50:29 Europe/Helsinki] NewDATA [INFO] Нова адреса вул. Мазепи Івана, буд. 56, кв. 40, тел. +38 (050) 413-43-84 додана до БД користувачем [Коваль Людмила].
[30-May-2025 12:50:58 Europe/Helsinki] NewDATA [INFO] Нова заявка Повірка, адреса: вул. Мазепи Івана 56, кв. 40, лічильники: БЕЗ НОМЕРА - 2 шт., вартість: 700 грн., примітки: 8-13 додано до БД користувачем [Коваль Людмила].
[2025-05-30T12:51:04.554] [INFO] DataBase - У заявці Повірка від 30 травня 2025 р. за адресою вул. Мазепи Івана, буд. 56, кв. 40 додано виконавця ЗАПЛАНОВАНІ та додано дату виконання 12 червня 2025 р. користувачем [Коваль Людмила].
[30-May-2025 12:51:42 Europe/Helsinki] NewDATA [INFO] Нова адреса вул. Козацька, буд. 22, кв. 8, тел. +38 (063) 824-94-27 додана до БД користувачем [Коваль Людмила].
[30-May-2025 12:52:18 Europe/Helsinki] NewDATA [INFO] Нова заявка Повірка, адреса: вул. Козацька 22, кв. 8, лічильники: БЕЗ НОМЕРА - 1 шт., вартість: 350 грн., примітки: 8-13,пер.за 30 хв. додано до БД користувачем [Коваль Людмила].
[2025-05-30T12:52:24.628] [INFO] DataBase - У заявці Повірка від 30 травня 2025 р. за адресою вул. Козацька, буд. 22, кв. 8 додано виконавця ЗАПЛАНОВАНІ та додано дату виконання 11 червня 2025 р. користувачем [Коваль Людмила].
[30-May-2025 12:53:03 Europe/Helsinki] NewDATA [INFO] Нова адреса вул. Мазепи Івана, буд. 29, кв. 68, тел. +38 (050) 074-74-84 додана до БД користувачем [Коваль Людмила].
[30-May-2025 12:53:56 Europe/Helsinki] EditDATA [INFO] За адресою вул. Мазепи Івана 29, кв. 68 користувачем [Коваль Людмила] змінені номери телефонів з +38(050)074-74-84 на +38(050)074-74-84, +38(066)697-86-26, при створенні нової заявки [Повірка] від 30.05.2025.
[30-May-2025 12:53:56 Europe/Helsinki] NewDATA [INFO] Нова заявка Повірка, адреса: вул. Мазепи Івана 29, кв. 68, лічильники: БЕЗ НОМЕРА - 1 шт., вартість: 350 грн., примітки: 8-13 додано до БД користувачем [Коваль Людмила].
[2025-05-30T12:54:03.556] [INFO] DataBase - У заявці Повірка від 30 травня 2025 р. за адресою вул. Мазепи Івана, буд. 29, кв. 68 додано виконавця ЗАПЛАНОВАНІ та додано дату виконання 19 червня 2025 р. користувачем [Коваль Людмила].
[30-May-2025 12:58:08 Europe/Helsinki] NewDATA [INFO] Нова адреса вул. Незалежності, буд. 15, кв. 318, тел. +38 (063) 898-20-84 додана до БД користувачем [Коваль Людмила].
[30-May-2025 12:58:47 Europe/Helsinki] EditDATA [INFO] За адресою вул. Незалежності 15, кв. 318 користувачем [Коваль Людмила] змінені номери телефонів з +38(063)898-20-84 на +38(063)898-20-84, +38(063)494-02-24, при створенні нової заявки [Повірка] від 30.05.2025.
[30-May-2025 12:58:47 Europe/Helsinki] NewDATA [INFO] Нова заявка Повірка, адреса: вул. Незалежності 15, кв. 318, лічильники: БЕЗ НОМЕРА - 1 шт., вартість: 350 грн., примітки: 13-17 додано до БД користувачем [Коваль Людмила].
[2025-05-30T12:58:54.099] [INFO] DataBase - У заявці Повірка від 30 травня 2025 р. за адресою вул. Незалежності, буд. 15, кв. 318 додано виконавця ЗАПЛАНОВАНІ та додано дату виконання 11 червня 2025 р. користувачем [Коваль Людмила].
[30-May-2025 12:59:38 Europe/Helsinki] NewDATA [INFO] Нова адреса вул. Льотна, буд. 3, корп. В, кв. 52, тел. +38 (098) 423-04-96 додана до БД користувачем [Коваль Людмила].
[30-May-2025 13:00:19 Europe/Helsinki] NewDATA [INFO] Нова заявка Повірка, адреса: вул. Льотна 3 корпус В, кв. 52, лічильники: БЕЗ НОМЕРА - 1 шт., вартість: 350 грн., примітки: 8-13,пер.за 30 хв. додано до БД користувачем [Коваль Людмила].
[2025-05-30T13:00:29.027] [INFO] DataBase - У заявці Повірка від 30 травня 2025 р. за адресою вул. Льотна, буд. 3, корп. В, кв. 52 додано виконавця ЗАПЛАНОВАНІ та додано дату виконання 6 червня 2025 р. користувачем [Коваль Людмила].
[30-May-2025 13:01:25 Europe/Helsinki] NewDATA [INFO] Нова заявка Заміна, адреса: вул. Любецька 21, кв. 23, лічильники: БЕЗ НОМЕРА - 1 шт., вартість: 1100 грн., примітки: 8-10,хол.дом.не працює.пер.за 10 хв. додано до БД користувачем [Коваль Людмила].
[2025-05-30T13:01:34.178] [INFO] DataBase - У заявці Заміна від 30 травня 2025 р. за адресою вул. Любецька, буд. 21, кв. 23 додано виконавця Баранов та додано дату виконання 4 червня 2025 р. користувачем [Коваль Людмила].
[30-May-2025 13:03:18 Europe/Helsinki] NewDATA [INFO] Нова адреса вул. Волковича, буд. 9, кв. 89, тел. +38 (063) 169-27-18 додана до БД користувачем [Коваль Людмила].
[30-May-2025 13:03:52 Europe/Helsinki] NewDATA [INFO] Нова заявка Повірка, адреса: вул. Волковича 9, кв. 89, лічильники: БЕЗ НОМЕРА - 1 шт., вартість: 350 грн., примітки: 8-13,ут.хол. додано до БД користувачем [Коваль Людмила].
[2025-05-30T13:03:58.288] [INFO] DataBase - У заявці Повірка від 30 травня 2025 р. за адресою вул. Волковича, буд. 9, кв. 89 додано виконавця ЗАПЛАНОВАНІ та додано дату виконання 6 червня 2025 р. користувачем [Коваль Людмила].
[30-May-2025 13:16:06 Europe/Helsinki] DellTASK [INFO] Повірка від 15.05.2025 для адреси вул. Текстильників, буд. 21, кв. 2 для лічильника БЕЗ НОМЕРА - 1 шт. було завершено користувачем [Коваль Людмила] з коментарем: виконано.
[30-May-2025 13:16:20 Europe/Helsinki] DellTASK [INFO] Повірка від 23.05.2025 для адреси вул. Дніпровська, буд. 4, кв. 30 для лічильника БЕЗ НОМЕРА - 2 шт. було завершено користувачем [Коваль Людмила] з коментарем: виконано.
[30-May-2025 13:16:35 Europe/Helsinki] DellTASK [INFO] Повірка від 15.05.2025 для адреси вул. Самоквасова Дмитра, буд. 9, кв. 100 для лічильника БЕЗ НОМЕРА - 2 шт. було завершено користувачем [Коваль Людмила] з коментарем: виконано.
[30-May-2025 13:16:49 Europe/Helsinki] DellTASK [INFO] Повірка від 15.05.2025 для адреси вул. Попова, буд. 13, кв. 54 для лічильника БЕЗ НОМЕРА - 1 шт. було завершено користувачем [Коваль Людмила] з коментарем: виконано.
[30-May-2025 13:17:03 Europe/Helsinki] DellTASK [INFO] Повірка від 15.05.2025 для адреси вул. Дніпровська, буд. 2, кв. 64 для лічильника БЕЗ НОМЕРА - 1 шт. було завершено користувачем [Коваль Людмила] з коментарем: виконано.
[30-May-2025 13:17:17 Europe/Helsinki] DellTASK [INFO] Повірка від 14.05.2025 для адреси вул. Самоквасова Дмитра, буд. 7, кв. 37 для лічильника БЕЗ НОМЕРА - 2 шт. було завершено користувачем [Коваль Людмила] з коментарем: виконано.
[30-May-2025 13:17:31 Europe/Helsinki] DellTASK [INFO] Повірка від 14.05.2025 для адреси вул. Дніпровська, буд. 31, кв. 36 для лічильника БЕЗ НОМЕРА - 4 шт. було завершено користувачем [Коваль Людмила] з коментарем: виконано.
[30-May-2025 13:17:46 Europe/Helsinki] DellTASK [INFO] Повірка від 14.05.2025 для адреси вул. Дніпровська, буд. 31, кв. 35 для лічильника БЕЗ НОМЕРА - 2 шт. було завершено користувачем [Коваль Людмила] з коментарем: виконано.
[30-May-2025 13:18:01 Europe/Helsinki] DellTASK [INFO] Повірка від 13.05.2025 для адреси вул. Самоквасова Дмитра, буд. 7, корп. А, кв. 28 для лічильника БЕЗ НОМЕРА - 2 шт. було завершено користувачем [Коваль Людмила] з коментарем: виконано.
[30-May-2025 14:06:28 Europe/Helsinki] NewDATA [INFO] Новий лічильник номер: 11729630, тип: Sensus => DN 15, рік випуску: 2019, показники: 0, балансоутримувач: КП "ВДК" додано до БД користувачем [Коваль Людмила].
[30-May-2025 14:06:30 Europe/Helsinki] EditDATA [INFO] За адресою вул. Текстильників, буд. 21, кв. 2 користувачем [Коваль Людмила] було додано лічильники: 11729630].
[30-May-2025 14:07:15 Europe/Helsinki] NewDATA [INFO] Новий лічильник номер: 004818, тип: КВ-1,5 => DN 15, рік випуску: 2006, показники: 0, балансоутримувач: КП "ВДК" додано до БД користувачем [Коваль Людмила].
[30-May-2025 14:07:38 Europe/Helsinki] NewDATA [INFO] Новий лічильник номер: 088836, тип: КВ-1,5 => DN 15, рік випуску: 2006, показники: 0, балансоутримувач: КП "ТКЕ" додано до БД користувачем [Коваль Людмила].
[30-May-2025 14:07:41 Europe/Helsinki] EditDATA [INFO] За адресою вул. Самоквасова Дмитра, буд. 7, кв. 37 користувачем [Коваль Людмила] було додано лічильники: 004818, 088836].
[30-May-2025 14:08:21 Europe/Helsinki] NewDATA [INFO] Новий лічильник номер: 378331, тип: КВ-1,5 => DN 15, рік випуску: 2009, показники: 0, балансоутримувач: КП "ВДК" додано до БД користувачем [Коваль Людмила].
[30-May-2025 14:08:43 Europe/Helsinki] NewDATA [INFO] Новий лічильник номер: 164015, тип: КВ-1,5 => DN 15, рік випуску: 2009, показники: 0, балансоутримувач: КП "ТКЕ" додано до БД користувачем [Коваль Людмила].
[30-May-2025 14:08:45 Europe/Helsinki] EditDATA [INFO] За адресою вул. Самоквасова Дмитра, буд. 7, корп. А, кв. 28 користувачем [Коваль Людмила] було додано лічильники: 378331, 164015].
[30-May-2025 14:56:52 Europe/Helsinki] NewDATA [INFO] Новий лічильник номер: 488990, тип: КВ-1,5 => DN 15, рік випуску: 2007, показники: 0, балансоутримувач: КП "ВДК" додано до БД користувачем [Коваль Людмила].
[30-May-2025 14:57:16 Europe/Helsinki] NewDATA [INFO] Новий лічильник номер: 514806, тип: КВ-1,5 => DN 15, рік випуску: 2007, показники: 0, балансоутримувач: КП "ТКЕ" додано до БД користувачем [Коваль Людмила].
[30-May-2025 14:57:18 Europe/Helsinki] EditDATA [INFO] За адресою вул. Самоквасова Дмитра, буд. 9, кв. 100 користувачем [Коваль Людмила] було додано лічильники: 488990, 514806].
[30-May-2025 14:57:55 Europe/Helsinki] NewDATA [INFO] Новий лічильник номер: 7704153, тип: ЛК => DN 15, рік випуску: 2017, показники: 0, балансоутримувач: КП "ВДК" додано до БД користувачем [Коваль Людмила].
[30-May-2025 14:57:57 Europe/Helsinki] EditDATA [INFO] За адресою вул. Попова, буд. 13, кв. 54 користувачем [Коваль Людмила] було додано лічильники: 7704153].
[30-May-2025 14:58:33 Europe/Helsinki] NewDATA [INFO] Новий лічильник номер: 022885, тип: КВ-1,5 => DN 15, рік випуску: 2001, показники: 0, балансоутримувач: КП "ВДК" додано до БД користувачем [Коваль Людмила].
[30-May-2025 14:58:57 Europe/Helsinki] NewDATA [INFO] Новий лічильник номер: 538996, тип: КВ-1,5 => DN 15, рік випуску: 2001, показники: 0, балансоутримувач: КП "ТКЕ" додано до БД користувачем [Коваль Людмила].
[30-May-2025 14:59:05 Europe/Helsinki] EditDATA [INFO] За адресою вул. Дніпровська, буд. 31, кв. 35 користувачем [Коваль Людмила] було додано лічильники: 022885, 538996].
[30-May-2025 15:10:02 Europe/Helsinki] EditDATA [INFO] Для заявки Повірка від 28.05.2025 користувачем [Коваль Людмила] змінено виконавця з ЗАПЛАНОВАНІ на Шкуліпа.
[30-May-2025 15:10:11 Europe/Helsinki] EditDATA [INFO] Для заявки Повірка від 23.05.2025 користувачем [Коваль Людмила] змінено виконавця з ЗАПЛАНОВАНІ на Шкуліпа.
[30-May-2025 15:10:20 Europe/Helsinki] EditDATA [INFO] Для заявки Повірка від 22.05.2025 користувачем [Коваль Людмила] змінено виконавця з ЗАПЛАНОВАНІ на Шкуліпа.
[30-May-2025 15:10:31 Europe/Helsinki] EditDATA [INFO] Для заявки Повірка від 20.05.2025 користувачем [Коваль Людмила] змінено виконавця з ЗАПЛАНОВАНІ на Шкуліпа.
[30-May-2025 15:10:54 Europe/Helsinki] EditDATA [INFO] Для заявки Повірка від 19.05.2025 користувачем [Коваль Людмила] змінено виконавця з ЗАПЛАНОВАНІ на Шкуліпа.
[30-May-2025 15:11:02 Europe/Helsinki] EditDATA [INFO] Для заявки Повірка від 19.05.2025 користувачем [Коваль Людмила] змінено виконавця з ЗАПЛАНОВАНІ на Шкуліпа.
[30-May-2025 15:11:14 Europe/Helsinki] EditDATA [INFO] Для заявки Повірка від 16.05.2025 користувачем [Коваль Людмила] змінено виконавця з ЗАПЛАНОВАНІ на Шкуліпа.
[30-May-2025 15:11:24 Europe/Helsinki] EditDATA [INFO] Для заявки Повірка від 15.05.2025 користувачем [Коваль Людмила] змінено виконавця з ЗАПЛАНОВАНІ на Шкуліпа.
[30-May-2025 15:20:53 Europe/Helsinki] NewDATA [INFO] Новий лічильник номер: 12250131, тип: Sensus => DN 15, рік випуску: 2021, показники: 0, балансоутримувач: КП "ВДК" додано до БД користувачем [Коваль Людмила].
[30-May-2025 15:21:17 Europe/Helsinki] NewDATA [INFO] Новий лічильник номер: 688244, тип: КВ-1,5 => DN 15, рік випуску: 2001, показники: 0, балансоутримувач: КП "ТКЕ" додано до БД користувачем [Коваль Людмила].
[30-May-2025 15:21:19 Europe/Helsinki] EditDATA [INFO] За адресою вул. Дніпровська, буд. 4, кв. 30 користувачем [Коваль Людмила] було додано лічильники: 12250131, 688244].
[30-May-2025 15:22:10 Europe/Helsinki] NewDATA [INFO] Новий лічильник номер: 301199, тип: КВ-1,5 => DN 15, рік випуску: 2004, показники: 0, балансоутримувач: КП "ТКЕ" додано до БД користувачем [Коваль Людмила].
[30-May-2025 15:22:12 Europe/Helsinki] EditDATA [INFO] За адресою вул. Дніпровська, буд. 2, кв. 64 користувачем [Коваль Людмила] було додано лічильники: 301199].
[30-May-2025 15:22:53 Europe/Helsinki] NewDATA [INFO] Новий лічильник номер: 051709, тип: КВ-1,5 => DN 15, рік випуску: 2020, показники: 0, балансоутримувач: КП "ВДК" додано до БД користувачем [Коваль Людмила].
[30-May-2025 15:23:33 Europe/Helsinki] NewDATA [INFO] Новий лічильник номер: 2281942, тип: ECOSTAR E-C => DN 15, рік випуску: 2020, показники: 0, балансоутримувач: КП "ТКЕ" додано до БД користувачем [Коваль Людмила].
[30-May-2025 15:24:02 Europe/Helsinki] NewDATA [INFO] Новий лічильник номер: 083845, тип: КВ-1,5 => DN 15, рік випуску: 2011, показники: 0, балансоутримувач: КП "ВДК" додано до БД користувачем [Коваль Людмила].
[30-May-2025 15:24:25 Europe/Helsinki] NewDATA [INFO] Новий лічильник номер: 060195, тип: КВ-1,5 => DN 15, рік випуску: 2020, показники: 0, балансоутримувач: КП "ТКЕ" додано до БД користувачем [Коваль Людмила].
[30-May-2025 15:24:31 Europe/Helsinki] EditDATA [INFO] За адресою вул. Дніпровська, буд. 31, кв. 36 користувачем [Коваль Людмила] було додано лічильники: 051709, 2281942, 083845, 060195].

