[2024-08-14T08:19:11.740] [INFO] DataBase - У заявці Повірка від 8 серпня 2024 р. за адресою вул. Рапопорта, буд. 43, кв. 63 додано виконавця ЗАПЛАНОВАНІ та додано дату виконання 15 серпня 2024 р. користувачем [Сусло Тетяна].
[14-Aug-2024 08:20:01 Europe/Helsinki] EditDATA [INFO] Для заявки Повірка від 08.08.2024 користувачем [Сусло Тетяна] змінено примітки з 13-17.30 або після 18.30 
дітей з садочка забирають на 8,30-11.
[14-Aug-2024 08:28:53 Europe/Helsinki] NewDATA [INFO] Нова адреса вул. Льотна, буд. 11, корп. А, кв. 32, тел. +38 (063) 746-48-36 додана до БД користувачем [Сусло Тетяна].
[14-Aug-2024 08:29:40 Europe/Helsinki] NewDATA [INFO] Нова заявка Заміна, адреса: вул. Льотна 11 корпус А, кв. 32, лічильники: БЕЗ НОМЕРА - 1 шт., виконавець: Баранов, вартість: 350 грн., примітки: 1ванна/г додано до БД користувачем [Сусло Тетяна].
[2024-08-14T08:30:10.389] [INFO] DataBase - У заявці Заміна від 14 серпня 2024 р. за адресою вул. Льотна, буд. 11, корп. А, кв. 32 додано дату виконання 15 серпня 2024 р. користувачем [Сусло Тетяна].
[14-Aug-2024 09:27:05 Europe/Helsinki] NewDATA [INFO] Нова адреса вул. Котляревського, буд. 4, кв. 105, тел. +38 (093) 084-07-75 додана до БД користувачем [Сусло Тетяна].
[14-Aug-2024 09:27:26 Europe/Helsinki] NewDATA [INFO] Нова заявка Повірка, адреса: вул. Котляревського 4, кв. 105, лічильники: БЕЗ НОМЕРА - 2 шт., вартість: 600 грн., примітки: 13-18 додано до БД користувачем [Сусло Тетяна].
[2024-08-14T09:28:05.145] [INFO] DataBase - У заявці Повірка від 14 серпня 2024 р. за адресою вул. Котляревського, буд. 4, кв. 105 додано виконавця ЗАПЛАНОВАНІ та додано дату виконання 15 серпня 2024 р. користувачем [Сусло Тетяна].
[14-Aug-2024 09:53:08 Europe/Helsinki] DellTASK [INFO] Повірка від 13.08.2024 для адреси вул. Гетьмана Полуботка, буд. 74, кв. 34 для лічильника БЕЗ НОМЕРА - 2 шт. було завершено користувачем [Сусло Тетяна] з коментарем: вик.
[14-Aug-2024 09:53:45 Europe/Helsinki] DellTASK [INFO] Повірка від 12.08.2024 для адреси вул. Мстиславська, буд. 28, кв. 18 для лічильника БЕЗ НОМЕРА - 2 шт. було завершено користувачем [Сусло Тетяна] з коментарем: вик.
[14-Aug-2024 09:54:04 Europe/Helsinki] DellTASK [INFO] Повірка від 12.08.2024 для адреси просп. Перемоги, буд. 145, кв. 62 для лічильника БЕЗ НОМЕРА - 2 шт. було завершено користувачем [Сусло Тетяна] з коментарем: вик.
[14-Aug-2024 09:54:22 Europe/Helsinki] DellTASK [INFO] Повірка від 09.08.2024 для адреси просп. Перемоги, буд. 117, кв. 28 для лічильника БЕЗ НОМЕРА - 1 шт. було завершено користувачем [Сусло Тетяна] з коментарем: вик.
[14-Aug-2024 09:58:20 Europe/Helsinki] EditDATA [INFO] За адресою вул. курсанта Єськова 6 корпус 2, кв. 50 користувачем [Сусло Тетяна] змінені номери телефонів з +38(073)184-80-95 на +38(093)272-08-51, при створенні нової заявки [Повірка] від 14.08.2024.
[14-Aug-2024 09:58:20 Europe/Helsinki] NewDATA [INFO] Нова заявка Повірка, адреса: вул. курсанта Єськова 6 корпус 2, кв. 50, лічильники: БЕЗ НОМЕРА - 2 шт., вартість: 600 грн., примітки: 8-13 додано до БД користувачем [Сусло Тетяна].
[2024-08-14T09:58:59.360] [INFO] DataBase - У заявці Повірка від 14 серпня 2024 р. за адресою вул. курсанта Єськова, буд. 6, корп. 2, кв. 50 додано виконавця ЗАПЛАНОВАНІ та додано дату виконання 19 серпня 2024 р. користувачем [Сусло Тетяна].
[14-Aug-2024 09:59:37 Europe/Helsinki] DellTASK [INFO] Повірка від 08.08.2024 для адреси просп. Перемоги, буд. 103, кв. 45 для лічильника БЕЗ НОМЕРА - 1 шт. було завершено користувачем [Сусло Тетяна] з коментарем: вик.
[14-Aug-2024 10:02:32 Europe/Helsinki] DellTASK [INFO] Повірка від 12.08.2024 для адреси вул. Волковича, буд. 6, кв. 26 для лічильника БЕЗ НОМЕРА - 2 шт. було завершено користувачем [Коваль Людмила] з коментарем: виконано.
[14-Aug-2024 10:02:56 Europe/Helsinki] DellTASK [INFO] Повірка від 12.08.2024 для адреси вул. Льотна, буд. 27, корп. А, кв. 24 для лічильника БЕЗ НОМЕРА - 4 шт. було завершено користувачем [Коваль Людмила] з коментарем: виконано.
[14-Aug-2024 10:03:28 Europe/Helsinki] DellTASK [INFO] Повірка від 12.08.2024 для адреси вул. Льотна, буд. 41, кв. 175 для лічильника БЕЗ НОМЕРА - 2 шт. було завершено користувачем [Коваль Людмила] з коментарем: невиконано.немає можливості.
[14-Aug-2024 10:04:29 Europe/Helsinki] DellTASK [INFO] Повірка від 09.08.2024 для адреси вул. Льотна, буд. 25, корп. Б, кв. 39 для лічильника БЕЗ НОМЕРА - 2 шт. було завершено користувачем [Коваль Людмила] з коментарем: виконано.
[14-Aug-2024 10:04:44 Europe/Helsinki] DellTASK [INFO] Повірка від 09.08.2024 для адреси вул. Волковича, буд. 13, кв. 45 для лічильника БЕЗ НОМЕРА - 1 шт. було завершено користувачем [Коваль Людмила] з коментарем: виконано.
[14-Aug-2024 10:05:01 Europe/Helsinki] DellTASK [INFO] Повірка від 08.08.2024 для адреси вул. Волковича, буд. 23, кв. 32 для лічильника БЕЗ НОМЕРА - 2 шт. було завершено користувачем [Коваль Людмила] з коментарем: виконано.
[14-Aug-2024 10:05:16 Europe/Helsinki] DellTASK [INFO] Повірка від 08.08.2024 для адреси вул. Рятувальників, буд. 22, кв. 10 для лічильника БЕЗ НОМЕРА - 2 шт. було завершено користувачем [Коваль Людмила] з коментарем: виконано.
[14-Aug-2024 10:05:53 Europe/Helsinki] DellTASK [INFO] Повірка від 12.08.2024 для адреси вул. Мазепи Івана, буд. 33, кв. 31 для лічильника БЕЗ НОМЕРА - 2 шт. було завершено користувачем [Коваль Людмила] з коментарем: виконано.
[14-Aug-2024 10:06:10 Europe/Helsinki] EditDATA [INFO] За адресою вул. Захисників України 11, кв. 63 користувачем [Сусло Тетяна] змінені номери телефонів з +38(0462)64-81-61 на +38(0462)64-81-61, +38(093)105-85-78, при створенні нової заявки [Повірка] від 14.08.2024.
[14-Aug-2024 10:06:10 Europe/Helsinki] NewDATA [INFO] Нова заявка Повірка, адреса: вул. Захисників України 11, кв. 63, лічильники: БЕЗ НОМЕРА - 2 шт., вартість: 600 грн., примітки: 13-18, глухий дідусь додано до БД користувачем [Сусло Тетяна].
[2024-08-14T10:07:00.555] [INFO] DataBase - У заявці Повірка від 14 серпня 2024 р. за адресою вул. Захисників України, буд. 11, кв. 63 додано виконавця ЗАПЛАНОВАНІ та додано дату виконання 15 серпня 2024 р. користувачем [Сусло Тетяна].
[14-Aug-2024 10:07:43 Europe/Helsinki] DellTASK [INFO] Повірка від 08.08.2024 для адреси вул. Космонавтів, буд. 3, корп. В, кв. 15 для лічильника БЕЗ НОМЕРА - 2 шт. було завершено користувачем [Сусло Тетяна] з коментарем: вик.
[14-Aug-2024 10:08:11 Europe/Helsinki] DellTASK [INFO] Повірка від 07.08.2024 для адреси вул. Космонавтів, буд. 18, кв. 166 для лічильника БЕЗ НОМЕРА - 2 шт. було завершено користувачем [Сусло Тетяна] з коментарем: вик.
[14-Aug-2024 10:09:05 Europe/Helsinki] DellTASK [INFO] Повірка від 09.08.2024 для адреси просп. Миру, буд. 199, кв. 7 для лічильника БЕЗ НОМЕРА - 1 шт. було завершено користувачем [Коваль Людмила] з коментарем: невиконано.несправна сантехніка.
[14-Aug-2024 10:09:29 Europe/Helsinki] DellTASK [INFO] Повірка від 12.08.2024 для адреси просп. Миру, буд. 214, кв. 19 для лічильника БЕЗ НОМЕРА - 4 шт. було завершено користувачем [Коваль Людмила] з коментарем: виконано.
[14-Aug-2024 10:09:48 Europe/Helsinki] DellTASK [INFO] Повірка від 12.08.2024 для адреси вул. курсанта Єськова, буд. 4, кв. 55 для лічильника БЕЗ НОМЕРА - 2 шт. було завершено користувачем [Коваль Людмила] з коментарем: виконано.
[14-Aug-2024 10:20:12 Europe/Helsinki] NewDATA [INFO] Нова заявка Заміна, адреса: вул. Героїв Чорнобиля 5, кв. 9, лічильники: БЕЗ НОМЕРА - 1 шт., вартість: 1050 грн., примітки: 8-10 додано до БД користувачем [Коваль Людмила].
[14-Aug-2024 10:20:24 Europe/Helsinki] EditDATA [INFO] Для заявки Заміна від 14.08.2024 користувачем [Коваль Людмила] додано виконавця Баранов.
[14-Aug-2024 10:21:01 Europe/Helsinki] NewDATA [INFO] Нова заявка Повірка, адреса: просп. Левка Лукяненка 14 корпус А, кв. 80, лічильники: БЕЗ НОМЕРА - 2 шт., вартість: 600 грн., примітки: 13-18 додано до БД користувачем [Сусло Тетяна].
[2024-08-14T10:21:32.618] [INFO] DataBase - У заявці Повірка від 14 серпня 2024 р. за адресою просп. Левка Лукяненка, буд. 14, корп. А, кв. 80 додано виконавця ЗАПЛАНОВАНІ та додано дату виконання 21 серпня 2024 р. користувачем [Сусло Тетяна].
[2024-08-14T10:22:05.840] [INFO] DataBase - У заявці Заміна від 14 серпня 2024 р. за адресою вул. Героїв Чорнобиля, буд. 5, кв. 9 додано дату виконання 20 серпня 2024 р. користувачем [Коваль Людмила].
[14-Aug-2024 10:23:08 Europe/Helsinki] EditDATA [INFO] За адресою вул. 1-ї Гвардійської Армії 14, кв. 61 користувачем [Сусло Тетяна] змінені номери телефонів з +38(093)102-94-42, +38(093)827-22-99 на +38(093)102-94-42, при створенні нової заявки [Повірка] від 14.08.2024.
[14-Aug-2024 10:23:08 Europe/Helsinki] NewDATA [INFO] Нова заявка Повірка, адреса: вул. 1-ї Гвардійської Армії 14, кв. 61, лічильники: БЕЗ НОМЕРА - 2 шт., вартість: 600 грн., примітки: 13-18, домофон не працює додано до БД користувачем [Сусло Тетяна].
[2024-08-14T10:23:34.892] [INFO] DataBase - У заявці Повірка від 14 серпня 2024 р. за адресою вул. 1-ї Гвардійської Армії, буд. 14, кв. 61 додано виконавця ЗАПЛАНОВАНІ та додано дату виконання 15 серпня 2024 р. користувачем [Сусло Тетяна].
[14-Aug-2024 10:24:28 Europe/Helsinki] DellTASK [INFO] Повірка від 08.08.2024 для адреси просп. Грушевського Михайла, буд. 191, кв. 23 для лічильника БЕЗ НОМЕРА - 1 шт. було завершено користувачем [Сусло Тетяна] з коментарем: вик.
[14-Aug-2024 10:24:49 Europe/Helsinki] DellTASK [INFO] Повірка від 30.07.2024 для адреси просп. Грушевського Михайла, буд. 189, корп. А, кв. 48 для лічильника БЕЗ НОМЕРА - 2 шт. було завершено користувачем [Сусло Тетяна] з коментарем: вик.
[14-Aug-2024 10:25:07 Europe/Helsinki] DellTASK [INFO] Повірка від 12.08.2024 для адреси просп. Грушевського Михайла, буд. 169, корп. 2, кв. 79 для лічильника БЕЗ НОМЕРА - 2 шт. було завершено користувачем [Сусло Тетяна] з коментарем: вик.
[14-Aug-2024 10:25:23 Europe/Helsinki] DellTASK [INFO] Повірка від 08.08.2024 для адреси просп. Грушевського Михайла, буд. 159, кв. 12 для лічильника БЕЗ НОМЕРА - 2 шт. було завершено користувачем [Сусло Тетяна] з коментарем: вик.
[14-Aug-2024 10:25:55 Europe/Helsinki] DellTASK [INFO] Повірка від 07.08.2024 для адреси вул. Доценка, буд. 1, кв. 30 для лічильника БЕЗ НОМЕРА - 1 шт. було завершено користувачем [Сусло Тетяна] з коментарем: вик.
[14-Aug-2024 10:26:12 Europe/Helsinki] DellTASK [INFO] Повірка від 12.08.2024 для адреси вул. Доценка, буд. 11, кв. 13 для лічильника БЕЗ НОМЕРА - 4 шт. було завершено користувачем [Сусло Тетяна] з коментарем: вик.
[14-Aug-2024 10:26:34 Europe/Helsinki] DellTASK [INFO] Повірка від 09.08.2024 для адреси вул. 1-ої танкової бригади, буд. 17, кв. 39 для лічильника БЕЗ НОМЕРА - 1 шт. було завершено користувачем [Сусло Тетяна] з коментарем: вик.
[14-Aug-2024 10:27:06 Europe/Helsinki] EditDATA [INFO] За адресою вул. Старобілоуська 61 корпус Б, кв. 81 користувачем [Коваль Людмила] змінені номери телефонів з +38(063)584-37-89 на +38(093)761-29-00, при створенні нової заявки [Повірка] від 14.08.2024.
[14-Aug-2024 10:27:06 Europe/Helsinki] NewDATA [INFO] Нова заявка Повірка, адреса: вул. Старобілоуська 61 корпус Б, кв. 81, лічильники: БЕЗ НОМЕРА - 1 шт., виконавець: Осипенко, вартість: 300 грн., примітки: 14-17,перо.за час додано до БД користувачем [Коваль Людмила].
[14-Aug-2024 10:27:25 Europe/Helsinki] DellTASK [INFO] Повірка від 08.08.2024 для адреси вул. Рапопорта, буд. 43, кв. 15 для лічильника БЕЗ НОМЕРА - 1 шт. було завершено користувачем [Сусло Тетяна] з коментарем: вик.
[14-Aug-2024 10:45:30 Europe/Helsinki] NewDATA [INFO] Нова заявка Заміна, адреса: вул. Доценка 13, кв. 2, лічильники: БЕЗ НОМЕРА - 1 шт., виконавець: Баранов, вартість: 1050 грн., примітки: 13-17 додано до БД користувачем [Коваль Людмила].
[2024-08-14T10:46:11.609] [INFO] DataBase - У заявці Заміна від 2 серпня 2024 р. за адресою вул. Доценка, буд. 13, кв. 2 додано виконавця ЗАПЛАНОВАНІ та додано дату виконання 16 серпня 2024 р. користувачем [Коваль Людмила].
[2024-08-14T10:46:28.689] [INFO] DataBase - У заявці Заміна від 14 серпня 2024 р. за адресою вул. Доценка, буд. 13, кв. 2 додано дату виконання 16 серпня 2024 р. користувачем [Коваль Людмила].
[14-Aug-2024 10:51:09 Europe/Helsinki] DellTASK [INFO] Повірка від 09.08.2024 для адреси просп. Миру, буд. 212, кв. 1 для лічильника БЕЗ НОМЕРА - 2 шт. було завершено користувачем [Коваль Людмила] з коментарем: виконано.
[14-Aug-2024 10:51:29 Europe/Helsinki] DellTASK [INFO] Повірка від 09.08.2024 для адреси вул. курсанта Єськова, буд. 14, корп. Б, кв. 109 для лічильника БЕЗ НОМЕРА - 2 шт. було завершено користувачем [Коваль Людмила] з коментарем: виконано.
[14-Aug-2024 10:52:23 Europe/Helsinki] DellTASK [INFO] Повірка від 12.08.2024 для адреси просп. Перемоги, буд. 170, кв. 100 для лічильника БЕЗ НОМЕРА - 1 шт. було завершено користувачем [Коваль Людмила] з коментарем: виконано.
[14-Aug-2024 10:52:44 Europe/Helsinki] DellTASK [INFO] Повірка від 12.08.2024 для адреси просп. Левка Лукяненка, буд. 16, кв. 43 для лічильника БЕЗ НОМЕРА - 2 шт. було завершено користувачем [Коваль Людмила] з коментарем: виконано.
[14-Aug-2024 10:53:02 Europe/Helsinki] DellTASK [INFO] Повірка від 12.08.2024 для адреси вул. Генерала Пухова, буд. 148, кв. 30 для лічильника БЕЗ НОМЕРА - 2 шт. було завершено користувачем [Коваль Людмила] з коментарем: виконано.
[14-Aug-2024 10:53:19 Europe/Helsinki] DellTASK [INFO] Повірка від 12.08.2024 для адреси просп. Перемоги, буд. 166, кв. 90 для лічильника БЕЗ НОМЕРА - 2 шт. було завершено користувачем [Коваль Людмила] з коментарем: виконано.
[14-Aug-2024 10:53:57 Europe/Helsinki] DellTASK [INFO] Повірка від 08.08.2024 для адреси вул. Генерала Пухова, буд. 131, корп. 1, кв. 7 для лічильника БЕЗ НОМЕРА - 2 шт. було завершено користувачем [Коваль Людмила] з коментарем: виконано.
[14-Aug-2024 10:54:17 Europe/Helsinki] DellTASK [INFO] Повірка від 12.08.2024 для адреси вул. Генерала Пухова, буд. 101, кв. 18 для лічильника БЕЗ НОМЕРА - 2 шт. було завершено користувачем [Коваль Людмила] з коментарем: виконано.
[14-Aug-2024 10:54:43 Europe/Helsinki] DellTASK [INFO] Повірка від 08.08.2024 для адреси вул. Генерала Пухова, буд. 109, корп. 1, кв. 2 для лічильника БЕЗ НОМЕРА - 1 шт. було завершено користувачем [Коваль Людмила] з коментарем: виконано.
[14-Aug-2024 10:59:50 Europe/Helsinki] NewDATA [INFO] Нова адреса вул. Довженка, буд. 136, кв. 58, тел. +38 (096) 528-22-04 додана до БД користувачем [Сусло Тетяна].
[14-Aug-2024 11:00:14 Europe/Helsinki] NewDATA [INFO] Нова заявка Повірка, адреса: вул. Довженка 136, кв. 58, лічильники: БЕЗ НОМЕРА - 2 шт., вартість: 600 грн., примітки: 8-13, код 58 К додано до БД користувачем [Сусло Тетяна].
[2024-08-14T11:00:40.605] [INFO] DataBase - У заявці Повірка від 14 серпня 2024 р. за адресою вул. Довженка, буд. 136, кв. 58 додано виконавця ЗАПЛАНОВАНІ та додано дату виконання 15 серпня 2024 р. користувачем [Сусло Тетяна].
[14-Aug-2024 11:01:42 Europe/Helsinki] DellTASK [INFO] Повірка від 06.08.2024 для адреси вул. Коцюбинського, буд. 37, корп. А, кв. 7 для лічильника БЕЗ НОМЕРА - 1 шт. було завершено користувачем [Коваль Людмила] з коментарем: виконано.
[14-Aug-2024 11:01:50 Europe/Helsinki] EditDATA [INFO] Для заявки Повірка від 30.07.2024 користувачем [Сусло Тетяна] додано примітки 8-13,  с обратной сторони  дома квартира.
[14-Aug-2024 11:06:03 Europe/Helsinki] DellTASK [INFO] Повірка від 06.08.2024 для адреси вул. Генерала Пухова, буд. 111, корп. 1, кв. 16 для лічильника БЕЗ НОМЕРА - 2 шт. було завершено користувачем [Коваль Людмила] з коментарем: виконано.
[2024-08-14T11:39:01.070] [INFO] DataBase - У заявці Повірка від 9 серпня 2024 р. за адресою вул. Заньковецька, буд. 28, кв. 68 додано виконавця ЗАПЛАНОВАНІ та додано дату виконання 15 серпня 2024 р. користувачем [Сусло Тетяна].
[14-Aug-2024 11:40:05 Europe/Helsinki] EditDATA [INFO] Для заявки Повірка від 22.05.2024 користувачем [Сусло Тетяна] змінено примітки з толстого вул на 8-13.
[14-Aug-2024 11:43:33 Europe/Helsinki] EditDATA [INFO] Для заявки Повірка від 02.08.2024 користувачем [Сусло Тетяна] додано примітки 13-18.
[14-Aug-2024 11:55:06 Europe/Helsinki] NewDATA [INFO] Нова адреса просп. Миру, буд. 189, кв. 72, тел. +38 (097) 393-78-27 додана до БД користувачем [Сусло Тетяна].
[14-Aug-2024 11:56:32 Europe/Helsinki] NewDATA [INFO] Нова заявка Повірка, адреса: просп. Миру 189, кв. 72, лічильники: БЕЗ НОМЕРА - 4 шт., вартість: 1200 грн., примітки: 8-13 додано до БД користувачем [Сусло Тетяна].
[2024-08-14T11:57:30.920] [INFO] DataBase - У заявці Повірка від 14 серпня 2024 р. за адресою просп. Миру, буд. 189, кв. 72 додано виконавця ЗАПЛАНОВАНІ та додано дату виконання 20 серпня 2024 р. користувачем [Сусло Тетяна].
[14-Aug-2024 12:19:37 Europe/Helsinki] EditDATA [INFO] За адресою вул. Захисників України 14, кв. 9 користувачем [Сусло Тетяна] змінені номери телефонів з +38(0462)95-30-76, +38(066)271-12-74 на +38(066)271-12-74, при створенні нової заявки [Повірка] від 14.08.2024.
[14-Aug-2024 12:19:37 Europe/Helsinki] NewDATA [INFO] Нова заявка Повірка, адреса: вул. Захисників України 14, кв. 9, лічильники: БЕЗ НОМЕРА - 2 шт., вартість: 600 грн., примітки: 13-18, за 1 год додано до БД користувачем [Сусло Тетяна].
[2024-08-14T12:20:13.030] [INFO] DataBase - У заявці Повірка від 14 серпня 2024 р. за адресою вул. Захисників України, буд. 14, кв. 9 додано виконавця ЗАПЛАНОВАНІ та додано дату виконання 16 серпня 2024 р. користувачем [Сусло Тетяна].
[14-Aug-2024 13:16:19 Europe/Helsinki] EditDATA [INFO] Для заявки Повірка від 08.08.2024 користувачем [Коваль Людмила] змінено виконавця з ЗАПЛАНОВАНІ на Ващенко.
[14-Aug-2024 13:21:05 Europe/Helsinki] EditDATA [INFO] Для заявки Повірка від 14.08.2024 користувачем [Коваль Людмила] змінено виконавця з ЗАПЛАНОВАНІ на Богомаз.
[14-Aug-2024 13:21:34 Europe/Helsinki] EditDATA [INFO] Для заявки Повірка від 08.08.2024 користувачем [Коваль Людмила] змінено виконавця з ЗАПЛАНОВАНІ на Богомаз.
[14-Aug-2024 13:22:10 Europe/Helsinki] EditDATA [INFO] Для заявки Повірка від 07.08.2024 користувачем [Коваль Людмила] змінено виконавця з ЗАПЛАНОВАНІ на Богомаз.
[14-Aug-2024 13:44:35 Europe/Helsinki] NewDATA [INFO] Нова адреса вул. Пятницька, буд. 63, кв. 93, тел. +38 (099) 963-79-99 додана до БД користувачем [Коваль Людмила].
[14-Aug-2024 13:44:58 Europe/Helsinki] NewDATA [INFO] Нова заявка Повірка, адреса: вул. Пятницька 63, кв. 93, лічильники: БЕЗ НОМЕРА - 2 шт., вартість: 600 грн., примітки: 8-9 додано до БД користувачем [Коваль Людмила].
[2024-08-14T13:45:50.448] [INFO] DataBase - У заявці Повірка від 14 серпня 2024 р. за адресою вул. Пятницька, буд. 63, кв. 93 додано виконавця ЗАПЛАНОВАНІ та додано дату виконання 20 серпня 2024 р. користувачем [Коваль Людмила].
[14-Aug-2024 13:46:59 Europe/Helsinki] EditDATA [INFO] Для заявки Повірка від 02.08.2024 користувачем [Коваль Людмила] змінено виконавця з ЗАПЛАНОВАНІ на Богомаз.
[14-Aug-2024 13:47:39 Europe/Helsinki] EditDATA [INFO] Для заявки Повірка від 07.08.2024 користувачем [Коваль Людмила] змінено виконавця з ЗАПЛАНОВАНІ на Богомаз.
[14-Aug-2024 13:48:22 Europe/Helsinki] EditDATA [INFO] Для заявки Повірка від 30.07.2024 користувачем [Коваль Людмила] змінено виконавця з ЗАПЛАНОВАНІ на Богомаз.
[14-Aug-2024 13:48:51 Europe/Helsinki] EditDATA [INFO] Для заявки Повірка від 22.05.2024 користувачем [Коваль Людмила] змінено виконавця з ЗАПЛАНОВАНІ на Богомаз.
[14-Aug-2024 13:49:34 Europe/Helsinki] EditDATA [INFO] Для заявки Повірка від 12.08.2024 користувачем [Коваль Людмила] змінено виконавця з ЗАПЛАНОВАНІ на Сірий.
[14-Aug-2024 13:50:02 Europe/Helsinki] EditDATA [INFO] Для заявки Повірка від 09.08.2024 користувачем [Коваль Людмила] змінено виконавця з ЗАПЛАНОВАНІ на Осипенко.
[14-Aug-2024 13:50:25 Europe/Helsinki] EditDATA [INFO] Для заявки Повірка від 09.08.2024 користувачем [Коваль Людмила] змінено виконавця з ЗАПЛАНОВАНІ на Осипенко.
[14-Aug-2024 13:50:49 Europe/Helsinki] EditDATA [INFO] Для заявки Повірка від 08.08.2024 користувачем [Коваль Людмила] змінено виконавця з ЗАПЛАНОВАНІ на Осипенко.
[14-Aug-2024 14:04:06 Europe/Helsinki] EditDATA [INFO] Для заявки Повірка від 14.08.2024 користувачем [Коваль Людмила] змінено виконавця з ЗАПЛАНОВАНІ на Ващенко.
[14-Aug-2024 14:04:34 Europe/Helsinki] EditDATA [INFO] Для заявки Повірка від 13.08.2024 користувачем [Коваль Людмила] змінено виконавця з ЗАПЛАНОВАНІ на Ващенко.
[14-Aug-2024 14:06:14 Europe/Helsinki] EditDATA [INFO] Для заявки Повірка від 14.08.2024 користувачем [Коваль Людмила] змінено виконавця з ЗАПЛАНОВАНІ на Сірий.
[14-Aug-2024 14:06:45 Europe/Helsinki] EditDATA [INFO] Для заявки Повірка від 14.08.2024 користувачем [Коваль Людмила] змінено виконавця з ЗАПЛАНОВАНІ на Сірий.
[14-Aug-2024 14:07:15 Europe/Helsinki] EditDATA [INFO] Для заявки Повірка від 20.06.2024 користувачем [Коваль Людмила] змінено виконавця з ЗАПЛАНОВАНІ на Шкуліпа.
[14-Aug-2024 14:08:14 Europe/Helsinki] EditDATA [INFO] Для заявки Повірка від 07.08.2024 користувачем [Коваль Людмила] змінено виконавця з ЗАПЛАНОВАНІ на Шкуліпа.
[14-Aug-2024 14:09:01 Europe/Helsinki] EditDATA [INFO] Для заявки Повірка від 13.08.2024 користувачем [Коваль Людмила] змінено виконавця з ЗАПЛАНОВАНІ на Шкуліпа.
[14-Aug-2024 14:13:28 Europe/Helsinki] DellTASK [INFO] Повірка від 24.07.2024 для адреси вул. Мазепи Івана, буд. 2, корп. А, кв. 22 для лічильника БЕЗ НОМЕРА - 1 шт. було завершено користувачем [Коваль Людмила] з коментарем: виконано.
[14-Aug-2024 14:14:53 Europe/Helsinki] DellTASK [INFO] Повірка від 26.06.2024 для адреси вул. Мазепи Івана, буд. 31, кв. 17 для лічильника БЕЗ НОМЕРА - 2 шт. було завершено користувачем [Коваль Людмила] з коментарем: виконано.
[14-Aug-2024 14:16:01 Europe/Helsinki] DellTASK [INFO] Повірка від 26.03.2024 для адреси вул. Мазепи Івана, буд. 32, кв. 22 для лічильника БЕЗ НОМЕРА - 1 шт. було завершено користувачем [Коваль Людмила] з коментарем: виконано.
[14-Aug-2024 14:17:59 Europe/Helsinki] DellTASK [INFO] Повірка від 02.08.2024 для адреси вул. Любецька, буд. 15, кв. 21 для лічильника БЕЗ НОМЕРА - 2 шт. було завершено користувачем [Коваль Людмила] з коментарем: виконано.
[2024-08-14T14:19:47.935] [INFO] DataBase - У заявці Повірка від 7 серпня 2024 р. за адресою вул. Любецька, буд. 106, корп. В, кв. 93 додано виконавця ЗАПЛАНОВАНІ та додано дату виконання 19 серпня 2024 р. користувачем [Коваль Людмила].
[14-Aug-2024 14:25:46 Europe/Helsinki] NewDATA [INFO] Нова адреса просп. Перемоги, буд. 166, кв. 71, тел. +38 (063) 217-54-40 додана до БД користувачем [Сусло Тетяна].
[14-Aug-2024 14:26:33 Europe/Helsinki] NewDATA [INFO] Нова заявка Повірка, адреса: просп. Перемоги 166, кв. 71, лічильники: БЕЗ НОМЕРА - 2 шт., вартість: 600 грн., примітки: 13-18 додано до БД користувачем [Сусло Тетяна].
[2024-08-14T14:27:00.153] [INFO] DataBase - У заявці Повірка від 14 серпня 2024 р. за адресою просп. Перемоги, буд. 166, кв. 71 додано виконавця ЗАПЛАНОВАНІ та додано дату виконання 5 вересня 2024 р. користувачем [Сусло Тетяна].
[14-Aug-2024 14:30:37 Europe/Helsinki] EditDATA [INFO] Для заявки Повірка від 25.06.2024 користувачем [Сусло Тетяна] додано примітки 8-13, за 15 хв, домофон не працює.
[14-Aug-2024 14:38:28 Europe/Helsinki] EditDATA [INFO] За адресою вул. Мазепи Івана 60 корпус А, кв. 144 користувачем [Сусло Тетяна] змінені номери телефонів з +38(063)119-71-10, +38(096)970-16-36, +38(098)813-68-99 на +38(063)158-86-67, при створенні нової заявки [Повірка] від 14.08.2024.
[14-Aug-2024 14:38:28 Europe/Helsinki] NewDATA [INFO] Нова заявка Повірка, адреса: вул. Мазепи Івана 60 корпус А, кв. 144, лічильники: БЕЗ НОМЕРА - 1 шт., вартість: 300 грн., примітки: 13-18 додано до БД користувачем [Сусло Тетяна].
[2024-08-14T14:38:52.201] [INFO] DataBase - У заявці Повірка від 14 серпня 2024 р. за адресою вул. Мазепи Івана, буд. 60, корп. А, кв. 144 додано виконавця ЗАПЛАНОВАНІ та додано дату виконання 23 серпня 2024 р. користувачем [Сусло Тетяна].
[14-Aug-2024 14:39:19 Europe/Helsinki] EditDATA [INFO] Для заявки Повірка від 25.06.2024 користувачем [Сусло Тетяна] додано виконавця Осипенко.
[2024-08-14T14:39:43.232] [INFO] DataBase - У заявці Повірка від 25 червня 2024 р. за адресою вул. 102-й км, буд. 6, кв. 19 додано дату виконання 15 серпня 2024 р. користувачем [Сусло Тетяна].
[14-Aug-2024 14:40:31 Europe/Helsinki] DellTASK [INFO] Повірка від 22.07.2024 для адреси вул. Ушинського, буд. 6, корп. А, кв. 30 для лічильника БЕЗ НОМЕРА - 1 шт. було завершено користувачем [Коваль Людмила] з коментарем: виконано.
[14-Aug-2024 14:42:50 Europe/Helsinki] DellTASK [INFO] Повірка від 01.08.2024 для адреси вул. Захисників України, буд. 11, корп. Б, кв. 14 для лічильника БЕЗ НОМЕРА - 2 шт. було завершено користувачем [Коваль Людмила] з коментарем: виконано.
[14-Aug-2024 14:44:56 Europe/Helsinki] DellTASK [INFO] Повірка від 28.03.2024 для адреси вул. Генерала Пухова, буд. 152, кв. 59 для лічильника БЕЗ НОМЕРА - 2 шт. було завершено користувачем [Коваль Людмила] з коментарем: не відп.
[14-Aug-2024 14:48:29 Europe/Helsinki] NewDATA [INFO] Нова адреса вул. Красносільського, буд. 85, кв. 62, тел. +38 (073) 774-42-61 додана до БД користувачем [Коваль Людмила].
[14-Aug-2024 14:48:57 Europe/Helsinki] NewDATA [INFO] Нова заявка Повірка, адреса: вул. Красносільського 85, кв. 62, лічильники: БЕЗ НОМЕРА - 1 шт., вартість: 300 грн., примітки: 8-13,пер.за 30 хв. додано до БД користувачем [Коваль Людмила].
[2024-08-14T14:49:32.371] [INFO] DataBase - У заявці Повірка від 14 серпня 2024 р. за адресою вул. Красносільського, буд. 85, кв. 62 додано виконавця ЗАПЛАНОВАНІ та додано дату виконання 20 серпня 2024 р. користувачем [Коваль Людмила].
[14-Aug-2024 14:54:00 Europe/Helsinki] DellTASK [INFO] Повірка від 10.06.2024 для адреси вул. Доценка, буд. 3, кв. 43 для лічильника БЕЗ НОМЕРА - 1 шт. було завершено користувачем [Сусло Тетяна] з коментарем: виконано.
[14-Aug-2024 14:57:33 Europe/Helsinki] EditDATA [INFO] Для заявки Повірка від 13.08.2024 користувачем [Сусло Тетяна] змінено примітки з 13-18 на 9-13, код 67, стукати дзвінка нема.
[14-Aug-2024 15:01:21 Europe/Helsinki] EditDATA [INFO] За адресою вул. Генерала Пухова 103, кв. 46 користувачем [Сусло Тетяна] змінені номери телефонів з +38(063)377-74-38, +38(095)646-62-79 на +38(093)686-60-81, при створенні нової заявки [Повірка] від 14.08.2024.
[14-Aug-2024 15:01:21 Europe/Helsinki] NewDATA [INFO] Нова заявка Повірка, адреса: вул. Генерала Пухова 103, кв. 46, лічильники: БЕЗ НОМЕРА - 2 шт., вартість: 600 грн., примітки: в любий час, за 1 год набрать додано до БД користувачем [Сусло Тетяна].
[14-Aug-2024 15:01:43 Europe/Helsinki] EditDATA [INFO] Для заявки Повірка від 26.06.2024 користувачем [Коваль Людмила] додано виконавця Шкуліпа.
[2024-08-14T15:01:43.988] [INFO] DataBase - У заявці Повірка від 14 серпня 2024 р. за адресою вул. Генерала Пухова, буд. 103, кв. 46 додано виконавця ЗАПЛАНОВАНІ та додано дату виконання 22 серпня 2024 р. користувачем [Сусло Тетяна].
[14-Aug-2024 15:02:05 Europe/Helsinki] EditDATA [INFO] Для заявки Повірка від 26.06.2024 користувачем [Коваль Людмила] додано вартість робіт 300 грн.
[2024-08-14T15:03:14.744] [INFO] DataBase - У заявці Повірка від 26 червня 2024 р. за адресою вул. Реміснича, буд. 55, корп. А, кв. 29 додано дату виконання 15 серпня 2024 р. користувачем [Коваль Людмила].
[14-Aug-2024 15:06:00 Europe/Helsinki] DellTASK [INFO] Повірка від 19.06.2024 для адреси вул. Освіти, буд. 86, кв. 126 для лічильника БЕЗ НОМЕРА - 2 шт. було завершено користувачем [Коваль Людмила] з коментарем: виконано.
[14-Aug-2024 15:17:07 Europe/Helsinki] NewDATA [INFO] Нова адреса просп. Перемоги, буд. 71, кв. 54, тел. +38 (063) 315-15-95 додана до БД користувачем [Коваль Людмила].
[14-Aug-2024 15:22:38 Europe/Helsinki] NewDATA [INFO] Нова заявка Повірка, адреса: просп. Перемоги 71, кв. 54, лічильники: БЕЗ НОМЕРА - 2 шт., виконавець: Шкуліпа, вартість: 600 грн., примітки: 13-18 додано до БД користувачем [Сусло Тетяна].
[14-Aug-2024 15:22:38 Europe/Helsinki] DellTASK [INFO] Повірка від 10.06.2024 для адреси вул. Земська, буд. 70, кв. 10 для лічильника БЕЗ НОМЕРА - 2 шт. було завершено користувачем [Коваль Людмила] з коментарем: виконано.
[2024-08-14T15:22:52.693] [INFO] DataBase - У заявці Повірка від 14 серпня 2024 р. за адресою просп. Перемоги, буд. 71, кв. 54 додано дату виконання 15 серпня 2024 р. користувачем [Сусло Тетяна].
[14-Aug-2024 15:24:25 Europe/Helsinki] NewDATA [INFO] Нова адреса просп. Перемоги, буд. 121, кв. 3, тел. +38 (063) 564-76-48 додана до БД користувачем [Сусло Тетяна].
[14-Aug-2024 15:24:32 Europe/Helsinki] DellTASK [INFO] Повірка від 30.07.2024 для адреси вул. Доценка, буд. 17, корп. В, кв. 55 для лічильника БЕЗ НОМЕРА - 2 шт. було завершено користувачем [Коваль Людмила] з коментарем: виконано.
[14-Aug-2024 15:24:53 Europe/Helsinki] NewDATA [INFO] Нова заявка Повірка, адреса: просп. Перемоги 121, кв. 3, лічильники: БЕЗ НОМЕРА - 1 шт., виконавець: Сірий, вартість: 300 грн. додано до БД користувачем [Сусло Тетяна].
[14-Aug-2024 15:26:28 Europe/Helsinki] DellTASK [INFO] Повірка від 29.03.2024 для адреси вул. Гетьмана Полуботка, буд. 120, кв. 61 для лічильника БЕЗ НОМЕРА - 2 шт. було завершено користувачем [Коваль Людмила] з коментарем: виконано.
[14-Aug-2024 15:26:41 Europe/Helsinki] NewDATA [INFO] Нова адреса просп. Перемоги, буд. 121, кв. 15, тел. +38 (063) 564-76-48 додана до БД користувачем [Сусло Тетяна].
[14-Aug-2024 15:27:00 Europe/Helsinki] NewDATA [INFO] Нова заявка Повірка, адреса: просп. Перемоги 121, кв. 15, лічильники: БЕЗ НОМЕРА - 1 шт., виконавець: Сірий, вартість: 300 грн., примітки: 9-11 додано до БД користувачем [Сусло Тетяна].
[2024-08-14T15:27:13.163] [INFO] DataBase - У заявці Повірка від 14 серпня 2024 р. за адресою просп. Перемоги, буд. 121, кв. 15 додано дату виконання 15 серпня 2024 р. користувачем [Сусло Тетяна].
[2024-08-14T15:27:14.996] [INFO] DataBase - У заявці Повірка від 14 серпня 2024 р. за адресою просп. Перемоги, буд. 121, кв. 3 додано дату виконання 15 серпня 2024 р. користувачем [Сусло Тетяна].
[14-Aug-2024 15:27:28 Europe/Helsinki] EditDATA [INFO] Для заявки Повірка від 14.08.2024 користувачем [Сусло Тетяна] додано примітки 9-11.
[14-Aug-2024 15:28:36 Europe/Helsinki] EditDATA [INFO] Для заявки Повірка від 14.08.2024 користувачем [Сусло Тетяна] змінено примітки з 9-11 на 9-11, спочатку в 3 кв потім в 15.
[14-Aug-2024 15:51:03 Europe/Helsinki] DellTASK [INFO] Повірка від 23.07.2024 для адреси просп. Левка Лукяненка, буд. 18, кв. 43 для лічильника БЕЗ НОМЕРА - 2 шт. було завершено користувачем [Сусло Тетяна] з коментарем: виконано.
[14-Aug-2024 15:52:17 Europe/Helsinki] DellTASK [INFO] Повірка від 30.07.2024 для адреси просп. Левка Лукяненка, буд. 68, кв. 50 для лічильника БЕЗ НОМЕРА - 2 шт. було завершено користувачем [Сусло Тетяна] з коментарем: виконано.
[14-Aug-2024 15:53:18 Europe/Helsinki] DellTASK [INFO] Повірка від 22.07.2024 для адреси просп. Грушевського Михайла, буд. 155, кв. 54 для лічильника БЕЗ НОМЕРА - 2 шт. було завершено користувачем [Коваль Людмила] з коментарем: виконано.
[14-Aug-2024 16:03:10 Europe/Helsinki] EditDATA [INFO] Для заявки Повірка від 14.08.2024 користувачем [Сусло Тетяна] змінено примітки з 13-18, глухий дідусь на 9-13, глухий дідусь, гучно стукати(можна ногою) і ручкою ляпати.
[14-Aug-2024 16:03:39 Europe/Helsinki] EditDATA [INFO] За адресою вул. Волковича 12, кв. 49 користувачем [Коваль Людмила] додано номер телефону +38(067)459-31-19, при створенні нової заявки [Повірка] від 14.08.2024.
[14-Aug-2024 16:03:39 Europe/Helsinki] NewDATA [INFO] Нова заявка Повірка, адреса: вул. Волковича 12, кв. 49, лічильники: БЕЗ НОМЕРА - 2 шт., вартість: 600 грн., примітки: пер.за час додано до БД користувачем [Коваль Людмила].
[2024-08-14T16:04:36.761] [INFO] DataBase - У заявці Повірка від 14 серпня 2024 р. за адресою вул. Волковича, буд. 12, кв. 49 додано виконавця ЗАПЛАНОВАНІ та додано дату виконання 19 серпня 2024 р. користувачем [Коваль Людмила].
[14-Aug-2024 16:10:41 Europe/Helsinki] EditDATA [INFO] За адресою просп. Миру 190, кв. 50 користувачем [Коваль Людмила] змінені номери телефонів з +38(050)517-99-28, +38(096)668-77-87, +38(0462)25-91-70 на +38(050)517-99-28, при створенні нової заявки [Повірка] від 14.08.2024.
[14-Aug-2024 16:10:41 Europe/Helsinki] NewDATA [INFO] Нова заявка Повірка, адреса: просп. Миру 190, кв. 50, лічильники: БЕЗ НОМЕРА - 1 шт., вартість: 300 грн., примітки: 8-13 додано до БД користувачем [Коваль Людмила].
[2024-08-14T16:11:08.031] [INFO] DataBase - У заявці Повірка від 14 серпня 2024 р. за адресою просп. Миру, буд. 190, кв. 50 додано виконавця ЗАПЛАНОВАНІ та додано дату виконання 19 серпня 2024 р. користувачем [Коваль Людмила].
[14-Aug-2024 16:11:41 Europe/Helsinki] NewDATA [INFO] Нова адреса пров. Самоквасова Дмитра, буд. 7, корп. А, кв. 23, тел. +38 (098) 519-57-41 додана до БД користувачем [Сусло Тетяна].
[14-Aug-2024 16:12:35 Europe/Helsinki] NewDATA [INFO] Нова заявка Повірка, адреса: пров. Самоквасова Дмитра 7 корпус А, кв. 23, лічильники: БЕЗ НОМЕРА - 2 шт., вартість: 600 грн., примітки: 11-13, зп 30 хв(лежить в лікарні) додано до БД користувачем [Сусло Тетяна].
[2024-08-14T16:13:12.746] [INFO] DataBase - У заявці Повірка від 14 серпня 2024 р. за адресою пров. Самоквасова Дмитра, буд. 7, корп. А, кв. 23 додано виконавця ЗАПЛАНОВАНІ та додано дату виконання 16 серпня 2024 р. користувачем [Сусло Тетяна].
[14-Aug-2024 16:23:37 Europe/Helsinki] EditDATA [INFO] Для заявки Заміна від 14.08.2024 користувачем [Сусло Тетяна] змінено примітки з 1ванна/г на 9-13, 1ванна/г.
[14-Aug-2024 16:27:32 Europe/Helsinki] EditDATA [INFO] За адресою просп. Перемоги 25, кв. 27 користувачем [Коваль Людмила] змінені номери телефонів з +38(093)558-60-28, +38(073)202-37-66, +38(067)656-56-34 на +38(066)874-76-53, при створенні нової заявки [Повірка] від 14.08.2024.
[14-Aug-2024 16:27:32 Europe/Helsinki] NewDATA [INFO] Нова заявка Повірка, адреса: просп. Перемоги 25, кв. 27, лічильники: БЕЗ НОМЕРА - 2 шт., виконавець: Осипенко, вартість: 600 грн., примітки: пер.за час додано до БД користувачем [Коваль Людмила].
[2024-08-14T16:27:53.155] [INFO] DataBase - У заявці Повірка від 14 серпня 2024 р. за адресою просп. Перемоги, буд. 25, кв. 27 додано дату виконання 15 серпня 2024 р. користувачем [Коваль Людмила].
[14-Aug-2024 16:30:49 Europe/Helsinki] DellTASK [INFO] Заміна від 12.08.2024 для адреси вул. Всіхсвятська, буд. 16, кв. 25 для лічильника БЕЗ НОМЕРА - 2 шт. було завершено користувачем [Коваль Людмила] з коментарем: перенесено на 16.08.
[14-Aug-2024 16:41:29 Europe/Helsinki] EditDATA [INFO] За адресою вул. Волковича 13, кв. 79 користувачем [Коваль Людмила] змінені номери телефонів з +38(093)103-28-63, +38(093)333-75-00, +38(066)661-29-33 на +38(093)103-28-63, при створенні нової заявки [Повірка] від 14.08.2024.
[14-Aug-2024 16:41:29 Europe/Helsinki] NewDATA [INFO] Нова заявка Повірка, адреса: вул. Волковича 13, кв. 79, лічильники: БЕЗ НОМЕРА - 1 шт., вартість: 300 грн., примітки: 13-17 додано до БД користувачем [Коваль Людмила].
[2024-08-14T16:42:10.218] [INFO] DataBase - У заявці Повірка від 14 серпня 2024 р. за адресою вул. Волковича, буд. 13, кв. 79 додано виконавця ЗАПЛАНОВАНІ та додано дату виконання 19 серпня 2024 р. користувачем [Коваль Людмила].
