[05-Feb-2025 08:49:48 Europe/Helsinki] EditDATA [INFO] Для заявки Повірка від 03.02.2025 користувачем [Коваль Людмила] змінено виконавця з ЗАПЛАНОВАНІ на Осипенко.
[05-Feb-2025 08:50:01 Europe/Helsinki] EditDATA [INFO] Для заявки Повірка від 03.02.2025 користувачем [Коваль Людмила] змінено виконавця з ЗАПЛАНОВАНІ на Осипенко.
[05-Feb-2025 08:50:13 Europe/Helsinki] EditDATA [INFO] Для заявки Повірка від 03.02.2025 користувачем [Коваль Людмила] змінено виконавця з ЗАПЛАНОВАНІ на Осипенко.
[05-Feb-2025 08:52:40 Europe/Helsinki] DellTASK [INFO] Повірка від 03.02.2025 для адреси вул. Генерала Пухова, буд. 130, кв. 61 для лічильника БЕЗ НОМЕРА - 2 шт. було завершено користувачем [Коваль Людмила] з коментарем: виконано.
[05-Feb-2025 08:52:58 Europe/Helsinki] DellTASK [INFO] Повірка від 03.02.2025 для адреси просп. Левка Лукяненка, буд. 16, кв. 38 для лічильника БЕЗ НОМЕРА - 2 шт. було завершено користувачем [Коваль Людмила] з коментарем: виконано.
[05-Feb-2025 08:56:02 Europe/Helsinki] DellTASK [INFO] Повірка від 03.02.2025 для адреси вул. Доценка, буд. 11, кв. 26 для лічильника БЕЗ НОМЕРА - 1 шт. було завершено користувачем [Коваль Людмила] з коментарем: виконано.
[05-Feb-2025 08:56:17 Europe/Helsinki] DellTASK [INFO] Повірка від 31.01.2025 для адреси вул. 1-ої танкової бригади, буд. 37, корп. 1, кв. 54 для лічильника БЕЗ НОМЕРА - 2 шт. було завершено користувачем [Коваль Людмила] з коментарем: виконано.
[05-Feb-2025 08:56:30 Europe/Helsinki] DellTASK [INFO] Повірка від 24.01.2025 для адреси вул. Березовського Максима, буд. 3, кв. 9 для лічильника БЕЗ НОМЕРА - 1 шт. було завершено користувачем [Коваль Людмила] з коментарем: виконано.
[05-Feb-2025 08:56:44 Europe/Helsinki] DellTASK [INFO] Повірка від 16.01.2025 для адреси вул. Доценка, буд. 10, кв. 5 для лічильника БЕЗ НОМЕРА - 2 шт. було завершено користувачем [Коваль Людмила] з коментарем: виконано.
[05-Feb-2025 08:56:59 Europe/Helsinki] DellTASK [INFO] Повірка від 03.02.2025 для адреси вул. Доценка, буд. 17, корп. В, кв. 50 для лічильника БЕЗ НОМЕРА - 2 шт. було завершено користувачем [Коваль Людмила] з коментарем: виконано.
[05-Feb-2025 08:57:13 Europe/Helsinki] DellTASK [INFO] Повірка від 31.01.2025 для адреси вул. Генерала Пухова, буд. 132, кв. 33 для лічильника БЕЗ НОМЕРА - 2 шт. було завершено користувачем [Коваль Людмила] з коментарем: виконано.
[05-Feb-2025 08:57:34 Europe/Helsinki] DellTASK [INFO] Повірка від 29.01.2025 для адреси просп. Перемоги, буд. 92, кв. 14 для лічильника БЕЗ НОМЕРА - 2 шт. було завершено користувачем [Коваль Людмила] з коментарем: виконано.
[05-Feb-2025 08:58:50 Europe/Helsinki] DellTASK [INFO] Повірка від 03.02.2025 для адреси вул. Пятницька, буд. 70, корп. 1, кв. 20 для лічильника БЕЗ НОМЕРА - 4 шт. було завершено користувачем [Коваль Людмила] з коментарем: виконано.
[05-Feb-2025 08:59:05 Europe/Helsinki] DellTASK [INFO] Повірка від 03.02.2025 для адреси вул. Пятницька, буд. 63, кв. 81 для лічильника БЕЗ НОМЕРА - 2 шт. було завершено користувачем [Коваль Людмила] з коментарем: виконано.
[05-Feb-2025 08:59:22 Europe/Helsinki] DellTASK [INFO] Повірка від 29.01.2025 для адреси вул. Коцюбинського, буд. 79, кв. 50 для лічильника БЕЗ НОМЕРА - 2 шт. було завершено користувачем [Коваль Людмила] з коментарем: виконано.
[05-Feb-2025 08:59:33 Europe/Helsinki] NewDATA [INFO] Нова заявка Заміна, адреса: просп. Левка Лукяненка 12 корпус 1, кв. 80, лічильники: БЕЗ НОМЕРА - 1 шт., виконавець: Баранов, вартість: 350 грн., примітки: 9-13, 1 гв, кухня додано до БД користувачем [Сусло Тетяна].
[2025-02-05T08:59:35.286] [INFO] DataBase - У заявці Заміна від 5 лютого 2025 р. за адресою просп. Левка Лукяненка, буд. 12, корп. 1, кв. 80 додано дату виконання 6 лютого 2025 р. користувачем [Сусло Тетяна].
[05-Feb-2025 08:59:48 Europe/Helsinki] DellTASK [INFO] Повірка від 31.01.2025 для адреси вул. Мстиславська, буд. 50, кв. 93 для лічильника БЕЗ НОМЕРА - 2 шт. було відмінено користувачем [Коваль Людмила] з коментарем: немає можливості.
[05-Feb-2025 09:00:05 Europe/Helsinki] DellTASK [INFO] Повірка від 04.02.2025 для адреси вул. Волковича, буд. 23, кв. 74 для лічильника БЕЗ НОМЕРА - 2 шт. було завершено користувачем [Коваль Людмила] з коментарем: виконано.
[05-Feb-2025 09:00:19 Europe/Helsinki] DellTASK [INFO] Повірка від 03.02.2025 для адреси вул. Пантелеймонівська, буд. 19, кв. 25 для лічильника БЕЗ НОМЕРА - 1 шт. було завершено користувачем [Коваль Людмила] з коментарем: виконано.
[05-Feb-2025 09:00:32 Europe/Helsinki] DellTASK [INFO] Повірка від 03.02.2025 для адреси вул. Мацієвського Олександра, буд. 15, кв. 16 для лічильника БЕЗ НОМЕРА - 2 шт. було завершено користувачем [Коваль Людмила] з коментарем: виконано.
[05-Feb-2025 09:00:45 Europe/Helsinki] DellTASK [INFO] Повірка від 03.02.2025 для адреси просп. Миру, буд. 204, кв. 157 для лічильника БЕЗ НОМЕРА - 2 шт. було завершено користувачем [Коваль Людмила] з коментарем: виконано.
[05-Feb-2025 09:00:57 Europe/Helsinki] DellTASK [INFO] Повірка від 03.02.2025 для адреси просп. Миру, буд. 204, кв. 52 для лічильника БЕЗ НОМЕРА - 4 шт. було завершено користувачем [Коваль Людмила] з коментарем: виконано.
[05-Feb-2025 09:01:09 Europe/Helsinki] DellTASK [INFO] Повірка від 27.01.2025 для адреси просп. Миру, буд. 204, кв. 225 для лічильника БЕЗ НОМЕРА - 4 шт. було завершено користувачем [Коваль Людмила] з коментарем: виконано.
[05-Feb-2025 09:02:07 Europe/Helsinki] NewDATA [INFO] Новий лічильник номер: 115256, тип: КВ-1,5 => DN 15, рік випуску: 2004, показники: 0, балансоутримувач: АТ "ОТКЕ" додано до БД користувачем [Коваль Людмила].
[05-Feb-2025 09:02:09 Europe/Helsinki] EditDATA [INFO] За адресою вул. Березовського Максима, буд. 3, кв. 9 користувачем [Коваль Людмила] було додано лічильники: 115256].
[05-Feb-2025 09:02:49 Europe/Helsinki] NewDATA [INFO] Новий лічильник номер: 1277397, тип: ЛК => DN 15, рік випуску: 2011, показники: 0, балансоутримувач: КП "ВДК" додано до БД користувачем [Коваль Людмила].
[05-Feb-2025 09:03:11 Europe/Helsinki] NewDATA [INFO] Новий лічильник номер: 243161, тип: КВ-1,5 => DN 15, рік випуску: 2011, показники: 0, балансоутримувач: АТ "ОТКЕ" додано до БД користувачем [Коваль Людмила].
[05-Feb-2025 09:03:13 Europe/Helsinki] EditDATA [INFO] За адресою просп. Левка Лукяненка, буд. 16, кв. 38 користувачем [Коваль Людмила] було додано лічильники: 1277397, 243161].
[05-Feb-2025 09:04:22 Europe/Helsinki] NewDATA [INFO] Новий лічильник номер: 0192477, тип: Picoflux => DN 15, рік випуску: 2021, показники: 0, балансоутримувач: КП "ВДК" додано до БД користувачем [Коваль Людмила].
[05-Feb-2025 09:05:11 Europe/Helsinki] NewDATA [INFO] Новий лічильник номер: 0168124, тип: Picoflux => DN 15, рік випуску: 2021, показники: 0, балансоутримувач: АТ "ОТКЕ" додано до БД користувачем [Коваль Людмила].
[05-Feb-2025 09:05:13 Europe/Helsinki] EditDATA [INFO] За адресою вул. Доценка, буд. 17, корп. В, кв. 50 користувачем [Коваль Людмила] було додано лічильники: 0192477, 0168124].
[05-Feb-2025 09:06:39 Europe/Helsinki] NewDATA [INFO] Новий лічильник номер: 6852965, тип: ЛК => DN 15, рік випуску: 2016, показники: 0, балансоутримувач: КП "ВДК" додано до БД користувачем [Коваль Людмила].
[05-Feb-2025 09:07:03 Europe/Helsinki] NewDATA [INFO] Новий лічильник номер: 6876665, тип: ЛК => DN 15, рік випуску: 2018, показники: 0, балансоутримувач: АТ "ОТКЕ" додано до БД користувачем [Коваль Людмила].
[05-Feb-2025 09:07:05 Europe/Helsinki] EditDATA [INFO] За адресою вул. Доценка, буд. 10, кв. 5 користувачем [Коваль Людмила] було додано лічильники: 6852965, 6876665].
[05-Feb-2025 09:07:35 Europe/Helsinki] NewDATA [INFO] Нова заявка Заміна, адреса: вул. Коцюбинського 81, кв. 10, лічильники: 97723879, виконавець: Баранов, вартість: 1060 грн., примітки: 9-13, 1 гв, св, № 97723879 додано до БД користувачем [Сусло Тетяна].
[2025-02-05T09:07:38.282] [INFO] DataBase - У заявці Заміна від 5 лютого 2025 р. за адресою вул. Коцюбинського, буд. 81, кв. 10 додано дату виконання 7 лютого 2025 р. користувачем [Сусло Тетяна].
[05-Feb-2025 09:07:44 Europe/Helsinki] NewDATA [INFO] Новий лічильник номер: 211039, тип: КВ-1,5 => DN 15, рік випуску: 2008, показники: 0, балансоутримувач: КП "ВДК" додано до БД користувачем [Коваль Людмила].
[05-Feb-2025 09:07:49 Europe/Helsinki] EditDATA [INFO] За адресою вул. Доценка, буд. 11, кв. 26 користувачем [Коваль Людмила] було додано лічильники: 211039].
[05-Feb-2025 09:08:43 Europe/Helsinki] NewDATA [INFO] Новий лічильник номер: 013311, тип: КВ-1,5 => DN 15, рік випуску: 2003, показники: 0, балансоутримувач: КП "ВДК" додано до БД користувачем [Коваль Людмила].
[05-Feb-2025 09:09:13 Europe/Helsinki] NewDATA [INFO] Новий лічильник номер: 048053, тип: КВ-1,5 => DN 15, рік випуску: 2008, показники: 0, балансоутримувач: АТ "ОТКЕ" додано до БД користувачем [Коваль Людмила].
[05-Feb-2025 09:09:16 Europe/Helsinki] EditDATA [INFO] За адресою вул. Генерала Пухова, буд. 130, кв. 61 користувачем [Коваль Людмила] було додано лічильники: 013311, 048053].
[05-Feb-2025 09:11:11 Europe/Helsinki] NewDATA [INFO] Новий лічильник номер: 8503713, тип: ЛК => DN 15, рік випуску: 2018, показники: 0, балансоутримувач: КП "ВДК" додано до БД користувачем [Коваль Людмила].
[05-Feb-2025 09:12:01 Europe/Helsinki] NewDATA [INFO] Новий лічильник номер: 0196996, тип: ЛК => DN 15, рік випуску: 2018, показники: 0, балансоутримувач: АТ "ОТКЕ" додано до БД користувачем [Коваль Людмила].
[05-Feb-2025 09:12:03 Europe/Helsinki] EditDATA [INFO] За адресою вул. 1-ої танкової бригади, буд. 37, корп. 1, кв. 54 користувачем [Коваль Людмила] було додано лічильники: 8503713, 0196996].
[05-Feb-2025 09:13:00 Europe/Helsinki] NewDATA [INFO] Новий лічильник номер: 296802, тип: КВ-1,5 => DN 15, рік випуску: 2010, показники: 0, балансоутримувач: КП "ВДК" додано до БД користувачем [Коваль Людмила].
[05-Feb-2025 09:13:29 Europe/Helsinki] NewDATA [INFO] Новий лічильник номер: 286415, тип: КВ-1,5 => DN 15, рік випуску: 2010, показники: 0, балансоутримувач: АТ "ОТКЕ" додано до БД користувачем [Коваль Людмила].
[05-Feb-2025 09:13:31 Europe/Helsinki] EditDATA [INFO] За адресою вул. Генерала Пухова, буд. 132, кв. 33 користувачем [Коваль Людмила] було додано лічильники: 296802, 286415].
[05-Feb-2025 09:14:20 Europe/Helsinki] NewDATA [INFO] Нова адреса вул. Доценка, буд. 17, корп. Б, кв. 10, тел. +38 (063) 655-70-44 додана до БД користувачем [Сусло Тетяна].
[05-Feb-2025 09:14:57 Europe/Helsinki] NewDATA [INFO] Нова заявка Повірка, адреса: вул. Доценка 17 корпус Б, кв. 10, лічильники: БЕЗ НОМЕРА - 2 шт., вартість: 600 грн., примітки: 8-13 додано до БД користувачем [Сусло Тетяна].
[2025-02-05T09:15:00.864] [INFO] DataBase - У заявці Повірка від 5 лютого 2025 р. за адресою вул. Доценка, буд. 17, корп. Б, кв. 10 додано виконавця ЗАПЛАНОВАНІ та додано дату виконання 6 лютого 2025 р. користувачем [Сусло Тетяна].
[05-Feb-2025 09:15:23 Europe/Helsinki] NewDATA [INFO] Новий лічильник номер: 025595, тип: КВ-1,5 => DN 15, рік випуску: 2004, показники: 0, балансоутримувач: КП "ВДК" додано до БД користувачем [Коваль Людмила].
[05-Feb-2025 09:15:47 Europe/Helsinki] NewDATA [INFO] Новий лічильник номер: 559481, тип: КВ-1,5 => DN 15, рік випуску: 2004, показники: 0, балансоутримувач: КП "ТКЕ" додано до БД користувачем [Коваль Людмила].
[05-Feb-2025 09:15:49 Europe/Helsinki] EditDATA [INFO] За адресою просп. Перемоги, буд. 92, кв. 14 користувачем [Коваль Людмила] було додано лічильники: 025595, 559481].
[05-Feb-2025 09:16:45 Europe/Helsinki] NewDATA [INFO] Новий лічильник номер: 191256270, тип: СВК => DN 15, рік випуску: 2019, показники: 0, балансоутримувач: КП "ВДК" додано до БД користувачем [Коваль Людмила].
[05-Feb-2025 09:17:15 Europe/Helsinki] NewDATA [INFO] Новий лічильник номер: 191264295, тип: СВК => DN 15, рік випуску: 2019, показники: 0, балансоутримувач: КП "ТКЕ" додано до БД користувачем [Коваль Людмила].
[05-Feb-2025 09:17:18 Europe/Helsinki] EditDATA [INFO] За адресою вул. Коцюбинського, буд. 79, кв. 50 користувачем [Коваль Людмила] було додано лічильники: 191256270, 191264295].
[05-Feb-2025 09:26:24 Europe/Helsinki] EditDATA [INFO] За адресою вул. Пятницька 63, кв. 35 користувачем [Сусло Тетяна] змінені номери телефонів з +38(063)931-14-65, +38(067)680-23-62 на +38(050)175-06-72, при створенні нової заявки [Повірка] від 05.02.2025.
[05-Feb-2025 09:26:25 Europe/Helsinki] NewDATA [INFO] Нова заявка Повірка, адреса: вул. Пятницька 63, кв. 35, лічильники: БЕЗ НОМЕРА - 1 шт., вартість: 300 грн., примітки: 8-13, уточн. за хол. воду додано до БД користувачем [Сусло Тетяна].
[2025-02-05T09:26:28.558] [INFO] DataBase - У заявці Повірка від 5 лютого 2025 р. за адресою вул. Пятницька, буд. 63, кв. 35 додано виконавця ЗАПЛАНОВАНІ та додано дату виконання 11 лютого 2025 р. користувачем [Сусло Тетяна].
[05-Feb-2025 09:51:19 Europe/Helsinki] NewDATA [INFO] Новий лічильник номер: 257941, тип: КВ-1,5 => DN 15, рік випуску: 2002, показники: 0, балансоутримувач: КП "ВДК" додано до БД користувачем [Коваль Людмила].
[05-Feb-2025 09:51:55 Europe/Helsinki] NewDATA [INFO] Новий лічильник номер: 285845, тип: КВ-1,5 => DN 15, рік випуску: 2002, показники: 0, балансоутримувач: КП "ТКЕ" додано до БД користувачем [Коваль Людмила].
[05-Feb-2025 09:51:58 Europe/Helsinki] EditDATA [INFO] За адресою вул. Пятницька, буд. 63, кв. 81 користувачем [Коваль Людмила] було додано лічильники: 257941, 285845].
[05-Feb-2025 09:52:40 Europe/Helsinki] NewDATA [INFO] Новий лічильник номер: 642337, тип: КВ-1,5 => DN 15, рік випуску: 2003, показники: 0, балансоутримувач: КП "ВДК" додано до БД користувачем [Коваль Людмила].
[05-Feb-2025 09:53:04 Europe/Helsinki] NewDATA [INFO] Новий лічильник номер: 436167, тип: КВ-1,5 => DN 15, рік випуску: 2002, показники: 0, балансоутримувач: КП "ТКЕ" додано до БД користувачем [Коваль Людмила].
[05-Feb-2025 09:53:31 Europe/Helsinki] NewDATA [INFO] Новий лічильник номер: 523728, тип: КВ-1,5 => DN 15, рік випуску: 2003, показники: 0, балансоутримувач: КП "ВДК" додано до БД користувачем [Коваль Людмила].
[05-Feb-2025 09:53:54 Europe/Helsinki] NewDATA [INFO] Новий лічильник номер: 279992, тип: КВ-1,5 => DN 15, рік випуску: 2002, показники: 0, балансоутримувач: КП "ТКЕ" додано до БД користувачем [Коваль Людмила].
[05-Feb-2025 09:53:55 Europe/Helsinki] EditDATA [INFO] За адресою вул. Пятницька, буд. 70, корп. 1, кв. 20 користувачем [Коваль Людмила] було додано лічильники: 642337, 436167, 523728, 279992].
[05-Feb-2025 09:54:54 Europe/Helsinki] NewDATA [INFO] Новий лічильник номер: 0200230420, тип: ЛК => DN 15, рік випуску: 2020, показники: 0, балансоутримувач: КП "ВДК" додано до БД користувачем [Коваль Людмила].
[05-Feb-2025 09:55:16 Europe/Helsinki] NewDATA [INFO] Новий лічильник номер: 009142, тип: КВ-1,5 => DN 15, рік випуску: 2001, показники: 0, балансоутримувач: КП "ТКЕ" додано до БД користувачем [Коваль Людмила].
[05-Feb-2025 09:55:18 Europe/Helsinki] EditDATA [INFO] За адресою вул. Мацієвського Олександра, буд. 15, кв. 16 користувачем [Коваль Людмила] було додано лічильники: 0200230420, 009142].
[05-Feb-2025 09:59:29 Europe/Helsinki] NewDATA [INFO] Новий лічильник номер: 318416, тип: КВ-1,5 => DN 15, рік випуску: 2004, показники: 0, балансоутримувач: КП "ВДК" додано до БД користувачем [Коваль Людмила].
[05-Feb-2025 09:59:31 Europe/Helsinki] EditDATA [INFO] За адресою вул. Пантелеймонівська, буд. 19, кв. 25 користувачем [Коваль Людмила] було додано лічильники: 318416].
[05-Feb-2025 10:00:14 Europe/Helsinki] NewDATA [INFO] Новий лічильник номер: 1200020813, тип: ЛК => DN 15, рік випуску: 2012, показники: 0, балансоутримувач: АТ "ОТКЕ" додано до БД користувачем [Коваль Людмила].
[05-Feb-2025 10:00:41 Europe/Helsinki] NewDATA [INFO] Новий лічильник номер: 1200029463, тип: ЛК => DN 15, рік випуску: 2012, показники: 0, балансоутримувач: АТ "ОТКЕ" додано до БД користувачем [Коваль Людмила].
[05-Feb-2025 10:00:45 Europe/Helsinki] EditDATA [INFO] За адресою просп. Миру, буд. 204, кв. 157 користувачем [Коваль Людмила] було додано лічильники: 1200020813, 1200029463].
[05-Feb-2025 10:01:18 Europe/Helsinki] NewDATA [INFO] Новий лічильник номер: 245841, тип: КВ-1,5 => DN 15, рік випуску: 2011, показники: 0, балансоутримувач: КП "ВДК" додано до БД користувачем [Коваль Людмила].
[05-Feb-2025 10:01:29 Europe/Helsinki] NewDATA [INFO] Нова адреса вул. 1-ої танкової бригади, буд. 18, кв. 178, тел. +38 (063) 748-74-04 додана до БД користувачем [Сусло Тетяна].
[05-Feb-2025 10:01:59 Europe/Helsinki] NewDATA [INFO] Новий лічильник номер: 238838, тип: КВ-1,5 => DN 15, рік випуску: 2011, показники: 0, балансоутримувач: АТ "ОТКЕ" додано до БД користувачем [Коваль Людмила].
[05-Feb-2025 10:02:06 Europe/Helsinki] NewDATA [INFO] Нова заявка Повірка, адреса: вул. 1-ої танкової бригади 18, кв. 178, лічильники: БЕЗ НОМЕРА - 2 шт., вартість: 600 грн., примітки: 8-13, за 30 хв додано до БД користувачем [Сусло Тетяна].
[05-Feb-2025 10:02:16 Europe/Helsinki] NewDATA [INFO] Новий лічильник номер: 150480, тип: КВ-1,5 => DN 15, рік випуску: 2016, показники: 0, балансоутримувач: КП "ВДК" додано до БД користувачем [Коваль Людмила].
[05-Feb-2025 10:02:37 Europe/Helsinki] NewDATA [INFO] Новий лічильник номер: 107884, тип: КВ-1,5 => DN 15, рік випуску: 2016, показники: 0, балансоутримувач: АТ "ОТКЕ" додано до БД користувачем [Коваль Людмила].
[05-Feb-2025 10:02:49 Europe/Helsinki] EditDATA [INFO] За адресою просп. Миру, буд. 204, кв. 225 користувачем [Коваль Людмила] було додано лічильники: 245841, 238838, 150480, 107884].
[05-Feb-2025 10:03:21 Europe/Helsinki] NewDATA [INFO] Новий лічильник номер: 053451, тип: КВ-1,5 => DN 15, рік випуску: 2020, показники: 0, балансоутримувач: КП "ВДК" додано до БД користувачем [Коваль Людмила].
[05-Feb-2025 10:03:42 Europe/Helsinki] NewDATA [INFO] Новий лічильник номер: 062341, тип: КВ-1,5 => DN 15, рік випуску: 2020, показники: 0, балансоутримувач: АТ "ОТКЕ" додано до БД користувачем [Коваль Людмила].
[05-Feb-2025 10:03:44 Europe/Helsinki] EditDATA [INFO] За адресою вул. Волковича, буд. 23, кв. 74 користувачем [Коваль Людмила] було додано лічильники: 053451, 062341].
[05-Feb-2025 10:04:20 Europe/Helsinki] NewDATA [INFO] Новий лічильник номер: 182263, тип: КВ-1,5 => DN 15, рік випуску: 2001, показники: 0, балансоутримувач: КП "ВДК" додано до БД користувачем [Коваль Людмила].
[05-Feb-2025 10:04:52 Europe/Helsinki] NewDATA [INFO] Новий лічильник номер: 172890, тип: КВ-1,5 => DN 15, рік випуску: 2001, показники: 0, балансоутримувач: АТ "ОТКЕ" додано до БД користувачем [Коваль Людмила].
[05-Feb-2025 10:04:55 Europe/Helsinki] EditDATA [INFO] За адресою просп. Миру, буд. 204, кв. 52 користувачем [Коваль Людмила] було додано лічильники: 182263, 172890].
[05-Feb-2025 10:07:42 Europe/Helsinki] NewDATA [INFO] Новий лічильник номер: 488980, тип: КВ-1,5 => DN 15, рік випуску: 2001, показники: 0, балансоутримувач: КП "ВДК" додано до БД користувачем [Коваль Людмила].
[05-Feb-2025 10:08:08 Europe/Helsinki] NewDATA [INFO] Новий лічильник номер: 158527, тип: КВ-1,5 => DN 15, рік випуску: 2001, показники: 0, балансоутримувач: АТ "ОТКЕ" додано до БД користувачем [Коваль Людмила].
[05-Feb-2025 10:08:10 Europe/Helsinki] EditDATA [INFO] За адресою просп. Миру, буд. 204, кв. 52 користувачем [Коваль Людмила] було додано лічильники: 488980, 158527].
[05-Feb-2025 10:10:38 Europe/Helsinki] NewDATA [INFO] Нова заявка Повірка, адреса: просп. Грушевського Михайла 161, кв. 136, лічильники: БЕЗ НОМЕРА - 2 шт., вартість: 600 грн., примітки: 13-17 додано до БД користувачем [Коваль Людмила].
[2025-02-05T10:10:43.733] [INFO] DataBase - У заявці Повірка від 5 лютого 2025 р. за адресою просп. Грушевського Михайла, буд. 161, кв. 136 додано виконавця ЗАПЛАНОВАНІ та додано дату виконання 6 лютого 2025 р. користувачем [Коваль Людмила].
[05-Feb-2025 10:11:26 Europe/Helsinki] NewDATA [INFO] Нова заявка Заміна, адреса: просп. Левка Лукяненка 10 корпус А, кв. 67, лічильники: БЕЗ НОМЕРА - 1 шт., вартість: 1060 грн., примітки: 8-10(зв.в кв.68) додано до БД користувачем [Коваль Людмила].
[05-Feb-2025 10:11:44 Europe/Helsinki] EditDATA [INFO] Для заявки Заміна від 05.02.2025 користувачем [Коваль Людмила] змінено примітки з 8-10(зв.в кв.68) на 8-10(зв.в кв.68),гор.ванна.
[2025-02-05T10:11:55.710] [INFO] DataBase - У заявці Заміна від 5 лютого 2025 р. за адресою просп. Левка Лукяненка, буд. 10, корп. А, кв. 67 додано виконавця Баранов та додано дату виконання 6 лютого 2025 р. користувачем [Коваль Людмила].
[05-Feb-2025 10:24:35 Europe/Helsinki] NewDATA [INFO] Нова адреса вул. 1-ї Гвардійської Армії, буд. 8, кв. 3, тел. +38 (095) 624-82-99 додана до БД користувачем [Сусло Тетяна].
[05-Feb-2025 10:25:11 Europe/Helsinki] NewDATA [INFO] Нова заявка Повірка, адреса: вул. 1-ї Гвардійської Армії 8, кв. 3, лічильники: БЕЗ НОМЕРА - 2 шт., вартість: 600 грн., примітки: 8-13, за 30 хв додано до БД користувачем [Сусло Тетяна].
[2025-02-05T10:25:17.370] [INFO] DataBase - У заявці Повірка від 5 лютого 2025 р. за адресою вул. 1-ї Гвардійської Армії, буд. 8, кв. 3 додано виконавця ЗАПЛАНОВАНІ та додано дату виконання 10 березня 2025 р. користувачем [Сусло Тетяна].
[2025-02-05T10:25:32.603] [INFO] DataBase - У заявці Повірка від 5 лютого 2025 р. за адресою вул. 1-ої танкової бригади, буд. 18, кв. 178 додано виконавця ЗАПЛАНОВАНІ та додано дату виконання 20 березня 2025 р. користувачем [Сусло Тетяна].
[05-Feb-2025 11:21:10 Europe/Helsinki] EditDATA [INFO] Для заявки Заміна від 05.02.2025 користувачем [Сусло Тетяна] змінено вартість робіт з 1060 грн. на 350 грн.
[05-Feb-2025 11:29:21 Europe/Helsinki] NewDATA [INFO] Нова заявка Повірка, адреса: вул. Мстиславська 177, кв. 82, лічильники: БЕЗ НОМЕРА - 2 шт., вартість: 600 грн., примітки: 13-17 додано до БД користувачем [Коваль Людмила].
[2025-02-05T11:29:27.872] [INFO] DataBase - У заявці Повірка від 5 лютого 2025 р. за адресою вул. Мстиславська, буд. 177, кв. 82 додано виконавця ЗАПЛАНОВАНІ та додано дату виконання 10 лютого 2025 р. користувачем [Коваль Людмила].
[05-Feb-2025 11:29:50 Europe/Helsinki] NewDATA [INFO] Нова адреса вул. Хлібопекарська, буд. 16, кв. 53, тел. +38 (068) 123-71-51 додана до БД користувачем [Сусло Тетяна].
[05-Feb-2025 11:30:45 Europe/Helsinki] NewDATA [INFO] Нова заявка Повірка, адреса: вул. Хлібопекарська 16, кв. 53, лічильники: БЕЗ НОМЕРА - 2 шт., вартість: 600 грн., примітки: 8-13 додано до БД користувачем [Сусло Тетяна].
[2025-02-05T11:30:49.849] [INFO] DataBase - У заявці Повірка від 5 лютого 2025 р. за адресою вул. Хлібопекарська, буд. 16, кв. 53 додано виконавця ЗАПЛАНОВАНІ та додано дату виконання 7 лютого 2025 р. користувачем [Сусло Тетяна].
[05-Feb-2025 11:44:45 Europe/Helsinki] NewDATA [INFO] Нова адреса вул. Жабинського, буд. 9, кв. 86, тел. +38 (095) 080-32-31 додана до БД користувачем [Коваль Людмила].
[05-Feb-2025 11:45:29 Europe/Helsinki] NewDATA [INFO] Нова заявка Заміна, адреса: вул. Жабинського 9, кв. 86, лічильники: БЕЗ НОМЕРА - 2 шт., вартість: 2120 грн., примітки: хол.гор.с/в 13-17 додано до БД користувачем [Коваль Людмила].
[2025-02-05T11:45:32.954] [INFO] DataBase - У заявці Заміна від 5 лютого 2025 р. за адресою вул. Жабинського, буд. 9, кв. 86 додано виконавця Баранов та додано дату виконання 6 лютого 2025 р. користувачем [Коваль Людмила].
[05-Feb-2025 12:51:53 Europe/Helsinki] EditDATA [INFO] Для заявки Повірка від 31.01.2025 користувачем [Сусло Тетяна] змінено примітки з 8-13,пер.за час на 8-11,пер.за час.
[05-Feb-2025 12:52:04 Europe/Helsinki] EditDATA [INFO] Для заявки Повірка від 31.01.2025 користувачем [Сусло Тетяна] змінено виконавця з ЗАПЛАНОВАНІ на Шкуліпа.
[2025-02-05T12:52:34.531] [INFO] DataBase - У заявці Повірка від 31 січня 2025 р. за адресою просп. Миру, буд. 251, кв. 81 видалено дату виконання 6 лютого 2025 р. користувачем [Сусло Тетяна].
[2025-02-05T12:53:02.716] [INFO] DataBase - У заявці Повірка від 31 січня 2025 р. за адресою просп. Миру, буд. 251, кв. 81 додано дату виконання 7 лютого 2025 р. користувачем [Сусло Тетяна].
[05-Feb-2025 12:53:16 Europe/Helsinki] EditDATA [INFO] Для заявки Повірка від 31.01.2025 користувачем [Сусло Тетяна] змінено виконавця з Шкуліпа на ЗАПЛАНОВАНІ.
[05-Feb-2025 12:54:22 Europe/Helsinki] EditDATA [INFO] Для заявки Повірка від 31.01.2025 користувачем [Сусло Тетяна] змінено примітки з 8-11,пер.за час на 8-11,пер.за час( не пізніше, виходить на роботу).
[05-Feb-2025 12:59:20 Europe/Helsinki] NewDATA [INFO] Нова адреса вул. Радченка Вячеслава, буд. 12, кв. 10, тел. +38 (096) 521-21-96 додана до БД користувачем [Коваль Людмила].
[05-Feb-2025 12:59:51 Europe/Helsinki] NewDATA [INFO] Нова заявка Повірка, адреса: вул. Радченка Вячеслава 12, кв. 10, лічильники: БЕЗ НОМЕРА - 2 шт., вартість: 600 грн., примітки: 8-13 додано до БД користувачем [Коваль Людмила].
[2025-02-05T13:00:04.369] [INFO] DataBase - У заявці Повірка від 5 лютого 2025 р. за адресою вул. Радченка Вячеслава, буд. 12, кв. 10 додано виконавця ЗАПЛАНОВАНІ та додано дату виконання 12 лютого 2025 р. користувачем [Коваль Людмила].
[05-Feb-2025 13:00:18 Europe/Helsinki] EditDATA [INFO] Для заявки Повірка від 03.02.2025 користувачем [Коваль Людмила] змінено виконавця з ЗАПЛАНОВАНІ на Ващенко.
[05-Feb-2025 13:01:07 Europe/Helsinki] NewDATA [INFO] Нова адреса вул. Генерала Пухова, буд. 45, кв. 7 додана до БД користувачем [Сусло Тетяна].
[05-Feb-2025 13:01:43 Europe/Helsinki] EditDATA [INFO] За адресою вул. Генерала Пухова 45, кв. 7 користувачем [Сусло Тетяна] додано номер телефону +38(093)155-41-91, при створенні нової заявки [Повірка] від 05.02.2025.
[05-Feb-2025 13:01:43 Europe/Helsinki] NewDATA [INFO] Нова заявка Повірка, адреса: вул. Генерала Пухова 45, кв. 7, лічильники: БЕЗ НОМЕРА - 1 шт., вартість: 300 грн., примітки: 8-13, дом. не працює додано до БД користувачем [Сусло Тетяна].
[2025-02-05T13:01:49.511] [INFO] DataBase - У заявці Повірка від 5 лютого 2025 р. за адресою вул. Генерала Пухова, буд. 45, кв. 7 додано виконавця ЗАПЛАНОВАНІ та додано дату виконання 6 лютого 2025 р. користувачем [Сусло Тетяна].
[05-Feb-2025 13:01:55 Europe/Helsinki] EditDATA [INFO] Для заявки Повірка від 05.02.2025 користувачем [Коваль Людмила] змінено виконавця з ЗАПЛАНОВАНІ на Ващенко.
[05-Feb-2025 13:02:16 Europe/Helsinki] NewDATA [INFO] Нова заявка Повірка, адреса: вул. Незалежності 52, кв. 45, лічильники: БЕЗ НОМЕРА - 1 шт., вартість: 300 грн., примітки: 8-13 додано до БД користувачем [Сусло Тетяна].
[2025-02-05T13:02:20.177] [INFO] DataBase - У заявці Повірка від 5 лютого 2025 р. за адресою вул. Незалежності, буд. 52, кв. 45 додано виконавця ЗАПЛАНОВАНІ та додано дату виконання 7 лютого 2025 р. користувачем [Сусло Тетяна].
[05-Feb-2025 13:02:32 Europe/Helsinki] EditDATA [INFO] Для заявки Повірка від 03.02.2025 користувачем [Коваль Людмила] змінено виконавця з ЗАПЛАНОВАНІ на Ващенко.
[05-Feb-2025 13:02:50 Europe/Helsinki] EditDATA [INFO] Для заявки Повірка від 05.02.2025 користувачем [Коваль Людмила] змінено виконавця з ЗАПЛАНОВАНІ на Сірий.
[05-Feb-2025 13:03:01 Europe/Helsinki] EditDATA [INFO] Для заявки Повірка від 03.02.2025 користувачем [Коваль Людмила] змінено виконавця з ЗАПЛАНОВАНІ на Сірий.
[05-Feb-2025 13:03:14 Europe/Helsinki] EditDATA [INFO] Для заявки Повірка від 27.01.2025 користувачем [Коваль Людмила] змінено виконавця з ЗАПЛАНОВАНІ на Сірий.
[05-Feb-2025 13:04:05 Europe/Helsinki] EditDATA [INFO] Для заявки Повірка від 20.01.2025 користувачем [Коваль Людмила] змінено виконавця з ЗАПЛАНОВАНІ на Сірий.
[05-Feb-2025 13:04:16 Europe/Helsinki] EditDATA [INFO] Для заявки Повірка від 03.02.2025 користувачем [Коваль Людмила] змінено виконавця з ЗАПЛАНОВАНІ на Сірий.
[05-Feb-2025 13:04:38 Europe/Helsinki] EditDATA [INFO] Для заявки Повірка від 05.02.2025 користувачем [Коваль Людмила] змінено виконавця з ЗАПЛАНОВАНІ на Ващенко.
[05-Feb-2025 13:28:30 Europe/Helsinki] NewDATA [INFO] Нова заявка Заміна, адреса: вул. Незалежності 82, кв. 41, лічильники: 506188, вартість: 1060 грн., примітки: хол.с/в №506188,11-15 додано до БД користувачем [Коваль Людмила].
[2025-02-05T13:28:33.970] [INFO] DataBase - У заявці Заміна від 5 лютого 2025 р. за адресою вул. Незалежності, буд. 82, кв. 41 додано виконавця Баранов та додано дату виконання 7 лютого 2025 р. користувачем [Коваль Людмила].
[05-Feb-2025 13:29:37 Europe/Helsinki] NewDATA [INFO] Нова заявка Заміна, адреса: вул. Небаби Мартина 100, кв. 104, лічильники: БЕЗ НОМЕРА - 1 шт., вартість: 1060 грн., примітки: кух.гор.13-17,пер.за 30 хв додано до БД користувачем [Коваль Людмила].
[2025-02-05T13:29:41.665] [INFO] DataBase - У заявці Заміна від 5 лютого 2025 р. за адресою вул. Небаби Мартина, буд. 100, кв. 104 додано виконавця Баранов та додано дату виконання 7 лютого 2025 р. користувачем [Коваль Людмила].
[05-Feb-2025 13:30:28 Europe/Helsinki] EditDATA [INFO] Для заявки Повірка від 04.02.2025 користувачем [Коваль Людмила] змінено виконавця з ЗАПЛАНОВАНІ на Шкуліпа.
[05-Feb-2025 13:30:37 Europe/Helsinki] EditDATA [INFO] Для заявки Повірка від 03.02.2025 користувачем [Коваль Людмила] змінено виконавця з ЗАПЛАНОВАНІ на Шкуліпа.
[05-Feb-2025 13:30:59 Europe/Helsinki] EditDATA [INFO] Для заявки Повірка від 20.01.2025 користувачем [Коваль Людмила] змінено виконавця з ЗАПЛАНОВАНІ на Шкуліпа.
[05-Feb-2025 14:48:28 Europe/Helsinki] NewDATA [INFO] Нова адреса просп. Левка Лукяненка, буд. 34, кв. 58, тел. +38 (066) 330-76-63 додана до БД користувачем [Коваль Людмила].
[05-Feb-2025 14:48:58 Europe/Helsinki] NewDATA [INFO] Нова заявка Повірка, адреса: просп. Левка Лукяненка 34, кв. 58, лічильники: БЕЗ НОМЕРА - 2 шт., вартість: 600 грн., примітки: 11-13,догов. додано до БД користувачем [Коваль Людмила].
[2025-02-05T14:49:02.990] [INFO] DataBase - У заявці Повірка від 5 лютого 2025 р. за адресою просп. Левка Лукяненка, буд. 34, кв. 58 додано виконавця ЗАПЛАНОВАНІ та додано дату виконання 6 лютого 2025 р. користувачем [Коваль Людмила].
[05-Feb-2025 14:49:10 Europe/Helsinki] EditDATA [INFO] Для заявки Повірка від 05.02.2025 користувачем [Коваль Людмила] змінено виконавця з ЗАПЛАНОВАНІ на Шкуліпа.
[05-Feb-2025 14:50:10 Europe/Helsinki] NewDATA [INFO] Нова адреса просп. Миру, буд. 180, корп. А, кв. 1, тел. +38 (063) 980-43-03 додана до БД користувачем [Коваль Людмила].
[05-Feb-2025 14:50:49 Europe/Helsinki] NewDATA [INFO] Нова заявка Повірка, адреса: просп. Миру 180 корпус А, кв. 1, лічильники: БЕЗ НОМЕРА - 2 шт., вартість: 600 грн., примітки: 13-17,дом.не працює додано до БД користувачем [Коваль Людмила].
[2025-02-05T14:50:53.210] [INFO] DataBase - У заявці Повірка від 5 лютого 2025 р. за адресою просп. Миру, буд. 180, корп. А, кв. 1 додано виконавця ЗАПЛАНОВАНІ та додано дату виконання 10 лютого 2025 р. користувачем [Коваль Людмила].
[05-Feb-2025 14:51:48 Europe/Helsinki] NewDATA [INFO] Нова адреса вул. Волковича, буд. 9, кв. 21, тел. +38 (063) 427-05-29 додана до БД користувачем [Сусло Тетяна].
[05-Feb-2025 14:52:14 Europe/Helsinki] NewDATA [INFO] Нова заявка Повірка, адреса: вул. Волковича 9, кв. 21, лічильники: БЕЗ НОМЕРА - 1 шт., вартість: 300 грн., примітки: 12-16, за 30 хв, 1 гв додано до БД користувачем [Сусло Тетяна].
[2025-02-05T14:52:18.031] [INFO] DataBase - У заявці Повірка від 5 лютого 2025 р. за адресою вул. Волковича, буд. 9, кв. 21 додано виконавця ЗАПЛАНОВАНІ та додано дату виконання 7 лютого 2025 р. користувачем [Сусло Тетяна].
[05-Feb-2025 14:53:23 Europe/Helsinki] EditDATA [INFO] За адресою вул. Кореня Терентія 9, кв. 61 користувачем [Сусло Тетяна] змінені номери телефонів з +38(096)817-77-62, +38(097)656-41-15 на +38(098)842-70-07, при створенні нової заявки [Повірка] від 05.02.2025.
[05-Feb-2025 14:53:23 Europe/Helsinki] NewDATA [INFO] Нова заявка Повірка, адреса: вул. Кореня Терентія 9, кв. 61, лічильники: БЕЗ НОМЕРА - 2 шт., вартість: 600 грн., примітки: 8-13 додано до БД користувачем [Сусло Тетяна].
[2025-02-05T14:53:27.935] [INFO] DataBase - У заявці Повірка від 5 лютого 2025 р. за адресою вул. Кореня Терентія, буд. 9, кв. 61 додано виконавця ЗАПЛАНОВАНІ та додано дату виконання 10 лютого 2025 р. користувачем [Сусло Тетяна].
[05-Feb-2025 16:22:29 Europe/Helsinki] EditDATA [INFO] Для заявки Заміна від 05.02.2025 користувачем [Сусло Тетяна] змінено примітки з 8-10(зв.в кв.68),гор.ванна на 8-11(зв.в кв.68),гор.ванна.
[05-Feb-2025 16:23:04 Europe/Helsinki] EditDATA [INFO] Для заявки Заміна від 05.02.2025 користувачем [Сусло Тетяна] змінено примітки з 8-11(зв.в кв.68),гор.ванна на 8-11(зв.в кв.68 або по тел.),гор.ванна.
[05-Feb-2025 16:28:49 Europe/Helsinki] EditDATA [INFO] Для заявки Повірка від 03.02.2025 користувачем [Коваль Людмила] змінено примітки з 8-13, дом. не працює на 8-13, дом. не працює.пере.за час.

