[2024-08-21T08:15:29.000] [INFO] DataBase - У заявці Повірка від 13 серпня 2024 р. за адресою вул. Пятницька, буд. 32, кв. 68 видалено дату виконання 21 серпня 2024 р. користувачем [Сусло Тетяна].
[2024-08-21T08:15:59.251] [INFO] DataBase - У заявці Повірка від 14 серпня 2024 р. за адресою просп. Левка Лукяненка, буд. 14, корп. А, кв. 80 видалено виконавця Шкуліпа та видалено дату виконання 21 серпня 2024 р. користувачем [Сміян Альона].
[2024-08-21T08:16:22.594] [INFO] DataBase - У заявці Повірка від 14 серпня 2024 р. за адресою просп. Левка Лукяненка, буд. 14, корп. А, кв. 80 додано виконавця ЗАПЛАНОВАНІ та додано дату виконання 26 серпня 2024 р. користувачем [Сміян Альона].
[21-Aug-2024 08:17:18 Europe/Helsinki] EditDATA [INFO] Для заявки Повірка від 13.08.2024 користувачем [Сусло Тетяна] змінено виконавця з Осипенко на ЗАПЛАНОВАНІ.
[21-Aug-2024 08:18:07 Europe/Helsinki] EditDATA [INFO] Для заявки Повірка від 13.08.2024 користувачем [Сусло Тетяна] змінено примітки з 8-13 на 15.30-18, за 30 хв.
[2024-08-21T08:22:03.901] [INFO] DataBase - У заявці Повірка від 13 серпня 2024 р. за адресою вул. Пятницька, буд. 32, кв. 68 додано дату виконання 23 серпня 2024 р. користувачем [Сусло Тетяна].
[21-Aug-2024 08:41:58 Europe/Helsinki] NewDATA [INFO] Нова адреса вул. Генерала Пухова, буд. 144, кв. 5, тел. +38 (068) 152-37-11 додана до БД користувачем [Сміян Альона].
[21-Aug-2024 08:42:19 Europe/Helsinki] NewDATA [INFO] Нова заявка Повірка, адреса: вул. Генерала Пухова 144, кв. 5, лічильники: БЕЗ НОМЕРА - 2 шт., вартість: 600 грн., примітки: 8-13 додано до БД користувачем [Сміян Альона].
[2024-08-21T08:42:33.763] [INFO] DataBase - У заявці Повірка від 21 серпня 2024 р. за адресою вул. Генерала Пухова, буд. 144, кв. 5 додано виконавця ЗАПЛАНОВАНІ та додано дату виконання 28 серпня 2024 р. користувачем [Сміян Альона].
[21-Aug-2024 08:45:30 Europe/Helsinki] NewDATA [INFO] Нова заявка Повірка, адреса: вул. Доценка 15 корпус Б, кв. 21, лічильники: БЕЗ НОМЕРА - 4 шт., вартість: 1200 грн., примітки: 14-18,пер.за 30 хв додано до БД користувачем [Коваль Людмила].
[2024-08-21T08:46:18.066] [INFO] DataBase - У заявці Повірка від 21 серпня 2024 р. за адресою вул. Доценка, буд. 15, корп. Б, кв. 21 додано виконавця ЗАПЛАНОВАНІ та додано дату виконання 23 серпня 2024 р. користувачем [Коваль Людмила].
[21-Aug-2024 08:50:46 Europe/Helsinki] DellTASK [INFO] Повірка від 19.08.2024 для адреси вул. Харківська, буд. 2, кв. 3 для лічильника БЕЗ НОМЕРА - 1 шт. було завершено користувачем [Сусло Тетяна] з коментарем: виконано.
[21-Aug-2024 08:54:14 Europe/Helsinki] DellTASK [INFO] Повірка від 15.08.2024 для адреси вул. Незалежності, буд. 12, корп. Б, кв. 71 для лічильника БЕЗ НОМЕРА - 1 шт. було завершено користувачем [Сусло Тетяна] з коментарем: виконано.
[21-Aug-2024 09:01:17 Europe/Helsinki] NewDATA [INFO] Новий лічильник номер: 092928, тип: КВ-1,5 => DN 15, рік випуску: 2016, показники: 241, розташування: Ванна, балансоутримувач: КП "ТКЕ", адреса: вул. Пятницька буд. 63, кв. 93 додано до БД користувачем [Сміян Альона].
[21-Aug-2024 09:01:34 Europe/Helsinki] EditDATA [INFO] Для заявки Повірка від 14.08.2024 користувачем [Сміян Альона] лічильник БЕЗ НОМЕРА ідентифіковано як 092928.
[21-Aug-2024 09:01:44 Europe/Helsinki] DellTASK [INFO] Повірка від 12.08.2024 для адреси вул. Самоквасова Дмитра, буд. 19, кв. 17 для лічильника БЕЗ НОМЕРА - 1 шт. було завершено користувачем [Коваль Людмила] з коментарем: виконано.
[21-Aug-2024 09:04:07 Europe/Helsinki] NewDATA [INFO] Новий лічильник номер: 028928, тип: КВ-1,5 => DN 15, рік випуску: 2016, показники: 130, розташування: Ванна, балансоутримувач: КП "ТКЕ", адреса: вул. Пятницька буд. 63, кв. 93 додано до БД користувачем [Сміян Альона].
[21-Aug-2024 09:04:10 Europe/Helsinki] EditDATA [INFO] Для заявки Повірка від 14.08.2024 користувачем [Сміян Альона] лічильник БЕЗ НОМЕРА ідентифіковано як 028928.
[21-Aug-2024 09:04:28 Europe/Helsinki] DellTASK [INFO] Повірка від 14.08.2024 для адреси вул. Пятницька, буд. 63, кв. 93 для лічильників 092928, 028928 було завершено користувачем [Сміян Альона] з коментарем: виконано.
[21-Aug-2024 09:05:31 Europe/Helsinki] NewDATA [INFO] Нова заявка Повірка, адреса: вул. Борщова 5, кв. 2, лічильники: БЕЗ НОМЕРА - 1 шт., вартість: 300 грн., примітки: 8-13 додано до БД користувачем [Сусло Тетяна].
[2024-08-21T09:05:53.590] [INFO] DataBase - У заявці Повірка від 21 серпня 2024 р. за адресою вул. Борщова, буд. 5, кв. 2 додано виконавця ЗАПЛАНОВАНІ та додано дату виконання 16 вересня 2024 р. користувачем [Сусло Тетяна].
[21-Aug-2024 09:05:55 Europe/Helsinki] NewDATA [INFO] Новий лічильник номер: 514104, тип: КВ-1,5 => DN 15, рік випуску: 2007, показники: 513, розташування: Ванна, балансоутримувач: КП "ТКЕ", адреса: вул. Пятницька буд. 63, кв. 87 додано до БД користувачем [Сміян Альона].
[21-Aug-2024 09:05:58 Europe/Helsinki] EditDATA [INFO] Для заявки Повірка від 16.08.2024 користувачем [Сміян Альона] лічильник БЕЗ НОМЕРА ідентифіковано як 514104.
[21-Aug-2024 09:06:19 Europe/Helsinki] DellTASK [INFO] Повірка від 16.08.2024 для адреси вул. Пятницька, буд. 63, кв. 87 для лічильника 514104 було завершено користувачем [Сміян Альона] з коментарем: виконано.
[21-Aug-2024 09:08:29 Europe/Helsinki] EditDATA [INFO] За адресою вул. Рятувальників 35, кв. 169 користувачем [Сміян Альона] додано номер телефону +38(050)506-83-54, при створенні нової заявки [Повірка] від 21.08.2024.
[21-Aug-2024 09:08:29 Europe/Helsinki] NewDATA [INFO] Нова заявка Повірка, адреса: вул. Рятувальників 35, кв. 169, лічильники: БЕЗ НОМЕРА - 2 шт., вартість: 600 грн., примітки: 8-13 1 час додано до БД користувачем [Сміян Альона].
[2024-08-21T09:08:44.575] [INFO] DataBase - У заявці Повірка від 21 серпня 2024 р. за адресою вул. Рятувальників, буд. 35, кв. 169 додано виконавця ЗАПЛАНОВАНІ та додано дату виконання 27 серпня 2024 р. користувачем [Сміян Альона].
[21-Aug-2024 09:10:39 Europe/Helsinki] NewDATA [INFO] Новий лічильник номер: 010271, тип: КВ-1,5 => DN 15, рік випуску: 2020, показники: 101, розташування: Ванна, балансоутримувач: КП "ВДК", адреса: вул. Пятницька буд. 80, кв. 23 додано до БД користувачем [Сміян Альона].
[21-Aug-2024 09:10:42 Europe/Helsinki] EditDATA [INFO] Для заявки Повірка від 19.08.2024 користувачем [Сміян Альона] лічильник БЕЗ НОМЕРА ідентифіковано як 010271.
[21-Aug-2024 09:11:33 Europe/Helsinki] NewDATA [INFO] Новий лічильник номер: 001216, тип: КВ-1,5 => DN 15, рік випуску: 2003, показники: 641, розташування: Ванна, балансоутримувач: КП "ТКЕ", адреса: вул. Пятницька буд. 80, кв. 23 додано до БД користувачем [Сміян Альона].
[21-Aug-2024 09:11:35 Europe/Helsinki] EditDATA [INFO] Для заявки Повірка від 19.08.2024 користувачем [Сміян Альона] лічильник БЕЗ НОМЕРА ідентифіковано як 001216.
[21-Aug-2024 09:11:46 Europe/Helsinki] DellTASK [INFO] Повірка від 19.08.2024 для адреси вул. Пятницька, буд. 80, кв. 23 для лічильників 010271, 001216 було завершено користувачем [Сміян Альона] з коментарем: виконано.
[21-Aug-2024 09:14:09 Europe/Helsinki] NewDATA [INFO] Нова адреса вул. Текстильників, буд. 9, корп. А, кв. 48, тел. +38 (063) 809-02-72 додана до БД користувачем [Сміян Альона].
[21-Aug-2024 09:14:43 Europe/Helsinki] NewDATA [INFO] Нова заявка Повірка, адреса: вул. Текстильників 9 корпус А, кв. 48, лічильники: БЕЗ НОМЕРА - 4 шт., вартість: 1200 грн., примітки: 14-18 додано до БД користувачем [Сміян Альона].
[2024-08-21T09:14:54.426] [INFO] DataBase - У заявці Повірка від 21 серпня 2024 р. за адресою вул. Текстильників, буд. 9, корп. А, кв. 48 додано виконавця ЗАПЛАНОВАНІ та додано дату виконання 26 серпня 2024 р. користувачем [Сміян Альона].
[21-Aug-2024 09:16:13 Europe/Helsinki] EditDATA [INFO] За адресою вул. Корольова 13, кв. 21 користувачем [Сусло Тетяна] змінені номери телефонів з +38(0462)60-11-21, +38(063)698-52-15 на +38(063)698-52-15, при створенні нової заявки [Повірка] від 21.08.2024.
[21-Aug-2024 09:16:13 Europe/Helsinki] NewDATA [INFO] Нова заявка Повірка, адреса: вул. Корольова 13, кв. 21, лічильники: БЕЗ НОМЕРА - 2 шт., вартість: 600 грн., примітки: 14-18 додано до БД користувачем [Сусло Тетяна].
[21-Aug-2024 09:16:15 Europe/Helsinki] NewDATA [INFO] Новий лічильник номер: 190060, тип: КВ-1,5 => DN 15, рік випуску: 2010, показники: 326, розташування: Ванна, балансоутримувач: КП "ВДК", адреса: вул. Небаби Мартина буд. 100, кв. 2 додано до БД користувачем [Сміян Альона].
[21-Aug-2024 09:16:17 Europe/Helsinki] EditDATA [INFO] Для заявки Повірка від 16.08.2024 користувачем [Сміян Альона] лічильник БЕЗ НОМЕРА ідентифіковано як 190060.
[2024-08-21T09:16:49.595] [INFO] DataBase - У заявці Повірка від 21 серпня 2024 р. за адресою вул. Корольова, буд. 13, кв. 21 додано виконавця ЗАПЛАНОВАНІ та додано дату виконання 28 серпня 2024 р. користувачем [Сусло Тетяна].
[21-Aug-2024 09:17:12 Europe/Helsinki] NewDATA [INFO] Новий лічильник номер: 187016, тип: КВ-1,5 => DN 15, рік випуску: 2010, показники: 157, розташування: Ванна, балансоутримувач: АТ "ОТКЕ", адреса: вул. Небаби Мартина буд. 100, кв. 2 додано до БД користувачем [Сміян Альона].
[21-Aug-2024 09:17:14 Europe/Helsinki] EditDATA [INFO] Для заявки Повірка від 16.08.2024 користувачем [Сміян Альона] лічильник БЕЗ НОМЕРА ідентифіковано як 187016.
[21-Aug-2024 09:17:27 Europe/Helsinki] DellTASK [INFO] Повірка від 16.08.2024 для адреси вул. Небаби Мартина, буд. 100, кв. 2 для лічильників 190060, 187016 було завершено користувачем [Сміян Альона] з коментарем: виконано.
[21-Aug-2024 09:21:25 Europe/Helsinki] EditDATA [INFO] За адресою просп. Перемоги 42, кв. 11 користувачем [Сміян Альона] змінені номери телефонів з +38(093)955-67-90, +38(096)151-68-74, +38(063)363-93-69, +38(067)800-56-69 на +38(063)494-75-70, при створенні нової заявки [Повірка] від 21.08.2024.
[21-Aug-2024 09:21:25 Europe/Helsinki] NewDATA [INFO] Нова заявка Повірка, адреса: просп. Перемоги 42, кв. 11, лічильники: БЕЗ НОМЕРА - 2 шт., вартість: 600 грн., примітки: після 17 додано до БД користувачем [Сміян Альона].
[2024-08-21T09:21:45.424] [INFO] DataBase - У заявці Повірка від 21 серпня 2024 р. за адресою просп. Перемоги, буд. 42, кв. 11 додано виконавця ЗАПЛАНОВАНІ та додано дату виконання 22 серпня 2024 р. користувачем [Сміян Альона].
[21-Aug-2024 09:27:17 Europe/Helsinki] NewDATA [INFO] Новий лічильник номер: 2021.0162170, тип: Picoflux => DN 15, рік випуску: 2021, показники: 127, розташування: Ванна, балансоутримувач: КП "ВДК", адреса: вул. Небаби Мартина буд. 102, кв. 98 додано до БД користувачем [Сміян Альона].
[21-Aug-2024 09:27:19 Europe/Helsinki] EditDATA [INFO] Для заявки Повірка від 16.08.2024 користувачем [Сміян Альона] лічильник БЕЗ НОМЕРА ідентифіковано як 2021.0162170.
[21-Aug-2024 09:29:31 Europe/Helsinki] DellTASK [INFO] Повірка від 15.08.2024 для адреси вул. Незалежності, буд. 78, кв. 12 для лічильника БЕЗ НОМЕРА - 1 шт. було завершено користувачем [Сусло Тетяна] з коментарем: виконано.
[21-Aug-2024 09:30:25 Europe/Helsinki] DellTASK [INFO] Повірка від 14.08.2024 для адреси вул. Красносільського, буд. 85, кв. 62 для лічильника БЕЗ НОМЕРА - 1 шт. було завершено користувачем [Сусло Тетяна] з коментарем: виконано.
[21-Aug-2024 09:31:07 Europe/Helsinki] NewDATA [INFO] Новий лічильник номер: 2021.163584, тип: Picoflux => DN 15, рік випуску: 2021, показники: 134, розташування: Ванна, балансоутримувач: АТ "ОТКЕ", адреса: вул. Небаби Мартина буд. 102, кв. 98 додано до БД користувачем [Сміян Альона].
[21-Aug-2024 09:31:10 Europe/Helsinki] EditDATA [INFO] Для заявки Повірка від 16.08.2024 користувачем [Сміян Альона] лічильник БЕЗ НОМЕРА ідентифіковано як 2021.163584.
[21-Aug-2024 09:31:20 Europe/Helsinki] EditDATA [INFO] Для заявки Повірка від 21.08.2024 користувачем [Коваль Людмила] змінено виконавця з ЗАПЛАНОВАНІ на Шкуліпа.
[21-Aug-2024 09:31:26 Europe/Helsinki] DellTASK [INFO] Повірка від 13.08.2024 для адреси вул. Дніпровська, буд. 35, кв. 50 для лічильника БЕЗ НОМЕРА - 2 шт. було завершено користувачем [Сусло Тетяна] з коментарем: виконано.
[21-Aug-2024 09:31:47 Europe/Helsinki] DellTASK [INFO] Повірка від 13.08.2024 для адреси вул. Незалежності, буд. 16, кв. 196 для лічильника БЕЗ НОМЕРА - 1 шт. було завершено користувачем [Сусло Тетяна] з коментарем: виконано.
[21-Aug-2024 09:32:04 Europe/Helsinki] NewDATA [INFO] Новий лічильник номер: 2021.162172, тип: Picoflux => DN 15, рік випуску: 2021, показники: 156, розташування: Ванна, балансоутримувач: КП "ВДК", адреса: вул. Небаби Мартина буд. 102, кв. 98 додано до БД користувачем [Сміян Альона].
[21-Aug-2024 09:32:05 Europe/Helsinki] EditDATA [INFO] Для заявки Повірка від 16.08.2024 користувачем [Сміян Альона] лічильник БЕЗ НОМЕРА ідентифіковано як 2021.162172.
[21-Aug-2024 09:32:22 Europe/Helsinki] DellTASK [INFO] Повірка від 16.08.2024 для адреси вул. Небаби Мартина, буд. 102, кв. 98 для лічильників 2021.0162170, 2021.163584, 2021.162172, БЕЗ НОМЕРА - 1 шт. було завершено користувачем [Сміян Альона] з коментарем: виконано.
[21-Aug-2024 09:32:29 Europe/Helsinki] DellTASK [INFO] Повірка від 12.08.2024 для адреси вул. Незалежності, буд. 17, кв. 93 для лічильника БЕЗ НОМЕРА - 1 шт. було завершено користувачем [Сусло Тетяна] з коментарем: виконано.
[21-Aug-2024 09:32:49 Europe/Helsinki] DellTASK [INFO] Повірка від 07.08.2024 для адреси вул. Незалежності, буд. 46, кв. 23 для лічильника БЕЗ НОМЕРА - 2 шт. було завершено користувачем [Сусло Тетяна] з коментарем: виконано.
[21-Aug-2024 09:33:08 Europe/Helsinki] DellTASK [INFO] Повірка від 13.08.2024 для адреси вул. Незалежності, буд. 74, кв. 3 для лічильника БЕЗ НОМЕРА - 2 шт. було завершено користувачем [Сусло Тетяна] з коментарем: виконано.
[21-Aug-2024 09:33:32 Europe/Helsinki] DellTASK [INFO] Повірка від 06.08.2024 для адреси вул. Незалежності, буд. 82, кв. 75 для лічильника БЕЗ НОМЕРА - 2 шт. було завершено користувачем [Сусло Тетяна] з коментарем: виконано.
[21-Aug-2024 09:35:07 Europe/Helsinki] NewDATA [INFO] Нова адреса вул. Козацька, буд. 13, кв. 21, тел. +38 (063) 316-95-84 додана до БД користувачем [Сміян Альона].
[21-Aug-2024 09:35:22 Europe/Helsinki] NewDATA [INFO] Нова заявка Повірка, адреса: вул. Козацька 13, кв. 21, лічильники: БЕЗ НОМЕРА - 1 шт., вартість: 300 грн., примітки: 8-13 додано до БД користувачем [Сміян Альона].
[2024-08-21T09:35:38.320] [INFO] DataBase - У заявці Повірка від 21 серпня 2024 р. за адресою вул. Козацька, буд. 13, кв. 21 додано виконавця ЗАПЛАНОВАНІ та додано дату виконання 30 серпня 2024 р. користувачем [Сміян Альона].
[21-Aug-2024 09:38:12 Europe/Helsinki] NewDATA [INFO] Новий лічильник номер: 521237, тип: КВ-1,5 => DN 15, рік випуску: 2003, показники: 224, розташування: Кухня, балансоутримувач: КП "ВДК", адреса: просп. Миру буд. 189, кв. 72 додано до БД користувачем [Сміян Альона].
[21-Aug-2024 09:38:14 Europe/Helsinki] EditDATA [INFO] Для заявки Повірка від 14.08.2024 користувачем [Сміян Альона] лічильник БЕЗ НОМЕРА ідентифіковано як 521237.
[21-Aug-2024 09:39:00 Europe/Helsinki] NewDATA [INFO] Новий лічильник номер: 122506, тип: КВ-1,5 => DN 15, рік випуску: 2001, показники: 00000, розташування: Кухня, балансоутримувач: АТ "ОТКЕ", адреса: просп. Миру буд. 189, кв. 72 додано до БД користувачем [Сміян Альона].
[21-Aug-2024 09:39:01 Europe/Helsinki] EditDATA [INFO] Для заявки Повірка від 14.08.2024 користувачем [Сміян Альона] лічильник БЕЗ НОМЕРА ідентифіковано як 122506.
[21-Aug-2024 09:39:54 Europe/Helsinki] NewDATA [INFO] Новий лічильник номер: 412580, тип: КВ-1,5 => DN 15, рік випуску: 2001, показники: 364, розташування: Ванна, балансоутримувач: КП "ВДК", адреса: просп. Миру буд. 189, кв. 72 додано до БД користувачем [Сміян Альона].
[21-Aug-2024 09:39:56 Europe/Helsinki] EditDATA [INFO] Для заявки Повірка від 14.08.2024 користувачем [Сміян Альона] лічильник БЕЗ НОМЕРА ідентифіковано як 412580.
[21-Aug-2024 09:40:13 Europe/Helsinki] DellTASK [INFO] Повірка від 14.08.2024 для адреси просп. Миру, буд. 189, кв. 72 для лічильників 521237, 122506, 412580, БЕЗ НОМЕРА - 1 шт. було завершено користувачем [Сміян Альона] з коментарем: виконано.
[21-Aug-2024 09:43:39 Europe/Helsinki] NewDATA [INFO] Новий лічильник номер: 278679, тип: КВ-1,5 => DN 15, рік випуску: 2015, показники: 471, розташування: Ванна, балансоутримувач: КП "ВДК", адреса: вул. Воздвиженська буд. 9, кв. 44 додано до БД користувачем [Сміян Альона].
[21-Aug-2024 09:43:41 Europe/Helsinki] EditDATA [INFO] Для заявки Повірка від 16.08.2024 користувачем [Сміян Альона] лічильник БЕЗ НОМЕРА ідентифіковано як 278679.
[21-Aug-2024 09:43:54 Europe/Helsinki] DellTASK [INFO] Повірка від 16.08.2024 для адреси вул. Воздвиженська, буд. 9, кв. 44 для лічильника 278679 було завершено користувачем [Сміян Альона] з коментарем: виконано.
[21-Aug-2024 09:46:54 Europe/Helsinki] DellTASK [INFO] Повірка від 13.08.2024 для адреси вул. Незалежності, буд. 25, кв. 53 для лічильника БЕЗ НОМЕРА - 1 шт. було завершено користувачем [Сусло Тетяна] з коментарем: нема доступа.
[21-Aug-2024 09:47:26 Europe/Helsinki] DellTASK [INFO] Повірка від 13.08.2024 для адреси вул. Дніпровська, буд. 35, кв. 101 для лічильника БЕЗ НОМЕРА - 2 шт. було завершено користувачем [Сусло Тетяна] з коментарем: нема напору води.
[21-Aug-2024 09:48:02 Europe/Helsinki] NewDATA [INFO] Нова заявка Заміна, адреса: вул. Гонча 52 корпус А, кв. 9, лічильники: БЕЗ НОМЕРА - 1 шт., виконавець: Баранов, вартість: 1050 грн., примітки: 1х/в с/в 551314 8-13 додано до БД користувачем [Сміян Альона].
[2024-08-21T09:48:16.502] [INFO] DataBase - У заявці Заміна від 21 серпня 2024 р. за адресою вул. Гонча, буд. 52, корп. А, кв. 9 додано дату виконання 26 серпня 2024 р. користувачем [Сміян Альона].
[21-Aug-2024 09:49:33 Europe/Helsinki] NewDATA [INFO] Новий лічильник номер: 047204, тип: КВ-1,5 => DN 15, рік випуску: 2017, показники: 311, розташування: Ванна, балансоутримувач: КП "ВДК", адреса: просп. Перемоги буд. 98, кв. 15 додано до БД користувачем [Сміян Альона].
[21-Aug-2024 09:49:36 Europe/Helsinki] EditDATA [INFO] Для заявки Повірка від 16.08.2024 користувачем [Сміян Альона] лічильник БЕЗ НОМЕРА ідентифіковано як 047204.
[21-Aug-2024 09:49:51 Europe/Helsinki] DellTASK [INFO] Повірка від 16.08.2024 для адреси просп. Перемоги, буд. 98, кв. 15 для лічильника 047204 було завершено користувачем [Сміян Альона] з коментарем: виконано.
[21-Aug-2024 09:51:19 Europe/Helsinki] NewDATA [INFO] Новий лічильник номер: 232227, тип: КВ-1,5 => DN 15, рік випуску: 2014, показники: 318, розташування: Ванна, балансоутримувач: КП "ТКЕ", адреса: вул. Мстиславська буд. 26, кв. 2 додано до БД користувачем [Сміян Альона].
[21-Aug-2024 09:51:22 Europe/Helsinki] EditDATA [INFO] Для заявки Повірка від 15.08.2024 користувачем [Сміян Альона] лічильник БЕЗ НОМЕРА ідентифіковано як 232227.
[21-Aug-2024 09:51:36 Europe/Helsinki] DellTASK [INFO] Повірка від 15.08.2024 для адреси вул. Мстиславська, буд. 26, кв. 2 для лічильника 232227 було завершено користувачем [Сміян Альона] з коментарем: виконано.
[21-Aug-2024 09:52:42 Europe/Helsinki] NewDATA [INFO] Новий лічильник номер: 593412, тип: КВ-1,5 => DN 15, рік випуску: 2009, показники: 1763, розташування: Ванна, балансоутримувач: КП "ВДК", адреса: просп. Перемоги буд. 91, кв. 36 додано до БД користувачем [Сміян Альона].
[21-Aug-2024 09:52:46 Europe/Helsinki] EditDATA [INFO] Для заявки Повірка від 15.08.2024 користувачем [Сміян Альона] лічильник БЕЗ НОМЕРА ідентифіковано як 593412.
[21-Aug-2024 09:52:58 Europe/Helsinki] DellTASK [INFO] Повірка від 15.08.2024 для адреси просп. Перемоги, буд. 91, кв. 36 для лічильника 593412 було завершено користувачем [Сміян Альона] з коментарем: виконано.
[21-Aug-2024 09:53:54 Europe/Helsinki] DellTASK [INFO] Повірка від 07.08.2024 для адреси просп. Перемоги, буд. 75, кв. 11 для лічильника БЕЗ НОМЕРА - 2 шт. було відмінено користувачем [Сміян Альона] з коментарем: проблеми з сантехнікою.
[21-Aug-2024 09:57:03 Europe/Helsinki] EditDATA [INFO] За адресою вул. Освіти 86, кв. 20 користувачем [Сусло Тетяна] змінені номери телефонів з +38(073)410-13-57 на +38(063)170-72-37, при створенні нової заявки [Повірка] від 21.08.2024.
[21-Aug-2024 09:57:03 Europe/Helsinki] NewDATA [INFO] Нова заявка Повірка, адреса: вул. Освіти 86, кв. 20, лічильники: БЕЗ НОМЕРА - 2 шт., вартість: 600 грн., примітки: 13-18 додано до БД користувачем [Сусло Тетяна].
[2024-08-21T09:57:36.647] [INFO] DataBase - У заявці Повірка від 21 серпня 2024 р. за адресою вул. Освіти, буд. 86, кв. 20 додано виконавця ЗАПЛАНОВАНІ та додано дату виконання 28 серпня 2024 р. користувачем [Сусло Тетяна].
[21-Aug-2024 10:08:57 Europe/Helsinki] EditDATA [INFO] За адресою вул. Радченка Вячеслава 18, кв. 25 користувачем [Коваль Людмила] змінені номери телефонів з +38(063)747-33-47 на +38(093)281-99-23, при створенні нової заявки [Повірка] від 21.08.2024.
[21-Aug-2024 10:08:57 Europe/Helsinki] NewDATA [INFO] Нова заявка Повірка, адреса: вул. Радченка Вячеслава 18, кв. 25, лічильники: БЕЗ НОМЕРА - 2 шт., вартість: 600 грн., примітки: 15-18 додано до БД користувачем [Коваль Людмила].
[2024-08-21T10:10:19.096] [INFO] DataBase - У заявці Повірка від 21 серпня 2024 р. за адресою вул. Радченка Вячеслава, буд. 18, кв. 25 додано виконавця ЗАПЛАНОВАНІ та додано дату виконання 22 серпня 2024 р. користувачем [Коваль Людмила].
[21-Aug-2024 10:10:39 Europe/Helsinki] EditDATA [INFO] За адресою вул. Всіхсвятська 6, кв. 33 користувачем [Сусло Тетяна] додано номер телефону +38(063)602-58-95, при створенні нової заявки [Заміна] від 21.08.2024.
[21-Aug-2024 10:10:39 Europe/Helsinki] NewDATA [INFO] Нова заявка Заміна, адреса: вул. Всіхсвятська 6, кв. 33, лічильники: БЕЗ НОМЕРА - 1 шт., виконавець: Баранов, вартість: 1050 грн., примітки: 1хв, туалет додано до БД користувачем [Сусло Тетяна].
[2024-08-21T10:10:54.575] [INFO] DataBase - У заявці Заміна від 21 серпня 2024 р. за адресою вул. Всіхсвятська, буд. 6, кв. 33 додано дату виконання 22 серпня 2024 р. користувачем [Сусло Тетяна].
[21-Aug-2024 10:12:35 Europe/Helsinki] DellTASK [INFO] Заміна від 08.08.2024 для адреси вул. Доценка, буд. 24, кв. 52 для лічильника БЕЗ НОМЕРА - 1 шт. було відмінено користувачем [Сміян Альона] з коментарем: нема дотупу.
[21-Aug-2024 10:13:04 Europe/Helsinki] EditDATA [INFO] Для заявки Повірка від 20.08.2024 користувачем [Коваль Людмила] змінено виконавця з ЗАПЛАНОВАНІ на Сірий.
[21-Aug-2024 10:13:40 Europe/Helsinki] EditDATA [INFO] Для заявки Повірка від 19.08.2024 користувачем [Коваль Людмила] змінено виконавця з ЗАПЛАНОВАНІ на Шкуліпа.
[21-Aug-2024 10:14:26 Europe/Helsinki] EditDATA [INFO] Для заявки Повірка від 19.08.2024 користувачем [Коваль Людмила] змінено виконавця з ЗАПЛАНОВАНІ на Шкуліпа.
[21-Aug-2024 10:15:00 Europe/Helsinki] EditDATA [INFO] Для заявки Повірка від 21.08.2024 користувачем [Коваль Людмила] змінено виконавця з ЗАПЛАНОВАНІ на Шкуліпа.
[21-Aug-2024 10:16:14 Europe/Helsinki] EditDATA [INFO] Для заявки Повірка від 20.08.2024 користувачем [Коваль Людмила] змінено виконавця з ЗАПЛАНОВАНІ на Сірий.
[21-Aug-2024 10:16:37 Europe/Helsinki] EditDATA [INFO] Для заявки Повірка від 19.08.2024 користувачем [Коваль Людмила] змінено виконавця з ЗАПЛАНОВАНІ на Шкуліпа.
[21-Aug-2024 10:17:43 Europe/Helsinki] EditDATA [INFO] Для заявки Повірка від 13.08.2024 користувачем [Сусло Тетяна] змінено виконавця з ЗАПЛАНОВАНІ на Сірий.
[21-Aug-2024 10:18:07 Europe/Helsinki] EditDATA [INFO] Для заявки Повірка від 16.08.2024 користувачем [Сусло Тетяна] змінено виконавця з ЗАПЛАНОВАНІ на Сірий.
[21-Aug-2024 10:19:09 Europe/Helsinki] EditDATA [INFO] Для заявки Повірка від 19.08.2024 користувачем [Сусло Тетяна] змінено виконавця з ЗАПЛАНОВАНІ на Шкуліпа.
[21-Aug-2024 10:19:35 Europe/Helsinki] EditDATA [INFO] Для заявки Повірка від 16.08.2024 користувачем [Сусло Тетяна] змінено виконавця з ЗАПЛАНОВАНІ на Шкуліпа.
[21-Aug-2024 10:19:56 Europe/Helsinki] EditDATA [INFO] Для заявки Повірка від 16.08.2024 користувачем [Сусло Тетяна] змінено виконавця з ЗАПЛАНОВАНІ на Шкуліпа.
[21-Aug-2024 10:20:19 Europe/Helsinki] EditDATA [INFO] Для заявки Повірка від 15.08.2024 користувачем [Сусло Тетяна] змінено виконавця з ЗАПЛАНОВАНІ на Шкуліпа.
[21-Aug-2024 10:22:36 Europe/Helsinki] EditDATA [INFO] Для заявки Повірка від 08.08.2024 користувачем [Сусло Тетяна] змінено виконавця з ЗАПЛАНОВАНІ на Сірий.
[21-Aug-2024 10:23:10 Europe/Helsinki] EditDATA [INFO] Для заявки Повірка від 13.08.2024 користувачем [Сусло Тетяна] змінено виконавця з ЗАПЛАНОВАНІ на Сірий.
[21-Aug-2024 10:24:31 Europe/Helsinki] EditDATA [INFO] Для заявки Повірка від 14.08.2024 користувачем [Сусло Тетяна] змінено виконавця з ЗАПЛАНОВАНІ на Ващенко.
[21-Aug-2024 10:30:05 Europe/Helsinki] NewDATA [INFO] Нова заявка Повірка, адреса: вул. Незалежності 25, кв. 53, лічильники: БЕЗ НОМЕРА - 1 шт., вартість: 300 грн., примітки: 13-18, подовжувач, доступ вже є додано до БД користувачем [Сусло Тетяна].
[2024-08-21T10:30:25.914] [INFO] DataBase - У заявці Повірка від 21 серпня 2024 р. за адресою вул. Незалежності, буд. 25, кв. 53 додано виконавця ЗАПЛАНОВАНІ та додано дату виконання 26 серпня 2024 р. користувачем [Сусло Тетяна].
[21-Aug-2024 10:34:04 Europe/Helsinki] NewDATA [INFO] Новий лічильник номер: 299935, тип: КВ-1,5 => DN 15, рік випуску: 2009, показники: 903, розташування: Ванна, балансоутримувач: КП "ТКЕ", адреса: вул. Текстильників буд. 39 кв. 56 додано до БД користувачем [Сміян Альона].
[21-Aug-2024 10:35:10 Europe/Helsinki] NewDATA [INFO] Новий лічильник номер: 9200050474, тип: ЛК => DN 15, рік випуску: 2020, показники: 505, розташування: Кухня, балансоутримувач: АТ "ОТКЕ", адреса: вул. Незалежності буд. 17, кв. 93 додано до БД користувачем [Сусло Тетяна].
[21-Aug-2024 10:38:30 Europe/Helsinki] NewDATA [INFO] Новий лічильник номер: 130629, тип: КВ-1,5 => DN 15, рік випуску: 2014, показники: 890, розташування: Ванна, балансоутримувач: КП "ТКЕ", адреса: вул. Дніпровська буд. 35, кв. 50 додано до БД користувачем [Сусло Тетяна].
[21-Aug-2024 10:41:32 Europe/Helsinki] NewDATA [INFO] Новий лічильник номер: 131970, тип: КВ-1,5 => DN 15, рік випуску: 2014, показники: 399, розташування: Ванна, балансоутримувач: КП "ТКЕ", адреса: вул. Дніпровська буд. 35, кв. 50 додано до БД користувачем [Сусло Тетяна].
[21-Aug-2024 10:43:09 Europe/Helsinki] NewDATA [INFO] Нова заявка Повірка, адреса: вул. Мазепи Івана 43 корпус А, кв. 11, лічильники: БЕЗ НОМЕРА - 1 шт., вартість: 300 грн., примітки: 8-13,пер.за 10 хв. додано до БД користувачем [Коваль Людмила].
[21-Aug-2024 10:43:45 Europe/Helsinki] EditDATA [INFO] За адресою вул. Дніпровська 35, кв. 25 користувачем [Сміян Альона] змінені номери телефонів з +38(063)779-21-68 на +38(098)632-17-56, при створенні нової заявки [Заміна] від 21.08.2024.
[21-Aug-2024 10:43:45 Europe/Helsinki] NewDATA [INFO] Нова заявка Заміна, адреса: вул. Дніпровська 35, кв. 25, лічильники: БЕЗ НОМЕРА - 1 шт., вартість: 350 грн., примітки: 1г/в кухня 082842 8-13 додано до БД користувачем [Сміян Альона].
[2024-08-21T10:43:51.883] [INFO] DataBase - У заявці Повірка від 21 серпня 2024 р. за адресою вул. Мазепи Івана, буд. 43, корп. А, кв. 11 додано виконавця ЗАПЛАНОВАНІ та додано дату виконання 23 серпня 2024 р. користувачем [Коваль Людмила].
[2024-08-21T10:44:00.376] [INFO] DataBase - У заявці Заміна від 21 серпня 2024 р. за адресою вул. Дніпровська, буд. 35, кв. 25 додано виконавця Баранов та додано дату виконання 26 серпня 2024 р. користувачем [Сміян Альона].
[21-Aug-2024 10:44:24 Europe/Helsinki] EditDATA [INFO] Для заявки Повірка від 20.08.2024 користувачем [Коваль Людмила] змінено виконавця з ЗАПЛАНОВАНІ на Сірий.
[21-Aug-2024 10:44:57 Europe/Helsinki] EditDATA [INFO] Для заявки Повірка від 19.08.2024 користувачем [Коваль Людмила] змінено виконавця з ЗАПЛАНОВАНІ на Сірий.
[21-Aug-2024 10:45:57 Europe/Helsinki] EditDATA [INFO] За адресою вул. Доценка 14, кв. 148 користувачем [Сусло Тетяна] змінені номери телефонів з +38(093)934-27-64, +38(063)554-40-86 на +38(063)495-58-42, при створенні нової заявки [Заміна] від 21.08.2024.
[21-Aug-2024 10:45:57 Europe/Helsinki] NewDATA [INFO] Нова заявка Заміна, адреса: вул. Доценка 14, кв. 148, лічильники: БЕЗ НОМЕРА - 1 шт., виконавець: Баранов, вартість: 1050 грн., примітки: не раніше 14.00, 1хв, ванна додано до БД користувачем [Сусло Тетяна].
[2024-08-21T10:46:08.559] [INFO] DataBase - У заявці Заміна від 21 серпня 2024 р. за адресою вул. Доценка, буд. 14, кв. 148 додано дату виконання 23 серпня 2024 р. користувачем [Сусло Тетяна].
[21-Aug-2024 10:46:24 Europe/Helsinki] EditDATA [INFO] Для заявки Повірка від 07.08.2024 користувачем [Коваль Людмила] змінено виконавця з ЗАПЛАНОВАНІ на Сірий.
[21-Aug-2024 10:46:56 Europe/Helsinki] EditDATA [INFO] Для лічильника 9200050474 користувачем [Сусло Тетяна] змінено балансоутримувача з АТ "ОТКЕ" на КП "ВДК".
[21-Aug-2024 10:49:19 Europe/Helsinki] EditDATA [INFO] Для заявки Повірка від 13.08.2024 користувачем [Коваль Людмила] змінено виконавця з ЗАПЛАНОВАНІ на Сірий.
[21-Aug-2024 10:49:46 Europe/Helsinki] EditDATA [INFO] Для заявки Повірка від 20.08.2024 користувачем [Коваль Людмила] змінено виконавця з ЗАПЛАНОВАНІ на Ващенко.
[21-Aug-2024 10:49:56 Europe/Helsinki] NewDATA [INFO] Новий лічильник номер: 0200078445, тип: ЛК => DN 15, рік випуску: 2020, показники: 45, розташування: Ванна, балансоутримувач: КП "ТКЕ", адреса: вул. Харківська буд. 2, кв. 3 додано до БД користувачем [Сусло Тетяна].
[21-Aug-2024 10:50:11 Europe/Helsinki] EditDATA [INFO] Для заявки Повірка від 20.08.2024 користувачем [Коваль Людмила] змінено виконавця з ЗАПЛАНОВАНІ на Ващенко.
[21-Aug-2024 10:50:39 Europe/Helsinki] EditDATA [INFO] Для заявки Повірка від 16.08.2024 користувачем [Коваль Людмила] змінено виконавця з ЗАПЛАНОВАНІ на Ващенко.
[21-Aug-2024 10:51:22 Europe/Helsinki] EditDATA [INFO] Для заявки Повірка від 16.08.2024 користувачем [Коваль Людмила] змінено виконавця з ЗАПЛАНОВАНІ на Ващенко.
[21-Aug-2024 10:51:46 Europe/Helsinki] EditDATA [INFO] Для заявки Повірка від 15.08.2024 користувачем [Коваль Людмила] змінено виконавця з ЗАПЛАНОВАНІ на Ващенко.
[21-Aug-2024 10:52:28 Europe/Helsinki] EditDATA [INFO] Для заявки Повірка від 19.08.2024 користувачем [Коваль Людмила] змінено виконавця з ЗАПЛАНОВАНІ на Ващенко.
[21-Aug-2024 10:52:54 Europe/Helsinki] EditDATA [INFO] Для заявки Повірка від 19.08.2024 користувачем [Коваль Людмила] змінено виконавця з ЗАПЛАНОВАНІ на Ващенко.
[21-Aug-2024 10:53:17 Europe/Helsinki] EditDATA [INFO] Для заявки Повірка від 16.08.2024 користувачем [Коваль Людмила] змінено виконавця з ЗАПЛАНОВАНІ на Ващенко.
[21-Aug-2024 10:54:26 Europe/Helsinki] EditDATA [INFO] Для заявки Повірка від 19.08.2024 користувачем [Коваль Людмила] змінено виконавця з ЗАПЛАНОВАНІ на Шкуліпа.
[21-Aug-2024 10:55:32 Europe/Helsinki] NewDATA [INFO] Нова заявка Повірка, адреса: вул. Мазепи Івана 60 корпус А, кв. 94, лічильники: БЕЗ НОМЕРА - 2 шт., вартість: 600 грн., примітки: 13-18 додано до БД користувачем [Сусло Тетяна].
[2024-08-21T10:55:54.268] [INFO] DataBase - У заявці Повірка від 21 серпня 2024 р. за адресою вул. Мазепи Івана, буд. 60, корп. А, кв. 94 додано виконавця ЗАПЛАНОВАНІ та додано дату виконання 23 серпня 2024 р. користувачем [Сусло Тетяна].
[21-Aug-2024 10:57:34 Europe/Helsinki] EditDATA [INFO] За адресою вул. Мазепи Івана 2, кв. 21 користувачем [Сміян Альона] змінені номери телефонів з +38(095)192-73-99, +38(067)420-17-61 на +38(067)420-17-61, при створенні нової заявки [Повірка] від 21.08.2024.
[21-Aug-2024 10:57:34 Europe/Helsinki] NewDATA [INFO] Нова заявка Повірка, адреса: вул. Мазепи Івана 2, кв. 21, лічильники: БЕЗ НОМЕРА - 1 шт., вартість: 300 грн., примітки: 8-13 додано до БД користувачем [Сміян Альона].
[2024-08-21T10:57:53.888] [INFO] DataBase - У заявці Повірка від 21 серпня 2024 р. за адресою вул. Мазепи Івана, буд. 2, кв. 21 додано виконавця ЗАПЛАНОВАНІ та додано дату виконання 29 серпня 2024 р. користувачем [Сміян Альона].
[21-Aug-2024 11:01:26 Europe/Helsinki] NewDATA [INFO] Нова заявка Заміна, адреса: вул. Незалежності 74, кв. 3, лічильники: БЕЗ НОМЕРА - 1 шт., вартість: 1050 грн., примітки: 1х/в с/в 8-9 додано до БД користувачем [Сміян Альона].
[2024-08-21T11:01:44.065] [INFO] DataBase - У заявці Заміна від 21 серпня 2024 р. за адресою вул. Незалежності, буд. 74, кв. 3 додано виконавця Баранов та додано дату виконання 23 серпня 2024 р. користувачем [Сміян Альона].
[21-Aug-2024 11:03:35 Europe/Helsinki] EditDATA [INFO] За адресою вул. Боднарука Любомира 8, кв. 63 користувачем [Сусло Тетяна] змінені номери телефонів з +38(095)437-49-77, +38(0462)60-35-05 на +38(095)437-49-77, при створенні нової заявки [Повірка] від 21.08.2024.
[21-Aug-2024 11:03:35 Europe/Helsinki] NewDATA [INFO] Нова заявка Повірка, адреса: вул. Боднарука Любомира 8, кв. 63, лічильники: БЕЗ НОМЕРА - 1 шт., вартість: 300 грн., примітки: 13-18 додано до БД користувачем [Сусло Тетяна].
[2024-08-21T11:03:55.935] [INFO] DataBase - У заявці Повірка від 21 серпня 2024 р. за адресою вул. Боднарука Любомира, буд. 8, кв. 63 додано виконавця ЗАПЛАНОВАНІ та додано дату виконання 27 серпня 2024 р. користувачем [Сусло Тетяна].
[21-Aug-2024 11:05:45 Europe/Helsinki] NewDATA [INFO] Новий лічильник номер: 215661, тип: КВ-1,5 => DN 15, рік випуску: 2013, показники: 798, розташування: Ванна, балансоутримувач: КП "ВДК", адреса: вул. Красносільського буд. 85, кв. 62 додано до БД користувачем [Сусло Тетяна].
[21-Aug-2024 11:07:14 Europe/Helsinki] NewDATA [INFO] Новий лічильник номер: 106771, тип: КВ-1,5 => DN 15, рік випуску: 2014, показники: 1021, розташування: Ванна, балансоутримувач: КП "ВДК", адреса: вул. Незалежності буд. 12 корпус Б, кв. 71 додано до БД користувачем [Сусло Тетяна].
[21-Aug-2024 11:11:57 Europe/Helsinki] NewDATA [INFO] Новий лічильник номер: 113118, тип: КВ-1,5 => DN 15, рік випуску: 2016, показники: 567, розташування: Ванна, балансоутримувач: КП "ВДК", адреса: вул. Незалежності буд. 16, кв. 196 додано до БД користувачем [Сусло Тетяна].
[21-Aug-2024 11:14:23 Europe/Helsinki] NewDATA [INFO] Новий лічильник номер: 327425, тип: КВ-1,5 => DN 15, рік випуску: 2005, показники: 1308, розташування: Ванна, балансоутримувач: КП "ВДК", адреса: вул. Незалежності буд. 46, кв. 23 додано до БД користувачем [Сусло Тетяна].
[21-Aug-2024 11:16:41 Europe/Helsinki] NewDATA [INFO] Новий лічильник номер: 354899, тип: КВ-1,5 => DN 15, рік випуску: 2005, показники: 334, розташування: Ванна, балансоутримувач: АТ "ОТКЕ", адреса: нез 46 23 додано до БД користувачем [Сусло Тетяна].
[21-Aug-2024 11:19:51 Europe/Helsinki] NewDATA [INFO] Новий лічильник номер: 308449, тип: КВ-1,5 => DN 15, рік випуску: 2010, показники: 353, розташування: Ванна, балансоутримувач: АТ "ОТКЕ", адреса: вул. Незалежності буд. 74, кв. 3 додано до БД користувачем [Сусло Тетяна].
[21-Aug-2024 11:21:22 Europe/Helsinki] NewDATA [INFO] Новий лічильник номер: 252295, тип: КВ-1,5 => DN 15, рік випуску: 2008, показники: 119, розташування: Ванна, балансоутримувач: АТ "ОТКЕ", адреса: вул. Незалежності буд. 78, кв. 12 додано до БД користувачем [Сусло Тетяна].
[21-Aug-2024 11:23:24 Europe/Helsinki] NewDATA [INFO] Новий лічильник номер: 257861, тип: КВ-1,5 => DN 15, рік випуску: 2008, показники: 534, розташування: Ванна, балансоутримувач: КП "ВДК", адреса: вул. Незалежності буд. 82, кв. 75 додано до БД користувачем [Сусло Тетяна].
[21-Aug-2024 11:24:20 Europe/Helsinki] NewDATA [INFO] Новий лічильник номер: 166333, тип: КВ-1,5 => DN 15, рік випуску: 2008, показники: 320, розташування: Ванна, балансоутримувач: АТ "ОТКЕ", адреса: вул. Незалежності буд. 82, кв. 75 додано до БД користувачем [Сусло Тетяна].
[21-Aug-2024 11:30:11 Europe/Helsinki] NewDATA [INFO] Новий лічильник номер: 573506, тип: КВ-1,5 => DN 15, рік випуску: 2006, показники: 265, розташування: Ванна, балансоутримувач: КП "ВДК", адреса: вул. Текстильників буд. 9 кор а , кв. 43 додано до БД користувачем [Коваль Людмила].
[21-Aug-2024 11:30:14 Europe/Helsinki] EditDATA [INFO] Для заявки Повірка від 30.07.2024 користувачем [Коваль Людмила] лічильник БЕЗ НОМЕРА ідентифіковано як 573506.
[21-Aug-2024 11:31:14 Europe/Helsinki] NewDATA [INFO] Новий лічильник номер: 446940, тип: КВ-1,5 => DN 15, рік випуску: 2006, показники: 128, розташування: Ванна, балансоутримувач: КП "ТКЕ", адреса: вул. Текстильників буд. 9 корпус А, кв. 43 додано до БД користувачем [Коваль Людмила].
[21-Aug-2024 11:31:18 Europe/Helsinki] EditDATA [INFO] Для заявки Повірка від 30.07.2024 користувачем [Коваль Людмила] лічильник БЕЗ НОМЕРА ідентифіковано як 446940.
[21-Aug-2024 11:31:29 Europe/Helsinki] DellTASK [INFO] Повірка від 30.07.2024 для адреси вул. Текстильників, буд. 9, корп. А, кв. 43 для лічильників 573506, 446940 було завершено користувачем [Коваль Людмила] з коментарем: виконано.
[21-Aug-2024 11:33:48 Europe/Helsinki] NewDATA [INFO] Новий лічильник номер: 214825, тип: КВ-1,5 => DN 15, рік випуску: 2014, показники: 1108, розташування: Ванна, балансоутримувач: КП "ВДК", адреса: вул. Ушинського буд. 6 корпус А, кв. 42 додано до БД користувачем [Коваль Людмила].
[21-Aug-2024 11:33:51 Europe/Helsinki] EditDATA [INFO] Для заявки Повірка від 16.08.2024 користувачем [Коваль Людмила] лічильник БЕЗ НОМЕРА ідентифіковано як 214825.
[21-Aug-2024 11:34:43 Europe/Helsinki] NewDATA [INFO] Новий лічильник номер: 229809, тип: КВ-1,5 => DN 15, рік випуску: 2014, показники: 724, розташування: Ванна, балансоутримувач: КП "ТКЕ", адреса: вул. Ушинського буд. 6 корпус А, кв. 42 додано до БД користувачем [Коваль Людмила].
[21-Aug-2024 11:34:48 Europe/Helsinki] EditDATA [INFO] Для заявки Повірка від 16.08.2024 користувачем [Коваль Людмила] лічильник БЕЗ НОМЕРА ідентифіковано як 229809.
[21-Aug-2024 11:35:00 Europe/Helsinki] DellTASK [INFO] Повірка від 16.08.2024 для адреси вул. Ушинського, буд. 6, корп. А, кв. 42 для лічильників 214825, 229809 було завершено користувачем [Коваль Людмила] з коментарем: виконано.
[21-Aug-2024 11:35:27 Europe/Helsinki] NewDATA [INFO] Нова адреса вул. Захисників України, буд. 12, корп. Б, кв. 73, тел. +38 (093) 860-40-52 додана до БД користувачем [Сусло Тетяна].
[21-Aug-2024 11:35:43 Europe/Helsinki] NewDATA [INFO] Нова заявка Повірка, адреса: вул. Захисників України 12 корпус Б, кв. 73, лічильники: БЕЗ НОМЕРА - 2 шт., вартість: 600 грн., примітки: 8-13 додано до БД користувачем [Сусло Тетяна].
[2024-08-21T11:36:04.409] [INFO] DataBase - У заявці Повірка від 21 серпня 2024 р. за адресою вул. Захисників України, буд. 12, корп. Б, кв. 73 додано виконавця ЗАПЛАНОВАНІ та додано дату виконання 23 серпня 2024 р. користувачем [Сусло Тетяна].
[21-Aug-2024 11:38:03 Europe/Helsinki] NewDATA [INFO] Новий лічильник номер: 006237, тип: КВ-1,5 => DN 15, рік випуску: 2008, показники: 447, розташування: Ванна, балансоутримувач: КП "ВДК", адреса: просп. Перемоги буд. 18, кв. 18 додано до БД користувачем [Коваль Людмила].
[21-Aug-2024 11:38:06 Europe/Helsinki] EditDATA [INFO] Для заявки Повірка від 16.08.2024 користувачем [Коваль Людмила] лічильник БЕЗ НОМЕРА ідентифіковано як 006237.
[21-Aug-2024 11:40:37 Europe/Helsinki] NewDATA [INFO] Новий лічильник номер: 507729, тип: КВ-1,5 => DN 15, рік випуску: 2007, показники: 183, розташування: Ванна, балансоутримувач: КП "ТКЕ", адреса: просп. Перемоги буд. 18, кв. 18 додано до БД користувачем [Коваль Людмила].
[21-Aug-2024 11:40:41 Europe/Helsinki] EditDATA [INFO] Для заявки Повірка від 16.08.2024 користувачем [Коваль Людмила] лічильник БЕЗ НОМЕРА ідентифіковано як 507729.
[21-Aug-2024 11:40:58 Europe/Helsinki] DellTASK [INFO] Повірка від 16.08.2024 для адреси просп. Перемоги, буд. 18, кв. 18 для лічильників 006237, 507729 було завершено користувачем [Коваль Людмила] з коментарем: виконано.
[21-Aug-2024 11:46:09 Europe/Helsinki] NewDATA [INFO] Новий лічильник номер: 008017, тип: КВ-1,5 => DN 15, рік випуску: 2007, показники: 54, розташування: Ванна, балансоутримувач: КП "ТКЕ", адреса: вул. Хлібопекарська буд. 16, кв. 6 додано до БД користувачем [Коваль Людмила].
[21-Aug-2024 11:47:07 Europe/Helsinki] EditDATA [INFO] Для заявки Повірка від 16.08.2024 користувачем [Коваль Людмила] змінено вартість робіт з 300 грн. на 600 грн.
[21-Aug-2024 11:48:19 Europe/Helsinki] EditDATA [INFO] За адресою вул. Березовського Максима 1, кв. 30 користувачем [Сусло Тетяна] змінені номери телефонів з +38(093)763-04-88, +38(097)151-27-36, +38(097)809-19-62 на +38(097)151-27-36, при створенні нової заявки [Повірка] від 21.08.2024.
[21-Aug-2024 11:48:19 Europe/Helsinki] NewDATA [INFO] Нова заявка Повірка, адреса: вул. Березовського Максима 1, кв. 30, лічильники: БЕЗ НОМЕРА - 2 шт., вартість: 600 грн., примітки: 13-18, за 30 хв додано до БД користувачем [Сусло Тетяна].
[2024-08-21T11:48:44.389] [INFO] DataBase - У заявці Повірка від 21 серпня 2024 р. за адресою вул. Березовського Максима, буд. 1, кв. 30 додано виконавця ЗАПЛАНОВАНІ та додано дату виконання 28 серпня 2024 р. користувачем [Сусло Тетяна].
[21-Aug-2024 11:52:48 Europe/Helsinki] EditDATA [INFO] Для заявки Повірка від 16.08.2024 користувачем [Коваль Людмила] змінено вартість робіт з 600 грн. на 300 грн.
[21-Aug-2024 11:53:26 Europe/Helsinki] EditDATA [INFO] За адресою вул. Березовського Максима, буд. 1, кв. 30 користувачем [Сусло Тетяна] змінені номери телефонів з +38(097)151-27-36 на +38(067)697-71-71.
[21-Aug-2024 12:00:19 Europe/Helsinki] EditDATA [INFO] За адресою вул. Доценка 24, кв. 103 користувачем [Сміян Альона] змінені номери телефонів з +38(096)242-46-66 на +38(093)057-49-93, при створенні нової заявки [Повірка] від 21.08.2024.
[21-Aug-2024 12:00:19 Europe/Helsinki] NewDATA [INFO] Нова заявка Повірка, адреса: вул. Доценка 24, кв. 103, лічильники: БЕЗ НОМЕРА - 2 шт., вартість: 600 грн., примітки: 14-18 додано до БД користувачем [Сміян Альона].
[2024-08-21T12:00:32.668] [INFO] DataBase - У заявці Повірка від 21 серпня 2024 р. за адресою вул. Доценка, буд. 24, кв. 103 додано виконавця ЗАПЛАНОВАНІ та додано дату виконання 23 серпня 2024 р. користувачем [Сміян Альона].
[21-Aug-2024 12:08:20 Europe/Helsinki] NewDATA [INFO] Нова адреса вул. Богуна Івана, буд. 51, кв. 98, тел. +38 (093) 592-79-84 додана до БД користувачем [Сусло Тетяна].
[21-Aug-2024 12:08:36 Europe/Helsinki] NewDATA [INFO] Нова заявка Повірка, адреса: вул. Богуна Івана 51, кв. 98, лічильники: БЕЗ НОМЕРА - 2 шт., вартість: 600 грн., примітки: 8-13 додано до БД користувачем [Сусло Тетяна].
[2024-08-21T12:09:12.601] [INFO] DataBase - У заявці Повірка від 21 серпня 2024 р. за адресою вул. Богуна Івана, буд. 51, кв. 98 додано виконавця ЗАПЛАНОВАНІ та додано дату виконання 23 серпня 2024 р. користувачем [Сусло Тетяна].
[21-Aug-2024 12:09:53 Europe/Helsinki] EditDATA [INFO] Для заявки Повірка від 21.08.2024 користувачем [Сусло Тетяна] змінено примітки з 13-18, за 30 хв на 13-18, за 30 хв, домофон не працює.
[21-Aug-2024 12:53:32 Europe/Helsinki] NewDATA [INFO] Нова заявка Заміна, адреса: вул. Козацька 12, кв. 42, лічильники: БЕЗ НОМЕРА - 1 шт., вартість: 350 грн., примітки: 1х/в 194827 10-16 додано до БД користувачем [Сміян Альона].
[2024-08-21T12:53:54.724] [INFO] DataBase - У заявці Заміна від 21 серпня 2024 р. за адресою вул. Козацька, буд. 12, кв. 42 додано виконавця Баранов та додано дату виконання 26 серпня 2024 р. користувачем [Сміян Альона].
[21-Aug-2024 13:16:19 Europe/Helsinki] DellTASK [INFO] Заміна від 19.08.2024 для адреси вул. Космонавтів, буд. 22, кв. 3 для лічильника БЕЗ НОМЕРА - 1 шт. було завершено користувачем [Коваль Людмила] з коментарем: неактуально.відмова.
[2024-08-21T13:39:42.745] [INFO] DataBase - У заявці Повірка від 21 серпня 2024 р. за адресою вул. Освіти, буд. 86, кв. 20 видалено дату виконання 28 серпня 2024 р. користувачем [Коваль Людмила].
[2024-08-21T13:39:54.724] [INFO] DataBase - У заявці Повірка від 21 серпня 2024 р. за адресою вул. Освіти, буд. 86, кв. 20 додано дату виконання 23 серпня 2024 р. користувачем [Коваль Людмила].
[2024-08-21T13:40:33.417] [INFO] DataBase - У заявці Повірка від 19 серпня 2024 р. за адресою вул. Генерала Пухова, буд. 131, корп. 1, кв. 32 видалено дату виконання 21 серпня 2024 р. користувачем [Коваль Людмила].
[2024-08-21T13:40:42.865] [INFO] DataBase - У заявці Повірка від 19 серпня 2024 р. за адресою вул. Генерала Пухова, буд. 131, корп. 1, кв. 32 додано дату виконання 26 серпня 2024 р. користувачем [Коваль Людмила].
[21-Aug-2024 13:42:56 Europe/Helsinki] EditDATA [INFO] За адресою просп. Миру 259, кв. 40 користувачем [Коваль Людмила] змінені номери телефонів з +38(063)667-39-78 на +38(063)695-61-72, при створенні нової заявки [Повірка] від 21.08.2024.
[21-Aug-2024 13:42:56 Europe/Helsinki] NewDATA [INFO] Нова заявка Повірка, адреса: просп. Миру 259, кв. 40, лічильники: БЕЗ НОМЕРА - 4 шт., вартість: 1200 грн., примітки: 8-13,пер.за 10 хв. додано до БД користувачем [Коваль Людмила].
[2024-08-21T13:43:36.782] [INFO] DataBase - У заявці Повірка від 21 серпня 2024 р. за адресою просп. Миру, буд. 259, кв. 40 додано виконавця ЗАПЛАНОВАНІ та додано дату виконання 28 серпня 2024 р. користувачем [Коваль Людмила].
[21-Aug-2024 13:43:56 Europe/Helsinki] DellTASK [INFO] Повірка від 09.08.2024 для адреси просп. Миру, буд. 259, кв. 40 для лічильника БЕЗ НОМЕРА - 2 шт. було завершено користувачем [Коваль Людмила] з коментарем: перенесено на 28.08.
[21-Aug-2024 13:48:42 Europe/Helsinki] NewDATA [INFO] Нова адреса просп. Перемоги, буд. 45, кв. 22, тел. +38 (050) 465-58-82 додана до БД користувачем [Сусло Тетяна].
[21-Aug-2024 13:49:01 Europe/Helsinki] NewDATA [INFO] Нова заявка Повірка, адреса: просп. Перемоги 45, кв. 22, лічильники: БЕЗ НОМЕРА - 2 шт., вартість: 600 грн., примітки: 14-18 додано до БД користувачем [Сусло Тетяна].
[2024-08-21T13:49:33.547] [INFO] DataBase - У заявці Повірка від 21 серпня 2024 р. за адресою просп. Перемоги, буд. 45, кв. 22 додано виконавця ЗАПЛАНОВАНІ та додано дату виконання 26 серпня 2024 р. користувачем [Сусло Тетяна].
[21-Aug-2024 13:51:27 Europe/Helsinki] NewDATA [INFO] Нова заявка Повірка, адреса: вул. Космонавтів 12, кв. 80, лічильники: БЕЗ НОМЕРА - 1 шт., вартість: 300 грн., спосіб оплати: Готівка, примітки: 16-18,пер.за час додано до БД користувачем [Коваль Людмила].
[2024-08-21T13:52:26.145] [INFO] DataBase - У заявці Повірка від 21 серпня 2024 р. за адресою вул. Космонавтів, буд. 12, кв. 80 додано виконавця ЗАПЛАНОВАНІ та додано дату виконання 27 серпня 2024 р. користувачем [Коваль Людмила].
[21-Aug-2024 13:54:47 Europe/Helsinki] NewDATA [INFO] Новий лічильник номер: 211547, тип: КВ-1,5 => DN 15, рік випуску: 2010, показники: 317, розташування: Ванна, балансоутримувач: КП "ВДК", адреса: вул. Хлібопекарська буд. 18, кв. 34 додано до БД користувачем [Коваль Людмила].
[21-Aug-2024 13:54:49 Europe/Helsinki] EditDATA [INFO] Для заявки Повірка від 19.08.2024 користувачем [Коваль Людмила] лічильник БЕЗ НОМЕРА ідентифіковано як 211547.
[21-Aug-2024 13:55:32 Europe/Helsinki] NewDATA [INFO] Новий лічильник номер: 233574, тип: КВ-1,5 => DN 15, рік випуску: 2010, показники: 155, розташування: Ванна, балансоутримувач: КП "ТКЕ", адреса: вул. Хлібопекарська буд. 18, кв. 34 додано до БД користувачем [Коваль Людмила].
[21-Aug-2024 13:55:35 Europe/Helsinki] EditDATA [INFO] Для заявки Повірка від 19.08.2024 користувачем [Коваль Людмила] лічильник БЕЗ НОМЕРА ідентифіковано як 233574.
[21-Aug-2024 13:55:46 Europe/Helsinki] DellTASK [INFO] Повірка від 19.08.2024 для адреси вул. Хлібопекарська, буд. 18, кв. 34 для лічильників 211547, 233574 було завершено користувачем [Коваль Людмила] з коментарем: виконано.
[21-Aug-2024 14:09:59 Europe/Helsinki] NewDATA [INFO] Нова заявка Повірка, адреса: вул. Пантелеймонівська 39, кв. 7, лічильники: БЕЗ НОМЕРА - 2 шт., вартість: 600 грн., примітки: 14-18 додано до БД користувачем [Коваль Людмила].
[2024-08-21T14:10:47.866] [INFO] DataBase - У заявці Повірка від 21 серпня 2024 р. за адресою вул. Пантелеймонівська, буд. 39, кв. 7 додано виконавця ЗАПЛАНОВАНІ та додано дату виконання 26 серпня 2024 р. користувачем [Коваль Людмила].
[21-Aug-2024 14:12:26 Europe/Helsinki] NewDATA [INFO] Новий лічильник номер: 716242, тип: КВ-1,5 => DN 15, рік випуску: 2003, показники: 459, розташування: Ванна, балансоутримувач: КП "ВДК", адреса: просп. Перемоги буд. 43, кв. 68 додано до БД користувачем [Коваль Людмила].
[21-Aug-2024 14:12:29 Europe/Helsinki] EditDATA [INFO] Для заявки Повірка від 15.08.2024 користувачем [Коваль Людмила] лічильник БЕЗ НОМЕРА ідентифіковано як 716242.
[21-Aug-2024 14:20:48 Europe/Helsinki] NewDATA [INFO] Нова адреса вул. Любецька, буд. 15, кв. 79, тел. +38 (098) 857-46-24 додана до БД користувачем [Коваль Людмила].
[21-Aug-2024 14:21:09 Europe/Helsinki] NewDATA [INFO] Нова заявка Повірка, адреса: вул. Любецька 15, кв. 79, лічильники: БЕЗ НОМЕРА - 2 шт., вартість: 600 грн., примітки: 8-13 додано до БД користувачем [Коваль Людмила].
[21-Aug-2024 14:22:08 Europe/Helsinki] DellTASK [INFO] Повірка від 21.08.2024 для адреси вул. Любецька, буд. 15, кв. 79 для лічильника БЕЗ НОМЕРА - 2 шт. було завершено користувачем [Коваль Людмила] з коментарем: нета адреса.
[21-Aug-2024 14:23:00 Europe/Helsinki] NewDATA [INFO] Нова адреса вул. Любецька, буд. 15, кв. 59, тел. +38 (098) 857-46-24 додана до БД користувачем [Коваль Людмила].
[21-Aug-2024 14:23:21 Europe/Helsinki] NewDATA [INFO] Нова заявка Повірка, адреса: вул. Любецька 15, кв. 59, лічильники: БЕЗ НОМЕРА - 2 шт., вартість: 600 грн., примітки: 8-13 додано до БД користувачем [Коваль Людмила].
[2024-08-21T14:23:39.826] [INFO] DataBase - У заявці Повірка від 21 серпня 2024 р. за адресою вул. Любецька, буд. 15, кв. 59 додано виконавця ЗАПЛАНОВАНІ та додано дату виконання 29 серпня 2024 р. користувачем [Коваль Людмила].
[21-Aug-2024 14:27:49 Europe/Helsinki] EditDATA [INFO] Для заявки Повірка від 19.08.2024 користувачем [Сусло Тетяна] змінено примітки з після 16.00 на після 16.00, переносилась.
[21-Aug-2024 14:27:50 Europe/Helsinki] NewDATA [INFO] Новий лічильник номер: 721560, тип: КВ-1,5 => DN 15, рік випуску: 2003, показники: 234, розташування: Ванна, балансоутримувач: КП "ТКЕ", адреса: просп. Перемоги буд. 43, кв. 68 додано до БД користувачем [Коваль Людмила].
[21-Aug-2024 14:27:52 Europe/Helsinki] EditDATA [INFO] Для заявки Повірка від 15.08.2024 користувачем [Коваль Людмила] лічильник БЕЗ НОМЕРА ідентифіковано як 721560.
[21-Aug-2024 14:28:07 Europe/Helsinki] NewDATA [INFO] Нова адреса просп. Миру, буд. 197, корп. А, кв. 50, тел. +38 (093) 901-70-29 додана до БД користувачем [Сміян Альона].
[21-Aug-2024 14:28:09 Europe/Helsinki] DellTASK [INFO] Повірка від 15.08.2024 для адреси просп. Перемоги, буд. 43, кв. 68 для лічильників 716242, 721560 було завершено користувачем [Коваль Людмила] з коментарем: виконано.
[21-Aug-2024 14:28:30 Europe/Helsinki] NewDATA [INFO] Нова заявка Повірка, адреса: просп. Миру 197 корпус А, кв. 50, лічильники: БЕЗ НОМЕРА - 1 шт., вартість: 300 грн., примітки: 8-10 додано до БД користувачем [Сміян Альона].
[2024-08-21T14:28:44.264] [INFO] DataBase - У заявці Повірка від 21 серпня 2024 р. за адресою просп. Миру, буд. 197, корп. А, кв. 50 додано виконавця ЗАПЛАНОВАНІ та додано дату виконання 28 серпня 2024 р. користувачем [Сміян Альона].
[21-Aug-2024 14:30:58 Europe/Helsinki] NewDATA [INFO] Новий лічильник номер: 343715, тип: КВ-1,5 => DN 15, рік випуску: 2004, показники: 1216, розташування: Ванна, балансоутримувач: КП "ВДК", адреса: просп. Перемоги буд. 52, кв. 22 додано до БД користувачем [Коваль Людмила].
[21-Aug-2024 14:31:00 Europe/Helsinki] EditDATA [INFO] Для заявки Повірка від 15.08.2024 користувачем [Коваль Людмила] лічильник БЕЗ НОМЕРА ідентифіковано як 343715.
[21-Aug-2024 14:31:11 Europe/Helsinki] DellTASK [INFO] Повірка від 15.08.2024 для адреси просп. Перемоги, буд. 52, кв. 22 для лічильника 343715 було завершено користувачем [Коваль Людмила] з коментарем: виконано.
[21-Aug-2024 14:36:58 Europe/Helsinki] EditDATA [INFO] За адресою вул. Мазепи Івана 60 корпус А, кв. 80 користувачем [Сміян Альона] змінені номери телефонів з +38(073)202-42-50, +38(098)767-32-06, +38(066)224-30-33 на +38(073)202-42-50, при створенні нової заявки [Повірка] від 21.08.2024.
[21-Aug-2024 14:36:58 Europe/Helsinki] NewDATA [INFO] Нова заявка Повірка, адреса: вул. Мазепи Івана 60 корпус А, кв. 80, лічильники: БЕЗ НОМЕРА - 2 шт., вартість: 600 грн., примітки: 14-18 додано до БД користувачем [Сміян Альона].
[2024-08-21T14:37:25.654] [INFO] DataBase - У заявці Повірка від 21 серпня 2024 р. за адресою вул. Мазепи Івана, буд. 60, корп. А, кв. 80 додано виконавця ЗАПЛАНОВАНІ та додано дату виконання 23 серпня 2024 р. користувачем [Сміян Альона].
[21-Aug-2024 14:42:02 Europe/Helsinki] NewDATA [INFO] Нова адреса вул. Доценка, буд. 15, корп. А, кв. 59, тел. +38 (096) 466-09-21 додана до БД користувачем [Сусло Тетяна].
[21-Aug-2024 14:42:30 Europe/Helsinki] NewDATA [INFO] Нова заявка Повірка, адреса: вул. Доценка 15 корпус А, кв. 59, лічильники: БЕЗ НОМЕРА - 2 шт., вартість: 600 грн., примітки: 8-13 додано до БД користувачем [Сусло Тетяна].
[21-Aug-2024 14:42:34 Europe/Helsinki] NewDATA [INFO] Новий лічильник номер: 380603, тип: КВ-1,5 => DN 15, рік випуску: 2004, показники: 424, розташування: Ванна, балансоутримувач: КП "ТКЕ", адреса: просп. Перемоги буд. 52, кв. 22 додано до БД користувачем [Коваль Людмила].
[2024-08-21T14:43:04.608] [INFO] DataBase - У заявці Повірка від 21 серпня 2024 р. за адресою вул. Доценка, буд. 15, корп. А, кв. 59 додано виконавця ЗАПЛАНОВАНІ та додано дату виконання 23 серпня 2024 р. користувачем [Сусло Тетяна].
[21-Aug-2024 14:43:44 Europe/Helsinki] DellTASK [INFO] Повірка від 27.05.2024 для адреси вул. Хлібопекарська, буд. 20, корп. А, кв. 2 для лічильника БЕЗ НОМЕРА - 1 шт. було завершено користувачем [Коваль Людмила] з коментарем: була заміна в чкрвні.
[21-Aug-2024 14:44:09 Europe/Helsinki] DellTASK [INFO] Повірка від 23.07.2024 для адреси вул. Мазепи Івана, буд. 41, кв. 77 для лічильника БЕЗ НОМЕРА - 2 шт. було завершено користувачем [Коваль Людмила] з коментарем: несправна сантехніка.
[21-Aug-2024 14:48:46 Europe/Helsinki] EditDATA [INFO] За адресою просп. Левка Лукяненка 29, кв. 41 користувачем [Сміян Альона] змінені номери телефонів з +38(068)551-05-65, +38(063)323-20-33 на +38(098)341-76-22, при створенні нової заявки [Повірка] від 21.08.2024.
[21-Aug-2024 14:48:46 Europe/Helsinki] NewDATA [INFO] Нова заявка Повірка, адреса: просп. Левка Лукяненка 29, кв. 41, лічильники: БЕЗ НОМЕРА - 1 шт., вартість: 300 грн., примітки: 14-18 код 349 додано до БД користувачем [Сміян Альона].
[2024-08-21T14:48:59.710] [INFO] DataBase - У заявці Повірка від 21 серпня 2024 р. за адресою просп. Левка Лукяненка, буд. 29, кв. 41 додано виконавця ЗАПЛАНОВАНІ та додано дату виконання 26 серпня 2024 р. користувачем [Сміян Альона].
[21-Aug-2024 14:50:57 Europe/Helsinki] EditDATA [INFO] Для заявки Заміна від 21.08.2024 користувачем [Сміян Альона] змінено примітки з 1хв, туалет на 1хв, туалет 13-17.
[21-Aug-2024 14:54:16 Europe/Helsinki] EditDATA [INFO] За адресою вул. Березовського Максима 1, кв. 39 користувачем [Сусло Тетяна] змінені номери телефонів з +38(0462)95-84-45, +38(097)973-43-21 на +38(097)750-53-56, при створенні нової заявки [Повірка] від 21.08.2024.
[21-Aug-2024 14:54:16 Europe/Helsinki] NewDATA [INFO] Нова заявка Повірка, адреса: вул. Березовського Максима 1, кв. 39, лічильники: БЕЗ НОМЕРА - 2 шт., вартість: 600 грн., примітки: 15-18, за 30 хв додано до БД користувачем [Сусло Тетяна].
[21-Aug-2024 14:54:38 Europe/Helsinki] EditDATA [INFO] Для заявки Заміна від 19.08.2024 користувачем [Сміян Альона] змінено примітки з 10-13 на 1г/в 10-13.
[21-Aug-2024 14:57:13 Europe/Helsinki] EditDATA [INFO] Для заявки Заміна від 19.08.2024 користувачем [Сміян Альона] змінено примітки з 8-13 на 1х/в,1г/в с/в 8-13.
[21-Aug-2024 15:00:46 Europe/Helsinki] NewDATA [INFO] Нова адреса вул. Княжа, буд. 7, кв. 38, тел. +38 (095) 174-55-56 додана до БД користувачем [Сусло Тетяна].
[21-Aug-2024 15:01:02 Europe/Helsinki] NewDATA [INFO] Нова заявка Повірка, адреса: вул. Княжа 7, кв. 38, лічильники: БЕЗ НОМЕРА - 2 шт., вартість: 600 грн., примітки: 13-18 додано до БД користувачем [Сусло Тетяна].
[2024-08-21T15:01:21.099] [INFO] DataBase - У заявці Повірка від 21 серпня 2024 р. за адресою вул. Княжа, буд. 7, кв. 38 додано виконавця ЗАПЛАНОВАНІ та додано дату виконання 29 серпня 2024 р. користувачем [Сусло Тетяна].
[21-Aug-2024 15:03:14 Europe/Helsinki] EditDATA [INFO] За адресою вул. курсанта Єськова 8 корпус А, кв. 6 користувачем [Сусло Тетяна] змінені номери телефонів з +38(093)301-99-29 на +38(099)629-43-38, при створенні нової заявки [Повірка] від 21.08.2024.
[21-Aug-2024 15:03:14 Europe/Helsinki] NewDATA [INFO] Нова заявка Повірка, адреса: вул. курсанта Єськова 8 корпус А, кв. 6, лічильники: БЕЗ НОМЕРА - 1 шт., вартість: 300 грн., примітки: 16-18 додано до БД користувачем [Сусло Тетяна].
[2024-08-21T15:03:37.159] [INFO] DataBase - У заявці Повірка від 21 серпня 2024 р. за адресою вул. курсанта Єськова, буд. 8, корп. А, кв. 6 додано виконавця ЗАПЛАНОВАНІ та додано дату виконання 22 серпня 2024 р. користувачем [Сусло Тетяна].
[21-Aug-2024 15:03:48 Europe/Helsinki] EditDATA [INFO] Для заявки Повірка від 21.08.2024 користувачем [Сусло Тетяна] змінено виконавця з ЗАПЛАНОВАНІ на Ващенко.
[21-Aug-2024 15:04:00 Europe/Helsinki] EditDATA [INFO] Для заявки Повірка від 19.08.2024 користувачем [Коваль Людмила] змінено виконавця з ЗАПЛАНОВАНІ на Ващенко.
[21-Aug-2024 15:04:35 Europe/Helsinki] EditDATA [INFO] Для заявки Повірка від 19.08.2024 користувачем [Коваль Людмила] змінено виконавця з ЗАПЛАНОВАНІ на Ващенко.
[21-Aug-2024 15:05:02 Europe/Helsinki] EditDATA [INFO] Для заявки Повірка від 20.08.2024 користувачем [Коваль Людмила] змінено виконавця з ЗАПЛАНОВАНІ на Шкуліпа.
[21-Aug-2024 15:05:42 Europe/Helsinki] EditDATA [INFO] Для заявки Повірка від 20.08.2024 користувачем [Коваль Людмила] змінено виконавця з ЗАПЛАНОВАНІ на Сірий.
[21-Aug-2024 15:06:03 Europe/Helsinki] EditDATA [INFO] Для заявки Повірка від 20.08.2024 користувачем [Коваль Людмила] змінено виконавця з ЗАПЛАНОВАНІ на Ващенко.
[21-Aug-2024 15:09:33 Europe/Helsinki] EditDATA [INFO] Для заявки Повірка від 21.08.2024 користувачем [Коваль Людмила] змінено виконавця з ЗАПЛАНОВАНІ на Шкуліпа.
[21-Aug-2024 15:09:56 Europe/Helsinki] EditDATA [INFO] Для заявки Повірка від 21.08.2024 користувачем [Коваль Людмила] змінено виконавця з ЗАПЛАНОВАНІ на Шкуліпа.
[21-Aug-2024 15:10:19 Europe/Helsinki] EditDATA [INFO] Для заявки Повірка від 21.08.2024 користувачем [Коваль Людмила] змінено виконавця з ЗАПЛАНОВАНІ на Шкуліпа.
[21-Aug-2024 15:10:48 Europe/Helsinki] EditDATA [INFO] Для заявки Повірка від 19.08.2024 користувачем [Коваль Людмила] змінено виконавця з ЗАПЛАНОВАНІ на Шкуліпа.
[21-Aug-2024 15:11:12 Europe/Helsinki] EditDATA [INFO] Для заявки Повірка від 21.08.2024 користувачем [Коваль Людмила] змінено виконавця з ЗАПЛАНОВАНІ на Шкуліпа.
[21-Aug-2024 15:11:42 Europe/Helsinki] EditDATA [INFO] Для заявки Повірка від 20.08.2024 користувачем [Коваль Людмила] змінено виконавця з ЗАПЛАНОВАНІ на Шкуліпа.
[21-Aug-2024 15:12:12 Europe/Helsinki] EditDATA [INFO] Для заявки Повірка від 20.08.2024 користувачем [Коваль Людмила] змінено виконавця з ЗАПЛАНОВАНІ на Шкуліпа.
[21-Aug-2024 15:12:35 Europe/Helsinki] EditDATA [INFO] Для заявки Повірка від 20.08.2024 користувачем [Коваль Людмила] змінено виконавця з ЗАПЛАНОВАНІ на Шкуліпа.
[21-Aug-2024 15:13:02 Europe/Helsinki] EditDATA [INFO] Для заявки Повірка від 16.08.2024 користувачем [Коваль Людмила] змінено виконавця з ЗАПЛАНОВАНІ на Шкуліпа.
[21-Aug-2024 15:13:03 Europe/Helsinki] EditDATA [INFO] За адресою вул. Жабинського 2 корпус Б, кв. 120 користувачем [Сміян Альона] змінені номери телефонів з +38(096)981-81-08, +38(096)626-00-48 на +38(096)626-00-48, при створенні нової заявки [Повірка] від 21.08.2024.
[21-Aug-2024 15:13:03 Europe/Helsinki] NewDATA [INFO] Нова заявка Повірка, адреса: вул. Жабинського 2 корпус Б, кв. 120, лічильники: БЕЗ НОМЕРА - 2 шт., вартість: 600 грн., примітки: після 16 10хв додано до БД користувачем [Сміян Альона].
[2024-08-21T15:13:17.285] [INFO] DataBase - У заявці Повірка від 21 серпня 2024 р. за адресою вул. Жабинського, буд. 2, корп. Б, кв. 120 додано виконавця ЗАПЛАНОВАНІ та додано дату виконання 28 серпня 2024 р. користувачем [Сміян Альона].
[21-Aug-2024 15:13:31 Europe/Helsinki] EditDATA [INFO] Для заявки Повірка від 14.08.2024 користувачем [Коваль Людмила] змінено виконавця з ЗАПЛАНОВАНІ на Шкуліпа.
[21-Aug-2024 15:14:15 Europe/Helsinki] EditDATA [INFO] Для заявки Повірка від 20.08.2024 користувачем [Коваль Людмила] змінено виконавця з ЗАПЛАНОВАНІ на Шкуліпа.
[21-Aug-2024 15:17:03 Europe/Helsinki] EditDATA [INFO] Для заявки Повірка від 20.08.2024 користувачем [Коваль Людмила] змінено виконавця з ЗАПЛАНОВАНІ на Шкуліпа.
[21-Aug-2024 15:17:28 Europe/Helsinki] EditDATA [INFO] Для заявки Повірка від 20.08.2024 користувачем [Коваль Людмила] змінено виконавця з ЗАПЛАНОВАНІ на Шкуліпа.
[21-Aug-2024 15:17:53 Europe/Helsinki] EditDATA [INFO] Для заявки Повірка від 20.08.2024 користувачем [Коваль Людмила] змінено виконавця з ЗАПЛАНОВАНІ на Сірий.
[21-Aug-2024 15:18:22 Europe/Helsinki] EditDATA [INFO] Для заявки Повірка від 07.08.2024 користувачем [Коваль Людмила] змінено виконавця з ЗАПЛАНОВАНІ на Шкуліпа.
[21-Aug-2024 15:18:55 Europe/Helsinki] EditDATA [INFO] Для заявки Повірка від 07.08.2024 користувачем [Коваль Людмила] змінено виконавця з ЗАПЛАНОВАНІ на Шкуліпа.
[21-Aug-2024 15:22:03 Europe/Helsinki] NewDATA [INFO] Новий лічильник номер: 313786, тип: КВ-1,5 => DN 15, рік випуску: 2010, показники: 329, розташування: Кухня, балансоутримувач: КП "ВДК", адреса: вул. Мазепи Івана буд. 43 корпус А, кв. 35 додано до БД користувачем [Коваль Людмила].
[21-Aug-2024 15:25:50 Europe/Helsinki] NewDATA [INFO] Нова адреса просп. Перемоги, буд. 166, кв. 74, тел. +38 (068) 284-39-88 додана до БД користувачем [Сміян Альона].
[21-Aug-2024 15:26:27 Europe/Helsinki] NewDATA [INFO] Нова заявка Повірка, адреса: просп. Перемоги 166, кв. 74, лічильники: БЕЗ НОМЕРА - 2 шт., вартість: 600 грн., примітки: 13-17 30хв додано до БД користувачем [Сміян Альона].
[2024-08-21T15:26:49.150] [INFO] DataBase - У заявці Повірка від 21 серпня 2024 р. за адресою просп. Перемоги, буд. 166, кв. 74 додано виконавця ЗАПЛАНОВАНІ та додано дату виконання 26 серпня 2024 р. користувачем [Сміян Альона].
[21-Aug-2024 15:35:12 Europe/Helsinki] NewDATA [INFO] Нова адреса вул. Мацієвського Олександра, буд. 4, кв. 8, тел. +38 (068) 492-00-24 додана до БД користувачем [Сміян Альона].
[21-Aug-2024 15:35:34 Europe/Helsinki] NewDATA [INFO] Нова заявка Повірка, адреса: вул. Мацієвського Олександра 4, кв. 8, лічильники: БЕЗ НОМЕРА - 2 шт., вартість: 600 грн., примітки: 14-18 додано до БД користувачем [Сміян Альона].
[2024-08-21T15:35:47.013] [INFO] DataBase - У заявці Повірка від 21 серпня 2024 р. за адресою вул. Мацієвського Олександра, буд. 4, кв. 8 додано виконавця ЗАПЛАНОВАНІ та додано дату виконання 26 серпня 2024 р. користувачем [Сміян Альона].
[21-Aug-2024 15:49:28 Europe/Helsinki] NewDATA [INFO] Нова адреса вул. Хліборобна, буд. 34, кв. 8, тел. +38 (098) 542-81-19 додана до БД користувачем [Сміян Альона].
[21-Aug-2024 15:49:54 Europe/Helsinki] NewDATA [INFO] Нова заявка Повірка, адреса: вул. Хліборобна 34, кв. 8, лічильники: БЕЗ НОМЕРА - 1 шт., вартість: 300 грн., примітки: 15-18 додано до БД користувачем [Сміян Альона].
[2024-08-21T15:50:36.017] [INFO] DataBase - У заявці Повірка від 21 серпня 2024 р. за адресою вул. Хліборобна, буд. 34, кв. 8 додано виконавця ЗАПЛАНОВАНІ та додано дату виконання 26 серпня 2024 р. користувачем [Сміян Альона].
[21-Aug-2024 15:51:35 Europe/Helsinki] EditDATA [INFO] Для заявки Повірка від 13.08.2024 користувачем [Коваль Людмила] змінено виконавця з ЗАПЛАНОВАНІ на Шкуліпа.
[21-Aug-2024 15:51:50 Europe/Helsinki] EditDATA [INFO] Для заявки Повірка від 20.08.2024 користувачем [Сусло Тетяна] змінено виконавця з ЗАПЛАНОВАНІ на Шкуліпа.
[21-Aug-2024 15:52:47 Europe/Helsinki] DellTASK [INFO] Повірка від 21.08.2024 для адреси вул. Хліборобна, буд. 34, кв. 8 для лічильника БЕЗ НОМЕРА - 1 шт. було відмінено користувачем [Сміян Альона] з коментарем: не вірно.
[21-Aug-2024 15:53:40 Europe/Helsinki] NewDATA [INFO] Нова адреса вул. Хлібопекарська, буд. 34, кв. 8, тел. +38 (098) 542-81-19 додана до БД користувачем [Сміян Альона].
[21-Aug-2024 15:53:58 Europe/Helsinki] NewDATA [INFO] Нова заявка Повірка, адреса: вул. Хлібопекарська 34, кв. 8, лічильники: БЕЗ НОМЕРА - 1 шт., вартість: 300 грн., примітки: 15-18 додано до БД користувачем [Сміян Альона].
[2024-08-21T15:54:09.978] [INFO] DataBase - У заявці Повірка від 21 серпня 2024 р. за адресою вул. Хлібопекарська, буд. 34, кв. 8 додано виконавця ЗАПЛАНОВАНІ та додано дату виконання 26 серпня 2024 р. користувачем [Сміян Альона].
[21-Aug-2024 15:57:32 Europe/Helsinki] NewDATA [INFO] Новий лічильник номер: 627638, тип: КВ-1,5 => DN 15, рік випуску: 2001, показники: 118, розташування: Ванна, балансоутримувач: КП "ВДК", адреса: вул. Хлібопекарська буд. 16, кв. 6 додано до БД користувачем [Коваль Людмила].
[21-Aug-2024 15:57:34 Europe/Helsinki] EditDATA [INFO] Для заявки Повірка від 19.08.2024 користувачем [Коваль Людмила] лічильник БЕЗ НОМЕРА ідентифіковано як 627638.
[21-Aug-2024 16:04:32 Europe/Helsinki] NewDATA [INFO] Новий лічильник номер: 293328, тип: КВ-1,5 => DN 15, рік випуску: 2009, показники: 606, розташування: Ванна, балансоутримувач: КП "ТКЕ", адреса: вул. Текстильників буд. 39, кв. 56 додано до БД користувачем [Коваль Людмила].
[21-Aug-2024 16:04:34 Europe/Helsinki] EditDATA [INFO] Для заявки Повірка від 19.08.2024 користувачем [Коваль Людмила] лічильник БЕЗ НОМЕРА ідентифіковано як 293328.
[21-Aug-2024 16:04:46 Europe/Helsinki] DellTASK [INFO] Повірка від 19.08.2024 для адреси вул. Текстильників, буд. 39, кв. 56 для лічильників 627638, 293328 було завершено користувачем [Коваль Людмила] з коментарем: виконано.
[21-Aug-2024 16:15:12 Europe/Helsinki] DellTASK [INFO] Повірка від 16.08.2024 для адреси вул. Хлібопекарська, буд. 16, кв. 6 для лічильника БЕЗ НОМЕРА - 1 шт. було завершено користувачем [Коваль Людмила] з коментарем: виконано.
[21-Aug-2024 16:15:25 Europe/Helsinki] DellTASK [INFO] Повірка від 19.08.2024 для адреси вул. Мазепи Івана, буд. 43, корп. А, кв. 35 для лічильника БЕЗ НОМЕРА - 4 шт. було завершено користувачем [Коваль Людмила] з коментарем: виконано.
[2024-08-21T16:15:32.537] [INFO] DataBase - У заявці Повірка від 13 серпня 2024 р. за адресою вул. Пятницька, буд. 49, кв. 193 видалено виконавця Сірий та видалено дату виконання 22 серпня 2024 р. користувачем [Сміян Альона].
[2024-08-21T16:15:40.547] [INFO] DataBase - У заявці Повірка від 13 серпня 2024 р. за адресою вул. Пятницька, буд. 49, кв. 193  користувачем [Сусло Тетяна].
[2024-08-21T16:15:47.216] [INFO] DataBase - У заявці Повірка від 13 серпня 2024 р. за адресою вул. Пятницька, буд. 49, кв. 193 додано виконавця Сірий та додано дату виконання 30 серпня 2024 р. користувачем [Сміян Альона].
[21-Aug-2024 16:16:07 Europe/Helsinki] EditDATA [INFO] Для заявки Повірка від 13.08.2024 користувачем [Сміян Альона] видалено виконавця Сірий.
[2024-08-21T16:16:53.805] [INFO] DataBase - У заявці Повірка від 13 серпня 2024 р. за адресою вул. Пятницька, буд. 49, кв. 193 додано виконавця ЗАПЛАНОВАНІ та додано дату виконання 30 серпня 2024 р. користувачем [Сміян Альона].
[21-Aug-2024 16:17:07 Europe/Helsinki] EditDATA [INFO] Для заявки Повірка від 13.08.2024 користувачем [Сміян Альона] змінено примітки з 13-18, зк 30 хв на 9-13, зк 30 хв.
[21-Aug-2024 16:44:19 Europe/Helsinki] NewDATA [INFO] Нова заявка Повірка, адреса: вул. Захисників України 12 корпус А, кв. 66, лічильники: БЕЗ НОМЕРА - 2 шт., вартість: 600 грн., примітки: 13-18, за 30 хв додано до БД користувачем [Сусло Тетяна].
[2024-08-21T16:44:53.053] [INFO] DataBase - У заявці Повірка від 21 серпня 2024 р. за адресою вул. Захисників України, буд. 12, корп. А, кв. 66 додано виконавця ЗАПЛАНОВАНІ та додано дату виконання 27 серпня 2024 р. користувачем [Сусло Тетяна].
[2024-08-21T16:45:31.973] [INFO] DataBase - У заявці Повірка від 21 серпня 2024 р. за адресою вул. Березовського Максима, буд. 1, кв. 39 додано виконавця ЗАПЛАНОВАНІ та додано дату виконання 28 серпня 2024 р. користувачем [Сусло Тетяна].
