[17-Jan-2025 08:23:45 Europe/Helsinki] DellTASK [INFO] Заміна від 14.01.2025 для адреси вул. Гонча, буд. 80, кв. 38 для лічильника БЕЗ НОМЕРА - 1 шт. було завершено користувачем [Сусло Тетяна] з коментарем: виконано.
[17-Jan-2025 08:24:06 Europe/Helsinki] DellTASK [INFO] Заміна від 15.01.2025 для адреси вул. Самострова, буд. 22, кв. 112 для лічильника БЕЗ НОМЕРА - 1 шт. було завершено користувачем [Сусло Тетяна] з коментарем: виконано.
[17-Jan-2025 08:24:23 Europe/Helsinki] DellTASK [INFO] Заміна від 14.01.2025 для адреси вул. Освіти, буд. 86, кв. 8 для лічильника БЕЗ НОМЕРА - 1 шт. було завершено користувачем [Сусло Тетяна] з коментарем: виконано.
[17-Jan-2025 08:25:00 Europe/Helsinki] NewDATA [INFO] Новий лічильник номер: 241466772, тип: СВК => DN 15, рік випуску: 2024, показники: 0, балансоутримувач: КП "ВДК" додано до БД користувачем [Сусло Тетяна].
[17-Jan-2025 08:25:03 Europe/Helsinki] EditDATA [INFO] В заявці Заміна від 14.01.2025 за адресою просп. Миру, буд. 193, кв. 14 було видалено БЕЗ НОМЕРУ - 1 шт.; додано лічильники: 241466772 користувачем [Сусло Тетяна].
[17-Jan-2025 08:25:14 Europe/Helsinki] DellTASK [INFO] Заміна від 14.01.2025 для адреси просп. Миру, буд. 193, кв. 14 для лічильника 241466772 було завершено користувачем [Сусло Тетяна] з коментарем: виконано.
[17-Jan-2025 08:25:52 Europe/Helsinki] NewDATA [INFO] Новий лічильник номер: 241466768, тип: СВК => DN 15, рік випуску: 2024, показники: 0, балансоутримувач: КП "ВДК" додано до БД користувачем [Сусло Тетяна].
[17-Jan-2025 08:26:19 Europe/Helsinki] NewDATA [INFO] Новий лічильник номер: 241472794, тип: СВК => DN 15, рік випуску: 2024, показники: 0, балансоутримувач: КП "ТКЕ" додано до БД користувачем [Сусло Тетяна].
[17-Jan-2025 08:26:23 Europe/Helsinki] EditDATA [INFO] В заявці Заміна від 14.01.2025 за адресою вул. Самострова, буд. 11, кв. 140 було видалено БЕЗ НОМЕРУ - 2 шт.; додано лічильники: 241466768, 241472794 користувачем [Сусло Тетяна].
[17-Jan-2025 08:26:32 Europe/Helsinki] DellTASK [INFO] Заміна від 14.01.2025 для адреси вул. Самострова, буд. 11, кв. 140 для лічильників 241466768, 241472794 було завершено користувачем [Сусло Тетяна] з коментарем: виконано.
[17-Jan-2025 08:32:25 Europe/Helsinki] DellTASK [INFO] Повірка від 15.01.2025 для адреси вул. Савчука, буд. 1, кв. 131 для лічильника БЕЗ НОМЕРА - 4 шт. було завершено користувачем [Коваль Людмила] з коментарем: виконано.
[17-Jan-2025 08:32:43 Europe/Helsinki] DellTASK [INFO] Повірка від 15.01.2025 для адреси просп. Левка Лукяненка, буд. 4, корп. А, кв. 13 для лічильника БЕЗ НОМЕРА - 1 шт. було завершено користувачем [Коваль Людмила] з коментарем: виконано.
[17-Jan-2025 08:32:57 Europe/Helsinki] DellTASK [INFO] Повірка від 13.01.2025 для адреси вул. Шевченка, буд. 101, корп. А, кв. 74 для лічильника БЕЗ НОМЕРА - 1 шт. було завершено користувачем [Коваль Людмила] з коментарем: виконано.
[17-Jan-2025 08:33:17 Europe/Helsinki] DellTASK [INFO] Повірка від 16.01.2025 для адреси просп. Перемоги, буд. 102, кв. 70 для лічильника БЕЗ НОМЕРА - 2 шт. було завершено користувачем [Коваль Людмила] з коментарем: виконано.
[17-Jan-2025 08:33:35 Europe/Helsinki] DellTASK [INFO] Повірка від 15.01.2025 для адреси просп. Миру, буд. 61, кв. 33 для лічильника БЕЗ НОМЕРА - 1 шт. було завершено користувачем [Коваль Людмила] з коментарем: виконано.
[17-Jan-2025 08:34:56 Europe/Helsinki] DellTASK [INFO] Повірка від 15.01.2025 для адреси вул. Богуна Івана, буд. 40, кв. 97 для лічильника БЕЗ НОМЕРА - 4 шт. було завершено користувачем [Коваль Людмила] з коментарем: виконано.
[17-Jan-2025 08:35:11 Europe/Helsinki] DellTASK [INFO] Повірка від 15.01.2025 для адреси просп. Миру, буд. 75, корп. Б, кв. 40 для лічильника БЕЗ НОМЕРА - 1 шт. було завершено користувачем [Коваль Людмила] з коментарем: виконано.
[17-Jan-2025 08:35:30 Europe/Helsinki] DellTASK [INFO] Повірка від 14.01.2025 для адреси просп. Перемоги, буд. 18, кв. 73 для лічильника БЕЗ НОМЕРА - 1 шт. було завершено користувачем [Коваль Людмила] з коментарем: виконано.
[17-Jan-2025 08:35:46 Europe/Helsinki] EditDATA [INFO] Для заявки Повірка від 10.01.2025 користувачем [Сусло Тетяна] змінено виконавця з Осипенко на ЗАПЛАНОВАНІ.
[17-Jan-2025 08:36:09 Europe/Helsinki] DellTASK [INFO] Повірка від 14.01.2025 для адреси вул. Гонча, буд. 76, кв. 85 для лічильника БЕЗ НОМЕРА - 2 шт. було завершено користувачем [Коваль Людмила] з коментарем: виконано.
[17-Jan-2025 08:36:13 Europe/Helsinki] DellTASK [INFO] Повірка від 16.01.2025 для адреси вул. Мацієвського Олександра, буд. 8, кв. 10 для лічильника БЕЗ НОМЕРА - 2 шт. було завершено користувачем [Сусло Тетяна] з коментарем: виконано.
[17-Jan-2025 08:36:33 Europe/Helsinki] DellTASK [INFO] Повірка від 13.01.2025 для адреси вул. Рятувальників, буд. 35, кв. 136 для лічильника БЕЗ НОМЕРА - 2 шт. було завершено користувачем [Сусло Тетяна] з коментарем: виконано.
[17-Jan-2025 08:36:51 Europe/Helsinki] DellTASK [INFO] Повірка від 13.01.2025 для адреси просп. Миру, буд. 180, корп. А, кв. 27 для лічильника БЕЗ НОМЕРА - 2 шт. було завершено користувачем [Сусло Тетяна] з коментарем: виконано.
[17-Jan-2025 08:37:08 Europe/Helsinki] DellTASK [INFO] Повірка від 06.01.2025 для адреси вул. Січових стрільців, буд. 5, кв. 45 для лічильника БЕЗ НОМЕРА - 2 шт. було завершено користувачем [Сусло Тетяна] з коментарем: виконано.
[17-Jan-2025 08:37:15 Europe/Helsinki] DellTASK [INFO] Повірка від 14.01.2025 для адреси вул. Богуна Івана, буд. 45, кв. 11 для лічильника БЕЗ НОМЕРА - 2 шт. було завершено користувачем [Коваль Людмила] з коментарем: виконано.
[17-Jan-2025 08:37:22 Europe/Helsinki] DellTASK [INFO] Повірка від 15.01.2025 для адреси вул. Льотна, буд. 41, кв. 47 для лічильника БЕЗ НОМЕРА - 2 шт. було завершено користувачем [Сусло Тетяна] з коментарем: виконано.
[17-Jan-2025 08:37:32 Europe/Helsinki] DellTASK [INFO] Повірка від 10.01.2025 для адреси вул. Чорновола Вячеслава, буд. 8, кв. 47 для лічильника БЕЗ НОМЕРА - 2 шт. було завершено користувачем [Коваль Людмила] з коментарем: виконано.
[17-Jan-2025 08:37:39 Europe/Helsinki] DellTASK [INFO] Повірка від 14.01.2025 для адреси просп. Миру, буд. 201, кв. 6 для лічильника БЕЗ НОМЕРА - 1 шт. було завершено користувачем [Сусло Тетяна] з коментарем: виконано.
[17-Jan-2025 08:37:45 Europe/Helsinki] DellTASK [INFO] Повірка від 09.01.2025 для адреси вул. Котляревського, буд. 34, кв. 70 для лічильника БЕЗ НОМЕРА - 2 шт. було завершено користувачем [Коваль Людмила] з коментарем: виконано.
[17-Jan-2025 08:38:00 Europe/Helsinki] DellTASK [INFO] Повірка від 13.01.2025 для адреси просп. Миру, буд. 251, кв. 62 для лічильника БЕЗ НОМЕРА - 2 шт. було завершено користувачем [Сусло Тетяна] з коментарем: виконано.
[17-Jan-2025 08:38:37 Europe/Helsinki] NewDATA [INFO] Новий лічильник номер: 435646, тип: КВ-1,5 => DN 15, рік випуску: 2002, показники: 0, балансоутримувач: КП "ВДК" додано до БД користувачем [Коваль Людмила].
[17-Jan-2025 08:38:39 Europe/Helsinki] EditDATA [INFO] Для заявки Повірка від 13.01.2025 користувачем [Сусло Тетяна] змінено примітки з 8-13, буде сусідка, кв. 30 на 8-13, буде сусідка, кв. 30, 0502630049.
[17-Jan-2025 08:46:03 Europe/Helsinki] NewDATA [INFO] Новий лічильник номер: 028203, тип: КВ-1,5 => DN 15, рік випуску: 2020, показники: 0, балансоутримувач: АТ "ОТКЕ" додано до БД користувачем [Коваль Людмила].
[17-Jan-2025 08:46:05 Europe/Helsinki] EditDATA [INFO] За адресою просп. Левка Лукяненка, буд. 4, корп. А, кв. 13 користувачем [Коваль Людмила] було додано лічильники: 028203].
[17-Jan-2025 08:47:01 Europe/Helsinki] NewDATA [INFO] Новий лічильник номер: 125873, тип: КВ-1,5 => DN 15, рік випуску: 2016, показники: 0, балансоутримувач: КП "ВДК" додано до БД користувачем [Коваль Людмила].
[17-Jan-2025 08:47:03 Europe/Helsinki] EditDATA [INFO] За адресою вул. Шевченка, буд. 101, корп. А, кв. 74 користувачем [Коваль Людмила] було додано лічильники: 125873].
[17-Jan-2025 08:48:20 Europe/Helsinki] NewDATA [INFO] Новий лічильник номер: 440791, тип: КВ-1,5 => DN 15, рік випуску: 2002, показники: 0, балансоутримувач: АТ "ОТКЕ" додано до БД користувачем [Коваль Людмила].
[17-Jan-2025 08:48:46 Europe/Helsinki] NewDATA [INFO] Новий лічильник номер: 430780, тип: КВ-1,5 => DN 15, рік випуску: 2002, показники: 0, балансоутримувач: КП "ВДК" додано до БД користувачем [Коваль Людмила].
[17-Jan-2025 08:49:10 Europe/Helsinki] NewDATA [INFO] Новий лічильник номер: 396375, тип: КВ-1,5 => DN 15, рік випуску: 2002, показники: 0, балансоутримувач: АТ "ОТКЕ" додано до БД користувачем [Коваль Людмила].
[17-Jan-2025 08:49:12 Europe/Helsinki] EditDATA [INFO] За адресою вул. Савчука, буд. 1, кв. 131 користувачем [Коваль Людмила] було додано лічильники: 435646, 440791, 430780, 396375].
[17-Jan-2025 08:49:56 Europe/Helsinki] NewDATA [INFO] Новий лічильник номер: 671539, тип: КВ-1,5 => DN 15, рік випуску: 2006, показники: 0, балансоутримувач: КП "ВДК" додано до БД користувачем [Сусло Тетяна].
[17-Jan-2025 08:50:20 Europe/Helsinki] NewDATA [INFO] Новий лічильник номер: 056791, тип: КВ-1,5 => DN 15, рік випуску: 2020, показники: 0, балансоутримувач: АТ "ОТКЕ" додано до БД користувачем [Сусло Тетяна].
[17-Jan-2025 08:50:22 Europe/Helsinki] EditDATA [INFO] За адресою просп. Миру, буд. 251, кв. 62 користувачем [Сусло Тетяна] було додано лічильники: 671539, 056791].
[17-Jan-2025 08:50:58 Europe/Helsinki] NewDATA [INFO] Новий лічильник номер: 449355, тип: КВ-1,5 => DN 15, рік випуску: 2008, показники: 0, балансоутримувач: КП "ТКЕ" додано до БД користувачем [Коваль Людмила].
[17-Jan-2025 08:51:00 Europe/Helsinki] EditDATA [INFO] За адресою просп. Перемоги, буд. 18, кв. 73 користувачем [Коваль Людмила] було додано лічильники: 449355].
[17-Jan-2025 08:51:43 Europe/Helsinki] NewDATA [INFO] Новий лічильник номер: 242957, тип: КВ-1,5 => DN 15, рік випуску: 2010, показники: 0, балансоутримувач: КП "ВДК" додано до БД користувачем [Сусло Тетяна].
[17-Jan-2025 08:51:45 Europe/Helsinki] EditDATA [INFO] За адресою просп. Миру, буд. 201, кв. 6 користувачем [Сусло Тетяна] було додано лічильники: 242957].
[17-Jan-2025 08:52:27 Europe/Helsinki] NewDATA [INFO] Новий лічильник номер: 626078, тип: КВ-1,5 => DN 15, рік випуску: 2005, показники: 0, балансоутримувач: КП "ВДК" додано до БД користувачем [Сусло Тетяна].
[17-Jan-2025 08:52:51 Europe/Helsinki] NewDATA [INFO] Новий лічильник номер: 113502, тип: КВ-1,5 => DN 15, рік випуску: 2006, показники: 0, балансоутримувач: АТ "ОТКЕ" додано до БД користувачем [Сусло Тетяна].
[17-Jan-2025 08:52:54 Europe/Helsinki] EditDATA [INFO] За адресою вул. Льотна, буд. 41, кв. 47 користувачем [Сусло Тетяна] було додано лічильники: 626078, 113502].
[17-Jan-2025 08:53:40 Europe/Helsinki] NewDATA [INFO] Новий лічильник номер: 024331, тип: КВ-1,5 => DN 15, рік випуску: 2008, показники: 0, балансоутримувач: КП "ВДК" додано до БД користувачем [Сусло Тетяна].
[17-Jan-2025 08:53:41 Europe/Helsinki] NewDATA [INFO] Новий лічильник номер: 320910, тип: КВ-1,5 => DN 15, рік випуску: 2001, показники: 0, балансоутримувач: КП "ВДК" додано до БД користувачем [Коваль Людмила].
[17-Jan-2025 08:54:07 Europe/Helsinki] NewDATA [INFO] Новий лічильник номер: 341340, тип: КВ-1,5 => DN 15, рік випуску: 2001, показники: 0, балансоутримувач: КП "ТКЕ" додано до БД користувачем [Коваль Людмила].
[17-Jan-2025 08:54:09 Europe/Helsinki] EditDATA [INFO] За адресою вул. Гонча, буд. 76, кв. 85 користувачем [Коваль Людмила] було додано лічильники: 320910, 341340].
[17-Jan-2025 08:54:17 Europe/Helsinki] NewDATA [INFO] Новий лічильник номер: 105863, тип: КВ-1,5 => DN 15, рік випуску: 2008, показники: 0, балансоутримувач: АТ "ОТКЕ" додано до БД користувачем [Сусло Тетяна].
[17-Jan-2025 08:54:19 Europe/Helsinki] EditDATA [INFO] За адресою вул. Січових стрільців, буд. 5, кв. 45 користувачем [Сусло Тетяна] було додано лічильники: 024331, 105863].
[17-Jan-2025 08:54:53 Europe/Helsinki] NewDATA [INFO] Новий лічильник номер: 169512, тип: КВ-1,5 => DN 15, рік випуску: 2003, показники: 0, балансоутримувач: КП "ВДК" додано до БД користувачем [Коваль Людмила].
[17-Jan-2025 08:55:00 Europe/Helsinki] NewDATA [INFO] Новий лічильник номер: 024583, тип: КВ-1,5 => DN 15, рік випуску: 1998, показники: 0, балансоутримувач: КП "ВДК" додано до БД користувачем [Сусло Тетяна].
[17-Jan-2025 08:55:18 Europe/Helsinki] NewDATA [INFO] Новий лічильник номер: 073740, тип: КВ-1,5 => DN 15, рік випуску: 2003, показники: 0, балансоутримувач: КП "ТКЕ" додано до БД користувачем [Коваль Людмила].
[17-Jan-2025 08:55:20 Europe/Helsinki] EditDATA [INFO] За адресою вул. Котляревського, буд. 34, кв. 70 користувачем [Коваль Людмила] було додано лічильники: 169512, 073740].
[17-Jan-2025 08:55:26 Europe/Helsinki] NewDATA [INFO] Новий лічильник номер: 028695, тип: КВ-1,5 => DN 15, рік випуску: 1998, показники: 0, балансоутримувач: АТ "ОТКЕ" додано до БД користувачем [Сусло Тетяна].
[17-Jan-2025 08:55:27 Europe/Helsinki] EditDATA [INFO] За адресою просп. Миру, буд. 180, корп. А, кв. 27 користувачем [Сусло Тетяна] було додано лічильники: 024583, 028695].
[17-Jan-2025 08:56:23 Europe/Helsinki] NewDATA [INFO] Новий лічильник номер: 109551, тип: КВ-1,5 => DN 15, рік випуску: 2007, показники: 0, балансоутримувач: КП "ВДК" додано до БД користувачем [Сусло Тетяна].
[17-Jan-2025 08:56:44 Europe/Helsinki] NewDATA [INFO] Новий лічильник номер: 001518, тип: КВ-1,5 => DN 15, рік випуску: 2007, показники: 0, балансоутримувач: АТ "ОТКЕ" додано до БД користувачем [Сусло Тетяна].
[17-Jan-2025 08:56:46 Europe/Helsinki] EditDATA [INFO] За адресою вул. Рятувальників, буд. 35, кв. 136 користувачем [Сусло Тетяна] було додано лічильники: 109551, 001518].
[17-Jan-2025 08:57:55 Europe/Helsinki] NewDATA [INFO] Новий лічильник номер: 5984934, тип: ЛК => DN 15, рік випуску: 2016, показники: 0, балансоутримувач: КП "ВДК" додано до БД користувачем [Сусло Тетяна].
[17-Jan-2025 08:58:23 Europe/Helsinki] NewDATA [INFO] Новий лічильник номер: 5882875, тип: ЛК => DN 15, рік випуску: 2016, показники: 0, балансоутримувач: КП "ТКЕ" додано до БД користувачем [Сусло Тетяна].
[17-Jan-2025 08:58:25 Europe/Helsinki] EditDATA [INFO] За адресою вул. Мацієвського Олександра, буд. 8, кв. 10 користувачем [Сусло Тетяна] було додано лічильники: 5984934, 5882875].
[17-Jan-2025 10:00:46 Europe/Helsinki] EditDATA [INFO] Для заявки Заміна від 10.01.2025 користувачем [Сусло Тетяна] змінено примітки з 13-17, 1 хв, св, №4616969 на 9-13, 1 хв, св, №4616969.
[2025-01-17T10:00:51.144] [INFO] DataBase - У заявці Заміна від 10 січня 2025 р. за адресою вул. Мстиславська, буд. 52, кв. 21 видалено дату виконання 17 січня 2025 р. користувачем [Сусло Тетяна].
[2025-01-17T10:00:56.527] [INFO] DataBase - У заявці Заміна від 10 січня 2025 р. за адресою вул. Мстиславська, буд. 52, кв. 21 додано дату виконання 24 січня 2025 р. користувачем [Сусло Тетяна].
[17-Jan-2025 10:01:05 Europe/Helsinki] EditDATA [INFO] Для заявки Заміна від 10.01.2025 користувачем [Сусло Тетяна] змінено вартість робіт з 1060 грн. на 350 грн.
[17-Jan-2025 10:25:58 Europe/Helsinki] NewDATA [INFO] Нова адреса вул. Незалежності, буд. 52, кв. 24, тел. +38 (093) 768-13-96 додана до БД користувачем [Сусло Тетяна].
[17-Jan-2025 10:26:29 Europe/Helsinki] NewDATA [INFO] Нова заявка Повірка, адреса: вул. Незалежності 52, кв. 24, лічильники: БЕЗ НОМЕРА - 1 шт., вартість: 300 грн., примітки: 13-17, 1 гв, можна раніше додано до БД користувачем [Сусло Тетяна].
[2025-01-17T10:26:32.821] [INFO] DataBase - У заявці Повірка від 17 січня 2025 р. за адресою вул. Незалежності, буд. 52, кв. 24 додано виконавця ЗАПЛАНОВАНІ та додано дату виконання 21 січня 2025 р. користувачем [Сусло Тетяна].
[17-Jan-2025 10:28:41 Europe/Helsinki] EditDATA [INFO] За адресою вул. Елеваторна 8 корпус А, кв. 77 користувачем [Сусло Тетяна] додано номер телефону +38(063)978-03-24, при створенні нової заявки [Повірка] від 17.01.2025.
[17-Jan-2025 10:28:41 Europe/Helsinki] NewDATA [INFO] Нова заявка Повірка, адреса: вул. Елеваторна 8 корпус А, кв. 77, лічильники: БЕЗ НОМЕРА - 1 шт., вартість: 300 грн., примітки: 8-13 додано до БД користувачем [Сусло Тетяна].
[2025-01-17T10:28:45.564] [INFO] DataBase - У заявці Повірка від 17 січня 2025 р. за адресою вул. Елеваторна, буд. 8, корп. А, кв. 77 додано виконавця ЗАПЛАНОВАНІ та додано дату виконання 21 січня 2025 р. користувачем [Сусло Тетяна].
[17-Jan-2025 10:29:25 Europe/Helsinki] NewDATA [INFO] Нова адреса вул. Гонча, буд. 90, кв. 30, тел. +38 (096) 564-25-22 додана до БД користувачем [Сусло Тетяна].
[17-Jan-2025 10:30:05 Europe/Helsinki] NewDATA [INFO] Нова заявка Повірка, адреса: вул. Гонча 90, кв. 30, лічильники: БЕЗ НОМЕРА - 2 шт., вартість: 600 грн., примітки: 8-13, в кв.29 дзвонити додано до БД користувачем [Сусло Тетяна].
[2025-01-17T10:30:08.832] [INFO] DataBase - У заявці Повірка від 17 січня 2025 р. за адресою вул. Гонча, буд. 90, кв. 30 додано виконавця ЗАПЛАНОВАНІ та додано дату виконання 21 січня 2025 р. користувачем [Сусло Тетяна].
[17-Jan-2025 10:31:07 Europe/Helsinki] NewDATA [INFO] Нова адреса вул. Всіхсвятська, буд. 8, кв. 60, тел. +38 (098) 406-77-72 додана до БД користувачем [Сусло Тетяна].
[17-Jan-2025 10:31:34 Europe/Helsinki] NewDATA [INFO] Нова заявка Повірка, адреса: вул. Всіхсвятська 8, кв. 60, лічильники: БЕЗ НОМЕРА - 1 шт., вартість: 300 грн., примітки: 8-13, 1 гв додано до БД користувачем [Сусло Тетяна].
[2025-01-17T10:31:37.282] [INFO] DataBase - У заявці Повірка від 17 січня 2025 р. за адресою вул. Всіхсвятська, буд. 8, кв. 60 додано виконавця ЗАПЛАНОВАНІ та додано дату виконання 20 січня 2025 р. користувачем [Сусло Тетяна].
[17-Jan-2025 10:32:46 Europe/Helsinki] EditDATA [INFO] За адресою просп. Перемоги 37, кв. 52 користувачем [Сусло Тетяна] змінені номери телефонів з +38(093)336-25-00, +38(063)921-33-78 на +38(067)277-27-14, при створенні нової заявки [Повірка] від 17.01.2025.
[17-Jan-2025 10:32:46 Europe/Helsinki] NewDATA [INFO] Нова заявка Повірка, адреса: просп. Перемоги 37, кв. 52, лічильники: БЕЗ НОМЕРА - 2 шт., вартість: 600 грн., примітки: 8-11 додано до БД користувачем [Сусло Тетяна].
[2025-01-17T10:32:49.618] [INFO] DataBase - У заявці Повірка від 17 січня 2025 р. за адресою просп. Перемоги, буд. 37, кв. 52 додано виконавця ЗАПЛАНОВАНІ та додано дату виконання 21 січня 2025 р. користувачем [Сусло Тетяна].
[17-Jan-2025 10:33:39 Europe/Helsinki] NewDATA [INFO] Нова адреса вул. Захисників України, буд. 12, кв. 29, тел. +38 (068) 355-11-96 додана до БД користувачем [Сусло Тетяна].
[17-Jan-2025 10:34:19 Europe/Helsinki] NewDATA [INFO] Нова заявка Повірка, адреса: вул. Захисників України 12, кв. 29, лічильники: БЕЗ НОМЕРА - 2 шт., вартість: 600 грн., примітки: 8-13, за 30 хв додано до БД користувачем [Сусло Тетяна].
[2025-01-17T10:34:22.826] [INFO] DataBase - У заявці Повірка від 17 січня 2025 р. за адресою вул. Захисників України, буд. 12, кв. 29 додано виконавця ЗАПЛАНОВАНІ та додано дату виконання 21 січня 2025 р. користувачем [Сусло Тетяна].
[2025-01-17T10:35:49.412] [INFO] DataBase - У заявці Повірка від 17 січня 2025 р. за адресою вул. Захисників України, буд. 12, кв. 29 видалено виконавця ЗАПЛАНОВАНІ та видалено дату виконання 21 січня 2025 р. користувачем [Сусло Тетяна].
[2025-01-17T10:35:54.859] [INFO] DataBase - У заявці Повірка від 17 січня 2025 р. за адресою вул. Захисників України, буд. 12, кв. 29 додано виконавця ЗАПЛАНОВАНІ та додано дату виконання 24 січня 2025 р. користувачем [Сусло Тетяна].
[17-Jan-2025 10:44:41 Europe/Helsinki] NewDATA [INFO] Нова заявка Заміна, адреса: вул. Льотна 29, кв. 8, лічильники: 366547, вартість: 1060 грн., примітки: 8-13с/в.хол.№366547 додано до БД користувачем [Коваль Людмила].
[2025-01-17T10:44:48.395] [INFO] DataBase - У заявці Заміна від 17 січня 2025 р. за адресою вул. Льотна, буд. 29, кв. 8 додано виконавця Баранов та додано дату виконання 22 січня 2025 р. користувачем [Коваль Людмила].
[17-Jan-2025 10:47:17 Europe/Helsinki] NewDATA [INFO] Новий лічильник номер: 191257997, тип: СВК => DN 15, рік випуску: 2019, показники: 0, балансоутримувач: КП "ВДК" додано до БД користувачем [Коваль Людмила].
[17-Jan-2025 10:47:47 Europe/Helsinki] NewDATA [INFO] Новий лічильник номер: 191264266, тип: СВК => DN 15, рік випуску: 2019, показники: 0, балансоутримувач: КП "ТКЕ" додано до БД користувачем [Коваль Людмила].
[17-Jan-2025 10:47:52 Europe/Helsinki] EditDATA [INFO] За адресою вул. Чорновола Вячеслава, буд. 8, кв. 47 користувачем [Коваль Людмила] було додано лічильники: 191257997, 191264266].
[17-Jan-2025 10:47:55 Europe/Helsinki] EditDATA [INFO] За адресою вул. Красносільського 79, кв. 106 користувачем [Сусло Тетяна] змінені номери телефонів з +38(093)372-46-25 на +38(093)358-56-68, при створенні нової заявки [Заміна] від 17.01.2025.
[17-Jan-2025 10:47:55 Europe/Helsinki] NewDATA [INFO] Нова заявка Заміна, адреса: вул. Красносільського 79, кв. 106, лічильники: БЕЗ НОМЕРА - 2 шт., виконавець: Баранов, вартість: 700 грн., примітки: 8-13, 1 хв, 1 гв, туалет додано до БД користувачем [Сусло Тетяна].
[2025-01-17T10:47:59.331] [INFO] DataBase - У заявці Заміна від 17 січня 2025 р. за адресою вул. Красносільського, буд. 79, кв. 106 додано дату виконання 24 січня 2025 р. користувачем [Сусло Тетяна].
[17-Jan-2025 10:49:07 Europe/Helsinki] NewDATA [INFO] Новий лічильник номер: 591883, тип: КВ-1,5 => DN 15, рік випуску: 2008, показники: 0, балансоутримувач: КП "ВДК" додано до БД користувачем [Коваль Людмила].
[17-Jan-2025 10:49:29 Europe/Helsinki] EditDATA [INFO] За адресою вул. Освіти 8, кв. 39 користувачем [Сусло Тетяна] змінені номери телефонів з +38(063)120-30-25 на +38(093)545-11-99, при створенні нової заявки [Повірка] від 17.01.2025.
[17-Jan-2025 10:49:29 Europe/Helsinki] NewDATA [INFO] Нова заявка Повірка, адреса: вул. Освіти 8, кв. 39, лічильники: БЕЗ НОМЕРА - 2 шт., вартість: 600 грн., примітки: 9-13 додано до БД користувачем [Сусло Тетяна].
[2025-01-17T10:49:32.732] [INFO] DataBase - У заявці Повірка від 17 січня 2025 р. за адресою вул. Освіти, буд. 8, кв. 39 додано виконавця ЗАПЛАНОВАНІ та додано дату виконання 24 січня 2025 р. користувачем [Сусло Тетяна].
[17-Jan-2025 10:49:40 Europe/Helsinki] NewDATA [INFO] Новий лічильник номер: 6850241, тип: ЛК => DN 15, рік випуску: 2016, показники: 0, балансоутримувач: КП "ТКЕ" додано до БД користувачем [Коваль Людмила].
[17-Jan-2025 10:49:42 Europe/Helsinki] EditDATA [INFO] За адресою вул. Богуна Івана, буд. 45, кв. 11 користувачем [Коваль Людмила] було додано лічильники: 591883, 6850241].
[17-Jan-2025 11:20:01 Europe/Helsinki] NewDATA [INFO] Новий лічильник номер: 191696, тип: КВ-1,5 => DN 15, рік випуску: 2003, показники: 0, балансоутримувач: КП "ВДК" додано до БД користувачем [Коваль Людмила].
[17-Jan-2025 11:22:32 Europe/Helsinki] NewDATA [INFO] Новий лічильник номер: 191969, тип: КВ-1,5 => DN 15, рік випуску: 2003, показники: 0, балансоутримувач: КП "ТКЕ" додано до БД користувачем [Коваль Людмила].
[17-Jan-2025 11:26:56 Europe/Helsinki] NewDATA [INFO] Новий лічильник номер: 191257038, тип: СВК => DN 15, рік випуску: 2019, показники: 0, балансоутримувач: КП "ВДК" додано до БД користувачем [Коваль Людмила].
[17-Jan-2025 11:27:24 Europe/Helsinki] NewDATA [INFO] Новий лічильник номер: 191264527, тип: СВК => DN 15, рік випуску: 2019, показники: 0, балансоутримувач: КП "ТКЕ" додано до БД користувачем [Коваль Людмила].
[17-Jan-2025 11:27:26 Europe/Helsinki] EditDATA [INFO] За адресою просп. Перемоги, буд. 102, кв. 70 користувачем [Коваль Людмила] було додано лічильники: 191257038, 191264527].
[17-Jan-2025 11:28:14 Europe/Helsinki] NewDATA [INFO] Новий лічильник номер: 033124, тип: КВ-1,5 => DN 15, рік випуску: 2020, показники: 0, балансоутримувач: КП "ВДК" додано до БД користувачем [Коваль Людмила].
[17-Jan-2025 11:28:15 Europe/Helsinki] EditDATA [INFO] За адресою просп. Миру, буд. 75, корп. Б, кв. 40 користувачем [Коваль Людмила] було додано лічильники: 033124].
[17-Jan-2025 11:36:52 Europe/Helsinki] EditDATA [INFO] За адресою вул. Толстого 152, кв. 40 користувачем [Сусло Тетяна] змінені номери телефонів з +38(063)161-80-58, +38(095)893-48-72, +38(093)137-65-99 на +38(095)893-48-72, при створенні нової заявки [Повірка] від 17.01.2025.
[17-Jan-2025 11:36:53 Europe/Helsinki] NewDATA [INFO] Нова заявка Повірка, адреса: вул. Толстого 152, кв. 40, лічильники: БЕЗ НОМЕРА - 2 шт., вартість: 600 грн., примітки: 13-15, працює в садочку додано до БД користувачем [Сусло Тетяна].
[2025-01-17T11:36:56.030] [INFO] DataBase - У заявці Повірка від 17 січня 2025 р. за адресою вул. Толстого, буд. 152, кв. 40 додано виконавця ЗАПЛАНОВАНІ та додано дату виконання 21 січня 2025 р. користувачем [Сусло Тетяна].
[17-Jan-2025 11:37:43 Europe/Helsinki] EditDATA [INFO] За адресою вул. Доценка 30, кв. 7 користувачем [Сусло Тетяна] змінені номери телефонів з +38(099)386-24-88 на +38(093)354-71-52, при створенні нової заявки [Повірка] від 17.01.2025.
[17-Jan-2025 11:37:43 Europe/Helsinki] NewDATA [INFO] Нова заявка Повірка, адреса: вул. Доценка 30, кв. 7, лічильники: БЕЗ НОМЕРА - 2 шт., вартість: 600 грн., примітки: 11-15 додано до БД користувачем [Сусло Тетяна].
[2025-01-17T11:37:46.982] [INFO] DataBase - У заявці Повірка від 17 січня 2025 р. за адресою вул. Доценка, буд. 30, кв. 7 додано виконавця ЗАПЛАНОВАНІ та додано дату виконання 20 січня 2025 р. користувачем [Сусло Тетяна].
[17-Jan-2025 12:42:25 Europe/Helsinki] EditDATA [INFO] Для заявки Повірка від 16.01.2025 користувачем [Коваль Людмила] змінено виконавця з ЗАПЛАНОВАНІ на Осипенко.
[2025-01-17T12:42:34.324] [INFO] DataBase - У заявці Повірка від 5 вересня 2024 р. за адресою вул. Преображенська, буд. 14, корп. А, кв. 19 додано дату виконання 22 січня 2025 р. користувачем [Коваль Людмила].
[17-Jan-2025 12:42:52 Europe/Helsinki] EditDATA [INFO] Для заявки Повірка від 05.09.2024 користувачем [Коваль Людмила] змінено виконавця з Осипенко на ЗАПЛАНОВАНІ.
[2025-01-17T12:43:26.347] [INFO] DataBase - У заявці Повірка від 16 січня 2025 р. за адресою вул. Преображенська, буд. 16, кв. 4 видалено дату виконання 24 січня 2025 р. користувачем [Коваль Людмила].
[2025-01-17T12:43:32.356] [INFO] DataBase - У заявці Повірка від 16 січня 2025 р. за адресою вул. Преображенська, буд. 16, кв. 4 додано дату виконання 22 січня 2025 р. користувачем [Коваль Людмила].
[17-Jan-2025 12:43:44 Europe/Helsinki] EditDATA [INFO] Для заявки Повірка від 16.01.2025 користувачем [Коваль Людмила] змінено виконавця з Осипенко на ЗАПЛАНОВАНІ.
[17-Jan-2025 12:58:07 Europe/Helsinki] NewDATA [INFO] Нова заявка Повірка, адреса: вул. Дніпровська 6, кв. 10, лічильники: БЕЗ НОМЕРА - 2 шт., вартість: 600 грн., примітки: 13-17,пер.за 10 хв. додано до БД користувачем [Коваль Людмила].
[2025-01-17T12:58:15.795] [INFO] DataBase - У заявці Повірка від 17 січня 2025 р. за адресою вул. Дніпровська, буд. 6, кв. 10 додано виконавця ЗАПЛАНОВАНІ та додано дату виконання 23 січня 2025 р. користувачем [Коваль Людмила].
[17-Jan-2025 12:59:31 Europe/Helsinki] NewDATA [INFO] Нова заявка Заміна, адреса: вул. 1-ої танкової бригади 24, кв. 61, лічильники: 557884, вартість: 1060 грн., примітки: 8-9,хол.кух.№557884 додано до БД користувачем [Коваль Людмила].
[2025-01-17T12:59:35.613] [INFO] DataBase - У заявці Заміна від 17 січня 2025 р. за адресою вул. 1-ої танкової бригади, буд. 24, кв. 61 додано виконавця Баранов та додано дату виконання 22 січня 2025 р. користувачем [Коваль Людмила].
[17-Jan-2025 13:00:51 Europe/Helsinki] NewDATA [INFO] Нова адреса вул. Захисників України, буд. 14, корп. Б, кв. 89, тел. +38 (063) 109-34-51 додана до БД користувачем [Коваль Людмила].
[17-Jan-2025 13:03:15 Europe/Helsinki] NewDATA [INFO] Нова адреса вул. Захисників України, буд. 12, корп. Б, кв. 89, тел. +38 (063) 109-34-51 додана до БД користувачем [Коваль Людмила].
[17-Jan-2025 13:03:46 Europe/Helsinki] NewDATA [INFO] Нова заявка Повірка, адреса: вул. Захисників України 12 корпус Б, кв. 89, лічильники: БЕЗ НОМЕРА - 2 шт., вартість: 600 грн., примітки: 13-17 додано до БД користувачем [Коваль Людмила].
[2025-01-17T13:03:53.143] [INFO] DataBase - У заявці Повірка від 17 січня 2025 р. за адресою вул. Захисників України, буд. 12, корп. Б, кв. 89 додано виконавця ЗАПЛАНОВАНІ та додано дату виконання 20 січня 2025 р. користувачем [Коваль Людмила].
[17-Jan-2025 13:04:08 Europe/Helsinki] EditDATA [INFO] Для заявки Повірка від 13.01.2025 користувачем [Коваль Людмила] змінено виконавця з ЗАПЛАНОВАНІ на Ващенко.
[17-Jan-2025 13:04:28 Europe/Helsinki] EditDATA [INFO] Для заявки Повірка від 13.01.2025 користувачем [Коваль Людмила] змінено виконавця з ЗАПЛАНОВАНІ на Ващенко.
[17-Jan-2025 13:09:16 Europe/Helsinki] EditDATA [INFO] Для заявки Повірка від 10.01.2025 користувачем [Коваль Людмила] змінено виконавця з ЗАПЛАНОВАНІ на Шкуліпа.
[17-Jan-2025 13:09:26 Europe/Helsinki] EditDATA [INFO] Для заявки Повірка від 16.01.2025 користувачем [Коваль Людмила] змінено виконавця з ЗАПЛАНОВАНІ на Шкуліпа.
[17-Jan-2025 13:09:36 Europe/Helsinki] EditDATA [INFO] Для заявки Повірка від 16.01.2025 користувачем [Коваль Людмила] змінено виконавця з ЗАПЛАНОВАНІ на Шкуліпа.
[17-Jan-2025 13:09:49 Europe/Helsinki] EditDATA [INFO] Для заявки Повірка від 10.01.2025 користувачем [Коваль Людмила] змінено виконавця з ЗАПЛАНОВАНІ на Шкуліпа.
[17-Jan-2025 13:10:24 Europe/Helsinki] EditDATA [INFO] Для заявки Повірка від 16.01.2025 користувачем [Коваль Людмила] змінено виконавця з ЗАПЛАНОВАНІ на Ващенко.
[17-Jan-2025 13:10:34 Europe/Helsinki] EditDATA [INFO] Для заявки Повірка від 17.01.2025 користувачем [Коваль Людмила] змінено виконавця з ЗАПЛАНОВАНІ на Ващенко.
[17-Jan-2025 13:10:55 Europe/Helsinki] EditDATA [INFO] Для заявки Повірка від 17.01.2025 користувачем [Коваль Людмила] змінено виконавця з ЗАПЛАНОВАНІ на Осипенко.
[17-Jan-2025 13:11:08 Europe/Helsinki] EditDATA [INFO] Для заявки Повірка від 16.01.2025 користувачем [Коваль Людмила] змінено виконавця з ЗАПЛАНОВАНІ на Осипенко.
[17-Jan-2025 13:11:32 Europe/Helsinki] EditDATA [INFO] Для заявки Повірка від 17.01.2025 користувачем [Коваль Людмила] змінено виконавця з ЗАПЛАНОВАНІ на Осипенко.
[17-Jan-2025 13:11:43 Europe/Helsinki] EditDATA [INFO] Для заявки Повірка від 15.01.2025 користувачем [Коваль Людмила] змінено виконавця з ЗАПЛАНОВАНІ на Осипенко.
[17-Jan-2025 13:12:48 Europe/Helsinki] NewDATA [INFO] Нова адреса вул. Космонавтів, буд. 18, кв. 35, тел. +38 (068) 070-75-00 додана до БД користувачем [Сусло Тетяна].
[17-Jan-2025 13:13:24 Europe/Helsinki] NewDATA [INFO] Нова заявка Повірка, адреса: вул. Космонавтів 18, кв. 35, лічильники: БЕЗ НОМЕРА - 2 шт., вартість: 600 грн., примітки: 13-17 додано до БД користувачем [Сусло Тетяна].
[2025-01-17T13:13:32.846] [INFO] DataBase - У заявці Повірка від 17 січня 2025 р. за адресою вул. Космонавтів, буд. 18, кв. 35 додано виконавця ЗАПЛАНОВАНІ та додано дату виконання 17 січня 2025 р. користувачем [Сусло Тетяна].
[17-Jan-2025 13:14:04 Europe/Helsinki] DellTASK [INFO] Повірка від 17.01.2025 для адреси вул. Космонавтів, буд. 18, кв. 35 для лічильника БЕЗ НОМЕРА - 2 шт. було відмінено користувачем [Сусло Тетяна] з коментарем: повтор.
[17-Jan-2025 13:14:31 Europe/Helsinki] NewDATA [INFO] Нова заявка Повірка, адреса: вул. Космонавтів 18, кв. 35, лічильники: БЕЗ НОМЕРА - 2 шт., вартість: 600 грн., примітки: 13-17 додано до БД користувачем [Сусло Тетяна].
[2025-01-17T13:14:38.094] [INFO] DataBase - У заявці Повірка від 17 січня 2025 р. за адресою вул. Космонавтів, буд. 18, кв. 35 додано виконавця ЗАПЛАНОВАНІ та додано дату виконання 20 січня 2025 р. користувачем [Сусло Тетяна].
[17-Jan-2025 13:15:54 Europe/Helsinki] EditDATA [INFO] Для заявки Повірка від 16.01.2025 користувачем [Коваль Людмила] змінено виконавця з ЗАПЛАНОВАНІ на Шкуліпа.
[17-Jan-2025 13:16:06 Europe/Helsinki] EditDATA [INFO] Для заявки Повірка від 17.01.2025 користувачем [Коваль Людмила] змінено виконавця з ЗАПЛАНОВАНІ на Ващенко.
[17-Jan-2025 13:16:16 Europe/Helsinki] EditDATA [INFO] Для заявки Повірка від 15.01.2025 користувачем [Коваль Людмила] змінено виконавця з ЗАПЛАНОВАНІ на Шкуліпа.
[17-Jan-2025 13:16:26 Europe/Helsinki] EditDATA [INFO] Для заявки Повірка від 13.01.2025 користувачем [Коваль Людмила] змінено виконавця з ЗАПЛАНОВАНІ на Шкуліпа.
[17-Jan-2025 13:18:15 Europe/Helsinki] EditDATA [INFO] За адресою вул. Льотна 3 корпус Б, кв. 8 користувачем [Сусло Тетяна] змінені номери телефонів з +38(067)701-93-29, +38(097)878-61-81 на +38(093)660-35-00, при створенні нової заявки [Повірка] від 17.01.2025.
[17-Jan-2025 13:18:15 Europe/Helsinki] NewDATA [INFO] Нова заявка Повірка, адреса: вул. Льотна 3 корпус Б, кв. 8, лічильники: БЕЗ НОМЕРА - 2 шт., вартість: 600 грн., примітки: 11-15, за 30 хв додано до БД користувачем [Сусло Тетяна].
[2025-01-17T13:18:19.833] [INFO] DataBase - У заявці Повірка від 17 січня 2025 р. за адресою вул. Льотна, буд. 3, корп. Б, кв. 8 додано виконавця Шкуліпа та додано дату виконання 20 січня 2025 р. користувачем [Сусло Тетяна].
[17-Jan-2025 13:20:09 Europe/Helsinki] NewDATA [INFO] Нова заявка Повірка, адреса: вул. Дніпровська 4, кв. 46, лічильники: БЕЗ НОМЕРА - 1 шт., вартість: 300 грн., примітки: 13-17, за 1 год, 1 гв додано до БД користувачем [Сусло Тетяна].
[2025-01-17T13:20:12.722] [INFO] DataBase - У заявці Повірка від 17 січня 2025 р. за адресою вул. Дніпровська, буд. 4, кв. 46 додано виконавця ЗАПЛАНОВАНІ та додано дату виконання 23 січня 2025 р. користувачем [Сусло Тетяна].
[17-Jan-2025 13:21:44 Europe/Helsinki] NewDATA [INFO] Нова заявка Заміна, адреса: вул. Дніпровська 4, кв. 46, лічильники: БЕЗ НОМЕРА - 1 шт., виконавець: Баранов, вартість: 1060 грн., примітки: 13-17, за 1 год, 1 хв, туалет додано до БД користувачем [Сусло Тетяна].
[2025-01-17T13:21:48.171] [INFO] DataBase - У заявці Заміна від 17 січня 2025 р. за адресою вул. Дніпровська, буд. 4, кв. 46 додано дату виконання 21 січня 2025 р. користувачем [Сусло Тетяна].
[17-Jan-2025 13:24:36 Europe/Helsinki] NewDATA [INFO] Нова адреса вул. Льотна, буд. 11, корп. А, кв. 66, тел. +38 (063) 562-28-86 додана до БД користувачем [Сусло Тетяна].
[17-Jan-2025 13:25:28 Europe/Helsinki] NewDATA [INFO] Нова заявка Заміна, адреса: вул. Льотна 11 корпус А, кв. 66, лічильники: БЕЗ НОМЕРА - 1 шт., виконавець: Баранов, вартість: 1060 грн., примітки: 8-13, 1 хв, кухня додано до БД користувачем [Сусло Тетяна].
[2025-01-17T13:25:31.021] [INFO] DataBase - У заявці Заміна від 17 січня 2025 р. за адресою вул. Льотна, буд. 11, корп. А, кв. 66 додано дату виконання 22 січня 2025 р. користувачем [Сусло Тетяна].
[17-Jan-2025 13:26:18 Europe/Helsinki] NewDATA [INFO] Нова адреса вул. Освіти, буд. 10, кв. 51, тел. +38 (066) 245-82-79 додана до БД користувачем [Сусло Тетяна].
[17-Jan-2025 13:26:40 Europe/Helsinki] NewDATA [INFO] Нова заявка Повірка, адреса: вул. Освіти 10, кв. 51, лічильники: БЕЗ НОМЕРА - 2 шт., вартість: 600 грн., примітки: 8-13 додано до БД користувачем [Сусло Тетяна].
[2025-01-17T13:26:43.525] [INFO] DataBase - У заявці Повірка від 17 січня 2025 р. за адресою вул. Освіти, буд. 10, кв. 51 додано виконавця ЗАПЛАНОВАНІ та додано дату виконання 24 січня 2025 р. користувачем [Сусло Тетяна].
[17-Jan-2025 13:28:14 Europe/Helsinki] NewDATA [INFO] Нова заявка Заміна, адреса: вул. Гетьмана Полуботка 76, кв. 2, лічильники: 542698, виконавець: Баранов, вартість: 1060 грн., примітки: 8-13, 1хв, №542698 додано до БД користувачем [Сусло Тетяна].
[2025-01-17T13:28:18.408] [INFO] DataBase - У заявці Заміна від 17 січня 2025 р. за адресою вул. Гетьмана Полуботка, буд. 76, кв. 2 додано дату виконання 22 січня 2025 р. користувачем [Сусло Тетяна].
[17-Jan-2025 13:29:49 Europe/Helsinki] EditDATA [INFO] Для заявки Заміна від 17.01.2025 користувачем [Сусло Тетяна] змінено примітки з 8-13, 1хв, №542698 на 13-17, 1хв, №542698.
[17-Jan-2025 13:36:41 Europe/Helsinki] NewDATA [INFO] Нова адреса просп. Левка Лукяненка, буд. 6, корп. А, кв. 101, тел. +38 (067) 418-52-69 додана до БД користувачем [Коваль Людмила].
[17-Jan-2025 13:37:15 Europe/Helsinki] NewDATA [INFO] Нова заявка Повірка, адреса: просп. Левка Лукяненка 6 корпус А, кв. 101, лічильники: БЕЗ НОМЕРА - 1 шт., вартість: 300 грн., примітки: 8-13 додано до БД користувачем [Коваль Людмила].
[2025-01-17T13:37:32.466] [INFO] DataBase - У заявці Повірка від 17 січня 2025 р. за адресою просп. Левка Лукяненка, буд. 6, корп. А, кв. 101 додано виконавця Осипенко та додано дату виконання 20 січня 2025 р. користувачем [Коваль Людмила].
[17-Jan-2025 13:38:11 Europe/Helsinki] NewDATA [INFO] Нова адреса вул. Всіхсвятська, буд. 16, кв. 179, тел. +38 (093) 850-95-99 додана до БД користувачем [Коваль Людмила].
[17-Jan-2025 13:38:54 Europe/Helsinki] NewDATA [INFO] Нова заявка Повірка, адреса: вул. Всіхсвятська 16, кв. 179, лічильники: БЕЗ НОМЕРА - 4 шт., вартість: 1200 грн., примітки: 13-17,пер.за 30 хв. додано до БД користувачем [Коваль Людмила].
[2025-01-17T13:38:59.088] [INFO] DataBase - У заявці Повірка від 17 січня 2025 р. за адресою вул. Всіхсвятська, буд. 16, кв. 179 додано виконавця Осипенко та додано дату виконання 20 січня 2025 р. користувачем [Коваль Людмила].
[17-Jan-2025 13:42:54 Europe/Helsinki] EditDATA [INFO] За адресою вул. Магістратська 9, кв. 5 користувачем [Коваль Людмила] змінені номери телефонів з +38(068)404-03-85, +38(066)606-08-60 на +38(066)606-08-60, при створенні нової заявки [Повірка] від 17.01.2025.
[17-Jan-2025 13:42:54 Europe/Helsinki] NewDATA [INFO] Нова заявка Повірка, адреса: вул. Магістратська 9, кв. 5, лічильники: БЕЗ НОМЕРА - 1 шт., вартість: 300 грн., примітки: 13-17,пер.за 30 хв. додано до БД користувачем [Коваль Людмила].
[2025-01-17T13:42:58.889] [INFO] DataBase - У заявці Повірка від 17 січня 2025 р. за адресою вул. Магістратська, буд. 9, кв. 5 додано виконавця ЗАПЛАНОВАНІ та додано дату виконання 22 січня 2025 р. користувачем [Коваль Людмила].
[17-Jan-2025 13:45:47 Europe/Helsinki] NewDATA [INFO] Нова адреса просп. Левка Лукяненка, буд. 14, корп. В, кв. 23, тел. +38 (093) 834-54-22 додана до БД користувачем [Сусло Тетяна].
[17-Jan-2025 13:46:15 Europe/Helsinki] NewDATA [INFO] Нова заявка Повірка, адреса: просп. Левка Лукяненка 14 корпус В, кв. 23, лічильники: БЕЗ НОМЕРА - 2 шт., вартість: 600 грн., примітки: 13-17, за 30 хв додано до БД користувачем [Сусло Тетяна].
[2025-01-17T13:46:18.719] [INFO] DataBase - У заявці Повірка від 17 січня 2025 р. за адресою просп. Левка Лукяненка, буд. 14, корп. В, кв. 23 додано виконавця Осипенко та додано дату виконання 20 січня 2025 р. користувачем [Сусло Тетяна].
[17-Jan-2025 13:47:15 Europe/Helsinki] EditDATA [INFO] За адресою вул. Коцюбинського 83, кв. 18 користувачем [Сусло Тетяна] змінені номери телефонів з +38(093)907-39-35 на +38(093)907-39-78, при створенні нової заявки [Повірка] від 17.01.2025.
[17-Jan-2025 13:47:15 Europe/Helsinki] NewDATA [INFO] Нова заявка Повірка, адреса: вул. Коцюбинського 83, кв. 18, лічильники: БЕЗ НОМЕРА - 2 шт., вартість: 600 грн., примітки: 8-13 додано до БД користувачем [Сусло Тетяна].
[2025-01-17T13:47:21.293] [INFO] DataBase - У заявці Повірка від 17 січня 2025 р. за адресою вул. Коцюбинського, буд. 83, кв. 18 додано виконавця ЗАПЛАНОВАНІ та додано дату виконання 22 січня 2025 р. користувачем [Сусло Тетяна].
[17-Jan-2025 13:48:07 Europe/Helsinki] NewDATA [INFO] Нова адреса вул. Волковича, буд. 2, кв. 92, тел. +38 (099) 435-22-04 додана до БД користувачем [Сусло Тетяна].
[17-Jan-2025 13:48:41 Europe/Helsinki] NewDATA [INFO] Нова заявка Повірка, адреса: вул. Волковича 2, кв. 92, лічильники: БЕЗ НОМЕРА - 4 шт., вартість: 1200 грн., примітки: 8-13, за 30 хв додано до БД користувачем [Сусло Тетяна].
[2025-01-17T13:48:44.559] [INFO] DataBase - У заявці Повірка від 17 січня 2025 р. за адресою вул. Волковича, буд. 2, кв. 92 додано виконавця ЗАПЛАНОВАНІ та додано дату виконання 10 лютого 2025 р. користувачем [Сусло Тетяна].
[17-Jan-2025 15:11:25 Europe/Helsinki] NewDATA [INFO] Нова адреса вул. курсанта Єськова, буд. 26, корп. А, кв. 56, тел. +38 (093) 975-48-62 додана до БД користувачем [Сусло Тетяна].
[17-Jan-2025 15:12:17 Europe/Helsinki] NewDATA [INFO] Нова адреса просп. Грушевського Михайла, буд. 195, корп. А, кв. 64, тел. +38 (063) 648-09-80 додана до БД користувачем [Коваль Людмила].
[17-Jan-2025 15:12:54 Europe/Helsinki] NewDATA [INFO] Нова заявка Повірка, адреса: просп. Грушевського Михайла 195 корпус А, кв. 64, лічильники: БЕЗ НОМЕРА - 1 шт., вартість: 300 грн., примітки: 8-13,пер.за час додано до БД користувачем [Коваль Людмила].
[2025-01-17T15:13:00.521] [INFO] DataBase - У заявці Повірка від 17 січня 2025 р. за адресою просп. Грушевського Михайла, буд. 195, корп. А, кв. 64 додано виконавця Ващенко та додано дату виконання 20 січня 2025 р. користувачем [Коваль Людмила].
[17-Jan-2025 15:13:23 Europe/Helsinki] NewDATA [INFO] Нова заявка Повірка, адреса: вул. курсанта Єськова 26 корпус А, кв. 56, лічильники: БЕЗ НОМЕРА - 1 шт., вартість: 300 грн., примітки: 13-17, за 30 хв, подовжув додано до БД користувачем [Сусло Тетяна].
[2025-01-17T15:13:27.458] [INFO] DataBase - У заявці Повірка від 17 січня 2025 р. за адресою вул. курсанта Єськова, буд. 26, корп. А, кв. 56 додано виконавця ЗАПЛАНОВАНІ та додано дату виконання 22 січня 2025 р. користувачем [Сусло Тетяна].

