[03-Oct-2024 08:16:05 Europe/Helsinki] NewDATA [INFO] Новий лічильник номер: 299227, тип: КВ-1,5 => DN 15, рік випуску: 2015, показники: 0, розташування: Ванна, балансоутримувач: КП "ТКЕ" додано до БД користувачем [Сміян Альона].
[03-Oct-2024 08:16:08 Europe/Helsinki] EditDATA [INFO] Для заявки Повірка від 30.09.2024 користувачем [Сміян Альона] лічильник БЕЗ НОМЕРА ідентифіковано як 299227.
[03-Oct-2024 08:16:36 Europe/Helsinki] NewDATA [INFO] Нова адреса просп. Левка Лукяненка, буд. 21, кв. 64, тел. +38 (097) 498-16-58 додана до БД користувачем [Сусло Тетяна].
[03-Oct-2024 08:16:38 Europe/Helsinki] NewDATA [INFO] Новий лічильник номер: 593034, тип: КВ-1,5 => DN 15, рік випуску: 2006, показники: 0, розташування: Кухня, балансоутримувач: КП "ТКЕ" додано до БД користувачем [Сміян Альона].
[03-Oct-2024 08:16:41 Europe/Helsinki] EditDATA [INFO] Для заявки Повірка від 30.09.2024 користувачем [Сміян Альона] лічильник БЕЗ НОМЕРА ідентифіковано як 593034.
[03-Oct-2024 08:16:59 Europe/Helsinki] NewDATA [INFO] Нова заявка Повірка, адреса: просп. Левка Лукяненка 21, кв. 64, лічильники: БЕЗ НОМЕРА - 1 шт., вартість: 300 грн., примітки: 8-13 додано до БД користувачем [Сусло Тетяна].
[03-Oct-2024 08:17:08 Europe/Helsinki] NewDATA [INFO] Новий лічильник номер: 581706, тип: КВ-1,5 => DN 15, рік випуску: 2006, показники: 0, розташування: Кухня, балансоутримувач: КП "ВДК" додано до БД користувачем [Сміян Альона].
[2024-10-03T08:17:16.711] [INFO] DataBase - У заявці Повірка від 3 жовтня 2024 р. за адресою просп. Левка Лукяненка, буд. 21, кв. 64 додано виконавця ЗАПЛАНОВАНІ та додано дату виконання 7 жовтня 2024 р. користувачем [Сусло Тетяна].
[03-Oct-2024 08:17:37 Europe/Helsinki] NewDATA [INFO] Новий лічильник номер: 242243, тип: КВ-1,5 => DN 15, рік випуску: 2011, показники: 0, розташування: Ванна, балансоутримувач: КП "ВДК" додано до БД користувачем [Сміян Альона].
[03-Oct-2024 08:17:40 Europe/Helsinki] EditDATA [INFO] В заявці Повірка від 30.09.2024 за адресою вул. Мазепи Івана, буд. 11, кв. 105 було додано лічильники: 581706 користувачем [Сміян Альона].
[03-Oct-2024 08:17:59 Europe/Helsinki] EditDATA [INFO] В заявці Повірка від 30.09.2024 за адресою вул. Мазепи Івана, буд. 11, кв. 105 було додано лічильники: 242243 користувачем [Сміян Альона].
[03-Oct-2024 08:18:08 Europe/Helsinki] DellTASK [INFO] Повірка від 30.09.2024 для адреси вул. Мазепи Івана, буд. 11, кв. 105 для лічильників 299227, 593034, 581706, 242243 було завершено користувачем [Сміян Альона] з коментарем: виконано.
[03-Oct-2024 08:18:49 Europe/Helsinki] NewDATA [INFO] Новий лічильник номер: 11594279, тип: ResidiaJet => DN 15, рік випуску: 2018, показники: 0, розташування: Ванна, балансоутримувач: КП "ВДК" додано до БД користувачем [Сміян Альона].
[03-Oct-2024 08:18:52 Europe/Helsinki] EditDATA [INFO] Для заявки Повірка від 30.09.2024 користувачем [Сміян Альона] лічильник БЕЗ НОМЕРА ідентифіковано як 11594279.
[03-Oct-2024 08:19:23 Europe/Helsinki] NewDATA [INFO] Новий лічильник номер: 11592975, тип: ResidiaJet => DN 15, рік випуску: 2018, показники: 0, розташування: Ванна, балансоутримувач: КП "ТКЕ" додано до БД користувачем [Сміян Альона].
[03-Oct-2024 08:19:26 Europe/Helsinki] EditDATA [INFO] Для заявки Повірка від 30.09.2024 користувачем [Сміян Альона] лічильник БЕЗ НОМЕРА ідентифіковано як 11592975.
[03-Oct-2024 08:19:35 Europe/Helsinki] DellTASK [INFO] Повірка від 30.09.2024 для адреси вул. Старобілоуська, буд. 25, корп. Б, кв. 50 для лічильників 11594279, 11592975 було завершено користувачем [Сміян Альона] з коментарем: виконано.
[03-Oct-2024 08:20:15 Europe/Helsinki] NewDATA [INFO] Новий лічильник номер: 689589, тип: КВ-1,5 => DN 15, рік випуску: 2003, показники: 0, розташування: Ванна, балансоутримувач: КП "ТКЕ" додано до БД користувачем [Сміян Альона].
[03-Oct-2024 08:20:18 Europe/Helsinki] EditDATA [INFO] Для заявки Повірка від 30.09.2024 користувачем [Сміян Альона] лічильник БЕЗ НОМЕРА ідентифіковано як 689589.
[03-Oct-2024 08:20:47 Europe/Helsinki] NewDATA [INFO] Новий лічильник номер: 201321453, тип: СВК => DN 15, рік випуску: 2020, показники: 0, розташування: Ванна, балансоутримувач: КП "ВДК" додано до БД користувачем [Сміян Альона].
[03-Oct-2024 08:20:51 Europe/Helsinki] EditDATA [INFO] В заявці Повірка від 30.09.2024 за адресою вул. 1-ї Гвардійської Армії, буд. 4, кв. 99 було додано лічильники: 201321453 користувачем [Сміян Альона].
[03-Oct-2024 08:21:00 Europe/Helsinki] DellTASK [INFO] Повірка від 30.09.2024 для адреси вул. 1-ї Гвардійської Армії, буд. 4, кв. 99 для лічильників 689589, 201321453 було завершено користувачем [Сміян Альона] з коментарем: виконано.
[03-Oct-2024 08:21:33 Europe/Helsinki] NewDATA [INFO] Новий лічильник номер: 317248, тип: КВ-1,5 => DN 15, рік випуску: 2010, показники: 0, розташування: Ванна, балансоутримувач: КП "ВДК" додано до БД користувачем [Сміян Альона].
[03-Oct-2024 08:21:36 Europe/Helsinki] EditDATA [INFO] Для заявки Повірка від 26.09.2024 користувачем [Сміян Альона] лічильник БЕЗ НОМЕРА ідентифіковано як 317248.
[03-Oct-2024 08:21:58 Europe/Helsinki] NewDATA [INFO] Новий лічильник номер: 630991, тип: КВ-1,5 => DN 15, рік випуску: 2010, показники: 0, розташування: Ванна, балансоутримувач: КП "ТКЕ" додано до БД користувачем [Сміян Альона].
[03-Oct-2024 08:22:01 Europe/Helsinki] EditDATA [INFO] Для заявки Повірка від 26.09.2024 користувачем [Сміян Альона] лічильник БЕЗ НОМЕРА ідентифіковано як 630991.
[03-Oct-2024 08:22:10 Europe/Helsinki] DellTASK [INFO] Повірка від 26.09.2024 для адреси вул. 1-ї Гвардійської Армії, буд. 39, кв. 13 для лічильників 317248, 630991 було завершено користувачем [Сміян Альона] з коментарем: виконано.
[03-Oct-2024 08:22:49 Europe/Helsinki] NewDATA [INFO] Новий лічильник номер: 329439, тип: КВ-1,5 => DN 15, рік випуску: 2007, показники: 0, балансоутримувач: КП "ВДК" додано до БД користувачем [Сміян Альона].
[03-Oct-2024 08:22:53 Europe/Helsinki] EditDATA [INFO] Для заявки Повірка від 26.09.2024 користувачем [Сміян Альона] лічильник БЕЗ НОМЕРА ідентифіковано як 329439.
[03-Oct-2024 08:23:18 Europe/Helsinki] NewDATA [INFO] Новий лічильник номер: 282137, тип: КВ-1,5 => DN 15, рік випуску: 2007, показники: 0, балансоутримувач: КП "ТКЕ" додано до БД користувачем [Сміян Альона].
[03-Oct-2024 08:23:21 Europe/Helsinki] EditDATA [INFO] Для заявки Повірка від 26.09.2024 користувачем [Сміян Альона] лічильник БЕЗ НОМЕРА ідентифіковано як 282137.
[03-Oct-2024 08:23:30 Europe/Helsinki] DellTASK [INFO] Повірка від 26.09.2024 для адреси вул. Старобілоуська, буд. 25, корп. Б, кв. 84 для лічильників 329439, 282137 було завершено користувачем [Сміян Альона] з коментарем: виконано.
[03-Oct-2024 08:24:04 Europe/Helsinki] NewDATA [INFO] Новий лічильник номер: 309510, тип: КВ-1,5 => DN 15, рік випуску: 2006, показники: 0, розташування: Ванна, балансоутримувач: КП "ВДК" додано до БД користувачем [Сміян Альона].
[03-Oct-2024 08:24:07 Europe/Helsinki] EditDATA [INFO] Для заявки Повірка від 26.09.2024 користувачем [Сміян Альона] лічильник БЕЗ НОМЕРА ідентифіковано як 309510.
[03-Oct-2024 08:24:35 Europe/Helsinki] NewDATA [INFO] Новий лічильник номер: 7251407, тип: ЛК => DN 15, рік випуску: 2017, показники: 0, розташування: Ванна, балансоутримувач: КП "ТКЕ" додано до БД користувачем [Сміян Альона].
[03-Oct-2024 08:24:39 Europe/Helsinki] EditDATA [INFO] Для заявки Повірка від 26.09.2024 користувачем [Сміян Альона] лічильник БЕЗ НОМЕРА ідентифіковано як 7251407.
[03-Oct-2024 08:24:48 Europe/Helsinki] DellTASK [INFO] Повірка від 26.09.2024 для адреси вул. 1-ї Гвардійської Армії, буд. 16, кв. 64 для лічильників 309510, 7251407 було завершено користувачем [Сміян Альона] з коментарем: виконано.
[03-Oct-2024 08:25:47 Europe/Helsinki] NewDATA [INFO] Новий лічильник номер: 7192959, тип: ЛК => DN 15, рік випуску: 2017, показники: 0, розташування: Ванна, балансоутримувач: АТ "ОТКЕ" додано до БД користувачем [Сміян Альона].
[03-Oct-2024 08:25:50 Europe/Helsinki] EditDATA [INFO] Для заявки Повірка від 02.10.2024 користувачем [Сміян Альона] лічильник БЕЗ НОМЕРА ідентифіковано як 7192959.
[03-Oct-2024 08:25:59 Europe/Helsinki] EditDATA [INFO] В заявці Повірка від 02.10.2024 за адресою просп. Левка Лукяненка, буд. 18, кв. 28 було видалено БЕЗ НОМЕРУ - 1 шт. користувачем [Сміян Альона].
[03-Oct-2024 08:26:08 Europe/Helsinki] DellTASK [INFO] Повірка від 02.10.2024 для адреси просп. Левка Лукяненка, буд. 18, кв. 28 для лічильника 7192959 було завершено користувачем [Сміян Альона] з коментарем: виконано.
[03-Oct-2024 08:27:16 Europe/Helsinki] NewDATA [INFO] Новий лічильник номер: 5284570, тип: ЛК => DN 15, рік випуску: 2015, показники: 0, розташування: Кухня, балансоутримувач: КП "ВДК" додано до БД користувачем [Сміян Альона].
[03-Oct-2024 08:27:20 Europe/Helsinki] EditDATA [INFO] Для заявки Повірка від 01.10.2024 користувачем [Сміян Альона] лічильник БЕЗ НОМЕРА ідентифіковано як 5284570.
[03-Oct-2024 08:27:51 Europe/Helsinki] NewDATA [INFO] Новий лічильник номер: 5280568, тип: ЛК => DN 15, рік випуску: 2015, показники: 0, розташування: Кухня, балансоутримувач: АТ "ОТКЕ" додано до БД користувачем [Сміян Альона].
[03-Oct-2024 08:27:54 Europe/Helsinki] EditDATA [INFO] Для заявки Повірка від 01.10.2024 користувачем [Сміян Альона] лічильник БЕЗ НОМЕРА ідентифіковано як 5280568.
[03-Oct-2024 08:28:16 Europe/Helsinki] NewDATA [INFO] Новий лічильник номер: 5284635, тип: ЛК => DN 15, рік випуску: 2015, показники: 0, розташування: Ванна, балансоутримувач: КП "ВДК" додано до БД користувачем [Сміян Альона].
[03-Oct-2024 08:28:19 Europe/Helsinki] EditDATA [INFO] Для заявки Повірка від 01.10.2024 користувачем [Сміян Альона] лічильник БЕЗ НОМЕРА ідентифіковано як 5284635.
[03-Oct-2024 08:28:43 Europe/Helsinki] NewDATA [INFO] Новий лічильник номер: 5280491, тип: ЛК => DN 15, рік випуску: 2015, показники: 0, розташування: Ванна, балансоутримувач: АТ "ОТКЕ" додано до БД користувачем [Сміян Альона].
[03-Oct-2024 08:28:45 Europe/Helsinki] EditDATA [INFO] Для заявки Повірка від 01.10.2024 користувачем [Сміян Альона] лічильник БЕЗ НОМЕРА ідентифіковано як 5280491.
[03-Oct-2024 08:28:55 Europe/Helsinki] DellTASK [INFO] Повірка від 01.10.2024 для адреси просп. Грушевського Михайла, буд. 157, кв. 97 для лічильників 5284570, 5280568, 5284635, 5280491 було завершено користувачем [Сміян Альона] з коментарем: виконано.
[03-Oct-2024 08:29:29 Europe/Helsinki] NewDATA [INFO] Новий лічильник номер: 047700, тип: КВ-1,5 => DN 15, рік випуску: 2004, показники: 0, розташування: Ванна, балансоутримувач: КП "ВДК" додано до БД користувачем [Сміян Альона].
[03-Oct-2024 08:29:32 Europe/Helsinki] EditDATA [INFO] Для заявки Повірка від 01.10.2024 користувачем [Сміян Альона] лічильник БЕЗ НОМЕРА ідентифіковано як 047700.
[03-Oct-2024 08:29:41 Europe/Helsinki] DellTASK [INFO] Повірка від 01.10.2024 для адреси просп. Перемоги, буд. 174, кв. 84 для лічильника 047700 було завершено користувачем [Сміян Альона] з коментарем: виконано.
[03-Oct-2024 08:30:19 Europe/Helsinki] NewDATA [INFO] Новий лічильник номер: 0200202612, тип: ЛК => DN 15, рік випуску: 2020, показники: 0, розташування: Ванна, балансоутримувач: КП "ВДК" додано до БД користувачем [Сміян Альона].
[03-Oct-2024 08:30:22 Europe/Helsinki] EditDATA [INFO] Для заявки Повірка від 01.10.2024 користувачем [Сміян Альона] лічильник БЕЗ НОМЕРА ідентифіковано як 0200202612.
[03-Oct-2024 08:30:49 Europe/Helsinki] NewDATA [INFO] Новий лічильник номер: 0200214359, тип: ЛК => DN 15, рік випуску: 2020, показники: 0, розташування: Ванна, балансоутримувач: АТ "ОТКЕ" додано до БД користувачем [Сміян Альона].
[03-Oct-2024 08:30:52 Europe/Helsinki] EditDATA [INFO] Для заявки Повірка від 01.10.2024 користувачем [Сміян Альона] лічильник БЕЗ НОМЕРА ідентифіковано як 0200214359.
[03-Oct-2024 08:31:00 Europe/Helsinki] DellTASK [INFO] Повірка від 01.10.2024 для адреси просп. Грушевського Михайла, буд. 165, корп. 2, кв. 118 для лічильників 0200202612, 0200214359 було завершено користувачем [Сміян Альона] з коментарем: виконано.
[03-Oct-2024 08:31:40 Europe/Helsinki] NewDATA [INFO] Новий лічильник номер: 061915, тип: КВ-1,5 => DN 15, рік випуску: 2020, показники: 0, розташування: Ванна, балансоутримувач: АТ "ОТКЕ" додано до БД користувачем [Сміян Альона].
[03-Oct-2024 08:31:43 Europe/Helsinki] EditDATA [INFO] Для заявки Повірка від 01.10.2024 користувачем [Сміян Альона] лічильник БЕЗ НОМЕРА ідентифіковано як 061915.
[03-Oct-2024 08:32:08 Europe/Helsinki] NewDATA [INFO] Новий лічильник номер: 051842, тип: КВ-1,5 => DN 15, рік випуску: 2020, показники: 0, розташування: Ванна, балансоутримувач: КП "ВДК" додано до БД користувачем [Сміян Альона].
[03-Oct-2024 08:32:12 Europe/Helsinki] EditDATA [INFO] В заявці Повірка від 01.10.2024 за адресою просп. Левка Лукяненка, буд. 35, кв. 150 було додано лічильники: 051842 користувачем [Сміян Альона].
[03-Oct-2024 08:32:20 Europe/Helsinki] DellTASK [INFO] Повірка від 01.10.2024 для адреси просп. Левка Лукяненка, буд. 35, кв. 150 для лічильників 061915, 051842 було завершено користувачем [Сміян Альона] з коментарем: виконано.
[03-Oct-2024 08:32:57 Europe/Helsinki] NewDATA [INFO] Новий лічильник номер: 150558, тип: КВ-1,5 => DN 15, рік випуску: 2016, показники: 0, розташування: Ванна, балансоутримувач: КП "ВДК" додано до БД користувачем [Сміян Альона].
[03-Oct-2024 08:33:00 Europe/Helsinki] EditDATA [INFO] Для заявки Повірка від 01.10.2024 користувачем [Сміян Альона] лічильник БЕЗ НОМЕРА ідентифіковано як 150558.
[03-Oct-2024 08:33:21 Europe/Helsinki] NewDATA [INFO] Новий лічильник номер: 150841, тип: КВ-1,5 => DN 15, рік випуску: 2016, показники: 0, розташування: Ванна, балансоутримувач: АТ "ОТКЕ" додано до БД користувачем [Сміян Альона].
[03-Oct-2024 08:33:40 Europe/Helsinki] DellTASK [INFO] Повірка від 01.10.2024 для адреси вул. Доценка, буд. 7, корп. В, кв. 2 для лічильників 150558, БЕЗ НОМЕРА - 1 шт. було завершено користувачем [Сміян Альона] з коментарем: виконано.
[03-Oct-2024 08:34:12 Europe/Helsinki] NewDATA [INFO] Новий лічильник номер: 273571, тип: КВ-1,5 => DN 15, рік випуску: 2014, показники: 0, розташування: Ванна, балансоутримувач: КП "ВДК" додано до БД користувачем [Сміян Альона].
[03-Oct-2024 08:34:15 Europe/Helsinki] EditDATA [INFO] Для заявки Повірка від 01.10.2024 користувачем [Сміян Альона] лічильник БЕЗ НОМЕРА ідентифіковано як 273571.
[03-Oct-2024 08:34:22 Europe/Helsinki] EditDATA [INFO] В заявці Повірка від 01.10.2024 за адресою вул. Доценка, буд. 32, кв. 5 було видалено БЕЗ НОМЕРУ - 1 шт. користувачем [Сміян Альона].
[03-Oct-2024 08:34:31 Europe/Helsinki] DellTASK [INFO] Повірка від 01.10.2024 для адреси вул. Доценка, буд. 32, кв. 5 для лічильника 273571 було завершено користувачем [Сміян Альона] з коментарем: виконано.
[03-Oct-2024 08:35:07 Europe/Helsinki] NewDATA [INFO] Новий лічильник номер: 173066, тип: КВ-1,5 => DN 15, рік випуску: 2006, показники: 0, розташування: Ванна, балансоутримувач: КП "ВДК" додано до БД користувачем [Сміян Альона].
[03-Oct-2024 08:35:27 Europe/Helsinki] EditDATA [INFO] Для заявки Повірка від 01.10.2024 користувачем [Сміян Альона] лічильник БЕЗ НОМЕРА ідентифіковано як 173066.
[03-Oct-2024 08:35:57 Europe/Helsinki] NewDATA [INFO] Новий лічильник номер: 162234, тип: КВ-1,5 => DN 15, рік випуску: 2006, показники: 0, розташування: Ванна, балансоутримувач: АТ "ОТКЕ" додано до БД користувачем [Сміян Альона].
[03-Oct-2024 08:36:00 Europe/Helsinki] EditDATA [INFO] Для заявки Повірка від 01.10.2024 користувачем [Сміян Альона] лічильник БЕЗ НОМЕРА ідентифіковано як 162234.
[03-Oct-2024 08:36:09 Europe/Helsinki] DellTASK [INFO] Повірка від 01.10.2024 для адреси просп. Левка Лукяненка, буд. 44, кв. 11 для лічильників 173066, 162234 було завершено користувачем [Сміян Альона] з коментарем: виконано.
[03-Oct-2024 08:36:12 Europe/Helsinki] EditDATA [INFO] Для заявки Повірка від 02.10.2024 користувачем [Сусло Тетяна] змінено примітки з 13-18, за 30 хв на 8-13, за 30 хв.
[2024-10-03T08:36:14.953] [INFO] DataBase - У заявці Повірка від 2 жовтня 2024 р. за адресою вул. Героїв Чорнобиля, буд. 5, кв. 11 видалено виконавця Сірий та видалено дату виконання 3 жовтня 2024 р. користувачем [Сусло Тетяна].
[03-Oct-2024 08:36:46 Europe/Helsinki] NewDATA [INFO] Новий лічильник номер: 199130, тип: КВ-1,5 => DN 15, рік випуску: 2014, показники: 0, розташування: Ванна, балансоутримувач: КП "ВДК" додано до БД користувачем [Сміян Альона].
[03-Oct-2024 08:36:49 Europe/Helsinki] EditDATA [INFO] Для заявки Повірка від 30.09.2024 користувачем [Сміян Альона] лічильник БЕЗ НОМЕРА ідентифіковано як 199130.
[2024-10-03T08:36:51.799] [INFO] DataBase - У заявці Повірка від 2 жовтня 2024 р. за адресою вул. Героїв Чорнобиля, буд. 5, кв. 11 додано виконавця ЗАПЛАНОВАНІ та додано дату виконання 9 жовтня 2024 р. користувачем [Сусло Тетяна].
[03-Oct-2024 08:36:58 Europe/Helsinki] DellTASK [INFO] Повірка від 30.09.2024 для адреси просп. Перемоги, буд. 180, кв. 41 для лічильника 199130 було завершено користувачем [Сміян Альона] з коментарем: виконано.
[03-Oct-2024 08:37:32 Europe/Helsinki] DellTASK [INFO] Повірка від 25.09.2024 для адреси вул. Доценка, буд. 17, кв. 103 для лічильника БЕЗ НОМЕРА - 2 шт. було відмінено користувачем [Сміян Альона] з коментарем: лічильники під заміну.
[03-Oct-2024 08:55:12 Europe/Helsinki] NewDATA [INFO] Новий лічильник номер: 0200204862, тип: ЛК => DN 15, рік випуску: 2020, показники: 0, розташування: Ванна, балансоутримувач: КП "ВДК" додано до БД користувачем [Сміян Альона].
[03-Oct-2024 08:55:15 Europe/Helsinki] EditDATA [INFO] Для заявки Повірка від 02.10.2024 користувачем [Сміян Альона] лічильник БЕЗ НОМЕРА ідентифіковано як 0200204862.
[03-Oct-2024 08:55:38 Europe/Helsinki] NewDATA [INFO] Новий лічильник номер: 0200210944, тип: ЛК => DN 15, рік випуску: 2020, показники: 0, розташування: Ванна, балансоутримувач: АТ "ОТКЕ" додано до БД користувачем [Сміян Альона].
[03-Oct-2024 08:55:41 Europe/Helsinki] EditDATA [INFO] Для заявки Повірка від 02.10.2024 користувачем [Сміян Альона] лічильник БЕЗ НОМЕРА ідентифіковано як 0200210944.
[03-Oct-2024 08:55:51 Europe/Helsinki] DellTASK [INFO] Повірка від 02.10.2024 для адреси просп. Левка Лукяненка, буд. 14, кв. 75 для лічильників 0200204862, 0200210944 було завершено користувачем [Сміян Альона] з коментарем: виконано.
[03-Oct-2024 08:56:34 Europe/Helsinki] NewDATA [INFO] Новий лічильник номер: 096648, тип: КВ-1,5 => DN 15, рік випуску: 2016, показники: 0, розташування: Ванна, балансоутримувач: КП "ВДК" додано до БД користувачем [Сміян Альона].
[03-Oct-2024 08:57:18 Europe/Helsinki] EditDATA [INFO] Для заявки Повірка від 01.10.2024 користувачем [Сміян Альона] лічильник БЕЗ НОМЕРА ідентифіковано як 096648.
[03-Oct-2024 08:57:41 Europe/Helsinki] NewDATA [INFO] Новий лічильник номер: 107723, тип: КВ-1,5 => DN 15, рік випуску: 2016, показники: 0, розташування: Ванна, балансоутримувач: АТ "ОТКЕ" додано до БД користувачем [Сміян Альона].
[03-Oct-2024 08:57:44 Europe/Helsinki] EditDATA [INFO] Для заявки Повірка від 01.10.2024 користувачем [Сміян Альона] лічильник БЕЗ НОМЕРА ідентифіковано як 107723.
[03-Oct-2024 08:57:53 Europe/Helsinki] DellTASK [INFO] Повірка від 01.10.2024 для адреси вул. Захисників України, буд. 10, корп. А, кв. 128 для лічильників 096648, 107723 було завершено користувачем [Сміян Альона] з коментарем: виконано.
[03-Oct-2024 08:58:34 Europe/Helsinki] NewDATA [INFO] Новий лічильник номер: 089945, тип: КВ-1,5 => DN 15, рік випуску: 2016, показники: 0, розташування: Ванна, балансоутримувач: КП "ВДК" додано до БД користувачем [Сміян Альона].
[03-Oct-2024 08:58:37 Europe/Helsinki] EditDATA [INFO] Для заявки Повірка від 01.10.2024 користувачем [Сміян Альона] лічильник БЕЗ НОМЕРА ідентифіковано як 089945.
[03-Oct-2024 08:59:00 Europe/Helsinki] NewDATA [INFO] Новий лічильник номер: 105412, тип: КВ-1,5 => DN 15, рік випуску: 2016, показники: 0, розташування: Ванна, балансоутримувач: АТ "ОТКЕ" додано до БД користувачем [Сміян Альона].
[03-Oct-2024 08:59:02 Europe/Helsinki] EditDATA [INFO] Для заявки Повірка від 01.10.2024 користувачем [Сміян Альона] лічильник БЕЗ НОМЕРА ідентифіковано як 105412.
[03-Oct-2024 08:59:12 Europe/Helsinki] DellTASK [INFO] Повірка від 01.10.2024 для адреси вул. Захисників України, буд. 7, кв. 34 для лічильників 089945, 105412 було завершено користувачем [Сміян Альона] з коментарем: виконано.
[03-Oct-2024 08:59:48 Europe/Helsinki] NewDATA [INFO] Новий лічильник номер: 036301, тип: КВ-1,5 => DN 15, рік випуску: 2020, показники: 0, розташування: Ванна, балансоутримувач: КП "ВДК" додано до БД користувачем [Сміян Альона].
[03-Oct-2024 08:59:51 Europe/Helsinki] EditDATA [INFO] Для заявки Повірка від 01.10.2024 користувачем [Сміян Альона] лічильник БЕЗ НОМЕРА ідентифіковано як 036301.
[03-Oct-2024 09:00:11 Europe/Helsinki] NewDATA [INFO] Новий лічильник номер: 059000, тип: КВ-1,5 => DN 15, рік випуску: 2020, показники: 0, розташування: Ванна, балансоутримувач: АТ "ОТКЕ" додано до БД користувачем [Сміян Альона].
[03-Oct-2024 09:00:14 Europe/Helsinki] EditDATA [INFO] Для заявки Повірка від 01.10.2024 користувачем [Сміян Альона] лічильник БЕЗ НОМЕРА ідентифіковано як 059000.
[03-Oct-2024 09:00:18 Europe/Helsinki] NewDATA [INFO] Нова адреса просп. Левка Лукяненка, буд. 70, кв. 197, тел. +38 (050) 170-96-26 додана до БД користувачем [Сусло Тетяна].
[03-Oct-2024 09:00:23 Europe/Helsinki] DellTASK [INFO] Повірка від 01.10.2024 для адреси вул. Захисників України, буд. 13, кв. 12 для лічильників 036301, 059000 було завершено користувачем [Сміян Альона] з коментарем: виконано.
[03-Oct-2024 09:00:56 Europe/Helsinki] NewDATA [INFO] Новий лічильник номер: 460650, тип: КВ-1,5 => DN 15, рік випуску: 2004, показники: 0, розташування: Ванна, балансоутримувач: КП "ВДК" додано до БД користувачем [Сміян Альона].
[03-Oct-2024 09:00:59 Europe/Helsinki] EditDATA [INFO] Для заявки Повірка від 01.10.2024 користувачем [Сміян Альона] лічильник БЕЗ НОМЕРА ідентифіковано як 460650.
[03-Oct-2024 09:01:25 Europe/Helsinki] NewDATA [INFO] Новий лічильник номер: 0200211311, тип: ЛК => DN 15, рік випуску: 2020, показники: 0, розташування: Ванна, балансоутримувач: АТ "ОТКЕ" додано до БД користувачем [Сміян Альона].
[03-Oct-2024 09:01:28 Europe/Helsinki] EditDATA [INFO] Для заявки Повірка від 01.10.2024 користувачем [Сміян Альона] лічильник БЕЗ НОМЕРА ідентифіковано як 0200211311.
[03-Oct-2024 09:01:37 Europe/Helsinki] NewDATA [INFO] Нова заявка Повірка, адреса: просп. Левка Лукяненка 70, кв. 197, лічильники: БЕЗ НОМЕРА - 2 шт., вартість: 600 грн., примітки: 10-15 додано до БД користувачем [Сусло Тетяна].
[03-Oct-2024 09:01:37 Europe/Helsinki] DellTASK [INFO] Повірка від 01.10.2024 для адреси вул. Захисників України, буд. 7, кв. 37 для лічильників 460650, 0200211311 було завершено користувачем [Сміян Альона] з коментарем: виконано.
[03-Oct-2024 09:02:43 Europe/Helsinki] NewDATA [INFO] Новий лічильник номер: 12013995, тип: ResidiaJet => DN 15, рік випуску: 2020, показники: 0, балансоутримувач: КП "ВДК" додано до БД користувачем [Сусло Тетяна].
[03-Oct-2024 09:02:54 Europe/Helsinki] EditDATA [INFO] В заявці Повірка від 01.10.2024 за адресою вул. Гонча, буд. 59, корп. А, кв. 17 було видалено БЕЗ НОМЕРУ - 1 шт.; додано лічильники: 12013995 користувачем [Сусло Тетяна].
[03-Oct-2024 09:03:17 Europe/Helsinki] NewDATA [INFO] Новий лічильник номер: 5271144, тип: Minomess => DN 15, рік випуску: 2006, показники: 0, розташування: Ванна, балансоутримувач: КП "ВДК" додано до БД користувачем [Сміян Альона].
[03-Oct-2024 09:03:20 Europe/Helsinki] EditDATA [INFO] Для заявки Повірка від 01.10.2024 користувачем [Сміян Альона] лічильник БЕЗ НОМЕРА ідентифіковано як 5271144.
[03-Oct-2024 09:03:43 Europe/Helsinki] NewDATA [INFO] Новий лічильник номер: 4605505, тип: Minomess => DN 15, рік випуску: 2003, показники: 0, розташування: Ванна, балансоутримувач: АТ "ОТКЕ" додано до БД користувачем [Сміян Альона].
[03-Oct-2024 09:03:46 Europe/Helsinki] EditDATA [INFO] Для заявки Повірка від 01.10.2024 користувачем [Сміян Альона] лічильник БЕЗ НОМЕРА ідентифіковано як 4605505.
[03-Oct-2024 09:03:54 Europe/Helsinki] DellTASK [INFO] Повірка від 01.10.2024 для адреси вул. Савчука, буд. 11, кв. 10 для лічильників 5271144, 4605505 було завершено користувачем [Сміян Альона] з коментарем: виконано.
[03-Oct-2024 09:04:00 Europe/Helsinki] NewDATA [INFO] Новий лічильник номер: 07747001, тип: Jm3-V3-U => DN 15, рік випуску: 1998, показники: 0, балансоутримувач: КП "ВДК" додано до БД користувачем [Сусло Тетяна].
[03-Oct-2024 09:04:07 Europe/Helsinki] EditDATA [INFO] Для заявки Повірка від 01.10.2024 користувачем [Сусло Тетяна] лічильник БЕЗ НОМЕРА ідентифіковано як 07747001.
[03-Oct-2024 09:04:35 Europe/Helsinki] NewDATA [INFO] Новий лічильник номер: 678346, тип: КВ-1,5 => DN 15, рік випуску: 2004, показники: 0, балансоутримувач: КП "ТКЕ" додано до БД користувачем [Сусло Тетяна].
[03-Oct-2024 09:04:39 Europe/Helsinki] EditDATA [INFO] Для заявки Повірка від 01.10.2024 користувачем [Сусло Тетяна] лічильник БЕЗ НОМЕРА ідентифіковано як 678346.
[03-Oct-2024 09:04:40 Europe/Helsinki] NewDATA [INFO] Новий лічильник номер: 250171, тип: КВ-1,5 => DN 15, рік випуску: 2007, показники: 0, розташування: Ванна, балансоутримувач: КП "ВДК" додано до БД користувачем [Сміян Альона].
[03-Oct-2024 09:04:56 Europe/Helsinki] EditDATA [INFO] Для заявки Повірка від 01.10.2024 користувачем [Сміян Альона] лічильник БЕЗ НОМЕРА ідентифіковано як 250171.
[03-Oct-2024 09:05:23 Europe/Helsinki] NewDATA [INFO] Новий лічильник номер: 204551, тип: КВ-1,5 => DN 15, рік випуску: 2007, показники: 0, розташування: Ванна, балансоутримувач: АТ "ОТКЕ" додано до БД користувачем [Сміян Альона].
[03-Oct-2024 09:05:26 Europe/Helsinki] EditDATA [INFO] Для заявки Повірка від 01.10.2024 користувачем [Сміян Альона] лічильник БЕЗ НОМЕРА ідентифіковано як 204551.
[03-Oct-2024 09:05:28 Europe/Helsinki] NewDATA [INFO] Новий лічильник номер: 675938, тип: КВ-1,5 => DN 15, рік випуску: 2004, показники: 0, балансоутримувач: КП "ТКЕ" додано до БД користувачем [Сусло Тетяна].
[03-Oct-2024 09:05:31 Europe/Helsinki] EditDATA [INFO] Для заявки Повірка від 01.10.2024 користувачем [Сусло Тетяна] лічильник БЕЗ НОМЕРА ідентифіковано як 675938.
[03-Oct-2024 09:05:53 Europe/Helsinki] DellTASK [INFO] Повірка від 01.10.2024 для адреси просп. Миру, буд. 65, кв. 56 для лічильників 07747001, 678346, 675938, БЕЗ НОМЕРА - 1 шт. було завершено користувачем [Сусло Тетяна] з коментарем: виконано 3 ліч.
[03-Oct-2024 09:05:59 Europe/Helsinki] NewDATA [INFO] Новий лічильник номер: 225339, тип: КВ-1,5 => DN 15, рік випуску: 2007, показники: 0, розташування: Кухня, балансоутримувач: КП "ВДК" додано до БД користувачем [Сміян Альона].
[03-Oct-2024 09:06:04 Europe/Helsinki] EditDATA [INFO] В заявці Повірка від 01.10.2024 за адресою вул. Міхнюка Олега, буд. 41, корп. А-2, кв. 13 було додано лічильники: 225339 користувачем [Сміян Альона].
[03-Oct-2024 09:06:32 Europe/Helsinki] NewDATA [INFO] Новий лічильник номер: 171418, тип: КВ-1,5 => DN 15, рік випуску: 2007, показники: 0, розташування: Кухня, балансоутримувач: АТ "ОТКЕ" додано до БД користувачем [Сміян Альона].
[03-Oct-2024 09:06:33 Europe/Helsinki] NewDATA [INFO] Новий лічильник номер: 9200204970, тип: ЛК => DN 15, рік випуску: 2019, показники: 0, балансоутримувач: КП "ВДК" додано до БД користувачем [Сусло Тетяна].
[03-Oct-2024 09:06:35 Europe/Helsinki] EditDATA [INFO] В заявці Повірка від 01.10.2024 за адресою вул. Міхнюка Олега, буд. 41, корп. А-2, кв. 13 було додано лічильники: 171418 користувачем [Сміян Альона].
[03-Oct-2024 09:06:43 Europe/Helsinki] DellTASK [INFO] Повірка від 01.10.2024 для адреси вул. Міхнюка Олега, буд. 41, корп. А-2, кв. 13 для лічильників 250171, 204551, 225339, 171418 було завершено користувачем [Сміян Альона] з коментарем: виконано.
[03-Oct-2024 09:07:06 Europe/Helsinki] DellTASK [INFO] Повірка від 01.10.2024 для адреси вул. Шевченка, буд. 110, кв. 48 для лічильника БЕЗ НОМЕРА - 4 шт. було відмінено користувачем [Сміян Альона] з коментарем: лічильники під заміну.
[03-Oct-2024 09:07:44 Europe/Helsinki] NewDATA [INFO] Новий лічильник номер: 9200048057, тип: ЛК => DN 15, рік випуску: 2020, показники: 0, балансоутримувач: КП "ВДК" додано до БД користувачем [Сміян Альона].
[03-Oct-2024 09:07:47 Europe/Helsinki] EditDATA [INFO] Для заявки Повірка від 01.10.2024 користувачем [Сміян Альона] лічильник БЕЗ НОМЕРА ідентифіковано як 9200048057.
[03-Oct-2024 09:07:56 Europe/Helsinki] DellTASK [INFO] Повірка від 01.10.2024 для адреси вул. Шевченка, буд. 114, корп. А, кв. 50 для лічильника 9200048057 було завершено користувачем [Сміян Альона] з коментарем: виконано.
[03-Oct-2024 09:08:28 Europe/Helsinki] NewDATA [INFO] Новий лічильник номер: 196802, тип: КВ-1,5 => DN 15, рік випуску: 2005, показники: 0, розташування: Ванна, балансоутримувач: КП "ВДК" додано до БД користувачем [Сміян Альона].
[03-Oct-2024 09:08:33 Europe/Helsinki] EditDATA [INFO] Для заявки Повірка від 01.10.2024 користувачем [Сміян Альона] лічильник БЕЗ НОМЕРА ідентифіковано як 196802.
[03-Oct-2024 09:09:24 Europe/Helsinki] EditDATA [INFO] Для заявки Повірка від 27.09.2024 користувачем [Сусло Тетяна] лічильник БЕЗ НОМЕРА ідентифіковано як 9200204970.
[03-Oct-2024 09:09:24 Europe/Helsinki] NewDATA [INFO] Новий лічильник номер: 060631, тип: КВ-1,5 => DN 15, рік випуску: 2005, показники: 0, розташування: Ванна, балансоутримувач: АТ "ОТКЕ" додано до БД користувачем [Сміян Альона].
[03-Oct-2024 09:09:49 Europe/Helsinki] NewDATA [INFO] Новий лічильник номер: 6819916, тип: ЛК => DN 15, рік випуску: 2016, показники: 0, балансоутримувач: КП "ТКЕ" додано до БД користувачем [Сусло Тетяна].
[03-Oct-2024 09:09:58 Europe/Helsinki] DellTASK [INFO] Повірка від 01.10.2024 для адреси вул. Захисників України, буд. 6, кв. 51 для лічильників 196802, БЕЗ НОМЕРА - 1 шт. було завершено користувачем [Сміян Альона] з коментарем: виконано.
[03-Oct-2024 09:10:29 Europe/Helsinki] NewDATA [INFO] Новий лічильник номер: 0200129936, тип: ЛК => DN 15, рік випуску: 2020, показники: 0, розташування: Ванна, балансоутримувач: КП "ВДК" додано до БД користувачем [Сміян Альона].
[03-Oct-2024 09:10:35 Europe/Helsinki] EditDATA [INFO] Для заявки Повірка від 01.10.2024 користувачем [Сміян Альона] лічильник БЕЗ НОМЕРА ідентифіковано як 0200129936.
[03-Oct-2024 09:10:37 Europe/Helsinki] DellTASK [INFO] Повірка від 27.09.2024 для адреси вул. Київська, буд. 6, кв. 119 для лічильників 9200204970, БЕЗ НОМЕРА - 1 шт. було завершено користувачем [Сусло Тетяна] з коментарем: виконано.
[03-Oct-2024 09:11:01 Europe/Helsinki] NewDATA [INFO] Новий лічильник номер: 0200104046, тип: ЛК => DN 15, рік випуску: 2020, показники: 0, розташування: Ванна, балансоутримувач: АТ "ОТКЕ" додано до БД користувачем [Сміян Альона].
[03-Oct-2024 09:11:04 Europe/Helsinki] EditDATA [INFO] Для заявки Повірка від 01.10.2024 користувачем [Сміян Альона] лічильник БЕЗ НОМЕРА ідентифіковано як 0200104046.
[03-Oct-2024 09:11:12 Europe/Helsinki] DellTASK [INFO] Повірка від 01.10.2024 для адреси вул. Захисників України, буд. 12, кв. 40 для лічильників 0200129936, 0200104046 було завершено користувачем [Сміян Альона] з коментарем: виконано.
[03-Oct-2024 09:11:41 Europe/Helsinki] EditDATA [INFO] За адресою вул. Київська, буд. 6, кв. 119 користувачем [Сусло Тетяна] було додано лічильники: 9200204970, 6819916].
[03-Oct-2024 09:11:48 Europe/Helsinki] NewDATA [INFO] Новий лічильник номер: 6861937, тип: ЛК => DN 15, рік випуску: 2016, показники: 0, розташування: Ванна, балансоутримувач: КП "ВДК" додано до БД користувачем [Сміян Альона].
[03-Oct-2024 09:11:51 Europe/Helsinki] EditDATA [INFO] Для заявки Повірка від 01.10.2024 користувачем [Сміян Альона] лічильник БЕЗ НОМЕРА ідентифіковано як 6861937.
[03-Oct-2024 09:12:19 Europe/Helsinki] NewDATA [INFO] Новий лічильник номер: 6892941, тип: ЛК => DN 15, рік випуску: 2016, показники: 0, розташування: Ванна, балансоутримувач: АТ "ОТКЕ" додано до БД користувачем [Сміян Альона].
[03-Oct-2024 09:12:22 Europe/Helsinki] EditDATA [INFO] Для заявки Повірка від 01.10.2024 користувачем [Сміян Альона] лічильник БЕЗ НОМЕРА ідентифіковано як 6892941.
[03-Oct-2024 09:12:30 Europe/Helsinki] DellTASK [INFO] Повірка від 01.10.2024 для адреси просп. Левка Лукяненка, буд. 4, корп. А, кв. 98 для лічильників 6861937, 6892941 було завершено користувачем [Сміян Альона] з коментарем: виконано.
[03-Oct-2024 09:13:05 Europe/Helsinki] NewDATA [INFO] Новий лічильник номер: 9200048400, тип: ЛК => DN 15, рік випуску: 2020, показники: 0, балансоутримувач: КП "ВДК" додано до БД користувачем [Сміян Альона].
[03-Oct-2024 09:13:08 Europe/Helsinki] EditDATA [INFO] Для заявки Повірка від 01.10.2024 користувачем [Сміян Альона] лічильник БЕЗ НОМЕРА ідентифіковано як 9200048400.
[03-Oct-2024 09:13:17 Europe/Helsinki] DellTASK [INFO] Повірка від 01.10.2024 для адреси вул. Шевченка, буд. 114, корп. А, кв. 22 для лічильника 9200048400 було завершено користувачем [Сміян Альона] з коментарем: виконано.
[03-Oct-2024 09:13:34 Europe/Helsinki] DellTASK [INFO] Повірка від 26.09.2024 для адреси вул. Котляревського, буд. 34, кв. 76 для лічильника БЕЗ НОМЕРА - 2 шт. було завершено користувачем [Сусло Тетяна] з коментарем: виконано.
[03-Oct-2024 09:13:51 Europe/Helsinki] DellTASK [INFO] Повірка від 26.09.2024 для адреси вул. Пятницька, буд. 61, кв. 1 для лічильника БЕЗ НОМЕРА - 2 шт. було завершено користувачем [Сусло Тетяна] з коментарем: виконано.
[03-Oct-2024 09:13:57 Europe/Helsinki] NewDATA [INFO] Новий лічильник номер: 092804, тип: КВ-1,5 => DN 15, рік випуску: 2016, показники: 0, розташування: Кухня, балансоутримувач: КП "ВДК" додано до БД користувачем [Сміян Альона].
[03-Oct-2024 09:14:05 Europe/Helsinki] DellTASK [INFO] Повірка від 30.09.2024 для адреси вул. Пятницька, буд. 74, кв. 3 для лічильника БЕЗ НОМЕРА - 2 шт. було завершено користувачем [Сусло Тетяна] з коментарем: виконано.
[03-Oct-2024 09:14:15 Europe/Helsinki] EditDATA [INFO] Для заявки Повірка від 30.09.2024 користувачем [Сміян Альона] лічильник БЕЗ НОМЕРА ідентифіковано як 092804.
[03-Oct-2024 09:14:29 Europe/Helsinki] DellTASK [INFO] Повірка від 01.10.2024 для адреси вул. Гонча, буд. 59, корп. А, кв. 17 для лічильника 12013995 було завершено користувачем [Сусло Тетяна] з коментарем: виконано.
[03-Oct-2024 09:14:40 Europe/Helsinki] DellTASK [INFO] Повірка від 30.09.2024 для адреси вул. Леонтовича Миколи, буд. 3, кв. 27 для лічильника БЕЗ НОМЕРА - 2 шт. було завершено користувачем [Сусло Тетяна] з коментарем: виконано.
[03-Oct-2024 09:14:44 Europe/Helsinki] NewDATA [INFO] Новий лічильник номер: 078400, тип: ЛК => DN 15, рік випуску: 2016, показники: 0, розташування: Кухня, балансоутримувач: АТ "ОТКЕ" додано до БД користувачем [Сміян Альона].
[03-Oct-2024 09:14:48 Europe/Helsinki] EditDATA [INFO] Для заявки Повірка від 30.09.2024 користувачем [Сміян Альона] лічильник БЕЗ НОМЕРА ідентифіковано як 078400.
[03-Oct-2024 09:14:51 Europe/Helsinki] DellTASK [INFO] Повірка від 17.09.2024 для адреси вул. Леонтовича Миколи, буд. 3, кв. 55 для лічильника БЕЗ НОМЕРА - 2 шт. було завершено користувачем [Сусло Тетяна] з коментарем: виконано.
[03-Oct-2024 09:15:15 Europe/Helsinki] NewDATA [INFO] Новий лічильник номер: 933001, тип: КВ-1,5 => DN 15, рік випуску: 2016, показники: 0, розташування: Ванна, балансоутримувач: КП "ВДК" додано до БД користувачем [Сміян Альона].
[03-Oct-2024 09:15:18 Europe/Helsinki] EditDATA [INFO] Для заявки Повірка від 30.09.2024 користувачем [Сміян Альона] лічильник БЕЗ НОМЕРА ідентифіковано як 933001.
[03-Oct-2024 09:15:37 Europe/Helsinki] NewDATA [INFO] Новий лічильник номер: 239123, тип: КВ-1,5 => DN 15, рік випуску: 2013, показники: 0, балансоутримувач: КП "ВДК" додано до БД користувачем [Сусло Тетяна].
[03-Oct-2024 09:15:39 Europe/Helsinki] NewDATA [INFO] Новий лічильник номер: 078469, тип: КВ-1,5 => DN 15, рік випуску: 2016, показники: 0, розташування: Ванна, балансоутримувач: АТ "ОТКЕ" додано до БД користувачем [Сміян Альона].
[03-Oct-2024 09:15:42 Europe/Helsinki] EditDATA [INFO] Для заявки Повірка від 30.09.2024 користувачем [Сміян Альона] лічильник БЕЗ НОМЕРА ідентифіковано як 078469.
[03-Oct-2024 09:15:52 Europe/Helsinki] DellTASK [INFO] Повірка від 30.09.2024 для адреси просп. Левка Лукяненка, буд. 10, кв. 87 для лічильників 092804, 078400, 933001, 078469 було завершено користувачем [Сміян Альона] з коментарем: виконано.
[03-Oct-2024 09:16:02 Europe/Helsinki] NewDATA [INFO] Новий лічильник номер: 532740, тип: КВ-1,5 => DN 15, рік випуску: 2001, показники: 0, балансоутримувач: КП "ТКЕ" додано до БД користувачем [Сусло Тетяна].
[03-Oct-2024 09:16:04 Europe/Helsinki] EditDATA [INFO] За адресою вул. Котляревського, буд. 34, кв. 76 користувачем [Сусло Тетяна] було додано лічильники: 239123, 532740].
[03-Oct-2024 09:16:21 Europe/Helsinki] NewDATA [INFO] Новий лічильник номер: 9200041251, тип: ЛК => DN 15, рік випуску: 2020, показники: 0, балансоутримувач: КП "ВДК" додано до БД користувачем [Сміян Альона].
[03-Oct-2024 09:16:23 Europe/Helsinki] EditDATA [INFO] Для заявки Повірка від 30.09.2024 користувачем [Сміян Альона] лічильник БЕЗ НОМЕРА ідентифіковано як 9200041251.
[03-Oct-2024 09:16:33 Europe/Helsinki] DellTASK [INFO] Повірка від 30.09.2024 для адреси вул. Шевченка, буд. 114, корп. А, кв. 36 для лічильника 9200041251 було завершено користувачем [Сміян Альона] з коментарем: виконано.
[03-Oct-2024 09:16:47 Europe/Helsinki] NewDATA [INFO] Новий лічильник номер: 188851, тип: КВ-1,5 => DN 15, рік випуску: 2014, показники: 0, балансоутримувач: КП "ВДК" додано до БД користувачем [Сусло Тетяна].
[03-Oct-2024 09:17:05 Europe/Helsinki] NewDATA [INFO] Новий лічильник номер: 9200048277, тип: ЛК => DN 15, рік випуску: 2020, показники: 0, балансоутримувач: КП "ВДК" додано до БД користувачем [Сміян Альона].
[03-Oct-2024 09:17:08 Europe/Helsinki] EditDATA [INFO] Для заявки Повірка від 27.09.2024 користувачем [Сміян Альона] лічильник БЕЗ НОМЕРА ідентифіковано як 9200048277.
[03-Oct-2024 09:17:08 Europe/Helsinki] NewDATA [INFO] Новий лічильник номер: 209599, тип: КВ-1,5 => DN 15, рік випуску: 2014, показники: 0, балансоутримувач: КП "ТКЕ" додано до БД користувачем [Сусло Тетяна].
[03-Oct-2024 09:17:11 Europe/Helsinki] EditDATA [INFO] За адресою вул. Пятницька, буд. 61, кв. 1 користувачем [Сусло Тетяна] було додано лічильники: 188851, 209599].
[03-Oct-2024 09:17:17 Europe/Helsinki] DellTASK [INFO] Повірка від 27.09.2024 для адреси вул. Шевченка, буд. 114, корп. А, кв. 4 для лічильника 9200048277 було завершено користувачем [Сміян Альона] з коментарем: виконано.
[03-Oct-2024 09:17:48 Europe/Helsinki] NewDATA [INFO] Новий лічильник номер: 9200052384, тип: ЛК => DN 15, рік випуску: 2020, показники: 0, балансоутримувач: КП "ВДК" додано до БД користувачем [Сміян Альона].
[03-Oct-2024 09:17:52 Europe/Helsinki] NewDATA [INFO] Новий лічильник номер: 078581, тип: КВ-1,5 => DN 15, рік випуску: 2009, показники: 0, балансоутримувач: КП "ВДК" додано до БД користувачем [Сусло Тетяна].
[03-Oct-2024 09:18:05 Europe/Helsinki] EditDATA [INFO] Для заявки Повірка від 26.09.2024 користувачем [Сміян Альона] лічильник БЕЗ НОМЕРА ідентифіковано як 9200052384.
[03-Oct-2024 09:18:13 Europe/Helsinki] DellTASK [INFO] Повірка від 26.09.2024 для адреси вул. Шевченка, буд. 114, корп. А, кв. 75 для лічильника 9200052384 було завершено користувачем [Сміян Альона] з коментарем: виконано.
[03-Oct-2024 09:18:14 Europe/Helsinki] NewDATA [INFO] Новий лічильник номер: 075105, тип: КВ-1,5 => DN 15, рік випуску: 2009, показники: 0, балансоутримувач: КП "ТКЕ" додано до БД користувачем [Сусло Тетяна].
[03-Oct-2024 09:18:16 Europe/Helsinki] EditDATA [INFO] За адресою вул. Пятницька, буд. 74, кв. 3 користувачем [Сусло Тетяна] було додано лічильники: 078581, 075105].
[03-Oct-2024 09:18:41 Europe/Helsinki] NewDATA [INFO] Новий лічильник номер: 9200049159, тип: ЛК => DN 15, рік випуску: 2020, показники: 0, балансоутримувач: КП "ВДК" додано до БД користувачем [Сміян Альона].
[03-Oct-2024 09:18:59 Europe/Helsinki] EditDATA [INFO] Для заявки Повірка від 26.09.2024 користувачем [Сміян Альона] лічильник БЕЗ НОМЕРА ідентифіковано як 9200049159.
[03-Oct-2024 09:18:59 Europe/Helsinki] NewDATA [INFO] Новий лічильник номер: 107005, тип: КВ-1,5 => DN 15, рік випуску: 2004, показники: 0, балансоутримувач: КП "ВДК" додано до БД користувачем [Сусло Тетяна].
[03-Oct-2024 09:19:09 Europe/Helsinki] DellTASK [INFO] Повірка від 26.09.2024 для адреси вул. Шевченка, буд. 114, корп. А, кв. 14 для лічильника 9200049159 було завершено користувачем [Сміян Альона] з коментарем: виконано.
[03-Oct-2024 09:19:22 Europe/Helsinki] NewDATA [INFO] Новий лічильник номер: 107102, тип: КВ-1,5 => DN 15, рік випуску: 2004, показники: 0, балансоутримувач: КП "ТКЕ" додано до БД користувачем [Сусло Тетяна].
[03-Oct-2024 09:19:24 Europe/Helsinki] EditDATA [INFO] За адресою вул. Леонтовича Миколи, буд. 3, кв. 55 користувачем [Сусло Тетяна] було додано лічильники: 107005, 107102].
[03-Oct-2024 09:19:33 Europe/Helsinki] NewDATA [INFO] Новий лічильник номер: 9200050989, тип: ЛК => DN 15, рік випуску: 2020, показники: 0, балансоутримувач: КП "ВДК" додано до БД користувачем [Сміян Альона].
[03-Oct-2024 09:19:35 Europe/Helsinki] EditDATA [INFO] Для заявки Повірка від 26.09.2024 користувачем [Сміян Альона] лічильник БЕЗ НОМЕРА ідентифіковано як 9200050989.
[03-Oct-2024 09:19:44 Europe/Helsinki] DellTASK [INFO] Повірка від 26.09.2024 для адреси вул. Шевченка, буд. 114, корп. А, кв. 13 для лічильника 9200050989 було завершено користувачем [Сміян Альона] з коментарем: виконано.
[03-Oct-2024 09:20:16 Europe/Helsinki] NewDATA [INFO] Новий лічильник номер: 309265, тип: КВ-1,5 => DN 15, рік випуску: 2008, показники: 0, балансоутримувач: КП "ВДК" додано до БД користувачем [Сусло Тетяна].
[03-Oct-2024 09:20:41 Europe/Helsinki] NewDATA [INFO] Новий лічильник номер: 319768, тип: КВ-1,5 => DN 15, рік випуску: 2008, показники: 0, балансоутримувач: КП "ТКЕ" додано до БД користувачем [Сусло Тетяна].
[03-Oct-2024 09:20:43 Europe/Helsinki] EditDATA [INFO] За адресою вул. Леонтовича Миколи, буд. 3, кв. 27 користувачем [Сусло Тетяна] було додано лічильники: 309265, 319768].
[03-Oct-2024 09:23:44 Europe/Helsinki] EditDATA [INFO] За адресою вул. Воздвиженська 2, кв. 67 користувачем [Сусло Тетяна] змінені номери телефонів з +38(093)810-68-39 на +38(093)371-80-00, при створенні нової заявки [Повірка] від 03.10.2024.
[03-Oct-2024 09:23:44 Europe/Helsinki] NewDATA [INFO] Нова заявка Повірка, адреса: вул. Воздвиженська 2, кв. 67, лічильники: БЕЗ НОМЕРА - 1 шт., вартість: 300 грн., примітки: 8-13, цокольний поверх додано до БД користувачем [Сусло Тетяна].
[2024-10-03T09:24:02.970] [INFO] DataBase - У заявці Повірка від 3 жовтня 2024 р. за адресою вул. Воздвиженська, буд. 2, кв. 67 додано виконавця ЗАПЛАНОВАНІ та додано дату виконання 4 жовтня 2024 р. користувачем [Сусло Тетяна].
[03-Oct-2024 09:24:34 Europe/Helsinki] NewDATA [INFO] Нова адреса вул. Козацька, буд. 48, кв. 26 додана до БД користувачем [Сусло Тетяна].
[03-Oct-2024 09:25:10 Europe/Helsinki] EditDATA [INFO] За адресою вул. Козацька 48, кв. 26 користувачем [Сусло Тетяна] додано номер телефону +38(066)612-62-46, при створенні нової заявки [Повірка] від 03.10.2024.
[03-Oct-2024 09:25:10 Europe/Helsinki] NewDATA [INFO] Нова заявка Повірка, адреса: вул. Козацька 48, кв. 26, лічильники: БЕЗ НОМЕРА - 1 шт., вартість: 300 грн., примітки: 8-13 додано до БД користувачем [Сусло Тетяна].
[2024-10-03T09:25:19.099] [INFO] DataBase - У заявці Повірка від 3 жовтня 2024 р. за адресою вул. Козацька, буд. 48, кв. 26 додано виконавця ЗАПЛАНОВАНІ та додано дату виконання 9 жовтня 2024 р. користувачем [Сусло Тетяна].
[2024-10-03T09:25:24.532] [INFO] DataBase - У заявці Повірка від 3 жовтня 2024 р. за адресою просп. Левка Лукяненка, буд. 70, кв. 197 додано виконавця ЗАПЛАНОВАНІ та додано дату виконання 9 жовтня 2024 р. користувачем [Сусло Тетяна].
[2024-10-03T09:25:31.381] [INFO] DataBase - У заявці Повірка від 3 жовтня 2024 р. за адресою просп. Левка Лукяненка, буд. 70, кв. 197 видалено дату виконання 9 жовтня 2024 р. користувачем [Сусло Тетяна].
[2024-10-03T09:25:43.196] [INFO] DataBase - У заявці Повірка від 3 жовтня 2024 р. за адресою просп. Левка Лукяненка, буд. 70, кв. 197 додано дату виконання 4 жовтня 2024 р. користувачем [Сусло Тетяна].
[03-Oct-2024 09:36:47 Europe/Helsinki] NewDATA [INFO] Нова заявка Повірка, адреса: вул. 1-ої танкової бригади 21 корпус 2, кв. 14, лічильники: БЕЗ НОМЕРА - 2 шт., вартість: 600 грн., примітки: 8-13 додано до БД користувачем [Сміян Альона].
[2024-10-03T09:36:57.552] [INFO] DataBase - У заявці Повірка від 3 жовтня 2024 р. за адресою вул. 1-ої танкової бригади, буд. 21, корп. 2, кв. 14 додано виконавця ЗАПЛАНОВАНІ та додано дату виконання 17 жовтня 2024 р. користувачем [Сміян Альона].
[03-Oct-2024 09:44:41 Europe/Helsinki] EditDATA [INFO] Для заявки Повірка від 17.09.2024 користувачем [Сусло Тетяна] змінено виконавця з Сірий на ЗАПЛАНОВАНІ.
[2024-10-03T09:44:56.672] [INFO] DataBase - У заявці Повірка від 17 вересня 2024 р. за адресою вул. Мезенцева Юрія, буд. 80, кв. 68 видалено дату виконання 3 жовтня 2024 р. користувачем [Сусло Тетяна].
[2024-10-03T09:45:04.540] [INFO] DataBase - У заявці Повірка від 17 вересня 2024 р. за адресою вул. Мезенцева Юрія, буд. 80, кв. 68 додано дату виконання 21 жовтня 2024 р. користувачем [Сусло Тетяна].
[03-Oct-2024 09:52:08 Europe/Helsinki] EditDATA [INFO] За адресою вул. Доценка 14, кв. 43 користувачем [Сусло Тетяна] змінені номери телефонів з +38(063)116-91-91 на +38(068)559-02-13, при створенні нової заявки [Повірка] від 03.10.2024.
[03-Oct-2024 09:52:08 Europe/Helsinki] NewDATA [INFO] Нова заявка Повірка, адреса: вул. Доценка 14, кв. 43, лічильники: БЕЗ НОМЕРА - 1 шт., вартість: 300 грн., примітки: 8-13 додано до БД користувачем [Сусло Тетяна].
[2024-10-03T09:52:16.415] [INFO] DataBase - У заявці Повірка від 3 жовтня 2024 р. за адресою вул. Доценка, буд. 14, кв. 43 додано виконавця ЗАПЛАНОВАНІ та додано дату виконання 7 жовтня 2024 р. користувачем [Сусло Тетяна].
[2024-10-03T09:52:57.517] [INFO] DataBase - У заявці Повірка від 2 жовтня 2024 р. за адресою вул. Партизанська, буд. 51, кв. 6 видалено виконавця Сірий та видалено дату виконання 3 жовтня 2024 р. користувачем [Сміян Альона].
[03-Oct-2024 10:18:02 Europe/Helsinki] NewDATA [INFO] Нова адреса вул. Кореня Терентія, буд. 9, кв. 17 додана до БД користувачем [Сусло Тетяна].
[03-Oct-2024 10:19:15 Europe/Helsinki] EditDATA [INFO] За адресою вул. Кореня Терентія 9, кв. 17 користувачем [Сусло Тетяна] додано номер телефону +38(093)700-87-97, при створенні нової заявки [Повірка] від 03.10.2024.
[03-Oct-2024 10:19:15 Europe/Helsinki] NewDATA [INFO] Нова заявка Повірка, адреса: вул. Кореня Терентія 9, кв. 17, лічильники: БЕЗ НОМЕРА - 2 шт., вартість: 600 грн. додано до БД користувачем [Сусло Тетяна].
[2024-10-03T10:19:32.236] [INFO] DataBase - У заявці Повірка від 3 жовтня 2024 р. за адресою вул. Кореня Терентія, буд. 9, кв. 17 додано виконавця Сірий та додано дату виконання 3 жовтня 2024 р. користувачем [Сусло Тетяна].
[03-Oct-2024 10:20:37 Europe/Helsinki] EditDATA [INFO] За адресою вул. Льотна 43, кв. 159 користувачем [Сусло Тетяна] змінені номери телефонів з +38(068)050-15-54, +38(0462)77-43-34 на +38(067)460-98-50, при створенні нової заявки [Повірка] від 03.10.2024.
[03-Oct-2024 10:20:37 Europe/Helsinki] NewDATA [INFO] Нова заявка Повірка, адреса: вул. Льотна 43, кв. 159, лічильники: БЕЗ НОМЕРА - 2 шт., вартість: 600 грн., примітки: с 12.00 додано до БД користувачем [Сусло Тетяна].
[2024-10-03T10:20:43.710] [INFO] DataBase - У заявці Повірка від 3 жовтня 2024 р. за адресою вул. Льотна, буд. 43, кв. 159 додано виконавця Сірий та додано дату виконання 3 жовтня 2024 р. користувачем [Сусло Тетяна].
[03-Oct-2024 10:53:17 Europe/Helsinki] EditDATA [INFO] Для заявки Повірка від 01.10.2024 користувачем [Сусло Тетяна] змінено виконавця з ЗАПЛАНОВАНІ на Сірий.
[03-Oct-2024 10:53:30 Europe/Helsinki] EditDATA [INFO] Для заявки Повірка від 02.10.2024 користувачем [Сусло Тетяна] змінено виконавця з ЗАПЛАНОВАНІ на Сірий.
[03-Oct-2024 10:54:24 Europe/Helsinki] EditDATA [INFO] Для заявки Повірка від 01.10.2024 користувачем [Сусло Тетяна] змінено виконавця з ЗАПЛАНОВАНІ на Сірий.
[03-Oct-2024 10:57:19 Europe/Helsinki] EditDATA [INFO] Для заявки Повірка від 03.10.2024 користувачем [Сусло Тетяна] змінено виконавця з ЗАПЛАНОВАНІ на Сірий.
[03-Oct-2024 10:57:28 Europe/Helsinki] EditDATA [INFO] Для заявки Повірка від 02.10.2024 користувачем [Сусло Тетяна] змінено виконавця з ЗАПЛАНОВАНІ на Сірий.
[03-Oct-2024 10:57:41 Europe/Helsinki] EditDATA [INFO] Для заявки Повірка від 02.10.2024 користувачем [Сусло Тетяна] змінено виконавця з ЗАПЛАНОВАНІ на Ващенко.
[03-Oct-2024 10:57:57 Europe/Helsinki] EditDATA [INFO] Для заявки Повірка від 01.10.2024 користувачем [Сусло Тетяна] змінено виконавця з ЗАПЛАНОВАНІ на Ващенко.
[03-Oct-2024 10:58:13 Europe/Helsinki] EditDATA [INFO] Для заявки Повірка від 01.10.2024 користувачем [Сусло Тетяна] змінено виконавця з ЗАПЛАНОВАНІ на Ващенко.
[03-Oct-2024 10:58:28 Europe/Helsinki] EditDATA [INFO] Для заявки Повірка від 18.09.2024 користувачем [Сусло Тетяна] змінено виконавця з ЗАПЛАНОВАНІ на Ващенко.
[03-Oct-2024 11:00:50 Europe/Helsinki] EditDATA [INFO] Для заявки Повірка від 01.10.2024 користувачем [Сусло Тетяна] змінено виконавця з ЗАПЛАНОВАНІ на Богомаз.
[03-Oct-2024 11:01:00 Europe/Helsinki] EditDATA [INFO] Для заявки Повірка від 30.09.2024 користувачем [Сусло Тетяна] змінено виконавця з ЗАПЛАНОВАНІ на Богомаз.
[03-Oct-2024 11:04:47 Europe/Helsinki] EditDATA [INFO] Для заявки Повірка від 02.10.2024 користувачем [Сусло Тетяна] змінено виконавця з ЗАПЛАНОВАНІ на Богомаз.
[03-Oct-2024 11:04:57 Europe/Helsinki] EditDATA [INFO] Для заявки Повірка від 01.10.2024 користувачем [Сусло Тетяна] змінено виконавця з ЗАПЛАНОВАНІ на Богомаз.
[03-Oct-2024 11:05:08 Europe/Helsinki] EditDATA [INFO] Для заявки Повірка від 30.09.2024 користувачем [Сусло Тетяна] змінено виконавця з ЗАПЛАНОВАНІ на Богомаз.
[03-Oct-2024 11:05:19 Europe/Helsinki] EditDATA [INFO] Для заявки Повірка від 30.09.2024 користувачем [Сусло Тетяна] змінено виконавця з ЗАПЛАНОВАНІ на Богомаз.
[03-Oct-2024 11:05:32 Europe/Helsinki] EditDATA [INFO] Для заявки Повірка від 26.09.2024 користувачем [Сусло Тетяна] змінено виконавця з ЗАПЛАНОВАНІ на Богомаз.
[03-Oct-2024 11:05:44 Europe/Helsinki] EditDATA [INFO] Для заявки Повірка від 25.09.2024 користувачем [Сусло Тетяна] змінено виконавця з ЗАПЛАНОВАНІ на Богомаз.
[03-Oct-2024 11:06:48 Europe/Helsinki] NewDATA [INFO] Нова адреса просп. Левка Лукяненка, буд. 2, корп. 1, кв. 42, тел. +38 (097) 157-71-71 додана до БД користувачем [Сміян Альона].
[03-Oct-2024 11:07:51 Europe/Helsinki] NewDATA [INFO] Нова заявка Повірка, адреса: просп. Левка Лукяненка 2 корпус 1, кв. 42, лічильники: БЕЗ НОМЕРА - 2 шт., вартість: 600 грн., примітки: 12-16 30хв додано до БД користувачем [Сміян Альона].
[2024-10-03T11:07:59.091] [INFO] DataBase - У заявці Повірка від 3 жовтня 2024 р. за адресою просп. Левка Лукяненка, буд. 2, корп. 1, кв. 42 додано виконавця ЗАПЛАНОВАНІ та додано дату виконання 7 жовтня 2024 р. користувачем [Сміян Альона].
[03-Oct-2024 11:08:17 Europe/Helsinki] EditDATA [INFO] Для заявки Повірка від 03.10.2024 користувачем [Сусло Тетяна] змінено виконавця з ЗАПЛАНОВАНІ на Шкуліпа.
[03-Oct-2024 11:09:35 Europe/Helsinki] EditDATA [INFO] Для заявки Повірка від 02.10.2024 користувачем [Сусло Тетяна] змінено виконавця з ЗАПЛАНОВАНІ на Шкуліпа.
[03-Oct-2024 11:09:44 Europe/Helsinki] EditDATA [INFO] Для заявки Повірка від 02.10.2024 користувачем [Сусло Тетяна] змінено виконавця з ЗАПЛАНОВАНІ на Шкуліпа.
[03-Oct-2024 11:09:52 Europe/Helsinki] EditDATA [INFO] Для заявки Повірка від 01.10.2024 користувачем [Сусло Тетяна] змінено виконавця з ЗАПЛАНОВАНІ на Шкуліпа.
[03-Oct-2024 11:10:01 Europe/Helsinki] EditDATA [INFO] Для заявки Повірка від 30.09.2024 користувачем [Сусло Тетяна] змінено виконавця з ЗАПЛАНОВАНІ на Шкуліпа.
[03-Oct-2024 11:10:10 Europe/Helsinki] EditDATA [INFO] Для заявки Повірка від 26.09.2024 користувачем [Сусло Тетяна] змінено виконавця з ЗАПЛАНОВАНІ на Шкуліпа.
[03-Oct-2024 11:10:19 Europe/Helsinki] EditDATA [INFO] Для заявки Повірка від 19.09.2024 користувачем [Сусло Тетяна] змінено виконавця з ЗАПЛАНОВАНІ на Шкуліпа.
[03-Oct-2024 11:10:29 Europe/Helsinki] EditDATA [INFO] Для заявки Повірка від 25.09.2024 користувачем [Сусло Тетяна] змінено виконавця з ЗАПЛАНОВАНІ на Шкуліпа.
[03-Oct-2024 11:10:37 Europe/Helsinki] EditDATA [INFO] Для заявки Повірка від 23.09.2024 користувачем [Сусло Тетяна] змінено виконавця з ЗАПЛАНОВАНІ на Шкуліпа.
[03-Oct-2024 11:15:29 Europe/Helsinki] EditDATA [INFO] За адресою вул. Жабинського 2 корпус В, кв. 118 користувачем [Сусло Тетяна] змінені номери телефонів з +38(050)260-45-55 на +38(068)815-97-81, при створенні нової заявки [Повірка] від 03.10.2024.
[03-Oct-2024 11:15:29 Europe/Helsinki] NewDATA [INFO] Нова заявка Повірка, адреса: вул. Жабинського 2 корпус В, кв. 118, лічильники: БЕЗ НОМЕРА - 1 шт., вартість: 300 грн., примітки: 9-13, подовж додано до БД користувачем [Сусло Тетяна].
[2024-10-03T11:15:45.154] [INFO] DataBase - У заявці Повірка від 3 жовтня 2024 р. за адресою вул. Жабинського, буд. 2, корп. В, кв. 118 додано виконавця Шкуліпа та додано дату виконання 4 жовтня 2024 р. користувачем [Сусло Тетяна].
[03-Oct-2024 11:23:23 Europe/Helsinki] EditDATA [INFO] За адресою вул. Красносільського 49, кв. 25 користувачем [Сусло Тетяна] змінені номери телефонів з +38(093)741-64-15, +38(063)458-08-78 на +38(097)965-88-41, при створенні нової заявки [Повірка] від 03.10.2024.
[03-Oct-2024 11:23:23 Europe/Helsinki] NewDATA [INFO] Нова заявка Повірка, адреса: вул. Красносільського 49, кв. 25, лічильники: БЕЗ НОМЕРА - 1 шт., вартість: 300 грн., примітки: 13-18, за 30 хв додано до БД користувачем [Сусло Тетяна].
[2024-10-03T11:23:31.381] [INFO] DataBase - У заявці Повірка від 3 жовтня 2024 р. за адресою вул. Красносільського, буд. 49, кв. 25 додано виконавця ЗАПЛАНОВАНІ та додано дату виконання 8 жовтня 2024 р. користувачем [Сусло Тетяна].
[03-Oct-2024 11:37:43 Europe/Helsinki] EditDATA [INFO] За адресою вул. 1-ї Гвардійської Армії 4, кв. 157 користувачем [Сусло Тетяна] змінені номери телефонів з +38(093)000-70-34, +38(093)007-70-34 на +38(093)000-70-34, при створенні нової заявки [Заміна] від 03.10.2024.
[03-Oct-2024 11:37:43 Europe/Helsinki] NewDATA [INFO] Нова заявка Заміна, адреса: вул. 1-ї Гвардійської Армії 4, кв. 157, лічильники: БЕЗ НОМЕРА - 2 шт., виконавець: Баранов, вартість: 2120 грн., примітки: 8-13, 1хв, 1гв, кухня додано до БД користувачем [Сусло Тетяна].
[2024-10-03T11:37:46.548] [INFO] DataBase - У заявці Заміна від 3 жовтня 2024 р. за адресою вул. 1-ї Гвардійської Армії, буд. 4, кв. 157 додано дату виконання 7 жовтня 2024 р. користувачем [Сусло Тетяна].
[2024-10-03T11:52:08.879] [INFO] DataBase - У заявці Повірка від 1 жовтня 2024 р. за адресою вул. Мстиславська, буд. 175, кв. 49 видалено виконавця Сірий та видалено дату виконання 3 жовтня 2024 р. користувачем [Сміян Альона].
[2024-10-03T11:52:20.529] [INFO] DataBase - У заявці Повірка від 3 жовтня 2024 р. за адресою вул. Льотна, буд. 43, кв. 159 видалено виконавця Сірий та видалено дату виконання 3 жовтня 2024 р. користувачем [Сміян Альона].
[03-Oct-2024 11:58:42 Europe/Helsinki] NewDATA [INFO] Нова адреса вул. Ціолковського, буд. 4, кв. 3 додана до БД користувачем [Сусло Тетяна].
[03-Oct-2024 11:59:23 Europe/Helsinki] EditDATA [INFO] За адресою вул. Ціолковського 4, кв. 3 користувачем [Сусло Тетяна] додано номер телефону +38(068)236-01-36, при створенні нової заявки [Повірка] від 03.10.2024.
[03-Oct-2024 11:59:23 Europe/Helsinki] NewDATA [INFO] Нова заявка Повірка, адреса: вул. Ціолковського 4, кв. 3, лічильники: БЕЗ НОМЕРА - 2 шт., вартість: 600 грн., примітки: 13-18 додано до БД користувачем [Сусло Тетяна].
[2024-10-03T11:59:27.694] [INFO] DataBase - У заявці Повірка від 3 жовтня 2024 р. за адресою вул. Ціолковського, буд. 4, кв. 3 додано виконавця ЗАПЛАНОВАНІ та додано дату виконання 10 жовтня 2024 р. користувачем [Сусло Тетяна].
[03-Oct-2024 12:18:32 Europe/Helsinki] EditDATA [INFO] Для заявки Повірка від 25.09.2024 користувачем [Сусло Тетяна] змінено примітки з 8-13 на 8-13, кв.17.
[03-Oct-2024 12:18:47 Europe/Helsinki] EditDATA [INFO] Для заявки Повірка від 25.09.2024 користувачем [Сусло Тетяна] змінено примітки з 8-13, кв.17 на 8-13, кв.27.
[03-Oct-2024 12:19:30 Europe/Helsinki] EditDATA [INFO] Для заявки Повірка від 25.09.2024 користувачем [Сусло Тетяна] змінено примітки з 8-13, кв.27 на 13-17, кв.27.
[03-Oct-2024 12:20:19 Europe/Helsinki] EditDATA [INFO] Для заявки Повірка від 25.09.2024 користувачем [Сусло Тетяна] змінено примітки з 13-17, кв.27 на 13-17, кв.27,вірно.
[03-Oct-2024 12:43:46 Europe/Helsinki] NewDATA [INFO] Нова адреса вул. Старобілоуська, буд. 33, кв. 53 додана до БД користувачем [Сусло Тетяна].
[03-Oct-2024 12:44:31 Europe/Helsinki] EditDATA [INFO] За адресою вул. Старобілоуська 33, кв. 53 користувачем [Сусло Тетяна] додано номер телефону +38(063)114-17-11, при створенні нової заявки [Повірка] від 03.10.2024.
[03-Oct-2024 12:44:31 Europe/Helsinki] NewDATA [INFO] Нова заявка Повірка, адреса: вул. Старобілоуська 33, кв. 53, лічильники: БЕЗ НОМЕРА - 2 шт., вартість: 600 грн., примітки: 8-13 додано до БД користувачем [Сусло Тетяна].
[2024-10-03T12:44:43.517] [INFO] DataBase - У заявці Повірка від 3 жовтня 2024 р. за адресою вул. Старобілоуська, буд. 33, кв. 53 додано виконавця ЗАПЛАНОВАНІ та додано дату виконання 8 жовтня 2024 р. користувачем [Сусло Тетяна].
[03-Oct-2024 12:45:37 Europe/Helsinki] NewDATA [INFO] Нова заявка Повірка, адреса: вул. Волковича 2 корпус Б, кв. 125, лічильники: БЕЗ НОМЕРА - 2 шт., вартість: 600 грн., примітки: 12-17 додано до БД користувачем [Сусло Тетяна].
[2024-10-03T12:45:43.172] [INFO] DataBase - У заявці Повірка від 3 жовтня 2024 р. за адресою вул. Волковича, буд. 2, корп. Б, кв. 125 додано виконавця ЗАПЛАНОВАНІ та додано дату виконання 9 жовтня 2024 р. користувачем [Сусло Тетяна].
[03-Oct-2024 12:46:25 Europe/Helsinki] NewDATA [INFO] Нова адреса просп. Грушевського Михайла, буд. 169, корп. 2, кв. 8 додана до БД користувачем [Сусло Тетяна].
[03-Oct-2024 12:47:23 Europe/Helsinki] EditDATA [INFO] За адресою просп. Грушевського Михайла 169 корпус 2, кв. 8 користувачем [Сусло Тетяна] додано номер телефону +38(063)534-67-63, при створенні нової заявки [Повірка] від 03.10.2024.
[03-Oct-2024 12:47:23 Europe/Helsinki] NewDATA [INFO] Нова заявка Повірка, адреса: просп. Грушевського Михайла 169 корпус 2, кв. 8, лічильники: БЕЗ НОМЕРА - 4 шт., вартість: 1200 грн., примітки: 13-18, домофон не працює додано до БД користувачем [Сусло Тетяна].
[2024-10-03T12:47:29.110] [INFO] DataBase - У заявці Повірка від 3 жовтня 2024 р. за адресою просп. Грушевського Михайла, буд. 169, корп. 2, кв. 8 додано виконавця Сірий та додано дату виконання 4 жовтня 2024 р. користувачем [Сусло Тетяна].
[03-Oct-2024 12:48:29 Europe/Helsinki] NewDATA [INFO] Нова адреса просп. Перемоги, буд. 107, кв. 99 додана до БД користувачем [Сусло Тетяна].
[03-Oct-2024 12:49:17 Europe/Helsinki] EditDATA [INFO] За адресою просп. Перемоги 107, кв. 99 користувачем [Сусло Тетяна] додано номер телефону +38(063)534-67-63, при створенні нової заявки [Повірка] від 03.10.2024.
[03-Oct-2024 12:49:17 Europe/Helsinki] NewDATA [INFO] Нова заявка Повірка, адреса: просп. Перемоги 107, кв. 99, лічильники: БЕЗ НОМЕРА - 2 шт., вартість: 600 грн., примітки: 13-18, за 1 год додано до БД користувачем [Сусло Тетяна].
[2024-10-03T12:49:27.135] [INFO] DataBase - У заявці Повірка від 3 жовтня 2024 р. за адресою просп. Перемоги, буд. 107, кв. 99 додано виконавця ЗАПЛАНОВАНІ та додано дату виконання 7 жовтня 2024 р. користувачем [Сусло Тетяна].
[03-Oct-2024 12:50:03 Europe/Helsinki] NewDATA [INFO] Нова заявка Повірка, адреса: вул. Толстого 142, кв. 5, лічильники: БЕЗ НОМЕРА - 1 шт., вартість: 300 грн., примітки: 8-13 додано до БД користувачем [Сусло Тетяна].
[2024-10-03T12:50:07.632] [INFO] DataBase - У заявці Повірка від 3 жовтня 2024 р. за адресою вул. Толстого, буд. 142, кв. 5 додано виконавця ЗАПЛАНОВАНІ та додано дату виконання 10 жовтня 2024 р. користувачем [Сусло Тетяна].
[03-Oct-2024 12:51:15 Europe/Helsinki] NewDATA [INFO] Нова заявка Повірка, адреса: просп. Грушевського Михайла 157, кв. 12, лічильники: БЕЗ НОМЕРА - 3 шт., вартість: 900 грн., примітки: 13-18, якщо можна то 4 лічильника додано до БД користувачем [Сусло Тетяна].
[2024-10-03T12:51:18.458] [INFO] DataBase - У заявці Повірка від 3 жовтня 2024 р. за адресою просп. Грушевського Михайла, буд. 157, кв. 12 додано виконавця Сірий та додано дату виконання 4 жовтня 2024 р. користувачем [Сусло Тетяна].
[03-Oct-2024 12:52:03 Europe/Helsinki] NewDATA [INFO] Нова адреса просп. Грушевського Михайла, буд. 157, кв. 22, тел. +38 (067) 731-73-25 додана до БД користувачем [Сусло Тетяна].
[03-Oct-2024 12:52:05 Europe/Helsinki] NewDATA [INFO] Нова адреса просп. Грушевського Михайла, буд. 167, корп. А, кв. 67, тел. +38 (067) 985-73-49 додана до БД користувачем [Сміян Альона].
[03-Oct-2024 12:52:34 Europe/Helsinki] NewDATA [INFO] Нова заявка Повірка, адреса: просп. Грушевського Михайла 157, кв. 22, лічильники: БЕЗ НОМЕРА - 2 шт., вартість: 600 грн., примітки: 8-13 додано до БД користувачем [Сусло Тетяна].
[2024-10-03T12:52:39.922] [INFO] DataBase - У заявці Повірка від 3 жовтня 2024 р. за адресою просп. Грушевського Михайла, буд. 157, кв. 22 додано виконавця ЗАПЛАНОВАНІ та додано дату виконання 7 жовтня 2024 р. користувачем [Сусло Тетяна].
[03-Oct-2024 12:52:51 Europe/Helsinki] NewDATA [INFO] Нова заявка Повірка, адреса: просп. Грушевського Михайла 167 корпус А, кв. 67, лічильники: БЕЗ НОМЕРА - 2 шт., виконавець: Сірий, вартість: 600 грн., примітки: 13-17 1час додано до БД користувачем [Сміян Альона].
[2024-10-03T12:52:57.443] [INFO] DataBase - У заявці Повірка від 3 жовтня 2024 р. за адресою просп. Грушевського Михайла, буд. 167, корп. А, кв. 67 додано дату виконання 4 жовтня 2024 р. користувачем [Сміян Альона].
[03-Oct-2024 13:00:00 Europe/Helsinki] NewDATA [INFO] Нова заявка Повірка, адреса: вул. Космонавтів 12, кв. 15, лічильники: БЕЗ НОМЕРА - 2 шт., вартість: 600 грн., примітки: 8-13, за 30 хв додано до БД користувачем [Сусло Тетяна].
[2024-10-03T13:00:06.044] [INFO] DataBase - У заявці Повірка від 3 жовтня 2024 р. за адресою вул. Космонавтів, буд. 12, кв. 15 додано виконавця ЗАПЛАНОВАНІ та додано дату виконання 7 жовтня 2024 р. користувачем [Сусло Тетяна].
[03-Oct-2024 13:06:38 Europe/Helsinki] NewDATA [INFO] Нова адреса вул. Генерала Пухова, буд. 131, корп. 2, кв. 24, тел. +38 (093) 281-62-80 додана до БД користувачем [Сміян Альона].
[03-Oct-2024 13:07:14 Europe/Helsinki] NewDATA [INFO] Нова заявка Повірка, адреса: вул. Генерала Пухова 131 корпус 2, кв. 24, лічильники: БЕЗ НОМЕРА - 2 шт., виконавець: Ващенко, вартість: 600 грн., примітки: 9-11 додано до БД користувачем [Сміян Альона].
[2024-10-03T13:07:18.085] [INFO] DataBase - У заявці Повірка від 3 жовтня 2024 р. за адресою вул. Генерала Пухова, буд. 131, корп. 2, кв. 24 додано дату виконання 4 жовтня 2024 р. користувачем [Сміян Альона].
[03-Oct-2024 13:12:50 Europe/Helsinki] NewDATA [INFO] Нова адреса вул. Генерала Пухова, буд. 136, кв. 81, тел. +38 (067) 788-43-81 додана до БД користувачем [Сміян Альона].
[03-Oct-2024 13:13:20 Europe/Helsinki] NewDATA [INFO] Нова заявка Повірка, адреса: вул. Генерала Пухова 136, кв. 81, лічильники: БЕЗ НОМЕРА - 2 шт., виконавець: Ващенко, вартість: 600 грн., примітки: після 16.00 30хв додано до БД користувачем [Сміян Альона].
[2024-10-03T13:13:25.209] [INFO] DataBase - У заявці Повірка від 3 жовтня 2024 р. за адресою вул. Генерала Пухова, буд. 136, кв. 81 додано дату виконання 4 жовтня 2024 р. користувачем [Сміян Альона].
[03-Oct-2024 13:15:52 Europe/Helsinki] NewDATA [INFO] Нова адреса вул. курсанта Єськова, буд. 8, кв. 48, тел. +38 (050) 706-43-03 додана до БД користувачем [Сусло Тетяна].
[03-Oct-2024 13:16:22 Europe/Helsinki] NewDATA [INFO] Нова заявка Повірка, адреса: вул. курсанта Єськова 8, кв. 48, лічильники: БЕЗ НОМЕРА - 2 шт., вартість: 600 грн., примітки: 12-16 додано до БД користувачем [Сусло Тетяна].
[03-Oct-2024 13:16:41 Europe/Helsinki] EditDATA [INFO] Для заявки Повірка від 03.10.2024 користувачем [Сусло Тетяна] змінено примітки з 12-16 на 12-15.30.
[2024-10-03T13:16:45.582] [INFO] DataBase - У заявці Повірка від 3 жовтня 2024 р. за адресою вул. курсанта Єськова, буд. 8, кв. 48 додано виконавця ЗАПЛАНОВАНІ та додано дату виконання 9 жовтня 2024 р. користувачем [Сусло Тетяна].
[03-Oct-2024 13:17:52 Europe/Helsinki] NewDATA [INFO] Нова адреса вул. Генерала Пухова, буд. 132, кв. 53, тел. +38 (063) 605-22-60 додана до БД користувачем [Сміян Альона].
[03-Oct-2024 13:18:27 Europe/Helsinki] NewDATA [INFO] Нова заявка Повірка, адреса: вул. Генерала Пухова 132, кв. 53, лічильники: БЕЗ НОМЕРА - 2 шт., виконавець: Ващенко, вартість: 600 грн., примітки: 13-17 додано до БД користувачем [Сміян Альона].
[2024-10-03T13:18:32.069] [INFO] DataBase - У заявці Повірка від 3 жовтня 2024 р. за адресою вул. Генерала Пухова, буд. 132, кв. 53 додано дату виконання 4 жовтня 2024 р. користувачем [Сміян Альона].
[03-Oct-2024 13:23:05 Europe/Helsinki] NewDATA [INFO] Нова адреса вул. Генерала Пухова, буд. 132, кв. 6, тел. +38 (093) 001-73-73 додана до БД користувачем [Сусло Тетяна].
[03-Oct-2024 13:23:38 Europe/Helsinki] NewDATA [INFO] Нова заявка Повірка, адреса: вул. Генерала Пухова 132, кв. 6, лічильники: БЕЗ НОМЕРА - 2 шт., вартість: 600 грн., примітки: 13-16, за 30 хв додано до БД користувачем [Сусло Тетяна].
[2024-10-03T13:23:43.807] [INFO] DataBase - У заявці Повірка від 3 жовтня 2024 р. за адресою вул. Генерала Пухова, буд. 132, кв. 6 додано виконавця Ващенко та додано дату виконання 4 жовтня 2024 р. користувачем [Сусло Тетяна].
[03-Oct-2024 13:45:01 Europe/Helsinki] NewDATA [INFO] Нова адреса вул. Радченка Вячеслава, буд. 18, кв. 47 додана до БД користувачем [Сусло Тетяна].
[03-Oct-2024 13:45:52 Europe/Helsinki] EditDATA [INFO] За адресою вул. Радченка Вячеслава 18, кв. 47 користувачем [Сусло Тетяна] додано номер телефону +38(093)402-17-95, при створенні нової заявки [Повірка] від 03.10.2024.
[03-Oct-2024 13:45:52 Europe/Helsinki] NewDATA [INFO] Нова заявка Повірка, адреса: вул. Радченка Вячеслава 18, кв. 47, лічильники: БЕЗ НОМЕРА - 2 шт., вартість: 600 грн., примітки: 8-13 додано до БД користувачем [Сусло Тетяна].
[2024-10-03T13:45:58.275] [INFO] DataBase - У заявці Повірка від 3 жовтня 2024 р. за адресою вул. Радченка Вячеслава, буд. 18, кв. 47 додано виконавця ЗАПЛАНОВАНІ та додано дату виконання 17 жовтня 2024 р. користувачем [Сусло Тетяна].
[03-Oct-2024 13:47:10 Europe/Helsinki] NewDATA [INFO] Нова адреса просп. Левка Лукяненка, буд. 14, корп. В, кв. 14 додана до БД користувачем [Сусло Тетяна].
[03-Oct-2024 13:48:11 Europe/Helsinki] EditDATA [INFO] За адресою просп. Левка Лукяненка 14 корпус В, кв. 14 користувачем [Сусло Тетяна] додано номер телефону +38(066)274-21-17, при створенні нової заявки [Повірка] від 03.10.2024.
[03-Oct-2024 13:48:11 Europe/Helsinki] NewDATA [INFO] Нова заявка Повірка, адреса: просп. Левка Лукяненка 14 корпус В, кв. 14, лічильники: БЕЗ НОМЕРА - 2 шт., вартість: 600 грн., примітки: 15-18(на роботі) додано до БД користувачем [Сусло Тетяна].
[2024-10-03T13:48:20.709] [INFO] DataBase - У заявці Повірка від 3 жовтня 2024 р. за адресою просп. Левка Лукяненка, буд. 14, корп. В, кв. 14 додано виконавця ЗАПЛАНОВАНІ та додано дату виконання 7 жовтня 2024 р. користувачем [Сусло Тетяна].
[03-Oct-2024 14:22:56 Europe/Helsinki] NewDATA [INFO] Нова адреса вул. Жабинського, буд. 2, корп. Б, кв. 72, тел. +38 (068) 385-39-44 додана до БД користувачем [Сусло Тетяна].
[03-Oct-2024 14:23:32 Europe/Helsinki] NewDATA [INFO] Нова заявка Повірка, адреса: вул. Жабинського 2 корпус Б, кв. 72, лічильники: БЕЗ НОМЕРА - 2 шт., вартість: 600 грн., примітки: 8-13, за 30 хв додано до БД користувачем [Сусло Тетяна].
[2024-10-03T14:23:39.914] [INFO] DataBase - У заявці Повірка від 3 жовтня 2024 р. за адресою вул. Жабинського, буд. 2, корп. Б, кв. 72 додано виконавця ЗАПЛАНОВАНІ та додано дату виконання 14 жовтня 2024 р. користувачем [Сусло Тетяна].
[03-Oct-2024 14:24:49 Europe/Helsinki] EditDATA [INFO] Для заявки Заміна від 02.10.2024 користувачем [Сусло Тетяна] змінено примітки з 13-16, 1 гв, св, на 13-16, 1 гв, 1хв, св,.
[03-Oct-2024 14:27:19 Europe/Helsinki] NewDATA [INFO] Нова заявка Повірка, адреса: вул. курсанта Єськова 4, кв. 79, лічильники: БЕЗ НОМЕРА - 2 шт., вартість: 600 грн., примітки: 8-13 додано до БД користувачем [Сусло Тетяна].
[2024-10-03T14:27:23.721] [INFO] DataBase - У заявці Повірка від 3 жовтня 2024 р. за адресою вул. курсанта Єськова, буд. 4, кв. 79 додано виконавця Богомаз та додано дату виконання 4 жовтня 2024 р. користувачем [Сусло Тетяна].
[03-Oct-2024 14:47:34 Europe/Helsinki] NewDATA [INFO] Нова адреса вул. Незалежності, буд. 74, кв. 96 додана до БД користувачем [Сусло Тетяна].
[03-Oct-2024 14:48:30 Europe/Helsinki] EditDATA [INFO] За адресою вул. Незалежності 74, кв. 96 користувачем [Сусло Тетяна] додано номер телефону +38(093)924-06-11, при створенні нової заявки [Повірка] від 03.10.2024.
[03-Oct-2024 14:48:30 Europe/Helsinki] NewDATA [INFO] Нова заявка Повірка, адреса: вул. Незалежності 74, кв. 96, лічильники: БЕЗ НОМЕРА - 2 шт., вартість: 600 грн., примітки: 13-18, за 30 хв додано до БД користувачем [Сусло Тетяна].
[2024-10-03T14:48:38.568] [INFO] DataBase - У заявці Повірка від 3 жовтня 2024 р. за адресою вул. Незалежності, буд. 74, кв. 96 додано виконавця ЗАПЛАНОВАНІ та додано дату виконання 8 жовтня 2024 р. користувачем [Сусло Тетяна].
[03-Oct-2024 14:49:57 Europe/Helsinki] NewDATA [INFO] Нова адреса вул. Всіхсвятська, буд. 6, корп. А, кв. 28, тел. +38 (095) 384-32-95 додана до БД користувачем [Сусло Тетяна].
[03-Oct-2024 14:50:26 Europe/Helsinki] NewDATA [INFO] Нова заявка Повірка, адреса: вул. Всіхсвятська 6 корпус А, кв. 28, лічильники: БЕЗ НОМЕРА - 2 шт., вартість: 600 грн., примітки: 8-13 додано до БД користувачем [Сусло Тетяна].
[2024-10-03T14:50:32.465] [INFO] DataBase - У заявці Повірка від 3 жовтня 2024 р. за адресою вул. Всіхсвятська, буд. 6, корп. А, кв. 28 додано виконавця ЗАПЛАНОВАНІ та додано дату виконання 10 жовтня 2024 р. користувачем [Сусло Тетяна].
[03-Oct-2024 15:03:51 Europe/Helsinki] NewDATA [INFO] Нова адреса вул. Пятницька, буд. 94, кв. 49, тел. +38 (067) 271-65-58 додана до БД користувачем [Сусло Тетяна].
[03-Oct-2024 15:04:45 Europe/Helsinki] NewDATA [INFO] Нова заявка Повірка, адреса: вул. Пятницька 94, кв. 49, лічильники: БЕЗ НОМЕРА - 4 шт., вартість: 1200 грн., примітки: 13-18 додано до БД користувачем [Сусло Тетяна].
[03-Oct-2024 15:08:06 Europe/Helsinki] EditDATA [INFO] За адресою вул. Савчука 11, кв. 15 користувачем [Сусло Тетяна] змінені номери телефонів з +38(0462)66-67-97, +38(097)405-91-87 на +38(097)282-82-06, при створенні нової заявки [Повірка] від 03.10.2024.
[03-Oct-2024 15:08:06 Europe/Helsinki] NewDATA [INFO] Нова заявка Повірка, адреса: вул. Савчука 11, кв. 15, лічильники: БЕЗ НОМЕРА - 2 шт., вартість: 600 грн., примітки: 8-9 додано до БД користувачем [Сусло Тетяна].
[2024-10-03T15:08:20.834] [INFO] DataBase - У заявці Повірка від 3 жовтня 2024 р. за адресою вул. Савчука, буд. 11, кв. 15 додано виконавця ЗАПЛАНОВАНІ та додано дату виконання 8 жовтня 2024 р. користувачем [Сусло Тетяна].
[2024-10-03T15:08:27.371] [INFO] DataBase - У заявці Повірка від 3 жовтня 2024 р. за адресою вул. Пятницька, буд. 94, кв. 49 додано виконавця ЗАПЛАНОВАНІ та додано дату виконання 7 жовтня 2024 р. користувачем [Сусло Тетяна].
[03-Oct-2024 15:27:42 Europe/Helsinki] NewDATA [INFO] Нова заявка Заміна, адреса: вул. Нафтовиків 11, кв. 8, лічильники: БЕЗ НОМЕРА - 2 шт., виконавець: Баранов, вартість: 2120 грн., примітки: 1х/в,1г/в 13-17 30хв додано до БД користувачем [Сміян Альона].
[2024-10-03T15:27:47.435] [INFO] DataBase - У заявці Заміна від 3 жовтня 2024 р. за адресою вул. Нафтовиків, буд. 11, кв. 8 додано дату виконання 11 жовтня 2024 р. користувачем [Сміян Альона].
[03-Oct-2024 15:51:07 Europe/Helsinki] NewDATA [INFO] Нова адреса вул. Незалежності, буд. 74, кв. 198, тел. +38 (099) 216-03-05 додана до БД користувачем [Сусло Тетяна].
[03-Oct-2024 15:52:27 Europe/Helsinki] NewDATA [INFO] Нова заявка Повірка, адреса: вул. Незалежності 74, кв. 198, лічильники: БЕЗ НОМЕРА - 1 шт., вартість: 300 грн., примітки: 16-18 додано до БД користувачем [Сусло Тетяна].
[2024-10-03T15:52:32.434] [INFO] DataBase - У заявці Повірка від 3 жовтня 2024 р. за адресою вул. Незалежності, буд. 74, кв. 198 додано виконавця ЗАПЛАНОВАНІ та додано дату виконання 8 жовтня 2024 р. користувачем [Сусло Тетяна].
[03-Oct-2024 15:53:34 Europe/Helsinki] EditDATA [INFO] За адресою просп. Левка Лукяненка 4, кв. 38 користувачем [Сусло Тетяна] змінені номери телефонів з +38(097)616-40-61 на +38(067)142-63-72, при створенні нової заявки [Повірка] від 03.10.2024.
[03-Oct-2024 15:53:35 Europe/Helsinki] NewDATA [INFO] Нова заявка Повірка, адреса: просп. Левка Лукяненка 4, кв. 38, лічильники: БЕЗ НОМЕРА - 2 шт., вартість: 600 грн., примітки: 13-18, за 30 хв додано до БД користувачем [Сусло Тетяна].
[2024-10-03T15:53:42.155] [INFO] DataBase - У заявці Повірка від 3 жовтня 2024 р. за адресою просп. Левка Лукяненка, буд. 4, кв. 38 додано виконавця ЗАПЛАНОВАНІ та додано дату виконання 7 жовтня 2024 р. користувачем [Сусло Тетяна].
[03-Oct-2024 16:09:11 Europe/Helsinki] EditDATA [INFO] За адресою вул. Шевченка 114 корпус А, кв. 16 користувачем [Сусло Тетяна] змінені номери телефонів з +38(093)187-60-31, +38(093)774-37-67 на +38(063)129-33-22, при створенні нової заявки [Повірка] від 03.10.2024.
[03-Oct-2024 16:09:11 Europe/Helsinki] NewDATA [INFO] Нова заявка Повірка, адреса: вул. Шевченка 114 корпус А, кв. 16, лічильники: БЕЗ НОМЕРА - 1 шт., вартість: 300 грн., примітки: 8-13, за 30 хв додано до БД користувачем [Сусло Тетяна].
[2024-10-03T16:09:16.779] [INFO] DataBase - У заявці Повірка від 3 жовтня 2024 р. за адресою вул. Шевченка, буд. 114, корп. А, кв. 16 додано виконавця ЗАПЛАНОВАНІ та додано дату виконання 8 жовтня 2024 р. користувачем [Сусло Тетяна].
[03-Oct-2024 16:12:00 Europe/Helsinki] NewDATA [INFO] Нова адреса вул. Любецька, буд. 11, кв. 101 додана до БД користувачем [Сусло Тетяна].
[03-Oct-2024 16:13:25 Europe/Helsinki] EditDATA [INFO] За адресою вул. Любецька 11, кв. 101 користувачем [Сусло Тетяна] додано номер телефону +38(096)807-90-35, при створенні нової заявки [Повірка] від 03.10.2024.
[03-Oct-2024 16:13:25 Europe/Helsinki] NewDATA [INFO] Нова заявка Повірка, адреса: вул. Любецька 11, кв. 101, лічильники: БЕЗ НОМЕРА - 4 шт., вартість: 1200 грн., примітки: 8-13 додано до БД користувачем [Сусло Тетяна].
[2024-10-03T16:13:29.242] [INFO] DataBase - У заявці Повірка від 3 жовтня 2024 р. за адресою вул. Любецька, буд. 11, кв. 101 додано виконавця ЗАПЛАНОВАНІ та додано дату виконання 7 жовтня 2024 р. користувачем [Сусло Тетяна].
