[04-Apr-2025 09:18:48 Europe/Helsinki] DellTASK [INFO] Повірка від 31.03.2025 для адреси просп. Перемоги, буд. 104, кв. 62 для лічильника БЕЗ НОМЕРА - 4 шт. було завершено користувачем [Коваль Людмила] з коментарем: виконано.
[04-Apr-2025 09:19:01 Europe/Helsinki] DellTASK [INFO] Повірка від 31.03.2025 для адреси вул. Гонча, буд. 84, кв. 21 для лічильника БЕЗ НОМЕРА - 2 шт. було завершено користувачем [Коваль Людмила] з коментарем: виконано.
[04-Apr-2025 09:19:18 Europe/Helsinki] DellTASK [INFO] Повірка від 31.03.2025 для адреси вул. Київська, буд. 6, кв. 62 для лічильника БЕЗ НОМЕРА - 2 шт. було завершено користувачем [Коваль Людмила] з коментарем: виконано.
[04-Apr-2025 09:19:34 Europe/Helsinki] DellTASK [INFO] Повірка від 28.03.2025 для адреси вул. Мстиславська, буд. 38, кв. 7 для лічильника БЕЗ НОМЕРА - 4 шт. було завершено користувачем [Коваль Людмила] з коментарем: виконано.
[04-Apr-2025 09:19:48 Europe/Helsinki] DellTASK [INFO] Повірка від 28.03.2025 для адреси вул. Котляревського, буд. 3, кв. 3 для лічильника БЕЗ НОМЕРА - 4 шт. було завершено користувачем [Коваль Людмила] з коментарем: виконано.
[04-Apr-2025 09:20:01 Europe/Helsinki] DellTASK [INFO] Повірка від 28.03.2025 для адреси вул. Київська, буд. 5, кв. 24 для лічильника БЕЗ НОМЕРА - 1 шт. було завершено користувачем [Коваль Людмила] з коментарем: виконано.
[04-Apr-2025 09:20:14 Europe/Helsinki] DellTASK [INFO] Повірка від 28.03.2025 для адреси вул. Небаби Мартина, буд. 102, кв. 2 для лічильника БЕЗ НОМЕРА - 2 шт. було завершено користувачем [Коваль Людмила] з коментарем: виконано.
[04-Apr-2025 09:20:27 Europe/Helsinki] DellTASK [INFO] Повірка від 28.03.2025 для адреси вул. Небаби Мартина, буд. 102, кв. 35 для лічильника БЕЗ НОМЕРА - 1 шт. було завершено користувачем [Коваль Людмила] з коментарем: виконано.
[04-Apr-2025 09:21:03 Europe/Helsinki] DellTASK [INFO] Повірка від 27.03.2025 для адреси вул. Пятницька, буд. 68, корп. 3, кв. 18 для лічильника БЕЗ НОМЕРА - 1 шт. було завершено користувачем [Коваль Людмила] з коментарем: виконано.
[04-Apr-2025 09:21:15 Europe/Helsinki] DellTASK [INFO] Повірка від 27.03.2025 для адреси вул. Небаби Мартина, буд. 102, кв. 68 для лічильника БЕЗ НОМЕРА - 1 шт. було завершено користувачем [Коваль Людмила] з коментарем: виконано.
[04-Apr-2025 09:21:34 Europe/Helsinki] DellTASK [INFO] Повірка від 01.04.2025 для адреси вул. Дніпровська, буд. 4, кв. 73 для лічильника БЕЗ НОМЕРА - 2 шт. було завершено користувачем [Коваль Людмила] з коментарем: виконано.
[04-Apr-2025 09:21:48 Europe/Helsinki] DellTASK [INFO] Повірка від 31.03.2025 для адреси вул. Самоквасова Дмитра, буд. 20, кв. 93 для лічильника БЕЗ НОМЕРА - 4 шт. було завершено користувачем [Коваль Людмила] з коментарем: виконано.
[04-Apr-2025 09:22:26 Europe/Helsinki] DellTASK [INFO] Повірка від 27.03.2025 для адреси вул. Дніпровська, буд. 6, кв. 27 для лічильника БЕЗ НОМЕРА - 2 шт. було завершено користувачем [Коваль Людмила] з коментарем: виконано.
[04-Apr-2025 09:22:39 Europe/Helsinki] DellTASK [INFO] Повірка від 31.03.2025 для адреси вул. Текстильників, буд. 9, корп. А, кв. 12 для лічильника БЕЗ НОМЕРА - 4 шт. було завершено користувачем [Коваль Людмила] з коментарем: виконано.
[04-Apr-2025 09:22:58 Europe/Helsinki] DellTASK [INFO] Повірка від 31.03.2025 для адреси вул. Текстильників, буд. 24, корп. А, кв. 33 для лічильника БЕЗ НОМЕРА - 2 шт. було завершено користувачем [Коваль Людмила] з коментарем: виконано.
[04-Apr-2025 09:24:23 Europe/Helsinki] NewDATA [INFO] Новий лічильник номер: 0200008638, тип: ЛК => DN 15, рік випуску: 2020, показники: 0, балансоутримувач: КП "ВДК" додано до БД користувачем [Коваль Людмила].
[04-Apr-2025 09:24:51 Europe/Helsinki] NewDATA [INFO] Новий лічильник номер: 02000040834, тип: ЛК => DN 15, рік випуску: 2020, показники: 0, балансоутримувач: АТ "ОТКЕ" додано до БД користувачем [Коваль Людмила].
[04-Apr-2025 09:24:53 Europe/Helsinki] EditDATA [INFO] За адресою вул. Космонавтів, буд. 1, кв. 18 користувачем [Коваль Людмила] було додано лічильники: 0200008638, 02000040834].
[04-Apr-2025 09:30:53 Europe/Helsinki] NewDATA [INFO] Новий лічильник номер: 282506, тип: КВ-1,5 => DN 15, рік випуску: 2010, показники: 0, балансоутримувач: КП "ВДК" додано до БД користувачем [Коваль Людмила].
[04-Apr-2025 09:31:33 Europe/Helsinki] NewDATA [INFO] Новий лічильник номер: 308355, тип: КВ-1,5 => DN 15, рік випуску: 2010, показники: 0, балансоутримувач: АТ "ОТКЕ" додано до БД користувачем [Коваль Людмила].
[04-Apr-2025 09:31:55 Europe/Helsinki] NewDATA [INFO] Новий лічильник номер: 106979, тип: КВ-1,5 => DN 15, рік випуску: 2014, показники: 0, балансоутримувач: КП "ВДК" додано до БД користувачем [Коваль Людмила].
[04-Apr-2025 09:32:28 Europe/Helsinki] NewDATA [INFO] Новий лічильник номер: 061467, тип: КВ-1,5 => DN 15, рік випуску: 2014, показники: 0, балансоутримувач: АТ "ОТКЕ" додано до БД користувачем [Коваль Людмила].
[04-Apr-2025 09:32:31 Europe/Helsinki] EditDATA [INFO] За адресою вул. Космонавтів, буд. 18, кв. 76 користувачем [Коваль Людмила] було додано лічильники: 282506, 308355, 106979, 061467].
[04-Apr-2025 09:34:06 Europe/Helsinki] NewDATA [INFO] Новий лічильник номер: 733636, тип: КВ-1,5 => DN 15, рік випуску: 2003, показники: 0, балансоутримувач: КП "ВДК" додано до БД користувачем [Коваль Людмила].
[04-Apr-2025 09:34:39 Europe/Helsinki] NewDATA [INFO] Новий лічильник номер: 729623, тип: КВ-1,5 => DN 15, рік випуску: 2003, показники: 0, балансоутримувач: АТ "ОТКЕ" додано до БД користувачем [Коваль Людмила].
[04-Apr-2025 09:34:41 Europe/Helsinki] EditDATA [INFO] За адресою вул. Космонавтів, буд. 14, кв. 43 користувачем [Коваль Людмила] було додано лічильники: 733636, 729623].
[04-Apr-2025 09:35:23 Europe/Helsinki] NewDATA [INFO] Новий лічильник номер: 071112, тип: КВ-1,5 => DN 15, рік випуску: 2007, показники: 0, балансоутримувач: КП "ВДК" додано до БД користувачем [Коваль Людмила].
[04-Apr-2025 09:35:47 Europe/Helsinki] NewDATA [INFO] Новий лічильник номер: 628429, тип: КВ-1,5 => DN 15, рік випуску: 2006, показники: 0, балансоутримувач: АТ "ОТКЕ" додано до БД користувачем [Коваль Людмила].
[04-Apr-2025 09:35:49 Europe/Helsinki] EditDATA [INFO] За адресою вул. Корольова, буд. 4, корп. А, кв. 1 користувачем [Коваль Людмила] було додано лічильники: 071112, 628429].
[04-Apr-2025 09:36:28 Europe/Helsinki] NewDATA [INFO] Новий лічильник номер: 342992, тип: КВ-1,5 => DN 15, рік випуску: 2006, показники: 0, балансоутримувач: КП "ВДК" додано до БД користувачем [Коваль Людмила].
[04-Apr-2025 09:37:01 Europe/Helsinki] NewDATA [INFO] Новий лічильник номер: 357615, тип: КВ-1,5 => DN 15, рік випуску: 2006, показники: 0, балансоутримувач: АТ "ОТКЕ" додано до БД користувачем [Коваль Людмила].
[04-Apr-2025 09:37:03 Europe/Helsinki] EditDATA [INFO] За адресою вул. Корольова, буд. 4, корп. А, кв. 2 користувачем [Коваль Людмила] було додано лічильники: 342992, 357615].
[04-Apr-2025 09:37:53 Europe/Helsinki] NewDATA [INFO] Новий лічильник номер: 103759, тип: КВ-1,5 => DN 15, рік випуску: 2009, показники: 0, балансоутримувач: КП "ВДК" додано до БД користувачем [Коваль Людмила].
[04-Apr-2025 09:38:16 Europe/Helsinki] NewDATA [INFO] Новий лічильник номер: 078302, тип: КВ-1,5 => DN 15, рік випуску: 2009, показники: 0, балансоутримувач: АТ "ОТКЕ" додано до БД користувачем [Коваль Людмила].
[04-Apr-2025 09:38:18 Europe/Helsinki] EditDATA [INFO] За адресою вул. Корольова, буд. 15, кв. 5 користувачем [Коваль Людмила] було додано лічильники: 103759, 078302].
[04-Apr-2025 09:38:53 Europe/Helsinki] NewDATA [INFO] Новий лічильник номер: 462947, тип: КВ-1,5 => DN 15, рік випуску: 2006, показники: 0, балансоутримувач: КП "ВДК" додано до БД користувачем [Коваль Людмила].
[04-Apr-2025 09:39:24 Europe/Helsinki] NewDATA [INFO] Новий лічильник номер: 462920, тип: КВ-1,5 => DN 15, рік випуску: 2006, показники: 0, балансоутримувач: АТ "ОТКЕ" додано до БД користувачем [Коваль Людмила].
[04-Apr-2025 09:39:45 Europe/Helsinki] NewDATA [INFO] Новий лічильник номер: 460969, тип: КВ-1,5 => DN 15, рік випуску: 2006, показники: 0, балансоутримувач: КП "ВДК" додано до БД користувачем [Коваль Людмила].
[04-Apr-2025 09:40:10 Europe/Helsinki] NewDATA [INFO] Новий лічильник номер: 460348, тип: КВ-1,5 => DN 15, рік випуску: 2006, показники: 0, балансоутримувач: АТ "ОТКЕ" додано до БД користувачем [Коваль Людмила].
[04-Apr-2025 09:40:11 Europe/Helsinki] EditDATA [INFO] За адресою вул. Корольова, буд. 2, кв. 8 користувачем [Коваль Людмила] було додано лічильники: 462947, 462920, 460969, 460348].
[04-Apr-2025 10:41:44 Europe/Helsinki] NewDATA [INFO] Нова заявка Повірка, адреса: просп. Левка Лукяненка 16, кв. 72, лічильники: БЕЗ НОМЕРА - 2 шт., вартість: 600 грн., примітки: 15-17,горяча додано до БД користувачем [Коваль Людмила].
[2025-04-04T10:41:51.177] [INFO] DataBase - У заявці Повірка від 4 квітня 2025 р. за адресою просп. Левка Лукяненка, буд. 16, кв. 72 додано виконавця ЗАПЛАНОВАНІ та додано дату виконання 7 квітня 2025 р. користувачем [Коваль Людмила].
[04-Apr-2025 10:42:35 Europe/Helsinki] NewDATA [INFO] Нова адреса просп. Перемоги, буд. 201, кв. 2, тел. +38 (068) 131-39-08 додана до БД користувачем [Коваль Людмила].
[04-Apr-2025 10:43:15 Europe/Helsinki] NewDATA [INFO] Нова заявка Повірка, адреса: просп. Перемоги 201, кв. 2, лічильники: БЕЗ НОМЕРА - 1 шт., вартість: 300 грн., примітки: 13-17 додано до БД користувачем [Коваль Людмила].
[2025-04-04T10:43:19.764] [INFO] DataBase - У заявці Повірка від 4 квітня 2025 р. за адресою просп. Перемоги, буд. 201, кв. 2 додано виконавця ЗАПЛАНОВАНІ та додано дату виконання 9 квітня 2025 р. користувачем [Коваль Людмила].
[04-Apr-2025 10:44:11 Europe/Helsinki] NewDATA [INFO] Нова адреса вул. Самоквасова Дмитра, буд. 13, кв. 33, тел. +38 (098) 768-87-74 додана до БД користувачем [Коваль Людмила].
[04-Apr-2025 10:47:00 Europe/Helsinki] NewDATA [INFO] Нова заявка Повірка, адреса: вул. Самоквасова Дмитра 13, кв. 33, лічильники: БЕЗ НОМЕРА - 2 шт., вартість: 600 грн., примітки: 8-13,пере.10.04 уточнить додано до БД користувачем [Коваль Людмила].
[2025-04-04T10:47:09.218] [INFO] DataBase - У заявці Повірка від 4 квітня 2025 р. за адресою вул. Самоквасова Дмитра, буд. 13, кв. 33 додано виконавця ЗАПЛАНОВАНІ та додано дату виконання 11 квітня 2025 р. користувачем [Коваль Людмила].
[04-Apr-2025 10:47:48 Europe/Helsinki] NewDATA [INFO] Нова адреса вул. Космонавтів, буд. 8, кв. 1, тел. +38 (067) 905-94-26 додана до БД користувачем [Коваль Людмила].
[04-Apr-2025 10:57:24 Europe/Helsinki] NewDATA [INFO] Нова заявка Повірка, адреса: вул. Космонавтів 8, кв. 1, лічильники: БЕЗ НОМЕРА - 2 шт., вартість: 600 грн., примітки: 13-17 додано до БД користувачем [Коваль Людмила].
[2025-04-04T10:57:30.033] [INFO] DataBase - У заявці Повірка від 4 квітня 2025 р. за адресою вул. Космонавтів, буд. 8, кв. 1 додано виконавця ЗАПЛАНОВАНІ та додано дату виконання 7 квітня 2025 р. користувачем [Коваль Людмила].
[04-Apr-2025 10:58:16 Europe/Helsinki] NewDATA [INFO] Нова адреса просп. Грушевського Михайла, буд. 169, корп. 2, кв. 104, тел. +38 (095) 113-54-88 додана до БД користувачем [Коваль Людмила].
[04-Apr-2025 10:58:54 Europe/Helsinki] NewDATA [INFO] Нова заявка Повірка, адреса: просп. Грушевського Михайла 169 корпус 2, кв. 104, лічильники: БЕЗ НОМЕРА - 4 шт., вартість: 1200 грн., примітки: 13-17 додано до БД користувачем [Коваль Людмила].
[2025-04-04T10:59:31.742] [INFO] DataBase - У заявці Повірка від 4 квітня 2025 р. за адресою просп. Грушевського Михайла, буд. 169, корп. 2, кв. 104 додано виконавця ЗАПЛАНОВАНІ та додано дату виконання 7 квітня 2025 р. користувачем [Коваль Людмила].
[04-Apr-2025 12:36:29 Europe/Helsinki] EditDATA [INFO] Для заявки Повірка від 04.04.2025 користувачем [Сусло Тетяна] змінено виконавця з ЗАПЛАНОВАНІ на Шкуліпа.
[2025-04-04T12:36:38.628] [INFO] DataBase - У заявці Повірка від 4 квітня 2025 р. за адресою просп. Левка Лукяненка, буд. 16, кв. 72 видалено виконавця Шкуліпа та видалено дату виконання 7 квітня 2025 р. користувачем [Сусло Тетяна].
[04-Apr-2025 12:37:58 Europe/Helsinki] EditDATA [INFO] Для заявки Повірка від 04.04.2025 користувачем [Сусло Тетяна] змінено примітки з 15-17,горяча на 15-17,горяча, нема поки гар води, 04.04.
[04-Apr-2025 13:07:01 Europe/Helsinki] NewDATA [INFO] Нова адреса вул. Мазепи Івана, буд. 56, кв. 97, тел. +38 (095) 465-81-62 додана до БД користувачем [Сусло Тетяна].
[04-Apr-2025 13:07:50 Europe/Helsinki] EditDATA [INFO] За адресою вул. Мазепи Івана 56, кв. 97 користувачем [Сусло Тетяна] змінені номери телефонів з +38(095)465-81-62 на +38(095)465-81-62, +38(093)145-39-65, при створенні нової заявки [Повірка] від 04.04.2025.
[04-Apr-2025 13:07:50 Europe/Helsinki] NewDATA [INFO] Нова заявка Повірка, адреса: вул. Мазепи Івана 56, кв. 97, лічильники: БЕЗ НОМЕРА - 2 шт., вартість: 600 грн., примітки: 8-13, за 30 хв додано до БД користувачем [Сусло Тетяна].
[2025-04-04T13:07:55.295] [INFO] DataBase - У заявці Повірка від 4 квітня 2025 р. за адресою вул. Мазепи Івана, буд. 56, кв. 97 додано виконавця ЗАПЛАНОВАНІ та додано дату виконання 11 квітня 2025 р. користувачем [Сусло Тетяна].
[04-Apr-2025 13:08:46 Europe/Helsinki] NewDATA [INFO] Нова адреса вул. Авіаторів, буд. 19, кв. 35, тел. +38 (063) 565-12-03 додана до БД користувачем [Сусло Тетяна].
[04-Apr-2025 13:09:10 Europe/Helsinki] NewDATA [INFO] Нова заявка Повірка, адреса: вул. Авіаторів 19, кв. 35, лічильники: БЕЗ НОМЕРА - 1 шт., вартість: 300 грн., примітки: за 1 год, 1 гв додано до БД користувачем [Сусло Тетяна].
[2025-04-04T13:09:14.066] [INFO] DataBase - У заявці Повірка від 4 квітня 2025 р. за адресою вул. Авіаторів, буд. 19, кв. 35 додано виконавця ЗАПЛАНОВАНІ та додано дату виконання 8 квітня 2025 р. користувачем [Сусло Тетяна].
[04-Apr-2025 13:10:35 Europe/Helsinki] EditDATA [INFO] За адресою вул. Березовського Максима 1, кв. 41 користувачем [Сусло Тетяна] змінені номери телефонів з +38(099)721-59-12 на +38(099)721-59-12, +38(068)405-70-99, при створенні нової заявки [Заміна] від 04.04.2025.
[04-Apr-2025 13:10:35 Europe/Helsinki] NewDATA [INFO] Нова заявка Заміна, адреса: вул. Березовського Максима 1, кв. 41, лічильники: БЕЗ НОМЕРА - 2 шт., вартість: 2200 грн., примітки: 8-13, 1 хв, 1 гв додано до БД користувачем [Сусло Тетяна].
[2025-04-04T13:10:40.076] [INFO] DataBase - У заявці Заміна від 4 квітня 2025 р. за адресою вул. Березовського Максима, буд. 1, кв. 41 додано виконавця Баранов та додано дату виконання 9 квітня 2025 р. користувачем [Сусло Тетяна].
[04-Apr-2025 13:11:28 Europe/Helsinki] NewDATA [INFO] Нова адреса вул. Любецька, буд. 106, корп. Б, кв. 68, тел. +38 (063) 936-71-41 додана до БД користувачем [Сусло Тетяна].
[04-Apr-2025 13:11:55 Europe/Helsinki] NewDATA [INFO] Нова заявка Повірка, адреса: вул. Любецька 106 корпус Б, кв. 68, лічильники: БЕЗ НОМЕРА - 1 шт., вартість: 300 грн., примітки: 13-17, дом. не працює додано до БД користувачем [Сусло Тетяна].
[2025-04-04T13:11:58.377] [INFO] DataBase - У заявці Повірка від 4 квітня 2025 р. за адресою вул. Любецька, буд. 106, корп. Б, кв. 68 додано виконавця ЗАПЛАНОВАНІ та додано дату виконання 16 квітня 2025 р. користувачем [Сусло Тетяна].
[04-Apr-2025 13:12:40 Europe/Helsinki] NewDATA [INFO] Нова адреса вул. Любецька, буд. 106, корп. Б, кв. 17, тел. +38 (098) 230-19-30 додана до БД користувачем [Сусло Тетяна].
[04-Apr-2025 13:13:00 Europe/Helsinki] NewDATA [INFO] Нова заявка Повірка, адреса: вул. Любецька 106 корпус Б, кв. 17, лічильники: БЕЗ НОМЕРА - 1 шт., вартість: 300 грн., примітки: 13-17, за 1 год додано до БД користувачем [Сусло Тетяна].
[2025-04-04T13:13:04.238] [INFO] DataBase - У заявці Повірка від 4 квітня 2025 р. за адресою вул. Любецька, буд. 106, корп. Б, кв. 17 додано виконавця ЗАПЛАНОВАНІ та додано дату виконання 16 квітня 2025 р. користувачем [Сусло Тетяна].
[04-Apr-2025 13:13:40 Europe/Helsinki] NewDATA [INFO] Нова адреса вул. Савчука, буд. 7, кв. 218, тел. +38 (093) 835-22-81 додана до БД користувачем [Сусло Тетяна].
[04-Apr-2025 13:14:04 Europe/Helsinki] NewDATA [INFO] Нова заявка Повірка, адреса: вул. Савчука 7, кв. 218, лічильники: БЕЗ НОМЕРА - 2 шт., вартість: 600 грн., примітки: 8-13, за 30 хв додано до БД користувачем [Сусло Тетяна].
[2025-04-04T13:14:10.109] [INFO] DataBase - У заявці Повірка від 4 квітня 2025 р. за адресою вул. Савчука, буд. 7, кв. 218 додано виконавця ЗАПЛАНОВАНІ користувачем [Сусло Тетяна].
[2025-04-04T13:14:14.863] [INFO] DataBase - У заявці Повірка від 4 квітня 2025 р. за адресою вул. Савчука, буд. 7, кв. 218 додано дату виконання 11 квітня 2025 р. користувачем [Сусло Тетяна].
[04-Apr-2025 13:14:52 Europe/Helsinki] NewDATA [INFO] Нова адреса вул. Волковича, буд. 9, кв. 19, тел. +38 (093) 370-79-46 додана до БД користувачем [Сусло Тетяна].
[04-Apr-2025 13:15:13 Europe/Helsinki] NewDATA [INFO] Нова заявка Повірка, адреса: вул. Волковича 9, кв. 19, лічильники: БЕЗ НОМЕРА - 2 шт., вартість: 600 грн., примітки: 8-13, код 68 додано до БД користувачем [Сусло Тетяна].
[2025-04-04T13:15:17.261] [INFO] DataBase - У заявці Повірка від 4 квітня 2025 р. за адресою вул. Волковича, буд. 9, кв. 19 додано виконавця ЗАПЛАНОВАНІ та додано дату виконання 10 квітня 2025 р. користувачем [Сусло Тетяна].
[04-Apr-2025 13:24:06 Europe/Helsinki] NewDATA [INFO] Новий лічильник номер: 5455581, тип: ЛК => DN 15, рік випуску: 2016, показники: 0, балансоутримувач: КП "ВДК" додано до БД користувачем [Коваль Людмила].
[04-Apr-2025 13:24:28 Europe/Helsinki] NewDATA [INFO] Новий лічильник номер: 6960265, тип: ЛК => DN 15, рік випуску: 2016, показники: 0, балансоутримувач: КП "ТКЕ" додано до БД користувачем [Коваль Людмила].
[04-Apr-2025 13:24:31 Europe/Helsinki] EditDATA [INFO] За адресою вул. Дніпровська, буд. 4, кв. 73 користувачем [Коваль Людмила] було додано лічильники: 5455581, 6960265].
[04-Apr-2025 13:25:30 Europe/Helsinki] NewDATA [INFO] Новий лічильник номер: 12307903, тип: Sensus => DN 15, рік випуску: 2021, показники: 0, балансоутримувач: КП "ВДК" додано до БД користувачем [Коваль Людмила].
[04-Apr-2025 13:25:33 Europe/Helsinki] EditDATA [INFO] За адресою вул. Дніпровська, буд. 6, кв. 27 користувачем [Коваль Людмила] було додано лічильники: 12307903].
[04-Apr-2025 13:27:28 Europe/Helsinki] NewDATA [INFO] Новий лічильник номер: 623356, тип: КВ-1,5 => DN 15, рік випуску: 2003, показники: 0, балансоутримувач: КП "ВДК" додано до БД користувачем [Коваль Людмила].
[04-Apr-2025 13:27:56 Europe/Helsinki] NewDATA [INFO] Новий лічильник номер: 640566, тип: КВ-1,5 => DN 15, рік випуску: 2003, показники: 0, балансоутримувач: КП "ТКЕ" додано до БД користувачем [Коваль Людмила].
[04-Apr-2025 13:27:58 Europe/Helsinki] EditDATA [INFO] За адресою вул. Текстильників, буд. 24, корп. А, кв. 33 користувачем [Коваль Людмила] було додано лічильники: 623356, 640566].
[04-Apr-2025 13:28:35 Europe/Helsinki] NewDATA [INFO] Новий лічильник номер: 277185, тип: КВ-1,5 => DN 15, рік випуску: 2000, показники: 0, балансоутримувач: КП "ВДК" додано до БД користувачем [Коваль Людмила].
[04-Apr-2025 13:33:11 Europe/Helsinki] NewDATA [INFO] Новий лічильник номер: 272316, тип: КВ-1,5 => DN 15, рік випуску: 2003, показники: 0, балансоутримувач: КП "ТКЕ" додано до БД користувачем [Коваль Людмила].
[04-Apr-2025 13:33:30 Europe/Helsinki] NewDATA [INFO] Новий лічильник номер: 223238, тип: КВ-1,5 => DN 15, рік випуску: 2000, показники: 0, балансоутримувач: КП "ВДК" додано до БД користувачем [Коваль Людмила].
[04-Apr-2025 13:33:55 Europe/Helsinki] NewDATA [INFO] Новий лічильник номер: 483499, тип: КВ-1,5 => DN 15, рік випуску: 2003, показники: 0, балансоутримувач: КП "ТКЕ" додано до БД користувачем [Коваль Людмила].
[04-Apr-2025 13:33:58 Europe/Helsinki] EditDATA [INFO] За адресою вул. Текстильників, буд. 9, корп. А, кв. 12 користувачем [Коваль Людмила] було додано лічильники: 277185, 272316, 223238, 483499].
[04-Apr-2025 13:34:37 Europe/Helsinki] NewDATA [INFO] Новий лічильник номер: 003801, тип: КВ-1,5 => DN 15, рік випуску: 2006, показники: 0, балансоутримувач: КП "ВДК" додано до БД користувачем [Коваль Людмила].
[04-Apr-2025 13:36:50 Europe/Helsinki] NewDATA [INFO] Новий лічильник номер: 053963, тип: КВ-1,5 => DN 15, рік випуску: 2006, показники: 0, балансоутримувач: КП "ТКЕ" додано до БД користувачем [Коваль Людмила].
[04-Apr-2025 13:37:10 Europe/Helsinki] NewDATA [INFO] Новий лічильник номер: 003829, тип: КВ-1,5 => DN 15, рік випуску: 2006, показники: 0, балансоутримувач: КП "ВДК" додано до БД користувачем [Коваль Людмила].
[04-Apr-2025 13:37:40 Europe/Helsinki] NewDATA [INFO] Новий лічильник номер: 053811, тип: КВ-1,5 => DN 15, рік випуску: 2006, показники: 0, балансоутримувач: КП "ТКЕ" додано до БД користувачем [Коваль Людмила].
[04-Apr-2025 13:37:42 Europe/Helsinki] EditDATA [INFO] За адресою вул. Самоквасова Дмитра, буд. 20, кв. 93 користувачем [Коваль Людмила] було додано лічильники: 003801, 053963, 003829, 053811].
[04-Apr-2025 13:40:12 Europe/Helsinki] NewDATA [INFO] Новий лічильник номер: 111000, тип: Jh3-V3-U => DN 15, рік випуску: 1999, показники: 0, балансоутримувач: КП "ВДК" додано до БД користувачем [Коваль Людмила].
[04-Apr-2025 13:40:36 Europe/Helsinki] NewDATA [INFO] Новий лічильник номер: 110110, тип: Jh3-V3-U => DN 15, рік випуску: 1999, показники: 0, балансоутримувач: КП "ТКЕ" додано до БД користувачем [Коваль Людмила].
[04-Apr-2025 13:40:38 Europe/Helsinki] EditDATA [INFO] За адресою вул. Гонча, буд. 84, кв. 21 користувачем [Коваль Людмила] було додано лічильники: 111000, 110110].
[04-Apr-2025 13:41:24 Europe/Helsinki] NewDATA [INFO] Новий лічильник номер: 231954, тип: КВ-1,5 => DN 15, рік випуску: 2006, показники: 0, балансоутримувач: КП "ТКЕ" додано до БД користувачем [Коваль Людмила].
[04-Apr-2025 14:32:56 Europe/Helsinki] NewDATA [INFO] Нова адреса просп. Левка Лукяненка, буд. 22, корп. А, кв. 15, тел. +38 (099) 240-82-41 додана до БД користувачем [Сусло Тетяна].
[04-Apr-2025 14:33:24 Europe/Helsinki] NewDATA [INFO] Нова заявка Повірка, адреса: просп. Левка Лукяненка 22 корпус А, кв. 15, лічильники: БЕЗ НОМЕРА - 4 шт., вартість: 1200 грн., примітки: 8-13 додано до БД користувачем [Сусло Тетяна].
[2025-04-04T14:33:31.488] [INFO] DataBase - У заявці Повірка від 4 квітня 2025 р. за адресою просп. Левка Лукяненка, буд. 22, корп. А, кв. 15 додано виконавця ЗАПЛАНОВАНІ та додано дату виконання 9 квітня 2025 р. користувачем [Сусло Тетяна].
[04-Apr-2025 15:03:47 Europe/Helsinki] EditDATA [INFO] Для заявки Повірка від 01.04.2025 користувачем [Коваль Людмила] змінено виконавця з ЗАПЛАНОВАНІ на Сірий.
[04-Apr-2025 15:03:56 Europe/Helsinki] EditDATA [INFO] Для заявки Повірка від 03.04.2025 користувачем [Коваль Людмила] змінено виконавця з ЗАПЛАНОВАНІ на Сірий.
[04-Apr-2025 15:04:07 Europe/Helsinki] EditDATA [INFO] Для заявки Повірка від 01.04.2025 користувачем [Коваль Людмила] змінено виконавця з ЗАПЛАНОВАНІ на Шкуліпа.
[04-Apr-2025 15:04:21 Europe/Helsinki] EditDATA [INFO] Для заявки Повірка від 28.03.2025 користувачем [Коваль Людмила] змінено виконавця з ЗАПЛАНОВАНІ на Шкуліпа.
[04-Apr-2025 15:04:42 Europe/Helsinki] EditDATA [INFO] Для заявки Повірка від 14.03.2025 користувачем [Коваль Людмила] змінено виконавця з ЗАПЛАНОВАНІ на Сірий.
[04-Apr-2025 15:04:53 Europe/Helsinki] EditDATA [INFO] Для заявки Повірка від 14.03.2025 користувачем [Коваль Людмила] змінено виконавця з ЗАПЛАНОВАНІ на Сірий.
[04-Apr-2025 15:05:20 Europe/Helsinki] EditDATA [INFO] Для заявки Повірка від 02.04.2025 користувачем [Сусло Тетяна] змінено примітки з 13-17,пер.за 30 хв. на 8-13,пер.за 30 хв..
[04-Apr-2025 15:05:43 Europe/Helsinki] EditDATA [INFO] Для заявки Повірка від 02.04.2025 користувачем [Сусло Тетяна] змінено виконавця з ЗАПЛАНОВАНІ на Шкуліпа.
[04-Apr-2025 15:05:50 Europe/Helsinki] EditDATA [INFO] Для заявки Повірка від 28.03.2025 користувачем [Коваль Людмила] змінено виконавця з ЗАПЛАНОВАНІ на Сірий.
[04-Apr-2025 15:16:38 Europe/Helsinki] EditDATA [INFO] Для заявки Повірка від 17.03.2025 користувачем [Коваль Людмила] змінено виконавця з ЗАПЛАНОВАНІ на Шкуліпа.
[04-Apr-2025 15:17:15 Europe/Helsinki] EditDATA [INFO] Для заявки Повірка від 04.04.2025 користувачем [Коваль Людмила] змінено виконавця з ЗАПЛАНОВАНІ на Шкуліпа.
[04-Apr-2025 15:17:26 Europe/Helsinki] EditDATA [INFO] Для заявки Повірка від 27.03.2025 користувачем [Коваль Людмила] змінено виконавця з ЗАПЛАНОВАНІ на Шкуліпа.
[04-Apr-2025 15:17:44 Europe/Helsinki] EditDATA [INFO] Для заявки Повірка від 18.03.2025 користувачем [Коваль Людмила] змінено виконавця з ЗАПЛАНОВАНІ на Сірий.
[04-Apr-2025 15:19:00 Europe/Helsinki] EditDATA [INFO] Для заявки Повірка від 01.04.2025 користувачем [Коваль Людмила] змінено виконавця з Сірий на Шкуліпа.
[04-Apr-2025 15:19:53 Europe/Helsinki] EditDATA [INFO] Для заявки Повірка від 04.04.2025 користувачем [Коваль Людмила] змінено виконавця з ЗАПЛАНОВАНІ на Сірий.
[04-Apr-2025 15:20:05 Europe/Helsinki] EditDATA [INFO] Для заявки Повірка від 03.04.2025 користувачем [Коваль Людмила] змінено виконавця з ЗАПЛАНОВАНІ на Сірий.
[04-Apr-2025 15:20:14 Europe/Helsinki] EditDATA [INFO] Для заявки Повірка від 01.04.2025 користувачем [Коваль Людмила] змінено виконавця з ЗАПЛАНОВАНІ на Сірий.
[04-Apr-2025 15:20:22 Europe/Helsinki] EditDATA [INFO] Для заявки Повірка від 01.04.2025 користувачем [Коваль Людмила] змінено виконавця з ЗАПЛАНОВАНІ на Сірий.
[04-Apr-2025 15:20:31 Europe/Helsinki] EditDATA [INFO] Для заявки Повірка від 01.04.2025 користувачем [Коваль Людмила] змінено виконавця з ЗАПЛАНОВАНІ на Сірий.
[2025-04-04T15:21:08.376] [INFO] DataBase - У заявці Повірка від 4 квітня 2025 р. за адресою просп. Левка Лукяненка, буд. 16, кв. 72 додано виконавця Сірий та додано дату виконання 7 квітня 2025 р. користувачем [Коваль Людмила].
[04-Apr-2025 15:48:12 Europe/Helsinki] NewDATA [INFO] Нова адреса вул. Волковича, буд. 23, кв. 88 додана до БД користувачем [Сусло Тетяна].
[04-Apr-2025 15:49:03 Europe/Helsinki] EditDATA [INFO] За адресою вул. Волковича 23, кв. 88 користувачем [Сусло Тетяна] додано номер телефону +38(093)112-16-33, при створенні нової заявки [Повірка] від 04.04.2025.
[04-Apr-2025 15:49:03 Europe/Helsinki] NewDATA [INFO] Нова заявка Повірка, адреса: вул. Волковича 23, кв. 88, лічильники: БЕЗ НОМЕРА - 1 шт., вартість: 300 грн., примітки: 11-15, уточн. хол.воду додано до БД користувачем [Сусло Тетяна].
[2025-04-04T15:49:06.649] [INFO] DataBase - У заявці Повірка від 4 квітня 2025 р. за адресою вул. Волковича, буд. 23, кв. 88 додано виконавця ЗАПЛАНОВАНІ та додано дату виконання 10 квітня 2025 р. користувачем [Сусло Тетяна].

