[13-Aug-2024 08:12:50 Europe/Helsinki] DellTASK [INFO] Заміна від 09.08.2024 для адреси вул. Всіхсвятська, буд. 6, кв. 147 для лічильника БЕЗ НОМЕРА - 1 шт. було завершено користувачем [Сміян Альона] з коментарем: виконано.
[13-Aug-2024 08:13:18 Europe/Helsinki] DellTASK [INFO] Заміна від 09.08.2024 для адреси вул. Захисників України, буд. 11, корп. Б, кв. 14 для лічильника БЕЗ НОМЕРА - 1 шт. було завершено користувачем [Сміян Альона] з коментарем: виконано.
[13-Aug-2024 08:13:37 Europe/Helsinki] DellTASK [INFO] Заміна від 09.08.2024 для адреси вул. Генерала Пухова, буд. 130, кв. 17 для лічильника БЕЗ НОМЕРА - 1 шт. було завершено користувачем [Сміян Альона] з коментарем: виконано.
[13-Aug-2024 08:13:54 Europe/Helsinki] DellTASK [INFO] Заміна від 09.08.2024 для адреси вул. Чорновола Вячеслава, буд. 49, корп. 2, кв. 50 для лічильника БЕЗ НОМЕРА - 1 шт. було завершено користувачем [Сміян Альона] з коментарем: виконано.
[13-Aug-2024 08:14:08 Europe/Helsinki] DellTASK [INFO] Заміна від 07.08.2024 для адреси просп. Миру, буд. 89, кв. 74 для лічильника БЕЗ НОМЕРА - 1 шт. було завершено користувачем [Сміян Альона] з коментарем: виконано.
[13-Aug-2024 08:14:22 Europe/Helsinki] DellTASK [INFO] Заміна від 25.07.2024 для адреси вул. Текстильників, буд. 15, кв. 76 для лічильника БЕЗ НОМЕРА - 1 шт. було завершено користувачем [Сміян Альона] з коментарем: виконано.
[13-Aug-2024 08:27:54 Europe/Helsinki] NewDATA [INFO] Нова адреса вул. Текстильників, буд. 9, корп. А, кв. 8, тел. +38 (093) 957-05-43 додана до БД користувачем [Сусло Тетяна].
[13-Aug-2024 08:28:41 Europe/Helsinki] NewDATA [INFO] Нова заявка Повірка, адреса: вул. Текстильників 9 корпус А, кв. 8, лічильники: БЕЗ НОМЕРА - 4 шт., вартість: 1200 грн., примітки: 13-18 додано до БД користувачем [Сусло Тетяна].
[2024-08-13T08:29:23.345] [INFO] DataBase - У заявці Повірка від 13 серпня 2024 р. за адресою вул. Текстильників, буд. 9, корп. А, кв. 8 додано виконавця ЗАПЛАНОВАНІ та додано дату виконання 20 серпня 2024 р. користувачем [Сусло Тетяна].
[13-Aug-2024 08:37:04 Europe/Helsinki] EditDATA [INFO] За адресою вул. Захисників України 6, кв. 39 користувачем [Коваль Людмила] додано номер телефону +38(063)574-42-55, при створенні нової заявки [Повірка] від 13.08.2024.
[13-Aug-2024 08:37:04 Europe/Helsinki] NewDATA [INFO] Нова заявка Повірка, адреса: вул. Захисників України 6, кв. 39, лічильники: БЕЗ НОМЕРА - 2 шт., вартість: 600 грн., примітки: 14-18 додано до БД користувачем [Коваль Людмила].
[2024-08-13T08:38:31.739] [INFO] DataBase - У заявці Повірка від 13 серпня 2024 р. за адресою вул. Захисників України, буд. 6, кв. 39 додано виконавця ЗАПЛАНОВАНІ та додано дату виконання 16 серпня 2024 р. користувачем [Коваль Людмила].
[13-Aug-2024 08:51:29 Europe/Helsinki] DellTASK [INFO] Повірка від 08.08.2024 для адреси вул. Стуса Василя, буд. 20, кв. 59 для лічильника БЕЗ НОМЕРА - 2 шт. було завершено користувачем [Сусло Тетяна] з коментарем: вик.
[13-Aug-2024 08:51:48 Europe/Helsinki] DellTASK [INFO] Повірка від 08.08.2024 для адреси вул. Гонча, буд. 90, кв. 185 для лічильника БЕЗ НОМЕРА - 2 шт. було завершено користувачем [Сусло Тетяна] з коментарем: вик.
[13-Aug-2024 08:52:07 Europe/Helsinki] DellTASK [INFO] Повірка від 06.08.2024 для адреси вул. Пятницька, буд. 80, кв. 83 для лічильника БЕЗ НОМЕРА - 2 шт. було завершено користувачем [Сусло Тетяна] з коментарем: вик.
[13-Aug-2024 08:52:27 Europe/Helsinki] DellTASK [INFO] Повірка від 07.08.2024 для адреси вул. Мстиславська, буд. 109, кв. 37 для лічильника БЕЗ НОМЕРА - 2 шт. було завершено користувачем [Сусло Тетяна] з коментарем: вик.
[13-Aug-2024 08:52:44 Europe/Helsinki] DellTASK [INFO] Повірка від 09.08.2024 для адреси вул. Мстиславська, буд. 38, кв. 110 для лічильника БЕЗ НОМЕРА - 1 шт. було завершено користувачем [Сусло Тетяна] з коментарем: вик.
[13-Aug-2024 08:52:59 Europe/Helsinki] DellTASK [INFO] Повірка від 08.08.2024 для адреси вул. Мстиславська, буд. 55, корп. Б, кв. 3 для лічильника БЕЗ НОМЕРА - 1 шт. було завершено користувачем [Сусло Тетяна] з коментарем: вик.
[13-Aug-2024 08:53:36 Europe/Helsinki] DellTASK [INFO] Повірка від 08.08.2024 для адреси вул. Шевченка, буд. 101, корп. А, кв. 129 для лічильника БЕЗ НОМЕРА - 1 шт. було завершено користувачем [Сусло Тетяна] з коментарем: вик.
[13-Aug-2024 08:54:19 Europe/Helsinki] DellTASK [INFO] Повірка від 08.08.2024 для адреси вул. Шевченка, буд. 101, корп. А, кв. 120 для лічильника БЕЗ НОМЕРА - 1 шт. було завершено користувачем [Сусло Тетяна] з коментарем: вик.
[13-Aug-2024 08:54:44 Europe/Helsinki] DellTASK [INFO] Повірка від 08.08.2024 для адреси вул. Шевченка, буд. 110, кв. 7 для лічильника БЕЗ НОМЕРА - 2 шт. було завершено користувачем [Сусло Тетяна] з коментарем: вик.
[13-Aug-2024 08:55:09 Europe/Helsinki] DellTASK [INFO] Повірка від 07.08.2024 для адреси вул. Освіти, буд. 4, корп. Б, кв. 2 для лічильника БЕЗ НОМЕРА - 1 шт. було завершено користувачем [Сусло Тетяна] з коментарем: вик.
[13-Aug-2024 08:55:30 Europe/Helsinki] DellTASK [INFO] Повірка від 06.08.2024 для адреси просп. Левка Лукяненка, буд. 6, кв. 63 для лічильника БЕЗ НОМЕРА - 2 шт. було завершено користувачем [Сусло Тетяна] з коментарем: вик.
[13-Aug-2024 08:55:50 Europe/Helsinki] DellTASK [INFO] Повірка від 09.08.2024 для адреси просп. Левка Лукяненка, буд. 6, корп. А, кв. 16 для лічильника БЕЗ НОМЕРА - 2 шт. було завершено користувачем [Сусло Тетяна] з коментарем: вик.
[13-Aug-2024 08:56:19 Europe/Helsinki] DellTASK [INFO] Повірка від 06.08.2024 для адреси вул. Захисників України, буд. 12, корп. Б, кв. 37 для лічильника БЕЗ НОМЕРА - 2 шт. було завершено користувачем [Сусло Тетяна] з коментарем: вик.
[13-Aug-2024 08:57:29 Europe/Helsinki] DellTASK [INFO] Повірка від 08.08.2024 для адреси вул. Захисників України, буд. 12, корп. Б, кв. 67 для лічильника БЕЗ НОМЕРА - 1 шт. було завершено користувачем [Сусло Тетяна] з коментарем: перенесено на 14.08.
[2024-08-13T08:57:38.272] [INFO] DataBase - У заявці Заміна від 7 серпня 2024 р. за адресою вул. Льотна, буд. 3, корп. Б, кв. 78 додано виконавця Баранов та додано дату виконання 13 серпня 2024 р. користувачем [Сміян Альона].
[13-Aug-2024 08:58:01 Europe/Helsinki] EditDATA [INFO] Для заявки Повірка від 12.08.2024 користувачем [Сусло Тетяна] змінено примітки з 8-13 на 8-13, перенес. з 12.08.
[13-Aug-2024 09:08:25 Europe/Helsinki] DellTASK [INFO] Повірка від 09.08.2024 для адреси вул. Нафтовиків, буд. 14, кв. 16 для лічильника БЕЗ НОМЕРА - 2 шт. було завершено користувачем [Коваль Людмила] з коментарем: виконано.
[13-Aug-2024 09:08:50 Europe/Helsinki] DellTASK [INFO] Повірка від 09.08.2024 для адреси вул. Незалежності, буд. 74, кв. 212 для лічильника БЕЗ НОМЕРА - 1 шт. було завершено користувачем [Коваль Людмила] з коментарем: виконано.
[13-Aug-2024 09:09:07 Europe/Helsinki] DellTASK [INFO] Повірка від 08.08.2024 для адреси просп. Перемоги, буд. 201, кв. 25 для лічильника БЕЗ НОМЕРА - 1 шт. було завершено користувачем [Коваль Людмила] з коментарем: виконано.
[13-Aug-2024 09:12:34 Europe/Helsinki] NewDATA [INFO] Нова заявка Заміна, адреса: просп. Миру 52, кв. 46, лічильники: БЕЗ НОМЕРА - 1 шт., виконавець: Баранов, вартість: 1050 грн., примітки: туалет, №010651 додано до БД користувачем [Сусло Тетяна].
[13-Aug-2024 09:18:19 Europe/Helsinki] DellTASK [INFO] Повірка від 08.08.2024 для адреси вул. Захисників України, буд. 3, корп. А, кв. 29 для лічильника БЕЗ НОМЕРА - 2 шт. було завершено користувачем [Коваль Людмила] з коментарем: виконано.
[13-Aug-2024 09:18:40 Europe/Helsinki] DellTASK [INFO] Повірка від 01.03.2024 для адреси вул. Захисників України, буд. 1, кв. 41 для лічильника БЕЗ НОМЕРА - 2 шт. було завершено користувачем [Коваль Людмила] з коментарем: виконано.
[13-Aug-2024 09:18:57 Europe/Helsinki] DellTASK [INFO] Повірка від 07.08.2024 для адреси вул. Захисників України, буд. 3, кв. 60 для лічильника БЕЗ НОМЕРА - 2 шт. було завершено користувачем [Коваль Людмила] з коментарем: виконано.
[13-Aug-2024 09:19:00 Europe/Helsinki] NewDATA [INFO] Нова заявка Повірка, адреса: вул. Текстильників 41, кв. 62, лічильники: БЕЗ НОМЕРА - 1 шт., вартість: 300 грн., примітки: 11-14 додано до БД користувачем [Сміян Альона].
[13-Aug-2024 09:19:15 Europe/Helsinki] DellTASK [INFO] Повірка від 07.08.2024 для адреси просп. Перемоги, буд. 195, кв. 52 для лічильника БЕЗ НОМЕРА - 1 шт. було завершено користувачем [Коваль Людмила] з коментарем: виконано.
[2024-08-13T09:19:47.540] [INFO] DataBase - У заявці Повірка від 13 серпня 2024 р. за адресою вул. Текстильників, буд. 41, кв. 62 додано виконавця ЗАПЛАНОВАНІ та додано дату виконання 16 серпня 2024 р. користувачем [Сміян Альона].
[13-Aug-2024 09:21:09 Europe/Helsinki] DellTASK [INFO] Повірка від 09.08.2024 для адреси вул. Коцюбинського, буд. 92, корп. А, кв. 2 для лічильника БЕЗ НОМЕРА - 1 шт. було завершено користувачем [Сусло Тетяна] з коментарем: перенесено на 21.08.
[13-Aug-2024 09:21:53 Europe/Helsinki] NewDATA [INFO] Нова заявка Повірка, адреса: вул. Коцюбинського 92 корпус А, кв. 2, лічильники: БЕЗ НОМЕРА - 1 шт., вартість: 300 грн., примітки: 8-13,перенес. з 13.08 додано до БД користувачем [Сусло Тетяна].
[2024-08-13T09:22:19.063] [INFO] DataBase - У заявці Повірка від 13 серпня 2024 р. за адресою вул. Коцюбинського, буд. 92, корп. А, кв. 2 додано виконавця ЗАПЛАНОВАНІ та додано дату виконання 20 серпня 2024 р. користувачем [Сусло Тетяна].
[2024-08-13T09:23:18.852] [INFO] DataBase - У заявці Повірка від 13 серпня 2024 р. за адресою вул. Коцюбинського, буд. 92, корп. А, кв. 2 видалено дату виконання 20 серпня 2024 р. користувачем [Сусло Тетяна].
[2024-08-13T09:23:25.178] [INFO] DataBase - У заявці Повірка від 13 серпня 2024 р. за адресою вул. Коцюбинського, буд. 92, корп. А, кв. 2 додано дату виконання 21 серпня 2024 р. користувачем [Сусло Тетяна].
[13-Aug-2024 09:23:59 Europe/Helsinki] DellTASK [INFO] Повірка від 09.08.2024 для адреси вул. Чорновола Вячеслава, буд. 49, кв. 33 для лічильника БЕЗ НОМЕРА - 1 шт. було завершено користувачем [Коваль Людмила] з коментарем: виконано.
[13-Aug-2024 09:24:22 Europe/Helsinki] DellTASK [INFO] Повірка від 09.08.2024 для адреси просп. Перемоги, буд. 42, кв. 44 для лічильника БЕЗ НОМЕРА - 1 шт. було завершено користувачем [Коваль Людмила] з коментарем: виконано.
[13-Aug-2024 09:24:51 Europe/Helsinki] DellTASK [INFO] Повірка від 09.08.2024 для адреси вул. Старобілоуська, буд. 25, корп. Б, кв. 16 для лічильника БЕЗ НОМЕРА - 2 шт. було завершено користувачем [Коваль Людмила] з коментарем: виконано.
[13-Aug-2024 09:25:10 Europe/Helsinki] DellTASK [INFO] Повірка від 08.08.2024 для адреси вул. Мазепи Івана, буд. 13, кв. 34 для лічильника БЕЗ НОМЕРА - 1 шт. було завершено користувачем [Коваль Людмила] з коментарем: виконано.
[13-Aug-2024 09:25:29 Europe/Helsinki] DellTASK [INFO] Повірка від 08.08.2024 для адреси вул. Мацієвського Олександра, буд. 8, кв. 11 для лічильника БЕЗ НОМЕРА - 2 шт. було завершено користувачем [Коваль Людмила] з коментарем: виконано.
[13-Aug-2024 09:25:51 Europe/Helsinki] DellTASK [INFO] Повірка від 07.08.2024 для адреси вул. Мазепи Івана, буд. 18, корп. А, кв. 52 для лічильника БЕЗ НОМЕРА - 1 шт. було завершено користувачем [Коваль Людмила] з коментарем: виконано.
[13-Aug-2024 09:26:16 Europe/Helsinki] DellTASK [INFO] Осипенко від 19.07.2024 для адреси вул. Старобілоуська, буд. 47, кв. 71 для лічильника БЕЗ НОМЕРА - 2 шт. було завершено користувачем [Коваль Людмила] з коментарем: виконано.
[13-Aug-2024 09:26:58 Europe/Helsinki] DellTASK [INFO] Повірка від 08.08.2024 для адреси вул. Старобілоуська, буд. 61, корп. Б, кв. 138 для лічильника БЕЗ НОМЕРА - 1 шт. було завершено користувачем [Коваль Людмила] з коментарем: виконано.
[13-Aug-2024 09:27:20 Europe/Helsinki] DellTASK [INFO] Повірка від 18.03.2024 для адреси вул. Мазепи Івана, буд. 13, кв. 26 для лічильника БЕЗ НОМЕРА - 1 шт. було завершено користувачем [Коваль Людмила] з коментарем: виконано.
[13-Aug-2024 09:27:45 Europe/Helsinki] DellTASK [INFO] Повірка від 23.07.2024 для адреси вул. Мазепи Івана, буд. 11, кв. 29 для лічильника БЕЗ НОМЕРА - 2 шт. було завершено користувачем [Коваль Людмила] з коментарем: виконано.
[13-Aug-2024 09:41:50 Europe/Helsinki] EditDATA [INFO] За адресою вул. Генерала Пухова 101 корпус А, кв. 19 користувачем [Сусло Тетяна] змінені номери телефонів з +38(0462)60-86-90 на +38(099)033-16-86, при створенні нової заявки [Повірка] від 13.08.2024.
[13-Aug-2024 09:41:51 Europe/Helsinki] NewDATA [INFO] Нова заявка Повірка, адреса: вул. Генерала Пухова 101 корпус А, кв. 19, лічильники: БЕЗ НОМЕРА - 2 шт., вартість: 600 грн., примітки: 8-13 додано до БД користувачем [Сусло Тетяна].
[2024-08-13T09:43:46.857] [INFO] DataBase - У заявці Повірка від 13 серпня 2024 р. за адресою вул. Генерала Пухова, буд. 101, корп. А, кв. 19 додано виконавця ЗАПЛАНОВАНІ та додано дату виконання 16 серпня 2024 р. користувачем [Сусло Тетяна].
[13-Aug-2024 09:53:16 Europe/Helsinki] EditDATA [INFO] За адресою просп. Миру 259, кв. 67 користувачем [Сусло Тетяна] змінені номери телефонів з +38(096)422-62-90, +38(0462)63-41-57, +38(093)480-82-53 на +38(096)422-62-90, при створенні нової заявки [Повірка] від 13.08.2024.
[13-Aug-2024 09:53:16 Europe/Helsinki] NewDATA [INFO] Нова заявка Повірка, адреса: просп. Миру 259, кв. 67, лічильники: БЕЗ НОМЕРА - 1 шт., вартість: 300 грн., примітки: 13-18 додано до БД користувачем [Сусло Тетяна].
[2024-08-13T09:53:51.837] [INFO] DataBase - У заявці Повірка від 13 серпня 2024 р. за адресою просп. Миру, буд. 259, кв. 67 додано виконавця ЗАПЛАНОВАНІ та додано дату виконання 21 серпня 2024 р. користувачем [Сусло Тетяна].
[13-Aug-2024 10:05:29 Europe/Helsinki] EditDATA [INFO] За адресою вул. Космонавтів 3, кв. 74 користувачем [Сусло Тетяна] змінені номери телефонів з +38(099)122-19-97 на +38(067)429-02-81, при створенні нової заявки [Повірка] від 13.08.2024.
[13-Aug-2024 10:05:29 Europe/Helsinki] NewDATA [INFO] Нова заявка Повірка, адреса: вул. Космонавтів 3, кв. 74, лічильники: БЕЗ НОМЕРА - 2 шт., вартість: 600 грн., примітки: 8-11 додано до БД користувачем [Сусло Тетяна].
[2024-08-13T10:06:03.094] [INFO] DataBase - У заявці Повірка від 13 серпня 2024 р. за адресою вул. Космонавтів, буд. 3, кв. 74 додано виконавця ЗАПЛАНОВАНІ та додано дату виконання 16 серпня 2024 р. користувачем [Сусло Тетяна].
[13-Aug-2024 10:08:46 Europe/Helsinki] EditDATA [INFO] За адресою вул. 1-ї Гвардійської Армії 25 корпус А, кв. 26 користувачем [Сміян Альона] змінені номери телефонів з +38(093)103-38-27 на +38(097)903-12-08, при створенні нової заявки [Повірка] від 13.08.2024.
[13-Aug-2024 10:08:46 Europe/Helsinki] NewDATA [INFO] Нова заявка Повірка, адреса: вул. 1-ї Гвардійської Армії 25 корпус А, кв. 26, лічильники: БЕЗ НОМЕРА - 2 шт., вартість: 600 грн., примітки: 8-13 30хв додано до БД користувачем [Сміян Альона].
[2024-08-13T10:09:08.570] [INFO] DataBase - У заявці Повірка від 13 серпня 2024 р. за адресою вул. 1-ї Гвардійської Армії, буд. 25, корп. А, кв. 26 додано виконавця ЗАПЛАНОВАНІ та додано дату виконання 16 серпня 2024 р. користувачем [Сміян Альона].
[13-Aug-2024 10:19:55 Europe/Helsinki] EditDATA [INFO] За адресою вул. Русової 25, кв. 41 користувачем [Сусло Тетяна] змінені номери телефонів з +38(093)038-80-60 на +38(093)400-59-27, при створенні нової заявки [Повірка] від 13.08.2024.
[13-Aug-2024 10:19:55 Europe/Helsinki] NewDATA [INFO] Нова заявка Повірка, адреса: вул. Русової 25, кв. 41, лічильники: БЕЗ НОМЕРА - 1 шт., вартість: 300 грн., примітки: 13-18 додано до БД користувачем [Сусло Тетяна].
[2024-08-13T10:20:22.780] [INFO] DataBase - У заявці Повірка від 13 серпня 2024 р. за адресою вул. Русової, буд. 25, кв. 41 додано виконавця ЗАПЛАНОВАНІ та додано дату виконання 22 серпня 2024 р. користувачем [Сусло Тетяна].
[13-Aug-2024 10:24:43 Europe/Helsinki] NewDATA [INFO] Нова заявка Повірка, адреса: просп. Грушевського Михайла 173 корпус А, кв. 35, лічильники: БЕЗ НОМЕРА - 1 шт., вартість: 300 грн., примітки: 14-18 додано до БД користувачем [Сміян Альона].
[2024-08-13T10:25:00.413] [INFO] DataBase - У заявці Повірка від 13 серпня 2024 р. за адресою просп. Грушевського Михайла, буд. 173, корп. А, кв. 35 додано виконавця ЗАПЛАНОВАНІ та додано дату виконання 19 серпня 2024 р. користувачем [Сміян Альона].
[13-Aug-2024 10:30:30 Europe/Helsinki] EditDATA [INFO] За адресою вул. Милорадовичів 55, кв. 11 користувачем [Коваль Людмила] змінені номери телефонів з +38(093)909-03-86 на +38(093)123-06-20, при створенні нової заявки [Повірка] від 13.08.2024.
[13-Aug-2024 10:30:30 Europe/Helsinki] NewDATA [INFO] Нова заявка Повірка, адреса: вул. Милорадовичів 55, кв. 11, лічильники: БЕЗ НОМЕРА - 1 шт., вартість: 300 грн., примітки: 8-13,подовжувач додано до БД користувачем [Коваль Людмила].
[2024-08-13T10:30:55.564] [INFO] DataBase - У заявці Повірка від 13 серпня 2024 р. за адресою вул. Милорадовичів, буд. 55, кв. 11 додано виконавця ЗАПЛАНОВАНІ та додано дату виконання 22 серпня 2024 р. користувачем [Коваль Людмила].
[13-Aug-2024 10:50:46 Europe/Helsinki] EditDATA [INFO] Для заявки Заміна від 12.08.2024 користувачем [Сміян Альона] змінено примітки з 13-17 на 2г/в 1х/в с/в 13-17.
[13-Aug-2024 10:51:45 Europe/Helsinki] NewDATA [INFO] Нова адреса вул. Пятницька, буд. 49, кв. 193, тел. +38 (098) 538-28-02 додана до БД користувачем [Сусло Тетяна].
[13-Aug-2024 10:52:20 Europe/Helsinki] NewDATA [INFO] Нова заявка Повірка, адреса: вул. Пятницька 49, кв. 193, лічильники: БЕЗ НОМЕРА - 4 шт., вартість: 1200 грн., примітки: 13-18, зк 30 хв додано до БД користувачем [Сусло Тетяна].
[2024-08-13T10:52:59.753] [INFO] DataBase - У заявці Повірка від 13 серпня 2024 р. за адресою вул. Пятницька, буд. 49, кв. 193 додано виконавця ЗАПЛАНОВАНІ та додано дату виконання 22 серпня 2024 р. користувачем [Сусло Тетяна].
[13-Aug-2024 10:53:22 Europe/Helsinki] EditDATA [INFO] За адресою вул. 1-ої танкової бригади 23 корпус 4, кв. 31 користувачем [Сміян Альона] змінені номери телефонів з +38(0462)62-20-31, +38(063)151-71-07 на +38(063)151-71-07, при створенні нової заявки [Повірка] від 13.08.2024.
[13-Aug-2024 10:53:22 Europe/Helsinki] NewDATA [INFO] Нова заявка Повірка, адреса: вул. 1-ої танкової бригади 23 корпус 4, кв. 31, лічильники: БЕЗ НОМЕРА - 2 шт., вартість: 600 грн., примітки: 14-18 додано до БД користувачем [Сміян Альона].
[2024-08-13T10:53:36.061] [INFO] DataBase - У заявці Повірка від 13 серпня 2024 р. за адресою вул. 1-ої танкової бригади, буд. 23, корп. 4, кв. 31 додано виконавця ЗАПЛАНОВАНІ та додано дату виконання 16 серпня 2024 р. користувачем [Сміян Альона].
[13-Aug-2024 10:59:24 Europe/Helsinki] NewDATA [INFO] Нова заявка Повірка, адреса: вул. Гонча 76, кв. 130, лічильники: БЕЗ НОМЕРА - 1 шт., вартість: 300 грн., примітки: 8-13, домофон не працює додано до БД користувачем [Сусло Тетяна].
[2024-08-13T11:00:00.701] [INFO] DataBase - У заявці Повірка від 13 серпня 2024 р. за адресою вул. Гонча, буд. 76, кв. 130 додано виконавця ЗАПЛАНОВАНІ та додано дату виконання 21 серпня 2024 р. користувачем [Сусло Тетяна].
[13-Aug-2024 11:12:11 Europe/Helsinki] EditDATA [INFO] За адресою вул. Шевчука 2, кв. 54 користувачем [Сміян Альона] змінені номери телефонів з +38(067)975-80-42 на +38(0462)25-94-93, при створенні нової заявки [Заміна] від 13.08.2024.
[13-Aug-2024 11:12:11 Europe/Helsinki] NewDATA [INFO] Нова заявка Заміна, адреса: вул. Шевчука 2, кв. 54, лічильники: БЕЗ НОМЕРА - 1 шт., вартість: 1050 грн., примітки: 1х/в с/в 109190 додано до БД користувачем [Сміян Альона].
[2024-08-13T11:12:29.474] [INFO] DataBase - У заявці Заміна від 13 серпня 2024 р. за адресою вул. Шевчука, буд. 2, кв. 54 додано виконавця Баранов та додано дату виконання 22 серпня 2024 р. користувачем [Сміян Альона].
[13-Aug-2024 11:12:44 Europe/Helsinki] EditDATA [INFO] Для заявки Заміна від 13.08.2024 користувачем [Сміян Альона] змінено примітки з 1х/в с/в 109190 на 1х/в с/в 109190 8-12.
[13-Aug-2024 11:13:03 Europe/Helsinki] EditDATA [INFO] Для заявки Заміна від 02.08.2024 користувачем [Сміян Альона] додано виконавця Баранов.
[13-Aug-2024 11:13:11 Europe/Helsinki] EditDATA [INFO] Для заявки Заміна від 02.08.2024 користувачем [Сміян Альона] додано вартість робіт 1050 грн.
[13-Aug-2024 11:14:35 Europe/Helsinki] EditDATA [INFO] Для заявки Заміна від 02.08.2024 користувачем [Сміян Альона] змінено примітки з з 14.08.. туалет. наш на 1х/в с/в 428394 13-17.
[2024-08-13T11:15:06.708] [INFO] DataBase - У заявці Заміна від 2 серпня 2024 р. за адресою вул. Доценка, буд. 30, корп. А, кв. 84 додано дату виконання 14 серпня 2024 р. користувачем [Сміян Альона].
[13-Aug-2024 11:18:09 Europe/Helsinki] EditDATA [INFO] Для заявки Заміна від 13.08.2024 користувачем [Сміян Альона] змінено примітки з туалет, №010651 на 1г/в №010651 8-13.
[2024-08-13T11:18:18.382] [INFO] DataBase - У заявці Заміна від 13 серпня 2024 р. за адресою просп. Миру, буд. 52, кв. 46 додано дату виконання 15 серпня 2024 р. користувачем [Сміян Альона].
[2024-08-13T11:20:17.975] [INFO] DataBase - У заявці Заміна від 12 серпня 2024 р. за адресою просп. Миру, буд. 255, корп. А, кв. 75 видалено виконавця Баранов користувачем [Сміян Альона].
[13-Aug-2024 11:25:13 Europe/Helsinki] EditDATA [INFO] За адресою вул. Слобідська 56, кв. 8 користувачем [Сусло Тетяна] змінені номери телефонів з +38(093)505-79-78, +38(0462)72-82-57 на +38(067)848-84-61, при створенні нової заявки [Повірка] від 13.08.2024.
[13-Aug-2024 11:25:13 Europe/Helsinki] NewDATA [INFO] Нова заявка Повірка, адреса: вул. Слобідська 56, кв. 8, лічильники: БЕЗ НОМЕРА - 1 шт., вартість: 300 грн., примітки: 9-13, обовязково,перенесен.2 рази додано до БД користувачем [Сусло Тетяна].
[2024-08-13T11:26:50.218] [INFO] DataBase - У заявці Повірка від 13 серпня 2024 р. за адресою вул. Слобідська, буд. 56, кв. 8 додано виконавця ЗАПЛАНОВАНІ та додано дату виконання 14 серпня 2024 р. користувачем [Сусло Тетяна].
[13-Aug-2024 11:27:00 Europe/Helsinki] NewDATA [INFO] Нова заявка Заміна, адреса: вул. Авіаторів 19, кв. 59, лічильники: БЕЗ НОМЕРА - 1 шт., виконавець: Баранов, вартість: 1050 грн., примітки: 1х/в с/в 2037554 10-15 додано до БД користувачем [Сміян Альона].
[2024-08-13T11:27:12.267] [INFO] DataBase - У заявці Заміна від 13 серпня 2024 р. за адресою вул. Авіаторів, буд. 19, кв. 59 додано дату виконання 15 серпня 2024 р. користувачем [Сміян Альона].
[13-Aug-2024 11:28:38 Europe/Helsinki] EditDATA [INFO] За адресою вул. Княжа 26, кв. 15 користувачем [Сусло Тетяна] змінені номери телефонів з +38(063)356-59-45, +38(063)870-78-78 на +38(063)356-59-45, при створенні нової заявки [Повірка] від 13.08.2024.
[13-Aug-2024 11:28:38 Europe/Helsinki] NewDATA [INFO] Нова заявка Повірка, адреса: вул. Княжа 26, кв. 15, лічильники: БЕЗ НОМЕРА - 1 шт., вартість: 300 грн., примітки: 13-18 додано до БД користувачем [Сусло Тетяна].
[2024-08-13T11:29:03.282] [INFO] DataBase - У заявці Повірка від 13 серпня 2024 р. за адресою вул. Княжа, буд. 26, кв. 15 додано виконавця ЗАПЛАНОВАНІ та додано дату виконання 14 серпня 2024 р. користувачем [Сусло Тетяна].
[13-Aug-2024 11:30:06 Europe/Helsinki] NewDATA [INFO] Нова адреса вул. Козацька, буд. 44, кв. 69, тел. +38 (067) 366-20-83 додана до БД користувачем [Сусло Тетяна].
[13-Aug-2024 11:30:22 Europe/Helsinki] NewDATA [INFO] Нова заявка Повірка, адреса: вул. Козацька 44, кв. 69, лічильники: БЕЗ НОМЕРА - 1 шт., вартість: 300 грн., примітки: 8-13 додано до БД користувачем [Сусло Тетяна].
[2024-08-13T11:30:54.412] [INFO] DataBase - У заявці Повірка від 13 серпня 2024 р. за адресою вул. Козацька, буд. 44, кв. 69 додано виконавця ЗАПЛАНОВАНІ та додано дату виконання 14 серпня 2024 р. користувачем [Сусло Тетяна].
[13-Aug-2024 11:32:38 Europe/Helsinki] EditDATA [INFO] За адресою вул. Козацька 6, кв. 43 користувачем [Сусло Тетяна] змінені номери телефонів з +38(066)741-90-26, +38(097)422-87-35 на +38(097)422-87-35, при створенні нової заявки [Повірка] від 13.08.2024.
[13-Aug-2024 11:32:38 Europe/Helsinki] NewDATA [INFO] Нова заявка Повірка, адреса: вул. Козацька 6, кв. 43, лічильники: БЕЗ НОМЕРА - 1 шт., вартість: 300 грн., примітки: 8-13 додано до БД користувачем [Сусло Тетяна].
[13-Aug-2024 11:34:33 Europe/Helsinki] DellTASK [INFO] Повірка від 13.08.2024 для адреси вул. Козацька, буд. 6, кв. 43 для лічильника БЕЗ НОМЕРА - 1 шт. було завершено користувачем [Сусло Тетяна] з коментарем: вже додано.
[2024-08-13T11:34:43.214] [INFO] DataBase - У заявці Повірка від 6 серпня 2024 р. за адресою вул. Козацька, буд. 6, кв. 43 додано виконавця ЗАПЛАНОВАНІ та додано дату виконання 14 серпня 2024 р. користувачем [Сусло Тетяна].
[13-Aug-2024 11:36:13 Europe/Helsinki] EditDATA [INFO] За адресою вул. Старобілоуська 47, кв. 74 користувачем [Сусло Тетяна] змінені номери телефонів з +38(095)425-95-04, +38(066)528-05-33 на +38(095)425-95-04, при створенні нової заявки [Повірка] від 13.08.2024.
[13-Aug-2024 11:36:13 Europe/Helsinki] NewDATA [INFO] Нова заявка Повірка, адреса: вул. Старобілоуська 47, кв. 74, лічильники: БЕЗ НОМЕРА - 2 шт., вартість: 600 грн., примітки: 8-13, за 30 хв додано до БД користувачем [Сусло Тетяна].
[13-Aug-2024 11:36:34 Europe/Helsinki] NewDATA [INFO] Нова заявка Повірка, адреса: вул. Мазепи Івана 11, кв. 29, лічильники: БЕЗ НОМЕРА - 1 шт., вартість: 300 грн., примітки: 14-18 додано до БД користувачем [Коваль Людмила].
[13-Aug-2024 11:37:07 Europe/Helsinki] EditDATA [INFO] За адресою вул. Героїв Чорнобиля 5, кв. 21 користувачем [Сусло Тетяна] додано номер телефону +38(068)922-19-08, при створенні нової заявки [Повірка] від 13.08.2024.
[13-Aug-2024 11:37:07 Europe/Helsinki] NewDATA [INFO] Нова заявка Повірка, адреса: вул. Героїв Чорнобиля 5, кв. 21, лічильники: БЕЗ НОМЕРА - 4 шт., вартість: 1200 грн., примітки: 8-13 додано до БД користувачем [Сусло Тетяна].
[2024-08-13T11:37:32.888] [INFO] DataBase - У заявці Повірка від 13 серпня 2024 р. за адресою вул. Старобілоуська, буд. 47, кв. 74 додано виконавця ЗАПЛАНОВАНІ та додано дату виконання 14 серпня 2024 р. користувачем [Сусло Тетяна].
[2024-08-13T11:37:54.786] [INFO] DataBase - У заявці Повірка від 13 серпня 2024 р. за адресою вул. Героїв Чорнобиля, буд. 5, кв. 21 додано виконавця ЗАПЛАНОВАНІ та додано дату виконання 14 серпня 2024 р. користувачем [Сусло Тетяна].
[13-Aug-2024 11:39:28 Europe/Helsinki] DellTASK [INFO] Повірка від 29.07.2024 для адреси вул. Героїв Чорнобиля, буд. 3, кв. 30 для лічильника БЕЗ НОМЕРА - 1 шт. було завершено користувачем [Сусло Тетяна] з коментарем: не відпов. 13.08.
[13-Aug-2024 11:40:10 Europe/Helsinki] DellTASK [INFO] Повірка від 31.07.2024 для адреси вул. Самоквасова Дмитра, буд. 21, кв. 9 для лічильника БЕЗ НОМЕРА - 4 шт. було відмінено користувачем [Сміян Альона] з коментарем: виконано.
[2024-08-13T11:40:39.807] [INFO] DataBase - У заявці Повірка від 13 серпня 2024 р. за адресою вул. Мазепи Івана, буд. 11, кв. 29 додано виконавця ЗАПЛАНОВАНІ та додано дату виконання 15 серпня 2024 р. користувачем [Коваль Людмила].
[13-Aug-2024 11:41:42 Europe/Helsinki] EditDATA [INFO] За адресою вул. Незалежності 74, кв. 3 користувачем [Сусло Тетяна] змінені номери телефонів з +38(0462)95-42-19, +38(093)024-35-76 на +38(097)494-44-43, при створенні нової заявки [Повірка] від 13.08.2024.
[13-Aug-2024 11:41:42 Europe/Helsinki] NewDATA [INFO] Нова заявка Повірка, адреса: вул. Незалежності 74, кв. 3, лічильники: БЕЗ НОМЕРА - 2 шт., вартість: 600 грн., примітки: 16-18, за 30 хв додано до БД користувачем [Сусло Тетяна].
[2024-08-13T11:42:26.315] [INFO] DataBase - У заявці Повірка від 13 серпня 2024 р. за адресою вул. Незалежності, буд. 74, кв. 3 додано виконавця ЗАПЛАНОВАНІ та додано дату виконання 14 серпня 2024 р. користувачем [Сусло Тетяна].
[2024-08-13T11:43:14.852] [INFO] DataBase - У заявці Повірка від 13 серпня 2024 р. за адресою вул. Незалежності, буд. 74, кв. 3 видалено дату виконання 14 серпня 2024 р. користувачем [Сусло Тетяна].
[2024-08-13T11:43:21.291] [INFO] DataBase - У заявці Повірка від 13 серпня 2024 р. за адресою вул. Незалежності, буд. 74, кв. 3 додано дату виконання 20 серпня 2024 р. користувачем [Сусло Тетяна].
[13-Aug-2024 11:47:06 Europe/Helsinki] NewDATA [INFO] Нова заявка Повірка, адреса: просп. Грушевського Михайла 195 корпус Б, кв. 91, лічильники: БЕЗ НОМЕРА - 1 шт., вартість: 300 грн., примітки: до 16.00 додано до БД користувачем [Коваль Людмила].
[13-Aug-2024 11:48:04 Europe/Helsinki] NewDATA [INFO] Нова заявка Повірка, адреса: вул. Доценка 25, кв. 33, лічильники: БЕЗ НОМЕРА - 1 шт., вартість: 300 грн., примітки: 13-18 додано до БД користувачем [Сусло Тетяна].
[2024-08-13T11:48:34.379] [INFO] DataBase - У заявці Повірка від 13 серпня 2024 р. за адресою вул. Доценка, буд. 25, кв. 33 додано виконавця ЗАПЛАНОВАНІ та додано дату виконання 15 серпня 2024 р. користувачем [Сусло Тетяна].
[2024-08-13T11:51:30.410] [INFO] DataBase - У заявці Повірка від 13 серпня 2024 р. за адресою просп. Грушевського Михайла, буд. 195, корп. Б, кв. 91 додано виконавця ЗАПЛАНОВАНІ та додано дату виконання 14 серпня 2024 р. користувачем [Коваль Людмила].
[2024-08-13T11:52:22.591] [INFO] DataBase - У заявці Повірка від 12 серпня 2024 р. за адресою вул. Захисників України, буд. 10, корп. А, кв. 57 додано виконавця ЗАПЛАНОВАНІ та додано дату виконання 14 серпня 2024 р. користувачем [Сусло Тетяна].
[13-Aug-2024 11:57:37 Europe/Helsinki] DellTASK [INFO] Повірка від 06.08.2024 для адреси вул. Захисників України, буд. 13, корп. Б, кв. 36 для лічильника БЕЗ НОМЕРА - 2 шт. було завершено користувачем [Сусло Тетяна] з коментарем: вик.
[13-Aug-2024 11:58:19 Europe/Helsinki] EditDATA [INFO] Для заявки Повірка від 07.08.2024 користувачем [Коваль Людмила] змінено виконавця з ЗАПЛАНОВАНІ на Сірий.
[13-Aug-2024 11:58:54 Europe/Helsinki] EditDATA [INFO] Для заявки Повірка від 13.08.2024 користувачем [Коваль Людмила] змінено виконавця з ЗАПЛАНОВАНІ на Сірий.
[13-Aug-2024 11:59:29 Europe/Helsinki] EditDATA [INFO] Для заявки Повірка від 13.08.2024 користувачем [Коваль Людмила] змінено виконавця з ЗАПЛАНОВАНІ на Ващенко.
[13-Aug-2024 12:00:05 Europe/Helsinki] DellTASK [INFO] Повірка від 23.07.2024 для адреси вул. Козацька, буд. 36, кв. 54 для лічильника БЕЗ НОМЕРА - 1 шт. було відмінено користувачем [Сміян Альона] з коментарем: виконано.
[13-Aug-2024 12:00:22 Europe/Helsinki] EditDATA [INFO] Для заявки Повірка від 13.08.2024 користувачем [Коваль Людмила] змінено виконавця з ЗАПЛАНОВАНІ на Богомаз.
[13-Aug-2024 12:06:08 Europe/Helsinki] EditDATA [INFO] Для заявки Повірка від 13.08.2024 користувачем [Коваль Людмила] змінено виконавця з ЗАПЛАНОВАНІ на Сірий.
[13-Aug-2024 12:06:20 Europe/Helsinki] NewDATA [INFO] Нова заявка Повірка, адреса: просп. Левка Лукяненка 48, кв. 90, лічильники: БЕЗ НОМЕРА - 1 шт., вартість: 300 грн., примітки: 8-13 додано до БД користувачем [Сусло Тетяна].
[2024-08-13T12:07:16.252] [INFO] DataBase - У заявці Повірка від 13 серпня 2024 р. за адресою просп. Левка Лукяненка, буд. 48, кв. 90 додано виконавця ЗАПЛАНОВАНІ та додано дату виконання 27 серпня 2024 р. користувачем [Сусло Тетяна].
[13-Aug-2024 12:07:20 Europe/Helsinki] EditDATA [INFO] Для заявки Повірка від 09.08.2024 користувачем [Коваль Людмила] змінено виконавця з ЗАПЛАНОВАНІ на Богомаз.
[13-Aug-2024 12:07:50 Europe/Helsinki] EditDATA [INFO] Для заявки Повірка від 12.08.2024 користувачем [Коваль Людмила] змінено виконавця з ЗАПЛАНОВАНІ на Сірий.
[13-Aug-2024 12:08:37 Europe/Helsinki] EditDATA [INFO] Для заявки Повірка від 09.08.2024 користувачем [Коваль Людмила] змінено виконавця з ЗАПЛАНОВАНІ на Богомаз.
[13-Aug-2024 12:09:10 Europe/Helsinki] EditDATA [INFO] Для заявки Повірка від 06.08.2024 користувачем [Коваль Людмила] змінено виконавця з ЗАПЛАНОВАНІ на Богомаз.
[13-Aug-2024 12:09:35 Europe/Helsinki] EditDATA [INFO] Для заявки Повірка від 06.08.2024 користувачем [Коваль Людмила] змінено виконавця з ЗАПЛАНОВАНІ на Сірий.
[13-Aug-2024 12:10:03 Europe/Helsinki] EditDATA [INFO] Для заявки Повірка від 19.06.2024 користувачем [Коваль Людмила] змінено виконавця з ЗАПЛАНОВАНІ на Богомаз.
[13-Aug-2024 12:10:30 Europe/Helsinki] EditDATA [INFO] Для заявки Повірка від 06.08.2024 користувачем [Коваль Людмила] змінено виконавця з ЗАПЛАНОВАНІ на Сірий.
[13-Aug-2024 12:11:50 Europe/Helsinki] EditDATA [INFO] Для заявки Повірка від 13.08.2024 користувачем [Коваль Людмила] змінено виконавця з ЗАПЛАНОВАНІ на Шкуліпа.
[13-Aug-2024 12:14:13 Europe/Helsinki] EditDATA [INFO] Для заявки Повірка від 12.08.2024 користувачем [Коваль Людмила] змінено виконавця з ЗАПЛАНОВАНІ на Шкуліпа.
[13-Aug-2024 12:14:35 Europe/Helsinki] EditDATA [INFO] Для заявки Повірка від 12.08.2024 користувачем [Коваль Людмила] змінено виконавця з ЗАПЛАНОВАНІ на Шкуліпа.
[13-Aug-2024 12:15:00 Europe/Helsinki] EditDATA [INFO] Для заявки Повірка від 12.08.2024 користувачем [Коваль Людмила] змінено виконавця з ЗАПЛАНОВАНІ на Шкуліпа.
[13-Aug-2024 12:15:30 Europe/Helsinki] EditDATA [INFO] Для заявки Повірка від 12.08.2024 користувачем [Коваль Людмила] змінено виконавця з ЗАПЛАНОВАНІ на Ващенко.
[13-Aug-2024 12:15:38 Europe/Helsinki] DellTASK [INFO] Повірка від 30.07.2024 для адреси вул. Всіхсвятська, буд. 12, кв. 32 для лічильника БЕЗ НОМЕРА - 1 шт. було завершено користувачем [Сусло Тетяна] з коментарем: не відповідають.
[2024-08-13T12:20:25.366] [INFO] DataBase - У заявці Заміна від 31 липня 2024 р. за адресою просп. Миру, буд. 180, корп. А, кв. 58 додано виконавця Баранов та додано дату виконання 13 серпня 2024 р. користувачем [Сміян Альона].
[13-Aug-2024 12:20:41 Europe/Helsinki] EditDATA [INFO] За адресою просп. Перемоги 201, кв. 63 користувачем [Сусло Тетяна] змінені номери телефонів з +38(093)713-84-70, +38(0462)23-01-68, +38(099)300-03-53 на +38(093)713-84-70, при створенні нової заявки [Повірка] від 13.08.2024.
[13-Aug-2024 12:20:41 Europe/Helsinki] NewDATA [INFO] Нова заявка Повірка, адреса: просп. Перемоги 201, кв. 63, лічильники: БЕЗ НОМЕРА - 1 шт., вартість: 300 грн., примітки: 13-18 додано до БД користувачем [Сусло Тетяна].
[2024-08-13T12:21:05.171] [INFO] DataBase - У заявці Повірка від 13 серпня 2024 р. за адресою просп. Перемоги, буд. 201, кв. 63 додано виконавця ЗАПЛАНОВАНІ та додано дату виконання 21 серпня 2024 р. користувачем [Сусло Тетяна].
[13-Aug-2024 12:22:00 Europe/Helsinki] EditDATA [INFO] За адресою вул. Гетьмана Полуботка 74, кв. 34 користувачем [Коваль Людмила] змінені номери телефонів з +38(068)583-90-99, +38(097)716-70-46 на +38(067)956-12-94, при створенні нової заявки [Повірка] від 13.08.2024.
[13-Aug-2024 12:22:00 Europe/Helsinki] NewDATA [INFO] Нова заявка Повірка, адреса: вул. Гетьмана Полуботка 74, кв. 34, лічильники: БЕЗ НОМЕРА - 2 шт., вартість: 600 грн., примітки: пер.за 30 хв. додано до БД користувачем [Коваль Людмила].
[13-Aug-2024 12:24:58 Europe/Helsinki] NewDATA [INFO] Нова заявка Заміна, адреса: вул. Незалежності 12, кв. 13, лічильники: БЕЗ НОМЕРА - 1 шт., виконавець: Баранов, вартість: 1050 грн., примітки: 1х/в 488670 8-9 30хв додано до БД користувачем [Сміян Альона].
[2024-08-13T12:25:15.695] [INFO] DataBase - У заявці Заміна від 13 серпня 2024 р. за адресою вул. Незалежності, буд. 12, кв. 13 додано дату виконання 16 серпня 2024 р. користувачем [Сміян Альона].
[13-Aug-2024 12:28:51 Europe/Helsinki] EditDATA [INFO] Для заявки Повірка від 09.08.2024 користувачем [Коваль Людмила] змінено виконавця з ЗАПЛАНОВАНІ на Ващенко.
[13-Aug-2024 12:29:49 Europe/Helsinki] EditDATA [INFO] Для заявки Повірка від 09.08.2024 користувачем [Коваль Людмила] змінено виконавця з ЗАПЛАНОВАНІ на Ващенко.
[13-Aug-2024 12:33:30 Europe/Helsinki] EditDATA [INFO] Для заявки Повірка від 12.08.2024 користувачем [Коваль Людмила] змінено виконавця з ЗАПЛАНОВАНІ на Шкуліпа.
[13-Aug-2024 12:34:13 Europe/Helsinki] EditDATA [INFO] Для заявки Повірка від 12.08.2024 користувачем [Коваль Людмила] змінено виконавця з ЗАПЛАНОВАНІ на Шкуліпа.
[13-Aug-2024 12:34:40 Europe/Helsinki] EditDATA [INFO] Для заявки Повірка від 12.08.2024 користувачем [Коваль Людмила] змінено виконавця з ЗАПЛАНОВАНІ на Ващенко.
[13-Aug-2024 12:35:16 Europe/Helsinki] EditDATA [INFO] Для заявки Повірка від 12.08.2024 користувачем [Коваль Людмила] змінено виконавця з ЗАПЛАНОВАНІ на Сірий.
[13-Aug-2024 12:36:52 Europe/Helsinki] EditDATA [INFO] Для заявки Повірка від 19.06.2024 користувачем [Коваль Людмила] змінено виконавця з ЗАПЛАНОВАНІ на Сірий.
[13-Aug-2024 12:44:43 Europe/Helsinki] EditDATA [INFO] Для заявки Повірка від 19.06.2024 користувачем [Сусло Тетяна] додано примітки 13-18.
[13-Aug-2024 12:53:42 Europe/Helsinki] EditDATA [INFO] Для заявки Повірка від 13.08.2024 користувачем [Коваль Людмила] змінено виконавця з ЗАПЛАНОВАНІ на Осипенко.
[13-Aug-2024 12:54:13 Europe/Helsinki] DellTASK [INFO] Повірка від 30.07.2024 для адреси вул. Пятницька, буд. 92, кв. 60 для лічильника БЕЗ НОМЕРА - 1 шт. було завершено користувачем [Сусло Тетяна] з коментарем: вик.
[2024-08-13T12:58:03.058] [INFO] DataBase - У заявці Повірка від 13 серпня 2024 р. за адресою вул. Текстильників, буд. 9, корп. А, кв. 8 змінено дату виконання з 20 серпня 2024 р. на 14 серпня 2024 р. користувачем [Коваль Людмила].
[13-Aug-2024 12:58:50 Europe/Helsinki] DellTASK [INFO] Повірка від 12.07.2024 для адреси вул. Чорновола Вячеслава, буд. 4, кв. 84 для лічильника БЕЗ НОМЕРА - 4 шт. було завершено користувачем [Сусло Тетяна] з коментарем: вик.
[13-Aug-2024 13:07:57 Europe/Helsinki] EditDATA [INFO] Для заявки Повірка від 13.08.2024 користувачем [Коваль Людмила] додано виконавця Сірий.
[13-Aug-2024 13:12:41 Europe/Helsinki] NewDATA [INFO] Нова заявка Повірка, адреса: вул. Незалежності 12 корпус Б, кв. 61, лічильники: БЕЗ НОМЕРА - 1 шт., виконавець: Осипенко, вартість: 300 грн., примітки: 14-18 додано до БД користувачем [Коваль Людмила].
[13-Aug-2024 13:20:41 Europe/Helsinki] EditDATA [INFO] Для заявки Повірка від 13.08.2024 користувачем [Коваль Людмила] змінено виконавця з ЗАПЛАНОВАНІ на Осипенко.
[13-Aug-2024 13:35:30 Europe/Helsinki] EditDATA [INFO] За адресою вул. Дніпровська 35, кв. 50 користувачем [Коваль Людмила] змінені номери телефонів з +38(093)700-20-70, +38(096)730-08-19 на +38(093)514-15-79, при створенні нової заявки [Повірка] від 13.08.2024.
[13-Aug-2024 13:35:30 Europe/Helsinki] NewDATA [INFO] Нова заявка Повірка, адреса: вул. Дніпровська 35, кв. 50, лічильники: БЕЗ НОМЕРА - 2 шт., вартість: 600 грн., примітки: 8-13 додано до БД користувачем [Коваль Людмила].
[2024-08-13T13:37:18.228] [INFO] DataBase - У заявці Повірка від 13 серпня 2024 р. за адресою вул. Дніпровська, буд. 35, кв. 50 додано виконавця ЗАПЛАНОВАНІ та додано дату виконання 20 серпня 2024 р. користувачем [Коваль Людмила].
[13-Aug-2024 13:39:26 Europe/Helsinki] EditDATA [INFO] За адресою вул. Дніпровська 35, кв. 101 користувачем [Коваль Людмила] змінені номери телефонів з +38(0462)60-97-73, +38(093)700-20-70, +38(0462)60-98-83 на +38(093)514-15-79, при створенні нової заявки [Повірка] від 13.08.2024.
[13-Aug-2024 13:39:26 Europe/Helsinki] NewDATA [INFO] Нова заявка Повірка, адреса: вул. Дніпровська 35, кв. 101, лічильники: БЕЗ НОМЕРА - 2 шт., вартість: 600 грн., примітки: 8-13 додано до БД користувачем [Коваль Людмила].
[2024-08-13T13:39:42.426] [INFO] DataBase - У заявці Повірка від 13 серпня 2024 р. за адресою вул. Дніпровська, буд. 35, кв. 101 додано виконавця ЗАПЛАНОВАНІ та додано дату виконання 20 серпня 2024 р. користувачем [Коваль Людмила].
[13-Aug-2024 13:42:22 Europe/Helsinki] NewDATA [INFO] Нова адреса вул. Чорновола Вячеслава, буд. 32, кв. 54, тел. +38 (063) 232-34-20 додана до БД користувачем [Сусло Тетяна].
[13-Aug-2024 13:42:39 Europe/Helsinki] NewDATA [INFO] Нова заявка Повірка, адреса: вул. Чорновола Вячеслава 32, кв. 54, лічильники: БЕЗ НОМЕРА - 1 шт., вартість: 300 грн., примітки: 8-13 додано до БД користувачем [Сусло Тетяна].
[2024-08-13T13:43:13.893] [INFO] DataBase - У заявці Повірка від 13 серпня 2024 р. за адресою вул. Чорновола Вячеслава, буд. 32, кв. 54 додано виконавця ЗАПЛАНОВАНІ та додано дату виконання 16 серпня 2024 р. користувачем [Сусло Тетяна].
[2024-08-13T13:47:04.383] [INFO] DataBase - У заявці Повірка від 13 серпня 2024 р. за адресою вул. Незалежності, буд. 12, корп. Б, кв. 61 додано дату виконання 14 серпня 2024 р. користувачем [Сусло Тетяна].
[13-Aug-2024 13:56:15 Europe/Helsinki] NewDATA [INFO] Нова заявка Повірка, адреса: вул. Пятницька 32, кв. 68, лічильники: БЕЗ НОМЕРА - 2 шт., вартість: 600 грн., примітки: 8-13 додано до БД користувачем [Сусло Тетяна].
[2024-08-13T13:56:47.943] [INFO] DataBase - У заявці Повірка від 13 серпня 2024 р. за адресою вул. Пятницька, буд. 32, кв. 68 додано виконавця ЗАПЛАНОВАНІ та додано дату виконання 21 серпня 2024 р. користувачем [Сусло Тетяна].
[13-Aug-2024 14:03:58 Europe/Helsinki] NewDATA [INFO] Нова заявка Заміна, адреса: вул. Старобілоуська 31, кв. 7, лічильники: БЕЗ НОМЕРА - 1 шт., виконавець: Баранов, вартість: 1050 грн., примітки: 1х/в 361070 13-17 додано до БД користувачем [Сміян Альона].
[2024-08-13T14:04:11.908] [INFO] DataBase - У заявці Заміна від 13 серпня 2024 р. за адресою вул. Старобілоуська, буд. 31, кв. 7 додано дату виконання 15 серпня 2024 р. користувачем [Сміян Альона].
[13-Aug-2024 14:18:50 Europe/Helsinki] NewDATA [INFO] Нова заявка Заміна, адреса: вул. Корольова 10, кв. 12, лічильники: БЕЗ НОМЕРА - 1 шт., виконавець: Баранов, вартість: 1050 грн., примітки: 1х/в с/в 407310 14-17 додано до БД користувачем [Сміян Альона].
[2024-08-13T14:19:00.261] [INFO] DataBase - У заявці Заміна від 13 серпня 2024 р. за адресою вул. Корольова, буд. 10, кв. 12 додано дату виконання 14 серпня 2024 р. користувачем [Сміян Альона].
[13-Aug-2024 14:34:28 Europe/Helsinki] EditDATA [INFO] За адресою просп. Грушевського Михайла 163, кв. 25 користувачем [Сусло Тетяна] змінені номери телефонів з +38(067)231-11-72, +38(0462)95-71-03 на +38(097)767-27-22, при створенні нової заявки [Повірка] від 13.08.2024.
[13-Aug-2024 14:34:28 Europe/Helsinki] NewDATA [INFO] Нова заявка Повірка, адреса: просп. Грушевського Михайла 163, кв. 25, лічильники: БЕЗ НОМЕРА - 4 шт., вартість: 1200 грн., примітки: 13-18, за 1 год додано до БД користувачем [Сусло Тетяна].
[2024-08-13T14:35:03.996] [INFO] DataBase - У заявці Повірка від 13 серпня 2024 р. за адресою просп. Грушевського Михайла, буд. 163, кв. 25 додано виконавця ЗАПЛАНОВАНІ та додано дату виконання 19 серпня 2024 р. користувачем [Сусло Тетяна].
[13-Aug-2024 14:40:15 Europe/Helsinki] DellTASK [INFO] Повірка від 31.07.2024 для адреси просп. Грушевського Михайла, буд. 163, кв. 9 для лічильника БЕЗ НОМЕРА - 4 шт. було завершено користувачем [Сусло Тетяна] з коментарем: вик.
[13-Aug-2024 14:42:09 Europe/Helsinki] EditDATA [INFO] За адресою вул. Незалежності 46, кв. 49 користувачем [Сусло Тетяна] змінені номери телефонів з +38(068)070-11-21 на +38(095)836-23-55, при створенні нової заявки [Повірка] від 13.08.2024.
[13-Aug-2024 14:42:09 Europe/Helsinki] NewDATA [INFO] Нова заявка Повірка, адреса: вул. Незалежності 46, кв. 49, лічильники: БЕЗ НОМЕРА - 1 шт., виконавець: Осипенко, вартість: 300 грн., примітки: 13-18 додано до БД користувачем [Сусло Тетяна].
[2024-08-13T14:43:28.999] [INFO] DataBase - У заявці Заміна від 2 серпня 2024 р. за адресою вул. Доценка, буд. 30, корп. А, кв. 84 видалено виконавця Баранов та видалено дату виконання 14 серпня 2024 р. користувачем [Сміян Альона].
[2024-08-13T14:43:30.367] [INFO] DataBase - У заявці Заміна від 9 серпня 2024 р. за адресою просп. Левка Лукяненка, буд. 12, корп. В, кв. 12 видалено виконавця Баранов та видалено дату виконання 14 серпня 2024 р. користувачем [Сміян Альона].
[2024-08-13T14:43:31.999] [INFO] DataBase - У заявці Заміна від 9 серпня 2024 р. за адресою просп. Левка Лукяненка, буд. 35, кв. 128 видалено виконавця Баранов та видалено дату виконання 14 серпня 2024 р. користувачем [Сміян Альона].
[2024-08-13T14:43:33.271] [INFO] DataBase - У заявці Заміна від 12 серпня 2024 р. за адресою вул. Всіхсвятська, буд. 16, кв. 25 видалено виконавця Баранов та видалено дату виконання 14 серпня 2024 р. користувачем [Сміян Альона].
[2024-08-13T14:43:34.454] [INFO] DataBase - У заявці Заміна від 12 серпня 2024 р. за адресою просп. Левка Лукяненка, буд. 36, кв. 100 видалено виконавця Баранов та видалено дату виконання 14 серпня 2024 р. користувачем [Сміян Альона].
[2024-08-13T14:43:35.758] [INFO] DataBase - У заявці Заміна від 13 серпня 2024 р. за адресою вул. Корольова, буд. 10, кв. 12 видалено виконавця Баранов та видалено дату виконання 14 серпня 2024 р. користувачем [Сміян Альона].
[2024-08-13T14:43:37.383] [INFO] DataBase - У заявці Заміна від 12 серпня 2024 р. за адресою просп. Левка Лукяненка, буд. 12, корп. 2, кв. 65 видалено виконавця Баранов та видалено дату виконання 14 серпня 2024 р. користувачем [Сміян Альона].
[2024-08-13T14:43:48.719] [INFO] DataBase - У заявці Заміна від 12 серпня 2024 р. за адресою вул. Всіхсвятська, буд. 16, кв. 25 додано виконавця Баранов та додано дату виконання 14 серпня 2024 р. користувачем [Сміян Альона].
[2024-08-13T14:43:58.086] [INFO] DataBase - У заявці Заміна від 9 серпня 2024 р. за адресою просп. Левка Лукяненка, буд. 12, корп. В, кв. 12 додано виконавця Баранов та додано дату виконання 14 серпня 2024 р. користувачем [Сміян Альона].
[2024-08-13T14:44:11.912] [INFO] DataBase - У заявці Заміна від 9 серпня 2024 р. за адресою просп. Левка Лукяненка, буд. 35, кв. 128 додано виконавця Баранов та додано дату виконання 14 серпня 2024 р. користувачем [Сміян Альона].
[2024-08-13T14:44:18.823] [INFO] DataBase - У заявці Заміна від 12 серпня 2024 р. за адресою просп. Левка Лукяненка, буд. 36, кв. 100 додано виконавця Баранов та додано дату виконання 14 серпня 2024 р. користувачем [Сміян Альона].
[2024-08-13T14:44:21.920] [INFO] DataBase - У заявці Повірка від 13 серпня 2024 р. за адресою вул. Незалежності, буд. 46, кв. 49 додано дату виконання 14 серпня 2024 р. користувачем [Сусло Тетяна].
[2024-08-13T14:44:28.599] [INFO] DataBase - У заявці Заміна від 12 серпня 2024 р. за адресою просп. Левка Лукяненка, буд. 12, корп. 2, кв. 65 додано виконавця Баранов та додано дату виконання 14 серпня 2024 р. користувачем [Сміян Альона].
[2024-08-13T14:44:39.336] [INFO] DataBase - У заявці Заміна від 12 серпня 2024 р. за адресою просп. Левка Лукяненка, буд. 12, корп. 2, кв. 65 видалено виконавця Баранов та видалено дату виконання 14 серпня 2024 р. користувачем [Сміян Альона].
[2024-08-13T14:44:46.186] [INFO] DataBase - У заявці Заміна від 2 серпня 2024 р. за адресою вул. Доценка, буд. 13, кв. 2 додано виконавця Баранов та додано дату виконання 14 серпня 2024 р. користувачем [Сміян Альона].
[2024-08-13T14:44:51.791] [INFO] DataBase - У заявці Заміна від 13 серпня 2024 р. за адресою вул. Корольова, буд. 10, кв. 12 додано виконавця Баранов та додано дату виконання 14 серпня 2024 р. користувачем [Сміян Альона].
[2024-08-13T14:44:57.055] [INFO] DataBase - У заявці Заміна від 12 серпня 2024 р. за адресою просп. Левка Лукяненка, буд. 12, корп. 2, кв. 65 додано виконавця Баранов та додано дату виконання 14 серпня 2024 р. користувачем [Сміян Альона].
[13-Aug-2024 14:45:32 Europe/Helsinki] NewDATA [INFO] Нова адреса вул. Незалежності, буд. 25, кв. 53, тел. +38 (093) 970-47-59 додана до БД користувачем [Сусло Тетяна].
[2024-08-13T14:46:21.760] [INFO] DataBase - У заявці Заміна від 2 серпня 2024 р. за адресою вул. Доценка, буд. 13, кв. 2 видалено виконавця Баранов та видалено дату виконання 14 серпня 2024 р. користувачем [Сміян Альона].
[2024-08-13T14:46:25.768] [INFO] DataBase - У заявці Заміна від 2 серпня 2024 р. за адресою вул. Доценка, буд. 30, корп. А, кв. 84 додано виконавця Баранов та додано дату виконання 14 серпня 2024 р. користувачем [Сміян Альона].
[2024-08-13T14:46:33.305] [INFO] DataBase - У заявці Заміна від 2 серпня 2024 р. за адресою вул. Доценка, буд. 30, корп. А, кв. 84 видалено виконавця Баранов та видалено дату виконання 14 серпня 2024 р. користувачем [Сміян Альона].
[2024-08-13T14:46:34.776] [INFO] DataBase - У заявці Заміна від 9 серпня 2024 р. за адресою просп. Левка Лукяненка, буд. 12, корп. В, кв. 12 видалено виконавця Баранов та видалено дату виконання 14 серпня 2024 р. користувачем [Сміян Альона].
[2024-08-13T14:46:35.856] [INFO] DataBase - У заявці Заміна від 9 серпня 2024 р. за адресою просп. Левка Лукяненка, буд. 35, кв. 128 видалено виконавця Баранов та видалено дату виконання 14 серпня 2024 р. користувачем [Сміян Альона].
[2024-08-13T14:46:37.144] [INFO] DataBase - У заявці Заміна від 12 серпня 2024 р. за адресою вул. Всіхсвятська, буд. 16, кв. 25 видалено виконавця Баранов та видалено дату виконання 14 серпня 2024 р. користувачем [Сміян Альона].
[2024-08-13T14:46:38.256] [INFO] DataBase - У заявці Заміна від 12 серпня 2024 р. за адресою просп. Левка Лукяненка, буд. 36, кв. 100 видалено виконавця Баранов та видалено дату виконання 14 серпня 2024 р. користувачем [Сміян Альона].
[2024-08-13T14:46:39.385] [INFO] DataBase - У заявці Заміна від 13 серпня 2024 р. за адресою вул. Корольова, буд. 10, кв. 12 видалено виконавця Баранов та видалено дату виконання 14 серпня 2024 р. користувачем [Сміян Альона].
[2024-08-13T14:46:40.752] [INFO] DataBase - У заявці Заміна від 12 серпня 2024 р. за адресою просп. Левка Лукяненка, буд. 12, корп. 2, кв. 65 видалено виконавця Баранов та видалено дату виконання 14 серпня 2024 р. користувачем [Сміян Альона].
[2024-08-13T14:46:48.082] [INFO] DataBase - У заявці Заміна від 13 серпня 2024 р. за адресою вул. Корольова, буд. 10, кв. 12 додано виконавця Баранов та додано дату виконання 14 серпня 2024 р. користувачем [Сміян Альона].
[2024-08-13T14:46:52.984] [INFO] DataBase - У заявці Заміна від 2 серпня 2024 р. за адресою вул. Доценка, буд. 30, корп. А, кв. 84 додано виконавця Баранов та додано дату виконання 14 серпня 2024 р. користувачем [Сміян Альона].
[2024-08-13T14:47:03.001] [INFO] DataBase - У заявці Заміна від 12 серпня 2024 р. за адресою просп. Левка Лукяненка, буд. 12, корп. 2, кв. 65 додано виконавця Баранов та додано дату виконання 14 серпня 2024 р. користувачем [Сміян Альона].
[2024-08-13T14:47:11.289] [INFO] DataBase - У заявці Заміна від 12 серпня 2024 р. за адресою просп. Левка Лукяненка, буд. 36, кв. 100 додано виконавця Баранов та додано дату виконання 14 серпня 2024 р. користувачем [Сміян Альона].
[2024-08-13T14:47:14.529] [INFO] DataBase - У заявці Заміна від 9 серпня 2024 р. за адресою просп. Левка Лукяненка, буд. 35, кв. 128 додано виконавця Баранов та додано дату виконання 14 серпня 2024 р. користувачем [Сміян Альона].
[2024-08-13T14:47:26.449] [INFO] DataBase - У заявці Заміна від 9 серпня 2024 р. за адресою просп. Левка Лукяненка, буд. 12, корп. В, кв. 12 додано виконавця Баранов та додано дату виконання 14 серпня 2024 р. користувачем [Сміян Альона].
[2024-08-13T14:47:28.969] [INFO] DataBase - У заявці Заміна від 12 серпня 2024 р. за адресою вул. Всіхсвятська, буд. 16, кв. 25 додано виконавця Баранов та додано дату виконання 14 серпня 2024 р. користувачем [Сміян Альона].
[13-Aug-2024 14:47:34 Europe/Helsinki] NewDATA [INFO] Нова заявка Повірка, адреса: вул. Незалежності 25, кв. 53, лічильники: БЕЗ НОМЕРА - 1 шт., вартість: 300 грн., примітки: 13-18, подовжувач додано до БД користувачем [Сусло Тетяна].
[2024-08-13T14:48:10.421] [INFO] DataBase - У заявці Повірка від 13 серпня 2024 р. за адресою вул. Незалежності, буд. 25, кв. 53 додано виконавця ЗАПЛАНОВАНІ та додано дату виконання 20 серпня 2024 р. користувачем [Сусло Тетяна].
[13-Aug-2024 14:58:44 Europe/Helsinki] NewDATA [INFO] Нова адреса вул. Русової, буд. 25, кв. 56, тел. +38 (067) 460-71-98 додана до БД користувачем [Сміян Альона].
[13-Aug-2024 14:59:15 Europe/Helsinki] NewDATA [INFO] Нова заявка Заміна, адреса: вул. Русової 25, кв. 56, лічильники: БЕЗ НОМЕРА - 1 шт., виконавець: Баранов, вартість: 350 грн., примітки: 1г/в с/в 13-17 додано до БД користувачем [Сміян Альона].
[2024-08-13T14:59:28.073] [INFO] DataBase - У заявці Заміна від 13 серпня 2024 р. за адресою вул. Русової, буд. 25, кв. 56 додано дату виконання 15 серпня 2024 р. користувачем [Сміян Альона].
[13-Aug-2024 15:09:54 Europe/Helsinki] NewDATA [INFO] Нова заявка Заміна, адреса: вул. Незалежності 12, кв. 82, лічильники: БЕЗ НОМЕРА - 1 шт., виконавець: Баранов, вартість: 1050 грн., примітки: 1х/в 697534 8-12 додано до БД користувачем [Сміян Альона].
[2024-08-13T15:10:04.902] [INFO] DataBase - У заявці Заміна від 13 серпня 2024 р. за адресою вул. Незалежності, буд. 12, кв. 82 додано дату виконання 16 серпня 2024 р. користувачем [Сміян Альона].
[13-Aug-2024 15:14:22 Europe/Helsinki] EditDATA [INFO] Для заявки Заміна від 07.08.2024 користувачем [Сміян Альона] змінено примітки з 1х/в с/в 355779 на 1х/в с/в 355779 10-12.
[2024-08-13T15:14:35.028] [INFO] DataBase - У заявці Заміна від 7 серпня 2024 р. за адресою вул. Красносільського, буд. 71, кв. 54 додано виконавця Баранов та додано дату виконання 16 серпня 2024 р. користувачем [Сміян Альона].
[13-Aug-2024 15:25:52 Europe/Helsinki] EditDATA [INFO] Для заявки Заміна від 09.08.2024 користувачем [Сміян Альона] змінено примітки з 1г/в, туалет, з 12.08, дізнатись чий лічильник на 1г/в,с/в 9-12.
[2024-08-13T15:26:05.004] [INFO] DataBase - У заявці Заміна від 9 серпня 2024 р. за адресою вул. Незалежності, буд. 12, кв. 76 додано виконавця Баранов та додано дату виконання 16 серпня 2024 р. користувачем [Сміян Альона].
[13-Aug-2024 15:27:25 Europe/Helsinki] EditDATA [INFO] За адресою вул. 1-ї Гвардійської Армії 4, кв. 270 користувачем [Сусло Тетяна] змінені номери телефонів з +38(093)326-55-27, +38(067)999-49-86 на +38(093)326-55-27, при створенні нової заявки [Повірка] від 13.08.2024.
[13-Aug-2024 15:27:25 Europe/Helsinki] NewDATA [INFO] Нова заявка Повірка, адреса: вул. 1-ї Гвардійської Армії 4, кв. 270, лічильники: БЕЗ НОМЕРА - 2 шт., вартість: 600 грн., примітки: 8-13, за 1 год додано до БД користувачем [Сусло Тетяна].
[2024-08-13T15:28:31.559] [INFO] DataBase - У заявці Повірка від 13 серпня 2024 р. за адресою вул. 1-ї Гвардійської Армії, буд. 4, кв. 270 додано виконавця ЗАПЛАНОВАНІ та додано дату виконання 16 серпня 2024 р. користувачем [Сусло Тетяна].
[13-Aug-2024 15:32:07 Europe/Helsinki] DellTASK [INFO] Повірка від 30.07.2024 для адреси вул. 1-ї Гвардійської Армії, буд. 4, кв. 208 для лічильника БЕЗ НОМЕРА - 4 шт. було завершено користувачем [Сусло Тетяна] з коментарем: вик.
[13-Aug-2024 15:38:30 Europe/Helsinki] EditDATA [INFO] За адресою вул. Савчука 3, кв. 125 користувачем [Сусло Тетяна] змінені номери телефонів з +38(050)355-52-00, +38(0462)63-56-89 на +38(067)682-02-72, при створенні нової заявки [Повірка] від 13.08.2024.
[13-Aug-2024 15:38:30 Europe/Helsinki] NewDATA [INFO] Нова заявка Повірка, адреса: вул. Савчука 3, кв. 125, лічильники: БЕЗ НОМЕРА - 4 шт., виконавець: Сірий, вартість: 1200 грн., примітки: 15-18, за 1 год, домофон не працює додано до БД користувачем [Сусло Тетяна].
[2024-08-13T15:38:43.339] [INFO] DataBase - У заявці Повірка від 13 серпня 2024 р. за адресою вул. Савчука, буд. 3, кв. 125 додано дату виконання 13 серпня 2024 р. користувачем [Сусло Тетяна].
[2024-08-13T15:38:49.580] [INFO] DataBase - У заявці Повірка від 13 серпня 2024 р. за адресою вул. Савчука, буд. 3, кв. 125 видалено дату виконання 13 серпня 2024 р. користувачем [Сусло Тетяна].
[2024-08-13T15:38:55.652] [INFO] DataBase - У заявці Повірка від 13 серпня 2024 р. за адресою вул. Савчука, буд. 3, кв. 125 додано дату виконання 14 серпня 2024 р. користувачем [Сусло Тетяна].
[13-Aug-2024 15:43:41 Europe/Helsinki] NewDATA [INFO] Нова адреса вул. Мазепи Івана, буд. 54, кв. 106, тел. +38 (097) 475-74-89 додана до БД користувачем [Сміян Альона].
[13-Aug-2024 15:44:05 Europe/Helsinki] NewDATA [INFO] Нова заявка Повірка, адреса: вул. Мазепи Івана 54, кв. 106, лічильники: БЕЗ НОМЕРА - 2 шт., вартість: 600 грн., примітки: 13-17 додано до БД користувачем [Сміян Альона].
[2024-08-13T15:44:31.612] [INFO] DataBase - У заявці Повірка від 13 серпня 2024 р. за адресою вул. Мазепи Івана, буд. 54, кв. 106 додано виконавця ЗАПЛАНОВАНІ та додано дату виконання 16 серпня 2024 р. користувачем [Сміян Альона].
[13-Aug-2024 15:50:35 Europe/Helsinki] EditDATA [INFO] За адресою вул. Доценка 28, кв. 283 користувачем [Сусло Тетяна] змінені номери телефонів з +38(099)122-69-58 на +38(093)153-19-39, при створенні нової заявки [Заміна] від 13.08.2024.
[13-Aug-2024 15:50:35 Europe/Helsinki] NewDATA [INFO] Нова заявка Заміна, адреса: вул. Доценка 28, кв. 283, лічильники: БЕЗ НОМЕРА - 1 шт., виконавець: Баранов, вартість: 1050 грн., примітки: 13-18, №725552, 1 св/х додано до БД користувачем [Сусло Тетяна].
[2024-08-13T15:50:54.043] [INFO] DataBase - У заявці Заміна від 13 серпня 2024 р. за адресою вул. Доценка, буд. 28, кв. 283 додано дату виконання 16 серпня 2024 р. користувачем [Сусло Тетяна].
[13-Aug-2024 15:51:50 Europe/Helsinki] DellTASK [INFO] Повірка від 13.08.2024 для адреси вул. Савчука, буд. 3, кв. 125 для лічильника БЕЗ НОМЕРА - 4 шт. було завершено користувачем [Сусло Тетяна] з коментарем: нема сантехніки.
[13-Aug-2024 16:02:51 Europe/Helsinki] NewDATA [INFO] Нова адреса вул. Незалежності, буд. 16, кв. 196, тел. +38 (063) 726-30-15 додана до БД користувачем [Сусло Тетяна].
[13-Aug-2024 16:03:08 Europe/Helsinki] NewDATA [INFO] Нова заявка Повірка, адреса: вул. Незалежності 16, кв. 196, лічильники: БЕЗ НОМЕРА - 1 шт., вартість: 300 грн., примітки: 13-18 додано до БД користувачем [Сусло Тетяна].
[2024-08-13T16:03:30.328] [INFO] DataBase - У заявці Повірка від 13 серпня 2024 р. за адресою вул. Незалежності, буд. 16, кв. 196 додано виконавця ЗАПЛАНОВАНІ та додано дату виконання 20 серпня 2024 р. користувачем [Сусло Тетяна].
[13-Aug-2024 16:27:50 Europe/Helsinki] EditDATA [INFO] За адресою вул. курсанта Єськова 8, кв. 23 користувачем [Сміян Альона] змінені номери телефонів з +38(093)879-37-28 на +38(063)692-59-04, при створенні нової заявки [Повірка] від 13.08.2024.
[13-Aug-2024 16:27:50 Europe/Helsinki] NewDATA [INFO] Нова заявка Повірка, адреса: вул. курсанта Єськова 8, кв. 23, лічильники: БЕЗ НОМЕРА - 1 шт., вартість: 300 грн., примітки: 8-13 додано до БД користувачем [Сміян Альона].
[2024-08-13T16:28:10.893] [INFO] DataBase - У заявці Повірка від 13 серпня 2024 р. за адресою вул. курсанта Єськова, буд. 8, кв. 23 додано виконавця ЗАПЛАНОВАНІ та додано дату виконання 19 серпня 2024 р. користувачем [Сміян Альона].
[13-Aug-2024 16:28:50 Europe/Helsinki] EditDATA [INFO] Для заявки Повірка від 13.08.2024 користувачем [Сміян Альона] змінено примітки з 8-13 на 8-13 єськова 8 а 23.
[13-Aug-2024 16:31:50 Europe/Helsinki] EditDATA [INFO] За адресою вул. курсанта Єськова 6 корпус 2, кв. 28 користувачем [Сусло Тетяна] змінені номери телефонів з +38(093)847-02-53 на +38(063)489-26-87, при створенні нової заявки [Повірка] від 13.08.2024.
[13-Aug-2024 16:31:50 Europe/Helsinki] NewDATA [INFO] Нова заявка Повірка, адреса: вул. курсанта Єськова 6 корпус 2, кв. 28, лічильники: БЕЗ НОМЕРА - 2 шт., вартість: 600 грн., примітки: 8-13 додано до БД користувачем [Сусло Тетяна].
[2024-08-13T16:32:20.849] [INFO] DataBase - У заявці Повірка від 13 серпня 2024 р. за адресою вул. курсанта Єськова, буд. 6, корп. 2, кв. 28 додано виконавця ЗАПЛАНОВАНІ та додано дату виконання 19 серпня 2024 р. користувачем [Сусло Тетяна].
