[11-Aug-2025 08:57:00 Europe/Helsinki] EditDATA [INFO] За адресою вул. Генерала Пухова 144, кв. 132 користувачем [Сусло Тетяна] додано номер телефону +38(096)158-12-96, при створенні нової заявки [Повірка] від 11.08.2025.
[11-Aug-2025 08:57:00 Europe/Helsinki] NewDATA [INFO] Нова заявка Повірка, адреса: вул. Генерала Пухова 144, кв. 132, лічильники: БЕЗ НОМЕРА - 2 шт., вартість: 660 грн., примітки: 13-17, за 30 хв, можна раніше, поряд працюють додано до БД користувачем [Сусло Тетяна].
[2025-08-11T08:57:05.663] [INFO] DataBase - У заявці Повірка від 11 серпня 2025 р. за адресою вул. Генерала Пухова, буд. 144, кв. 132 додано виконавця ЗАПЛАНОВАНІ та додано дату виконання 12 серпня 2025 р. користувачем [Сусло Тетяна].
[11-Aug-2025 09:26:56 Europe/Helsinki] DellTASK [INFO] Заміна від 28.07.2025 для адреси просп. Левка Лукяненка, буд. 28, кв. 4 для лічильника БЕЗ НОМЕРА - 3 шт. було відмінено користувачем [Сусло Тетяна] з коментарем: відмовились.
[11-Aug-2025 09:29:01 Europe/Helsinki] EditDATA [INFO] Для заявки Повірка від 07.08.2025 користувачем [Сусло Тетяна] змінено примітки з 8-13, подовж на 8-13, за 1 год,подовж.
[11-Aug-2025 09:29:14 Europe/Helsinki] EditDATA [INFO] Для заявки Повірка від 07.08.2025 користувачем [Сусло Тетяна] змінено примітки з 8-13, подовж на 8-13, 1 год, подовж.
[11-Aug-2025 09:29:27 Europe/Helsinki] EditDATA [INFO] Для заявки Повірка від 07.08.2025 користувачем [Сусло Тетяна] змінено примітки з 8-13, 1 год, подовж на 8-13, за 1 год, подовж.
[11-Aug-2025 09:29:39 Europe/Helsinki] EditDATA [INFO] За адресою вул. Генерала Пухова 133, кв. 33 користувачем [Коваль Людмила] змінені номери телефонів з +38(097)499-03-88 на +38(096)459-57-17, при створенні нової заявки [Заміна] від 11.08.2025.
[11-Aug-2025 09:29:39 Europe/Helsinki] NewDATA [INFO] Нова заявка Заміна, адреса: вул. Генерала Пухова 133, кв. 33, лічильники: БЕЗ НОМЕРА - 1 шт., вартість: 400 грн., примітки: 8-13,хол.с/в додано до БД користувачем [Коваль Людмила].
[2025-08-11T09:29:43.194] [INFO] DataBase - У заявці Заміна від 11 серпня 2025 р. за адресою вул. Генерала Пухова, буд. 133, кв. 33 додано виконавця Баранов та додано дату виконання 13 серпня 2025 р. користувачем [Коваль Людмила].
[11-Aug-2025 09:31:58 Europe/Helsinki] EditDATA [INFO] Для заявки Заміна від 08.08.2025 користувачем [Сусло Тетяна] змінено примітки з 10-14, гв на 8-10, гв.
[2025-08-11T09:32:01.459] [INFO] DataBase - У заявці Заміна від 8 серпня 2025 р. за адресою вул. Героїв Чорнобиля, буд. 3, кв. 7 видалено виконавця Баранов та видалено дату виконання 12 серпня 2025 р. користувачем [Сусло Тетяна].
[2025-08-11T09:32:04.794] [INFO] DataBase - У заявці Заміна від 8 серпня 2025 р. за адресою вул. Героїв Чорнобиля, буд. 3, кв. 7 додано виконавця Баранов та додано дату виконання 13 серпня 2025 р. користувачем [Сусло Тетяна].
[11-Aug-2025 09:34:35 Europe/Helsinki] NewDATA [INFO] Нова заявка Заміна, адреса: просп. Миру 52, кв. 33, лічильники: 210099863, виконавець: Баранов, вартість: 1100 грн., примітки: 8-13, гв, №210099863, св додано до БД користувачем [Сусло Тетяна].
[2025-08-11T09:34:37.718] [INFO] DataBase - У заявці Заміна від 11 серпня 2025 р. за адресою просп. Миру, буд. 52, кв. 33 додано дату виконання 13 серпня 2025 р. користувачем [Сусло Тетяна].
[11-Aug-2025 09:36:04 Europe/Helsinki] NewDATA [INFO] Нова заявка Заміна, адреса: вул. Нафтовиків 21, кв. 42, лічильники: 031338, виконавець: Баранов, вартість: 1100 грн., примітки: 8-13, хв, №031338 додано до БД користувачем [Сусло Тетяна].
[2025-08-11T09:36:07.797] [INFO] DataBase - У заявці Заміна від 11 серпня 2025 р. за адресою вул. Нафтовиків, буд. 21, кв. 42 додано дату виконання 2 вересня 2025 р. користувачем [Сусло Тетяна].
[11-Aug-2025 09:39:28 Europe/Helsinki] NewDATA [INFO] Нова адреса просп. Левка Лукяненка, буд. 20, корп. Б, кв. 56, тел. +38 (093) 906-66-65 додана до БД користувачем [Коваль Людмила].
[11-Aug-2025 09:40:20 Europe/Helsinki] NewDATA [INFO] Нова заявка Повірка, адреса: просп. Левка Лукяненка 20 корпус Б, кв. 56, лічильники: БЕЗ НОМЕРА - 1 шт., вартість: 330 грн., примітки: 9-12,хол.дом.не працює додано до БД користувачем [Коваль Людмила].
[2025-08-11T09:40:23.928] [INFO] DataBase - У заявці Повірка від 11 серпня 2025 р. за адресою просп. Левка Лукяненка, буд. 20, корп. Б, кв. 56 додано виконавця ЗАПЛАНОВАНІ та додано дату виконання 12 серпня 2025 р. користувачем [Коваль Людмила].
[11-Aug-2025 09:41:18 Europe/Helsinki] EditDATA [INFO] За адресою вул. Генерала Пухова 133, кв. 84 користувачем [Коваль Людмила] змінені номери телефонів з +38(098)795-06-89, +38(097)024-01-11 на +38(097)024-01-11, при створенні нової заявки [Повірка] від 11.08.2025.
[11-Aug-2025 09:41:18 Europe/Helsinki] NewDATA [INFO] Нова заявка Повірка, адреса: вул. Генерала Пухова 133, кв. 84, лічильники: БЕЗ НОМЕРА - 1 шт., вартість: 350 грн., примітки: 13-17,горяча додано до БД користувачем [Коваль Людмила].
[2025-08-11T09:41:22.185] [INFO] DataBase - У заявці Повірка від 11 серпня 2025 р. за адресою вул. Генерала Пухова, буд. 133, кв. 84 додано виконавця ЗАПЛАНОВАНІ та додано дату виконання 12 серпня 2025 р. користувачем [Коваль Людмила].
[11-Aug-2025 09:45:54 Europe/Helsinki] EditDATA [INFO] Для заявки Повірка від 08.08.2025 користувачем [Коваль Людмила] змінено виконавця з ЗАПЛАНОВАНІ на Сірий.
[11-Aug-2025 09:46:04 Europe/Helsinki] EditDATA [INFO] Для заявки Повірка від 08.08.2025 користувачем [Коваль Людмила] змінено виконавця з ЗАПЛАНОВАНІ на Сірий.
[11-Aug-2025 09:47:19 Europe/Helsinki] DellTASK [INFO] Повірка від 07.08.2025 для адреси просп. Грушевського Михайла, буд. 157, кв. 136 для лічильника БЕЗ НОМЕРА - 1 шт. було завершено користувачем [Коваль Людмила] з коментарем: виконано.
[11-Aug-2025 09:47:36 Europe/Helsinki] DellTASK [INFO] Повірка від 07.08.2025 для адреси просп. Грушевського Михайла, буд. 161, корп. А, кв. 35 для лічильника БЕЗ НОМЕРА - 2 шт. було завершено користувачем [Коваль Людмила] з коментарем: виконано.
[11-Aug-2025 09:47:59 Europe/Helsinki] DellTASK [INFO] Повірка від 07.08.2025 для адреси просп. Грушевського Михайла, буд. 165, корп. 1, кв. 66 для лічильника БЕЗ НОМЕРА - 2 шт. було завершено користувачем [Коваль Людмила] з коментарем: виконано.
[11-Aug-2025 09:48:25 Europe/Helsinki] DellTASK [INFO] Повірка від 05.08.2025 для адреси просп. Левка Лукяненка, буд. 14, корп. Б, кв. 4 для лічильника БЕЗ НОМЕРА - 1 шт. було завершено користувачем [Коваль Людмила] з коментарем: не виконано.електронний ліч..
[11-Aug-2025 09:49:15 Europe/Helsinki] DellTASK [INFO] Повірка від 07.08.2025 для адреси вул. Генерала Пухова, буд. 115, корп. А, кв. 34 для лічильника БЕЗ НОМЕРА - 1 шт. було завершено користувачем [Коваль Людмила] з коментарем: виконано.
[11-Aug-2025 09:49:31 Europe/Helsinki] DellTASK [INFO] Повірка від 07.08.2025 для адреси вул. Доценка, буд. 3, корп. А, кв. 14 для лічильника БЕЗ НОМЕРА - 2 шт. було завершено користувачем [Коваль Людмила] з коментарем: виконано.
[11-Aug-2025 09:49:48 Europe/Helsinki] DellTASK [INFO] Повірка від 06.08.2025 для адреси просп. Левка Лукяненка, буд. 58, кв. 17 для лічильника БЕЗ НОМЕРА - 2 шт. було завершено користувачем [Коваль Людмила] з коментарем: виконано.
[11-Aug-2025 09:50:03 Europe/Helsinki] DellTASK [INFO] Повірка від 04.08.2025 для адреси просп. Левка Лукяненка, буд. 56, кв. 22 для лічильника БЕЗ НОМЕРА - 2 шт. було завершено користувачем [Коваль Людмила] з коментарем: виконано.
[11-Aug-2025 09:56:52 Europe/Helsinki] NewDATA [INFO] Нова заявка Заміна, адреса: вул. Мстиславська 132 корпус А, кв. 3, лічильники: 019791, вартість: 400 грн., примітки: 8-13, хв, №019791, кухня додано до БД користувачем [Сусло Тетяна].
[2025-08-11T09:56:55.389] [INFO] DataBase - У заявці Заміна від 11 серпня 2025 р. за адресою вул. Мстиславська, буд. 132, корп. А, кв. 3 додано виконавця Баранов та додано дату виконання 13 серпня 2025 р. користувачем [Сусло Тетяна].
[11-Aug-2025 09:59:10 Europe/Helsinki] DellTASK [INFO] Повірка від 04.08.2025 для адреси вул. Доценка, буд. 17, корп. В, кв. 43 для лічильника БЕЗ НОМЕРА - 2 шт. було завершено користувачем [Коваль Людмила] з коментарем: виконано.
[11-Aug-2025 09:59:26 Europe/Helsinki] DellTASK [INFO] Повірка від 25.07.2025 для адреси вул. Генерала Пухова, буд. 142, кв. 119 для лічильника БЕЗ НОМЕРА - 2 шт. було завершено користувачем [Коваль Людмила] з коментарем: виконано.
[11-Aug-2025 10:00:15 Europe/Helsinki] NewDATA [INFO] Новий лічильник номер: 7179998, тип: JS => DN 15, рік випуску: 2004, показники: 0, балансоутримувач: КП "ВДК" додано до БД користувачем [Коваль Людмила].
[11-Aug-2025 10:00:36 Europe/Helsinki] NewDATA [INFO] Новий лічильник номер: 7176886, тип: JS => DN 15, рік випуску: 2004, показники: 0, балансоутримувач: КП "ВДК" додано до БД користувачем [Коваль Людмила].
[11-Aug-2025 10:00:37 Europe/Helsinki] EditDATA [INFO] За адресою просп. Левка Лукяненка, буд. 58, кв. 17 користувачем [Коваль Людмила] було додано лічильники: 7179998, 7176886].
[11-Aug-2025 10:01:13 Europe/Helsinki] NewDATA [INFO] Новий лічильник номер: 070159, тип: КВ-1,5 => DN 15, рік випуску: 2012, показники: 0, балансоутримувач: КП "ВДК" додано до БД користувачем [Коваль Людмила].
[11-Aug-2025 10:01:37 Europe/Helsinki] NewDATA [INFO] Новий лічильник номер: 089010, тип: КВ-1,5 => DN 15, рік випуску: 2012, показники: 0, балансоутримувач: АТ "ОТКЕ" додано до БД користувачем [Коваль Людмила].
[11-Aug-2025 10:01:39 Europe/Helsinki] EditDATA [INFO] За адресою просп. Левка Лукяненка, буд. 56, кв. 22 користувачем [Коваль Людмила] було додано лічильники: 070159, 089010].
[11-Aug-2025 10:02:17 Europe/Helsinki] NewDATA [INFO] Новий лічильник номер: 069357, тип: КВ-1,5 => DN 15, рік випуску: 2004, показники: 0, балансоутримувач: КП "ВДК" додано до БД користувачем [Коваль Людмила].
[11-Aug-2025 10:02:38 Europe/Helsinki] NewDATA [INFO] Новий лічильник номер: 102800, тип: КВ-1,5 => DN 15, рік випуску: 2004, показники: 0, балансоутримувач: АТ "ОТКЕ" додано до БД користувачем [Коваль Людмила].
[11-Aug-2025 10:02:40 Europe/Helsinki] EditDATA [INFO] За адресою вул. Доценка, буд. 3, корп. А, кв. 14 користувачем [Коваль Людмила] було додано лічильники: 069357, 102800].
[11-Aug-2025 10:03:15 Europe/Helsinki] NewDATA [INFO] Новий лічильник номер: 009464, тип: КВ-1,5 => DN 15, рік випуску: 2004, показники: 0, балансоутримувач: КП "ВДК" додано до БД користувачем [Коваль Людмила].
[11-Aug-2025 10:03:34 Europe/Helsinki] NewDATA [INFO] Новий лічильник номер: 054987, тип: КВ-1,5 => DN 15, рік випуску: 2004, показники: 0, балансоутримувач: АТ "ОТКЕ" додано до БД користувачем [Коваль Людмила].
[11-Aug-2025 10:03:36 Europe/Helsinki] EditDATA [INFO] За адресою вул. Доценка, буд. 17, корп. В, кв. 43 користувачем [Коваль Людмила] було додано лічильники: 009464, 054987].
[11-Aug-2025 10:31:24 Europe/Helsinki] EditDATA [INFO] За адресою просп. Левка Лукяненка 16, кв. 136 користувачем [Коваль Людмила] змінені номери телефонів з +38(098)048-85-95, +38(063)349-64-32 на +38(093)416-85-40, при створенні нової заявки [Повірка] від 11.08.2025.
[11-Aug-2025 10:31:24 Europe/Helsinki] NewDATA [INFO] Нова заявка Повірка, адреса: просп. Левка Лукяненка 16, кв. 136, лічильники: БЕЗ НОМЕРА - 4 шт., вартість: 1320 грн., примітки: 8-12,пер.за 15 хв.(будет соседка) додано до БД користувачем [Коваль Людмила].
[2025-08-11T10:31:32.181] [INFO] DataBase - У заявці Повірка від 11 серпня 2025 р. за адресою просп. Левка Лукяненка, буд. 16, кв. 136 додано виконавця ЗАПЛАНОВАНІ та додано дату виконання 12 серпня 2025 р. користувачем [Коваль Людмила].
[11-Aug-2025 10:36:04 Europe/Helsinki] NewDATA [INFO] Нова адреса вул. Богуна Івана, буд. 38, кв. 32, тел. +38 (063) 179-73-11 додана до БД користувачем [Сусло Тетяна].
[11-Aug-2025 10:37:02 Europe/Helsinki] NewDATA [INFO] Нова заявка Повірка, адреса: вул. Богуна Івана 38, кв. 32, лічильники: БЕЗ НОМЕРА - 1 шт., вартість: 350 грн., примітки: 8-13, за 30 хв, гв,кухня(можливо ще 3 ліч додано до БД користувачем [Сусло Тетяна].
[2025-08-11T10:37:06.008] [INFO] DataBase - У заявці Повірка від 11 серпня 2025 р. за адресою вул. Богуна Івана, буд. 38, кв. 32 додано виконавця ЗАПЛАНОВАНІ та додано дату виконання 12 серпня 2025 р. користувачем [Сусло Тетяна].
[11-Aug-2025 10:47:39 Europe/Helsinki] EditDATA [INFO] За адресою просп. Перемоги 20, кв. 6 користувачем [Сусло Тетяна] змінені номери телефонів з +38(0462)64-00-84, +38(097)696-82-39 на +38(097)696-82-39, при створенні нової заявки [Повірка] від 11.08.2025.
[11-Aug-2025 10:47:39 Europe/Helsinki] NewDATA [INFO] Нова заявка Повірка, адреса: просп. Перемоги 20, кв. 6, лічильники: БЕЗ НОМЕРА - 1 шт., вартість: 350 грн., примітки: 9-13, за 30 хв додано до БД користувачем [Сусло Тетяна].
[2025-08-11T10:47:42.209] [INFO] DataBase - У заявці Повірка від 11 серпня 2025 р. за адресою просп. Перемоги, буд. 20, кв. 6 додано виконавця ЗАПЛАНОВАНІ та додано дату виконання 12 серпня 2025 р. користувачем [Сусло Тетяна].
[11-Aug-2025 10:48:17 Europe/Helsinki] NewDATA [INFO] Новий лічильник номер: 459406, тип: КВ-1,5 => DN 15, рік випуску: 2001, показники: 0, балансоутримувач: КП "ВДК" додано до БД користувачем [Коваль Людмила].
[11-Aug-2025 10:48:21 Europe/Helsinki] NewDATA [INFO] Нова адреса вул. Доценка, буд. 28, кв. 196, тел. +38 (050) 607-58-57 додана до БД користувачем [Сусло Тетяна].
[11-Aug-2025 10:48:42 Europe/Helsinki] NewDATA [INFO] Новий лічильник номер: 463676, тип: КВ-1,5 => DN 15, рік випуску: 2001, показники: 0, балансоутримувач: АТ "ОТКЕ" додано до БД користувачем [Коваль Людмила].
[11-Aug-2025 10:48:45 Europe/Helsinki] EditDATA [INFO] За адресою вул. Генерала Пухова, буд. 142, кв. 119 користувачем [Коваль Людмила] було додано лічильники: 459406, 463676].
[11-Aug-2025 10:48:57 Europe/Helsinki] NewDATA [INFO] Нова заявка Повірка, адреса: вул. Доценка 28, кв. 196, лічильники: БЕЗ НОМЕРА - 2 шт., вартість: 700 грн., примітки: 8-13, дом. кв.197 додано до БД користувачем [Сусло Тетяна].
[2025-08-11T10:49:01.338] [INFO] DataBase - У заявці Повірка від 11 серпня 2025 р. за адресою вул. Доценка, буд. 28, кв. 196 додано виконавця ЗАПЛАНОВАНІ та додано дату виконання 20 серпня 2025 р. користувачем [Сусло Тетяна].
[11-Aug-2025 10:49:48 Europe/Helsinki] NewDATA [INFO] Новий лічильник номер: 2021.0187730, тип: Picoflux => DN 15, рік випуску: 2021, показники: 0, балансоутримувач: АТ "ОТКЕ" додано до БД користувачем [Коваль Людмила].
[11-Aug-2025 10:49:51 Europe/Helsinki] EditDATA [INFO] За адресою вул. Генерала Пухова, буд. 115, корп. А, кв. 34 користувачем [Коваль Людмила] було додано лічильники: 2021.0187730].
[11-Aug-2025 10:50:35 Europe/Helsinki] NewDATA [INFO] Новий лічильник номер: 032879, тип: КВ-1,5 => DN 15, рік випуску: 2017, показники: 0, балансоутримувач: КП "ВДК" додано до БД користувачем [Коваль Людмила].
[11-Aug-2025 10:50:57 Europe/Helsinki] NewDATA [INFO] Новий лічильник номер: 156217, тип: КВ-1,5 => DN 15, рік випуску: 2017, показники: 0, балансоутримувач: АТ "ОТКЕ" додано до БД користувачем [Коваль Людмила].
[11-Aug-2025 10:50:59 Europe/Helsinki] EditDATA [INFO] За адресою просп. Грушевського Михайла, буд. 165, корп. 1, кв. 66 користувачем [Коваль Людмила] було додано лічильники: 032879, 156217].
[11-Aug-2025 10:52:08 Europe/Helsinki] NewDATA [INFO] Новий лічильник номер: 210095359, тип: GSD8 => DN 15, рік випуску: 2021, показники: 0, балансоутримувач: КП "ВДК" додано до БД користувачем [Коваль Людмила].
[11-Aug-2025 10:52:31 Europe/Helsinki] NewDATA [INFO] Новий лічильник номер: 210099871, тип: GSD8 => DN 15, рік випуску: 2021, показники: 0, балансоутримувач: АТ "ОТКЕ" додано до БД користувачем [Коваль Людмила].
[11-Aug-2025 10:52:33 Europe/Helsinki] EditDATA [INFO] За адресою просп. Грушевського Михайла, буд. 161, корп. А, кв. 35 користувачем [Коваль Людмила] було додано лічильники: 210095359, 210099871].
[11-Aug-2025 10:53:11 Europe/Helsinki] NewDATA [INFO] Новий лічильник номер: 033138, тип: КВ-1,5 => DN 15, рік випуску: 2002, показники: 0, балансоутримувач: КП "ВДК" додано до БД користувачем [Коваль Людмила].
[11-Aug-2025 10:53:13 Europe/Helsinki] EditDATA [INFO] За адресою просп. Грушевського Михайла, буд. 157, кв. 136 користувачем [Коваль Людмила] було додано лічильники: 033138].
[11-Aug-2025 11:36:09 Europe/Helsinki] NewDATA [INFO] Нова адреса вул. Коцюбинського, буд. 79, кв. 45, тел. +38 (096) 817-59-54 додана до БД користувачем [Сусло Тетяна].
[11-Aug-2025 11:36:42 Europe/Helsinki] NewDATA [INFO] Нова заявка Повірка, адреса: вул. Коцюбинського 79, кв. 45, лічильники: БЕЗ НОМЕРА - 4 шт., вартість: 1320 грн., примітки: 13-17, за 30 хв додано до БД користувачем [Сусло Тетяна].
[2025-08-11T11:36:45.405] [INFO] DataBase - У заявці Повірка від 11 серпня 2025 р. за адресою вул. Коцюбинського, буд. 79, кв. 45 додано виконавця ЗАПЛАНОВАНІ та додано дату виконання 15 серпня 2025 р. користувачем [Сусло Тетяна].
[11-Aug-2025 11:48:16 Europe/Helsinki] NewDATA [INFO] Нова адреса просп. Миру, буд. 263, кв. 121, тел. +38 (093) 148-93-13 додана до БД користувачем [Сусло Тетяна].
[11-Aug-2025 11:48:36 Europe/Helsinki] NewDATA [INFO] Нова заявка Повірка, адреса: просп. Миру 263, кв. 121, лічильники: БЕЗ НОМЕРА - 2 шт., вартість: 700 грн., примітки: 8-13, за 30 хв додано до БД користувачем [Сусло Тетяна].
[2025-08-11T11:48:39.299] [INFO] DataBase - У заявці Повірка від 11 серпня 2025 р. за адресою просп. Миру, буд. 263, кв. 121 додано виконавця ЗАПЛАНОВАНІ та додано дату виконання 14 серпня 2025 р. користувачем [Сусло Тетяна].
[11-Aug-2025 12:02:24 Europe/Helsinki] NewDATA [INFO] Нова адреса просп. Грушевського Михайла, буд. 189, кв. 49, тел. +38 (093) 778-11-27 додана до БД користувачем [Сусло Тетяна].
[11-Aug-2025 12:02:52 Europe/Helsinki] NewDATA [INFO] Нова заявка Повірка, адреса: просп. Грушевського Михайла 189, кв. 49, лічильники: БЕЗ НОМЕРА - 2 шт., вартість: 660 грн., примітки: 13-17 додано до БД користувачем [Сусло Тетяна].
[2025-08-11T12:02:55.247] [INFO] DataBase - У заявці Повірка від 11 серпня 2025 р. за адресою просп. Грушевського Михайла, буд. 189, кв. 49 додано виконавця ЗАПЛАНОВАНІ та додано дату виконання 12 серпня 2025 р. користувачем [Сусло Тетяна].
[11-Aug-2025 12:41:02 Europe/Helsinki] NewDATA [INFO] Нова заявка Повірка, адреса: вул. Волковича 21 корпус А, кв. 72, лічильники: БЕЗ НОМЕРА - 1 шт., вартість: 350 грн., примітки: 8-13 додано до БД користувачем [Сусло Тетяна].
[2025-08-11T12:41:04.908] [INFO] DataBase - У заявці Повірка від 11 серпня 2025 р. за адресою вул. Волковича, буд. 21, корп. А, кв. 72 додано виконавця ЗАПЛАНОВАНІ та додано дату виконання 13 серпня 2025 р. користувачем [Сусло Тетяна].
[11-Aug-2025 12:48:15 Europe/Helsinki] EditDATA [INFO] За адресою просп. Перемоги 153, кв. 6 користувачем [Коваль Людмила] змінені номери телефонів з +38(096)506-26-35 на +38(096)293-11-41, при створенні нової заявки [Повірка] від 11.08.2025.
[11-Aug-2025 12:48:15 Europe/Helsinki] NewDATA [INFO] Нова заявка Повірка, адреса: просп. Перемоги 153, кв. 6, лічильники: БЕЗ НОМЕРА - 2 шт., вартість: 700 грн. додано до БД користувачем [Коваль Людмила].
[2025-08-11T12:48:21.848] [INFO] DataBase - У заявці Повірка від 11 серпня 2025 р. за адресою просп. Перемоги, буд. 153, кв. 6 додано виконавця Шкуліпа та додано дату виконання 11 серпня 2025 р. користувачем [Коваль Людмила].
[11-Aug-2025 12:54:57 Europe/Helsinki] NewDATA [INFO] Нова адреса вул. Корольова, буд. 14, кв. 5, тел. +38 (093) 357-50-64 додана до БД користувачем [Коваль Людмила].
[11-Aug-2025 12:55:28 Europe/Helsinki] NewDATA [INFO] Нова заявка Повірка, адреса: вул. Корольова 14, кв. 5, лічильники: БЕЗ НОМЕРА - 4 шт., вартість: 1320 грн., примітки: 8-13 додано до БД користувачем [Коваль Людмила].
[2025-08-11T12:55:33.339] [INFO] DataBase - У заявці Повірка від 11 серпня 2025 р. за адресою вул. Корольова, буд. 14, кв. 5 додано виконавця ЗАПЛАНОВАНІ та додано дату виконання 22 серпня 2025 р. користувачем [Коваль Людмила].
[11-Aug-2025 12:56:23 Europe/Helsinki] NewDATA [INFO] Нова адреса вул. Дніпровська, буд. 31, кв. 3, тел. +38 (097) 248-78-98 додана до БД користувачем [Коваль Людмила].
[11-Aug-2025 12:56:51 Europe/Helsinki] NewDATA [INFO] Нова заявка Повірка, адреса: вул. Дніпровська 31, кв. 3, лічильники: БЕЗ НОМЕРА - 2 шт., вартість: 660 грн., примітки: 8-13 додано до БД користувачем [Коваль Людмила].
[2025-08-11T12:56:55.776] [INFO] DataBase - У заявці Повірка від 11 серпня 2025 р. за адресою вул. Дніпровська, буд. 31, кв. 3 додано виконавця ЗАПЛАНОВАНІ та додано дату виконання 15 серпня 2025 р. користувачем [Коваль Людмила].
[11-Aug-2025 12:57:37 Europe/Helsinki] NewDATA [INFO] Нова адреса вул. Мацієвського Олександра, буд. 19, кв. 9, тел. +38 (063) 295-23-94 додана до БД користувачем [Коваль Людмила].
[11-Aug-2025 12:58:01 Europe/Helsinki] NewDATA [INFO] Нова заявка Повірка, адреса: вул. Мацієвського Олександра 19, кв. 9, лічильники: БЕЗ НОМЕРА - 1 шт., вартість: 350 грн., примітки: 8-10 додано до БД користувачем [Коваль Людмила].
[2025-08-11T12:58:05.627] [INFO] DataBase - У заявці Повірка від 11 серпня 2025 р. за адресою вул. Мацієвського Олександра, буд. 19, кв. 9 додано виконавця ЗАПЛАНОВАНІ та додано дату виконання 14 серпня 2025 р. користувачем [Коваль Людмила].
[11-Aug-2025 13:11:51 Europe/Helsinki] EditDATA [INFO] Для заявки Повірка від 11.08.2025 користувачем [Коваль Людмила] змінено виконавця з ЗАПЛАНОВАНІ на Сірий.
[11-Aug-2025 13:32:48 Europe/Helsinki] EditDATA [INFO] Для заявки Повірка від 11.08.2025 користувачем [Коваль Людмила] змінено виконавця з ЗАПЛАНОВАНІ на Сірий.
[11-Aug-2025 13:41:56 Europe/Helsinki] EditDATA [INFO] Для заявки Повірка від 11.07.2025 користувачем [Коваль Людмила] змінено виконавця з ЗАПЛАНОВАНІ на Шкуліпа.
[11-Aug-2025 13:43:37 Europe/Helsinki] EditDATA [INFO] Для заявки Повірка від 11.08.2025 користувачем [Коваль Людмила] змінено виконавця з ЗАПЛАНОВАНІ на Шкуліпа.
[11-Aug-2025 13:43:50 Europe/Helsinki] EditDATA [INFO] Для заявки Повірка від 11.08.2025 користувачем [Коваль Людмила] змінено виконавця з ЗАПЛАНОВАНІ на Шкуліпа.
[11-Aug-2025 13:44:15 Europe/Helsinki] EditDATA [INFO] Для заявки Повірка від 25.07.2025 користувачем [Коваль Людмила] змінено виконавця з ЗАПЛАНОВАНІ на Шкуліпа.
[11-Aug-2025 13:45:36 Europe/Helsinki] EditDATA [INFO] Для заявки Повірка від 05.08.2025 користувачем [Коваль Людмила] змінено виконавця з ЗАПЛАНОВАНІ на Сірий.
[11-Aug-2025 13:45:46 Europe/Helsinki] EditDATA [INFO] Для заявки Повірка від 11.08.2025 користувачем [Коваль Людмила] змінено виконавця з ЗАПЛАНОВАНІ на Сірий.
[11-Aug-2025 13:45:57 Europe/Helsinki] EditDATA [INFO] Для заявки Повірка від 29.07.2025 користувачем [Коваль Людмила] змінено виконавця з ЗАПЛАНОВАНІ на Сірий.
[11-Aug-2025 13:46:24 Europe/Helsinki] EditDATA [INFO] Для заявки Повірка від 11.08.2025 користувачем [Коваль Людмила] змінено виконавця з ЗАПЛАНОВАНІ на Шкуліпа.
[11-Aug-2025 13:46:35 Europe/Helsinki] EditDATA [INFO] Для заявки Повірка від 08.08.2025 користувачем [Коваль Людмила] змінено виконавця з ЗАПЛАНОВАНІ на Шкуліпа.
[11-Aug-2025 13:46:44 Europe/Helsinki] EditDATA [INFO] Для заявки Повірка від 11.08.2025 користувачем [Коваль Людмила] змінено виконавця з ЗАПЛАНОВАНІ на Шкуліпа.
[11-Aug-2025 13:47:03 Europe/Helsinki] EditDATA [INFO] Для заявки Повірка від 21.07.2025 користувачем [Коваль Людмила] змінено виконавця з ЗАПЛАНОВАНІ на Шкуліпа.
[11-Aug-2025 14:24:32 Europe/Helsinki] EditDATA [INFO] За адресою вул. Шевченка 46, кв. 4 користувачем [Коваль Людмила] змінені номери телефонів з +38(050)540-91-09, +38(097)260-02-37, +38(096)206-54-20 на +38(050)540-91-09, при створенні нової заявки [Повірка] від 11.08.2025.
[11-Aug-2025 14:24:32 Europe/Helsinki] NewDATA [INFO] Нова заявка Повірка, адреса: вул. Шевченка 46, кв. 4, лічильники: БЕЗ НОМЕРА - 2 шт., вартість: 700 грн., примітки: 2хол.8-13 додано до БД користувачем [Коваль Людмила].
[2025-08-11T14:24:36.984] [INFO] DataBase - У заявці Повірка від 11 серпня 2025 р. за адресою вул. Шевченка, буд. 46, кв. 4 додано виконавця ЗАПЛАНОВАНІ та додано дату виконання 19 серпня 2025 р. користувачем [Коваль Людмила].
[11-Aug-2025 14:25:57 Europe/Helsinki] NewDATA [INFO] Нова адреса вул. Самоквасова Дмитра, буд. 1, кв. 19, тел. +38 (093) 809-60-07 додана до БД користувачем [Коваль Людмила].
[11-Aug-2025 14:26:26 Europe/Helsinki] NewDATA [INFO] Нова заявка Повірка, адреса: вул. Самоквасова Дмитра 1, кв. 19, лічильники: БЕЗ НОМЕРА - 2 шт., вартість: 660 грн., примітки: 9-13 додано до БД користувачем [Коваль Людмила].
[2025-08-11T14:26:31.032] [INFO] DataBase - У заявці Повірка від 11 серпня 2025 р. за адресою вул. Самоквасова Дмитра, буд. 1, кв. 19 додано виконавця ЗАПЛАНОВАНІ та додано дату виконання 15 серпня 2025 р. користувачем [Коваль Людмила].
[11-Aug-2025 14:27:26 Europe/Helsinki] NewDATA [INFO] Нова адреса вул. Богуна Івана, буд. 38, кв. 69, тел. +38 (097) 243-41-51 додана до БД користувачем [Коваль Людмила].
[11-Aug-2025 14:28:07 Europe/Helsinki] NewDATA [INFO] Нова заявка Повірка, адреса: вул. Богуна Івана 38, кв. 69, лічильники: БЕЗ НОМЕРА - 4 шт., вартість: 1320 грн., примітки: 9-13,пер.за 30 хв. додано до БД користувачем [Коваль Людмила].
[2025-08-11T14:28:11.466] [INFO] DataBase - У заявці Повірка від 11 серпня 2025 р. за адресою вул. Богуна Івана, буд. 38, кв. 69 додано виконавця Сірий та додано дату виконання 12 серпня 2025 р. користувачем [Коваль Людмила].
[11-Aug-2025 14:30:10 Europe/Helsinki] NewDATA [INFO] Нова заявка Заміна, адреса: просп. Миру 255 корпус А, кв. 61, лічильники: 584508, вартість: 1100 грн., примітки: хол.№584508,пер.за 30 хв. додано до БД користувачем [Коваль Людмила].
[2025-08-11T14:30:13.346] [INFO] DataBase - У заявці Заміна від 11 серпня 2025 р. за адресою просп. Миру, буд. 255, корп. А, кв. 61 додано виконавця Баранов та додано дату виконання 13 серпня 2025 р. користувачем [Коваль Людмила].
[11-Aug-2025 14:35:01 Europe/Helsinki] EditDATA [INFO] Для заявки Повірка від 08.08.2025 користувачем [Коваль Людмила] змінено примітки з 13-17,пер.за час на 8-12,пер.за час.
[11-Aug-2025 14:59:50 Europe/Helsinki] NewDATA [INFO] Нова адреса вул. Незалежності, буд. 52, кв. 50, тел. +38 (095) 513-71-73 додана до БД користувачем [Коваль Людмила].
[11-Aug-2025 15:00:23 Europe/Helsinki] NewDATA [INFO] Нова заявка Повірка, адреса: вул. Незалежності 52, кв. 50, лічильники: БЕЗ НОМЕРА - 2 шт., вартість: 700 грн., примітки: 13-17 додано до БД користувачем [Коваль Людмила].
[2025-08-11T15:00:32.685] [INFO] DataBase - У заявці Повірка від 11 серпня 2025 р. за адресою вул. Незалежності, буд. 52, кв. 50 додано виконавця ЗАПЛАНОВАНІ та додано дату виконання 25 серпня 2025 р. користувачем [Коваль Людмила].
[11-Aug-2025 15:01:47 Europe/Helsinki] EditDATA [INFO] Для заявки Повірка від 11.08.2025 користувачем [Коваль Людмила] змінено примітки з 13-17 на 13-17,0951371739.
[11-Aug-2025 15:02:54 Europe/Helsinki] NewDATA [INFO] Нова адреса просп. Левка Лукяненка, буд. 4, корп. А, кв. 70, тел. +38 (066) 375-19-19 додана до БД користувачем [Коваль Людмила].
[11-Aug-2025 15:03:29 Europe/Helsinki] NewDATA [INFO] Нова заявка Повірка, адреса: просп. Левка Лукяненка 4 корпус А, кв. 70, лічильники: БЕЗ НОМЕРА - 2 шт., вартість: 660 грн., примітки: 8-13,код 356 додано до БД користувачем [Коваль Людмила].
[2025-08-11T15:03:33.600] [INFO] DataBase - У заявці Повірка від 11 серпня 2025 р. за адресою просп. Левка Лукяненка, буд. 4, корп. А, кв. 70 додано виконавця ЗАПЛАНОВАНІ та додано дату виконання 18 серпня 2025 р. користувачем [Коваль Людмила].
[11-Aug-2025 15:04:30 Europe/Helsinki] EditDATA [INFO] За адресою вул. Мазепи Івана 27, кв. 54 користувачем [Коваль Людмила] змінені номери телефонів з +38(095)100-80-06 на +38(097)185-24-31, при створенні нової заявки [Повірка] від 11.08.2025.
[11-Aug-2025 15:04:30 Europe/Helsinki] NewDATA [INFO] Нова заявка Повірка, адреса: вул. Мазепи Івана 27, кв. 54, лічильники: БЕЗ НОМЕРА - 1 шт., вартість: 350 грн., примітки: гор.ут.хол.8-12,пер.за 30 хв. додано до БД користувачем [Коваль Людмила].
[2025-08-11T15:04:41.463] [INFO] DataBase - У заявці Повірка від 11 серпня 2025 р. за адресою вул. Мазепи Івана, буд. 27, кв. 54 додано виконавця Сірий та додано дату виконання 12 серпня 2025 р. користувачем [Коваль Людмила].
[11-Aug-2025 16:41:36 Europe/Helsinki] NewDATA [INFO] Нова адреса просп. Левка Лукяненка, буд. 56, кв. 16, тел. +38 (093) 428-71-56 додана до БД користувачем [Коваль Людмила].
[11-Aug-2025 16:42:03 Europe/Helsinki] NewDATA [INFO] Нова заявка Повірка, адреса: просп. Левка Лукяненка 56, кв. 16, лічильники: БЕЗ НОМЕРА - 2 шт., вартість: 700 грн., примітки: 8-13 додано до БД користувачем [Коваль Людмила].
[2025-08-11T16:42:19.256] [INFO] DataBase - У заявці Повірка від 11 серпня 2025 р. за адресою просп. Левка Лукяненка, буд. 56, кв. 16 додано виконавця ЗАПЛАНОВАНІ та додано дату виконання 13 серпня 2025 р. користувачем [Коваль Людмила].
[11-Aug-2025 16:43:52 Europe/Helsinki] NewDATA [INFO] Нова заявка Заміна, адреса: просп. Левка Лукяненка 10, кв. 38, лічильники: БЕЗ НОМЕРА - 1 шт., вартість: 1100 грн., примітки: 8-13,гор.с/в додано до БД користувачем [Коваль Людмила].
[2025-08-11T16:43:56.202] [INFO] DataBase - У заявці Заміна від 11 серпня 2025 р. за адресою просп. Левка Лукяненка, буд. 10, кв. 38 додано виконавця Баранов та додано дату виконання 14 серпня 2025 р. користувачем [Коваль Людмила].
