[17-Dec-2024 08:23:51 Europe/Helsinki] NewDATA [INFO] Новий лічильник номер: 241482035, тип: СВК => DN 15, рік випуску: 2024, показники: 0, балансоутримувач: АТ "ОТКЕ" додано до БД користувачем [Сміян Альона].
[17-Dec-2024 08:23:54 Europe/Helsinki] EditDATA [INFO] Для заявки Заміна від 12.12.2024 користувачем [Сміян Альона] лічильник БЕЗ НОМЕРА ідентифіковано як 241482035.
[17-Dec-2024 08:24:20 Europe/Helsinki] NewDATA [INFO] Новий лічильник номер: 241472338, тип: СВК => DN 15, рік випуску: 2024, показники: 0, балансоутримувач: КП "ВДК" додано до БД користувачем [Сміян Альона].
[17-Dec-2024 08:24:22 Europe/Helsinki] EditDATA [INFO] Для заявки Заміна від 12.12.2024 користувачем [Сміян Альона] лічильник БЕЗ НОМЕРА ідентифіковано як 241472338.
[17-Dec-2024 08:24:32 Europe/Helsinki] DellTASK [INFO] Заміна від 12.12.2024 для адреси просп. Миру, буд. 271, корп. А, кв. 72 для лічильників 241472338, 241482035 було завершено користувачем [Сміян Альона] з коментарем: виконано.
[17-Dec-2024 08:24:46 Europe/Helsinki] DellTASK [INFO] Заміна від 12.12.2024 для адреси вул. Пятницька, буд. 61, кв. 114 для лічильника БЕЗ НОМЕРА - 1 шт. було завершено користувачем [Сміян Альона] з коментарем: виконано.
[17-Dec-2024 08:25:05 Europe/Helsinki] DellTASK [INFO] Заміна від 11.12.2024 для адреси вул. Самоквасова Дмитра, буд. 16, кв. 16 для лічильника БЕЗ НОМЕРА - 1 шт. було завершено користувачем [Сміян Альона] з коментарем: виконано.
[17-Dec-2024 08:25:40 Europe/Helsinki] NewDATA [INFO] Новий лічильник номер: 241472337, тип: СВК => DN 15, рік випуску: 2024, показники: 0, балансоутримувач: АТ "ОТКЕ" додано до БД користувачем [Сміян Альона].
[17-Dec-2024 08:25:43 Europe/Helsinki] EditDATA [INFO] Для заявки Заміна від 11.12.2024 користувачем [Сміян Альона] лічильник БЕЗ НОМЕРА ідентифіковано як 241472337.
[17-Dec-2024 08:25:53 Europe/Helsinki] DellTASK [INFO] Заміна від 11.12.2024 для адреси просп. Миру, буд. 209, кв. 89 для лічильника 241472337 було завершено користувачем [Сміян Альона] з коментарем: виконано.
[17-Dec-2024 08:28:11 Europe/Helsinki] NewDATA [INFO] Новий лічильник номер: 241482309, тип: СВК => DN 15, рік випуску: 2024, показники: 0, балансоутримувач: КП "ВДК" додано до БД користувачем [Сміян Альона].
[17-Dec-2024 08:28:15 Europe/Helsinki] EditDATA [INFO] Для заявки Заміна від 16.12.2024 користувачем [Сміян Альона] лічильник БЕЗ НОМЕРА ідентифіковано як 241482309.
[17-Dec-2024 08:28:24 Europe/Helsinki] DellTASK [INFO] Заміна від 16.12.2024 для адреси вул. Рашевського Івана, буд. 2, кв. 12/1 для лічильника 241482309 було завершено користувачем [Сміян Альона] з коментарем: виконано.
[17-Dec-2024 08:29:18 Europe/Helsinki] NewDATA [INFO] Новий лічильник номер: 241473085, тип: СВК => DN 15, рік випуску: 2024, показники: 0, балансоутримувач: АТ "ОТКЕ" додано до БД користувачем [Сміян Альона].
[17-Dec-2024 08:29:21 Europe/Helsinki] EditDATA [INFO] Для заявки Заміна від 12.12.2024 користувачем [Сміян Альона] лічильник БЕЗ НОМЕРА ідентифіковано як 241473085.
[17-Dec-2024 08:29:30 Europe/Helsinki] DellTASK [INFO] Заміна від 12.12.2024 для адреси вул. Незалежності, буд. 82, кв. 22 для лічильника 241473085 було завершено користувачем [Сміян Альона] з коментарем: виконано.
[17-Dec-2024 08:29:49 Europe/Helsinki] DellTASK [INFO] Заміна від 11.12.2024 для адреси вул. Космонавтів, буд. 1, кв. 12 для лічильника БЕЗ НОМЕРА - 1 шт. було завершено користувачем [Сміян Альона] з коментарем: виконано.
[17-Dec-2024 08:30:18 Europe/Helsinki] NewDATA [INFO] Нова адреса вул. Текстильників, буд. 24, корп. А, кв. 5, тел. +38 (073) 310-86-82 додана до БД користувачем [Сусло Тетяна].
[17-Dec-2024 08:30:23 Europe/Helsinki] NewDATA [INFO] Новий лічильник номер: 241482033, тип: СВК => DN 15, рік випуску: 2024, показники: 0, балансоутримувач: КП "ВДК" додано до БД користувачем [Сміян Альона].
[17-Dec-2024 08:30:26 Europe/Helsinki] EditDATA [INFO] Для заявки Заміна від 09.12.2024 користувачем [Сміян Альона] лічильник БЕЗ НОМЕРА ідентифіковано як 241482033.
[17-Dec-2024 08:30:35 Europe/Helsinki] DellTASK [INFO] Заміна від 09.12.2024 для адреси вул. Красносільського, буд. 75, кв. 59 для лічильника 241482033 було завершено користувачем [Сміян Альона] з коментарем: виконано.
[17-Dec-2024 08:30:51 Europe/Helsinki] NewDATA [INFO] Нова заявка Повірка, адреса: вул. Текстильників 24 корпус А, кв. 5, лічильники: БЕЗ НОМЕРА - 2 шт., вартість: 600 грн., примітки: 13-17, за 1 год додано до БД користувачем [Сусло Тетяна].
[2024-12-17T08:30:54.205] [INFO] DataBase - У заявці Повірка від 17 грудня 2024 р. за адресою вул. Текстильників, буд. 24, корп. А, кв. 5 додано виконавця ЗАПЛАНОВАНІ та додано дату виконання 19 грудня 2024 р. користувачем [Сусло Тетяна].
[17-Dec-2024 08:37:09 Europe/Helsinki] DellTASK [INFO] Повірка від 13.12.2024 для адреси вул. Генерала Пухова, буд. 130, кв. 79 для лічильника БЕЗ НОМЕРА - 2 шт. було завершено користувачем [Сусло Тетяна] з коментарем: виконано.
[17-Dec-2024 08:37:28 Europe/Helsinki] DellTASK [INFO] Повірка від 12.12.2024 для адреси просп. Левка Лукяненка, буд. 50, кв. 55 для лічильника БЕЗ НОМЕРА - 2 шт. було завершено користувачем [Сусло Тетяна] з коментарем: виконано.
[17-Dec-2024 08:37:53 Europe/Helsinki] DellTASK [INFO] Повірка від 12.12.2024 для адреси вул. Генерала Пухова, буд. 109, корп. 3, кв. 2 для лічильника БЕЗ НОМЕРА - 2 шт. було завершено користувачем [Сусло Тетяна] з коментарем: виконано.
[17-Dec-2024 08:38:08 Europe/Helsinki] DellTASK [INFO] Повірка від 22.11.2024 для адреси вул. Доценка, буд. 17, кв. 29 для лічильника БЕЗ НОМЕРА - 2 шт. було завершено користувачем [Сусло Тетяна] з коментарем: виконано.
[17-Dec-2024 08:38:29 Europe/Helsinki] DellTASK [INFO] Повірка від 12.12.2024 для адреси просп. Левка Лукяненка, буд. 37, корп. А, кв. 94 для лічильника БЕЗ НОМЕРА - 1 шт. було відмінено користувачем [Сусло Тетяна] з коментарем: не було вдома.
[17-Dec-2024 08:39:07 Europe/Helsinki] DellTASK [INFO] Повірка від 13.12.2024 для адреси вул. Мстиславська, буд. 83, кв. 60 для лічильника БЕЗ НОМЕРА - 2 шт. було відмінено користувачем [Сусло Тетяна] з коментарем: відмовились.
[17-Dec-2024 08:39:53 Europe/Helsinki] DellTASK [INFO] Повірка від 13.12.2024 для адреси вул. Гонча, буд. 59, кв. 59 для лічильника БЕЗ НОМЕРА - 1 шт. було відмінено користувачем [Сусло Тетяна] з коментарем: нема можливості.
[17-Dec-2024 08:40:13 Europe/Helsinki] DellTASK [INFO] Повірка від 13.12.2024 для адреси вул. Мстиславська, буд. 38, корп. А, кв. 53 для лічильника БЕЗ НОМЕРА - 2 шт. було завершено користувачем [Сусло Тетяна] з коментарем: виконано.
[17-Dec-2024 08:40:27 Europe/Helsinki] DellTASK [INFO] Повірка від 13.12.2024 для адреси вул. Мстиславська, буд. 38, кв. 104 для лічильника БЕЗ НОМЕРА - 3 шт. було завершено користувачем [Сусло Тетяна] з коментарем: виконано.
[17-Dec-2024 08:40:41 Europe/Helsinki] DellTASK [INFO] Повірка від 13.12.2024 для адреси вул. Мстиславська, буд. 50, кв. 24 для лічильника БЕЗ НОМЕРА - 2 шт. було завершено користувачем [Сусло Тетяна] з коментарем: виконано.
[17-Dec-2024 08:47:03 Europe/Helsinki] NewDATA [INFO] Нова заявка Заміна, адреса: вул. Котляревського 34, кв. 112, лічильники: 379982, БЕЗ НОМЕРА - 1 шт., виконавець: Баранов, вартість: 2120 грн., примітки: 8-13, 1 хв, 1гв додано до БД користувачем [Сусло Тетяна].
[2024-12-17T08:47:07.755] [INFO] DataBase - У заявці Заміна від 17 грудня 2024 р. за адресою вул. Котляревського, буд. 34, кв. 112 додано дату виконання 23 грудня 2024 р. користувачем [Сусло Тетяна].
[17-Dec-2024 08:47:47 Europe/Helsinki] NewDATA [INFO] Новий лічильник номер: 501437, тип: КВ-1,5 => DN 15, рік випуску: 2004, показники: 0, балансоутримувач: КП "ВДК" додано до БД користувачем [Сусло Тетяна].
[17-Dec-2024 08:48:12 Europe/Helsinki] NewDATA [INFO] Новий лічильник номер: 504949, тип: КВ-1,5 => DN 15, рік випуску: 2004, показники: 0, балансоутримувач: КП "ТКЕ" додано до БД користувачем [Сусло Тетяна].
[17-Dec-2024 08:48:13 Europe/Helsinki] EditDATA [INFO] За адресою вул. Мстиславська, буд. 50, кв. 24 користувачем [Сусло Тетяна] було додано лічильники: 501437, 504949].
[17-Dec-2024 08:48:16 Europe/Helsinki] NewDATA [INFO] Нова заявка Повірка, адреса: просп. Левка Лукяненка 58 корпус А, кв. 25, лічильники: БЕЗ НОМЕРА - 4 шт., вартість: 1200 грн., примітки: на 9.00 додано до БД користувачем [Коваль Людмила].
[2024-12-17T08:48:24.120] [INFO] DataBase - У заявці Повірка від 17 грудня 2024 р. за адресою просп. Левка Лукяненка, буд. 58, корп. А, кв. 25 додано виконавця ЗАПЛАНОВАНІ та додано дату виконання 18 грудня 2024 р. користувачем [Коваль Людмила].
[17-Dec-2024 08:48:54 Europe/Helsinki] DellTASK [INFO] Повірка від 13.12.2024 для адреси вул. Нафтовиків, буд. 16, кв. 6 для лічильника БЕЗ НОМЕРА - 2 шт. було завершено користувачем [Коваль Людмила] з коментарем: виконано.
[17-Dec-2024 08:49:00 Europe/Helsinki] NewDATA [INFO] Новий лічильник номер: 201941, тип: КВ-1,5 => DN 15, рік випуску: 2013, показники: 0, балансоутримувач: КП "ВДК" додано до БД користувачем [Сусло Тетяна].
[17-Dec-2024 08:49:08 Europe/Helsinki] DellTASK [INFO] Повірка від 13.12.2024 для адреси вул. Нафтовиків, буд. 19, кв. 34 для лічильника БЕЗ НОМЕРА - 2 шт. було завершено користувачем [Коваль Людмила] з коментарем: виконано.
[17-Dec-2024 08:49:18 Europe/Helsinki] NewDATA [INFO] Новий лічильник номер: 156218, тип: КВ-1,5 => DN 15, рік випуску: 2013, показники: 0, балансоутримувач: КП "ВДК" додано до БД користувачем [Сусло Тетяна].
[17-Dec-2024 08:49:21 Europe/Helsinki] DellTASK [INFO] Повірка від 12.12.2024 для адреси вул. Незалежності, буд. 82, кв. 22 для лічильника БЕЗ НОМЕРА - 1 шт. було завершено користувачем [Коваль Людмила] з коментарем: виконано.
[17-Dec-2024 08:49:37 Europe/Helsinki] NewDATA [INFO] Новий лічильник номер: 224041, тип: КВ-1,5 => DN 15, рік випуску: 2013, показники: 0, балансоутримувач: КП "ТКЕ" додано до БД користувачем [Сусло Тетяна].
[17-Dec-2024 08:49:39 Europe/Helsinki] EditDATA [INFO] За адресою вул. Мстиславська, буд. 38, кв. 104 користувачем [Сусло Тетяна] було додано лічильники: 201941, 156218, 224041].
[17-Dec-2024 08:49:42 Europe/Helsinki] DellTASK [INFO] Повірка від 12.12.2024 для адреси вул. 1-ї Гвардійської Армії, буд. 6, кв. 23 для лічильника БЕЗ НОМЕРА - 2 шт. було завершено користувачем [Коваль Людмила] з коментарем: виконано.
[17-Dec-2024 08:49:59 Europe/Helsinki] DellTASK [INFO] Повірка від 12.12.2024 для адреси вул. Льотна, буд. 21, кв. 8 для лічильника БЕЗ НОМЕРА - 1 шт. було завершено користувачем [Коваль Людмила] з коментарем: виконано.
[17-Dec-2024 08:50:14 Europe/Helsinki] DellTASK [INFO] Повірка від 13.12.2024 для адреси просп. Миру, буд. 193, кв. 48 для лічильника БЕЗ НОМЕРА - 2 шт. було завершено користувачем [Коваль Людмила] з коментарем: виконано.
[17-Dec-2024 08:50:21 Europe/Helsinki] NewDATA [INFO] Новий лічильник номер: 027718, тип: КВ-1,5 => DN 15, рік випуску: 2008, показники: 0, балансоутримувач: КП "ВДК" додано до БД користувачем [Сусло Тетяна].
[17-Dec-2024 08:51:35 Europe/Helsinki] DellTASK [INFO] Повірка від 12.12.2024 для адреси вул. Козацька, буд. 36, корп. Б, кв. 83 для лічильника БЕЗ НОМЕРА - 1 шт. було завершено користувачем [Коваль Людмила] з коментарем: виконано.
[17-Dec-2024 08:51:41 Europe/Helsinki] NewDATA [INFO] Новий лічильник номер: 017498, тип: КВ-1,5 => DN 15, рік випуску: 2008, показники: 0, балансоутримувач: КП "ТКЕ" додано до БД користувачем [Сусло Тетяна].
[17-Dec-2024 08:51:43 Europe/Helsinki] EditDATA [INFO] За адресою вул. Мстиславська, буд. 38, корп. А, кв. 53 користувачем [Сусло Тетяна] було додано лічильники: 027718, 017498].
[17-Dec-2024 08:51:48 Europe/Helsinki] DellTASK [INFO] Повірка від 11.12.2024 для адреси вул. Партизанська, буд. 51, кв. 44 для лічильника БЕЗ НОМЕРА - 2 шт. було завершено користувачем [Коваль Людмила] з коментарем: виконано.
[17-Dec-2024 08:56:03 Europe/Helsinki] NewDATA [INFO] Новий лічильник номер: 051333, тип: КВ-1,5 => DN 15, рік випуску: 2020, показники: 0, балансоутримувач: КП "ВДК" додано до БД користувачем [Коваль Людмила].
[17-Dec-2024 08:56:05 Europe/Helsinki] EditDATA [INFO] За адресою вул. Незалежності, буд. 82, кв. 22 користувачем [Коваль Людмила] було додано лічильники: 051333].
[17-Dec-2024 08:56:13 Europe/Helsinki] EditDATA [INFO] За адресою просп. Левка Лукяненка 14 корпус А, кв. 55 користувачем [Сусло Тетяна] змінені номери телефонів з +38(093)814-79-18, +38(0462)95-87-02 на +38(093)814-79-18, при створенні нової заявки [Повірка] від 17.12.2024.
[17-Dec-2024 08:56:13 Europe/Helsinki] NewDATA [INFO] Нова заявка Повірка, адреса: просп. Левка Лукяненка 14 корпус А, кв. 55, лічильники: БЕЗ НОМЕРА - 1 шт., вартість: 300 грн., примітки: 8-13, за 30 хв додано до БД користувачем [Сусло Тетяна].
[2024-12-17T08:56:17.208] [INFO] DataBase - У заявці Повірка від 17 грудня 2024 р. за адресою просп. Левка Лукяненка, буд. 14, корп. А, кв. 55 додано виконавця ЗАПЛАНОВАНІ та додано дату виконання 18 грудня 2024 р. користувачем [Сусло Тетяна].
[17-Dec-2024 08:57:33 Europe/Helsinki] NewDATA [INFO] Новий лічильник номер: 292512, тип: КВ-1,5 => DN 15, рік випуску: 2003, показники: 0, балансоутримувач: КП "ВДК" додано до БД користувачем [Коваль Людмила].
[17-Dec-2024 08:57:57 Europe/Helsinki] NewDATA [INFO] Новий лічильник номер: 156495, тип: КВ-1,5 => DN 15, рік випуску: 2003, показники: 0, балансоутримувач: АТ "ОТКЕ" додано до БД користувачем [Коваль Людмила].
[17-Dec-2024 08:57:59 Europe/Helsinki] EditDATA [INFO] За адресою вул. Нафтовиків, буд. 19, кв. 34 користувачем [Коваль Людмила] було додано лічильники: 292512, 156495].
[17-Dec-2024 08:58:07 Europe/Helsinki] EditDATA [INFO] Для заявки Повірка від 17.12.2024 користувачем [Сусло Тетяна] змінено примітки з 8-13, за 30 хв на 8-13, за 30 хв, 2 ліч..
[17-Dec-2024 08:58:45 Europe/Helsinki] NewDATA [INFO] Новий лічильник номер: 4235179, тип: ЛК => DN 15, рік випуску: 2014, показники: 0, балансоутримувач: КП "ВДК" додано до БД користувачем [Коваль Людмила].
[17-Dec-2024 08:59:12 Europe/Helsinki] NewDATA [INFO] Новий лічильник номер: 62461525, тип: ЛК => DN 15, рік випуску: 2012, показники: 0, балансоутримувач: АТ "ОТКЕ" додано до БД користувачем [Коваль Людмила].
[17-Dec-2024 08:59:14 Europe/Helsinki] EditDATA [INFO] За адресою вул. Нафтовиків, буд. 16, кв. 6 користувачем [Коваль Людмила] було додано лічильники: 4235179, 62461525].
[17-Dec-2024 09:03:28 Europe/Helsinki] NewDATA [INFO] Новий лічильник номер: 2742965, тип: ЛК => DN 15, рік випуску: 2012, показники: 0, балансоутримувач: КП "ВДК" додано до БД користувачем [Сусло Тетяна].
[17-Dec-2024 09:05:31 Europe/Helsinki] NewDATA [INFO] Новий лічильник номер: 2766889, тип: ЛК => DN 15, рік випуску: 2012, показники: 0, балансоутримувач: АТ "ОТКЕ" додано до БД користувачем [Сусло Тетяна].
[17-Dec-2024 09:05:33 Europe/Helsinki] EditDATA [INFO] За адресою вул. Доценка, буд. 17, кв. 29 користувачем [Сусло Тетяна] було додано лічильники: 2742965, 2766889].
[17-Dec-2024 09:06:22 Europe/Helsinki] NewDATA [INFO] Новий лічильник номер: 102456, тип: КВ-1,5 => DN 15, рік випуску: 2002, показники: 0, балансоутримувач: КП "ВДК" додано до БД користувачем [Сусло Тетяна].
[17-Dec-2024 09:06:52 Europe/Helsinki] NewDATA [INFO] Новий лічильник номер: 402451, тип: КВ-1,5 => DN 15, рік випуску: 2002, показники: 0, балансоутримувач: АТ "ОТКЕ" додано до БД користувачем [Сусло Тетяна].
[17-Dec-2024 09:06:55 Europe/Helsinki] EditDATA [INFO] За адресою вул. Генерала Пухова, буд. 109, корп. 3, кв. 2 користувачем [Сусло Тетяна] було додано лічильники: 102456, 402451].
[17-Dec-2024 09:08:25 Europe/Helsinki] NewDATA [INFO] Новий лічильник номер: 5570099, тип: ЛК => DN 15, рік випуску: 2015, показники: 0, балансоутримувач: КП "ВДК" додано до БД користувачем [Сусло Тетяна].
[17-Dec-2024 09:08:51 Europe/Helsinki] NewDATA [INFO] Новий лічильник номер: 5295638, тип: ЛК => DN 15, рік випуску: 2015, показники: 0, балансоутримувач: АТ "ОТКЕ" додано до БД користувачем [Сусло Тетяна].
[17-Dec-2024 09:08:53 Europe/Helsinki] EditDATA [INFO] За адресою просп. Левка Лукяненка, буд. 50, кв. 55 користувачем [Сусло Тетяна] було додано лічильники: 5570099, 5295638].
[17-Dec-2024 09:09:28 Europe/Helsinki] NewDATA [INFO] Новий лічильник номер: 5558599, тип: ЛК => DN 15, рік випуску: 2015, показники: 0, балансоутримувач: КП "ВДК" додано до БД користувачем [Сусло Тетяна].
[17-Dec-2024 09:09:47 Europe/Helsinki] NewDATA [INFO] Новий лічильник номер: 5581757, тип: ЛК => DN 15, рік випуску: 2015, показники: 0, балансоутримувач: АТ "ОТКЕ" додано до БД користувачем [Сусло Тетяна].
[17-Dec-2024 09:09:49 Europe/Helsinki] EditDATA [INFO] За адресою вул. Генерала Пухова, буд. 130, кв. 79 користувачем [Сусло Тетяна] було додано лічильники: 5558599, 5581757].
[17-Dec-2024 09:38:57 Europe/Helsinki] NewDATA [INFO] Нова адреса вул. Всіхсвятська, буд. 12, корп. А, кв. 6, тел. +38 (095) 112-53-93 додана до БД користувачем [Сусло Тетяна].
[17-Dec-2024 09:39:56 Europe/Helsinki] NewDATA [INFO] Нова заявка Заміна, адреса: вул. Всіхсвятська 12 корпус А, кв. 6, лічильники: БЕЗ НОМЕРА - 1 шт., виконавець: Баранов, вартість: 1060 грн., примітки: 12-16, за 1 год, 1 гв додано до БД користувачем [Сусло Тетяна].
[2024-12-17T09:40:05.287] [INFO] DataBase - У заявці Заміна від 17 грудня 2024 р. за адресою вул. Всіхсвятська, буд. 12, корп. А, кв. 6 додано дату виконання 18 грудня 2024 р. користувачем [Сусло Тетяна].
[17-Dec-2024 09:40:48 Europe/Helsinki] NewDATA [INFO] Нова заявка Повірка, адреса: вул. Всіхсвятська 12 корпус А, кв. 6, лічильники: БЕЗ НОМЕРА - 1 шт., вартість: 300 грн., примітки: 12-16, за 1 год додано до БД користувачем [Сусло Тетяна].
[2024-12-17T09:40:52.319] [INFO] DataBase - У заявці Повірка від 17 грудня 2024 р. за адресою вул. Всіхсвятська, буд. 12, корп. А, кв. 6 додано виконавця ЗАПЛАНОВАНІ та додано дату виконання 18 грудня 2024 р. користувачем [Сусло Тетяна].
[17-Dec-2024 10:01:28 Europe/Helsinki] EditDATA [INFO] За адресою просп. Перемоги 166, кв. 80 користувачем [Сусло Тетяна] змінені номери телефонів з +38(068)107-55-99, +38(068)107-55-77 на +38(068)107-55-99, при створенні нової заявки [Повірка] від 17.12.2024.
[17-Dec-2024 10:01:28 Europe/Helsinki] NewDATA [INFO] Нова заявка Повірка, адреса: просп. Перемоги 166, кв. 80, лічильники: БЕЗ НОМЕРА - 4 шт., вартість: 1200 грн., примітки: 8-13 додано до БД користувачем [Сусло Тетяна].
[2024-12-17T10:01:31.121] [INFO] DataBase - У заявці Повірка від 17 грудня 2024 р. за адресою просп. Перемоги, буд. 166, кв. 80 додано виконавця ЗАПЛАНОВАНІ та додано дату виконання 18 грудня 2024 р. користувачем [Сусло Тетяна].
[17-Dec-2024 10:18:51 Europe/Helsinki] NewDATA [INFO] Нова адреса вул. Любецька, буд. 11, кв. 86, тел. +38 (093) 453-59-56 додана до БД користувачем [Сусло Тетяна].
[17-Dec-2024 10:19:55 Europe/Helsinki] NewDATA [INFO] Нова заявка Повірка, адреса: вул. Любецька 11, кв. 86, лічильники: БЕЗ НОМЕРА - 2 шт., вартість: 600 грн., примітки: 8-13, за 1 год, приїдуть додано до БД користувачем [Сусло Тетяна].
[2024-12-17T10:19:58.755] [INFO] DataBase - У заявці Повірка від 17 грудня 2024 р. за адресою вул. Любецька, буд. 11, кв. 86 додано виконавця ЗАПЛАНОВАНІ та додано дату виконання 20 грудня 2024 р. користувачем [Сусло Тетяна].
[17-Dec-2024 10:26:11 Europe/Helsinki] EditDATA [INFO] За адресою вул. Незалежності 68, кв. 66 користувачем [Сусло Тетяна] змінені номери телефонів з +38(093)453-59-56, +38(093)870-37-51 на +38(093)850-92-72, при створенні нової заявки [Повірка] від 17.12.2024.
[17-Dec-2024 10:26:11 Europe/Helsinki] NewDATA [INFO] Нова заявка Повірка, адреса: вул. Незалежності 68, кв. 66, лічильники: БЕЗ НОМЕРА - 1 шт., вартість: 300 грн., примітки: 10-14, за 30 хв додано до БД користувачем [Сусло Тетяна].
[2024-12-17T10:26:15.864] [INFO] DataBase - У заявці Повірка від 17 грудня 2024 р. за адресою вул. Незалежності, буд. 68, кв. 66 додано виконавця ЗАПЛАНОВАНІ та додано дату виконання 24 грудня 2024 р. користувачем [Сусло Тетяна].
[17-Dec-2024 10:41:32 Europe/Helsinki] EditDATA [INFO] За адресою просп. Перемоги 153, кв. 44 користувачем [Сусло Тетяна] змінені номери телефонів з +38(050)609-29-53 на +38(063)717-71-05, при створенні нової заявки [Повірка] від 17.12.2024.
[17-Dec-2024 10:41:32 Europe/Helsinki] NewDATA [INFO] Нова заявка Повірка, адреса: просп. Перемоги 153, кв. 44, лічильники: БЕЗ НОМЕРА - 4 шт., вартість: 1200 грн., примітки: 8-13, за 30 хв додано до БД користувачем [Сусло Тетяна].
[2024-12-17T10:41:38.244] [INFO] DataBase - У заявці Повірка від 17 грудня 2024 р. за адресою просп. Перемоги, буд. 153, кв. 44 додано виконавця ЗАПЛАНОВАНІ та додано дату виконання 18 грудня 2024 р. користувачем [Сусло Тетяна].
[17-Dec-2024 10:49:10 Europe/Helsinki] EditDATA [INFO] За адресою вул. Незалежності 68, кв. 56 користувачем [Сусло Тетяна] змінені номери телефонів з +38(093)143-58-62 на +38(097)088-27-64, при створенні нової заявки [Повірка] від 17.12.2024.
[17-Dec-2024 10:49:10 Europe/Helsinki] NewDATA [INFO] Нова заявка Повірка, адреса: вул. Незалежності 68, кв. 56, лічильники: БЕЗ НОМЕРА - 2 шт., вартість: 600 грн., примітки: 10-15, дом, не працює, за 30 хв додано до БД користувачем [Сусло Тетяна].
[2024-12-17T10:49:13.055] [INFO] DataBase - У заявці Повірка від 17 грудня 2024 р. за адресою вул. Незалежності, буд. 68, кв. 56 додано виконавця ЗАПЛАНОВАНІ та додано дату виконання 24 грудня 2024 р. користувачем [Сусло Тетяна].
[17-Dec-2024 12:05:30 Europe/Helsinki] NewDATA [INFO] Нова заявка Заміна, адреса: вул. Самострова 9, кв. 57, лічильники: 520626, виконавець: Баранов, вартість: 1060 грн., примітки: 8-13, 1 хв, кухня, № 520626 додано до БД користувачем [Сусло Тетяна].
[2024-12-17T12:05:34.445] [INFO] DataBase - У заявці Заміна від 17 грудня 2024 р. за адресою вул. Самострова, буд. 9, кв. 57 додано дату виконання 18 грудня 2024 р. користувачем [Сусло Тетяна].
[17-Dec-2024 12:13:11 Europe/Helsinki] NewDATA [INFO] Нова адреса просп. Грушевського Михайла, буд. 195, корп. Б, кв. 38, тел. +38 (096) 156-83-03 додана до БД користувачем [Сусло Тетяна].
[17-Dec-2024 12:13:45 Europe/Helsinki] NewDATA [INFO] Нова заявка Повірка, адреса: просп. Грушевського Михайла 195 корпус Б, кв. 38, лічильники: БЕЗ НОМЕРА - 1 шт., вартість: 300 грн., примітки: 13-17, за 30 хв додано до БД користувачем [Сусло Тетяна].
[2024-12-17T12:13:48.572] [INFO] DataBase - У заявці Повірка від 17 грудня 2024 р. за адресою просп. Грушевського Михайла, буд. 195, корп. Б, кв. 38 додано виконавця ЗАПЛАНОВАНІ та додано дату виконання 18 грудня 2024 р. користувачем [Сусло Тетяна].
[2024-12-17T12:35:51.265] [INFO] DataBase - У заявці Повірка від 12 грудня 2024 р. за адресою просп. Левка Лукяненка, буд. 25, кв. 123 видалено дату виконання 17 грудня 2024 р. користувачем [Сусло Тетяна].
[2024-12-17T12:35:59.126] [INFO] DataBase - У заявці Повірка від 12 грудня 2024 р. за адресою просп. Левка Лукяненка, буд. 25, кв. 123 додано дату виконання 18 грудня 2024 р. користувачем [Сусло Тетяна].
[17-Dec-2024 12:36:08 Europe/Helsinki] EditDATA [INFO] Для заявки Повірка від 12.12.2024 користувачем [Сусло Тетяна] змінено виконавця з Шкуліпа на ЗАПЛАНОВАНІ.
[17-Dec-2024 12:43:58 Europe/Helsinki] NewDATA [INFO] Новий лічильник номер: 9200178245, тип: ЛК => DN 15, рік випуску: 2019, показники: 0, балансоутримувач: КП "ВДК" додано до БД користувачем [Коваль Людмила].
[17-Dec-2024 12:44:24 Europe/Helsinki] NewDATA [INFO] Новий лічильник номер: 9200213711, тип: ЛК => DN 15, рік випуску: 2019, показники: 0, балансоутримувач: КП "ТКЕ" додано до БД користувачем [Коваль Людмила].
[17-Dec-2024 12:44:26 Europe/Helsinki] EditDATA [INFO] За адресою вул. 1-ї Гвардійської Армії, буд. 6, кв. 23 користувачем [Коваль Людмила] було додано лічильники: 9200178245, 9200213711].
[17-Dec-2024 12:45:08 Europe/Helsinki] NewDATA [INFO] Нова заявка Заміна, адреса: вул. Рятувальників 35, кв. 58, лічильники: 5432759, виконавець: Баранов, вартість: 1060 грн., примітки: 13-17, за 1 год, 1 гв, № 645567 додано до БД користувачем [Сусло Тетяна].
[2024-12-17T12:45:11.203] [INFO] DataBase - У заявці Заміна від 17 грудня 2024 р. за адресою вул. Рятувальників, буд. 35, кв. 58 додано дату виконання 19 грудня 2024 р. користувачем [Сусло Тетяна].
[17-Dec-2024 12:45:19 Europe/Helsinki] NewDATA [INFO] Новий лічильник номер: 11728355, тип: Sensus => DN 15, рік випуску: 2019, показники: 0, балансоутримувач: КП "ВДК" додано до БД користувачем [Коваль Людмила].
[17-Dec-2024 12:45:22 Europe/Helsinki] EditDATA [INFO] За адресою вул. Льотна, буд. 21, кв. 8 користувачем [Коваль Людмила] було додано лічильники: 11728355].
[17-Dec-2024 12:45:36 Europe/Helsinki] DellTASK [INFO] Повірка від 02.09.2024 для адреси вул. Преображенська, буд. 14, кв. 13 для лічильника БЕЗ НОМЕРА - 1 шт. було відмінено користувачем [Сусло Тетяна] з коментарем: повтор.
[17-Dec-2024 12:46:20 Europe/Helsinki] NewDATA [INFO] Новий лічильник номер: 9200102681, тип: ЛК => DN 15, рік випуску: 2019, показники: 0, балансоутримувач: КП "ВДК" додано до БД користувачем [Коваль Людмила].
[17-Dec-2024 12:46:58 Europe/Helsinki] NewDATA [INFO] Новий лічильник номер: 9200101963, тип: ЛК => DN 15, рік випуску: 2019, показники: 0, балансоутримувач: АТ "ОТКЕ" додано до БД користувачем [Коваль Людмила].
[17-Dec-2024 12:47:00 Europe/Helsinki] EditDATA [INFO] За адресою вул. Партизанська, буд. 51, кв. 44 користувачем [Коваль Людмила] було додано лічильники: 9200102681, 9200101963].
[17-Dec-2024 13:05:14 Europe/Helsinki] NewDATA [INFO] Новий лічильник номер: 070227, тип: КВ-1,5 => DN 15, рік випуску: 2012, показники: 0, балансоутримувач: КП "ВДК" додано до БД користувачем [Коваль Людмила].
[17-Dec-2024 13:05:34 Europe/Helsinki] NewDATA [INFO] Новий лічильник номер: 070222, тип: КВ-1,5 => DN 15, рік випуску: 2012, показники: 0, балансоутримувач: КП "ВДК" додано до БД користувачем [Коваль Людмила].
[17-Dec-2024 13:05:38 Europe/Helsinki] EditDATA [INFO] За адресою просп. Миру, буд. 193, кв. 48 користувачем [Коваль Людмила] було додано лічильники: 070227, 070222].
[17-Dec-2024 13:06:28 Europe/Helsinki] NewDATA [INFO] Новий лічильник номер: 5357814, тип: ЛК => DN 15, рік випуску: 2016, показники: 0, балансоутримувач: КП "ВДК" додано до БД користувачем [Коваль Людмила].
[17-Dec-2024 13:06:30 Europe/Helsinki] EditDATA [INFO] За адресою вул. Козацька, буд. 36, корп. Б, кв. 83 користувачем [Коваль Людмила] було додано лічильники: 5357814].
[17-Dec-2024 13:10:03 Europe/Helsinki] EditDATA [INFO] За адресою просп. Миру 204, кв. 5 користувачем [Коваль Людмила] змінені номери телефонів з +38(0462)63-22-87, +38(068)388-63-23, +38(093)316-37-55 на +38(063)468-85-13, при створенні нової заявки [Повірка] від 17.12.2024.
[17-Dec-2024 13:10:03 Europe/Helsinki] NewDATA [INFO] Нова заявка Повірка, адреса: просп. Миру 204, кв. 5, лічильники: БЕЗ НОМЕРА - 1 шт., вартість: 300 грн., примітки: гор.кух.13-17 додано до БД користувачем [Коваль Людмила].
[2024-12-17T13:10:21.386] [INFO] DataBase - У заявці Повірка від 17 грудня 2024 р. за адресою просп. Миру, буд. 204, кв. 5 додано виконавця ЗАПЛАНОВАНІ та додано дату виконання 18 грудня 2024 р. користувачем [Коваль Людмила].
[17-Dec-2024 13:11:10 Europe/Helsinki] NewDATA [INFO] Нова адреса просп. Левка Лукяненка, буд. 12, корп. В, кв. 36, тел. +38 (067) 962-96-08 додана до БД користувачем [Коваль Людмила].
[17-Dec-2024 13:12:23 Europe/Helsinki] NewDATA [INFO] Нова заявка Повірка, адреса: просп. Левка Лукяненка 12 корпус В, кв. 36, лічильники: БЕЗ НОМЕРА - 2 шт., вартість: 600 грн., примітки: 13-17 додано до БД користувачем [Коваль Людмила].
[2024-12-17T13:12:43.815] [INFO] DataBase - У заявці Повірка від 17 грудня 2024 р. за адресою просп. Левка Лукяненка, буд. 12, корп. В, кв. 36 додано виконавця ЗАПЛАНОВАНІ та додано дату виконання 18 грудня 2024 р. користувачем [Коваль Людмила].
[17-Dec-2024 13:13:40 Europe/Helsinki] NewDATA [INFO] Нова адреса вул. Жабинського, буд. 2, корп. В, кв. 145, тел. +38 (097) 383-43-97 додана до БД користувачем [Коваль Людмила].
[17-Dec-2024 13:14:13 Europe/Helsinki] NewDATA [INFO] Нова заявка Повірка, адреса: вул. Жабинського 2 корпус В, кв. 145, лічильники: БЕЗ НОМЕРА - 1 шт., вартість: 300 грн., примітки: 8-9 додано до БД користувачем [Коваль Людмила].
[2024-12-17T13:16:56.912] [INFO] DataBase - У заявці Повірка від 17 грудня 2024 р. за адресою вул. Жабинського, буд. 2, корп. В, кв. 145 додано виконавця ЗАПЛАНОВАНІ та додано дату виконання 19 грудня 2024 р. користувачем [Коваль Людмила].
[17-Dec-2024 13:19:16 Europe/Helsinki] EditDATA [INFO] Для заявки Повірка від 16.12.2024 користувачем [Коваль Людмила] змінено виконавця з ЗАПЛАНОВАНІ на Сірий.
[17-Dec-2024 13:19:27 Europe/Helsinki] EditDATA [INFO] Для заявки Повірка від 17.12.2024 користувачем [Коваль Людмила] змінено виконавця з ЗАПЛАНОВАНІ на Сірий.
[17-Dec-2024 13:19:45 Europe/Helsinki] EditDATA [INFO] Для заявки Повірка від 17.12.2024 користувачем [Коваль Людмила] змінено виконавця з ЗАПЛАНОВАНІ на Шкуліпа.
[17-Dec-2024 13:45:53 Europe/Helsinki] EditDATA [INFO] Для заявки Повірка від 17.12.2024 користувачем [Коваль Людмила] змінено виконавця з ЗАПЛАНОВАНІ на Ващенко.
[17-Dec-2024 13:49:31 Europe/Helsinki] EditDATA [INFO] За адресою вул. курсанта Єськова 10 корпус 2, кв. 38 користувачем [Коваль Людмила] змінені номери телефонів з +38(096)074-71-96 на +38(067)956-67-28, при створенні нової заявки [Повірка] від 17.12.2024.
[17-Dec-2024 13:49:31 Europe/Helsinki] NewDATA [INFO] Нова заявка Повірка, адреса: вул. курсанта Єськова 10 корпус 2, кв. 38, лічильники: БЕЗ НОМЕРА - 2 шт., вартість: 600 грн., примітки: пер. додано до БД користувачем [Коваль Людмила].
[2024-12-17T13:49:49.835] [INFO] DataBase - У заявці Повірка від 17 грудня 2024 р. за адресою вул. курсанта Єськова, буд. 10, корп. 2, кв. 38 додано виконавця Осипенко та додано дату виконання 17 грудня 2024 р. користувачем [Коваль Людмила].
[17-Dec-2024 13:56:26 Europe/Helsinki] NewDATA [INFO] Нова адреса вул. Доценка, буд. 26, кв. 37, тел. +38 (098) 642-72-61 додана до БД користувачем [Коваль Людмила].
[17-Dec-2024 13:57:03 Europe/Helsinki] NewDATA [INFO] Нова заявка Повірка, адреса: вул. Доценка 26, кв. 37, лічильники: БЕЗ НОМЕРА - 4 шт., вартість: 1200 грн., примітки: 8-13 додано до БД користувачем [Коваль Людмила].
[2024-12-17T13:57:45.904] [INFO] DataBase - У заявці Повірка від 17 грудня 2024 р. за адресою вул. Доценка, буд. 26, кв. 37 додано виконавця ЗАПЛАНОВАНІ та додано дату виконання 3 січня 2025 р. користувачем [Коваль Людмила].
[17-Dec-2024 14:01:02 Europe/Helsinki] EditDATA [INFO] За адресою просп. Левка Лукяненка 48, кв. 76 користувачем [Сміян Альона] змінені номери телефонів з +38(050)313-38-99 на +38(066)073-50-58, при створенні нової заявки [Повірка] від 17.12.2024.
[17-Dec-2024 14:01:02 Europe/Helsinki] NewDATA [INFO] Нова заявка Повірка, адреса: просп. Левка Лукяненка 48, кв. 76, лічильники: БЕЗ НОМЕРА - 2 шт., вартість: 600 грн., примітки: 13-17 додано до БД користувачем [Сміян Альона].
[2024-12-17T14:01:09.708] [INFO] DataBase - У заявці Повірка від 17 грудня 2024 р. за адресою просп. Левка Лукяненка, буд. 48, кв. 76 додано виконавця ЗАПЛАНОВАНІ та додано дату виконання 20 грудня 2024 р. користувачем [Сміян Альона].
[17-Dec-2024 14:01:35 Europe/Helsinki] EditDATA [INFO] Для заявки Повірка від 16.12.2024 користувачем [Коваль Людмила] змінено виконавця з ЗАПЛАНОВАНІ на Ващенко.
[17-Dec-2024 14:01:48 Europe/Helsinki] EditDATA [INFO] Для заявки Повірка від 16.12.2024 користувачем [Коваль Людмила] змінено виконавця з ЗАПЛАНОВАНІ на Ващенко.
[17-Dec-2024 14:01:59 Europe/Helsinki] EditDATA [INFO] Для заявки Повірка від 13.12.2024 користувачем [Коваль Людмила] змінено виконавця з ЗАПЛАНОВАНІ на Ващенко.
[17-Dec-2024 14:02:18 Europe/Helsinki] EditDATA [INFO] Для заявки Повірка від 16.12.2024 користувачем [Коваль Людмила] змінено виконавця з ЗАПЛАНОВАНІ на Ващенко.
[17-Dec-2024 14:03:48 Europe/Helsinki] EditDATA [INFO] Для заявки Повірка від 17.12.2024 користувачем [Коваль Людмила] змінено виконавця з ЗАПЛАНОВАНІ на Осипенко.
[17-Dec-2024 14:04:10 Europe/Helsinki] EditDATA [INFO] Для заявки Повірка від 17.12.2024 користувачем [Коваль Людмила] змінено виконавця з ЗАПЛАНОВАНІ на Шкуліпа.
[17-Dec-2024 14:04:21 Europe/Helsinki] EditDATA [INFO] Для заявки Повірка від 12.12.2024 користувачем [Коваль Людмила] змінено виконавця з ЗАПЛАНОВАНІ на Осипенко.
[17-Dec-2024 14:04:32 Europe/Helsinki] EditDATA [INFO] Для заявки Повірка від 11.12.2024 користувачем [Коваль Людмила] змінено виконавця з ЗАПЛАНОВАНІ на Шкуліпа.
[17-Dec-2024 14:06:28 Europe/Helsinki] EditDATA [INFO] Для заявки Повірка від 10.12.2024 користувачем [Коваль Людмила] змінено виконавця з ЗАПЛАНОВАНІ на Шкуліпа.
[17-Dec-2024 14:07:00 Europe/Helsinki] EditDATA [INFO] Для заявки Повірка від 17.12.2024 користувачем [Коваль Людмила] змінено виконавця з ЗАПЛАНОВАНІ на Осипенко.
[17-Dec-2024 14:07:09 Europe/Helsinki] EditDATA [INFO] Для заявки Повірка від 17.12.2024 користувачем [Коваль Людмила] змінено виконавця з ЗАПЛАНОВАНІ на Осипенко.
[17-Dec-2024 14:28:43 Europe/Helsinki] NewDATA [INFO] Нова заявка Заміна, адреса: вул. Генерала Пухова 144, кв. 45, лічильники: 0200217303, вартість: 350 грн., примітки: хо.с/в 13-17 додано до БД користувачем [Коваль Людмила].
[2024-12-17T14:28:57.108] [INFO] DataBase - У заявці Заміна від 17 грудня 2024 р. за адресою вул. Генерала Пухова, буд. 144, кв. 45 додано виконавця Баранов та додано дату виконання 18 грудня 2024 р. користувачем [Коваль Людмила].
[17-Dec-2024 14:34:11 Europe/Helsinki] DellTASK [INFO] Повірка від 13.12.2024 для адреси вул. Льотна, буд. 22, кв. 65 для лічильника БЕЗ НОМЕРА - 2 шт. було завершено користувачем [Коваль Людмила] з коментарем: виконано.
[17-Dec-2024 14:34:24 Europe/Helsinki] DellTASK [INFO] Повірка від 13.12.2024 для адреси вул. Мазепи Івана, буд. 37, кв. 19 для лічильника БЕЗ НОМЕРА - 2 шт. було завершено користувачем [Коваль Людмила] з коментарем: виконано.
[17-Dec-2024 14:34:37 Europe/Helsinki] DellTASK [INFO] Повірка від 10.12.2024 для адреси вул. курсанта Єськова, буд. 10, корп. 1, кв. 47 для лічильника БЕЗ НОМЕРА - 2 шт. було завершено користувачем [Коваль Людмила] з коментарем: виконано.
[17-Dec-2024 14:35:18 Europe/Helsinki] NewDATA [INFO] Новий лічильник номер: 0200029304, тип: ЛК => DN 15, рік випуску: 2020, показники: 0, балансоутримувач: КП "ВДК" додано до БД користувачем [Коваль Людмила].
[17-Dec-2024 14:35:44 Europe/Helsinki] NewDATA [INFO] Новий лічильник номер: 9200362447, тип: ЛК => DN 15, рік випуску: 2020, показники: 0, балансоутримувач: КП "ТКЕ" додано до БД користувачем [Коваль Людмила].
[17-Dec-2024 14:35:46 Europe/Helsinki] EditDATA [INFO] За адресою вул. Мазепи Івана, буд. 37, кв. 19 користувачем [Коваль Людмила] було додано лічильники: 0200029304, 9200362447].
[17-Dec-2024 14:36:29 Europe/Helsinki] NewDATA [INFO] Новий лічильник номер: 140777, тип: КВ-1,5 => DN 15, рік випуску: 2008, показники: 0, балансоутримувач: КП "ВДК" додано до БД користувачем [Коваль Людмила].
[17-Dec-2024 14:37:03 Europe/Helsinki] NewDATA [INFO] Новий лічильник номер: 495121, тип: КВ-1,5 => DN 15, рік випуску: 2001, показники: 0, балансоутримувач: АТ "ОТКЕ" додано до БД користувачем [Коваль Людмила].
[17-Dec-2024 14:37:05 Europe/Helsinki] EditDATA [INFO] За адресою вул. курсанта Єськова, буд. 10, корп. 1, кв. 47 користувачем [Коваль Людмила] було додано лічильники: 140777, 495121].
[17-Dec-2024 14:38:08 Europe/Helsinki] NewDATA [INFO] Новий лічильник номер: 00618296, тип: E-T 1,6-U => DN 15, рік випуску: 2020, показники: 0, балансоутримувач: КП "ВДК" додано до БД користувачем [Коваль Людмила].
[17-Dec-2024 14:38:47 Europe/Helsinki] NewDATA [INFO] Новий лічильник номер: 234296, тип: КВ-1,5 => DN 15, рік випуску: 2003, показники: 0, балансоутримувач: АТ "ОТКЕ" додано до БД користувачем [Коваль Людмила].
[17-Dec-2024 14:38:49 Europe/Helsinki] EditDATA [INFO] За адресою вул. Льотна, буд. 22, кв. 65 користувачем [Коваль Людмила] було додано лічильники: 00618296, 234296].
[17-Dec-2024 14:42:21 Europe/Helsinki] NewDATA [INFO] Нова заявка Повірка, адреса: просп. Грушевського Михайла 161, кв. 39, лічильники: БЕЗ НОМЕРА - 2 шт., вартість: 600 грн., примітки: на 8.00,пер.за 15 хв. додано до БД користувачем [Коваль Людмила].
[2024-12-17T14:42:38.586] [INFO] DataBase - У заявці Повірка від 17 грудня 2024 р. за адресою просп. Грушевського Михайла, буд. 161, кв. 39 додано виконавця Шкуліпа та додано дату виконання 18 грудня 2024 р. користувачем [Коваль Людмила].
[17-Dec-2024 14:48:33 Europe/Helsinki] EditDATA [INFO] За адресою вул. Рятувальників 29, кв. 6 користувачем [Коваль Людмила] додано номер телефону +38(067)391-01-64, при створенні нової заявки [Повірка] від 17.12.2024.
[17-Dec-2024 14:48:33 Europe/Helsinki] NewDATA [INFO] Нова заявка Повірка, адреса: вул. Рятувальників 29, кв. 6, лічильники: БЕЗ НОМЕРА - 2 шт., вартість: 600 грн., примітки: до 12,пер.за 40 хв. додано до БД користувачем [Коваль Людмила].
[2024-12-17T14:48:46.573] [INFO] DataBase - У заявці Повірка від 17 грудня 2024 р. за адресою вул. Рятувальників, буд. 29, кв. 6 додано виконавця Ващенко та додано дату виконання 18 грудня 2024 р. користувачем [Коваль Людмила].
[17-Dec-2024 15:28:46 Europe/Helsinki] EditDATA [INFO] Для заявки Повірка від 17.12.2024 користувачем [Коваль Людмила] змінено виконавця з ЗАПЛАНОВАНІ на Осипенко.
[17-Dec-2024 15:28:56 Europe/Helsinki] EditDATA [INFO] Для заявки Повірка від 16.12.2024 користувачем [Коваль Людмила] змінено виконавця з ЗАПЛАНОВАНІ на Осипенко.
[17-Dec-2024 15:30:28 Europe/Helsinki] EditDATA [INFO] За адресою вул. Рятувальників 22, кв. 1 користувачем [Сусло Тетяна] змінені номери телефонів з +38(095)544-48-01 на +38(063)238-21-41, при створенні нової заявки [Повірка] від 17.12.2024.
[17-Dec-2024 15:30:28 Europe/Helsinki] NewDATA [INFO] Нова заявка Повірка, адреса: вул. Рятувальників 22, кв. 1, лічильники: БЕЗ НОМЕРА - 2 шт., вартість: 600 грн., примітки: 8-13, за 30 хв додано до БД користувачем [Сусло Тетяна].
[2024-12-17T15:30:31.310] [INFO] DataBase - У заявці Повірка від 17 грудня 2024 р. за адресою вул. Рятувальників, буд. 22, кв. 1 додано виконавця ЗАПЛАНОВАНІ та додано дату виконання 24 грудня 2024 р. користувачем [Сусло Тетяна].
[17-Dec-2024 15:47:25 Europe/Helsinki] NewDATA [INFO] Нова адреса вул. Козацька, буд. 30, кв. 80, тел. +38 (050) 736-94-41 додана до БД користувачем [Сміян Альона].
[17-Dec-2024 15:47:53 Europe/Helsinki] NewDATA [INFO] Нова заявка Повірка, адреса: вул. Козацька 30, кв. 80, лічильники: БЕЗ НОМЕРА - 1 шт., вартість: 300 грн., примітки: 8-11 код 126 додано до БД користувачем [Сміян Альона].
[2024-12-17T15:48:00.285] [INFO] DataBase - У заявці Повірка від 17 грудня 2024 р. за адресою вул. Козацька, буд. 30, кв. 80 додано виконавця ЗАПЛАНОВАНІ та додано дату виконання 19 грудня 2024 р. користувачем [Сміян Альона].
[17-Dec-2024 15:51:21 Europe/Helsinki] NewDATA [INFO] Нова заявка Повірка, адреса: вул. Попова 31 корпус Б, кв. 147, лічильники: БЕЗ НОМЕРА - 1 шт., вартість: 300 грн., примітки: 8-13 1час додано до БД користувачем [Сміян Альона].
[2024-12-17T15:51:35.383] [INFO] DataBase - У заявці Повірка від 17 грудня 2024 р. за адресою вул. Попова, буд. 31, корп. Б, кв. 147 додано виконавця ЗАПЛАНОВАНІ та додано дату виконання 19 грудня 2024 р. користувачем [Сміян Альона].
[17-Dec-2024 15:54:11 Europe/Helsinki] EditDATA [INFO] За адресою вул. Котляревського 4, кв. 59 користувачем [Коваль Людмила] змінені номери телефонів з +38(063)438-69-95, +38(0462)25-75-17 на +38(093)436-04-93, при створенні нової заявки [Повірка] від 17.12.2024.
[17-Dec-2024 15:54:11 Europe/Helsinki] NewDATA [INFO] Нова заявка Повірка, адреса: вул. Котляревського 4, кв. 59, лічильники: БЕЗ НОМЕРА - 4 шт., вартість: 1200 грн., примітки: 11-14,пер.за 30 хв. додано до БД користувачем [Коваль Людмила].
[2024-12-17T15:54:33.119] [INFO] DataBase - У заявці Повірка від 17 грудня 2024 р. за адресою вул. Котляревського, буд. 4, кв. 59 додано виконавця Сірий та додано дату виконання 18 грудня 2024 р. користувачем [Коваль Людмила].
[17-Dec-2024 16:03:04 Europe/Helsinki] NewDATA [INFO] Нова заявка Повірка, адреса: просп. Перемоги 182, кв. 107, лічильники: БЕЗ НОМЕРА - 1 шт., вартість: 300 грн., примітки: 8-13, код 347 додано до БД користувачем [Сусло Тетяна].
[2024-12-17T16:03:06.956] [INFO] DataBase - У заявці Повірка від 17 грудня 2024 р. за адресою просп. Перемоги, буд. 182, кв. 107 додано виконавця Осипенко та додано дату виконання 18 грудня 2024 р. користувачем [Сусло Тетяна].
[17-Dec-2024 16:14:29 Europe/Helsinki] EditDATA [INFO] За адресою вул. Гонча 54, кв. 61 користувачем [Сусло Тетяна] змінені номери телефонів з +38(093)341-29-34, +38(063)314-87-66, +38(0462)67-56-75 на +38(093)341-29-34, при створенні нової заявки [Повірка] від 17.12.2024.
[17-Dec-2024 16:14:29 Europe/Helsinki] NewDATA [INFO] Нова заявка Повірка, адреса: вул. Гонча 54, кв. 61, лічильники: БЕЗ НОМЕРА - 2 шт., вартість: 600 грн., примітки: 8-13, за 30 хв додано до БД користувачем [Сусло Тетяна].
[2024-12-17T16:14:32.343] [INFO] DataBase - У заявці Повірка від 17 грудня 2024 р. за адресою вул. Гонча, буд. 54, кв. 61 додано виконавця ЗАПЛАНОВАНІ та додано дату виконання 20 грудня 2024 р. користувачем [Сусло Тетяна].
[17-Dec-2024 16:21:10 Europe/Helsinki] DellTASK [INFO] Повірка від 30.07.2024 для адреси вул. Красносільського, буд. 83, кв. 172 для лічильника БЕЗ НОМЕРА - 2 шт. було відмінено користувачем [Сусло Тетяна] з коментарем: повтор.

