[11-Nov-2024 08:13:58 Europe/Helsinki] NewDATA [INFO] Новий лічильник номер: 241481888, тип: СВК => DN 15, рік випуску: 2024, показники: 0, балансоутримувач: КП "ВДК" додано до БД користувачем [Сміян Альона].
[11-Nov-2024 08:14:03 Europe/Helsinki] EditDATA [INFO] В заявці Заміна від 07.11.2024 за адресою вул. Громадська, буд. 19, кв. 33 було додано лічильники: 241481888 користувачем [Сміян Альона].
[11-Nov-2024 08:14:08 Europe/Helsinki] EditDATA [INFO] В заявці Заміна від 07.11.2024 за адресою вул. Громадська, буд. 19, кв. 33 було видалено лічильники: 4059792 користувачем [Сміян Альона].
[11-Nov-2024 08:14:17 Europe/Helsinki] DellTASK [INFO] Заміна від 07.11.2024 для адреси вул. Громадська, буд. 19, кв. 33 для лічильника 241481888 було завершено користувачем [Сміян Альона] з коментарем: виконано.
[11-Nov-2024 08:14:33 Europe/Helsinki] DellTASK [INFO] Заміна від 06.11.2024 для адреси вул. Русової, буд. 25, кв. 50 для лічильника БЕЗ НОМЕРА - 2 шт. було завершено користувачем [Сміян Альона] з коментарем: виконано.
[11-Nov-2024 08:15:14 Europe/Helsinki] NewDATA [INFO] Новий лічильник номер: 241471261, тип: СВК => DN 15, рік випуску: 2024, показники: 0, балансоутримувач: АТ "ОТКЕ" додано до БД користувачем [Сміян Альона].
[11-Nov-2024 08:15:18 Europe/Helsinki] EditDATA [INFO] В заявці Заміна від 06.11.2024 за адресою вул. Космонавтів, буд. 8, кв. 13 було додано лічильники: 241471261 користувачем [Сміян Альона].
[11-Nov-2024 08:15:24 Europe/Helsinki] EditDATA [INFO] В заявці Заміна від 06.11.2024 за адресою вул. Космонавтів, буд. 8, кв. 13 було видалено лічильники: 088481 користувачем [Сміян Альона].
[11-Nov-2024 08:15:32 Europe/Helsinki] DellTASK [INFO] Заміна від 06.11.2024 для адреси вул. Космонавтів, буд. 8, кв. 13 для лічильника 241471261 було завершено користувачем [Сміян Альона] з коментарем: виконано.
[11-Nov-2024 08:15:54 Europe/Helsinki] DellTASK [INFO] Заміна від 06.11.2024 для адреси вул. Шевчука, буд. 8, кв. 79 для лічильника 496164 було відмінено користувачем [Сміян Альона] з коментарем: нема доступу.
[11-Nov-2024 08:16:22 Europe/Helsinki] NewDATA [INFO] Новий лічильник номер: 241471344, тип: СВК => DN 15, рік випуску: 2024, показники: 0, балансоутримувач: АТ "ОТКЕ" додано до БД користувачем [Сміян Альона].
[11-Nov-2024 08:16:25 Europe/Helsinki] EditDATA [INFO] В заявці Заміна від 06.11.2024 за адресою вул. Всіхсвятська, буд. 6, кв. 28 було додано лічильники: 241471344 користувачем [Сміян Альона].
[11-Nov-2024 08:16:30 Europe/Helsinki] EditDATA [INFO] В заявці Заміна від 06.11.2024 за адресою вул. Всіхсвятська, буд. 6, кв. 28 було видалено лічильники: 183698 користувачем [Сміян Альона].
[11-Nov-2024 08:16:38 Europe/Helsinki] DellTASK [INFO] Заміна від 06.11.2024 для адреси вул. Всіхсвятська, буд. 6, кв. 28 для лічильника 241471344 було завершено користувачем [Сміян Альона] з коментарем: виконано.
[11-Nov-2024 08:17:14 Europe/Helsinki] NewDATA [INFO] Новий лічильник номер: 241472816, тип: СВК => DN 15, рік випуску: 2024, показники: 0, балансоутримувач: АТ "ОТКЕ" додано до БД користувачем [Сміян Альона].
[11-Nov-2024 08:17:17 Europe/Helsinki] EditDATA [INFO] Для заявки Заміна від 05.11.2024 користувачем [Сміян Альона] лічильник БЕЗ НОМЕРА ідентифіковано як 241472816.
[11-Nov-2024 08:17:26 Europe/Helsinki] DellTASK [INFO] Заміна від 05.11.2024 для адреси вул. Героїв Чорнобиля, буд. 1, кв. 74 для лічильника 241472816 було завершено користувачем [Сміян Альона] з коментарем: виконано.
[11-Nov-2024 08:17:44 Europe/Helsinki] DellTASK [INFO] Заміна від 30.10.2024 для адреси вул. Мезенцева Юрія, буд. 80, кв. 123 для лічильника БЕЗ НОМЕРА - 1 шт. було завершено користувачем [Сміян Альона] з коментарем: виконано.
[11-Nov-2024 08:25:35 Europe/Helsinki] DellTASK [INFO] Повірка від 07.11.2024 для адреси вул. Чорновола Вячеслава, буд. 10, кв. 55 для лічильника БЕЗ НОМЕРА - 1 шт. було завершено користувачем [Сусло Тетяна] з коментарем: виконано.
[11-Nov-2024 08:25:54 Europe/Helsinki] DellTASK [INFO] Повірка від 07.11.2024 для адреси вул. Богуна Івана, буд. 38, кв. 46 для лічильника БЕЗ НОМЕРА - 2 шт. було завершено користувачем [Сусло Тетяна] з коментарем: виконано.
[11-Nov-2024 08:26:10 Europe/Helsinki] DellTASK [INFO] Повірка від 28.10.2024 для адреси вул. Богуна Івана, буд. 44, кв. 171 для лічильника БЕЗ НОМЕРА - 1 шт. було завершено користувачем [Сусло Тетяна] з коментарем: виконано.
[11-Nov-2024 08:26:26 Europe/Helsinki] DellTASK [INFO] Повірка від 30.10.2024 для адреси вул. Самострова, буд. 9, кв. 201 для лічильника БЕЗ НОМЕРА - 2 шт. було завершено користувачем [Сусло Тетяна] з коментарем: виконано.
[11-Nov-2024 08:26:41 Europe/Helsinki] DellTASK [INFO] Повірка від 05.11.2024 для адреси вул. Пятницька, буд. 90, кв. 31 для лічильника БЕЗ НОМЕРА - 2 шт. було завершено користувачем [Сусло Тетяна] з коментарем: виконано.
[11-Nov-2024 08:26:58 Europe/Helsinki] DellTASK [INFO] Повірка від 05.11.2024 для адреси вул. Пятницька, буд. 47, кв. 49 для лічильника БЕЗ НОМЕРА - 2 шт. було завершено користувачем [Сусло Тетяна] з коментарем: виконано.
[11-Nov-2024 08:27:09 Europe/Helsinki] DellTASK [INFO] Повірка від 31.10.2024 для адреси просп. Миру, буд. 12, кв. 70 для лічильника БЕЗ НОМЕРА - 1 шт. було завершено користувачем [Сусло Тетяна] з коментарем: виконано.
[11-Nov-2024 08:28:05 Europe/Helsinki] NewDATA [INFO] Новий лічильник номер: 090611, тип: КВ-1,5 => DN 15, рік випуску: 2003, показники: 0, балансоутримувач: КП "ВДК" додано до БД користувачем [Сусло Тетяна].
[11-Nov-2024 08:28:25 Europe/Helsinki] NewDATA [INFO] Новий лічильник номер: 044016, тип: КВ-1,5 => DN 15, рік випуску: 2003, показники: 0, балансоутримувач: АТ "ОТКЕ" додано до БД користувачем [Сусло Тетяна].
[11-Nov-2024 08:28:45 Europe/Helsinki] NewDATA [INFO] Новий лічильник номер: 083448, тип: КВ-1,5 => DN 15, рік випуску: 2003, показники: 0, балансоутримувач: КП "ВДК" додано до БД користувачем [Сусло Тетяна].
[11-Nov-2024 08:29:03 Europe/Helsinki] NewDATA [INFO] Новий лічильник номер: 081606, тип: КВ-1,5 => DN 15, рік випуску: 2003, показники: 0, балансоутримувач: АТ "ОТКЕ" додано до БД користувачем [Сусло Тетяна].
[11-Nov-2024 08:29:08 Europe/Helsinki] EditDATA [INFO] За адресою просп. Левка Лукяненка, буд. 62, кв. 127 користувачем [Сусло Тетяна] було додано лічильники: 090611, 044016, 083448, 081606].
[11-Nov-2024 08:29:53 Europe/Helsinki] NewDATA [INFO] Новий лічильник номер: 115089, тип: КВ-1,5 => DN 15, рік випуску: 2016, показники: 0, балансоутримувач: КП "ВДК" додано до БД користувачем [Сусло Тетяна].
[11-Nov-2024 08:29:56 Europe/Helsinki] EditDATA [INFO] За адресою просп. Миру, буд. 12, кв. 70 користувачем [Сусло Тетяна] було додано лічильники: 115089].
[11-Nov-2024 08:30:37 Europe/Helsinki] NewDATA [INFO] Новий лічильник номер: 425363, тип: КВ-1,5 => DN 15, рік випуску: 2007, показники: 0, балансоутримувач: КП "ВДК" додано до БД користувачем [Сусло Тетяна].
[11-Nov-2024 08:31:04 Europe/Helsinki] NewDATA [INFO] Новий лічильник номер: 00675119, тип: E-T 1,6-U => DN 15, рік випуску: 2021, показники: 0, балансоутримувач: АТ "ОТКЕ" додано до БД користувачем [Сусло Тетяна].
[11-Nov-2024 08:31:06 Europe/Helsinki] EditDATA [INFO] За адресою вул. Пятницька, буд. 47, кв. 49 користувачем [Сусло Тетяна] було додано лічильники: 425363, 00675119].
[11-Nov-2024 08:31:44 Europe/Helsinki] NewDATA [INFO] Новий лічильник номер: 601942, тип: КВ-1,5 => DN 15, рік випуску: 2009, показники: 0, балансоутримувач: КП "ВДК" додано до БД користувачем [Сусло Тетяна].
[11-Nov-2024 08:32:08 Europe/Helsinki] NewDATA [INFO] Новий лічильник номер: 602780, тип: КВ-1,5 => DN 15, рік випуску: 2009, показники: 0, балансоутримувач: КП "ТКЕ" додано до БД користувачем [Сусло Тетяна].
[11-Nov-2024 08:32:10 Europe/Helsinki] EditDATA [INFO] За адресою вул. Пятницька, буд. 90, кв. 31 користувачем [Сусло Тетяна] було додано лічильники: 601942, 602780].
[11-Nov-2024 08:32:51 Europe/Helsinki] NewDATA [INFO] Новий лічильник номер: 442272, тип: КВ-1,5 => DN 15, рік випуску: 2006, показники: 0, балансоутримувач: КП "ВДК" додано до БД користувачем [Сусло Тетяна].
[11-Nov-2024 08:33:11 Europe/Helsinki] NewDATA [INFO] Новий лічильник номер: 444901, тип: КВ-1,5 => DN 15, рік випуску: 2006, показники: 0, балансоутримувач: КП "ТКЕ" додано до БД користувачем [Сусло Тетяна].
[11-Nov-2024 08:33:12 Europe/Helsinki] EditDATA [INFO] За адресою вул. Самострова, буд. 9, кв. 201 користувачем [Сусло Тетяна] було додано лічильники: 442272, 444901].
[11-Nov-2024 08:34:57 Europe/Helsinki] NewDATA [INFO] Новий лічильник номер: 11486671, тип: ResidiaJet => DN 15, рік випуску: 2018, показники: 0, балансоутримувач: КП "ТКЕ" додано до БД користувачем [Сусло Тетяна].
[11-Nov-2024 08:34:59 Europe/Helsinki] EditDATA [INFO] За адресою вул. Богуна Івана, буд. 44, кв. 171 користувачем [Сусло Тетяна] було додано лічильники: 11486671].
[11-Nov-2024 08:35:42 Europe/Helsinki] NewDATA [INFO] Новий лічильник номер: 040213, тип: КВ-1,5 => DN 15, рік випуску: 2020, показники: 0, балансоутримувач: КП "ВДК" додано до БД користувачем [Сусло Тетяна].
[11-Nov-2024 08:35:59 Europe/Helsinki] NewDATA [INFO] Новий лічильник номер: 056776, тип: КВ-1,5 => DN 15, рік випуску: 2020, показники: 0, балансоутримувач: КП "ТКЕ" додано до БД користувачем [Сусло Тетяна].
[11-Nov-2024 08:36:01 Europe/Helsinki] EditDATA [INFO] За адресою вул. Богуна Івана, буд. 38, кв. 46 користувачем [Сусло Тетяна] було додано лічильники: 040213, 056776].
[11-Nov-2024 08:36:42 Europe/Helsinki] NewDATA [INFO] Новий лічильник номер: 042864, тип: КВ-1,5 => DN 15, рік випуску: 2020, показники: 0, балансоутримувач: КП "ВДК" додано до БД користувачем [Сусло Тетяна].
[11-Nov-2024 08:36:43 Europe/Helsinki] EditDATA [INFO] За адресою вул. Чорновола Вячеслава, буд. 10, кв. 55 користувачем [Сусло Тетяна] було додано лічильники: 042864].
[11-Nov-2024 08:43:04 Europe/Helsinki] DellTASK [INFO] Повірка від 06.11.2024 для адреси просп. Грушевського Михайла, буд. 165, корп. 2, кв. 41 для лічильника БЕЗ НОМЕРА - 2 шт. було завершено користувачем [Коваль Людмила] з коментарем: виконано.
[11-Nov-2024 08:43:19 Europe/Helsinki] DellTASK [INFO] Повірка від 06.11.2024 для адреси просп. Левка Лукяненка, буд. 36, кв. 27 для лічильника БЕЗ НОМЕРА - 2 шт. було завершено користувачем [Коваль Людмила] з коментарем: виконано.
[11-Nov-2024 08:43:35 Europe/Helsinki] DellTASK [INFO] Повірка від 05.11.2024 для адреси вул. Доценка, буд. 15, кв. 58 для лічильника БЕЗ НОМЕРА - 2 шт. було завершено користувачем [Коваль Людмила] з коментарем: виконано.
[11-Nov-2024 08:44:04 Europe/Helsinki] DellTASK [INFO] Повірка від 05.11.2024 для адреси вул. Доценка, буд. 26, кв. 124 для лічильника БЕЗ НОМЕРА - 1 шт. було відмінено користувачем [Коваль Людмила] з коментарем: повірені до 26.10.25.
[11-Nov-2024 08:44:24 Europe/Helsinki] DellTASK [INFO] Повірка від 05.11.2024 для адреси вул. Генерала Пухова, буд. 115, корп. А, кв. 1 для лічильника БЕЗ НОМЕРА - 1 шт. було завершено користувачем [Коваль Людмила] з коментарем: виконано.
[11-Nov-2024 08:44:45 Europe/Helsinki] DellTASK [INFO] Повірка від 05.11.2024 для адреси вул. Доценка, буд. 32, кв. 43 для лічильника БЕЗ НОМЕРА - 2 шт. було відмінено користувачем [Коваль Людмила] з коментарем: відмова.
[11-Nov-2024 08:45:00 Europe/Helsinki] DellTASK [INFO] Повірка від 05.11.2024 для адреси вул. Доценка, буд. 32, кв. 45 для лічильника БЕЗ НОМЕРА - 2 шт. було завершено користувачем [Коваль Людмила] з коментарем: виконано.
[11-Nov-2024 08:45:15 Europe/Helsinki] DellTASK [INFO] Повірка від 04.11.2024 для адреси вул. Космонавтів, буд. 10, кв. 50 для лічильника БЕЗ НОМЕРА - 2 шт. було завершено користувачем [Коваль Людмила] з коментарем: виконанео.
[11-Nov-2024 08:45:30 Europe/Helsinki] DellTASK [INFO] Повірка від 04.11.2024 для адреси просп. Левка Лукяненка, буд. 48, кв. 144 для лічильника БЕЗ НОМЕРА - 2 шт. було завершено користувачем [Коваль Людмила] з коментарем: виконано.
[11-Nov-2024 08:45:45 Europe/Helsinki] DellTASK [INFO] Повірка від 01.11.2024 для адреси вул. 1-ої танкової бригади, буд. 31, кв. 85 для лічильника БЕЗ НОМЕРА - 2 шт. було завершено користувачем [Коваль Людмила] з коментарем: виконано.
[11-Nov-2024 08:45:59 Europe/Helsinki] DellTASK [INFO] Повірка від 28.10.2024 для адреси вул. 1-ої танкової бригади, буд. 23, корп. 1, кв. 63 для лічильника БЕЗ НОМЕРА - 2 шт. було завершено користувачем [Коваль Людмила] з коментарем: виконано.
[11-Nov-2024 08:46:14 Europe/Helsinki] DellTASK [INFO] Повірка від 23.10.2024 для адреси просп. Левка Лукяненка, буд. 54, кв. 46 для лічильника БЕЗ НОМЕРА - 4 шт. було завершено користувачем [Коваль Людмила] з коментарем: виконано.
[11-Nov-2024 08:49:53 Europe/Helsinki] NewDATA [INFO] Новий лічильник номер: 168510, тип: КВ-1,5 => DN 15, рік випуску: 2004, показники: 0, балансоутримувач: КП "ВДК" додано до БД користувачем [Коваль Людмила].
[11-Nov-2024 08:50:15 Europe/Helsinki] NewDATA [INFO] Новий лічильник номер: 131245, тип: КВ-1,5 => DN 15, рік випуску: 2004, показники: 0, балансоутримувач: АТ "ОТКЕ" додано до БД користувачем [Коваль Людмила].
[11-Nov-2024 08:50:18 Europe/Helsinki] EditDATA [INFO] За адресою просп. Грушевського Михайла, буд. 165, корп. 2, кв. 41 користувачем [Коваль Людмила] було додано лічильники: 168510, 131245].
[11-Nov-2024 08:50:57 Europe/Helsinki] NewDATA [INFO] Новий лічильник номер: 344571, тип: КВ-1,5 => DN 15, рік випуску: 2008, показники: 0, балансоутримувач: КП "ВДК" додано до БД користувачем [Коваль Людмила].
[11-Nov-2024 08:51:24 Europe/Helsinki] NewDATA [INFO] Новий лічильник номер: 411331, тип: КВ-1,5 => DN 15, рік випуску: 2008, показники: 0, балансоутримувач: АТ "ОТКЕ" додано до БД користувачем [Коваль Людмила].
[11-Nov-2024 08:51:26 Europe/Helsinki] EditDATA [INFO] За адресою вул. Доценка, буд. 15, кв. 58 користувачем [Коваль Людмила] було додано лічильники: 344571, 411331].
[11-Nov-2024 08:54:10 Europe/Helsinki] NewDATA [INFO] Новий лічильник номер: 395506, тип: КВ-1,5 => DN 15, рік випуску: 2011, показники: 0, балансоутримувач: КП "ВДК" додано до БД користувачем [Коваль Людмила].
[11-Nov-2024 08:54:33 Europe/Helsinki] NewDATA [INFO] Новий лічильник номер: 400239, тип: КВ-1,5 => DN 15, рік випуску: 2011, показники: 0, балансоутримувач: АТ "ОТКЕ" додано до БД користувачем [Коваль Людмила].
[11-Nov-2024 08:54:36 Europe/Helsinki] EditDATA [INFO] За адресою вул. Генерала Пухова, буд. 115, корп. А, кв. 1 користувачем [Коваль Людмила] було додано лічильники: 395506, 400239].
[11-Nov-2024 08:55:17 Europe/Helsinki] NewDATA [INFO] Новий лічильник номер: 151169, тип: СВК => DN 15, рік випуску: 2012, показники: 0, балансоутримувач: КП "ВДК" додано до БД користувачем [Коваль Людмила].
[11-Nov-2024 08:55:43 Europe/Helsinki] NewDATA [INFO] Новий лічильник номер: 154508, тип: СВК => DN 15, рік випуску: 2016, показники: 0, балансоутримувач: АТ "ОТКЕ" додано до БД користувачем [Коваль Людмила].
[11-Nov-2024 08:55:45 Europe/Helsinki] EditDATA [INFO] За адресою вул. Доценка, буд. 32, кв. 45 користувачем [Коваль Людмила] було додано лічильники: 151169, 154508].
[11-Nov-2024 08:56:35 Europe/Helsinki] NewDATA [INFO] Новий лічильник номер: 0200187462, тип: ЛК => DN 15, рік випуску: 2020, показники: 0, балансоутримувач: КП "ВДК" додано до БД користувачем [Коваль Людмила].
[11-Nov-2024 08:57:00 Europe/Helsinki] NewDATA [INFO] Новий лічильник номер: 0200106254, тип: ЛК => DN 15, рік випуску: 2020, показники: 0, балансоутримувач: АТ "ОТКЕ" додано до БД користувачем [Коваль Людмила].
[11-Nov-2024 08:57:03 Europe/Helsinki] EditDATA [INFO] За адресою вул. Космонавтів, буд. 10, кв. 50 користувачем [Коваль Людмила] було додано лічильники: 0200187462, 0200106254].
[11-Nov-2024 08:57:45 Europe/Helsinki] NewDATA [INFO] Новий лічильник номер: 000731, тип: КВ-1,5 => DN 15, рік випуску: 2016, показники: 0, балансоутримувач: КП "ВДК" додано до БД користувачем [Коваль Людмила].
[11-Nov-2024 08:58:12 Europe/Helsinki] NewDATA [INFO] Новий лічильник номер: 001334, тип: КВ-1,5 => DN 15, рік випуску: 2016, показники: 0, балансоутримувач: АТ "ОТКЕ" додано до БД користувачем [Коваль Людмила].
[11-Nov-2024 08:58:14 Europe/Helsinki] EditDATA [INFO] За адресою просп. Левка Лукяненка, буд. 48, кв. 144 користувачем [Коваль Людмила] було додано лічильники: 000731, 001334].
[11-Nov-2024 08:59:53 Europe/Helsinki] NewDATA [INFO] Новий лічильник номер: 033584, тип: КВ-1,5 => DN 15, рік випуску: 2011, показники: 0, балансоутримувач: КП "ВДК" додано до БД користувачем [Коваль Людмила].
[11-Nov-2024 09:00:02 Europe/Helsinki] EditDATA [INFO] За адресою вул. 1-ої танкової бригади, буд. 31, кв. 85 користувачем [Коваль Людмила] було додано лічильники: 033584].
[11-Nov-2024 09:09:34 Europe/Helsinki] NewDATA [INFO] Новий лічильник номер: 684018, тип: КВ-1,5 => DN 15, рік випуску: 2004, показники: 0, балансоутримувач: КП "ВДК" додано до БД користувачем [Коваль Людмила].
[11-Nov-2024 09:10:00 Europe/Helsinki] NewDATA [INFO] Новий лічильник номер: 251978, тип: КВ-1,5 => DN 15, рік випуску: 2011, показники: 0, балансоутримувач: АТ "ОТКЕ" додано до БД користувачем [Коваль Людмила].
[11-Nov-2024 09:10:02 Europe/Helsinki] EditDATA [INFO] За адресою вул. 1-ої танкової бригади, буд. 23, корп. 1, кв. 63 користувачем [Коваль Людмила] було додано лічильники: 684018, 251978].
[11-Nov-2024 09:11:35 Europe/Helsinki] NewDATA [INFO] Нова адреса вул. Гонча, буд. 26, кв. 18, тел. +38 (050) 847-18-36 додана до БД користувачем [Сміян Альона].
[11-Nov-2024 09:11:54 Europe/Helsinki] NewDATA [INFO] Нова заявка Повірка, адреса: вул. Гонча 26, кв. 18, лічильники: БЕЗ НОМЕРА - 1 шт., вартість: 300 грн., примітки: 13-17 30хв додано до БД користувачем [Сміян Альона].
[2024-11-11T09:12:00.266] [INFO] DataBase - У заявці Повірка від 11 листопада 2024 р. за адресою вул. Гонча, буд. 26, кв. 18 додано виконавця ЗАПЛАНОВАНІ та додано дату виконання 12 листопада 2024 р. користувачем [Сміян Альона].
[11-Nov-2024 09:15:56 Europe/Helsinki] NewDATA [INFO] Нова заявка Повірка, адреса: вул. 1-ої танкової бригади 30 корпус 1, кв. 36, лічильники: БЕЗ НОМЕРА - 2 шт., вартість: 600 грн., примітки: 14-18,пер.за час додано до БД користувачем [Коваль Людмила].
[11-Nov-2024 09:16:51 Europe/Helsinki] NewDATA [INFO] Нова адреса вул. Доценка, буд. 32, кв. 58, тел. +38 (063) 263-40-37 додана до БД користувачем [Коваль Людмила].
[11-Nov-2024 09:17:23 Europe/Helsinki] NewDATA [INFO] Нова заявка Повірка, адреса: вул. Доценка 32, кв. 58, лічильники: БЕЗ НОМЕРА - 2 шт., вартість: 600 грн., примітки: 14-18 додано до БД користувачем [Коваль Людмила].
[2024-11-11T09:17:37.418] [INFO] DataBase - У заявці Повірка від 11 листопада 2024 р. за адресою вул. 1-ої танкової бригади, буд. 30, корп. 1, кв. 36 додано виконавця ЗАПЛАНОВАНІ та додано дату виконання 12 листопада 2024 р. користувачем [Коваль Людмила].
[2024-11-11T09:17:55.488] [INFO] DataBase - У заявці Повірка від 11 листопада 2024 р. за адресою вул. Доценка, буд. 32, кв. 58 додано виконавця ЗАПЛАНОВАНІ та додано дату виконання 12 листопада 2024 р. користувачем [Коваль Людмила].
[11-Nov-2024 09:18:43 Europe/Helsinki] NewDATA [INFO] Нова адреса вул. Доценка, буд. 8, корп. А, кв. 41, тел. +38 (099) 475-68-51 додана до БД користувачем [Коваль Людмила].
[11-Nov-2024 09:19:15 Europe/Helsinki] NewDATA [INFO] Нова заявка Повірка, адреса: вул. Доценка 8 корпус А, кв. 41, лічильники: БЕЗ НОМЕРА - 2 шт., вартість: 600 грн., примітки: 14-18,пер.за 30 хв додано до БД користувачем [Коваль Людмила].
[2024-11-11T09:19:23.252] [INFO] DataBase - У заявці Повірка від 11 листопада 2024 р. за адресою вул. Доценка, буд. 8, корп. А, кв. 41 додано виконавця ЗАПЛАНОВАНІ та додано дату виконання 12 листопада 2024 р. користувачем [Коваль Людмила].
[11-Nov-2024 09:20:06 Europe/Helsinki] NewDATA [INFO] Нова адреса вул. Шевченка, буд. 41, кв. 13, тел. +38 (093) 126-07-25 додана до БД користувачем [Коваль Людмила].
[11-Nov-2024 09:20:42 Europe/Helsinki] NewDATA [INFO] Нова заявка Повірка, адреса: вул. Шевченка 41, кв. 13, лічильники: БЕЗ НОМЕРА - 1 шт., вартість: 300 грн., примітки: 8-13,пер.за 30 хв. додано до БД користувачем [Коваль Людмила].
[2024-11-11T09:20:58.613] [INFO] DataBase - У заявці Повірка від 11 листопада 2024 р. за адресою вул. Шевченка, буд. 41, кв. 13 додано виконавця ЗАПЛАНОВАНІ та додано дату виконання 13 листопада 2024 р. користувачем [Коваль Людмила].
[11-Nov-2024 09:22:32 Europe/Helsinki] NewDATA [INFO] Новий лічильник номер: 050465, тип: КВ-1,5 => DN 15, рік випуску: 2020, показники: 0, балансоутримувач: КП "ВДК" додано до БД користувачем [Коваль Людмила].
[11-Nov-2024 09:22:56 Europe/Helsinki] NewDATA [INFO] Новий лічильник номер: 312724, тип: КВ-1,5 => DN 15, рік випуску: 2002, показники: 0, балансоутримувач: АТ "ОТКЕ" додано до БД користувачем [Коваль Людмила].
[11-Nov-2024 09:23:19 Europe/Helsinki] NewDATA [INFO] Новий лічильник номер: 434065, тип: КВ-1,5 => DN 15, рік випуску: 2002, показники: 0, балансоутримувач: КП "ВДК" додано до БД користувачем [Коваль Людмила].
[11-Nov-2024 09:23:45 Europe/Helsinki] NewDATA [INFO] Новий лічильник номер: 106374, тип: КВ-1,5 => DN 15, рік випуску: 2000, показники: 0, балансоутримувач: АТ "ОТКЕ" додано до БД користувачем [Коваль Людмила].
[11-Nov-2024 09:23:47 Europe/Helsinki] EditDATA [INFO] За адресою просп. Левка Лукяненка, буд. 54, кв. 46 користувачем [Коваль Людмила] було додано лічильники: 050465, 312724, 434065, 106374].
[11-Nov-2024 09:27:23 Europe/Helsinki] NewDATA [INFO] Новий лічильник номер: 334115, тип: КВ-1,5 => DN 15, рік випуску: 2002, показники: 0, балансоутримувач: КП "ВДК" додано до БД користувачем [Коваль Людмила].
[11-Nov-2024 09:27:25 Europe/Helsinki] EditDATA [INFO] За адресою просп. Левка Лукяненка, буд. 36, кв. 27 користувачем [Коваль Людмила] було додано лічильники: 334115].
[11-Nov-2024 09:28:24 Europe/Helsinki] DellTASK [INFO] Повірка від 04.11.2024 для адреси вул. Козацька, буд. 15, кв. 33 для лічильника БЕЗ НОМЕРА - 1 шт. було завершено користувачем [Коваль Людмила] з коментарем: виконаено.
[11-Nov-2024 09:28:51 Europe/Helsinki] DellTASK [INFO] Повірка від 05.11.2024 для адреси вул. Мстиславська, буд. 130, кв. 28 для лічильника БЕЗ НОМЕРА - 2 шт. було відмінено користувачем [Коваль Людмила] з коментарем: несправна сантехніка.
[11-Nov-2024 09:29:06 Europe/Helsinki] DellTASK [INFO] Повірка від 05.11.2024 для адреси вул. Захисників України, буд. 10, корп. А, кв. 50 для лічильника БЕЗ НОМЕРА - 2 шт. було завершено користувачем [Коваль Людмила] з коментарем: виконано.
[11-Nov-2024 09:29:29 Europe/Helsinki] DellTASK [INFO] Повірка від 04.11.2024 для адреси вул. Козацька, буд. 44, кв. 56 для лічильника БЕЗ НОМЕРА - 1 шт. було завершено користувачем [Коваль Людмила] з коментарем: виконано.
[11-Nov-2024 09:29:50 Europe/Helsinki] DellTASK [INFO] Повірка від 25.10.2024 для адреси вул. Мстиславська, буд. 179, кв. 47 для лічильника БЕЗ НОМЕРА - 1 шт. було завершено користувачем [Коваль Людмила] з коментарем: виконано.
[11-Nov-2024 09:30:12 Europe/Helsinki] DellTASK [INFO] Повірка від 30.10.2024 для адреси вул. Козацька, буд. 9, корп. А, кв. 41 для лічильника БЕЗ НОМЕРА - 1 шт. було завершено користувачем [Коваль Людмила] з коментарем: виконано.
[11-Nov-2024 09:30:35 Europe/Helsinki] DellTASK [INFO] Повірка від 31.10.2024 для адреси вул. Захисників України, буд. 10, корп. А, кв. 38 для лічильника БЕЗ НОМЕРА - 2 шт. було завершено користувачем [Коваль Людмила] з коментарем: виконано.
[11-Nov-2024 09:30:49 Europe/Helsinki] DellTASK [INFO] Повірка від 05.11.2024 для адреси вул. Авіаторів, буд. 19, кв. 82 для лічильника БЕЗ НОМЕРА - 2 шт. було завершено користувачем [Коваль Людмила] з коментарем: виконано.
[11-Nov-2024 09:31:04 Europe/Helsinki] DellTASK [INFO] Повірка від 05.11.2024 для адреси вул. Волковича, буд. 9, кв. 35 для лічильника БЕЗ НОМЕРА - 2 шт. було завершено користувачем [Коваль Людмила] з коментарем: виконано.
[11-Nov-2024 09:36:56 Europe/Helsinki] NewDATA [INFO] Новий лічильник номер: 0200223387, тип: ЛК => DN 15, рік випуску: 2020, показники: 0, балансоутримувач: КП "ВДК" додано до БД користувачем [Коваль Людмила].
[11-Nov-2024 09:36:59 Europe/Helsinki] EditDATA [INFO] За адресою вул. Козацька, буд. 15, кв. 33 користувачем [Коваль Людмила] було додано лічильники: 0200223387].
[11-Nov-2024 09:38:00 Europe/Helsinki] NewDATA [INFO] Новий лічильник номер: 113273, тип: КВ-1,5 => DN 15, рік випуску: 2014, показники: 0, балансоутримувач: КП "ВДК" додано до БД користувачем [Коваль Людмила].
[11-Nov-2024 09:38:02 Europe/Helsinki] EditDATA [INFO] За адресою вул. Козацька, буд. 44, кв. 56 користувачем [Коваль Людмила] було додано лічильники: 113273].
[11-Nov-2024 09:39:01 Europe/Helsinki] NewDATA [INFO] Новий лічильник номер: 1039598, тип: СК => DN 15, рік випуску: 2001, показники: 0, балансоутримувач: КП "ВДК" додано до БД користувачем [Коваль Людмила].
[11-Nov-2024 09:39:03 Europe/Helsinki] EditDATA [INFO] За адресою вул. Мстиславська, буд. 179, кв. 47 користувачем [Коваль Людмила] було додано лічильники: 1039598].
[11-Nov-2024 09:52:10 Europe/Helsinki] NewDATA [INFO] Нова заявка Заміна, адреса: просп. Перемоги 52, кв. 3, лічильники: 009527, 392607, вартість: 700 грн., примітки: хол.009527,гор.392607,с/в 13-17 додано до БД користувачем [Коваль Людмила].
[2024-11-11T09:52:24.310] [INFO] DataBase - У заявці Заміна від 11 листопада 2024 р. за адресою просп. Перемоги, буд. 52, кв. 3 додано виконавця Баранов та додано дату виконання 12 листопада 2024 р. користувачем [Коваль Людмила].
[11-Nov-2024 10:11:03 Europe/Helsinki] NewDATA [INFO] Нова заявка Заміна, адреса: вул. Любецька 44 корпус В, кв. 27, лічильники: 366166, вартість: 1060 грн., примітки: 1г/в 366166 8.00 додано до БД користувачем [Сміян Альона].
[2024-11-11T10:11:07.557] [INFO] DataBase - У заявці Заміна від 11 листопада 2024 р. за адресою вул. Любецька, буд. 44, корп. В, кв. 27 додано виконавця Баранов та додано дату виконання 12 листопада 2024 р. користувачем [Сміян Альона].
[11-Nov-2024 10:29:36 Europe/Helsinki] EditDATA [INFO] За адресою вул. Авіаторів 19, кв. 1 користувачем [Коваль Людмила] додано номер телефону +38(063)357-58-56, при створенні нової заявки [Повірка] від 11.11.2024.
[11-Nov-2024 10:29:36 Europe/Helsinki] NewDATA [INFO] Нова заявка Повірка, адреса: вул. Авіаторів 19, кв. 1, лічильники: БЕЗ НОМЕРА - 1 шт., вартість: 300 грн., примітки: 14-18 додано до БД користувачем [Коваль Людмила].
[2024-11-11T10:30:09.115] [INFO] DataBase - У заявці Повірка від 11 листопада 2024 р. за адресою вул. Авіаторів, буд. 19, кв. 1 додано виконавця ЗАПЛАНОВАНІ та додано дату виконання 12 листопада 2024 р. користувачем [Коваль Людмила].
[11-Nov-2024 10:36:08 Europe/Helsinki] EditDATA [INFO] За адресою просп. Левка Лукяненка 70, кв. 156 користувачем [Коваль Людмила] змінені номери телефонів з +38(097)906-33-75, +38(063)757-24-87 на +38(063)490-51-95, при створенні нової заявки [Повірка] від 11.11.2024.
[11-Nov-2024 10:36:08 Europe/Helsinki] NewDATA [INFO] Нова заявка Повірка, адреса: просп. Левка Лукяненка 70, кв. 156, лічильники: БЕЗ НОМЕРА - 1 шт., вартість: 300 грн., примітки: 14-18,пер.за час додано до БД користувачем [Коваль Людмила].
[2024-11-11T10:36:23.405] [INFO] DataBase - У заявці Повірка від 11 листопада 2024 р. за адресою просп. Левка Лукяненка, буд. 70, кв. 156 додано виконавця ЗАПЛАНОВАНІ та додано дату виконання 12 листопада 2024 р. користувачем [Коваль Людмила].
[11-Nov-2024 10:44:55 Europe/Helsinki] NewDATA [INFO] Нова адреса вул. Самострова, буд. 13, кв. 54, тел. +38 (099) 412-23-99 додана до БД користувачем [Сміян Альона].
[11-Nov-2024 10:45:21 Europe/Helsinki] NewDATA [INFO] Нова заявка Повірка, адреса: вул. Самострова 13, кв. 54, лічильники: БЕЗ НОМЕРА - 2 шт., вартість: 600 грн., примітки: 8-13 15хв додано до БД користувачем [Сміян Альона].
[2024-11-11T10:45:27.299] [INFO] DataBase - У заявці Повірка від 11 листопада 2024 р. за адресою вул. Самострова, буд. 13, кв. 54 додано виконавця ЗАПЛАНОВАНІ та додано дату виконання 12 листопада 2024 р. користувачем [Сміян Альона].
[11-Nov-2024 10:46:04 Europe/Helsinki] NewDATA [INFO] Новий лічильник номер: 4255191, тип: ЛК => DN 15, рік випуску: 2014, показники: 0, балансоутримувач: КП "ВДК" додано до БД користувачем [Коваль Людмила].
[11-Nov-2024 10:46:42 Europe/Helsinki] NewDATA [INFO] Новий лічильник номер: 4235991, тип: ЛК => DN 15, рік випуску: 2014, показники: 0, балансоутримувач: АТ "ОТКЕ" додано до БД користувачем [Коваль Людмила].
[11-Nov-2024 10:46:44 Europe/Helsinki] EditDATA [INFO] За адресою вул. Захисників України, буд. 10, корп. А, кв. 50 користувачем [Коваль Людмила] було додано лічильники: 4255191, 4235991].
[11-Nov-2024 10:51:43 Europe/Helsinki] NewDATA [INFO] Нова адреса вул. Волковича, буд. 4, кв. 24, тел. +38 (068) 121-01-51 додана до БД користувачем [Коваль Людмила].
[11-Nov-2024 10:52:10 Europe/Helsinki] NewDATA [INFO] Нова заявка Повірка, адреса: вул. Волковича 4, кв. 24, лічильники: БЕЗ НОМЕРА - 2 шт., вартість: 600 грн., примітки: 14-18 додано до БД користувачем [Коваль Людмила].
[2024-11-11T10:52:24.921] [INFO] DataBase - У заявці Повірка від 11 листопада 2024 р. за адресою вул. Волковича, буд. 4, кв. 24 додано виконавця ЗАПЛАНОВАНІ та додано дату виконання 15 листопада 2024 р. користувачем [Коваль Людмила].
[11-Nov-2024 10:58:11 Europe/Helsinki] EditDATA [INFO] За адресою вул. Захисників України 13 корпус Б, кв. 43 користувачем [Коваль Людмила] змінені номери телефонів з +38(066)603-42-93 на +38(066)603-42-93, +38(063)010-57-20, при створенні нової заявки [Повірка] від 11.11.2024.
[11-Nov-2024 10:58:12 Europe/Helsinki] NewDATA [INFO] Нова заявка Повірка, адреса: вул. Захисників України 13 корпус Б, кв. 43, лічильники: БЕЗ НОМЕРА - 2 шт., вартість: 600 грн., примітки: до 14.00(живе в селі) додано до БД користувачем [Коваль Людмила].
[2024-11-11T10:58:26.569] [INFO] DataBase - У заявці Повірка від 11 листопада 2024 р. за адресою вул. Захисників України, буд. 13, корп. Б, кв. 43 додано виконавця ЗАПЛАНОВАНІ та додано дату виконання 13 листопада 2024 р. користувачем [Коваль Людмила].
[11-Nov-2024 10:59:30 Europe/Helsinki] NewDATA [INFO] Новий лічильник номер: 012318, тип: КВ-1,5 => DN 15, рік випуску: 2019, показники: 0, балансоутримувач: КП "ВДК" додано до БД користувачем [Коваль Людмила].
[11-Nov-2024 10:59:32 Europe/Helsinki] EditDATA [INFO] За адресою вул. Козацька, буд. 9, корп. А, кв. 41 користувачем [Коваль Людмила] було додано лічильники: 012318].
[11-Nov-2024 11:08:45 Europe/Helsinki] NewDATA [INFO] Нова заявка Повірка, адреса: просп. Перемоги 145, кв. 24, лічильники: БЕЗ НОМЕРА - 2 шт., вартість: 600 грн., примітки: 9-13,пер.за 30 хв додано до БД користувачем [Коваль Людмила].
[2024-11-11T11:09:02.934] [INFO] DataBase - У заявці Повірка від 11 листопада 2024 р. за адресою просп. Перемоги, буд. 145, кв. 24 додано виконавця ЗАПЛАНОВАНІ та додано дату виконання 13 листопада 2024 р. користувачем [Коваль Людмила].
[11-Nov-2024 11:10:00 Europe/Helsinki] EditDATA [INFO] За адресою вул. Красносільського 85 корпус А, кв. 3 користувачем [Коваль Людмила] змінені номери телефонів з +38(097)637-24-22 на +38(099)122-43-42, при створенні нової заявки [Повірка] від 11.11.2024.
[11-Nov-2024 11:10:00 Europe/Helsinki] NewDATA [INFO] Нова заявка Повірка, адреса: вул. Красносільського 85 корпус А, кв. 3, лічильники: БЕЗ НОМЕРА - 1 шт., вартість: 300 грн., примітки: 11-14,пер.за 30 хв додано до БД користувачем [Коваль Людмила].
[2024-11-11T11:10:17.461] [INFO] DataBase - У заявці Повірка від 11 листопада 2024 р. за адресою вул. Красносільського, буд. 85, корп. А, кв. 3 додано виконавця ЗАПЛАНОВАНІ та додано дату виконання 14 листопада 2024 р. користувачем [Коваль Людмила].
[11-Nov-2024 11:20:43 Europe/Helsinki] NewDATA [INFO] Нова заявка Повірка, адреса: вул. Доценка 14, кв. 77, лічильники: БЕЗ НОМЕРА - 1 шт., вартість: 300 грн., примітки: 14-18(дом.не працює) додано до БД користувачем [Коваль Людмила].
[11-Nov-2024 11:20:49 Europe/Helsinki] EditDATA [INFO] За адресою вул. Любецька 7, кв. 46 користувачем [Сміян Альона] змінені номери телефонів з +38(050)465-72-74 на +38(098)448-41-71, при створенні нової заявки [Заміна] від 11.11.2024.
[11-Nov-2024 11:20:50 Europe/Helsinki] NewDATA [INFO] Нова заявка Заміна, адреса: вул. Любецька 7, кв. 46, лічильники: 08140109, вартість: 1060 грн., примітки: 1х/в 08140109 после 15 15хв додано до БД користувачем [Сміян Альона].
[2024-11-11T11:20:53.305] [INFO] DataBase - У заявці Заміна від 11 листопада 2024 р. за адресою вул. Любецька, буд. 7, кв. 46 додано виконавця Баранов та додано дату виконання 12 листопада 2024 р. користувачем [Сміян Альона].
[2024-11-11T11:21:02.707] [INFO] DataBase - У заявці Повірка від 11 листопада 2024 р. за адресою вул. Доценка, буд. 14, кв. 77 додано виконавця ЗАПЛАНОВАНІ та додано дату виконання 12 листопада 2024 р. користувачем [Коваль Людмила].
[11-Nov-2024 11:25:51 Europe/Helsinki] NewDATA [INFO] Новий лічильник номер: 7415851, тип: ЛК => DN 15, рік випуску: 2017, показники: 0, балансоутримувач: КП "ВДК" додано до БД користувачем [Коваль Людмила].
[11-Nov-2024 11:26:16 Europe/Helsinki] NewDATA [INFO] Новий лічильник номер: 7257436, тип: ЛК => DN 15, рік випуску: 2017, показники: 0, балансоутримувач: АТ "ОТКЕ" додано до БД користувачем [Коваль Людмила].
[11-Nov-2024 11:26:19 Europe/Helsinki] EditDATA [INFO] За адресою вул. Волковича, буд. 9, кв. 35 користувачем [Коваль Людмила] було додано лічильники: 7415851, 7257436].
[11-Nov-2024 11:27:14 Europe/Helsinki] NewDATA [INFO] Новий лічильник номер: 179094, тип: КВ-1,5 => DN 15, рік випуску: 2008, показники: 0, балансоутримувач: КП "ВДК" додано до БД користувачем [Коваль Людмила].
[11-Nov-2024 11:27:45 Europe/Helsinki] NewDATA [INFO] Новий лічильник номер: 254344, тип: КВ-1,5 => DN 15, рік випуску: 2012, показники: 0, балансоутримувач: АТ "ОТКЕ" додано до БД користувачем [Коваль Людмила].
[11-Nov-2024 11:27:48 Europe/Helsinki] EditDATA [INFO] За адресою вул. Авіаторів, буд. 19, кв. 82 користувачем [Коваль Людмила] було додано лічильники: 179094, 254344].
[11-Nov-2024 11:28:38 Europe/Helsinki] NewDATA [INFO] Новий лічильник номер: 11594379, тип: ResidiaJet => DN 15, рік випуску: 2018, показники: 0, балансоутримувач: КП "ВДК" додано до БД користувачем [Коваль Людмила].
[11-Nov-2024 11:29:04 Europe/Helsinki] NewDATA [INFO] Новий лічильник номер: 11486636, тип: ResidiaJet => DN 15, рік випуску: 2018, показники: 0, балансоутримувач: АТ "ОТКЕ" додано до БД користувачем [Коваль Людмила].
[11-Nov-2024 11:29:06 Europe/Helsinki] EditDATA [INFO] За адресою вул. Захисників України, буд. 10, корп. А, кв. 38 користувачем [Коваль Людмила] було додано лічильники: 11594379, 11486636].
[11-Nov-2024 11:30:15 Europe/Helsinki] DellTASK [INFO] Повірка від 06.11.2024 для адреси вул. Красносільського, буд. 79, кв. 26 для лічильника БЕЗ НОМЕРА - 2 шт. було завершено користувачем [Коваль Людмила] з коментарем: виконано.
[11-Nov-2024 11:30:33 Europe/Helsinki] DellTASK [INFO] Повірка від 05.11.2024 для адреси вул. Красносільського, буд. 73, кв. 8 для лічильника БЕЗ НОМЕРА - 4 шт. було завершено користувачем [Коваль Людмила] з коментарем: виконано.
[11-Nov-2024 11:30:51 Europe/Helsinki] DellTASK [INFO] Повірка від 05.11.2024 для адреси вул. Незалежності, буд. 14, кв. 37 для лічильника БЕЗ НОМЕРА - 2 шт. було завершено користувачем [Коваль Людмила] з коментарем: виконано.
[11-Nov-2024 11:31:06 Europe/Helsinki] DellTASK [INFO] Повірка від 05.11.2024 для адреси вул. Красносільського, буд. 73, кв. 63 для лічильника БЕЗ НОМЕРА - 2 шт. було завершено користувачем [Коваль Людмила] з коментарем: виконано.
[11-Nov-2024 11:31:23 Europe/Helsinki] DellTASK [INFO] Повірка від 05.11.2024 для адреси вул. Незалежності, буд. 68, кв. 2 для лічильника БЕЗ НОМЕРА - 2 шт. було завершено користувачем [Коваль Людмила] з коментарем: виконано.
[11-Nov-2024 11:31:41 Europe/Helsinki] DellTASK [INFO] Повірка від 05.11.2024 для адреси просп. Перемоги, буд. 47, кв. 18 для лічильника БЕЗ НОМЕРА - 2 шт. було завершено користувачем [Коваль Людмила] з коментарем: виконано.
[11-Nov-2024 11:32:00 Europe/Helsinki] DellTASK [INFO] Повірка від 04.11.2024 для адреси вул. Незалежності, буд. 14, кв. 84 для лічильника БЕЗ НОМЕРА - 2 шт. було завершено користувачем [Коваль Людмила] з коментарем: виконано.
[11-Nov-2024 11:32:17 Europe/Helsinki] DellTASK [INFO] Повірка від 01.11.2024 для адреси вул. Незалежності, буд. 82, кв. 123 для лічильника БЕЗ НОМЕРА - 1 шт. було завершено користувачем [Коваль Людмила] з коментарем: виконано.
[11-Nov-2024 11:32:31 Europe/Helsinki] DellTASK [INFO] Повірка від 01.11.2024 для адреси вул. Незалежності, буд. 50, кв. 15 для лічильника БЕЗ НОМЕРА - 1 шт. було завершено користувачем [Коваль Людмила] з коментарем: виконано.
[11-Nov-2024 11:32:44 Europe/Helsinki] DellTASK [INFO] Повірка від 22.10.2024 для адреси вул. Ріпкинська, буд. 1, кв. 5 для лічильника БЕЗ НОМЕРА - 1 шт. було завершено користувачем [Коваль Людмила] з коментарем: виконано.
[11-Nov-2024 11:33:06 Europe/Helsinki] DellTASK [INFO] Повірка від 31.10.2024 для адреси вул. Незалежності, буд. 21, кв. 81 для лічильника БЕЗ НОМЕРА - 1 шт. було завершено користувачем [Коваль Людмила] з коментарем: виконано.
[11-Nov-2024 11:43:29 Europe/Helsinki] EditDATA [INFO] За адресою вул. Захисників України 3 корпус А, кв. 8 користувачем [Сміян Альона] змінені номери телефонів з +38(0462)95-71-52 на +38(093)119-10-60, при створенні нової заявки [Повірка] від 11.11.2024.
[11-Nov-2024 11:43:29 Europe/Helsinki] NewDATA [INFO] Нова заявка Повірка, адреса: вул. Захисників України 3 корпус А, кв. 8, лічильники: БЕЗ НОМЕРА - 2 шт., вартість: 600 грн., примітки: 13-17 додано до БД користувачем [Сміян Альона].
[2024-11-11T11:43:34.447] [INFO] DataBase - У заявці Повірка від 11 листопада 2024 р. за адресою вул. Захисників України, буд. 3, корп. А, кв. 8 додано виконавця ЗАПЛАНОВАНІ та додано дату виконання 13 листопада 2024 р. користувачем [Сміян Альона].
[11-Nov-2024 12:19:23 Europe/Helsinki] EditDATA [INFO] За адресою просп. Левка Лукяненка 35, кв. 124 користувачем [Сміян Альона] змінені номери телефонів з +38(067)892-15-89, +38(067)232-86-85 на +38(097)249-83-49, при створенні нової заявки [Повірка] від 11.11.2024.
[11-Nov-2024 12:19:23 Europe/Helsinki] NewDATA [INFO] Нова заявка Повірка, адреса: просп. Левка Лукяненка 35, кв. 124, лічильники: БЕЗ НОМЕРА - 4 шт., вартість: 1200 грн., примітки: 13-17 додано до БД користувачем [Сміян Альона].
[2024-11-11T12:19:27.939] [INFO] DataBase - У заявці Повірка від 11 листопада 2024 р. за адресою просп. Левка Лукяненка, буд. 35, кв. 124 додано виконавця ЗАПЛАНОВАНІ та додано дату виконання 12 листопада 2024 р. користувачем [Сміян Альона].
[11-Nov-2024 12:39:35 Europe/Helsinki] NewDATA [INFO] Нова адреса вул. 1-ої танкової бригади, буд. 37, корп. 3, кв. 9, тел. +38 (097) 971-05-82 додана до БД користувачем [Сусло Тетяна].
[11-Nov-2024 12:40:06 Europe/Helsinki] NewDATA [INFO] Нова заявка Повірка, адреса: вул. 1-ої танкової бригади 37 корпус 3, кв. 9, лічильники: БЕЗ НОМЕРА - 1 шт., вартість: 300 грн., примітки: 15-18, за 15 хв додано до БД користувачем [Сусло Тетяна].
[2024-11-11T12:40:22.878] [INFO] DataBase - У заявці Повірка від 11 листопада 2024 р. за адресою вул. 1-ої танкової бригади, буд. 37, корп. 3, кв. 9 додано виконавця ЗАПЛАНОВАНІ та додано дату виконання 12 листопада 2024 р. користувачем [Сусло Тетяна].
[11-Nov-2024 13:07:58 Europe/Helsinki] EditDATA [INFO] За адресою вул. Захисників України 8, кв. 33 користувачем [Сусло Тетяна] змінені номери телефонів з +38(093)927-96-93 на +38(093)927-91-93, при створенні нової заявки [Повірка] від 11.11.2024.
[11-Nov-2024 13:07:58 Europe/Helsinki] NewDATA [INFO] Нова заявка Повірка, адреса: вул. Захисників України 8, кв. 33, лічильники: БЕЗ НОМЕРА - 2 шт., вартість: 600 грн., примітки: 13-18 додано до БД користувачем [Сусло Тетяна].
[2024-11-11T13:08:03.506] [INFO] DataBase - У заявці Повірка від 11 листопада 2024 р. за адресою вул. Захисників України, буд. 8, кв. 33 додано виконавця ЗАПЛАНОВАНІ та додано дату виконання 13 листопада 2024 р. користувачем [Сусло Тетяна].
[11-Nov-2024 13:08:40 Europe/Helsinki] EditDATA [INFO] Для заявки Повірка від 11.11.2024 користувачем [Сусло Тетяна] змінено виконавця з ЗАПЛАНОВАНІ на Ващенко.
[11-Nov-2024 13:08:49 Europe/Helsinki] EditDATA [INFO] Для заявки Повірка від 11.11.2024 користувачем [Сусло Тетяна] змінено виконавця з ЗАПЛАНОВАНІ на Ващенко.
[11-Nov-2024 13:08:59 Europe/Helsinki] EditDATA [INFO] Для заявки Повірка від 11.11.2024 користувачем [Сусло Тетяна] змінено виконавця з ЗАПЛАНОВАНІ на Ващенко.
[11-Nov-2024 13:09:08 Europe/Helsinki] EditDATA [INFO] Для заявки Повірка від 11.11.2024 користувачем [Сусло Тетяна] змінено виконавця з ЗАПЛАНОВАНІ на Ващенко.
[11-Nov-2024 13:09:16 Europe/Helsinki] EditDATA [INFO] Для заявки Повірка від 08.11.2024 користувачем [Коваль Людмила] змінено виконавця з ЗАПЛАНОВАНІ на Богомаз.
[11-Nov-2024 13:09:18 Europe/Helsinki] EditDATA [INFO] Для заявки Повірка від 11.11.2024 користувачем [Сусло Тетяна] змінено виконавця з ЗАПЛАНОВАНІ на Ващенко.
[11-Nov-2024 13:09:27 Europe/Helsinki] EditDATA [INFO] Для заявки Повірка від 11.11.2024 користувачем [Сусло Тетяна] змінено виконавця з ЗАПЛАНОВАНІ на Ващенко.
[11-Nov-2024 13:09:31 Europe/Helsinki] EditDATA [INFO] Для заявки Повірка від 06.11.2024 користувачем [Коваль Людмила] змінено виконавця з ЗАПЛАНОВАНІ на Богомаз.
[11-Nov-2024 13:09:36 Europe/Helsinki] EditDATA [INFO] Для заявки Повірка від 11.11.2024 користувачем [Сусло Тетяна] змінено виконавця з ЗАПЛАНОВАНІ на Ващенко.
[11-Nov-2024 13:09:48 Europe/Helsinki] EditDATA [INFO] Для заявки Повірка від 04.11.2024 користувачем [Сусло Тетяна] змінено виконавця з ЗАПЛАНОВАНІ на Ващенко.
[11-Nov-2024 13:10:14 Europe/Helsinki] EditDATA [INFO] Для заявки Повірка від 08.11.2024 користувачем [Коваль Людмила] змінено виконавця з ЗАПЛАНОВАНІ на Шкуліпа.
[11-Nov-2024 13:10:34 Europe/Helsinki] EditDATA [INFO] Для заявки Повірка від 11.11.2024 користувачем [Коваль Людмила] змінено виконавця з ЗАПЛАНОВАНІ на Шкуліпа.
[11-Nov-2024 13:10:46 Europe/Helsinki] EditDATA [INFO] Для заявки Повірка від 06.11.2024 користувачем [Коваль Людмила] змінено виконавця з ЗАПЛАНОВАНІ на Шкуліпа.
[11-Nov-2024 13:11:19 Europe/Helsinki] EditDATA [INFO] Для заявки Повірка від 08.11.2024 користувачем [Коваль Людмила] змінено виконавця з ЗАПЛАНОВАНІ на Шкуліпа.
[11-Nov-2024 13:11:28 Europe/Helsinki] EditDATA [INFO] Для заявки Повірка від 08.11.2024 користувачем [Коваль Людмила] змінено виконавця з ЗАПЛАНОВАНІ на Шкуліпа.
[11-Nov-2024 13:11:38 Europe/Helsinki] EditDATA [INFO] Для заявки Повірка від 08.11.2024 користувачем [Коваль Людмила] змінено виконавця з ЗАПЛАНОВАНІ на Шкуліпа.
[11-Nov-2024 13:11:48 Europe/Helsinki] EditDATA [INFO] Для заявки Повірка від 07.11.2024 користувачем [Коваль Людмила] змінено виконавця з ЗАПЛАНОВАНІ на Шкуліпа.
[11-Nov-2024 13:12:26 Europe/Helsinki] EditDATA [INFO] Для заявки Повірка від 07.11.2024 користувачем [Коваль Людмила] змінено виконавця з ЗАПЛАНОВАНІ на Шкуліпа.
[11-Nov-2024 13:12:53 Europe/Helsinki] EditDATA [INFO] Для заявки Повірка від 05.11.2024 користувачем [Коваль Людмила] змінено виконавця з ЗАПЛАНОВАНІ на Богомаз.
[11-Nov-2024 13:13:03 Europe/Helsinki] EditDATA [INFO] Для заявки Повірка від 05.11.2024 користувачем [Коваль Людмила] змінено виконавця з ЗАПЛАНОВАНІ на Богомаз.
[11-Nov-2024 13:13:15 Europe/Helsinki] EditDATA [INFO] Для заявки Повірка від 11.11.2024 користувачем [Коваль Людмила] змінено виконавця з ЗАПЛАНОВАНІ на Богомаз.
[11-Nov-2024 13:13:39 Europe/Helsinki] EditDATA [INFO] Для заявки Повірка від 04.11.2024 користувачем [Коваль Людмила] змінено виконавця з Ващенко на Богомаз.
[11-Nov-2024 13:48:59 Europe/Helsinki] NewDATA [INFO] Нова заявка Повірка, адреса: вул. 1-ої танкової бригади 21 корпус 1, кв. 50, лічильники: БЕЗ НОМЕРА - 2 шт., виконавець: Ващенко, вартість: 600 грн., примітки: 13-18, за 30 хв, код 5 додано до БД користувачем [Сусло Тетяна].
[2024-11-11T13:49:17.105] [INFO] DataBase - У заявці Повірка від 11 листопада 2024 р. за адресою вул. 1-ої танкової бригади, буд. 21, корп. 1, кв. 50 додано дату виконання 12 листопада 2024 р. користувачем [Сусло Тетяна].
[11-Nov-2024 13:54:00 Europe/Helsinki] NewDATA [INFO] Нова адреса вул. 1-ї Гвардійської Армії, буд. 8, кв. 86, тел. +38 (066) 363-24-53 додана до БД користувачем [Сміян Альона].
[11-Nov-2024 13:54:36 Europe/Helsinki] NewDATA [INFO] Нова заявка Повірка, адреса: вул. 1-ї Гвардійської Армії 8, кв. 86, лічильники: БЕЗ НОМЕРА - 2 шт., вартість: 600 грн., примітки: после 16 додано до БД користувачем [Сміян Альона].
[2024-11-11T13:54:41.791] [INFO] DataBase - У заявці Повірка від 11 листопада 2024 р. за адресою вул. 1-ї Гвардійської Армії, буд. 8, кв. 86 додано виконавця ЗАПЛАНОВАНІ та додано дату виконання 14 листопада 2024 р. користувачем [Сміян Альона].
[11-Nov-2024 13:55:40 Europe/Helsinki] NewDATA [INFO] Нова адреса вул. Любецька, буд. 15, кв. 7, тел. +38 (096) 335-50-52 додана до БД користувачем [Сусло Тетяна].
[11-Nov-2024 13:56:23 Europe/Helsinki] NewDATA [INFO] Нова заявка Повірка, адреса: вул. Любецька 15, кв. 7, лічильники: БЕЗ НОМЕРА - 2 шт., вартість: 600 грн., примітки: 8-13, домофон не працює додано до БД користувачем [Сусло Тетяна].
[2024-11-11T13:56:27.186] [INFO] DataBase - У заявці Повірка від 11 листопада 2024 р. за адресою вул. Любецька, буд. 15, кв. 7 додано виконавця ЗАПЛАНОВАНІ та додано дату виконання 13 листопада 2024 р. користувачем [Сусло Тетяна].
[11-Nov-2024 13:56:46 Europe/Helsinki] NewDATA [INFO] Новий лічильник номер: 150899, тип: КВ-1,5 => DN 15, рік випуску: 2016, показники: 0, балансоутримувач: КП "ВДК" додано до БД користувачем [Коваль Людмила].
[11-Nov-2024 13:56:48 Europe/Helsinki] EditDATA [INFO] За адресою вул. Ріпкинська, буд. 1, кв. 5 користувачем [Коваль Людмила] було додано лічильники: 150899].
[11-Nov-2024 13:57:07 Europe/Helsinki] NewDATA [INFO] Нова адреса вул. Мстиславська, буд. 47, кв. 11, тел. +38 (093) 083-95-28 додана до БД користувачем [Сусло Тетяна].
[11-Nov-2024 13:57:40 Europe/Helsinki] NewDATA [INFO] Новий лічильник номер: 445362, тип: КВ-1,5 => DN 15, рік випуску: 2005, показники: 0, балансоутримувач: КП "ВДК" додано до БД користувачем [Коваль Людмила].
[11-Nov-2024 13:57:48 Europe/Helsinki] NewDATA [INFO] Нова заявка Повірка, адреса: вул. Мстиславська 47, кв. 11, лічильники: БЕЗ НОМЕРА - 1 шт., вартість: 300 грн., примітки: 8-13, за 30 хв додано до БД користувачем [Сусло Тетяна].
[2024-11-11T13:57:55.348] [INFO] DataBase - У заявці Повірка від 11 листопада 2024 р. за адресою вул. Мстиславська, буд. 47, кв. 11 додано виконавця ЗАПЛАНОВАНІ та додано дату виконання 13 листопада 2024 р. користувачем [Сусло Тетяна].
[11-Nov-2024 13:58:15 Europe/Helsinki] NewDATA [INFO] Новий лічильник номер: 299085, тип: КВ-1,5 => DN 15, рік випуску: 2005, показники: 0, балансоутримувач: АТ "ОТКЕ" додано до БД користувачем [Коваль Людмила].
[11-Nov-2024 13:58:17 Europe/Helsinki] EditDATA [INFO] За адресою вул. Незалежності, буд. 14, кв. 84 користувачем [Коваль Людмила] було додано лічильники: 445362, 299085].
[11-Nov-2024 13:58:52 Europe/Helsinki] EditDATA [INFO] За адресою вул. Земська 72, кв. 66 користувачем [Сусло Тетяна] змінені номери телефонів з +38(093)911-33-35 на +38(073)855-22-02, при створенні нової заявки [Повірка] від 11.11.2024.
[11-Nov-2024 13:58:52 Europe/Helsinki] NewDATA [INFO] Нова заявка Повірка, адреса: вул. Земська 72, кв. 66, лічильники: БЕЗ НОМЕРА - 4 шт., вартість: 1200 грн., примітки: 8-13 додано до БД користувачем [Сусло Тетяна].
[2024-11-11T13:58:56.236] [INFO] DataBase - У заявці Повірка від 11 листопада 2024 р. за адресою вул. Земська, буд. 72, кв. 66 додано виконавця ЗАПЛАНОВАНІ та додано дату виконання 13 листопада 2024 р. користувачем [Сусло Тетяна].
[11-Nov-2024 13:59:02 Europe/Helsinki] NewDATA [INFO] Новий лічильник номер: 9200221135, тип: ЛК => DN 15, рік випуску: 2016, показники: 0, балансоутримувач: КП "ВДК" додано до БД користувачем [Коваль Людмила].
[11-Nov-2024 13:59:37 Europe/Helsinki] NewDATA [INFO] Новий лічильник номер: 112905, тип: ETR-U => DN 15, рік випуску: 2001, показники: 0, балансоутримувач: АТ "ОТКЕ" додано до БД користувачем [Коваль Людмила].
[11-Nov-2024 13:59:38 Europe/Helsinki] EditDATA [INFO] За адресою вул. Незалежності, буд. 14, кв. 37 користувачем [Коваль Людмила] було додано лічильники: 9200221135, 112905].
[11-Nov-2024 14:00:21 Europe/Helsinki] NewDATA [INFO] Новий лічильник номер: 6054512, тип: ЛК => DN 15, рік випуску: 2016, показники: 0, балансоутримувач: КП "ВДК" додано до БД користувачем [Коваль Людмила].
[11-Nov-2024 14:00:44 Europe/Helsinki] NewDATA [INFO] Новий лічильник номер: 6019173, тип: ЛК => DN 15, рік випуску: 2016, показники: 0, балансоутримувач: АТ "ОТКЕ" додано до БД користувачем [Коваль Людмила].
[11-Nov-2024 14:01:47 Europe/Helsinki] NewDATA [INFO] Новий лічильник номер: 6848058, тип: ЛК => DN 15, рік випуску: 2016, показники: 0, балансоутримувач: АТ "ОТКЕ" додано до БД користувачем [Коваль Людмила].
[11-Nov-2024 14:02:05 Europe/Helsinki] NewDATA [INFO] Нова заявка Заміна, адреса: вул. Незалежності 60, кв. 103, лічильники: 7477604, виконавець: Баранов, вартість: 1060 грн., примітки: 8-12, 1 хв, № 7477604-97 додано до БД користувачем [Сусло Тетяна].
[2024-11-11T14:02:08.865] [INFO] DataBase - У заявці Заміна від 11 листопада 2024 р. за адресою вул. Незалежності, буд. 60, кв. 103 додано дату виконання 13 листопада 2024 р. користувачем [Сусло Тетяна].
[11-Nov-2024 14:02:54 Europe/Helsinki] NewDATA [INFO] Нова адреса вул. Незалежності, буд. 16, кв. 24, тел. +38 (098) 294-78-21 додана до БД користувачем [Сусло Тетяна].
[11-Nov-2024 14:03:19 Europe/Helsinki] EditDATA [INFO] За адресою вул. Красносільського, буд. 73, кв. 8 користувачем [Коваль Людмила] було додано лічильники: 6054512, 6019173].
[11-Nov-2024 14:04:03 Europe/Helsinki] EditDATA [INFO] За адресою вул. Незалежності 16, кв. 24 користувачем [Сусло Тетяна] змінені номери телефонів з +38(098)294-78-21 на +38(098)294-78-21, +38(063)882-15-03, при створенні нової заявки [Повірка] від 11.11.2024.
[11-Nov-2024 14:04:03 Europe/Helsinki] NewDATA [INFO] Нова заявка Повірка, адреса: вул. Незалежності 16, кв. 24, лічильники: БЕЗ НОМЕРА - 2 шт., вартість: 600 грн., примітки: 9-13, за 30 хв, домофон не працює додано до БД користувачем [Сусло Тетяна].
[2024-11-11T14:04:09.012] [INFO] DataBase - У заявці Повірка від 11 листопада 2024 р. за адресою вул. Незалежності, буд. 16, кв. 24 додано виконавця ЗАПЛАНОВАНІ та додано дату виконання 19 листопада 2024 р. користувачем [Сусло Тетяна].
[11-Nov-2024 14:04:26 Europe/Helsinki] NewDATA [INFO] Новий лічильник номер: 411101, тип: КВ-1,5 => DN 15, рік випуску: 2002, показники: 0, балансоутримувач: АТ "ОТКЕ" додано до БД користувачем [Коваль Людмила].
[11-Nov-2024 14:04:52 Europe/Helsinki] NewDATA [INFO] Новий лічильник номер: 417564, тип: КВ-1,5 => DN 15, рік випуску: 2002, показники: 0, балансоутримувач: АТ "ОТКЕ" додано до БД користувачем [Коваль Людмила].
[11-Nov-2024 14:04:55 Europe/Helsinki] EditDATA [INFO] За адресою вул. Красносільського, буд. 73, кв. 63 користувачем [Коваль Людмила] було додано лічильники: 411101, 417564].
[11-Nov-2024 14:05:37 Europe/Helsinki] NewDATA [INFO] Новий лічильник номер: 369099, тип: КВ-1,5 => DN 15, рік випуску: 2004, показники: 0, балансоутримувач: КП "ВДК" додано до БД користувачем [Коваль Людмила].
[11-Nov-2024 14:06:01 Europe/Helsinki] NewDATA [INFO] Новий лічильник номер: 380638, тип: КВ-1,5 => DN 15, рік випуску: 2004, показники: 0, балансоутримувач: АТ "ОТКЕ" додано до БД користувачем [Коваль Людмила].
[11-Nov-2024 14:06:03 Europe/Helsinki] EditDATA [INFO] За адресою вул. Красносільського, буд. 79, кв. 26 користувачем [Коваль Людмила] було додано лічильники: 369099, 380638].
[11-Nov-2024 14:07:24 Europe/Helsinki] NewDATA [INFO] Новий лічильник номер: 649543, тип: КВ-1,5 => DN 15, рік випуску: 2004, показники: 0, балансоутримувач: АТ "ОТКЕ" додано до БД користувачем [Коваль Людмила].
[11-Nov-2024 14:07:26 Europe/Helsinki] EditDATA [INFO] За адресою вул. Незалежності, буд. 50, кв. 15 користувачем [Коваль Людмила] було додано лічильники: 649543].
[11-Nov-2024 14:08:15 Europe/Helsinki] NewDATA [INFO] Новий лічильник номер: 494181, тип: КВ-1,5 => DN 15, рік випуску: 2008, показники: 0, балансоутримувач: АТ "ОТКЕ" додано до БД користувачем [Коваль Людмила].
[11-Nov-2024 14:08:18 Europe/Helsinki] EditDATA [INFO] За адресою вул. Незалежності, буд. 82, кв. 123 користувачем [Коваль Людмила] було додано лічильники: 494181].
[11-Nov-2024 14:08:55 Europe/Helsinki] NewDATA [INFO] Новий лічильник номер: 280681, тип: КВ-1,5 => DN 15, рік випуску: 2001, показники: 0, балансоутримувач: КП "ВДК" додано до БД користувачем [Коваль Людмила].
[11-Nov-2024 14:10:08 Europe/Helsinki] NewDATA [INFO] Новий лічильник номер: 9200035057, тип: ЛК => DN 15, рік випуску: 2019, показники: 0, балансоутримувач: КП "ВДК" додано до БД користувачем [Коваль Людмила].
[11-Nov-2024 14:10:39 Europe/Helsinki] NewDATA [INFO] Новий лічильник номер: 9200029153, тип: ЛК => DN 15, рік випуску: 2019, показники: 0, балансоутримувач: КП "ТКЕ" додано до БД користувачем [Коваль Людмила].
[11-Nov-2024 14:10:42 Europe/Helsinki] EditDATA [INFO] За адресою просп. Перемоги, буд. 47, кв. 18 користувачем [Коваль Людмила] було додано лічильники: 9200035057, 9200029153].
[11-Nov-2024 14:11:32 Europe/Helsinki] NewDATA [INFO] Новий лічильник номер: 0778410, тип: ЛК => DN 15, рік випуску: 2018, показники: 0, балансоутримувач: КП "ВДК" додано до БД користувачем [Коваль Людмила].
[11-Nov-2024 14:11:34 Europe/Helsinki] EditDATA [INFO] За адресою вул. Незалежності, буд. 21, кв. 81 користувачем [Коваль Людмила] було додано лічильники: 0778410].
[11-Nov-2024 14:13:44 Europe/Helsinki] NewDATA [INFO] Новий лічильник номер: 002043, тип: КВ-1,5 => DN 15, рік випуску: 1996, показники: 0, балансоутримувач: АТ "ОТКЕ" додано до БД користувачем [Коваль Людмила].
[11-Nov-2024 14:13:46 Europe/Helsinki] EditDATA [INFO] За адресою вул. Незалежності, буд. 68, кв. 2 користувачем [Коваль Людмила] було додано лічильники: 280681, 002043].
[11-Nov-2024 14:20:32 Europe/Helsinki] EditDATA [INFO] За адресою вул. Незалежності 74, кв. 14 користувачем [Сусло Тетяна] змінені номери телефонів з +38(063)725-04-91 на +38(093)954-61-90, при створенні нової заявки [Повірка] від 11.11.2024.
[11-Nov-2024 14:20:32 Europe/Helsinki] NewDATA [INFO] Нова заявка Повірка, адреса: вул. Незалежності 74, кв. 14, лічильники: БЕЗ НОМЕРА - 2 шт., вартість: 600 грн., примітки: 13-17 додано до БД користувачем [Сусло Тетяна].
[2024-11-11T14:20:36.288] [INFO] DataBase - У заявці Повірка від 11 листопада 2024 р. за адресою вул. Незалежності, буд. 74, кв. 14 додано виконавця ЗАПЛАНОВАНІ та додано дату виконання 19 листопада 2024 р. користувачем [Сусло Тетяна].
[11-Nov-2024 14:42:04 Europe/Helsinki] NewDATA [INFO] Нова заявка Повірка, адреса: вул. Шевченка 37, кв. 19, лічильники: БЕЗ НОМЕРА - 1 шт., вартість: 300 грн., примітки: пер.за 30 хв додано до БД користувачем [Коваль Людмила].
[2024-11-11T14:42:27.488] [INFO] DataBase - У заявці Повірка від 11 листопада 2024 р. за адресою вул. Шевченка, буд. 37, кв. 19 додано виконавця ЗАПЛАНОВАНІ та додано дату виконання 13 листопада 2024 р. користувачем [Коваль Людмила].
[11-Nov-2024 14:47:33 Europe/Helsinki] NewDATA [INFO] Нова адреса просп. Миру, буд. 263, кв. 46, тел. +38 (050) 558-20-72 додана до БД користувачем [Коваль Людмила].
[11-Nov-2024 14:48:16 Europe/Helsinki] NewDATA [INFO] Нова заявка Повірка, адреса: просп. Миру 263, кв. 46, лічильники: БЕЗ НОМЕРА - 2 шт., вартість: 600 грн., примітки: перезв.за час додано до БД користувачем [Коваль Людмила].
[11-Nov-2024 14:52:13 Europe/Helsinki] EditDATA [INFO] За адресою вул. Льотна 43, кв. 170 користувачем [Сміян Альона] змінені номери телефонів з +38(097)430-76-85, +38(067)901-80-03 на +38(067)920-20-61, при створенні нової заявки [Повірка] від 11.11.2024.
[11-Nov-2024 14:52:13 Europe/Helsinki] NewDATA [INFO] Нова заявка Повірка, адреса: вул. Льотна 43, кв. 170, лічильники: БЕЗ НОМЕРА - 2 шт., виконавець: Богомаз, вартість: 600 грн., примітки: 13-17 додано до БД користувачем [Сміян Альона].
[2024-11-11T14:52:17.427] [INFO] DataBase - У заявці Повірка від 11 листопада 2024 р. за адресою вул. Льотна, буд. 43, кв. 170 додано дату виконання 12 листопада 2024 р. користувачем [Сміян Альона].
[11-Nov-2024 15:24:04 Europe/Helsinki] EditDATA [INFO] Для заявки Повірка від 11.11.2024 користувачем [Сусло Тетяна] змінено примітки з 13-17 30хв на 8-13, 30хв.
[11-Nov-2024 15:24:12 Europe/Helsinki] EditDATA [INFO] Для заявки Повірка від 11.11.2024 користувачем [Сусло Тетяна] змінено виконавця з ЗАПЛАНОВАНІ на Ващенко.
[11-Nov-2024 15:24:24 Europe/Helsinki] EditDATA [INFO] Для заявки Повірка від 08.11.2024 користувачем [Сусло Тетяна] змінено виконавця з ЗАПЛАНОВАНІ на Ващенко.
[11-Nov-2024 15:25:18 Europe/Helsinki] EditDATA [INFO] Для заявки Повірка від 11.11.2024 користувачем [Коваль Людмила] змінено примітки з 13-17 на 10-14,пер.за 30 хв.
[11-Nov-2024 15:26:26 Europe/Helsinki] NewDATA [INFO] Нова заявка Повірка, адреса: вул. Космонавтів 20, кв. 74, лічильники: БЕЗ НОМЕРА - 1 шт., вартість: 300 грн., примітки: 8-13, 1 гв додано до БД користувачем [Сусло Тетяна].
[2024-11-11T15:26:37.758] [INFO] DataBase - У заявці Повірка від 11 листопада 2024 р. за адресою вул. Космонавтів, буд. 20, кв. 74 додано виконавця ЗАПЛАНОВАНІ та додано дату виконання 13 листопада 2024 р. користувачем [Сусло Тетяна].
[2024-11-11T16:01:40.273] [INFO] DataBase - У заявці Повірка від 11 листопада 2024 р. за адресою просп. Миру, буд. 263, кв. 46 додано виконавця Богомаз та додано дату виконання 12 листопада 2024 р. користувачем [Коваль Людмила].

