[22-Nov-2024 09:15:15 Europe/Helsinki] NewDATA [INFO] Нова адреса вул. Волковича, буд. 12, кв. 33, тел. +38 (093) 635-89-84 додана до БД користувачем [Сусло Тетяна].
[22-Nov-2024 09:16:00 Europe/Helsinki] NewDATA [INFO] Нова заявка Повірка, адреса: вул. Волковича 12, кв. 33, лічильники: БЕЗ НОМЕРА - 2 шт., вартість: 600 грн., примітки: 13-17, під'їзд другий зправа додано до БД користувачем [Сусло Тетяна].
[2024-11-22T09:16:03.614] [INFO] DataBase - У заявці Повірка від 22 листопада 2024 р. за адресою вул. Волковича, буд. 12, кв. 33 додано виконавця ЗАПЛАНОВАНІ та додано дату виконання 28 листопада 2024 р. користувачем [Сусло Тетяна].
[22-Nov-2024 09:18:03 Europe/Helsinki] DellTASK [INFO] Повірка від 19.11.2024 для адреси вул. Мазепи Івана, буд. 38, кв. 9 для лічильника БЕЗ НОМЕРА - 1 шт. було завершено користувачем [Сусло Тетяна] з коментарем: виконано.
[22-Nov-2024 09:18:22 Europe/Helsinki] DellTASK [INFO] Повірка від 18.11.2024 для адреси вул. Радченка Вячеслава, буд. 12, кв. 35 для лічильника БЕЗ НОМЕРА - 4 шт. було завершено користувачем [Сусло Тетяна] з коментарем: виконано.
[22-Nov-2024 09:18:40 Europe/Helsinki] DellTASK [INFO] Повірка від 20.11.2024 для адреси вул. Жабинського, буд. 3, кв. 70 для лічильника БЕЗ НОМЕРА - 2 шт. було завершено користувачем [Сусло Тетяна] з коментарем: виконано.
[22-Nov-2024 09:19:00 Europe/Helsinki] DellTASK [INFO] Повірка від 19.11.2024 для адреси вул. Жабинського, буд. 9, кв. 67 для лічильника БЕЗ НОМЕРА - 1 шт. було завершено користувачем [Сусло Тетяна] з коментарем: виконано 2 ліч.
[22-Nov-2024 09:19:45 Europe/Helsinki] DellTASK [INFO] Повірка від 19.11.2024 для адреси вул. Пирогова, буд. 22, кв. 3 для лічильника БЕЗ НОМЕРА - 2 шт. було завершено користувачем [Сусло Тетяна] з коментарем: виконано.
[22-Nov-2024 09:20:03 Europe/Helsinki] DellTASK [INFO] Повірка від 20.11.2024 для адреси вул. Промислова, буд. 1, кв. 9 для лічильника БЕЗ НОМЕРА - 1 шт. було завершено користувачем [Сусло Тетяна] з коментарем: виконано.
[22-Nov-2024 09:20:22 Europe/Helsinki] DellTASK [INFO] Повірка від 20.11.2024 для адреси вул. 1-ї Гвардійської Армії, буд. 4, кв. 72 для лічильника БЕЗ НОМЕРА - 2 шт. було завершено користувачем [Сусло Тетяна] з коментарем: виконано.
[22-Nov-2024 09:20:38 Europe/Helsinki] DellTASK [INFO] Повірка від 18.11.2024 для адреси вул. Гетьмана Полуботка, буд. 74, кв. 5 для лічильника БЕЗ НОМЕРА - 2 шт. було завершено користувачем [Сусло Тетяна] з коментарем: виконано.
[22-Nov-2024 09:21:02 Europe/Helsinki] DellTASK [INFO] Повірка від 19.11.2024 для адреси вул. Савчука, буд. 7, кв. 296 для лічильника БЕЗ НОМЕРА - 2 шт. було завершено користувачем [Сусло Тетяна] з коментарем: виконано.
[22-Nov-2024 09:26:31 Europe/Helsinki] DellTASK [INFO] Повірка від 20.11.2024 для адреси вул. Рапопорта, буд. 43, кв. 47 для лічильника БЕЗ НОМЕРА - 1 шт. було завершено користувачем [Сусло Тетяна] з коментарем: виконано.
[22-Nov-2024 09:26:48 Europe/Helsinki] DellTASK [INFO] Повірка від 20.11.2024 для адреси вул. 1-ої танкової бригади, буд. 37, корп. 1, кв. 9 для лічильника БЕЗ НОМЕРА - 2 шт. було завершено користувачем [Сусло Тетяна] з коментарем: виконано.
[22-Nov-2024 09:27:17 Europe/Helsinki] DellTASK [INFO] Повірка від 19.11.2024 для адреси вул. Всіхсвятська, буд. 6, кв. 151 для лічильника БЕЗ НОМЕРА - 4 шт. було завершено користувачем [Сусло Тетяна] з коментарем: виконано.
[22-Nov-2024 09:27:32 Europe/Helsinki] DellTASK [INFO] Повірка від 20.11.2024 для адреси просп. Перемоги, буд. 178, кв. 3 для лічильника БЕЗ НОМЕРА - 1 шт. було завершено користувачем [Сусло Тетяна] з коментарем: виконано.
[22-Nov-2024 09:27:57 Europe/Helsinki] DellTASK [INFO] Повірка від 20.11.2024 для адреси вул. Захисників України, буд. 14, корп. Б, кв. 93 для лічильника БЕЗ НОМЕРА - 2 шт. було завершено користувачем [Сусло Тетяна] з коментарем: нема доступа.
[22-Nov-2024 09:28:13 Europe/Helsinki] DellTASK [INFO] Повірка від 20.11.2024 для адреси вул. Захисників України, буд. 3, кв. 47 для лічильника БЕЗ НОМЕРА - 2 шт. було завершено користувачем [Сусло Тетяна] з коментарем: виконано.
[22-Nov-2024 09:28:34 Europe/Helsinki] DellTASK [INFO] Повірка від 19.11.2024 для адреси вул. Освіти, буд. 6, кв. 89 для лічильника БЕЗ НОМЕРА - 1 шт. було завершено користувачем [Сусло Тетяна] з коментарем: несправна сантехніка.
[22-Nov-2024 09:28:44 Europe/Helsinki] NewDATA [INFO] Нова адреса вул. Гонча, буд. 78, кв. 78, тел. +38 (063) 563-28-33 додана до БД користувачем [Коваль Людмила].
[22-Nov-2024 09:29:23 Europe/Helsinki] NewDATA [INFO] Нова заявка Повірка, адреса: вул. Гонча 78, кв. 78, лічильники: БЕЗ НОМЕРА - 2 шт., вартість: 600 грн., примітки: 13-17 додано до БД користувачем [Коваль Людмила].
[2024-11-22T09:29:39.643] [INFO] DataBase - У заявці Повірка від 22 листопада 2024 р. за адресою вул. Гонча, буд. 78, кв. 78 додано виконавця Осипенко та додано дату виконання 22 листопада 2024 р. користувачем [Коваль Людмила].
[22-Nov-2024 09:30:36 Europe/Helsinki] NewDATA [INFO] Новий лічильник номер: 0200236379, тип: ЛК => DN 15, рік випуску: 2020, показники: 0, балансоутримувач: КП "ВДК" додано до БД користувачем [Сусло Тетяна].
[22-Nov-2024 09:30:38 Europe/Helsinki] EditDATA [INFO] За адресою вул. Рапопорта, буд. 43, кв. 47 користувачем [Сусло Тетяна] було додано лічильники: 0200236379].
[22-Nov-2024 09:30:51 Europe/Helsinki] NewDATA [INFO] Нова заявка Повірка, адреса: просп. Левка Лукяненка 28, кв. 64, лічильники: БЕЗ НОМЕРА - 2 шт., вартість: 600 грн., примітки: 8-13,11 поверх додано до БД користувачем [Коваль Людмила].
[2024-11-22T09:31:04.113] [INFO] DataBase - У заявці Повірка від 22 листопада 2024 р. за адресою просп. Левка Лукяненка, буд. 28, кв. 64 додано виконавця ЗАПЛАНОВАНІ та додано дату виконання 28 листопада 2024 р. користувачем [Коваль Людмила].
[22-Nov-2024 09:31:15 Europe/Helsinki] NewDATA [INFO] Новий лічильник номер: 170338, тип: КВ-1,5 => DN 15, рік випуску: 2002, показники: 0, балансоутримувач: КП "ВДК" додано до БД користувачем [Сусло Тетяна].
[22-Nov-2024 09:31:39 Europe/Helsinki] NewDATA [INFO] Новий лічильник номер: 417496, тип: КВ-1,5 => DN 15, рік випуску: 2004, показники: 0, балансоутримувач: АТ "ОТКЕ" додано до БД користувачем [Сусло Тетяна].
[22-Nov-2024 09:31:41 Europe/Helsinki] EditDATA [INFO] За адресою вул. 1-ої танкової бригади, буд. 37, корп. 1, кв. 9 користувачем [Сусло Тетяна] було додано лічильники: 170338, 417496].
[22-Nov-2024 09:32:21 Europe/Helsinki] NewDATA [INFO] Новий лічильник номер: 5557992, тип: ЛК => DN 15, рік випуску: 2015, показники: 0, балансоутримувач: КП "ВДК" додано до БД користувачем [Сусло Тетяна].
[22-Nov-2024 09:32:46 Europe/Helsinki] NewDATA [INFO] Новий лічильник номер: 5277202, тип: ЛК => DN 15, рік випуску: 2015, показники: 0, балансоутримувач: АТ "ОТКЕ" додано до БД користувачем [Сусло Тетяна].
[22-Nov-2024 09:33:08 Europe/Helsinki] NewDATA [INFO] Новий лічильник номер: 5607833, тип: ЛК => DN 15, рік випуску: 2015, показники: 0, балансоутримувач: КП "ВДК" додано до БД користувачем [Сусло Тетяна].
[22-Nov-2024 09:33:28 Europe/Helsinki] NewDATA [INFO] Новий лічильник номер: 5504074, тип: ЛК => DN 15, рік випуску: 2015, показники: 0, балансоутримувач: АТ "ОТКЕ" додано до БД користувачем [Сусло Тетяна].
[22-Nov-2024 09:33:30 Europe/Helsinki] EditDATA [INFO] За адресою вул. Всіхсвятська, буд. 6, кв. 151 користувачем [Сусло Тетяна] було додано лічильники: 5557992, 5277202, 5607833, 5504074].
[22-Nov-2024 09:34:03 Europe/Helsinki] NewDATA [INFO] Новий лічильник номер: 014450, тип: КВ-1,5 => DN 15, рік випуску: 2011, показники: 0, балансоутримувач: КП "ВДК" додано до БД користувачем [Сусло Тетяна].
[22-Nov-2024 09:34:05 Europe/Helsinki] EditDATA [INFO] За адресою просп. Перемоги, буд. 178, кв. 3 користувачем [Сусло Тетяна] було додано лічильники: 014450].
[22-Nov-2024 09:34:45 Europe/Helsinki] NewDATA [INFO] Новий лічильник номер: 465000, тип: КВ-1,5 => DN 15, рік випуску: 2005, показники: 0, балансоутримувач: КП "ВДК" додано до БД користувачем [Сусло Тетяна].
[22-Nov-2024 09:35:04 Europe/Helsinki] NewDATA [INFO] Новий лічильник номер: 452420, тип: КВ-1,5 => DN 15, рік випуску: 2005, показники: 0, балансоутримувач: АТ "ОТКЕ" додано до БД користувачем [Сусло Тетяна].
[22-Nov-2024 09:35:06 Europe/Helsinki] EditDATA [INFO] За адресою вул. Захисників України, буд. 3, кв. 47 користувачем [Сусло Тетяна] було додано лічильники: 465000, 452420].
[22-Nov-2024 09:36:00 Europe/Helsinki] NewDATA [INFO] Новий лічильник номер: 6956776, тип: ЛК => DN 15, рік випуску: 2016, показники: 0, балансоутримувач: КП "ВДК" додано до БД користувачем [Сусло Тетяна].
[22-Nov-2024 09:36:02 Europe/Helsinki] EditDATA [INFO] За адресою вул. Мазепи Івана, буд. 38, кв. 9 користувачем [Сусло Тетяна] було додано лічильники: 6956776].
[22-Nov-2024 09:36:48 Europe/Helsinki] NewDATA [INFO] Новий лічильник номер: 11594237, тип: ResidiaJet => DN 15, рік випуску: 2018, показники: 0, балансоутримувач: КП "ВДК" додано до БД користувачем [Сусло Тетяна].
[22-Nov-2024 09:37:18 Europe/Helsinki] NewDATA [INFO] Новий лічильник номер: 11592816, тип: ResidiaJet => DN 15, рік випуску: 2018, показники: 0, балансоутримувач: КП "ТКЕ" додано до БД користувачем [Сусло Тетяна].
[22-Nov-2024 09:37:42 Europe/Helsinki] NewDATA [INFO] Новий лічильник номер: 11594241, тип: ResidiaJet => DN 15, рік випуску: 2018, показники: 0, балансоутримувач: КП "ВДК" додано до БД користувачем [Сусло Тетяна].
[22-Nov-2024 09:38:06 Europe/Helsinki] NewDATA [INFO] Новий лічильник номер: 11592822, тип: ResidiaJet => DN 15, рік випуску: 2018, показники: 0, балансоутримувач: КП "ТКЕ" додано до БД користувачем [Сусло Тетяна].
[22-Nov-2024 09:38:08 Europe/Helsinki] EditDATA [INFO] За адресою вул. Радченка Вячеслава, буд. 12, кв. 35 користувачем [Сусло Тетяна] було додано лічильники: 11594237, 11592816, 11594241, 11592822].
[22-Nov-2024 09:38:56 Europe/Helsinki] NewDATA [INFO] Новий лічильник номер: 191257202, тип: СВК => DN 15, рік випуску: 2019, показники: 0, балансоутримувач: КП "ВДК" додано до БД користувачем [Сусло Тетяна].
[22-Nov-2024 09:39:20 Europe/Helsinki] NewDATA [INFO] Новий лічильник номер: 191264843, тип: СВК => DN 15, рік випуску: 2019, показники: 0, балансоутримувач: КП "ТКЕ" додано до БД користувачем [Сусло Тетяна].
[22-Nov-2024 09:39:23 Europe/Helsinki] EditDATA [INFO] За адресою вул. Жабинського, буд. 3, кв. 70 користувачем [Сусло Тетяна] було додано лічильники: 191257202, 191264843].
[22-Nov-2024 09:40:08 Europe/Helsinki] NewDATA [INFO] Новий лічильник номер: 0633611, тип: ЛК => DN 15, рік випуску: 2018, показники: 0, балансоутримувач: КП "ВДК" додано до БД користувачем [Сусло Тетяна].
[22-Nov-2024 09:40:31 Europe/Helsinki] NewDATA [INFO] Новий лічильник номер: 0323870, тип: ЛК => DN 15, рік випуску: 2018, показники: 0, балансоутримувач: КП "ТКЕ" додано до БД користувачем [Сусло Тетяна].
[22-Nov-2024 09:40:33 Europe/Helsinki] EditDATA [INFO] За адресою вул. Жабинського, буд. 9, кв. 67 користувачем [Сусло Тетяна] було додано лічильники: 0633611, 0323870].
[22-Nov-2024 09:41:09 Europe/Helsinki] NewDATA [INFO] Новий лічильник номер: 122414, тип: КВ-1,5 => DN 15, рік випуску: 2015, показники: 0, балансоутримувач: КП "ВДК" додано до БД користувачем [Сусло Тетяна].
[22-Nov-2024 09:41:33 Europe/Helsinki] NewDATA [INFO] Новий лічильник номер: 124658, тип: КВ-1,5 => DN 15, рік випуску: 2015, показники: 0, балансоутримувач: КП "ТКЕ" додано до БД користувачем [Сусло Тетяна].
[22-Nov-2024 09:41:35 Europe/Helsinki] EditDATA [INFO] За адресою вул. Пирогова, буд. 22, кв. 3 користувачем [Сусло Тетяна] було додано лічильники: 122414, 124658].
[22-Nov-2024 09:42:26 Europe/Helsinki] NewDATA [INFO] Новий лічильник номер: 269246, тип: КВ-1,5 => DN 15, рік випуску: 2015, показники: 0, балансоутримувач: КП "ТКЕ" додано до БД користувачем [Сусло Тетяна].
[22-Nov-2024 09:42:48 Europe/Helsinki] NewDATA [INFO] Новий лічильник номер: 286334, тип: КВ-1,5 => DN 15, рік випуску: 2015, показники: 0, балансоутримувач: КП "ВДК" додано до БД користувачем [Сусло Тетяна].
[22-Nov-2024 09:42:50 Europe/Helsinki] EditDATA [INFO] За адресою вул. Промислова, буд. 1, кв. 9 користувачем [Сусло Тетяна] було додано лічильники: 269246, 286334].
[22-Nov-2024 09:43:35 Europe/Helsinki] NewDATA [INFO] Новий лічильник номер: 134842, тип: КВ-1,5 => DN 15, рік випуску: 2016, показники: 0, балансоутримувач: КП "ВДК" додано до БД користувачем [Сусло Тетяна].
[22-Nov-2024 09:43:54 Europe/Helsinki] NewDATA [INFO] Новий лічильник номер: 134825, тип: КВ-1,5 => DN 15, рік випуску: 2016, показники: 0, балансоутримувач: КП "ВДК" додано до БД користувачем [Сусло Тетяна].
[22-Nov-2024 09:43:56 Europe/Helsinki] EditDATA [INFO] За адресою вул. 1-ї Гвардійської Армії, буд. 4, кв. 72 користувачем [Сусло Тетяна] було додано лічильники: 134842, 134825].
[22-Nov-2024 09:44:39 Europe/Helsinki] NewDATA [INFO] Новий лічильник номер: 303078, тип: КВ-1,5 => DN 15, рік випуску: 2015, показники: 0, балансоутримувач: КП "ВДК" додано до БД користувачем [Сусло Тетяна].
[22-Nov-2024 09:44:57 Europe/Helsinki] NewDATA [INFO] Новий лічильник номер: 267054, тип: КВ-1,5 => DN 15, рік випуску: 2015, показники: 0, балансоутримувач: АТ "ОТКЕ" додано до БД користувачем [Сусло Тетяна].
[22-Nov-2024 09:44:59 Europe/Helsinki] EditDATA [INFO] За адресою вул. Гетьмана Полуботка, буд. 74, кв. 5 користувачем [Сусло Тетяна] було додано лічильники: 303078, 267054].
[22-Nov-2024 09:45:34 Europe/Helsinki] NewDATA [INFO] Новий лічильник номер: 023442, тип: КВ-1,5 => DN 15, рік випуску: 2002, показники: 0, балансоутримувач: КП "ВДК" додано до БД користувачем [Сусло Тетяна].
[22-Nov-2024 09:46:01 Europe/Helsinki] NewDATA [INFO] Новий лічильник номер: 291142, тип: КВ-1,5 => DN 15, рік випуску: 2002, показники: 0, балансоутримувач: КП "ВДК" додано до БД користувачем [Сусло Тетяна].
[22-Nov-2024 09:46:03 Europe/Helsinki] EditDATA [INFO] За адресою вул. Савчука, буд. 7, кв. 296 користувачем [Сусло Тетяна] було додано лічильники: 023442, 291142].
[22-Nov-2024 09:50:37 Europe/Helsinki] EditDATA [INFO] За адресою просп. Перемоги 107, кв. 100 користувачем [Сміян Альона] змінені номери телефонів з +38(0462)77-86-14, +38(093)532-03-49, +38(063)692-48-59 на +38(098)401-18-04, при створенні нової заявки [Повірка] від 22.11.2024.
[22-Nov-2024 09:50:37 Europe/Helsinki] NewDATA [INFO] Нова заявка Повірка, адреса: просп. Перемоги 107, кв. 100, лічильники: БЕЗ НОМЕРА - 3 шт., вартість: 900 грн., примітки: 8-13 додано до БД користувачем [Сміян Альона].
[2024-11-22T09:50:43.079] [INFO] DataBase - У заявці Повірка від 22 листопада 2024 р. за адресою просп. Перемоги, буд. 107, кв. 100 додано виконавця ЗАПЛАНОВАНІ та додано дату виконання 25 листопада 2024 р. користувачем [Сміян Альона].
[22-Nov-2024 09:52:43 Europe/Helsinki] DellTASK [INFO] Повірка від 18.11.2024 для адреси вул. Волковича, буд. 23, кв. 54 для лічильника БЕЗ НОМЕРА - 1 шт. було завершено користувачем [Коваль Людмила] з коментарем: виконано.
[22-Nov-2024 09:53:00 Europe/Helsinki] DellTASK [INFO] Повірка від 20.11.2024 для адреси вул. Рятувальників, буд. 33, кв. 35 для лічильника БЕЗ НОМЕРА - 2 шт. було завершено користувачем [Коваль Людмила] з коментарем: виконано.
[22-Nov-2024 09:53:22 Europe/Helsinki] DellTASK [INFO] Повірка від 20.11.2024 для адреси вул. Льотна, буд. 43, кв. 112 для лічильника БЕЗ НОМЕРА - 2 шт. було завершено користувачем [Коваль Людмила] з коментарем: виконано.
[22-Nov-2024 10:05:41 Europe/Helsinki] NewDATA [INFO] Нова адреса просп. Левка Лукяненка, буд. 46, кв. 4, тел. +38 (098) 839-09-22 додана до БД користувачем [Сміян Альона].
[22-Nov-2024 10:07:21 Europe/Helsinki] NewDATA [INFO] Нова заявка Повірка, адреса: просп. Левка Лукяненка 46, кв. 4, лічильники: БЕЗ НОМЕРА - 1 шт., вартість: 300 грн., примітки: 8-13 додано до БД користувачем [Сміян Альона].
[2024-11-22T10:07:27.954] [INFO] DataBase - У заявці Повірка від 22 листопада 2024 р. за адресою просп. Левка Лукяненка, буд. 46, кв. 4 додано виконавця ЗАПЛАНОВАНІ та додано дату виконання 27 грудня 2024 р. користувачем [Сміян Альона].
[22-Nov-2024 10:16:36 Europe/Helsinki] EditDATA [INFO] За адресою вул. 1-ої танкової бригади 12, кв. 63 користувачем [Сміян Альона] змінені номери телефонів з +38(063)594-66-63 на +38(063)723-88-31, при створенні нової заявки [Повірка] від 22.11.2024.
[22-Nov-2024 10:16:36 Europe/Helsinki] NewDATA [INFO] Нова заявка Повірка, адреса: вул. 1-ої танкової бригади 12, кв. 63, лічильники: БЕЗ НОМЕРА - 1 шт., вартість: 300 грн., примітки: 14-18 додано до БД користувачем [Сміян Альона].
[2024-11-22T10:16:41.583] [INFO] DataBase - У заявці Повірка від 22 листопада 2024 р. за адресою вул. 1-ої танкової бригади, буд. 12, кв. 63 додано виконавця ЗАПЛАНОВАНІ та додано дату виконання 25 листопада 2024 р. користувачем [Сміян Альона].
[22-Nov-2024 10:16:54 Europe/Helsinki] EditDATA [INFO] Для заявки Повірка від 21.11.2024 користувачем [Сусло Тетяна] змінено примітки з 8-13, за 30 хв на 8-13, за 30 хв, не живуть там.
[22-Nov-2024 10:21:43 Europe/Helsinki] EditDATA [INFO] Для заявки Повірка від 21.11.2024 користувачем [Сусло Тетяна] змінено примітки з 13-17 на 13-17, за 30 хв, перенесений.
[2024-11-22T10:21:47.430] [INFO] DataBase - У заявці Повірка від 21 листопада 2024 р. за адресою вул. Стуса Василя, буд. 20, кв. 19 видалено дату виконання 22 листопада 2024 р. користувачем [Сусло Тетяна].
[2024-11-22T10:21:53.942] [INFO] DataBase - У заявці Повірка від 21 листопада 2024 р. за адресою вул. Стуса Василя, буд. 20, кв. 19 додано дату виконання 25 листопада 2024 р. користувачем [Сусло Тетяна].
[22-Nov-2024 10:22:00 Europe/Helsinki] EditDATA [INFO] Для заявки Повірка від 21.11.2024 користувачем [Сусло Тетяна] змінено виконавця з Осипенко на ЗАПЛАНОВАНІ.
[22-Nov-2024 10:24:41 Europe/Helsinki] EditDATA [INFO] За адресою вул. Доценка 24, кв. 42 користувачем [Сусло Тетяна] змінені номери телефонів з +38(068)361-87-80 на +38(068)354-32-07, при створенні нової заявки [Повірка] від 22.11.2024.
[22-Nov-2024 10:24:41 Europe/Helsinki] NewDATA [INFO] Нова заявка Повірка, адреса: вул. Доценка 24, кв. 42, лічильники: БЕЗ НОМЕРА - 3 шт., вартість: 900 грн., примітки: 8-13, за 1 год додано до БД користувачем [Сусло Тетяна].
[2024-11-22T10:24:46.240] [INFO] DataBase - У заявці Повірка від 22 листопада 2024 р. за адресою вул. Доценка, буд. 24, кв. 42 додано виконавця ЗАПЛАНОВАНІ та додано дату виконання 27 листопада 2024 р. користувачем [Сусло Тетяна].
[22-Nov-2024 10:25:04 Europe/Helsinki] EditDATA [INFO] Для заявки Повірка від 22.11.2024 користувачем [Сусло Тетяна] змінено примітки з 8-13, за 1 год на 8-13, за 1 год, будуть приїзжати.
[2024-11-22T10:26:27.728] [INFO] DataBase - У заявці Повірка від 22 листопада 2024 р. за адресою вул. Гонча, буд. 78, кв. 78 видалено дату виконання 22 листопада 2024 р. користувачем [Сусло Тетяна].
[2024-11-22T10:26:30.504] [INFO] DataBase - У заявці Повірка від 22 листопада 2024 р. за адресою вул. Гонча, буд. 78, кв. 78 додано дату виконання 25 листопада 2024 р. користувачем [Сусло Тетяна].
[22-Nov-2024 10:26:35 Europe/Helsinki] EditDATA [INFO] Для заявки Повірка від 22.11.2024 користувачем [Сусло Тетяна] змінено виконавця з Осипенко на ЗАПЛАНОВАНІ.
[22-Nov-2024 10:29:40 Europe/Helsinki] EditDATA [INFO] За адресою вул. Гонча 84, кв. 64 користувачем [Сміян Альона] змінені номери телефонів з +38(063)874-57-27, +38(099)098-11-06 на +38(097)356-38-24, при створенні нової заявки [Повірка] від 22.11.2024.
[22-Nov-2024 10:29:40 Europe/Helsinki] NewDATA [INFO] Нова заявка Повірка, адреса: вул. Гонча 84, кв. 64, лічильники: БЕЗ НОМЕРА - 2 шт., вартість: 600 грн., примітки: 13-17 додано до БД користувачем [Сміян Альона].
[2024-11-22T10:29:49.136] [INFO] DataBase - У заявці Повірка від 22 листопада 2024 р. за адресою вул. Гонча, буд. 84, кв. 64 додано виконавця ЗАПЛАНОВАНІ та додано дату виконання 25 листопада 2024 р. користувачем [Сміян Альона].
[22-Nov-2024 10:31:09 Europe/Helsinki] NewDATA [INFO] Нова заявка Заміна, адреса: вул. Мстиславська 173, кв. 32, лічильники: 9200120175, виконавець: Баранов, вартість: 1060 грн., примітки: 8-13, 1 гв, св, № 9200120175 додано до БД користувачем [Сусло Тетяна].
[2024-11-22T10:31:11.819] [INFO] DataBase - У заявці Заміна від 22 листопада 2024 р. за адресою вул. Мстиславська, буд. 173, кв. 32 додано дату виконання 26 листопада 2024 р. користувачем [Сусло Тетяна].
[22-Nov-2024 10:38:42 Europe/Helsinki] DellTASK [INFO] Повірка від 20.11.2024 для адреси просп. Миру, буд. 180, кв. 46 для лічильника БЕЗ НОМЕРА - 1 шт. було завершено користувачем [Коваль Людмила] з коментарем: виконано.
[22-Nov-2024 10:45:13 Europe/Helsinki] EditDATA [INFO] За адресою просп. Левка Лукяненка 30, кв. 40 користувачем [Сусло Тетяна] змінені номери телефонів з +38(050)448-49-87 на +38(050)448-49-87, +38(095)332-83-54, при створенні нової заявки [Повірка] від 22.11.2024.
[22-Nov-2024 10:45:13 Europe/Helsinki] NewDATA [INFO] Нова заявка Повірка, адреса: просп. Левка Лукяненка 30, кв. 40, лічильники: БЕЗ НОМЕРА - 4 шт., вартість: 1200 грн., примітки: 8-13, за 30 хв додано до БД користувачем [Сусло Тетяна].
[2024-11-22T10:45:17.737] [INFO] DataBase - У заявці Повірка від 22 листопада 2024 р. за адресою просп. Левка Лукяненка, буд. 30, кв. 40 додано виконавця ЗАПЛАНОВАНІ та додано дату виконання 27 листопада 2024 р. користувачем [Сусло Тетяна].
[22-Nov-2024 10:49:32 Europe/Helsinki] DellTASK [INFO] Повірка від 20.11.2024 для адреси вул. Небаби Мартина, буд. 102, кв. 26 для лічильника БЕЗ НОМЕРА - 2 шт. було завершено користувачем [Коваль Людмила] з коментарем: виконано.
[22-Nov-2024 10:49:49 Europe/Helsinki] DellTASK [INFO] Повірка від 18.11.2024 для адреси вул. курсанта Єськова, буд. 6, корп. 2, кв. 62 для лічильника БЕЗ НОМЕРА - 2 шт. було завершено користувачем [Коваль Людмила] з коментарем: виконано.
[22-Nov-2024 10:50:05 Europe/Helsinki] DellTASK [INFO] Повірка від 18.11.2024 для адреси вул. Льотна, буд. 27, кв. 29 для лічильника БЕЗ НОМЕРА - 1 шт. було завершено користувачем [Коваль Людмила] з коментарем: виконано.
[22-Nov-2024 10:51:00 Europe/Helsinki] DellTASK [INFO] Повірка від 20.11.2024 для адреси вул. Мстиславська, буд. 42, кв. 40 для лічильника БЕЗ НОМЕРА - 4 шт. було завершено користувачем [Коваль Людмила] з коментарем: виконано.
[22-Nov-2024 10:51:16 Europe/Helsinki] DellTASK [INFO] Повірка від 12.11.2024 для адреси вул. Небаби Мартина, буд. 100, кв. 18 для лічильника БЕЗ НОМЕРА - 2 шт. було завершено користувачем [Коваль Людмила] з коментарем: виконано.
[22-Nov-2024 10:52:05 Europe/Helsinki] NewDATA [INFO] Новий лічильник номер: 428607, тип: ЛК => DN 15, рік випуску: 2004, показники: 0, балансоутримувач: КП "ВДК" додано до БД користувачем [Коваль Людмила].
[22-Nov-2024 10:52:07 Europe/Helsinki] EditDATA [INFO] За адресою вул. курсанта Єськова, буд. 6, корп. 2, кв. 62 користувачем [Коваль Людмила] було додано лічильники: 428607].
[22-Nov-2024 10:53:49 Europe/Helsinki] NewDATA [INFO] Новий лічильник номер: 085099, тип: КВ-1,5 => DN 15, рік випуску: 2018, показники: 0, балансоутримувач: АТ "ОТКЕ" додано до БД користувачем [Коваль Людмила].
[22-Nov-2024 10:53:52 Europe/Helsinki] EditDATA [INFO] За адресою вул. Волковича, буд. 23, кв. 54 користувачем [Коваль Людмила] було додано лічильники: 085099].
[22-Nov-2024 10:54:55 Europe/Helsinki] NewDATA [INFO] Новий лічильник номер: 019824, тип: ТАКТ => DN 15, рік випуску: 2006, показники: 0, балансоутримувач: АТ "ОТКЕ" додано до БД користувачем [Коваль Людмила].
[22-Nov-2024 10:55:20 Europe/Helsinki] NewDATA [INFO] Новий лічильник номер: 014258, тип: ТАКТ => DN 15, рік випуску: 2006, показники: 0, балансоутримувач: КП "ВДК" додано до БД користувачем [Коваль Людмила].
[22-Nov-2024 10:55:22 Europe/Helsinki] EditDATA [INFO] За адресою вул. Льотна, буд. 43, кв. 112 користувачем [Коваль Людмила] було додано лічильники: 019824, 014258].
[22-Nov-2024 10:56:09 Europe/Helsinki] NewDATA [INFO] Новий лічильник номер: 646707, тип: ТАКТ => DN 15, рік випуску: 2011, показники: 0, балансоутримувач: КП "ВДК" додано до БД користувачем [Коваль Людмила].
[22-Nov-2024 10:56:11 Europe/Helsinki] EditDATA [INFO] За адресою вул. Льотна, буд. 27, кв. 29 користувачем [Коваль Людмила] було додано лічильники: 646707].
[22-Nov-2024 10:56:56 Europe/Helsinki] NewDATA [INFO] Новий лічильник номер: 045815, тип: КВ-1,5 => DN 15, рік випуску: 2004, показники: 0, балансоутримувач: АТ "ОТКЕ" додано до БД користувачем [Коваль Людмила].
[22-Nov-2024 10:57:45 Europe/Helsinki] NewDATA [INFO] Новий лічильник номер: 0200218936, тип: ЛК => DN 15, рік випуску: 2020, показники: 0, балансоутримувач: КП "ВДК" додано до БД користувачем [Коваль Людмила].
[22-Nov-2024 11:07:39 Europe/Helsinki] NewDATA [INFO] Новий лічильник номер: 97239580, тип: ETK-U => DN 15, рік випуску: 1997, показники: 0, балансоутримувач: КП "ВДК" додано до БД користувачем [Коваль Людмила].
[22-Nov-2024 11:08:12 Europe/Helsinki] NewDATA [INFO] Новий лічильник номер: 9200010494, тип: ЛК => DN 15, рік випуску: 2019, показники: 0, балансоутримувач: АТ "ОТКЕ" додано до БД користувачем [Коваль Людмила].
[22-Nov-2024 11:08:14 Europe/Helsinki] EditDATA [INFO] За адресою вул. Небаби Мартина, буд. 102, кв. 26 користувачем [Коваль Людмила] було додано лічильники: 97239580, 9200010494].
[22-Nov-2024 11:09:01 Europe/Helsinki] NewDATA [INFO] Новий лічильник номер: 9200089502, тип: ЛК => DN 15, рік випуску: 2019, показники: 0, балансоутримувач: КП "ВДК" додано до БД користувачем [Коваль Людмила].
[22-Nov-2024 11:12:47 Europe/Helsinki] NewDATA [INFO] Нова адреса просп. Левка Лукяненка, буд. 35, кв. 26, тел. +38 (098) 364-08-27 додана до БД користувачем [Сміян Альона].
[22-Nov-2024 11:13:43 Europe/Helsinki] NewDATA [INFO] Нова заявка Повірка, адреса: просп. Левка Лукяненка 35, кв. 26, лічильники: БЕЗ НОМЕРА - 2 шт., вартість: 600 грн., примітки: 9-13 додано до БД користувачем [Сміян Альона].
[2024-11-22T11:13:49.820] [INFO] DataBase - У заявці Повірка від 22 листопада 2024 р. за адресою просп. Левка Лукяненка, буд. 35, кв. 26 додано виконавця ЗАПЛАНОВАНІ та додано дату виконання 27 листопада 2024 р. користувачем [Сміян Альона].
[22-Nov-2024 11:14:24 Europe/Helsinki] NewDATA [INFO] Нова адреса просп. Левка Лукяненка, буд. 35, кв. 71, тел. +38 (098) 364-08-27 додана до БД користувачем [Сміян Альона].
[22-Nov-2024 11:14:43 Europe/Helsinki] NewDATA [INFO] Нова заявка Повірка, адреса: просп. Левка Лукяненка 35, кв. 71, лічильники: БЕЗ НОМЕРА - 2 шт., вартість: 600 грн., примітки: 9-13 додано до БД користувачем [Сміян Альона].
[2024-11-22T11:14:48.549] [INFO] DataBase - У заявці Повірка від 22 листопада 2024 р. за адресою просп. Левка Лукяненка, буд. 35, кв. 71 додано виконавця ЗАПЛАНОВАНІ та додано дату виконання 27 листопада 2024 р. користувачем [Сміян Альона].
[22-Nov-2024 11:19:11 Europe/Helsinki] EditDATA [INFO] За адресою вул. Коцюбинського 39 корпус А, кв. 11 користувачем [Сусло Тетяна] змінені номери телефонів з +38(063)304-01-37 на +38(093)035-11-43, при створенні нової заявки [Повірка] від 22.11.2024.
[22-Nov-2024 11:19:11 Europe/Helsinki] NewDATA [INFO] Нова заявка Повірка, адреса: вул. Коцюбинського 39 корпус А, кв. 11, лічильники: БЕЗ НОМЕРА - 2 шт., вартість: 600 грн., примітки: 8-13 додано до БД користувачем [Сусло Тетяна].
[2024-11-22T11:19:16.725] [INFO] DataBase - У заявці Повірка від 22 листопада 2024 р. за адресою вул. Коцюбинського, буд. 39, корп. А, кв. 11 додано виконавця ЗАПЛАНОВАНІ та додано дату виконання 26 листопада 2024 р. користувачем [Сусло Тетяна].
[22-Nov-2024 11:20:01 Europe/Helsinki] NewDATA [INFO] Нова адреса вул. Корольова, буд. 21, кв. 7, тел. +38 (093) 152-22-88 додана до БД користувачем [Сусло Тетяна].
[22-Nov-2024 11:20:48 Europe/Helsinki] NewDATA [INFO] Нова заявка Повірка, адреса: вул. Корольова 21, кв. 7, лічильники: БЕЗ НОМЕРА - 1 шт., вартість: 300 грн., примітки: 8-13 додано до БД користувачем [Сусло Тетяна].
[2024-11-22T11:20:53.210] [INFO] DataBase - У заявці Повірка від 22 листопада 2024 р. за адресою вул. Корольова, буд. 21, кв. 7 додано виконавця ЗАПЛАНОВАНІ та додано дату виконання 28 листопада 2024 р. користувачем [Сусло Тетяна].
[22-Nov-2024 11:42:18 Europe/Helsinki] EditDATA [INFO] За адресою вул. курсанта Єськова 4, кв. 134 користувачем [Сусло Тетяна] змінені номери телефонів з +38(050)313-28-37, +38(063)477-56-20 на +38(050)313-29-06, при створенні нової заявки [Повірка] від 22.11.2024.
[22-Nov-2024 11:42:18 Europe/Helsinki] NewDATA [INFO] Нова заявка Повірка, адреса: вул. курсанта Єськова 4, кв. 134, лічильники: БЕЗ НОМЕРА - 2 шт., вартість: 600 грн., примітки: 8-13 додано до БД користувачем [Сусло Тетяна].
[2024-11-22T11:42:25.165] [INFO] DataBase - У заявці Повірка від 22 листопада 2024 р. за адресою вул. курсанта Єськова, буд. 4, кв. 134 додано виконавця ЗАПЛАНОВАНІ та додано дату виконання 26 листопада 2024 р. користувачем [Сусло Тетяна].
[22-Nov-2024 12:06:48 Europe/Helsinki] EditDATA [INFO] За адресою вул. Шевченка 108, кв. 39 користувачем [Сміян Альона] змінені номери телефонів з +38(0462)95-96-97 на +38(095)936-25-89, при створенні нової заявки [Повірка] від 22.11.2024.
[22-Nov-2024 12:06:48 Europe/Helsinki] NewDATA [INFO] Нова заявка Повірка, адреса: вул. Шевченка 108, кв. 39, лічильники: БЕЗ НОМЕРА - 4 шт., вартість: 1200 грн., примітки: 8-13 додано до БД користувачем [Сміян Альона].
[2024-11-22T12:07:00.178] [INFO] DataBase - У заявці Повірка від 22 листопада 2024 р. за адресою вул. Шевченка, буд. 108, кв. 39 додано виконавця ЗАПЛАНОВАНІ та додано дату виконання 27 листопада 2024 р. користувачем [Сміян Альона].
[22-Nov-2024 12:07:11 Europe/Helsinki] EditDATA [INFO] Для заявки Повірка від 22.11.2024 користувачем [Сміян Альона] змінено примітки з 8-13 на 13-17.
[22-Nov-2024 12:28:08 Europe/Helsinki] NewDATA [INFO] Нова заявка Заміна, адреса: вул. Чорновола Вячеслава 13, кв. 115, лічильники: 190007, виконавець: Баранов, вартість: 1060 грн., примітки: 1г/в кухня 190007 10-13 30хв додано до БД користувачем [Сміян Альона].
[2024-11-22T12:28:11.652] [INFO] DataBase - У заявці Заміна від 22 листопада 2024 р. за адресою вул. Чорновола Вячеслава, буд. 13, кв. 115 додано дату виконання 25 листопада 2024 р. користувачем [Сміян Альона].
[22-Nov-2024 12:31:30 Europe/Helsinki] NewDATA [INFO] Нова заявка Заміна, адреса: вул. Доценка 9 корпус А, кв. 2, лічильники: 051072, виконавець: Баранов, вартість: 1060 грн., примітки: 1х/в с/в 051072 12-16 додано до БД користувачем [Сміян Альона].
[2024-11-22T12:31:33.848] [INFO] DataBase - У заявці Заміна від 22 листопада 2024 р. за адресою вул. Доценка, буд. 9, корп. А, кв. 2 додано дату виконання 25 листопада 2024 р. користувачем [Сміян Альона].
[22-Nov-2024 12:41:37 Europe/Helsinki] NewDATA [INFO] Нова адреса вул. Довженка, буд. 118, кв. 11, тел. +38 (050) 465-52-80 додана до БД користувачем [Сміян Альона].
[22-Nov-2024 12:42:19 Europe/Helsinki] NewDATA [INFO] Нова заявка Заміна, адреса: вул. Довженка 118, кв. 11, лічильники: БЕЗ НОМЕРА - 1 шт., виконавець: Баранов, вартість: 1060 грн., примітки: 1х/в с/в 016926 после 16 додано до БД користувачем [Сміян Альона].
[2024-11-22T12:42:23.478] [INFO] DataBase - У заявці Заміна від 22 листопада 2024 р. за адресою вул. Довженка, буд. 118, кв. 11 додано дату виконання 26 листопада 2024 р. користувачем [Сміян Альона].
[22-Nov-2024 12:46:13 Europe/Helsinki] NewDATA [INFO] Новий лічильник номер: 241472595, тип: СВК => DN 15, рік випуску: 2024, показники: 0, балансоутримувач: АТ "ОТКЕ" додано до БД користувачем [Сміян Альона].
[22-Nov-2024 12:46:17 Europe/Helsinki] EditDATA [INFO] Для заявки Заміна від 20.11.2024 користувачем [Сміян Альона] лічильник БЕЗ НОМЕРА ідентифіковано як 241472595.
[22-Nov-2024 12:46:27 Europe/Helsinki] DellTASK [INFO] Заміна від 20.11.2024 для адреси вул. Доценка, буд. 15, корп. А, кв. 4 для лічильника 241472595 було завершено користувачем [Сміян Альона] з коментарем: виконано.
[22-Nov-2024 12:47:05 Europe/Helsinki] NewDATA [INFO] Новий лічильник номер: 241472166, тип: СВК => DN 15, рік випуску: 2024, показники: 0, балансоутримувач: АТ "ОТКЕ" додано до БД користувачем [Сміян Альона].
[22-Nov-2024 12:47:08 Europe/Helsinki] EditDATA [INFO] Для заявки Заміна від 20.11.2024 користувачем [Сміян Альона] лічильник БЕЗ НОМЕРА ідентифіковано як 241472166.
[22-Nov-2024 12:47:17 Europe/Helsinki] DellTASK [INFO] Заміна від 20.11.2024 для адреси вул. Захисників України, буд. 10, кв. 35 для лічильника 241472166 було завершено користувачем [Сміян Альона] з коментарем: виконано.
[22-Nov-2024 12:47:55 Europe/Helsinki] NewDATA [INFO] Новий лічильник номер: 241480930, тип: СВК => DN 15, рік випуску: 2024, показники: 0, балансоутримувач: КП "ВДК" додано до БД користувачем [Сміян Альона].
[22-Nov-2024 12:47:58 Europe/Helsinki] EditDATA [INFO] Для заявки Заміна від 20.11.2024 користувачем [Сміян Альона] лічильник БЕЗ НОМЕРА ідентифіковано як 241480930.
[22-Nov-2024 12:48:09 Europe/Helsinki] DellTASK [INFO] Заміна від 20.11.2024 для адреси вул. Доценка, буд. 4, корп. А, кв. 28 для лічильника 241480930 було завершено користувачем [Сміян Альона] з коментарем: виконано.
[22-Nov-2024 12:48:50 Europe/Helsinki] NewDATA [INFO] Новий лічильник номер: 241481473, тип: СВК => DN 15, рік випуску: 2024, показники: 0, балансоутримувач: КП "ВДК" додано до БД користувачем [Сміян Альона].
[22-Nov-2024 12:48:54 Europe/Helsinki] EditDATA [INFO] В заявці Заміна від 20.11.2024 за адресою вул. Доценка, буд. 11, кв. 92 було додано лічильники: 241481473 користувачем [Сміян Альона].
[22-Nov-2024 12:48:59 Europe/Helsinki] EditDATA [INFO] В заявці Заміна від 20.11.2024 за адресою вул. Доценка, буд. 11, кв. 92 було видалено лічильники: 576324 користувачем [Сміян Альона].
[22-Nov-2024 12:49:01 Europe/Helsinki] EditDATA [INFO] За адресою вул. Мазепи Івана 4 корпус Б, кв. 31 користувачем [Сусло Тетяна] змінені номери телефонів з +38(0462)77-79-95, +38(095)403-96-34 на +38(095)403-96-34, при створенні нової заявки [Повірка] від 22.11.2024.
[22-Nov-2024 12:49:01 Europe/Helsinki] NewDATA [INFO] Нова заявка Повірка, адреса: вул. Мазепи Івана 4 корпус Б, кв. 31, лічильники: БЕЗ НОМЕРА - 1 шт., вартість: 300 грн., примітки: 8-13, за 15 хв, шкуліпа додано до БД користувачем [Сусло Тетяна].
[2024-11-22T12:49:06.690] [INFO] DataBase - У заявці Повірка від 22 листопада 2024 р. за адресою вул. Мазепи Івана, буд. 4, корп. Б, кв. 31 додано виконавця ЗАПЛАНОВАНІ та додано дату виконання 26 листопада 2024 р. користувачем [Сусло Тетяна].
[22-Nov-2024 12:49:08 Europe/Helsinki] DellTASK [INFO] Заміна від 20.11.2024 для адреси вул. Доценка, буд. 11, кв. 92 для лічильника 241481473 було завершено користувачем [Сміян Альона] з коментарем: виконано.
[22-Nov-2024 12:49:43 Europe/Helsinki] NewDATA [INFO] Новий лічильник номер: 241480949, тип: СВК => DN 15, рік випуску: 2024, показники: 0, балансоутримувач: КП "ВДК" додано до БД користувачем [Сміян Альона].
[22-Nov-2024 12:49:46 Europe/Helsinki] EditDATA [INFO] В заявці Заміна від 20.11.2024 за адресою вул. Пятницька, буд. 90, кв. 31 було додано лічильники: 241480949 користувачем [Сміян Альона].
[22-Nov-2024 12:49:51 Europe/Helsinki] EditDATA [INFO] В заявці Заміна від 20.11.2024 за адресою вул. Пятницька, буд. 90, кв. 31 було видалено лічильники: 601942 користувачем [Сміян Альона].
[22-Nov-2024 12:49:59 Europe/Helsinki] DellTASK [INFO] Заміна від 20.11.2024 для адреси вул. Пятницька, буд. 90, кв. 31 для лічильника 241480949 було завершено користувачем [Сміян Альона] з коментарем: виконано.
[22-Nov-2024 12:50:14 Europe/Helsinki] EditDATA [INFO] За адресою вул. Всіхсвятська 18 корпус А, кв. 44 користувачем [Сусло Тетяна] змінені номери телефонів з +38(093)858-23-90, +38(093)165-80-68, +38(063)495-59-42 на +38(096)877-80-19, при створенні нової заявки [Повірка] від 22.11.2024.
[22-Nov-2024 12:50:14 Europe/Helsinki] NewDATA [INFO] Нова заявка Повірка, адреса: вул. Всіхсвятська 18 корпус А, кв. 44, лічильники: БЕЗ НОМЕРА - 2 шт., вартість: 600 грн., примітки: 13-17 додано до БД користувачем [Сусло Тетяна].
[22-Nov-2024 12:50:15 Europe/Helsinki] DellTASK [INFO] Заміна від 19.11.2024 для адреси вул. курсанта Єськова, буд. 14, корп. А, кв. 40 для лічильника 422101 було завершено користувачем [Сміян Альона] з коментарем: виконано.
[2024-11-22T12:50:21.050] [INFO] DataBase - У заявці Повірка від 22 листопада 2024 р. за адресою вул. Всіхсвятська, буд. 18, корп. А, кв. 44 додано виконавця ЗАПЛАНОВАНІ та додано дату виконання 12 грудня 2024 р. користувачем [Сусло Тетяна].
[22-Nov-2024 13:24:04 Europe/Helsinki] NewDATA [INFO] Нова заявка Повірка, адреса: просп. Левка Лукяненка 35, кв. 124, лічильники: БЕЗ НОМЕРА - 2 шт., вартість: 600 грн., примітки: 8-13 додано до БД користувачем [Сміян Альона].
[2024-11-22T13:24:10.968] [INFO] DataBase - У заявці Повірка від 22 листопада 2024 р. за адресою просп. Левка Лукяненка, буд. 35, кв. 124 додано виконавця ЗАПЛАНОВАНІ та додано дату виконання 27 листопада 2024 р. користувачем [Сміян Альона].
[22-Nov-2024 13:41:42 Europe/Helsinki] NewDATA [INFO] Новий лічильник номер: 9200060737, тип: ЛК => DN 15, рік випуску: 2019, показники: 0, балансоутримувач: АТ "ОТКЕ" додано до БД користувачем [Коваль Людмила].
[22-Nov-2024 13:41:45 Europe/Helsinki] EditDATA [INFO] За адресою вул. Рятувальників, буд. 33, кв. 35 користувачем [Коваль Людмила] було додано лічильники: 9200089502, 9200060737].
[22-Nov-2024 13:41:55 Europe/Helsinki] EditDATA [INFO] За адресою просп. Миру 212, кв. 58 користувачем [Сусло Тетяна] змінені номери телефонів з +38(097)369-51-19, +38(0462)25-23-78 на +38(097)369-51-19, при створенні нової заявки [Повірка] від 22.11.2024.
[22-Nov-2024 13:41:55 Europe/Helsinki] NewDATA [INFO] Нова заявка Повірка, адреса: просп. Миру 212, кв. 58, лічильники: БЕЗ НОМЕРА - 2 шт., вартість: 600 грн., примітки: 10-15, за 1 год додано до БД користувачем [Сусло Тетяна].
[2024-11-22T13:41:58.828] [INFO] DataBase - У заявці Повірка від 22 листопада 2024 р. за адресою просп. Миру, буд. 212, кв. 58 додано виконавця ЗАПЛАНОВАНІ та додано дату виконання 25 листопада 2024 р. користувачем [Сусло Тетяна].
[22-Nov-2024 13:42:36 Europe/Helsinki] NewDATA [INFO] Новий лічильник номер: 105947, тип: КВ-1,5 => DN 15, рік випуску: 2009, показники: 0, балансоутримувач: КП "ВДК" додано до БД користувачем [Коваль Людмила].
[22-Nov-2024 13:43:00 Europe/Helsinki] NewDATA [INFO] Новий лічильник номер: 104456, тип: КВ-1,5 => DN 15, рік випуску: 2009, показники: 0, балансоутримувач: КП "ТКЕ" додано до БД користувачем [Коваль Людмила].
[22-Nov-2024 13:46:31 Europe/Helsinki] NewDATA [INFO] Новий лічильник номер: 105830, тип: КВ-1,5 => DN 15, рік випуску: 2009, показники: 0, балансоутримувач: КП "ВДК" додано до БД користувачем [Коваль Людмила].
[22-Nov-2024 13:47:10 Europe/Helsinki] NewDATA [INFO] Новий лічильник номер: 104631, тип: КВ-1,5 => DN 15, рік випуску: 2009, показники: 0, балансоутримувач: КП "ТКЕ" додано до БД користувачем [Коваль Людмила].
[22-Nov-2024 13:47:13 Europe/Helsinki] EditDATA [INFO] За адресою вул. Мстиславська, буд. 42, кв. 40 користувачем [Коваль Людмила] було додано лічильники: 105947, 104456, 105830, 104631].
[22-Nov-2024 13:53:25 Europe/Helsinki] EditDATA [INFO] Для заявки Повірка від 21.11.2024 користувачем [Коваль Людмила] змінено виконавця з ЗАПЛАНОВАНІ на Сірий.
[22-Nov-2024 13:53:37 Europe/Helsinki] EditDATA [INFO] Для заявки Повірка від 22.11.2024 користувачем [Коваль Людмила] змінено виконавця з ЗАПЛАНОВАНІ на Сірий.
[22-Nov-2024 13:53:49 Europe/Helsinki] EditDATA [INFO] Для заявки Повірка від 21.11.2024 користувачем [Коваль Людмила] змінено виконавця з ЗАПЛАНОВАНІ на Сірий.
[22-Nov-2024 13:55:25 Europe/Helsinki] NewDATA [INFO] Нова адреса вул. Героїв Чорнобиля, буд. 1, кв. 47, тел. +38 (093) 390-66-32 додана до БД користувачем [Сусло Тетяна].
[22-Nov-2024 13:55:50 Europe/Helsinki] NewDATA [INFO] Нова заявка Повірка, адреса: вул. Героїв Чорнобиля 1, кв. 47, лічильники: БЕЗ НОМЕРА - 2 шт., вартість: 600 грн., примітки: 13-17, за 30 хв додано до БД користувачем [Сусло Тетяна].
[2024-11-22T13:55:54.184] [INFO] DataBase - У заявці Повірка від 22 листопада 2024 р. за адресою вул. Героїв Чорнобиля, буд. 1, кв. 47 додано виконавця ЗАПЛАНОВАНІ та додано дату виконання 26 листопада 2024 р. користувачем [Сусло Тетяна].
[22-Nov-2024 13:58:19 Europe/Helsinki] NewDATA [INFO] Нова адреса вул. Доценка, буд. 17, кв. 29, тел. +38 (068) 774-01-72 додана до БД користувачем [Сміян Альона].
[22-Nov-2024 13:58:19 Europe/Helsinki] EditDATA [INFO] Для заявки Повірка від 18.11.2024 користувачем [Коваль Людмила] змінено виконавця з ЗАПЛАНОВАНІ на Шкуліпа.
[22-Nov-2024 13:58:29 Europe/Helsinki] EditDATA [INFO] Для заявки Повірка від 22.11.2024 користувачем [Коваль Людмила] змінено виконавця з ЗАПЛАНОВАНІ на Шкуліпа.
[22-Nov-2024 13:58:47 Europe/Helsinki] EditDATA [INFO] Для заявки Повірка від 18.11.2024 користувачем [Коваль Людмила] змінено виконавця з ЗАПЛАНОВАНІ на Шкуліпа.
[22-Nov-2024 13:58:48 Europe/Helsinki] NewDATA [INFO] Нова заявка Повірка, адреса: вул. Доценка 17, кв. 29, лічильники: БЕЗ НОМЕРА - 2 шт., вартість: 600 грн., примітки: 8-13 додано до БД користувачем [Сміян Альона].
[2024-11-22T13:58:53.787] [INFO] DataBase - У заявці Повірка від 22 листопада 2024 р. за адресою вул. Доценка, буд. 17, кв. 29 додано виконавця ЗАПЛАНОВАНІ та додано дату виконання 16 грудня 2024 р. користувачем [Сміян Альона].
[22-Nov-2024 13:59:01 Europe/Helsinki] EditDATA [INFO] Для заявки Повірка від 18.11.2024 користувачем [Коваль Людмила] змінено виконавця з ЗАПЛАНОВАНІ на Шкуліпа.
[22-Nov-2024 13:59:22 Europe/Helsinki] EditDATA [INFO] Для заявки Повірка від 22.11.2024 користувачем [Сміян Альона] змінено примітки з 8-13 на 8-13 код 1479.
[22-Nov-2024 13:59:28 Europe/Helsinki] EditDATA [INFO] Для заявки Повірка від 21.11.2024 користувачем [Коваль Людмила] змінено виконавця з ЗАПЛАНОВАНІ на Ващенко.
[22-Nov-2024 13:59:43 Europe/Helsinki] EditDATA [INFO] Для заявки Повірка від 20.11.2024 користувачем [Коваль Людмила] змінено виконавця з ЗАПЛАНОВАНІ на Ващенко.
[22-Nov-2024 13:59:58 Europe/Helsinki] EditDATA [INFO] Для заявки Повірка від 20.11.2024 користувачем [Коваль Людмила] змінено виконавця з ЗАПЛАНОВАНІ на Ващенко.
[22-Nov-2024 14:00:10 Europe/Helsinki] EditDATA [INFO] Для заявки Повірка від 19.11.2024 користувачем [Коваль Людмила] змінено виконавця з ЗАПЛАНОВАНІ на Ващенко.
[22-Nov-2024 14:00:22 Europe/Helsinki] EditDATA [INFO] Для заявки Повірка від 19.11.2024 користувачем [Коваль Людмила] змінено виконавця з ЗАПЛАНОВАНІ на Ващенко.
[22-Nov-2024 14:00:35 Europe/Helsinki] EditDATA [INFO] Для заявки Повірка від 15.11.2024 користувачем [Коваль Людмила] змінено виконавця з ЗАПЛАНОВАНІ на Ващенко.
[22-Nov-2024 14:10:16 Europe/Helsinki] EditDATA [INFO] Для заявки Повірка від 20.11.2024 користувачем [Коваль Людмила] змінено виконавця з ЗАПЛАНОВАНІ на Богомаз.
[22-Nov-2024 14:10:27 Europe/Helsinki] EditDATA [INFO] Для заявки Повірка від 19.11.2024 користувачем [Коваль Людмила] змінено виконавця з ЗАПЛАНОВАНІ на Богомаз.
[22-Nov-2024 14:10:38 Europe/Helsinki] EditDATA [INFO] Для заявки Повірка від 22.11.2024 користувачем [Коваль Людмила] змінено виконавця з ЗАПЛАНОВАНІ на Богомаз.
[22-Nov-2024 14:10:49 Europe/Helsinki] EditDATA [INFO] Для заявки Повірка від 19.11.2024 користувачем [Коваль Людмила] змінено виконавця з ЗАПЛАНОВАНІ на Богомаз.
[22-Nov-2024 14:11:10 Europe/Helsinki] EditDATA [INFO] Для заявки Повірка від 12.11.2024 користувачем [Коваль Людмила] змінено виконавця з ЗАПЛАНОВАНІ на Ващенко.
[22-Nov-2024 14:11:47 Europe/Helsinki] EditDATA [INFO] Для заявки Повірка від 20.11.2024 користувачем [Коваль Людмила] змінено виконавця з ЗАПЛАНОВАНІ на Шкуліпа.
[22-Nov-2024 14:12:11 Europe/Helsinki] EditDATA [INFO] Для заявки Повірка від 21.11.2024 користувачем [Коваль Людмила] змінено виконавця з ЗАПЛАНОВАНІ на Осипенко.
[22-Nov-2024 14:12:22 Europe/Helsinki] EditDATA [INFO] Для заявки Повірка від 18.11.2024 користувачем [Коваль Людмила] змінено виконавця з ЗАПЛАНОВАНІ на Осипенко.
[22-Nov-2024 14:12:33 Europe/Helsinki] EditDATA [INFO] Для заявки Повірка від 19.11.2024 користувачем [Коваль Людмила] змінено виконавця з ЗАПЛАНОВАНІ на Осипенко.
[22-Nov-2024 14:12:56 Europe/Helsinki] EditDATA [INFO] Для заявки Повірка від 21.11.2024 користувачем [Коваль Людмила] змінено виконавця з ЗАПЛАНОВАНІ на Сірий.
[22-Nov-2024 14:13:08 Europe/Helsinki] EditDATA [INFO] Для заявки Повірка від 15.11.2024 користувачем [Коваль Людмила] змінено виконавця з ЗАПЛАНОВАНІ на Сірий.
[22-Nov-2024 14:13:19 Europe/Helsinki] EditDATA [INFO] Для заявки Повірка від 21.11.2024 користувачем [Коваль Людмила] змінено виконавця з ЗАПЛАНОВАНІ на Сірий.
[22-Nov-2024 14:15:59 Europe/Helsinki] EditDATA [INFO] Для заявки Повірка від 15.11.2024 користувачем [Коваль Людмила] змінено виконавця з ЗАПЛАНОВАНІ на Сірий.
[22-Nov-2024 14:16:08 Europe/Helsinki] EditDATA [INFO] Для заявки Повірка від 22.11.2024 користувачем [Коваль Людмила] змінено виконавця з ЗАПЛАНОВАНІ на Осипенко.
[22-Nov-2024 14:16:20 Europe/Helsinki] EditDATA [INFO] Для заявки Повірка від 22.11.2024 користувачем [Коваль Людмила] змінено виконавця з ЗАПЛАНОВАНІ на Осипенко.
[22-Nov-2024 14:50:54 Europe/Helsinki] NewDATA [INFO] Нова заявка Заміна, адреса: вул. Незалежності 12, кв. 87, лічильники: 748500, виконавець: Баранов, вартість: 1060 грн., примітки: 8-13, 1 хв, туалет, № 10 748500 додано до БД користувачем [Сусло Тетяна].
[2024-11-22T14:50:56.650] [INFO] DataBase - У заявці Заміна від 22 листопада 2024 р. за адресою вул. Незалежності, буд. 12, кв. 87 додано дату виконання 27 листопада 2024 р. користувачем [Сусло Тетяна].

