[15-May-2025 08:06:42 Europe/Helsinki] DellTASK [INFO] Заміна від 12.05.2025 для адреси вул. Дніпровська, буд. 2, кв. 76 для лічильника БЕЗ НОМЕРА - 1 шт. було завершено користувачем [Сусло Тетяна] з коментарем: виконано.
[15-May-2025 08:07:34 Europe/Helsinki] DellTASK [INFO] Заміна від 08.05.2025 для адреси вул. Мстиславська, буд. 38, кв. 112 для лічильника 348427 було відмінено користувачем [Сусло Тетяна] з коментарем: необхідна заміна крана.
[15-May-2025 08:08:30 Europe/Helsinki] DellTASK [INFO] Заміна від 09.05.2025 для адреси вул. Старобілоуська, буд. 25, корп. Б, кв. 2 для лічильника 421025 було відмінено користувачем [Сусло Тетяна] з коментарем: для заміни ліч. хв необхідно зняти ліч.гв. Відмовились.
[15-May-2025 08:08:45 Europe/Helsinki] DellTASK [INFO] Заміна від 09.05.2025 для адреси вул. Жабинського, буд. 2, корп. Б, кв. 70 для лічильника 327635 було завершено користувачем [Сусло Тетяна] з коментарем: виконано.
[15-May-2025 08:08:55 Europe/Helsinki] DellTASK [INFO] Заміна від 08.05.2025 для адреси просп. Левка Лукяненка, буд. 30, кв. 44 для лічильника БЕЗ НОМЕРА - 1 шт. було завершено користувачем [Сусло Тетяна] з коментарем: виконано.
[15-May-2025 08:09:06 Europe/Helsinki] DellTASK [INFO] Заміна від 08.05.2025 для адреси вул. Доценка, буд. 16, кв. 22 для лічильника 1200086428 було завершено користувачем [Сусло Тетяна] з коментарем: виконано.
[15-May-2025 09:14:08 Europe/Helsinki] NewDATA [INFO] Нова заявка Заміна, адреса: вул. Захисників України 11, кв. 110, лічильники: 493585, виконавець: Баранов, вартість: 1100 грн., примітки: 9-14, за 30 хв, 1 хв, №493585 додано до БД користувачем [Сусло Тетяна].
[2025-05-15T09:14:10.593] [INFO] DataBase - У заявці Заміна від 15 травня 2025 р. за адресою вул. Захисників України, буд. 11, кв. 110 додано дату виконання 20 травня 2025 р. користувачем [Сусло Тетяна].
[15-May-2025 09:48:24 Europe/Helsinki] EditDATA [INFO] Для заявки Повірка від 14.05.2025 користувачем [Коваль Людмила] змінено виконавця з ЗАПЛАНОВАНІ на Сірий.
[15-May-2025 10:37:39 Europe/Helsinki] EditDATA [INFO] Для заявки Повірка від 02.05.2025 користувачем [Коваль Людмила] змінено виконавця з ЗАПЛАНОВАНІ на Сірий.
[15-May-2025 10:37:49 Europe/Helsinki] EditDATA [INFO] Для заявки Повірка від 14.05.2025 користувачем [Коваль Людмила] змінено виконавця з ЗАПЛАНОВАНІ на Сірий.
[15-May-2025 10:38:09 Europe/Helsinki] EditDATA [INFO] Для заявки Повірка від 02.05.2025 користувачем [Коваль Людмила] змінено виконавця з ЗАПЛАНОВАНІ на Сірий.
[15-May-2025 10:38:21 Europe/Helsinki] EditDATA [INFO] Для заявки Повірка від 02.05.2025 користувачем [Коваль Людмила] змінено виконавця з ЗАПЛАНОВАНІ на Сірий.
[15-May-2025 10:38:31 Europe/Helsinki] EditDATA [INFO] Для заявки Повірка від 30.04.2025 користувачем [Коваль Людмила] змінено виконавця з ЗАПЛАНОВАНІ на Сірий.
[15-May-2025 10:38:42 Europe/Helsinki] EditDATA [INFO] Для заявки Повірка від 17.04.2025 користувачем [Коваль Людмила] змінено виконавця з ЗАПЛАНОВАНІ на Сірий.
[15-May-2025 10:39:04 Europe/Helsinki] EditDATA [INFO] Для заявки Повірка від 06.01.2025 користувачем [Коваль Людмила] змінено виконавця з ЗАПЛАНОВАНІ на Сірий.
[15-May-2025 10:43:47 Europe/Helsinki] EditDATA [INFO] Для заявки Повірка від 30.04.2025 користувачем [Коваль Людмила] змінено виконавця з ЗАПЛАНОВАНІ на Сірий.
[15-May-2025 10:44:17 Europe/Helsinki] EditDATA [INFO] Для заявки Повірка від 07.05.2025 користувачем [Сусло Тетяна] змінено виконавця з ЗАПЛАНОВАНІ на Шкуліпа.
[2025-05-15T10:44:36.998] [INFO] DataBase - У заявці Повірка від 7 травня 2025 р. за адресою вул. Гонча, буд. 84, кв. 39 видалено дату виконання 19 травня 2025 р. користувачем [Сусло Тетяна].
[2025-05-15T10:44:40.398] [INFO] DataBase - У заявці Повірка від 7 травня 2025 р. за адресою вул. Гонча, буд. 84, кв. 39 додано дату виконання 16 травня 2025 р. користувачем [Сусло Тетяна].
[15-May-2025 10:47:17 Europe/Helsinki] DellTASK [INFO] Повірка від 08.05.2025 для адреси просп. Перемоги, буд. 90, кв. 17 для лічильника БЕЗ НОМЕРА - 1 шт. було відмінено користувачем [Сусло Тетяна] з коментарем: повтор.
[15-May-2025 12:28:39 Europe/Helsinki] NewDATA [INFO] Нова адреса просп. Левка Лукяненка, буд. 37, кв. 98, тел. +38 (095) 864-84-72 додана до БД користувачем [Сусло Тетяна].
[15-May-2025 12:29:11 Europe/Helsinki] NewDATA [INFO] Нова заявка Повірка, адреса: просп. Левка Лукяненка 37, кв. 98, лічильники: БЕЗ НОМЕРА - 4 шт., вартість: 1200 грн., примітки: за 1 год, Володимир додано до БД користувачем [Сусло Тетяна].
[2025-05-15T12:29:15.765] [INFO] DataBase - У заявці Повірка від 15 травня 2025 р. за адресою просп. Левка Лукяненка, буд. 37, кв. 98 додано виконавця ЗАПЛАНОВАНІ та додано дату виконання 27 травня 2025 р. користувачем [Сусло Тетяна].
[15-May-2025 12:30:09 Europe/Helsinki] EditDATA [INFO] За адресою вул. Дніпровська 2, кв. 64 користувачем [Сусло Тетяна] змінені номери телефонів з +38(0462)62-45-00, +38(098)493-83-71, +38(067)799-96-82 на +38(098)493-83-71, при створенні нової заявки [Повірка] від 15.05.2025.
[15-May-2025 12:30:09 Europe/Helsinki] NewDATA [INFO] Нова заявка Повірка, адреса: вул. Дніпровська 2, кв. 64, лічильники: БЕЗ НОМЕРА - 1 шт., вартість: 300 грн., примітки: 13-17, за 5 хв додано до БД користувачем [Сусло Тетяна].
[2025-05-15T12:30:13.713] [INFO] DataBase - У заявці Повірка від 15 травня 2025 р. за адресою вул. Дніпровська, буд. 2, кв. 64 додано виконавця ЗАПЛАНОВАНІ та додано дату виконання 28 травня 2025 р. користувачем [Сусло Тетяна].
[15-May-2025 12:30:24 Europe/Helsinki] EditDATA [INFO] Для заявки Повірка від 15.05.2025 користувачем [Сусло Тетяна] змінено примітки з 13-17, за 5 хв на 13-17, за 5 хв, 1 гв.
[15-May-2025 12:31:16 Europe/Helsinki] NewDATA [INFO] Нова заявка Заміна, адреса: просп. Грушевського Михайла 157, кв. 93, лічильники: БЕЗ НОМЕРА - 1 шт., виконавець: Баранов, вартість: 1100 грн., примітки: 9-13, 1 хв, кухня додано до БД користувачем [Сусло Тетяна].
[2025-05-15T12:31:19.039] [INFO] DataBase - У заявці Заміна від 15 травня 2025 р. за адресою просп. Грушевського Михайла, буд. 157, кв. 93 додано дату виконання 20 травня 2025 р. користувачем [Сусло Тетяна].
[15-May-2025 12:32:17 Europe/Helsinki] NewDATA [INFO] Нова заявка Заміна, адреса: вул. Незалежності 72, кв. 7, лічильники: 114472, виконавець: Баранов, вартість: 1100 грн., примітки: 8-13, не пізніше, 1 хв, №114472 додано до БД користувачем [Сусло Тетяна].
[2025-05-15T12:32:20.058] [INFO] DataBase - У заявці Заміна від 15 травня 2025 р. за адресою вул. Незалежності, буд. 72, кв. 7 додано дату виконання 3 червня 2025 р. користувачем [Сусло Тетяна].
[2025-05-15T12:33:59.896] [INFO] DataBase - У заявці Повірка від 23 квітня 2025 р. за адресою вул. 1-ої танкової бригади, буд. 22, кв. 20 видалено дату виконання 16 травня 2025 р. користувачем [Сусло Тетяна].
[2025-05-15T12:34:14.708] [INFO] DataBase - У заявці Повірка від 23 квітня 2025 р. за адресою вул. 1-ої танкової бригади, буд. 22, кв. 20 додано дату виконання 26 травня 2025 р. користувачем [Сусло Тетяна].
[15-May-2025 12:34:30 Europe/Helsinki] EditDATA [INFO] Для заявки Повірка від 23.04.2025 користувачем [Сусло Тетяна] змінено примітки з 8-13,пер.за час на 13-17,пер.за час.
[15-May-2025 12:35:26 Europe/Helsinki] NewDATA [INFO] Нова адреса вул. Шевченка, буд. 53, кв. 45, тел. +38 (067) 148-53-34 додана до БД користувачем [Сусло Тетяна].
[15-May-2025 12:35:51 Europe/Helsinki] NewDATA [INFO] Нова заявка Повірка, адреса: вул. Шевченка 53, кв. 45, лічильники: БЕЗ НОМЕРА - 2 шт., вартість: 600 грн., примітки: 14-17 додано до БД користувачем [Сусло Тетяна].
[2025-05-15T12:35:55.818] [INFO] DataBase - У заявці Повірка від 15 травня 2025 р. за адресою вул. Шевченка, буд. 53, кв. 45 додано виконавця ЗАПЛАНОВАНІ та додано дату виконання 29 травня 2025 р. користувачем [Сусло Тетяна].
[15-May-2025 12:36:42 Europe/Helsinki] NewDATA [INFO] Нова адреса вул. Гонча, буд. 52, корп. А, кв. 54, тел. +38 (093) 145-38-94 додана до БД користувачем [Сусло Тетяна].
[15-May-2025 12:37:15 Europe/Helsinki] NewDATA [INFO] Нова заявка Повірка, адреса: вул. Гонча 52 корпус А, кв. 54, лічильники: БЕЗ НОМЕРА - 2 шт., вартість: 600 грн., примітки: 13-17, дом. не працює додано до БД користувачем [Сусло Тетяна].
[2025-05-15T12:37:19.317] [INFO] DataBase - У заявці Повірка від 15 травня 2025 р. за адресою вул. Гонча, буд. 52, корп. А, кв. 54 додано виконавця ЗАПЛАНОВАНІ та додано дату виконання 30 травня 2025 р. користувачем [Сусло Тетяна].
[15-May-2025 12:38:36 Europe/Helsinki] NewDATA [INFO] Нова заявка Заміна, адреса: просп. Левка Лукяненка 12 корпус А, кв. 15, лічильники: БЕЗ НОМЕРА - 1 шт., виконавець: Баранов, вартість: 1100 грн., примітки: 13-17, за 30 хв, 1 хв, св додано до БД користувачем [Сусло Тетяна].
[2025-05-15T12:38:38.676] [INFO] DataBase - У заявці Заміна від 15 травня 2025 р. за адресою просп. Левка Лукяненка, буд. 12, корп. А, кв. 15 додано дату виконання 20 травня 2025 р. користувачем [Сусло Тетяна].
[15-May-2025 12:39:19 Europe/Helsinki] NewDATA [INFO] Нова заявка Повірка, адреса: вул. Текстильників 21, кв. 2, лічильники: БЕЗ НОМЕРА - 1 шт., вартість: 300 грн., примітки: 8-13, за 1 год додано до БД користувачем [Сусло Тетяна].
[2025-05-15T12:39:24.254] [INFO] DataBase - У заявці Повірка від 15 травня 2025 р. за адресою вул. Текстильників, буд. 21, кв. 2 додано виконавця ЗАПЛАНОВАНІ та додано дату виконання 28 травня 2025 р. користувачем [Сусло Тетяна].
[15-May-2025 12:40:27 Europe/Helsinki] EditDATA [INFO] За адресою просп. Левка Лукяненка 17, кв. 64 користувачем [Сусло Тетяна] змінені номери телефонів з +38(097)808-38-95, +38(063)688-35-43 на +38(066)211-72-84, при створенні нової заявки [Повірка] від 15.05.2025.
[15-May-2025 12:40:28 Europe/Helsinki] NewDATA [INFO] Нова заявка Повірка, адреса: просп. Левка Лукяненка 17, кв. 64, лічильники: БЕЗ НОМЕРА - 1 шт., вартість: 300 грн., примітки: за 1 год, буде сусідка додано до БД користувачем [Сусло Тетяна].
[2025-05-15T12:40:31.349] [INFO] DataBase - У заявці Повірка від 15 травня 2025 р. за адресою просп. Левка Лукяненка, буд. 17, кв. 64 додано виконавця ЗАПЛАНОВАНІ та додано дату виконання 27 травня 2025 р. користувачем [Сусло Тетяна].
[15-May-2025 12:41:22 Europe/Helsinki] EditDATA [INFO] За адресою вул. Незалежності 14, кв. 167 користувачем [Сусло Тетяна] змінені номери телефонів з +38(097)576-22-27, +38(0462)72-05-71 на +38(095)785-26-76, при створенні нової заявки [Повірка] від 15.05.2025.
[15-May-2025 12:41:22 Europe/Helsinki] NewDATA [INFO] Нова заявка Повірка, адреса: вул. Незалежності 14, кв. 167, лічильники: БЕЗ НОМЕРА - 2 шт., вартість: 300 грн., примітки: 10-14 додано до БД користувачем [Сусло Тетяна].
[2025-05-15T12:41:25.366] [INFO] DataBase - У заявці Повірка від 15 травня 2025 р. за адресою вул. Незалежності, буд. 14, кв. 167 додано виконавця ЗАПЛАНОВАНІ та додано дату виконання 23 травня 2025 р. користувачем [Сусло Тетяна].
[15-May-2025 12:42:10 Europe/Helsinki] NewDATA [INFO] Нова адреса вул. Богуна Івана, буд. 46, корп. А, кв. 31, тел. +38 (098) 744-62-24 додана до БД користувачем [Сусло Тетяна].
[15-May-2025 12:42:47 Europe/Helsinki] NewDATA [INFO] Нова заявка Повірка, адреса: вул. Богуна Івана 46 корпус А, кв. 31, лічильники: БЕЗ НОМЕРА - 4 шт., вартість: 1200 грн., примітки: 8-13, за 1 год додано до БД користувачем [Сусло Тетяна].
[2025-05-15T12:42:50.799] [INFO] DataBase - У заявці Повірка від 15 травня 2025 р. за адресою вул. Богуна Івана, буд. 46, корп. А, кв. 31 додано виконавця ЗАПЛАНОВАНІ та додано дату виконання 30 травня 2025 р. користувачем [Сусло Тетяна].
[15-May-2025 12:54:42 Europe/Helsinki] NewDATA [INFO] Нова адреса вул. Космонавтів, буд. 22, кв. 76, тел. +38 (096) 944-87-19 додана до БД користувачем [Коваль Людмила].
[15-May-2025 12:55:19 Europe/Helsinki] NewDATA [INFO] Нова заявка Повірка, адреса: вул. Космонавтів 22, кв. 76, лічильники: БЕЗ НОМЕРА - 2 шт., вартість: 600 грн., примітки: 13-17 додано до БД користувачем [Коваль Людмила].
[2025-05-15T12:55:28.088] [INFO] DataBase - У заявці Повірка від 15 травня 2025 р. за адресою вул. Космонавтів, буд. 22, кв. 76 додано виконавця ЗАПЛАНОВАНІ та додано дату виконання 16 травня 2025 р. користувачем [Коваль Людмила].
[15-May-2025 12:58:46 Europe/Helsinki] NewDATA [INFO] Нова адреса просп. Миру, буд. 180, кв. 70, тел. +38 (067) 564-63-51 додана до БД користувачем [Коваль Людмила].
[15-May-2025 13:01:54 Europe/Helsinki] NewDATA [INFO] Нова заявка Повірка, адреса: просп. Миру 180, кв. 70, лічильники: БЕЗ НОМЕРА - 2 шт., вартість: 600 грн., примітки: 8-12,пер.за час.2 хол. додано до БД користувачем [Коваль Людмила].
[2025-05-15T13:02:13.818] [INFO] DataBase - У заявці Повірка від 15 травня 2025 р. за адресою просп. Миру, буд. 180, кв. 70 додано виконавця ЗАПЛАНОВАНІ та додано дату виконання 3 червня 2025 р. користувачем [Коваль Людмила].
[15-May-2025 13:04:28 Europe/Helsinki] NewDATA [INFO] Нова адреса вул. Міхнюка Олега, буд. 41, корп. 2, кв. 4, тел. +38 (097) 751-24-88 додана до БД користувачем [Коваль Людмила].
[15-May-2025 13:05:07 Europe/Helsinki] NewDATA [INFO] Нова заявка Повірка, адреса: вул. Міхнюка Олега 41 корпус 2, кв. 4, лічильники: БЕЗ НОМЕРА - 2 шт., вартість: 600 грн., примітки: 2 гор.8-12,пер.за час додано до БД користувачем [Коваль Людмила].
[2025-05-15T13:05:21.187] [INFO] DataBase - У заявці Повірка від 15 травня 2025 р. за адресою вул. Міхнюка Олега, буд. 41, корп. 2, кв. 4 додано виконавця Сірий та додано дату виконання 16 травня 2025 р. користувачем [Коваль Людмила].
[15-May-2025 13:06:33 Europe/Helsinki] NewDATA [INFO] Нова адреса вул. Пятницька, буд. 47, кв. 53, тел. +38 (095) 777-53-63 додана до БД користувачем [Коваль Людмила].
[15-May-2025 13:07:29 Europe/Helsinki] EditDATA [INFO] За адресою вул. Пятницька 47, кв. 53 користувачем [Коваль Людмила] змінені номери телефонів з +38(095)777-53-63 на +38(095)777-53-63, +38(066)505-21-37, при створенні нової заявки [Повірка] від 15.05.2025.
[15-May-2025 13:07:29 Europe/Helsinki] NewDATA [INFO] Нова заявка Повірка, адреса: вул. Пятницька 47, кв. 53, лічильники: БЕЗ НОМЕРА - 4 шт., вартість: 1200 грн., примітки: 8-13 додано до БД користувачем [Коваль Людмила].
[2025-05-15T13:07:33.943] [INFO] DataBase - У заявці Повірка від 15 травня 2025 р. за адресою вул. Пятницька, буд. 47, кв. 53 додано виконавця Шкуліпа та додано дату виконання 17 травня 2025 р. користувачем [Коваль Людмила].
[15-May-2025 13:08:25 Europe/Helsinki] NewDATA [INFO] Нова адреса вул. Елеваторна, буд. 8, корп. А, кв. 53, тел. +38 (097) 484-44-04 додана до БД користувачем [Коваль Людмила].
[15-May-2025 13:09:00 Europe/Helsinki] NewDATA [INFO] Нова заявка Повірка, адреса: вул. Елеваторна 8 корпус А, кв. 53, лічильники: БЕЗ НОМЕРА - 1 шт., вартість: 300 грн., примітки: 13-17 додано до БД користувачем [Коваль Людмила].
[2025-05-15T13:09:06.023] [INFO] DataBase - У заявці Повірка від 15 травня 2025 р. за адресою вул. Елеваторна, буд. 8, корп. А, кв. 53 додано виконавця ЗАПЛАНОВАНІ та додано дату виконання 23 травня 2025 р. користувачем [Коваль Людмила].
[15-May-2025 13:09:49 Europe/Helsinki] EditDATA [INFO] За адресою вул. Попова 13, кв. 54 користувачем [Коваль Людмила] додано номер телефону +38(099)523-34-42, при створенні нової заявки [Повірка] від 15.05.2025.
[15-May-2025 13:09:49 Europe/Helsinki] NewDATA [INFO] Нова заявка Повірка, адреса: вул. Попова 13, кв. 54, лічильники: БЕЗ НОМЕРА - 1 шт., вартість: 300 грн., примітки: 12-16,пер.за час додано до БД користувачем [Коваль Людмила].
[2025-05-15T13:09:55.448] [INFO] DataBase - У заявці Повірка від 15 травня 2025 р. за адресою вул. Попова, буд. 13, кв. 54 додано виконавця ЗАПЛАНОВАНІ та додано дату виконання 28 травня 2025 р. користувачем [Коваль Людмила].
[15-May-2025 13:10:41 Europe/Helsinki] NewDATA [INFO] Нова адреса вул. Мстиславська, буд. 59, корп. А, кв. 4, тел. +38 (093) 673-12-45 додана до БД користувачем [Коваль Людмила].
[15-May-2025 13:11:05 Europe/Helsinki] NewDATA [INFO] Нова заявка Повірка, адреса: вул. Мстиславська 59 корпус А, кв. 4, лічильники: БЕЗ НОМЕРА - 1 шт., вартість: 300 грн., примітки: 8-13 додано до БД користувачем [Коваль Людмила].
[2025-05-15T13:11:10.410] [INFO] DataBase - У заявці Повірка від 15 травня 2025 р. за адресою вул. Мстиславська, буд. 59, корп. А, кв. 4 додано виконавця Шкуліпа та додано дату виконання 17 травня 2025 р. користувачем [Коваль Людмила].
[15-May-2025 13:12:32 Europe/Helsinki] EditDATA [INFO] За адресою вул. Самоквасова Дмитра 9, кв. 100 користувачем [Коваль Людмила] змінені номери телефонів з +38(063)709-64-21, +38(063)390-95-88, +38(068)253-68-50 на +38(063)119-14-73, при створенні нової заявки [Повірка] від 15.05.2025.
[15-May-2025 13:12:32 Europe/Helsinki] NewDATA [INFO] Нова заявка Повірка, адреса: вул. Самоквасова Дмитра 9, кв. 100, лічильники: БЕЗ НОМЕРА - 2 шт., вартість: 600 грн., примітки: 8-13 додано до БД користувачем [Коваль Людмила].
[2025-05-15T13:12:49.291] [INFO] DataBase - У заявці Повірка від 15 травня 2025 р. за адресою вул. Самоквасова Дмитра, буд. 9, кв. 100 додано виконавця ЗАПЛАНОВАНІ та додано дату виконання 28 травня 2025 р. користувачем [Коваль Людмила].
[15-May-2025 13:13:58 Europe/Helsinki] NewDATA [INFO] Нова адреса вул. Захисників України, буд. 11, кв. 77, тел. +38 (096) 440-75-69 додана до БД користувачем [Коваль Людмила].
[15-May-2025 13:14:29 Europe/Helsinki] NewDATA [INFO] Нова заявка Повірка, адреса: вул. Захисників України 11, кв. 77, лічильники: БЕЗ НОМЕРА - 2 шт., вартість: 600 грн., примітки: 13-17 додано до БД користувачем [Коваль Людмила].
[2025-05-15T13:14:35.837] [INFO] DataBase - У заявці Повірка від 15 травня 2025 р. за адресою вул. Захисників України, буд. 11, кв. 77 додано виконавця ЗАПЛАНОВАНІ та додано дату виконання 27 травня 2025 р. користувачем [Коваль Людмила].
[15-May-2025 13:15:16 Europe/Helsinki] DellTASK [INFO] Повірка від 13.05.2025 для адреси вул. Пятницька, буд. 61, кв. 106 для лічильника БЕЗ НОМЕРА - 1 шт. було завершено користувачем [Коваль Людмила] з коментарем: виконано.
[15-May-2025 13:29:38 Europe/Helsinki] DellTASK [INFO] Повірка від 13.05.2025 для адреси вул. Мстиславська, буд. 42, кв. 38 для лічильника БЕЗ НОМЕРА - 2 шт. було завершено користувачем [Коваль Людмила] з коментарем: виконано.
[15-May-2025 13:29:54 Europe/Helsinki] DellTASK [INFO] Повірка від 05.05.2025 для адреси просп. Миру, буд. 80, кв. 130 для лічильника БЕЗ НОМЕРА - 2 шт. було завершено користувачем [Коваль Людмила] з коментарем: виконано.
[15-May-2025 13:30:14 Europe/Helsinki] DellTASK [INFO] Повірка від 05.05.2025 для адреси просп. Миру, буд. 52, кв. 37 для лічильника БЕЗ НОМЕРА - 4 шт. було завершено користувачем [Коваль Людмила] з коментарем: виконано.
[15-May-2025 13:30:27 Europe/Helsinki] DellTASK [INFO] Повірка від 24.04.2025 для адреси вул. Котляревського, буд. 3, кв. 24 для лічильника БЕЗ НОМЕРА - 1 шт. було завершено користувачем [Коваль Людмила] з коментарем: виконано.
[15-May-2025 13:30:41 Europe/Helsinki] DellTASK [INFO] Повірка від 16.04.2025 для адреси вул. Мстиславська, буд. 109, кв. 4 для лічильника БЕЗ НОМЕРА - 2 шт. було завершено користувачем [Коваль Людмила] з коментарем: виконано.
[15-May-2025 13:31:12 Europe/Helsinki] DellTASK [INFO] Повірка від 13.05.2025 для адреси вул. Гетьмана Полуботка, буд. 120, кв. 78 для лічильника БЕЗ НОМЕРА - 2 шт. було завершено користувачем [Коваль Людмила] з коментарем: виконано.
[15-May-2025 13:31:32 Europe/Helsinki] DellTASK [INFO] Повірка від 13.05.2025 для адреси вул. Савчука, буд. 3, кв. 43 для лічильника БЕЗ НОМЕРА - 2 шт. було завершено користувачем [Коваль Людмила] з коментарем: виконано.
[15-May-2025 13:31:48 Europe/Helsinki] DellTASK [INFO] Повірка від 07.05.2025 для адреси вул. Савчука, буд. 7, корп. А, кв. 14 для лічильника БЕЗ НОМЕРА - 2 шт. було завершено користувачем [Коваль Людмила] з коментарем: виконано.
[15-May-2025 13:32:03 Europe/Helsinki] DellTASK [INFO] Повірка від 12.05.2025 для адреси вул. Менделєєва, буд. 1, корп. Б, кв. 28 для лічильника БЕЗ НОМЕРА - 2 шт. було завершено користувачем [Коваль Людмила] з коментарем: виконано.
[15-May-2025 13:32:18 Europe/Helsinki] DellTASK [INFO] Повірка від 09.05.2025 для адреси вул. Савчука, буд. 3, кв. 42 для лічильника БЕЗ НОМЕРА - 1 шт. було завершено користувачем [Коваль Людмила] з коментарем: виконано.
[15-May-2025 13:32:32 Europe/Helsinki] DellTASK [INFO] Повірка від 05.05.2025 для адреси вул. Гетьмана Полуботка, буд. 78, кв. 26 для лічильника БЕЗ НОМЕРА - 2 шт. було завершено користувачем [Коваль Людмила] з коментарем: виконано.
[15-May-2025 13:32:57 Europe/Helsinki] DellTASK [INFO] Повірка від 13.05.2025 для адреси вул. Генерала Пухова, буд. 129, корп. 1, кв. 2 для лічильника БЕЗ НОМЕРА - 1 шт. було завершено користувачем [Коваль Людмила] з коментарем: виконано.
[15-May-2025 13:33:12 Europe/Helsinki] DellTASK [INFO] Повірка від 13.05.2025 для адреси вул. Генерала Пухова, буд. 111, корп. 2, кв. 51 для лічильника БЕЗ НОМЕРА - 2 шт. було завершено користувачем [Коваль Людмила] з коментарем: виконано.
[15-May-2025 13:33:31 Europe/Helsinki] DellTASK [INFO] Повірка від 12.05.2025 для адреси вул. Доценка, буд. 4, корп. Б, кв. 105 для лічильника БЕЗ НОМЕРА - 1 шт. було завершено користувачем [Коваль Людмила] з коментарем: виконано.
[15-May-2025 13:33:43 Europe/Helsinki] DellTASK [INFO] Повірка від 12.05.2025 для адреси вул. Генерала Пухова, буд. 150, кв. 114 для лічильника БЕЗ НОМЕРА - 2 шт. було завершено користувачем [Коваль Людмила] з коментарем: виконано.
[15-May-2025 13:34:23 Europe/Helsinki] NewDATA [INFO] Новий лічильник номер: 371066, тип: КВ-1,5 => DN 15, рік випуску: 2005, показники: 0, балансоутримувач: КП "ВДК" додано до БД користувачем [Коваль Людмила].
[15-May-2025 13:34:25 Europe/Helsinki] EditDATA [INFO] За адресою вул. Доценка, буд. 4, корп. Б, кв. 105 користувачем [Коваль Людмила] було додано лічильники: 371066].
[15-May-2025 13:35:07 Europe/Helsinki] NewDATA [INFO] Новий лічильник номер: 512677, тип: КВ-1,5 => DN 15, рік випуску: 2007, показники: 0, балансоутримувач: КП "ВДК" додано до БД користувачем [Коваль Людмила].
[15-May-2025 13:35:27 Europe/Helsinki] EditDATA [INFO] За адресою вул. Генерала Пухова, буд. 150, кв. 114 користувачем [Коваль Людмила] було додано лічильники: 512677].
[15-May-2025 13:37:44 Europe/Helsinki] NewDATA [INFO] Новий лічильник номер: 562419, тип: КВ-1,5 => DN 15, рік випуску: 2007, показники: 0, балансоутримувач: АТ "ОТКЕ" додано до БД користувачем [Коваль Людмила].
[15-May-2025 13:37:46 Europe/Helsinki] EditDATA [INFO] За адресою вул. Генерала Пухова, буд. 150, кв. 114 користувачем [Коваль Людмила] було додано лічильники: 562419].
[15-May-2025 13:40:37 Europe/Helsinki] NewDATA [INFO] Новий лічильник номер: 264185, тип: КВ-1,5 => DN 15, рік випуску: 2000, показники: 0, балансоутримувач: КП "ВДК" додано до БД користувачем [Коваль Людмила].
[15-May-2025 13:41:00 Europe/Helsinki] NewDATA [INFO] Новий лічильник номер: 263399, тип: КВ-1,5 => DN 15, рік випуску: 2000, показники: 0, балансоутримувач: АТ "ОТКЕ" додано до БД користувачем [Коваль Людмила].
[15-May-2025 13:41:02 Europe/Helsinki] EditDATA [INFO] За адресою вул. Генерала Пухова, буд. 111, корп. 2, кв. 51 користувачем [Коваль Людмила] було додано лічильники: 264185, 263399].
[15-May-2025 13:41:38 Europe/Helsinki] NewDATA [INFO] Новий лічильник номер: 129876, тип: КВ-1,5 => DN 15, рік випуску: 2005, показники: 0, балансоутримувач: КП "ВДК" додано до БД користувачем [Коваль Людмила].
[15-May-2025 13:42:02 Europe/Helsinki] NewDATA [INFO] Новий лічильник номер: 0200211206, тип: ЛК => DN 15, рік випуску: 2020, показники: 0, балансоутримувач: АТ "ОТКЕ" додано до БД користувачем [Коваль Людмила].
[15-May-2025 13:42:04 Europe/Helsinki] EditDATA [INFO] За адресою вул. Генерала Пухова, буд. 129, корп. 1, кв. 2 користувачем [Коваль Людмила] було додано лічильники: 129876, 0200211206].
[15-May-2025 13:45:26 Europe/Helsinki] NewDATA [INFO] Новий лічильник номер: 144939, тип: КВ-1,5 => DN 15, рік випуску: 2017, показники: 0, балансоутримувач: КП "ВДК" додано до БД користувачем [Коваль Людмила].
[15-May-2025 13:45:28 Europe/Helsinki] EditDATA [INFO] За адресою просп. Миру, буд. 80, кв. 130 користувачем [Коваль Людмила] було додано лічильники: 144939].
[15-May-2025 13:46:10 Europe/Helsinki] NewDATA [INFO] Новий лічильник номер: 12308001, тип: Sensus => DN 15, рік випуску: 2021, показники: 0, балансоутримувач: КП "ВДК" додано до БД користувачем [Коваль Людмила].
[15-May-2025 13:46:12 Europe/Helsinki] EditDATA [INFO] За адресою вул. Котляревського, буд. 3, кв. 24 користувачем [Коваль Людмила] було додано лічильники: 12308001].
[15-May-2025 13:46:56 Europe/Helsinki] NewDATA [INFO] Новий лічильник номер: 006179, тип: КВ-1,5 => DN 15, рік випуску: 2004, показники: 0, балансоутримувач: КП "ВДК" додано до БД користувачем [Коваль Людмила].
[15-May-2025 13:46:57 Europe/Helsinki] EditDATA [INFO] За адресою вул. Пятницька, буд. 61, кв. 106 користувачем [Коваль Людмила] було додано лічильники: 006179].
[15-May-2025 13:49:50 Europe/Helsinki] NewDATA [INFO] Новий лічильник номер: 477600, тип: КВМ-U => DN 15, рік випуску: 2010, показники: 0, балансоутримувач: КП "ВДК" додано до БД користувачем [Коваль Людмила].
[15-May-2025 13:50:13 Europe/Helsinki] NewDATA [INFO] Новий лічильник номер: 143624, тип: КВМ-U => DN 15, рік випуску: 2010, показники: 0, балансоутримувач: КП "ТКЕ" додано до БД користувачем [Коваль Людмила].
[15-May-2025 13:50:16 Europe/Helsinki] EditDATA [INFO] За адресою вул. Мстиславська, буд. 109, кв. 4 користувачем [Коваль Людмила] було додано лічильники: 477600, 143624].
[15-May-2025 14:05:50 Europe/Helsinki] EditDATA [INFO] Для заявки Повірка від 13.05.2025 користувачем [Коваль Людмила] змінено примітки з 13-17 на 8-13.
[15-May-2025 14:10:53 Europe/Helsinki] EditDATA [INFO] Для заявки Повірка від 15.05.2025 користувачем [Коваль Людмила] змінено виконавця з ЗАПЛАНОВАНІ на Шкуліпа.
[15-May-2025 14:11:02 Europe/Helsinki] EditDATA [INFO] Для заявки Повірка від 13.05.2025 користувачем [Коваль Людмила] змінено виконавця з ЗАПЛАНОВАНІ на Шкуліпа.
[15-May-2025 14:11:11 Europe/Helsinki] EditDATA [INFO] Для заявки Повірка від 13.05.2025 користувачем [Коваль Людмила] змінено виконавця з ЗАПЛАНОВАНІ на Шкуліпа.
[15-May-2025 14:11:25 Europe/Helsinki] EditDATA [INFO] Для заявки Повірка від 12.05.2025 користувачем [Коваль Людмила] змінено виконавця з ЗАПЛАНОВАНІ на Шкуліпа.
[15-May-2025 14:11:34 Europe/Helsinki] EditDATA [INFO] Для заявки Повірка від 12.05.2025 користувачем [Коваль Людмила] змінено виконавця з ЗАПЛАНОВАНІ на Шкуліпа.
[15-May-2025 14:11:44 Europe/Helsinki] EditDATA [INFO] Для заявки Повірка від 12.05.2025 користувачем [Коваль Людмила] змінено виконавця з ЗАПЛАНОВАНІ на Шкуліпа.
[15-May-2025 14:11:54 Europe/Helsinki] EditDATA [INFO] Для заявки Повірка від 08.05.2025 користувачем [Коваль Людмила] змінено виконавця з ЗАПЛАНОВАНІ на Шкуліпа.
[15-May-2025 14:12:04 Europe/Helsinki] EditDATA [INFO] Для заявки Повірка від 06.05.2025 користувачем [Коваль Людмила] змінено виконавця з ЗАПЛАНОВАНІ на Шкуліпа.
[15-May-2025 14:12:14 Europe/Helsinki] EditDATA [INFO] Для заявки Повірка від 16.04.2025 користувачем [Коваль Людмила] змінено виконавця з ЗАПЛАНОВАНІ на Шкуліпа.
[15-May-2025 14:16:32 Europe/Helsinki] NewDATA [INFO] Нова заявка Повірка, адреса: вул. Волковича 21, кв. 30, лічильники: БЕЗ НОМЕРА - 1 шт., вартість: 300 грн., примітки: 8-13, 1 хв додано до БД користувачем [Сусло Тетяна].
[2025-05-15T14:16:37.496] [INFO] DataBase - У заявці Повірка від 15 травня 2025 р. за адресою вул. Волковича, буд. 21, кв. 30 додано виконавця ЗАПЛАНОВАНІ та додано дату виконання 6 червня 2025 р. користувачем [Сусло Тетяна].
[2025-05-15T14:31:40.377] [INFO] DataBase - У заявці Повірка від 7 травня 2025 р. за адресою вул. Гонча, буд. 84, кв. 39 видалено дату виконання 16 травня 2025 р. користувачем [Сусло Тетяна].
[2025-05-15T14:31:45.433] [INFO] DataBase - У заявці Повірка від 7 травня 2025 р. за адресою вул. Гонча, буд. 84, кв. 39 додано дату виконання 15 травня 2025 р. користувачем [Сусло Тетяна].
[15-May-2025 14:31:56 Europe/Helsinki] DellTASK [INFO] Повірка від 07.05.2025 для адреси вул. Гонча, буд. 84, кв. 39 для лічильника БЕЗ НОМЕРА - 2 шт. було завершено користувачем [Сусло Тетяна] з коментарем: вик.
[15-May-2025 15:37:19 Europe/Helsinki] NewDATA [INFO] Нова заявка Повірка, адреса: просп. Левка Лукяненка 16 корпус А, кв. 34, лічильники: БЕЗ НОМЕРА - 1 шт., вартість: 300 грн., примітки: 13-17,гор.с/в додано до БД користувачем [Коваль Людмила].
[2025-05-15T15:37:37.855] [INFO] DataBase - У заявці Повірка від 15 травня 2025 р. за адресою просп. Левка Лукяненка, буд. 16, корп. А, кв. 34 додано виконавця Шкуліпа та додано дату виконання 16 травня 2025 р. користувачем [Коваль Людмила].
[15-May-2025 16:06:45 Europe/Helsinki] NewDATA [INFO] Нова заявка Заміна, адреса: вул. 1-ої танкової бригади 31, кв. 114, лічильники: БЕЗ НОМЕРА - 1 шт., виконавець: Баранов, вартість: 1100 грн., примітки: 11-15, за 1-1,5 год, 1 гв, св додано до БД користувачем [Сусло Тетяна].
[2025-05-15T16:06:48.699] [INFO] DataBase - У заявці Заміна від 15 травня 2025 р. за адресою вул. 1-ої танкової бригади, буд. 31, кв. 114 додано дату виконання 20 травня 2025 р. користувачем [Сусло Тетяна].
[15-May-2025 16:07:29 Europe/Helsinki] NewDATA [INFO] Нова адреса просп. Миру, буд. 263, кв. 244 додана до БД користувачем [Сусло Тетяна].
[15-May-2025 16:08:04 Europe/Helsinki] EditDATA [INFO] За адресою просп. Миру 263, кв. 244 користувачем [Сусло Тетяна] додано номер телефону +38(093)353-21-00, при створенні нової заявки [Повірка] від 15.05.2025.
[15-May-2025 16:08:05 Europe/Helsinki] NewDATA [INFO] Нова заявка Повірка, адреса: просп. Миру 263, кв. 244, лічильники: БЕЗ НОМЕРА - 2 шт., вартість: 600 грн., примітки: 9-14 додано до БД користувачем [Сусло Тетяна].
[2025-05-15T16:08:09.236] [INFO] DataBase - У заявці Повірка від 15 травня 2025 р. за адресою просп. Миру, буд. 263, кв. 244 додано виконавця ЗАПЛАНОВАНІ та додано дату виконання 22 травня 2025 р. користувачем [Сусло Тетяна].
[15-May-2025 16:09:11 Europe/Helsinki] NewDATA [INFO] Нова адреса вул. Самострова, буд. 13, кв. 102, тел. +38 (093) 776-40-35 додана до БД користувачем [Сусло Тетяна].
[15-May-2025 16:10:01 Europe/Helsinki] NewDATA [INFO] Нова заявка Повірка, адреса: вул. Самострова 13, кв. 102, лічильники: БЕЗ НОМЕРА - 1 шт., вартість: 300 грн., примітки: 8-13, 1 гв, уточнить хол, дзвінок на дверях не працює додано до БД користувачем [Сусло Тетяна].
[2025-05-15T16:10:05.788] [INFO] DataBase - У заявці Повірка від 15 травня 2025 р. за адресою вул. Самострова, буд. 13, кв. 102 додано виконавця ЗАПЛАНОВАНІ та додано дату виконання 2 червня 2025 р. користувачем [Сусло Тетяна].
[15-May-2025 16:10:12 Europe/Helsinki] NewDATA [INFO] Новий лічильник номер: 597144, тип: КВ-1,5 => DN 15, рік випуску: 2005, показники: 0, балансоутримувач: КП "ВДК" додано до БД користувачем [Коваль Людмила].
[15-May-2025 16:10:39 Europe/Helsinki] NewDATA [INFO] Новий лічильник номер: 607197, тип: КВ-1,5 => DN 15, рік випуску: 2006, показники: 0, балансоутримувач: АТ "ОТКЕ" додано до БД користувачем [Коваль Людмила].
[15-May-2025 16:10:40 Europe/Helsinki] EditDATA [INFO] За адресою вул. Менделєєва, буд. 1, корп. Б, кв. 28 користувачем [Коваль Людмила] було додано лічильники: 597144, 607197].
[15-May-2025 16:11:24 Europe/Helsinki] NewDATA [INFO] Новий лічильник номер: 425553, тип: КВ-1,5 => DN 15, рік випуску: 2004, показники: 0, балансоутримувач: КП "ВДК" додано до БД користувачем [Коваль Людмила].
[15-May-2025 16:11:47 Europe/Helsinki] NewDATA [INFO] Новий лічильник номер: 518548, тип: КВ-1,5 => DN 15, рік випуску: 2001, показники: 0, балансоутримувач: АТ "ОТКЕ" додано до БД користувачем [Коваль Людмила].
[15-May-2025 16:11:49 Europe/Helsinki] EditDATA [INFO] За адресою вул. Гетьмана Полуботка, буд. 78, кв. 26 користувачем [Коваль Людмила] було додано лічильники: 425553, 518548].
[15-May-2025 16:12:27 Europe/Helsinki] NewDATA [INFO] Новий лічильник номер: 583823, тип: КВ-1,5 => DN 15, рік випуску: 2005, показники: 0, балансоутримувач: КП "ВДК" додано до БД користувачем [Коваль Людмила].
[15-May-2025 16:12:46 Europe/Helsinki] NewDATA [INFO] Новий лічильник номер: 554821, тип: КВ-1,5 => DN 15, рік випуску: 2005, показники: 0, балансоутримувач: АТ "ОТКЕ" додано до БД користувачем [Коваль Людмила].
[15-May-2025 16:12:47 Europe/Helsinki] EditDATA [INFO] За адресою вул. Гетьмана Полуботка, буд. 120, кв. 78 користувачем [Коваль Людмила] було додано лічильники: 583823, 554821].
