[07-Nov-2024 08:10:15 Europe/Helsinki] DellTASK [INFO] Заміна від 06.11.2024 для адреси вул. Льотна, буд. 29, кв. 7 для лічильника БЕЗ НОМЕРА - 1 шт. було завершено користувачем [Сміян Альона] з коментарем: виконано.
[07-Nov-2024 08:10:27 Europe/Helsinki] DellTASK [INFO] Заміна від 05.11.2024 для адреси вул. Освіти, буд. 29, кв. 18 для лічильника БЕЗ НОМЕРА - 1 шт. було завершено користувачем [Сміян Альона] з коментарем: виконано.
[07-Nov-2024 08:10:58 Europe/Helsinki] NewDATA [INFO] Новий лічильник номер: 241480935, тип: СВК => DN 15, рік випуску: 2024, показники: 0, балансоутримувач: КП "ВДК" додано до БД користувачем [Сміян Альона].
[07-Nov-2024 08:11:02 Europe/Helsinki] EditDATA [INFO] В заявці Заміна від 05.11.2024 за адресою вул. Мстиславська, буд. 109, кв. 49 було додано лічильники: 241480935 користувачем [Сміян Альона].
[07-Nov-2024 08:11:07 Europe/Helsinki] EditDATA [INFO] В заявці Заміна від 05.11.2024 за адресою вул. Мстиславська, буд. 109, кв. 49 було видалено лічильники: 9200201526 користувачем [Сміян Альона].
[07-Nov-2024 08:11:16 Europe/Helsinki] DellTASK [INFO] Заміна від 05.11.2024 для адреси вул. Мстиславська, буд. 109, кв. 49 для лічильника 241480935 було завершено користувачем [Сміян Альона] з коментарем: виконано.
[07-Nov-2024 08:11:31 Europe/Helsinki] DellTASK [INFO] Заміна від 04.11.2024 для адреси вул. Богуна Івана, буд. 42, кв. 32 для лічильника БЕЗ НОМЕРА - 1 шт. було завершено користувачем [Сміян Альона] з коментарем: виконано.
[2024-11-07T08:11:38.839] [INFO] DataBase - У заявці Заміна від 30 жовтня 2024 р. за адресою вул. Мезенцева Юрія, буд. 80, кв. 123 видалено дату виконання 6 листопада 2024 р. користувачем [Сміян Альона].
[2024-11-07T08:11:44.854] [INFO] DataBase - У заявці Заміна від 30 жовтня 2024 р. за адресою вул. Мезенцева Юрія, буд. 80, кв. 123 додано дату виконання 8 листопада 2024 р. користувачем [Сміян Альона].
[07-Nov-2024 08:22:02 Europe/Helsinki] NewDATA [INFO] Нова адреса вул. Богуна Івана, буд. 38, кв. 46, тел. +38 (093) 001-35-41 додана до БД користувачем [Сміян Альона].
[07-Nov-2024 08:22:52 Europe/Helsinki] NewDATA [INFO] Нова заявка Повірка, адреса: вул. Богуна Івана 38, кв. 46, лічильники: БЕЗ НОМЕРА - 2 шт., вартість: 600 грн., примітки: 8-13 сначала на Чорновола 10 55 додано до БД користувачем [Сміян Альона].
[2024-11-07T08:23:03.516] [INFO] DataBase - У заявці Повірка від 7 листопада 2024 р. за адресою вул. Богуна Івана, буд. 38, кв. 46 додано виконавця ЗАПЛАНОВАНІ та додано дату виконання 8 листопада 2024 р. користувачем [Сміян Альона].
[07-Nov-2024 08:23:37 Europe/Helsinki] NewDATA [INFO] Нова адреса вул. Чорновола Вячеслава, буд. 10, кв. 55, тел. +38 (093) 001-35-41 додана до БД користувачем [Сміян Альона].
[07-Nov-2024 08:24:08 Europe/Helsinki] NewDATA [INFO] Нова заявка Повірка, адреса: вул. Чорновола Вячеслава 10, кв. 55, лічильники: БЕЗ НОМЕРА - 1 шт., вартість: 300 грн., примітки: 8-13 30хв додано до БД користувачем [Сміян Альона].
[2024-11-07T08:24:16.470] [INFO] DataBase - У заявці Повірка від 7 листопада 2024 р. за адресою вул. Чорновола Вячеслава, буд. 10, кв. 55 додано виконавця ЗАПЛАНОВАНІ та додано дату виконання 8 листопада 2024 р. користувачем [Сміян Альона].
[07-Nov-2024 08:25:42 Europe/Helsinki] EditDATA [INFO] За адресою вул. Любецька 2 корпус А, кв. 31 користувачем [Сміян Альона] змінені номери телефонів з +38(063)591-57-99, +38(068)476-70-02, +38(093)001-35-41 на +38(093)001-35-41, при створенні нової заявки [Повірка] від 07.11.2024.
[07-Nov-2024 08:25:42 Europe/Helsinki] NewDATA [INFO] Нова заявка Повірка, адреса: вул. Любецька 2 корпус А, кв. 31, лічильники: БЕЗ НОМЕРА - 1 шт., вартість: 300 грн., примітки: 8-13 1час додано до БД користувачем [Сміян Альона].
[2024-11-07T08:25:49.238] [INFO] DataBase - У заявці Повірка від 7 листопада 2024 р. за адресою вул. Любецька, буд. 2, корп. А, кв. 31 додано виконавця ЗАПЛАНОВАНІ та додано дату виконання 11 листопада 2024 р. користувачем [Сміян Альона].
[07-Nov-2024 08:26:28 Europe/Helsinki] EditDATA [INFO] Для заявки Повірка від 07.11.2024 користувачем [Сміян Альона] змінено примітки з 8-13 30хв на 8-13 30хв обов'язкова.
[07-Nov-2024 08:48:03 Europe/Helsinki] DellTASK [INFO] Повірка від 04.11.2024 для адреси вул. Попова, буд. 31, корп. Б, кв. 162 для лічильника БЕЗ НОМЕРА - 1 шт. було завершено користувачем [Коваль Людмила] з коментарем: виконано.
[07-Nov-2024 08:48:24 Europe/Helsinki] DellTASK [INFO] Повірка від 31.10.2024 для адреси вул. Текстильників, буд. 6, кв. 23 для лічильника БЕЗ НОМЕРА - 2 шт. було завершено користувачем [Коваль Людмила] з коментарем: виконано.
[07-Nov-2024 08:48:40 Europe/Helsinki] DellTASK [INFO] Повірка від 30.10.2024 для адреси вул. Ціолковського, буд. 12, кв. 107 для лічильника БЕЗ НОМЕРА - 1 шт. було завершено користувачем [Коваль Людмила] з коментарем: виконано.
[07-Nov-2024 08:48:57 Europe/Helsinki] DellTASK [INFO] Повірка від 01.11.2024 для адреси вул. Попова, буд. 31, корп. В, кв. 317 для лічильника БЕЗ НОМЕРА - 1 шт. було завершено користувачем [Коваль Людмила] з коментарем: виконано.
[07-Nov-2024 08:49:13 Europe/Helsinki] DellTASK [INFO] Повірка від 31.10.2024 для адреси вул. Музична, буд. 2, корп. А, кв. 18 для лічильника БЕЗ НОМЕРА - 2 шт. було завершено користувачем [Коваль Людмила] з коментарем: виконано.
[07-Nov-2024 08:49:31 Europe/Helsinki] DellTASK [INFO] Повірка від 30.10.2024 для адреси вул. Самоквасова Дмитра, буд. 23, кв. 13 для лічильника БЕЗ НОМЕРА - 2 шт. було завершено користувачем [Коваль Людмила] з коментарем: виконано.
[07-Nov-2024 08:49:50 Europe/Helsinki] DellTASK [INFO] Повірка від 30.10.2024 для адреси вул. Текстильників, буд. 11, корп. Б, кв. 29 для лічильника БЕЗ НОМЕРА - 4 шт. було завершено користувачем [Коваль Людмила] з коментарем: виконано.
[07-Nov-2024 08:50:06 Europe/Helsinki] DellTASK [INFO] Повірка від 29.10.2024 для адреси вул. Самоквасова Дмитра, буд. 15, кв. 43 для лічильника БЕЗ НОМЕРА - 2 шт. було завершено користувачем [Коваль Людмила] з коментарем: виконано.
[07-Nov-2024 08:50:22 Europe/Helsinki] DellTASK [INFO] Повірка від 29.10.2024 для адреси вул. Музична, буд. 2, кв. 42 для лічильника БЕЗ НОМЕРА - 4 шт. було завершено користувачем [Коваль Людмила] з коментарем: виконано.
[07-Nov-2024 08:51:09 Europe/Helsinki] NewDATA [INFO] Новий лічильник номер: 104584, тип: КВ-1,5 => DN 15, рік випуску: 2014, показники: 0, балансоутримувач: КП "ВДК" додано до БД користувачем [Коваль Людмила].
[07-Nov-2024 08:51:12 Europe/Helsinki] EditDATA [INFO] За адресою вул. Попова, буд. 31, корп. Б, кв. 162 користувачем [Коваль Людмила] було додано лічильники: 104584].
[07-Nov-2024 08:51:53 Europe/Helsinki] NewDATA [INFO] Новий лічильник номер: 013436, тип: КВ-1,5 => DN 15, рік випуску: 2004, показники: 0, балансоутримувач: КП "ВДК" додано до БД користувачем [Коваль Людмила].
[07-Nov-2024 08:51:56 Europe/Helsinki] EditDATA [INFO] За адресою вул. Ціолковського, буд. 12, кв. 107 користувачем [Коваль Людмила] було додано лічильники: 013436].
[07-Nov-2024 08:53:44 Europe/Helsinki] NewDATA [INFO] Новий лічильник номер: 4469425, тип: ЛК => DN 15, рік випуску: 2014, показники: 0, балансоутримувач: КП "ВДК" додано до БД користувачем [Коваль Людмила].
[07-Nov-2024 08:53:47 Europe/Helsinki] EditDATA [INFO] За адресою вул. Попова, буд. 31, корп. В, кв. 317 користувачем [Коваль Людмила] було додано лічильники: 4469425].
[07-Nov-2024 08:56:46 Europe/Helsinki] NewDATA [INFO] Новий лічильник номер: 005744, тип: КВ-1,5 => DN 15, рік випуску: 2012, показники: 0, балансоутримувач: КП "ВДК" додано до БД користувачем [Коваль Людмила].
[07-Nov-2024 08:56:49 Europe/Helsinki] EditDATA [INFO] За адресою вул. Текстильників, буд. 6, кв. 23 користувачем [Коваль Людмила] було додано лічильники: 005744].
[07-Nov-2024 08:58:04 Europe/Helsinki] NewDATA [INFO] Новий лічильник номер: 244729, тип: КВ-1,5 => DN 15, рік випуску: 2010, показники: 0, балансоутримувач: КП "ВДК" додано до БД користувачем [Коваль Людмила].
[07-Nov-2024 08:58:47 Europe/Helsinki] NewDATA [INFO] Новий лічильник номер: 147636, тип: КВ-1,5 => DN 15, рік випуску: 2014, показники: 0, балансоутримувач: КП "ТКЕ" додано до БД користувачем [Коваль Людмила].
[07-Nov-2024 08:59:14 Europe/Helsinki] NewDATA [INFO] Новий лічильник номер: 191576, тип: КВ-1,5 => DN 15, рік випуску: 2010, показники: 0, балансоутримувач: КП "ВДК" додано до БД користувачем [Коваль Людмила].
[07-Nov-2024 08:59:42 Europe/Helsinki] NewDATA [INFO] Новий лічильник номер: 453924, тип: КВ-1,5 => DN 15, рік випуску: 2004, показники: 0, балансоутримувач: КП "ТКЕ" додано до БД користувачем [Коваль Людмила].
[07-Nov-2024 08:59:45 Europe/Helsinki] EditDATA [INFO] За адресою вул. Текстильників, буд. 11, корп. Б, кв. 29 користувачем [Коваль Людмила] було додано лічильники: 244729, 147636, 191576, 453924].
[07-Nov-2024 09:00:25 Europe/Helsinki] NewDATA [INFO] Новий лічильник номер: 103436, тип: КВ-1,5 => DN 15, рік випуску: 2010, показники: 0, балансоутримувач: КП "ВДК" додано до БД користувачем [Коваль Людмила].
[07-Nov-2024 09:00:50 Europe/Helsinki] NewDATA [INFO] Новий лічильник номер: 285046, тип: КВ-1,5 => DN 15, рік випуску: 2010, показники: 0, балансоутримувач: КП "ТКЕ" додано до БД користувачем [Коваль Людмила].
[07-Nov-2024 09:00:52 Europe/Helsinki] EditDATA [INFO] За адресою вул. Самоквасова Дмитра, буд. 15, кв. 43 користувачем [Коваль Людмила] було додано лічильники: 103436, 285046].
[07-Nov-2024 09:20:01 Europe/Helsinki] NewDATA [INFO] Нова адреса вул. Нафтовиків, буд. 19, кв. 3, тел. +38 (093) 528-46-00 додана до БД користувачем [Сусло Тетяна].
[07-Nov-2024 09:20:29 Europe/Helsinki] NewDATA [INFO] Нова заявка Повірка, адреса: вул. Нафтовиків 19, кв. 3, лічильники: БЕЗ НОМЕРА - 2 шт., вартість: 600 грн., примітки: 12-17, за 30 хв додано до БД користувачем [Сусло Тетяна].
[2024-11-07T09:20:34.298] [INFO] DataBase - У заявці Повірка від 7 листопада 2024 р. за адресою вул. Нафтовиків, буд. 19, кв. 3 додано виконавця ЗАПЛАНОВАНІ та додано дату виконання 19 листопада 2024 р. користувачем [Сусло Тетяна].
[07-Nov-2024 09:36:55 Europe/Helsinki] EditDATA [INFO] Для заявки Повірка від 07.11.2024 користувачем [Коваль Людмила] змінено виконавця з ЗАПЛАНОВАНІ на Сірий.
[07-Nov-2024 09:37:07 Europe/Helsinki] EditDATA [INFO] Для заявки Повірка від 07.11.2024 користувачем [Коваль Людмила] змінено виконавця з ЗАПЛАНОВАНІ на Сірий.
[07-Nov-2024 09:37:44 Europe/Helsinki] EditDATA [INFO] Для заявки Повірка від 05.11.2024 користувачем [Коваль Людмила] змінено виконавця з ЗАПЛАНОВАНІ на Сірий.
[07-Nov-2024 09:38:00 Europe/Helsinki] EditDATA [INFO] Для заявки Повірка від 05.11.2024 користувачем [Коваль Людмила] змінено виконавця з ЗАПЛАНОВАНІ на Сірий.
[07-Nov-2024 09:38:26 Europe/Helsinki] EditDATA [INFO] Для заявки Повірка від 31.10.2024 користувачем [Коваль Людмила] змінено виконавця з ЗАПЛАНОВАНІ на Сірий.
[07-Nov-2024 09:38:49 Europe/Helsinki] EditDATA [INFO] Для заявки Повірка від 30.10.2024 користувачем [Коваль Людмила] змінено виконавця з ЗАПЛАНОВАНІ на Сірий.
[07-Nov-2024 09:39:05 Europe/Helsinki] EditDATA [INFO] Для заявки Повірка від 28.10.2024 користувачем [Коваль Людмила] змінено виконавця з ЗАПЛАНОВАНІ на Сірий.
[07-Nov-2024 09:53:13 Europe/Helsinki] DellTASK [INFO] Повірка від 30.10.2024 для адреси просп. Левка Лукяненка, буд. 9, кв. 42 для лічильника БЕЗ НОМЕРА - 1 шт. було завершено користувачем [Сусло Тетяна] з коментарем: виконано.
[07-Nov-2024 09:53:39 Europe/Helsinki] DellTASK [INFO] Повірка від 04.11.2024 для адреси вул. Шевченка, буд. 101, корп. А, кв. 114 для лічильника БЕЗ НОМЕРА - 1 шт. було завершено користувачем [Сусло Тетяна] з коментарем: виконано.
[07-Nov-2024 09:54:00 Europe/Helsinki] DellTASK [INFO] Повірка від 30.10.2024 для адреси вул. Шевченка, буд. 112, корп. А, кв. 18 для лічильника БЕЗ НОМЕРА - 1 шт. було завершено користувачем [Сусло Тетяна] з коментарем: виконано.
[07-Nov-2024 09:54:18 Europe/Helsinki] DellTASK [INFO] Повірка від 31.10.2024 для адреси вул. Шевченка, буд. 114, корп. А, кв. 5 для лічильника БЕЗ НОМЕРА - 1 шт. було завершено користувачем [Сусло Тетяна] з коментарем: виконано.
[07-Nov-2024 09:54:34 Europe/Helsinki] DellTASK [INFO] Повірка від 04.11.2024 для адреси просп. Левка Лукяненка, буд. 4, кв. 146 для лічильника БЕЗ НОМЕРА - 2 шт. було завершено користувачем [Сусло Тетяна] з коментарем: виконано.
[07-Nov-2024 09:54:51 Europe/Helsinki] DellTASK [INFO] Повірка від 29.10.2024 для адреси вул. Захисників України, буд. 10, кв. 3 для лічильника БЕЗ НОМЕРА - 1 шт. було завершено користувачем [Сусло Тетяна] з коментарем: виконано.
[07-Nov-2024 09:55:11 Europe/Helsinki] DellTASK [INFO] Повірка від 30.10.2024 для адреси вул. Захисників України, буд. 14, кв. 36 для лічильника БЕЗ НОМЕРА - 1 шт. було завершено користувачем [Сусло Тетяна] з коментарем: виконано.
[07-Nov-2024 09:57:12 Europe/Helsinki] DellTASK [INFO] Повірка від 04.11.2024 для адреси вул. Захисників України, буд. 13, корп. Б, кв. 45 для лічильника БЕЗ НОМЕРА - 2 шт. було завершено користувачем [Сусло Тетяна] з коментарем: виконано.
[07-Nov-2024 09:57:25 Europe/Helsinki] DellTASK [INFO] Повірка від 31.10.2024 для адреси вул. Всіхсвятська, буд. 18, кв. 28 для лічильника БЕЗ НОМЕРА - 2 шт. було завершено користувачем [Сусло Тетяна] з коментарем: виконано.
[07-Nov-2024 09:57:40 Europe/Helsinki] DellTASK [INFO] Повірка від 30.10.2024 для адреси вул. Всіхсвятська, буд. 18, корп. А, кв. 72 для лічильника БЕЗ НОМЕРА - 2 шт. було завершено користувачем [Сусло Тетяна] з коментарем: виконано.
[07-Nov-2024 09:57:54 Europe/Helsinki] DellTASK [INFO] Повірка від 31.10.2024 для адреси вул. Генерала Пухова, буд. 103, кв. 63 для лічильника БЕЗ НОМЕРА - 2 шт. було завершено користувачем [Сусло Тетяна] з коментарем: виконано.
[07-Nov-2024 10:03:28 Europe/Helsinki] EditDATA [INFO] Для заявки Повірка від 31.10.2024 користувачем [Сусло Тетяна] змінено примітки з 8-13,пер.за час на 13-18,пер.за час.
[07-Nov-2024 10:06:19 Europe/Helsinki] DellTASK [INFO] Повірка від 31.10.2024 для адреси вул. Генерала Пухова, буд. 107, кв. 23 для лічильника БЕЗ НОМЕРА - 2 шт. було завершено користувачем [Сусло Тетяна] з коментарем: виконано.
[07-Nov-2024 10:07:48 Europe/Helsinki] NewDATA [INFO] Нова заявка Повірка, адреса: вул. Чорновола Вячеслава 40 корпус А, кв. 9, лічильники: БЕЗ НОМЕРА - 4 шт., вартість: 1200 грн., примітки: 8-13 додано до БД користувачем [Сміян Альона].
[2024-11-07T10:07:55.086] [INFO] DataBase - У заявці Повірка від 7 листопада 2024 р. за адресою вул. Чорновола Вячеслава, буд. 40, корп. А, кв. 9 додано виконавця ЗАПЛАНОВАНІ та додано дату виконання 14 листопада 2024 р. користувачем [Сміян Альона].
[07-Nov-2024 10:09:31 Europe/Helsinki] EditDATA [INFO] За адресою вул. Мстиславська 79, кв. 54 користувачем [Коваль Людмила] змінені номери телефонів з +38(067)154-08-01, +38(097)507-67-34 на +38(067)154-08-01, +38(063)457-42-72, при створенні нової заявки [Повірка] від 07.11.2024.
[07-Nov-2024 10:09:31 Europe/Helsinki] NewDATA [INFO] Нова заявка Повірка, адреса: вул. Мстиславська 79, кв. 54, лічильники: БЕЗ НОМЕРА - 2 шт., вартість: 600 грн., примітки: 14-18,пер.за 30 хв додано до БД користувачем [Коваль Людмила].
[2024-11-07T10:10:59.390] [INFO] DataBase - У заявці Повірка від 7 листопада 2024 р. за адресою вул. Мстиславська, буд. 79, кв. 54 додано виконавця ЗАПЛАНОВАНІ та додано дату виконання 13 листопада 2024 р. користувачем [Коваль Людмила].
[2024-11-07T10:11:31.851] [INFO] DataBase - У заявці Повірка від 5 листопада 2024 р. за адресою вул. Коцюбинського, буд. 84, кв. 39 видалено дату виконання 7 листопада 2024 р. користувачем [Сусло Тетяна].
[2024-11-07T10:11:35.066] [INFO] DataBase - У заявці Повірка від 31 жовтня 2024 р. за адресою вул. Космонавтів, буд. 10, кв. 48 видалено дату виконання 7 листопада 2024 р. користувачем [Сусло Тетяна].
[2024-11-07T10:11:37.824] [INFO] DataBase - У заявці Повірка від 31 жовтня 2024 р. за адресою вул. 1-ої танкової бригади, буд. 12, кв. 49 видалено дату виконання 7 листопада 2024 р. користувачем [Сусло Тетяна].
[2024-11-07T10:11:54.177] [INFO] DataBase - У заявці Повірка від 29 жовтня 2024 р. за адресою вул. Тарновського Василя, буд. 34, корп. А, кв. 15 видалено дату виконання 7 листопада 2024 р. користувачем [Сусло Тетяна].
[2024-11-07T10:12:04.417] [INFO] DataBase - У заявці Повірка від 29 жовтня 2024 р. за адресою вул. Тарновського Василя, буд. 34, корп. А, кв. 15 додано дату виконання 11 листопада 2024 р. користувачем [Сусло Тетяна].
[2024-11-07T10:12:06.609] [INFO] DataBase - У заявці Повірка від 31 жовтня 2024 р. за адресою вул. 1-ої танкової бригади, буд. 12, кв. 49 додано дату виконання 11 листопада 2024 р. користувачем [Сусло Тетяна].
[2024-11-07T10:12:08.097] [INFO] DataBase - У заявці Повірка від 31 жовтня 2024 р. за адресою вул. Космонавтів, буд. 10, кв. 48 додано дату виконання 11 листопада 2024 р. користувачем [Сусло Тетяна].
[2024-11-07T10:12:10.425] [INFO] DataBase - У заявці Повірка від 5 листопада 2024 р. за адресою вул. Коцюбинського, буд. 84, кв. 39 додано дату виконання 11 листопада 2024 р. користувачем [Сусло Тетяна].
[07-Nov-2024 10:12:18 Europe/Helsinki] EditDATA [INFO] Для заявки Повірка від 05.11.2024 користувачем [Сусло Тетяна] змінено виконавця з Ващенко на ЗАПЛАНОВАНІ.
[07-Nov-2024 10:12:20 Europe/Helsinki] EditDATA [INFO] За адресою вул. Текстильників 6, кв. 9 користувачем [Коваль Людмила] змінені номери телефонів з +38(063)012-54-69 на +38(063)012-54-69, +38(096)157-80-55, при створенні нової заявки [Повірка] від 07.11.2024.
[07-Nov-2024 10:12:20 Europe/Helsinki] NewDATA [INFO] Нова заявка Повірка, адреса: вул. Текстильників 6, кв. 9, лічильники: БЕЗ НОМЕРА - 2 шт., вартість: 600 грн., примітки: 13-17 додано до БД користувачем [Коваль Людмила].
[07-Nov-2024 10:12:30 Europe/Helsinki] EditDATA [INFO] Для заявки Повірка від 31.10.2024 користувачем [Сусло Тетяна] змінено виконавця з Ващенко на ЗАПЛАНОВАНІ.
[2024-11-07T10:12:36.023] [INFO] DataBase - У заявці Повірка від 7 листопада 2024 р. за адресою вул. Текстильників, буд. 6, кв. 9 додано виконавця ЗАПЛАНОВАНІ та додано дату виконання 11 листопада 2024 р. користувачем [Коваль Людмила].
[07-Nov-2024 10:12:40 Europe/Helsinki] EditDATA [INFO] Для заявки Повірка від 31.10.2024 користувачем [Сусло Тетяна] змінено виконавця з Ващенко на ЗАПЛАНОВАНІ.
[07-Nov-2024 10:12:50 Europe/Helsinki] EditDATA [INFO] Для заявки Повірка від 29.10.2024 користувачем [Сусло Тетяна] змінено виконавця з Ващенко на ЗАПЛАНОВАНІ.
[2024-11-07T10:13:38.674] [INFO] DataBase - У заявці Повірка від 28 жовтня 2024 р. за адресою вул. Шевченка, буд. 33, корп. А, кв. 48 видалено дату виконання 7 листопада 2024 р. користувачем [Сусло Тетяна].
[2024-11-07T10:13:45.652] [INFO] DataBase - У заявці Повірка від 28 жовтня 2024 р. за адресою вул. Шевченка, буд. 33, корп. А, кв. 48 додано дату виконання 14 листопада 2024 р. користувачем [Сусло Тетяна].
[07-Nov-2024 10:13:47 Europe/Helsinki] NewDATA [INFO] Новий лічильник номер: 021105, тип: КВ-1,5 => DN 15, рік випуску: 2013, показники: 0, балансоутримувач: КП "ВДК" додано до БД користувачем [Коваль Людмила].
[07-Nov-2024 10:13:49 Europe/Helsinki] EditDATA [INFO] За адресою вул. Музична, буд. 2, корп. А, кв. 18 користувачем [Коваль Людмила] було додано лічильники: 021105].
[07-Nov-2024 10:14:00 Europe/Helsinki] EditDATA [INFO] Для заявки Повірка від 28.10.2024 користувачем [Сусло Тетяна] змінено виконавця з Ващенко на ЗАПЛАНОВАНІ.
[07-Nov-2024 10:14:34 Europe/Helsinki] NewDATA [INFO] Новий лічильник номер: 308145, тип: КВ-1,5 => DN 15, рік випуску: 2006, показники: 0, балансоутримувач: КП "ВДК" додано до БД користувачем [Коваль Людмила].
[07-Nov-2024 10:14:53 Europe/Helsinki] DellTASK [INFO] Повірка від 04.11.2024 для адреси вул. Гетьмана Полуботка, буд. 84, кв. 86 для лічильника БЕЗ НОМЕРА - 2 шт. було завершено користувачем [Сусло Тетяна] з коментарем: виконано.
[07-Nov-2024 10:14:59 Europe/Helsinki] NewDATA [INFO] Новий лічильник номер: 305030, тип: КВ-1,5 => DN 15, рік випуску: 2006, показники: 0, балансоутримувач: КП "ТКЕ" додано до БД користувачем [Коваль Людмила].
[07-Nov-2024 10:15:01 Europe/Helsinki] EditDATA [INFO] За адресою вул. Самоквасова Дмитра, буд. 23, кв. 13 користувачем [Коваль Людмила] було додано лічильники: 308145, 305030].
[07-Nov-2024 10:15:11 Europe/Helsinki] DellTASK [INFO] Повірка від 23.10.2024 для адреси просп. Перемоги, буд. 191, кв. 68 для лічильника БЕЗ НОМЕРА - 1 шт. було завершено користувачем [Сусло Тетяна] з коментарем: виконано.
[07-Nov-2024 10:15:30 Europe/Helsinki] DellTASK [INFO] Повірка від 30.10.2024 для адреси просп. Левка Лукяненка, буд. 22, корп. А, кв. 29 для лічильника БЕЗ НОМЕРА - 4 шт. було завершено користувачем [Сусло Тетяна] з коментарем: виконано.
[07-Nov-2024 10:15:40 Europe/Helsinki] NewDATA [INFO] Новий лічильник номер: 317113, тип: КВ-1,5 => DN 15, рік випуску: 2008, показники: 0, балансоутримувач: КП "ВДК" додано до БД користувачем [Коваль Людмила].
[07-Nov-2024 10:15:45 Europe/Helsinki] DellTASK [INFO] Повірка від 30.10.2024 для адреси вул. Менделєєва, буд. 1, корп. Б, кв. 34 для лічильника БЕЗ НОМЕРА - 1 шт. було завершено користувачем [Сусло Тетяна] з коментарем: виконано.
[07-Nov-2024 10:16:00 Europe/Helsinki] DellTASK [INFO] Повірка від 04.11.2024 для адреси вул. Менделєєва, буд. 1, корп. Б, кв. 45 для лічильника БЕЗ НОМЕРА - 4 шт. було завершено користувачем [Сусло Тетяна] з коментарем: виконано.
[07-Nov-2024 10:16:07 Europe/Helsinki] NewDATA [INFO] Новий лічильник номер: 167383, тип: КВ-1,5 => DN 15, рік випуску: 2008, показники: 0, балансоутримувач: КП "ТКЕ" додано до БД користувачем [Коваль Людмила].
[07-Nov-2024 10:16:18 Europe/Helsinki] DellTASK [INFO] Повірка від 05.11.2024 для адреси вул. Павлова Академіка, буд. 15, кв. 103 для лічильника БЕЗ НОМЕРА - 1 шт. було завершено користувачем [Сусло Тетяна] з коментарем: виконано.
[07-Nov-2024 10:16:33 Europe/Helsinki] DellTASK [INFO] Повірка від 05.11.2024 для адреси вул. Савчука, буд. 3, кв. 231 для лічильника БЕЗ НОМЕРА - 4 шт. було завершено користувачем [Сусло Тетяна] з коментарем: виконано.
[07-Nov-2024 10:16:38 Europe/Helsinki] NewDATA [INFO] Новий лічильник номер: 269649, тип: КВ-1,5 => DN 15, рік випуску: 2008, показники: 0, балансоутримувач: КП "ВДК" додано до БД користувачем [Коваль Людмила].
[07-Nov-2024 10:16:57 Europe/Helsinki] DellTASK [INFO] Повірка від 24.10.2024 для адреси просп. Перемоги, буд. 191, кв. 7 для лічильника БЕЗ НОМЕРА - 1 шт. було завершено користувачем [Сусло Тетяна] з коментарем: не було вдома.
[07-Nov-2024 10:17:09 Europe/Helsinki] NewDATA [INFO] Новий лічильник номер: 221967, тип: КВ-1,5 => DN 15, рік випуску: 2008, показники: 0, балансоутримувач: КП "ТКЕ" додано до БД користувачем [Коваль Людмила].
[07-Nov-2024 10:17:11 Europe/Helsinki] EditDATA [INFO] За адресою вул. Музична, буд. 2, кв. 42 користувачем [Коваль Людмила] було додано лічильники: 317113, 167383, 269649, 221967].
[07-Nov-2024 10:18:46 Europe/Helsinki] DellTASK [INFO] Повірка від 01.11.2024 для адреси вул. Волковича, буд. 2, корп. Б, кв. 139 для лічильника БЕЗ НОМЕРА - 2 шт. було завершено користувачем [Коваль Людмила] з коментарем: виконано.
[07-Nov-2024 10:19:05 Europe/Helsinki] DellTASK [INFO] Повірка від 30.10.2024 для адреси просп. Миру, буд. 151, корп. А, кв. 2 для лічильника БЕЗ НОМЕРА - 2 шт. було завершено користувачем [Коваль Людмила] з коментарем: виконано.
[07-Nov-2024 10:23:03 Europe/Helsinki] DellTASK [INFO] Повірка від 29.10.2024 для адреси вул. Волковича, буд. 3, кв. 6 для лічильника БЕЗ НОМЕРА - 1 шт. було завершено користувачем [Коваль Людмила] з коментарем: виконано.
[07-Nov-2024 10:23:17 Europe/Helsinki] DellTASK [INFO] Повірка від 28.10.2024 для адреси просп. Миру, буд. 206, кв. 40 для лічильника БЕЗ НОМЕРА - 2 шт. було завершено користувачем [Коваль Людмила] з коментарем: виконано.
[07-Nov-2024 10:23:31 Europe/Helsinki] DellTASK [INFO] Повірка від 28.10.2024 для адреси вул. Волковича, буд. 9, кв. 80 для лічильника БЕЗ НОМЕРА - 2 шт. було завершено користувачем [Коваль Людмила] з коментарем: виконано.
[07-Nov-2024 10:27:04 Europe/Helsinki] NewDATA [INFO] Новий лічильник номер: 622775, тип: КВ-1,5 => DN 15, рік випуску: 2004, показники: 0, балансоутримувач: КП "ВДК" додано до БД користувачем [Сусло Тетяна].
[07-Nov-2024 10:27:26 Europe/Helsinki] NewDATA [INFO] Новий лічильник номер: 630017, тип: КВ-1,5 => DN 15, рік випуску: 2004, показники: 0, балансоутримувач: АТ "ОТКЕ" додано до БД користувачем [Сусло Тетяна].
[07-Nov-2024 10:27:50 Europe/Helsinki] NewDATA [INFO] Новий лічильник номер: 068539, тип: КВ-1,5 => DN 15, рік випуску: 2015, показники: 0, балансоутримувач: КП "ВДК" додано до БД користувачем [Коваль Людмила].
[07-Nov-2024 10:28:02 Europe/Helsinki] NewDATA [INFO] Новий лічильник номер: 622349, тип: КВ-1,5 => DN 15, рік випуску: 2004, показники: 0, балансоутримувач: КП "ВДК" додано до БД користувачем [Сусло Тетяна].
[07-Nov-2024 10:28:54 Europe/Helsinki] NewDATA [INFO] Новий лічильник номер: 065668, тип: КВ-1,5 => DN 15, рік випуску: 2015, показники: 0, балансоутримувач: АТ "ОТКЕ" додано до БД користувачем [Коваль Людмила].
[07-Nov-2024 10:29:01 Europe/Helsinki] EditDATA [INFO] За адресою вул. Волковича, буд. 9, кв. 80 користувачем [Коваль Людмила] було додано лічильники: 068539, 065668].
[07-Nov-2024 10:29:05 Europe/Helsinki] NewDATA [INFO] Новий лічильник номер: 598199, тип: КВ-1,5 => DN 15, рік випуску: 2004, показники: 0, балансоутримувач: АТ "ОТКЕ" додано до БД користувачем [Сусло Тетяна].
[07-Nov-2024 10:29:07 Europe/Helsinki] EditDATA [INFO] За адресою вул. Савчука, буд. 3, кв. 231 користувачем [Сусло Тетяна] було додано лічильники: 622775, 630017, 622349, 598199].
[07-Nov-2024 10:29:46 Europe/Helsinki] NewDATA [INFO] Новий лічильник номер: 056305, тип: КВ-1,5 => DN 15, рік випуску: 2020, показники: 0, балансоутримувач: АТ "ОТКЕ" додано до БД користувачем [Коваль Людмила].
[07-Nov-2024 10:29:48 Europe/Helsinki] EditDATA [INFO] За адресою вул. Волковича, буд. 3, кв. 6 користувачем [Коваль Людмила] було додано лічильники: 056305].
[07-Nov-2024 10:29:56 Europe/Helsinki] NewDATA [INFO] Новий лічильник номер: 016080, тип: КВ-1,5 => DN 15, рік випуску: 2007, показники: 0, балансоутримувач: КП "ВДК" додано до БД користувачем [Сусло Тетяна].
[07-Nov-2024 10:29:58 Europe/Helsinki] EditDATA [INFO] За адресою вул. Павлова Академіка, буд. 15, кв. 103 користувачем [Сусло Тетяна] було додано лічильники: 016080].
[07-Nov-2024 10:30:31 Europe/Helsinki] NewDATA [INFO] Новий лічильник номер: 0200158599, тип: ЛК => DN 15, рік випуску: 2020, показники: 0, балансоутримувач: КП "ВДК" додано до БД користувачем [Коваль Людмила].
[07-Nov-2024 10:30:53 Europe/Helsinki] NewDATA [INFO] Новий лічильник номер: 599256, тип: КВ-1,5 => DN 15, рік випуску: 2005, показники: 0, балансоутримувач: КП "ВДК" додано до БД користувачем [Сусло Тетяна].
[07-Nov-2024 10:31:14 Europe/Helsinki] NewDATA [INFO] Новий лічильник номер: 0200093730, тип: ЛК => DN 15, рік випуску: 2020, показники: 0, балансоутримувач: АТ "ОТКЕ" додано до БД користувачем [Коваль Людмила].
[07-Nov-2024 10:31:17 Europe/Helsinki] NewDATA [INFO] Новий лічильник номер: 580170, тип: КВ-1,5 => DN 15, рік випуску: 2005, показники: 0, балансоутримувач: АТ "ОТКЕ" додано до БД користувачем [Сусло Тетяна].
[07-Nov-2024 10:31:20 Europe/Helsinki] EditDATA [INFO] За адресою просп. Миру, буд. 151, корп. А, кв. 2 користувачем [Коваль Людмила] було додано лічильники: 0200158599, 0200093730].
[07-Nov-2024 10:32:06 Europe/Helsinki] NewDATA [INFO] Новий лічильник номер: 0197825, тип: ЛК => DN 15, рік випуску: 2010, показники: 0, балансоутримувач: КП "ВДК" додано до БД користувачем [Коваль Людмила].
[07-Nov-2024 10:32:09 Europe/Helsinki] EditDATA [INFO] За адресою вул. Волковича, буд. 2, корп. Б, кв. 139 користувачем [Коваль Людмила] було додано лічильники: 0197825].
[07-Nov-2024 10:32:58 Europe/Helsinki] EditDATA [INFO] За адресою вул. Менделєєва, буд. 1, корп. Б, кв. 45 користувачем [Сусло Тетяна] було додано лічильники: 599256].
[07-Nov-2024 10:33:20 Europe/Helsinki] EditDATA [INFO] Для лічильника 580170 користувачем [Сусло Тетяна] змінено температуру з Гарячий на Холодний.
[07-Nov-2024 10:33:30 Europe/Helsinki] EditDATA [INFO] Для лічильника 580170 користувачем [Сусло Тетяна] змінено балансоутримувача з АТ "ОТКЕ" на КП "ВДК".
[07-Nov-2024 10:34:23 Europe/Helsinki] NewDATA [INFO] Новий лічильник номер: 607292, тип: КВ-1,5 => DN 15, рік випуску: 2005, показники: 0, балансоутримувач: АТ "ОТКЕ" додано до БД користувачем [Сусло Тетяна].
[07-Nov-2024 10:34:45 Europe/Helsinki] NewDATA [INFO] Новий лічильник номер: 191017213, тип: GSD8 => DN 15, рік випуску: 2019, показники: 0, балансоутримувач: КП "ВДК" додано до БД користувачем [Коваль Людмила].
[07-Nov-2024 10:34:46 Europe/Helsinki] NewDATA [INFO] Новий лічильник номер: 614973, тип: КВ-1,5 => DN 15, рік випуску: 2005, показники: 0, балансоутримувач: АТ "ОТКЕ" додано до БД користувачем [Сусло Тетяна].
[07-Nov-2024 10:34:48 Europe/Helsinki] EditDATA [INFO] За адресою вул. Менделєєва, буд. 1, корп. Б, кв. 45 користувачем [Сусло Тетяна] було додано лічильники: 580170, 607292, 614973].
[07-Nov-2024 10:35:11 Europe/Helsinki] NewDATA [INFO] Новий лічильник номер: 191142979, тип: GSD8 => DN 15, рік випуску: 2019, показники: 0, балансоутримувач: АТ "ОТКЕ" додано до БД користувачем [Коваль Людмила].
[07-Nov-2024 10:35:13 Europe/Helsinki] EditDATA [INFO] За адресою просп. Миру, буд. 206, кв. 40 користувачем [Коваль Людмила] було додано лічильники: 191017213, 191142979].
[07-Nov-2024 10:35:40 Europe/Helsinki] NewDATA [INFO] Новий лічильник номер: 046636, тип: GSD8 => DN 15, рік випуску: 2019, показники: 0, балансоутримувач: АТ "ОТКЕ" додано до БД користувачем [Сусло Тетяна].
[07-Nov-2024 10:35:42 Europe/Helsinki] EditDATA [INFO] За адресою вул. Менделєєва, буд. 1, корп. Б, кв. 34 користувачем [Сусло Тетяна] було додано лічильники: 046636].
[07-Nov-2024 10:36:34 Europe/Helsinki] NewDATA [INFO] Новий лічильник номер: 380123, тип: КВ-1,5 => DN 15, рік випуску: 2006, показники: 0, балансоутримувач: КП "ВДК" додано до БД користувачем [Сусло Тетяна].
[07-Nov-2024 10:36:58 Europe/Helsinki] NewDATA [INFO] Новий лічильник номер: 415167, тип: КВ-1,5 => DN 15, рік випуску: 2005, показники: 0, балансоутримувач: АТ "ОТКЕ" додано до БД користувачем [Сусло Тетяна].
[07-Nov-2024 10:37:18 Europe/Helsinki] NewDATA [INFO] Новий лічильник номер: 386039, тип: КВ-1,5 => DN 15, рік випуску: 2005, показники: 0, балансоутримувач: КП "ВДК" додано до БД користувачем [Сусло Тетяна].
[07-Nov-2024 10:38:01 Europe/Helsinki] NewDATA [INFO] Новий лічильник номер: 414754, тип: КВ-1,5 => DN 15, рік випуску: 2005, показники: 0, балансоутримувач: АТ "ОТКЕ" додано до БД користувачем [Сусло Тетяна].
[07-Nov-2024 10:38:03 Europe/Helsinki] EditDATA [INFO] За адресою просп. Левка Лукяненка, буд. 22, корп. А, кв. 29 користувачем [Сусло Тетяна] було додано лічильники: 380123, 415167, 386039, 414754].
[07-Nov-2024 10:39:08 Europe/Helsinki] NewDATA [INFO] Новий лічильник номер: 9200317458, тип: ЛК => DN 15, рік випуску: 2019, показники: 0, балансоутримувач: КП "ВДК" додано до БД користувачем [Сусло Тетяна].
[07-Nov-2024 10:39:11 Europe/Helsinki] EditDATA [INFO] За адресою просп. Перемоги, буд. 191, кв. 68 користувачем [Сусло Тетяна] було додано лічильники: 9200317458].
[07-Nov-2024 10:39:54 Europe/Helsinki] NewDATA [INFO] Новий лічильник номер: 340469, тип: КВ-1,5 => DN 15, рік випуску: 2000, показники: 0, балансоутримувач: КП "ВДК" додано до БД користувачем [Сусло Тетяна].
[07-Nov-2024 10:40:21 Europe/Helsinki] NewDATA [INFO] Новий лічильник номер: 339733, тип: КВ-1,5 => DN 15, рік випуску: 2000, показники: 0, балансоутримувач: АТ "ОТКЕ" додано до БД користувачем [Сусло Тетяна].
[07-Nov-2024 10:40:26 Europe/Helsinki] EditDATA [INFO] За адресою вул. Гетьмана Полуботка, буд. 84, кв. 86 користувачем [Сусло Тетяна] було додано лічильники: 340469, 339733].
[07-Nov-2024 10:44:20 Europe/Helsinki] DellTASK [INFO] Повірка від 05.11.2024 для адреси вул. Мацієвського Олександра, буд. 2, кв. 1 для лічильника БЕЗ НОМЕРА - 2 шт. було завершено користувачем [Коваль Людмила] з коментарем: виконано.
[07-Nov-2024 10:44:37 Europe/Helsinki] DellTASK [INFO] Повірка від 04.11.2024 для адреси вул. Льотна, буд. 11, кв. 65 для лічильника БЕЗ НОМЕРА - 2 шт. було завершено користувачем [Коваль Людмила] з коментарем: виконано.
[07-Nov-2024 10:46:53 Europe/Helsinki] DellTASK [INFO] Повірка від 04.11.2024 для адреси вул. Льотна, буд. 20, кв. 10 для лічильника БЕЗ НОМЕРА - 1 шт. було завершено користувачем [Коваль Людмила] з коментарем: виконано.
[07-Nov-2024 10:47:08 Europe/Helsinki] DellTASK [INFO] Повірка від 04.11.2024 для адреси вул. Самострова, буд. 9, кв. 139 для лічильника БЕЗ НОМЕРА - 2 шт. було завершено користувачем [Коваль Людмила] з коментарем: виконано.
[07-Nov-2024 10:47:26 Europe/Helsinki] DellTASK [INFO] Повірка від 01.11.2024 для адреси вул. Льотна, буд. 25, корп. А, кв. 10 для лічильника БЕЗ НОМЕРА - 1 шт. було завершено користувачем [Коваль Людмила] з коментарем: виконано.
[07-Nov-2024 10:47:41 Europe/Helsinki] DellTASK [INFO] Повірка від 28.10.2024 для адреси вул. Самострова, буд. 11, кв. 145 для лічильника БЕЗ НОМЕРА - 2 шт. було завершено користувачем [Коваль Людмила] з коментарем: виконано.
[07-Nov-2024 10:48:37 Europe/Helsinki] DellTASK [INFO] Повірка від 29.10.2024 для адреси вул. Льотна, буд. 43, кв. 148 для лічильника БЕЗ НОМЕРА - 2 шт. було завершено користувачем [Коваль Людмила] з коментарем: виконано.
[07-Nov-2024 10:49:02 Europe/Helsinki] DellTASK [INFO] Повірка від 29.10.2024 для адреси вул. Льотна, буд. 43, кв. 80 для лічильника БЕЗ НОМЕРА - 2 шт. було завершено користувачем [Коваль Людмила] з коментарем: виконано.
[07-Nov-2024 10:53:51 Europe/Helsinki] DellTASK [INFO] Повірка від 28.10.2024 для адреси вул. Самострова, буд. 13, кв. 85 для лічильника БЕЗ НОМЕРА - 2 шт. було завершено користувачем [Коваль Людмила] з коментарем: виконано.
[07-Nov-2024 10:54:04 Europe/Helsinki] DellTASK [INFO] Повірка від 24.10.2024 для адреси вул. Самострова, буд. 22, кв. 70 для лічильника БЕЗ НОМЕРА - 1 шт. було завершено користувачем [Коваль Людмила] з коментарем: виконано.
[07-Nov-2024 10:54:17 Europe/Helsinki] DellTASK [INFO] Повірка від 28.10.2024 для адреси вул. Небаби Мартина, буд. 100, кв. 69 для лічильника БЕЗ НОМЕРА - 4 шт. було завершено користувачем [Коваль Людмила] з коментарем: виконано.
[07-Nov-2024 10:54:25 Europe/Helsinki] NewDATA [INFO] Новий лічильник номер: 070521, тип: КВ-1,5 => DN 15, рік випуску: 2018, показники: 0, балансоутримувач: КП "ВДК" додано до БД користувачем [Сусло Тетяна].
[07-Nov-2024 10:54:27 Europe/Helsinki] EditDATA [INFO] За адресою просп. Левка Лукяненка, буд. 9, кв. 42 користувачем [Сусло Тетяна] було додано лічильники: 070521].
[07-Nov-2024 10:55:10 Europe/Helsinki] NewDATA [INFO] Новий лічильник номер: 135848, тип: КВ-1,5 => DN 15, рік випуску: 2016, показники: 0, балансоутримувач: КП "ВДК" додано до БД користувачем [Сусло Тетяна].
[07-Nov-2024 10:55:12 Europe/Helsinki] EditDATA [INFO] За адресою вул. Шевченка, буд. 101, корп. А, кв. 114 користувачем [Сусло Тетяна] було додано лічильники: 135848].
[07-Nov-2024 10:55:58 Europe/Helsinki] NewDATA [INFO] Новий лічильник номер: 041300, тип: КВ-1,5 => DN 15, рік випуску: 2017, показники: 0, балансоутримувач: КП "ВДК" додано до БД користувачем [Сусло Тетяна].
[07-Nov-2024 10:55:59 Europe/Helsinki] EditDATA [INFO] За адресою вул. Шевченка, буд. 112, корп. А, кв. 18 користувачем [Сусло Тетяна] було додано лічильники: 041300].
[2024-11-07T11:03:49.466] [INFO] DataBase - У заявці Повірка від 29 жовтня 2024 р. за адресою вул. 1-ої танкової бригади, буд. 22, кв. 72 видалено дату виконання 7 листопада 2024 р. користувачем [Сусло Тетяна].
[2024-11-07T11:03:57.944] [INFO] DataBase - У заявці Повірка від 29 жовтня 2024 р. за адресою вул. 1-ої танкової бригади, буд. 22, кв. 72 додано дату виконання 11 листопада 2024 р. користувачем [Сусло Тетяна].
[07-Nov-2024 11:04:04 Europe/Helsinki] EditDATA [INFO] Для заявки Повірка від 29.10.2024 користувачем [Сусло Тетяна] змінено виконавця з Ващенко на ЗАПЛАНОВАНІ.
[07-Nov-2024 11:05:48 Europe/Helsinki] NewDATA [INFO] Новий лічильник номер: 9200035043, тип: ЛК => DN 15, рік випуску: 2019, показники: 0, балансоутримувач: КП "ВДК" додано до БД користувачем [Сусло Тетяна].
[07-Nov-2024 11:05:51 Europe/Helsinki] EditDATA [INFO] За адресою вул. Шевченка, буд. 114, корп. А, кв. 5 користувачем [Сусло Тетяна] було додано лічильники: 9200035043].
[07-Nov-2024 11:06:47 Europe/Helsinki] NewDATA [INFO] Новий лічильник номер: 00505426, тип: E-T 1,6-U => DN 15, рік випуску: 2019, показники: 0, балансоутримувач: КП "ВДК" додано до БД користувачем [Сусло Тетяна].
[07-Nov-2024 11:07:11 Europe/Helsinki] NewDATA [INFO] Новий лічильник номер: 00501059, тип: E-T 1,6-U => DN 15, рік випуску: 2019, показники: 0, балансоутримувач: АТ "ОТКЕ" додано до БД користувачем [Сусло Тетяна].
[07-Nov-2024 11:07:13 Europe/Helsinki] EditDATA [INFO] За адресою просп. Левка Лукяненка, буд. 4, кв. 146 користувачем [Сусло Тетяна] було додано лічильники: 00505426, 00501059].
[07-Nov-2024 11:07:58 Europe/Helsinki] NewDATA [INFO] Новий лічильник номер: 7746285, тип: ЛК => DN 15, рік випуску: 2017, показники: 0, балансоутримувач: КП "ВДК" додано до БД користувачем [Сусло Тетяна].
[07-Nov-2024 11:08:00 Europe/Helsinki] EditDATA [INFO] За адресою вул. Захисників України, буд. 10, кв. 3 користувачем [Сусло Тетяна] було додано лічильники: 7746285].
[07-Nov-2024 11:08:47 Europe/Helsinki] NewDATA [INFO] Новий лічильник номер: 146837, тип: КВ-1,5 => DN 15, рік випуску: 2017, показники: 0, балансоутримувач: АТ "ОТКЕ" додано до БД користувачем [Сусло Тетяна].
[07-Nov-2024 11:08:54 Europe/Helsinki] EditDATA [INFO] За адресою вул. Захисників України, буд. 14, кв. 36 користувачем [Сусло Тетяна] було додано лічильники: 146837].
[07-Nov-2024 11:09:52 Europe/Helsinki] NewDATA [INFO] Новий лічильник номер: 119934, тип: КВ-1,5 => DN 15, рік випуску: 2014, показники: 0, балансоутримувач: КП "ВДК" додано до БД користувачем [Сусло Тетяна].
[07-Nov-2024 11:10:17 Europe/Helsinki] NewDATA [INFO] Новий лічильник номер: 138941, тип: КВ-1,5 => DN 15, рік випуску: 2014, показники: 0, балансоутримувач: АТ "ОТКЕ" додано до БД користувачем [Сусло Тетяна].
[07-Nov-2024 11:10:20 Europe/Helsinki] EditDATA [INFO] За адресою вул. Захисників України, буд. 13, корп. Б, кв. 45 користувачем [Сусло Тетяна] було додано лічильники: 119934, 138941].
[07-Nov-2024 11:11:15 Europe/Helsinki] NewDATA [INFO] Новий лічильник номер: 08175192, тип: E-T 1,5-U => DN 15, рік випуску: 2008, показники: 0, балансоутримувач: КП "ВДК" додано до БД користувачем [Сусло Тетяна].
[07-Nov-2024 11:11:40 Europe/Helsinki] NewDATA [INFO] Новий лічильник номер: 08172073, тип: E-T 1,5-U => DN 15, рік випуску: 2008, показники: 0, балансоутримувач: АТ "ОТКЕ" додано до БД користувачем [Сусло Тетяна].
[07-Nov-2024 11:11:41 Europe/Helsinki] EditDATA [INFO] За адресою вул. Всіхсвятська, буд. 18, кв. 28 користувачем [Сусло Тетяна] було додано лічильники: 08175192, 08172073].
[07-Nov-2024 11:12:37 Europe/Helsinki] NewDATA [INFO] Новий лічильник номер: 5808390, тип: ЛК => DN 15, рік випуску: 2015, показники: 0, балансоутримувач: КП "ВДК" додано до БД користувачем [Сусло Тетяна].
[07-Nov-2024 11:13:00 Europe/Helsinki] NewDATA [INFO] Новий лічильник номер: 6149509, тип: ЛК => DN 15, рік випуску: 2015, показники: 0, балансоутримувач: АТ "ОТКЕ" додано до БД користувачем [Сусло Тетяна].
[07-Nov-2024 11:13:02 Europe/Helsinki] EditDATA [INFO] За адресою вул. Всіхсвятська, буд. 18, корп. А, кв. 72 користувачем [Сусло Тетяна] було додано лічильники: 5808390, 6149509].
[07-Nov-2024 11:13:41 Europe/Helsinki] NewDATA [INFO] Новий лічильник номер: 444118, тип: КВ-1,5 => DN 15, рік випуску: 2008, показники: 0, балансоутримувач: КП "ВДК" додано до БД користувачем [Сусло Тетяна].
[07-Nov-2024 11:14:03 Europe/Helsinki] NewDATA [INFO] Новий лічильник номер: 226428, тип: КВ-1,5 => DN 15, рік випуску: 2008, показники: 0, балансоутримувач: АТ "ОТКЕ" додано до БД користувачем [Сусло Тетяна].
[07-Nov-2024 11:14:05 Europe/Helsinki] EditDATA [INFO] За адресою вул. Генерала Пухова, буд. 103, кв. 63 користувачем [Сусло Тетяна] було додано лічильники: 444118, 226428].
[07-Nov-2024 11:27:14 Europe/Helsinki] NewDATA [INFO] Нова заявка Заміна, адреса: вул. Громадська 19, кв. 33, лічильники: 4059792, виконавець: Баранов, вартість: 1060 грн., примітки: 13-17, 1хв, туалет, № 4059792 додано до БД користувачем [Коваль Людмила].
[2024-11-07T11:27:21.802] [INFO] DataBase - У заявці Заміна від 7 листопада 2024 р. за адресою вул. Громадська, буд. 19, кв. 33 додано дату виконання 8 листопада 2024 р. користувачем [Коваль Людмила].
[07-Nov-2024 11:55:02 Europe/Helsinki] EditDATA [INFO] Для заявки Повірка від 04.11.2024 користувачем [Сусло Тетяна] змінено примітки з 13-18, за 30 хв на 8-10, за 15 хв.
[07-Nov-2024 11:56:42 Europe/Helsinki] EditDATA [INFO] За адресою вул. Мстиславська 175, кв. 88 користувачем [Сміян Альона] змінені номери телефонів з +38(0462)63-29-74, +38(096)055-39-92 на +38(098)466-23-40, при створенні нової заявки [Повірка] від 07.11.2024.
[07-Nov-2024 11:56:42 Europe/Helsinki] NewDATA [INFO] Нова заявка Повірка, адреса: вул. Мстиславська 175, кв. 88, лічильники: БЕЗ НОМЕРА - 2 шт., вартість: 600 грн., примітки: 8-13 додано до БД користувачем [Сміян Альона].
[2024-11-07T11:56:52.163] [INFO] DataBase - У заявці Повірка від 7 листопада 2024 р. за адресою вул. Мстиславська, буд. 175, кв. 88 додано виконавця ЗАПЛАНОВАНІ та додано дату виконання 15 листопада 2024 р. користувачем [Сміян Альона].
[07-Nov-2024 12:04:27 Europe/Helsinki] EditDATA [INFO] За адресою вул. Леонтовича Миколи 3, кв. 76 користувачем [Сусло Тетяна] змінені номери телефонів з +38(093)377-39-81, +38(096)262-00-31, +38(096)531-82-37 на +38(093)377-39-81, при створенні нової заявки [Повірка] від 07.11.2024.
[07-Nov-2024 12:04:27 Europe/Helsinki] NewDATA [INFO] Нова заявка Повірка, адреса: вул. Леонтовича Миколи 3, кв. 76, лічильники: БЕЗ НОМЕРА - 4 шт., вартість: 1200 грн. додано до БД користувачем [Сусло Тетяна].
[2024-11-07T12:04:31.099] [INFO] DataBase - У заявці Повірка від 7 листопада 2024 р. за адресою вул. Леонтовича Миколи, буд. 3, кв. 76 додано виконавця Богомаз та додано дату виконання 7 листопада 2024 р. користувачем [Сусло Тетяна].
[07-Nov-2024 12:23:02 Europe/Helsinki] EditDATA [INFO] Для заявки Повірка від 05.11.2024 користувачем [Сусло Тетяна] змінено примітки з 13-18, за 1 год на 11-16, за 1 год.
[07-Nov-2024 12:31:19 Europe/Helsinki] EditDATA [INFO] Для заявки Повірка від 06.11.2024 користувачем [Сусло Тетяна] змінено виконавця з ЗАПЛАНОВАНІ на Шкуліпа.
[07-Nov-2024 12:31:34 Europe/Helsinki] EditDATA [INFO] Для заявки Повірка від 05.11.2024 користувачем [Сусло Тетяна] змінено виконавця з ЗАПЛАНОВАНІ на Шкуліпа.
[07-Nov-2024 12:31:44 Europe/Helsinki] EditDATA [INFO] Для заявки Повірка від 05.11.2024 користувачем [Сусло Тетяна] змінено виконавця з ЗАПЛАНОВАНІ на Шкуліпа.
[07-Nov-2024 12:31:57 Europe/Helsinki] EditDATA [INFO] Для заявки Повірка від 05.11.2024 користувачем [Сусло Тетяна] змінено виконавця з ЗАПЛАНОВАНІ на Шкуліпа.
[07-Nov-2024 12:32:07 Europe/Helsinki] EditDATA [INFO] Для заявки Повірка від 05.11.2024 користувачем [Сусло Тетяна] змінено виконавця з ЗАПЛАНОВАНІ на Шкуліпа.
[07-Nov-2024 12:32:25 Europe/Helsinki] EditDATA [INFO] Для заявки Повірка від 04.11.2024 користувачем [Сусло Тетяна] змінено виконавця з ЗАПЛАНОВАНІ на Шкуліпа.
[07-Nov-2024 12:32:59 Europe/Helsinki] EditDATA [INFO] Для заявки Повірка від 01.11.2024 користувачем [Сусло Тетяна] змінено виконавця з ЗАПЛАНОВАНІ на Шкуліпа.
[07-Nov-2024 12:33:15 Europe/Helsinki] EditDATA [INFO] Для заявки Повірка від 01.11.2024 користувачем [Сусло Тетяна] змінено виконавця з ЗАПЛАНОВАНІ на Шкуліпа.
[07-Nov-2024 12:33:27 Europe/Helsinki] EditDATA [INFO] Для заявки Повірка від 22.10.2024 користувачем [Сусло Тетяна] змінено виконавця з ЗАПЛАНОВАНІ на Шкуліпа.
[07-Nov-2024 12:33:42 Europe/Helsinki] EditDATA [INFO] Для заявки Повірка від 31.10.2024 користувачем [Сусло Тетяна] змінено виконавця з ЗАПЛАНОВАНІ на Шкуліпа.
[07-Nov-2024 12:34:03 Europe/Helsinki] EditDATA [INFO] Для заявки Повірка від 31.10.2024 користувачем [Сусло Тетяна] змінено виконавця з ЗАПЛАНОВАНІ на Шкуліпа.
[07-Nov-2024 12:34:27 Europe/Helsinki] NewDATA [INFO] Нова адреса вул. Чорновола Вячеслава, буд. 13, кв. 143, тел. +38 (063) 695-61-75 додана до БД користувачем [Сміян Альона].
[07-Nov-2024 12:35:22 Europe/Helsinki] NewDATA [INFO] Нова заявка Повірка, адреса: вул. Чорновола Вячеслава 13, кв. 143, лічильники: БЕЗ НОМЕРА - 4 шт., вартість: 1200 грн., примітки: 8-13 30хв додано до БД користувачем [Сміян Альона].
[2024-11-07T12:35:29.135] [INFO] DataBase - У заявці Повірка від 7 листопада 2024 р. за адресою вул. Чорновола Вячеслава, буд. 13, кв. 143 додано виконавця ЗАПЛАНОВАНІ та додано дату виконання 12 листопада 2024 р. користувачем [Сміян Альона].
[07-Nov-2024 12:39:11 Europe/Helsinki] EditDATA [INFO] Для заявки Повірка від 05.11.2024 користувачем [Сусло Тетяна] змінено примітки з 14-18,пер.за час на 11-16,пер.за час.
[07-Nov-2024 12:41:59 Europe/Helsinki] EditDATA [INFO] За адресою вул. 1-ої танкової бригади 21 корпус 1, кв. 50 користувачем [Сусло Тетяна] змінені номери телефонів з +38(063)856-96-00, +38(063)184-13-55, +38(0462)67-07-86 на +38(097)379-71-34, при створенні нової заявки [Повірка] від 07.11.2024.
[07-Nov-2024 12:41:59 Europe/Helsinki] NewDATA [INFO] Нова заявка Повірка, адреса: вул. 1-ої танкової бригади 21 корпус 1, кв. 50, лічильники: БЕЗ НОМЕРА - 2 шт., вартість: 600 грн., примітки: 8-13 додано до БД користувачем [Сусло Тетяна].
[2024-11-07T12:42:04.824] [INFO] DataBase - У заявці Повірка від 7 листопада 2024 р. за адресою вул. 1-ої танкової бригади, буд. 21, корп. 1, кв. 50 додано виконавця ЗАПЛАНОВАНІ та додано дату виконання 11 листопада 2024 р. користувачем [Сусло Тетяна].
[07-Nov-2024 12:47:23 Europe/Helsinki] EditDATA [INFO] Для заявки Повірка від 05.11.2024 користувачем [Коваль Людмила] змінено виконавця з ЗАПЛАНОВАНІ на Осипенко.
[07-Nov-2024 12:52:33 Europe/Helsinki] EditDATA [INFO] Для заявки Повірка від 04.11.2024 користувачем [Коваль Людмила] змінено виконавця з ЗАПЛАНОВАНІ на Осипенко.
[07-Nov-2024 12:52:54 Europe/Helsinki] EditDATA [INFO] Для заявки Повірка від 05.11.2024 користувачем [Коваль Людмила] змінено виконавця з ЗАПЛАНОВАНІ на Осипенко.
[07-Nov-2024 12:53:32 Europe/Helsinki] EditDATA [INFO] Для заявки Повірка від 01.11.2024 користувачем [Коваль Людмила] змінено виконавця з ЗАПЛАНОВАНІ на Осипенко.
[07-Nov-2024 12:53:57 Europe/Helsinki] EditDATA [INFO] Для заявки Повірка від 05.11.2024 користувачем [Коваль Людмила] змінено виконавця з ЗАПЛАНОВАНІ на Осипенко.
[07-Nov-2024 12:54:13 Europe/Helsinki] EditDATA [INFO] Для заявки Повірка від 05.11.2024 користувачем [Коваль Людмила] змінено виконавця з ЗАПЛАНОВАНІ на Осипенко.
[07-Nov-2024 12:54:26 Europe/Helsinki] EditDATA [INFO] Для заявки Повірка від 06.11.2024 користувачем [Коваль Людмила] змінено виконавця з ЗАПЛАНОВАНІ на Осипенко.
[07-Nov-2024 12:54:56 Europe/Helsinki] EditDATA [INFO] Для заявки Повірка від 04.11.2024 користувачем [Коваль Людмила] змінено виконавця з ЗАПЛАНОВАНІ на Осипенко.
[07-Nov-2024 12:55:21 Europe/Helsinki] EditDATA [INFO] Для заявки Повірка від 23.10.2024 користувачем [Коваль Людмила] змінено виконавця з ЗАПЛАНОВАНІ на Осипенко.
[07-Nov-2024 12:55:43 Europe/Helsinki] EditDATA [INFO] Для заявки Повірка від 06.11.2024 користувачем [Коваль Людмила] змінено виконавця з ЗАПЛАНОВАНІ на Осипенко.
[07-Nov-2024 12:56:01 Europe/Helsinki] EditDATA [INFO] Для заявки Повірка від 28.10.2024 користувачем [Коваль Людмила] змінено виконавця з ЗАПЛАНОВАНІ на Осипенко.
[07-Nov-2024 12:57:08 Europe/Helsinki] EditDATA [INFO] Для заявки Повірка від 25.10.2024 користувачем [Коваль Людмила] змінено виконавця з ЗАПЛАНОВАНІ на Богомаз.
[07-Nov-2024 12:58:14 Europe/Helsinki] EditDATA [INFO] Для заявки Повірка від 05.11.2024 користувачем [Коваль Людмила] змінено виконавця з ЗАПЛАНОВАНІ на Богомаз.
[07-Nov-2024 12:58:34 Europe/Helsinki] EditDATA [INFO] Для заявки Повірка від 04.11.2024 користувачем [Коваль Людмила] змінено виконавця з ЗАПЛАНОВАНІ на Богомаз.
[07-Nov-2024 13:00:01 Europe/Helsinki] EditDATA [INFO] Для заявки Повірка від 05.11.2024 користувачем [Коваль Людмила] змінено виконавця з ЗАПЛАНОВАНІ на Богомаз.
[07-Nov-2024 13:00:12 Europe/Helsinki] EditDATA [INFO] Для заявки Повірка від 04.11.2024 користувачем [Коваль Людмила] змінено виконавця з ЗАПЛАНОВАНІ на Богомаз.
[07-Nov-2024 13:02:12 Europe/Helsinki] EditDATA [INFO] Для заявки Повірка від 31.10.2024 користувачем [Коваль Людмила] змінено виконавця з ЗАПЛАНОВАНІ на Богомаз.
[07-Nov-2024 13:02:29 Europe/Helsinki] EditDATA [INFO] Для заявки Повірка від 05.11.2024 користувачем [Коваль Людмила] змінено виконавця з ЗАПЛАНОВАНІ на Богомаз.
[07-Nov-2024 13:04:09 Europe/Helsinki] EditDATA [INFO] Для заявки Повірка від 05.11.2024 користувачем [Коваль Людмила] змінено виконавця з ЗАПЛАНОВАНІ на Осипенко.
[07-Nov-2024 13:04:38 Europe/Helsinki] EditDATA [INFO] Для заявки Повірка від 05.11.2024 користувачем [Коваль Людмила] змінено виконавця з ЗАПЛАНОВАНІ на Шкуліпа.
[07-Nov-2024 13:05:25 Europe/Helsinki] EditDATA [INFO] Для заявки Повірка від 30.10.2024 користувачем [Коваль Людмила] змінено виконавця з ЗАПЛАНОВАНІ на Богомаз.
[07-Nov-2024 13:06:44 Europe/Helsinki] EditDATA [INFO] Для заявки Повірка від 05.11.2024 користувачем [Коваль Людмила] змінено виконавця з ЗАПЛАНОВАНІ на Богомаз.
[07-Nov-2024 13:06:54 Europe/Helsinki] EditDATA [INFO] Для заявки Повірка від 31.10.2024 користувачем [Коваль Людмила] змінено виконавця з ЗАПЛАНОВАНІ на Богомаз.
[07-Nov-2024 13:07:04 Europe/Helsinki] EditDATA [INFO] Для заявки Повірка від 31.10.2024 користувачем [Коваль Людмила] змінено виконавця з ЗАПЛАНОВАНІ на Богомаз.
[07-Nov-2024 13:28:34 Europe/Helsinki] NewDATA [INFO] Новий лічильник номер: 0200230930, тип: ЛК => DN 15, рік випуску: 2020, показники: 0, балансоутримувач: КП "ТКЕ" додано до БД користувачем [Коваль Людмила].
[07-Nov-2024 13:28:37 Europe/Helsinki] EditDATA [INFO] За адресою вул. Самострова, буд. 22, кв. 70 користувачем [Коваль Людмила] було додано лічильники: 0200230930].
[07-Nov-2024 13:29:28 Europe/Helsinki] NewDATA [INFO] Новий лічильник номер: 044549, тип: КВ-1,5 => DN 15, рік випуску: 2001, показники: 0, балансоутримувач: КП "ВДК" додано до БД користувачем [Коваль Людмила].
[07-Nov-2024 13:30:06 Europe/Helsinki] NewDATA [INFO] Новий лічильник номер: 191285394, тип: СВК => DN 15, рік випуску: 2019, показники: 0, балансоутримувач: КП "ТКЕ" додано до БД користувачем [Коваль Людмила].
[07-Nov-2024 13:30:09 Europe/Helsinki] EditDATA [INFO] За адресою вул. Самострова, буд. 9, кв. 139 користувачем [Коваль Людмила] було додано лічильники: 044549, 191285394].
[07-Nov-2024 13:31:10 Europe/Helsinki] NewDATA [INFO] Новий лічильник номер: 10124661, тип: E-T 1,5-U => DN 15, рік випуску: 2010, показники: 0, балансоутримувач: КП "ВДК" додано до БД користувачем [Коваль Людмила].
[07-Nov-2024 13:31:40 Europe/Helsinki] NewDATA [INFO] Новий лічильник номер: 002247, тип: КВ-1,5 => DN 15, рік випуску: 2019, показники: 0, балансоутримувач: КП "ТКЕ" додано до БД користувачем [Коваль Людмила].
[07-Nov-2024 13:31:44 Europe/Helsinki] EditDATA [INFO] За адресою вул. Самострова, буд. 11, кв. 145 користувачем [Коваль Людмила] було додано лічильники: 10124661, 002247].
[07-Nov-2024 13:32:28 Europe/Helsinki] NewDATA [INFO] Новий лічильник номер: 126910, тип: КВ-1,5 => DN 15, рік випуску: 2014, показники: 0, балансоутримувач: КП "ВДК" додано до БД користувачем [Коваль Людмила].
[07-Nov-2024 13:32:56 Europe/Helsinki] NewDATA [INFO] Новий лічильник номер: 086300, тип: КВ-1,5 => DN 15, рік випуску: 2014, показники: 0, балансоутримувач: КП "ТКЕ" додано до БД користувачем [Коваль Людмила].
[07-Nov-2024 13:32:59 Europe/Helsinki] EditDATA [INFO] За адресою вул. Самострова, буд. 13, кв. 85 користувачем [Коваль Людмила] було додано лічильники: 126910, 086300].
[07-Nov-2024 13:33:49 Europe/Helsinki] NewDATA [INFO] Новий лічильник номер: 012929 06, тип: ТАКТ => DN 15, рік випуску: 2006, показники: 0, балансоутримувач: КП "ВДК" додано до БД користувачем [Коваль Людмила].
[07-Nov-2024 13:34:18 Europe/Helsinki] NewDATA [INFO] Новий лічильник номер: 015591 06, тип: ТАКТ => DN 15, рік випуску: 2006, показники: 0, балансоутримувач: АТ "ОТКЕ" додано до БД користувачем [Коваль Людмила].
[07-Nov-2024 13:34:20 Europe/Helsinki] EditDATA [INFO] За адресою вул. Льотна, буд. 43, кв. 80 користувачем [Коваль Людмила] було додано лічильники: 012929 06, 015591 06].
[07-Nov-2024 13:36:17 Europe/Helsinki] NewDATA [INFO] Новий лічильник номер: 013539 06, тип: ТАКТ => DN 15, рік випуску: 2006, показники: 0, балансоутримувач: КП "ВДК" додано до БД користувачем [Коваль Людмила].
[07-Nov-2024 13:36:52 Europe/Helsinki] NewDATA [INFO] Новий лічильник номер: 014380 06, тип: ТАКТ => DN 15, рік випуску: 2006, показники: 0, балансоутримувач: АТ "ОТКЕ" додано до БД користувачем [Коваль Людмила].
[07-Nov-2024 13:37:00 Europe/Helsinki] EditDATA [INFO] За адресою вул. Льотна, буд. 43, кв. 148 користувачем [Коваль Людмила] було додано лічильники: 013539 06, 014380 06].
[07-Nov-2024 13:38:03 Europe/Helsinki] NewDATA [INFO] Новий лічильник номер: 398362, тип: КВ-1,5 => DN 15, рік випуску: 2010, показники: 0, балансоутримувач: АТ "ОТКЕ" додано до БД користувачем [Коваль Людмила].
[07-Nov-2024 13:38:05 Europe/Helsinki] EditDATA [INFO] За адресою вул. Льотна, буд. 20, кв. 10 користувачем [Коваль Людмила] було додано лічильники: 398362].
[07-Nov-2024 13:48:46 Europe/Helsinki] NewDATA [INFO] Новий лічильник номер: 358757, тип: КВ-1,5 => DN 15, рік випуску: 2011, показники: 0, балансоутримувач: КП "ВДК" додано до БД користувачем [Коваль Людмила].
[07-Nov-2024 13:49:12 Europe/Helsinki] NewDATA [INFO] Новий лічильник номер: 348314, тип: ВСХ => DN 15, рік випуску: 2011, показники: 0, балансоутримувач: АТ "ОТКЕ" додано до БД користувачем [Коваль Людмила].
[07-Nov-2024 13:49:15 Europe/Helsinki] EditDATA [INFO] За адресою вул. Льотна, буд. 11, кв. 65 користувачем [Коваль Людмила] було додано лічильники: 358757, 348314].
[07-Nov-2024 13:50:30 Europe/Helsinki] NewDATA [INFO] Новий лічильник номер: 00512611, тип: E-T 1,6-U => DN 15, рік випуску: 2019, показники: 0, балансоутримувач: АТ "ОТКЕ" додано до БД користувачем [Коваль Людмила].
[07-Nov-2024 13:50:33 Europe/Helsinki] EditDATA [INFO] За адресою вул. Льотна, буд. 25, корп. А, кв. 10 користувачем [Коваль Людмила] було додано лічильники: 00512611].
[07-Nov-2024 13:51:26 Europe/Helsinki] NewDATA [INFO] Новий лічильник номер: 231429374, тип: СВК => DN 15, рік випуску: 2023, показники: 0, балансоутримувач: КП "ВДК" додано до БД користувачем [Коваль Людмила].
[07-Nov-2024 13:52:00 Europe/Helsinki] NewDATA [INFO] Новий лічильник номер: 231440173, тип: СВК => DN 15, рік випуску: 2023, показники: 0, балансоутримувач: КП "ТКЕ" додано до БД користувачем [Коваль Людмила].
[07-Nov-2024 13:52:02 Europe/Helsinki] EditDATA [INFO] За адресою вул. Мацієвського Олександра, буд. 2, кв. 1 користувачем [Коваль Людмила] було додано лічильники: 231429374, 231440173].
[07-Nov-2024 13:52:47 Europe/Helsinki] NewDATA [INFO] Новий лічильник номер: 123994, тип: КВ-1,5 => DN 15, рік випуску: 2016, показники: 0, балансоутримувач: КП "ВДК" додано до БД користувачем [Коваль Людмила].
[07-Nov-2024 13:53:14 Europe/Helsinki] NewDATA [INFO] Новий лічильник номер: 123483, тип: КВ-1,5 => DN 15, рік випуску: 2016, показники: 0, балансоутримувач: АТ "ОТКЕ" додано до БД користувачем [Коваль Людмила].
[07-Nov-2024 13:53:36 Europe/Helsinki] NewDATA [INFO] Новий лічильник номер: 123625, тип: КВ-1,5 => DN 15, рік випуску: 2016, показники: 0, балансоутримувач: КП "ВДК" додано до БД користувачем [Коваль Людмила].
[07-Nov-2024 13:54:02 Europe/Helsinki] NewDATA [INFO] Новий лічильник номер: 126542, тип: КВ-1,5 => DN 15, рік випуску: 2016, показники: 0, балансоутримувач: АТ "ОТКЕ" додано до БД користувачем [Коваль Людмила].
[07-Nov-2024 13:54:05 Europe/Helsinki] EditDATA [INFO] За адресою вул. Небаби Мартина, буд. 100, кв. 69 користувачем [Коваль Людмила] було додано лічильники: 123994, 123483, 123625, 126542].
[07-Nov-2024 14:11:26 Europe/Helsinki] EditDATA [INFO] Для заявки Повірка від 28.10.2024 користувачем [Сусло Тетяна] змінено примітки з 8-13 на 13-18.
[07-Nov-2024 14:12:07 Europe/Helsinki] EditDATA [INFO] Для заявки Повірка від 28.10.2024 користувачем [Сусло Тетяна] змінено виконавця з ЗАПЛАНОВАНІ на Богомаз.
[2024-11-07T14:12:23.004] [INFO] DataBase - У заявці Повірка від 28 жовтня 2024 р. за адресою вул. Борщова, буд. 4, корп. А, кв. 7 видалено дату виконання 8 листопада 2024 р. користувачем [Сусло Тетяна].
[2024-11-07T14:12:28.752] [INFO] DataBase - У заявці Повірка від 28 жовтня 2024 р. за адресою вул. Борщова, буд. 4, корп. А, кв. 7 додано дату виконання 11 листопада 2024 р. користувачем [Сусло Тетяна].
[07-Nov-2024 14:12:37 Europe/Helsinki] EditDATA [INFO] Для заявки Повірка від 28.10.2024 користувачем [Сусло Тетяна] змінено виконавця з Богомаз на ЗАПЛАНОВАНІ.
[07-Nov-2024 14:16:10 Europe/Helsinki] NewDATA [INFO] Нова адреса вул. Малиновського, буд. 41, кв. 18, тел. +38 (097) 689-71-37 додана до БД користувачем [Сусло Тетяна].
[07-Nov-2024 14:16:46 Europe/Helsinki] NewDATA [INFO] Нова заявка Повірка, адреса: вул. Малиновського 41, кв. 18, лічильники: БЕЗ НОМЕРА - 1 шт., вартість: 300 грн., примітки: 13-18 додано до БД користувачем [Сусло Тетяна].
[2024-11-07T14:16:56.158] [INFO] DataBase - У заявці Повірка від 7 листопада 2024 р. за адресою вул. Малиновського, буд. 41, кв. 18 додано виконавця ЗАПЛАНОВАНІ та додано дату виконання 11 листопада 2024 р. користувачем [Сусло Тетяна].
[07-Nov-2024 14:17:35 Europe/Helsinki] NewDATA [INFO] Нова адреса вул. Попова, буд. 13, кв. 18 додана до БД користувачем [Сусло Тетяна].
[07-Nov-2024 14:59:42 Europe/Helsinki] NewDATA [INFO] Нова заявка Повірка, адреса: вул. Нафтовиків 21, кв. 77, лічильники: БЕЗ НОМЕРА - 2 шт., вартість: 600 грн., примітки: до 14, за 30 хв додано до БД користувачем [Сусло Тетяна].
[2024-11-07T14:59:46.270] [INFO] DataBase - У заявці Повірка від 7 листопада 2024 р. за адресою вул. Нафтовиків, буд. 21, кв. 77 додано виконавця ЗАПЛАНОВАНІ та додано дату виконання 19 листопада 2024 р. користувачем [Сусло Тетяна].
[07-Nov-2024 15:13:21 Europe/Helsinki] NewDATA [INFO] Нова заявка Повірка, адреса: вул. Доценка 13, кв. 40, лічильники: БЕЗ НОМЕРА - 1 шт., вартість: 300 грн., примітки: 8-13, за 30 хв додано до БД користувачем [Сусло Тетяна].
[2024-11-07T15:13:25.837] [INFO] DataBase - У заявці Повірка від 7 листопада 2024 р. за адресою вул. Доценка, буд. 13, кв. 40 додано виконавця ЗАПЛАНОВАНІ та додано дату виконання 13 листопада 2024 р. користувачем [Сусло Тетяна].
[07-Nov-2024 15:40:06 Europe/Helsinki] EditDATA [INFO] Для заявки Повірка від 07.11.2024 користувачем [Сусло Тетяна] змінено примітки з 8-13, за 30 хв на 8-13, за 30 хв, на лічильнику нема пломби.
[07-Nov-2024 15:46:43 Europe/Helsinki] EditDATA [INFO] За адресою вул. Генерала Пухова 51, кв. 41 користувачем [Коваль Людмила] змінені номери телефонів з +38(068)993-68-19, +38(063)628-14-62, +38(063)578-33-87 на +38(068)131-61-04, при створенні нової заявки [Повірка] від 07.11.2024.
[07-Nov-2024 15:46:43 Europe/Helsinki] NewDATA [INFO] Нова заявка Повірка, адреса: вул. Генерала Пухова 51, кв. 41, лічильники: БЕЗ НОМЕРА - 4 шт., вартість: 1200 грн., примітки: 14-18 додано до БД користувачем [Коваль Людмила].
[2024-11-07T15:46:58.317] [INFO] DataBase - У заявці Повірка від 7 листопада 2024 р. за адресою вул. Генерала Пухова, буд. 51, кв. 41 додано виконавця ЗАПЛАНОВАНІ та додано дату виконання 11 листопада 2024 р. користувачем [Коваль Людмила].
[07-Nov-2024 15:48:41 Europe/Helsinki] NewDATA [INFO] Нова заявка Заміна, адреса: просп. Миру 54, кв. 16, лічильники: БЕЗ НОМЕРА - 1 шт., вартість: 1060 грн., примітки: хол.с/в 13-17 додано до БД користувачем [Коваль Людмила].
[07-Nov-2024 15:48:41 Europe/Helsinki] NewDATA [INFO] Нова заявка Заміна, адреса: просп. Миру 54, кв. 16, лічильники: БЕЗ НОМЕРА - 1 шт., вартість: 1060 грн., примітки: хол.с/в 13-17 додано до БД користувачем [Коваль Людмила].
[07-Nov-2024 15:48:41 Europe/Helsinki] NewDATA [INFO] Нова заявка Заміна, адреса: просп. Миру 54, кв. 16, лічильники: БЕЗ НОМЕРА - 1 шт., вартість: 1060 грн., примітки: хол.с/в 13-17 додано до БД користувачем [Коваль Людмила].
[07-Nov-2024 15:48:41 Europe/Helsinki] NewDATA [INFO] Нова заявка Заміна, адреса: просп. Миру 54, кв. 16, лічильники: БЕЗ НОМЕРА - 1 шт., вартість: 1060 грн., примітки: хол.с/в 13-17 додано до БД користувачем [Коваль Людмила].
[07-Nov-2024 15:48:41 Europe/Helsinki] NewDATA [INFO] Нова заявка Заміна, адреса: просп. Миру 54, кв. 16, лічильники: БЕЗ НОМЕРА - 1 шт., вартість: 1060 грн., примітки: хол.с/в 13-17 додано до БД користувачем [Коваль Людмила].
[07-Nov-2024 15:48:41 Europe/Helsinki] NewDATA [INFO] Нова заявка Заміна, адреса: просп. Миру 54, кв. 16, лічильники: БЕЗ НОМЕРА - 1 шт., вартість: 1060 грн., примітки: хол.с/в 13-17 додано до БД користувачем [Коваль Людмила].
[07-Nov-2024 15:48:41 Europe/Helsinki] NewDATA [INFO] Нова заявка Заміна, адреса: просп. Миру 54, кв. 16, лічильники: БЕЗ НОМЕРА - 1 шт., вартість: 1060 грн., примітки: хол.с/в 13-17 додано до БД користувачем [Коваль Людмила].
[07-Nov-2024 15:48:41 Europe/Helsinki] NewDATA [INFO] Нова заявка Заміна, адреса: просп. Миру 54, кв. 16, лічильники: БЕЗ НОМЕРА - 1 шт., вартість: 1060 грн., примітки: хол.с/в 13-17 додано до БД користувачем [Коваль Людмила].
[2024-11-07T15:49:08.879] [INFO] DataBase - У заявці Заміна від 7 листопада 2024 р. за адресою просп. Миру, буд. 54, кв. 16 додано виконавця Баранов та додано дату виконання 11 листопада 2024 р. користувачем [Коваль Людмила].
[07-Nov-2024 15:49:43 Europe/Helsinki] DellTASK [INFO] Заміна від 07.11.2024 для адреси просп. Миру, буд. 54, кв. 16 для лічильника БЕЗ НОМЕРА - 1 шт. було відмінено користувачем [Коваль Людмила] з коментарем: повтор.
[07-Nov-2024 15:49:55 Europe/Helsinki] DellTASK [INFO] Заміна від 07.11.2024 для адреси просп. Миру, буд. 54, кв. 16 для лічильника БЕЗ НОМЕРА - 1 шт. було відмінено користувачем [Коваль Людмила] з коментарем: повтор.
[07-Nov-2024 15:50:08 Europe/Helsinki] DellTASK [INFO] Заміна від 07.11.2024 для адреси просп. Миру, буд. 54, кв. 16 для лічильника БЕЗ НОМЕРА - 1 шт. було відмінено користувачем [Коваль Людмила] з коментарем: повтор.
[07-Nov-2024 15:50:18 Europe/Helsinki] DellTASK [INFO] Заміна від 07.11.2024 для адреси просп. Миру, буд. 54, кв. 16 для лічильника БЕЗ НОМЕРА - 1 шт. було відмінено користувачем [Коваль Людмила] з коментарем: повтор.
[07-Nov-2024 15:50:29 Europe/Helsinki] DellTASK [INFO] Заміна від 07.11.2024 для адреси просп. Миру, буд. 54, кв. 16 для лічильника БЕЗ НОМЕРА - 1 шт. було відмінено користувачем [Коваль Людмила] з коментарем: повтор.
[07-Nov-2024 15:50:39 Europe/Helsinki] DellTASK [INFO] Заміна від 07.11.2024 для адреси просп. Миру, буд. 54, кв. 16 для лічильника БЕЗ НОМЕРА - 1 шт. було відмінено користувачем [Коваль Людмила] з коментарем: повтор.
[07-Nov-2024 15:50:54 Europe/Helsinki] DellTASK [INFO] Заміна від 07.11.2024 для адреси просп. Миру, буд. 54, кв. 16 для лічильника БЕЗ НОМЕРА - 1 шт. було відмінено користувачем [Коваль Людмила] з коментарем: повтор.
[07-Nov-2024 15:51:51 Europe/Helsinki] NewDATA [INFO] Нова заявка Повірка, адреса: просп. Миру 54, кв. 16, лічильники: БЕЗ НОМЕРА - 2 шт., вартість: 600 грн., примітки: 14-18,пер.за час додано до БД користувачем [Коваль Людмила].
[2024-11-07T15:52:08.515] [INFO] DataBase - У заявці Повірка від 7 листопада 2024 р. за адресою просп. Миру, буд. 54, кв. 16 додано виконавця ЗАПЛАНОВАНІ та додано дату виконання 12 листопада 2024 р. користувачем [Коваль Людмила].

