[21-Mar-2025 08:40:33 Europe/Helsinki] NewDATA [INFO] Нова адреса вул. Гонча, буд. 54, кв. 36, тел. +38 (067) 812-36-82 додана до БД користувачем [Сусло Тетяна].
[21-Mar-2025 08:40:57 Europe/Helsinki] NewDATA [INFO] Нова заявка Повірка, адреса: вул. Гонча 54, кв. 36, лічильники: БЕЗ НОМЕРА - 2 шт., вартість: 600 грн., примітки: 13-17 додано до БД користувачем [Сусло Тетяна].
[2025-03-21T08:41:01.864] [INFO] DataBase - У заявці Повірка від 21 березня 2025 р. за адресою вул. Гонча, буд. 54, кв. 36 додано виконавця ЗАПЛАНОВАНІ та додано дату виконання 28 березня 2025 р. користувачем [Сусло Тетяна].
[21-Mar-2025 08:41:53 Europe/Helsinki] NewDATA [INFO] Нова адреса вул. Космонавтів, буд. 4, кв. 38, тел. +38 (091) 628-93-95 додана до БД користувачем [Сусло Тетяна].
[21-Mar-2025 08:42:29 Europe/Helsinki] NewDATA [INFO] Нова заявка Повірка, адреса: вул. Космонавтів 4, кв. 38, лічильники: БЕЗ НОМЕРА - 2 шт., вартість: 600 грн., примітки: з 11.00, код 248 додано до БД користувачем [Сусло Тетяна].
[2025-03-21T08:42:33.228] [INFO] DataBase - У заявці Повірка від 21 березня 2025 р. за адресою вул. Космонавтів, буд. 4, кв. 38 додано виконавця ЗАПЛАНОВАНІ та додано дату виконання 26 березня 2025 р. користувачем [Сусло Тетяна].
[21-Mar-2025 09:27:57 Europe/Helsinki] EditDATA [INFO] Для заявки Повірка від 13.03.2025 користувачем [Коваль Людмила] змінено виконавця з ЗАПЛАНОВАНІ на Сірий.
[21-Mar-2025 09:28:10 Europe/Helsinki] EditDATA [INFO] Для заявки Повірка від 20.03.2025 користувачем [Коваль Людмила] змінено виконавця з ЗАПЛАНОВАНІ на Сірий.
[21-Mar-2025 09:28:20 Europe/Helsinki] EditDATA [INFO] Для заявки Повірка від 17.03.2025 користувачем [Коваль Людмила] змінено виконавця з ЗАПЛАНОВАНІ на Сірий.
[21-Mar-2025 09:28:32 Europe/Helsinki] EditDATA [INFO] Для заявки Повірка від 17.03.2025 користувачем [Коваль Людмила] змінено виконавця з ЗАПЛАНОВАНІ на Сірий.
[21-Mar-2025 09:28:45 Europe/Helsinki] EditDATA [INFO] Для заявки Повірка від 14.03.2025 користувачем [Коваль Людмила] змінено виконавця з ЗАПЛАНОВАНІ на Сірий.
[21-Mar-2025 09:28:54 Europe/Helsinki] EditDATA [INFO] Для заявки Повірка від 19.03.2025 користувачем [Коваль Людмила] змінено виконавця з ЗАПЛАНОВАНІ на Сірий.
[21-Mar-2025 09:29:09 Europe/Helsinki] EditDATA [INFO] Для заявки Повірка від 10.02.2025 користувачем [Коваль Людмила] змінено виконавця з ЗАПЛАНОВАНІ на Сірий.
[21-Mar-2025 09:29:36 Europe/Helsinki] EditDATA [INFO] Для заявки Повірка від 20.03.2025 користувачем [Коваль Людмила] змінено виконавця з ЗАПЛАНОВАНІ на Ващенко.
[21-Mar-2025 09:29:47 Europe/Helsinki] EditDATA [INFO] Для заявки Повірка від 19.03.2025 користувачем [Коваль Людмила] змінено виконавця з ЗАПЛАНОВАНІ на Ващенко.
[21-Mar-2025 09:30:04 Europe/Helsinki] EditDATA [INFO] Для заявки Повірка від 14.03.2025 користувачем [Коваль Людмила] змінено виконавця з ЗАПЛАНОВАНІ на Ващенко.
[21-Mar-2025 09:30:30 Europe/Helsinki] EditDATA [INFO] Для заявки Повірка від 20.03.2025 користувачем [Коваль Людмила] змінено виконавця з ЗАПЛАНОВАНІ на Ващенко.
[21-Mar-2025 09:30:42 Europe/Helsinki] EditDATA [INFO] Для заявки Повірка від 12.03.2025 користувачем [Коваль Людмила] змінено виконавця з ЗАПЛАНОВАНІ на Ващенко.
[21-Mar-2025 09:30:56 Europe/Helsinki] EditDATA [INFO] Для заявки Повірка від 12.03.2025 користувачем [Коваль Людмила] змінено виконавця з ЗАПЛАНОВАНІ на Ващенко.
[21-Mar-2025 09:31:19 Europe/Helsinki] EditDATA [INFO] Для заявки Повірка від 11.03.2025 користувачем [Коваль Людмила] змінено виконавця з ЗАПЛАНОВАНІ на Ващенко.
[21-Mar-2025 09:31:43 Europe/Helsinki] EditDATA [INFO] Для заявки Повірка від 13.03.2025 користувачем [Коваль Людмила] змінено виконавця з ЗАПЛАНОВАНІ на Сірий.
[21-Mar-2025 09:34:14 Europe/Helsinki] NewDATA [INFO] Нова адреса вул. Пирогова, буд. 1, кв. 31, тел. +38 (063) 451-51-63 додана до БД користувачем [Коваль Людмила].
[21-Mar-2025 09:34:46 Europe/Helsinki] NewDATA [INFO] Нова заявка Повірка, адреса: вул. Пирогова 1, кв. 31, лічильники: БЕЗ НОМЕРА - 3 шт., вартість: 900 грн., примітки: 12-16 додано до БД користувачем [Коваль Людмила].
[2025-03-21T09:34:51.118] [INFO] DataBase - У заявці Повірка від 21 березня 2025 р. за адресою вул. Пирогова, буд. 1, кв. 31 додано виконавця ЗАПЛАНОВАНІ та додано дату виконання 24 березня 2025 р. користувачем [Коваль Людмила].
[21-Mar-2025 09:35:34 Europe/Helsinki] NewDATA [INFO] Нова адреса вул. Незалежності, буд. 46, кв. 30, тел. +38 (098) 440-47-79 додана до БД користувачем [Коваль Людмила].
[21-Mar-2025 09:36:04 Europe/Helsinki] NewDATA [INFO] Нова заявка Повірка, адреса: вул. Незалежності 46, кв. 30, лічильники: БЕЗ НОМЕРА - 2 шт., вартість: 600 грн., примітки: 13-17 додано до БД користувачем [Коваль Людмила].
[2025-03-21T09:36:08.681] [INFO] DataBase - У заявці Повірка від 21 березня 2025 р. за адресою вул. Незалежності, буд. 46, кв. 30 додано виконавця ЗАПЛАНОВАНІ та додано дату виконання 24 березня 2025 р. користувачем [Коваль Людмила].
[21-Mar-2025 09:36:19 Europe/Helsinki] EditDATA [INFO] Для заявки Повірка від 21.03.2025 користувачем [Коваль Людмила] змінено виконавця з ЗАПЛАНОВАНІ на Ващенко.
[21-Mar-2025 09:37:22 Europe/Helsinki] NewDATA [INFO] Нова адреса просп. Левка Лукяненка, буд. 2, корп. 2, кв. 5, тел. +38 (093) 994-09-93 додана до БД користувачем [Коваль Людмила].
[21-Mar-2025 09:38:14 Europe/Helsinki] NewDATA [INFO] Нова заявка Повірка, адреса: просп. Левка Лукяненка 2 корпус 2, кв. 5, лічильники: БЕЗ НОМЕРА - 4 шт., вартість: 1200 грн., примітки: 12-16 додано до БД користувачем [Коваль Людмила].
[21-Mar-2025 09:38:16 Europe/Helsinki] EditDATA [INFO] За адресою вул. Толстого 134, кв. 29 користувачем [Сусло Тетяна] змінені номери телефонів з +38(093)835-73-18, +38(0462)69-45-27, +38(093)873-51-14 на +38(093)873-51-14, при створенні нової заявки [Повірка] від 21.03.2025.
[21-Mar-2025 09:38:16 Europe/Helsinki] NewDATA [INFO] Нова заявка Повірка, адреса: вул. Толстого 134, кв. 29, лічильники: БЕЗ НОМЕРА - 2 шт., вартість: 600 грн., примітки: 8-13, за 30 хв додано до БД користувачем [Сусло Тетяна].
[2025-03-21T09:38:20.883] [INFO] DataBase - У заявці Повірка від 21 березня 2025 р. за адресою просп. Левка Лукяненка, буд. 2, корп. 2, кв. 5 додано виконавця ЗАПЛАНОВАНІ та додано дату виконання 26 березня 2025 р. користувачем [Коваль Людмила].
[2025-03-21T09:38:21.459] [INFO] DataBase - У заявці Повірка від 21 березня 2025 р. за адресою вул. Толстого, буд. 134, кв. 29 додано виконавця ЗАПЛАНОВАНІ та додано дату виконання 28 березня 2025 р. користувачем [Сусло Тетяна].
[21-Mar-2025 09:44:21 Europe/Helsinki] DellTASK [INFO] Повірка від 19.03.2025 для адреси просп. Грушевського Михайла, буд. 159, кв. 40 для лічильника БЕЗ НОМЕРА - 1 шт. було завершено користувачем [Коваль Людмила] з коментарем: виконано.
[21-Mar-2025 09:44:52 Europe/Helsinki] DellTASK [INFO] Повірка від 18.03.2025 для адреси просп. Левка Лукяненка, буд. 45, кв. 58 для лічильника БЕЗ НОМЕРА - 1 шт. було завершено користувачем [Коваль Людмила] з коментарем: виконано.
[21-Mar-2025 09:45:23 Europe/Helsinki] DellTASK [INFO] Повірка від 18.03.2025 для адреси вул. Генерала Пухова, буд. 136, кв. 15 для лічильника БЕЗ НОМЕРА - 2 шт. було завершено користувачем [Коваль Людмила] з коментарем: виконано.
[21-Mar-2025 09:46:20 Europe/Helsinki] DellTASK [INFO] Повірка від 18.03.2025 для адреси просп. Грушевського Михайла, буд. 161, кв. 133 для лічильника БЕЗ НОМЕРА - 2 шт. було завершено користувачем [Коваль Людмила] з коментарем: виконано.
[21-Mar-2025 09:46:36 Europe/Helsinki] DellTASK [INFO] Повірка від 05.02.2025 для адреси вул. 1-ої танкової бригади, буд. 18, кв. 178 для лічильника БЕЗ НОМЕРА - 2 шт. було завершено користувачем [Коваль Людмила] з коментарем: виконано.
[21-Mar-2025 09:46:54 Europe/Helsinki] DellTASK [INFO] Повірка від 18.03.2025 для адреси просп. Левка Лукяненка, буд. 18, корп. А, кв. 40 для лічильника БЕЗ НОМЕРА - 3 шт. було завершено користувачем [Коваль Людмила] з коментарем: виконано.
[21-Mar-2025 09:47:08 Europe/Helsinki] DellTASK [INFO] Повірка від 18.03.2025 для адреси просп. Левка Лукяненка, буд. 30, кв. 115 для лічильника БЕЗ НОМЕРА - 2 шт. було завершено користувачем [Коваль Людмила] з коментарем: виконано.
[21-Mar-2025 09:47:27 Europe/Helsinki] DellTASK [INFO] Повірка від 19.03.2025 для адреси вул. Стуса Василя, буд. 15, кв. 1 для лічильника БЕЗ НОМЕРА - 4 шт. було завершено користувачем [Коваль Людмила] з коментарем: виконано.
[21-Mar-2025 09:47:44 Europe/Helsinki] DellTASK [INFO] Повірка від 19.03.2025 для адреси вул. Мстиславська, буд. 50, кв. 43 для лічильника БЕЗ НОМЕРА - 1 шт. було завершено користувачем [Коваль Людмила] з коментарем: виконано.
[21-Mar-2025 09:48:03 Europe/Helsinki] DellTASK [INFO] Повірка від 18.03.2025 для адреси вул. Мстиславська, буд. 56, кв. 78 для лічильника БЕЗ НОМЕРА - 2 шт. було завершено користувачем [Коваль Людмила] з коментарем: виконано.
[21-Mar-2025 09:48:21 Europe/Helsinki] DellTASK [INFO] Повірка від 18.03.2025 для адреси вул. Пятницька, буд. 23, кв. 21 для лічильника БЕЗ НОМЕРА - 1 шт. було завершено користувачем [Коваль Людмила] з коментарем: виконано.
[21-Mar-2025 09:48:34 Europe/Helsinki] DellTASK [INFO] Повірка від 18.03.2025 для адреси вул. Земська, буд. 68, кв. 37 для лічильника БЕЗ НОМЕРА - 1 шт. було завершено користувачем [Коваль Людмила] з коментарем: виконано.
[21-Mar-2025 09:48:48 Europe/Helsinki] DellTASK [INFO] Повірка від 18.03.2025 для адреси вул. Земська, буд. 72, кв. 41 для лічильника БЕЗ НОМЕРА - 1 шт. було завершено користувачем [Коваль Людмила] з коментарем: виконано.
[21-Mar-2025 09:49:12 Europe/Helsinki] DellTASK [INFO] Повірка від 14.03.2025 для адреси вул. Мстиславська, буд. 40, кв. 3 для лічильника БЕЗ НОМЕРА - 2 шт. було завершено користувачем [Коваль Людмила] з коментарем: не виконано.не було вдома.
[2025-03-21T09:49:22.450] [INFO] DataBase - У заявці Заміна від 13 березня 2025 р. за адресою вул. Тарновського Василя, буд. 30, кв. 22 видалено дату виконання 21 березня 2025 р. користувачем [Сусло Тетяна].
[2025-03-21T09:49:27.193] [INFO] DataBase - У заявці Заміна від 13 березня 2025 р. за адресою вул. Тарновського Василя, буд. 30, кв. 22 додано дату виконання 26 березня 2025 р. користувачем [Сусло Тетяна].
[21-Mar-2025 09:49:28 Europe/Helsinki] DellTASK [INFO] Повірка від 04.03.2025 для адреси вул. Гетьмана Полуботка, буд. 78, кв. 22 для лічильника БЕЗ НОМЕРА - 2 шт. було завершено користувачем [Коваль Людмила] з коментарем: виконано.
[21-Mar-2025 09:49:51 Europe/Helsinki] DellTASK [INFO] Повірка від 18.02.2025 для адреси просп. Миру, буд. 211, корп. А, кв. 20 для лічильника БЕЗ НОМЕРА - 4 шт. було завершено користувачем [Коваль Людмила] з коментарем: виконано.
[21-Mar-2025 09:50:09 Europe/Helsinki] DellTASK [INFO] Повірка від 17.03.2025 для адреси просп. Миру, буд. 209, кв. 77 для лічильника БЕЗ НОМЕРА - 2 шт. було завершено користувачем [Коваль Людмила] з коментарем: виконано.
[21-Mar-2025 09:50:22 Europe/Helsinki] DellTASK [INFO] Повірка від 20.03.2025 для адреси вул. Самоквасова Дмитра, буд. 13, кв. 32 для лічильника БЕЗ НОМЕРА - 2 шт. було завершено користувачем [Коваль Людмила] з коментарем: виконано.
[21-Mar-2025 09:50:35 Europe/Helsinki] DellTASK [INFO] Повірка від 19.03.2025 для адреси вул. Самоквасова Дмитра, буд. 11, кв. 34 для лічильника БЕЗ НОМЕРА - 2 шт. було завершено користувачем [Коваль Людмила] з коментарем: виконано.
[21-Mar-2025 09:50:48 Europe/Helsinki] DellTASK [INFO] Повірка від 18.03.2025 для адреси вул. Льотна, буд. 3, корп. Б, кв. 68 для лічильника БЕЗ НОМЕРА - 2 шт. було завершено користувачем [Коваль Людмила] з коментарем: виконано.
[21-Mar-2025 09:51:03 Europe/Helsinki] DellTASK [INFO] Повірка від 13.03.2025 для адреси вул. Ремзаводська, буд. 16, кв. 11 для лічильника БЕЗ НОМЕРА - 1 шт. було завершено користувачем [Коваль Людмила] з коментарем: виконано.
[21-Mar-2025 09:52:09 Europe/Helsinki] NewDATA [INFO] Новий лічильник номер: 372564, тип: КВ-1,5 => DN 15, рік випуску: 2008, показники: 0, балансоутримувач: КП "ВДК" додано до БД користувачем [Коваль Людмила].
[21-Mar-2025 09:52:30 Europe/Helsinki] NewDATA [INFO] Новий лічильник номер: 340817, тип: КВ-1,5 => DN 15, рік випуску: 2008, показники: 0, балансоутримувач: АТ "ОТКЕ" додано до БД користувачем [Коваль Людмила].
[21-Mar-2025 09:52:32 Europe/Helsinki] EditDATA [INFO] За адресою вул. 1-ої танкової бригади, буд. 18, кв. 178 користувачем [Коваль Людмила] було додано лічильники: 372564, 340817].
[21-Mar-2025 09:53:10 Europe/Helsinki] NewDATA [INFO] Новий лічильник номер: 5313746, тип: ЛК => DN 15, рік випуску: 2015, показники: 0, балансоутримувач: КП "ВДК" додано до БД користувачем [Коваль Людмила].
[21-Mar-2025 09:53:34 Europe/Helsinki] NewDATA [INFO] Новий лічильник номер: 6322629, тип: ЛК => DN 15, рік випуску: 2016, показники: 0, балансоутримувач: АТ "ОТКЕ" додано до БД користувачем [Коваль Людмила].
[21-Mar-2025 09:53:36 Europe/Helsinki] EditDATA [INFO] За адресою просп. Левка Лукяненка, буд. 30, кв. 115 користувачем [Коваль Людмила] було додано лічильники: 5313746, 6322629].
[21-Mar-2025 10:27:49 Europe/Helsinki] EditDATA [INFO] За адресою вул. Шевченка 97 корпус А, кв. 72 користувачем [Сусло Тетяна] змінені номери телефонів з +38(068)131-46-42, +38(068)236-05-06 на +38(068)236-05-06, при створенні нової заявки [Заміна] від 21.03.2025.
[21-Mar-2025 10:27:49 Europe/Helsinki] NewDATA [INFO] Нова заявка Заміна, адреса: вул. Шевченка 97 корпус А, кв. 72, лічильники: БЕЗ НОМЕРА - 1 шт., виконавець: Баранов, вартість: 1100 грн., примітки: 8-13, 1 хв, туалет додано до БД користувачем [Сусло Тетяна].
[2025-03-21T10:27:53.552] [INFO] DataBase - У заявці Заміна від 21 березня 2025 р. за адресою вул. Шевченка, буд. 97, корп. А, кв. 72 додано дату виконання 26 березня 2025 р. користувачем [Сусло Тетяна].
[21-Mar-2025 10:34:43 Europe/Helsinki] NewDATA [INFO] Новий лічильник номер: 241483388, тип: СВК => DN 15, рік випуску: 2025, показники: 0, балансоутримувач: КП "ВДК" додано до БД користувачем [Сусло Тетяна].
[21-Mar-2025 10:34:47 Europe/Helsinki] EditDATA [INFO] В заявці Заміна від 19.03.2025 за адресою вул. Воздвиженська, буд. 3, кв. 32 було видалено БЕЗ НОМЕРУ - 1 шт.; додано лічильники: 241483388 користувачем [Сусло Тетяна].
[21-Mar-2025 10:34:56 Europe/Helsinki] DellTASK [INFO] Заміна від 19.03.2025 для адреси вул. Воздвиженська, буд. 3, кв. 32 для лічильника 241483388 було завершено користувачем [Сусло Тетяна] з коментарем: виконано.
[21-Mar-2025 10:35:06 Europe/Helsinki] DellTASK [INFO] Заміна від 18.03.2025 для адреси просп. Левка Лукяненка, буд. 37, кв. 106 для лічильника БЕЗ НОМЕРА - 1 шт. було завершено користувачем [Сусло Тетяна] з коментарем: виконано.
[21-Mar-2025 10:35:16 Europe/Helsinki] DellTASK [INFO] Заміна від 18.03.2025 для адреси вул. Всіхсвятська, буд. 6, корп. А, кв. 31 для лічильника 827313 було завершено користувачем [Сусло Тетяна] з коментарем: виконано.
[21-Mar-2025 10:35:27 Europe/Helsinki] DellTASK [INFO] Повірка від 17.03.2025 для адреси вул. Доценка, буд. 28, кв. 232 для лічильника БЕЗ НОМЕРА - 1 шт. було завершено користувачем [Сусло Тетяна] з коментарем: виконано.
[21-Mar-2025 10:58:45 Europe/Helsinki] EditDATA [INFO] Для заявки Повірка від 21.03.2025 користувачем [Коваль Людмила] змінено виконавця з ЗАПЛАНОВАНІ на Шкуліпа.
[2025-03-21T10:58:58.214] [INFO] DataBase - У заявці Повірка від 21 березня 2025 р. за адресою вул. Пирогова, буд. 1, кв. 31 видалено дату виконання 24 березня 2025 р. користувачем [Коваль Людмила].
[2025-03-21T10:59:04.642] [INFO] DataBase - У заявці Повірка від 21 березня 2025 р. за адресою вул. Пирогова, буд. 1, кв. 31 додано дату виконання 21 березня 2025 р. користувачем [Коваль Людмила].
[21-Mar-2025 11:01:05 Europe/Helsinki] NewDATA [INFO] Нова адреса вул. Самоквасова Дмитра, буд. 20, кв. 101, тел. +38 (095) 769-31-74 додана до БД користувачем [Коваль Людмила].
[21-Mar-2025 12:48:25 Europe/Helsinki] NewDATA [INFO] Нова адреса вул. Радченка Вячеслава, буд. 20, кв. 38, тел. +38 (063) 314-85-61 додана до БД користувачем [Сусло Тетяна].
[21-Mar-2025 12:48:52 Europe/Helsinki] NewDATA [INFO] Нова заявка Повірка, адреса: вул. Радченка Вячеслава 20, кв. 38, лічильники: БЕЗ НОМЕРА - 2 шт., вартість: 600 грн., примітки: 13-17 додано до БД користувачем [Сусло Тетяна].
[2025-03-21T12:48:56.291] [INFO] DataBase - У заявці Повірка від 21 березня 2025 р. за адресою вул. Радченка Вячеслава, буд. 20, кв. 38 додано виконавця ЗАПЛАНОВАНІ та додано дату виконання 4 квітня 2025 р. користувачем [Сусло Тетяна].
[21-Mar-2025 12:49:49 Europe/Helsinki] EditDATA [INFO] За адресою вул. Незалежності 60, кв. 41 користувачем [Сусло Тетяна] додано номер телефону +38(095)273-61-82, при створенні нової заявки [Повірка] від 21.03.2025.
[21-Mar-2025 12:49:49 Europe/Helsinki] NewDATA [INFO] Нова заявка Повірка, адреса: вул. Незалежності 60, кв. 41, лічильники: БЕЗ НОМЕРА - 1 шт., вартість: 300 грн., примітки: 8-13, 1 гв, уточнить додано до БД користувачем [Сусло Тетяна].
[2025-03-21T12:49:53.861] [INFO] DataBase - У заявці Повірка від 21 березня 2025 р. за адресою вул. Незалежності, буд. 60, кв. 41 додано виконавця ЗАПЛАНОВАНІ та додано дату виконання 1 квітня 2025 р. користувачем [Сусло Тетяна].
[21-Mar-2025 12:50:34 Europe/Helsinki] NewDATA [INFO] Нова адреса вул. Старобілоуська, буд. 49, кв. 14, тел. +38 (095) 544-18-10 додана до БД користувачем [Сусло Тетяна].
[21-Mar-2025 12:50:54 Europe/Helsinki] NewDATA [INFO] Нова заявка Повірка, адреса: вул. Старобілоуська 49, кв. 14, лічильники: БЕЗ НОМЕРА - 2 шт., вартість: 600 грн., примітки: 8-13 додано до БД користувачем [Сусло Тетяна].
[2025-03-21T12:50:59.391] [INFO] DataBase - У заявці Повірка від 21 березня 2025 р. за адресою вул. Старобілоуська, буд. 49, кв. 14 додано виконавця ЗАПЛАНОВАНІ та додано дату виконання 27 березня 2025 р. користувачем [Сусло Тетяна].
[21-Mar-2025 12:52:21 Europe/Helsinki] NewDATA [INFO] Нова адреса вул. Старобілоуська, буд. 49, кв. 15, тел. +38 (095) 544-18-10 додана до БД користувачем [Сусло Тетяна].
[21-Mar-2025 12:52:49 Europe/Helsinki] NewDATA [INFO] Нова заявка Повірка, адреса: вул. Старобілоуська 49, кв. 15, лічильники: БЕЗ НОМЕРА - 2 шт., вартість: 600 грн., примітки: 8-13 додано до БД користувачем [Сусло Тетяна].
[2025-03-21T12:52:56.319] [INFO] DataBase - У заявці Повірка від 21 березня 2025 р. за адресою вул. Старобілоуська, буд. 49, кв. 15 додано виконавця ЗАПЛАНОВАНІ та додано дату виконання 27 березня 2025 р. користувачем [Сусло Тетяна].
[21-Mar-2025 12:53:42 Europe/Helsinki] NewDATA [INFO] Нова адреса вул. курсанта Єськова, буд. 14, корп. А, кв. 42, тел. +38 (093) 193-12-90 додана до БД користувачем [Сусло Тетяна].
[21-Mar-2025 12:54:07 Europe/Helsinki] NewDATA [INFO] Нова заявка Повірка, адреса: вул. курсанта Єськова 14 корпус А, кв. 42, лічильники: БЕЗ НОМЕРА - 2 шт., вартість: 600 грн., примітки: 8-13, за 1 год додано до БД користувачем [Сусло Тетяна].
[2025-03-21T12:54:13.162] [INFO] DataBase - У заявці Повірка від 21 березня 2025 р. за адресою вул. курсанта Єськова, буд. 14, корп. А, кв. 42 додано виконавця ЗАПЛАНОВАНІ та додано дату виконання 27 березня 2025 р. користувачем [Сусло Тетяна].
[21-Mar-2025 12:55:10 Europe/Helsinki] EditDATA [INFO] За адресою вул. Самоквасова Дмитра 10, кв. 113 користувачем [Сусло Тетяна] змінені номери телефонів з +38(093)010-81-46, +38(093)144-40-27, +38(0462)66-25-85, +38(0462)66-28-85 на +38(063)062-43-23, при створенні нової заявки [Повірка] від 21.03.2025.
[21-Mar-2025 12:55:10 Europe/Helsinki] NewDATA [INFO] Нова заявка Повірка, адреса: вул. Самоквасова Дмитра 10, кв. 113, лічильники: БЕЗ НОМЕРА - 1 шт., вартість: 300 грн., примітки: 9-13, 1 гв, уточнить хол додано до БД користувачем [Сусло Тетяна].
[2025-03-21T12:55:14.753] [INFO] DataBase - У заявці Повірка від 21 березня 2025 р. за адресою вул. Самоквасова Дмитра, буд. 10, кв. 113 додано виконавця ЗАПЛАНОВАНІ та додано дату виконання 28 березня 2025 р. користувачем [Сусло Тетяна].
[21-Mar-2025 12:56:12 Europe/Helsinki] EditDATA [INFO] За адресою вул. Самоквасова Дмитра 10, кв. 119 користувачем [Сусло Тетяна] змінені номери телефонів з +38(066)143-63-90, +38(073)167-99-48, +38(067)159-44-29, +38(067)696-64-29 на +38(063)062-43-23, при створенні нової заявки [Повірка] від 21.03.2025.
[21-Mar-2025 12:56:12 Europe/Helsinki] NewDATA [INFO] Нова заявка Повірка, адреса: вул. Самоквасова Дмитра 10, кв. 119, лічильники: БЕЗ НОМЕРА - 1 шт., вартість: 300 грн., примітки: 9-13, 1 гв, уточнить хол додано до БД користувачем [Сусло Тетяна].
[2025-03-21T12:56:15.913] [INFO] DataBase - У заявці Повірка від 21 березня 2025 р. за адресою вул. Самоквасова Дмитра, буд. 10, кв. 119 додано виконавця ЗАПЛАНОВАНІ та додано дату виконання 28 березня 2025 р. користувачем [Сусло Тетяна].
[21-Mar-2025 12:56:41 Europe/Helsinki] NewDATA [INFO] Новий лічильник номер: 472854, тип: КВ-1,5 => DN 15, рік випуску: 2005, показники: 0, балансоутримувач: КП "ВДК" додано до БД користувачем [Коваль Людмила].
[21-Mar-2025 12:57:00 Europe/Helsinki] NewDATA [INFO] Нова адреса вул. Льотна, буд. 43, кв. 108, тел. +38 (068) 191-93-18 додана до БД користувачем [Сусло Тетяна].
[21-Mar-2025 12:57:06 Europe/Helsinki] NewDATA [INFO] Новий лічильник номер: 484876, тип: КВ-1,5 => DN 15, рік випуску: 2005, показники: 0, балансоутримувач: АТ "ОТКЕ" додано до БД користувачем [Коваль Людмила].
[21-Mar-2025 12:57:08 Europe/Helsinki] EditDATA [INFO] За адресою просп. Левка Лукяненка, буд. 18, корп. А, кв. 40 користувачем [Коваль Людмила] було додано лічильники: 472854, 484876].
[21-Mar-2025 12:57:25 Europe/Helsinki] NewDATA [INFO] Нова заявка Повірка, адреса: вул. Льотна 43, кв. 108, лічильники: БЕЗ НОМЕРА - 2 шт., вартість: 600 грн., примітки: 12-16 додано до БД користувачем [Сусло Тетяна].
[2025-03-21T12:57:29.140] [INFO] DataBase - У заявці Повірка від 21 березня 2025 р. за адресою вул. Льотна, буд. 43, кв. 108 додано виконавця ЗАПЛАНОВАНІ та додано дату виконання 27 березня 2025 р. користувачем [Сусло Тетяна].
[21-Mar-2025 12:57:50 Europe/Helsinki] NewDATA [INFO] Новий лічильник номер: 685320, тип: КВ-1,5 => DN 15, рік випуску: 2001, показники: 0, балансоутримувач: КП "ВДК" додано до БД користувачем [Коваль Людмила].
[21-Mar-2025 12:59:18 Europe/Helsinki] NewDATA [INFO] Новий лічильник номер: 685759, тип: КВ-1,5 => DN 15, рік випуску: 2001, показники: 0, балансоутримувач: АТ "ОТКЕ" додано до БД користувачем [Коваль Людмила].
[21-Mar-2025 12:59:20 Europe/Helsinki] EditDATA [INFO] За адресою просп. Грушевського Михайла, буд. 161, кв. 133 користувачем [Коваль Людмила] було додано лічильники: 685320, 685759].
[21-Mar-2025 13:00:03 Europe/Helsinki] NewDATA [INFO] Новий лічильник номер: 471689, тип: КВ-1,5 => DN 15, рік випуску: 2001, показники: 0, балансоутримувач: КП "ВДК" додано до БД користувачем [Коваль Людмила].
[21-Mar-2025 13:00:06 Europe/Helsinki] EditDATA [INFO] За адресою вул. Генерала Пухова, буд. 136, кв. 15 користувачем [Коваль Людмила] було додано лічильники: 471689].
[21-Mar-2025 13:00:46 Europe/Helsinki] NewDATA [INFO] Новий лічильник номер: 393435, тип: КВ-1,5 => DN 15, рік випуску: 2011, показники: 0, балансоутримувач: КП "ВДК" додано до БД користувачем [Коваль Людмила].
[21-Mar-2025 13:00:48 Europe/Helsinki] EditDATA [INFO] За адресою просп. Левка Лукяненка, буд. 45, кв. 85 користувачем [Коваль Людмила] було додано лічильники: 393435].
[21-Mar-2025 13:01:25 Europe/Helsinki] NewDATA [INFO] Новий лічильник номер: 000502, тип: КВ-1,5 => DN 15, рік випуску: 2006, показники: 0, балансоутримувач: АТ "ОТКЕ" додано до БД користувачем [Коваль Людмила].
[21-Mar-2025 13:01:27 Europe/Helsinki] EditDATA [INFO] За адресою просп. Грушевського Михайла, буд. 159, кв. 40 користувачем [Коваль Людмила] було додано лічильники: 000502].
[21-Mar-2025 13:16:36 Europe/Helsinki] NewDATA [INFO] Новий лічильник номер: 187356, тип: КВ-1,5 => DN 15, рік випуску: 2014, показники: 0, балансоутримувач: КП "ВДК" додано до БД користувачем [Коваль Людмила].
[21-Mar-2025 13:17:23 Europe/Helsinki] NewDATA [INFO] Новий лічильник номер: 201690, тип: КВ-1,5 => DN 15, рік випуску: 2001, показники: 0, балансоутримувач: АТ "ОТКЕ" додано до БД користувачем [Коваль Людмила].
[21-Mar-2025 13:17:40 Europe/Helsinki] EditDATA [INFO] За адресою вул. Гетьмана Полуботка, буд. 78, кв. 22 користувачем [Коваль Людмила] було додано лічильники: 187356, 201690].
[21-Mar-2025 13:18:20 Europe/Helsinki] NewDATA [INFO] Новий лічильник номер: 431174, тип: КВ-1,5 => DN 15, рік випуску: 2005, показники: 0, балансоутримувач: КП "ВДК" додано до БД користувачем [Коваль Людмила].
[21-Mar-2025 13:18:22 Europe/Helsinki] EditDATA [INFO] За адресою вул. Земська, буд. 72, кв. 41 користувачем [Коваль Людмила] було додано лічильники: 431174].
[21-Mar-2025 13:19:10 Europe/Helsinki] NewDATA [INFO] Новий лічильник номер: 175198, тип: КВ-1,5 => DN 15, рік випуску: 2001, показники: 0, балансоутримувач: КП "ВДК" додано до БД користувачем [Коваль Людмила].
[21-Mar-2025 13:19:12 Europe/Helsinki] EditDATA [INFO] За адресою вул. Земська, буд. 68, кв. 37 користувачем [Коваль Людмила] було додано лічильники: 175198].
[21-Mar-2025 13:19:53 Europe/Helsinki] NewDATA [INFO] Новий лічильник номер: 0200062746, тип: ЛК => DN 15, рік випуску: 2020, показники: 0, балансоутримувач: КП "ВДК" додано до БД користувачем [Коваль Людмила].
[21-Mar-2025 13:20:20 Europe/Helsinki] NewDATA [INFO] Новий лічильник номер: 0200070396, тип: ЛК => DN 15, рік випуску: 2020, показники: 0, балансоутримувач: КП "ТКЕ" додано до БД користувачем [Коваль Людмила].
[21-Mar-2025 13:20:22 Europe/Helsinki] EditDATA [INFO] За адресою вул. Мстиславська, буд. 56, кв. 78 користувачем [Коваль Людмила] було додано лічильники: 0200062746, 0200070396].
[21-Mar-2025 13:21:08 Europe/Helsinki] NewDATA [INFO] Новий лічильник номер: 239341, тип: КВ-1,5 => DN 15, рік випуску: 2006, показники: 0, балансоутримувач: КП "ТКЕ" додано до БД користувачем [Коваль Людмила].
[21-Mar-2025 13:21:10 Europe/Helsinki] EditDATA [INFO] За адресою вул. Пятницька, буд. 23, кв. 21 користувачем [Коваль Людмила] було додано лічильники: 239341].
[21-Mar-2025 13:21:56 Europe/Helsinki] NewDATA [INFO] Новий лічильник номер: 401383, тип: КВ-1,5 => DN 15, рік випуску: 2012, показники: 0, балансоутримувач: КП "ВДК" додано до БД користувачем [Коваль Людмила].
[21-Mar-2025 13:21:58 Europe/Helsinki] EditDATA [INFO] За адресою вул. Мстиславська, буд. 50, кв. 43 користувачем [Коваль Людмила] було додано лічильники: 401383].
[21-Mar-2025 13:22:40 Europe/Helsinki] NewDATA [INFO] Новий лічильник номер: 305629, тип: КВ-1,5 => DN 15, рік випуску: 2015, показники: 0, балансоутримувач: КП "ВДК" додано до БД користувачем [Коваль Людмила].
[21-Mar-2025 13:23:12 Europe/Helsinki] NewDATA [INFO] Новий лічильник номер: 289585, тип: КВ-1,5 => DN 15, рік випуску: 2015, показники: 0, балансоутримувач: КП "ТКЕ" додано до БД користувачем [Коваль Людмила].
[21-Mar-2025 13:23:14 Europe/Helsinki] EditDATA [INFO] За адресою вул. Стуса Василя, буд. 15, кв. 1 користувачем [Коваль Людмила] було додано лічильники: 305629, 289585].
[21-Mar-2025 13:26:51 Europe/Helsinki] NewDATA [INFO] Новий лічильник номер: 305433, тип: КВ-1,5 => DN 15, рік випуску: 2015, показники: 0, балансоутримувач: КП "ВДК" додано до БД користувачем [Коваль Людмила].
[21-Mar-2025 13:27:17 Europe/Helsinki] NewDATA [INFO] Новий лічильник номер: 289801, тип: КВ-1,5 => DN 15, рік випуску: 2015, показники: 0, балансоутримувач: КП "ТКЕ" додано до БД користувачем [Коваль Людмила].
[21-Mar-2025 13:27:19 Europe/Helsinki] EditDATA [INFO] За адресою вул. Стуса Василя, буд. 15, кв. 1 користувачем [Коваль Людмила] було додано лічильники: 305433, 289801].
[21-Mar-2025 13:28:09 Europe/Helsinki] NewDATA [INFO] Новий лічильник номер: 197970, тип: КВ-1,5 => DN 15, рік випуску: 2007, показники: 0, балансоутримувач: КП "ВДК" додано до БД користувачем [Коваль Людмила].
[21-Mar-2025 13:28:37 Europe/Helsinki] NewDATA [INFO] Новий лічильник номер: 382541, тип: КВ-1,5 => DN 15, рік випуску: 2007, показники: 0, балансоутримувач: АТ "ОТКЕ" додано до БД користувачем [Коваль Людмила].
[21-Mar-2025 13:29:05 Europe/Helsinki] NewDATA [INFO] Новий лічильник номер: 384517, тип: КВ-1,5 => DN 15, рік випуску: 2007, показники: 0, балансоутримувач: КП "ВДК" додано до БД користувачем [Коваль Людмила].
[21-Mar-2025 13:29:29 Europe/Helsinki] NewDATA [INFO] Новий лічильник номер: 168728, тип: КВ-1,5 => DN 15, рік випуску: 2007, показники: 0, балансоутримувач: АТ "ОТКЕ" додано до БД користувачем [Коваль Людмила].
[21-Mar-2025 13:29:30 Europe/Helsinki] EditDATA [INFO] За адресою просп. Миру, буд. 211, корп. А, кв. 20 користувачем [Коваль Людмила] було додано лічильники: 197970, 382541, 384517, 168728].
[21-Mar-2025 13:31:35 Europe/Helsinki] NewDATA [INFO] Новий лічильник номер: 290630, тип: КВ-1,5 => DN 15, рік випуску: 2015, показники: 0, балансоутримувач: КП "ВДК" додано до БД користувачем [Коваль Людмила].
[21-Mar-2025 13:31:58 Europe/Helsinki] NewDATA [INFO] Новий лічильник номер: 297162, тип: КВ-1,5 => DN 15, рік випуску: 2015, показники: 0, балансоутримувач: АТ "ОТКЕ" додано до БД користувачем [Коваль Людмила].
[21-Mar-2025 13:32:00 Europe/Helsinki] EditDATA [INFO] За адресою просп. Миру, буд. 209, кв. 77 користувачем [Коваль Людмила] було додано лічильники: 290630, 297162].
[21-Mar-2025 13:32:41 Europe/Helsinki] NewDATA [INFO] Новий лічильник номер: 021089, тип: КВ-1,5 => DN 15, рік випуску: 2011, показники: 0, балансоутримувач: КП "ВДК" додано до БД користувачем [Коваль Людмила].
[21-Mar-2025 13:32:43 Europe/Helsinki] EditDATA [INFO] За адресою вул. Ремзаводська, буд. 16, кв. 11 користувачем [Коваль Людмила] було додано лічильники: 021089].
[21-Mar-2025 13:33:40 Europe/Helsinki] NewDATA [INFO] Новий лічильник номер: 00623383, тип: E-T 1,6-U => DN 15, рік випуску: 2020, показники: 0, балансоутримувач: КП "ВДК" додано до БД користувачем [Коваль Людмила].
[21-Mar-2025 13:34:04 Europe/Helsinki] NewDATA [INFO] Новий лічильник номер: 244902, тип: КВ-1,5 => DN 15, рік випуску: 2001, показники: 0, балансоутримувач: АТ "ОТКЕ" додано до БД користувачем [Коваль Людмила].
[21-Mar-2025 13:34:05 Europe/Helsinki] EditDATA [INFO] За адресою вул. Льотна, буд. 3, корп. Б, кв. 68 користувачем [Коваль Людмила] було додано лічильники: 00623383, 244902].
[21-Mar-2025 13:34:48 Europe/Helsinki] NewDATA [INFO] Новий лічильник номер: 560254, тип: КВ-1,5 => DN 15, рік випуску: 2008, показники: 0, балансоутримувач: КП "ВДК" додано до БД користувачем [Коваль Людмила].
[21-Mar-2025 13:35:09 Europe/Helsinki] NewDATA [INFO] Новий лічильник номер: 505888, тип: КВ-1,5 => DN 15, рік випуску: 2008, показники: 0, балансоутримувач: КП "ТКЕ" додано до БД користувачем [Коваль Людмила].
[21-Mar-2025 13:35:11 Europe/Helsinki] EditDATA [INFO] За адресою вул. Самоквасова Дмитра, буд. 11, кв. 34 користувачем [Коваль Людмила] було додано лічильники: 560254, 505888].
[21-Mar-2025 13:35:51 Europe/Helsinki] NewDATA [INFO] Новий лічильник номер: 602373, тип: КВ-1,5 => DN 15, рік випуску: 2014, показники: 0, балансоутримувач: КП "ВДК" додано до БД користувачем [Коваль Людмила].
[21-Mar-2025 13:36:15 Europe/Helsinki] NewDATA [INFO] Новий лічильник номер: 490096, тип: КВ-1,5 => DN 15, рік випуску: 2008, показники: 0, балансоутримувач: КП "ТКЕ" додано до БД користувачем [Коваль Людмила].
[21-Mar-2025 13:36:17 Europe/Helsinki] EditDATA [INFO] За адресою вул. Самоквасова Дмитра, буд. 13, кв. 32 користувачем [Коваль Людмила] було додано лічильники: 602373, 490096].
[21-Mar-2025 13:39:54 Europe/Helsinki] NewDATA [INFO] Нова заявка Повірка, адреса: вул. Самоквасова Дмитра 20, кв. 101, лічильники: БЕЗ НОМЕРА - 4 шт., вартість: 1200 грн., примітки: пер.за 30 хв. додано до БД користувачем [Коваль Людмила].
[2025-03-21T13:39:58.571] [INFO] DataBase - У заявці Повірка від 21 березня 2025 р. за адресою вул. Самоквасова Дмитра, буд. 20, кв. 101 додано виконавця ЗАПЛАНОВАНІ та додано дату виконання 28 березня 2025 р. користувачем [Коваль Людмила].
[21-Mar-2025 13:51:22 Europe/Helsinki] DellTASK [INFO] Повірка від 11.03.2025 для адреси вул. Котляревського, буд. 4, кв. 32 для лічильника БЕЗ НОМЕРА - 2 шт. було завершено користувачем [Коваль Людмила] з коментарем: не потрібна повірка.
[2025-03-21T13:51:39.803] [INFO] DataBase - У заявці Повірка від 20 березня 2025 р. за адресою просп. Миру, буд. 80, кв. 125 видалено виконавця Шкуліпа та видалено дату виконання 21 березня 2025 р. користувачем [Сусло Тетяна].
[2025-03-21T13:51:52.267] [INFO] DataBase - У заявці Повірка від 20 березня 2025 р. за адресою просп. Миру, буд. 80, кв. 125 додано виконавця ЗАПЛАНОВАНІ та додано дату виконання 28 березня 2025 р. користувачем [Сусло Тетяна].
[21-Mar-2025 13:52:30 Europe/Helsinki] NewDATA [INFO] Нова адреса вул. 1-ої танкової бригади, буд. 14, кв. 37, тел. +38 (098) 346-30-68 додана до БД користувачем [Коваль Людмила].
[21-Mar-2025 13:58:38 Europe/Helsinki] NewDATA [INFO] Нова заявка Повірка, адреса: вул. 1-ої танкової бригади 14, кв. 37, лічильники: БЕЗ НОМЕРА - 1 шт., вартість: 300 грн., примітки: 8-13 додано до БД користувачем [Коваль Людмила].
[2025-03-21T13:58:52.096] [INFO] DataBase - У заявці Повірка від 21 березня 2025 р. за адресою вул. 1-ої танкової бригади, буд. 14, кв. 37 додано виконавця ЗАПЛАНОВАНІ та додано дату виконання 26 березня 2025 р. користувачем [Коваль Людмила].
[21-Mar-2025 14:01:43 Europe/Helsinki] NewDATA [INFO] Нова адреса вул. Савчука, буд. 7, корп. А, кв. 67, тел. +38 (063) 499-24-40 додана до БД користувачем [Коваль Людмила].
[21-Mar-2025 14:02:27 Europe/Helsinki] NewDATA [INFO] Нова заявка Повірка, адреса: вул. Савчука 7 корпус А, кв. 67, лічильники: БЕЗ НОМЕРА - 4 шт., вартість: 1200 грн. додано до БД користувачем [Коваль Людмила].
[2025-03-21T14:02:30.614] [INFO] DataBase - У заявці Повірка від 21 березня 2025 р. за адресою вул. Савчука, буд. 7, корп. А, кв. 67 додано виконавця Сірий та додано дату виконання 21 березня 2025 р. користувачем [Коваль Людмила].
[21-Mar-2025 14:03:20 Europe/Helsinki] NewDATA [INFO] Нова адреса вул. Текстильників, буд. 24, корп. А, кв. 35, тел. +38 (066) 550-86-98 додана до БД користувачем [Коваль Людмила].
[21-Mar-2025 14:05:12 Europe/Helsinki] NewDATA [INFO] Нова заявка Повірка, адреса: вул. Текстильників 24 корпус А, кв. 35, лічильники: БЕЗ НОМЕРА - 2 шт., вартість: 600 грн., примітки: 13-17 додано до БД користувачем [Коваль Людмила].
[2025-03-21T14:05:24.282] [INFO] DataBase - У заявці Повірка від 21 березня 2025 р. за адресою вул. Текстильників, буд. 24, корп. А, кв. 35 додано виконавця ЗАПЛАНОВАНІ та додано дату виконання 28 березня 2025 р. користувачем [Коваль Людмила].
[21-Mar-2025 14:06:01 Europe/Helsinki] NewDATA [INFO] Нова адреса вул. Мазепи Івана, буд. 11, кв. 46, тел. +38 (098) 358-47-09 додана до БД користувачем [Коваль Людмила].
[21-Mar-2025 14:06:28 Europe/Helsinki] NewDATA [INFO] Нова заявка Повірка, адреса: вул. Мазепи Івана 11, кв. 46, лічильники: БЕЗ НОМЕРА - 2 шт., вартість: 600 грн., примітки: 8-13 додано до БД користувачем [Коваль Людмила].
[2025-03-21T14:06:33.948] [INFO] DataBase - У заявці Повірка від 21 березня 2025 р. за адресою вул. Мазепи Івана, буд. 11, кв. 46 додано виконавця ЗАПЛАНОВАНІ та додано дату виконання 31 березня 2025 р. користувачем [Коваль Людмила].
[21-Mar-2025 14:08:30 Europe/Helsinki] NewDATA [INFO] Нова заявка Заміна, адреса: просп. Миру 251, кв. 122, лічильники: 01.166137, вартість: 400 грн., примітки: хол.8-13 додано до БД користувачем [Коваль Людмила].
[2025-03-21T14:08:35.842] [INFO] DataBase - У заявці Заміна від 21 березня 2025 р. за адресою просп. Миру, буд. 251, кв. 122 додано виконавця Баранов та додано дату виконання 25 березня 2025 р. користувачем [Коваль Людмила].
[21-Mar-2025 14:17:03 Europe/Helsinki] NewDATA [INFO] Нова заявка Заміна, адреса: просп. Миру 215, кв. 33, лічильники: 20854046, 20854064, 20367185, БЕЗ НОМЕРА - 1 шт., виконавець: Баранов, вартість: 1600 грн., примітки: 13-17, за 30 хв додано до БД користувачем [Сусло Тетяна].
[2025-03-21T14:17:06.410] [INFO] DataBase - У заявці Заміна від 21 березня 2025 р. за адресою просп. Миру, буд. 215, кв. 33 додано дату виконання 25 березня 2025 р. користувачем [Сусло Тетяна].
[21-Mar-2025 14:22:15 Europe/Helsinki] NewDATA [INFO] Нова адреса вул. Павлова Академіка, буд. 15, кв. 90, тел. +38 (093) 520-97-42 додана до БД користувачем [Коваль Людмила].
[21-Mar-2025 14:22:59 Europe/Helsinki] NewDATA [INFO] Нова заявка Повірка, адреса: вул. Павлова Академіка 15, кв. 90, лічильники: БЕЗ НОМЕРА - 4 шт., вартість: 1200 грн., примітки: 11-15,пер.за 30 хв. додано до БД користувачем [Коваль Людмила].
[2025-03-21T14:23:03.617] [INFO] DataBase - У заявці Повірка від 21 березня 2025 р. за адресою вул. Павлова Академіка, буд. 15, кв. 90 додано виконавця ЗАПЛАНОВАНІ та додано дату виконання 26 березня 2025 р. користувачем [Коваль Людмила].
[21-Mar-2025 14:27:03 Europe/Helsinki] NewDATA [INFO] Нова заявка Заміна, адреса: вул. Самоквасова Дмитра 20, кв. 95, лічильники: 366364, виконавець: Баранов, вартість: 1100 грн., примітки: 8-13, за 30 хв, №366364, 1 хв додано до БД користувачем [Сусло Тетяна].
[2025-03-21T14:27:05.720] [INFO] DataBase - У заявці Заміна від 21 березня 2025 р. за адресою вул. Самоквасова Дмитра, буд. 20, кв. 95 додано дату виконання 25 березня 2025 р. користувачем [Сусло Тетяна].
[21-Mar-2025 15:08:11 Europe/Helsinki] EditDATA [INFO] Для заявки Повірка від 20.03.2025 користувачем [Коваль Людмила] змінено виконавця з ЗАПЛАНОВАНІ на Шкуліпа.
[21-Mar-2025 15:08:51 Europe/Helsinki] EditDATA [INFO] Для заявки Повірка від 19.03.2025 користувачем [Коваль Людмила] змінено виконавця з ЗАПЛАНОВАНІ на Шкуліпа.
[21-Mar-2025 15:09:00 Europe/Helsinki] EditDATA [INFO] Для заявки Повірка від 17.03.2025 користувачем [Коваль Людмила] змінено виконавця з ЗАПЛАНОВАНІ на Шкуліпа.
[21-Mar-2025 15:09:08 Europe/Helsinki] EditDATA [INFO] Для заявки Повірка від 17.03.2025 користувачем [Коваль Людмила] змінено виконавця з ЗАПЛАНОВАНІ на Шкуліпа.
[21-Mar-2025 15:09:17 Europe/Helsinki] EditDATA [INFO] Для заявки Повірка від 14.03.2025 користувачем [Коваль Людмила] змінено виконавця з ЗАПЛАНОВАНІ на Шкуліпа.
[21-Mar-2025 15:09:26 Europe/Helsinki] EditDATA [INFO] Для заявки Повірка від 11.03.2025 користувачем [Коваль Людмила] змінено виконавця з ЗАПЛАНОВАНІ на Шкуліпа.
[21-Mar-2025 15:30:24 Europe/Helsinki] NewDATA [INFO] Нова адреса просп. Миру, буд. 89, кв. 145, тел. +38 (095) 891-11-08 додана до БД користувачем [Сусло Тетяна].
[21-Mar-2025 15:30:49 Europe/Helsinki] NewDATA [INFO] Нова заявка Повірка, адреса: просп. Миру 89, кв. 145, лічильники: БЕЗ НОМЕРА - 4 шт., вартість: 1200 грн. додано до БД користувачем [Сусло Тетяна].
[2025-03-21T15:30:52.606] [INFO] DataBase - У заявці Повірка від 21 березня 2025 р. за адресою просп. Миру, буд. 89, кв. 145 додано виконавця Шкуліпа та додано дату виконання 21 березня 2025 р. користувачем [Сусло Тетяна].

