[04-Sep-2025 08:39:57 Europe/Helsinki] DellTASK [INFO] Повірка від 29.08.2025 для адреси вул. Богуна Івана, буд. 38, кв. 30 для лічильника БЕЗ НОМЕРА - 2 шт. було завершено користувачем [Коваль Людмила] з коментарем: виконано.
[04-Sep-2025 08:40:10 Europe/Helsinki] DellTASK [INFO] Повірка від 27.08.2025 для адреси вул. 1-ї Гвардійської Армії, буд. 6, кв. 42 для лічильника БЕЗ НОМЕРА - 2 шт. було завершено користувачем [Коваль Людмила] з коментарем: виконано.
[04-Sep-2025 08:40:23 Europe/Helsinki] DellTASK [INFO] Повірка від 27.08.2025 для адреси вул. Остапа Вишні, буд. 11, кв. 1 для лічильника БЕЗ НОМЕРА - 1 шт. було завершено користувачем [Коваль Людмила] з коментарем: виконано.
[04-Sep-2025 09:41:54 Europe/Helsinki] NewDATA [INFO] Нова заявка Заміна, адреса: вул. Льотна 5 корпус Б, кв. 36, лічильники: БЕЗ НОМЕРА - 2 шт., виконавець: Баранов, вартість: 2200 грн., примітки: 10-14, 2 гв додано до БД користувачем [Сусло Тетяна].
[04-Sep-2025 09:45:00 Europe/Helsinki] DellTASK [INFO] Повірка від 19.08.2025 для адреси просп. Миру, буд. 269, кв. 67 для лічильника БЕЗ НОМЕРА - 1 шт. було завершено користувачем [Коваль Людмила] з коментарем: виконано.
[04-Sep-2025 09:45:15 Europe/Helsinki] DellTASK [INFO] Повірка від 13.08.2025 для адреси просп. Миру, буд. 269, кв. 94 для лічильника БЕЗ НОМЕРА - 1 шт. було завершено користувачем [Коваль Людмила] з коментарем: виконано.
[04-Sep-2025 09:45:36 Europe/Helsinki] DellTASK [INFO] Повірка від 13.08.2025 для адреси просп. Миру, буд. 263, кв. 138 для лічильника БЕЗ НОМЕРА - 2 шт. було завершено користувачем [Коваль Людмила] з коментарем: не виконано.не було вдома.
[04-Sep-2025 09:46:05 Europe/Helsinki] DellTASK [INFO] Повірка від 03.09.2025 для адреси вул. Волковича, буд. 21, корп. А, кв. 75 для лічильника БЕЗ НОМЕРА - 1 шт. було завершено користувачем [Коваль Людмила] з коментарем: виконано.
[04-Sep-2025 09:46:20 Europe/Helsinki] DellTASK [INFO] Повірка від 03.09.2025 для адреси вул. Волковича, буд. 21, корп. А, кв. 70 для лічильника БЕЗ НОМЕРА - 1 шт. було завершено користувачем [Коваль Людмила] з коментарем: виконано.
[04-Sep-2025 09:46:35 Europe/Helsinki] DellTASK [INFO] Повірка від 02.09.2025 для адреси вул. Любецька, буд. 11, кв. 20 для лічильника БЕЗ НОМЕРА - 4 шт. було завершено користувачем [Коваль Людмила] з коментарем: виконано.
[04-Sep-2025 09:46:50 Europe/Helsinki] DellTASK [INFO] Повірка від 02.09.2025 для адреси вул. Богуна Івана, буд. 43, кв. 61 для лічильника БЕЗ НОМЕРА - 4 шт. було завершено користувачем [Коваль Людмила] з коментарем: виконано.
[04-Sep-2025 09:47:27 Europe/Helsinki] DellTASK [INFO] Повірка від 02.09.2025 для адреси вул. 1-ї Гвардійської Армії, буд. 4, кв. 237 для лічильника БЕЗ НОМЕРА - 4 шт. було завершено користувачем [Коваль Людмила] з коментарем: виконано.
[04-Sep-2025 09:47:42 Europe/Helsinki] DellTASK [INFO] Повірка від 02.09.2025 для адреси вул. Любецька, буд. 11, кв. 141 для лічильника БЕЗ НОМЕРА - 2 шт. було завершено користувачем [Коваль Людмила] з коментарем: виконано.
[04-Sep-2025 09:47:56 Europe/Helsinki] DellTASK [INFO] Повірка від 02.09.2025 для адреси просп. Перемоги, буд. 147, кв. 97 для лічильника БЕЗ НОМЕРА - 4 шт. було завершено користувачем [Коваль Людмила] з коментарем: виконано.
[04-Sep-2025 09:48:13 Europe/Helsinki] DellTASK [INFO] Повірка від 02.09.2025 для адреси вул. Волковича, буд. 21, корп. А, кв. 51 для лічильника БЕЗ НОМЕРА - 1 шт. було завершено користувачем [Коваль Людмила] з коментарем: виконано.
[04-Sep-2025 09:48:28 Europe/Helsinki] DellTASK [INFO] Повірка від 01.09.2025 для адреси вул. Льотна, буд. 6, корп. А, кв. 95 для лічильника БЕЗ НОМЕРА - 1 шт. було завершено користувачем [Коваль Людмила] з коментарем: виконано.
[04-Sep-2025 09:48:44 Europe/Helsinki] DellTASK [INFO] Повірка від 01.09.2025 для адреси вул. Волковича, буд. 21, корп. А, кв. 18 для лічильника БЕЗ НОМЕРА - 1 шт. було завершено користувачем [Коваль Людмила] з коментарем: виконано.
[04-Sep-2025 09:49:00 Europe/Helsinki] DellTASK [INFO] Повірка від 01.09.2025 для адреси вул. Льотна, буд. 27, кв. 18 для лічильника БЕЗ НОМЕРА - 1 шт. було завершено користувачем [Коваль Людмила] з коментарем: виконано.
[04-Sep-2025 09:50:19 Europe/Helsinki] NewDATA [INFO] Новий лічильник номер: 2263025, тип: ECOSTAR E-C => DN 15, рік випуску: 2021, показники: 0, балансоутримувач: АТ "ОТКЕ" додано до БД користувачем [Коваль Людмила].
[04-Sep-2025 09:50:21 Europe/Helsinki] EditDATA [INFO] За адресою просп. Миру, буд. 269, кв. 67 користувачем [Коваль Людмила] було додано лічильники: 2263025].
[04-Sep-2025 09:52:43 Europe/Helsinki] NewDATA [INFO] Новий лічильник номер: 526084, тип: КВ-1,5 => DN 15, рік випуску: 2002, показники: 0, балансоутримувач: АТ "ОТКЕ" додано до БД користувачем [Коваль Людмила].
[04-Sep-2025 09:52:45 Europe/Helsinki] EditDATA [INFO] За адресою просп. Миру, буд. 269, кв. 94 користувачем [Коваль Людмила] було додано лічильники: 526084].
[04-Sep-2025 10:13:58 Europe/Helsinki] NewDATA [INFO] Нова адреса вул. Межова, буд. 56, кв. 1, тел. +38 (066) 839-44-71 додана до БД користувачем [Коваль Людмила].
[04-Sep-2025 10:14:29 Europe/Helsinki] NewDATA [INFO] Нова заявка Повірка, адреса: вул. Межова 56, кв. 1, лічильники: БЕЗ НОМЕРА - 1 шт., вартість: 350 грн., примітки: 8-13,пер.за час додано до БД користувачем [Коваль Людмила].
[2025-09-04T10:14:34.944] [INFO] DataBase - У заявці Повірка від 4 вересня 2025 р. за адресою вул. Межова, буд. 56, кв. 1 додано виконавця ЗАПЛАНОВАНІ та додано дату виконання 19 вересня 2025 р. користувачем [Коваль Людмила].
[04-Sep-2025 10:15:17 Europe/Helsinki] NewDATA [INFO] Нова адреса просп. Перемоги, буд. 20, кв. 48, тел. +38 (097) 875-90-02 додана до БД користувачем [Коваль Людмила].
[04-Sep-2025 10:26:11 Europe/Helsinki] NewDATA [INFO] Нова заявка Повірка, адреса: просп. Перемоги 20, кв. 48, лічильники: БЕЗ НОМЕРА - 4 шт., вартість: 1400 грн., примітки: після 16.00,пер.за 30 хв. додано до БД користувачем [Коваль Людмила].
[2025-09-04T10:26:15.631] [INFO] DataBase - У заявці Повірка від 4 вересня 2025 р. за адресою просп. Перемоги, буд. 20, кв. 48 додано виконавця ЗАПЛАНОВАНІ та додано дату виконання 5 вересня 2025 р. користувачем [Коваль Людмила].
[04-Sep-2025 10:27:01 Europe/Helsinki] NewDATA [INFO] Нова адреса вул. Гонча, буд. 54, кв. 70, тел. +38 (050) 465-69-62 додана до БД користувачем [Коваль Людмила].
[04-Sep-2025 10:51:51 Europe/Helsinki] NewDATA [INFO] Нова заявка Заміна, адреса: вул. Гонча 54, кв. 70, лічильники: БЕЗ НОМЕРА - 1 шт., вартість: 1100 грн., примітки: 8-13,хол.с/в.пер.за час додано до БД користувачем [Коваль Людмила].
[2025-09-04T10:52:01.500] [INFO] DataBase - У заявці Заміна від 4 вересня 2025 р. за адресою вул. Гонча, буд. 54, кв. 70 додано виконавця Баранов та додано дату виконання 5 вересня 2025 р. користувачем [Коваль Людмила].
[04-Sep-2025 10:57:24 Europe/Helsinki] NewDATA [INFO] Нова адреса вул. Генерала Пухова, буд. 138, кв. 33, тел. +38 (096) 467-44-03 додана до БД користувачем [Коваль Людмила].
[04-Sep-2025 10:58:26 Europe/Helsinki] NewDATA [INFO] Нова заявка Повірка, адреса: вул. Генерала Пухова 138, кв. 33, лічильники: БЕЗ НОМЕРА - 2 шт., вартість: 700 грн., примітки: 8-13 додано до БД користувачем [Коваль Людмила].
[2025-09-04T10:58:32.651] [INFO] DataBase - У заявці Повірка від 4 вересня 2025 р. за адресою вул. Генерала Пухова, буд. 138, кв. 33 додано виконавця ЗАПЛАНОВАНІ та додано дату виконання 7 листопада 2025 р. користувачем [Коваль Людмила].
[04-Sep-2025 11:09:13 Europe/Helsinki] NewDATA [INFO] Нова адреса просп. Миру, буд. 80, кв. 159, тел. +38 (068) 447-09-47 додана до БД користувачем [Сусло Тетяна].
[04-Sep-2025 11:09:42 Europe/Helsinki] NewDATA [INFO] Нова заявка Повірка, адреса: просп. Миру 80, кв. 159, лічильники: БЕЗ НОМЕРА - 2 шт., вартість: 660 грн., примітки: 13-17, за 1 час додано до БД користувачем [Сусло Тетяна].
[2025-09-04T11:09:44.702] [INFO] DataBase - У заявці Повірка від 4 вересня 2025 р. за адресою просп. Миру, буд. 80, кв. 159 додано виконавця ЗАПЛАНОВАНІ та додано дату виконання 10 вересня 2025 р. користувачем [Сусло Тетяна].
[2025-09-04T12:15:27.013] [INFO] DataBase - У заявці Заміна від 4 вересня 2025 р. за адресою вул. Льотна, буд. 5, корп. Б, кв. 36 додано дату виконання 5 вересня 2025 р. користувачем [Сусло Тетяна].
[04-Sep-2025 12:19:22 Europe/Helsinki] NewDATA [INFO] Нова заявка Заміна, адреса: вул. 1-ої танкової бригади 18, кв. 153, лічильники: 015551, вартість: 800 грн., примітки: 8-13, №015551(св, хв), кухня гв додано до БД користувачем [Сусло Тетяна].
[2025-09-04T12:19:25.068] [INFO] DataBase - У заявці Заміна від 4 вересня 2025 р. за адресою вул. 1-ої танкової бригади, буд. 18, кв. 153 додано виконавця Баранов та додано дату виконання 10 вересня 2025 р. користувачем [Сусло Тетяна].
[04-Sep-2025 13:08:35 Europe/Helsinki] EditDATA [INFO] Для заявки Повірка від 01.09.2025 користувачем [Коваль Людмила] змінено виконавця з ЗАПЛАНОВАНІ на Сірий.
[04-Sep-2025 13:08:43 Europe/Helsinki] EditDATA [INFO] Для заявки Повірка від 04.09.2025 користувачем [Коваль Людмила] змінено виконавця з ЗАПЛАНОВАНІ на Шкуліпа.
[04-Sep-2025 13:08:52 Europe/Helsinki] EditDATA [INFO] Для заявки Повірка від 01.09.2025 користувачем [Коваль Людмила] змінено виконавця з ЗАПЛАНОВАНІ на Шкуліпа.
[04-Sep-2025 13:09:02 Europe/Helsinki] EditDATA [INFO] Для заявки Повірка від 03.09.2025 користувачем [Коваль Людмила] змінено виконавця з ЗАПЛАНОВАНІ на Шкуліпа.
[04-Sep-2025 13:09:12 Europe/Helsinki] EditDATA [INFO] Для заявки Повірка від 01.09.2025 користувачем [Коваль Людмила] змінено виконавця з ЗАПЛАНОВАНІ на Шкуліпа.
[04-Sep-2025 13:52:24 Europe/Helsinki] NewDATA [INFO] Новий лічильник номер: 1200138922, тип: ЛК => DN 15, рік випуску: 2020, показники: 0, балансоутримувач: КП "ВДК" додано до БД користувачем [Коваль Людмила].
[04-Sep-2025 13:52:26 Europe/Helsinki] EditDATA [INFO] За адресою вул. Остапа Вишні, буд. 11, кв. 1 користувачем [Коваль Людмила] було додано лічильники: 1200138922].
[04-Sep-2025 13:53:05 Europe/Helsinki] NewDATA [INFO] Новий лічильник номер: 162199, тип: КВ-1,5 => DN 15, рік випуску: 2008, показники: 0, балансоутримувач: КП "ВДК" додано до БД користувачем [Коваль Людмила].
[04-Sep-2025 13:53:39 Europe/Helsinki] NewDATA [INFO] Новий лічильник номер: 150809, тип: КВ-1,5 => DN 15, рік випуску: 2008, показники: 0, балансоутримувач: КП "ТКЕ" додано до БД користувачем [Коваль Людмила].
[04-Sep-2025 13:53:41 Europe/Helsinki] EditDATA [INFO] За адресою вул. 1-ї Гвардійської Армії, буд. 6, кв. 42 користувачем [Коваль Людмила] було додано лічильники: 162199, 150809].
[04-Sep-2025 14:18:22 Europe/Helsinki] EditDATA [INFO] За адресою вул. Самоквасова Дмитра 20, кв. 131 користувачем [Коваль Людмила] змінені номери телефонів з +38(068)248-64-86, +38(093)511-92-53 на +38(068)248-64-86, при створенні нової заявки [Повірка] від 04.09.2025.
[04-Sep-2025 14:18:22 Europe/Helsinki] NewDATA [INFO] Нова заявка Повірка, адреса: вул. Самоквасова Дмитра 20, кв. 131, лічильники: БЕЗ НОМЕРА - 2 шт., вартість: 700 грн., примітки: 9-13,договор. додано до БД користувачем [Коваль Людмила].
[2025-09-04T14:18:26.437] [INFO] DataBase - У заявці Повірка від 4 вересня 2025 р. за адресою вул. Самоквасова Дмитра, буд. 20, кв. 131 додано виконавця Шкуліпа та додано дату виконання 5 вересня 2025 р. користувачем [Коваль Людмила].
[04-Sep-2025 14:21:36 Europe/Helsinki] EditDATA [INFO] За адресою вул. Самоквасова Дмитра 20, кв. 96 користувачем [Коваль Людмила] змінені номери телефонів з +38(063)566-89-51, +38(063)566-96-90, +38(093)371-33-82, +38(093)316-73-46 на +38(063)566-96-90, при створенні нової заявки [Повірка] від 04.09.2025.
[04-Sep-2025 14:21:36 Europe/Helsinki] NewDATA [INFO] Нова заявка Повірка, адреса: вул. Самоквасова Дмитра 20, кв. 96, лічильники: БЕЗ НОМЕРА - 4 шт., вартість: 1320 грн., примітки: 8-13,договор. додано до БД користувачем [Коваль Людмила].
[2025-09-04T14:21:40.657] [INFO] DataBase - У заявці Повірка від 4 вересня 2025 р. за адресою вул. Самоквасова Дмитра, буд. 20, кв. 96 додано виконавця Шкуліпа та додано дату виконання 5 вересня 2025 р. користувачем [Коваль Людмила].
[04-Sep-2025 14:22:31 Europe/Helsinki] NewDATA [INFO] Нова заявка Повірка, адреса: вул. Самоквасова Дмитра 20, кв. 17, лічильники: БЕЗ НОМЕРА - 4 шт., вартість: 1400 грн., примітки: 8-13,договор. додано до БД користувачем [Коваль Людмила].
[2025-09-04T14:22:37.243] [INFO] DataBase - У заявці Повірка від 4 вересня 2025 р. за адресою вул. Самоквасова Дмитра, буд. 20, кв. 17 додано виконавця ЗАПЛАНОВАНІ та додано дату виконання 11 вересня 2025 р. користувачем [Коваль Людмила].
[04-Sep-2025 14:23:11 Europe/Helsinki] NewDATA [INFO] Нова адреса вул. Шевчука, буд. 3, кв. 22, тел. +38 (063) 610-24-34 додана до БД користувачем [Коваль Людмила].
[04-Sep-2025 14:23:44 Europe/Helsinki] NewDATA [INFO] Нова заявка Повірка, адреса: вул. Шевчука 3, кв. 22, лічильники: БЕЗ НОМЕРА - 2 шт., вартість: 660 грн., примітки: 13-17,пер.за 30 хв. додано до БД користувачем [Коваль Людмила].
[2025-09-04T14:23:51.388] [INFO] DataBase - У заявці Повірка від 4 вересня 2025 р. за адресою вул. Шевчука, буд. 3, кв. 22 додано виконавця ЗАПЛАНОВАНІ та додано дату виконання 10 вересня 2025 р. користувачем [Коваль Людмила].
[04-Sep-2025 14:24:40 Europe/Helsinki] NewDATA [INFO] Нова адреса вул. Мстиславська, буд. 173, кв. 103, тел. +38 (066) 624-90-13 додана до БД користувачем [Коваль Людмила].
[04-Sep-2025 14:25:16 Europe/Helsinki] NewDATA [INFO] Нова заявка Повірка, адреса: вул. Мстиславська 173, кв. 103, лічильники: БЕЗ НОМЕРА - 2 шт., вартість: 700 грн., примітки: 8-13,пер.за 30 хв. додано до БД користувачем [Коваль Людмила].
[2025-09-04T14:25:24.694] [INFO] DataBase - У заявці Повірка від 4 вересня 2025 р. за адресою вул. Мстиславська, буд. 173, кв. 103 додано виконавця ЗАПЛАНОВАНІ та додано дату виконання 25 вересня 2025 р. користувачем [Коваль Людмила].
[04-Sep-2025 14:26:33 Europe/Helsinki] NewDATA [INFO] Нова адреса вул. Волковича, буд. 11, кв. 8, тел. +38 (073) 350-44-50 додана до БД користувачем [Коваль Людмила].
[04-Sep-2025 14:26:57 Europe/Helsinki] NewDATA [INFO] Нова адреса вул. Самоквасова Дмитра, буд. 20, кв. 178, тел. +38 (063) 134-01-98 +38 (093) 352-98-08 додана до БД користувачем [Сусло Тетяна].
[04-Sep-2025 14:26:57 Europe/Helsinki] NewDATA [INFO] Нова заявка Повірка, адреса: вул. Волковича 11, кв. 8, лічильники: БЕЗ НОМЕРА - 2 шт., вартість: 700 грн., примітки: 8-13 додано до БД користувачем [Коваль Людмила].
[2025-09-04T14:27:03.718] [INFO] DataBase - У заявці Повірка від 4 вересня 2025 р. за адресою вул. Волковича, буд. 11, кв. 8 додано виконавця ЗАПЛАНОВАНІ та додано дату виконання 12 вересня 2025 р. користувачем [Коваль Людмила].
[04-Sep-2025 14:27:32 Europe/Helsinki] NewDATA [INFO] Нова заявка Повірка, адреса: вул. Самоквасова Дмитра 20, кв. 178, лічильники: БЕЗ НОМЕРА - 2 шт., вартість: 660 грн., примітки: 8-13, договор додано до БД користувачем [Сусло Тетяна].
[2025-09-04T14:27:36.071] [INFO] DataBase - У заявці Повірка від 4 вересня 2025 р. за адресою вул. Самоквасова Дмитра, буд. 20, кв. 178 додано виконавця Шкуліпа та додано дату виконання 5 вересня 2025 р. користувачем [Сусло Тетяна].
[04-Sep-2025 15:17:56 Europe/Helsinki] EditDATA [INFO] За адресою вул. Козацька 30, кв. 92 користувачем [Сусло Тетяна] змінені номери телефонів з +38(050)504-20-74, +38(0462)95-36-23 на +38(098)302-79-33, при створенні нової заявки [Повірка] від 04.09.2025.
[04-Sep-2025 15:17:56 Europe/Helsinki] NewDATA [INFO] Нова заявка Повірка, адреса: вул. Козацька 30, кв. 92, лічильники: БЕЗ НОМЕРА - 1 шт., вартість: 350 грн., примітки: 10-13, за 1 год додано до БД користувачем [Сусло Тетяна].
[2025-09-04T15:17:59.113] [INFO] DataBase - У заявці Повірка від 4 вересня 2025 р. за адресою вул. Козацька, буд. 30, кв. 92 додано виконавця Сірий та додано дату виконання 5 вересня 2025 р. користувачем [Сусло Тетяна].
[04-Sep-2025 15:18:47 Europe/Helsinki] NewDATA [INFO] Нова адреса просп. Левка Лукяненка, буд. 18, кв. 45, тел. +38 (098) 263-78-29 додана до БД користувачем [Сусло Тетяна].
[04-Sep-2025 15:19:13 Europe/Helsinki] NewDATA [INFO] Нова заявка Повірка, адреса: просп. Левка Лукяненка 18, кв. 45, лічильники: БЕЗ НОМЕРА - 2 шт., вартість: 700 грн., примітки: 13-17 додано до БД користувачем [Сусло Тетяна].
[2025-09-04T15:19:17.569] [INFO] DataBase - У заявці Повірка від 4 вересня 2025 р. за адресою просп. Левка Лукяненка, буд. 18, кв. 45 додано виконавця ЗАПЛАНОВАНІ та додано дату виконання 11 вересня 2025 р. користувачем [Сусло Тетяна].
[04-Sep-2025 15:20:23 Europe/Helsinki] NewDATA [INFO] Нова адреса просп. Левка Лукяненка, буд. 4, корп. А, кв. 53, тел. +38 (093) 577-24-46 додана до БД користувачем [Сусло Тетяна].
[04-Sep-2025 15:20:49 Europe/Helsinki] NewDATA [INFO] Нова заявка Заміна, адреса: просп. Левка Лукяненка 4 корпус А, кв. 53, лічильники: БЕЗ НОМЕРА - 1 шт., вартість: 1100 грн., примітки: 8-13 додано до БД користувачем [Сусло Тетяна].
[2025-09-04T15:20:54.203] [INFO] DataBase - У заявці Заміна від 4 вересня 2025 р. за адресою просп. Левка Лукяненка, буд. 4, корп. А, кв. 53 додано виконавця Баранов та додано дату виконання 10 вересня 2025 р. користувачем [Сусло Тетяна].
[04-Sep-2025 15:21:53 Europe/Helsinki] EditDATA [INFO] В заявці Заміна від 04.09.2025 за адресою вул. 1-ої танкової бригади, буд. 18, кв. 153 було додано лічильники: 003359 користувачем [Сусло Тетяна].
[04-Sep-2025 15:40:32 Europe/Helsinki] EditDATA [INFO] За адресою вул. Самоквасова Дмитра 20, кв. 121 користувачем [Коваль Людмила] змінені номери телефонів з +38(093)660-34-78, +38(096)523-36-89, +38(093)218-02-68 на +38(093)660-34-78, при створенні нової заявки [Повірка] від 04.09.2025.
[04-Sep-2025 15:40:32 Europe/Helsinki] NewDATA [INFO] Нова заявка Повірка, адреса: вул. Самоквасова Дмитра 20, кв. 121, лічильники: БЕЗ НОМЕРА - 4 шт., вартість: 1400 грн., примітки: пер.за час.договор. додано до БД користувачем [Коваль Людмила].
[2025-09-04T15:40:36.069] [INFO] DataBase - У заявці Повірка від 4 вересня 2025 р. за адресою вул. Самоквасова Дмитра, буд. 20, кв. 121 додано виконавця Шкуліпа та додано дату виконання 5 вересня 2025 р. користувачем [Коваль Людмила].
[04-Sep-2025 15:41:59 Europe/Helsinki] NewDATA [INFO] Новий лічильник номер: 287897, тип: КВ-1,5 => DN 15, рік випуску: 2003, показники: 0, балансоутримувач: КП "ВДК" додано до БД користувачем [Коваль Людмила].
[04-Sep-2025 15:42:19 Europe/Helsinki] NewDATA [INFO] Новий лічильник номер: 455721, тип: КВ-1,5 => DN 15, рік випуску: 2007, показники: 0, балансоутримувач: КП "ТКЕ" додано до БД користувачем [Коваль Людмила].
[04-Sep-2025 15:42:20 Europe/Helsinki] EditDATA [INFO] За адресою вул. Богуна Івана, буд. 38, кв. 30 користувачем [Коваль Людмила] було додано лічильники: 287897, 455721].
[04-Sep-2025 15:42:58 Europe/Helsinki] NewDATA [INFO] Новий лічильник номер: 262730, тип: КВ-1,5 => DN 15, рік випуску: 2009, показники: 0, балансоутримувач: КП "ВДК" додано до БД користувачем [Коваль Людмила].
[04-Sep-2025 15:43:00 Europe/Helsinki] EditDATA [INFO] За адресою вул. Льотна, буд. 27, кв. 18 користувачем [Коваль Людмила] було додано лічильники: 262730].
[04-Sep-2025 15:43:47 Europe/Helsinki] NewDATA [INFO] Новий лічильник номер: 12020748, тип: Sensus => DN 15, рік випуску: 2020, показники: 0, балансоутримувач: КП "ВДК" додано до БД користувачем [Коваль Людмила].
[04-Sep-2025 15:43:50 Europe/Helsinki] EditDATA [INFO] За адресою вул. Волковича, буд. 21, корп. А, кв. 18 користувачем [Коваль Людмила] було додано лічильники: 12020748].
[04-Sep-2025 15:44:31 Europe/Helsinki] NewDATA [INFO] Новий лічильник номер: 12020862, тип: Sensus => DN 15, рік випуску: 2020, показники: 0, балансоутримувач: КП "ВДК" додано до БД користувачем [Коваль Людмила].
[04-Sep-2025 15:44:33 Europe/Helsinki] EditDATA [INFO] За адресою вул. Волковича, буд. 21, корп. А, кв. 51 користувачем [Коваль Людмила] було додано лічильники: 12020862].
[04-Sep-2025 15:45:15 Europe/Helsinki] NewDATA [INFO] Новий лічильник номер: 12020872, тип: Sensus => DN 15, рік випуску: 2020, показники: 0, балансоутримувач: КП "ВДК" додано до БД користувачем [Коваль Людмила].
[04-Sep-2025 15:45:17 Europe/Helsinki] EditDATA [INFO] За адресою вул. Волковича, буд. 21, корп. А, кв. 70 користувачем [Коваль Людмила] було додано лічильники: 12020872].
[04-Sep-2025 15:45:55 Europe/Helsinki] NewDATA [INFO] Новий лічильник номер: 12381835, тип: Sensus => DN 15, рік випуску: 2021, показники: 0, балансоутримувач: КП "ВДК" додано до БД користувачем [Коваль Людмила].
[04-Sep-2025 15:45:57 Europe/Helsinki] EditDATA [INFO] За адресою вул. Волковича, буд. 21, корп. А, кв. 75 користувачем [Коваль Людмила] було додано лічильники: 12381835].
[04-Sep-2025 15:46:42 Europe/Helsinki] NewDATA [INFO] Новий лічильник номер: 631041, тип: КВ-1,5 => DN 15, рік випуску: 2004, показники: 0, балансоутримувач: КП "ВДК" додано до БД користувачем [Коваль Людмила].
[04-Sep-2025 15:46:44 Europe/Helsinki] EditDATA [INFO] За адресою вул. Льотна, буд. 6, корп. А, кв. 95 користувачем [Коваль Людмила] було додано лічильники: 631041].
[04-Sep-2025 15:49:08 Europe/Helsinki] NewDATA [INFO] Новий лічильник номер: 374128, тип: КВ-1,5 => DN 15, рік випуску: 2003, показники: 0, балансоутримувач: КП "ВДК" додано до БД користувачем [Коваль Людмила].
[04-Sep-2025 15:49:29 Europe/Helsinki] NewDATA [INFO] Новий лічильник номер: 430466, тип: КВ-1,5 => DN 15, рік випуску: 2003, показники: 0, балансоутримувач: КП "ТКЕ" додано до БД користувачем [Коваль Людмила].
[04-Sep-2025 15:49:48 Europe/Helsinki] NewDATA [INFO] Новий лічильник номер: 346084, тип: КВ-1,5 => DN 15, рік випуску: 2003, показники: 0, балансоутримувач: КП "ВДК" додано до БД користувачем [Коваль Людмила].
[04-Sep-2025 15:50:10 Europe/Helsinki] NewDATA [INFO] Новий лічильник номер: 430422, тип: КВ-1,5 => DN 15, рік випуску: 2003, показники: 0, балансоутримувач: КП "ТКЕ" додано до БД користувачем [Коваль Людмила].
[04-Sep-2025 15:50:13 Europe/Helsinki] EditDATA [INFO] За адресою вул. 1-ї Гвардійської Армії, буд. 4, кв. 237 користувачем [Коваль Людмила] було додано лічильники: 374128, 430466, 346084, 430422].
[04-Sep-2025 15:51:02 Europe/Helsinki] NewDATA [INFO] Новий лічильник номер: 500036, тип: КВ-1,5 => DN 15, рік випуску: 2009, показники: 0, балансоутримувач: КП "ВДК" додано до БД користувачем [Коваль Людмила].
[04-Sep-2025 15:51:26 Europe/Helsinki] NewDATA [INFO] Новий лічильник номер: 165148, тип: КВ-1,5 => DN 15, рік випуску: 2013, показники: 0, балансоутримувач: КП "ТКЕ" додано до БД користувачем [Коваль Людмила].
[04-Sep-2025 15:51:48 Europe/Helsinki] NewDATA [INFO] Новий лічильник номер: 1200139095, тип: ЛК => DN 15, рік випуску: 2021, показники: 0, балансоутримувач: КП "ВДК" додано до БД користувачем [Коваль Людмила].
[04-Sep-2025 15:54:16 Europe/Helsinki] NewDATA [INFO] Новий лічильник номер: 646805, тип: КВ-1,5 => DN 15, рік випуску: 2006, показники: 0, балансоутримувач: КП "ТКЕ" додано до БД користувачем [Коваль Людмила].
[04-Sep-2025 15:54:18 Europe/Helsinki] EditDATA [INFO] За адресою вул. Богуна Івана, буд. 43, кв. 61 користувачем [Коваль Людмила] було додано лічильники: 500036, 165148, 1200139095, 646805].
[04-Sep-2025 15:54:58 Europe/Helsinki] NewDATA [INFO] Новий лічильник номер: 383425, тип: КВ-1,5 => DN 15, рік випуску: 2004, показники: 0, балансоутримувач: КП "ТКЕ" додано до БД користувачем [Коваль Людмила].
[04-Sep-2025 15:55:22 Europe/Helsinki] NewDATA [INFO] Новий лічильник номер: 356794, тип: КВ-1,5 => DN 15, рік випуску: 2004, показники: 0, балансоутримувач: КП "ТКЕ" додано до БД користувачем [Коваль Людмила].
[04-Sep-2025 15:55:24 Europe/Helsinki] EditDATA [INFO] За адресою вул. Любецька, буд. 11, кв. 141 користувачем [Коваль Людмила] було додано лічильники: 383425, 356794].
[04-Sep-2025 15:56:11 Europe/Helsinki] NewDATA [INFO] Новий лічильник номер: 246176, тип: КВ-1,5 => DN 15, рік випуску: 2001, показники: 0, балансоутримувач: КП "ВДК" додано до БД користувачем [Коваль Людмила].
[04-Sep-2025 15:56:35 Europe/Helsinki] NewDATA [INFO] Новий лічильник номер: 277112, тип: КВ-1,5 => DN 15, рік випуску: 2001, показники: 0, балансоутримувач: КП "ТКЕ" додано до БД користувачем [Коваль Людмила].
[04-Sep-2025 15:56:53 Europe/Helsinki] NewDATA [INFO] Новий лічильник номер: 225480, тип: КВ-1,5 => DN 15, рік випуску: 2001, показники: 0, балансоутримувач: КП "ВДК" додано до БД користувачем [Коваль Людмила].
[04-Sep-2025 15:57:16 Europe/Helsinki] NewDATA [INFO] Новий лічильник номер: 276080, тип: КВ-1,5 => DN 15, рік випуску: 2001, показники: 0, балансоутримувач: КП "ТКЕ" додано до БД користувачем [Коваль Людмила].
[04-Sep-2025 15:57:18 Europe/Helsinki] EditDATA [INFO] За адресою вул. Любецька, буд. 11, кв. 20 користувачем [Коваль Людмила] було додано лічильники: 246176, 277112, 225480, 276080].
[04-Sep-2025 15:58:07 Europe/Helsinki] NewDATA [INFO] Новий лічильник номер: 11594002, тип: Sensus => DN 15, рік випуску: 2018, показники: 0, балансоутримувач: КП "ВДК" додано до БД користувачем [Коваль Людмила].
[04-Sep-2025 15:58:30 Europe/Helsinki] NewDATA [INFO] Новий лічильник номер: 11593176, тип: Sensus => DN 15, рік випуску: 2018, показники: 0, балансоутримувач: АТ "ОТКЕ" додано до БД користувачем [Коваль Людмила].
[04-Sep-2025 15:58:58 Europe/Helsinki] NewDATA [INFO] Новий лічильник номер: 11564744, тип: Sensus => DN 15, рік випуску: 2018, показники: 0, балансоутримувач: КП "ВДК" додано до БД користувачем [Коваль Людмила].
[04-Sep-2025 15:59:19 Europe/Helsinki] NewDATA [INFO] Новий лічильник номер: 11593180, тип: Sensus => DN 15, рік випуску: 2018, показники: 0, балансоутримувач: АТ "ОТКЕ" додано до БД користувачем [Коваль Людмила].
[04-Sep-2025 15:59:21 Europe/Helsinki] EditDATA [INFO] За адресою просп. Перемоги, буд. 147, кв. 97 користувачем [Коваль Людмила] було додано лічильники: 11594002, 11593176, 11564744, 11593180].
[04-Sep-2025 16:15:46 Europe/Helsinki] NewDATA [INFO] Нова адреса вул. Самоквасова Дмитра, буд. 20, кв. 88, тел. +38 (066) 488-45-68 додана до БД користувачем [Коваль Людмила].
[04-Sep-2025 16:16:21 Europe/Helsinki] NewDATA [INFO] Нова заявка Повірка, адреса: вул. Самоквасова Дмитра 20, кв. 88, лічильники: БЕЗ НОМЕРА - 4 шт., вартість: 1320 грн., примітки: 8-9,договор. додано до БД користувачем [Коваль Людмила].
[2025-09-04T16:16:26.054] [INFO] DataBase - У заявці Повірка від 4 вересня 2025 р. за адресою вул. Самоквасова Дмитра, буд. 20, кв. 88 додано виконавця ЗАПЛАНОВАНІ та додано дату виконання 11 вересня 2025 р. користувачем [Коваль Людмила].
[04-Sep-2025 16:17:38 Europe/Helsinki] NewDATA [INFO] Нова адреса вул. Фікселя, буд. 45, кв. 1, тел. +38 (050) 465-30-35 додана до БД користувачем [Коваль Людмила].
[04-Sep-2025 16:18:34 Europe/Helsinki] NewDATA [INFO] Нова заявка Повірка, адреса: вул. Фікселя 45, кв. 1, лічильники: БЕЗ НОМЕРА - 1 шт., вартість: 350 грн., примітки: 8-13,чс(ялівщина) додано до БД користувачем [Коваль Людмила].
[2025-09-04T16:18:38.344] [INFO] DataBase - У заявці Повірка від 4 вересня 2025 р. за адресою вул. Фікселя, буд. 45, кв. 1 додано виконавця ЗАПЛАНОВАНІ та додано дату виконання 16 вересня 2025 р. користувачем [Коваль Людмила].
