[09-Dec-2024 08:10:59 Europe/Helsinki] NewDATA [INFO] Новий лічильник номер: 241472347, тип: СВК => DN 15, рік випуску: 2024, показники: 0, балансоутримувач: АТ "ОТКЕ" додано до БД користувачем [Сміян Альона].
[09-Dec-2024 08:11:03 Europe/Helsinki] EditDATA [INFO] Для заявки Заміна від 05.12.2024 користувачем [Сміян Альона] лічильник БЕЗ НОМЕРА ідентифіковано як 241472347.
[09-Dec-2024 08:11:15 Europe/Helsinki] DellTASK [INFO] Заміна від 05.12.2024 для адреси вул. Громадська, буд. 19, кв. 21 для лічильника 241472347 було завершено користувачем [Сміян Альона] з коментарем: виконано.
[2024-12-09T08:13:25.695] [INFO] DataBase - У заявці Заміна від 6 грудня 2024 р. за адресою вул. Чорновола Вячеслава, буд. 13, кв. 16 видалено дату виконання 6 грудня 2024 р. користувачем [Сміян Альона].
[2024-12-09T08:13:29.983] [INFO] DataBase - У заявці Заміна від 6 грудня 2024 р. за адресою вул. Чорновола Вячеслава, буд. 13, кв. 16 додано дату виконання 10 грудня 2024 р. користувачем [Сміян Альона].
[09-Dec-2024 08:14:20 Europe/Helsinki] DellTASK [INFO] Заміна від 05.12.2024 для адреси вул. Захисників України, буд. 8, кв. 28 для лічильника БЕЗ НОМЕРА - 1 шт. було завершено користувачем [Сміян Альона] з коментарем: виконано.
[09-Dec-2024 08:14:50 Europe/Helsinki] NewDATA [INFO] Новий лічильник номер: 241472336, тип: СВК => DN 15, рік випуску: 2024, показники: 0, балансоутримувач: АТ "ОТКЕ" додано до БД користувачем [Сміян Альона].
[09-Dec-2024 08:14:53 Europe/Helsinki] EditDATA [INFO] Для заявки Заміна від 05.12.2024 користувачем [Сміян Альона] лічильник БЕЗ НОМЕРА ідентифіковано як 241472336.
[09-Dec-2024 08:15:02 Europe/Helsinki] DellTASK [INFO] Заміна від 05.12.2024 для адреси вул. Мезенцева Юрія, буд. 87, кв. 69 для лічильника 241472336 було завершено користувачем [Сміян Альона] з коментарем: виконано.
[09-Dec-2024 08:15:33 Europe/Helsinki] DellTASK [INFO] Заміна від 05.12.2024 для адреси вул. Освіти, буд. 6, кв. 60 для лічильника 9200115189 було відмінено користувачем [Сміян Альона] з коментарем: необхідна заміна вхідного крану.
[09-Dec-2024 08:31:40 Europe/Helsinki] DellTASK [INFO] Повірка від 05.12.2024 для адреси вул. Незалежності, буд. 80, кв. 28 для лічильника БЕЗ НОМЕРА - 2 шт. було завершено користувачем [Коваль Людмила] з коментарем: виконано.
[09-Dec-2024 08:33:11 Europe/Helsinki] DellTASK [INFO] Повірка від 05.12.2024 для адреси вул. Незалежності, буд. 46, кв. 32 для лічильника БЕЗ НОМЕРА - 2 шт. було завершено користувачем [Коваль Людмила] з коментарем: виконанор.
[09-Dec-2024 08:34:10 Europe/Helsinki] DellTASK [INFO] Повірка від 05.12.2024 для адреси вул. Шевчука, буд. 8, кв. 144 для лічильника БЕЗ НОМЕРА - 4 шт. було завершено користувачем [Коваль Людмила] з коментарем: виконано.
[09-Dec-2024 08:34:29 Europe/Helsinki] DellTASK [INFO] Повірка від 04.12.2024 для адреси вул. Леонтовича Миколи, буд. 3, кв. 42 для лічильника БЕЗ НОМЕРА - 1 шт. було завершено користувачем [Коваль Людмила] з коментарем: несправна сантехніка.
[09-Dec-2024 08:34:44 Europe/Helsinki] DellTASK [INFO] Повірка від 05.12.2024 для адреси вул. Незалежності, буд. 50, кв. 52 для лічильника БЕЗ НОМЕРА - 2 шт. було завершено користувачем [Коваль Людмила] з коментарем: виконано.
[09-Dec-2024 08:35:02 Europe/Helsinki] DellTASK [INFO] Повірка від 05.12.2024 для адреси вул. Леонтовича Миколи, буд. 5, кв. 33 для лічильника БЕЗ НОМЕРА - 4 шт. було завершено користувачем [Коваль Людмила] з коментарем: виконано.
[09-Dec-2024 08:35:16 Europe/Helsinki] DellTASK [INFO] Повірка від 27.11.2024 для адреси вул. Незалежності, буд. 46, кв. 70 для лічильника БЕЗ НОМЕРА - 2 шт. було завершено користувачем [Коваль Людмила] з коментарем: виконано.
[09-Dec-2024 08:36:33 Europe/Helsinki] NewDATA [INFO] Новий лічильник номер: 289539, тип: КВ-1,5 => DN 15, рік випуску: 2002, показники: 0, балансоутримувач: КП "ВДК" додано до БД користувачем [Коваль Людмила].
[09-Dec-2024 08:38:37 Europe/Helsinki] NewDATA [INFO] Новий лічильник номер: 060029, тип: КВ-1,5 => DN 15, рік випуску: 2020, показники: 0, балансоутримувач: АТ "ОТКЕ" додано до БД користувачем [Коваль Людмила].
[09-Dec-2024 08:38:39 Europe/Helsinki] EditDATA [INFO] За адресою вул. Незалежності, буд. 50, кв. 52 користувачем [Коваль Людмила] було додано лічильники: 289539, 060029].
[09-Dec-2024 08:39:21 Europe/Helsinki] NewDATA [INFO] Новий лічильник номер: 438060, тип: КВ-1,5 => DN 15, рік випуску: 2005, показники: 0, балансоутримувач: КП "ВДК" додано до БД користувачем [Коваль Людмила].
[09-Dec-2024 08:39:53 Europe/Helsinki] NewDATA [INFO] Новий лічильник номер: 445002, тип: КВ-1,5 => DN 15, рік випуску: 2005, показники: 0, балансоутримувач: АТ "ОТКЕ" додано до БД користувачем [Коваль Людмила].
[09-Dec-2024 08:39:54 Europe/Helsinki] EditDATA [INFO] За адресою вул. Незалежності, буд. 46, кв. 70 користувачем [Коваль Людмила] було додано лічильники: 438060, 445002].
[09-Dec-2024 08:40:35 Europe/Helsinki] NewDATA [INFO] Новий лічильник номер: 300742, тип: КВ-1,5 => DN 15, рік випуску: 2005, показники: 0, балансоутримувач: КП "ВДК" додано до БД користувачем [Коваль Людмила].
[09-Dec-2024 08:41:35 Europe/Helsinki] NewDATA [INFO] Новий лічильник номер: 060570, тип: КВ-1,5 => DN 15, рік випуску: 2020, показники: 0, балансоутримувач: АТ "ОТКЕ" додано до БД користувачем [Коваль Людмила].
[09-Dec-2024 08:41:37 Europe/Helsinki] EditDATA [INFO] За адресою вул. Незалежності, буд. 46, кв. 32 користувачем [Коваль Людмила] було додано лічильники: 300742, 060570].
[09-Dec-2024 08:42:23 Europe/Helsinki] NewDATA [INFO] Новий лічильник номер: 177820, тип: ТАКТ => DN 15, рік випуску: 2011, показники: 0, балансоутримувач: КП "ВДК" додано до БД користувачем [Коваль Людмила].
[09-Dec-2024 08:43:13 Europe/Helsinki] NewDATA [INFO] Новий лічильник номер: 170785, тип: ТАКТ => DN 15, рік випуску: 2011, показники: 0, балансоутримувач: АТ "ОТКЕ" додано до БД користувачем [Коваль Людмила].
[09-Dec-2024 08:43:15 Europe/Helsinki] EditDATA [INFO] За адресою вул. Незалежності, буд. 80, кв. 28 користувачем [Коваль Людмила] було додано лічильники: 177820, 170785].
[09-Dec-2024 08:44:27 Europe/Helsinki] NewDATA [INFO] Новий лічильник номер: 185888, тип: КВ-1,5 => DN 15, рік випуску: 2006, показники: 0, балансоутримувач: КП "ВДК" додано до БД користувачем [Коваль Людмила].
[09-Dec-2024 08:45:12 Europe/Helsinki] NewDATA [INFO] Новий лічильник номер: 088989, тип: КВ-1,5 => DN 15, рік випуску: 2006, показники: 0, балансоутримувач: КП "ТКЕ" додано до БД користувачем [Коваль Людмила].
[09-Dec-2024 08:45:17 Europe/Helsinki] DellTASK [INFO] Повірка від 04.12.2024 для адреси вул. Генерала Пухова, буд. 129, корп. 3, кв. 43 для лічильника БЕЗ НОМЕРА - 2 шт. було завершено користувачем [Сусло Тетяна] з коментарем: виконано.
[09-Dec-2024 08:45:35 Europe/Helsinki] DellTASK [INFO] Повірка від 04.12.2024 для адреси просп. Левка Лукяненка, буд. 35, кв. 87 для лічильника БЕЗ НОМЕРА - 1 шт. було завершено користувачем [Сусло Тетяна] з коментарем: виконано.
[09-Dec-2024 08:45:52 Europe/Helsinki] DellTASK [INFO] Повірка від 04.12.2024 для адреси вул. Всіхсвятська, буд. 18, кв. 124 для лічильника БЕЗ НОМЕРА - 4 шт. було завершено користувачем [Сусло Тетяна] з коментарем: виконано.
[09-Dec-2024 08:45:56 Europe/Helsinki] NewDATA [INFO] Новий лічильник номер: 437150, тип: КВ-1,5 => DN 15, рік випуску: 2006, показники: 0, балансоутримувач: КП "ВДК" додано до БД користувачем [Коваль Людмила].
[09-Dec-2024 08:46:09 Europe/Helsinki] DellTASK [INFO] Повірка від 03.12.2024 для адреси просп. Грушевського Михайла, буд. 165, корп. 2, кв. 3 для лічильника БЕЗ НОМЕРА - 1 шт. було завершено користувачем [Сусло Тетяна] з коментарем: виконано.
[09-Dec-2024 08:46:31 Europe/Helsinki] DellTASK [INFO] Повірка від 04.12.2024 для адреси вул. Шевченка, буд. 44, кв. 59 для лічильника БЕЗ НОМЕРА - 2 шт. було завершено користувачем [Сусло Тетяна] з коментарем: виконано 1 ліч.
[09-Dec-2024 08:46:42 Europe/Helsinki] NewDATA [INFO] Новий лічильник номер: 419854, тип: КВ-1,5 => DN 15, рік випуску: 2006, показники: 0, балансоутримувач: КП "ТКЕ" додано до БД користувачем [Коваль Людмила].
[09-Dec-2024 08:46:44 Europe/Helsinki] EditDATA [INFO] За адресою вул. Леонтовича Миколи, буд. 5, кв. 33 користувачем [Коваль Людмила] було додано лічильники: 185888, 088989, 437150, 419854].
[09-Dec-2024 08:47:46 Europe/Helsinki] NewDATA [INFO] Новий лічильник номер: 185437, тип: КВ-1,5 => DN 15, рік випуску: 2014, показники: 0, балансоутримувач: КП "ВДК" додано до БД користувачем [Коваль Людмила].
[09-Dec-2024 08:47:51 Europe/Helsinki] NewDATA [INFO] Новий лічильник номер: 5938450, тип: ЛК => DN 15, рік випуску: 2015, показники: 0, балансоутримувач: АТ "ОТКЕ" додано до БД користувачем [Сусло Тетяна].
[09-Dec-2024 08:47:54 Europe/Helsinki] EditDATA [INFO] За адресою вул. Шевченка, буд. 44, кв. 59 користувачем [Сусло Тетяна] було додано лічильники: 5938450].
[09-Dec-2024 08:48:39 Europe/Helsinki] NewDATA [INFO] Новий лічильник номер: 558311, тип: КВ-1,5 => DN 15, рік випуску: 2003, показники: 0, балансоутримувач: АТ "ОТКЕ" додано до БД користувачем [Сусло Тетяна].
[09-Dec-2024 08:48:41 Europe/Helsinki] EditDATA [INFO] За адресою просп. Грушевського Михайла, буд. 165, корп. 2, кв. 3 користувачем [Сусло Тетяна] було додано лічильники: 558311].
[09-Dec-2024 08:48:48 Europe/Helsinki] NewDATA [INFO] Новий лічильник номер: 188119, тип: КВ-1,5 => DN 15, рік випуску: 2014, показники: 0, балансоутримувач: АТ "ОТКЕ" додано до БД користувачем [Коваль Людмила].
[09-Dec-2024 08:51:59 Europe/Helsinki] NewDATA [INFO] Новий лічильник номер: 650376, тип: КВ-1,5 => DN 15, рік випуску: 2004, показники: 0, балансоутримувач: КП "ВДК" додано до БД користувачем [Сусло Тетяна].
[09-Dec-2024 08:52:22 Europe/Helsinki] NewDATA [INFO] Новий лічильник номер: 698200, тип: КВ-1,5 => DN 15, рік випуску: 2004, показники: 0, балансоутримувач: АТ "ОТКЕ" додано до БД користувачем [Сусло Тетяна].
[09-Dec-2024 08:53:13 Europe/Helsinki] NewDATA [INFO] Новий лічильник номер: 477511, тип: КВ-1,5 => DN 15, рік випуску: 2002, показники: 0, балансоутримувач: КП "ВДК" додано до БД користувачем [Сусло Тетяна].
[09-Dec-2024 08:53:33 Europe/Helsinki] NewDATA [INFO] Новий лічильник номер: 178354, тип: КВ-1,5 => DN 15, рік випуску: 2014, показники: 0, балансоутримувач: АТ "ОТКЕ" додано до БД користувачем [Сусло Тетяна].
[09-Dec-2024 08:53:36 Europe/Helsinki] EditDATA [INFO] За адресою вул. Всіхсвятська, буд. 18, кв. 124 користувачем [Сусло Тетяна] було додано лічильники: 650376, 698200, 477511, 178354].
[09-Dec-2024 08:53:41 Europe/Helsinki] NewDATA [INFO] Новий лічильник номер: 185452, тип: КВ-1,5 => DN 15, рік випуску: 2014, показники: 0, балансоутримувач: КП "ВДК" додано до БД користувачем [Коваль Людмила].
[09-Dec-2024 08:54:04 Europe/Helsinki] NewDATA [INFO] Новий лічильник номер: 187701, тип: КВ-1,5 => DN 15, рік випуску: 2014, показники: 0, балансоутримувач: КП "ТКЕ" додано до БД користувачем [Коваль Людмила].
[09-Dec-2024 08:54:20 Europe/Helsinki] NewDATA [INFO] Новий лічильник номер: 12250611, тип: ResidiaJet => DN 15, рік випуску: 2021, показники: 0, балансоутримувач: КП "ВДК" додано до БД користувачем [Сусло Тетяна].
[09-Dec-2024 08:54:22 Europe/Helsinki] EditDATA [INFO] За адресою просп. Левка Лукяненка, буд. 35, кв. 87 користувачем [Сусло Тетяна] було додано лічильники: 12250611].
[09-Dec-2024 08:54:23 Europe/Helsinki] EditDATA [INFO] За адресою вул. Шевчука, буд. 8, кв. 144 користувачем [Коваль Людмила] було додано лічильники: 185437, 185452, 187701].
[09-Dec-2024 08:55:06 Europe/Helsinki] NewDATA [INFO] Новий лічильник номер: 052177, тип: КВ-1,5 => DN 15, рік випуску: 2020, показники: 0, балансоутримувач: КП "ВДК" додано до БД користувачем [Сусло Тетяна].
[09-Dec-2024 08:55:25 Europe/Helsinki] NewDATA [INFO] Новий лічильник номер: 218820, тип: КВ-1,5 => DN 15, рік випуску: 2006, показники: 0, балансоутримувач: АТ "ОТКЕ" додано до БД користувачем [Сусло Тетяна].
[09-Dec-2024 08:55:27 Europe/Helsinki] EditDATA [INFO] За адресою вул. Генерала Пухова, буд. 129, корп. 3, кв. 43 користувачем [Сусло Тетяна] було додано лічильники: 052177, 218820].
[09-Dec-2024 08:56:29 Europe/Helsinki] NewDATA [INFO] Новий лічильник номер: 059200, тип: КВ-1,5 => DN 15, рік випуску: 2018, показники: 0, балансоутримувач: КП "ВДК" додано до БД користувачем [Сусло Тетяна].
[09-Dec-2024 08:56:31 Europe/Helsinki] EditDATA [INFO] За адресою просп. Левка Лукяненка, буд. 30, кв. 40 користувачем [Сусло Тетяна] було додано лічильники: 059200].
[09-Dec-2024 09:11:41 Europe/Helsinki] NewDATA [INFO] Нова заявка Заміна, адреса: вул. Незалежності 14, кв. 79, лічильники: 6928214, вартість: 350 грн., примітки: 8-13,хол,с/в додано до БД користувачем [Коваль Людмила].
[2024-12-09T09:11:54.886] [INFO] DataBase - У заявці Заміна від 9 грудня 2024 р. за адресою вул. Незалежності, буд. 14, кв. 79 додано виконавця Баранов та додано дату виконання 10 грудня 2024 р. користувачем [Коваль Людмила].
[09-Dec-2024 09:18:23 Europe/Helsinki] NewDATA [INFO] Нова адреса вул. Хлібопекарська, буд. 11, кв. 4, тел. +38 (097) 579-79-44 додана до БД користувачем [Коваль Людмила].
[09-Dec-2024 09:20:17 Europe/Helsinki] NewDATA [INFO] Нова заявка Заміна, адреса: вул. Хлібопекарська 11, кв. 4, лічильники: БЕЗ НОМЕРА - 1 шт., вартість: 350 грн., примітки: гор.с/в 8-13 додано до БД користувачем [Коваль Людмила].
[2024-12-09T09:20:36.167] [INFO] DataBase - У заявці Заміна від 9 грудня 2024 р. за адресою вул. Хлібопекарська, буд. 11, кв. 4 додано виконавця ЗАПЛАНОВАНІ та додано дату виконання 11 грудня 2024 р. користувачем [Коваль Людмила].
[2024-12-09T09:20:56.542] [INFO] DataBase - У заявці Заміна від 9 грудня 2024 р. за адресою вул. Хлібопекарська, буд. 11, кв. 4 видалено дату виконання 11 грудня 2024 р. користувачем [Коваль Людмила].
[09-Dec-2024 09:21:53 Europe/Helsinki] EditDATA [INFO] Для заявки Заміна від 09.12.2024 користувачем [Коваль Людмила] змінено виконавця з ЗАПЛАНОВАНІ на Баранов.
[2024-12-09T09:22:01.132] [INFO] DataBase - У заявці Заміна від 9 грудня 2024 р. за адресою вул. Хлібопекарська, буд. 11, кв. 4 додано дату виконання 11 грудня 2024 р. користувачем [Коваль Людмила].
[09-Dec-2024 09:46:01 Europe/Helsinki] EditDATA [INFO] За адресою вул. Гонча 76, кв. 126 користувачем [Сусло Тетяна] змінені номери телефонів з +38(050)689-41-14, +38(063)418-80-03 на +38(093)388-35-57, при створенні нової заявки [Повірка] від 09.12.2024.
[09-Dec-2024 09:46:02 Europe/Helsinki] NewDATA [INFO] Нова заявка Повірка, адреса: вул. Гонча 76, кв. 126, лічильники: БЕЗ НОМЕРА - 2 шт., вартість: 600 грн., примітки: 8-9, за 15 хв додано до БД користувачем [Сусло Тетяна].
[2024-12-09T09:46:05.741] [INFO] DataBase - У заявці Повірка від 9 грудня 2024 р. за адресою вул. Гонча, буд. 76, кв. 126 додано виконавця ЗАПЛАНОВАНІ та додано дату виконання 10 грудня 2024 р. користувачем [Сусло Тетяна].
[09-Dec-2024 09:56:07 Europe/Helsinki] NewDATA [INFO] Нова адреса вул. Генерала Пухова, буд. 117, кв. 36, тел. +38 (096) 225-19-93 додана до БД користувачем [Сусло Тетяна].
[09-Dec-2024 09:56:49 Europe/Helsinki] NewDATA [INFO] Нова заявка Повірка, адреса: вул. Генерала Пухова 117, кв. 36, лічильники: БЕЗ НОМЕРА - 2 шт., вартість: 600 грн., примітки: 13-17, за 1 год, домофон не працює додано до БД користувачем [Сусло Тетяна].
[2024-12-09T09:56:54.136] [INFO] DataBase - У заявці Повірка від 9 грудня 2024 р. за адресою вул. Генерала Пухова, буд. 117, кв. 36 додано виконавця ЗАПЛАНОВАНІ та додано дату виконання 10 грудня 2024 р. користувачем [Сусло Тетяна].
[09-Dec-2024 10:19:12 Europe/Helsinki] NewDATA [INFO] Нова адреса просп. Перемоги, буд. 195, кв. 40, тел. +38 (097) 506-16-17 додана до БД користувачем [Сміян Альона].
[09-Dec-2024 10:19:56 Europe/Helsinki] NewDATA [INFO] Нова заявка Повірка, адреса: просп. Перемоги 195, кв. 40, лічильники: БЕЗ НОМЕРА - 1 шт., вартість: 300 грн., примітки: 8-13 додано до БД користувачем [Сміян Альона].
[2024-12-09T10:20:02.519] [INFO] DataBase - У заявці Повірка від 9 грудня 2024 р. за адресою просп. Перемоги, буд. 195, кв. 40 додано виконавця ЗАПЛАНОВАНІ та додано дату виконання 13 грудня 2024 р. користувачем [Сміян Альона].
[09-Dec-2024 10:21:54 Europe/Helsinki] NewDATA [INFO] Нова адреса вул. Шевченка, буд. 32, кв. 20, тел. +38 (093) 716-65-51 додана до БД користувачем [Сміян Альона].
[09-Dec-2024 10:22:25 Europe/Helsinki] NewDATA [INFO] Нова заявка Повірка, адреса: вул. Шевченка 32, кв. 20, лічильники: БЕЗ НОМЕРА - 4 шт., вартість: 1200 грн., примітки: 8-13 30хв додано до БД користувачем [Сміян Альона].
[2024-12-09T10:22:30.191] [INFO] DataBase - У заявці Повірка від 9 грудня 2024 р. за адресою вул. Шевченка, буд. 32, кв. 20 додано виконавця ЗАПЛАНОВАНІ та додано дату виконання 13 грудня 2024 р. користувачем [Сміян Альона].
[09-Dec-2024 10:38:36 Europe/Helsinki] NewDATA [INFO] Нова адреса вул. 1-ї Гвардійської Армії, буд. 8, кв. 47, тел. +38 (098) 990-77-91 додана до БД користувачем [Сміян Альона].
[09-Dec-2024 10:39:18 Europe/Helsinki] NewDATA [INFO] Нова заявка Повірка, адреса: вул. 1-ї Гвардійської Армії 8, кв. 47, лічильники: БЕЗ НОМЕРА - 1 шт., вартість: 300 грн., примітки: 13-17 додано до БД користувачем [Сміян Альона].
[2024-12-09T10:39:26.691] [INFO] DataBase - У заявці Повірка від 9 грудня 2024 р. за адресою вул. 1-ї Гвардійської Армії, буд. 8, кв. 47 додано виконавця ЗАПЛАНОВАНІ та додано дату виконання 10 грудня 2024 р. користувачем [Сміян Альона].
[09-Dec-2024 10:43:29 Europe/Helsinki] DellTASK [INFO] Повірка від 05.12.2024 для адреси вул. Мазепи Івана, буд. 37, кв. 268 для лічильника БЕЗ НОМЕРА - 2 шт. було завершено користувачем [Коваль Людмила] з коментарем: виконано 08.12.
[09-Dec-2024 10:43:51 Europe/Helsinki] DellTASK [INFO] Повірка від 03.12.2024 для адреси вул. Реміснича, буд. 55, кв. 7 для лічильника БЕЗ НОМЕРА - 1 шт. було завершено користувачем [Коваль Людмила] з коментарем: виконано.
[09-Dec-2024 10:44:06 Europe/Helsinki] DellTASK [INFO] Повірка від 03.12.2024 для адреси вул. Богуна Івана, буд. 44, кв. 103 для лічильника БЕЗ НОМЕРА - 2 шт. було завершено користувачем [Коваль Людмила] з коментарем: виконано.
[09-Dec-2024 10:44:32 Europe/Helsinki] DellTASK [INFO] Повірка від 03.12.2024 для адреси вул. Мазепи Івана, буд. 21, корп. А, кв. 14 для лічильника БЕЗ НОМЕРА - 2 шт. було завершено користувачем [Коваль Людмила] з коментарем: виконанео 06.12.
[09-Dec-2024 10:47:27 Europe/Helsinki] NewDATA [INFO] Новий лічильник номер: 0200141066, тип: ЛК => DN 15, рік випуску: 2020, показники: 0, балансоутримувач: КП "ВДК" додано до БД користувачем [Коваль Людмила].
[09-Dec-2024 10:47:53 Europe/Helsinki] NewDATA [INFO] Новий лічильник номер: 0200076551, тип: ЛК => DN 15, рік випуску: 2020, показники: 0, балансоутримувач: КП "ТКЕ" додано до БД користувачем [Коваль Людмила].
[09-Dec-2024 10:47:55 Europe/Helsinki] EditDATA [INFO] За адресою вул. Мазепи Івана, буд. 37, кв. 268 користувачем [Коваль Людмила] було додано лічильники: 0200141066, 0200076551].
[09-Dec-2024 10:48:35 Europe/Helsinki] NewDATA [INFO] Новий лічильник номер: 346056, тип: КВ-1,5 => DN 15, рік випуску: 2010, показники: 0, балансоутримувач: КП "ВДК" додано до БД користувачем [Коваль Людмила].
[09-Dec-2024 10:48:37 Europe/Helsinki] EditDATA [INFO] За адресою вул. Реміснича, буд. 55, кв. 7 користувачем [Коваль Людмила] було додано лічильники: 346056].
[09-Dec-2024 10:49:17 Europe/Helsinki] NewDATA [INFO] Новий лічильник номер: 349373, тип: КВ-1,5 => DN 15, рік випуску: 2002, показники: 0, балансоутримувач: КП "ВДК" додано до БД користувачем [Коваль Людмила].
[09-Dec-2024 10:49:40 Europe/Helsinki] NewDATA [INFO] Новий лічильник номер: 356991, тип: КВ-1,5 => DN 15, рік випуску: 2002, показники: 0, балансоутримувач: КП "ТКЕ" додано до БД користувачем [Коваль Людмила].
[09-Dec-2024 10:49:44 Europe/Helsinki] EditDATA [INFO] За адресою вул. Богуна Івана, буд. 44, кв. 103 користувачем [Коваль Людмила] було додано лічильники: 349373, 356991].
[09-Dec-2024 10:50:22 Europe/Helsinki] NewDATA [INFO] Новий лічильник номер: 0574239, тип: ЛК => DN 15, рік випуску: 2018, показники: 0, балансоутримувач: КП "ВДК" додано до БД користувачем [Коваль Людмила].
[09-Dec-2024 10:50:44 Europe/Helsinki] NewDATA [INFO] Новий лічильник номер: 0170033, тип: ЛК => DN 15, рік випуску: 2018, показники: 0, балансоутримувач: КП "ТКЕ" додано до БД користувачем [Коваль Людмила].
[09-Dec-2024 10:50:46 Europe/Helsinki] EditDATA [INFO] За адресою вул. Мазепи Івана, буд. 21, корп. А, кв. 14 користувачем [Коваль Людмила] було додано лічильники: 0574239, 0170033].
[09-Dec-2024 11:05:43 Europe/Helsinki] NewDATA [INFO] Нова адреса вул. Котляревського, буд. 4, кв. 131, тел. +38 (097) 754-34-06 додана до БД користувачем [Коваль Людмила].
[09-Dec-2024 11:06:29 Europe/Helsinki] NewDATA [INFO] Нова заявка Повірка, адреса: вул. Котляревського 4, кв. 131, лічильники: БЕЗ НОМЕРА - 1 шт., вартість: 300 грн., примітки: 13-17(уточ.гор. и правильную квартиру) додано до БД користувачем [Коваль Людмила].
[2024-12-09T11:06:46.274] [INFO] DataBase - У заявці Повірка від 9 грудня 2024 р. за адресою вул. Котляревського, буд. 4, кв. 131 додано виконавця ЗАПЛАНОВАНІ та додано дату виконання 10 грудня 2024 р. користувачем [Коваль Людмила].
[09-Dec-2024 11:27:20 Europe/Helsinki] NewDATA [INFO] Нова адреса просп. Левка Лукяненка, буд. 28, кв. 7, тел. +38 (096) 930-37-48 додана до БД користувачем [Коваль Людмила].
[09-Dec-2024 11:27:55 Europe/Helsinki] NewDATA [INFO] Нова заявка Повірка, адреса: просп. Левка Лукяненка 28, кв. 7, лічильники: БЕЗ НОМЕРА - 4 шт., вартість: 1200 грн., примітки: 8-10 додано до БД користувачем [Коваль Людмила].
[2024-12-09T11:28:09.258] [INFO] DataBase - У заявці Повірка від 9 грудня 2024 р. за адресою просп. Левка Лукяненка, буд. 28, кв. 7 додано виконавця ЗАПЛАНОВАНІ та додано дату виконання 10 грудня 2024 р. користувачем [Коваль Людмила].
[09-Dec-2024 11:28:43 Europe/Helsinki] EditDATA [INFO] За адресою вул. Савчука 7, кв. 232 користувачем [Сміян Альона] додано номер телефону +38(099)739-19-83, при створенні нової заявки [Повірка] від 09.12.2024.
[09-Dec-2024 11:28:43 Europe/Helsinki] NewDATA [INFO] Нова заявка Повірка, адреса: вул. Савчука 7, кв. 232, лічильники: БЕЗ НОМЕРА - 2 шт., вартість: 600 грн., примітки: 8-13 додано до БД користувачем [Сміян Альона].
[2024-12-09T11:28:48.903] [INFO] DataBase - У заявці Повірка від 9 грудня 2024 р. за адресою вул. Савчука, буд. 7, кв. 232 додано виконавця ЗАПЛАНОВАНІ та додано дату виконання 20 грудня 2024 р. користувачем [Сміян Альона].
[09-Dec-2024 11:29:49 Europe/Helsinki] EditDATA [INFO] Для заявки Повірка від 09.12.2024 користувачем [Сміян Альона] змінено примітки з 8-13 на 8-13 код #7241.
[09-Dec-2024 11:31:16 Europe/Helsinki] NewDATA [INFO] Нова адреса вул. Савчука, буд. 7, корп. А, кв. 40, тел. +38 (067) 549-12-35 додана до БД користувачем [Сусло Тетяна].
[09-Dec-2024 11:31:53 Europe/Helsinki] NewDATA [INFO] Нова заявка Повірка, адреса: вул. Савчука 7 корпус А, кв. 40, лічильники: БЕЗ НОМЕРА - 2 шт., вартість: 600 грн., примітки: 8-13, за 30 хв, договорений додано до БД користувачем [Сусло Тетяна].
[2024-12-09T11:31:56.932] [INFO] DataBase - У заявці Повірка від 9 грудня 2024 р. за адресою вул. Савчука, буд. 7, корп. А, кв. 40 додано виконавця ЗАПЛАНОВАНІ та додано дату виконання 10 грудня 2024 р. користувачем [Сусло Тетяна].
[09-Dec-2024 11:48:16 Europe/Helsinki] NewDATA [INFO] Нова заявка Заміна, адреса: вул. Красносільського 75, кв. 59, лічильники: БЕЗ НОМЕРА - 1 шт., виконавець: Баранов, вартість: 1060 грн., примітки: 8-13, 1 хв додано до БД користувачем [Сусло Тетяна].
[2024-12-09T11:48:20.781] [INFO] DataBase - У заявці Заміна від 9 грудня 2024 р. за адресою вул. Красносільського, буд. 75, кв. 59 додано дату виконання 16 грудня 2024 р. користувачем [Сусло Тетяна].
[09-Dec-2024 12:08:11 Europe/Helsinki] NewDATA [INFO] Нова адреса вул. Міхнюка Олега, буд. 41, корп. А, кв. 23, тел. +38 (068) 814-41-33 додана до БД користувачем [Сусло Тетяна].
[09-Dec-2024 12:08:48 Europe/Helsinki] NewDATA [INFO] Нова заявка Повірка, адреса: вул. Міхнюка Олега 41 корпус А, кв. 23, лічильники: БЕЗ НОМЕРА - 2 шт., вартість: 600 грн., примітки: 8-13, за 30 хв додано до БД користувачем [Сусло Тетяна].
[2024-12-09T12:08:52.171] [INFO] DataBase - У заявці Повірка від 9 грудня 2024 р. за адресою вул. Міхнюка Олега, буд. 41, корп. А, кв. 23 додано виконавця ЗАПЛАНОВАНІ та додано дату виконання 8 січня 2025 р. користувачем [Сусло Тетяна].
[09-Dec-2024 12:09:43 Europe/Helsinki] NewDATA [INFO] Нова адреса просп. Левка Лукяненка, буд. 12, корп. А, кв. 20, тел. +38 (093) 338-64-33 додана до БД користувачем [Сусло Тетяна].
[09-Dec-2024 12:10:25 Europe/Helsinki] NewDATA [INFO] Нова заявка Повірка, адреса: просп. Левка Лукяненка 12 корпус А, кв. 20, лічильники: БЕЗ НОМЕРА - 2 шт., вартість: 600 грн., примітки: 8-13, за 30 хв, договорений додано до БД користувачем [Сусло Тетяна].
[2024-12-09T12:10:28.421] [INFO] DataBase - У заявці Повірка від 9 грудня 2024 р. за адресою просп. Левка Лукяненка, буд. 12, корп. А, кв. 20 додано виконавця ЗАПЛАНОВАНІ та додано дату виконання 11 грудня 2024 р. користувачем [Сусло Тетяна].
[09-Dec-2024 12:11:10 Europe/Helsinki] NewDATA [INFO] Нова адреса просп. Левка Лукяненка, буд. 12, корп. 2, кв. 67, тел. +38 (093) 371-41-24 додана до БД користувачем [Сусло Тетяна].
[09-Dec-2024 12:11:50 Europe/Helsinki] NewDATA [INFO] Нова заявка Повірка, адреса: просп. Левка Лукяненка 12 корпус 2, кв. 67, лічильники: БЕЗ НОМЕРА - 2 шт., вартість: 600 грн., примітки: 14-17, за 1 год, договорений додано до БД користувачем [Сусло Тетяна].
[2024-12-09T12:11:53.960] [INFO] DataBase - У заявці Повірка від 9 грудня 2024 р. за адресою просп. Левка Лукяненка, буд. 12, корп. 2, кв. 67 додано виконавця ЗАПЛАНОВАНІ та додано дату виконання 10 грудня 2024 р. користувачем [Сусло Тетяна].
[09-Dec-2024 12:49:45 Europe/Helsinki] NewDATA [INFO] Нова заявка Заміна, адреса: вул. Красносільського 37, кв. 9, лічильники: 2729653, виконавець: Баранов, вартість: 1060 грн., примітки: 8-13, за 15-30 хв, 1 хв, № 2729653 додано до БД користувачем [Сусло Тетяна].
[2024-12-09T12:49:51.549] [INFO] DataBase - У заявці Заміна від 9 грудня 2024 р. за адресою вул. Красносільського, буд. 37, кв. 9 додано дату виконання 10 грудня 2024 р. користувачем [Сусло Тетяна].
[09-Dec-2024 12:53:14 Europe/Helsinki] NewDATA [INFO] Нова адреса вул. Мазепи Івана, буд. 54, кв. 120, тел. +38 (097) 465-19-55 додана до БД користувачем [Коваль Людмила].
[09-Dec-2024 12:53:48 Europe/Helsinki] NewDATA [INFO] Нова заявка Повірка, адреса: вул. Мазепи Івана 54, кв. 120, лічильники: БЕЗ НОМЕРА - 2 шт., вартість: 600 грн., примітки: 8-13,пер.за 10 хв додано до БД користувачем [Коваль Людмила].
[2024-12-09T12:54:03.484] [INFO] DataBase - У заявці Повірка від 9 грудня 2024 р. за адресою вул. Мазепи Івана, буд. 54, кв. 120 додано виконавця ЗАПЛАНОВАНІ та додано дату виконання 11 грудня 2024 р. користувачем [Коваль Людмила].
[09-Dec-2024 12:55:07 Europe/Helsinki] EditDATA [INFO] За адресою просп. Миру 17, кв. 4 користувачем [Коваль Людмила] змінені номери телефонів з +38(067)234-53-70 на +38(067)234-53-70, +38(098)831-03-82, при створенні нової заявки [Повірка] від 09.12.2024.
[09-Dec-2024 12:55:07 Europe/Helsinki] NewDATA [INFO] Нова заявка Повірка, адреса: просп. Миру 17, кв. 4, лічильники: БЕЗ НОМЕРА - 1 шт., вартість: 300 грн., примітки: 9-11 додано до БД користувачем [Коваль Людмила].
[2024-12-09T12:56:45.021] [INFO] DataBase - У заявці Повірка від 9 грудня 2024 р. за адресою просп. Миру, буд. 17, кв. 4 додано виконавця ЗАПЛАНОВАНІ та додано дату виконання 11 грудня 2024 р. користувачем [Коваль Людмила].
[09-Dec-2024 12:57:21 Europe/Helsinki] EditDATA [INFO] За адресою вул. Льотна 22, кв. 52 користувачем [Коваль Людмила] додано номер телефону +38(096)300-55-66, при створенні нової заявки [Повірка] від 09.12.2024.
[09-Dec-2024 12:57:21 Europe/Helsinki] NewDATA [INFO] Нова заявка Повірка, адреса: вул. Льотна 22, кв. 52, лічильники: БЕЗ НОМЕРА - 1 шт., вартість: 300 грн., примітки: 8-13 додано до БД користувачем [Коваль Людмила].
[2024-12-09T12:57:33.570] [INFO] DataBase - У заявці Повірка від 9 грудня 2024 р. за адресою вул. Льотна, буд. 22, кв. 52 додано виконавця ЗАПЛАНОВАНІ та додано дату виконання 11 грудня 2024 р. користувачем [Коваль Людмила].
[09-Dec-2024 13:00:26 Europe/Helsinki] EditDATA [INFO] Для заявки Повірка від 09.12.2024 користувачем [Коваль Людмила] змінено виконавця з ЗАПЛАНОВАНІ на Сірий.
[09-Dec-2024 13:01:08 Europe/Helsinki] EditDATA [INFO] Для заявки Повірка від 03.12.2024 користувачем [Коваль Людмила] змінено виконавця з ЗАПЛАНОВАНІ на Сірий.
[09-Dec-2024 13:01:25 Europe/Helsinki] EditDATA [INFO] Для заявки Повірка від 06.12.2024 користувачем [Коваль Людмила] змінено виконавця з ЗАПЛАНОВАНІ на Сірий.
[09-Dec-2024 13:01:48 Europe/Helsinki] EditDATA [INFO] Для заявки Повірка від 05.12.2024 користувачем [Коваль Людмила] змінено виконавця з ЗАПЛАНОВАНІ на Ващенко.
[09-Dec-2024 13:02:29 Europe/Helsinki] EditDATA [INFO] Для заявки Повірка від 09.12.2024 користувачем [Коваль Людмила] змінено виконавця з ЗАПЛАНОВАНІ на Ващенко.
[09-Dec-2024 13:02:39 Europe/Helsinki] EditDATA [INFO] Для заявки Повірка від 09.12.2024 користувачем [Коваль Людмила] змінено виконавця з ЗАПЛАНОВАНІ на Ващенко.
[09-Dec-2024 13:02:55 Europe/Helsinki] EditDATA [INFO] Для заявки Повірка від 09.12.2024 користувачем [Коваль Людмила] змінено виконавця з ЗАПЛАНОВАНІ на Шкуліпа.
[09-Dec-2024 13:04:10 Europe/Helsinki] EditDATA [INFO] Для заявки Повірка від 09.12.2024 користувачем [Коваль Людмила] змінено виконавця з ЗАПЛАНОВАНІ на Шкуліпа.
[09-Dec-2024 13:07:05 Europe/Helsinki] EditDATA [INFO] Для заявки Повірка від 09.12.2024 користувачем [Коваль Людмила] змінено виконавця з ЗАПЛАНОВАНІ на Ващенко.
[09-Dec-2024 13:15:05 Europe/Helsinki] EditDATA [INFO] Для заявки Повірка від 02.12.2024 користувачем [Коваль Людмила] змінено виконавця з ЗАПЛАНОВАНІ на Ващенко.
[09-Dec-2024 13:30:14 Europe/Helsinki] NewDATA [INFO] Нова адреса вул. Милорадовичів, буд. 55, кв. 6, тел. +38 (096) 507-35-16 додана до БД користувачем [Коваль Людмила].
[09-Dec-2024 13:30:47 Europe/Helsinki] NewDATA [INFO] Нова заявка Повірка, адреса: вул. Милорадовичів 55, кв. 6, лічильники: БЕЗ НОМЕРА - 1 шт., вартість: 300 грн., примітки: 11-13(їдуть з села) додано до БД користувачем [Коваль Людмила].
[2024-12-09T13:31:01.840] [INFO] DataBase - У заявці Повірка від 9 грудня 2024 р. за адресою вул. Милорадовичів, буд. 55, кв. 6 додано виконавця ЗАПЛАНОВАНІ та додано дату виконання 13 грудня 2024 р. користувачем [Коваль Людмила].
[09-Dec-2024 13:44:05 Europe/Helsinki] NewDATA [INFO] Нова адреса вул. Пятницька, буд. 53, кв. 12, тел. +38 (0462) 25-22-35 додана до БД користувачем [Сусло Тетяна].
[09-Dec-2024 13:45:35 Europe/Helsinki] NewDATA [INFO] Нова заявка Повірка, адреса: вул. Пятницька 53, кв. 12, лічильники: БЕЗ НОМЕРА - 2 шт., вартість: 600 грн., примітки: 9-13, уточнить обов'язково треба робити чи ні, буде платити чи ні додано до БД користувачем [Сусло Тетяна].
[2024-12-09T13:45:45.379] [INFO] DataBase - У заявці Повірка від 9 грудня 2024 р. за адресою вул. Пятницька, буд. 53, кв. 12 додано виконавця ЗАПЛАНОВАНІ та додано дату виконання 10 грудня 2024 р. користувачем [Сусло Тетяна].
[09-Dec-2024 13:45:51 Europe/Helsinki] EditDATA [INFO] Для заявки Повірка від 09.12.2024 користувачем [Сусло Тетяна] змінено виконавця з ЗАПЛАНОВАНІ на Шкуліпа.
[09-Dec-2024 13:57:21 Europe/Helsinki] EditDATA [INFO] За адресою вул. Генерала Пухова 140, кв. 38 користувачем [Сусло Тетяна] змінені номери телефонів з +38(063)713-88-22, +38(063)790-52-51 на +38(063)713-88-22, при створенні нової заявки [Повірка] від 09.12.2024.
[09-Dec-2024 13:57:21 Europe/Helsinki] NewDATA [INFO] Нова заявка Повірка, адреса: вул. Генерала Пухова 140, кв. 38, лічильники: БЕЗ НОМЕРА - 2 шт., вартість: 600 грн., примітки: 8-13, за 30 хв додано до БД користувачем [Сусло Тетяна].
[2024-12-09T13:57:25.015] [INFO] DataBase - У заявці Повірка від 9 грудня 2024 р. за адресою вул. Генерала Пухова, буд. 140, кв. 38 додано виконавця ЗАПЛАНОВАНІ та додано дату виконання 11 грудня 2024 р. користувачем [Сусло Тетяна].
[09-Dec-2024 13:57:39 Europe/Helsinki] EditDATA [INFO] Для заявки Повірка від 09.12.2024 користувачем [Сусло Тетяна] змінено примітки з 9-13, уточнить обов'язково треба робити чи ні, буде платити чи ні на 9-13, уточнить обов'язково треба робити чи ні, буде платити чи ні, договорений.
[09-Dec-2024 13:57:56 Europe/Helsinki] DellTASK [INFO] Повірка від 07.06.2024 для адреси вул. Незалежності, буд. 62, кв. 30 для лічильника БЕЗ НОМЕРА - 2 шт. було відмінено користувачем [Сусло Тетяна] з коментарем: відміна.
[09-Dec-2024 13:58:10 Europe/Helsinki] DellTASK [INFO] Повірка від 24.07.2024 для адреси вул. Преображенська, буд. 14, корп. А, кв. 76 для лічильника БЕЗ НОМЕРА - 1 шт. було відмінено користувачем [Сусло Тетяна] з коментарем: відміна.
[09-Dec-2024 14:02:20 Europe/Helsinki] NewDATA [INFO] Нова адреса вул. Пятницька, буд. 49, кв. 25, тел. +38 (098) 426-72-36 додана до БД користувачем [Коваль Людмила].
[09-Dec-2024 14:16:06 Europe/Helsinki] NewDATA [INFO] Нова заявка Повірка, адреса: вул. Пятницька 49, кв. 25, лічильники: БЕЗ НОМЕРА - 4 шт., вартість: 1200 грн., примітки: 9-13 додано до БД користувачем [Коваль Людмила].
[2024-12-09T14:18:58.169] [INFO] DataBase - У заявці Повірка від 9 грудня 2024 р. за адресою вул. Пятницька, буд. 49, кв. 25 додано виконавця ЗАПЛАНОВАНІ та додано дату виконання 12 грудня 2024 р. користувачем [Коваль Людмила].
[09-Dec-2024 14:19:37 Europe/Helsinki] NewDATA [INFO] Нова адреса вул. Пятницька, буд. 61, кв. 114, тел. +38 (063) 680-07-37 додана до БД користувачем [Коваль Людмила].
[09-Dec-2024 14:20:15 Europe/Helsinki] NewDATA [INFO] Нова заявка Повірка, адреса: вул. Пятницька 61, кв. 114, лічильники: БЕЗ НОМЕРА - 2 шт., вартість: 600 грн., примітки: 13-14,пер.за час додано до БД користувачем [Коваль Людмила].
[2024-12-09T14:20:22.545] [INFO] DataBase - У заявці Повірка від 9 грудня 2024 р. за адресою вул. Пятницька, буд. 61, кв. 114 додано виконавця ЗАПЛАНОВАНІ та додано дату виконання 12 грудня 2024 р. користувачем [Коваль Людмила].
[09-Dec-2024 14:21:21 Europe/Helsinki] NewDATA [INFO] Нова адреса вул. Пятницька, буд. 49, кв. 153, тел. +38 (099) 343-05-48 додана до БД користувачем [Коваль Людмила].
[09-Dec-2024 14:22:04 Europe/Helsinki] NewDATA [INFO] Нова заявка Повірка, адреса: вул. Пятницька 49, кв. 153, лічильники: БЕЗ НОМЕРА - 4 шт., вартість: 1200 грн., примітки: 11-14,пер.за 30 хв. додано до БД користувачем [Коваль Людмила].
[2024-12-09T14:22:11.222] [INFO] DataBase - У заявці Повірка від 9 грудня 2024 р. за адресою вул. Пятницька, буд. 49, кв. 153 додано виконавця ЗАПЛАНОВАНІ та додано дату виконання 10 грудня 2024 р. користувачем [Коваль Людмила].
[09-Dec-2024 14:22:29 Europe/Helsinki] EditDATA [INFO] Для заявки Повірка від 09.12.2024 користувачем [Коваль Людмила] змінено виконавця з ЗАПЛАНОВАНІ на Шкуліпа.
[09-Dec-2024 14:23:38 Europe/Helsinki] EditDATA [INFO] Для заявки Повірка від 25.11.2024 користувачем [Коваль Людмила] змінено виконавця з ЗАПЛАНОВАНІ на Богомаз.
[09-Dec-2024 14:23:48 Europe/Helsinki] EditDATA [INFO] Для заявки Повірка від 06.12.2024 користувачем [Коваль Людмила] змінено виконавця з ЗАПЛАНОВАНІ на Богомаз.
[09-Dec-2024 14:24:09 Europe/Helsinki] EditDATA [INFO] Для заявки Повірка від 02.12.2024 користувачем [Коваль Людмила] змінено виконавця з ЗАПЛАНОВАНІ на Осипенко.
[09-Dec-2024 14:24:18 Europe/Helsinki] EditDATA [INFO] Для заявки Повірка від 09.12.2024 користувачем [Коваль Людмила] змінено виконавця з ЗАПЛАНОВАНІ на Осипенко.
[09-Dec-2024 14:24:28 Europe/Helsinki] EditDATA [INFO] Для заявки Повірка від 06.12.2024 користувачем [Коваль Людмила] змінено виконавця з ЗАПЛАНОВАНІ на Осипенко.
[09-Dec-2024 14:29:39 Europe/Helsinki] NewDATA [INFO] Нова заявка Повірка, адреса: просп. Левка Лукяненка 70, кв. 98, лічильники: БЕЗ НОМЕРА - 1 шт., вартість: 300 грн., примітки: 8-13,за 1 год додано до БД користувачем [Сусло Тетяна].
[2024-12-09T14:31:59.288] [INFO] DataBase - У заявці Повірка від 9 грудня 2024 р. за адресою просп. Левка Лукяненка, буд. 70, кв. 98 додано виконавця ЗАПЛАНОВАНІ та додано дату виконання 11 грудня 2024 р. користувачем [Сусло Тетяна].
[09-Dec-2024 14:42:05 Europe/Helsinki] EditDATA [INFO] Для заявки Повірка від 09.12.2024 користувачем [Коваль Людмила] змінено виконавця з Осипенко на Богомаз.
[09-Dec-2024 14:42:16 Europe/Helsinki] EditDATA [INFO] Для заявки Повірка від 06.12.2024 користувачем [Коваль Людмила] змінено виконавця з Осипенко на Богомаз.
[09-Dec-2024 14:43:06 Europe/Helsinki] NewDATA [INFO] Нова адреса вул. Земська, буд. 72, кв. 71, тел. +38 (093) 607-80-73 додана до БД користувачем [Коваль Людмила].
[09-Dec-2024 14:43:19 Europe/Helsinki] EditDATA [INFO] За адресою просп. Миру 80, кв. 68 користувачем [Сусло Тетяна] змінені номери телефонів з +38(067)787-61-11 на +38(050)850-82-72, при створенні нової заявки [Повірка] від 09.12.2024.
[09-Dec-2024 14:43:19 Europe/Helsinki] NewDATA [INFO] Нова заявка Повірка, адреса: просп. Миру 80, кв. 68, лічильники: БЕЗ НОМЕРА - 4 шт., вартість: 1200 грн., примітки: 8-13, за 30 хв, домофон не працює додано до БД користувачем [Сусло Тетяна].
[2024-12-09T14:43:21.949] [INFO] DataBase - У заявці Повірка від 9 грудня 2024 р. за адресою просп. Миру, буд. 80, кв. 68 додано виконавця Осипенко та додано дату виконання 10 грудня 2024 р. користувачем [Сусло Тетяна].
[09-Dec-2024 14:43:54 Europe/Helsinki] NewDATA [INFO] Нова заявка Повірка, адреса: вул. Земська 72, кв. 71, лічильники: БЕЗ НОМЕРА - 3 шт., вартість: 1200 грн., примітки: 11-12,пепр.за 30 хв. додано до БД користувачем [Коваль Людмила].
[2024-12-09T14:44:08.275] [INFO] DataBase - У заявці Повірка від 9 грудня 2024 р. за адресою вул. Земська, буд. 72, кв. 71 додано виконавця Сірий та додано дату виконання 10 грудня 2024 р. користувачем [Коваль Людмила].
[09-Dec-2024 15:30:40 Europe/Helsinki] EditDATA [INFO] За адресою вул. Захисників України 17, кв. 8 користувачем [Сусло Тетяна] змінені номери телефонів з +38(093)470-79-55 на +38(067)353-40-04, при створенні нової заявки [Повірка] від 09.12.2024.
[09-Dec-2024 15:30:40 Europe/Helsinki] NewDATA [INFO] Нова заявка Повірка, адреса: вул. Захисників України 17, кв. 8, лічильники: БЕЗ НОМЕРА - 4 шт., вартість: 1200 грн., примітки: 13-17, за 30 хв, підйде додано до БД користувачем [Сусло Тетяна].
[2024-12-09T15:30:44.124] [INFO] DataBase - У заявці Повірка від 9 грудня 2024 р. за адресою вул. Захисників України, буд. 17, кв. 8 додано виконавця ЗАПЛАНОВАНІ та додано дату виконання 11 грудня 2024 р. користувачем [Сусло Тетяна].
[2024-12-09T15:46:48.302] [INFO] DataBase - У заявці Заміна від 4 грудня 2024 р. за адресою просп. Левка Лукяненка, буд. 28, кв. 64 видалено дату виконання 10 грудня 2024 р. користувачем [Сміян Альона].
[2024-12-09T15:46:57.574] [INFO] DataBase - У заявці Заміна від 4 грудня 2024 р. за адресою просп. Левка Лукяненка, буд. 28, кв. 64 додано дату виконання 12 грудня 2024 р. користувачем [Сміян Альона].
[09-Dec-2024 15:47:09 Europe/Helsinki] EditDATA [INFO] Для заявки Заміна від 04.12.2024 користувачем [Сміян Альона] змінено примітки з 1г/в с/в 056882 8-12 на 1г/в с/в 056882 11-16.
[09-Dec-2024 16:38:10 Europe/Helsinki] NewDATA [INFO] Нова адреса вул. Мезенцева Юрія, буд. 80, кв. 135, тел. +38 (066) 221-12-81 додана до БД користувачем [Сусло Тетяна].
[09-Dec-2024 16:39:02 Europe/Helsinki] NewDATA [INFO] Нова заявка Повірка, адреса: вул. Мезенцева Юрія 80, кв. 135, лічильники: БЕЗ НОМЕРА - 5 шт., вартість: 1500 грн., примітки: після 15.00, за 30 хв додано до БД користувачем [Сусло Тетяна].
[2024-12-09T16:39:07.521] [INFO] DataBase - У заявці Повірка від 9 грудня 2024 р. за адресою вул. Мезенцева Юрія, буд. 80, кв. 135 додано виконавця ЗАПЛАНОВАНІ та додано дату виконання 12 грудня 2024 р. користувачем [Сусло Тетяна].

