[07-Jul-2025 08:46:57 Europe/Helsinki] NewDATA [INFO] Нова адреса вул. Чорновола Вячеслава, буд. 13, кв. 63, тел. +38 (098) 455-51-35 додана до БД користувачем [Сусло Тетяна].
[07-Jul-2025 08:47:23 Europe/Helsinki] NewDATA [INFO] Нова заявка Повірка, адреса: вул. Чорновола Вячеслава 13, кв. 63, лічильники: БЕЗ НОМЕРА - 2 шт., вартість: 700 грн., примітки: 8-13 додано до БД користувачем [Сусло Тетяна].
[2025-07-07T08:47:27.303] [INFO] DataBase - У заявці Повірка від 7 липня 2025 р. за адресою вул. Чорновола Вячеслава, буд. 13, кв. 63 додано виконавця ЗАПЛАНОВАНІ та додано дату виконання 11 липня 2025 р. користувачем [Сусло Тетяна].
[07-Jul-2025 08:48:09 Europe/Helsinki] NewDATA [INFO] Нова адреса вул. Шевченка, буд. 43, кв. 21, тел. +38 (067) 398-37-58 додана до БД користувачем [Сусло Тетяна].
[07-Jul-2025 08:48:53 Europe/Helsinki] NewDATA [INFO] Нова заявка Повірка, адреса: вул. Шевченка 43, кв. 21, лічильники: БЕЗ НОМЕРА - 1 шт., вартість: 330 грн., примітки: за 1 год додано до БД користувачем [Сусло Тетяна].
[2025-07-07T08:48:59.286] [INFO] DataBase - У заявці Повірка від 7 липня 2025 р. за адресою вул. Шевченка, буд. 43, кв. 21 додано виконавця ЗАПЛАНОВАНІ та додано дату виконання 25 липня 2025 р. користувачем [Сусло Тетяна].
[07-Jul-2025 08:49:48 Europe/Helsinki] NewDATA [INFO] Нова адреса просп. Левка Лукяненка, буд. 12, корп. 1, кв. 30, тел. +38 (099) 434-94-05 додана до БД користувачем [Сусло Тетяна].
[07-Jul-2025 08:50:14 Europe/Helsinki] NewDATA [INFO] Нова заявка Повірка, адреса: просп. Левка Лукяненка 12 корпус 1, кв. 30, лічильники: БЕЗ НОМЕРА - 2 шт., вартість: 700 грн., примітки: 13-17 додано до БД користувачем [Сусло Тетяна].
[2025-07-07T08:50:19.182] [INFO] DataBase - У заявці Повірка від 7 липня 2025 р. за адресою просп. Левка Лукяненка, буд. 12, корп. 1, кв. 30 додано виконавця ЗАПЛАНОВАНІ та додано дату виконання 17 липня 2025 р. користувачем [Сусло Тетяна].
[2025-07-07T08:54:29.885] [INFO] DataBase - У заявці Повірка від 7 липня 2025 р. за адресою просп. Левка Лукяненка, буд. 12, корп. 1, кв. 30 видалено дату виконання 17 липня 2025 р. користувачем [Сусло Тетяна].
[2025-07-07T08:54:35.322] [INFO] DataBase - У заявці Повірка від 7 липня 2025 р. за адресою просп. Левка Лукяненка, буд. 12, корп. 1, кв. 30 додано дату виконання 15 липня 2025 р. користувачем [Сусло Тетяна].
[07-Jul-2025 08:54:48 Europe/Helsinki] EditDATA [INFO] Для заявки Повірка від 07.07.2025 користувачем [Сусло Тетяна] змінено примітки з 13-17 на 8-13.
[07-Jul-2025 08:55:34 Europe/Helsinki] EditDATA [INFO] Для заявки Повірка від 07.07.2025 користувачем [Сусло Тетяна] змінено примітки з 8-13 на 10-14, потім на кв.26.
[07-Jul-2025 09:17:05 Europe/Helsinki] NewDATA [INFO] Нова адреса вул. Генерала Пухова, буд. 152, кв. 17, тел. +38 (093) 327-76-93 додана до БД користувачем [Сусло Тетяна].
[07-Jul-2025 09:18:06 Europe/Helsinki] NewDATA [INFO] Нова заявка Заміна, адреса: вул. Генерала Пухова 152, кв. 17, лічильники: БЕЗ НОМЕРА - 1 шт., виконавець: Баранов, вартість: 1100 грн., примітки: 8-13, дом. не працює, гв додано до БД користувачем [Сусло Тетяна].
[2025-07-07T09:18:09.338] [INFO] DataBase - У заявці Заміна від 7 липня 2025 р. за адресою вул. Генерала Пухова, буд. 152, кв. 17 додано дату виконання 9 липня 2025 р. користувачем [Сусло Тетяна].
[07-Jul-2025 09:21:32 Europe/Helsinki] NewDATA [INFO] Нова адреса вул. Космонавтів, буд. 18, кв. 43, тел. +38 (066) 664-66-51 додана до БД користувачем [Коваль Людмила].
[07-Jul-2025 09:26:31 Europe/Helsinki] NewDATA [INFO] Нова заявка Заміна, адреса: вул. Космонавтів 18, кв. 43, лічильники: БЕЗ НОМЕРА - 1 шт., вартість: 400 грн., примітки: 12-16,гор.с/в додано до БД користувачем [Коваль Людмила].
[2025-07-07T09:26:35.083] [INFO] DataBase - У заявці Заміна від 7 липня 2025 р. за адресою вул. Космонавтів, буд. 18, кв. 43 додано виконавця Баранов та додано дату виконання 9 липня 2025 р. користувачем [Коваль Людмила].
[07-Jul-2025 09:47:33 Europe/Helsinki] NewDATA [INFO] Нова адреса вул. курсанта Єськова, буд. 10, корп. 2, кв. 50, тел. +38 (067) 968-62-82 додана до БД користувачем [Сусло Тетяна].
[07-Jul-2025 09:47:53 Europe/Helsinki] NewDATA [INFO] Нова заявка Повірка, адреса: вул. курсанта Єськова 10 корпус 2, кв. 50, лічильники: БЕЗ НОМЕРА - 1 шт., вартість: 350 грн., примітки: 13-17 додано до БД користувачем [Сусло Тетяна].
[2025-07-07T09:47:57.351] [INFO] DataBase - У заявці Повірка від 7 липня 2025 р. за адресою вул. курсанта Єськова, буд. 10, корп. 2, кв. 50 додано виконавця ЗАПЛАНОВАНІ та додано дату виконання 17 липня 2025 р. користувачем [Сусло Тетяна].
[07-Jul-2025 10:11:09 Europe/Helsinki] NewDATA [INFO] Новий лічильник номер: 533125, тип: КВ-1,5 => DN 15, рік випуску: 2001, показники: 0, балансоутримувач: КП "ВДК" додано до БД користувачем [Сусло Тетяна].
[07-Jul-2025 10:11:33 Europe/Helsinki] NewDATA [INFO] Новий лічильник номер: 534159, тип: КВ-1,5 => DN 15, рік випуску: 2001, показники: 0, балансоутримувач: АТ "ОТКЕ" додано до БД користувачем [Сусло Тетяна].
[07-Jul-2025 10:12:03 Europe/Helsinki] EditDATA [INFO] Для лічильника 534159 користувачем [Сусло Тетяна] змінено температуру з Гарячий на Холодний.
[07-Jul-2025 10:12:08 Europe/Helsinki] EditDATA [INFO] Для лічильника 534159 користувачем [Сусло Тетяна] змінено балансоутримувача з АТ "ОТКЕ" на КП "ВДК".
[07-Jul-2025 10:12:50 Europe/Helsinki] EditDATA [INFO] За адресою просп. Миру, буд. 204, кв. 85 користувачем [Сусло Тетяна] було додано лічильники: 533125, 534159].
[07-Jul-2025 10:35:30 Europe/Helsinki] NewDATA [INFO] Нова заявка Повірка, адреса: вул. Льотна 11 корпус А, кв. 7, лічильники: БЕЗ НОМЕРА - 1 шт., вартість: 350 грн., примітки: 13-17,пер.за 30 хв. додано до БД користувачем [Коваль Людмила].
[2025-07-07T10:35:35.306] [INFO] DataBase - У заявці Повірка від 7 липня 2025 р. за адресою вул. Льотна, буд. 11, корп. А, кв. 7 додано виконавця ЗАПЛАНОВАНІ та додано дату виконання 8 липня 2025 р. користувачем [Коваль Людмила].
[07-Jul-2025 10:36:02 Europe/Helsinki] NewDATA [INFO] Нова заявка Повірка, адреса: вул. Льотна 11 корпус А, кв. 10, лічильники: БЕЗ НОМЕРА - 1 шт., вартість: 350 грн., примітки: 13-17 додано до БД користувачем [Коваль Людмила].
[2025-07-07T10:36:06.518] [INFO] DataBase - У заявці Повірка від 7 липня 2025 р. за адресою вул. Льотна, буд. 11, корп. А, кв. 10 додано виконавця ЗАПЛАНОВАНІ та додано дату виконання 8 липня 2025 р. користувачем [Коваль Людмила].
[07-Jul-2025 10:36:59 Europe/Helsinki] NewDATA [INFO] Нова адреса просп. Левка Лукяненка, буд. 12, корп. 1, кв. 26, тел. +38 (099) 434-94-05 додана до БД користувачем [Коваль Людмила].
[07-Jul-2025 10:37:01 Europe/Helsinki] NewDATA [INFO] Нова заявка Заміна, адреса: вул. Космонавтів 22, кв. 7, лічильники: БЕЗ НОМЕРА - 1 шт., виконавець: Баранов, вартість: 1100 грн., примітки: 12-16, хв, №091782 додано до БД користувачем [Сусло Тетяна].
[2025-07-07T10:37:04.080] [INFO] DataBase - У заявці Заміна від 7 липня 2025 р. за адресою вул. Космонавтів, буд. 22, кв. 7 додано дату виконання 9 липня 2025 р. користувачем [Сусло Тетяна].
[07-Jul-2025 10:37:31 Europe/Helsinki] NewDATA [INFO] Нова заявка Повірка, адреса: просп. Левка Лукяненка 12 корпус 1, кв. 26, лічильники: БЕЗ НОМЕРА - 2 шт., вартість: 700 грн., примітки: 10-14 додано до БД користувачем [Коваль Людмила].
[2025-07-07T10:37:38.724] [INFO] DataBase - У заявці Повірка від 7 липня 2025 р. за адресою просп. Левка Лукяненка, буд. 12, корп. 1, кв. 26 додано виконавця ЗАПЛАНОВАНІ та додано дату виконання 15 липня 2025 р. користувачем [Коваль Людмила].
[07-Jul-2025 10:41:15 Europe/Helsinki] DellTASK [INFO] Повірка від 25.06.2025 для адреси вул. 1-ї Гвардійської Армії, буд. 4, кв. 118 для лічильника БЕЗ НОМЕРА - 2 шт. було завершено користувачем [Коваль Людмила] з коментарем: виконано.
[07-Jul-2025 10:41:42 Europe/Helsinki] NewDATA [INFO] Новий лічильник номер: 063483, тип: КВ-1,5 => DN 15, рік випуску: 2006, показники: 0, балансоутримувач: КП "ВДК" додано до БД користувачем [Сусло Тетяна].
[07-Jul-2025 10:41:44 Europe/Helsinki] DellTASK [INFO] Повірка від 24.06.2025 для адреси вул. 1-ї Гвардійської Армії, буд. 4, кв. 226 для лічильника БЕЗ НОМЕРА - 2 шт. було завершено користувачем [Коваль Людмила] з коментарем: виконано.
[07-Jul-2025 10:41:58 Europe/Helsinki] DellTASK [INFO] Повірка від 01.07.2025 для адреси вул. Богуна Івана, буд. 50, кв. 5 для лічильника БЕЗ НОМЕРА - 1 шт. було завершено користувачем [Коваль Людмила] з коментарем: виконано.
[07-Jul-2025 10:42:11 Europe/Helsinki] NewDATA [INFO] Новий лічильник номер: 090839, тип: КВ-1,5 => DN 15, рік випуску: 2006, показники: 0, балансоутримувач: АТ "ОТКЕ" додано до БД користувачем [Сусло Тетяна].
[07-Jul-2025 10:42:13 Europe/Helsinki] EditDATA [INFO] За адресою вул. Льотна, буд. 41, кв. 81 користувачем [Сусло Тетяна] було додано лічильники: 063483, 090839].
[07-Jul-2025 10:42:53 Europe/Helsinki] DellTASK [INFO] Повірка від 01.07.2025 для адреси вул. Радченка Вячеслава, буд. 4, кв. 31 для лічильника БЕЗ НОМЕРА - 2 шт. було завершено користувачем [Коваль Людмила] з коментарем: виконано.
[07-Jul-2025 10:42:54 Europe/Helsinki] NewDATA [INFO] Новий лічильник номер: 576710, тип: КВ-1,5 => DN 15, рік випуску: 2002, показники: 0, балансоутримувач: КП "ВДК" додано до БД користувачем [Сусло Тетяна].
[07-Jul-2025 10:43:07 Europe/Helsinki] DellTASK [INFO] Повірка від 01.07.2025 для адреси вул. Гонча, буд. 78, кв. 35 для лічильника БЕЗ НОМЕРА - 2 шт. було завершено користувачем [Коваль Людмила] з коментарем: виконано.
[07-Jul-2025 10:43:16 Europe/Helsinki] NewDATA [INFO] Новий лічильник номер: 037609, тип: КВ-1,5 => DN 15, рік випуску: 2003, показники: 0, балансоутримувач: АТ "ОТКЕ" додано до БД користувачем [Сусло Тетяна].
[07-Jul-2025 10:43:18 Europe/Helsinki] EditDATA [INFO] За адресою вул. Мстиславська, буд. 175, кв. 22 користувачем [Сусло Тетяна] було додано лічильники: 576710, 037609].
[07-Jul-2025 10:43:21 Europe/Helsinki] DellTASK [INFO] Повірка від 25.06.2025 для адреси просп. Миру, буд. 52, кв. 64 для лічильника БЕЗ НОМЕРА - 2 шт. було завершено користувачем [Коваль Людмила] з коментарем: виконано.
[07-Jul-2025 10:43:34 Europe/Helsinki] DellTASK [INFO] Повірка від 20.06.2025 для адреси вул. 1-ї Гвардійської Армії, буд. 16, кв. 47 для лічильника БЕЗ НОМЕРА - 2 шт. було завершено користувачем [Коваль Людмила] з коментарем: виконано.
[07-Jul-2025 10:43:55 Europe/Helsinki] NewDATA [INFO] Новий лічильник номер: 090989, тип: КВ-1,5 => DN 15, рік випуску: 2008, показники: 0, балансоутримувач: КП "ВДК" додано до БД користувачем [Сусло Тетяна].
[07-Jul-2025 10:44:35 Europe/Helsinki] NewDATA [INFO] Новий лічильник номер: 073229, тип: КВ-1,5 => DN 15, рік випуску: 2008, показники: 0, балансоутримувач: АТ "ОТКЕ" додано до БД користувачем [Сусло Тетяна].
[07-Jul-2025 10:44:37 Europe/Helsinki] EditDATA [INFO] За адресою просп. Миру, буд. 210, кв. 132 користувачем [Сусло Тетяна] було додано лічильники: 090989, 073229].
[07-Jul-2025 10:45:22 Europe/Helsinki] NewDATA [INFO] Новий лічильник номер: 2528202, тип: ЛК => DN 15, рік випуску: 2012, показники: 0, балансоутримувач: КП "ВДК" додано до БД користувачем [Сусло Тетяна].
[07-Jul-2025 10:45:52 Europe/Helsinki] NewDATA [INFO] Новий лічильник номер: 9084876, тип: ЛК => DN 15, рік випуску: 2009, показники: 0, балансоутримувач: АТ "ОТКЕ" додано до БД користувачем [Сусло Тетяна].
[07-Jul-2025 10:46:20 Europe/Helsinki] NewDATA [INFO] Новий лічильник номер: 8240738, тип: ЛК => DN 15, рік випуску: 2008, показники: 0, балансоутримувач: АТ "ОТКЕ" додано до БД користувачем [Сусло Тетяна].
[07-Jul-2025 10:46:21 Europe/Helsinki] EditDATA [INFO] За адресою вул. Волковича, буд. 2, корп. Б, кв. 84 користувачем [Сусло Тетяна] було додано лічильники: 2528202, 9084876, 8240738].
[07-Jul-2025 10:47:14 Europe/Helsinki] NewDATA [INFO] Новий лічильник номер: 12021825, тип: ResidiaJet => DN 15, рік випуску: 2020, показники: 0, балансоутримувач: КП "ВДК" додано до БД користувачем [Сусло Тетяна].
[07-Jul-2025 10:47:16 Europe/Helsinki] EditDATA [INFO] За адресою вул. Волковича, буд. 23, корп. А, кв. 114 користувачем [Сусло Тетяна] було додано лічильники: 12021825].
[07-Jul-2025 10:48:08 Europe/Helsinki] NewDATA [INFO] Новий лічильник номер: 201201005822, тип: ETR-UA => DN 15, рік випуску: 2012, показники: 0, балансоутримувач: КП "ВДК" додано до БД користувачем [Сусло Тетяна].
[07-Jul-2025 10:48:10 Europe/Helsinki] EditDATA [INFO] За адресою вул. Рятувальників, буд. 25, кв. 44 користувачем [Сусло Тетяна] було додано лічильники: 201201005822].
[07-Jul-2025 10:49:06 Europe/Helsinki] NewDATA [INFO] Новий лічильник номер: 033368, тип: КВ-1,5 => DN 15, рік випуску: 2017, показники: 0, балансоутримувач: КП "ВДК" додано до БД користувачем [Сусло Тетяна].
[07-Jul-2025 10:49:28 Europe/Helsinki] NewDATA [INFO] Новий лічильник номер: 034468, тип: КВ-1,5 => DN 15, рік випуску: 2017, показники: 0, балансоутримувач: АТ "ОТКЕ" додано до БД користувачем [Сусло Тетяна].
[07-Jul-2025 10:49:30 Europe/Helsinki] EditDATA [INFO] За адресою вул. Гетьмана Полуботка, буд. 78, кв. 39 користувачем [Сусло Тетяна] було додано лічильники: 033368, 034468].
[07-Jul-2025 10:50:13 Europe/Helsinki] NewDATA [INFO] Новий лічильник номер: 154496, тип: КВ-1,5 => DN 15, рік випуску: 2003, показники: 0, балансоутримувач: КП "ВДК" додано до БД користувачем [Сусло Тетяна].
[07-Jul-2025 10:50:16 Europe/Helsinki] EditDATA [INFO] За адресою просп. Перемоги, буд. 151, кв. 26 користувачем [Сусло Тетяна] було додано лічильники: 154496].
[07-Jul-2025 10:50:59 Europe/Helsinki] NewDATA [INFO] Новий лічильник номер: 557550, тип: КВ-1,5 => DN 15, рік випуску: 2002, показники: 0, балансоутримувач: КП "ВДК" додано до БД користувачем [Сусло Тетяна].
[07-Jul-2025 10:51:25 Europe/Helsinki] NewDATA [INFO] Новий лічильник номер: 527305, тип: КВ-1,5 => DN 15, рік випуску: 2009, показники: 0, балансоутримувач: АТ "ОТКЕ" додано до БД користувачем [Сусло Тетяна].
[07-Jul-2025 10:51:27 Europe/Helsinki] EditDATA [INFO] За адресою вул. Кореня Терентія, буд. 9, кв. 52 користувачем [Сусло Тетяна] було додано лічильники: 557550, 527305].
[07-Jul-2025 10:52:36 Europe/Helsinki] NewDATA [INFO] Новий лічильник номер: 2020 20 12111427, тип: UNIVERSAL => DN 15, рік випуску: 2020, показники: 0, балансоутримувач: КП "ВДК" додано до БД користувачем [Сусло Тетяна].
[07-Jul-2025 10:52:38 Europe/Helsinki] EditDATA [INFO] За адресою вул. Гетьмана Полуботка, буд. 36, кв. 83 користувачем [Сусло Тетяна] було додано лічильники: 2020 20 12111427].
[07-Jul-2025 10:53:20 Europe/Helsinki] NewDATA [INFO] Новий лічильник номер: 0761518, тип: ЛК => DN 15, рік випуску: 2018, показники: 0, балансоутримувач: КП "ВДК" додано до БД користувачем [Сусло Тетяна].
[07-Jul-2025 10:53:22 Europe/Helsinki] EditDATA [INFO] За адресою просп. Перемоги, буд. 121, кв. 14 користувачем [Сусло Тетяна] було додано лічильники: 0761518].
[07-Jul-2025 10:54:23 Europe/Helsinki] NewDATA [INFO] Новий лічильник номер: 583675, тип: КВ-1,5 => DN 15, рік випуску: 2008, показники: 0, балансоутримувач: КП "ВДК" додано до БД користувачем [Сусло Тетяна].
[07-Jul-2025 10:54:47 Europe/Helsinki] NewDATA [INFO] Новий лічильник номер: 542910, тип: КВ-1,5 => DN 15, рік випуску: 2008, показники: 0, балансоутримувач: АТ "ОТКЕ" додано до БД користувачем [Сусло Тетяна].
[07-Jul-2025 10:54:49 Europe/Helsinki] EditDATA [INFO] За адресою вул. Волковича, буд. 9, кв. 41 користувачем [Сусло Тетяна] було додано лічильники: 583675, 542910].
[07-Jul-2025 10:56:13 Europe/Helsinki] NewDATA [INFO] Новий лічильник номер: 2266060, тип: ECOSTAR E-C => DN 15, рік випуску: 2021, показники: 0, балансоутримувач: КП "ВДК" додано до БД користувачем [Сусло Тетяна].
[07-Jul-2025 10:56:38 Europe/Helsinki] NewDATA [INFO] Новий лічильник номер: 2243072, тип: ECOSTAR E-C => DN 15, рік випуску: 2021, показники: 0, балансоутримувач: АТ "ОТКЕ" додано до БД користувачем [Сусло Тетяна].
[07-Jul-2025 10:56:40 Europe/Helsinki] EditDATA [INFO] За адресою вул. Волковича, буд. 7, кв. 67 користувачем [Сусло Тетяна] було додано лічильники: 2266060, 2243072].
[07-Jul-2025 12:03:39 Europe/Helsinki] NewDATA [INFO] Нова адреса просп. Миру, буд. 204, кв. 95, тел. +38 (093) 579-00-11 додана до БД користувачем [Сусло Тетяна].
[07-Jul-2025 12:04:10 Europe/Helsinki] NewDATA [INFO] Нова заявка Заміна, адреса: просп. Миру 204, кв. 95, лічильники: БЕЗ НОМЕРА - 1 шт., виконавець: Баранов, вартість: 1100 грн., примітки: 8-13, за 1 год, гв додано до БД користувачем [Сусло Тетяна].
[2025-07-07T12:04:13.175] [INFO] DataBase - У заявці Заміна від 7 липня 2025 р. за адресою просп. Миру, буд. 204, кв. 95 додано дату виконання 10 липня 2025 р. користувачем [Сусло Тетяна].
[07-Jul-2025 12:33:17 Europe/Helsinki] NewDATA [INFO] Новий лічильник номер: 384850, тип: КВ-1,5 => DN 15, рік випуску: 2001, показники: 0, балансоутримувач: КП "ВДК" додано до БД користувачем [Сусло Тетяна].
[07-Jul-2025 12:33:36 Europe/Helsinki] NewDATA [INFO] Новий лічильник номер: 477983, тип: КВ-1,5 => DN 15, рік випуску: 2001, показники: 0, балансоутримувач: АТ "ОТКЕ" додано до БД користувачем [Сусло Тетяна].
[07-Jul-2025 12:33:38 Europe/Helsinki] EditDATA [INFO] За адресою вул. Всіхсвятська, буд. 6, корп. А, кв. 54 користувачем [Сусло Тетяна] було додано лічильники: 384850, 477983].
[07-Jul-2025 12:34:16 Europe/Helsinki] NewDATA [INFO] Новий лічильник номер: 158538, тип: КВ-1,5 => DN 15, рік випуску: 2003, показники: 0, балансоутримувач: КП "ВДК" додано до БД користувачем [Сусло Тетяна].
[07-Jul-2025 12:34:36 Europe/Helsinki] NewDATA [INFO] Новий лічильник номер: 042675, тип: КВ-1,5 => DN 15, рік випуску: 2004, показники: 0, балансоутримувач: АТ "ОТКЕ" додано до БД користувачем [Сусло Тетяна].
[07-Jul-2025 12:34:38 Europe/Helsinki] EditDATA [INFO] За адресою вул. Всіхсвятська, буд. 6, корп. А, кв. 52 користувачем [Сусло Тетяна] було додано лічильники: 158538, 042675].
[07-Jul-2025 12:35:21 Europe/Helsinki] NewDATA [INFO] Новий лічильник номер: 060657, тип: КВ-1,5 => DN 15, рік випуску: 2020, показники: 0, балансоутримувач: АТ "ОТКЕ" додано до БД користувачем [Сусло Тетяна].
[07-Jul-2025 12:35:23 Europe/Helsinki] EditDATA [INFO] За адресою вул. Всіхсвятська, буд. 8, кв. 20 користувачем [Сусло Тетяна] було додано лічильники: 060657].
[07-Jul-2025 12:36:05 Europe/Helsinki] NewDATA [INFO] Новий лічильник номер: 077623, тип: КВ-1,5 => DN 15, рік випуску: 2013, показники: 0, балансоутримувач: КП "ВДК" додано до БД користувачем [Сусло Тетяна].
[07-Jul-2025 12:36:28 Europe/Helsinki] NewDATA [INFO] Новий лічильник номер: 020424, тип: КВ-1,5 => DN 15, рік випуску: 2013, показники: 0, балансоутримувач: АТ "ОТКЕ" додано до БД користувачем [Сусло Тетяна].
[07-Jul-2025 12:36:30 Europe/Helsinki] EditDATA [INFO] За адресою вул. Всіхсвятська, буд. 10, корп. А, кв. 6 користувачем [Сусло Тетяна] було додано лічильники: 077623, 020424].
[07-Jul-2025 12:37:10 Europe/Helsinki] NewDATA [INFO] Новий лічильник номер: 405338, тип: КВ-1,5 => DN 15, рік випуску: 2002, показники: 0, балансоутримувач: КП "ВДК" додано до БД користувачем [Сусло Тетяна].
[07-Jul-2025 12:37:36 Europe/Helsinki] NewDATA [INFO] Новий лічильник номер: 272969, тип: КВ-1,5 => DN 15, рік випуску: 2006, показники: 0, балансоутримувач: АТ "ОТКЕ" додано до БД користувачем [Сусло Тетяна].
[07-Jul-2025 12:37:38 Europe/Helsinki] EditDATA [INFO] За адресою вул. Всіхсвятська, буд. 16, корп. А, кв. 44 користувачем [Сусло Тетяна] було додано лічильники: 405338, 272969].
[07-Jul-2025 12:38:30 Europe/Helsinki] NewDATA [INFO] Новий лічильник номер: 101973396, тип: E-T 1,5-U => DN 15, рік випуску: 2013, показники: 0, балансоутримувач: КП "ВДК" додано до БД користувачем [Сусло Тетяна].
[07-Jul-2025 12:38:55 Europe/Helsinki] NewDATA [INFO] Новий лічильник номер: 101973475, тип: E-T 1,5-U => DN 15, рік випуску: 2013, показники: 0, балансоутримувач: КП "ВДК" додано до БД користувачем [Сусло Тетяна].
[07-Jul-2025 12:39:18 Europe/Helsinki] NewDATA [INFO] Новий лічильник номер: 171670, тип: КВ-1,5 => DN 15, рік випуску: 2017, показники: 0, балансоутримувач: АТ "ОТКЕ" додано до БД користувачем [Сусло Тетяна].
[07-Jul-2025 12:40:16 Europe/Helsinki] NewDATA [INFO] Новий лічильник номер: 101965876, тип: E-T 1,5-U => DN 15, рік випуску: 2013, показники: 0, балансоутримувач: АТ "ОТКЕ" додано до БД користувачем [Сусло Тетяна].
[07-Jul-2025 12:40:19 Europe/Helsinki] EditDATA [INFO] За адресою просп. Левка Лукяненка, буд. 18, корп. А, кв. 71 користувачем [Сусло Тетяна] було додано лічильники: 101973396, 101973475, 171670, 101965876].
[07-Jul-2025 12:40:57 Europe/Helsinki] NewDATA [INFO] Новий лічильник номер: 186554, тип: КВ-1,5 => DN 15, рік випуску: 2013, показники: 0, балансоутримувач: КП "ВДК" додано до БД користувачем [Сусло Тетяна].
[07-Jul-2025 12:40:59 Europe/Helsinki] EditDATA [INFO] За адресою вул. Доценка, буд. 4, корп. Б, кв. 65 користувачем [Сусло Тетяна] було додано лічильники: 186554].
[07-Jul-2025 12:41:42 Europe/Helsinki] NewDATA [INFO] Новий лічильник номер: 115264, тип: КВ-1,5 => DN 15, рік випуску: 2004, показники: 0, балансоутримувач: АТ "ОТКЕ" додано до БД користувачем [Сусло Тетяна].
[07-Jul-2025 12:41:44 Europe/Helsinki] EditDATA [INFO] За адресою вул. Космонавтів, буд. 22, кв. 7 користувачем [Сусло Тетяна] було додано лічильники: 115264].
[07-Jul-2025 12:42:30 Europe/Helsinki] NewDATA [INFO] Новий лічильник номер: 355800, тип: КВ-1,5 => DN 15, рік випуску: 2011, показники: 0, балансоутримувач: КП "ВДК" додано до БД користувачем [Сусло Тетяна].
[07-Jul-2025 12:42:52 Europe/Helsinki] NewDATA [INFO] Новий лічильник номер: 291532, тип: КВ-1,5 => DN 15, рік випуску: 2011, показники: 0, балансоутримувач: АТ "ОТКЕ" додано до БД користувачем [Сусло Тетяна].
[07-Jul-2025 12:42:56 Europe/Helsinki] EditDATA [INFO] За адресою просп. Грушевського Михайла, буд. 169, корп. 1, кв. 47 користувачем [Сусло Тетяна] було додано лічильники: 355800, 291532].
[07-Jul-2025 12:43:41 Europe/Helsinki] NewDATA [INFO] Новий лічильник номер: 008301, тип: КВ-1,5 => DN 15, рік випуску: 2006, показники: 0, балансоутримувач: КП "ВДК" додано до БД користувачем [Сусло Тетяна].
[07-Jul-2025 12:44:06 Europe/Helsinki] NewDATA [INFO] Новий лічильник номер: 139229, тип: КВ-1,5 => DN 15, рік випуску: 2006, показники: 0, балансоутримувач: АТ "ОТКЕ" додано до БД користувачем [Сусло Тетяна].
[07-Jul-2025 12:44:08 Europe/Helsinki] EditDATA [INFO] За адресою просп. Грушевського Михайла, буд. 189, кв. 56 користувачем [Сусло Тетяна] було додано лічильники: 008301, 139229].
[07-Jul-2025 13:18:14 Europe/Helsinki] EditDATA [INFO] Для заявки Повірка від 07.07.2025 користувачем [Коваль Людмила] змінено виконавця з ЗАПЛАНОВАНІ на Шкуліпа.
[07-Jul-2025 13:18:23 Europe/Helsinki] EditDATA [INFO] Для заявки Повірка від 07.07.2025 користувачем [Коваль Людмила] змінено виконавця з ЗАПЛАНОВАНІ на Шкуліпа.
[07-Jul-2025 13:18:34 Europe/Helsinki] EditDATA [INFO] Для заявки Повірка від 04.07.2025 користувачем [Коваль Людмила] змінено виконавця з ЗАПЛАНОВАНІ на Шкуліпа.
[07-Jul-2025 13:18:43 Europe/Helsinki] EditDATA [INFO] Для заявки Повірка від 03.07.2025 користувачем [Коваль Людмила] змінено виконавця з ЗАПЛАНОВАНІ на Шкуліпа.
[07-Jul-2025 13:18:55 Europe/Helsinki] EditDATA [INFO] Для заявки Повірка від 03.07.2025 користувачем [Коваль Людмила] змінено виконавця з ЗАПЛАНОВАНІ на Шкуліпа.
[07-Jul-2025 13:19:04 Europe/Helsinki] EditDATA [INFO] Для заявки Повірка від 02.07.2025 користувачем [Коваль Людмила] змінено виконавця з ЗАПЛАНОВАНІ на Шкуліпа.
[07-Jul-2025 13:19:16 Europe/Helsinki] EditDATA [INFO] Для заявки Повірка від 02.07.2025 користувачем [Коваль Людмила] змінено виконавця з ЗАПЛАНОВАНІ на Шкуліпа.
[07-Jul-2025 13:20:04 Europe/Helsinki] EditDATA [INFO] Для заявки Повірка від 02.07.2025 користувачем [Коваль Людмила] змінено виконавця з ЗАПЛАНОВАНІ на Шкуліпа.
[07-Jul-2025 13:20:12 Europe/Helsinki] EditDATA [INFO] Для заявки Повірка від 01.07.2025 користувачем [Коваль Людмила] змінено виконавця з ЗАПЛАНОВАНІ на Шкуліпа.
[07-Jul-2025 13:20:22 Europe/Helsinki] EditDATA [INFO] Для заявки Повірка від 25.06.2025 користувачем [Коваль Людмила] змінено виконавця з ЗАПЛАНОВАНІ на Шкуліпа.
[07-Jul-2025 13:20:33 Europe/Helsinki] EditDATA [INFO] Для заявки Повірка від 26.06.2025 користувачем [Коваль Людмила] змінено виконавця з ЗАПЛАНОВАНІ на Шкуліпа.
[07-Jul-2025 13:20:42 Europe/Helsinki] EditDATA [INFO] Для заявки Повірка від 25.06.2025 користувачем [Коваль Людмила] змінено виконавця з ЗАПЛАНОВАНІ на Шкуліпа.
[07-Jul-2025 13:20:51 Europe/Helsinki] EditDATA [INFO] Для заявки Повірка від 18.06.2025 користувачем [Коваль Людмила] змінено виконавця з ЗАПЛАНОВАНІ на Шкуліпа.
[07-Jul-2025 13:35:33 Europe/Helsinki] NewDATA [INFO] Нова адреса вул. Мстиславська, буд. 171, кв. 10, тел. +38 (099) 415-74-61 додана до БД користувачем [Коваль Людмила].
[07-Jul-2025 13:35:59 Europe/Helsinki] NewDATA [INFO] Нова заявка Повірка, адреса: вул. Мстиславська 171, кв. 10, лічильники: БЕЗ НОМЕРА - 2 шт., вартість: 660 грн., примітки: 8-13 додано до БД користувачем [Коваль Людмила].
[2025-07-07T13:36:03.737] [INFO] DataBase - У заявці Повірка від 7 липня 2025 р. за адресою вул. Мстиславська, буд. 171, кв. 10 додано виконавця Шкуліпа та додано дату виконання 8 липня 2025 р. користувачем [Коваль Людмила].
[07-Jul-2025 13:36:53 Europe/Helsinki] NewDATA [INFO] Нова адреса вул. Мстиславська, буд. 169, кв. 5, тел. +38 (063) 202-21-58 додана до БД користувачем [Коваль Людмила].
[07-Jul-2025 13:39:09 Europe/Helsinki] NewDATA [INFO] Нова заявка Заміна, адреса: вул. Мстиславська 169, кв. 5, лічильники: БЕЗ НОМЕРА - 1 шт., вартість: 400 грн., примітки: 8-13,гор.кух. додано до БД користувачем [Коваль Людмила].
[2025-07-07T13:39:21.321] [INFO] DataBase - У заявці Заміна від 7 липня 2025 р. за адресою вул. Мстиславська, буд. 169, кв. 5 додано виконавця Баранов та додано дату виконання 10 липня 2025 р. користувачем [Коваль Людмила].
[07-Jul-2025 13:39:59 Europe/Helsinki] NewDATA [INFO] Нова адреса вул. Захисників України, буд. 14, кв. 60, тел. +38 (068) 600-23-57 додана до БД користувачем [Коваль Людмила].
[07-Jul-2025 13:41:10 Europe/Helsinki] NewDATA [INFO] Нова заявка Повірка, адреса: вул. Захисників України 14, кв. 60, лічильники: БЕЗ НОМЕРА - 2 шт., вартість: 700 грн., примітки: 8-13 додано до БД користувачем [Коваль Людмила].
[2025-07-07T13:41:25.692] [INFO] DataBase - У заявці Повірка від 7 липня 2025 р. за адресою вул. Захисників України, буд. 14, кв. 60 додано виконавця ЗАПЛАНОВАНІ та додано дату виконання 23 липня 2025 р. користувачем [Коваль Людмила].
[07-Jul-2025 13:42:19 Europe/Helsinki] NewDATA [INFO] Нова адреса просп. Грушевського Михайла, буд. 165, корп. 2, кв. 59, тел. +38 (097) 904-55-13 додана до БД користувачем [Коваль Людмила].
[07-Jul-2025 13:44:08 Europe/Helsinki] NewDATA [INFO] Нова заявка Повірка, адреса: просп. Грушевського Михайла 165 корпус 2, кв. 59, лічильники: БЕЗ НОМЕРА - 2 шт., вартість: 700 грн., примітки: 13-17 додано до БД користувачем [Коваль Людмила].
[2025-07-07T13:44:14.360] [INFO] DataBase - У заявці Повірка від 7 липня 2025 р. за адресою просп. Грушевського Михайла, буд. 165, корп. 2, кв. 59 додано виконавця ЗАПЛАНОВАНІ та додано дату виконання 9 липня 2025 р. користувачем [Коваль Людмила].
[07-Jul-2025 14:10:28 Europe/Helsinki] NewDATA [INFO] Нова заявка Заміна, адреса: просп. Левка Лукяненка 16 корпус А, кв. 13, лічильники: БЕЗ НОМЕРА - 1 шт., виконавець: Баранов, вартість: 1100 грн., примітки: 8-13, кухня, гв додано до БД користувачем [Сусло Тетяна].
[2025-07-07T14:10:30.701] [INFO] DataBase - У заявці Заміна від 7 липня 2025 р. за адресою просп. Левка Лукяненка, буд. 16, корп. А, кв. 13 додано дату виконання 10 липня 2025 р. користувачем [Сусло Тетяна].
[07-Jul-2025 14:25:40 Europe/Helsinki] NewDATA [INFO] Нова адреса вул. Захисників України, буд. 13, корп. А, кв. 28, тел. +38 (097) 652-20-28 додана до БД користувачем [Коваль Людмила].
[07-Jul-2025 14:26:17 Europe/Helsinki] NewDATA [INFO] Нова заявка Повірка, адреса: вул. Захисників України 13 корпус А, кв. 28, лічильники: БЕЗ НОМЕРА - 2 шт., вартість: 700 грн., примітки: 13-17, за 1 год додано до БД користувачем [Коваль Людмила].
[2025-07-07T14:26:20.856] [INFO] DataBase - У заявці Повірка від 7 липня 2025 р. за адресою вул. Захисників України, буд. 13, корп. А, кв. 28 додано виконавця ЗАПЛАНОВАНІ та додано дату виконання 22 липня 2025 р. користувачем [Коваль Людмила].
[07-Jul-2025 16:27:29 Europe/Helsinki] NewDATA [INFO] Нова адреса вул. Льотна, буд. 22, кв. 18, тел. +38 (097) 574-64-95 додана до БД користувачем [Сусло Тетяна].
[07-Jul-2025 16:28:00 Europe/Helsinki] NewDATA [INFO] Нова заявка Повірка, адреса: вул. Льотна 22, кв. 18, лічильники: БЕЗ НОМЕРА - 4 шт., вартість: 1400 грн., примітки: 13-17, за 1 год додано до БД користувачем [Сусло Тетяна].
[2025-07-07T16:28:03.306] [INFO] DataBase - У заявці Повірка від 7 липня 2025 р. за адресою вул. Льотна, буд. 22, кв. 18 додано виконавця ЗАПЛАНОВАНІ та додано дату виконання 17 липня 2025 р. користувачем [Сусло Тетяна].
[07-Jul-2025 16:30:21 Europe/Helsinki] NewDATA [INFO] Нова адреса просп. Перемоги, буд. 189, кв. 8, тел. +38 (093) 372-43-33 додана до БД користувачем [Сусло Тетяна].
[07-Jul-2025 16:30:51 Europe/Helsinki] NewDATA [INFO] Нова заявка Повірка, адреса: просп. Перемоги 189, кв. 8, лічильники: БЕЗ НОМЕРА - 1 шт., вартість: 350 грн., примітки: 8-13, за 1 год додано до БД користувачем [Сусло Тетяна].
[2025-07-07T16:30:54.869] [INFO] DataBase - У заявці Повірка від 7 липня 2025 р. за адресою просп. Перемоги, буд. 189, кв. 8 додано виконавця ЗАПЛАНОВАНІ та додано дату виконання 15 липня 2025 р. користувачем [Сусло Тетяна].
[07-Jul-2025 16:31:35 Europe/Helsinki] NewDATA [INFO] Нова адреса просп. Левка Лукяненка, буд. 48, кв. 22, тел. +38 (063) 661-74-17 додана до БД користувачем [Сусло Тетяна].
[07-Jul-2025 16:32:17 Europe/Helsinki] NewDATA [INFO] Нова заявка Повірка, адреса: просп. Левка Лукяненка 48, кв. 22, лічильники: БЕЗ НОМЕРА - 2 шт., вартість: 700 грн., примітки: 13-17, дом. не працює додано до БД користувачем [Сусло Тетяна].
[2025-07-07T16:32:21.613] [INFO] DataBase - У заявці Повірка від 7 липня 2025 р. за адресою просп. Левка Лукяненка, буд. 48, кв. 22 додано виконавця ЗАПЛАНОВАНІ та додано дату виконання 15 липня 2025 р. користувачем [Сусло Тетяна].
[07-Jul-2025 16:33:19 Europe/Helsinki] NewDATA [INFO] Нова адреса вул. Шевченка, буд. 53, корп. Б, кв. 7, тел. +38 (066) 740-67-11 додана до БД користувачем [Сусло Тетяна].
[07-Jul-2025 16:33:39 Europe/Helsinki] NewDATA [INFO] Нова заявка Повірка, адреса: вул. Шевченка 53 корпус Б, кв. 7, лічильники: БЕЗ НОМЕРА - 1 шт., вартість: 350 грн., примітки: 8-11 додано до БД користувачем [Сусло Тетяна].
[2025-07-07T16:33:43.210] [INFO] DataBase - У заявці Повірка від 7 липня 2025 р. за адресою вул. Шевченка, буд. 53, корп. Б, кв. 7 додано виконавця ЗАПЛАНОВАНІ та додано дату виконання 25 липня 2025 р. користувачем [Сусло Тетяна].
