[12-Nov-2024 08:06:30 Europe/Helsinki] EditDATA [INFO] За адресою вул. Ремзаводська 16, кв. 15 користувачем [Сусло Тетяна] змінені номери телефонів з +38(063)921-34-96, +38(063)702-09-42 на +38(063)921-34-96, при створенні нової заявки [Повірка] від 12.11.2024.
[12-Nov-2024 08:06:30 Europe/Helsinki] NewDATA [INFO] Нова заявка Повірка, адреса: вул. Ремзаводська 16, кв. 15, лічильники: БЕЗ НОМЕРА - 1 шт., вартість: 300 грн., примітки: 8-13 додано до БД користувачем [Сусло Тетяна].
[2024-11-12T08:06:35.940] [INFO] DataBase - У заявці Повірка від 12 листопада 2024 р. за адресою вул. Ремзаводська, буд. 16, кв. 15 додано виконавця ЗАПЛАНОВАНІ та додано дату виконання 18 листопада 2024 р. користувачем [Сусло Тетяна].
[12-Nov-2024 08:20:55 Europe/Helsinki] DellTASK [INFO] Повірка від 08.11.2024 для адреси пров. Кривоноса 3-й, буд. 1, кв. 44 для лічильника БЕЗ НОМЕРА - 1 шт. було завершено користувачем [Сусло Тетяна] з коментарем: виконано.
[12-Nov-2024 08:21:12 Europe/Helsinki] DellTASK [INFO] Повірка від 28.10.2024 для адреси вул. Борщова, буд. 4, корп. А, кв. 7 для лічильника БЕЗ НОМЕРА - 1 шт. було завершено користувачем [Сусло Тетяна] з коментарем: виконано.
[12-Nov-2024 08:21:27 Europe/Helsinki] DellTASK [INFO] Повірка від 07.11.2024 для адреси вул. Малиновського, буд. 41, кв. 18 для лічильника БЕЗ НОМЕРА - 1 шт. було завершено користувачем [Сусло Тетяна] з коментарем: виконано.
[12-Nov-2024 08:21:44 Europe/Helsinki] DellTASK [INFO] Повірка від 04.11.2024 для адреси просп. Левка Лукяненка, буд. 4, кв. 15 для лічильника БЕЗ НОМЕРА - 2 шт. було завершено користувачем [Сусло Тетяна] з коментарем: виконано.
[12-Nov-2024 08:22:02 Europe/Helsinki] DellTASK [INFO] Повірка від 04.11.2024 для адреси вул. Захисників України, буд. 10, корп. А, кв. 155 для лічильника БЕЗ НОМЕРА - 2 шт. було завершено користувачем [Сусло Тетяна] з коментарем: виконано.
[12-Nov-2024 08:22:18 Europe/Helsinki] DellTASK [INFO] Повірка від 05.11.2024 для адреси вул. Шевченка, буд. 114, корп. А, кв. 9 для лічильника БЕЗ НОМЕРА - 1 шт. було завершено користувачем [Сусло Тетяна] з коментарем: виконано.
[12-Nov-2024 08:22:34 Europe/Helsinki] DellTASK [INFO] Повірка від 29.10.2024 для адреси вул. Тарновського Василя, буд. 34, корп. А, кв. 15 для лічильника БЕЗ НОМЕРА - 1 шт. було завершено користувачем [Сусло Тетяна] з коментарем: виконано.
[12-Nov-2024 08:22:50 Europe/Helsinki] DellTASK [INFO] Повірка від 05.11.2024 для адреси вул. Коцюбинського, буд. 84, кв. 39 для лічильника БЕЗ НОМЕРА - 2 шт. було завершено користувачем [Сусло Тетяна] з коментарем: виконано.
[12-Nov-2024 08:23:20 Europe/Helsinki] DellTASK [INFO] Повірка від 04.11.2024 для адреси просп. Перемоги, буд. 164, кв. 3 для лічильника БЕЗ НОМЕРА - 4 шт. було завершено користувачем [Сусло Тетяна] з коментарем: виконано 2 ліч.
[12-Nov-2024 08:23:28 Europe/Helsinki] DellTASK [INFO] Повірка від 08.11.2024 для адреси просп. Левка Лукяненка, буд. 14, кв. 127 для лічильника БЕЗ НОМЕРА - 2 шт. було завершено користувачем [Коваль Людмила] з коментарем: виконано.
[12-Nov-2024 08:23:40 Europe/Helsinki] DellTASK [INFO] Повірка від 31.10.2024 для адреси вул. Космонавтів, буд. 10, кв. 48 для лічильника БЕЗ НОМЕРА - 2 шт. було завершено користувачем [Сусло Тетяна] з коментарем: виконано.
[12-Nov-2024 08:23:48 Europe/Helsinki] DellTASK [INFO] Повірка від 07.11.2024 для адреси вул. Генерала Пухова, буд. 51, кв. 41 для лічильника БЕЗ НОМЕРА - 4 шт. було завершено користувачем [Коваль Людмила] з коментарем: виконано.
[12-Nov-2024 08:23:56 Europe/Helsinki] DellTASK [INFO] Повірка від 31.10.2024 для адреси вул. 1-ої танкової бригади, буд. 12, кв. 49 для лічильника БЕЗ НОМЕРА - 2 шт. було завершено користувачем [Сусло Тетяна] з коментарем: виконано.
[12-Nov-2024 08:24:04 Europe/Helsinki] DellTASK [INFO] Повірка від 06.11.2024 для адреси просп. Миру, буд. 180, корп. А, кв. 23 для лічильника БЕЗ НОМЕРА - 2 шт. було завершено користувачем [Коваль Людмила] з коментарем: виконано.
[12-Nov-2024 08:24:13 Europe/Helsinki] DellTASK [INFO] Повірка від 29.10.2024 для адреси вул. 1-ої танкової бригади, буд. 22, кв. 72 для лічильника БЕЗ НОМЕРА - 4 шт. було завершено користувачем [Сусло Тетяна] з коментарем: виконано.
[12-Nov-2024 08:24:20 Europe/Helsinki] DellTASK [INFO] Повірка від 05.11.2024 для адреси вул. курсанта Єськова, буд. 14, корп. А, кв. 40 для лічильника БЕЗ НОМЕРА - 2 шт. було завершено користувачем [Коваль Людмила] з коментарем: виконано.
[12-Nov-2024 08:24:27 Europe/Helsinki] DellTASK [INFO] Повірка від 07.11.2024 для адреси вул. 1-ої танкової бригади, буд. 21, корп. 1, кв. 50 для лічильника БЕЗ НОМЕРА - 2 шт. було відмінено користувачем [Сусло Тетяна] з коментарем: перенесемо.
[12-Nov-2024 08:24:36 Europe/Helsinki] DellTASK [INFO] Повірка від 28.10.2024 для адреси вул. курсанта Єськова, буд. 14, корп. А, кв. 129 для лічильника БЕЗ НОМЕРА - 2 шт. було завершено користувачем [Коваль Людмила] з коментарем: виконано.
[12-Nov-2024 08:25:03 Europe/Helsinki] DellTASK [INFO] Повірка від 31.10.2024 для адреси вул. Рятувальників, буд. 35, кв. 11 для лічильника БЕЗ НОМЕРА - 2 шт. було завершено користувачем [Коваль Людмила] з коментарем: виконано 11.11.
[12-Nov-2024 08:25:46 Europe/Helsinki] NewDATA [INFO] Новий лічильник номер: 000991, тип: КВ-1,5 => DN 15, рік випуску: 2007, показники: 0, балансоутримувач: КП "ВДК" додано до БД користувачем [Коваль Людмила].
[12-Nov-2024 08:26:15 Europe/Helsinki] NewDATA [INFO] Новий лічильник номер: 661980, тип: КВ-1,5 => DN 15, рік випуску: 2006, показники: 0, балансоутримувач: АТ "ОТКЕ" додано до БД користувачем [Коваль Людмила].
[12-Nov-2024 08:26:18 Europe/Helsinki] EditDATA [INFO] За адресою вул. Рятувальників, буд. 35, кв. 11 користувачем [Коваль Людмила] було додано лічильники: 000991, 661980].
[12-Nov-2024 08:27:28 Europe/Helsinki] NewDATA [INFO] Новий лічильник номер: 201355001042, тип: ETR-UA => DN 15, рік випуску: 2013, показники: 0, балансоутримувач: КП "ВДК" додано до БД користувачем [Коваль Людмила].
[12-Nov-2024 08:27:56 Europe/Helsinki] NewDATA [INFO] Новий лічильник номер: 20110114229, тип: ETR-UA => DN 15, рік випуску: 2011, показники: 0, балансоутримувач: АТ "ОТКЕ" додано до БД користувачем [Коваль Людмила].
[12-Nov-2024 08:27:58 Europe/Helsinki] EditDATA [INFO] За адресою просп. Левка Лукяненка, буд. 14, кв. 127 користувачем [Коваль Людмила] було додано лічильники: 201355001042, 20110114229].
[12-Nov-2024 08:29:33 Europe/Helsinki] NewDATA [INFO] Новий лічильник номер: 032944, тип: КВ-1,5 => DN 15, рік випуску: 2015, показники: 0, балансоутримувач: КП "ВДК" додано до БД користувачем [Коваль Людмила].
[12-Nov-2024 08:29:56 Europe/Helsinki] NewDATA [INFO] Новий лічильник номер: 017632, тип: КВ-1,5 => DN 15, рік випуску: 2015, показники: 0, балансоутримувач: АТ "ОТКЕ" додано до БД користувачем [Коваль Людмила].
[12-Nov-2024 08:30:17 Europe/Helsinki] NewDATA [INFO] Новий лічильник номер: 022045, тип: КВ-1,5 => DN 15, рік випуску: 2015, показники: 0, балансоутримувач: КП "ВДК" додано до БД користувачем [Коваль Людмила].
[12-Nov-2024 08:30:58 Europe/Helsinki] NewDATA [INFO] Новий лічильник номер: 032987, тип: КВ-1,5 => DN 15, рік випуску: 2015, показники: 0, балансоутримувач: КП "ВДК" додано до БД користувачем [Коваль Людмила].
[12-Nov-2024 08:31:51 Europe/Helsinki] EditDATA [INFO] За адресою вул. Генерала Пухова, буд. 51, кв. 41 користувачем [Коваль Людмила] було додано лічильники: 032944, 017632, 032987].
[12-Nov-2024 08:32:42 Europe/Helsinki] EditDATA [INFO] За адресою вул. Генерала Пухова, буд. 51, кв. 41 користувачем [Коваль Людмила] було додано лічильники: 022045].
[12-Nov-2024 08:32:53 Europe/Helsinki] EditDATA [INFO] Для лічильника 022045 користувачем [Коваль Людмила] змінено температуру з Холодний на Гарячий.
[12-Nov-2024 08:35:52 Europe/Helsinki] NewDATA [INFO] Новий лічильник номер: 105451, тип: КВ-1,5 => DN 15, рік випуску: 2000, показники: 0, балансоутримувач: КП "ВДК" додано до БД користувачем [Коваль Людмила].
[12-Nov-2024 08:36:16 Europe/Helsinki] NewDATA [INFO] Новий лічильник номер: 016763, тип: КВ-1,5 => DN 15, рік випуску: 2001, показники: 0, балансоутримувач: АТ "ОТКЕ" додано до БД користувачем [Коваль Людмила].
[12-Nov-2024 08:36:18 Europe/Helsinki] EditDATA [INFO] За адресою просп. Миру, буд. 180, корп. А, кв. 23 користувачем [Коваль Людмила] було додано лічильники: 105451, 016763].
[12-Nov-2024 08:36:59 Europe/Helsinki] NewDATA [INFO] Новий лічильник номер: 422101, тип: КВ-1,5 => DN 15, рік випуску: 2009, показники: 0, балансоутримувач: КП "ВДК" додано до БД користувачем [Коваль Людмила].
[12-Nov-2024 08:38:49 Europe/Helsinki] EditDATA [INFO] За адресою просп. Миру 182, кв. 40 користувачем [Сусло Тетяна] змінені номери телефонів з +38(063)733-14-30 на +38(093)341-29-09, при створенні нової заявки [Повірка] від 12.11.2024.
[12-Nov-2024 08:38:49 Europe/Helsinki] NewDATA [INFO] Нова заявка Повірка, адреса: просп. Миру 182, кв. 40, лічильники: БЕЗ НОМЕРА - 2 шт., вартість: 600 грн., примітки: 13-17, за 1 год додано до БД користувачем [Сусло Тетяна].
[2024-11-12T08:38:54.254] [INFO] DataBase - У заявці Повірка від 12 листопада 2024 р. за адресою просп. Миру, буд. 182, кв. 40 додано виконавця ЗАПЛАНОВАНІ та додано дату виконання 20 листопада 2024 р. користувачем [Сусло Тетяна].
[12-Nov-2024 08:39:44 Europe/Helsinki] NewDATA [INFO] Новий лічильник номер: 437998, тип: КВ-1,5 => DN 15, рік випуску: 2009, показники: 0, балансоутримувач: АТ "ОТКЕ" додано до БД користувачем [Коваль Людмила].
[12-Nov-2024 08:39:46 Europe/Helsinki] EditDATA [INFO] За адресою вул. курсанта Єськова, буд. 14, корп. А, кв. 40 користувачем [Коваль Людмила] було додано лічильники: 422101, 437998].
[12-Nov-2024 08:39:55 Europe/Helsinki] NewDATA [INFO] Новий лічильник номер: 453699, тип: КВ-1,5 => DN 15, рік випуску: 2008, показники: 0, балансоутримувач: КП "ВДК" додано до БД користувачем [Сусло Тетяна].
[12-Nov-2024 08:40:16 Europe/Helsinki] NewDATA [INFO] Новий лічильник номер: 345125, тип: КВ-1,5 => DN 15, рік випуску: 2008, показники: 0, балансоутримувач: АТ "ОТКЕ" додано до БД користувачем [Сусло Тетяна].
[12-Nov-2024 08:40:46 Europe/Helsinki] NewDATA [INFO] Новий лічильник номер: 457982, тип: КВ-1,5 => DN 15, рік випуску: 2008, показники: 0, балансоутримувач: КП "ВДК" додано до БД користувачем [Сусло Тетяна].
[12-Nov-2024 08:41:05 Europe/Helsinki] NewDATA [INFO] Новий лічильник номер: 506982, тип: КВ-1,5 => DN 15, рік випуску: 2008, показники: 0, балансоутримувач: АТ "ОТКЕ" додано до БД користувачем [Сусло Тетяна].
[12-Nov-2024 08:41:06 Europe/Helsinki] EditDATA [INFO] За адресою вул. 1-ої танкової бригади, буд. 22, кв. 72 користувачем [Сусло Тетяна] було додано лічильники: 453699, 345125, 457982, 506982].
[12-Nov-2024 08:41:19 Europe/Helsinki] NewDATA [INFO] Новий лічильник номер: 425924, тип: КВ-1,5 => DN 15, рік випуску: 2009, показники: 0, балансоутримувач: КП "ВДК" додано до БД користувачем [Коваль Людмила].
[12-Nov-2024 08:41:43 Europe/Helsinki] NewDATA [INFO] Новий лічильник номер: 423669, тип: КВ-1,5 => DN 15, рік випуску: 2009, показники: 0, балансоутримувач: АТ "ОТКЕ" додано до БД користувачем [Коваль Людмила].
[12-Nov-2024 08:41:45 Europe/Helsinki] EditDATA [INFO] За адресою вул. курсанта Єськова, буд. 14, корп. А, кв. 129 користувачем [Коваль Людмила] було додано лічильники: 425924, 423669].
[12-Nov-2024 08:41:49 Europe/Helsinki] NewDATA [INFO] Новий лічильник номер: 0437921, тип: ЛК => DN 15, рік випуску: 2018, показники: 0, балансоутримувач: КП "ВДК" додано до БД користувачем [Сусло Тетяна].
[12-Nov-2024 08:42:12 Europe/Helsinki] NewDATA [INFO] Новий лічильник номер: 434695, тип: КВ-1,5 => DN 15, рік випуску: 2000, показники: 0, балансоутримувач: АТ "ОТКЕ" додано до БД користувачем [Сусло Тетяна].
[12-Nov-2024 08:42:14 Europe/Helsinki] EditDATA [INFO] За адресою вул. 1-ої танкової бригади, буд. 12, кв. 49 користувачем [Сусло Тетяна] було додано лічильники: 0437921, 434695].
[12-Nov-2024 08:42:16 Europe/Helsinki] DellTASK [INFO] Заміна від 08.11.2024 для адреси просп. Миру, буд. 203, корп. А, кв. 50 для лічильника 051504 було завершено користувачем [Сміян Альона] з коментарем: виконано.
[12-Nov-2024 08:42:58 Europe/Helsinki] NewDATA [INFO] Новий лічильник номер: 047749, тип: КВ-1,5 => DN 15, рік випуску: 2015, показники: 0, балансоутримувач: КП "ВДК" додано до БД користувачем [Сусло Тетяна].
[12-Nov-2024 08:43:00 Europe/Helsinki] NewDATA [INFO] Новий лічильник номер: 241481890, тип: СВК => DN 15, рік випуску: 2024, показники: 0, балансоутримувач: КП "ВДК" додано до БД користувачем [Сміян Альона].
[12-Nov-2024 08:43:04 Europe/Helsinki] EditDATA [INFO] В заявці Заміна від 08.11.2024 за адресою вул. Космонавтів, буд. 9, кв. 11 було додано лічильники: 241481890 користувачем [Сміян Альона].
[12-Nov-2024 08:43:10 Europe/Helsinki] EditDATA [INFO] В заявці Заміна від 08.11.2024 за адресою вул. Космонавтів, буд. 9, кв. 11 було видалено лічильники: 1121107 користувачем [Сміян Альона].
[12-Nov-2024 08:43:15 Europe/Helsinki] NewDATA [INFO] Новий лічильник номер: 283346, тип: КВ-1,5 => DN 15, рік випуску: 2015, показники: 0, балансоутримувач: АТ "ОТКЕ" додано до БД користувачем [Сусло Тетяна].
[12-Nov-2024 08:43:17 Europe/Helsinki] EditDATA [INFO] За адресою вул. Космонавтів, буд. 10, кв. 48 користувачем [Сусло Тетяна] було додано лічильники: 047749, 283346].
[12-Nov-2024 08:43:19 Europe/Helsinki] DellTASK [INFO] Заміна від 08.11.2024 для адреси вул. Космонавтів, буд. 9, кв. 11 для лічильника 241481890 було завершено користувачем [Сміян Альона] з коментарем: виконано.
[12-Nov-2024 08:43:56 Europe/Helsinki] NewDATA [INFO] Новий лічильник номер: 241480948, тип: СВК => DN 15, рік випуску: 2024, показники: 0, балансоутримувач: КП "ВДК" додано до БД користувачем [Сміян Альона].
[12-Nov-2024 08:44:00 Europe/Helsinki] EditDATA [INFO] В заявці Заміна від 08.11.2024 за адресою вул. Текстильників, буд. 11, корп. Б, кв. 29 було додано лічильники: 241480948 користувачем [Сміян Альона].
[12-Nov-2024 08:44:06 Europe/Helsinki] EditDATA [INFO] В заявці Заміна від 08.11.2024 за адресою вул. Текстильників, буд. 11, корп. Б, кв. 29 було видалено лічильники: 244729 користувачем [Сміян Альона].
[12-Nov-2024 08:44:30 Europe/Helsinki] DellTASK [INFO] Заміна від 08.11.2024 для адреси вул. Текстильників, буд. 11, корп. Б, кв. 29 для лічильника 241480948 було завершено користувачем [Сміян Альона] з коментарем: виконано.
[12-Nov-2024 08:44:47 Europe/Helsinki] DellTASK [INFO] Заміна від 06.11.2024 для адреси вул. Текстильників, буд. 6, кв. 23 для лічильника БЕЗ НОМЕРА - 1 шт. було відмінено користувачем [Сміян Альона] з коментарем: выдмова.
[12-Nov-2024 08:45:08 Europe/Helsinki] DellTASK [INFO] Заміна від 07.11.2024 для адреси просп. Миру, буд. 54, кв. 16 для лічильника БЕЗ НОМЕРА - 1 шт. було завершено користувачем [Сміян Альона] з коментарем: виконано.
[12-Nov-2024 08:45:48 Europe/Helsinki] NewDATA [INFO] Новий лічильник номер: 241472809, тип: СВК => DN 15, рік випуску: 2024, показники: 0, балансоутримувач: АТ "ОТКЕ" додано до БД користувачем [Сміян Альона].
[12-Nov-2024 08:45:52 Europe/Helsinki] EditDATA [INFO] В заявці Заміна від 06.11.2024 за адресою просп. Перемоги, буд. 164, кв. 89 було додано лічильники: 241472809 користувачем [Сміян Альона].
[12-Nov-2024 08:45:56 Europe/Helsinki] EditDATA [INFO] В заявці Заміна від 06.11.2024 за адресою просп. Перемоги, буд. 164, кв. 89 було видалено лічильники: 268645 користувачем [Сміян Альона].
[12-Nov-2024 08:46:05 Europe/Helsinki] DellTASK [INFO] Заміна від 06.11.2024 для адреси просп. Перемоги, буд. 164, кв. 89 для лічильника 241472809 було завершено користувачем [Сміян Альона] з коментарем: виконано.
[12-Nov-2024 08:46:59 Europe/Helsinki] EditDATA [INFO] За адресою вул. курсанта Єськова 10 корпус 2, кв. 15 користувачем [Сусло Тетяна] змінені номери телефонів з +38(093)759-38-70, +38(095)538-87-41 на +38(098)263-63-89, при створенні нової заявки [Повірка] від 12.11.2024.
[12-Nov-2024 08:46:59 Europe/Helsinki] NewDATA [INFO] Нова заявка Повірка, адреса: вул. курсанта Єськова 10 корпус 2, кв. 15, лічильники: БЕЗ НОМЕРА - 2 шт., вартість: 600 грн., примітки: 13-17 додано до БД користувачем [Сусло Тетяна].
[2024-11-12T08:47:03.950] [INFO] DataBase - У заявці Повірка від 12 листопада 2024 р. за адресою вул. курсанта Єськова, буд. 10, корп. 2, кв. 15 додано виконавця ЗАПЛАНОВАНІ та додано дату виконання 15 листопада 2024 р. користувачем [Сусло Тетяна].
[12-Nov-2024 08:47:10 Europe/Helsinki] NewDATA [INFO] Новий лічильник номер: 241472813, тип: СВК => DN 15, рік випуску: 2024, показники: 0, балансоутримувач: КП "ТКЕ" додано до БД користувачем [Сміян Альона].
[12-Nov-2024 08:47:13 Europe/Helsinki] EditDATA [INFO] Для заявки Заміна від 06.11.2024 користувачем [Сміян Альона] лічильник БЕЗ НОМЕРА ідентифіковано як 241472813.
[12-Nov-2024 08:47:22 Europe/Helsinki] DellTASK [INFO] Заміна від 06.11.2024 для адреси вул. Музична, буд. 2, корп. А, кв. 18 для лічильника 241472813 було завершено користувачем [Сміян Альона] з коментарем: виконано.
[12-Nov-2024 08:47:49 Europe/Helsinki] NewDATA [INFO] Новий лічильник номер: 032496, тип: КВ-1,5 => DN 15, рік випуску: 2010, показники: 0, балансоутримувач: КП "ВДК" додано до БД користувачем [Сусло Тетяна].
[12-Nov-2024 08:48:12 Europe/Helsinki] NewDATA [INFO] Новий лічильник номер: 033918, тип: КВ-1,5 => DN 15, рік випуску: 2010, показники: 0, балансоутримувач: АТ "ОТКЕ" додано до БД користувачем [Сусло Тетяна].
[12-Nov-2024 08:48:14 Europe/Helsinki] EditDATA [INFO] За адресою просп. Перемоги, буд. 164, кв. 3 користувачем [Сусло Тетяна] було додано лічильники: 032496, 033918].
[12-Nov-2024 08:49:22 Europe/Helsinki] NewDATA [INFO] Новий лічильник номер: 181244119, тип: СВК => DN 15, рік випуску: 2018, показники: 0, балансоутримувач: АТ "ОТКЕ" додано до БД користувачем [Сусло Тетяна].
[12-Nov-2024 08:49:23 Europe/Helsinki] EditDATA [INFO] За адресою пров. Кривоноса 3-й, буд. 1, кв. 44 користувачем [Сусло Тетяна] було додано лічильники: 181244119].
[12-Nov-2024 08:50:05 Europe/Helsinki] NewDATA [INFO] Новий лічильник номер: 079420, тип: КВ-1,5 => DN 15, рік випуску: 2018, показники: 0, балансоутримувач: КП "ВДК" додано до БД користувачем [Сусло Тетяна].
[12-Nov-2024 08:50:07 Europe/Helsinki] EditDATA [INFO] За адресою вул. Борщова, буд. 4, корп. А, кв. 7 користувачем [Сусло Тетяна] було додано лічильники: 079420].
[12-Nov-2024 08:50:46 Europe/Helsinki] NewDATA [INFO] Новий лічильник номер: 042168, тип: КВ-1,5 => DN 15, рік випуску: 2017, показники: 0, балансоутримувач: КП "ВДК" додано до БД користувачем [Сусло Тетяна].
[12-Nov-2024 08:50:48 Europe/Helsinki] EditDATA [INFO] За адресою вул. Малиновського, буд. 41, кв. 18 користувачем [Сусло Тетяна] було додано лічильники: 042168].
[12-Nov-2024 08:51:29 Europe/Helsinki] NewDATA [INFO] Новий лічильник номер: 582487, тип: КВ-1,5 => DN 15, рік випуску: 2007, показники: 0, балансоутримувач: КП "ВДК" додано до БД користувачем [Сусло Тетяна].
[12-Nov-2024 08:51:48 Europe/Helsinki] NewDATA [INFO] Новий лічильник номер: 535804, тип: КВ-1,5 => DN 15, рік випуску: 2007, показники: 0, балансоутримувач: АТ "ОТКЕ" додано до БД користувачем [Сусло Тетяна].
[12-Nov-2024 08:51:50 Europe/Helsinki] EditDATA [INFO] За адресою просп. Левка Лукяненка, буд. 4, кв. 15 користувачем [Сусло Тетяна] було додано лічильники: 582487, 535804].
[12-Nov-2024 08:52:48 Europe/Helsinki] NewDATA [INFO] Новий лічильник номер: 11594262, тип: ResidiaJet => DN 15, рік випуску: 2018, показники: 0, балансоутримувач: КП "ВДК" додано до БД користувачем [Сусло Тетяна].
[12-Nov-2024 08:53:12 Europe/Helsinki] NewDATA [INFO] Новий лічильник номер: 11486561, тип: ResidiaJet => DN 15, рік випуску: 2018, показники: 0, балансоутримувач: АТ "ОТКЕ" додано до БД користувачем [Сусло Тетяна].
[12-Nov-2024 08:53:13 Europe/Helsinki] EditDATA [INFO] За адресою вул. Захисників України, буд. 10, корп. А, кв. 155 користувачем [Сусло Тетяна] було додано лічильники: 11594262, 11486561].
[12-Nov-2024 08:53:58 Europe/Helsinki] NewDATA [INFO] Новий лічильник номер: 9200052408, тип: ЛК => DN 15, рік випуску: 2019, показники: 0, балансоутримувач: КП "ВДК" додано до БД користувачем [Сусло Тетяна].
[12-Nov-2024 08:54:02 Europe/Helsinki] EditDATA [INFO] За адресою вул. Шевченка, буд. 114, корп. А, кв. 9 користувачем [Сусло Тетяна] було додано лічильники: 9200052408].
[12-Nov-2024 08:57:37 Europe/Helsinki] NewDATA [INFO] Новий лічильник номер: 6961298, тип: ЛК => DN 15, рік випуску: 2016, показники: 0, балансоутримувач: КП "ТКЕ" додано до БД користувачем [Сусло Тетяна].
[12-Nov-2024 08:57:39 Europe/Helsinki] EditDATA [INFO] За адресою вул. Тарновського Василя, буд. 34, корп. А, кв. 15 користувачем [Сусло Тетяна] було додано лічильники: 6961298].
[12-Nov-2024 08:58:22 Europe/Helsinki] NewDATA [INFO] Новий лічильник номер: 0511520, тип: ЛК => DN 15, рік випуску: 2018, показники: 0, балансоутримувач: КП "ВДК" додано до БД користувачем [Сусло Тетяна].
[12-Nov-2024 08:58:41 Europe/Helsinki] NewDATA [INFO] Новий лічильник номер: 0701317, тип: ЛК => DN 15, рік випуску: 2018, показники: 0, балансоутримувач: КП "ТКЕ" додано до БД користувачем [Сусло Тетяна].
[12-Nov-2024 08:58:43 Europe/Helsinki] EditDATA [INFO] За адресою вул. Коцюбинського, буд. 84, кв. 39 користувачем [Сусло Тетяна] було додано лічильники: 0511520, 0701317].
[12-Nov-2024 09:05:04 Europe/Helsinki] EditDATA [INFO] Для заявки Повірка від 04.11.2024 користувачем [Коваль Людмила] змінено виконавця з ЗАПЛАНОВАНІ на Сірий.
[12-Nov-2024 09:05:16 Europe/Helsinki] EditDATA [INFO] Для заявки Повірка від 11.11.2024 користувачем [Коваль Людмила] змінено виконавця з ЗАПЛАНОВАНІ на Сірий.
[12-Nov-2024 09:05:29 Europe/Helsinki] EditDATA [INFO] Для заявки Повірка від 11.11.2024 користувачем [Коваль Людмила] змінено виконавця з ЗАПЛАНОВАНІ на Сірий.
[12-Nov-2024 09:05:45 Europe/Helsinki] EditDATA [INFO] Для заявки Повірка від 11.11.2024 користувачем [Коваль Людмила] змінено виконавця з ЗАПЛАНОВАНІ на Сірий.
[12-Nov-2024 09:05:57 Europe/Helsinki] EditDATA [INFO] Для заявки Повірка від 08.11.2024 користувачем [Коваль Людмила] змінено виконавця з ЗАПЛАНОВАНІ на Сірий.
[12-Nov-2024 09:06:10 Europe/Helsinki] EditDATA [INFO] Для заявки Повірка від 11.11.2024 користувачем [Коваль Людмила] змінено виконавця з ЗАПЛАНОВАНІ на Сірий.
[12-Nov-2024 09:08:24 Europe/Helsinki] EditDATA [INFO] Для заявки Повірка від 05.11.2024 користувачем [Коваль Людмила] змінено виконавця з ЗАПЛАНОВАНІ на Шкуліпа.
[12-Nov-2024 09:08:34 Europe/Helsinki] EditDATA [INFO] Для заявки Повірка від 11.11.2024 користувачем [Коваль Людмила] змінено виконавця з ЗАПЛАНОВАНІ на Шкуліпа.
[12-Nov-2024 09:08:50 Europe/Helsinki] EditDATA [INFO] Для заявки Повірка від 04.11.2024 користувачем [Коваль Людмила] змінено виконавця з ЗАПЛАНОВАНІ на Шкуліпа.
[12-Nov-2024 09:09:24 Europe/Helsinki] EditDATA [INFO] Для заявки Повірка від 04.11.2024 користувачем [Коваль Людмила] змінено виконавця з ЗАПЛАНОВАНІ на Шкуліпа.
[12-Nov-2024 09:09:36 Europe/Helsinki] EditDATA [INFO] Для заявки Повірка від 06.11.2024 користувачем [Коваль Людмила] змінено виконавця з ЗАПЛАНОВАНІ на Шкуліпа.
[12-Nov-2024 09:11:06 Europe/Helsinki] EditDATA [INFO] Для заявки Повірка від 08.11.2024 користувачем [Коваль Людмила] змінено виконавця з ЗАПЛАНОВАНІ на Сірий.
[12-Nov-2024 09:37:29 Europe/Helsinki] NewDATA [INFO] Нова заявка Повірка, адреса: вул. Мстиславська 38 корпус А, кв. 8, лічильники: БЕЗ НОМЕРА - 2 шт., вартість: 600 грн., примітки: 15-18,пер.за 30 хв додано до БД користувачем [Коваль Людмила].
[2024-11-12T09:37:47.179] [INFO] DataBase - У заявці Повірка від 12 листопада 2024 р. за адресою вул. Мстиславська, буд. 38, корп. А, кв. 8 додано виконавця ЗАПЛАНОВАНІ та додано дату виконання 14 листопада 2024 р. користувачем [Коваль Людмила].
[12-Nov-2024 09:42:04 Europe/Helsinki] NewDATA [INFO] Нова заявка Повірка, адреса: просп. Миру 189, кв. 12, лічильники: БЕЗ НОМЕРА - 4 шт., вартість: 1200 грн., примітки: 13-17, за 30 хв, можна раніше, буде іхати з села додано до БД користувачем [Сусло Тетяна].
[2024-11-12T09:42:08.699] [INFO] DataBase - У заявці Повірка від 12 листопада 2024 р. за адресою просп. Миру, буд. 189, кв. 12 додано виконавця ЗАПЛАНОВАНІ та додано дату виконання 15 листопада 2024 р. користувачем [Сусло Тетяна].
[12-Nov-2024 10:20:37 Europe/Helsinki] NewDATA [INFO] Нова заявка Заміна, адреса: вул. Мазепи Івана 37 корпус А, кв. 38, лічильники: БЕЗ НОМЕРА - 1 шт., вартість: 1060 грн., примітки: 8-13,с/в.хол.№366437 додано до БД користувачем [Коваль Людмила].
[2024-11-12T10:20:50.503] [INFO] DataBase - У заявці Заміна від 12 листопада 2024 р. за адресою вул. Мазепи Івана, буд. 37, корп. А, кв. 38 додано виконавця Баранов та додано дату виконання 13 листопада 2024 р. користувачем [Коваль Людмила].
[12-Nov-2024 10:21:12 Europe/Helsinki] EditDATA [INFO] Для заявки Заміна від 12.11.2024 користувачем [Коваль Людмила] змінено примітки з 8-13,с/в.хол.№366437 на 8-13,с/в.хол.№36643код 6 и подергать.
[12-Nov-2024 10:22:37 Europe/Helsinki] EditDATA [INFO] За адресою вул. Шевченка 114 корпус А, кв. 37 користувачем [Сусло Тетяна] змінені номери телефонів з +38(099)221-67-85, +38(066)509-14-32 на +38(099)221-67-85, при створенні нової заявки [Повірка] від 12.11.2024.
[12-Nov-2024 10:22:37 Europe/Helsinki] NewDATA [INFO] Нова заявка Повірка, адреса: вул. Шевченка 114 корпус А, кв. 37, лічильники: БЕЗ НОМЕРА - 1 шт., вартість: 300 грн., примітки: 8-12, за 30 хв, подовжувач додано до БД користувачем [Сусло Тетяна].
[2024-11-12T10:22:41.613] [INFO] DataBase - У заявці Повірка від 12 листопада 2024 р. за адресою вул. Шевченка, буд. 114, корп. А, кв. 37 додано виконавця ЗАПЛАНОВАНІ та додано дату виконання 15 листопада 2024 р. користувачем [Сусло Тетяна].
[12-Nov-2024 10:30:54 Europe/Helsinki] DellTASK [INFO] Повірка від 07.11.2024 для адреси вул. Любецька, буд. 2, корп. А, кв. 31 для лічильника БЕЗ НОМЕРА - 1 шт. було завершено користувачем [Коваль Людмила] з коментарем: виконано.
[12-Nov-2024 10:31:08 Europe/Helsinki] DellTASK [INFO] Повірка від 07.11.2024 для адреси вул. Текстильників, буд. 6, кв. 9 для лічильника БЕЗ НОМЕРА - 2 шт. було завершено користувачем [Коваль Людмила] з коментарем: виконано.
[12-Nov-2024 10:31:29 Europe/Helsinki] DellTASK [INFO] Повірка від 04.11.2024 для адреси вул. Жабинського, буд. 2, корп. Б, кв. 113 для лічильника БЕЗ НОМЕРА - 1 шт. було завершено користувачем [Коваль Людмила] з коментарем: виконано.
[12-Nov-2024 10:31:43 Europe/Helsinki] DellTASK [INFO] Повірка від 01.11.2024 для адреси вул. Музична, буд. 2, кв. 14 для лічильника БЕЗ НОМЕРА - 2 шт. було завершено користувачем [Коваль Людмила] з коментарем: виконано.
[12-Nov-2024 10:31:55 Europe/Helsinki] DellTASK [INFO] Повірка від 24.10.2024 для адреси вул. Мазепи Івана, буд. 11, кв. 6 для лічильника БЕЗ НОМЕРА - 1 шт. було завершено користувачем [Коваль Людмила] з коментарем: виконано.
[12-Nov-2024 10:33:30 Europe/Helsinki] NewDATA [INFO] Новий лічильник номер: 461392, тип: КВ-1,5 => DN 15, рік випуску: 2004, показники: 0, балансоутримувач: КП "ТКЕ" додано до БД користувачем [Коваль Людмила].
[12-Nov-2024 10:33:32 Europe/Helsinki] EditDATA [INFO] За адресою вул. Мазепи Івана, буд. 11, кв. 6 користувачем [Коваль Людмила] було додано лічильники: 461392].
[12-Nov-2024 10:34:16 Europe/Helsinki] NewDATA [INFO] Новий лічильник номер: 022182, тип: КВ-1,5 => DN 15, рік випуску: 2017, показники: 0, балансоутримувач: КП "ВДК" додано до БД користувачем [Коваль Людмила].
[12-Nov-2024 10:34:18 Europe/Helsinki] EditDATA [INFO] За адресою вул. Любецька, буд. 2, корп. А, кв. 31 користувачем [Коваль Людмила] було додано лічильники: 022182].
[12-Nov-2024 10:35:09 Europe/Helsinki] NewDATA [INFO] Новий лічильник номер: 20854126, тип: ETK-U => DN 15, рік випуску: 2000, показники: 0, балансоутримувач: КП "ВДК" додано до БД користувачем [Коваль Людмила].
[12-Nov-2024 10:35:38 Europe/Helsinki] NewDATA [INFO] Новий лічильник номер: 5786842, тип: ЛК => DN 15, рік випуску: 2015, показники: 0, балансоутримувач: КП "ТКЕ" додано до БД користувачем [Коваль Людмила].
[12-Nov-2024 10:35:41 Europe/Helsinki] EditDATA [INFO] За адресою вул. Жабинського, буд. 2, корп. Б, кв. 113 користувачем [Коваль Людмила] було додано лічильники: 20854126, 5786842].
[12-Nov-2024 10:36:48 Europe/Helsinki] NewDATA [INFO] Новий лічильник номер: 2155356, тип: СК => DN 15, рік випуску: 2002, показники: 0, балансоутримувач: КП "ВДК" додано до БД користувачем [Коваль Людмила].
[12-Nov-2024 10:37:12 Europe/Helsinki] EditDATA [INFO] За адресою вул. Музична, буд. 2, кв. 14 користувачем [Коваль Людмила] було додано лічильники: 2155356].
[12-Nov-2024 10:40:20 Europe/Helsinki] NewDATA [INFO] Новий лічильник номер: 215645, тип: СК => DN 15, рік випуску: 2002, показники: 0, балансоутримувач: КП "ВДК" додано до БД користувачем [Коваль Людмила].
[12-Nov-2024 10:40:22 Europe/Helsinki] EditDATA [INFO] За адресою вул. Музична, буд. 2, кв. 14 користувачем [Коваль Людмила] було додано лічильники: 215645].
[12-Nov-2024 10:41:35 Europe/Helsinki] EditDATA [INFO] Для заявки Повірка від 11.11.2024 користувачем [Сусло Тетяна] змінено виконавця з ЗАПЛАНОВАНІ на Ващенко.
[12-Nov-2024 10:41:46 Europe/Helsinki] EditDATA [INFO] Для заявки Повірка від 07.11.2024 користувачем [Сусло Тетяна] змінено виконавця з ЗАПЛАНОВАНІ на Ващенко.
[12-Nov-2024 10:41:57 Europe/Helsinki] EditDATA [INFO] Для заявки Повірка від 06.11.2024 користувачем [Сусло Тетяна] змінено виконавця з ЗАПЛАНОВАНІ на Ващенко.
[12-Nov-2024 10:46:43 Europe/Helsinki] NewDATA [INFO] Новий лічильник номер: 392314, тип: КВ-1,5 => DN 15, рік випуску: 2009, показники: 0, балансоутримувач: КП "ВДК" додано до БД користувачем [Коваль Людмила].
[12-Nov-2024 10:47:13 Europe/Helsinki] NewDATA [INFO] Новий лічильник номер: 323009, тип: КВ-1,5 => DN 15, рік випуску: 2009, показники: 0, балансоутримувач: КП "ТКЕ" додано до БД користувачем [Коваль Людмила].
[12-Nov-2024 10:47:15 Europe/Helsinki] EditDATA [INFO] За адресою вул. Текстильників, буд. 6, кв. 9 користувачем [Коваль Людмила] було додано лічильники: 392314, 323009].
[12-Nov-2024 11:06:52 Europe/Helsinki] NewDATA [INFO] Нова заявка Повірка, адреса: просп. Миру 263, кв. 81, лічильники: БЕЗ НОМЕРА - 2 шт., вартість: 600 грн., примітки: 9-11,пер.за день.уточн. додано до БД користувачем [Коваль Людмила].
[2024-11-12T11:07:15.274] [INFO] DataBase - У заявці Повірка від 12 листопада 2024 р. за адресою просп. Миру, буд. 263, кв. 81 додано виконавця ЗАПЛАНОВАНІ та додано дату виконання 20 листопада 2024 р. користувачем [Коваль Людмила].
[12-Nov-2024 11:17:50 Europe/Helsinki] NewDATA [INFO] Нова заявка Заміна, адреса: вул. Савчука 3, кв. 216, лічильники: 457188, вартість: 1060 грн., примітки: гор.с/в 15-17 додано до БД користувачем [Коваль Людмила].
[2024-11-12T11:18:09.013] [INFO] DataBase - У заявці Заміна від 12 листопада 2024 р. за адресою вул. Савчука, буд. 3, кв. 216 додано виконавця Баранов та додано дату виконання 13 листопада 2024 р. користувачем [Коваль Людмила].
[12-Nov-2024 11:18:50 Europe/Helsinki] NewDATA [INFO] Нова адреса вул. Незалежності, буд. 40, кв. 77, тел. +38 (063) 748-60-16 додана до БД користувачем [Коваль Людмила].
[12-Nov-2024 11:19:26 Europe/Helsinki] NewDATA [INFO] Нова заявка Повірка, адреса: вул. Незалежності 40, кв. 77, лічильники: БЕЗ НОМЕРА - 1 шт., вартість: 300 грн., примітки: 8-11,код 346 додано до БД користувачем [Коваль Людмила].
[2024-11-12T11:19:42.654] [INFO] DataBase - У заявці Повірка від 12 листопада 2024 р. за адресою вул. Незалежності, буд. 40, кв. 77 додано виконавця ЗАПЛАНОВАНІ та додано дату виконання 14 листопада 2024 р. користувачем [Коваль Людмила].
[12-Nov-2024 11:38:08 Europe/Helsinki] NewDATA [INFO] Нова заявка Заміна, адреса: вул. Музична 2, кв. 42, лічильники: 317113, вартість: 350 грн., примітки: 1х/в кухня 317113 8-13 додано до БД користувачем [Сміян Альона].
[2024-11-12T11:38:11.505] [INFO] DataBase - У заявці Заміна від 12 листопада 2024 р. за адресою вул. Музична, буд. 2, кв. 42 додано виконавця Баранов та додано дату виконання 13 листопада 2024 р. користувачем [Сміян Альона].
[12-Nov-2024 11:40:32 Europe/Helsinki] NewDATA [INFO] Нова адреса просп. Левка Лукяненка, буд. 28, кв. 64, тел. +38 (050) 957-19-01 додана до БД користувачем [Сміян Альона].
[12-Nov-2024 11:42:14 Europe/Helsinki] NewDATA [INFO] Нова заявка Повірка, адреса: просп. Левка Лукяненка 28, кв. 64, лічильники: БЕЗ НОМЕРА - 2 шт., вартість: 600 грн., примітки: 13-17 додано до БД користувачем [Сміян Альона].
[2024-11-12T11:42:21.786] [INFO] DataBase - У заявці Повірка від 12 листопада 2024 р. за адресою просп. Левка Лукяненка, буд. 28, кв. 64 додано виконавця ЗАПЛАНОВАНІ та додано дату виконання 13 листопада 2024 р. користувачем [Сміян Альона].
[12-Nov-2024 12:02:37 Europe/Helsinki] EditDATA [INFO] За адресою вул. Текстильників 15, кв. 54 користувачем [Сусло Тетяна] змінені номери телефонів з +38(063)606-35-85, +38(0462)23-85-95, +38(073)096-66-08, +38(068)774-58-51 на +38(068)774-58-51, при створенні нової заявки [Повірка] від 12.11.2024.
[12-Nov-2024 12:02:37 Europe/Helsinki] NewDATA [INFO] Нова заявка Повірка, адреса: вул. Текстильників 15, кв. 54, лічильники: БЕЗ НОМЕРА - 1 шт., вартість: 300 грн., примітки: 8-13 додано до БД користувачем [Сусло Тетяна].
[2024-11-12T12:02:41.588] [INFO] DataBase - У заявці Повірка від 12 листопада 2024 р. за адресою вул. Текстильників, буд. 15, кв. 54 додано виконавця ЗАПЛАНОВАНІ та додано дату виконання 14 листопада 2024 р. користувачем [Сусло Тетяна].
[12-Nov-2024 12:03:38 Europe/Helsinki] NewDATA [INFO] Нова адреса вул. Мстиславська, буд. 38, кв. 3, тел. +38 (096) 390-98-50 додана до БД користувачем [Сусло Тетяна].
[12-Nov-2024 12:03:59 Europe/Helsinki] EditDATA [INFO] За адресою вул. Доценка 13, кв. 12 користувачем [Сміян Альона] змінені номери телефонів з +38(050)383-73-96 на +38(097)638-52-14, при створенні нової заявки [Повірка] від 12.11.2024.
[12-Nov-2024 12:03:59 Europe/Helsinki] NewDATA [INFO] Нова заявка Повірка, адреса: вул. Доценка 13, кв. 12, лічильники: БЕЗ НОМЕРА - 2 шт., вартість: 600 грн., примітки: 8-13 додано до БД користувачем [Сміян Альона].
[2024-11-12T12:04:07.718] [INFO] DataBase - У заявці Повірка від 12 листопада 2024 р. за адресою вул. Доценка, буд. 13, кв. 12 додано виконавця ЗАПЛАНОВАНІ та додано дату виконання 13 листопада 2024 р. користувачем [Сміян Альона].
[12-Nov-2024 12:04:35 Europe/Helsinki] NewDATA [INFO] Нова заявка Повірка, адреса: вул. Мстиславська 38, кв. 3, лічильники: БЕЗ НОМЕРА - 4 шт., виконавець: Ващенко, вартість: 1200 грн., примітки: 10-14, за 30 хв додано до БД користувачем [Сусло Тетяна].
[2024-11-12T12:04:39.273] [INFO] DataBase - У заявці Повірка від 12 листопада 2024 р. за адресою вул. Мстиславська, буд. 38, кв. 3 додано дату виконання 13 листопада 2024 р. користувачем [Сусло Тетяна].
[12-Nov-2024 12:19:28 Europe/Helsinki] NewDATA [INFO] Нова адреса вул. Мстиславська, буд. 38, кв. 99, тел. +38 (098) 742-35-24 додана до БД користувачем [Сусло Тетяна].
[12-Nov-2024 12:20:08 Europe/Helsinki] NewDATA [INFO] Нова заявка Повірка, адреса: вул. Мстиславська 38, кв. 99, лічильники: БЕЗ НОМЕРА - 4 шт., вартість: 1200 грн., примітки: 10-15, за 30 хв додано до БД користувачем [Сусло Тетяна].
[2024-11-12T12:20:13.450] [INFO] DataBase - У заявці Повірка від 12 листопада 2024 р. за адресою вул. Мстиславська, буд. 38, кв. 99 додано виконавця Ващенко та додано дату виконання 13 листопада 2024 р. користувачем [Сусло Тетяна].
[12-Nov-2024 12:32:27 Europe/Helsinki] EditDATA [INFO] Для заявки Заміна від 12.11.2024 користувачем [Сміян Альона] змінено примітки з гор.с/в 15-17 на гор.с/в 15-17 457188.
[12-Nov-2024 13:20:45 Europe/Helsinki] NewDATA [INFO] Нова адреса вул. Савчука, буд. 7, кв. 76, тел. +38 (063) 604-43-97 додана до БД користувачем [Коваль Людмила].
[12-Nov-2024 13:21:24 Europe/Helsinki] NewDATA [INFO] Нова заявка Повірка, адреса: вул. Савчука 7, кв. 76, лічильники: БЕЗ НОМЕРА - 2 шт., вартість: 600 грн., примітки: 14-18,уточн.счетчики додано до БД користувачем [Коваль Людмила].
[2024-11-12T13:21:46.671] [INFO] DataBase - У заявці Повірка від 12 листопада 2024 р. за адресою вул. Савчука, буд. 7, кв. 76 додано виконавця Сірий та додано дату виконання 13 листопада 2024 р. користувачем [Коваль Людмила].
[12-Nov-2024 13:22:26 Europe/Helsinki] NewDATA [INFO] Нова заявка Повірка, адреса: вул. Шевченка 114 корпус А, кв. 66, лічильники: БЕЗ НОМЕРА - 1 шт., вартість: 300 грн., примітки: 8-13,пер.за час додано до БД користувачем [Коваль Людмила].
[2024-11-12T13:22:41.252] [INFO] DataBase - У заявці Повірка від 12 листопада 2024 р. за адресою вул. Шевченка, буд. 114, корп. А, кв. 66 додано виконавця ЗАПЛАНОВАНІ та додано дату виконання 15 листопада 2024 р. користувачем [Коваль Людмила].
[12-Nov-2024 13:59:59 Europe/Helsinki] NewDATA [INFO] Нова адреса вул. Мстиславська, буд. 175, кв. 41, тел. +38 (093) 372-43-25 додана до БД користувачем [Сміян Альона].
[12-Nov-2024 14:00:38 Europe/Helsinki] NewDATA [INFO] Нова заявка Повірка, адреса: вул. Мстиславська 175, кв. 41, лічильники: БЕЗ НОМЕРА - 2 шт., вартість: 600 грн., примітки: 8-13 додано до БД користувачем [Сміян Альона].
[2024-11-12T14:00:42.951] [INFO] DataBase - У заявці Повірка від 12 листопада 2024 р. за адресою вул. Мстиславська, буд. 175, кв. 41 додано виконавця ЗАПЛАНОВАНІ та додано дату виконання 15 листопада 2024 р. користувачем [Сміян Альона].
[12-Nov-2024 14:05:50 Europe/Helsinki] NewDATA [INFO] Нова адреса просп. Перемоги, буд. 21, кв. 127, тел. +38 (068) 761-33-92 додана до БД користувачем [Коваль Людмила].
[12-Nov-2024 14:11:49 Europe/Helsinki] NewDATA [INFO] Нова адреса вул. Козацька, буд. 44, кв. 79, тел. +38 (073) 124-93-92 додана до БД користувачем [Сміян Альона].
[12-Nov-2024 14:12:13 Europe/Helsinki] NewDATA [INFO] Нова заявка Повірка, адреса: вул. Козацька 44, кв. 79, лічильники: БЕЗ НОМЕРА - 1 шт., вартість: 300 грн., примітки: 8-13 30хв додано до БД користувачем [Сміян Альона].
[2024-11-12T14:12:18.245] [INFO] DataBase - У заявці Повірка від 12 листопада 2024 р. за адресою вул. Козацька, буд. 44, кв. 79 додано виконавця ЗАПЛАНОВАНІ та додано дату виконання 15 листопада 2024 р. користувачем [Сміян Альона].
[12-Nov-2024 14:16:42 Europe/Helsinki] NewDATA [INFO] Нова заявка Повірка, адреса: просп. Перемоги 21, кв. 127, лічильники: БЕЗ НОМЕРА - 4 шт., вартість: 1200 грн., примітки: 13-17,пер.за 30 хв.уточн.хол.воду додано до БД користувачем [Коваль Людмила].
[2024-11-12T14:17:26.031] [INFO] DataBase - У заявці Повірка від 12 листопада 2024 р. за адресою просп. Перемоги, буд. 21, кв. 127 додано виконавця ЗАПЛАНОВАНІ та додано дату виконання 13 листопада 2024 р. користувачем [Коваль Людмила].
[12-Nov-2024 14:18:40 Europe/Helsinki] EditDATA [INFO] Для заявки Повірка від 12.11.2024 користувачем [Коваль Людмила] змінено виконавця з ЗАПЛАНОВАНІ на Шкуліпа.
[12-Nov-2024 14:23:12 Europe/Helsinki] NewDATA [INFO] Нова адреса просп. Грушевського Михайла, буд. 191, корп. В, кв. 249, тел. +38 (097) 387-80-94 додана до БД користувачем [Сусло Тетяна].
[12-Nov-2024 14:23:41 Europe/Helsinki] NewDATA [INFO] Нова заявка Повірка, адреса: просп. Грушевського Михайла 191 корпус В, кв. 249, лічильники: БЕЗ НОМЕРА - 1 шт., вартість: 300 грн., примітки: 8-10 додано до БД користувачем [Сусло Тетяна].
[2024-11-12T14:23:45.668] [INFO] DataBase - У заявці Повірка від 12 листопада 2024 р. за адресою просп. Грушевського Михайла, буд. 191, корп. В, кв. 249 додано виконавця ЗАПЛАНОВАНІ та додано дату виконання 14 листопада 2024 р. користувачем [Сусло Тетяна].
[12-Nov-2024 14:29:25 Europe/Helsinki] NewDATA [INFO] Нова заявка Повірка, адреса: вул. Космонавтів 12, кв. 11, лічильники: БЕЗ НОМЕРА - 2 шт., вартість: 600 грн., примітки: 8-13, за 30 хв, код В2120 додано до БД користувачем [Сусло Тетяна].
[2024-11-12T14:29:30.413] [INFO] DataBase - У заявці Повірка від 12 листопада 2024 р. за адресою вул. Космонавтів, буд. 12, кв. 11 додано виконавця ЗАПЛАНОВАНІ та додано дату виконання 19 листопада 2024 р. користувачем [Сусло Тетяна].
[12-Nov-2024 14:31:59 Europe/Helsinki] EditDATA [INFO] За адресою вул. Космонавтів 24, кв. 28 користувачем [Сусло Тетяна] змінені номери телефонів з +38(099)797-41-01, +38(096)037-34-54 на +38(099)797-41-01, при створенні нової заявки [Повірка] від 12.11.2024.
[12-Nov-2024 14:32:00 Europe/Helsinki] NewDATA [INFO] Нова заявка Повірка, адреса: вул. Космонавтів 24, кв. 28, лічильники: БЕЗ НОМЕРА - 4 шт., вартість: 1200 грн., примітки: 13-17, за 30 хв додано до БД користувачем [Сусло Тетяна].
[2024-11-12T14:32:03.279] [INFO] DataBase - У заявці Повірка від 12 листопада 2024 р. за адресою вул. Космонавтів, буд. 24, кв. 28 додано виконавця Ващенко та додано дату виконання 13 листопада 2024 р. користувачем [Сусло Тетяна].
[12-Nov-2024 14:37:41 Europe/Helsinki] NewDATA [INFO] Нова заявка Заміна, адреса: вул. Мазепи Івана 31, кв. 25, лічильники: 403704, вартість: 1060 грн., примітки: 1х/в ванна 403704 8.00 додано до БД користувачем [Сміян Альона].
[2024-11-12T14:37:45.187] [INFO] DataBase - У заявці Заміна від 12 листопада 2024 р. за адресою вул. Мазепи Івана, буд. 31, кв. 25 додано виконавця Баранов та додано дату виконання 13 листопада 2024 р. користувачем [Сміян Альона].
[12-Nov-2024 14:47:49 Europe/Helsinki] NewDATA [INFO] Нова заявка Заміна, адреса: вул. Старобілоуська 47, кв. 86, лічильники: 8597910, вартість: 1060 грн., примітки: 1х/в с/в 8597910 12-15 додано до БД користувачем [Сміян Альона].
[2024-11-12T14:47:53.089] [INFO] DataBase - У заявці Заміна від 12 листопада 2024 р. за адресою вул. Старобілоуська, буд. 47, кв. 86 додано виконавця Баранов та додано дату виконання 13 листопада 2024 р. користувачем [Сміян Альона].
[12-Nov-2024 15:11:34 Europe/Helsinki] NewDATA [INFO] Нова заявка Заміна, адреса: просп. Миру 215, кв. 19, лічильники: БЕЗ НОМЕРА - 1 шт., вартість: 1060 грн., примітки: 13-17,гор.с/в додано до БД користувачем [Коваль Людмила].
[2024-11-12T15:12:08.433] [INFO] DataBase - У заявці Заміна від 12 листопада 2024 р. за адресою просп. Миру, буд. 215, кв. 19 додано виконавця Баранов та додано дату виконання 18 листопада 2024 р. користувачем [Коваль Людмила].
[12-Nov-2024 15:32:44 Europe/Helsinki] EditDATA [INFO] За адресою вул. Пятницька 92, кв. 1 користувачем [Сусло Тетяна] змінені номери телефонів з +38(0462)72-26-63, +38(099)965-31-83, +38(097)636-58-97 на +38(068)196-55-12, при створенні нової заявки [Заміна] від 12.11.2024.
[12-Nov-2024 15:32:44 Europe/Helsinki] NewDATA [INFO] Нова заявка Заміна, адреса: вул. Пятницька 92, кв. 1, лічильники: БЕЗ НОМЕРА - 1 шт., виконавець: Баранов, вартість: 1060 грн., примітки: 13-17, 1 гв, туалет додано до БД користувачем [Сусло Тетяна].
[2024-11-12T15:32:46.817] [INFO] DataBase - У заявці Заміна від 12 листопада 2024 р. за адресою вул. Пятницька, буд. 92, кв. 1 додано дату виконання 13 листопада 2024 р. користувачем [Сусло Тетяна].
[12-Nov-2024 15:35:25 Europe/Helsinki] NewDATA [INFO] Нова адреса вул. 1-ї Гвардійської Армії, буд. 8, кв. 44, тел. +38 (097) 399-37-72 додана до БД користувачем [Сміян Альона].
[12-Nov-2024 15:36:29 Europe/Helsinki] NewDATA [INFO] Нова заявка Повірка, адреса: вул. 1-ї Гвардійської Армії 8, кв. 44, лічильники: БЕЗ НОМЕРА - 2 шт., вартість: 600 грн., примітки: 14-16 звонок не раб додано до БД користувачем [Сміян Альона].
[2024-11-12T15:36:39.387] [INFO] DataBase - У заявці Повірка від 12 листопада 2024 р. за адресою вул. 1-ї Гвардійської Армії, буд. 8, кв. 44 додано виконавця ЗАПЛАНОВАНІ та додано дату виконання 14 листопада 2024 р. користувачем [Сміян Альона].
[12-Nov-2024 15:47:28 Europe/Helsinki] EditDATA [INFO] Для заявки Повірка від 12.11.2024 користувачем [Сусло Тетяна] змінено виконавця з ЗАПЛАНОВАНІ на Богомаз.
[12-Nov-2024 15:47:37 Europe/Helsinki] EditDATA [INFO] Для заявки Повірка від 12.11.2024 користувачем [Сусло Тетяна] змінено виконавця з ЗАПЛАНОВАНІ на Богомаз.
[12-Nov-2024 15:47:45 Europe/Helsinki] EditDATA [INFO] Для заявки Повірка від 11.11.2024 користувачем [Сусло Тетяна] змінено виконавця з ЗАПЛАНОВАНІ на Богомаз.
[12-Nov-2024 15:47:54 Europe/Helsinki] EditDATA [INFO] Для заявки Повірка від 11.11.2024 користувачем [Сусло Тетяна] змінено виконавця з ЗАПЛАНОВАНІ на Богомаз.
[12-Nov-2024 15:48:09 Europe/Helsinki] EditDATA [INFO] Для заявки Повірка від 11.11.2024 користувачем [Сусло Тетяна] змінено виконавця з ЗАПЛАНОВАНІ на Богомаз.
[12-Nov-2024 15:48:20 Europe/Helsinki] EditDATA [INFO] Для заявки Повірка від 11.11.2024 користувачем [Сусло Тетяна] змінено виконавця з ЗАПЛАНОВАНІ на Богомаз.
[12-Nov-2024 15:48:28 Europe/Helsinki] EditDATA [INFO] Для заявки Повірка від 07.11.2024 користувачем [Сусло Тетяна] змінено виконавця з ЗАПЛАНОВАНІ на Богомаз.
[12-Nov-2024 15:49:55 Europe/Helsinki] NewDATA [INFO] Нова заявка Повірка, адреса: вул. Волковича 2 корпус Б, кв. 139, лічильники: БЕЗ НОМЕРА - 1 шт., вартість: 300 грн., примітки: 16-18,пер.за 10  хв.не працює дом. додано до БД користувачем [Коваль Людмила].
[2024-11-12T15:50:11.225] [INFO] DataBase - У заявці Повірка від 12 листопада 2024 р. за адресою вул. Волковича, буд. 2, корп. Б, кв. 139 додано виконавця ЗАПЛАНОВАНІ та додано дату виконання 15 листопада 2024 р. користувачем [Коваль Людмила].
[12-Nov-2024 15:50:46 Europe/Helsinki] NewDATA [INFO] Нова заявка Повірка, адреса: вул. Нафтовиків 21, кв. 72, лічильники: БЕЗ НОМЕРА - 2 шт., вартість: 600 грн., примітки: 13-17 додано до БД користувачем [Коваль Людмила].
[2024-11-12T15:51:05.798] [INFO] DataBase - У заявці Повірка від 12 листопада 2024 р. за адресою вул. Нафтовиків, буд. 21, кв. 72 додано виконавця ЗАПЛАНОВАНІ та додано дату виконання 14 листопада 2024 р. користувачем [Коваль Людмила].
[12-Nov-2024 15:51:29 Europe/Helsinki] EditDATA [INFO] Для заявки Повірка від 06.11.2024 користувачем [Коваль Людмила] змінено виконавця з ЗАПЛАНОВАНІ на Богомаз.
[12-Nov-2024 15:51:40 Europe/Helsinki] EditDATA [INFO] Для заявки Повірка від 05.11.2024 користувачем [Коваль Людмила] змінено виконавця з ЗАПЛАНОВАНІ на Богомаз.
[12-Nov-2024 15:51:49 Europe/Helsinki] EditDATA [INFO] Для заявки Повірка від 31.10.2024 користувачем [Коваль Людмила] змінено виконавця з ЗАПЛАНОВАНІ на Богомаз.
[12-Nov-2024 15:53:45 Europe/Helsinki] EditDATA [INFO] За адресою просп. Левка Лукяненка 37, кв. 94 користувачем [Сусло Тетяна] змінені номери телефонів з +38(099)228-57-54 на +38(066)180-19-95, при створенні нової заявки [Повірка] від 12.11.2024.
[12-Nov-2024 15:53:45 Europe/Helsinki] NewDATA [INFO] Нова заявка Повірка, адреса: просп. Левка Лукяненка 37, кв. 94, лічильники: БЕЗ НОМЕРА - 1 шт., вартість: 300 грн., примітки: 16-18, працює в школі додано до БД користувачем [Сусло Тетяна].
[2024-11-12T15:53:48.978] [INFO] DataBase - У заявці Повірка від 12 листопада 2024 р. за адресою просп. Левка Лукяненка, буд. 37, кв. 94 додано виконавця Ващенко та додано дату виконання 13 листопада 2024 р. користувачем [Сусло Тетяна].
[12-Nov-2024 15:55:37 Europe/Helsinki] EditDATA [INFO] За адресою вул. Савчука 11, кв. 65 користувачем [Сусло Тетяна] змінені номери телефонів з +38(066)017-06-19, +38(050)461-68-75 на +38(050)461-68-75, при створенні нової заявки [Повірка] від 12.11.2024.
[12-Nov-2024 15:55:37 Europe/Helsinki] NewDATA [INFO] Нова заявка Повірка, адреса: вул. Савчука 11, кв. 65, лічильники: БЕЗ НОМЕРА - 2 шт., виконавець: Сірий, вартість: 600 грн., примітки: 13-17 додано до БД користувачем [Сусло Тетяна].
[2024-11-12T15:55:41.866] [INFO] DataBase - У заявці Повірка від 12 листопада 2024 р. за адресою вул. Савчука, буд. 11, кв. 65 додано дату виконання 13 листопада 2024 р. користувачем [Сусло Тетяна].
[12-Nov-2024 15:57:02 Europe/Helsinki] NewDATA [INFO] Нова адреса вул. Небаби Мартина, буд. 100, кв. 18, тел. +38 (050) 461-68-75 додана до БД користувачем [Сусло Тетяна].
[12-Nov-2024 15:57:27 Europe/Helsinki] NewDATA [INFO] Нова заявка Повірка, адреса: вул. Небаби Мартина 100, кв. 18, лічильники: БЕЗ НОМЕРА - 2 шт., вартість: 600 грн., примітки: 8-13 додано до БД користувачем [Сусло Тетяна].
[2024-11-12T15:57:35.668] [INFO] DataBase - У заявці Повірка від 12 листопада 2024 р. за адресою вул. Небаби Мартина, буд. 100, кв. 18 додано виконавця ЗАПЛАНОВАНІ та додано дату виконання 18 листопада 2024 р. користувачем [Сусло Тетяна].
[2024-11-12T16:02:37.102] [INFO] DataBase - У заявці Повірка від 11 листопада 2024 р. за адресою просп. Левка Лукяненка, буд. 70, кв. 156 видалено дату виконання 12 листопада 2024 р. користувачем [Сусло Тетяна].
[2024-11-12T16:02:44.109] [INFO] DataBase - У заявці Повірка від 11 листопада 2024 р. за адресою просп. Левка Лукяненка, буд. 70, кв. 156 додано дату виконання 14 листопада 2024 р. користувачем [Сусло Тетяна].
[12-Nov-2024 16:02:51 Europe/Helsinki] EditDATA [INFO] Для заявки Повірка від 11.11.2024 користувачем [Сусло Тетяна] змінено виконавця з Ващенко на ЗАПЛАНОВАНІ.
[12-Nov-2024 16:03:26 Europe/Helsinki] EditDATA [INFO] Для заявки Повірка від 11.11.2024 користувачем [Сусло Тетяна] змінено примітки з 14-18,пер.за час на 9-13, за 30 хв.
[12-Nov-2024 16:44:54 Europe/Helsinki] NewDATA [INFO] Нова адреса просп. Перемоги, буд. 184, кв. 220, тел. +38 (063) 499-27-27 додана до БД користувачем [Сусло Тетяна].
[12-Nov-2024 16:46:05 Europe/Helsinki] NewDATA [INFO] Нова заявка Повірка, адреса: просп. Перемоги 184, кв. 220, лічильники: БЕЗ НОМЕРА - 2 шт., вартість: 600 грн., примітки: 14-17, за 1 год, як можна пізніше додано до БД користувачем [Сусло Тетяна].
[2024-11-12T16:46:10.931] [INFO] DataBase - У заявці Повірка від 12 листопада 2024 р. за адресою просп. Перемоги, буд. 184, кв. 220 додано виконавця ЗАПЛАНОВАНІ та додано дату виконання 14 листопада 2024 р. користувачем [Сусло Тетяна].

