[12-Aug-2025 09:47:49 Europe/Helsinki] NewDATA [INFO] Нова адреса вул. Незалежності, буд. 40, кв. 65, тел. +38 (068) 165-30-41 додана до БД користувачем [Коваль Людмила].
[12-Aug-2025 09:50:48 Europe/Helsinki] NewDATA [INFO] Нова заявка Повірка, адреса: вул. Незалежності 40, кв. 65, лічильники: БЕЗ НОМЕРА - 1 шт., вартість: 1100 грн., примітки: 8-13,хол.с/в додано до БД користувачем [Коваль Людмила].
[2025-08-12T09:50:51.548] [INFO] DataBase - У заявці Повірка від 12 серпня 2025 р. за адресою вул. Незалежності, буд. 40, кв. 65 додано виконавця Баранов та додано дату виконання 14 серпня 2025 р. користувачем [Коваль Людмила].
[12-Aug-2025 09:52:59 Europe/Helsinki] EditDATA [INFO] За адресою вул. Космонавтів 3, кв. 44 користувачем [Коваль Людмила] змінені номери телефонів з +38(097)388-36-05 на +38(050)236-10-70, при створенні нової заявки [Повірка] від 12.08.2025.
[12-Aug-2025 09:52:59 Europe/Helsinki] NewDATA [INFO] Нова заявка Повірка, адреса: вул. Космонавтів 3, кв. 44, лічильники: БЕЗ НОМЕРА - 1 шт., вартість: 350 грн., примітки: 8-10,перез.за 20 хв. додано до БД користувачем [Коваль Людмила].
[2025-08-12T09:53:02.486] [INFO] DataBase - У заявці Повірка від 12 серпня 2025 р. за адресою вул. Космонавтів, буд. 3, кв. 44 додано виконавця ЗАПЛАНОВАНІ та додано дату виконання 13 серпня 2025 р. користувачем [Коваль Людмила].
[12-Aug-2025 10:17:03 Europe/Helsinki] EditDATA [INFO] Для заявки Повірка від 04.08.2025 користувачем [Коваль Людмила] змінено примітки з 8-13 на 8-11.
[12-Aug-2025 10:37:34 Europe/Helsinki] DellTASK [INFO] Повірка від 08.08.2025 для адреси вул. 1-ї Гвардійської Армії, буд. 10, кв. 48 для лічильника БЕЗ НОМЕРА - 4 шт. було завершено користувачем [Коваль Людмила] з коментарем: виконано.
[12-Aug-2025 10:37:48 Europe/Helsinki] DellTASK [INFO] Повірка від 04.08.2025 для адреси вул. Харківська, буд. 2, кв. 22 для лічильника БЕЗ НОМЕРА - 1 шт. було завершено користувачем [Коваль Людмила] з коментарем: виконано.
[12-Aug-2025 10:38:01 Europe/Helsinki] DellTASK [INFO] Повірка від 07.08.2025 для адреси вул. Самоквасова Дмитра, буд. 15, кв. 128 для лічильника БЕЗ НОМЕРА - 2 шт. було завершено користувачем [Коваль Людмила] з коментарем: виконано.
[12-Aug-2025 10:38:13 Europe/Helsinki] DellTASK [INFO] Повірка від 04.08.2025 для адреси вул. Заньковецька, буд. 28, кв. 72 для лічильника БЕЗ НОМЕРА - 4 шт. було завершено користувачем [Коваль Людмила] з коментарем: виконано.
[12-Aug-2025 10:38:30 Europe/Helsinki] DellTASK [INFO] Повірка від 11.08.2025 для адреси просп. Перемоги, буд. 153, кв. 6 для лічильника БЕЗ НОМЕРА - 2 шт. було завершено користувачем [Коваль Людмила] з коментарем: виконано.
[12-Aug-2025 10:38:44 Europe/Helsinki] DellTASK [INFO] Повірка від 08.08.2025 для адреси вул. Доценка, буд. 17, корп. Г, кв. 37 для лічильника БЕЗ НОМЕРА - 2 шт. було завершено користувачем [Коваль Людмила] з коментарем: виконано.
[12-Aug-2025 10:38:55 Europe/Helsinki] DellTASK [INFO] Повірка від 08.08.2025 для адреси вул. Коцюбинського, буд. 25, кв. 4 для лічильника БЕЗ НОМЕРА - 1 шт. було завершено користувачем [Коваль Людмила] з коментарем: виконано.
[12-Aug-2025 10:40:29 Europe/Helsinki] DellTASK [INFO] Повірка від 08.08.2025 для адреси вул. Шевченка, буд. 22, кв. 3 для лічильника БЕЗ НОМЕРА - 1 шт. було завершено користувачем [Коваль Людмила] з коментарем: виконано.
[12-Aug-2025 10:40:44 Europe/Helsinki] DellTASK [INFO] Повірка від 08.08.2025 для адреси просп. Грушевського Михайла, буд. 163, кв. 90 для лічильника БЕЗ НОМЕРА - 2 шт. було завершено користувачем [Коваль Людмила] з коментарем: виконано.
[12-Aug-2025 11:23:34 Europe/Helsinki] DellTASK [INFO] Повірка від 05.08.2025 для адреси вул. Шевченка, буд. 46, кв. 39 для лічильника БЕЗ НОМЕРА - 4 шт. було завершено користувачем [Коваль Людмила] з коментарем: виконано.
[12-Aug-2025 11:23:48 Europe/Helsinki] DellTASK [INFO] Повірка від 30.07.2025 для адреси вул. Гетьмана Полуботка, буд. 120, кв. 54 для лічильника БЕЗ НОМЕРА - 1 шт. було завершено користувачем [Коваль Людмила] з коментарем: виконано.
[12-Aug-2025 11:24:05 Europe/Helsinki] DellTASK [INFO] Повірка від 04.08.2025 для адреси вул. Доценка, буд. 15, корп. А, кв. 33 для лічильника БЕЗ НОМЕРА - 2 шт. було завершено користувачем [Коваль Людмила] з коментарем: виконано.
[12-Aug-2025 11:26:08 Europe/Helsinki] NewDATA [INFO] Новий лічильник номер: 8464550, тип: ЛК => DN 15, рік випуску: 2018, показники: 0, балансоутримувач: КП "ВДК" додано до БД користувачем [Коваль Людмила].
[12-Aug-2025 11:27:02 Europe/Helsinki] NewDATA [INFO] Новий лічильник номер: 8322146, тип: ЛК => DN 15, рік випуску: 2018, показники: 0, балансоутримувач: КП "ТКЕ" додано до БД користувачем [Коваль Людмила].
[12-Aug-2025 11:27:06 Europe/Helsinki] EditDATA [INFO] За адресою вул. Самоквасова Дмитра, буд. 15, кв. 128 користувачем [Коваль Людмила] було додано лічильники: 8464550, 8322146].
[12-Aug-2025 11:28:35 Europe/Helsinki] NewDATA [INFO] Новий лічильник номер: 00367019, тип: E-T 1,5-U => DN 15, рік випуску: 2018, показники: 0, балансоутримувач: КП "ВДК" додано до БД користувачем [Коваль Людмила].
[12-Aug-2025 11:29:00 Europe/Helsinki] NewDATA [INFO] Новий лічильник номер: 00376557, тип: E-T 1,5-U => DN 15, рік випуску: 2018, показники: 0, балансоутримувач: КП "ТКЕ" додано до БД користувачем [Коваль Людмила].
[12-Aug-2025 11:29:27 Europe/Helsinki] NewDATA [INFO] Новий лічильник номер: 00377187, тип: E-T 1,5-U => DN 15, рік випуску: 2018, показники: 0, балансоутримувач: КП "ТКЕ" додано до БД користувачем [Коваль Людмила].
[12-Aug-2025 11:29:49 Europe/Helsinki] NewDATA [INFO] Новий лічильник номер: 00366339, тип: E-T 1,5-U => DN 15, рік випуску: 2018, показники: 0, балансоутримувач: КП "ВДК" додано до БД користувачем [Коваль Людмила].
[12-Aug-2025 11:29:51 Europe/Helsinki] EditDATA [INFO] За адресою вул. Заньковецька, буд. 28, кв. 72 користувачем [Коваль Людмила] було додано лічильники: 00367019, 00376557, 00377187, 00366339].
[12-Aug-2025 11:30:28 Europe/Helsinki] NewDATA [INFO] Новий лічильник номер: 060346, тип: КВ-1,5 => DN 15, рік випуску: 2003, показники: 0, балансоутримувач: КП "ТКЕ" додано до БД користувачем [Коваль Людмила].
[12-Aug-2025 11:30:30 Europe/Helsinki] EditDATA [INFO] За адресою вул. Харківська, буд. 2, кв. 22 користувачем [Коваль Людмила] було додано лічильники: 060346].
[12-Aug-2025 11:31:15 Europe/Helsinki] NewDATA [INFO] Новий лічильник номер: 1200106403, тип: ЛК => DN 15, рік випуску: 2021, показники: 0, балансоутримувач: КП "ТКЕ" додано до БД користувачем [Коваль Людмила].
[12-Aug-2025 11:31:48 Europe/Helsinki] NewDATA [INFO] Новий лічильник номер: 7906500, тип: JS => DN 15, рік випуску: 2005, показники: 0, балансоутримувач: КП "ВДК" додано до БД користувачем [Коваль Людмила].
[12-Aug-2025 11:32:27 Europe/Helsinki] NewDATA [INFO] Новий лічильник номер: 7687583, тип: ЛК => DN 15, рік випуску: 2017, показники: 0, балансоутримувач: КП "ВДК" додано до БД користувачем [Коваль Людмила].
[12-Aug-2025 11:32:56 Europe/Helsinki] NewDATA [INFO] Новий лічильник номер: 7882436, тип: JS => DN 15, рік випуску: 2005, показники: 0, балансоутримувач: КП "ТКЕ" додано до БД користувачем [Коваль Людмила].
[12-Aug-2025 11:32:58 Europe/Helsinki] EditDATA [INFO] За адресою вул. 1-ї Гвардійської Армії, буд. 10, кв. 48 користувачем [Коваль Людмила] було додано лічильники: 1200106403, 7906500, 7687583, 7882436].
[12-Aug-2025 11:33:50 Europe/Helsinki] NewDATA [INFO] Новий лічильник номер: 020406, тип: КВ-1,5 => DN 15, рік випуску: 2001, показники: 0, балансоутримувач: АТ "ОТКЕ" додано до БД користувачем [Коваль Людмила].
[12-Aug-2025 11:33:52 Europe/Helsinki] EditDATA [INFO] За адресою вул. Гетьмана Полуботка, буд. 120, кв. 54 користувачем [Коваль Людмила] було додано лічильники: 020406].
[12-Aug-2025 11:34:29 Europe/Helsinki] NewDATA [INFO] Новий лічильник номер: 6912548, тип: ЛК => DN 15, рік випуску: 2016, показники: 0, балансоутримувач: КП "ВДК" додано до БД користувачем [Коваль Людмила].
[12-Aug-2025 11:34:30 Europe/Helsinki] EditDATA [INFO] За адресою вул. Шевченка, буд. 22, кв. 3 користувачем [Коваль Людмила] було додано лічильники: 6912548].
[12-Aug-2025 11:35:15 Europe/Helsinki] NewDATA [INFO] Новий лічильник номер: 8573856, тип: JS => DN 15, рік випуску: 2008, показники: 0, балансоутримувач: КП "ВДК" додано до БД користувачем [Коваль Людмила].
[12-Aug-2025 11:35:39 Europe/Helsinki] NewDATA [INFO] Новий лічильник номер: 5899194, тип: JS => DN 15, рік випуску: 2007, показники: 0, балансоутримувач: КП "ВДК" додано до БД користувачем [Коваль Людмила].
[12-Aug-2025 11:36:06 Europe/Helsinki] NewDATA [INFO] Новий лічильник номер: 044725, тип: КВ-1,5 => DN 15, рік випуску: 2008, показники: 0, балансоутримувач: АТ "ОТКЕ" додано до БД користувачем [Коваль Людмила].
[12-Aug-2025 11:36:08 Europe/Helsinki] EditDATA [INFO] За адресою вул. Шевченка, буд. 46, кв. 39 користувачем [Коваль Людмила] було додано лічильники: 8573856, 5899194, 044725].
[12-Aug-2025 11:36:51 Europe/Helsinki] NewDATA [INFO] Новий лічильник номер: 058065, тип: КВ-1,5 => DN 15, рік випуску: 2018, показники: 0, балансоутримувач: КП "ВДК" додано до БД користувачем [Коваль Людмила].
[12-Aug-2025 11:37:14 Europe/Helsinki] NewDATA [INFO] Новий лічильник номер: 53101, тип: КВ-1,5 => DN 15, рік випуску: 2018, показники: 0, балансоутримувач: АТ "ОТКЕ" додано до БД користувачем [Коваль Людмила].
[12-Aug-2025 11:37:16 Europe/Helsinki] EditDATA [INFO] За адресою просп. Перемоги, буд. 153, кв. 6 користувачем [Коваль Людмила] було додано лічильники: 058065, 53101].
[12-Aug-2025 11:37:54 Europe/Helsinki] NewDATA [INFO] Новий лічильник номер: 2014622, тип: СК => DN 15, рік випуску: 2002, показники: 0, балансоутримувач: КП "ВДК" додано до БД користувачем [Коваль Людмила].
[12-Aug-2025 11:38:18 Europe/Helsinki] NewDATA [INFO] Новий лічильник номер: 2018391, тип: СК => DN 15, рік випуску: 2002, показники: 0, балансоутримувач: АТ "ОТКЕ" додано до БД користувачем [Коваль Людмила].
[12-Aug-2025 11:38:19 Europe/Helsinki] EditDATA [INFO] За адресою вул. Доценка, буд. 15, корп. А, кв. 33 користувачем [Коваль Людмила] було додано лічильники: 2014622, 2018391].
[12-Aug-2025 11:38:57 Europe/Helsinki] NewDATA [INFO] Новий лічильник номер: 022704, тип: КВ-1,5 => DN 15, рік випуску: 2002, показники: 0, балансоутримувач: КП "ВДК" додано до БД користувачем [Коваль Людмила].
[12-Aug-2025 11:39:20 Europe/Helsinki] NewDATA [INFO] Новий лічильник номер: 170796, тип: КВ-1,5 => DN 15, рік випуску: 2006, показники: 0, балансоутримувач: АТ "ОТКЕ" додано до БД користувачем [Коваль Людмила].
[12-Aug-2025 11:39:22 Europe/Helsinki] EditDATA [INFO] За адресою вул. Доценка, буд. 17, корп. Г, кв. 37 користувачем [Коваль Людмила] було додано лічильники: 022704, 170796].
[12-Aug-2025 11:40:03 Europe/Helsinki] NewDATA [INFO] Новий лічильник номер: 7789425, тип: ЛК => DN 15, рік випуску: 2017, показники: 0, балансоутримувач: КП "ВДК" додано до БД користувачем [Коваль Людмила].
[12-Aug-2025 11:40:27 Europe/Helsinki] NewDATA [INFO] Новий лічильник номер: 7382131, тип: ЛК => DN 15, рік випуску: 2017, показники: 0, балансоутримувач: АТ "ОТКЕ" додано до БД користувачем [Коваль Людмила].
[12-Aug-2025 11:40:29 Europe/Helsinki] EditDATA [INFO] За адресою просп. Грушевського Михайла, буд. 163, кв. 90 користувачем [Коваль Людмила] було додано лічильники: 7789425, 7382131].
[12-Aug-2025 11:41:08 Europe/Helsinki] NewDATA [INFO] Новий лічильник номер: 628547, тип: КВ-1,5 => DN 15, рік випуску: 2008, показники: 0, балансоутримувач: КП "ВДК" додано до БД користувачем [Коваль Людмила].
[12-Aug-2025 11:41:10 Europe/Helsinki] EditDATA [INFO] За адресою вул. Шевченка, буд. 46, кв. 4 користувачем [Коваль Людмила] було додано лічильники: 628547].
[12-Aug-2025 11:41:50 Europe/Helsinki] NewDATA [INFO] Новий лічильник номер: 405376, тип: КВ-1,5 => DN 15, рік випуску: 2002, показники: 0, балансоутримувач: КП "ВДК" додано до БД користувачем [Коваль Людмила].
[12-Aug-2025 11:41:54 Europe/Helsinki] EditDATA [INFO] За адресою вул. Коцюбинського, буд. 25, кв. 4 користувачем [Коваль Людмила] було додано лічильники: 405376].
[12-Aug-2025 13:07:55 Europe/Helsinki] EditDATA [INFO] За адресою вул. Самострова 13, кв. 89 користувачем [Коваль Людмила] змінені номери телефонів з +38(063)608-20-15, +38(063)529-79-48 на +38(063)608-20-15, при створенні нової заявки [Повірка] від 12.08.2025.
[12-Aug-2025 13:07:55 Europe/Helsinki] NewDATA [INFO] Нова заявка Повірка, адреса: вул. Самострова 13, кв. 89, лічильники: БЕЗ НОМЕРА - 2 шт., вартість: 660 грн., примітки: 14-17,пер.за 30 хв. додано до БД користувачем [Коваль Людмила].
[2025-08-12T13:07:58.928] [INFO] DataBase - У заявці Повірка від 12 серпня 2025 р. за адресою вул. Самострова, буд. 13, кв. 89 додано виконавця ЗАПЛАНОВАНІ та додано дату виконання 13 серпня 2025 р. користувачем [Коваль Людмила].
[12-Aug-2025 13:09:24 Europe/Helsinki] EditDATA [INFO] За адресою вул. Незалежності 52, кв. 54 користувачем [Коваль Людмила] додано номер телефону +38(097)610-31-40, при створенні нової заявки [Повірка] від 12.08.2025.
[12-Aug-2025 13:09:24 Europe/Helsinki] NewDATA [INFO] Нова заявка Повірка, адреса: вул. Незалежності 52, кв. 54, лічильники: БЕЗ НОМЕРА - 2 шт., вартість: 660 грн., примітки: 14-17,пер.за 30 хв. додано до БД користувачем [Коваль Людмила].
[2025-08-12T13:09:29.134] [INFO] DataBase - У заявці Повірка від 12 серпня 2025 р. за адресою вул. Незалежності, буд. 52, кв. 54 додано виконавця ЗАПЛАНОВАНІ та додано дату виконання 15 серпня 2025 р. користувачем [Коваль Людмила].
[12-Aug-2025 13:10:38 Europe/Helsinki] EditDATA [INFO] Для заявки Повірка від 12.08.2025 користувачем [Коваль Людмила] змінено виконавця з ЗАПЛАНОВАНІ на Шкуліпа.
[12-Aug-2025 13:10:49 Europe/Helsinki] EditDATA [INFO] Для заявки Повірка від 11.08.2025 користувачем [Коваль Людмила] змінено виконавця з ЗАПЛАНОВАНІ на Шкуліпа.
[12-Aug-2025 13:10:59 Europe/Helsinki] EditDATA [INFO] Для заявки Повірка від 11.08.2025 користувачем [Коваль Людмила] змінено виконавця з ЗАПЛАНОВАНІ на Сірий.
[12-Aug-2025 13:11:15 Europe/Helsinki] EditDATA [INFO] Для заявки Повірка від 08.08.2025 користувачем [Коваль Людмила] змінено виконавця з ЗАПЛАНОВАНІ на Сірий.
[12-Aug-2025 13:11:25 Europe/Helsinki] EditDATA [INFO] Для заявки Повірка від 08.08.2025 користувачем [Коваль Людмила] змінено виконавця з ЗАПЛАНОВАНІ на Сірий.
[12-Aug-2025 13:11:34 Europe/Helsinki] EditDATA [INFO] Для заявки Повірка від 31.07.2025 користувачем [Коваль Людмила] змінено виконавця з ЗАПЛАНОВАНІ на Шкуліпа.
[12-Aug-2025 13:11:43 Europe/Helsinki] EditDATA [INFO] Для заявки Повірка від 04.08.2025 користувачем [Коваль Людмила] змінено виконавця з ЗАПЛАНОВАНІ на Сірий.
[12-Aug-2025 13:11:56 Europe/Helsinki] EditDATA [INFO] Для заявки Повірка від 30.07.2025 користувачем [Коваль Людмила] змінено виконавця з ЗАПЛАНОВАНІ на Шкуліпа.
[12-Aug-2025 13:12:05 Europe/Helsinki] EditDATA [INFO] Для заявки Повірка від 07.08.2025 користувачем [Коваль Людмила] змінено виконавця з ЗАПЛАНОВАНІ на Шкуліпа.
[12-Aug-2025 13:12:15 Europe/Helsinki] EditDATA [INFO] Для заявки Повірка від 31.07.2025 користувачем [Коваль Людмила] змінено виконавця з ЗАПЛАНОВАНІ на Сірий.
[12-Aug-2025 13:12:27 Europe/Helsinki] EditDATA [INFO] Для заявки Повірка від 23.07.2025 користувачем [Коваль Людмила] змінено виконавця з ЗАПЛАНОВАНІ на Сірий.
[12-Aug-2025 13:12:37 Europe/Helsinki] EditDATA [INFO] Для заявки Повірка від 15.07.2025 користувачем [Коваль Людмила] змінено виконавця з ЗАПЛАНОВАНІ на Сірий.
[12-Aug-2025 13:12:46 Europe/Helsinki] EditDATA [INFO] Для заявки Повірка від 12.08.2025 користувачем [Коваль Людмила] змінено виконавця з ЗАПЛАНОВАНІ на Шкуліпа.
[12-Aug-2025 13:12:55 Europe/Helsinki] EditDATA [INFO] Для заявки Повірка від 31.07.2025 користувачем [Коваль Людмила] змінено виконавця з ЗАПЛАНОВАНІ на Шкуліпа.
[12-Aug-2025 13:33:34 Europe/Helsinki] EditDATA [INFO] За адресою вул. Рятувальників 25, кв. 90 користувачем [Коваль Людмила] змінені номери телефонів з +38(0462)25-24-06 на +38(099)215-05-83, при створенні нової заявки [Повірка] від 12.08.2025.
[12-Aug-2025 13:33:34 Europe/Helsinki] NewDATA [INFO] Нова заявка Повірка, адреса: вул. Рятувальників 25, кв. 90, лічильники: БЕЗ НОМЕРА - 1 шт., вартість: 1100 грн., примітки: хол.№538635.з 9-11.пер.за 30 мин. додано до БД користувачем [Коваль Людмила].
[2025-08-12T13:33:38.611] [INFO] DataBase - У заявці Повірка від 12 серпня 2025 р. за адресою вул. Рятувальників, буд. 25, кв. 90 додано виконавця Баранов та додано дату виконання 13 серпня 2025 р. користувачем [Коваль Людмила].
[12-Aug-2025 14:21:35 Europe/Helsinki] NewDATA [INFO] Нова адреса вул. Шевчука, буд. 8, кв. 172, тел. +38 (093) 935-90-20 додана до БД користувачем [Коваль Людмила].
[12-Aug-2025 14:22:18 Europe/Helsinki] NewDATA [INFO] Нова заявка Повірка, адреса: вул. Шевчука 8, кв. 172, лічильники: БЕЗ НОМЕРА - 4 шт., вартість: 1320 грн., примітки: 14-17,пер.за 30 хв. додано до БД користувачем [Коваль Людмила].
[2025-08-12T14:22:21.762] [INFO] DataBase - У заявці Повірка від 12 серпня 2025 р. за адресою вул. Шевчука, буд. 8, кв. 172 додано виконавця Шкуліпа та додано дату виконання 13 серпня 2025 р. користувачем [Коваль Людмила].
[12-Aug-2025 16:19:01 Europe/Helsinki] NewDATA [INFO] Нова адреса вул. Старобілоуська, буд. 47, кв. 11, тел. +38 (039) 393-80-42 додана до БД користувачем [Коваль Людмила].
[12-Aug-2025 16:19:28 Europe/Helsinki] NewDATA [INFO] Нова заявка Заміна, адреса: вул. Старобілоуська 47, кв. 11, лічильники: БЕЗ НОМЕРА - 1 шт., вартість: 1100 грн., примітки: 8-13,гор.с/в додано до БД користувачем [Коваль Людмила].
[2025-08-12T16:19:32.127] [INFO] DataBase - У заявці Заміна від 12 серпня 2025 р. за адресою вул. Старобілоуська, буд. 47, кв. 11 додано виконавця Баранов та додано дату виконання 14 серпня 2025 р. користувачем [Коваль Людмила].
[12-Aug-2025 16:28:45 Europe/Helsinki] NewDATA [INFO] Нова заявка Повірка, адреса: вул. Мстиславська 140, кв. 13, лічильники: БЕЗ НОМЕРА - 1 шт., вартість: 350 грн., примітки: 13-17,пер.за 30 хв. додано до БД користувачем [Коваль Людмила].
[2025-08-12T16:28:48.640] [INFO] DataBase - У заявці Повірка від 12 серпня 2025 р. за адресою вул. Мстиславська, буд. 140, кв. 13 додано виконавця ЗАПЛАНОВАНІ та додано дату виконання 14 серпня 2025 р. користувачем [Коваль Людмила].
