[18-Sep-2024 08:25:55 Europe/Helsinki] NewDATA [INFO] Нова адреса вул. Генерала Пухова, буд. 130, кв. 138, тел. +38 (068) 852-27-83 додана до БД користувачем [Сусло Тетяна].
[18-Sep-2024 08:26:30 Europe/Helsinki] NewDATA [INFO] Нова заявка Повірка, адреса: вул. Генерала Пухова 130, кв. 138, лічильники: БЕЗ НОМЕРА - 2 шт., вартість: 600 грн., примітки: 8-13, за 30 хв додано до БД користувачем [Сусло Тетяна].
[2024-09-18T08:26:36.831] [INFO] DataBase - У заявці Повірка від 18 вересня 2024 р. за адресою вул. Генерала Пухова, буд. 130, кв. 138 додано виконавця ЗАПЛАНОВАНІ та додано дату виконання 4 жовтня 2024 р. користувачем [Сусло Тетяна].
[18-Sep-2024 08:39:12 Europe/Helsinki] NewDATA [INFO] Новий лічильник номер: 240149702, тип: СВК => DN 15, рік випуску: 2024, показники: 0, балансоутримувач: АТ "ОТКЕ" додано до БД користувачем [Сміян Альона].
[18-Sep-2024 08:39:23 Europe/Helsinki] EditDATA [INFO] Для заявки Заміна від 17.09.2024 користувачем [Сміян Альона] лічильник БЕЗ НОМЕРА ідентифіковано як 240149702.
[18-Sep-2024 08:39:33 Europe/Helsinki] DellTASK [INFO] Заміна від 17.09.2024 для адреси вул. Незалежності, буд. 82, кв. 37 для лічильника 240149702 було завершено користувачем [Сміян Альона] з коментарем: виконано.
[18-Sep-2024 08:40:40 Europe/Helsinki] DellTASK [INFO] Заміна від 17.09.2024 для адреси вул. Незалежності, буд. 82, кв. 37 для лічильника БЕЗ НОМЕРА - 1 шт. було завершено користувачем [Сміян Альона] з коментарем: виконано.
[18-Sep-2024 08:41:13 Europe/Helsinki] NewDATA [INFO] Новий лічильник номер: 240150182, тип: СВК => DN 15, рік випуску: 2024, показники: 0, балансоутримувач: КП "ТКЕ" додано до БД користувачем [Сміян Альона].
[18-Sep-2024 08:41:22 Europe/Helsinki] EditDATA [INFO] Для заявки Заміна від 16.09.2024 користувачем [Сміян Альона] лічильник БЕЗ НОМЕРА ідентифіковано як 240150182.
[18-Sep-2024 08:41:32 Europe/Helsinki] DellTASK [INFO] Заміна від 16.09.2024 для адреси просп. Перемоги, буд. 58, кв. 17 для лічильника 240150182 було завершено користувачем [Сміян Альона] з коментарем: виконано.
[18-Sep-2024 08:42:04 Europe/Helsinki] NewDATA [INFO] Новий лічильник номер: 241475047, тип: СВК => DN 15, рік випуску: 2024, показники: 0, балансоутримувач: КП "ВДК" додано до БД користувачем [Сміян Альона].
[18-Sep-2024 08:42:19 Europe/Helsinki] EditDATA [INFO] Для заявки Заміна від 16.09.2024 користувачем [Сміян Альона] лічильник БЕЗ НОМЕРА ідентифіковано як 241475047.
[18-Sep-2024 08:42:28 Europe/Helsinki] DellTASK [INFO] Заміна від 16.09.2024 для адреси вул. Волковича, буд. 3, кв. 66 для лічильника 241475047 було завершено користувачем [Сміян Альона] з коментарем: виконано.
[18-Sep-2024 08:42:44 Europe/Helsinki] DellTASK [INFO] Заміна від 13.09.2024 для адреси вул. Мстиславська, буд. 138, кв. 94 для лічильника 101771902 було завершено користувачем [Сміян Альона] з коментарем: виконано.
[18-Sep-2024 08:42:58 Europe/Helsinki] DellTASK [INFO] Заміна від 12.09.2024 для адреси вул. Незалежності, буд. 25, кв. 17 для лічильника БЕЗ НОМЕРА - 1 шт. було завершено користувачем [Сміян Альона] з коментарем: виконано.
[18-Sep-2024 08:43:34 Europe/Helsinki] DellTASK [INFO] Заміна від 11.09.2024 для адреси вул. Елеваторна, буд. 2, кв. 55 для лічильника 016231 було відмінено користувачем [Сміян Альона] з коментарем: не закривається вхідний кран.
[18-Sep-2024 08:43:54 Europe/Helsinki] DellTASK [INFO] Заміна від 09.09.2024 для адреси вул. Козацька, буд. 13, кв. 21 для лічильника 226143 було завершено користувачем [Сміян Альона] з коментарем: виконано.
[18-Sep-2024 08:44:19 Europe/Helsinki] DellTASK [INFO] Заміна від 29.08.2024 для адреси вул. Русової, буд. 25, кв. 41 для лічильника 0648435 було завершено користувачем [Сміян Альона] з коментарем: виконано.
[18-Sep-2024 08:44:30 Europe/Helsinki] NewDATA [INFO] Нова адреса вул. Захисників України, буд. 6, кв. 7, тел. +38 (097) 149-21-84 додана до БД користувачем [Сусло Тетяна].
[18-Sep-2024 08:44:35 Europe/Helsinki] DellTASK [INFO] Заміна від 15.08.2024 для адреси вул. Красносільського, буд. 71, кв. 147 для лічильника БЕЗ НОМЕРА - 2 шт. було завершено користувачем [Сміян Альона] з коментарем: виконано.
[18-Sep-2024 08:45:17 Europe/Helsinki] NewDATA [INFO] Нова заявка Повірка, адреса: вул. Захисників України 6, кв. 7, лічильники: БЕЗ НОМЕРА - 1 шт., вартість: 300 грн., примітки: 14-18, за 15 хв додано до БД користувачем [Сусло Тетяна].
[2024-09-18T08:45:23.706] [INFO] DataBase - У заявці Повірка від 18 вересня 2024 р. за адресою вул. Захисників України, буд. 6, кв. 7 додано виконавця ЗАПЛАНОВАНІ та додано дату виконання 3 жовтня 2024 р. користувачем [Сусло Тетяна].
[18-Sep-2024 08:45:32 Europe/Helsinki] NewDATA [INFO] Новий лічильник номер: 266533, тип: КВ-1,5 => DN 15, рік випуску: 2013, показники: 0, розташування: Ванна, балансоутримувач: КП "ВДК" додано до БД користувачем [Сміян Альона].
[18-Sep-2024 08:45:41 Europe/Helsinki] EditDATA [INFO] Для заявки Повірка від 16.09.2024 користувачем [Сміян Альона] лічильник БЕЗ НОМЕРА ідентифіковано як 266533.
[18-Sep-2024 08:45:55 Europe/Helsinki] DellTASK [INFO] Повірка від 16.09.2024 для адреси вул. Рятувальників, буд. 6, кв. 70 для лічильника 266533 було завершено користувачем [Сміян Альона] з коментарем: виконано.
[18-Sep-2024 08:47:10 Europe/Helsinki] NewDATA [INFO] Новий лічильник номер: 00482150, тип: E-T 1,5-U => DN 15, рік випуску: 2019, показники: 0, розташування: Ванна, балансоутримувач: КП "ВДК" додано до БД користувачем [Сміян Альона].
[18-Sep-2024 08:47:18 Europe/Helsinki] EditDATA [INFO] Для заявки Повірка від 12.09.2024 користувачем [Сміян Альона] лічильник БЕЗ НОМЕРА ідентифіковано як 00482150.
[18-Sep-2024 08:47:48 Europe/Helsinki] NewDATA [INFO] Новий лічильник номер: 00485858, тип: E-T 1,5-U => DN 15, рік випуску: 2019, показники: 0, розташування: Ванна, балансоутримувач: АТ "ОТКЕ" додано до БД користувачем [Сміян Альона].
[18-Sep-2024 08:47:56 Europe/Helsinki] EditDATA [INFO] Для заявки Повірка від 12.09.2024 користувачем [Сміян Альона] лічильник БЕЗ НОМЕРА ідентифіковано як 00485858.
[18-Sep-2024 08:48:05 Europe/Helsinki] DellTASK [INFO] Повірка від 12.09.2024 для адреси вул. курсанта Єськова, буд. 8, кв. 19 для лічильників 00482150, 00485858 було завершено користувачем [Сміян Альона] з коментарем: виконано.
[18-Sep-2024 08:48:41 Europe/Helsinki] NewDATA [INFO] Новий лічильник номер: 421183, тип: КВ-1,5 => DN 15, рік випуску: 2009, показники: 0, розташування: Ванна, балансоутримувач: КП "ВДК" додано до БД користувачем [Сміян Альона].
[18-Sep-2024 08:48:53 Europe/Helsinki] EditDATA [INFO] Для заявки Повірка від 12.09.2024 користувачем [Сміян Альона] лічильник БЕЗ НОМЕРА ідентифіковано як 421183.
[18-Sep-2024 08:50:51 Europe/Helsinki] NewDATA [INFO] Новий лічильник номер: 437946, тип: КВ-1,5 => DN 15, рік випуску: 2009, показники: 0, розташування: Ванна, балансоутримувач: АТ "ОТКЕ" додано до БД користувачем [Сміян Альона].
[18-Sep-2024 08:51:03 Europe/Helsinki] EditDATA [INFO] Для заявки Повірка від 12.09.2024 користувачем [Сміян Альона] лічильник БЕЗ НОМЕРА ідентифіковано як 437946.
[18-Sep-2024 08:51:14 Europe/Helsinki] DellTASK [INFO] Повірка від 12.09.2024 для адреси вул. курсанта Єськова, буд. 14, корп. А, кв. 60 для лічильників 421183, 437946 було завершено користувачем [Сміян Альона] з коментарем: виконано.
[18-Sep-2024 08:51:57 Europe/Helsinki] NewDATA [INFO] Нова заявка Заміна, адреса: просп. Перемоги 174, кв. 67, лічильники: 040670, виконавець: Баранов, вартість: 350 грн., примітки: 1хв, туалет, 13-17 додано до БД користувачем [Сусло Тетяна].
[18-Sep-2024 08:51:59 Europe/Helsinki] NewDATA [INFO] Новий лічильник номер: 202872, тип: КВ-1,5 => DN 15, рік випуску: 2013, показники: 0, балансоутримувач: КП "ВДК" додано до БД користувачем [Сміян Альона].
[18-Sep-2024 08:52:08 Europe/Helsinki] EditDATA [INFO] Для заявки Повірка від 11.09.2024 користувачем [Сміян Альона] лічильник БЕЗ НОМЕРА ідентифіковано як 202872.
[2024-09-18T08:52:08.296] [INFO] DataBase - У заявці Заміна від 18 вересня 2024 р. за адресою просп. Перемоги, буд. 174, кв. 67 додано дату виконання 19 вересня 2024 р. користувачем [Сусло Тетяна].
[18-Sep-2024 08:52:49 Europe/Helsinki] NewDATA [INFO] Новий лічильник номер: 193277, тип: КВ-1,5 => DN 15, рік випуску: 2013, показники: 0, балансоутримувач: АТ "ОТКЕ" додано до БД користувачем [Сміян Альона].
[18-Sep-2024 08:53:13 Europe/Helsinki] DellTASK [INFO] Повірка від 11.09.2024 для адреси вул. курсанта Єськова, буд. 14, корп. Б, кв. 92 для лічильників 202872, БЕЗ НОМЕРА - 1 шт. було завершено користувачем [Сміян Альона] з коментарем: виконано.
[18-Sep-2024 08:53:49 Europe/Helsinki] NewDATA [INFO] Новий лічильник номер: 231883, тип: КВ-1,5 => DN 15, рік випуску: 2008, показники: 0, балансоутримувач: АТ "ОТКЕ" додано до БД користувачем [Сміян Альона].
[18-Sep-2024 08:53:57 Europe/Helsinki] EditDATA [INFO] Для заявки Повірка від 11.09.2024 користувачем [Сміян Альона] лічильник БЕЗ НОМЕРА ідентифіковано як 231883.
[18-Sep-2024 08:54:27 Europe/Helsinki] NewDATA [INFO] Новий лічильник номер: 234269, тип: КВ-1,5 => DN 15, рік випуску: 2008, показники: 0, розташування: Ванна, балансоутримувач: КП "ВДК" додано до БД користувачем [Сміян Альона].
[18-Sep-2024 08:54:39 Europe/Helsinki] EditDATA [INFO] В заявці Повірка від 11.09.2024 за адресою вул. Волковича, буд. 4, кв. 9 було додано лічильники: 234269 користувачем [Сміян Альона].
[18-Sep-2024 08:54:50 Europe/Helsinki] DellTASK [INFO] Повірка від 11.09.2024 для адреси вул. Волковича, буд. 4, кв. 9 для лічильників 231883, 234269 було завершено користувачем [Сміян Альона] з коментарем: виконано.
[18-Sep-2024 08:55:32 Europe/Helsinki] DellTASK [INFO] Повірка від 16.09.2024 для адреси вул. Харківська, буд. 12, кв. 44 для лічильника БЕЗ НОМЕРА - 2 шт. було відмінено користувачем [Сміян Альона] з коментарем: відмова від повірки.
[18-Sep-2024 08:56:18 Europe/Helsinki] NewDATA [INFO] Новий лічильник номер: 6913198, тип: ЛК => DN 15, рік випуску: 2016, показники: 0, розташування: Ванна, балансоутримувач: КП "ВДК" додано до БД користувачем [Сміян Альона].
[18-Sep-2024 08:56:29 Europe/Helsinki] EditDATA [INFO] Для заявки Повірка від 16.09.2024 користувачем [Сміян Альона] лічильник БЕЗ НОМЕРА ідентифіковано як 6913198.
[18-Sep-2024 08:56:49 Europe/Helsinki] EditDATA [INFO] В заявці Повірка від 16.09.2024 за адресою вул. Всіхсвятська, буд. 18, корп. А, кв. 47 було видалено БЕЗ НОМЕРУ - 1 шт. користувачем [Сміян Альона].
[18-Sep-2024 08:56:59 Europe/Helsinki] DellTASK [INFO] Повірка від 16.09.2024 для адреси вул. Всіхсвятська, буд. 18, корп. А, кв. 47 для лічильника 6913198 було завершено користувачем [Сміян Альона] з коментарем: виконано.
[18-Sep-2024 08:58:00 Europe/Helsinki] NewDATA [INFO] Новий лічильник номер: 07110119, тип: E-T 1,5-U => DN 15, рік випуску: 2007, показники: 0, балансоутримувач: КП "ВДК" додано до БД користувачем [Сміян Альона].
[18-Sep-2024 08:59:38 Europe/Helsinki] NewDATA [INFO] Нова заявка Повірка, адреса: вул. Самоквасова Дмитра 15, кв. 34, лічильники: БЕЗ НОМЕРА - 2 шт., вартість: 600 грн., примітки: после 14 додано до БД користувачем [Сміян Альона].
[2024-09-18T08:59:44.460] [INFO] DataBase - У заявці Повірка від 18 вересня 2024 р. за адресою вул. Самоквасова Дмитра, буд. 15, кв. 34 додано виконавця ЗАПЛАНОВАНІ та додано дату виконання 23 вересня 2024 р. користувачем [Сміян Альона].
[18-Sep-2024 09:00:43 Europe/Helsinki] EditDATA [INFO] Для заявки Повірка від 16.09.2024 користувачем [Сміян Альона] лічильник БЕЗ НОМЕРА ідентифіковано як 07110119.
[18-Sep-2024 09:01:14 Europe/Helsinki] NewDATA [INFO] Новий лічильник номер: 085174, тип: КВ-1,5 => DN 15, рік випуску: 2004, показники: 0, розташування: Ванна, балансоутримувач: АТ "ОТКЕ" додано до БД користувачем [Сміян Альона].
[18-Sep-2024 09:01:23 Europe/Helsinki] EditDATA [INFO] Для заявки Повірка від 16.09.2024 користувачем [Сміян Альона] лічильник БЕЗ НОМЕРА ідентифіковано як 085174.
[18-Sep-2024 09:01:32 Europe/Helsinki] DellTASK [INFO] Повірка від 16.09.2024 для адреси вул. Всіхсвятська, буд. 8, кв. 40 для лічильників 07110119, 085174 було завершено користувачем [Сміян Альона] з коментарем: виконано.
[18-Sep-2024 09:02:16 Europe/Helsinki] NewDATA [INFO] Новий лічильник номер: 107530, тип: КВ-1,5 => DN 15, рік випуску: 2016, показники: 0, розташування: Ванна, балансоутримувач: КП "ВДК" додано до БД користувачем [Сміян Альона].
[18-Sep-2024 09:02:27 Europe/Helsinki] EditDATA [INFO] Для заявки Повірка від 16.09.2024 користувачем [Сміян Альона] лічильник БЕЗ НОМЕРА ідентифіковано як 107530.
[18-Sep-2024 09:03:01 Europe/Helsinki] NewDATA [INFO] Новий лічильник номер: 106574, тип: ЛК => DN 15, рік випуску: 2016, показники: 0, розташування: Ванна, балансоутримувач: КП "ТКЕ" додано до БД користувачем [Сміян Альона].
[18-Sep-2024 09:03:10 Europe/Helsinki] EditDATA [INFO] Для заявки Повірка від 16.09.2024 користувачем [Сміян Альона] лічильник БЕЗ НОМЕРА ідентифіковано як 106574.
[18-Sep-2024 09:03:20 Europe/Helsinki] DellTASK [INFO] Повірка від 16.09.2024 для адреси просп. Перемоги, буд. 45, кв. 34 для лічильників 107530, 106574 було завершено користувачем [Сміян Альона] з коментарем: виконано.
[18-Sep-2024 09:03:51 Europe/Helsinki] DellTASK [INFO] Повірка від 16.09.2024 для адреси просп. Перемоги, буд. 114, кв. 37 для лічильника БЕЗ НОМЕРА - 2 шт. було завершено користувачем [Сусло Тетяна] з коментарем: виконано 1 лічильник.
[18-Sep-2024 09:04:03 Europe/Helsinki] NewDATA [INFO] Новий лічильник номер: 4534389, тип: ЛК => DN 15, рік випуску: 2014, показники: 0, розташування: Ванна, балансоутримувач: КП "ВДК" додано до БД користувачем [Сміян Альона].
[18-Sep-2024 09:04:15 Europe/Helsinki] DellTASK [INFO] Повірка від 16.09.2024 для адреси вул. Мезенцева Юрія, буд. 80, кв. 7 для лічильника БЕЗ НОМЕРА - 1 шт. було завершено користувачем [Сусло Тетяна] з коментарем: виконано 2 лічильника.
[18-Sep-2024 09:04:16 Europe/Helsinki] EditDATA [INFO] Для заявки Повірка від 12.09.2024 користувачем [Сміян Альона] лічильник БЕЗ НОМЕРА ідентифіковано як 4534389.
[18-Sep-2024 09:04:25 Europe/Helsinki] DellTASK [INFO] Повірка від 12.09.2024 для адреси вул. Тероборони, буд. 2, корп. А, кв. 47 для лічильника 4534389 було завершено користувачем [Сміян Альона] з коментарем: виконано.
[18-Sep-2024 09:04:35 Europe/Helsinki] DellTASK [INFO] Повірка від 16.09.2024 для адреси пров. Січових стрільців, буд. 5, кв. 19 для лічильника БЕЗ НОМЕРА - 2 шт. було завершено користувачем [Сусло Тетяна] з коментарем: виконано.
[18-Sep-2024 09:04:51 Europe/Helsinki] DellTASK [INFO] Повірка від 16.09.2024 для адреси просп. Миру, буд. 207, кв. 71 для лічильника БЕЗ НОМЕРА - 1 шт. було завершено користувачем [Сусло Тетяна] з коментарем: виконано.
[18-Sep-2024 09:05:05 Europe/Helsinki] NewDATA [INFO] Новий лічильник номер: 108255, тип: КВ-1,5 => DN 15, рік випуску: 2016, показники: 0, розташування: Кухня, балансоутримувач: КП "ВДК" додано до БД користувачем [Сміян Альона].
[18-Sep-2024 09:05:07 Europe/Helsinki] DellTASK [INFO] Повірка від 12.09.2024 для адреси просп. Миру, буд. 207, кв. 49 для лічильника БЕЗ НОМЕРА - 1 шт. було завершено користувачем [Сусло Тетяна] з коментарем: виконано.
[18-Sep-2024 09:05:13 Europe/Helsinki] EditDATA [INFO] Для заявки Повірка від 11.09.2024 користувачем [Сміян Альона] лічильник БЕЗ НОМЕРА ідентифіковано як 108255.
[18-Sep-2024 09:05:21 Europe/Helsinki] DellTASK [INFO] Повірка від 10.09.2024 для адреси просп. Перемоги, буд. 116, кв. 20 для лічильника БЕЗ НОМЕРА - 1 шт. було завершено користувачем [Сусло Тетяна] з коментарем: виконано.
[18-Sep-2024 09:05:45 Europe/Helsinki] DellTASK [INFO] Повірка від 12.09.2024 для адреси вул. Льотна, буд. 14, кв. 36 для лічильника БЕЗ НОМЕРА - 1 шт. було відмінено користувачем [Сусло Тетяна] з коментарем: не було води.
[18-Sep-2024 09:05:46 Europe/Helsinki] NewDATA [INFO] Новий лічильник номер: 075408, тип: КВ-1,5 => DN 15, рік випуску: 2016, показники: 0, розташування: Кухня, балансоутримувач: КП "ТКЕ" додано до БД користувачем [Сміян Альона].
[18-Sep-2024 09:06:03 Europe/Helsinki] EditDATA [INFO] Для заявки Повірка від 11.09.2024 користувачем [Сміян Альона] лічильник БЕЗ НОМЕРА ідентифіковано як 075408.
[18-Sep-2024 09:06:30 Europe/Helsinki] NewDATA [INFO] Новий лічильник номер: 075568, тип: КВ-1,5 => DN 15, рік випуску: 2016, показники: 0, розташування: Ванна, балансоутримувач: КП "ВДК" додано до БД користувачем [Сміян Альона].
[18-Sep-2024 09:06:35 Europe/Helsinki] NewDATA [INFO] Новий лічильник номер: 466215, тип: КВ-1,5 => DN 15, рік випуску: 2005, показники: 0, балансоутримувач: АТ "ОТКЕ" додано до БД користувачем [Сусло Тетяна].
[18-Sep-2024 09:06:37 Europe/Helsinki] EditDATA [INFO] За адресою просп. Перемоги, буд. 114, кв. 37 користувачем [Сусло Тетяна] було додано лічильники: 466215].
[18-Sep-2024 09:06:42 Europe/Helsinki] EditDATA [INFO] Для заявки Повірка від 11.09.2024 користувачем [Сміян Альона] лічильник БЕЗ НОМЕРА ідентифіковано як 075568.
[18-Sep-2024 09:07:10 Europe/Helsinki] NewDATA [INFO] Новий лічильник номер: 075612, тип: КВ-1,5 => DN 15, рік випуску: 2016, показники: 0, розташування: Ванна, балансоутримувач: КП "ТКЕ" додано до БД користувачем [Сміян Альона].
[18-Sep-2024 09:07:20 Europe/Helsinki] EditDATA [INFO] Для заявки Повірка від 11.09.2024 користувачем [Сміян Альона] лічильник БЕЗ НОМЕРА ідентифіковано як 075612.
[18-Sep-2024 09:07:35 Europe/Helsinki] DellTASK [INFO] Повірка від 11.09.2024 для адреси вул. Мазепи Івана, буд. 11, кв. 37 для лічильників 108255, 075408, 075568, 075612 було завершено користувачем [Сміян Альона] з коментарем: виконано.
[18-Sep-2024 09:07:36 Europe/Helsinki] NewDATA [INFO] Новий лічильник номер: 02205569, тип: ETK-U => DN 15, рік випуску: 2002, показники: 0, балансоутримувач: КП "ВДК" додано до БД користувачем [Сусло Тетяна].
[18-Sep-2024 09:08:11 Europe/Helsinki] NewDATA [INFO] Новий лічильник номер: 181232903, тип: СВК => DN 15, рік випуску: 2018, показники: 0, балансоутримувач: АТ "ОТКЕ" додано до БД користувачем [Сусло Тетяна].
[18-Sep-2024 09:08:12 Europe/Helsinki] EditDATA [INFO] За адресою вул. Мезенцева Юрія, буд. 80, кв. 7 користувачем [Сусло Тетяна] було додано лічильники: 02205569, 181232903].
[18-Sep-2024 09:08:15 Europe/Helsinki] NewDATA [INFO] Новий лічильник номер: 6682553, тип: ЛК => DN 15, рік випуску: 2016, показники: 0, розташування: Ванна, балансоутримувач: КП "ВДК" додано до БД користувачем [Сміян Альона].
[18-Sep-2024 09:08:25 Europe/Helsinki] EditDATA [INFO] Для заявки Повірка від 10.09.2024 користувачем [Сміян Альона] лічильник БЕЗ НОМЕРА ідентифіковано як 6682553.
[18-Sep-2024 09:08:53 Europe/Helsinki] NewDATA [INFO] Новий лічильник номер: 6647216, тип: ЛК => DN 15, рік випуску: 2016, показники: 0, розташування: Ванна, балансоутримувач: КП "ТКЕ" додано до БД користувачем [Сміян Альона].
[18-Sep-2024 09:09:02 Europe/Helsinki] EditDATA [INFO] Для заявки Повірка від 10.09.2024 користувачем [Сміян Альона] лічильник БЕЗ НОМЕРА ідентифіковано як 6647216.
[18-Sep-2024 09:09:11 Europe/Helsinki] DellTASK [INFO] Повірка від 10.09.2024 для адреси вул. Дніпровська, буд. 6, кв. 35 для лічильників 6682553, 6647216 було завершено користувачем [Сміян Альона] з коментарем: виконано.
[18-Sep-2024 09:09:29 Europe/Helsinki] NewDATA [INFO] Новий лічильник номер: 210605879, тип: GSD => DN 15, рік випуску: 2021, показники: 0, балансоутримувач: КП "ВДК" додано до БД користувачем [Сусло Тетяна].
[18-Sep-2024 09:09:50 Europe/Helsinki] NewDATA [INFO] Новий лічильник номер: 181200586, тип: СВК => DN 15, рік випуску: 2018, показники: 0, розташування: Ванна, балансоутримувач: КП "ВДК" додано до БД користувачем [Сміян Альона].
[18-Sep-2024 09:09:58 Europe/Helsinki] NewDATA [INFO] Новий лічильник номер: 5256443, тип: ЛК => DN 15, рік випуску: 2015, показники: 0, балансоутримувач: АТ "ОТКЕ" додано до БД користувачем [Сусло Тетяна].
[18-Sep-2024 09:09:59 Europe/Helsinki] EditDATA [INFO] За адресою пров. Січових стрільців, буд. 5, кв. 19 користувачем [Сусло Тетяна] було додано лічильники: 210605879, 5256443].
[18-Sep-2024 09:09:59 Europe/Helsinki] EditDATA [INFO] Для заявки Повірка від 06.09.2024 користувачем [Сміян Альона] лічильник БЕЗ НОМЕРА ідентифіковано як 181200586.
[18-Sep-2024 09:10:12 Europe/Helsinki] DellTASK [INFO] Повірка від 06.09.2024 для адреси вул. Дніпровська, буд. 31, кв. 112 для лічильника 181200586 було завершено користувачем [Сміян Альона] з коментарем: виконано.
[18-Sep-2024 09:10:45 Europe/Helsinki] NewDATA [INFO] Новий лічильник номер: 9200282260, тип: ЛК => DN 15, рік випуску: 2019, показники: 0, балансоутримувач: КП "ВДК" додано до БД користувачем [Сусло Тетяна].
[18-Sep-2024 09:10:48 Europe/Helsinki] EditDATA [INFO] За адресою просп. Миру, буд. 207, кв. 71 користувачем [Сусло Тетяна] було додано лічильники: 9200282260].
[18-Sep-2024 09:10:58 Europe/Helsinki] NewDATA [INFO] Новий лічильник номер: 08169200, тип: E-T 1,5-U => DN 15, рік випуску: 2008, показники: 0, розташування: Ванна, балансоутримувач: КП "ВДК" додано до БД користувачем [Сміян Альона].
[18-Sep-2024 09:11:09 Europe/Helsinki] EditDATA [INFO] Для заявки Повірка від 03.09.2024 користувачем [Сміян Альона] лічильник БЕЗ НОМЕРА ідентифіковано як 08169200.
[18-Sep-2024 09:11:30 Europe/Helsinki] NewDATA [INFO] Новий лічильник номер: 210414, тип: КВ-1,5 => DN 15, рік випуску: 2007, показники: 0, балансоутримувач: КП "ВДК" додано до БД користувачем [Сусло Тетяна].
[18-Sep-2024 09:11:33 Europe/Helsinki] EditDATA [INFO] За адресою просп. Миру, буд. 207, кв. 49 користувачем [Сусло Тетяна] було додано лічильники: 210414].
[18-Sep-2024 09:11:42 Europe/Helsinki] NewDATA [INFO] Новий лічильник номер: 429348, тип: КВ-1,5 => DN 15, рік випуску: 2006, показники: 0, розташування: Ванна, балансоутримувач: АТ "ОТКЕ" додано до БД користувачем [Сміян Альона].
[18-Sep-2024 09:11:53 Europe/Helsinki] EditDATA [INFO] Для заявки Повірка від 03.09.2024 користувачем [Сміян Альона] лічильник БЕЗ НОМЕРА ідентифіковано як 429348.
[18-Sep-2024 09:12:02 Europe/Helsinki] DellTASK [INFO] Повірка від 03.09.2024 для адреси вул. Захисників України, буд. 3, корп. А, кв. 57 для лічильників 08169200, 429348 було завершено користувачем [Сміян Альона] з коментарем: виконано.
[18-Sep-2024 09:12:25 Europe/Helsinki] NewDATA [INFO] Новий лічильник номер: 191361343, тип: GSD => DN 15, рік випуску: 2019, показники: 0, балансоутримувач: КП "ВДК" додано до БД користувачем [Сусло Тетяна].
[18-Sep-2024 09:12:27 Europe/Helsinki] EditDATA [INFO] За адресою просп. Перемоги, буд. 116, кв. 20 користувачем [Сусло Тетяна] було додано лічильники: 191361343].
[18-Sep-2024 09:16:44 Europe/Helsinki] DellTASK [INFO] Повірка від 09.09.2024 для адреси вул. Незалежності, буд. 48, кв. 8 для лічильника БЕЗ НОМЕРА - 2 шт. було завершено користувачем [Сусло Тетяна] з коментарем: виконано.
[18-Sep-2024 09:17:17 Europe/Helsinki] DellTASK [INFO] Повірка від 09.09.2024 для адреси вул. Красносільського, буд. 75, кв. 56 для лічильника БЕЗ НОМЕРА - 1 шт. було завершено користувачем [Сусло Тетяна] з коментарем: виконано 2 лічильника.
[18-Sep-2024 09:17:46 Europe/Helsinki] DellTASK [INFO] Повірка від 11.09.2024 для адреси вул. Незалежності, буд. 82, кв. 37 для лічильника БЕЗ НОМЕРА - 2 шт. було завершено користувачем [Сусло Тетяна] з коментарем: виконано 1 лічильник.
[18-Sep-2024 09:18:12 Europe/Helsinki] DellTASK [INFO] Повірка від 12.09.2024 для адреси вул. Незалежності, буд. 80, кв. 61 для лічильника БЕЗ НОМЕРА - 1 шт. було завершено користувачем [Сусло Тетяна] з коментарем: виконано 2 лічильника.
[18-Sep-2024 09:18:35 Europe/Helsinki] DellTASK [INFO] Повірка від 16.09.2024 для адреси вул. Незалежності, буд. 46, кв. 41 для лічильника БЕЗ НОМЕРА - 2 шт. було завершено користувачем [Сусло Тетяна] з коментарем: виконано 2 лічильника.
[18-Sep-2024 09:19:01 Europe/Helsinki] DellTASK [INFO] Повірка від 16.09.2024 для адреси вул. Незалежності, буд. 82, кв. 152 для лічильника БЕЗ НОМЕРА - 1 шт. було завершено користувачем [Сусло Тетяна] з коментарем: виконано 2 лічильника.
[18-Sep-2024 09:19:19 Europe/Helsinki] DellTASK [INFO] Повірка від 11.09.2024 для адреси вул. Красносільського, буд. 51, кв. 131 для лічильника БЕЗ НОМЕРА - 1 шт. було завершено користувачем [Сусло Тетяна] з коментарем: виконано.
[18-Sep-2024 09:20:01 Europe/Helsinki] DellTASK [INFO] Повірка від 10.09.2024 для адреси вул. Незалежності, буд. 60, кв. 57 для лічильника БЕЗ НОМЕРА - 2 шт. було завершено користувачем [Сусло Тетяна] з коментарем: виконано.
[18-Sep-2024 09:20:18 Europe/Helsinki] DellTASK [INFO] Повірка від 12.09.2024 для адреси вул. Нафтовиків, буд. 11, кв. 1 для лічильника БЕЗ НОМЕРА - 1 шт. було завершено користувачем [Сусло Тетяна] з коментарем: виконано.
[18-Sep-2024 09:20:39 Europe/Helsinki] DellTASK [INFO] Повірка від 16.09.2024 для адреси вул. Елеваторна, буд. 8, корп. А, кв. 81 для лічильника БЕЗ НОМЕРА - 2 шт. було завершено користувачем [Сусло Тетяна] з коментарем: виконано.
[18-Sep-2024 09:21:00 Europe/Helsinki] DellTASK [INFO] Повірка від 11.09.2024 для адреси вул. Незалежності, буд. 25, кв. 43 для лічильника БЕЗ НОМЕРА - 1 шт. було завершено користувачем [Сусло Тетяна] з коментарем: виконано.
[18-Sep-2024 09:22:10 Europe/Helsinki] NewDATA [INFO] Новий лічильник номер: 635636, тип: КВ-1,5 => DN 15, рік випуску: 2010, показники: 0, балансоутримувач: КП "ВДК" додано до БД користувачем [Сусло Тетяна].
[18-Sep-2024 09:22:37 Europe/Helsinki] NewDATA [INFO] Новий лічильник номер: 298428, тип: КВ-1,5 => DN 15, рік випуску: 2010, показники: 0, балансоутримувач: АТ "ОТКЕ" додано до БД користувачем [Сусло Тетяна].
[18-Sep-2024 09:22:39 Europe/Helsinki] EditDATA [INFO] За адресою вул. Незалежності, буд. 74, кв. 110 користувачем [Сусло Тетяна] було додано лічильники: 635636, 298428].
[18-Sep-2024 09:23:34 Europe/Helsinki] NewDATA [INFO] Новий лічильник номер: 0200083545, тип: ЛК => DN 15, рік випуску: 2020, показники: 0, балансоутримувач: КП "ВДК" додано до БД користувачем [Сусло Тетяна].
[18-Sep-2024 09:23:36 Europe/Helsinki] EditDATA [INFO] За адресою вул. Незалежності, буд. 25, кв. 43 користувачем [Сусло Тетяна] було додано лічильники: 0200083545].
[18-Sep-2024 09:24:19 Europe/Helsinki] NewDATA [INFO] Новий лічильник номер: 048541, тип: КВ-1,5 => DN 15, рік випуску: 2002, показники: 0, балансоутримувач: КП "ВДК" додано до БД користувачем [Сусло Тетяна].
[18-Sep-2024 09:24:54 Europe/Helsinki] NewDATA [INFO] Новий лічильник номер: 039431, тип: КВ-1,5 => DN 15, рік випуску: 2002, показники: 0, балансоутримувач: КП "ВДК" додано до БД користувачем [Сусло Тетяна].
[18-Sep-2024 09:24:57 Europe/Helsinki] EditDATA [INFO] За адресою вул. Елеваторна, буд. 8, корп. А, кв. 81 користувачем [Сусло Тетяна] було додано лічильники: 048541, 039431].
[18-Sep-2024 09:26:27 Europe/Helsinki] NewDATA [INFO] Новий лічильник номер: 241478, тип: КВ-1,5 => DN 15, рік випуску: 2013, показники: 0, балансоутримувач: АТ "ОТКЕ" додано до БД користувачем [Сусло Тетяна].
[18-Sep-2024 09:26:29 Europe/Helsinki] EditDATA [INFO] За адресою вул. Нафтовиків, буд. 11, кв. 1 користувачем [Сусло Тетяна] було додано лічильники: 241478].
[18-Sep-2024 09:27:26 Europe/Helsinki] NewDATA [INFO] Новий лічильник номер: 0200191978, тип: ЛК => DN 15, рік випуску: 2020, показники: 0, балансоутримувач: КП "ВДК" додано до БД користувачем [Сусло Тетяна].
[18-Sep-2024 09:27:48 Europe/Helsinki] NewDATA [INFO] Новий лічильник номер: 0200105635, тип: ЛК => DN 15, рік випуску: 2020, показники: 0, балансоутримувач: АТ "ОТКЕ" додано до БД користувачем [Сусло Тетяна].
[18-Sep-2024 09:27:50 Europe/Helsinki] EditDATA [INFO] За адресою вул. Незалежності, буд. 60, кв. 57 користувачем [Сусло Тетяна] було додано лічильники: 0200191978, 0200105635].
[18-Sep-2024 09:30:27 Europe/Helsinki] NewDATA [INFO] Нова адреса просп. Грушевського Михайла, буд. 191, корп. Б, кв. 153, тел. +38 (050) 231-35-97 додана до БД користувачем [Сусло Тетяна].
[18-Sep-2024 09:31:08 Europe/Helsinki] NewDATA [INFO] Нова заявка Повірка, адреса: просп. Грушевського Михайла 191 корпус Б, кв. 153, лічильники: БЕЗ НОМЕРА - 1 шт., вартість: 300 грн., примітки: 9-13, за 1 год додано до БД користувачем [Сусло Тетяна].
[2024-09-18T09:31:15.472] [INFO] DataBase - У заявці Повірка від 18 вересня 2024 р. за адресою просп. Грушевського Михайла, буд. 191, корп. Б, кв. 153 додано виконавця ЗАПЛАНОВАНІ та додано дату виконання 19 вересня 2024 р. користувачем [Сусло Тетяна].
[18-Sep-2024 09:31:44 Europe/Helsinki] NewDATA [INFO] Нова адреса вул. Самострова, буд. 11, кв. 3, тел. +38 (098) 362-38-87 додана до БД користувачем [Сміян Альона].
[18-Sep-2024 09:31:59 Europe/Helsinki] NewDATA [INFO] Новий лічильник номер: 12053817, тип: ResidiaJet => DN 15, рік випуску: 2020, показники: 0, балансоутримувач: КП "ВДК" додано до БД користувачем [Сусло Тетяна].
[18-Sep-2024 09:32:02 Europe/Helsinki] EditDATA [INFO] За адресою вул. Красносільського, буд. 51, кв. 131 користувачем [Сусло Тетяна] було додано лічильники: 12053817].
[18-Sep-2024 09:32:13 Europe/Helsinki] NewDATA [INFO] Нова заявка Повірка, адреса: вул. Самострова 11, кв. 3, лічильники: БЕЗ НОМЕРА - 1 шт., вартість: 300 грн., примітки: 8-13 додано до БД користувачем [Сміян Альона].
[2024-09-18T09:32:29.585] [INFO] DataBase - У заявці Повірка від 18 вересня 2024 р. за адресою вул. Самострова, буд. 11, кв. 3 додано виконавця ЗАПЛАНОВАНІ та додано дату виконання 19 вересня 2024 р. користувачем [Сміян Альона].
[18-Sep-2024 09:37:51 Europe/Helsinki] EditDATA [INFO] За адресою вул. Всіхсвятська 18, кв. 41 користувачем [Сусло Тетяна] змінені номери телефонів з +38(098)838-73-37 на +38(096)553-91-74, при створенні нової заявки [Повірка] від 18.09.2024.
[18-Sep-2024 09:37:51 Europe/Helsinki] NewDATA [INFO] Нова заявка Повірка, адреса: вул. Всіхсвятська 18, кв. 41, лічильники: БЕЗ НОМЕРА - 2 шт., вартість: 600 грн., примітки: 8-11, за 30 хв додано до БД користувачем [Сусло Тетяна].
[2024-09-18T09:37:56.954] [INFO] DataBase - У заявці Повірка від 18 вересня 2024 р. за адресою вул. Всіхсвятська, буд. 18, кв. 41 додано виконавця ЗАПЛАНОВАНІ та додано дату виконання 20 вересня 2024 р. користувачем [Сусло Тетяна].
[18-Sep-2024 09:39:11 Europe/Helsinki] NewDATA [INFO] Новий лічильник номер: 527405, тип: КВ-1,5 => DN 15, рік випуску: 2008, показники: 0, балансоутримувач: КП "ВДК" додано до БД користувачем [Сусло Тетяна].
[18-Sep-2024 09:39:54 Europe/Helsinki] NewDATA [INFO] Новий лічильник номер: 514301, тип: КВ-1,5 => DN 15, рік випуску: 2008, показники: 0, балансоутримувач: АТ "ОТКЕ" додано до БД користувачем [Сусло Тетяна].
[18-Sep-2024 09:39:58 Europe/Helsinki] EditDATA [INFO] За адресою вул. Красносільського 71, кв. 238 користувачем [Сміян Альона] змінені номери телефонів з +38(0462)72-02-32, +38(095)352-32-73 на +38(095)352-32-73, при створенні нової заявки [Повірка] від 18.09.2024.
[18-Sep-2024 09:39:58 Europe/Helsinki] NewDATA [INFO] Нова заявка Повірка, адреса: вул. Красносільського 71, кв. 238, лічильники: БЕЗ НОМЕРА - 1 шт., вартість: 300 грн., примітки: 8-13 30хв додано до БД користувачем [Сміян Альона].
[2024-09-18T09:40:06.972] [INFO] DataBase - У заявці Повірка від 18 вересня 2024 р. за адресою вул. Красносільського, буд. 71, кв. 238 додано виконавця ЗАПЛАНОВАНІ та додано дату виконання 25 вересня 2024 р. користувачем [Сміян Альона].
[18-Sep-2024 09:40:37 Europe/Helsinki] EditDATA [INFO] За адресою вул. Незалежності, буд. 82, кв. 152 користувачем [Сусло Тетяна] було додано лічильники: 527405, 514301].
[18-Sep-2024 09:41:20 Europe/Helsinki] NewDATA [INFO] Новий лічильник номер: 443345, тип: КВ-1,5 => DN 15, рік випуску: 2005, показники: 0, балансоутримувач: КП "ВДК" додано до БД користувачем [Сусло Тетяна].
[18-Sep-2024 09:41:41 Europe/Helsinki] NewDATA [INFO] Новий лічильник номер: 443752, тип: КВ-1,5 => DN 15, рік випуску: 2005, показники: 0, балансоутримувач: АТ "ОТКЕ" додано до БД користувачем [Сусло Тетяна].
[18-Sep-2024 09:41:43 Europe/Helsinki] EditDATA [INFO] За адресою вул. Незалежності, буд. 46, кв. 41 користувачем [Сусло Тетяна] було додано лічильники: 443345, 443752].
[18-Sep-2024 09:42:27 Europe/Helsinki] NewDATA [INFO] Новий лічильник номер: 422086, тип: КВ-1,5 => DN 15, рік випуску: 2008, показники: 0, балансоутримувач: КП "ВДК" додано до БД користувачем [Сусло Тетяна].
[18-Sep-2024 09:42:46 Europe/Helsinki] NewDATA [INFO] Новий лічильник номер: 411367, тип: КВ-1,5 => DN 15, рік випуску: 2008, показники: 0, балансоутримувач: АТ "ОТКЕ" додано до БД користувачем [Сусло Тетяна].
[18-Sep-2024 09:42:48 Europe/Helsinki] EditDATA [INFO] За адресою вул. Незалежності, буд. 80, кв. 61 користувачем [Сусло Тетяна] було додано лічильники: 422086, 411367].
[18-Sep-2024 09:46:26 Europe/Helsinki] EditDATA [INFO] За адресою вул. Доценка 14, кв. 78 користувачем [Сусло Тетяна] змінені номери телефонів з +38(063)358-67-75, +38(067)296-89-76, +38(0462)67-38-53 на +38(063)358-67-75, +38(067)296-89-76, при створенні нової заявки [Повірка] від 18.09.2024.
[18-Sep-2024 09:46:26 Europe/Helsinki] NewDATA [INFO] Нова заявка Повірка, адреса: вул. Доценка 14, кв. 78, лічильники: БЕЗ НОМЕРА - 1 шт., вартість: 300 грн., примітки: 8-11 додано до БД користувачем [Сусло Тетяна].
[2024-09-18T09:46:32.655] [INFO] DataBase - У заявці Повірка від 18 вересня 2024 р. за адресою вул. Доценка, буд. 14, кв. 78 додано виконавця ЗАПЛАНОВАНІ та додано дату виконання 19 вересня 2024 р. користувачем [Сусло Тетяна].
[18-Sep-2024 09:48:25 Europe/Helsinki] NewDATA [INFO] Новий лічильник номер: 173386, тип: КВ-1,5 => DN 15, рік випуску: 2013, показники: 0, балансоутримувач: КП "ВДК" додано до БД користувачем [Сусло Тетяна].
[18-Sep-2024 09:48:29 Europe/Helsinki] EditDATA [INFO] За адресою вул. Незалежності, буд. 82, кв. 37 користувачем [Сусло Тетяна] було додано лічильники: 173386].
[18-Sep-2024 09:49:17 Europe/Helsinki] NewDATA [INFO] Новий лічильник номер: 504327, тип: КВ-1,5 => DN 15, рік випуску: 2008, показники: 0, балансоутримувач: КП "ВДК" додано до БД користувачем [Сусло Тетяна].
[18-Sep-2024 09:49:39 Europe/Helsinki] NewDATA [INFO] Новий лічильник номер: 527111, тип: КВ-1,5 => DN 15, рік випуску: 2008, показники: 0, балансоутримувач: АТ "ОТКЕ" додано до БД користувачем [Сусло Тетяна].
[18-Sep-2024 09:49:42 Europe/Helsinki] EditDATA [INFO] За адресою вул. Красносільського, буд. 75, кв. 56 користувачем [Сусло Тетяна] було додано лічильники: 504327, 527111].
[18-Sep-2024 09:50:32 Europe/Helsinki] NewDATA [INFO] Новий лічильник номер: 9200190458, тип: ЛК => DN 15, рік випуску: 2020, показники: 0, балансоутримувач: КП "ВДК" додано до БД користувачем [Сусло Тетяна].
[18-Sep-2024 09:50:57 Europe/Helsinki] NewDATA [INFO] Новий лічильник номер: 615535, тип: КВ-1,5 => DN 15, рік випуску: 2005, показники: 0, балансоутримувач: АТ "ОТКЕ" додано до БД користувачем [Сусло Тетяна].
[18-Sep-2024 09:50:59 Europe/Helsinki] EditDATA [INFO] За адресою вул. Незалежності, буд. 48, кв. 8 користувачем [Сусло Тетяна] було додано лічильники: 9200190458, 615535].
[18-Sep-2024 10:09:20 Europe/Helsinki] NewDATA [INFO] Нова адреса вул. Шевченка, буд. 46, кв. 26, тел. +38 (063) 113-23-84 додана до БД користувачем [Сусло Тетяна].
[18-Sep-2024 10:09:50 Europe/Helsinki] NewDATA [INFO] Нова заявка Повірка, адреса: вул. Шевченка 46, кв. 26, лічильники: БЕЗ НОМЕРА - 2 шт., вартість: 600 грн., примітки: 13-17 додано до БД користувачем [Сусло Тетяна].
[2024-09-18T10:09:58.997] [INFO] DataBase - У заявці Повірка від 18 вересня 2024 р. за адресою вул. Шевченка, буд. 46, кв. 26 додано виконавця Сірий та додано дату виконання 18 вересня 2024 р. користувачем [Сусло Тетяна].
[18-Sep-2024 10:15:34 Europe/Helsinki] NewDATA [INFO] Нова адреса вул. Текстильників, буд. 17, корп. 43, кв. 28, тел. +38 (093) 814-07-40 додана до БД користувачем [Сміян Альона].
[18-Sep-2024 10:15:57 Europe/Helsinki] NewDATA [INFO] Нова заявка Повірка, адреса: вул. Текстильників 17 корпус 43, кв. 28, лічильники: БЕЗ НОМЕРА - 2 шт., вартість: 600 грн., примітки: 8-13 додано до БД користувачем [Сміян Альона].
[2024-09-18T10:16:08.262] [INFO] DataBase - У заявці Повірка від 18 вересня 2024 р. за адресою вул. Текстильників, буд. 17, корп. 43, кв. 28 додано виконавця ЗАПЛАНОВАНІ та додано дату виконання 23 вересня 2024 р. користувачем [Сміян Альона].
[18-Sep-2024 10:32:52 Europe/Helsinki] NewDATA [INFO] Нова адреса вул. Незалежності, буд. 76, кв. 46, тел. +38 (093) 413-81-40 додана до БД користувачем [Сусло Тетяна].
[18-Sep-2024 10:33:25 Europe/Helsinki] NewDATA [INFO] Нова заявка Повірка, адреса: вул. Незалежності 76, кв. 46, лічильники: БЕЗ НОМЕРА - 2 шт., вартість: 600 грн., примітки: 13-17, за 15 хв додано до БД користувачем [Сусло Тетяна].
[2024-09-18T10:33:31.136] [INFO] DataBase - У заявці Повірка від 18 вересня 2024 р. за адресою вул. Незалежності, буд. 76, кв. 46 додано виконавця ЗАПЛАНОВАНІ та додано дату виконання 25 вересня 2024 р. користувачем [Сусло Тетяна].
[18-Sep-2024 10:38:12 Europe/Helsinki] NewDATA [INFO] Нова адреса вул. Мазепи Івана, буд. 45, кв. 35, тел. +38 (097) 081-50-39 додана до БД користувачем [Сміян Альона].
[18-Sep-2024 10:39:02 Europe/Helsinki] NewDATA [INFO] Нова заявка Повірка, адреса: вул. Мазепи Івана 45, кв. 35, лічильники: БЕЗ НОМЕРА - 2 шт., вартість: 600 грн., примітки: 15-17 додано до БД користувачем [Сміян Альона].
[2024-09-18T10:39:15.925] [INFO] DataBase - У заявці Повірка від 18 вересня 2024 р. за адресою вул. Мазепи Івана, буд. 45, кв. 35 додано виконавця Осипенко та додано дату виконання 18 вересня 2024 р. користувачем [Сміян Альона].
[18-Sep-2024 11:29:25 Europe/Helsinki] NewDATA [INFO] Нова заявка Заміна, адреса: вул. 1-ї Гвардійської Армії 8, кв. 89, лічильники: 092560, вартість: 1060 грн., примітки: 1х/в 092560 9-12 додано до БД користувачем [Сміян Альона].
[2024-09-18T11:29:34.084] [INFO] DataBase - У заявці Заміна від 18 вересня 2024 р. за адресою вул. 1-ї Гвардійської Армії, буд. 8, кв. 89 додано виконавця Баранов та додано дату виконання 20 вересня 2024 р. користувачем [Сміян Альона].
[18-Sep-2024 11:52:05 Europe/Helsinki] EditDATA [INFO] За адресою вул. Корольова 18, кв. 8 користувачем [Сміян Альона] змінені номери телефонів з +38(063)803-83-20, +38(0462)62-10-43 на +38(063)803-82-69, при створенні нової заявки [Повірка] від 18.09.2024.
[18-Sep-2024 11:52:05 Europe/Helsinki] NewDATA [INFO] Нова заявка Повірка, адреса: вул. Корольова 18, кв. 8, лічильники: БЕЗ НОМЕРА - 1 шт., вартість: 300 грн., примітки: 8-13 30хв додано до БД користувачем [Сміян Альона].
[2024-09-18T11:52:13.334] [INFO] DataBase - У заявці Повірка від 18 вересня 2024 р. за адресою вул. Корольова, буд. 18, кв. 8 додано виконавця ЗАПЛАНОВАНІ та додано дату виконання 19 вересня 2024 р. користувачем [Сміян Альона].
[18-Sep-2024 11:54:52 Europe/Helsinki] EditDATA [INFO] За адресою вул. Рятувальників 6, кв. 49 користувачем [Сміян Альона] змінені номери телефонів з +38(096)257-08-19, +38(063)596-26-70 на +38(096)257-08-19, при створенні нової заявки [Повірка] від 18.09.2024.
[18-Sep-2024 11:54:52 Europe/Helsinki] NewDATA [INFO] Нова заявка Повірка, адреса: вул. Рятувальників 6, кв. 49, лічильники: БЕЗ НОМЕРА - 1 шт., вартість: 300 грн., примітки: код 38 13-17 додано до БД користувачем [Сміян Альона].
[2024-09-18T11:55:01.465] [INFO] DataBase - У заявці Повірка від 18 вересня 2024 р. за адресою вул. Рятувальників, буд. 6, кв. 49 додано виконавця ЗАПЛАНОВАНІ та додано дату виконання 19 вересня 2024 р. користувачем [Сміян Альона].
[18-Sep-2024 11:57:31 Europe/Helsinki] NewDATA [INFO] Нова адреса вул. Старобілоуська, буд. 33, кв. 13, тел. +38 (096) 360-20-49 додана до БД користувачем [Сусло Тетяна].
[18-Sep-2024 11:58:00 Europe/Helsinki] NewDATA [INFO] Нова заявка Повірка, адреса: вул. Старобілоуська 33, кв. 13, лічильники: БЕЗ НОМЕРА - 2 шт., вартість: 600 грн., примітки: 8-13 додано до БД користувачем [Сусло Тетяна].
[2024-09-18T11:58:04.204] [INFO] DataBase - У заявці Повірка від 18 вересня 2024 р. за адресою вул. Старобілоуська, буд. 33, кв. 13 додано виконавця ЗАПЛАНОВАНІ та додано дату виконання 19 вересня 2024 р. користувачем [Сусло Тетяна].
[18-Sep-2024 11:59:02 Europe/Helsinki] NewDATA [INFO] Нова адреса вул. Заньковецька, буд. 30, кв. 27, тел. +38 (096) 833-48-12 додана до БД користувачем [Сусло Тетяна].
[18-Sep-2024 11:59:46 Europe/Helsinki] NewDATA [INFO] Нова заявка Повірка, адреса: вул. Заньковецька 30, кв. 27, лічильники: БЕЗ НОМЕРА - 2 шт., вартість: 600 грн., примітки: 13-18, можна раніше додано до БД користувачем [Сусло Тетяна].
[2024-09-18T11:59:51.227] [INFO] DataBase - У заявці Повірка від 18 вересня 2024 р. за адресою вул. Заньковецька, буд. 30, кв. 27 додано виконавця ЗАПЛАНОВАНІ та додано дату виконання 20 вересня 2024 р. користувачем [Сусло Тетяна].
[18-Sep-2024 12:06:37 Europe/Helsinki] EditDATA [INFO] Для заявки Повірка від 12.06.2024 користувачем [Сміян Альона] змінено примітки з н.о 02.08 на 13-17.
[2024-09-18T12:06:53.287] [INFO] DataBase - У заявці Повірка від 12 червня 2024 р. за адресою вул. Мстиславська, буд. 3, кв. 21 додано виконавця ЗАПЛАНОВАНІ та додано дату виконання 19 вересня 2024 р. користувачем [Сміян Альона].
[18-Sep-2024 12:09:01 Europe/Helsinki] EditDATA [INFO] Для заявки Повірка від 12.06.2024 користувачем [Сміян Альона] змінено примітки з 13-17 на 13-17 30хв.
[18-Sep-2024 12:25:12 Europe/Helsinki] NewDATA [INFO] Нова адреса вул. Мазепи Івана, буд. 40, кв. 5, тел. +38 (063) 570-88-25 додана до БД користувачем [Сміян Альона].
[18-Sep-2024 12:26:02 Europe/Helsinki] NewDATA [INFO] Нова заявка Повірка, адреса: вул. Мазепи Івана 40, кв. 5, лічильники: БЕЗ НОМЕРА - 1 шт., вартість: 300 грн., примітки: 8-13 додано до БД користувачем [Сміян Альона].
[2024-09-18T12:26:11.923] [INFO] DataBase - У заявці Повірка від 18 вересня 2024 р. за адресою вул. Мазепи Івана, буд. 40, кв. 5 додано виконавця ЗАПЛАНОВАНІ та додано дату виконання 24 вересня 2024 р. користувачем [Сміян Альона].
[18-Sep-2024 12:28:28 Europe/Helsinki] NewDATA [INFO] Нова адреса вул. Мазепи Івана, буд. 47, кв. 27, тел. +38 (098) 714-74-66 додана до БД користувачем [Сусло Тетяна].
[18-Sep-2024 12:29:34 Europe/Helsinki] NewDATA [INFO] Нова заявка Заміна, адреса: вул. Мазепи Івана 47, кв. 27, лічильники: БЕЗ НОМЕРА - 1 шт., виконавець: Баранов, вартість: 350 грн., примітки: 8-13, 1 гв, ванна додано до БД користувачем [Сусло Тетяна].
[2024-09-18T12:29:46.272] [INFO] DataBase - У заявці Заміна від 18 вересня 2024 р. за адресою вул. Мазепи Івана, буд. 47, кв. 27 додано дату виконання 20 вересня 2024 р. користувачем [Сусло Тетяна].
[18-Sep-2024 12:54:48 Europe/Helsinki] EditDATA [INFO] За адресою вул. Захисників України 15 корпус А, кв. 73 користувачем [Сусло Тетяна] змінені номери телефонів з +38(096)466-33-57, +38(0462)95-82-60 на +38(096)466-33-57, при створенні нової заявки [Повірка] від 18.09.2024.
[18-Sep-2024 12:54:48 Europe/Helsinki] NewDATA [INFO] Нова заявка Повірка, адреса: вул. Захисників України 15 корпус А, кв. 73, лічильники: БЕЗ НОМЕРА - 4 шт., вартість: 1200 грн., примітки: 8-13 додано до БД користувачем [Сусло Тетяна].
[2024-09-18T12:54:53.567] [INFO] DataBase - У заявці Повірка від 18 вересня 2024 р. за адресою вул. Захисників України, буд. 15, корп. А, кв. 73 додано виконавця ЗАПЛАНОВАНІ та додано дату виконання 20 вересня 2024 р. користувачем [Сусло Тетяна].
[18-Sep-2024 13:40:59 Europe/Helsinki] EditDATA [INFO] За адресою вул. Мстиславська 130 корпус А, кв. 1 користувачем [Сусло Тетяна] змінені номери телефонів з +38(063)861-72-66 на +38(093)916-99-33, при створенні нової заявки [Повірка] від 18.09.2024.
[18-Sep-2024 13:40:59 Europe/Helsinki] NewDATA [INFO] Нова заявка Повірка, адреса: вул. Мстиславська 130 корпус А, кв. 1, лічильники: БЕЗ НОМЕРА - 2 шт., вартість: 600 грн., примітки: 13-18, за 30 хв додано до БД користувачем [Сусло Тетяна].
[2024-09-18T13:41:04.497] [INFO] DataBase - У заявці Повірка від 18 вересня 2024 р. за адресою вул. Мстиславська, буд. 130, корп. А, кв. 1 додано виконавця ЗАПЛАНОВАНІ та додано дату виконання 19 вересня 2024 р. користувачем [Сусло Тетяна].
[18-Sep-2024 13:43:12 Europe/Helsinki] EditDATA [INFO] За адресою просп. Левка Лукяненка 58, кв. 45 користувачем [Коваль Людмила] змінені номери телефонів з +38(094)841-32-02, +38(097)322-00-14 на +38(068)101-27-70, при створенні нової заявки [Повірка] від 18.09.2024.
[18-Sep-2024 13:43:12 Europe/Helsinki] NewDATA [INFO] Нова заявка Повірка, адреса: просп. Левка Лукяненка 58, кв. 45, лічильники: БЕЗ НОМЕРА - 4 шт., вартість: 1200 грн., примітки: 8-13,пер.за час додано до БД користувачем [Коваль Людмила].
[2024-09-18T13:43:28.971] [INFO] DataBase - У заявці Повірка від 18 вересня 2024 р. за адресою просп. Левка Лукяненка, буд. 58, кв. 45 додано виконавця ЗАПЛАНОВАНІ та додано дату виконання 19 вересня 2024 р. користувачем [Коваль Людмила].
[18-Sep-2024 13:44:48 Europe/Helsinki] NewDATA [INFO] Нова адреса просп. Перемоги, буд. 104, кв. 70, тел. +38 (063) 023-33-81 додана до БД користувачем [Сусло Тетяна].
[18-Sep-2024 13:45:35 Europe/Helsinki] NewDATA [INFO] Нова заявка Повірка, адреса: просп. Перемоги 104, кв. 70, лічильники: БЕЗ НОМЕРА - 2 шт., вартість: 600 грн., примітки: 13-17, за 15 хв додано до БД користувачем [Сусло Тетяна].
[2024-09-18T13:45:42.061] [INFO] DataBase - У заявці Повірка від 18 вересня 2024 р. за адресою просп. Перемоги, буд. 104, кв. 70 додано виконавця ЗАПЛАНОВАНІ та додано дату виконання 19 вересня 2024 р. користувачем [Сусло Тетяна].
[18-Sep-2024 13:53:28 Europe/Helsinki] EditDATA [INFO] Для заявки Повірка від 16.09.2024 користувачем [Коваль Людмила] змінено виконавця з ЗАПЛАНОВАНІ на Сірий.
[18-Sep-2024 13:53:46 Europe/Helsinki] EditDATA [INFO] Для заявки Повірка від 18.09.2024 користувачем [Коваль Людмила] змінено виконавця з ЗАПЛАНОВАНІ на Сірий.
[18-Sep-2024 13:54:05 Europe/Helsinki] EditDATA [INFO] Для заявки Повірка від 17.09.2024 користувачем [Коваль Людмила] змінено виконавця з ЗАПЛАНОВАНІ на Сірий.
[18-Sep-2024 13:57:14 Europe/Helsinki] EditDATA [INFO] Для заявки Повірка від 12.09.2024 користувачем [Коваль Людмила] змінено виконавця з ЗАПЛАНОВАНІ на Богомаз.
[18-Sep-2024 13:57:24 Europe/Helsinki] EditDATA [INFO] Для заявки Повірка від 18.09.2024 користувачем [Коваль Людмила] змінено виконавця з ЗАПЛАНОВАНІ на Богомаз.
[18-Sep-2024 13:57:35 Europe/Helsinki] EditDATA [INFO] Для заявки Повірка від 18.09.2024 користувачем [Коваль Людмила] змінено виконавця з ЗАПЛАНОВАНІ на Богомаз.
[18-Sep-2024 13:57:49 Europe/Helsinki] EditDATA [INFO] Для заявки Повірка від 16.09.2024 користувачем [Коваль Людмила] змінено виконавця з ЗАПЛАНОВАНІ на Богомаз.
[18-Sep-2024 13:58:01 Europe/Helsinki] EditDATA [INFO] Для заявки Повірка від 13.09.2024 користувачем [Коваль Людмила] змінено виконавця з ЗАПЛАНОВАНІ на Богомаз.
[18-Sep-2024 14:01:57 Europe/Helsinki] EditDATA [INFO] Для заявки Повірка від 16.09.2024 користувачем [Коваль Людмила] змінено виконавця з ЗАПЛАНОВАНІ на Осипенко.
[18-Sep-2024 14:02:09 Europe/Helsinki] EditDATA [INFO] Для заявки Повірка від 18.09.2024 користувачем [Коваль Людмила] змінено виконавця з ЗАПЛАНОВАНІ на Осипенко.
[18-Sep-2024 14:02:20 Europe/Helsinki] EditDATA [INFO] Для заявки Повірка від 17.09.2024 користувачем [Коваль Людмила] змінено виконавця з ЗАПЛАНОВАНІ на Осипенко.
[18-Sep-2024 14:02:32 Europe/Helsinki] EditDATA [INFO] Для заявки Повірка від 16.09.2024 користувачем [Коваль Людмила] змінено виконавця з ЗАПЛАНОВАНІ на Осипенко.
[18-Sep-2024 14:02:49 Europe/Helsinki] EditDATA [INFO] Для заявки Повірка від 13.09.2024 користувачем [Коваль Людмила] змінено виконавця з ЗАПЛАНОВАНІ на Осипенко.
[18-Sep-2024 14:05:41 Europe/Helsinki] NewDATA [INFO] Нова адреса вул. Освіти, буд. 86, кв. 119, тел. +38 (097) 321-60-69 додана до БД користувачем [Коваль Людмила].
[18-Sep-2024 14:06:27 Europe/Helsinki] NewDATA [INFO] Нова заявка Повірка, адреса: вул. Освіти 86, кв. 119, лічильники: БЕЗ НОМЕРА - 2 шт., вартість: 600 грн., примітки: 8-13 додано до БД користувачем [Коваль Людмила].
[2024-09-18T14:06:44.860] [INFO] DataBase - У заявці Повірка від 18 вересня 2024 р. за адресою вул. Освіти, буд. 86, кв. 119 додано виконавця ЗАПЛАНОВАНІ та додано дату виконання 24 вересня 2024 р. користувачем [Коваль Людмила].
[18-Sep-2024 14:07:06 Europe/Helsinki] EditDATA [INFO] Для заявки Повірка від 18.09.2024 користувачем [Коваль Людмила] змінено виконавця з ЗАПЛАНОВАНІ на Осипенко.
[18-Sep-2024 14:07:40 Europe/Helsinki] EditDATA [INFO] Для заявки Повірка від 12.06.2024 користувачем [Коваль Людмила] змінено виконавця з ЗАПЛАНОВАНІ на Сірий.
[18-Sep-2024 14:07:59 Europe/Helsinki] EditDATA [INFO] За адресою вул. Льотна 14, кв. 36 користувачем [Сусло Тетяна] змінені номери телефонів з +38(063)799-04-67 на +38(097)848-06-66, при створенні нової заявки [Повірка] від 18.09.2024.
[18-Sep-2024 14:07:59 Europe/Helsinki] NewDATA [INFO] Нова заявка Повірка, адреса: вул. Льотна 14, кв. 36, лічильники: БЕЗ НОМЕРА - 1 шт., вартість: 300 грн., примітки: 10-16, за 15 хв додано до БД користувачем [Сусло Тетяна].
[2024-09-18T14:08:09.848] [INFO] DataBase - У заявці Повірка від 18 вересня 2024 р. за адресою вул. Льотна, буд. 14, кв. 36 додано виконавця ЗАПЛАНОВАНІ та додано дату виконання 19 вересня 2024 р. користувачем [Сусло Тетяна].
[18-Sep-2024 14:08:22 Europe/Helsinki] EditDATA [INFO] Для заявки Повірка від 18.09.2024 користувачем [Коваль Людмила] змінено виконавця з ЗАПЛАНОВАНІ на Богомаз.
[18-Sep-2024 14:09:17 Europe/Helsinki] EditDATA [INFO] Для заявки Повірка від 16.09.2024 користувачем [Коваль Людмила] змінено виконавця з ЗАПЛАНОВАНІ на Осипенко.
[18-Sep-2024 14:09:30 Europe/Helsinki] EditDATA [INFO] Для заявки Повірка від 13.09.2024 користувачем [Коваль Людмила] змінено виконавця з ЗАПЛАНОВАНІ на Осипенко.
[18-Sep-2024 14:10:34 Europe/Helsinki] EditDATA [INFO] Для заявки Повірка від 17.09.2024 користувачем [Коваль Людмила] змінено виконавця з ЗАПЛАНОВАНІ на Сірий.
[18-Sep-2024 14:35:58 Europe/Helsinki] EditDATA [INFO] Для заявки Повірка від 18.09.2024 користувачем [Коваль Людмила] змінено виконавця з ЗАПЛАНОВАНІ на Шкуліпа.
[18-Sep-2024 14:37:01 Europe/Helsinki] EditDATA [INFO] Для заявки Повірка від 18.09.2024 користувачем [Коваль Людмила] змінено виконавця з ЗАПЛАНОВАНІ на Шкуліпа.
[18-Sep-2024 14:37:10 Europe/Helsinki] EditDATA [INFO] Для заявки Повірка від 17.09.2024 користувачем [Коваль Людмила] змінено виконавця з ЗАПЛАНОВАНІ на Шкуліпа.
[18-Sep-2024 14:37:22 Europe/Helsinki] EditDATA [INFO] Для заявки Повірка від 18.09.2024 користувачем [Коваль Людмила] змінено виконавця з ЗАПЛАНОВАНІ на Шкуліпа.
[18-Sep-2024 14:37:34 Europe/Helsinki] EditDATA [INFO] Для заявки Повірка від 18.09.2024 користувачем [Коваль Людмила] змінено виконавця з ЗАПЛАНОВАНІ на Шкуліпа.
[18-Sep-2024 14:37:44 Europe/Helsinki] EditDATA [INFO] Для заявки Повірка від 25.07.2024 користувачем [Коваль Людмила] змінено виконавця з ЗАПЛАНОВАНІ на Шкуліпа.
[18-Sep-2024 14:40:10 Europe/Helsinki] NewDATA [INFO] Нова заявка Заміна, адреса: вул. Льотна 1, кв. 25, лічильники: БЕЗ НОМЕРА - 1 шт., вартість: 1060 грн., примітки: 1х/в 052879 13-17 додано до БД користувачем [Сміян Альона].
[2024-09-18T14:40:19.226] [INFO] DataBase - У заявці Заміна від 18 вересня 2024 р. за адресою вул. Льотна, буд. 1, кв. 25 додано виконавця Баранов та додано дату виконання 19 вересня 2024 р. користувачем [Сміян Альона].
[18-Sep-2024 14:44:45 Europe/Helsinki] NewDATA [INFO] Нова адреса вул. Захисників України, буд. 12, корп. Б, кв. 77, тел. +38 (067) 355-09-86 додана до БД користувачем [Сусло Тетяна].
[18-Sep-2024 14:45:14 Europe/Helsinki] NewDATA [INFO] Нова заявка Повірка, адреса: вул. Захисників України 12 корпус Б, кв. 77, лічильники: БЕЗ НОМЕРА - 2 шт., вартість: 600 грн., примітки: 8-13 додано до БД користувачем [Сусло Тетяна].
[2024-09-18T14:45:18.835] [INFO] DataBase - У заявці Повірка від 18 вересня 2024 р. за адресою вул. Захисників України, буд. 12, корп. Б, кв. 77 додано виконавця ЗАПЛАНОВАНІ та додано дату виконання 20 вересня 2024 р. користувачем [Сусло Тетяна].
[18-Sep-2024 15:24:14 Europe/Helsinki] NewDATA [INFO] Нова адреса вул. Чорновола Вячеслава, буд. 15, кв. 175, тел. +38 (096) 333-63-55 додана до БД користувачем [Коваль Людмила].
[18-Sep-2024 15:24:52 Europe/Helsinki] NewDATA [INFO] Нова заявка Повірка, адреса: вул. Чорновола Вячеслава 15, кв. 175, лічильники: БЕЗ НОМЕРА - 2 шт., вартість: 600 грн., примітки: 14-18 додано до БД користувачем [Коваль Людмила].
[2024-09-18T15:25:25.467] [INFO] DataBase - У заявці Повірка від 18 вересня 2024 р. за адресою вул. Чорновола Вячеслава, буд. 15, кв. 175 додано виконавця ЗАПЛАНОВАНІ та додано дату виконання 19 вересня 2024 р. користувачем [Коваль Людмила].
[18-Sep-2024 15:26:35 Europe/Helsinki] EditDATA [INFO] За адресою вул. Захисників України 16, кв. 91 користувачем [Коваль Людмила] змінені номери телефонів з +38(0462)62-11-81, +38(096)125-20-92 на +38(063)183-40-65, при створенні нової заявки [Повірка] від 18.09.2024.
[18-Sep-2024 15:26:35 Europe/Helsinki] NewDATA [INFO] Нова заявка Повірка, адреса: вул. Захисників України 16, кв. 91, лічильники: БЕЗ НОМЕРА - 3 шт., вартість: 900 грн., примітки: 13-15 додано до БД користувачем [Коваль Людмила].
[2024-09-18T15:27:02.525] [INFO] DataBase - У заявці Повірка від 18 вересня 2024 р. за адресою вул. Захисників України, буд. 16, кв. 91 додано виконавця Шкуліпа та додано дату виконання 19 вересня 2024 р. користувачем [Коваль Людмила].
[18-Sep-2024 15:30:43 Europe/Helsinki] EditDATA [INFO] Для заявки Повірка від 18.09.2024 користувачем [Коваль Людмила] змінено виконавця з ЗАПЛАНОВАНІ на Богомаз.
[18-Sep-2024 15:44:47 Europe/Helsinki] NewDATA [INFO] Нова адреса вул. 1-ої танкової бригади, буд. 23, корп. 4, кв. 12, тел. +38 (099) 268-84-26 додана до БД користувачем [Сміян Альона].
[18-Sep-2024 15:46:38 Europe/Helsinki] NewDATA [INFO] Нова заявка Повірка, адреса: вул. 1-ої танкової бригади 23 корпус 4, кв. 12, лічильники: БЕЗ НОМЕРА - 2 шт., вартість: 600 грн., примітки: 13-17 додано до БД користувачем [Сміян Альона].
[2024-09-18T15:46:58.124] [INFO] DataBase - У заявці Повірка від 18 вересня 2024 р. за адресою вул. 1-ої танкової бригади, буд. 23, корп. 4, кв. 12 додано виконавця ЗАПЛАНОВАНІ та додано дату виконання 20 вересня 2024 р. користувачем [Сміян Альона].
