[10-Sep-2025 08:17:23 Europe/Helsinki] EditDATA [INFO] Для заявки Повірка від 09.09.2025 користувачем [Коваль Людмила] змінено виконавця з ЗАПЛАНОВАНІ на Сірий.
[10-Sep-2025 08:17:33 Europe/Helsinki] EditDATA [INFO] Для заявки Повірка від 09.09.2025 користувачем [Коваль Людмила] змінено виконавця з ЗАПЛАНОВАНІ на Сірий.
[10-Sep-2025 08:17:44 Europe/Helsinki] EditDATA [INFO] Для заявки Повірка від 09.09.2025 користувачем [Коваль Людмила] змінено виконавця з ЗАПЛАНОВАНІ на Сірий.
[10-Sep-2025 08:17:54 Europe/Helsinki] EditDATA [INFO] Для заявки Повірка від 09.09.2025 користувачем [Коваль Людмила] змінено виконавця з ЗАПЛАНОВАНІ на Сірий.
[10-Sep-2025 08:18:05 Europe/Helsinki] EditDATA [INFO] Для заявки Повірка від 08.09.2025 користувачем [Коваль Людмила] змінено виконавця з ЗАПЛАНОВАНІ на Сірий.
[10-Sep-2025 08:18:21 Europe/Helsinki] EditDATA [INFO] Для заявки Повірка від 08.09.2025 користувачем [Коваль Людмила] змінено виконавця з ЗАПЛАНОВАНІ на Сірий.
[10-Sep-2025 08:18:35 Europe/Helsinki] EditDATA [INFO] Для заявки Повірка від 04.09.2025 користувачем [Коваль Людмила] змінено виконавця з ЗАПЛАНОВАНІ на Сірий.
[10-Sep-2025 08:19:22 Europe/Helsinki] EditDATA [INFO] Для заявки Повірка від 05.09.2025 користувачем [Коваль Людмила] змінено виконавця з ЗАПЛАНОВАНІ на Сірий.
[10-Sep-2025 09:02:20 Europe/Helsinki] NewDATA [INFO] Нова адреса просп. Левка Лукяненка, буд. 12, корп. 1, кв. 17, тел. +38 (097) 577-26-60 додана до БД користувачем [Коваль Людмила].
[10-Sep-2025 09:02:51 Europe/Helsinki] NewDATA [INFO] Нова заявка Повірка, адреса: просп. Левка Лукяненка 12 корпус 1, кв. 17, лічильники: БЕЗ НОМЕРА - 4 шт., вартість: 1320 грн., примітки: 8-13 додано до БД користувачем [Коваль Людмила].
[2025-09-10T09:02:55.882] [INFO] DataBase - У заявці Повірка від 10 вересня 2025 р. за адресою просп. Левка Лукяненка, буд. 12, корп. 1, кв. 17 додано виконавця ЗАПЛАНОВАНІ та додано дату виконання 17 вересня 2025 р. користувачем [Коваль Людмила].
[10-Sep-2025 09:03:39 Europe/Helsinki] NewDATA [INFO] Нова адреса вул. Волковича, буд. 21, корп. А, кв. 46, тел. +38 (066) 429-45-43 додана до БД користувачем [Коваль Людмила].
[10-Sep-2025 09:04:15 Europe/Helsinki] NewDATA [INFO] Нова заявка Повірка, адреса: вул. Волковича 21 корпус А, кв. 46, лічильники: БЕЗ НОМЕРА - 1 шт., вартість: 350 грн., примітки: 13-17,пер.за 30 хв. додано до БД користувачем [Коваль Людмила].
[2025-09-10T09:04:19.476] [INFO] DataBase - У заявці Повірка від 10 вересня 2025 р. за адресою вул. Волковича, буд. 21, корп. А, кв. 46 додано виконавця ЗАПЛАНОВАНІ та додано дату виконання 12 вересня 2025 р. користувачем [Коваль Людмила].
[10-Sep-2025 09:04:27 Europe/Helsinki] EditDATA [INFO] Для заявки Повірка від 10.09.2025 користувачем [Коваль Людмила] змінено виконавця з ЗАПЛАНОВАНІ на Сірий.
[10-Sep-2025 09:06:47 Europe/Helsinki] NewDATA [INFO] Нова адреса вул. Освіти, буд. 8, кв. 40, тел. +38 (067) 725-22-37 додана до БД користувачем [Коваль Людмила].
[10-Sep-2025 09:07:22 Europe/Helsinki] NewDATA [INFO] Нова заявка Повірка, адреса: вул. Освіти 8, кв. 40, лічильники: БЕЗ НОМЕРА - 2 шт., вартість: 700 грн., примітки: 13-17 додано до БД користувачем [Коваль Людмила].
[2025-09-10T09:07:30.686] [INFO] DataBase - У заявці Повірка від 10 вересня 2025 р. за адресою вул. Освіти, буд. 8, кв. 40 додано виконавця ЗАПЛАНОВАНІ та додано дату виконання 16 вересня 2025 р. користувачем [Коваль Людмила].
[10-Sep-2025 09:27:11 Europe/Helsinki] DellTASK [INFO] Повірка від 08.09.2025 для адреси вул. Незалежності, буд. 56, кв. 139 для лічильника БЕЗ НОМЕРА - 1 шт. було завершено користувачем [Коваль Людмила] з коментарем: виконано.
[10-Sep-2025 09:27:28 Europe/Helsinki] DellTASK [INFO] Повірка від 03.09.2025 для адреси вул. Героїв Маріуполя, буд. 1, корп. Б, кв. п/сектор для лічильника БЕЗ НОМЕРА - 1 шт. було завершено користувачем [Коваль Людмила] з коментарем: виконано.
[10-Sep-2025 09:27:46 Europe/Helsinki] DellTASK [INFO] Повірка від 02.09.2025 для адреси вул. Красносільського, буд. 71, кв. 216 для лічильника БЕЗ НОМЕРА - 2 шт. було завершено користувачем [Коваль Людмила] з коментарем: виконано.
[10-Sep-2025 09:28:02 Europe/Helsinki] DellTASK [INFO] Повірка від 02.09.2025 для адреси вул. Нафтовиків, буд. 15, кв. 39 для лічильника БЕЗ НОМЕРА - 2 шт. було завершено користувачем [Коваль Людмила] з коментарем: виконано.
[10-Sep-2025 09:28:17 Europe/Helsinki] DellTASK [INFO] Повірка від 22.08.2025 для адреси вул. Березовського Максима, буд. 31, кв. п/сектор для лічильника БЕЗ НОМЕРА - 1 шт. було завершено користувачем [Коваль Людмила] з коментарем: виконано.
[10-Sep-2025 09:28:30 Europe/Helsinki] DellTASK [INFO] Повірка від 20.08.2025 для адреси вул. Балицького, буд. 1, кв. 1 для лічильника БЕЗ НОМЕРА - 1 шт. було завершено користувачем [Коваль Людмила] з коментарем: виконано.
[10-Sep-2025 09:28:48 Europe/Helsinki] DellTASK [INFO] Повірка від 20.08.2025 для адреси вул. Мстиславська, буд. 175, кв. 19 для лічильника БЕЗ НОМЕРА - 2 шт. було завершено користувачем [Коваль Людмила] з коментарем: виконано.
[10-Sep-2025 10:45:26 Europe/Helsinki] DellTASK [INFO] Заміна від 04.09.2025 для адреси просп. Левка Лукяненка, буд. 4, корп. А, кв. 53 для лічильника БЕЗ НОМЕРА - 1 шт. було завершено користувачем [Коваль Людмила] з коментарем: виконано.
[10-Sep-2025 11:01:48 Europe/Helsinki] EditDATA [INFO] Для заявки Повірка від 13.08.2025 користувачем [Коваль Людмила] змінено примітки з 8-13 на 12-15,пер.за 30 хв..
[10-Sep-2025 11:25:48 Europe/Helsinki] NewDATA [INFO] Нова адреса вул. Ушинського, буд. 6, корп. А, кв. 9, тел. +38 (093) 345-58-38 додана до БД користувачем [Коваль Людмила].
[10-Sep-2025 11:26:24 Europe/Helsinki] NewDATA [INFO] Нова заявка Повірка, адреса: вул. Ушинського 6 корпус А, кв. 9, лічильники: БЕЗ НОМЕРА - 2 шт., вартість: 660 грн., примітки: 8-13,пер.за 30 хв. додано до БД користувачем [Коваль Людмила].
[2025-09-10T11:26:28.452] [INFO] DataBase - У заявці Повірка від 10 вересня 2025 р. за адресою вул. Ушинського, буд. 6, корп. А, кв. 9 додано виконавця ЗАПЛАНОВАНІ та додано дату виконання 19 вересня 2025 р. користувачем [Коваль Людмила].
[10-Sep-2025 11:27:17 Europe/Helsinki] NewDATA [INFO] Нова адреса просп. Левка Лукяненка, буд. 35, кв. 79, тел. +38 (095) 543-08-39 додана до БД користувачем [Коваль Людмила].
[10-Sep-2025 11:27:55 Europe/Helsinki] NewDATA [INFO] Нова заявка Повірка, адреса: просп. Левка Лукяненка 35, кв. 79, лічильники: БЕЗ НОМЕРА - 2 шт., вартість: 700 грн., примітки: 11-15,пер.за час додано до БД користувачем [Коваль Людмила].
[2025-09-10T11:28:00.743] [INFO] DataBase - У заявці Повірка від 10 вересня 2025 р. за адресою просп. Левка Лукяненка, буд. 35, кв. 79 додано виконавця ЗАПЛАНОВАНІ та додано дату виконання 12 вересня 2025 р. користувачем [Коваль Людмила].
[10-Sep-2025 11:28:53 Europe/Helsinki] NewDATA [INFO] Нова адреса вул. Незалежності, буд. 15, кв. 218, тел. +38 (096) 829-24-08 додана до БД користувачем [Коваль Людмила].
[10-Sep-2025 11:29:30 Europe/Helsinki] NewDATA [INFO] Нова заявка Повірка, адреса: вул. Незалежності 15, кв. 218, лічильники: БЕЗ НОМЕРА - 1 шт., вартість: 350 грн., примітки: 8-13,пер.за 30 хв. додано до БД користувачем [Коваль Людмила].
[2025-09-10T11:29:36.513] [INFO] DataBase - У заявці Повірка від 10 вересня 2025 р. за адресою вул. Незалежності, буд. 15, кв. 218 додано виконавця ЗАПЛАНОВАНІ та додано дату виконання 24 вересня 2025 р. користувачем [Коваль Людмила].
[10-Sep-2025 11:30:12 Europe/Helsinki] NewDATA [INFO] Нова адреса вул. Доценка, буд. 26, кв. 168, тел. +38 (097) 396-23-92 додана до БД користувачем [Коваль Людмила].
[10-Sep-2025 11:30:50 Europe/Helsinki] NewDATA [INFO] Нова заявка Повірка, адреса: вул. Доценка 26, кв. 168, лічильники: БЕЗ НОМЕРА - 4 шт., вартість: 1320 грн., примітки: 8-13 додано до БД користувачем [Коваль Людмила].
[2025-09-10T11:30:54.348] [INFO] DataBase - У заявці Повірка від 10 вересня 2025 р. за адресою вул. Доценка, буд. 26, кв. 168 додано виконавця ЗАПЛАНОВАНІ та додано дату виконання 10 жовтня 2025 р. користувачем [Коваль Людмила].
[2025-09-10T13:04:31.929] [INFO] DataBase - У заявці Заміна від 5 вересня 2025 р. за адресою вул. Любецька, буд. 11, кв. 20 видалено дату виконання 10 вересня 2025 р. користувачем [Коваль Людмила].
[2025-09-10T13:04:35.233] [INFO] DataBase - У заявці Заміна від 5 вересня 2025 р. за адресою вул. Любецька, буд. 11, кв. 20 додано дату виконання 17 вересня 2025 р. користувачем [Коваль Людмила].
[2025-09-10T13:04:43.062] [INFO] DataBase - У заявці Заміна від 5 вересня 2025 р. за адресою просп. Левка Лукяненка, буд. 8, кв. 20 видалено дату виконання 10 вересня 2025 р. користувачем [Коваль Людмила].
[2025-09-10T13:04:47.202] [INFO] DataBase - У заявці Заміна від 5 вересня 2025 р. за адресою просп. Левка Лукяненка, буд. 8, кв. 20 додано дату виконання 17 вересня 2025 р. користувачем [Коваль Людмила].
[2025-09-10T13:04:55.907] [INFO] DataBase - У заявці Заміна від 4 вересня 2025 р. за адресою вул. 1-ої танкової бригади, буд. 18, кв. 153 видалено дату виконання 10 вересня 2025 р. користувачем [Коваль Людмила].
[2025-09-10T13:05:00.346] [INFO] DataBase - У заявці Заміна від 4 вересня 2025 р. за адресою вул. 1-ої танкової бригади, буд. 18, кв. 153 додано дату виконання 17 вересня 2025 р. користувачем [Коваль Людмила].
[2025-09-10T13:05:12.299] [INFO] DataBase - У заявці Заміна від 5 вересня 2025 р. за адресою просп. Левка Лукяненка, буд. 37, кв. 48 видалено дату виконання 10 вересня 2025 р. користувачем [Коваль Людмила].
[2025-09-10T13:05:16.739] [INFO] DataBase - У заявці Заміна від 5 вересня 2025 р. за адресою просп. Левка Лукяненка, буд. 37, кв. 48 додано дату виконання 17 вересня 2025 р. користувачем [Коваль Людмила].
[10-Sep-2025 13:08:04 Europe/Helsinki] NewDATA [INFO] Новий лічильник номер: 506610, тип: КВ-1,5 => DN 15, рік випуску: 2004, показники: 0, балансоутримувач: КП "ВДК" додано до БД користувачем [Коваль Людмила].
[10-Sep-2025 13:08:27 Europe/Helsinki] NewDATA [INFO] Новий лічильник номер: 083800, тип: КВ-1,5 => DN 15, рік випуску: 2006, показники: 0, балансоутримувач: АТ "ОТКЕ" додано до БД користувачем [Коваль Людмила].
[10-Sep-2025 13:08:46 Europe/Helsinki] NewDATA [INFO] Новий лічильник номер: 330314, тип: КВ-1,5 => DN 15, рік випуску: 2005, показники: 0, балансоутримувач: КП "ВДК" додано до БД користувачем [Коваль Людмила].
[10-Sep-2025 13:09:09 Europe/Helsinki] NewDATA [INFO] Новий лічильник номер: 564706, тип: КВ-1,5 => DN 15, рік випуску: 2008, показники: 0, балансоутримувач: АТ "ОТКЕ" додано до БД користувачем [Коваль Людмила].
[10-Sep-2025 13:09:11 Europe/Helsinki] EditDATA [INFO] За адресою вул. Волковича, буд. 2, корп. А, кв. 114 користувачем [Коваль Людмила] було додано лічильники: 506610, 083800, 330314, 564706].
[10-Sep-2025 13:10:06 Europe/Helsinki] NewDATA [INFO] Новий лічильник номер: 558460, тип: КВ-1,5 => DN 15, рік випуску: 2007, показники: 0, балансоутримувач: КП "ВДК" додано до БД користувачем [Коваль Людмила].
[10-Sep-2025 13:10:28 Europe/Helsinki] NewDATA [INFO] Новий лічильник номер: 528423, тип: КВ-1,5 => DN 15, рік випуску: 2007, показники: 0, балансоутримувач: АТ "ОТКЕ" додано до БД користувачем [Коваль Людмила].
[10-Sep-2025 13:10:30 Europe/Helsinki] EditDATA [INFO] За адресою вул. Льотна, буд. 25, корп. Б, кв. 18 користувачем [Коваль Людмила] було додано лічильники: 558460, 528423].
[10-Sep-2025 13:54:31 Europe/Helsinki] NewDATA [INFO] Нова адреса вул. Мстиславська, буд. 130, корп. А, кв. 8, тел. +38 (098) 570-77-90 додана до БД користувачем [Коваль Людмила].
[10-Sep-2025 13:54:56 Europe/Helsinki] NewDATA [INFO] Нова заявка Повірка, адреса: вул. Мстиславська 130 корпус А, кв. 8, лічильники: БЕЗ НОМЕРА - 2 шт., вартість: 700 грн. додано до БД користувачем [Коваль Людмила].
[2025-09-10T13:55:00.246] [INFO] DataBase - У заявці Повірка від 10 вересня 2025 р. за адресою вул. Мстиславська, буд. 130, корп. А, кв. 8 додано виконавця Шкуліпа та додано дату виконання 10 вересня 2025 р. користувачем [Коваль Людмила].
[10-Sep-2025 13:55:47 Europe/Helsinki] NewDATA [INFO] Нова адреса вул. Богуна Івана, буд. 40, кв. 101, тел. +38 (068) 374-96-68 додана до БД користувачем [Коваль Людмила].
[10-Sep-2025 13:56:28 Europe/Helsinki] NewDATA [INFO] Нова заявка Повірка, адреса: вул. Богуна Івана 40, кв. 101, лічильники: БЕЗ НОМЕРА - 4 шт., вартість: 1320 грн., примітки: після 17.00 додано до БД користувачем [Коваль Людмила].
[2025-09-10T13:57:03.695] [INFO] DataBase - У заявці Повірка від 10 вересня 2025 р. за адресою вул. Богуна Івана, буд. 40, кв. 101 додано виконавця ЗАПЛАНОВАНІ та додано дату виконання 15 вересня 2025 р. користувачем [Коваль Людмила].
[10-Sep-2025 13:58:56 Europe/Helsinki] NewDATA [INFO] Нова заявка Заміна, адреса: вул. Стуса Василя 20, кв. 32, лічильники: 2301767, вартість: 1100 грн., примітки: гор.кух№2301767,8-13 додано до БД користувачем [Коваль Людмила].
[2025-09-10T13:59:00.400] [INFO] DataBase - У заявці Заміна від 10 вересня 2025 р. за адресою вул. Стуса Василя, буд. 20, кв. 32 додано виконавця Баранов та додано дату виконання 18 вересня 2025 р. користувачем [Коваль Людмила].
[10-Sep-2025 14:00:02 Europe/Helsinki] NewDATA [INFO] Нова адреса вул. Доценка, буд. 30, кв. 52, тел. +38 (063) 495-36-35 додана до БД користувачем [Коваль Людмила].
[10-Sep-2025 14:00:46 Europe/Helsinki] NewDATA [INFO] Нова заявка Повірка, адреса: вул. Доценка 30, кв. 52, лічильники: БЕЗ НОМЕРА - 2 шт., вартість: 660 грн., примітки: 13-17,пер.за 30 хв.код 45 додано до БД користувачем [Коваль Людмила].
[2025-09-10T14:00:50.848] [INFO] DataBase - У заявці Повірка від 10 вересня 2025 р. за адресою вул. Доценка, буд. 30, кв. 52 додано виконавця Шкуліпа та додано дату виконання 11 вересня 2025 р. користувачем [Коваль Людмила].
[10-Sep-2025 14:01:31 Europe/Helsinki] NewDATA [INFO] Нова адреса вул. Незалежності, буд. 82, кв. 18, тел. +38 (067) 378-67-74 додана до БД користувачем [Коваль Людмила].
[10-Sep-2025 14:02:09 Europe/Helsinki] NewDATA [INFO] Нова заявка Заміна, адреса: вул. Незалежності 82, кв. 18, лічильники: БЕЗ НОМЕРА - 1 шт., вартість: 1100 грн., примітки: гор.с/в.8-13 додано до БД користувачем [Коваль Людмила].
[2025-09-10T14:02:13.212] [INFO] DataBase - У заявці Заміна від 10 вересня 2025 р. за адресою вул. Незалежності, буд. 82, кв. 18 додано виконавця Баранов та додано дату виконання 18 вересня 2025 р. користувачем [Коваль Людмила].
[10-Sep-2025 14:03:00 Europe/Helsinki] NewDATA [INFO] Нова адреса вул. 1-ої танкової бригади, буд. 30, корп. 3, кв. 3, тел. +38 (073) 474-35-40 додана до БД користувачем [Коваль Людмила].
[10-Sep-2025 14:03:43 Europe/Helsinki] NewDATA [INFO] Нова заявка Повірка, адреса: вул. 1-ої танкової бригади 30 корпус 3, кв. 3, лічильники: БЕЗ НОМЕРА - 4 шт., вартість: 1400 грн., примітки: 8-13 додано до БД користувачем [Коваль Людмила].
[2025-09-10T14:03:47.037] [INFO] DataBase - У заявці Повірка від 10 вересня 2025 р. за адресою вул. 1-ої танкової бригади, буд. 30, корп. 3, кв. 3 додано виконавця ЗАПЛАНОВАНІ та додано дату виконання 12 вересня 2025 р. користувачем [Коваль Людмила].
[10-Sep-2025 14:04:32 Europe/Helsinki] EditDATA [INFO] За адресою вул. 1-ї Гвардійської Армії 39, кв. 66 користувачем [Коваль Людмила] змінені номери телефонів з +38(093)543-64-96 на +38(063)814-45-67, при створенні нової заявки [Заміна] від 10.09.2025.
[10-Sep-2025 14:04:32 Europe/Helsinki] NewDATA [INFO] Нова заявка Заміна, адреса: вул. 1-ї Гвардійської Армії 39, кв. 66, лічильники: БЕЗ НОМЕРА - 1 шт., вартість: 1100 грн., примітки: гор.с/в додано до БД користувачем [Коваль Людмила].
[2025-09-10T14:04:37.417] [INFO] DataBase - У заявці Заміна від 10 вересня 2025 р. за адресою вул. 1-ї Гвардійської Армії, буд. 39, кв. 66 додано виконавця Баранов та додано дату виконання 18 вересня 2025 р. користувачем [Коваль Людмила].
[10-Sep-2025 14:05:28 Europe/Helsinki] NewDATA [INFO] Нова адреса вул. Любецька, буд. 106, корп. Б, кв. 52, тел. +38 (093) 207-73-86 додана до БД користувачем [Коваль Людмила].
[10-Sep-2025 14:06:00 Europe/Helsinki] NewDATA [INFO] Нова заявка Повірка, адреса: вул. Любецька 106 корпус Б, кв. 52, лічильники: БЕЗ НОМЕРА - 1 шт., вартість: 350 грн., примітки: пер.за час додано до БД користувачем [Коваль Людмила].
[2025-09-10T14:06:05.921] [INFO] DataBase - У заявці Повірка від 10 вересня 2025 р. за адресою вул. Любецька, буд. 106, корп. Б, кв. 52 додано виконавця ЗАПЛАНОВАНІ та додано дату виконання 15 вересня 2025 р. користувачем [Коваль Людмила].
[2025-09-10T14:09:08.932] [INFO] DataBase - У заявці Заміна від 8 вересня 2025 р. за адресою вул. 1-ої танкової бригади, буд. 21, корп. 3, кв. 36 видалено дату виконання 10 вересня 2025 р. користувачем [Коваль Людмила].
[2025-09-10T14:09:12.228] [INFO] DataBase - У заявці Заміна від 8 вересня 2025 р. за адресою вул. 1-ої танкової бригади, буд. 21, корп. 3, кв. 36 додано дату виконання 17 вересня 2025 р. користувачем [Коваль Людмила].
[10-Sep-2025 15:57:49 Europe/Helsinki] NewDATA [INFO] Новий лічильник номер: 1200105208, тип: ЛК => DN 15, рік випуску: 2020, показники: 0, балансоутримувач: КП "ВДК" додано до БД користувачем [Коваль Людмила].
[10-Sep-2025 15:58:25 Europe/Helsinki] NewDATA [INFO] Новий лічильник номер: 1200104298, тип: ЛК => DN 15, рік випуску: 2020, показники: 0, балансоутримувач: КП "ВДК" додано до БД користувачем [Коваль Людмила].
[10-Sep-2025 15:58:28 Europe/Helsinki] EditDATA [INFO] За адресою вул. Нафтовиків, буд. 15, кв. 39 користувачем [Коваль Людмила] було додано лічильники: 1200105208, 1200104298].
[10-Sep-2025 15:59:08 Europe/Helsinki] NewDATA [INFO] Новий лічильник номер: 075987, тип: КВ-1,5 => DN 15, рік випуску: 2005, показники: 0, балансоутримувач: АТ "ОТКЕ" додано до БД користувачем [Коваль Людмила].
[10-Sep-2025 15:59:10 Europe/Helsinki] EditDATA [INFO] За адресою вул. Незалежності, буд. 56, кв. 139 користувачем [Коваль Людмила] було додано лічильники: 075987].
[10-Sep-2025 16:02:18 Europe/Helsinki] EditDATA [INFO] Для заявки Повірка від 29.08.2025 користувачем [Коваль Людмила] змінено виконавця з Шкуліпа на Сірий.
[2025-09-10T16:02:39.350] [INFO] DataBase - У заявці Повірка від 29 серпня 2025 р. за адресою вул. Мстиславська, буд. 181, кв. 25 видалено дату виконання 10 вересня 2025 р. користувачем [Коваль Людмила].
[2025-09-10T16:02:44.197] [INFO] DataBase - У заявці Повірка від 29 серпня 2025 р. за адресою вул. Мстиславська, буд. 181, кв. 25 додано дату виконання 12 вересня 2025 р. користувачем [Коваль Людмила].
[10-Sep-2025 16:08:40 Europe/Helsinki] NewDATA [INFO] Новий лічильник номер: 311641, тип: КВ-1,5 => DN 15, рік випуску: 2012, показники: 0, балансоутримувач: КП "ВДК" додано до БД користувачем [Коваль Людмила].
[10-Sep-2025 16:08:42 Europe/Helsinki] EditDATA [INFO] За адресою вул. Красносільського, буд. 71, кв. 216 користувачем [Коваль Людмила] було додано лічильники: 311641].
[10-Sep-2025 16:09:20 Europe/Helsinki] NewDATA [INFO] Новий лічильник номер: 380326, тип: КВ-1,5 => DN 15, рік випуску: 2003, показники: 0, балансоутримувач: КП "ВДК" додано до БД користувачем [Коваль Людмила].
[10-Sep-2025 16:09:40 Europe/Helsinki] NewDATA [INFO] Новий лічильник номер: 401890, тип: КВ-1,5 => DN 15, рік випуску: 2003, показники: 0, балансоутримувач: АТ "ОТКЕ" додано до БД користувачем [Коваль Людмила].
[10-Sep-2025 16:09:42 Europe/Helsinki] EditDATA [INFO] За адресою вул. Мстиславська, буд. 175, кв. 19 користувачем [Коваль Людмила] було додано лічильники: 380326, 401890].
[10-Sep-2025 16:10:33 Europe/Helsinki] NewDATA [INFO] Новий лічильник номер: 6927768, тип: ЛК => DN 15, рік випуску: 2016, показники: 0, балансоутримувач: КП "ВДК" додано до БД користувачем [Коваль Людмила].
[10-Sep-2025 16:10:34 Europe/Helsinki] EditDATA [INFO] За адресою вул. Балицького, буд. 1, кв. 1 користувачем [Коваль Людмила] було додано лічильники: 6927768].
[10-Sep-2025 16:11:18 Europe/Helsinki] NewDATA [INFO] Новий лічильник номер: 325587, тип: КВ-1,5 => DN 15, рік випуску: 2017, показники: 0, балансоутримувач: КП "ВДК" додано до БД користувачем [Коваль Людмила].
[10-Sep-2025 16:11:20 Europe/Helsinki] EditDATA [INFO] За адресою вул. Березовського Максима, буд. 31, кв. п/сектор користувачем [Коваль Людмила] було додано лічильники: 325587].
[10-Sep-2025 16:11:57 Europe/Helsinki] NewDATA [INFO] Новий лічильник номер: 3223672, тип: КВ-1,5 => DN 15, рік випуску: 2013, показники: 0, балансоутримувач: КП "ВДК" додано до БД користувачем [Коваль Людмила].
[10-Sep-2025 16:11:59 Europe/Helsinki] EditDATA [INFO] За адресою вул. Героїв Маріуполя, буд. 1, корп. Б, кв. п/сектор користувачем [Коваль Людмила] було додано лічильники: 3223672].
