[28-Mar-2025 08:59:21 Europe/Helsinki] DellTASK [INFO] Повірка від 25.03.2025 для адреси вул. Героїв Чорнобиля, буд. 10, кв. 11 для лічильника БЕЗ НОМЕРА - 2 шт. було завершено користувачем [Коваль Людмила] з коментарем: виконано.
[28-Mar-2025 08:59:40 Europe/Helsinki] DellTASK [INFO] Повірка від 25.03.2025 для адреси вул. Старобілоуська, буд. 47, кв. 63 для лічильника БЕЗ НОМЕРА - 2 шт. було завершено користувачем [Коваль Людмила] з коментарем: виконано.
[28-Mar-2025 08:59:56 Europe/Helsinki] DellTASK [INFO] Повірка від 24.03.2025 для адреси вул. Мазепи Івана, буд. 49, кв. 19 для лічильника БЕЗ НОМЕРА - 2 шт. було завершено користувачем [Коваль Людмила] з коментарем: виконано.
[28-Mar-2025 09:01:18 Europe/Helsinki] DellTASK [INFO] Заміна від 24.03.2025 для адреси вул. Волковича, буд. 9, кв. 86 для лічильника БЕЗ НОМЕРА - 1 шт. було відмінено користувачем [Сусло Тетяна] з коментарем: нема доступу.
[28-Mar-2025 09:01:36 Europe/Helsinki] DellTASK [INFO] Заміна від 25.03.2025 для адреси вул. Богуна Івана, буд. 40, кв. 93 для лічильника БЕЗ НОМЕРА - 1 шт. було завершено користувачем [Сусло Тетяна] з коментарем: виконано.
[28-Mar-2025 09:01:50 Europe/Helsinki] DellTASK [INFO] Заміна від 25.03.2025 для адреси вул. Незалежності, буд. 74, кв. 25 для лічильника 218026 було завершено користувачем [Сусло Тетяна] з коментарем: виконано.
[28-Mar-2025 09:01:56 Europe/Helsinki] DellTASK [INFO] Повірка від 24.03.2025 для адреси вул. Богуна Івана, буд. 45, кв. 23 для лічильника БЕЗ НОМЕРА - 2 шт. було завершено користувачем [Коваль Людмила] з коментарем: виконано.
[28-Mar-2025 09:02:03 Europe/Helsinki] DellTASK [INFO] Заміна від 24.03.2025 для адреси просп. Миру, буд. 89, кв. 145 для лічильника БЕЗ НОМЕРА - 3 шт. було завершено користувачем [Сусло Тетяна] з коментарем: виконано.
[28-Mar-2025 09:02:16 Europe/Helsinki] DellTASK [INFO] Заміна від 24.03.2025 для адреси вул. Чорновола Вячеслава, буд. 32, кв. 50 для лічильника БЕЗ НОМЕРА - 1 шт. було завершено користувачем [Сусло Тетяна] з коментарем: виконано.
[28-Mar-2025 09:02:18 Europe/Helsinki] DellTASK [INFO] Повірка від 21.03.2025 для адреси вул. Старобілоуська, буд. 49, кв. 14 для лічильника БЕЗ НОМЕРА - 2 шт. було завершено користувачем [Коваль Людмила] з коментарем: виконано.
[28-Mar-2025 09:02:35 Europe/Helsinki] DellTASK [INFO] Повірка від 24.03.2025 для адреси просп. Миру, буд. 180, кв. 3 для лічильника БЕЗ НОМЕРА - 4 шт. було завершено користувачем [Коваль Людмила] з коментарем: виконано.
[28-Mar-2025 09:02:50 Europe/Helsinki] DellTASK [INFO] Повірка від 21.03.2025 для адреси вул. Старобілоуська, буд. 49, кв. 15 для лічильника БЕЗ НОМЕРА - 2 шт. було завершено користувачем [Коваль Людмила] з коментарем: виконано.
[28-Mar-2025 09:02:55 Europe/Helsinki] DellTASK [INFO] Повірка від 25.03.2025 для адреси вул. Генерала Пухова, буд. 101, кв. 61 для лічильника БЕЗ НОМЕРА - 4 шт. було завершено користувачем [Сусло Тетяна] з коментарем: виконано.
[28-Mar-2025 09:03:04 Europe/Helsinki] DellTASK [INFO] Повірка від 18.03.2025 для адреси вул. Радченка Вячеслава, буд. 20, кв. 14 для лічильника БЕЗ НОМЕРА - 2 шт. було завершено користувачем [Коваль Людмила] з коментарем: виконано.
[28-Mar-2025 09:03:18 Europe/Helsinki] DellTASK [INFO] Повірка від 25.03.2025 для адреси вул. Всіхсвятська, буд. 18, корп. А, кв. 13 для лічильника БЕЗ НОМЕРА - 2 шт. було завершено користувачем [Сусло Тетяна] з коментарем: виконано.
[28-Mar-2025 09:03:20 Europe/Helsinki] DellTASK [INFO] Повірка від 13.03.2025 для адреси вул. Льотна, буд. 11, корп. А, кв. 34 для лічильника БЕЗ НОМЕРА - 1 шт. було завершено користувачем [Коваль Людмила] з коментарем: виконано.
[28-Mar-2025 09:03:40 Europe/Helsinki] DellTASK [INFO] Повірка від 24.03.2025 для адреси вул. Льотна, буд. 25, кв. 63 для лічильника БЕЗ НОМЕРА - 1 шт. було завершено користувачем [Коваль Людмила] з коментарем: виконав ст.444.
[28-Mar-2025 09:03:42 Europe/Helsinki] DellTASK [INFO] Повірка від 19.03.2025 для адреси просп. Левка Лукяненка, буд. 14, корп. Б, кв. 4 для лічильника БЕЗ НОМЕРА - 2 шт. було завершено користувачем [Сусло Тетяна] з коментарем: виконано 1 ліч.
[28-Mar-2025 09:03:56 Europe/Helsinki] DellTASK [INFO] Повірка від 25.03.2025 для адреси вул. Генерала Пухова, буд. 111, корп. 1, кв. 34 для лічильника БЕЗ НОМЕРА - 2 шт. було завершено користувачем [Сусло Тетяна] з коментарем: виконано.
[28-Mar-2025 09:04:10 Europe/Helsinki] DellTASK [INFO] Повірка від 24.03.2025 для адреси просп. Левка Лукяненка, буд. 12, корп. 1, кв. 40 для лічильника БЕЗ НОМЕРА - 4 шт. було завершено користувачем [Сусло Тетяна] з коментарем: виконано.
[28-Mar-2025 09:04:21 Europe/Helsinki] DellTASK [INFO] Повірка від 24.03.2025 для адреси вул. Льотна, буд. 25, кв. 66 для лічильника БЕЗ НОМЕРА - 1 шт. було завершено користувачем [Коваль Людмила] з коментарем: виконав ст.444.
[28-Mar-2025 09:04:26 Europe/Helsinki] DellTASK [INFO] Повірка від 20.03.2025 для адреси просп. Левка Лукяненка, буд. 37, корп. А, кв. 94 для лічильника БЕЗ НОМЕРА - 1 шт. було завершено користувачем [Сусло Тетяна] з коментарем: виконано.
[28-Mar-2025 09:04:41 Europe/Helsinki] DellTASK [INFO] Повірка від 21.03.2025 для адреси вул. Льотна, буд. 43, кв. 108 для лічильника БЕЗ НОМЕРА - 2 шт. було завершено користувачем [Коваль Людмила] з коментарем: виконав ст.444.
[28-Mar-2025 09:05:34 Europe/Helsinki] EditDATA [INFO] Для заявки Повірка від 24.03.2025 користувачем [Сусло Тетяна] змінено примітки з 8-13 на 11-15, за 30 хв.
[28-Mar-2025 09:05:45 Europe/Helsinki] EditDATA [INFO] Для заявки Повірка від 24.03.2025 користувачем [Сусло Тетяна] змінено виконавця з Ващенко на Шкуліпа.
[28-Mar-2025 09:06:11 Europe/Helsinki] EditDATA [INFO] Для заявки Повірка від 24.03.2025 користувачем [Сусло Тетяна] змінено примітки з 8-13 на 11-15, за 1 год.
[28-Mar-2025 09:06:24 Europe/Helsinki] EditDATA [INFO] Для заявки Повірка від 24.03.2025 користувачем [Сусло Тетяна] змінено виконавця з Ващенко на Шкуліпа.
[2025-03-28T09:06:46.382] [INFO] DataBase - У заявці Повірка від 24 березня 2025 р. за адресою просп. Перемоги, буд. 119, корп. А, кв. 262 видалено виконавця Шкуліпа та видалено дату виконання 27 березня 2025 р. користувачем [Сусло Тетяна].
[2025-03-28T09:06:48.310] [INFO] DataBase - У заявці Повірка від 24 березня 2025 р. за адресою вул. Воздвиженська, буд. 3, кв. 16 видалено виконавця Шкуліпа та видалено дату виконання 27 березня 2025 р. користувачем [Сусло Тетяна].
[28-Mar-2025 09:06:52 Europe/Helsinki] DellTASK [INFO] Повірка від 25.03.2025 для адреси вул. Волковича, буд. 21, кв. 113 для лічильника БЕЗ НОМЕРА - 2 шт. було завершено користувачем [Коваль Людмила] з коментарем: виконав ст.444.
[2025-03-28T09:06:53.613] [INFO] DataBase - У заявці Повірка від 24 березня 2025 р. за адресою вул. Воздвиженська, буд. 3, кв. 16 додано виконавця Шкуліпа та додано дату виконання 29 березня 2025 р. користувачем [Сусло Тетяна].
[2025-03-28T09:06:54.934] [INFO] DataBase - У заявці Повірка від 24 березня 2025 р. за адресою просп. Перемоги, буд. 119, корп. А, кв. 262 додано виконавця Шкуліпа та додано дату виконання 29 березня 2025 р. користувачем [Сусло Тетяна].
[28-Mar-2025 09:08:18 Europe/Helsinki] NewDATA [INFO] Нова адреса вул. Пирогова, буд. 3, кв. 3, тел. +38 (067) 224-39-47 додана до БД користувачем [Коваль Людмила].
[28-Mar-2025 09:09:06 Europe/Helsinki] NewDATA [INFO] Нова заявка Повірка, адреса: вул. Пирогова 3, кв. 3, лічильники: БЕЗ НОМЕРА - 1 шт., вартість: 300 грн., примітки: 8-13 додано до БД користувачем [Коваль Людмила].
[2025-03-28T09:09:15.275] [INFO] DataBase - У заявці Повірка від 28 березня 2025 р. за адресою вул. Пирогова, буд. 3, кв. 3 додано виконавця ЗАПЛАНОВАНІ та додано дату виконання 8 квітня 2025 р. користувачем [Коваль Людмила].
[28-Mar-2025 09:09:19 Europe/Helsinki] DellTASK [INFO] Повірка від 19.03.2025 для адреси вул. Волковича, буд. 12, кв. 61 для лічильника БЕЗ НОМЕРА - 2 шт. було завершено користувачем [Сусло Тетяна] з коментарем: виконано.
[28-Mar-2025 09:09:33 Europe/Helsinki] DellTASK [INFO] Повірка від 24.03.2025 для адреси вул. Волковича, буд. 2, корп. А, кв. 48 для лічильника БЕЗ НОМЕРА - 4 шт. було завершено користувачем [Сусло Тетяна] з коментарем: виконано.
[28-Mar-2025 09:09:50 Europe/Helsinki] DellTASK [INFO] Повірка від 20.03.2025 для адреси вул. курсанта Єськова, буд. 14, корп. 3, кв. 62 для лічильника БЕЗ НОМЕРА - 1 шт. було завершено користувачем [Сусло Тетяна] з коментарем: виконано.
[28-Mar-2025 09:10:03 Europe/Helsinki] EditDATA [INFO] За адресою вул. Мстиславська 181, кв. 17 користувачем [Коваль Людмила] додано номер телефону +38(067)225-07-70, при створенні нової заявки [Повірка] від 28.03.2025.
[28-Mar-2025 09:10:03 Europe/Helsinki] NewDATA [INFO] Нова заявка Повірка, адреса: вул. Мстиславська 181, кв. 17, лічильники: БЕЗ НОМЕРА - 2 шт., вартість: 600 грн., примітки: 13-17 додано до БД користувачем [Коваль Людмила].
[28-Mar-2025 09:10:04 Europe/Helsinki] DellTASK [INFO] Повірка від 20.03.2025 для адреси вул. курсанта Єськова, буд. 14, корп. 2, кв. 31 для лічильника БЕЗ НОМЕРА - 2 шт. було завершено користувачем [Сусло Тетяна] з коментарем: виконано.
[2025-03-28T09:10:07.979] [INFO] DataBase - У заявці Повірка від 28 березня 2025 р. за адресою вул. Мстиславська, буд. 181, кв. 17 додано виконавця ЗАПЛАНОВАНІ та додано дату виконання 8 квітня 2025 р. користувачем [Коваль Людмила].
[28-Mar-2025 09:10:20 Europe/Helsinki] DellTASK [INFO] Повірка від 21.03.2025 для адреси вул. курсанта Єськова, буд. 14, корп. А, кв. 42 для лічильника БЕЗ НОМЕРА - 2 шт. було завершено користувачем [Сусло Тетяна] з коментарем: виконано.
[28-Mar-2025 09:10:30 Europe/Helsinki] EditDATA [INFO] Для заявки Повірка від 28.03.2025 користувачем [Коваль Людмила] змінено примітки з 13-17 на 13-17,пер.за 30 хв..
[28-Mar-2025 09:10:34 Europe/Helsinki] DellTASK [INFO] Повірка від 24.03.2025 для адреси вул. курсанта Єськова, буд. 26, корп. А, кв. 99 для лічильника БЕЗ НОМЕРА - 1 шт. було завершено користувачем [Сусло Тетяна] з коментарем: виконано.
[28-Mar-2025 09:11:13 Europe/Helsinki] NewDATA [INFO] Нова адреса вул. Волковича, буд. 10, кв. 19, тел. +38 (066) 513-85-70 додана до БД користувачем [Коваль Людмила].
[28-Mar-2025 09:11:22 Europe/Helsinki] NewDATA [INFO] Новий лічильник номер: 012122, тип: КВ-1,5 => DN 15, рік випуску: 2019, показники: 0, балансоутримувач: КП "ВДК" додано до БД користувачем [Сусло Тетяна].
[28-Mar-2025 09:11:24 Europe/Helsinki] EditDATA [INFO] За адресою вул. курсанта Єськова, буд. 26, корп. А, кв. 99 користувачем [Сусло Тетяна] було додано лічильники: 012122].
[28-Mar-2025 09:11:45 Europe/Helsinki] NewDATA [INFO] Нова заявка Повірка, адреса: вул. Волковича 10, кв. 19, лічильники: БЕЗ НОМЕРА - 1 шт., вартість: 300 грн., примітки: 13-17 додано до БД користувачем [Коваль Людмила].
[2025-03-28T09:11:50.383] [INFO] DataBase - У заявці Повірка від 28 березня 2025 р. за адресою вул. Волковича, буд. 10, кв. 19 додано виконавця ЗАПЛАНОВАНІ та додано дату виконання 2 квітня 2025 р. користувачем [Коваль Людмила].
[28-Mar-2025 09:12:04 Europe/Helsinki] NewDATA [INFO] Новий лічильник номер: 422215, тип: КВ-1,5 => DN 15, рік випуску: 2009, показники: 0, балансоутримувач: КП "ВДК" додано до БД користувачем [Сусло Тетяна].
[28-Mar-2025 09:12:24 Europe/Helsinki] NewDATA [INFO] Новий лічильник номер: 423784, тип: КВ-1,5 => DN 15, рік випуску: 2009, показники: 0, балансоутримувач: АТ "ОТКЕ" додано до БД користувачем [Сусло Тетяна].
[28-Mar-2025 09:12:26 Europe/Helsinki] EditDATA [INFO] За адресою вул. курсанта Єськова, буд. 14, корп. А, кв. 42 користувачем [Сусло Тетяна] було додано лічильники: 422215, 423784].
[28-Mar-2025 09:13:10 Europe/Helsinki] NewDATA [INFO] Новий лічильник номер: 6251617, тип: ЛК => DN 15, рік випуску: 2006, показники: 0, балансоутримувач: КП "ВДК" додано до БД користувачем [Сусло Тетяна].
[28-Mar-2025 09:13:36 Europe/Helsinki] NewDATA [INFO] Новий лічильник номер: 6257966, тип: ЛК => DN 15, рік випуску: 2006, показники: 0, балансоутримувач: АТ "ОТКЕ" додано до БД користувачем [Сусло Тетяна].
[28-Mar-2025 09:13:38 Europe/Helsinki] EditDATA [INFO] За адресою вул. курсанта Єськова, буд. 14, корп. 2, кв. 31 користувачем [Сусло Тетяна] було додано лічильники: 6251617, 6257966].
[28-Mar-2025 09:14:42 Europe/Helsinki] NewDATA [INFO] Новий лічильник номер: 5079480, тип: ЛК => DN 15, рік випуску: 2005, показники: 0, балансоутримувач: КП "ВДК" додано до БД користувачем [Сусло Тетяна].
[28-Mar-2025 09:14:44 Europe/Helsinki] EditDATA [INFO] За адресою вул. курсанта Єськова, буд. 14, корп. 3, кв. 62 користувачем [Сусло Тетяна] було додано лічильники: 5079480].
[28-Mar-2025 09:15:22 Europe/Helsinki] NewDATA [INFO] Новий лічильник номер: 165560, тип: КВ-1,5 => DN 15, рік випуску: 2009, показники: 0, балансоутримувач: КП "ВДК" додано до БД користувачем [Сусло Тетяна].
[28-Mar-2025 09:15:45 Europe/Helsinki] NewDATA [INFO] Новий лічильник номер: 161587, тип: КВ-1,5 => DN 15, рік випуску: 2009, показники: 0, балансоутримувач: АТ "ОТКЕ" додано до БД користувачем [Сусло Тетяна].
[28-Mar-2025 09:16:12 Europe/Helsinki] NewDATA [INFO] Новий лічильник номер: 156495, тип: КВ-1,5 => DN 15, рік випуску: 2009, показники: 0, балансоутримувач: КП "ВДК" додано до БД користувачем [Сусло Тетяна].
[28-Mar-2025 09:16:35 Europe/Helsinki] NewDATA [INFO] Новий лічильник номер: 161638, тип: КВ-1,5 => DN 15, рік випуску: 2009, показники: 0, балансоутримувач: АТ "ОТКЕ" додано до БД користувачем [Сусло Тетяна].
[28-Mar-2025 09:16:36 Europe/Helsinki] EditDATA [INFO] За адресою вул. Волковича, буд. 2, корп. А, кв. 48 користувачем [Сусло Тетяна] було додано лічильники: 165560, 161587, 156495, 161638].
[28-Mar-2025 09:17:23 Europe/Helsinki] NewDATA [INFO] Новий лічильник номер: 374728, тип: КВ-1,5 => DN 15, рік випуску: 2006, показники: 0, балансоутримувач: КП "ВДК" додано до БД користувачем [Сусло Тетяна].
[28-Mar-2025 09:17:25 Europe/Helsinki] EditDATA [INFO] За адресою вул. Волковича, буд. 12, кв. 61 користувачем [Сусло Тетяна] було додано лічильники: 374728].
[28-Mar-2025 09:17:50 Europe/Helsinki] NewDATA [INFO] Новий лічильник номер: 374897, тип: КВ-1,5 => DN 15, рік випуску: 2006, показники: 0, балансоутримувач: АТ "ОТКЕ" додано до БД користувачем [Сусло Тетяна].
[28-Mar-2025 09:17:55 Europe/Helsinki] EditDATA [INFO] За адресою вул. Волковича, буд. 12, кв. 61 користувачем [Сусло Тетяна] було додано лічильники: 374897].
[28-Mar-2025 09:19:17 Europe/Helsinki] NewDATA [INFO] Новий лічильник номер: 043423, тип: КВ-1,5 => DN 15, рік випуску: 2017, показники: 0, балансоутримувач: КП "ВДК" додано до БД користувачем [Сусло Тетяна].
[28-Mar-2025 09:19:19 Europe/Helsinki] EditDATA [INFO] За адресою просп. Левка Лукяненка, буд. 37, корп. А, кв. 94 користувачем [Сусло Тетяна] було додано лічильники: 043423].
[28-Mar-2025 09:20:09 Europe/Helsinki] NewDATA [INFO] Новий лічильник номер: 09194321, тип: E-T 1,5-U => DN 15, рік випуску: 2009, показники: 0, балансоутримувач: КП "ВДК" додано до БД користувачем [Сусло Тетяна].
[28-Mar-2025 09:20:34 Europe/Helsinki] NewDATA [INFO] Новий лічильник номер: 09199181, тип: E-T 1,5-U => DN 15, рік випуску: 2009, показники: 0, балансоутримувач: АТ "ОТКЕ" додано до БД користувачем [Сусло Тетяна].
[28-Mar-2025 09:21:00 Europe/Helsinki] NewDATA [INFO] Новий лічильник номер: 09194453, тип: E-T 1,5-U => DN 15, рік випуску: 2009, показники: 0, балансоутримувач: КП "ВДК" додано до БД користувачем [Сусло Тетяна].
[28-Mar-2025 09:21:24 Europe/Helsinki] NewDATA [INFO] Новий лічильник номер: 181242152, тип: E-T 1,5-U => DN 15, рік випуску: 2009, показники: 0, балансоутримувач: АТ "ОТКЕ" додано до БД користувачем [Сусло Тетяна].
[28-Mar-2025 09:21:26 Europe/Helsinki] EditDATA [INFO] За адресою просп. Левка Лукяненка, буд. 12, корп. 1, кв. 40 користувачем [Сусло Тетяна] було додано лічильники: 09194321, 09199181, 09194453, 181242152].
[28-Mar-2025 09:22:15 Europe/Helsinki] NewDATA [INFO] Новий лічильник номер: 5923185, тип: ЛК => DN 15, рік випуску: 2015, показники: 0, балансоутримувач: КП "ВДК" додано до БД користувачем [Сусло Тетяна].
[28-Mar-2025 09:23:06 Europe/Helsinki] NewDATA [INFO] Новий лічильник номер: 5808029, тип: ЛК => DN 15, рік випуску: 2015, показники: 0, балансоутримувач: АТ "ОТКЕ" додано до БД користувачем [Сусло Тетяна].
[28-Mar-2025 09:23:08 Europe/Helsinki] EditDATA [INFO] За адресою вул. Генерала Пухова, буд. 111, корп. 1, кв. 34 користувачем [Сусло Тетяна] було додано лічильники: 5923185, 5808029].
[28-Mar-2025 09:25:16 Europe/Helsinki] NewDATA [INFO] Новий лічильник номер: 233486, тип: КВ-1,5 => DN 15, рік випуску: 2012, показники: 0, балансоутримувач: КП "ВДК" додано до БД користувачем [Сусло Тетяна].
[28-Mar-2025 09:25:18 Europe/Helsinki] EditDATA [INFO] За адресою просп. Левка Лукяненка, буд. 14, корп. Б, кв. 4 користувачем [Сусло Тетяна] було додано лічильники: 233486].
[28-Mar-2025 09:26:07 Europe/Helsinki] NewDATA [INFO] Новий лічильник номер: 254976, тип: КВ-1,5 => DN 15, рік випуску: 2009, показники: 0, балансоутримувач: КП "ВДК" додано до БД користувачем [Сусло Тетяна].
[28-Mar-2025 09:26:37 Europe/Helsinki] NewDATA [INFO] Новий лічильник номер: 254888, тип: КВ-1,5 => DN 15, рік випуску: 2009, показники: 0, балансоутримувач: АТ "ОТКЕ" додано до БД користувачем [Сусло Тетяна].
[28-Mar-2025 09:26:39 Europe/Helsinki] EditDATA [INFO] За адресою вул. Всіхсвятська, буд. 18, корп. А, кв. 13 користувачем [Сусло Тетяна] було додано лічильники: 254976, 254888].
[28-Mar-2025 09:27:18 Europe/Helsinki] NewDATA [INFO] Новий лічильник номер: 102359, тип: КВ-1,5 => DN 15, рік випуску: 2002, показники: 0, балансоутримувач: КП "ВДК" додано до БД користувачем [Сусло Тетяна].
[28-Mar-2025 09:27:40 Europe/Helsinki] NewDATA [INFO] Новий лічильник номер: 117601, тип: КВ-1,5 => DN 15, рік випуску: 2002, показники: 0, балансоутримувач: АТ "ОТКЕ" додано до БД користувачем [Сусло Тетяна].
[28-Mar-2025 09:28:04 Europe/Helsinki] NewDATA [INFO] Новий лічильник номер: 120063, тип: КВ-1,5 => DN 15, рік випуску: 2002, показники: 0, балансоутримувач: КП "ВДК" додано до БД користувачем [Сусло Тетяна].
[28-Mar-2025 09:28:23 Europe/Helsinki] NewDATA [INFO] Новий лічильник номер: 121116, тип: КВ-1,5 => DN 15, рік випуску: 2002, показники: 0, балансоутримувач: АТ "ОТКЕ" додано до БД користувачем [Сусло Тетяна].
[28-Mar-2025 09:28:25 Europe/Helsinki] EditDATA [INFO] За адресою вул. Генерала Пухова, буд. 101, кв. 61 користувачем [Сусло Тетяна] було додано лічильники: 102359, 117601, 120063, 121116].
[28-Mar-2025 09:41:13 Europe/Helsinki] NewDATA [INFO] Новий лічильник номер: 191297520, тип: СВК => DN 15, рік випуску: 2019, показники: 0, балансоутримувач: КП "ВДК" додано до БД користувачем [Коваль Людмила].
[28-Mar-2025 09:41:41 Europe/Helsinki] NewDATA [INFO] Новий лічильник номер: 201338838, тип: СВК => DN 15, рік випуску: 2020, показники: 0, балансоутримувач: КП "ТКЕ" додано до БД користувачем [Коваль Людмила].
[28-Mar-2025 09:41:44 Europe/Helsinki] EditDATA [INFO] За адресою вул. Мазепи Івана, буд. 49, кв. 19 користувачем [Коваль Людмила] було додано лічильники: 191297520, 201338838].
[28-Mar-2025 09:43:46 Europe/Helsinki] NewDATA [INFO] Новий лічильник номер: 164536, тип: КВ-1,5 => DN 15, рік випуску: 2009, показники: 0, балансоутримувач: КП "ВДК" додано до БД користувачем [Коваль Людмила].
[28-Mar-2025 09:44:29 Europe/Helsinki] NewDATA [INFO] Новий лічильник номер: 2220364, тип: ECOSTAR E-C => DN 15, рік випуску: 2021, показники: 0, балансоутримувач: КП "ТКЕ" додано до БД користувачем [Коваль Людмила].
[28-Mar-2025 09:44:31 Europe/Helsinki] EditDATA [INFO] За адресою вул. Радченка Вячеслава, буд. 20, кв. 14 користувачем [Коваль Людмила] було додано лічильники: 164536, 2220364].
[28-Mar-2025 09:45:25 Europe/Helsinki] NewDATA [INFO] Новий лічильник номер: 97147184, тип: ETK-U => DN 15, рік випуску: 1997, показники: 0, балансоутримувач: КП "ВДК" додано до БД користувачем [Коваль Людмила].
[28-Mar-2025 09:45:52 Europe/Helsinki] NewDATA [INFO] Новий лічильник номер: 059671, тип: КВ-1,5 => DN 15, рік випуску: 2020, показники: 0, балансоутримувач: КП "ТКЕ" додано до БД користувачем [Коваль Людмила].
[28-Mar-2025 09:45:53 Europe/Helsinki] EditDATA [INFO] За адресою вул. Старобілоуська, буд. 47, кв. 63 користувачем [Коваль Людмила] було додано лічильники: 97147184, 059671].
[28-Mar-2025 10:07:13 Europe/Helsinki] NewDATA [INFO] Новий лічильник номер: 046636, тип: КВ-1,5 => DN 15, рік випуску: 1999, показники: 0, балансоутримувач: КП "ВДК" додано до БД користувачем [Коваль Людмила].
[28-Mar-2025 10:07:45 Europe/Helsinki] NewDATA [INFO] Новий лічильник номер: 043065, тип: КВ-1,5 => DN 15, рік випуску: 1999, показники: 0, балансоутримувач: КП "ТКЕ" додано до БД користувачем [Коваль Людмила].
[28-Mar-2025 10:07:47 Europe/Helsinki] EditDATA [INFO] За адресою вул. Старобілоуська, буд. 49, кв. 14 користувачем [Коваль Людмила] було додано лічильники: 046636, 043065].
[28-Mar-2025 10:10:42 Europe/Helsinki] NewDATA [INFO] Новий лічильник номер: 7574887, тип: Jh3-V3-U => DN 15, рік випуску: 1997, показники: 0, балансоутримувач: КП "ВДК" додано до БД користувачем [Коваль Людмила].
[28-Mar-2025 10:11:08 Europe/Helsinki] NewDATA [INFO] Новий лічильник номер: 7475961, тип: Jh3-V3-U => DN 15, рік випуску: 1997, показники: 0, балансоутримувач: КП "ТКЕ" додано до БД користувачем [Коваль Людмила].
[28-Mar-2025 10:11:10 Europe/Helsinki] EditDATA [INFO] За адресою вул. Старобілоуська, буд. 49, кв. 15 користувачем [Коваль Людмила] було додано лічильники: 7574887, 7475961].
[28-Mar-2025 10:14:32 Europe/Helsinki] NewDATA [INFO] Новий лічильник номер: 391490, тип: КВ-1,5 => DN 15, рік випуску: 2011, показники: 0, балансоутримувач: КП "ВДК" додано до БД користувачем [Коваль Людмила].
[28-Mar-2025 10:14:55 Europe/Helsinki] NewDATA [INFO] Новий лічильник номер: 394867, тип: КВ-1,5 => DN 15, рік випуску: 2011, показники: 0, балансоутримувач: КП "ТКЕ" додано до БД користувачем [Коваль Людмила].
[28-Mar-2025 10:14:57 Europe/Helsinki] EditDATA [INFO] За адресою вул. Богуна Івана, буд. 45, кв. 23 користувачем [Коваль Людмила] було додано лічильники: 391490, 394867].
[28-Mar-2025 10:15:37 Europe/Helsinki] NewDATA [INFO] Новий лічильник номер: 099170, тип: КВ-1,5 => DN 15, рік випуску: 2016, показники: 0, балансоутримувач: КП "ВДК" додано до БД користувачем [Коваль Людмила].
[28-Mar-2025 10:16:02 Europe/Helsinki] NewDATA [INFO] Новий лічильник номер: 111501, тип: КВ-1,5 => DN 15, рік випуску: 2016, показники: 0, балансоутримувач: АТ "ОТКЕ" додано до БД користувачем [Коваль Людмила].
[28-Mar-2025 10:16:05 Europe/Helsinki] EditDATA [INFO] За адресою вул. Героїв Чорнобиля, буд. 10, кв. 11 користувачем [Коваль Людмила] було додано лічильники: 099170, 111501].
[28-Mar-2025 10:16:59 Europe/Helsinki] NewDATA [INFO] Новий лічильник номер: 177732, тип: КВ-1,5 => DN 15, рік випуску: 2010, показники: 0, балансоутримувач: АТ "ОТКЕ" додано до БД користувачем [Коваль Людмила].
[28-Mar-2025 10:17:01 Europe/Helsinki] EditDATA [INFO] За адресою вул. Льотна, буд. 11, корп. А, кв. 34 користувачем [Коваль Людмила] було додано лічильники: 177732].
[28-Mar-2025 11:43:51 Europe/Helsinki] NewDATA [INFO] Нова заявка Заміна, адреса: вул. Мстиславська 177, кв. 81, лічильники: БЕЗ НОМЕРА - 1 шт., виконавець: Баранов, вартість: 1100 грн., примітки: 8-13, за 30 хв, 1 гв, св додано до БД користувачем [Сусло Тетяна].
[2025-03-28T11:43:54.160] [INFO] DataBase - У заявці Заміна від 28 березня 2025 р. за адресою вул. Мстиславська, буд. 177, кв. 81 додано дату виконання 1 квітня 2025 р. користувачем [Сусло Тетяна].
[28-Mar-2025 11:53:13 Europe/Helsinki] NewDATA [INFO] Нова адреса вул. Самострова, буд. 22, кв. 134, тел. +38 (050) 176-01-02 +38 (063) 772-40-50 додана до БД користувачем [Сусло Тетяна].
[28-Mar-2025 11:54:40 Europe/Helsinki] NewDATA [INFO] Нова заявка Повірка, адреса: вул. Самострова 22, кв. 134, лічильники: БЕЗ НОМЕРА - 2 шт., вартість: 600 грн., примітки: в понеділок набрать, сказать о котрій приблизно будуть додано до БД користувачем [Сусло Тетяна].
[2025-03-28T11:54:44.887] [INFO] DataBase - У заявці Повірка від 28 березня 2025 р. за адресою вул. Самострова, буд. 22, кв. 134 додано виконавця ЗАПЛАНОВАНІ та додано дату виконання 1 квітня 2025 р. користувачем [Сусло Тетяна].
[28-Mar-2025 11:55:44 Europe/Helsinki] NewDATA [INFO] Нова адреса вул. Мазепи Івана, буд. 54, кв. 132, тел. +38 (063) 622-86-88 додана до БД користувачем [Сусло Тетяна].
[28-Mar-2025 11:56:10 Europe/Helsinki] NewDATA [INFO] Нова заявка Повірка, адреса: вул. Мазепи Івана 54, кв. 132, лічильники: БЕЗ НОМЕРА - 2 шт., вартість: 600 грн., примітки: 8-13 додано до БД користувачем [Сусло Тетяна].
[2025-03-28T11:56:14.414] [INFO] DataBase - У заявці Повірка від 28 березня 2025 р. за адресою вул. Мазепи Івана, буд. 54, кв. 132 додано виконавця ЗАПЛАНОВАНІ та додано дату виконання 11 квітня 2025 р. користувачем [Сусло Тетяна].
[28-Mar-2025 11:56:53 Europe/Helsinki] NewDATA [INFO] Нова адреса вул. Небаби Мартина, буд. 102, кв. 35, тел. +38 (095) 820-53-00 додана до БД користувачем [Сусло Тетяна].
[28-Mar-2025 11:58:37 Europe/Helsinki] NewDATA [INFO] Нова заявка Повірка, адреса: вул. Небаби Мартина 102, кв. 35, лічильники: БЕЗ НОМЕРА - 1 шт., вартість: 300 грн., примітки: 8-13, за 30 хв, 1 гв додано до БД користувачем [Сусло Тетяна].
[2025-03-28T11:58:42.169] [INFO] DataBase - У заявці Повірка від 28 березня 2025 р. за адресою вул. Небаби Мартина, буд. 102, кв. 35 додано виконавця ЗАПЛАНОВАНІ та додано дату виконання 3 квітня 2025 р. користувачем [Сусло Тетяна].
[28-Mar-2025 11:59:22 Europe/Helsinki] NewDATA [INFO] Нова адреса вул. Доценка, буд. 24, кв. 277, тел. +38 (093) 331-76-46 додана до БД користувачем [Сусло Тетяна].
[28-Mar-2025 11:59:58 Europe/Helsinki] NewDATA [INFO] Нова заявка Повірка, адреса: вул. Доценка 24, кв. 277, лічильники: БЕЗ НОМЕРА - 2 шт., вартість: 600 грн., примітки: 8-13, за 1 год додано до БД користувачем [Сусло Тетяна].
[2025-03-28T12:00:01.963] [INFO] DataBase - У заявці Повірка від 28 березня 2025 р. за адресою вул. Доценка, буд. 24, кв. 277 додано виконавця ЗАПЛАНОВАНІ та додано дату виконання 7 квітня 2025 р. користувачем [Сусло Тетяна].
[28-Mar-2025 12:00:42 Europe/Helsinki] NewDATA [INFO] Нова адреса вул. Всіхсвятська, буд. 8, кв. 106, тел. +38 (063) 923-51-51 додана до БД користувачем [Сусло Тетяна].
[28-Mar-2025 12:01:11 Europe/Helsinki] NewDATA [INFO] Нова заявка Повірка, адреса: вул. Всіхсвятська 8, кв. 106, лічильники: БЕЗ НОМЕРА - 4 шт., вартість: 1200 грн., примітки: 13-17 додано до БД користувачем [Сусло Тетяна].
[2025-03-28T12:01:17.154] [INFO] DataBase - У заявці Повірка від 28 березня 2025 р. за адресою вул. Всіхсвятська, буд. 8, кв. 106 додано виконавця ЗАПЛАНОВАНІ та додано дату виконання 3 квітня 2025 р. користувачем [Сусло Тетяна].
[28-Mar-2025 12:04:28 Europe/Helsinki] NewDATA [INFO] Нова адреса вул. Чудінова, буд. 5, кв. 22, тел. +38 (063) 417-54-61 додана до БД користувачем [Сусло Тетяна].
[28-Mar-2025 12:05:02 Europe/Helsinki] NewDATA [INFO] Нова заявка Заміна, адреса: вул. Чудінова 5, кв. 22, лічильники: БЕЗ НОМЕРА - 1 шт., виконавець: Баранов, вартість: 400 грн., примітки: 13-17,за 30 хв, 1 гв, св додано до БД користувачем [Сусло Тетяна].
[2025-03-28T12:05:05.925] [INFO] DataBase - У заявці Заміна від 28 березня 2025 р. за адресою вул. Чудінова, буд. 5, кв. 22 додано дату виконання 2 квітня 2025 р. користувачем [Сусло Тетяна].
[28-Mar-2025 12:20:16 Europe/Helsinki] EditDATA [INFO] Для заявки Повірка від 28.03.2025 користувачем [Сусло Тетяна] змінено примітки з 8-13, за 30 хв, 1 гв на 8-13, за 30 хв, 2 ліч.
[28-Mar-2025 12:20:50 Europe/Helsinki] NewDATA [INFO] Нова адреса вул. Небаби Мартина, буд. 102, кв. 2, тел. +38 (095) 820-53-00 додана до БД користувачем [Сусло Тетяна].
[28-Mar-2025 12:21:31 Europe/Helsinki] NewDATA [INFO] Нова заявка Повірка, адреса: вул. Небаби Мартина 102, кв. 2, лічильники: БЕЗ НОМЕРА - 2 шт., вартість: 600 грн., примітки: 8-13, за 30 хв додано до БД користувачем [Сусло Тетяна].
[2025-03-28T12:21:35.727] [INFO] DataBase - У заявці Повірка від 28 березня 2025 р. за адресою вул. Небаби Мартина, буд. 102, кв. 2 додано виконавця ЗАПЛАНОВАНІ та додано дату виконання 3 квітня 2025 р. користувачем [Сусло Тетяна].
[28-Mar-2025 12:22:06 Europe/Helsinki] NewDATA [INFO] Нова адреса вул. Київська, буд. 5, кв. 24 додана до БД користувачем [Сусло Тетяна].
[28-Mar-2025 12:24:14 Europe/Helsinki] NewDATA [INFO] Нова адреса вул. Мстиславська, буд. 81, кв. 101, тел. +38 (097) 754-46-10 додана до БД користувачем [Сусло Тетяна].
[28-Mar-2025 12:24:36 Europe/Helsinki] NewDATA [INFO] Нова заявка Повірка, адреса: вул. Мстиславська 81, кв. 101, лічильники: БЕЗ НОМЕРА - 1 шт., вартість: 300 грн., примітки: 8-13, 1 гв додано до БД користувачем [Сусло Тетяна].
[2025-03-28T12:24:39.873] [INFO] DataBase - У заявці Повірка від 28 березня 2025 р. за адресою вул. Мстиславська, буд. 81, кв. 101 додано виконавця ЗАПЛАНОВАНІ та додано дату виконання 7 квітня 2025 р. користувачем [Сусло Тетяна].
[28-Mar-2025 12:25:28 Europe/Helsinki] EditDATA [INFO] За адресою вул. Київська 5, кв. 24 користувачем [Сусло Тетяна] додано номер телефону +38(067)947-69-30, при створенні нової заявки [Повірка] від 28.03.2025.
[28-Mar-2025 12:25:28 Europe/Helsinki] NewDATA [INFO] Нова заявка Повірка, адреса: вул. Київська 5, кв. 24, лічильники: БЕЗ НОМЕРА - 1 шт., вартість: 300 грн., примітки: на протязі дня, за 1 год додано до БД користувачем [Сусло Тетяна].
[2025-03-28T12:25:32.042] [INFO] DataBase - У заявці Повірка від 28 березня 2025 р. за адресою вул. Київська, буд. 5, кв. 24 додано виконавця ЗАПЛАНОВАНІ та додано дату виконання 3 квітня 2025 р. користувачем [Сусло Тетяна].
[2025-03-28T12:29:21.950] [INFO] DataBase - У заявці Повірка від 25 березня 2025 р. за адресою просп. Миру, буд. 54, кв. 56 видалено виконавця Ващенко та видалено дату виконання 28 березня 2025 р. користувачем [Сусло Тетяна].
[2025-03-28T12:29:32.188] [INFO] DataBase - У заявці Повірка від 25 березня 2025 р. за адресою просп. Миру, буд. 54, кв. 56 додано виконавця ЗАПЛАНОВАНІ та додано дату виконання 1 квітня 2025 р. користувачем [Сусло Тетяна].
[28-Mar-2025 12:34:52 Europe/Helsinki] EditDATA [INFO] Для заявки Повірка від 27.03.2025 користувачем [Сусло Тетяна] змінено примітки з 8-13 на з 11.00.
[28-Mar-2025 12:45:03 Europe/Helsinki] EditDATA [INFO] Для заявки Повірка від 25.03.2025 користувачем [Сусло Тетяна] змінено примітки з на протязі дня, за 1 год(щоб встигли доїхати) на 8-10, обов'язково, перенесений.
[2025-03-28T12:45:06.583] [INFO] DataBase - У заявці Повірка від 25 березня 2025 р. за адресою вул. Чорновола Вячеслава, буд. 13, кв. 126 видалено виконавця Ващенко та видалено дату виконання 28 березня 2025 р. користувачем [Сусло Тетяна].
[2025-03-28T12:45:19.894] [INFO] DataBase - У заявці Повірка від 25 березня 2025 р. за адресою вул. Чорновола Вячеслава, буд. 13, кв. 126 додано виконавця ЗАПЛАНОВАНІ та додано дату виконання 1 квітня 2025 р. користувачем [Сусло Тетяна].
[28-Mar-2025 12:45:38 Europe/Helsinki] EditDATA [INFO] Для заявки Повірка від 25.03.2025 користувачем [Сусло Тетяна] змінено примітки з на протязі дня, за 1 год на на протязі дня, за 1 год, перенесений.
[28-Mar-2025 13:21:11 Europe/Helsinki] NewDATA [INFO] Новий лічильник номер: 084843, тип: КВ-1,5 => DN 15, рік випуску: 2015, показники: 0, балансоутримувач: КП "ВДК" додано до БД користувачем [Коваль Людмила].
[28-Mar-2025 13:21:15 Europe/Helsinki] EditDATA [INFO] За адресою вул. Льотна, буд. 25, кв. 66 користувачем [Коваль Людмила] було додано лічильники: 084843].
[28-Mar-2025 13:22:00 Europe/Helsinki] NewDATA [INFO] Новий лічильник номер: 255103, тип: КВ-1,5 => DN 15, рік випуску: 2004, показники: 0, балансоутримувач: КП "ВДК" додано до БД користувачем [Коваль Людмила].
[28-Mar-2025 13:22:03 Europe/Helsinki] EditDATA [INFO] За адресою вул. Льотна, буд. 25, кв. 63 користувачем [Коваль Людмила] було додано лічильники: 255103].
[28-Mar-2025 13:23:31 Europe/Helsinki] NewDATA [INFO] Новий лічильник номер: 011340, тип: ТАКТ => DN 15, рік випуску: 2006, показники: 0, балансоутримувач: КП "ВДК" додано до БД користувачем [Коваль Людмила].
[28-Mar-2025 13:23:59 Europe/Helsinki] NewDATA [INFO] Новий лічильник номер: 016106, тип: ТАКТ => DN 15, рік випуску: 2006, показники: 0, балансоутримувач: АТ "ОТКЕ" додано до БД користувачем [Коваль Людмила].
[28-Mar-2025 13:24:02 Europe/Helsinki] EditDATA [INFO] За адресою вул. Льотна, буд. 43, кв. 108 користувачем [Коваль Людмила] було додано лічильники: 011340, 016106].
[28-Mar-2025 13:24:48 Europe/Helsinki] NewDATA [INFO] Новий лічильник номер: 1200085997, тип: ЛК => DN 15, рік випуску: 2021, показники: 0, балансоутримувач: КП "ВДК" додано до БД користувачем [Коваль Людмила].
[28-Mar-2025 13:25:18 Europe/Helsinki] NewDATA [INFO] Новий лічильник номер: 1200054902, тип: ЛК => DN 15, рік випуску: 2021, показники: 0, балансоутримувач: АТ "ОТКЕ" додано до БД користувачем [Коваль Людмила].
[28-Mar-2025 13:25:20 Europe/Helsinki] EditDATA [INFO] За адресою вул. Волковича, буд. 21, кв. 113 користувачем [Коваль Людмила] було додано лічильники: 1200085997, 1200054902].
[28-Mar-2025 13:25:57 Europe/Helsinki] NewDATA [INFO] Новий лічильник номер: 343039, тип: КВ-1,5 => DN 15, рік випуску: 2006, показники: 0, балансоутримувач: КП "ВДК" додано до БД користувачем [Коваль Людмила].
[28-Mar-2025 13:26:25 Europe/Helsinki] NewDATA [INFO] Новий лічильник номер: 319822, тип: КВ-1,5 => DN 15, рік випуску: 2008, показники: 0, балансоутримувач: АТ "ОТКЕ" додано до БД користувачем [Коваль Людмила].
[28-Mar-2025 13:26:47 Europe/Helsinki] NewDATA [INFO] Новий лічильник номер: 371276, тип: КВ-1,5 => DN 15, рік випуску: 2011, показники: 0, балансоутримувач: КП "ВДК" додано до БД користувачем [Коваль Людмила].
[28-Mar-2025 13:27:12 Europe/Helsinki] NewDATA [INFO] Новий лічильник номер: 016736, тип: КВ-1,5 => DN 15, рік випуску: 2008, показники: 0, балансоутримувач: АТ "ОТКЕ" додано до БД користувачем [Коваль Людмила].
[28-Mar-2025 13:27:14 Europe/Helsinki] EditDATA [INFO] За адресою просп. Миру, буд. 180, кв. 3 користувачем [Коваль Людмила] було додано лічильники: 343039, 319822, 371276, 016736].
[28-Mar-2025 13:34:09 Europe/Helsinki] EditDATA [INFO] Для заявки Повірка від 25.03.2025 користувачем [Коваль Людмила] змінено виконавця з ЗАПЛАНОВАНІ на Ващенко.
[28-Mar-2025 13:34:20 Europe/Helsinki] EditDATA [INFO] Для заявки Повірка від 25.03.2025 користувачем [Коваль Людмила] змінено виконавця з ЗАПЛАНОВАНІ на Ващенко.
[28-Mar-2025 13:34:40 Europe/Helsinki] EditDATA [INFO] Для заявки Повірка від 21.03.2025 користувачем [Коваль Людмила] змінено виконавця з ЗАПЛАНОВАНІ на Ващенко.
[28-Mar-2025 13:34:50 Europe/Helsinki] EditDATA [INFO] Для заявки Повірка від 25.03.2025 користувачем [Коваль Людмила] змінено виконавця з ЗАПЛАНОВАНІ на Ващенко.
[28-Mar-2025 13:35:03 Europe/Helsinki] EditDATA [INFO] Для заявки Повірка від 25.03.2025 користувачем [Коваль Людмила] змінено виконавця з ЗАПЛАНОВАНІ на Ващенко.
[28-Mar-2025 13:36:25 Europe/Helsinki] EditDATA [INFO] Для заявки Повірка від 21.03.2025 користувачем [Коваль Людмила] змінено виконавця з ЗАПЛАНОВАНІ на Ващенко.
[28-Mar-2025 13:58:48 Europe/Helsinki] EditDATA [INFO] За адресою вул. Котляревського 3, кв. 3 користувачем [Коваль Людмила] змінені номери телефонів з +38(093)019-20-00, +38(098)275-72-73, +38(063)875-45-57 на +38(098)275-72-73, при створенні нової заявки [Повірка] від 28.03.2025.
[28-Mar-2025 13:58:48 Europe/Helsinki] NewDATA [INFO] Нова заявка Повірка, адреса: вул. Котляревського 3, кв. 3, лічильники: БЕЗ НОМЕРА - 4 шт., вартість: 1200 грн., примітки: 13-17,дом.не працює додано до БД користувачем [Коваль Людмила].
[2025-03-28T13:58:53.705] [INFO] DataBase - У заявці Повірка від 28 березня 2025 р. за адресою вул. Котляревського, буд. 3, кв. 3 додано виконавця ЗАПЛАНОВАНІ та додано дату виконання 3 квітня 2025 р. користувачем [Коваль Людмила].
[28-Mar-2025 13:59:37 Europe/Helsinki] NewDATA [INFO] Нова заявка Повірка, адреса: вул. Мстиславська 38, кв. 7, лічильники: БЕЗ НОМЕРА - 4 шт., вартість: 1200 грн., примітки: 13-17 додано до БД користувачем [Коваль Людмила].
[2025-03-28T13:59:42.450] [INFO] DataBase - У заявці Повірка від 28 березня 2025 р. за адресою вул. Мстиславська, буд. 38, кв. 7 додано виконавця ЗАПЛАНОВАНІ та додано дату виконання 3 квітня 2025 р. користувачем [Коваль Людмила].
[28-Mar-2025 14:19:42 Europe/Helsinki] NewDATA [INFO] Нова заявка Заміна, адреса: вул. Пятницька 49, кв. 178, лічильники: БЕЗ НОМЕРА - 1 шт., вартість: 1100 грн., примітки: 8-13,гор.с/в додано до БД користувачем [Коваль Людмила].
[2025-03-28T14:19:45.911] [INFO] DataBase - У заявці Заміна від 28 березня 2025 р. за адресою вул. Пятницька, буд. 49, кв. 178 додано виконавця Баранов та додано дату виконання 4 квітня 2025 р. користувачем [Коваль Людмила].
[28-Mar-2025 14:20:50 Europe/Helsinki] NewDATA [INFO] Нова заявка Повірка, адреса: просп. Миру 209, кв. 31, лічильники: БЕЗ НОМЕРА - 1 шт., вартість: 600 грн., примітки: 13-17,код 12 додано до БД користувачем [Коваль Людмила].
[2025-03-28T14:20:58.517] [INFO] DataBase - У заявці Повірка від 28 березня 2025 р. за адресою просп. Миру, буд. 209, кв. 31 додано виконавця ЗАПЛАНОВАНІ та додано дату виконання 2 квітня 2025 р. користувачем [Коваль Людмила].
[28-Mar-2025 14:21:37 Europe/Helsinki] NewDATA [INFO] Нова адреса просп. Левка Лукяненка, буд. 34, кв. 36, тел. +38 (050) 226-33-84 додана до БД користувачем [Коваль Людмила].
[28-Mar-2025 14:22:03 Europe/Helsinki] NewDATA [INFO] Нова заявка Повірка, адреса: просп. Левка Лукяненка 34, кв. 36, лічильники: БЕЗ НОМЕРА - 2 шт., вартість: 600 грн., примітки: 13-17 додано до БД користувачем [Коваль Людмила].
[2025-03-28T14:22:09.152] [INFO] DataBase - У заявці Повірка від 28 березня 2025 р. за адресою просп. Левка Лукяненка, буд. 34, кв. 36 додано виконавця ЗАПЛАНОВАНІ та додано дату виконання 31 березня 2025 р. користувачем [Коваль Людмила].
[28-Mar-2025 14:22:40 Europe/Helsinki] EditDATA [INFO] Для заявки Повірка від 21.03.2025 користувачем [Коваль Людмила] змінено виконавця з Ващенко на Сірий.
[28-Mar-2025 14:23:03 Europe/Helsinki] EditDATA [INFO] Для заявки Повірка від 28.03.2025 користувачем [Коваль Людмила] змінено виконавця з ЗАПЛАНОВАНІ на Ващенко.
[28-Mar-2025 14:23:13 Europe/Helsinki] EditDATA [INFO] Для заявки Повірка від 27.03.2025 користувачем [Коваль Людмила] змінено виконавця з ЗАПЛАНОВАНІ на Сірий.
[28-Mar-2025 14:25:10 Europe/Helsinki] EditDATA [INFO] Для заявки Повірка від 25.03.2025 користувачем [Коваль Людмила] змінено виконавця з ЗАПЛАНОВАНІ на Сірий.
[28-Mar-2025 14:25:19 Europe/Helsinki] EditDATA [INFO] Для заявки Повірка від 24.03.2025 користувачем [Коваль Людмила] змінено виконавця з ЗАПЛАНОВАНІ на Сірий.
[28-Mar-2025 14:25:33 Europe/Helsinki] EditDATA [INFO] Для заявки Повірка від 24.03.2025 користувачем [Коваль Людмила] змінено виконавця з ЗАПЛАНОВАНІ на Сірий.
[28-Mar-2025 14:25:45 Europe/Helsinki] EditDATA [INFO] Для заявки Повірка від 20.03.2025 користувачем [Коваль Людмила] змінено виконавця з ЗАПЛАНОВАНІ на Сірий.
[28-Mar-2025 14:25:55 Europe/Helsinki] EditDATA [INFO] Для заявки Повірка від 19.03.2025 користувачем [Коваль Людмила] змінено виконавця з ЗАПЛАНОВАНІ на Сірий.
[28-Mar-2025 14:26:09 Europe/Helsinki] EditDATA [INFO] Для заявки Повірка від 19.03.2025 користувачем [Коваль Людмила] змінено виконавця з ЗАПЛАНОВАНІ на Сірий.
[28-Mar-2025 14:28:12 Europe/Helsinki] EditDATA [INFO] За адресою вул. Волковича 2 корпус Б, кв. 90 користувачем [Коваль Людмила] змінені номери телефонів з +38(093)078-78-46 на +38(066)850-87-08, при створенні нової заявки [Повірка] від 28.03.2025.
[28-Mar-2025 14:28:12 Europe/Helsinki] NewDATA [INFO] Нова заявка Повірка, адреса: вул. Волковича 2 корпус Б, кв. 90, лічильники: БЕЗ НОМЕРА - 2 шт., вартість: 600 грн., примітки: 13-17(рят.27-88 один хоз.),пер.за 30 хв. додано до БД користувачем [Коваль Людмила].
[2025-03-28T14:28:17.880] [INFO] DataBase - У заявці Повірка від 28 березня 2025 р. за адресою вул. Волковича, буд. 2, корп. Б, кв. 90 додано виконавця ЗАПЛАНОВАНІ та додано дату виконання 2 квітня 2025 р. користувачем [Коваль Людмила].
[28-Mar-2025 14:29:27 Europe/Helsinki] EditDATA [INFO] За адресою вул. Рятувальників 27, кв. 88 користувачем [Коваль Людмила] змінені номери телефонів з +38(0462)25-56-52, +38(093)860-82-85 на +38(066)850-87-08, при створенні нової заявки [Повірка] від 28.03.2025.
[28-Mar-2025 14:29:27 Europe/Helsinki] NewDATA [INFO] Нова заявка Повірка, адреса: вул. Рятувальників 27, кв. 88, лічильники: БЕЗ НОМЕРА - 2 шт., вартість: 600 грн., примітки: 13-17,пер.за 30 хв. додано до БД користувачем [Коваль Людмила].
[2025-03-28T14:29:33.695] [INFO] DataBase - У заявці Повірка від 28 березня 2025 р. за адресою вул. Рятувальників, буд. 27, кв. 88 додано виконавця ЗАПЛАНОВАНІ та додано дату виконання 2 квітня 2025 р. користувачем [Коваль Людмила].
[2025-03-28T14:35:25.481] [INFO] DataBase - У заявці Повірка від 14 березня 2025 р. за адресою просп. Перемоги, буд. 67, кв. 5 видалено виконавця Шкуліпа та видалено дату виконання 21 березня 2025 р. користувачем [Сусло Тетяна].
[2025-03-28T14:35:31.801] [INFO] DataBase - У заявці Повірка від 14 березня 2025 р. за адресою просп. Перемоги, буд. 67, кв. 5 додано виконавця Шкуліпа та додано дату виконання 29 березня 2025 р. користувачем [Сусло Тетяна].
[28-Mar-2025 14:36:31 Europe/Helsinki] EditDATA [INFO] Для заявки Повірка від 14.03.2025 користувачем [Коваль Людмила] змінено примітки з 8-13, за 30 хв на 11-15, за 30 хв.
[28-Mar-2025 14:55:55 Europe/Helsinki] EditDATA [INFO] За адресою вул. Льотна 43, кв. 57 користувачем [Сусло Тетяна] змінені номери телефонів з +38(093)630-72-81 на +38(073)185-15-14, при створенні нової заявки [Повірка] від 28.03.2025.
[28-Mar-2025 14:55:55 Europe/Helsinki] NewDATA [INFO] Нова заявка Повірка, адреса: вул. Льотна 43, кв. 57, лічильники: БЕЗ НОМЕРА - 2 шт., вартість: 600 грн., примітки: на протязі дня, за 1 год додано до БД користувачем [Сусло Тетяна].
[2025-03-28T14:55:59.701] [INFO] DataBase - У заявці Повірка від 28 березня 2025 р. за адресою вул. Льотна, буд. 43, кв. 57 додано виконавця ЗАПЛАНОВАНІ та додано дату виконання 2 квітня 2025 р. користувачем [Сусло Тетяна].
[28-Mar-2025 15:03:50 Europe/Helsinki] EditDATA [INFO] Для заявки Заміна від 25.03.2025 користувачем [Коваль Людмила] змінено вартість робіт з 300 грн. на 400 грн.

