[14-Jan-2025 08:25:50 Europe/Helsinki] NewDATA [INFO] Нова адреса вул. Борщова, буд. 4, кв. 7, тел. +38 (096) 808-94-02 додана до БД користувачем [Коваль Людмила].
[14-Jan-2025 08:26:40 Europe/Helsinki] NewDATA [INFO] Нова заявка Повірка, адреса: вул. Борщова 4, кв. 7, лічильники: БЕЗ НОМЕРА - 1 шт., вартість: 300 грн., примітки: 8-13 додано до БД користувачем [Коваль Людмила].
[2025-01-14T08:26:43.745] [INFO] DataBase - У заявці Повірка від 14 січня 2025 р. за адресою вул. Борщова, буд. 4, кв. 7 додано виконавця ЗАПЛАНОВАНІ та додано дату виконання 27 січня 2025 р. користувачем [Коваль Людмила].
[14-Jan-2025 08:27:36 Europe/Helsinki] EditDATA [INFO] За адресою вул. 1-ої танкової бригади 33, кв. 12 користувачем [Коваль Людмила] змінені номери телефонів з +38(066)930-92-63, +38(0462)93-78-87, +38(050)269-05-85 на +38(050)269-05-85, при створенні нової заявки [Повірка] від 14.01.2025.
[14-Jan-2025 08:27:36 Europe/Helsinki] NewDATA [INFO] Нова заявка Повірка, адреса: вул. 1-ої танкової бригади 33, кв. 12, лічильники: БЕЗ НОМЕРА - 1 шт., вартість: 300 грн., примітки: після 14.00 додано до БД користувачем [Коваль Людмила].
[2025-01-14T08:28:09.337] [INFO] DataBase - У заявці Повірка від 14 січня 2025 р. за адресою вул. 1-ої танкової бригади, буд. 33, кв. 12 додано виконавця ЗАПЛАНОВАНІ та додано дату виконання 15 січня 2025 р. користувачем [Коваль Людмила].
[14-Jan-2025 08:30:01 Europe/Helsinki] DellTASK [INFO] Повірка від 10.01.2025 для адреси вул. Чорновола Вячеслава, буд. 15, кв. 154 для лічильника БЕЗ НОМЕРА - 2 шт. було завершено користувачем [Коваль Людмила] з коментарем: виконано.
[14-Jan-2025 08:42:45 Europe/Helsinki] NewDATA [INFO] Нова адреса вул. Самострова, буд. 11, кв. 140, тел. +38 (096) 111-84-31 додана до БД користувачем [Коваль Людмила].
[14-Jan-2025 08:43:12 Europe/Helsinki] NewDATA [INFO] Нова заявка Заміна, адреса: вул. Самострова 11, кв. 140, лічильники: БЕЗ НОМЕРА - 1 шт., вартість: 1060 грн., примітки: 8-13 додано до БД користувачем [Коваль Людмила].
[2025-01-14T08:43:21.071] [INFO] DataBase - У заявці Заміна від 14 січня 2025 р. за адресою вул. Самострова, буд. 11, кв. 140 додано виконавця Баранов та додано дату виконання 16 січня 2025 р. користувачем [Коваль Людмила].
[14-Jan-2025 08:54:03 Europe/Helsinki] EditDATA [INFO] За адресою вул. Гонча 80, кв. 38 користувачем [Коваль Людмила] змінені номери телефонів з +38(067)717-57-38 на +38(063)276-53-13, при створенні нової заявки [Заміна] від 14.01.2025.
[14-Jan-2025 08:54:03 Europe/Helsinki] NewDATA [INFO] Нова заявка Заміна, адреса: вул. Гонча 80, кв. 38, лічильники: БЕЗ НОМЕРА - 1 шт., вартість: 350 грн., примітки: 8-13 додано до БД користувачем [Коваль Людмила].
[14-Jan-2025 08:56:05 Europe/Helsinki] EditDATA [INFO] Для заявки Заміна від 14.01.2025 користувачем [Коваль Людмила] змінено примітки з 8-13 на 8-13,хол.с/в.
[2025-01-14T08:56:10.171] [INFO] DataBase - У заявці Заміна від 14 січня 2025 р. за адресою вул. Гонча, буд. 80, кв. 38 додано виконавця Баранов та додано дату виконання 16 січня 2025 р. користувачем [Коваль Людмила].
[14-Jan-2025 08:56:42 Europe/Helsinki] EditDATA [INFO] Для заявки Заміна від 14.01.2025 користувачем [Коваль Людмила] змінено вартість робіт з 1060 грн. на 2120 грн.
[14-Jan-2025 08:57:19 Europe/Helsinki] EditDATA [INFO] Для заявки Заміна від 14.01.2025 користувачем [Коваль Людмила] змінено примітки з 8-13 на 8-13,хол,гор.с/в.
[14-Jan-2025 08:58:54 Europe/Helsinki] DellTASK [INFO] Заміна від 14.01.2025 для адреси вул. Самострова, буд. 11, кв. 140 для лічильника БЕЗ НОМЕРА - 1 шт. було відмінено користувачем [Коваль Людмила] з коментарем: повтор.
[14-Jan-2025 08:59:58 Europe/Helsinki] NewDATA [INFO] Нова заявка Заміна, адреса: вул. Самострова 11, кв. 140, лічильники: БЕЗ НОМЕРА - 2 шт., вартість: 2120 грн., примітки: 8-13,хол.гор.с/в додано до БД користувачем [Коваль Людмила].
[2025-01-14T09:00:03.233] [INFO] DataBase - У заявці Заміна від 14 січня 2025 р. за адресою вул. Самострова, буд. 11, кв. 140 додано виконавця Баранов та додано дату виконання 16 січня 2025 р. користувачем [Коваль Людмила].
[14-Jan-2025 09:00:09 Europe/Helsinki] NewDATA [INFO] Нова адреса просп. Грушевського Михайла, буд. 193, кв. 64, тел. +38 (093) 100-37-47 додана до БД користувачем [Сусло Тетяна].
[14-Jan-2025 09:00:29 Europe/Helsinki] NewDATA [INFO] Нова заявка Повірка, адреса: просп. Грушевського Михайла 193, кв. 64, лічильники: БЕЗ НОМЕРА - 1 шт., вартість: 300 грн., примітки: 8-13 додано до БД користувачем [Сусло Тетяна].
[2025-01-14T09:00:32.981] [INFO] DataBase - У заявці Повірка від 14 січня 2025 р. за адресою просп. Грушевського Михайла, буд. 193, кв. 64 додано виконавця ЗАПЛАНОВАНІ та додано дату виконання 15 січня 2025 р. користувачем [Сусло Тетяна].
[14-Jan-2025 09:01:20 Europe/Helsinki] NewDATA [INFO] Нова заявка Повірка, адреса: вул. Богуна Івана 45, кв. 11, лічильники: БЕЗ НОМЕРА - 2 шт., вартість: 600 грн., примітки: 8-13 додано до БД користувачем [Сусло Тетяна].
[2025-01-14T09:01:23.510] [INFO] DataBase - У заявці Повірка від 14 січня 2025 р. за адресою вул. Богуна Івана, буд. 45, кв. 11 додано виконавця ЗАПЛАНОВАНІ та додано дату виконання 16 січня 2025 р. користувачем [Сусло Тетяна].
[14-Jan-2025 09:02:55 Europe/Helsinki] NewDATA [INFO] Нова заявка Заміна, адреса: вул. Освіти 86, кв. 8, лічильники: БЕЗ НОМЕРА - 1 шт., виконавець: Баранов, вартість: 350 грн., примітки: 14-17, 1гв, св додано до БД користувачем [Сусло Тетяна].
[2025-01-14T09:03:01.759] [INFO] DataBase - У заявці Заміна від 14 січня 2025 р. за адресою вул. Освіти, буд. 86, кв. 8 додано дату виконання 16 січня 2025 р. користувачем [Сусло Тетяна].
[14-Jan-2025 09:03:54 Europe/Helsinki] DellTASK [INFO] Заміна від 06.01.2025 для адреси вул. Генерала Пухова, буд. 133, кв. 88 для лічильника БЕЗ НОМЕРА - 1 шт. було відмінено користувачем [Сусло Тетяна] з коментарем: не вийшло по часу.
[14-Jan-2025 09:05:24 Europe/Helsinki] NewDATA [INFO] Новий лічильник номер: 241472704, тип: СВК => DN 15, рік випуску: 2024, показники: 0, балансоутримувач: АТ "ОТКЕ" додано до БД користувачем [Сусло Тетяна].
[14-Jan-2025 09:05:28 Europe/Helsinki] EditDATA [INFO] В заявці Заміна від 09.01.2025 за адресою вул. Савчука, буд. 11, кв. 195 було видалено лічильники: 9200030041; додано лічильники: 241472704 користувачем [Сусло Тетяна].
[14-Jan-2025 09:08:39 Europe/Helsinki] DellTASK [INFO] Повірка від 10.01.2025 для адреси вул. Чорновола Вячеслава, буд. 4, кв. 116 для лічильника БЕЗ НОМЕРА - 4 шт. було завершено користувачем [Коваль Людмила] з коментарем: виконано.
[14-Jan-2025 09:08:56 Europe/Helsinki] DellTASK [INFO] Повірка від 09.01.2025 для адреси вул. Чорновола Вячеслава, буд. 4, кв. 54 для лічильника БЕЗ НОМЕРА - 2 шт. було завершено користувачем [Коваль Людмила] з коментарем: виконано.
[14-Jan-2025 09:09:22 Europe/Helsinki] DellTASK [INFO] Повірка від 09.01.2025 для адреси вул. Освіти, буд. 86, кв. 8 для лічильника БЕЗ НОМЕРА - 2 шт. було завершено користувачем [Коваль Людмила] з коментарем: виконано.
[14-Jan-2025 09:13:37 Europe/Helsinki] NewDATA [INFO] Новий лічильник номер: 6303828, тип: ЛК => DN 15, рік випуску: 2006, показники: 0, балансоутримувач: КП "ВДК" додано до БД користувачем [Коваль Людмила].
[14-Jan-2025 09:13:39 Europe/Helsinki] EditDATA [INFO] За адресою вул. Чорновола Вячеслава, буд. 15, кв. 154 користувачем [Коваль Людмила] було додано лічильники: 6303828].
[14-Jan-2025 09:14:20 Europe/Helsinki] NewDATA [INFO] Новий лічильник номер: 346732, тип: КВ-1,5 => DN 15, рік випуску: 2001, показники: 0, балансоутримувач: КП "ВДК" додано до БД користувачем [Коваль Людмила].
[14-Jan-2025 09:14:44 Europe/Helsinki] NewDATA [INFO] Новий лічильник номер: 316451, тип: КВ-1,5 => DN 15, рік випуску: 2001, показники: 0, балансоутримувач: КП "ТКЕ" додано до БД користувачем [Коваль Людмила].
[14-Jan-2025 09:14:47 Europe/Helsinki] EditDATA [INFO] За адресою вул. Чорновола Вячеслава, буд. 4, кв. 54 користувачем [Коваль Людмила] було додано лічильники: 346732, 316451].
[14-Jan-2025 09:15:30 Europe/Helsinki] NewDATA [INFO] Новий лічильник номер: 541850, тип: КВ-1,5 => DN 15, рік випуску: 2004, показники: 0, балансоутримувач: КП "ВДК" додано до БД користувачем [Коваль Людмила].
[14-Jan-2025 09:15:32 Europe/Helsinki] EditDATA [INFO] За адресою вул. Освіти, буд. 86, кв. 8 користувачем [Коваль Людмила] було додано лічильники: 541850].
[14-Jan-2025 09:20:54 Europe/Helsinki] NewDATA [INFO] Новий лічильник номер: 0200215614, тип: ЛК => DN 15, рік випуску: 2020, показники: 0, балансоутримувач: КП "ВДК" додано до БД користувачем [Коваль Людмила].
[14-Jan-2025 09:21:19 Europe/Helsinki] NewDATA [INFO] Новий лічильник номер: 0200209559, тип: ЛК => DN 15, рік випуску: 2020, показники: 0, балансоутримувач: КП "ВДК" додано до БД користувачем [Коваль Людмила].
[14-Jan-2025 09:21:44 Europe/Helsinki] NewDATA [INFO] Новий лічильник номер: 113419, тип: КВ-1,5 => DN 15, рік випуску: 2002, показники: 0, балансоутримувач: КП "ТКЕ" додано до БД користувачем [Коваль Людмила].
[14-Jan-2025 09:21:48 Europe/Helsinki] EditDATA [INFO] За адресою вул. Чорновола Вячеслава, буд. 4, кв. 116 користувачем [Коваль Людмила] було додано лічильники: 0200215614, 0200209559, 113419].
[14-Jan-2025 09:25:42 Europe/Helsinki] NewDATA [INFO] Нова адреса вул. Незалежності, буд. 82, кв. 87, тел. +38 (073) 133-34-55 додана до БД користувачем [Сусло Тетяна].
[14-Jan-2025 09:27:28 Europe/Helsinki] NewDATA [INFO] Новий лічильник номер: 645602, тип: КВ-1,5 => DN 15, рік випуску: 2006, показники: 0, балансоутримувач: АТ "ОТКЕ" додано до БД користувачем [Коваль Людмила].
[14-Jan-2025 09:27:30 Europe/Helsinki] EditDATA [INFO] За адресою вул. Шевченка, буд. 32, кв. 46 користувачем [Коваль Людмила] було додано лічильники: 645602].
[14-Jan-2025 09:28:14 Europe/Helsinki] NewDATA [INFO] Новий лічильник номер: 542698, тип: КВ-1,5 => DN 15, рік випуску: 2006, показники: 0, балансоутримувач: КП "ВДК" додано до БД користувачем [Коваль Людмила].
[14-Jan-2025 09:28:16 Europe/Helsinki] EditDATA [INFO] За адресою вул. Гетьмана Полуботка, буд. 76, кв. 2 користувачем [Коваль Людмила] було додано лічильники: 542698].
[14-Jan-2025 09:29:34 Europe/Helsinki] NewDATA [INFO] Нова заявка Повірка, адреса: вул. Незалежності 82, кв. 87, лічильники: БЕЗ НОМЕРА - 1 шт., вартість: 300 грн., примітки: після 15.00 додано до БД користувачем [Сусло Тетяна].
[2025-01-14T09:29:37.103] [INFO] DataBase - У заявці Повірка від 14 січня 2025 р. за адресою вул. Незалежності, буд. 82, кв. 87 додано виконавця ЗАПЛАНОВАНІ та додано дату виконання 15 січня 2025 р. користувачем [Сусло Тетяна].
[14-Jan-2025 09:34:08 Europe/Helsinki] NewDATA [INFO] Новий лічильник номер: 006778, тип: КВ-1,5 => DN 15, рік випуску: 2000, показники: 0, балансоутримувач: КП "ВДК" додано до БД користувачем [Коваль Людмила].
[14-Jan-2025 09:34:44 Europe/Helsinki] NewDATA [INFO] Новий лічильник номер: 254796, тип: КВ-1,5 => DN 15, рік випуску: 2009, показники: 0, балансоутримувач: АТ "ОТКЕ" додано до БД користувачем [Коваль Людмила].
[14-Jan-2025 09:34:46 Europe/Helsinki] EditDATA [INFO] За адресою просп. Перемоги, буд. 149, кв. 57 користувачем [Коваль Людмила] було додано лічильники: 006778, 254796].
[14-Jan-2025 09:35:31 Europe/Helsinki] NewDATA [INFO] Новий лічильник номер: 9090869, тип: ЛК => DN 15, рік випуску: 2009, показники: 0, балансоутримувач: КП "ВДК" додано до БД користувачем [Коваль Людмила].
[14-Jan-2025 09:35:33 Europe/Helsinki] EditDATA [INFO] За адресою просп. Перемоги, буд. 116, кв. 31 користувачем [Коваль Людмила] було додано лічильники: 9090869].
[14-Jan-2025 09:36:17 Europe/Helsinki] NewDATA [INFO] Новий лічильник номер: 021437, тип: КВ-1,5 => DN 15, рік випуску: 2013, показники: 0, балансоутримувач: КП "ВДК" додано до БД користувачем [Коваль Людмила].
[14-Jan-2025 09:36:19 Europe/Helsinki] EditDATA [INFO] За адресою просп. Перемоги, буд. 119, корп. А, кв. 52 користувачем [Коваль Людмила] було додано лічильники: 021437].
[14-Jan-2025 09:37:04 Europe/Helsinki] NewDATA [INFO] Новий лічильник номер: 1334928, тип: ЛК => DN 15, рік випуску: 2011, показники: 0, балансоутримувач: КП "ВДК" додано до БД користувачем [Коваль Людмила].
[14-Jan-2025 09:37:46 Europe/Helsinki] NewDATA [INFO] Новий лічильник номер: 1389878, тип: ЛК => DN 15, рік випуску: 2011, показники: 0, балансоутримувач: АТ "ОТКЕ" додано до БД користувачем [Коваль Людмила].
[14-Jan-2025 09:37:48 Europe/Helsinki] EditDATA [INFO] За адресою просп. Перемоги, буд. 163, кв. 33 користувачем [Коваль Людмила] було додано лічильники: 1334928, 1389878].
[14-Jan-2025 09:39:40 Europe/Helsinki] NewDATA [INFO] Новий лічильник номер: 241467112, тип: СВК => DN 15, рік випуску: 2024, показники: 0, балансоутримувач: КП "ВДК" додано до БД користувачем [Сусло Тетяна].
[14-Jan-2025 09:39:44 Europe/Helsinki] EditDATA [INFO] В заявці Заміна від 08.01.2025 за адресою вул. Преображенська, буд. 14, корп. А, кв. 45 було видалено БЕЗ НОМЕРУ - 1 шт.; додано лічильники: 241467112 користувачем [Сусло Тетяна].
[14-Jan-2025 09:39:55 Europe/Helsinki] DellTASK [INFO] Заміна від 08.01.2025 для адреси вул. Преображенська, буд. 14, корп. А, кв. 45 для лічильника 241467112 було завершено користувачем [Сусло Тетяна] з коментарем: виконано.
[14-Jan-2025 09:40:29 Europe/Helsinki] NewDATA [INFO] Новий лічильник номер: 241466894, тип: СВК => DN 15, рік випуску: 2024, показники: 0, балансоутримувач: КП "ВДК" додано до БД користувачем [Сусло Тетяна].
[14-Jan-2025 09:40:33 Europe/Helsinki] EditDATA [INFO] В заявці Заміна від 06.01.2025 за адресою просп. Левка Лукяненка, буд. 50, кв. 55 було видалено лічильники: 5570099; додано лічильники: 241466894 користувачем [Сусло Тетяна].
[14-Jan-2025 09:40:43 Europe/Helsinki] DellTASK [INFO] Заміна від 06.01.2025 для адреси просп. Левка Лукяненка, буд. 50, кв. 55 для лічильника 241466894 було завершено користувачем [Сусло Тетяна] з коментарем: виконано.
[14-Jan-2025 09:42:10 Europe/Helsinki] NewDATA [INFO] Новий лічильник номер: 241472718, тип: СВК => DN 15, рік випуску: 2024, показники: 0, балансоутримувач: АТ "ОТКЕ" додано до БД користувачем [Сусло Тетяна].
[14-Jan-2025 09:42:14 Europe/Helsinki] EditDATA [INFO] В заявці Заміна від 17.12.2024 за адресою вул. Рятувальників, буд. 35, кв. 58 було видалено лічильники: 5432759; додано лічильники: 241472718 користувачем [Сусло Тетяна].
[14-Jan-2025 09:42:23 Europe/Helsinki] DellTASK [INFO] Заміна від 17.12.2024 для адреси вул. Рятувальників, буд. 35, кв. 58 для лічильника 241472718 було завершено користувачем [Сусло Тетяна] з коментарем: виконано.
[14-Jan-2025 09:43:02 Europe/Helsinki] NewDATA [INFO] Новий лічильник номер: 241472706, тип: СВК => DN 15, рік випуску: 2024, показники: 0, балансоутримувач: КП "ТКЕ" додано до БД користувачем [Сусло Тетяна].
[14-Jan-2025 09:43:05 Europe/Helsinki] EditDATA [INFO] В заявці Заміна від 08.01.2025 за адресою вул. Старобілоуська, буд. 35, кв. 19 було видалено БЕЗ НОМЕРУ - 1 шт.; додано лічильники: 241472706 користувачем [Сусло Тетяна].
[14-Jan-2025 09:43:14 Europe/Helsinki] DellTASK [INFO] Заміна від 08.01.2025 для адреси вул. Старобілоуська, буд. 35, кв. 19 для лічильника 241472706 було завершено користувачем [Сусло Тетяна] з коментарем: виконано.
[14-Jan-2025 09:44:58 Europe/Helsinki] DellTASK [INFO] Заміна від 09.01.2025 для адреси вул. Савчука, буд. 11, кв. 195 для лічильника 241472704 було завершено користувачем [Сусло Тетяна] з коментарем: виконано.
[14-Jan-2025 09:45:43 Europe/Helsinki] DellTASK [INFO] Заміна від 07.01.2025 для адреси вул. 1-ї Гвардійської Армії, буд. 25, корп. А, кв. 41 для лічильника БЕЗ НОМЕРА - 1 шт. було завершено користувачем [Сусло Тетяна] з коментарем: виконано.
[14-Jan-2025 09:46:25 Europe/Helsinki] NewDATA [INFO] Новий лічильник номер: 241472791, тип: СВК => DN 15, рік випуску: 2024, показники: 0, балансоутримувач: КП "ТКЕ" додано до БД користувачем [Сусло Тетяна].
[14-Jan-2025 09:46:28 Europe/Helsinki] EditDATA [INFO] В заявці Заміна від 07.01.2025 за адресою вул. Богуна Івана, буд. 48, кв. 4 було видалено БЕЗ НОМЕРУ - 1 шт.; додано лічильники: 241472791 користувачем [Сусло Тетяна].
[14-Jan-2025 09:46:38 Europe/Helsinki] DellTASK [INFO] Заміна від 07.01.2025 для адреси вул. Богуна Івана, буд. 48, кв. 4 для лічильника 241472791 було завершено користувачем [Сусло Тетяна] з коментарем: виконано.
[14-Jan-2025 09:47:15 Europe/Helsinki] NewDATA [INFO] Новий лічильник номер: 241472722, тип: СВК => DN 15, рік випуску: 2024, показники: 0, балансоутримувач: КП "ТКЕ" додано до БД користувачем [Сусло Тетяна].
[14-Jan-2025 09:47:18 Europe/Helsinki] EditDATA [INFO] В заявці Заміна від 07.01.2025 за адресою вул. Богуна Івана, буд. 44, кв. 42 було видалено БЕЗ НОМЕРУ - 1 шт.; додано лічильники: 241472722 користувачем [Сусло Тетяна].
[14-Jan-2025 09:47:32 Europe/Helsinki] DellTASK [INFO] Заміна від 07.01.2025 для адреси вул. Богуна Івана, буд. 44, кв. 42 для лічильника 241472722 було завершено користувачем [Сусло Тетяна] з коментарем: виконано.
[14-Jan-2025 10:54:14 Europe/Helsinki] NewDATA [INFO] Нова заявка Повірка, адреса: вул. Космонавтів 22, кв. 42, лічильники: БЕЗ НОМЕРА - 1 шт., вартість: 300 грн., примітки: 8-13,пер.за 30 хв. додано до БД користувачем [Коваль Людмила].
[2025-01-14T10:54:22.049] [INFO] DataBase - У заявці Повірка від 14 січня 2025 р. за адресою вул. Космонавтів, буд. 22, кв. 42 додано виконавця ЗАПЛАНОВАНІ та додано дату виконання 15 січня 2025 р. користувачем [Коваль Людмила].
[14-Jan-2025 10:55:20 Europe/Helsinki] EditDATA [INFO] Для заявки Повірка від 14.01.2025 користувачем [Коваль Людмила] змінено виконавця з ЗАПЛАНОВАНІ на Сірий.
[14-Jan-2025 10:55:30 Europe/Helsinki] EditDATA [INFO] Для заявки Повірка від 14.01.2025 користувачем [Коваль Людмила] змінено виконавця з ЗАПЛАНОВАНІ на Сірий.
[14-Jan-2025 10:55:44 Europe/Helsinki] EditDATA [INFO] Для заявки Повірка від 14.01.2025 користувачем [Коваль Людмила] змінено виконавця з ЗАПЛАНОВАНІ на Сірий.
[14-Jan-2025 10:55:59 Europe/Helsinki] EditDATA [INFO] Для заявки Повірка від 09.01.2025 користувачем [Коваль Людмила] змінено виконавця з ЗАПЛАНОВАНІ на Сірий.
[14-Jan-2025 10:56:10 Europe/Helsinki] EditDATA [INFO] Для заявки Повірка від 13.01.2025 користувачем [Коваль Людмила] змінено виконавця з ЗАПЛАНОВАНІ на Сірий.
[14-Jan-2025 11:00:53 Europe/Helsinki] EditDATA [INFO] За адресою вул. Героїв Чорнобиля 4 корпус А, кв. 59 користувачем [Сусло Тетяна] змінені номери телефонів з +38(0462)72-20-47, +38(093)610-08-38 на +38(093)610-08-38, при створенні нової заявки [Повірка] від 14.01.2025.
[14-Jan-2025 11:00:53 Europe/Helsinki] NewDATA [INFO] Нова заявка Повірка, адреса: вул. Героїв Чорнобиля 4 корпус А, кв. 59, лічильники: БЕЗ НОМЕРА - 1 шт., вартість: 300 грн., примітки: на протязі дня, за 1 год додано до БД користувачем [Сусло Тетяна].
[2025-01-14T11:00:59.184] [INFO] DataBase - У заявці Повірка від 14 січня 2025 р. за адресою вул. Героїв Чорнобиля, буд. 4, корп. А, кв. 59 додано виконавця ЗАПЛАНОВАНІ та додано дату виконання 15 січня 2025 р. користувачем [Сусло Тетяна].
[14-Jan-2025 11:02:07 Europe/Helsinki] EditDATA [INFO] За адресою вул. Савчука 7 корпус А, кв. 2 користувачем [Сусло Тетяна] змінені номери телефонів з +38(0462)63-56-52, +38(093)371-76-52 на +38(066)299-43-33, +38(093)371-76-52, при створенні нової заявки [Повірка] від 14.01.2025.
[14-Jan-2025 11:02:07 Europe/Helsinki] NewDATA [INFO] Нова заявка Повірка, адреса: вул. Савчука 7 корпус А, кв. 2, лічильники: БЕЗ НОМЕРА - 1 шт., вартість: 300 грн., примітки: 8-11 додано до БД користувачем [Сусло Тетяна].
[2025-01-14T11:02:17.624] [INFO] DataBase - У заявці Повірка від 14 січня 2025 р. за адресою вул. Савчука, буд. 7, корп. А, кв. 2 додано виконавця Сірий та додано дату виконання 15 січня 2025 р. користувачем [Сусло Тетяна].
[14-Jan-2025 11:03:33 Europe/Helsinki] NewDATA [INFO] Нова адреса просп. Миру, буд. 201, кв. 6, тел. +38 (063) 752-04-73 додана до БД користувачем [Сусло Тетяна].
[14-Jan-2025 11:04:16 Europe/Helsinki] NewDATA [INFO] Нова заявка Повірка, адреса: просп. Миру 201, кв. 6, лічильники: БЕЗ НОМЕРА - 1 шт., вартість: 300 грн., примітки: 8-13, 4 блок додано до БД користувачем [Сусло Тетяна].
[2025-01-14T11:04:19.427] [INFO] DataBase - У заявці Повірка від 14 січня 2025 р. за адресою просп. Миру, буд. 201, кв. 6 додано виконавця ЗАПЛАНОВАНІ та додано дату виконання 16 січня 2025 р. користувачем [Сусло Тетяна].
[14-Jan-2025 11:05:09 Europe/Helsinki] NewDATA [INFO] Нова адреса вул. Гонча, буд. 76, кв. 85, тел. +38 (093) 622-43-81 додана до БД користувачем [Сусло Тетяна].
[14-Jan-2025 11:05:32 Europe/Helsinki] NewDATA [INFO] Нова заявка Повірка, адреса: вул. Гонча 76, кв. 85, лічильники: БЕЗ НОМЕРА - 2 шт., вартість: 600 грн., примітки: 8-13 додано до БД користувачем [Сусло Тетяна].
[2025-01-14T11:05:35.109] [INFO] DataBase - У заявці Повірка від 14 січня 2025 р. за адресою вул. Гонча, буд. 76, кв. 85 додано виконавця ЗАПЛАНОВАНІ та додано дату виконання 16 січня 2025 р. користувачем [Сусло Тетяна].
[14-Jan-2025 11:10:52 Europe/Helsinki] NewDATA [INFO] Нова адреса вул. Генерала Пухова, буд. 136, кв. 23, тел. +38 (099) 489-60-45 додана до БД користувачем [Сусло Тетяна].
[14-Jan-2025 11:11:26 Europe/Helsinki] NewDATA [INFO] Нова заявка Повірка, адреса: вул. Генерала Пухова 136, кв. 23, лічильники: БЕЗ НОМЕРА - 1 шт., вартість: 300 грн., примітки: 8-13, за 1 год, 1гв додано до БД користувачем [Сусло Тетяна].
[2025-01-14T11:11:33.681] [INFO] DataBase - У заявці Повірка від 14 січня 2025 р. за адресою вул. Генерала Пухова, буд. 136, кв. 23 додано виконавця ЗАПЛАНОВАНІ та додано дату виконання 17 січня 2025 р. користувачем [Сусло Тетяна].
[14-Jan-2025 11:13:29 Europe/Helsinki] EditDATA [INFO] Для заявки Повірка від 14.01.2025 користувачем [Сусло Тетяна] змінено виконавця з ЗАПЛАНОВАНІ на Шкуліпа.
[14-Jan-2025 11:13:40 Europe/Helsinki] EditDATA [INFO] Для заявки Повірка від 13.01.2025 користувачем [Сусло Тетяна] змінено виконавця з ЗАПЛАНОВАНІ на Шкуліпа.
[14-Jan-2025 11:13:49 Europe/Helsinki] EditDATA [INFO] Для заявки Повірка від 13.01.2025 користувачем [Сусло Тетяна] змінено виконавця з ЗАПЛАНОВАНІ на Шкуліпа.
[14-Jan-2025 11:13:58 Europe/Helsinki] EditDATA [INFO] Для заявки Повірка від 13.01.2025 користувачем [Сусло Тетяна] змінено виконавця з ЗАПЛАНОВАНІ на Шкуліпа.
[14-Jan-2025 11:14:08 Europe/Helsinki] EditDATA [INFO] Для заявки Повірка від 13.01.2025 користувачем [Сусло Тетяна] змінено виконавця з ЗАПЛАНОВАНІ на Шкуліпа.
[14-Jan-2025 11:14:18 Europe/Helsinki] EditDATA [INFO] Для заявки Повірка від 10.01.2025 користувачем [Сусло Тетяна] змінено виконавця з ЗАПЛАНОВАНІ на Шкуліпа.
[14-Jan-2025 11:14:31 Europe/Helsinki] EditDATA [INFO] Для заявки Повірка від 07.01.2025 користувачем [Сусло Тетяна] змінено виконавця з ЗАПЛАНОВАНІ на Шкуліпа.
[14-Jan-2025 11:22:30 Europe/Helsinki] EditDATA [INFO] За адресою просп. Миру 193, кв. 14 користувачем [Коваль Людмила] змінені номери телефонів з +38(098)406-93-84 на +38(063)186-14-78, при створенні нової заявки [Заміна] від 14.01.2025.
[14-Jan-2025 11:22:30 Europe/Helsinki] NewDATA [INFO] Нова заявка Заміна, адреса: просп. Миру 193, кв. 14, лічильники: БЕЗ НОМЕРА - 1 шт., вартість: 1060 грн., примітки: 8-13,хол.с/в додано до БД користувачем [Коваль Людмила].
[2025-01-14T11:22:38.391] [INFO] DataBase - У заявці Заміна від 14 січня 2025 р. за адресою просп. Миру, буд. 193, кв. 14 додано виконавця Баранов та додано дату виконання 16 січня 2025 р. користувачем [Коваль Людмила].
[14-Jan-2025 11:27:18 Europe/Helsinki] EditDATA [INFO] Для заявки Повірка від 14.01.2025 користувачем [Коваль Людмила] змінено виконавця з ЗАПЛАНОВАНІ на Осипенко.
[14-Jan-2025 11:27:30 Europe/Helsinki] EditDATA [INFO] Для заявки Повірка від 13.01.2025 користувачем [Коваль Людмила] змінено виконавця з ЗАПЛАНОВАНІ на Осипенко.
[14-Jan-2025 11:27:42 Europe/Helsinki] EditDATA [INFO] Для заявки Повірка від 10.01.2025 користувачем [Коваль Людмила] змінено виконавця з ЗАПЛАНОВАНІ на Осипенко.
[14-Jan-2025 11:27:52 Europe/Helsinki] EditDATA [INFO] Для заявки Повірка від 09.01.2025 користувачем [Коваль Людмила] змінено виконавця з ЗАПЛАНОВАНІ на Осипенко.
[14-Jan-2025 11:28:02 Europe/Helsinki] EditDATA [INFO] Для заявки Повірка від 09.01.2025 користувачем [Коваль Людмила] змінено виконавця з ЗАПЛАНОВАНІ на Осипенко.
[14-Jan-2025 11:28:13 Europe/Helsinki] EditDATA [INFO] Для заявки Повірка від 09.01.2025 користувачем [Коваль Людмила] змінено виконавця з ЗАПЛАНОВАНІ на Осипенко.
[14-Jan-2025 11:28:22 Europe/Helsinki] EditDATA [INFO] Для заявки Повірка від 09.01.2025 користувачем [Коваль Людмила] змінено виконавця з ЗАПЛАНОВАНІ на Осипенко.
[14-Jan-2025 11:28:31 Europe/Helsinki] EditDATA [INFO] Для заявки Повірка від 09.01.2025 користувачем [Коваль Людмила] змінено виконавця з ЗАПЛАНОВАНІ на Осипенко.
[14-Jan-2025 11:28:41 Europe/Helsinki] EditDATA [INFO] Для заявки Повірка від 07.01.2025 користувачем [Коваль Людмила] змінено виконавця з ЗАПЛАНОВАНІ на Осипенко.
[14-Jan-2025 11:28:50 Europe/Helsinki] EditDATA [INFO] Для заявки Повірка від 09.01.2025 користувачем [Коваль Людмила] змінено виконавця з ЗАПЛАНОВАНІ на Осипенко.
[14-Jan-2025 11:28:59 Europe/Helsinki] EditDATA [INFO] Для заявки Повірка від 06.01.2025 користувачем [Коваль Людмила] змінено виконавця з ЗАПЛАНОВАНІ на Осипенко.
[14-Jan-2025 11:54:52 Europe/Helsinki] NewDATA [INFO] Новий лічильник номер: 241466759, тип: СВК => DN 15, рік випуску: 2024, показники: 0, балансоутримувач: КП "ВДК" додано до БД користувачем [Сусло Тетяна].
[14-Jan-2025 11:54:56 Europe/Helsinki] EditDATA [INFO] В заявці Заміна від 10.01.2025 за адресою вул. Леонтовича Миколи, буд. 3, кв. 50 було видалено лічильники: 243984; додано лічильники: 241466759 користувачем [Сусло Тетяна].
[14-Jan-2025 11:55:07 Europe/Helsinki] DellTASK [INFO] Заміна від 10.01.2025 для адреси вул. Леонтовича Миколи, буд. 3, кв. 50 для лічильника 241466759 було завершено користувачем [Сусло Тетяна] з коментарем: виконано.
[14-Jan-2025 11:55:26 Europe/Helsinki] DellTASK [INFO] Заміна від 10.01.2025 для адреси просп. Миру, буд. 180, корп. А, кв. 46 для лічильника 191272088 було завершено користувачем [Сусло Тетяна] з коментарем: виконано.
[14-Jan-2025 11:55:49 Europe/Helsinki] DellTASK [INFO] Заміна від 10.01.2025 для адреси просп. Миру, буд. 255, кв. 4 для лічильника БЕЗ НОМЕРА - 1 шт. було завершено користувачем [Сусло Тетяна] з коментарем: виконано.
[14-Jan-2025 11:56:26 Europe/Helsinki] DellTASK [INFO] Заміна від 10.01.2025 для адреси вул. Генерала Пухова, буд. 142, кв. 108 для лічильника БЕЗ НОМЕРА - 1 шт. було завершено користувачем [Сусло Тетяна] з коментарем: виконано.
[14-Jan-2025 11:57:13 Europe/Helsinki] NewDATA [INFO] Новий лічильник номер: 241466900, тип: СВК => DN 15, рік випуску: 2024, показники: 0, балансоутримувач: КП "ВДК" додано до БД користувачем [Сусло Тетяна].
[14-Jan-2025 11:57:16 Europe/Helsinki] EditDATA [INFO] В заявці Заміна від 10.01.2025 за адресою вул. Малиновського, буд. 39, кв. 36 було видалено лічильники: 695358; додано лічильники: 241466900 користувачем [Сусло Тетяна].
[14-Jan-2025 11:57:25 Europe/Helsinki] DellTASK [INFO] Заміна від 10.01.2025 для адреси вул. Малиновського, буд. 39, кв. 36 для лічильника 241466900 було завершено користувачем [Сусло Тетяна] з коментарем: виконано.
[14-Jan-2025 13:01:38 Europe/Helsinki] NewDATA [INFO] Нова адреса вул. Генерала Пухова, буд. 138, кв. 52, тел. +38 (050) 351-80-21 додана до БД користувачем [Сусло Тетяна].
[14-Jan-2025 13:01:57 Europe/Helsinki] NewDATA [INFO] Нова заявка Повірка, адреса: вул. Генерала Пухова 138, кв. 52, лічильники: БЕЗ НОМЕРА - 2 шт., вартість: 600 грн., примітки: 11-14 додано до БД користувачем [Сусло Тетяна].
[2025-01-14T13:02:00.430] [INFO] DataBase - У заявці Повірка від 14 січня 2025 р. за адресою вул. Генерала Пухова, буд. 138, кв. 52 додано виконавця Сірий та додано дату виконання 15 січня 2025 р. користувачем [Сусло Тетяна].
[14-Jan-2025 13:02:52 Europe/Helsinki] EditDATA [INFO] Для заявки Повірка від 14.01.2025 користувачем [Сусло Тетяна] змінено примітки з 11-14 на 11-14, за 30хв.
[14-Jan-2025 13:03:45 Europe/Helsinki] EditDATA [INFO] За адресою просп. Перемоги 18, кв. 73 користувачем [Сусло Тетяна] змінені номери телефонів з +38(063)609-06-40 на +38(073)074-10-84, при створенні нової заявки [Повірка] від 14.01.2025.
[14-Jan-2025 13:03:45 Europe/Helsinki] NewDATA [INFO] Нова заявка Повірка, адреса: просп. Перемоги 18, кв. 73, лічильники: БЕЗ НОМЕРА - 1 шт., вартість: 300 грн., примітки: 8-11, 1гв додано до БД користувачем [Сусло Тетяна].
[2025-01-14T13:03:48.360] [INFO] DataBase - У заявці Повірка від 14 січня 2025 р. за адресою просп. Перемоги, буд. 18, кв. 73 додано виконавця ЗАПЛАНОВАНІ та додано дату виконання 16 січня 2025 р. користувачем [Сусло Тетяна].
[14-Jan-2025 13:27:23 Europe/Helsinki] NewDATA [INFO] Нова адреса просп. Миру, буд. 12, кв. 101, тел. +38 (093) 316-39-33 додана до БД користувачем [Коваль Людмила].
[14-Jan-2025 13:27:51 Europe/Helsinki] NewDATA [INFO] Нова заявка Повірка, адреса: просп. Миру 12, кв. 101, лічильники: БЕЗ НОМЕРА - 1 шт., вартість: 300 грн., примітки: 13-17,пер.за час додано до БД користувачем [Коваль Людмила].
[2025-01-14T13:27:55.816] [INFO] DataBase - У заявці Повірка від 14 січня 2025 р. за адресою просп. Миру, буд. 12, кв. 101 додано виконавця ЗАПЛАНОВАНІ та додано дату виконання 22 січня 2025 р. користувачем [Коваль Людмила].
[14-Jan-2025 14:29:08 Europe/Helsinki] EditDATA [INFO] За адресою вул. Любецька 5, кв. 35 користувачем [Коваль Людмила] змінені номери телефонів з +38(093)505-97-63, +38(098)744-98-24 на +38(063)725-67-29, при створенні нової заявки [Повірка] від 14.01.2025.
[14-Jan-2025 14:29:08 Europe/Helsinki] NewDATA [INFO] Нова заявка Повірка, адреса: вул. Любецька 5, кв. 35, лічильники: БЕЗ НОМЕРА - 2 шт., вартість: 600 грн., примітки: 13-17 додано до БД користувачем [Коваль Людмила].
[2025-01-14T14:29:17.309] [INFO] DataBase - У заявці Повірка від 14 січня 2025 р. за адресою вул. Любецька, буд. 5, кв. 35 додано виконавця ЗАПЛАНОВАНІ та додано дату виконання 17 січня 2025 р. користувачем [Коваль Людмила].
[14-Jan-2025 14:31:07 Europe/Helsinki] EditDATA [INFO] За адресою вул. Савчука 3, кв. 238 користувачем [Коваль Людмила] змінені номери телефонів з +38(067)719-21-31, +38(0462)63-57-72 на +38(063)366-87-59, при створенні нової заявки [Повірка] від 14.01.2025.
[14-Jan-2025 14:31:07 Europe/Helsinki] NewDATA [INFO] Нова заявка Повірка, адреса: вул. Савчука 3, кв. 238, лічильники: БЕЗ НОМЕРА - 2 шт., вартість: 600 грн., примітки: 8-10 додано до БД користувачем [Коваль Людмила].
[2025-01-14T14:31:18.115] [INFO] DataBase - У заявці Повірка від 14 січня 2025 р. за адресою вул. Савчука, буд. 3, кв. 238 додано виконавця ЗАПЛАНОВАНІ та додано дату виконання 24 січня 2025 р. користувачем [Коваль Людмила].
[14-Jan-2025 14:36:14 Europe/Helsinki] NewDATA [INFO] Нова адреса вул. Космонавтів, буд. 3, корп. А, кв. 62, тел. +38 (063) 114-88-27 додана до БД користувачем [Коваль Людмила].
[14-Jan-2025 14:37:06 Europe/Helsinki] NewDATA [INFO] Нова заявка Повірка, адреса: вул. Космонавтів 3 корпус А, кв. 62, лічильники: БЕЗ НОМЕРА - 4 шт., вартість: 1200 грн., примітки: 13-17,пер.за час додано до БД користувачем [Коваль Людмила].
[2025-01-14T14:37:17.880] [INFO] DataBase - У заявці Повірка від 14 січня 2025 р. за адресою вул. Космонавтів, буд. 3, корп. А, кв. 62 додано виконавця ЗАПЛАНОВАНІ та додано дату виконання 15 січня 2025 р. користувачем [Коваль Людмила].
[14-Jan-2025 14:37:27 Europe/Helsinki] EditDATA [INFO] Для заявки Повірка від 14.01.2025 користувачем [Коваль Людмила] змінено виконавця з ЗАПЛАНОВАНІ на Сірий.
[14-Jan-2025 14:40:54 Europe/Helsinki] EditDATA [INFO] За адресою вул. Доценка 28, кв. 286 користувачем [Коваль Людмила] змінені номери телефонів з +38(066)348-19-03 на +38(099)207-57-68, при створенні нової заявки [Повірка] від 14.01.2025.
[14-Jan-2025 14:40:54 Europe/Helsinki] NewDATA [INFO] Нова заявка Повірка, адреса: вул. Доценка 28, кв. 286, лічильники: БЕЗ НОМЕРА - 2 шт., вартість: 600 грн., примітки: 13-17,пер.за 30 хв. додано до БД користувачем [Коваль Людмила].
[2025-01-14T14:41:03.900] [INFO] DataBase - У заявці Повірка від 14 січня 2025 р. за адресою вул. Доценка, буд. 28, кв. 286 додано виконавця Сірий та додано дату виконання 15 січня 2025 р. користувачем [Коваль Людмила].
[14-Jan-2025 14:46:32 Europe/Helsinki] NewDATA [INFO] Нова адреса просп. Перемоги, буд. 12, кв. 36, тел. +38 (098) 981-76-95 додана до БД користувачем [Сусло Тетяна].
[14-Jan-2025 14:48:13 Europe/Helsinki] NewDATA [INFO] Нова адреса вул. Ушинського, буд. 6, корп. А, кв. 111, тел. +38 (095) 181-15-03 додана до БД користувачем [Коваль Людмила].
[14-Jan-2025 14:49:03 Europe/Helsinki] NewDATA [INFO] Нова заявка Заміна, адреса: вул. Ушинського 6 корпус А, кв. 111, лічильники: БЕЗ НОМЕРА - 1 шт., вартість: 1060 грн., примітки: 8-13,гор.с/в додано до БД користувачем [Коваль Людмила].
[2025-01-14T14:49:28.766] [INFO] DataBase - У заявці Заміна від 14 січня 2025 р. за адресою вул. Ушинського, буд. 6, корп. А, кв. 111 додано виконавця Баранов та додано дату виконання 17 січня 2025 р. користувачем [Коваль Людмила].
[14-Jan-2025 14:50:24 Europe/Helsinki] NewDATA [INFO] Нова заявка Повірка, адреса: просп. Перемоги 12, кв. 36, лічильники: БЕЗ НОМЕРА - 1 шт., вартість: 300 грн., примітки: 8-13 додано до БД користувачем [Сусло Тетяна].
[2025-01-14T14:50:27.576] [INFO] DataBase - У заявці Повірка від 14 січня 2025 р. за адресою просп. Перемоги, буд. 12, кв. 36 додано виконавця ЗАПЛАНОВАНІ та додано дату виконання 21 січня 2025 р. користувачем [Сусло Тетяна].
[14-Jan-2025 15:03:54 Europe/Helsinki] NewDATA [INFO] Нова заявка Заміна, адреса: вул. Гонча 54, кв. 53, лічильники: БЕЗ НОМЕРА - 2 шт., вартість: 2120 грн., примітки: 13-17, за 30 хв, 1хв, 1гв, туалет додано до БД користувачем [Сусло Тетяна].
[2025-01-14T15:03:58.248] [INFO] DataBase - У заявці Заміна від 14 січня 2025 р. за адресою вул. Гонча, буд. 54, кв. 53 додано виконавця Баранов та додано дату виконання 17 січня 2025 р. користувачем [Сусло Тетяна].
[14-Jan-2025 15:35:46 Europe/Helsinki] NewDATA [INFO] Нова адреса вул. Красносільського, буд. 83, кв. 110, тел. +38 (093) 624-33-07 додана до БД користувачем [Сусло Тетяна].
[14-Jan-2025 15:36:15 Europe/Helsinki] NewDATA [INFO] Нова заявка Повірка, адреса: вул. Красносільського 83, кв. 110, лічильники: БЕЗ НОМЕРА - 2 шт., вартість: 600 грн., примітки: 12-15, за 30 хв ,договорений додано до БД користувачем [Сусло Тетяна].
[2025-01-14T15:36:19.583] [INFO] DataBase - У заявці Повірка від 14 січня 2025 р. за адресою вул. Красносільського, буд. 83, кв. 110 додано виконавця Шкуліпа та додано дату виконання 15 січня 2025 р. користувачем [Сусло Тетяна].
[14-Jan-2025 15:37:51 Europe/Helsinki] NewDATA [INFO] Нова адреса вул. Красносільського, буд. 79, кв. 82, тел. +38 (067) 940-49-06 додана до БД користувачем [Сусло Тетяна].
[14-Jan-2025 15:38:18 Europe/Helsinki] NewDATA [INFO] Нова заявка Повірка, адреса: вул. Красносільського 79, кв. 82, лічильники: БЕЗ НОМЕРА - 2 шт., вартість: 600 грн., примітки: 8-13, за 30 хв, договорений додано до БД користувачем [Сусло Тетяна].
[2025-01-14T15:38:21.912] [INFO] DataBase - У заявці Повірка від 14 січня 2025 р. за адресою вул. Красносільського, буд. 79, кв. 82 додано виконавця ЗАПЛАНОВАНІ та додано дату виконання 17 січня 2025 р. користувачем [Сусло Тетяна].
[14-Jan-2025 15:46:58 Europe/Helsinki] DellTASK [INFO] Повірка від 13.01.2025 для адреси вул. Самострова, буд. 22, кв. 105 для лічильника БЕЗ НОМЕРА - 4 шт. було завершено користувачем [Коваль Людмила] з коментарем: виконано.
[14-Jan-2025 15:47:13 Europe/Helsinki] DellTASK [INFO] Повірка від 08.01.2025 для адреси вул. Самоквасова Дмитра, буд. 5, кв. 30 для лічильника БЕЗ НОМЕРА - 2 шт. було завершено користувачем [Коваль Людмила] з коментарем: виконано.
[14-Jan-2025 15:50:10 Europe/Helsinki] NewDATA [INFO] Нова адреса вул. 1-ої танкової бригади, буд. 25, кв. 53, тел. +38 (063) 216-39-16 додана до БД користувачем [Сусло Тетяна].
[14-Jan-2025 15:51:26 Europe/Helsinki] NewDATA [INFO] Нова заявка Повірка, адреса: вул. 1-ої танкової бригади 25, кв. 53, лічильники: БЕЗ НОМЕРА - 4 шт., вартість: 1200 грн., примітки: 9-13, за 1 год, під'їдуть, договорений, уточнить за воду хол. додано до БД користувачем [Сусло Тетяна].
[2025-01-14T15:51:29.697] [INFO] DataBase - У заявці Повірка від 14 січня 2025 р. за адресою вул. 1-ої танкової бригади, буд. 25, кв. 53 додано виконавця Сірий та додано дату виконання 15 січня 2025 р. користувачем [Сусло Тетяна].
[14-Jan-2025 15:59:11 Europe/Helsinki] DellTASK [INFO] Повірка від 03.01.2025 для адреси просп. Миру, буд. 271, кв. 84 для лічильника БЕЗ НОМЕРА - 2 шт. було завершено користувачем [Коваль Людмила] з коментарем: виконано.
[14-Jan-2025 15:59:24 Europe/Helsinki] DellTASK [INFO] Повірка від 02.01.2025 для адреси просп. Миру, буд. 271, корп. А, кв. 153 для лічильника БЕЗ НОМЕРА - 2 шт. було завершено користувачем [Коваль Людмила] з коментарем: виконано.
[14-Jan-2025 15:59:34 Europe/Helsinki] DellTASK [INFO] Повірка від 30.12.2024 для адреси просп. Миру, буд. 263, кв. 110 для лічильника БЕЗ НОМЕРА - 4 шт. було завершено користувачем [Коваль Людмила] з коментарем: виконано.
[14-Jan-2025 15:59:46 Europe/Helsinki] DellTASK [INFO] Повірка від 30.12.2024 для адреси просп. Миру, буд. 263, кв. 206 для лічильника БЕЗ НОМЕРА - 2 шт. було завершено користувачем [Коваль Людмила] з коментарем: виконано.
[14-Jan-2025 16:00:54 Europe/Helsinki] DellTASK [INFO] Повірка від 13.01.2025 для адреси просп. Перемоги, буд. 63, кв. 75 для лічильника БЕЗ НОМЕРА - 4 шт. було завершено користувачем [Коваль Людмила] з коментарем: виконано.
[14-Jan-2025 16:01:08 Europe/Helsinki] DellTASK [INFO] Повірка від 09.01.2025 для адреси просп. Перемоги, буд. 18, кв. 35 для лічильника БЕЗ НОМЕРА - 2 шт. було завершено користувачем [Коваль Людмила] з коментарем: виконано.
[14-Jan-2025 16:01:21 Europe/Helsinki] DellTASK [INFO] Повірка від 06.01.2025 для адреси вул. Толстого, буд. 125, корп. А, кв. 59 для лічильника БЕЗ НОМЕРА - 1 шт. було завершено користувачем [Коваль Людмила] з коментарем: виконано.
[14-Jan-2025 16:07:18 Europe/Helsinki] NewDATA [INFO] Новий лічильник номер: 231843, тип: КВ-1,5 => DN 15, рік випуску: 2003, показники: 0, балансоутримувач: КП "ВДК" додано до БД користувачем [Коваль Людмила].
[14-Jan-2025 16:07:40 Europe/Helsinki] NewDATA [INFO] Новий лічильник номер: 530590, тип: КВ-1,5 => DN 15, рік випуску: 2002, показники: 0, балансоутримувач: КП "ТКЕ" додано до БД користувачем [Коваль Людмила].
[14-Jan-2025 16:07:42 Europe/Helsinki] EditDATA [INFO] За адресою просп. Перемоги, буд. 18, кв. 35 користувачем [Коваль Людмила] було додано лічильники: 231843, 530590].
[14-Jan-2025 16:08:20 Europe/Helsinki] NewDATA [INFO] Новий лічильник номер: 006775, тип: КВ-1,5 => DN 15, рік випуску: 2017, показники: 0, балансоутримувач: КП "ВДК" додано до БД користувачем [Коваль Людмила].
[14-Jan-2025 16:14:43 Europe/Helsinki] EditDATA [INFO] За адресою просп. Грушевського Михайла 175, кв. 5 користувачем [Коваль Людмила] змінені номери телефонів з +38(066)982-82-35, +38(073)185-76-28 на +38(073)185-76-28, при створенні нової заявки [Повірка] від 14.01.2025.
[14-Jan-2025 16:14:43 Europe/Helsinki] NewDATA [INFO] Нова заявка Повірка, адреса: просп. Грушевського Михайла 175, кв. 5, лічильники: БЕЗ НОМЕРА - 2 шт., вартість: 600 грн., примітки: 9-14,пер.за 30 хв. додано до БД користувачем [Коваль Людмила].
[2025-01-14T16:14:48.225] [INFO] DataBase - У заявці Повірка від 14 січня 2025 р. за адресою просп. Грушевського Михайла, буд. 175, кв. 5 додано виконавця Сірий та додано дату виконання 15 січня 2025 р. користувачем [Коваль Людмила].
[14-Jan-2025 16:27:01 Europe/Helsinki] DellTASK [INFO] Заміна від 07.01.2025 для адреси вул. Нафтовиків, буд. 7, кв. 2 для лічильника БЕЗ НОМЕРА - 1 шт. було відмінено користувачем [Сусло Тетяна] з коментарем: самі подзвонить.

