[07-Aug-2025 10:19:46 Europe/Helsinki] NewDATA [INFO] Нова адреса вул. Доценка, буд. 3, корп. А, кв. 14, тел. +38 (067) 317-28-14 додана до БД користувачем [Коваль Людмила].
[07-Aug-2025 10:20:34 Europe/Helsinki] NewDATA [INFO] Нова заявка Повірка, адреса: вул. Доценка 3 корпус А, кв. 14, лічильники: БЕЗ НОМЕРА - 2 шт., вартість: 700 грн., примітки: 8-13,код 38,пер.за 30 хв. додано до БД користувачем [Коваль Людмила].
[2025-08-07T10:20:37.790] [INFO] DataBase - У заявці Повірка від 7 серпня 2025 р. за адресою вул. Доценка, буд. 3, корп. А, кв. 14 додано виконавця ЗАПЛАНОВАНІ та додано дату виконання 8 серпня 2025 р. користувачем [Коваль Людмила].
[07-Aug-2025 10:36:15 Europe/Helsinki] DellTASK [INFO] Повірка від 14.07.2025 для адреси вул. Незалежності, буд. 16, кв. 35 для лічильника БЕЗ НОМЕРА - 2 шт. було відмінено користувачем [Коваль Людмила] з коментарем: відмова абонентом.
[07-Aug-2025 10:45:57 Europe/Helsinki] DellTASK [INFO] Повірка від 30.07.2025 для адреси вул. Богуна Івана, буд. 46, корп. А, кв. 29 для лічильника БЕЗ НОМЕРА - 1 шт. було завершено користувачем [Коваль Людмила] з коментарем: виконано.
[07-Aug-2025 10:46:12 Europe/Helsinki] DellTASK [INFO] Повірка від 05.08.2025 для адреси просп. Миру, буд. 52, кв. 33 для лічильника БЕЗ НОМЕРА - 2 шт. було завершено користувачем [Коваль Людмила] з коментарем: виконано.
[07-Aug-2025 10:46:25 Europe/Helsinki] DellTASK [INFO] Повірка від 04.08.2025 для адреси просп. Миру, буд. 143, корп. А, кв. 25 для лічильника БЕЗ НОМЕРА - 4 шт. було завершено користувачем [Коваль Людмила] з коментарем: виконано.
[07-Aug-2025 10:46:36 Europe/Helsinki] DellTASK [INFO] Повірка від 01.08.2025 для адреси вул. Мазепи Івана, буд. 27, кв. 50 для лічильника БЕЗ НОМЕРА - 2 шт. було завершено користувачем [Коваль Людмила] з коментарем: виконано.
[07-Aug-2025 10:46:48 Europe/Helsinki] DellTASK [INFO] Повірка від 31.07.2025 для адреси вул. Самоквасова Дмитра, буд. 10, кв. 44 для лічильника БЕЗ НОМЕРА - 4 шт. було завершено користувачем [Коваль Людмила] з коментарем: виконано.
[07-Aug-2025 10:47:04 Europe/Helsinki] DellTASK [INFO] Повірка від 06.08.2025 для адреси вул. Освіти, буд. 10, кв. 39 для лічильника БЕЗ НОМЕРА - 2 шт. було завершено користувачем [Коваль Людмила] з коментарем: виконано.
[07-Aug-2025 10:47:17 Europe/Helsinki] DellTASK [INFO] Повірка від 04.08.2025 для адреси вул. Захисників України, буд. 10, корп. А, кв. 64 для лічильника БЕЗ НОМЕРА - 2 шт. було завершено користувачем [Коваль Людмила] з коментарем: виконано.
[07-Aug-2025 10:47:39 Europe/Helsinki] DellTASK [INFO] Повірка від 04.08.2025 для адреси вул. Космонавтів, буд. 18, кв. 94 для лічильника БЕЗ НОМЕРА - 1 шт. було завершено користувачем [Коваль Людмила] з коментарем: виконано.
[07-Aug-2025 10:47:53 Europe/Helsinki] DellTASK [INFO] Повірка від 04.08.2025 для адреси просп. Левка Лукяненка, буд. 54, корп. А, кв. 6 для лічильника БЕЗ НОМЕРА - 2 шт. було завершено користувачем [Коваль Людмила] з коментарем: виконано.
[07-Aug-2025 10:48:07 Europe/Helsinki] DellTASK [INFO] Повірка від 04.08.2025 для адреси просп. Грушевського Михайла, буд. 163, кв. 50 для лічильника БЕЗ НОМЕРА - 2 шт. було завершено користувачем [Коваль Людмила] з коментарем: виконано.
[07-Aug-2025 10:48:20 Europe/Helsinki] DellTASK [INFO] Повірка від 01.08.2025 для адреси просп. Левка Лукяненка, буд. 56, кв. 11 для лічильника БЕЗ НОМЕРА - 1 шт. було завершено користувачем [Коваль Людмила] з коментарем: виконано.
[07-Aug-2025 10:48:33 Europe/Helsinki] DellTASK [INFO] Повірка від 01.08.2025 для адреси вул. 1-ої танкової бригади, буд. 12, кв. 20 для лічильника БЕЗ НОМЕРА - 2 шт. було завершено користувачем [Коваль Людмила] з коментарем: виконано.
[07-Aug-2025 10:48:45 Europe/Helsinki] DellTASK [INFO] Повірка від 29.07.2025 для адреси просп. Перемоги, буд. 17, кв. 53 для лічильника БЕЗ НОМЕРА - 2 шт. було завершено користувачем [Коваль Людмила] з коментарем: виконано.
[07-Aug-2025 10:48:58 Europe/Helsinki] DellTASK [INFO] Повірка від 17.07.2025 для адреси вул. Захисників України, буд. 10, корп. А, кв. 37 для лічильника БЕЗ НОМЕРА - 2 шт. було завершено користувачем [Коваль Людмила] з коментарем: виконано.
[07-Aug-2025 10:54:35 Europe/Helsinki] EditDATA [INFO] За адресою вул. Самоквасова Дмитра 15, кв. 128 користувачем [Сусло Тетяна] змінені номери телефонів з +38(050)741-22-30 на +38(096)952-94-23, при створенні нової заявки [Повірка] від 07.08.2025.
[07-Aug-2025 10:54:35 Europe/Helsinki] NewDATA [INFO] Нова заявка Повірка, адреса: вул. Самоквасова Дмитра 15, кв. 128, лічильники: БЕЗ НОМЕРА - 2 шт., вартість: 700 грн., примітки: 8-13, дом. не працює додано до БД користувачем [Сусло Тетяна].
[2025-08-07T10:54:39.062] [INFO] DataBase - У заявці Повірка від 7 серпня 2025 р. за адресою вул. Самоквасова Дмитра, буд. 15, кв. 128 додано виконавця ЗАПЛАНОВАНІ та додано дату виконання 11 серпня 2025 р. користувачем [Сусло Тетяна].
[07-Aug-2025 10:55:22 Europe/Helsinki] NewDATA [INFO] Нова адреса вул. Красносільського, буд. 43, кв. 109, тел. +38 (095) 542-30-69 додана до БД користувачем [Сусло Тетяна].
[07-Aug-2025 10:55:43 Europe/Helsinki] NewDATA [INFO] Нова заявка Повірка, адреса: вул. Красносільського 43, кв. 109, лічильники: БЕЗ НОМЕРА - 1 шт., вартість: 350 грн., примітки: 8-13, подовж додано до БД користувачем [Сусло Тетяна].
[2025-08-07T10:55:45.945] [INFO] DataBase - У заявці Повірка від 7 серпня 2025 р. за адресою вул. Красносільського, буд. 43, кв. 109 додано виконавця ЗАПЛАНОВАНІ та додано дату виконання 15 серпня 2025 р. користувачем [Сусло Тетяна].
[07-Aug-2025 10:56:10 Europe/Helsinki] NewDATA [INFO] Нова адреса вул. Красносільського, буд. 43, кв. 113, тел. +38 (095) 542-30-69 додана до БД користувачем [Сусло Тетяна].
[07-Aug-2025 10:56:29 Europe/Helsinki] NewDATA [INFO] Нова заявка Повірка, адреса: вул. Красносільського 43, кв. 113, лічильники: БЕЗ НОМЕРА - 1 шт., вартість: 350 грн., примітки: 8-13, подовж додано до БД користувачем [Сусло Тетяна].
[2025-08-07T10:56:33.302] [INFO] DataBase - У заявці Повірка від 7 серпня 2025 р. за адресою вул. Красносільського, буд. 43, кв. 113 додано виконавця ЗАПЛАНОВАНІ та додано дату виконання 15 серпня 2025 р. користувачем [Сусло Тетяна].
[07-Aug-2025 11:00:49 Europe/Helsinki] NewDATA [INFO] Нова адреса вул. Любецька, буд. 44, корп. В, кв. 23, тел. +38 (068) 102-33-70 додана до БД користувачем [Сусло Тетяна].
[07-Aug-2025 11:01:06 Europe/Helsinki] NewDATA [INFO] Нова заявка Повірка, адреса: вул. Любецька 44 корпус В, кв. 23, лічильники: БЕЗ НОМЕРА - 1 шт., вартість: 350 грн., примітки: 8-13, хв додано до БД користувачем [Сусло Тетяна].
[2025-08-07T11:01:09.756] [INFO] DataBase - У заявці Повірка від 7 серпня 2025 р. за адресою вул. Любецька, буд. 44, корп. В, кв. 23 додано виконавця ЗАПЛАНОВАНІ та додано дату виконання 25 серпня 2025 р. користувачем [Сусло Тетяна].
[07-Aug-2025 12:59:40 Europe/Helsinki] NewDATA [INFO] Новий лічильник номер: 653981, тип: КВ-1,5 => DN 15, рік випуску: 2004, показники: 0, балансоутримувач: КП "ВДК" додано до БД користувачем [Коваль Людмила].
[07-Aug-2025 12:59:41 Europe/Helsinki] EditDATA [INFO] За адресою вул. Богуна Івана, буд. 46, корп. А, кв. 29 користувачем [Коваль Людмила] було додано лічильники: 653981].
[07-Aug-2025 13:00:32 Europe/Helsinki] NewDATA [INFO] Новий лічильник номер: 211384934, тип: СВК => DN 15, рік випуску: 2021, показники: 0, балансоутримувач: КП "ВДК" додано до БД користувачем [Коваль Людмила].
[07-Aug-2025 13:00:49 Europe/Helsinki] EditDATA [INFO] За адресою просп. Миру, буд. 52, кв. 33 користувачем [Коваль Людмила] було додано лічильники: 211384934].
[07-Aug-2025 13:00:57 Europe/Helsinki] EditDATA [INFO] Для лічильника 211384934 користувачем [Коваль Людмила] змінено температуру з Холодний на Гарячий.
[07-Aug-2025 13:01:06 Europe/Helsinki] EditDATA [INFO] Для лічильника 211384934 користувачем [Коваль Людмила] змінено балансоутримувача з КП "ВДК" на КП "ТКЕ".
[07-Aug-2025 13:01:47 Europe/Helsinki] NewDATA [INFO] Новий лічильник номер: 210099863, тип: GSD8 => DN 15, рік випуску: 2021, показники: 0, балансоутримувач: КП "ТКЕ" додано до БД користувачем [Коваль Людмила].
[07-Aug-2025 13:01:49 Europe/Helsinki] EditDATA [INFO] За адресою просп. Миру, буд. 52, кв. 33 користувачем [Коваль Людмила] було додано лічильники: 210099863].
[07-Aug-2025 13:02:43 Europe/Helsinki] NewDATA [INFO] Новий лічильник номер: 298181, тип: КВ-1,5 => DN 15, рік випуску: 2009, показники: 0, балансоутримувач: КП "ВДК" додано до БД користувачем [Коваль Людмила].
[07-Aug-2025 13:03:06 Europe/Helsinki] NewDATA [INFO] Новий лічильник номер: 278701, тип: КВ-1,5 => DN 15, рік випуску: 2009, показники: 0, балансоутримувач: КП "ТКЕ" додано до БД користувачем [Коваль Людмила].
[07-Aug-2025 13:03:26 Europe/Helsinki] NewDATA [INFO] Новий лічильник номер: 280146, тип: КВ-1,5 => DN 15, рік випуску: 2009, показники: 0, балансоутримувач: КП "ВДК" додано до БД користувачем [Коваль Людмила].
[07-Aug-2025 13:03:47 Europe/Helsinki] NewDATA [INFO] Новий лічильник номер: 298360, тип: КВ-1,5 => DN 15, рік випуску: 2009, показники: 0, балансоутримувач: КП "ТКЕ" додано до БД користувачем [Коваль Людмила].
[07-Aug-2025 13:03:50 Europe/Helsinki] EditDATA [INFO] За адресою вул. Самоквасова Дмитра, буд. 10, кв. 44 користувачем [Коваль Людмила] було додано лічильники: 298181, 278701, 280146, 298360].
[07-Aug-2025 13:04:39 Europe/Helsinki] NewDATA [INFO] Новий лічильник номер: 03841189, тип: ETK-AM => DN 15, рік випуску: 2003, показники: 0, балансоутримувач: КП "ВДК" додано до БД користувачем [Коваль Людмила].
[07-Aug-2025 13:05:13 Europe/Helsinki] NewDATA [INFO] Новий лічильник номер: 03832749, тип: ETK-AM => DN 15, рік випуску: 2003, показники: 0, балансоутримувач: КП "ТКЕ" додано до БД користувачем [Коваль Людмила].
[07-Aug-2025 13:05:15 Europe/Helsinki] EditDATA [INFO] За адресою вул. Мазепи Івана, буд. 27, кв. 50 користувачем [Коваль Людмила] було додано лічильники: 03841189, 03832749].
[07-Aug-2025 13:05:51 Europe/Helsinki] NewDATA [INFO] Новий лічильник номер: 611967, тип: КВ-1,5 => DN 15, рік випуску: 2003, показники: 0, балансоутримувач: КП "ВДК" додано до БД користувачем [Коваль Людмила].
[07-Aug-2025 13:06:14 Europe/Helsinki] NewDATA [INFO] Новий лічильник номер: 195719, тип: КВ-1,5 => DN 15, рік випуску: 2004, показники: 0, балансоутримувач: АТ "ОТКЕ" додано до БД користувачем [Коваль Людмила].
[07-Aug-2025 13:06:35 Europe/Helsinki] NewDATA [INFO] Новий лічильник номер: 405625, тип: КВ-1,5 => DN 15, рік випуску: 2004, показники: 0, балансоутримувач: АТ "ОТКЕ" додано до БД користувачем [Коваль Людмила].
[07-Aug-2025 13:06:38 Europe/Helsinki] EditDATA [INFO] За адресою просп. Миру, буд. 143, корп. А, кв. 25 користувачем [Коваль Людмила] було додано лічильники: 611967, 195719, 405625].
[07-Aug-2025 13:07:12 Europe/Helsinki] NewDATA [INFO] Новий лічильник номер: 031410, тип: КВ-1,5 => DN 15, рік випуску: 2001, показники: 0, балансоутримувач: КП "ВДК" додано до БД користувачем [Коваль Людмила].
[07-Aug-2025 13:07:14 Europe/Helsinki] EditDATA [INFO] За адресою просп. Перемоги, буд. 17, кв. 53 користувачем [Коваль Людмила] було додано лічильники: 031410].
[07-Aug-2025 13:07:47 Europe/Helsinki] NewDATA [INFO] Новий лічильник номер: 742623, тип: КВ-1,5 => DN 15, рік випуску: 2003, показники: 0, балансоутримувач: КП "ВДК" додано до БД користувачем [Коваль Людмила].
[07-Aug-2025 13:08:10 Europe/Helsinki] NewDATA [INFO] Новий лічильник номер: 733192, тип: КВ-1,5 => DN 15, рік випуску: 2003, показники: 0, балансоутримувач: АТ "ОТКЕ" додано до БД користувачем [Коваль Людмила].
[07-Aug-2025 13:08:12 Europe/Helsinki] EditDATA [INFO] За адресою вул. Захисників України, буд. 10, корп. А, кв. 37 користувачем [Коваль Людмила] було додано лічильники: 742623, 733192].
[07-Aug-2025 13:08:57 Europe/Helsinki] NewDATA [INFO] Новий лічильник номер: 638311, тип: КВ-1,5 => DN 15, рік випуску: 2004, показники: 0, балансоутримувач: КП "ВДК" додано до БД користувачем [Коваль Людмила].
[07-Aug-2025 13:09:20 Europe/Helsinki] NewDATA [INFO] Новий лічильник номер: 635812, тип: КВ-1,5 => DN 15, рік випуску: 2004, показники: 0, балансоутримувач: АТ "ОТКЕ" додано до БД користувачем [Коваль Людмила].
[07-Aug-2025 13:09:23 Europe/Helsinki] EditDATA [INFO] За адресою вул. Захисників України, буд. 10, корп. А, кв. 64 користувачем [Коваль Людмила] було додано лічильники: 638311, 635812].
[07-Aug-2025 13:09:59 Europe/Helsinki] NewDATA [INFO] Новий лічильник номер: 032918, тип: КВ-1,5 => DN 15, рік випуску: 2008, показники: 0, балансоутримувач: КП "ВДК" додано до БД користувачем [Коваль Людмила].
[07-Aug-2025 13:10:24 Europe/Helsinki] NewDATA [INFO] Новий лічильник номер: 397882, тип: КВ-1,5 => DN 15, рік випуску: 2007, показники: 0, балансоутримувач: АТ "ОТКЕ" додано до БД користувачем [Коваль Людмила].
[07-Aug-2025 13:10:26 Europe/Helsinki] EditDATA [INFO] За адресою вул. Освіти, буд. 10, кв. 39 користувачем [Коваль Людмила] було додано лічильники: 032918, 397882].
[07-Aug-2025 13:21:26 Europe/Helsinki] NewDATA [INFO] Новий лічильник номер: 077620, тип: КВ-1,5 => DN 15, рік випуску: 2002, показники: 0, балансоутримувач: АТ "ОТКЕ" додано до БД користувачем [Коваль Людмила].
[07-Aug-2025 13:21:28 Europe/Helsinki] EditDATA [INFO] За адресою вул. Космонавтів, буд. 18, кв. 94 користувачем [Коваль Людмила] було додано лічильники: 077620].
[07-Aug-2025 13:22:20 Europe/Helsinki] NewDATA [INFO] Новий лічильник номер: 218708, тип: КВ-1,5 => DN 15, рік випуску: 2010, показники: 0, балансоутримувач: КП "ВДК" додано до БД користувачем [Коваль Людмила].
[07-Aug-2025 13:22:43 Europe/Helsinki] NewDATA [INFO] Новий лічильник номер: 221221, тип: КВ-1,5 => DN 15, рік випуску: 2010, показники: 0, балансоутримувач: АТ "ОТКЕ" додано до БД користувачем [Коваль Людмила].
[07-Aug-2025 13:22:44 Europe/Helsinki] EditDATA [INFO] За адресою просп. Левка Лукяненка, буд. 54, корп. А, кв. 6 користувачем [Коваль Людмила] було додано лічильники: 218708, 221221].
[07-Aug-2025 13:23:25 Europe/Helsinki] NewDATA [INFO] Новий лічильник номер: 181919, тип: КВ-1,5 => DN 15, рік випуску: 2017, показники: 0, балансоутримувач: КП "ВДК" додано до БД користувачем [Коваль Людмила].
[07-Aug-2025 13:23:27 Europe/Helsinki] EditDATA [INFO] За адресою просп. Левка Лукяненка, буд. 56, кв. 11 користувачем [Коваль Людмила] було додано лічильники: 181919].
[07-Aug-2025 13:24:08 Europe/Helsinki] NewDATA [INFO] Новий лічильник номер: 559795, тип: КВ-1,5 => DN 15, рік випуску: 2001, показники: 0, балансоутримувач: КП "ВДК" додано до БД користувачем [Коваль Людмила].
[07-Aug-2025 13:24:40 Europe/Helsinki] NewDATA [INFO] Новий лічильник номер: 210979008, тип: GSD8 => DN 15, рік випуску: 2021, показники: 0, балансоутримувач: АТ "ОТКЕ" додано до БД користувачем [Коваль Людмила].
[07-Aug-2025 13:24:41 Europe/Helsinki] EditDATA [INFO] За адресою просп. Грушевського Михайла, буд. 163, кв. 50 користувачем [Коваль Людмила] було додано лічильники: 559795, 210979008].
[07-Aug-2025 13:25:21 Europe/Helsinki] NewDATA [INFO] Новий лічильник номер: 1206251, тип: Sensus => DN 15, рік випуску: 2021, показники: 0, балансоутримувач: КП "ВДК" додано до БД користувачем [Коваль Людмила].
[07-Aug-2025 13:25:52 Europe/Helsinki] NewDATA [INFO] Новий лічильник номер: 563437, тип: КВ-1,5 => DN 15, рік випуску: 2001, показники: 0, балансоутримувач: АТ "ОТКЕ" додано до БД користувачем [Коваль Людмила].
[07-Aug-2025 13:25:55 Europe/Helsinki] EditDATA [INFO] За адресою вул. 1-ої танкової бригади, буд. 12, кв. 20 користувачем [Коваль Людмила] було додано лічильники: 1206251, 563437].
[2025-08-07T13:32:12.218] [INFO] DataBase - У заявці Повірка від 4 серпня 2025 р. за адресою просп. Левка Лукяненка, буд. 56, кв. 22 видалено дату виконання 6 серпня 2025 р. користувачем [Коваль Людмила].
[2025-08-07T13:32:33.368] [INFO] DataBase - У заявці Повірка від 4 серпня 2025 р. за адресою просп. Левка Лукяненка, буд. 56, кв. 22 додано дату виконання 8 серпня 2025 р. користувачем [Коваль Людмила].
[07-Aug-2025 13:32:40 Europe/Helsinki] EditDATA [INFO] Для заявки Повірка від 07.08.2025 користувачем [Коваль Людмила] змінено виконавця з ЗАПЛАНОВАНІ на Шкуліпа.
[07-Aug-2025 13:32:50 Europe/Helsinki] EditDATA [INFO] Для заявки Повірка від 06.08.2025 користувачем [Коваль Людмила] змінено виконавця з ЗАПЛАНОВАНІ на Шкуліпа.
[07-Aug-2025 13:32:59 Europe/Helsinki] EditDATA [INFO] Для заявки Повірка від 05.08.2025 користувачем [Коваль Людмила] змінено виконавця з ЗАПЛАНОВАНІ на Шкуліпа.
[07-Aug-2025 13:33:08 Europe/Helsinki] EditDATA [INFO] Для заявки Повірка від 04.08.2025 користувачем [Коваль Людмила] змінено виконавця з ЗАПЛАНОВАНІ на Шкуліпа.
[07-Aug-2025 13:33:17 Europe/Helsinki] EditDATA [INFO] Для заявки Повірка від 25.07.2025 користувачем [Коваль Людмила] змінено виконавця з ЗАПЛАНОВАНІ на Шкуліпа.
[07-Aug-2025 14:41:05 Europe/Helsinki] NewDATA [INFO] Нова адреса просп. Левка Лукяненка, буд. 14, корп. В, кв. 19, тел. +38 (063) 725-05-59 додана до БД користувачем [Коваль Людмила].
[07-Aug-2025 14:41:49 Europe/Helsinki] NewDATA [INFO] Нова заявка Повірка, адреса: просп. Левка Лукяненка 14 корпус В, кв. 19, лічильники: БЕЗ НОМЕРА - 2 шт., вартість: 700 грн., примітки: 13-17,пер.за 30 хв. додано до БД користувачем [Коваль Людмила].
[2025-08-07T14:41:55.599] [INFO] DataBase - У заявці Повірка від 7 серпня 2025 р. за адресою просп. Левка Лукяненка, буд. 14, корп. В, кв. 19 додано виконавця ЗАПЛАНОВАНІ та додано дату виконання 13 серпня 2025 р. користувачем [Коваль Людмила].
[07-Aug-2025 14:44:23 Europe/Helsinki] NewDATA [INFO] Нова адреса просп. Левка Лукяненка, буд. 46, кв. 17, тел. +38 (068) 586-50-29 додана до БД користувачем [Коваль Людмила].
[07-Aug-2025 14:44:49 Europe/Helsinki] NewDATA [INFO] Нова заявка Повірка, адреса: просп. Левка Лукяненка 46, кв. 17, лічильники: БЕЗ НОМЕРА - 2 шт., вартість: 700 грн. додано до БД користувачем [Коваль Людмила].
[2025-08-07T14:44:53.513] [INFO] DataBase - У заявці Повірка від 7 серпня 2025 р. за адресою просп. Левка Лукяненка, буд. 46, кв. 17 додано виконавця Шкуліпа та додано дату виконання 7 серпня 2025 р. користувачем [Коваль Людмила].
[07-Aug-2025 14:51:48 Europe/Helsinki] EditDATA [INFO] За адресою вул. Генерала Пухова 115 корпус А, кв. 34 користувачем [Коваль Людмила] змінені номери телефонів з +38(0462)67-04-55, +38(067)593-12-23 на +38(067)593-12-23, при створенні нової заявки [Повірка] від 07.08.2025.
[07-Aug-2025 14:51:48 Europe/Helsinki] NewDATA [INFO] Нова заявка Повірка, адреса: вул. Генерала Пухова 115 корпус А, кв. 34, лічильники: БЕЗ НОМЕРА - 1 шт., вартість: 350 грн., примітки: 13-17,пер.за 30 хв. додано до БД користувачем [Коваль Людмила].
[2025-08-07T14:51:52.266] [INFO] DataBase - У заявці Повірка від 7 серпня 2025 р. за адресою вул. Генерала Пухова, буд. 115, корп. А, кв. 34 додано виконавця Шкуліпа та додано дату виконання 8 серпня 2025 р. користувачем [Коваль Людмила].
[07-Aug-2025 14:52:04 Europe/Helsinki] NewDATA [INFO] Нова адреса просп. Грушевського Михайла, буд. 165, корп. 1, кв. 66, тел. +38 (063) 858-75-25 додана до БД користувачем [Сусло Тетяна].
[07-Aug-2025 14:52:34 Europe/Helsinki] NewDATA [INFO] Нова заявка Повірка, адреса: просп. Грушевського Михайла 165 корпус 1, кв. 66, лічильники: БЕЗ НОМЕРА - 2 шт., вартість: 660 грн., примітки: 13-17, за 30 хв, договор. додано до БД користувачем [Сусло Тетяна].
[2025-08-07T14:52:37.202] [INFO] DataBase - У заявці Повірка від 7 серпня 2025 р. за адресою просп. Грушевського Михайла, буд. 165, корп. 1, кв. 66 додано виконавця Шкуліпа та додано дату виконання 8 серпня 2025 р. користувачем [Сусло Тетяна].
[07-Aug-2025 14:52:43 Europe/Helsinki] NewDATA [INFO] Нова адреса вул. 1-ої танкової бригади, буд. 18, кв. 153, тел. +38 (095) 523-86-19 додана до БД користувачем [Коваль Людмила].
[07-Aug-2025 14:53:23 Europe/Helsinki] NewDATA [INFO] Нова заявка Повірка, адреса: вул. 1-ої танкової бригади 18, кв. 153, лічильники: БЕЗ НОМЕРА - 4 шт., вартість: 1320 грн., примітки: 8-13,пер.за 30 хв додано до БД користувачем [Коваль Людмила].
[2025-08-07T14:53:29.963] [INFO] DataBase - У заявці Повірка від 7 серпня 2025 р. за адресою вул. 1-ої танкової бригади, буд. 18, кв. 153 додано виконавця ЗАПЛАНОВАНІ та додано дату виконання 25 серпня 2025 р. користувачем [Коваль Людмила].
[07-Aug-2025 14:54:18 Europe/Helsinki] NewDATA [INFO] Нова адреса просп. Грушевського Михайла, буд. 157, кв. 80, тел. +38 (093) 011-15-27 додана до БД користувачем [Коваль Людмила].
[07-Aug-2025 14:55:01 Europe/Helsinki] NewDATA [INFO] Нова заявка Повірка, адреса: просп. Грушевського Михайла 157, кв. 80, лічильники: БЕЗ НОМЕРА - 4 шт., вартість: 1320 грн., примітки: 13-17,пер.за 30 хв. додано до БД користувачем [Коваль Людмила].
[2025-08-07T14:55:05.285] [INFO] DataBase - У заявці Повірка від 7 серпня 2025 р. за адресою просп. Грушевського Михайла, буд. 157, кв. 80 додано виконавця ЗАПЛАНОВАНІ та додано дату виконання 11 серпня 2025 р. користувачем [Коваль Людмила].
[07-Aug-2025 15:10:21 Europe/Helsinki] NewDATA [INFO] Нова адреса просп. Грушевського Михайла, буд. 161, корп. А, кв. 35, тел. +38 (067) 457-00-13 додана до БД користувачем [Сусло Тетяна].
[07-Aug-2025 15:11:12 Europe/Helsinki] NewDATA [INFO] Нова заявка Повірка, адреса: просп. Грушевського Михайла 161 корпус А, кв. 35, лічильники: БЕЗ НОМЕРА - 2 шт., вартість: 700 грн., примітки: 13-17, за 30 хв, договор додано до БД користувачем [Сусло Тетяна].
[2025-08-07T15:22:13.733] [INFO] DataBase - У заявці Повірка від 7 серпня 2025 р. за адресою просп. Грушевського Михайла, буд. 161, корп. А, кв. 35 додано виконавця Шкуліпа та додано дату виконання 8 серпня 2025 р. користувачем [Сусло Тетяна].
[2025-08-07T15:22:21.854] [INFO] DataBase - У заявці Повірка від 7 серпня 2025 р. за адресою просп. Грушевського Михайла, буд. 161, корп. А, кв. 35 змінено виконавця з Шкуліпа на Шкуліпа та змінено дату виконання з 8 серпня 2025 р. на 8 серпня 2025 р. користувачем [Коваль Людмила].
[07-Aug-2025 15:23:16 Europe/Helsinki] NewDATA [INFO] Нова заявка Повірка, адреса: просп. Грушевського Михайла 157, кв. 136, лічильники: БЕЗ НОМЕРА - 1 шт., вартість: 330 грн., примітки: 13-17,только хол. додано до БД користувачем [Коваль Людмила].
[2025-08-07T15:23:20.231] [INFO] DataBase - У заявці Повірка від 7 серпня 2025 р. за адресою просп. Грушевського Михайла, буд. 157, кв. 136 додано виконавця Шкуліпа та додано дату виконання 8 серпня 2025 р. користувачем [Коваль Людмила].
[07-Aug-2025 16:33:43 Europe/Helsinki] NewDATA [INFO] Нова адреса вул. Стуса Василя, буд. 20, кв. 32, тел. +38 (068) 627-81-49 додана до БД користувачем [Сусло Тетяна].
[07-Aug-2025 16:34:21 Europe/Helsinki] NewDATA [INFO] Нова заявка Повірка, адреса: вул. Стуса Василя 20, кв. 32, лічильники: БЕЗ НОМЕРА - 2 шт., вартість: 700 грн., примітки: 13-17, за 30 хв додано до БД користувачем [Сусло Тетяна].
[2025-08-07T16:34:35.071] [INFO] DataBase - У заявці Повірка від 7 серпня 2025 р. за адресою вул. Стуса Василя, буд. 20, кв. 32 додано виконавця ЗАПЛАНОВАНІ та додано дату виконання 15 серпня 2025 р. користувачем [Сусло Тетяна].
[07-Aug-2025 16:41:08 Europe/Helsinki] NewDATA [INFO] Нова адреса вул. Захисників України, буд. 13, кв. 44, тел. +38 (093) 957-19-91 додана до БД користувачем [Сусло Тетяна].
[07-Aug-2025 16:41:35 Europe/Helsinki] NewDATA [INFO] Нова заявка Повірка, адреса: вул. Захисників України 13, кв. 44, лічильники: БЕЗ НОМЕРА - 2 шт., вартість: 700 грн., примітки: 8-13, за 30 хв додано до БД користувачем [Сусло Тетяна].
[2025-08-07T16:41:38.043] [INFO] DataBase - У заявці Повірка від 7 серпня 2025 р. за адресою вул. Захисників України, буд. 13, кв. 44 додано виконавця ЗАПЛАНОВАНІ та додано дату виконання 18 серпня 2025 р. користувачем [Сусло Тетяна].
