[02-Apr-2025 08:31:22 Europe/Helsinki] NewDATA [INFO] Новий лічильник номер: 379019, тип: КВ-1,5 => DN 15, рік випуску: 2000, показники: 0, балансоутримувач: КП "ВДК" додано до БД користувачем [Коваль Людмила].
[02-Apr-2025 08:31:25 Europe/Helsinki] EditDATA [INFO] За адресою вул. Пятницька, буд. 49, кв. 178 користувачем [Коваль Людмила] було додано лічильники: 379019].
[02-Apr-2025 08:32:14 Europe/Helsinki] NewDATA [INFO] Новий лічильник номер: 2087436, тип: СК => DN 15, рік випуску: 2002, показники: 0, балансоутримувач: КП "ВДК" додано до БД користувачем [Коваль Людмила].
[02-Apr-2025 08:32:39 Europe/Helsinki] NewDATA [INFO] Новий лічильник номер: 2086307, тип: СК => DN 15, рік випуску: 2002, показники: 0, балансоутримувач: КП "ТКЕ" додано до БД користувачем [Коваль Людмила].
[02-Apr-2025 08:33:04 Europe/Helsinki] NewDATA [INFO] Новий лічильник номер: 2085873, тип: СК => DN 15, рік випуску: 2002, показники: 0, балансоутримувач: КП "ТКЕ" додано до БД користувачем [Коваль Людмила].
[02-Apr-2025 08:33:06 Europe/Helsinki] EditDATA [INFO] За адресою вул. Стуса Василя, буд. 15, кв. 17 користувачем [Коваль Людмила] було додано лічильники: 2087436, 2086307, 2085873].
[02-Apr-2025 08:53:46 Europe/Helsinki] NewDATA [INFO] Нова заявка Заміна, адреса: просп. Миру 180, кв. 3, лічильники: 016736, виконавець: Баранов, вартість: 1100 грн., примітки: за 1 год, 1 гв, св, №016736 додано до БД користувачем [Сусло Тетяна].
[2025-04-02T08:53:51.205] [INFO] DataBase - У заявці Заміна від 2 квітня 2025 р. за адресою просп. Миру, буд. 180, кв. 3 додано дату виконання 4 квітня 2025 р. користувачем [Сусло Тетяна].
[02-Apr-2025 08:55:50 Europe/Helsinki] NewDATA [INFO] Нова заявка Заміна, адреса: вул. Космонавтів 4, кв. 38, лічильники: 653039, виконавець: Баранов, вартість: 1100 грн., примітки: 8-13, тел. сусідки, №653039,1 хв, св додано до БД користувачем [Сусло Тетяна].
[2025-04-02T08:55:52.765] [INFO] DataBase - У заявці Заміна від 2 квітня 2025 р. за адресою вул. Космонавтів, буд. 4, кв. 38 додано дату виконання 15 квітня 2025 р. користувачем [Сусло Тетяна].
[02-Apr-2025 08:56:42 Europe/Helsinki] NewDATA [INFO] Новий лічильник номер: 004961, тип: КВ-1,5 => DN 15, рік випуску: 2020, показники: 0, балансоутримувач: КП "ВДК" додано до БД користувачем [Коваль Людмила].
[02-Apr-2025 08:57:06 Europe/Helsinki] NewDATA [INFO] Новий лічильник номер: 005523, тип: КВ-1,5 => DN 15, рік випуску: 2020, показники: 0, балансоутримувач: КП "ТКЕ" додано до БД користувачем [Коваль Людмила].
[02-Apr-2025 08:57:08 Europe/Helsinki] EditDATA [INFO] За адресою вул. Гонча, буд. 54, кв. 36 користувачем [Коваль Людмила] було додано лічильники: 004961, 005523].
[02-Apr-2025 08:58:22 Europe/Helsinki] NewDATA [INFO] Новий лічильник номер: 510471, тип: КВ-1,5 => DN 15, рік випуску: 2006, показники: 0, балансоутримувач: КП "ВДК" додано до БД користувачем [Коваль Людмила].
[02-Apr-2025 08:58:45 Europe/Helsinki] NewDATA [INFO] Новий лічильник номер: 511229, тип: КВ-1,5 => DN 15, рік випуску: 2006, показники: 0, балансоутримувач: КП "ТКЕ" додано до БД користувачем [Коваль Людмила].
[02-Apr-2025 08:59:06 Europe/Helsinki] NewDATA [INFO] Новий лічильник номер: 510493, тип: КВ-1,5 => DN 15, рік випуску: 2006, показники: 0, балансоутримувач: КП "ВДК" додано до БД користувачем [Коваль Людмила].
[02-Apr-2025 08:59:25 Europe/Helsinki] NewDATA [INFO] Новий лічильник номер: 511241, тип: КВ-1,5 => DN 15, рік випуску: 2006, показники: 0, балансоутримувач: КП "ТКЕ" додано до БД користувачем [Коваль Людмила].
[02-Apr-2025 08:59:27 Europe/Helsinki] EditDATA [INFO] За адресою просп. Миру, буд. 80, кв. 125 користувачем [Коваль Людмила] було додано лічильники: 510471, 511229, 510493, 511241].
[02-Apr-2025 09:00:00 Europe/Helsinki] DellTASK [INFO] Повірка від 31.03.2025 для адреси просп. Миру, буд. 47, кв. 19 для лічильника БЕЗ НОМЕРА - 1 шт. було завершено користувачем [Коваль Людмила] з коментарем: виконано.
[02-Apr-2025 09:00:15 Europe/Helsinki] DellTASK [INFO] Повірка від 28.03.2025 для адреси вул. Самострова, буд. 22, кв. 134 для лічильника БЕЗ НОМЕРА - 2 шт. було завершено користувачем [Коваль Людмила] з коментарем: виконано.
[02-Apr-2025 09:00:29 Europe/Helsinki] DellTASK [INFO] Повірка від 26.03.2025 для адреси просп. Миру, буд. 80, кв. 149 для лічильника БЕЗ НОМЕРА - 4 шт. було завершено користувачем [Коваль Людмила] з коментарем: виконано.
[02-Apr-2025 09:00:50 Europe/Helsinki] DellTASK [INFO] Повірка від 27.03.2025 для адреси вул. Чорновола Вячеслава, буд. 4, кв. 82 для лічильника БЕЗ НОМЕРА - 2 шт. було завершено користувачем [Коваль Людмила] з коментарем: буде заміна.
[02-Apr-2025 09:01:04 Europe/Helsinki] DellTASK [INFO] Повірка від 26.03.2025 для адреси вул. Чорновола Вячеслава, буд. 4, кв. 96 для лічильника БЕЗ НОМЕРА - 4 шт. було завершено користувачем [Коваль Людмила] з коментарем: виконано.
[02-Apr-2025 09:01:18 Europe/Helsinki] DellTASK [INFO] Повірка від 25.03.2025 для адреси просп. Миру, буд. 54, кв. 56 для лічильника БЕЗ НОМЕРА - 4 шт. було завершено користувачем [Коваль Людмила] з коментарем: виконано.
[02-Apr-2025 09:01:34 Europe/Helsinki] DellTASK [INFO] Повірка від 25.03.2025 для адреси вул. Чорновола Вячеслава, буд. 13, кв. 126 для лічильника БЕЗ НОМЕРА - 2 шт. було завершено користувачем [Коваль Людмила] з коментарем: виконано.
[02-Apr-2025 09:01:49 Europe/Helsinki] DellTASK [INFO] Повірка від 31.03.2025 для адреси вул. 1-ої танкової бригади, буд. 31, кв. 71 для лічильника БЕЗ НОМЕРА - 1 шт. було завершено користувачем [Коваль Людмила] з коментарем: виконано.
[02-Apr-2025 09:02:02 Europe/Helsinki] DellTASK [INFO] Повірка від 27.03.2025 для адреси вул. Гетьмана Полуботка, буд. 76, кв. 4 для лічильника БЕЗ НОМЕРА - 4 шт. було завершено користувачем [Коваль Людмила] з коментарем: виконано.
[02-Apr-2025 09:02:17 Europe/Helsinki] DellTASK [INFO] Повірка від 28.03.2025 для адреси просп. Левка Лукяненка, буд. 34, кв. 36 для лічильника БЕЗ НОМЕРА - 2 шт. було завершено користувачем [Коваль Людмила] з коментарем: виконано.
[02-Apr-2025 09:02:31 Europe/Helsinki] DellTASK [INFO] Повірка від 27.03.2025 для адреси просп. Перемоги, буд. 119, корп. А, кв. 354 для лічильника БЕЗ НОМЕРА - 1 шт. було завершено користувачем [Коваль Людмила] з коментарем: виконано.
[02-Apr-2025 09:02:44 Europe/Helsinki] DellTASK [INFO] Повірка від 25.03.2025 для адреси вул. Савчука, буд. 11, кв. 111 для лічильника БЕЗ НОМЕРА - 2 шт. було завершено користувачем [Коваль Людмила] з коментарем: виконано.
[02-Apr-2025 09:02:56 Europe/Helsinki] DellTASK [INFO] Повірка від 24.03.2025 для адреси вул. Гетьмана Полуботка, буд. 80, кв. 76 для лічильника БЕЗ НОМЕРА - 2 шт. було завершено користувачем [Коваль Людмила] з коментарем: виконано.
[02-Apr-2025 09:03:17 Europe/Helsinki] DellTASK [INFO] Повірка від 31.03.2025 для адреси вул. Незалежності, буд. 60, кв. 112 для лічильника БЕЗ НОМЕРА - 1 шт. було завершено користувачем [Коваль Людмила] з коментарем: виконано.
[02-Apr-2025 09:03:32 Europe/Helsinki] DellTASK [INFO] Повірка від 27.03.2025 для адреси вул. Незалежності, буд. 16, кв. 85 для лічильника БЕЗ НОМЕРА - 2 шт. було завершено користувачем [Коваль Людмила] з коментарем: виконано.
[02-Apr-2025 09:03:47 Europe/Helsinki] DellTASK [INFO] Повірка від 26.03.2025 для адреси вул. Незалежності, буд. 40, кв. 62 для лічильника БЕЗ НОМЕРА - 2 шт. було завершено користувачем [Коваль Людмила] з коментарем: виконано.
[02-Apr-2025 09:04:01 Europe/Helsinki] DellTASK [INFO] Повірка від 26.03.2025 для адреси вул. Незалежності, буд. 16, кв. 86 для лічильника БЕЗ НОМЕРА - 2 шт. було завершено користувачем [Коваль Людмила] з коментарем: виконано.
[02-Apr-2025 09:04:15 Europe/Helsinki] DellTASK [INFO] Повірка від 25.03.2025 для адреси вул. Незалежності, буд. 12, кв. 15 для лічильника БЕЗ НОМЕРА - 2 шт. було завершено користувачем [Коваль Людмила] з коментарем: виконано.
[02-Apr-2025 09:04:23 Europe/Helsinki] NewDATA [INFO] Новий лічильник номер: 241483520, тип: СВК => DN 15, рік випуску: 2025, показники: 0, балансоутримувач: АТ "ОТКЕ" додано до БД користувачем [Сусло Тетяна].
[02-Apr-2025 09:04:27 Europe/Helsinki] EditDATA [INFO] В заявці Заміна від 26.03.2025 за адресою вул. Савчука, буд. 7, корп. А, кв. 36 було видалено БЕЗ НОМЕРУ - 1 шт.; додано лічильники: 241483520 користувачем [Сусло Тетяна].
[02-Apr-2025 09:04:28 Europe/Helsinki] DellTASK [INFO] Повірка від 25.03.2025 для адреси вул. Незалежності, буд. 12, кв. 81 для лічильника БЕЗ НОМЕРА - 2 шт. було завершено користувачем [Коваль Людмила] з коментарем: виконано.
[02-Apr-2025 09:04:39 Europe/Helsinki] DellTASK [INFO] Заміна від 26.03.2025 для адреси вул. Савчука, буд. 7, корп. А, кв. 36 для лічильника 241483520 було завершено користувачем [Сусло Тетяна] з коментарем: виконано.
[02-Apr-2025 09:04:42 Europe/Helsinki] DellTASK [INFO] Повірка від 24.03.2025 для адреси вул. Любецька, буд. 104, кв. 22 для лічильника БЕЗ НОМЕРА - 1 шт. було завершено користувачем [Коваль Людмила] з коментарем: виконано.
[02-Apr-2025 09:04:55 Europe/Helsinki] DellTASK [INFO] Повірка від 24.03.2025 для адреси вул. Любецька, буд. 104, кв. 23 для лічильника БЕЗ НОМЕРА - 1 шт. було завершено користувачем [Коваль Людмила] з коментарем: виконано.
[02-Apr-2025 09:05:07 Europe/Helsinki] NewDATA [INFO] Новий лічильник номер: 241483397, тип: СВК => DN 15, рік випуску: 2025, показники: 0, балансоутримувач: АТ "ОТКЕ" додано до БД користувачем [Сусло Тетяна].
[02-Apr-2025 09:05:07 Europe/Helsinki] DellTASK [INFO] Повірка від 21.03.2025 для адреси вул. Незалежності, буд. 60, кв. 41 для лічильника БЕЗ НОМЕРА - 1 шт. було завершено користувачем [Коваль Людмила] з коментарем: виконано.
[02-Apr-2025 09:05:27 Europe/Helsinki] EditDATA [INFO] Для заявки Заміна від 25.03.2025 користувачем [Сусло Тетяна] лічильник БЕЗ НОМЕРА ідентифіковано як 241483397.
[02-Apr-2025 09:05:35 Europe/Helsinki] DellTASK [INFO] Повірка від 24.03.2025 для адреси вул. Незалежності, буд. 15, кв. 155 для лічильника БЕЗ НОМЕРА - 1 шт. було завершено користувачем [Коваль Людмила] з коментарем: неможливо підключитись.не виконано.
[02-Apr-2025 09:05:42 Europe/Helsinki] DellTASK [INFO] Заміна від 25.03.2025 для адреси просп. Перемоги, буд. 151, кв. 31 для лічильника 241483397 було завершено користувачем [Сусло Тетяна] з коментарем: виконано.
[02-Apr-2025 09:05:55 Europe/Helsinki] DellTASK [INFO] Повірка від 24.03.2025 для адреси вул. Незалежності, буд. 70, кв. 53 для лічильника БЕЗ НОМЕРА - 1 шт. було завершено користувачем [Коваль Людмила] з коментарем: виконано.
[02-Apr-2025 09:06:15 Europe/Helsinki] NewDATA [INFO] Новий лічильник номер: 241483384, тип: СВК => DN 15, рік випуску: 2025, показники: 0, балансоутримувач: КП "ТКЕ" додано до БД користувачем [Сусло Тетяна].
[02-Apr-2025 09:06:17 Europe/Helsinki] EditDATA [INFO] В заявці Заміна від 25.03.2025 за адресою вул. Гонча, буд. 76, кв. 92 було видалено БЕЗ НОМЕРУ - 1 шт.; додано лічильники: 241483384 користувачем [Сусло Тетяна].
[02-Apr-2025 09:06:26 Europe/Helsinki] DellTASK [INFO] Заміна від 25.03.2025 для адреси вул. Гонча, буд. 76, кв. 92 для лічильника 241483384 було завершено користувачем [Сусло Тетяна] з коментарем: виконано.
[02-Apr-2025 09:08:08 Europe/Helsinki] DellTASK [INFO] Заміна від 31.03.2025 для адреси вул. Павлова Академіка, буд. 15, кв. 90 для лічильника БЕЗ НОМЕРА - 1 шт. було завершено користувачем [Сусло Тетяна] з коментарем: виконано.
[02-Apr-2025 09:08:40 Europe/Helsinki] NewDATA [INFO] Новий лічильник номер: 241483464, тип: СВК => DN 15, рік випуску: 2025, показники: 0, балансоутримувач: АТ "ОТКЕ" додано до БД користувачем [Сусло Тетяна].
[02-Apr-2025 09:08:43 Europe/Helsinki] EditDATA [INFO] В заявці Заміна від 28.03.2025 за адресою вул. Мстиславська, буд. 177, кв. 81 було видалено БЕЗ НОМЕРУ - 1 шт.; додано лічильники: 241483464 користувачем [Сусло Тетяна].
[02-Apr-2025 09:08:53 Europe/Helsinki] DellTASK [INFO] Заміна від 28.03.2025 для адреси вул. Мстиславська, буд. 177, кв. 81 для лічильника 241483464 було завершено користувачем [Сусло Тетяна] з коментарем: виконано.
[02-Apr-2025 09:09:24 Europe/Helsinki] NewDATA [INFO] Новий лічильник номер: 241483463, тип: СВК => DN 15, рік випуску: 2025, показники: 0, балансоутримувач: АТ "ОТКЕ" додано до БД користувачем [Сусло Тетяна].
[02-Apr-2025 09:09:27 Europe/Helsinki] EditDATA [INFO] В заявці Заміна від 31.03.2025 за адресою вул. Нафтовиків, буд. 15, кв. 20 було видалено БЕЗ НОМЕРУ - 1 шт.; додано лічильники: 241483463 користувачем [Сусло Тетяна].
[02-Apr-2025 09:09:36 Europe/Helsinki] DellTASK [INFO] Заміна від 31.03.2025 для адреси вул. Нафтовиків, буд. 15, кв. 20 для лічильника 241483463 було завершено користувачем [Сусло Тетяна] з коментарем: виконано.
[02-Apr-2025 09:10:02 Europe/Helsinki] NewDATA [INFO] Новий лічильник номер: 241483522, тип: СВК => DN 15, рік випуску: 2025, показники: 0, балансоутримувач: КП "ВДК" додано до БД користувачем [Сусло Тетяна].
[02-Apr-2025 09:10:05 Europe/Helsinki] EditDATA [INFO] В заявці Заміна від 31.03.2025 за адресою вул. Красносільського, буд. 83, кв. 13 було видалено лічильники: 281000; додано лічильники: 241483522 користувачем [Сусло Тетяна].
[02-Apr-2025 09:10:13 Europe/Helsinki] DellTASK [INFO] Заміна від 31.03.2025 для адреси вул. Красносільського, буд. 83, кв. 13 для лічильника 241483522 було завершено користувачем [Сусло Тетяна] з коментарем: виконано.
[02-Apr-2025 09:16:05 Europe/Helsinki] EditDATA [INFO] Для заявки Повірка від 01.04.2025 користувачем [Коваль Людмила] змінено виконавця з ЗАПЛАНОВАНІ на Шкуліпа.
[02-Apr-2025 09:16:25 Europe/Helsinki] EditDATA [INFO] Для заявки Повірка від 31.03.2025 користувачем [Коваль Людмила] змінено виконавця з ЗАПЛАНОВАНІ на Шкуліпа.
[02-Apr-2025 09:16:37 Europe/Helsinki] EditDATA [INFO] Для заявки Повірка від 31.03.2025 користувачем [Коваль Людмила] змінено виконавця з ЗАПЛАНОВАНІ на Шкуліпа.
[02-Apr-2025 09:16:52 Europe/Helsinki] EditDATA [INFO] Для заявки Повірка від 31.03.2025 користувачем [Коваль Людмила] змінено виконавця з ЗАПЛАНОВАНІ на Шкуліпа.
[02-Apr-2025 09:17:08 Europe/Helsinki] EditDATA [INFO] Для заявки Повірка від 27.03.2025 користувачем [Коваль Людмила] змінено виконавця з ЗАПЛАНОВАНІ на Шкуліпа.
[02-Apr-2025 09:17:24 Europe/Helsinki] NewDATA [INFO] Новий лічильник номер: 5375566, тип: ЛК => DN 15, рік випуску: 2016, показники: 0, балансоутримувач: КП "ТКЕ" додано до БД користувачем [Сусло Тетяна].
[02-Apr-2025 09:17:59 Europe/Helsinki] NewDATA [INFO] Новий лічильник номер: 6780908, тип: ЛК => DN 15, рік випуску: 2016, показники: 0, балансоутримувач: КП "ВДК" додано до БД користувачем [Сусло Тетяна].
[02-Apr-2025 09:18:05 Europe/Helsinki] EditDATA [INFO] За адресою вул. Чорновола Вячеслава, буд. 13, кв. 126 користувачем [Сусло Тетяна] було додано лічильники: 5375566, 6780908].
[02-Apr-2025 09:18:58 Europe/Helsinki] NewDATA [INFO] Новий лічильник номер: 043452, тип: КВ-1,5 => DN 15, рік випуску: 2020, показники: 0, балансоутримувач: КП "ВДК" додано до БД користувачем [Сусло Тетяна].
[02-Apr-2025 09:23:04 Europe/Helsinki] NewDATA [INFO] Новий лічильник номер: 059354, тип: КВ-1,5 => DN 15, рік випуску: 2020, показники: 0, балансоутримувач: КП "ТКЕ" додано до БД користувачем [Сусло Тетяна].
[02-Apr-2025 09:23:29 Europe/Helsinki] NewDATA [INFO] Новий лічильник номер: 009947, тип: КВ-1,5 => DN 15, рік випуску: 2020, показники: 0, балансоутримувач: КП "ВДК" додано до БД користувачем [Сусло Тетяна].
[02-Apr-2025 09:23:48 Europe/Helsinki] NewDATA [INFO] Новий лічильник номер: 103822, тип: КВ-1,5 => DN 15, рік випуску: 2020, показники: 0, балансоутримувач: КП "ТКЕ" додано до БД користувачем [Сусло Тетяна].
[02-Apr-2025 09:23:50 Europe/Helsinki] EditDATA [INFO] За адресою вул. Чорновола Вячеслава, буд. 4, кв. 96 користувачем [Сусло Тетяна] було додано лічильники: 043452, 059354, 009947, 103822].
[02-Apr-2025 09:32:43 Europe/Helsinki] NewDATA [INFO] Новий лічильник номер: 181223671, тип: СВК => DN 15, рік випуску: 2018, показники: 0, балансоутримувач: КП "ВДК" додано до БД користувачем [Сусло Тетяна].
[02-Apr-2025 09:33:10 Europe/Helsinki] NewDATA [INFO] Новий лічильник номер: 181245947, тип: СВК => DN 15, рік випуску: 2018, показники: 0, балансоутримувач: КП "ТКЕ" додано до БД користувачем [Сусло Тетяна].
[02-Apr-2025 09:33:30 Europe/Helsinki] NewDATA [INFO] Новий лічильник номер: 181214336, тип: СВК => DN 15, рік випуску: 2018, показники: 0, балансоутримувач: КП "ВДК" додано до БД користувачем [Сусло Тетяна].
[02-Apr-2025 09:49:59 Europe/Helsinki] NewDATA [INFO] Новий лічильник номер: 181245874, тип: СВК => DN 15, рік випуску: 2018, показники: 0, балансоутримувач: КП "ТКЕ" додано до БД користувачем [Сусло Тетяна].
[02-Apr-2025 09:50:01 Europe/Helsinki] EditDATA [INFO] За адресою просп. Миру, буд. 80, кв. 149 користувачем [Сусло Тетяна] було додано лічильники: 181223671, 181245947, 181214336, 181245874].
[02-Apr-2025 09:57:05 Europe/Helsinki] NewDATA [INFO] Нова адреса вул. Мазепи Івана, буд. 37, корп. Г, кв. 1, тел. +38 (067) 461-08-55 додана до БД користувачем [Коваль Людмила].
[02-Apr-2025 09:57:54 Europe/Helsinki] NewDATA [INFO] Нова заявка Повірка, адреса: вул. Мазепи Івана 37 корпус Г, кв. 1, лічильники: БЕЗ НОМЕРА - 2 шт., вартість: 600 грн., примітки: після 17,пер.за час додано до БД користувачем [Коваль Людмила].
[2025-04-02T09:58:03.012] [INFO] DataBase - У заявці Повірка від 2 квітня 2025 р. за адресою вул. Мазепи Івана, буд. 37, корп. Г, кв. 1 додано виконавця ЗАПЛАНОВАНІ та додано дату виконання 15 квітня 2025 р. користувачем [Коваль Людмила].
[02-Apr-2025 10:00:47 Europe/Helsinki] NewDATA [INFO] Нова адреса вул. Шевченка, буд. 114, корп. А, кв. 155/1 додана до БД користувачем [Сусло Тетяна].
[02-Apr-2025 10:04:42 Europe/Helsinki] EditDATA [INFO] За адресою вул. Шевченка 114 корпус А, кв. 155/1 користувачем [Сусло Тетяна] додано номер телефону +38(063)936-49-79, при створенні нової заявки [Повірка] від 02.04.2025.
[02-Apr-2025 10:04:42 Europe/Helsinki] NewDATA [INFO] Нова заявка Повірка, адреса: вул. Шевченка 114 корпус А, кв. 155/1, лічильники: БЕЗ НОМЕРА - 1 шт., вартість: 300 грн., примітки: 13-17, за 30 хв додано до БД користувачем [Сусло Тетяна].
[2025-04-02T10:04:46.533] [INFO] DataBase - У заявці Повірка від 2 квітня 2025 р. за адресою вул. Шевченка, буд. 114, корп. А, кв. 155/1 додано виконавця ЗАПЛАНОВАНІ та додано дату виконання 10 квітня 2025 р. користувачем [Сусло Тетяна].
[02-Apr-2025 10:05:33 Europe/Helsinki] NewDATA [INFO] Нова адреса просп. Перемоги, буд. 43, кв. 94, тел. +38 (096) 821-49-61 додана до БД користувачем [Сусло Тетяна].
[02-Apr-2025 10:06:13 Europe/Helsinki] NewDATA [INFO] Нова адреса просп. Миру, буд. 203, кв. 42, тел. +38 (093) 406-52-40 додана до БД користувачем [Коваль Людмила].
[02-Apr-2025 10:06:15 Europe/Helsinki] NewDATA [INFO] Нова заявка Повірка, адреса: просп. Перемоги 43, кв. 94, лічильники: БЕЗ НОМЕРА - 2 шт., вартість: 600 грн., примітки: 8-11 додано до БД користувачем [Сусло Тетяна].
[2025-04-02T10:06:19.996] [INFO] DataBase - У заявці Повірка від 2 квітня 2025 р. за адресою просп. Перемоги, буд. 43, кв. 94 додано виконавця ЗАПЛАНОВАНІ та додано дату виконання 8 квітня 2025 р. користувачем [Сусло Тетяна].
[02-Apr-2025 10:06:43 Europe/Helsinki] NewDATA [INFO] Нова заявка Повірка, адреса: просп. Миру 203, кв. 42, лічильники: БЕЗ НОМЕРА - 1 шт., вартість: 300 грн., примітки: 13-17,пер.за 30 хв. додано до БД користувачем [Коваль Людмила].
[2025-04-02T10:06:52.796] [INFO] DataBase - У заявці Повірка від 2 квітня 2025 р. за адресою просп. Миру, буд. 203, кв. 42 додано виконавця ЗАПЛАНОВАНІ та додано дату виконання 8 квітня 2025 р. користувачем [Коваль Людмила].
[02-Apr-2025 10:07:27 Europe/Helsinki] NewDATA [INFO] Нова адреса вул. Савчука, буд. 1, кв. 144, тел. +38 (066) 763-61-08 додана до БД користувачем [Коваль Людмила].
[02-Apr-2025 10:07:37 Europe/Helsinki] NewDATA [INFO] Нова адреса вул. Мазепи Івана, буд. 22, кв. 46, тел. +38 (093) 093-86-32 додана до БД користувачем [Сусло Тетяна].
[02-Apr-2025 10:07:59 Europe/Helsinki] NewDATA [INFO] Нова заявка Повірка, адреса: вул. Савчука 1, кв. 144, лічильники: БЕЗ НОМЕРА - 4 шт., вартість: 1200 грн., примітки: 14-17 додано до БД користувачем [Коваль Людмила].
[2025-04-02T10:08:06.040] [INFO] DataBase - У заявці Повірка від 2 квітня 2025 р. за адресою вул. Савчука, буд. 1, кв. 144 додано виконавця ЗАПЛАНОВАНІ та додано дату виконання 11 квітня 2025 р. користувачем [Коваль Людмила].
[02-Apr-2025 10:08:44 Europe/Helsinki] EditDATA [INFO] За адресою вул. Мазепи Івана 22, кв. 46 користувачем [Сусло Тетяна] змінені номери телефонів з +38(093)093-86-32 на +38(093)863-29-35, при створенні нової заявки [Повірка] від 02.04.2025.
[02-Apr-2025 10:08:44 Europe/Helsinki] NewDATA [INFO] Нова заявка Повірка, адреса: вул. Мазепи Івана 22, кв. 46, лічильники: БЕЗ НОМЕРА - 4 шт., вартість: 1200 грн., примітки: 8-13, за 1 год додано до БД користувачем [Сусло Тетяна].
[2025-04-02T10:08:48.278] [INFO] DataBase - У заявці Повірка від 2 квітня 2025 р. за адресою вул. Мазепи Івана, буд. 22, кв. 46 додано виконавця ЗАПЛАНОВАНІ та додано дату виконання 8 квітня 2025 р. користувачем [Сусло Тетяна].
[02-Apr-2025 10:08:53 Europe/Helsinki] NewDATA [INFO] Нова адреса вул. Любецька, буд. 7, кв. 124, тел. +38 (068) 930-91-79 додана до БД користувачем [Коваль Людмила].
[2025-04-02T10:08:53.853] [INFO] DataBase - У заявці Повірка від 2 квітня 2025 р. за адресою вул. Мазепи Івана, буд. 22, кв. 46 видалено дату виконання 8 квітня 2025 р. користувачем [Сусло Тетяна].
[2025-04-02T10:08:57.646] [INFO] DataBase - У заявці Повірка від 2 квітня 2025 р. за адресою вул. Мазепи Івана, буд. 22, кв. 46 додано дату виконання 9 квітня 2025 р. користувачем [Сусло Тетяна].
[02-Apr-2025 10:09:28 Europe/Helsinki] NewDATA [INFO] Нова заявка Повірка, адреса: вул. Любецька 7, кв. 124, лічильники: БЕЗ НОМЕРА - 2 шт., вартість: 600 грн., примітки: 12-16 додано до БД користувачем [Коваль Людмила].
[2025-04-02T10:09:35.616] [INFO] DataBase - У заявці Повірка від 2 квітня 2025 р. за адресою вул. Любецька, буд. 7, кв. 124 додано виконавця ЗАПЛАНОВАНІ та додано дату виконання 4 квітня 2025 р. користувачем [Коваль Людмила].
[02-Apr-2025 10:10:14 Europe/Helsinki] NewDATA [INFO] Нова адреса вул. Мстиславська, буд. 40, кв. 65, тел. +38 (099) 560-71-78 додана до БД користувачем [Коваль Людмила].
[02-Apr-2025 10:11:01 Europe/Helsinki] NewDATA [INFO] Нова заявка Повірка, адреса: вул. Мстиславська 40, кв. 65, лічильники: БЕЗ НОМЕРА - 4 шт., вартість: 1200 грн., примітки: 13-17,пер.за 30 хв. додано до БД користувачем [Коваль Людмила].
[2025-04-02T10:11:09.915] [INFO] DataBase - У заявці Повірка від 2 квітня 2025 р. за адресою вул. Мстиславська, буд. 40, кв. 65 додано виконавця ЗАПЛАНОВАНІ та додано дату виконання 7 квітня 2025 р. користувачем [Коваль Людмила].
[02-Apr-2025 10:12:06 Europe/Helsinki] NewDATA [INFO] Новий лічильник номер: 510145, тип: КВ-1,5 => DN 15, рік випуску: 2006, показники: 0, балансоутримувач: КП "ВДК" додано до БД користувачем [Сусло Тетяна].
[02-Apr-2025 10:12:35 Europe/Helsinki] NewDATA [INFO] Новий лічильник номер: 534405, тип: КВ-1,5 => DN 15, рік випуску: 2006, показники: 0, балансоутримувач: КП "ТКЕ" додано до БД користувачем [Сусло Тетяна].
[02-Apr-2025 10:12:37 Europe/Helsinki] EditDATA [INFO] За адресою вул. Самострова, буд. 22, кв. 134 користувачем [Сусло Тетяна] було додано лічильники: 510145, 534405].
[02-Apr-2025 10:13:26 Europe/Helsinki] NewDATA [INFO] Новий лічильник номер: 5607883, тип: ЛК => DN 15, рік випуску: 2015, показники: 0, балансоутримувач: КП "ВДК" додано до БД користувачем [Сусло Тетяна].
[02-Apr-2025 10:13:58 Europe/Helsinki] NewDATA [INFO] Новий лічильник номер: 5827022, тип: ЛК => DN 15, рік випуску: 2015, показники: 0, балансоутримувач: КП "ТКЕ" додано до БД користувачем [Сусло Тетяна].
[02-Apr-2025 10:14:20 Europe/Helsinki] NewDATA [INFO] Новий лічильник номер: 5615989, тип: ЛК => DN 15, рік випуску: 2016, показники: 0, балансоутримувач: КП "ВДК" додано до БД користувачем [Сусло Тетяна].
[02-Apr-2025 10:14:45 Europe/Helsinki] NewDATA [INFO] Новий лічильник номер: 5826714, тип: ЛК => DN 15, рік випуску: 2016, показники: 0, балансоутримувач: КП "ТКЕ" додано до БД користувачем [Сусло Тетяна].
[02-Apr-2025 10:14:47 Europe/Helsinki] EditDATA [INFO] За адресою просп. Миру, буд. 54, кв. 56 користувачем [Сусло Тетяна] було додано лічильники: 5607883, 5827022, 5615989, 5826714].
[02-Apr-2025 10:15:25 Europe/Helsinki] NewDATA [INFO] Новий лічильник номер: 5933112, тип: ЛК => DN 15, рік випуску: 2015, показники: 0, балансоутримувач: КП "ВДК" додано до БД користувачем [Сусло Тетяна].
[02-Apr-2025 10:15:27 Europe/Helsinki] EditDATA [INFO] За адресою просп. Миру, буд. 47, кв. 19 користувачем [Сусло Тетяна] було додано лічильники: 5933112].
[02-Apr-2025 10:20:12 Europe/Helsinki] EditDATA [INFO] За адресою вул. Шевчука 2, кв. 46 користувачем [Коваль Людмила] змінені номери телефонів з +38(0462)66-74-47, +38(066)480-24-58 на +38(050)311-53-37, при створенні нової заявки [Повірка] від 02.04.2025.
[02-Apr-2025 10:20:12 Europe/Helsinki] NewDATA [INFO] Нова заявка Повірка, адреса: вул. Шевчука 2, кв. 46, лічильники: БЕЗ НОМЕРА - 2 шт., вартість: 600 грн., примітки: на протязі дня.пер.за час додано до БД користувачем [Коваль Людмила].
[2025-04-02T10:20:19.459] [INFO] DataBase - У заявці Повірка від 2 квітня 2025 р. за адресою вул. Шевчука, буд. 2, кв. 46 додано виконавця ЗАПЛАНОВАНІ та додано дату виконання 8 квітня 2025 р. користувачем [Коваль Людмила].
[02-Apr-2025 10:22:31 Europe/Helsinki] EditDATA [INFO] Для заявки Повірка від 27.03.2025 користувачем [Коваль Людмила] змінено виконавця з ЗАПЛАНОВАНІ на Сірий.
[02-Apr-2025 10:22:45 Europe/Helsinki] EditDATA [INFO] Для заявки Повірка від 28.03.2025 користувачем [Коваль Людмила] змінено виконавця з ЗАПЛАНОВАНІ на Сірий.
[02-Apr-2025 10:23:00 Europe/Helsinki] EditDATA [INFO] Для заявки Повірка від 28.03.2025 користувачем [Коваль Людмила] змінено виконавця з ЗАПЛАНОВАНІ на Сірий.
[02-Apr-2025 10:27:29 Europe/Helsinki] NewDATA [INFO] Новий лічильник номер: 051913, тип: КВ-1,5 => DN 15, рік випуску: 2014, показники: 0, балансоутримувач: КП "ВДК" додано до БД користувачем [Сусло Тетяна].
[02-Apr-2025 10:27:31 Europe/Helsinki] EditDATA [INFO] За адресою просп. Перемоги, буд. 119, корп. А, кв. 354 користувачем [Сусло Тетяна] було додано лічильники: 051913].
[02-Apr-2025 10:28:11 Europe/Helsinki] NewDATA [INFO] Новий лічильник номер: 020020801, тип: ЛК => DN 15, рік випуску: 2020, показники: 0, балансоутримувач: КП "ВДК" додано до БД користувачем [Сусло Тетяна].
[02-Apr-2025 10:28:37 Europe/Helsinki] NewDATA [INFO] Новий лічильник номер: 0200076815, тип: ЛК => DN 15, рік випуску: 2020, показники: 0, балансоутримувач: АТ "ОТКЕ" додано до БД користувачем [Сусло Тетяна].
[02-Apr-2025 10:28:39 Europe/Helsinki] EditDATA [INFO] За адресою вул. Савчука, буд. 11, кв. 111 користувачем [Сусло Тетяна] було додано лічильники: 020020801, 0200076815].
[02-Apr-2025 10:29:28 Europe/Helsinki] NewDATA [INFO] Новий лічильник номер: 479663, тип: КВ-1,5 => DN 15, рік випуску: 2001, показники: 0, балансоутримувач: КП "ВДК" додано до БД користувачем [Сусло Тетяна].
[02-Apr-2025 10:30:08 Europe/Helsinki] NewDATA [INFO] Новий лічильник номер: 12021355, тип: Sensus => DN 15, рік випуску: 2020, показники: 0, балансоутримувач: АТ "ОТКЕ" додано до БД користувачем [Сусло Тетяна].
[02-Apr-2025 10:30:10 Europe/Helsinki] EditDATA [INFO] За адресою вул. Гетьмана Полуботка, буд. 80, кв. 76 користувачем [Сусло Тетяна] було додано лічильники: 479663, 12021355].
[02-Apr-2025 10:31:09 Europe/Helsinki] NewDATA [INFO] Новий лічильник номер: 372212, тип: КВ-1,5 => DN 15, рік випуску: 2011, показники: 0, балансоутримувач: КП "ВДК" додано до БД користувачем [Сусло Тетяна].
[02-Apr-2025 10:31:30 Europe/Helsinki] NewDATA [INFO] Новий лічильник номер: 025798, тип: КВ-1,5 => DN 15, рік випуску: 2012, показники: 0, балансоутримувач: АТ "ОТКЕ" додано до БД користувачем [Сусло Тетяна].
[02-Apr-2025 10:31:52 Europe/Helsinki] NewDATA [INFO] Новий лічильник номер: 037656, тип: КВ-1,5 => DN 15, рік випуску: 2011, показники: 0, балансоутримувач: КП "ВДК" додано до БД користувачем [Сусло Тетяна].
[02-Apr-2025 10:32:12 Europe/Helsinki] NewDATA [INFO] Новий лічильник номер: 060751, тип: КВ-1,5 => DN 15, рік випуску: 2020, показники: 0, балансоутримувач: АТ "ОТКЕ" додано до БД користувачем [Сусло Тетяна].
[02-Apr-2025 10:32:13 Europe/Helsinki] EditDATA [INFO] За адресою вул. Гетьмана Полуботка, буд. 76, кв. 4 користувачем [Сусло Тетяна] було додано лічильники: 372212, 025798, 037656, 060751].
[02-Apr-2025 10:32:54 Europe/Helsinki] NewDATA [INFO] Новий лічильник номер: 12250526, тип: Sensus => DN 15, рік випуску: 2021, показники: 0, балансоутримувач: КП "ВДК" додано до БД користувачем [Сусло Тетяна].
[02-Apr-2025 10:33:19 Europe/Helsinki] NewDATA [INFO] Новий лічильник номер: 147246, тип: КВ-1,5 => DN 15, рік випуску: 2006, показники: 0, балансоутримувач: АТ "ОТКЕ" додано до БД користувачем [Сусло Тетяна].
[02-Apr-2025 10:33:21 Europe/Helsinki] EditDATA [INFO] За адресою просп. Левка Лукяненка, буд. 34, кв. 36 користувачем [Сусло Тетяна] було додано лічильники: 12250526, 147246].
[02-Apr-2025 10:34:05 Europe/Helsinki] NewDATA [INFO] Новий лічильник номер: 050066, тип: КВ-1,5 => DN 15, рік випуску: 2012, показники: 0, балансоутримувач: АТ "ОТКЕ" додано до БД користувачем [Сусло Тетяна].
[02-Apr-2025 10:34:07 Europe/Helsinki] EditDATA [INFO] За адресою вул. 1-ої танкової бригади, буд. 31, кв. 71 користувачем [Сусло Тетяна] було додано лічильники: 050066].
[02-Apr-2025 10:35:15 Europe/Helsinki] NewDATA [INFO] Новий лічильник номер: 10 748598, тип: ТАКТ => DN 15, рік випуску: 2010, показники: 0, балансоутримувач: КП "ВДК" додано до БД користувачем [Сусло Тетяна].
[02-Apr-2025 10:35:38 Europe/Helsinki] NewDATA [INFO] Новий лічильник номер: 10 694458, тип: ТАКТ => DN 15, рік випуску: 2010, показники: 0, балансоутримувач: АТ "ОТКЕ" додано до БД користувачем [Сусло Тетяна].
[02-Apr-2025 10:35:40 Europe/Helsinki] EditDATA [INFO] За адресою вул. Незалежності, буд. 12, кв. 15 користувачем [Сусло Тетяна] було додано лічильники: 10 748598, 10 694458].
[02-Apr-2025 10:36:18 Europe/Helsinki] NewDATA [INFO] Новий лічильник номер: 10 698620, тип: ТАКТ => DN 15, рік випуску: 2010, показники: 0, балансоутримувач: КП "ВДК" додано до БД користувачем [Сусло Тетяна].
[02-Apr-2025 10:36:39 Europe/Helsinki] NewDATA [INFO] Новий лічильник номер: 10 694757, тип: ТАКТ => DN 15, рік випуску: 2010, показники: 0, балансоутримувач: АТ "ОТКЕ" додано до БД користувачем [Сусло Тетяна].
[02-Apr-2025 10:36:41 Europe/Helsinki] EditDATA [INFO] За адресою вул. Незалежності, буд. 12, кв. 81 користувачем [Сусло Тетяна] було додано лічильники: 10 698620, 10 694757].
[02-Apr-2025 10:37:18 Europe/Helsinki] NewDATA [INFO] Новий лічильник номер: 002680, тип: КВ-1,5 => DN 15, рік випуску: 2017, показники: 0, балансоутримувач: АТ "ОТКЕ" додано до БД користувачем [Сусло Тетяна].
[02-Apr-2025 10:37:20 Europe/Helsinki] EditDATA [INFO] За адресою вул. Незалежності, буд. 60, кв. 41 користувачем [Сусло Тетяна] було додано лічильники: 002680].
[02-Apr-2025 10:38:13 Europe/Helsinki] NewDATA [INFO] Новий лічильник номер: 12021110, тип: Sensus => DN 15, рік випуску: 2020, показники: 0, балансоутримувач: АТ "ОТКЕ" додано до БД користувачем [Сусло Тетяна].
[02-Apr-2025 10:38:14 Europe/Helsinki] EditDATA [INFO] За адресою вул. Незалежності, буд. 60, кв. 112 користувачем [Сусло Тетяна] було додано лічильники: 12021110].
[02-Apr-2025 10:39:09 Europe/Helsinki] NewDATA [INFO] Новий лічильник номер: 10 306657, тип: ТАКТ => DN 15, рік випуску: 2010, показники: 0, балансоутримувач: АТ "ОТКЕ" додано до БД користувачем [Сусло Тетяна].
[02-Apr-2025 10:39:11 Europe/Helsinki] EditDATA [INFO] За адресою вул. Незалежності, буд. 70, кв. 53 користувачем [Сусло Тетяна] було додано лічильники: 10 306657].
[02-Apr-2025 10:39:52 Europe/Helsinki] NewDATA [INFO] Новий лічильник номер: 256873, тип: КВ-1,5 => DN 15, рік випуску: 2005, показники: 0, балансоутримувач: КП "ВДК" додано до БД користувачем [Сусло Тетяна].
[02-Apr-2025 10:40:12 Europe/Helsinki] NewDATA [INFO] Новий лічильник номер: 287911, тип: КВ-1,5 => DN 15, рік випуску: 2004, показники: 0, балансоутримувач: АТ "ОТКЕ" додано до БД користувачем [Сусло Тетяна].
[02-Apr-2025 10:40:31 Europe/Helsinki] EditDATA [INFO] За адресою вул. Незалежності, буд. 16, кв. 86 користувачем [Сусло Тетяна] було додано лічильники: 256873, 287911].
[02-Apr-2025 10:58:12 Europe/Helsinki] NewDATA [INFO] Новий лічильник номер: 6953104, тип: ЛК => DN 15, рік випуску: 2016, показники: 0, балансоутримувач: КП "ВДК" додано до БД користувачем [Сусло Тетяна].
[02-Apr-2025 10:58:39 Europe/Helsinki] NewDATA [INFO] Новий лічильник номер: 6849775, тип: ЛК => DN 15, рік випуску: 2016, показники: 0, балансоутримувач: АТ "ОТКЕ" додано до БД користувачем [Сусло Тетяна].
[02-Apr-2025 10:58:41 Europe/Helsinki] EditDATA [INFO] За адресою вул. Незалежності, буд. 16, кв. 85 користувачем [Сусло Тетяна] було додано лічильники: 6953104, 6849775].
[02-Apr-2025 10:59:34 Europe/Helsinki] NewDATA [INFO] Новий лічильник номер: 12250356, тип: Sensus => DN 15, рік випуску: 2021, показники: 0, балансоутримувач: КП "ВДК" додано до БД користувачем [Сусло Тетяна].
[02-Apr-2025 10:59:37 Europe/Helsinki] EditDATA [INFO] За адресою вул. Любецька, буд. 104, кв. 23 користувачем [Сусло Тетяна] було додано лічильники: 12250356].
[02-Apr-2025 11:00:15 Europe/Helsinki] NewDATA [INFO] Новий лічильник номер: 12250347, тип: Sensus => DN 15, рік випуску: 2021, показники: 0, балансоутримувач: КП "ВДК" додано до БД користувачем [Сусло Тетяна].
[02-Apr-2025 11:00:17 Europe/Helsinki] EditDATA [INFO] За адресою вул. Любецька, буд. 104, кв. 22 користувачем [Сусло Тетяна] було додано лічильники: 12250347].
[02-Apr-2025 11:01:07 Europe/Helsinki] NewDATA [INFO] Новий лічильник номер: 168209, тип: КВ-1,5 => DN 15, рік випуску: 2006, показники: 0, балансоутримувач: КП "ВДК" додано до БД користувачем [Сусло Тетяна].
[02-Apr-2025 11:01:28 Europe/Helsinki] NewDATA [INFO] Новий лічильник номер: 184680, тип: КВ-1,5 => DN 15, рік випуску: 2006, показники: 0, балансоутримувач: АТ "ОТКЕ" додано до БД користувачем [Сусло Тетяна].
[02-Apr-2025 11:01:29 Europe/Helsinki] EditDATA [INFO] За адресою вул. Незалежності, буд. 40, кв. 62 користувачем [Сусло Тетяна] було додано лічильники: 168209, 184680].
[02-Apr-2025 11:16:49 Europe/Helsinki] NewDATA [INFO] Нова адреса вул. курсанта Єськова, буд. 4, кв. 74, тел. +38 (093) 609-70-57 додана до БД користувачем [Сусло Тетяна].
[02-Apr-2025 11:17:39 Europe/Helsinki] NewDATA [INFO] Нова заявка Повірка, адреса: вул. курсанта Єськова 4, кв. 74, лічильники: БЕЗ НОМЕРА - 2 шт., вартість: 600 грн., примітки: 8-13, за 30 хв додано до БД користувачем [Сусло Тетяна].
[2025-04-02T11:17:43.636] [INFO] DataBase - У заявці Повірка від 2 квітня 2025 р. за адресою вул. курсанта Єськова, буд. 4, кв. 74 додано виконавця ЗАПЛАНОВАНІ та додано дату виконання 12 травня 2025 р. користувачем [Сусло Тетяна].
[02-Apr-2025 11:18:30 Europe/Helsinki] NewDATA [INFO] Нова адреса вул. Любецька, буд. 7, кв. 33, тел. +38 (093) 989-63-06 додана до БД користувачем [Сусло Тетяна].
[02-Apr-2025 11:19:15 Europe/Helsinki] NewDATA [INFO] Нова заявка Заміна, адреса: вул. Любецька 7, кв. 33, лічильники: БЕЗ НОМЕРА - 2 шт., виконавець: Баранов, вартість: 800 грн., примітки: за 1 год, 1 гв, 1хв додано до БД користувачем [Сусло Тетяна].
[2025-04-02T11:19:18.349] [INFO] DataBase - У заявці Заміна від 2 квітня 2025 р. за адресою вул. Любецька, буд. 7, кв. 33 додано дату виконання 4 квітня 2025 р. користувачем [Сусло Тетяна].
[02-Apr-2025 13:12:59 Europe/Helsinki] EditDATA [INFO] Для заявки Повірка від 31.03.2025 користувачем [Коваль Людмила] змінено виконавця з ЗАПЛАНОВАНІ на Ващенко.
[02-Apr-2025 13:14:13 Europe/Helsinki] EditDATA [INFO] Для заявки Повірка від 31.03.2025 користувачем [Коваль Людмила] змінено виконавця з ЗАПЛАНОВАНІ на Ващенко.
[02-Apr-2025 13:14:22 Europe/Helsinki] EditDATA [INFO] Для заявки Повірка від 31.03.2025 користувачем [Коваль Людмила] змінено виконавця з ЗАПЛАНОВАНІ на Ващенко.
[02-Apr-2025 13:14:56 Europe/Helsinki] EditDATA [INFO] Для заявки Повірка від 31.03.2025 користувачем [Коваль Людмила] змінено виконавця з ЗАПЛАНОВАНІ на Ващенко.
[02-Apr-2025 13:15:16 Europe/Helsinki] EditDATA [INFO] Для заявки Повірка від 31.03.2025 користувачем [Коваль Людмила] змінено виконавця з ЗАПЛАНОВАНІ на Ващенко.
[02-Apr-2025 13:15:51 Europe/Helsinki] EditDATA [INFO] Для заявки Повірка від 31.03.2025 користувачем [Коваль Людмила] змінено виконавця з ЗАПЛАНОВАНІ на Ващенко.
[02-Apr-2025 13:16:02 Europe/Helsinki] EditDATA [INFO] Для заявки Повірка від 28.03.2025 користувачем [Коваль Людмила] змінено виконавця з ЗАПЛАНОВАНІ на Ващенко.
[02-Apr-2025 13:16:15 Europe/Helsinki] EditDATA [INFO] Для заявки Повірка від 27.03.2025 користувачем [Коваль Людмила] змінено виконавця з ЗАПЛАНОВАНІ на Ващенко.
[02-Apr-2025 13:18:04 Europe/Helsinki] EditDATA [INFO] Для заявки Повірка від 31.03.2025 користувачем [Коваль Людмила] змінено виконавця з ЗАПЛАНОВАНІ на Сірий.
[02-Apr-2025 13:24:48 Europe/Helsinki] EditDATA [INFO] Для заявки Повірка від 31.03.2025 користувачем [Коваль Людмила] змінено виконавця з ЗАПЛАНОВАНІ на Ващенко.
[02-Apr-2025 13:25:08 Europe/Helsinki] EditDATA [INFO] Для заявки Повірка від 31.03.2025 користувачем [Коваль Людмила] змінено виконавця з ЗАПЛАНОВАНІ на Сірий.
[02-Apr-2025 13:25:18 Europe/Helsinki] EditDATA [INFO] Для заявки Повірка від 27.03.2025 користувачем [Коваль Людмила] змінено виконавця з ЗАПЛАНОВАНІ на Сірий.
[02-Apr-2025 13:25:27 Europe/Helsinki] EditDATA [INFO] Для заявки Повірка від 31.03.2025 користувачем [Коваль Людмила] змінено виконавця з ЗАПЛАНОВАНІ на Сірий.
[02-Apr-2025 13:25:38 Europe/Helsinki] EditDATA [INFO] Для заявки Повірка від 28.03.2025 користувачем [Коваль Людмила] змінено виконавця з ЗАПЛАНОВАНІ на Сірий.
[02-Apr-2025 13:25:48 Europe/Helsinki] EditDATA [INFO] Для заявки Повірка від 28.03.2025 користувачем [Коваль Людмила] змінено виконавця з ЗАПЛАНОВАНІ на Сірий.
[02-Apr-2025 13:25:58 Europe/Helsinki] EditDATA [INFO] Для заявки Повірка від 28.03.2025 користувачем [Коваль Людмила] змінено виконавця з ЗАПЛАНОВАНІ на Сірий.
