[16-May-2025 08:16:34 Europe/Helsinki] NewDATA [INFO] Новий лічильник номер: 455376, тип: КВ-1,5 => DN 15, рік випуску: 2005, показники: 0, балансоутримувач: КП "ВДК" додано до БД користувачем [Сусло Тетяна].
[16-May-2025 08:16:53 Europe/Helsinki] NewDATA [INFO] Новий лічильник номер: 391385, тип: КВ-1,5 => DN 15, рік випуску: 2005, показники: 0, балансоутримувач: КП "ТКЕ" додано до БД користувачем [Сусло Тетяна].
[16-May-2025 08:16:54 Europe/Helsinki] EditDATA [INFO] За адресою вул. Дніпровська, буд. 10, кв. 55 користувачем [Сусло Тетяна] було додано лічильники: 455376, 391385].
[16-May-2025 08:17:43 Europe/Helsinki] NewDATA [INFO] Новий лічильник номер: 4788835, тип: ЛК => DN 15, рік випуску: 2015, показники: 0, балансоутримувач: КП "ВДК" додано до БД користувачем [Сусло Тетяна].
[16-May-2025 08:17:46 Europe/Helsinki] EditDATA [INFO] За адресою вул. Тероборони, буд. 4, кв. 39 користувачем [Сусло Тетяна] було додано лічильники: 4788835].
[16-May-2025 08:18:40 Europe/Helsinki] NewDATA [INFO] Новий лічильник номер: 4798448, тип: ЛК => DN 15, рік випуску: 2014, показники: 0, балансоутримувач: КП "ВДК" додано до БД користувачем [Сусло Тетяна].
[16-May-2025 08:18:42 Europe/Helsinki] EditDATA [INFO] За адресою вул. Тероборони, буд. 6, кв. 7 користувачем [Сусло Тетяна] було додано лічильники: 4798448].
[16-May-2025 08:19:23 Europe/Helsinki] NewDATA [INFO] Новий лічильник номер: 144948, тип: КВ-1,5 => DN 15, рік випуску: 2017, показники: 0, балансоутримувач: КП "ВДК" додано до БД користувачем [Сусло Тетяна].
[16-May-2025 08:19:31 Europe/Helsinki] EditDATA [INFO] За адресою просп. Перемоги, буд. 45, кв. 77 користувачем [Сусло Тетяна] було додано лічильники: 144948].
[16-May-2025 08:20:16 Europe/Helsinki] NewDATA [INFO] Новий лічильник номер: 2127642, тип: СК => DN 15, рік випуску: 2012, показники: 0, балансоутримувач: КП "ВДК" додано до БД користувачем [Сусло Тетяна].
[16-May-2025 08:20:18 Europe/Helsinki] EditDATA [INFO] За адресою просп. Перемоги, буд. 45, кв. 24 користувачем [Сусло Тетяна] було додано лічильники: 2127642].
[16-May-2025 08:22:39 Europe/Helsinki] NewDATA [INFO] Новий лічильник номер: 028331, тип: КВ-1,5 => DN 15, рік випуску: 2017, показники: 0, балансоутримувач: КП "ВДК" додано до БД користувачем [Сусло Тетяна].
[16-May-2025 08:22:59 Europe/Helsinki] NewDATA [INFO] Новий лічильник номер: 029719, тип: КВ-1,5 => DN 15, рік випуску: 2017, показники: 0, балансоутримувач: КП "ТКЕ" додано до БД користувачем [Сусло Тетяна].
[16-May-2025 08:23:01 Europe/Helsinki] EditDATA [INFO] За адресою просп. Миру, буд. 89, кв. 62 користувачем [Сусло Тетяна] було додано лічильники: 028331, 029719].
[16-May-2025 08:23:40 Europe/Helsinki] NewDATA [INFO] Новий лічильник номер: 7265411, тип: ЛК => DN 15, рік випуску: 2007, показники: 0, балансоутримувач: КП "ТКЕ" додано до БД користувачем [Сусло Тетяна].
[16-May-2025 08:23:42 Europe/Helsinki] EditDATA [INFO] За адресою просп. Миру, буд. 89, кв. 152 користувачем [Сусло Тетяна] було додано лічильники: 7265411].
[16-May-2025 08:24:26 Europe/Helsinki] NewDATA [INFO] Новий лічильник номер: 698657, тип: КВ-1,5 => DN 15, рік випуску: 2002, показники: 0, балансоутримувач: КП "ВДК" додано до БД користувачем [Сусло Тетяна].
[16-May-2025 08:24:59 Europe/Helsinki] NewDATA [INFO] Новий лічильник номер: 586209, тип: КВ-1,5 => DN 15, рік випуску: 2002, показники: 0, балансоутримувач: КП "ТКЕ" додано до БД користувачем [Сусло Тетяна].
[16-May-2025 08:25:01 Europe/Helsinki] EditDATA [INFO] За адресою просп. Миру, буд. 80, кв. 27 користувачем [Сусло Тетяна] було додано лічильники: 698657, 586209].
[16-May-2025 08:26:12 Europe/Helsinki] NewDATA [INFO] Новий лічильник номер: 158121, тип: КВ-1,5 => DN 15, рік випуску: 2003, показники: 0, балансоутримувач: КП "ВДК" додано до БД користувачем [Сусло Тетяна].
[16-May-2025 08:27:03 Europe/Helsinki] NewDATA [INFO] Новий лічильник номер: 2021.0122590, тип: Picoflux => DN 15, рік випуску: 2021, показники: 0, балансоутримувач: КП "ТКЕ" додано до БД користувачем [Сусло Тетяна].
[16-May-2025 08:27:05 Europe/Helsinki] EditDATA [INFO] За адресою вул. 1-ї Гвардійської Армії, буд. 14, кв. 29 користувачем [Сусло Тетяна] було додано лічильники: 158121, 2021.0122590].
[16-May-2025 08:27:48 Europe/Helsinki] NewDATA [INFO] Новий лічильник номер: 023935, тип: КВ-1,5 => DN 15, рік випуску: 2017, показники: 0, балансоутримувач: КП "ВДК" додано до БД користувачем [Сусло Тетяна].
[16-May-2025 08:28:12 Europe/Helsinki] NewDATA [INFO] Новий лічильник номер: 039800, тип: КВ-1,5 => DN 15, рік випуску: 2013, показники: 0, балансоутримувач: КП "ТКЕ" додано до БД користувачем [Сусло Тетяна].
[16-May-2025 08:28:14 Europe/Helsinki] EditDATA [INFO] За адресою вул. 1-ї Гвардійської Армії, буд. 16, кв. 57 користувачем [Сусло Тетяна] було додано лічильники: 023935, 039800].
[16-May-2025 08:37:22 Europe/Helsinki] NewDATA [INFO] Новий лічильник номер: 7108487, тип: ЛК => DN 15, рік випуску: 2017, показники: 0, балансоутримувач: КП "ТКЕ" додано до БД користувачем [Сусло Тетяна].
[16-May-2025 08:37:24 Europe/Helsinki] EditDATA [INFO] За адресою вул. Чорновола Вячеслава, буд. 13, кв. 64 користувачем [Сусло Тетяна] було додано лічильники: 7108487].
[16-May-2025 08:38:00 Europe/Helsinki] NewDATA [INFO] Новий лічильник номер: 061257, тип: КВ-1,5 => DN 15, рік випуску: 2020, показники: 0, балансоутримувач: КП "ТКЕ" додано до БД користувачем [Сусло Тетяна].
[16-May-2025 08:38:29 Europe/Helsinki] NewDATA [INFO] Новий лічильник номер: 054382, тип: КВ-1,5 => DN 15, рік випуску: 2020, показники: 0, балансоутримувач: КП "ВДК" додано до БД користувачем [Сусло Тетяна].
[16-May-2025 08:38:31 Europe/Helsinki] EditDATA [INFO] За адресою вул. Радченка Вячеслава, буд. 10, кв. 31 користувачем [Сусло Тетяна] було додано лічильники: 061257, 054382].
[16-May-2025 08:39:54 Europe/Helsinki] NewDATA [INFO] Новий лічильник номер: 040760, тип: КВ-1,5 => DN 15, рік випуску: 2001, показники: 0, балансоутримувач: КП "ВДК" додано до БД користувачем [Сусло Тетяна].
[16-May-2025 08:39:56 Europe/Helsinki] EditDATA [INFO] За адресою вул. Старобілоуська, буд. 14, кв. 10 користувачем [Сусло Тетяна] було додано лічильники: 040760].
[16-May-2025 08:41:20 Europe/Helsinki] NewDATA [INFO] Новий лічильник номер: 20 11984700, тип: Sensus => DN 15, рік випуску: 2020, показники: 0, балансоутримувач: КП "ВДК" додано до БД користувачем [Сусло Тетяна].
[16-May-2025 08:41:21 Europe/Helsinki] EditDATA [INFO] За адресою вул. Гетьмана Полуботка, буд. 36, кв. 10 користувачем [Сусло Тетяна] було додано лічильники: 20 11984700].
[16-May-2025 08:42:17 Europe/Helsinki] NewDATA [INFO] Новий лічильник номер: 362036, тип: КВ-1,5 => DN 15, рік випуску: 2008, показники: 0, балансоутримувач: КП "ВДК" додано до БД користувачем [Сусло Тетяна].
[16-May-2025 08:42:39 Europe/Helsinki] NewDATA [INFO] Новий лічильник номер: 8176092, тип: ЛК => DN 15, рік випуску: 2017, показники: 0, балансоутримувач: КП "ТКЕ" додано до БД користувачем [Сусло Тетяна].
[16-May-2025 08:42:41 Europe/Helsinki] EditDATA [INFO] За адресою вул. Мстиславська, буд. 28, кв. 25 користувачем [Сусло Тетяна] було додано лічильники: 362036, 8176092].
[16-May-2025 08:44:00 Europe/Helsinki] NewDATA [INFO] Новий лічильник номер: 265919, тип: КВ-1,5 => DN 15, рік випуску: 2015, показники: 0, балансоутримувач: КП "ВДК" додано до БД користувачем [Сусло Тетяна].
[16-May-2025 08:44:02 Europe/Helsinki] EditDATA [INFO] За адресою вул. Земська, буд. 68, кв. 2 користувачем [Сусло Тетяна] було додано лічильники: 265919].
[16-May-2025 08:44:45 Europe/Helsinki] NewDATA [INFO] Новий лічильник номер: 8245750, тип: ЛК => DN 15, рік випуску: 2008, показники: 0, балансоутримувач: КП "ВДК" додано до БД користувачем [Сусло Тетяна].
[16-May-2025 08:45:10 Europe/Helsinki] NewDATA [INFO] Новий лічильник номер: 8240917, тип: КВ-1,5 => DN 15, рік випуску: 2008, показники: 0, балансоутримувач: АТ "ОТКЕ" додано до БД користувачем [Сусло Тетяна].
[16-May-2025 08:45:11 Europe/Helsinki] EditDATA [INFO] За адресою вул. Молодчого Олександра, буд. 3, кв. 1 користувачем [Сусло Тетяна] було додано лічильники: 8245750, 8240917].
[16-May-2025 08:45:48 Europe/Helsinki] NewDATA [INFO] Новий лічильник номер: 492301, тип: КВ-1,5 => DN 15, рік випуску: 2005, показники: 0, балансоутримувач: КП "ВДК" додано до БД користувачем [Сусло Тетяна].
[16-May-2025 08:45:49 Europe/Helsinki] EditDATA [INFO] За адресою вул. Шевченка, буд. 49, корп. А, кв. 36 користувачем [Сусло Тетяна] було додано лічильники: 492301].
[16-May-2025 08:46:33 Europe/Helsinki] NewDATA [INFO] Новий лічильник номер: 003823, тип: СВК => DN 15, рік випуску: 2001, показники: 0, балансоутримувач: КП "ВДК" додано до БД користувачем [Сусло Тетяна].
[16-May-2025 08:46:51 Europe/Helsinki] NewDATA [INFO] Новий лічильник номер: 037157, тип: СВК => DN 15, рік випуску: 2001, показники: 0, балансоутримувач: АТ "ОТКЕ" додано до БД користувачем [Сусло Тетяна].
[16-May-2025 08:47:07 Europe/Helsinki] NewDATA [INFO] Новий лічильник номер: 003809, тип: СВК => DN 15, рік випуску: 2001, показники: 0, балансоутримувач: КП "ВДК" додано до БД користувачем [Сусло Тетяна].
[16-May-2025 08:47:27 Europe/Helsinki] NewDATA [INFO] Новий лічильник номер: 037011, тип: СВК => DN 15, рік випуску: 2001, показники: 0, балансоутримувач: АТ "ОТКЕ" додано до БД користувачем [Сусло Тетяна].
[16-May-2025 08:47:29 Europe/Helsinki] EditDATA [INFO] За адресою вул. Савчука, буд. 7, кв. 253 користувачем [Сусло Тетяна] було додано лічильники: 003823, 037157, 003809, 037011].
[16-May-2025 08:48:07 Europe/Helsinki] NewDATA [INFO] Новий лічильник номер: 317720, тип: КВ-1,5 => DN 15, рік випуску: 2008, показники: 0, балансоутримувач: КП "ВДК" додано до БД користувачем [Сусло Тетяна].
[16-May-2025 08:48:26 Europe/Helsinki] NewDATA [INFO] Новий лічильник номер: 282715, тип: КВ-1,5 => DN 15, рік випуску: 2008, показники: 0, балансоутримувач: АТ "ОТКЕ" додано до БД користувачем [Сусло Тетяна].
[16-May-2025 08:48:28 Europe/Helsinki] EditDATA [INFO] За адресою вул. Савчука, буд. 3, кв. 193 користувачем [Сусло Тетяна] було додано лічильники: 317720, 282715].
[16-May-2025 08:49:01 Europe/Helsinki] NewDATA [INFO] Новий лічильник номер: 642814, тип: КВ-1,5 => DN 15, рік випуску: 2004, показники: 0, балансоутримувач: КП "ВДК" додано до БД користувачем [Сусло Тетяна].
[16-May-2025 08:49:02 Europe/Helsinki] EditDATA [INFO] За адресою вул. Савчука, буд. 7, корп. Б, кв. 10 користувачем [Сусло Тетяна] було додано лічильники: 642814].
[16-May-2025 08:49:44 Europe/Helsinki] NewDATA [INFO] Новий лічильник номер: 211370048, тип: СВК => DN 15, рік випуску: 2021, показники: 0, балансоутримувач: КП "ВДК" додано до БД користувачем [Сусло Тетяна].
[16-May-2025 08:50:12 Europe/Helsinki] NewDATA [INFO] Новий лічильник номер: 211362862, тип: СВК => DN 15, рік випуску: 2021, показники: 0, балансоутримувач: АТ "ОТКЕ" додано до БД користувачем [Сусло Тетяна].
[16-May-2025 08:50:14 Europe/Helsinki] EditDATA [INFO] За адресою просп. Перемоги, буд. 25, кв. 73 користувачем [Сусло Тетяна] було додано лічильники: 211370048, 211362862].
[16-May-2025 08:51:03 Europe/Helsinki] NewDATA [INFO] Новий лічильник номер: 063997, тип: КВ-1,5 => DN 15, рік випуску: 2016, показники: 0, балансоутримувач: КП "ВДК" додано до БД користувачем [Сусло Тетяна].
[16-May-2025 08:51:05 Europe/Helsinki] EditDATA [INFO] За адресою просп. Грушевського Михайла, буд. 191, корп. В, кв. 258 користувачем [Сусло Тетяна] було додано лічильники: 063997].
[16-May-2025 08:51:53 Europe/Helsinki] NewDATA [INFO] Новий лічильник номер: 6766735, тип: ЛК => DN 15, рік випуску: 2016, показники: 0, балансоутримувач: КП "ВДК" додано до БД користувачем [Сусло Тетяна].
[16-May-2025 08:56:06 Europe/Helsinki] NewDATA [INFO] Новий лічильник номер: 6319149, тип: ЛК => DN 15, рік випуску: 2016, показники: 0, балансоутримувач: АТ "ОТКЕ" додано до БД користувачем [Сусло Тетяна].
[16-May-2025 08:56:08 Europe/Helsinki] EditDATA [INFO] За адресою вул. Космонавтів, буд. 3, кв. 65 користувачем [Сусло Тетяна] було додано лічильники: 6766735, 6319149].
[16-May-2025 08:56:54 Europe/Helsinki] NewDATA [INFO] Новий лічильник номер: 078443, тип: КВ-1,5 => DN 15, рік випуску: 2021, показники: 0, балансоутримувач: АТ "ОТКЕ" додано до БД користувачем [Сусло Тетяна].
[16-May-2025 08:56:56 Europe/Helsinki] EditDATA [INFO] За адресою просп. Перемоги, буд. 164, кв. 39 користувачем [Сусло Тетяна] було додано лічильники: 078443].
[16-May-2025 08:57:30 Europe/Helsinki] NewDATA [INFO] Новий лічильник номер: 630059, тип: КВ-1,5 => DN 15, рік випуску: 2005, показники: 0, балансоутримувач: АТ "ОТКЕ" додано до БД користувачем [Сусло Тетяна].
[16-May-2025 08:57:33 Europe/Helsinki] EditDATA [INFO] За адресою просп. Перемоги, буд. 162, кв. 39 користувачем [Сусло Тетяна] було додано лічильники: 630059].
[16-May-2025 08:58:09 Europe/Helsinki] NewDATA [INFO] Новий лічильник номер: 289551, тип: КВ-1,5 => DN 15, рік випуску: 2006, показники: 0, балансоутримувач: КП "ВДК" додано до БД користувачем [Сусло Тетяна].
[16-May-2025 08:58:13 Europe/Helsinki] EditDATA [INFO] За адресою просп. Перемоги, буд. 201, кв. 32 користувачем [Сусло Тетяна] було додано лічильники: 289551].
[16-May-2025 09:02:32 Europe/Helsinki] NewDATA [INFO] Новий лічильник номер: 7275325, тип: ЛК => DN 15, рік випуску: 2017, показники: 0, балансоутримувач: КП "ВДК" додано до БД користувачем [Сусло Тетяна].
[16-May-2025 09:02:35 Europe/Helsinki] EditDATA [INFO] За адресою просп. Левка Лукяненка, буд. 51, кв. 16 користувачем [Сусло Тетяна] було додано лічильники: 7275325].
[16-May-2025 09:03:24 Europe/Helsinki] NewDATA [INFO] Новий лічильник номер: 251970, тип: КВ-1,5 => DN 15, рік випуску: 2006, показники: 0, балансоутримувач: КП "ВДК" додано до БД користувачем [Сусло Тетяна].
[16-May-2025 09:03:47 Europe/Helsinki] NewDATA [INFO] Новий лічильник номер: 239308, тип: КВ-1,5 => DN 15, рік випуску: 2006, показники: 0, балансоутримувач: АТ "ОТКЕ" додано до БД користувачем [Сусло Тетяна].
[16-May-2025 09:03:49 Europe/Helsinki] EditDATA [INFO] За адресою просп. Левка Лукяненка, буд. 12, корп. А, кв. 15 користувачем [Сусло Тетяна] було додано лічильники: 251970, 239308].
[16-May-2025 09:04:56 Europe/Helsinki] NewDATA [INFO] Новий лічильник номер: 9200149332, тип: ЛК => DN 15, рік випуску: 2020, показники: 0, балансоутримувач: КП "ВДК" додано до БД користувачем [Сусло Тетяна].
[16-May-2025 09:05:23 Europe/Helsinki] NewDATA [INFO] Новий лічильник номер: 9200310010, тип: ЛК => DN 15, рік випуску: 2020, показники: 0, балансоутримувач: АТ "ОТКЕ" додано до БД користувачем [Сусло Тетяна].
[16-May-2025 09:05:25 Europe/Helsinki] EditDATA [INFO] За адресою просп. Левка Лукяненка, буд. 18, кв. 90 користувачем [Сусло Тетяна] було додано лічильники: 9200149332, 9200310010].
[16-May-2025 09:06:02 Europe/Helsinki] NewDATA [INFO] Новий лічильник номер: 521547, тип: КВ-1,5 => DN 15, рік випуску: 2002, показники: 0, балансоутримувач: АТ "ОТКЕ" додано до БД користувачем [Сусло Тетяна].
[16-May-2025 09:06:03 Europe/Helsinki] EditDATA [INFO] За адресою просп. Левка Лукяненка, буд. 30, кв. 44 користувачем [Сусло Тетяна] було додано лічильники: 521547].
[16-May-2025 09:06:43 Europe/Helsinki] NewDATA [INFO] Новий лічильник номер: 057112, тип: КВ-1,5 => DN 15, рік випуску: 2004, показники: 0, балансоутримувач: КП "ВДК" додано до БД користувачем [Сусло Тетяна].
[16-May-2025 09:07:07 Europe/Helsinki] NewDATA [INFO] Новий лічильник номер: 044205, тип: КВ-1,5 => DN 15, рік випуску: 2004, показники: 0, балансоутримувач: АТ "ОТКЕ" додано до БД користувачем [Сусло Тетяна].
[16-May-2025 09:07:29 Europe/Helsinki] NewDATA [INFO] Новий лічильник номер: 068699, тип: КВ-1,5 => DN 15, рік випуску: 2004, показники: 0, балансоутримувач: КП "ВДК" додано до БД користувачем [Сусло Тетяна].
[16-May-2025 09:07:51 Europe/Helsinki] NewDATA [INFO] Новий лічильник номер: 065875, тип: КВ-1,5 => DN 15, рік випуску: 2004, показники: 0, балансоутримувач: АТ "ОТКЕ" додано до БД користувачем [Сусло Тетяна].
[16-May-2025 09:07:52 Europe/Helsinki] EditDATA [INFO] За адресою просп. Левка Лукяненка, буд. 37, кв. 63 користувачем [Сусло Тетяна] було додано лічильники: 057112, 044205, 068699, 065875].
[16-May-2025 09:08:39 Europe/Helsinki] NewDATA [INFO] Новий лічильник номер: 00684726, тип: E-T 1,6-U => DN 15, рік випуску: 2021, показники: 0, балансоутримувач: КП "ВДК" додано до БД користувачем [Сусло Тетяна].
[16-May-2025 09:09:08 Europe/Helsinki] NewDATA [INFO] Новий лічильник номер: 125282, тип: КВ-1,5 => DN 15, рік випуску: 2009, показники: 0, балансоутримувач: АТ "ОТКЕ" додано до БД користувачем [Сусло Тетяна].
[16-May-2025 09:09:10 Europe/Helsinki] EditDATA [INFO] За адресою вул. 1-ої танкової бригади, буд. 18, кв. 98 користувачем [Сусло Тетяна] було додано лічильники: 00684726, 125282].
[16-May-2025 09:12:17 Europe/Helsinki] DellTASK [INFO] Повірка від 08.05.2025 для адреси вул. Шевченка, буд. 49, корп. А, кв. 36 для лічильника БЕЗ НОМЕРА - 1 шт. було завершено користувачем [Сусло Тетяна] з коментарем: виконано.
[16-May-2025 09:12:32 Europe/Helsinki] DellTASK [INFO] Повірка від 06.05.2025 для адреси просп. Перемоги, буд. 25, кв. 73 для лічильника БЕЗ НОМЕРА - 2 шт. було завершено користувачем [Сусло Тетяна] з коментарем: виконано.
[16-May-2025 09:12:49 Europe/Helsinki] DellTASK [INFO] Повірка від 28.04.2025 для адреси вул. Земська, буд. 68, кв. 2 для лічильника БЕЗ НОМЕРА - 1 шт. було завершено користувачем [Сусло Тетяна] з коментарем: виконано.
[16-May-2025 09:13:03 Europe/Helsinki] DellTASK [INFO] Повірка від 02.05.2025 для адреси вул. Молодчого Олександра, буд. 3, кв. 1 для лічильника БЕЗ НОМЕРА - 2 шт. було завершено користувачем [Сусло Тетяна] з коментарем: виконано.
[16-May-2025 09:13:26 Europe/Helsinki] DellTASK [INFO] Повірка від 05.05.2025 для адреси вул. Савчука, буд. 7, кв. 253 для лічильника БЕЗ НОМЕРА - 4 шт. було завершено користувачем [Сусло Тетяна] з коментарем: виконано.
[16-May-2025 09:13:38 Europe/Helsinki] DellTASK [INFO] Повірка від 23.04.2025 для адреси вул. Мстиславська, буд. 28, кв. 25 для лічильника БЕЗ НОМЕРА - 2 шт. було завершено користувачем [Сусло Тетяна] з коментарем: виконано.
[16-May-2025 09:14:25 Europe/Helsinki] DellTASK [INFO] Повірка від 12.05.2025 для адреси вул. Незалежності, буд. 22, кв. 49 для лічильника БЕЗ НОМЕРА - 2 шт. було відмінено користувачем [Сусло Тетяна] з коментарем: відмінили.
[16-May-2025 09:14:41 Europe/Helsinki] DellTASK [INFO] Повірка від 05.05.2025 для адреси вул. Мазепи Івана, буд. 54, кв. 19 для лічильника БЕЗ НОМЕРА - 2 шт. було завершено користувачем [Сусло Тетяна] з коментарем: виконано.
[16-May-2025 09:14:56 Europe/Helsinki] DellTASK [INFO] Повірка від 29.04.2025 для адреси вул. Ушинського, буд. 6, корп. А, кв. 91 для лічильника БЕЗ НОМЕРА - 1 шт. було завершено користувачем [Сусло Тетяна] з коментарем: виконано.
[16-May-2025 09:15:06 Europe/Helsinki] DellTASK [INFO] Повірка від 24.04.2025 для адреси вул. Мазепи Івана, буд. 56, кв. 3 для лічильника БЕЗ НОМЕРА - 2 шт. було завершено користувачем [Сусло Тетяна] з коментарем: виконано.
[16-May-2025 09:15:33 Europe/Helsinki] DellTASK [INFO] Повірка від 30.04.2025 для адреси вул. Рапопорта, буд. 43, кв. 112 для лічильника БЕЗ НОМЕРА - 1 шт. було відмінено користувачем [Сусло Тетяна] з коментарем: нема дома.
[16-May-2025 09:15:59 Europe/Helsinki] DellTASK [INFO] Повірка від 10.04.2025 для адреси вул. Любецька, буд. 106, корп. А, кв. 23 для лічильника БЕЗ НОМЕРА - 1 шт. було відмінено користувачем [Сусло Тетяна] з коментарем: нема змоги підключитися.
[16-May-2025 09:16:21 Europe/Helsinki] DellTASK [INFO] Повірка від 22.04.2025 для адреси вул. Гонча, буд. 59, корп. А, кв. 32 для лічильника БЕЗ НОМЕРА - 1 шт. було відмінено користувачем [Сусло Тетяна] з коментарем: нема змоги підключитися.
[16-May-2025 09:20:30 Europe/Helsinki] NewDATA [INFO] Новий лічильник номер: 346855, тип: КВ-1,5 => DN 15, рік випуску: 2012, показники: 0, балансоутримувач: КП "ВДК" додано до БД користувачем [Сусло Тетяна].
[16-May-2025 09:20:49 Europe/Helsinki] NewDATA [INFO] Новий лічильник номер: 050248, тип: КВ-1,5 => DN 15, рік випуску: 2012, показники: 0, балансоутримувач: АТ "ОТКЕ" додано до БД користувачем [Сусло Тетяна].
[16-May-2025 09:20:51 Europe/Helsinki] EditDATA [INFO] За адресою вул. Савчука, буд. 3, кв. 43 користувачем [Сусло Тетяна] було додано лічильники: 346855, 050248].
[16-May-2025 09:21:24 Europe/Helsinki] NewDATA [INFO] Новий лічильник номер: 410120, тип: КВ-1,5 => DN 15, рік випуску: 2006, показники: 0, балансоутримувач: КП "ВДК" додано до БД користувачем [Сусло Тетяна].
[16-May-2025 09:21:26 Europe/Helsinki] EditDATA [INFO] За адресою вул. Савчука, буд. 3, кв. 42 користувачем [Сусло Тетяна] було додано лічильники: 410120].
[16-May-2025 09:22:17 Europe/Helsinki] NewDATA [INFO] Новий лічильник номер: 488518, тип: КВ-1,5 => DN 15, рік випуску: 2005, показники: 0, балансоутримувач: АТ "ОТКЕ" додано до БД користувачем [Сусло Тетяна].
[16-May-2025 09:22:40 Europe/Helsinki] NewDATA [INFO] Новий лічильник номер: 491466, тип: КВ-1,5 => DN 15, рік випуску: 2005, показники: 0, балансоутримувач: АТ "ОТКЕ" додано до БД користувачем [Сусло Тетяна].
[16-May-2025 09:22:42 Europe/Helsinki] EditDATA [INFO] За адресою вул. Савчука, буд. 7, корп. А, кв. 14 користувачем [Сусло Тетяна] було додано лічильники: 488518, 491466].
[16-May-2025 09:23:39 Europe/Helsinki] NewDATA [INFO] Новий лічильник номер: 525838, тип: КВ-1,5 => DN 15, рік випуску: 2001, показники: 0, балансоутримувач: КП "ВДК" додано до БД користувачем [Сусло Тетяна].
[16-May-2025 09:24:06 Europe/Helsinki] NewDATA [INFO] Новий лічильник номер: 481864, тип: КВ-1,5 => DN 15, рік випуску: 2001, показники: 0, балансоутримувач: КП "ТКЕ" додано до БД користувачем [Сусло Тетяна].
[16-May-2025 09:24:30 Europe/Helsinki] NewDATA [INFO] Новий лічильник номер: 181223435, тип: СВК => DN 15, рік випуску: 2018, показники: 0, балансоутримувач: КП "ВДК" додано до БД користувачем [Сусло Тетяна].
[16-May-2025 09:24:55 Europe/Helsinki] NewDATA [INFO] Новий лічильник номер: 481878, тип: КВ-1,5 => DN 15, рік випуску: 2001, показники: 0, балансоутримувач: КП "ТКЕ" додано до БД користувачем [Сусло Тетяна].
[16-May-2025 09:24:57 Europe/Helsinki] EditDATA [INFO] За адресою просп. Миру, буд. 52, кв. 37 користувачем [Сусло Тетяна] було додано лічильники: 525838, 481864, 181223435, 481878].
[16-May-2025 09:25:31 Europe/Helsinki] NewDATA [INFO] Новий лічильник номер: 265195, тип: КВ-1,5 => DN 15, рік випуску: 2009, показники: 0, балансоутримувач: КП "ВДК" додано до БД користувачем [Сусло Тетяна].
[16-May-2025 09:26:06 Europe/Helsinki] NewDATA [INFO] Новий лічильник номер: 12020419, тип: Sensus => DN 15, рік випуску: 2020, показники: 0, балансоутримувач: КП "ТКЕ" додано до БД користувачем [Сусло Тетяна].
[16-May-2025 09:26:08 Europe/Helsinki] EditDATA [INFO] За адресою вул. Гонча, буд. 84, кв. 39 користувачем [Сусло Тетяна] було додано лічильники: 265195, 12020419].
[16-May-2025 09:26:47 Europe/Helsinki] NewDATA [INFO] Новий лічильник номер: 473011, тип: КВ-1,5 => DN 15, рік випуску: 2007, показники: 0, балансоутримувач: КП "ВДК" додано до БД користувачем [Сусло Тетяна].
[16-May-2025 09:27:09 Europe/Helsinki] NewDATA [INFO] Новий лічильник номер: 536426, тип: КВ-1,5 => DN 15, рік випуску: 2007, показники: 0, балансоутримувач: КП "ТКЕ" додано до БД користувачем [Сусло Тетяна].
[16-May-2025 09:27:11 Europe/Helsinki] EditDATA [INFO] За адресою вул. Мстиславська, буд. 42, кв. 38 користувачем [Сусло Тетяна] було додано лічильники: 473011, 536426].
[16-May-2025 10:24:08 Europe/Helsinki] NewDATA [INFO] Нова заявка Заміна, адреса: вул. 1-ої танкової бригади 18, кв. 98, лічильники: 00684726, виконавець: Баранов, вартість: 1100 грн., примітки: 8-13, 1 хв, св, №00684726 додано до БД користувачем [Сусло Тетяна].
[2025-05-16T10:24:13.627] [INFO] DataBase - У заявці Заміна від 16 травня 2025 р. за адресою вул. 1-ої танкової бригади, буд. 18, кв. 98 додано дату виконання 23 травня 2025 р. користувачем [Сусло Тетяна].
[16-May-2025 12:45:48 Europe/Helsinki] DellTASK [INFO] Повірка від 14.05.2025 для адреси вул. Корольова, буд. 12, корп. Б, кв. 30 для лічильника БЕЗ НОМЕРА - 1 шт. було завершено користувачем [Коваль Людмила] з коментарем: виконано.
[16-May-2025 12:46:03 Europe/Helsinki] DellTASK [INFO] Повірка від 13.05.2025 для адреси вул. 1-ої танкової бригади, буд. 31, кв. 114 для лічильника БЕЗ НОМЕРА - 2 шт. було завершено користувачем [Коваль Людмила] з коментарем: виконано.
[16-May-2025 12:46:17 Europe/Helsinki] DellTASK [INFO] Повірка від 02.05.2025 для адреси просп. Грушевського Михайла, буд. 157, кв. 93 для лічильника БЕЗ НОМЕРА - 4 шт. було завершено користувачем [Коваль Людмила] з коментарем: виконано.
[16-May-2025 12:46:57 Europe/Helsinki] DellTASK [INFO] Повірка від 30.04.2025 для адреси вул. Космонавтів, буд. 22, кв. 69 для лічильника БЕЗ НОМЕРА - 4 шт. було завершено користувачем [Коваль Людмила] з коментарем: виконано.
[16-May-2025 12:47:11 Europe/Helsinki] DellTASK [INFO] Повірка від 25.04.2025 для адреси вул. Корольова, буд. 14, корп. А, кв. 72 для лічильника БЕЗ НОМЕРА - 1 шт. було завершено користувачем [Коваль Людмила] з коментарем: виконано.
[16-May-2025 12:47:38 Europe/Helsinki] DellTASK [INFO] Повірка від 05.05.2025 для адреси вул. Генерала Пухова, буд. 105, кв. 24 для лічильника БЕЗ НОМЕРА - 4 шт. було завершено користувачем [Коваль Людмила] з коментарем: виконано.
[16-May-2025 12:47:55 Europe/Helsinki] DellTASK [INFO] Повірка від 08.05.2025 для адреси вул. Захисників України, буд. 6, кв. 84 для лічильника БЕЗ НОМЕРА - 2 шт. було завершено користувачем [Коваль Людмила] з коментарем: виконано.
[16-May-2025 12:48:10 Europe/Helsinki] DellTASK [INFO] Повірка від 07.05.2025 для адреси вул. Доценка, буд. 17, кв. 9 для лічильника БЕЗ НОМЕРА - 2 шт. було завершено користувачем [Коваль Людмила] з коментарем: виконано.
[16-May-2025 12:48:33 Europe/Helsinki] DellTASK [INFO] Повірка від 06.05.2025 для адреси вул. Захисників України, буд. 1, кв. 77 для лічильника БЕЗ НОМЕРА - 1 шт. було завершено користувачем [Коваль Людмила] з коментарем: виконано.
[16-May-2025 12:48:48 Europe/Helsinki] DellTASK [INFO] Повірка від 05.05.2025 для адреси просп. Левка Лукяненка, буд. 10, корп. А, кв. 24 для лічильника БЕЗ НОМЕРА - 2 шт. було завершено користувачем [Коваль Людмила] з коментарем: виконано.
[16-May-2025 12:49:03 Europe/Helsinki] DellTASK [INFO] Повірка від 02.05.2025 для адреси вул. Генерала Пухова, буд. 127, кв. 1 для лічильника БЕЗ НОМЕРА - 2 шт. було завершено користувачем [Коваль Людмила] з коментарем: виконано.
[16-May-2025 12:49:15 Europe/Helsinki] DellTASK [INFO] Повірка від 02.05.2025 для адреси вул. Доценка, буд. 8, корп. А, кв. 15 для лічильника БЕЗ НОМЕРА - 2 шт. було завершено користувачем [Коваль Людмила] з коментарем: виконано.
[16-May-2025 12:49:28 Europe/Helsinki] DellTASK [INFO] Повірка від 02.05.2025 для адреси вул. Генерала Пухова, буд. 130, кв. 154 для лічильника БЕЗ НОМЕРА - 2 шт. було завершено користувачем [Коваль Людмила] з коментарем: виконано.
[16-May-2025 12:49:40 Europe/Helsinki] DellTASK [INFO] Повірка від 30.04.2025 для адреси вул. Доценка, буд. 11, кв. 24 для лічильника БЕЗ НОМЕРА - 2 шт. було завершено користувачем [Коваль Людмила] з коментарем: виконано.
[16-May-2025 12:50:04 Europe/Helsinki] DellTASK [INFO] Повірка від 14.05.2025 для адреси вул. курсанта Єськова, буд. 14, корп. 1, кв. 58 для лічильника БЕЗ НОМЕРА - 2 шт. було завершено користувачем [Коваль Людмила] з коментарем: виконано.
[16-May-2025 12:50:17 Europe/Helsinki] DellTASK [INFO] Повірка від 14.05.2025 для адреси вул. курсанта Єськова, буд. 4, кв. 182 для лічильника БЕЗ НОМЕРА - 2 шт. було завершено користувачем [Коваль Людмила] з коментарем: виконано.
[16-May-2025 12:50:30 Europe/Helsinki] DellTASK [INFO] Повірка від 14.05.2025 для адреси просп. Перемоги, буд. 47, кв. 66 для лічильника БЕЗ НОМЕРА - 2 шт. було завершено користувачем [Коваль Людмила] з коментарем: виконано.
[16-May-2025 12:50:44 Europe/Helsinki] DellTASK [INFO] Повірка від 14.05.2025 для адреси вул. Волковича, буд. 5, кв. 26 для лічильника БЕЗ НОМЕРА - 4 шт. було завершено користувачем [Коваль Людмила] з коментарем: виконано.
[16-May-2025 12:50:58 Europe/Helsinki] DellTASK [INFO] Повірка від 14.05.2025 для адреси вул. Волковича, буд. 2, кв. 13 для лічильника БЕЗ НОМЕРА - 4 шт. було завершено користувачем [Коваль Людмила] з коментарем: виконано.
[16-May-2025 12:51:11 Europe/Helsinki] DellTASK [INFO] Повірка від 29.04.2025 для адреси вул. Громадська, буд. 35, кв. 50 для лічильника БЕЗ НОМЕРА - 1 шт. було завершено користувачем [Коваль Людмила] з коментарем: виконано.
[16-May-2025 12:51:25 Europe/Helsinki] DellTASK [INFO] Повірка від 25.04.2025 для адреси вул. Слобідська, буд. 75, корп. А, кв. 20 для лічильника БЕЗ НОМЕРА - 1 шт. було завершено користувачем [Коваль Людмила] з коментарем: виконано.
[16-May-2025 12:51:40 Europe/Helsinki] DellTASK [INFO] Повірка від 22.04.2025 для адреси вул. Льотна, буд. 3, корп. А, кв. 65 для лічильника БЕЗ НОМЕРА - 2 шт. було завершено користувачем [Коваль Людмила] з коментарем: виконано.
[16-May-2025 12:51:55 Europe/Helsinki] DellTASK [INFO] Повірка від 11.04.2025 для адреси вул. Слобідська, буд. 54, кв. 8 для лічильника БЕЗ НОМЕРА - 2 шт. було завершено користувачем [Коваль Людмила] з коментарем: виконано.
[16-May-2025 13:14:34 Europe/Helsinki] NewDATA [INFO] Нова адреса вул. Красносільського, буд. 49, кв. 24, тел. +38 (096) 981-54-19 додана до БД користувачем [Коваль Людмила].
[16-May-2025 13:20:11 Europe/Helsinki] NewDATA [INFO] Нова заявка Повірка, адреса: вул. Красносільського 49, кв. 24, лічильники: БЕЗ НОМЕРА - 1 шт., вартість: 300 грн., примітки: 8-13 додано до БД користувачем [Коваль Людмила].
[2025-05-16T13:20:16.161] [INFO] DataBase - У заявці Повірка від 16 травня 2025 р. за адресою вул. Красносільського, буд. 49, кв. 24 додано виконавця ЗАПЛАНОВАНІ та додано дату виконання 23 травня 2025 р. користувачем [Коваль Людмила].
[16-May-2025 13:22:11 Europe/Helsinki] NewDATA [INFO] Нова адреса вул. Освіти, буд. 10, кв. 72, тел. +38 (066) 342-97-40 додана до БД користувачем [Коваль Людмила].
[16-May-2025 13:22:47 Europe/Helsinki] NewDATA [INFO] Нова заявка Повірка, адреса: вул. Освіти 10, кв. 72, лічильники: БЕЗ НОМЕРА - 2 шт., вартість: 600 грн., примітки: 13-17 додано до БД користувачем [Коваль Людмила].
[2025-05-16T13:22:52.813] [INFO] DataBase - У заявці Повірка від 16 травня 2025 р. за адресою вул. Освіти, буд. 10, кв. 72 додано виконавця ЗАПЛАНОВАНІ та додано дату виконання 27 травня 2025 р. користувачем [Коваль Людмила].
[16-May-2025 13:24:17 Europe/Helsinki] NewDATA [INFO] Нова адреса вул. Чорновола Вячеслава, буд. 13, кв. 112, тел. +38 (063) 520-69-09 додана до БД користувачем [Коваль Людмила].
[16-May-2025 13:24:58 Europe/Helsinki] NewDATA [INFO] Нова заявка Повірка, адреса: вул. Чорновола Вячеслава 13, кв. 112, лічильники: БЕЗ НОМЕРА - 4 шт., вартість: 1200 грн., примітки: 10-14,пер.за час додано до БД користувачем [Коваль Людмила].
[2025-05-16T13:25:04.463] [INFO] DataBase - У заявці Повірка від 16 травня 2025 р. за адресою вул. Чорновола Вячеслава, буд. 13, кв. 112 додано виконавця ЗАПЛАНОВАНІ та додано дату виконання 2 червня 2025 р. користувачем [Коваль Людмила].
[16-May-2025 13:25:53 Europe/Helsinki] NewDATA [INFO] Нова адреса вул. Мстиславська, буд. 81, кв. 100, тел. +38 (067) 706-81-36 додана до БД користувачем [Коваль Людмила].
[16-May-2025 13:26:55 Europe/Helsinki] NewDATA [INFO] Нова заявка Повірка, адреса: вул. Мстиславська 81, кв. 100, лічильники: БЕЗ НОМЕРА - 1 шт., вартість: 300 грн., примітки: 8-13,пер.за 30 хв.(если откажуться.не настаивать) додано до БД користувачем [Коваль Людмила].
[2025-05-16T13:27:00.145] [INFO] DataBase - У заявці Повірка від 16 травня 2025 р. за адресою вул. Мстиславська, буд. 81, кв. 100 додано виконавця Шкуліпа та додано дату виконання 17 травня 2025 р. користувачем [Коваль Людмила].
[2025-05-16T13:27:18.336] [INFO] DataBase - У заявці Повірка від 18 квітня 2025 р. за адресою вул. Космонавтів, буд. 6, кв. 22 видалено виконавця Ващенко та видалено дату виконання 15 травня 2025 р. користувачем [Сусло Тетяна].
[2025-05-16T13:27:27.721] [INFO] DataBase - У заявці Повірка від 18 квітня 2025 р. за адресою вул. Космонавтів, буд. 6, кв. 22 додано виконавця ЗАПЛАНОВАНІ та додано дату виконання 27 травня 2025 р. користувачем [Сусло Тетяна].
[16-May-2025 13:27:39 Europe/Helsinki] EditDATA [INFO] Для заявки Повірка від 18.04.2025 користувачем [Сусло Тетяна] змінено примітки з 13-17 на 8-13.
[16-May-2025 13:28:14 Europe/Helsinki] EditDATA [INFO] За адресою вул. Гонча 76, кв. 11 користувачем [Коваль Людмила] змінені номери телефонів з +38(063)945-98-45, +38(093)123-52-44 на +38(099)154-17-36, при створенні нової заявки [Повірка] від 16.05.2025.
[16-May-2025 13:28:14 Europe/Helsinki] NewDATA [INFO] Нова заявка Повірка, адреса: вул. Гонча 76, кв. 11, лічильники: БЕЗ НОМЕРА - 2 шт., вартість: 600 грн., примітки: 8-13,пер.за 10 хв. додано до БД користувачем [Коваль Людмила].
[2025-05-16T13:28:22.060] [INFO] DataBase - У заявці Повірка від 16 травня 2025 р. за адресою вул. Гонча, буд. 76, кв. 11 додано виконавця Шкуліпа та додано дату виконання 17 травня 2025 р. користувачем [Коваль Людмила].
[16-May-2025 13:29:44 Europe/Helsinki] NewDATA [INFO] Нова заявка Повірка, адреса: вул. 1-ої танкової бригади 18, кв. 44, лічильники: БЕЗ НОМЕРА - 3 шт., вартість: 900 грн., примітки: 2х,1гор.,8-13 додано до БД користувачем [Коваль Людмила].
[2025-05-16T13:29:50.068] [INFO] DataBase - У заявці Повірка від 16 травня 2025 р. за адресою вул. 1-ої танкової бригади, буд. 18, кв. 44 додано виконавця ЗАПЛАНОВАНІ та додано дату виконання 3 червня 2025 р. користувачем [Коваль Людмила].
[16-May-2025 14:32:43 Europe/Helsinki] NewDATA [INFO] Нова заявка Повірка, адреса: вул. Льотна 25 корпус А, кв. 59, лічильники: БЕЗ НОМЕРА - 2 шт., вартість: 600 грн., примітки: 8-13, за 30 хв додано до БД користувачем [Сусло Тетяна].
[2025-05-16T14:32:47.289] [INFO] DataBase - У заявці Повірка від 16 травня 2025 р. за адресою вул. Льотна, буд. 25, корп. А, кв. 59 додано виконавця ЗАПЛАНОВАНІ та додано дату виконання 21 травня 2025 р. користувачем [Сусло Тетяна].
[16-May-2025 14:34:14 Europe/Helsinki] EditDATA [INFO] Для заявки Повірка від 14.05.2025 користувачем [Коваль Людмила] змінено виконавця з ЗАПЛАНОВАНІ на Сірий.
[16-May-2025 14:34:23 Europe/Helsinki] EditDATA [INFO] Для заявки Повірка від 14.05.2025 користувачем [Коваль Людмила] змінено виконавця з ЗАПЛАНОВАНІ на Сірий.
[16-May-2025 14:34:33 Europe/Helsinki] EditDATA [INFO] Для заявки Повірка від 14.05.2025 користувачем [Коваль Людмила] змінено виконавця з ЗАПЛАНОВАНІ на Сірий.
[16-May-2025 14:34:43 Europe/Helsinki] EditDATA [INFO] Для заявки Повірка від 09.05.2025 користувачем [Коваль Людмила] змінено виконавця з ЗАПЛАНОВАНІ на Сірий.
[16-May-2025 14:34:52 Europe/Helsinki] EditDATA [INFO] Для заявки Повірка від 05.05.2025 користувачем [Коваль Людмила] змінено виконавця з ЗАПЛАНОВАНІ на Сірий.
[16-May-2025 14:35:02 Europe/Helsinki] EditDATA [INFO] Для заявки Повірка від 01.05.2025 користувачем [Коваль Людмила] змінено виконавця з ЗАПЛАНОВАНІ на Сірий.
[16-May-2025 14:35:12 Europe/Helsinki] EditDATA [INFO] Для заявки Повірка від 01.05.2025 користувачем [Коваль Людмила] змінено виконавця з ЗАПЛАНОВАНІ на Сірий.
[16-May-2025 14:35:22 Europe/Helsinki] EditDATA [INFO] Для заявки Повірка від 30.04.2025 користувачем [Коваль Людмила] змінено виконавця з ЗАПЛАНОВАНІ на Сірий.
[16-May-2025 14:35:31 Europe/Helsinki] EditDATA [INFO] Для заявки Повірка від 25.04.2025 користувачем [Коваль Людмила] змінено виконавця з ЗАПЛАНОВАНІ на Сірий.
[16-May-2025 14:38:24 Europe/Helsinki] NewDATA [INFO] Нова адреса просп. Левка Лукяненка, буд. 12, корп. В, кв. 5, тел. +38 (093) 675-85-70 додана до БД користувачем [Сусло Тетяна].
[16-May-2025 14:39:23 Europe/Helsinki] NewDATA [INFO] Нова заявка Повірка, адреса: просп. Левка Лукяненка 12 корпус В, кв. 5, лічильники: БЕЗ НОМЕРА - 2 шт., вартість: 600 грн., примітки: 8-13, за 30 хв додано до БД користувачем [Сусло Тетяна].
[2025-05-16T14:39:26.156] [INFO] DataBase - У заявці Повірка від 16 травня 2025 р. за адресою просп. Левка Лукяненка, буд. 12, корп. В, кв. 5 додано виконавця ЗАПЛАНОВАНІ та додано дату виконання 4 червня 2025 р. користувачем [Сусло Тетяна].
[16-May-2025 14:40:19 Europe/Helsinki] NewDATA [INFO] Нова адреса просп. Левка Лукяненка, буд. 48, кв. 141, тел. +38 (098) 259-59-68 додана до БД користувачем [Сусло Тетяна].
[16-May-2025 14:40:59 Europe/Helsinki] NewDATA [INFO] Нова заявка Повірка, адреса: просп. Левка Лукяненка 48, кв. 141, лічильники: БЕЗ НОМЕРА - 2 шт., вартість: 600 грн., примітки: 8-13, за 30 хв додано до БД користувачем [Сусло Тетяна].
[2025-05-16T14:41:03.814] [INFO] DataBase - У заявці Повірка від 16 травня 2025 р. за адресою просп. Левка Лукяненка, буд. 48, кв. 141 додано виконавця ЗАПЛАНОВАНІ та додано дату виконання 27 травня 2025 р. користувачем [Сусло Тетяна].
[16-May-2025 14:41:41 Europe/Helsinki] NewDATA [INFO] Нова адреса вул. Незалежності, буд. 15, кв. 316, тел. +38 (063) 751-31-73 додана до БД користувачем [Сусло Тетяна].
[16-May-2025 14:42:08 Europe/Helsinki] NewDATA [INFO] Нова заявка Повірка, адреса: вул. Незалежності 15, кв. 316, лічильники: БЕЗ НОМЕРА - 1 шт., вартість: 300 грн., примітки: 8-13, за 1 год додано до БД користувачем [Сусло Тетяна].
[2025-05-16T14:42:12.390] [INFO] DataBase - У заявці Повірка від 16 травня 2025 р. за адресою вул. Незалежності, буд. 15, кв. 316 додано виконавця ЗАПЛАНОВАНІ та додано дату виконання 23 травня 2025 р. користувачем [Сусло Тетяна].
[16-May-2025 14:42:48 Europe/Helsinki] NewDATA [INFO] Нова заявка Повірка, адреса: вул. Мстиславська 132, кв. 20, лічильники: БЕЗ НОМЕРА - 2 шт., вартість: 600 грн., примітки: 8-13 додано до БД користувачем [Сусло Тетяна].
[2025-05-16T14:42:51.167] [INFO] DataBase - У заявці Повірка від 16 травня 2025 р. за адресою вул. Мстиславська, буд. 132, кв. 20 додано виконавця ЗАПЛАНОВАНІ та додано дату виконання 21 травня 2025 р. користувачем [Сусло Тетяна].
[16-May-2025 15:14:50 Europe/Helsinki] NewDATA [INFO] Новий лічильник номер: 111893, тип: КВ-1,5 => DN 15, рік випуску: 2010, показники: 0, балансоутримувач: КП "ВДК" додано до БД користувачем [Коваль Людмила].
[16-May-2025 15:14:52 Europe/Helsinki] EditDATA [INFO] За адресою вул. Корольова, буд. 12, корп. Б, кв. 30 користувачем [Коваль Людмила] було додано лічильники: 111893].
[16-May-2025 15:15:33 Europe/Helsinki] NewDATA [INFO] Новий лічильник номер: 099746, тип: КВ-1,5 => DN 15, рік випуску: 2013, показники: 0, балансоутримувач: КП "ВДК" додано до БД користувачем [Коваль Людмила].
[16-May-2025 15:15:35 Europe/Helsinki] EditDATA [INFO] За адресою вул. Корольова, буд. 14, корп. А, кв. 72 користувачем [Коваль Людмила] було додано лічильники: 099746].
[16-May-2025 15:16:08 Europe/Helsinki] NewDATA [INFO] Новий лічильник номер: 072767, тип: КВ-1,5 => DN 15, рік випуску: 2002, показники: 0, балансоутримувач: КП "ВДК" додано до БД користувачем [Коваль Людмила].
[16-May-2025 15:16:10 Europe/Helsinki] EditDATA [INFO] За адресою вул. Космонавтів, буд. 22, кв. 69 користувачем [Коваль Людмила] було додано лічильники: 072767].
[16-May-2025 15:18:05 Europe/Helsinki] NewDATA [INFO] Новий лічильник номер: 692138, тип: КВ-1,5 => DN 15, рік випуску: 2001, показники: 0, балансоутримувач: АТ "ОТКЕ" додано до БД користувачем [Коваль Людмила].
[16-May-2025 15:18:31 Europe/Helsinki] NewDATA [INFO] Новий лічильник номер: 561086, тип: КВ-1,5 => DN 15, рік випуску: 2001, показники: 0, балансоутримувач: КП "ВДК" додано до БД користувачем [Коваль Людмила].
[16-May-2025 15:18:54 Europe/Helsinki] NewDATA [INFO] Новий лічильник номер: 609282, тип: КВ-1,5 => DN 15, рік випуску: 2005, показники: 0, балансоутримувач: АТ "ОТКЕ" додано до БД користувачем [Коваль Людмила].
[16-May-2025 15:18:56 Europe/Helsinki] EditDATA [INFO] За адресою вул. Космонавтів, буд. 22, кв. 69 користувачем [Коваль Людмила] було додано лічильники: 692138, 561086, 609282].
[16-May-2025 15:19:37 Europe/Helsinki] NewDATA [INFO] Новий лічильник номер: 6280575, тип: ЛК => DN 15, рік випуску: 2006, показники: 0, балансоутримувач: АТ "ОТКЕ" додано до БД користувачем [Коваль Людмила].
[16-May-2025 15:19:39 Europe/Helsinki] EditDATA [INFO] За адресою вул. 1-ої танкової бригади, буд. 31, кв. 114 користувачем [Коваль Людмила] було додано лічильники: 6280575].
[16-May-2025 15:19:53 Europe/Helsinki] EditDATA [INFO] За адресою вул. Корольова 13, кв. 1 користувачем [Сусло Тетяна] додано номер телефону +38(099)273-66-38, при створенні нової заявки [Повірка] від 16.05.2025.
[16-May-2025 15:19:53 Europe/Helsinki] NewDATA [INFO] Нова заявка Повірка, адреса: вул. Корольова 13, кв. 1, лічильники: БЕЗ НОМЕРА - 2 шт., вартість: 600 грн., примітки: 8-13 додано до БД користувачем [Сусло Тетяна].
[2025-05-16T15:19:55.908] [INFO] DataBase - У заявці Повірка від 16 травня 2025 р. за адресою вул. Корольова, буд. 13, кв. 1 додано виконавця ЗАПЛАНОВАНІ та додано дату виконання 26 травня 2025 р. користувачем [Сусло Тетяна].

