[01-Apr-2025 08:42:12 Europe/Helsinki] DellTASK [INFO] Повірка від 27.03.2025 для адреси вул. Захисників України, буд. 11, корп. Б, кв. 26 для лічильника БЕЗ НОМЕРА - 2 шт. було завершено користувачем [Коваль Людмила] з коментарем: виконано.
[01-Apr-2025 08:42:25 Europe/Helsinki] DellTASK [INFO] Повірка від 25.03.2025 для адреси вул. Захисників України, буд. 10, кв. 28 для лічильника БЕЗ НОМЕРА - 2 шт. було завершено користувачем [Коваль Людмила] з коментарем: виконано.
[01-Apr-2025 08:42:42 Europe/Helsinki] DellTASK [INFO] Повірка від 24.03.2025 для адреси вул. Шевченка, буд. 114, корп. А, кв. 147 для лічильника БЕЗ НОМЕРА - 1 шт. було завершено користувачем [Коваль Людмила] з коментарем: виконано.
[01-Apr-2025 08:43:00 Europe/Helsinki] DellTASK [INFO] Повірка від 24.03.2025 для адреси вул. Захисників України, буд. 13, кв. 58 для лічильника БЕЗ НОМЕРА - 2 шт. було завершено користувачем [Коваль Людмила] з коментарем: виконано.
[01-Apr-2025 08:43:14 Europe/Helsinki] DellTASK [INFO] Повірка від 19.03.2025 для адреси вул. Гетьмана Полуботка, буд. 36, кв. 18 для лічильника БЕЗ НОМЕРА - 1 шт. було завершено користувачем [Коваль Людмила] з коментарем: виконано.
[01-Apr-2025 08:43:36 Europe/Helsinki] DellTASK [INFO] Повірка від 21.03.2025 для адреси просп. Левка Лукяненка, буд. 2, корп. 2, кв. 5 для лічильника БЕЗ НОМЕРА - 4 шт. було завершено користувачем [Коваль Людмила] з коментарем: виконано.
[01-Apr-2025 08:46:20 Europe/Helsinki] DellTASK [INFO] Повірка від 20.03.2025 для адреси вул. Захисників України, буд. 1, кв. 9 для лічильника БЕЗ НОМЕРА - 2 шт. було завершено користувачем [Коваль Людмила] з коментарем: виконано.
[01-Apr-2025 08:46:33 Europe/Helsinki] DellTASK [INFO] Повірка від 19.03.2025 для адреси вул. Захисників України, буд. 1, кв. 80 для лічильника БЕЗ НОМЕРА - 2 шт. було завершено користувачем [Коваль Людмила] з коментарем: виконано.
[01-Apr-2025 08:46:50 Europe/Helsinki] DellTASK [INFO] Повірка від 31.03.2025 для адреси вул. Чорновола Вячеслава, буд. 4, кв. 39 для лічильника БЕЗ НОМЕРА - 3 шт. було завершено користувачем [Коваль Людмила] з коментарем: виконано.
[01-Apr-2025 08:47:34 Europe/Helsinki] DellTASK [INFO] Повірка від 25.03.2025 для адреси вул. 1-ої танкової бригади, буд. 21, корп. 2, кв. 125 для лічильника БЕЗ НОМЕРА - 1 шт. було завершено користувачем [Коваль Людмила] з коментарем: виконано.
[01-Apr-2025 08:47:48 Europe/Helsinki] DellTASK [INFO] Повірка від 25.03.2025 для адреси просп. Левка Лукяненка, буд. 18, кв. 7 для лічильника БЕЗ НОМЕРА - 2 шт. було завершено користувачем [Коваль Людмила] з коментарем: виконано.
[01-Apr-2025 08:48:04 Europe/Helsinki] DellTASK [INFO] Повірка від 25.03.2025 для адреси вул. Доценка, буд. 25, корп. В, кв. 33 для лічильника БЕЗ НОМЕРА - 4 шт. було завершено користувачем [Коваль Людмила] з коментарем: виконано.
[01-Apr-2025 08:48:18 Europe/Helsinki] DellTASK [INFO] Повірка від 21.03.2025 для адреси вул. Мазепи Івана, буд. 11, кв. 46 для лічильника БЕЗ НОМЕРА - 2 шт. було завершено користувачем [Коваль Людмила] з коментарем: виконано.
[01-Apr-2025 08:49:45 Europe/Helsinki] NewDATA [INFO] Новий лічильник номер: 028677, тип: КВ-1,5 => DN 15, рік випуску: 2020, показники: 0, балансоутримувач: КП "ТКЕ" додано до БД користувачем [Коваль Людмила].
[01-Apr-2025 08:49:47 Europe/Helsinki] EditDATA [INFO] За адресою вул. Чорновола Вячеслава, буд. 4, кв. 39 користувачем [Коваль Людмила] було додано лічильники: 028677].
[01-Apr-2025 08:50:32 Europe/Helsinki] NewDATA [INFO] Новий лічильник номер: 102469, тип: КВ-1,5 => DN 15, рік випуску: 2004, показники: 0, балансоутримувач: АТ "ОТКЕ" додано до БД користувачем [Коваль Людмила].
[01-Apr-2025 08:50:34 Europe/Helsinki] EditDATA [INFO] За адресою вул. 1-ої танкової бригади, буд. 21, корп. 2, кв. 125 користувачем [Коваль Людмила] було додано лічильники: 102469].
[01-Apr-2025 08:51:15 Europe/Helsinki] NewDATA [INFO] Новий лічильник номер: 110167, тип: КВ-1,5 => DN 15, рік випуску: 2016, показники: 0, балансоутримувач: КП "ВДК" додано до БД користувачем [Коваль Людмила].
[01-Apr-2025 08:51:43 Europe/Helsinki] NewDATA [INFO] Новий лічильник номер: 106133, тип: КВ-1,5 => DN 15, рік випуску: 2016, показники: 0, балансоутримувач: АТ "ОТКЕ" додано до БД користувачем [Коваль Людмила].
[01-Apr-2025 08:51:45 Europe/Helsinki] EditDATA [INFO] За адресою просп. Левка Лукяненка, буд. 18, кв. 7 користувачем [Коваль Людмила] було додано лічильники: 110167, 106133].
[01-Apr-2025 09:02:14 Europe/Helsinki] NewDATA [INFO] Новий лічильник номер: 239249, тип: КВ-1,5 => DN 15, рік випуску: 2012, показники: 0, балансоутримувач: КП "ВДК" додано до БД користувачем [Коваль Людмила].
[01-Apr-2025 09:02:17 Europe/Helsinki] EditDATA [INFO] За адресою вул. Мазепи Івана, буд. 11, кв. 46 користувачем [Коваль Людмила] було додано лічильники: 239249].
[01-Apr-2025 09:02:55 Europe/Helsinki] NewDATA [INFO] Новий лічильник номер: 002087, тип: КВ-1,5 => DN 15, рік випуску: 2006, показники: 0, балансоутримувач: КП "ВДК" додано до БД користувачем [Коваль Людмила].
[01-Apr-2025 09:03:39 Europe/Helsinki] NewDATA [INFO] Новий лічильник номер: 635645, тип: КВ-1,5 => DN 15, рік випуску: 2005, показники: 0, балансоутримувач: АТ "ОТКЕ" додано до БД користувачем [Коваль Людмила].
[01-Apr-2025 09:04:09 Europe/Helsinki] NewDATA [INFO] Новий лічильник номер: 626639, тип: КВ-1,5 => DN 15, рік випуску: 2005, показники: 0, балансоутримувач: КП "ВДК" додано до БД користувачем [Коваль Людмила].
[01-Apr-2025 09:04:33 Europe/Helsinki] NewDATA [INFO] Новий лічильник номер: 002111, тип: КВ-1,5 => DN 15, рік випуску: 2006, показники: 0, балансоутримувач: АТ "ОТКЕ" додано до БД користувачем [Коваль Людмила].
[01-Apr-2025 09:04:35 Europe/Helsinki] EditDATA [INFO] За адресою вул. Доценка, буд. 25, корп. В, кв. 33 користувачем [Коваль Людмила] було додано лічильники: 002087, 635645, 626639, 002111].
[01-Apr-2025 09:05:46 Europe/Helsinki] NewDATA [INFO] Новий лічильник номер: 12111447, тип: Sensus => DN 15, рік випуску: 2020, показники: 0, балансоутримувач: КП "ВДК" додано до БД користувачем [Коваль Людмила].
[01-Apr-2025 09:05:48 Europe/Helsinki] EditDATA [INFO] За адресою вул. Гетьмана Полуботка, буд. 36, кв. 18 користувачем [Коваль Людмила] було додано лічильники: 12111447].
[01-Apr-2025 09:06:39 Europe/Helsinki] NewDATA [INFO] Новий лічильник номер: 1200003269, тип: ЛК => DN 15, рік випуску: 2021, показники: 0, балансоутримувач: КП "ВДК" додано до БД користувачем [Коваль Людмила].
[01-Apr-2025 09:06:41 Europe/Helsinki] EditDATA [INFO] За адресою вул. Шевченка, буд. 114, корп. А, кв. 147 користувачем [Коваль Людмила] було додано лічильники: 1200003269].
[01-Apr-2025 09:07:41 Europe/Helsinki] NewDATA [INFO] Новий лічильник номер: 493144, тип: КВ-1,5 => DN 15, рік випуску: 2001, показники: 0, балансоутримувач: КП "ВДК" додано до БД користувачем [Коваль Людмила].
[01-Apr-2025 09:08:05 Europe/Helsinki] NewDATA [INFO] Новий лічильник номер: 499022, тип: КВ-1,5 => DN 15, рік випуску: 2001, показники: 0, балансоутримувач: АТ "ОТКЕ" додано до БД користувачем [Коваль Людмила].
[01-Apr-2025 09:08:07 Europe/Helsinki] EditDATA [INFO] За адресою вул. Захисників України, буд. 13, кв. 58 користувачем [Коваль Людмила] було додано лічильники: 493144, 499022].
[01-Apr-2025 09:08:47 Europe/Helsinki] NewDATA [INFO] Новий лічильник номер: 539775, тип: КВ-1,5 => DN 15, рік випуску: 2003, показники: 0, балансоутримувач: КП "ВДК" додано до БД користувачем [Коваль Людмила].
[01-Apr-2025 09:09:14 Europe/Helsinki] NewDATA [INFO] Новий лічильник номер: 558407, тип: КВ-1,5 => DN 15, рік випуску: 2003, показники: 0, балансоутримувач: АТ "ОТКЕ" додано до БД користувачем [Коваль Людмила].
[01-Apr-2025 09:09:18 Europe/Helsinki] EditDATA [INFO] За адресою вул. Захисників України, буд. 11, корп. Б, кв. 26 користувачем [Коваль Людмила] було додано лічильники: 539775, 558407].
[01-Apr-2025 09:09:57 Europe/Helsinki] NewDATA [INFO] Новий лічильник номер: 070638, тип: КВ-1,5 => DN 15, рік випуску: 2018, показники: 0, балансоутримувач: КП "ВДК" додано до БД користувачем [Коваль Людмила].
[01-Apr-2025 09:10:28 Europe/Helsinki] NewDATA [INFO] Новий лічильник номер: 0329533, тип: ЛК => DN 15, рік випуску: 2018, показники: 0, балансоутримувач: АТ "ОТКЕ" додано до БД користувачем [Коваль Людмила].
[01-Apr-2025 09:10:30 Europe/Helsinki] EditDATA [INFO] За адресою вул. Захисників України, буд. 10, кв. 28 користувачем [Коваль Людмила] було додано лічильники: 070638, 0329533].
[01-Apr-2025 09:11:08 Europe/Helsinki] NewDATA [INFO] Новий лічильник номер: 2769239, тип: ЛК => DN 15, рік випуску: 2012, показники: 0, балансоутримувач: КП "ВДК" додано до БД користувачем [Коваль Людмила].
[01-Apr-2025 09:11:37 Europe/Helsinki] NewDATA [INFO] Новий лічильник номер: 2768453, тип: ЛК => DN 15, рік випуску: 2012, показники: 0, балансоутримувач: АТ "ОТКЕ" додано до БД користувачем [Коваль Людмила].
[01-Apr-2025 09:11:39 Europe/Helsinki] EditDATA [INFO] За адресою вул. Захисників України, буд. 1, кв. 80 користувачем [Коваль Людмила] було додано лічильники: 2769239, 2768453].
[01-Apr-2025 09:12:43 Europe/Helsinki] NewDATA [INFO] Новий лічильник номер: 170725, тип: КВ-1,5 => DN 15, рік випуску: 2004, показники: 0, балансоутримувач: КП "ВДК" додано до БД користувачем [Коваль Людмила].
[01-Apr-2025 09:13:08 Europe/Helsinki] NewDATA [INFO] Новий лічильник номер: 006151, тип: КВ-1,5 => DN 15, рік випуску: 2003, показники: 0, балансоутримувач: АТ "ОТКЕ" додано до БД користувачем [Коваль Людмила].
[01-Apr-2025 09:13:10 Europe/Helsinki] EditDATA [INFO] За адресою вул. Захисників України, буд. 1, кв. 9 користувачем [Коваль Людмила] було додано лічильники: 170725, 006151].
[01-Apr-2025 09:14:06 Europe/Helsinki] NewDATA [INFO] Новий лічильник номер: 210091052, тип: GSD8 => DN 15, рік випуску: 2021, показники: 0, балансоутримувач: КП "ВДК" додано до БД користувачем [Коваль Людмила].
[01-Apr-2025 09:14:33 Europe/Helsinki] NewDATA [INFO] Новий лічильник номер: 200703859, тип: GSD8 => DN 15, рік випуску: 2021, показники: 0, балансоутримувач: АТ "ОТКЕ" додано до БД користувачем [Коваль Людмила].
[01-Apr-2025 09:15:00 Europe/Helsinki] NewDATA [INFO] Новий лічильник номер: 210091049, тип: GSD8 => DN 15, рік випуску: 2021, показники: 0, балансоутримувач: КП "ВДК" додано до БД користувачем [Коваль Людмила].
[01-Apr-2025 09:15:26 Europe/Helsinki] NewDATA [INFO] Новий лічильник номер: 536177, тип: КВ-1,5 => DN 15, рік випуску: 2002, показники: 0, балансоутримувач: АТ "ОТКЕ" додано до БД користувачем [Коваль Людмила].
[01-Apr-2025 09:15:28 Europe/Helsinki] EditDATA [INFO] За адресою просп. Левка Лукяненка, буд. 2, корп. 2, кв. 5 користувачем [Коваль Людмила] було додано лічильники: 210091052, 200703859, 210091049, 536177].
[2025-04-01T09:22:39.604] [INFO] DataBase - У заявці Повірка від 26 березня 2025 р. за адресою вул. Нафтовиків, буд. 17, кв. 12 видалено виконавця Шкуліпа та видалено дату виконання 1 квітня 2025 р. користувачем [Сусло Тетяна].
[2025-04-01T09:22:48.795] [INFO] DataBase - У заявці Повірка від 26 березня 2025 р. за адресою вул. Нафтовиків, буд. 17, кв. 12 додано виконавця ЗАПЛАНОВАНІ та додано дату виконання 16 квітня 2025 р. користувачем [Сусло Тетяна].
[01-Apr-2025 09:23:06 Europe/Helsinki] EditDATA [INFO] Для заявки Повірка від 26.03.2025 користувачем [Сусло Тетяна] додано примітки 8-13.
[01-Apr-2025 09:26:13 Europe/Helsinki] NewDATA [INFO] Новий лічильник номер: 630726, тип: КВ-1,5 => DN 15, рік випуску: 2005, показники: 0, балансоутримувач: КП "ВДК" додано до БД користувачем [Коваль Людмила].
[01-Apr-2025 09:26:39 Europe/Helsinki] NewDATA [INFO] Новий лічильник номер: 610973, тип: КВ-1,5 => DN 15, рік випуску: 2005, показники: 0, балансоутримувач: КП "ТКЕ" додано до БД користувачем [Коваль Людмила].
[01-Apr-2025 09:26:42 Europe/Helsinki] EditDATA [INFO] За адресою просп. Перемоги, буд. 14, кв. 50 користувачем [Коваль Людмила] було додано лічильники: 630726, 610973].
[01-Apr-2025 09:27:22 Europe/Helsinki] NewDATA [INFO] Новий лічильник номер: 8083856, тип: ЛК => DN 15, рік випуску: 2017, показники: 0, балансоутримувач: КП "ВДК" додано до БД користувачем [Коваль Людмила].
[01-Apr-2025 09:27:46 Europe/Helsinki] NewDATA [INFO] Новий лічильник номер: 195982, тип: КВ-1,5 => DN 15, рік випуску: 2010, показники: 0, балансоутримувач: КП "ТКЕ" додано до БД користувачем [Коваль Людмила].
[01-Apr-2025 09:27:49 Europe/Helsinki] EditDATA [INFO] За адресою вул. Ціолковського, буд. 2, кв. 10 користувачем [Коваль Людмила] було додано лічильники: 8083856, 195982].
[01-Apr-2025 09:28:34 Europe/Helsinki] NewDATA [INFO] Новий лічильник номер: 5284223, тип: ЛК => DN 15, рік випуску: 2015, показники: 0, балансоутримувач: КП "ВДК" додано до БД користувачем [Коваль Людмила].
[01-Apr-2025 09:29:00 Europe/Helsinki] NewDATA [INFO] Новий лічильник номер: 5252534, тип: ЛК => DN 15, рік випуску: 2015, показники: 0, балансоутримувач: КП "ТКЕ" додано до БД користувачем [Коваль Людмила].
[01-Apr-2025 09:29:02 Europe/Helsinki] EditDATA [INFO] За адресою вул. Текстильників, буд. 24, корп. А, кв. 35 користувачем [Коваль Людмила] було додано лічильники: 5284223, 5252534].
[01-Apr-2025 09:48:05 Europe/Helsinki] NewDATA [INFO] Новий лічильник номер: 07114575, тип: E-T 1,5-U => DN 15, рік випуску: 2007, показники: 0, балансоутримувач: КП "ВДК" додано до БД користувачем [Коваль Людмила].
[01-Apr-2025 10:02:01 Europe/Helsinki] NewDATA [INFO] Нова адреса вул. 1-ої танкової бригади, буд. 37, корп. 2, кв. 28, тел. +38 (063) 280-47-46 додана до БД користувачем [Сусло Тетяна].
[01-Apr-2025 10:02:43 Europe/Helsinki] NewDATA [INFO] Нова заявка Повірка, адреса: вул. 1-ої танкової бригади 37 корпус 2, кв. 28, лічильники: БЕЗ НОМЕРА - 2 шт., вартість: 600 грн., примітки: 13-17, за 30 хв додано до БД користувачем [Сусло Тетяна].
[2025-04-01T10:02:47.733] [INFO] DataBase - У заявці Повірка від 1 квітня 2025 р. за адресою вул. 1-ої танкової бригади, буд. 37, корп. 2, кв. 28 додано виконавця ЗАПЛАНОВАНІ та додано дату виконання 7 квітня 2025 р. користувачем [Сусло Тетяна].
[01-Apr-2025 10:24:58 Europe/Helsinki] EditDATA [INFO] За адресою просп. Перемоги 27, кв. 30 користувачем [Сусло Тетяна] змінені номери телефонів з +38(063)364-05-44, +38(093)910-87-60 на +38(093)910-87-60, при створенні нової заявки [Повірка] від 01.04.2025.
[01-Apr-2025 10:24:58 Europe/Helsinki] NewDATA [INFO] Нова заявка Повірка, адреса: просп. Перемоги 27, кв. 30, лічильники: БЕЗ НОМЕРА - 1 шт., вартість: 300 грн., примітки: 8-13, за 30 хв, код 38 додано до БД користувачем [Сусло Тетяна].
[2025-04-01T10:25:03.015] [INFO] DataBase - У заявці Повірка від 1 квітня 2025 р. за адресою просп. Перемоги, буд. 27, кв. 30 додано виконавця ЗАПЛАНОВАНІ та додано дату виконання 9 квітня 2025 р. користувачем [Сусло Тетяна].
[01-Apr-2025 10:25:35 Europe/Helsinki] EditDATA [INFO] Для заявки Повірка від 01.04.2025 користувачем [Сусло Тетяна] змінено примітки з 8-13, за 30 хв, код 38 на 8-13, за 30 хв, код 38, 1 гв.
[01-Apr-2025 10:39:08 Europe/Helsinki] NewDATA [INFO] Нова заявка Заміна, адреса: просп. Миру 151 корпус А, кв. 16, лічильники: 178232, 434605, вартість: 800 грн., примітки: за 1 год, людина маломобільна, чекати відповіді, код 16, 2 хв, кухня, св додано до БД користувачем [Сусло Тетяна].
[2025-04-01T10:39:12.204] [INFO] DataBase - У заявці Заміна від 1 квітня 2025 р. за адресою просп. Миру, буд. 151, корп. А, кв. 16 додано виконавця Баранов та додано дату виконання 4 квітня 2025 р. користувачем [Сусло Тетяна].
[01-Apr-2025 11:36:26 Europe/Helsinki] NewDATA [INFO] Нова адреса вул. Дніпровська, буд. 4, кв. 73, тел. +38 (098) 414-76-25 додана до БД користувачем [Сусло Тетяна].
[01-Apr-2025 11:36:49 Europe/Helsinki] NewDATA [INFO] Нова адреса вул. Шевченка, буд. 114, корп. А, кв. 86, тел. +38 (067) 348-53-27 додана до БД користувачем [Коваль Людмила].
[01-Apr-2025 11:36:52 Europe/Helsinki] NewDATA [INFO] Нова заявка Повірка, адреса: вул. Дніпровська 4, кв. 73, лічильники: БЕЗ НОМЕРА - 2 шт., вартість: 600 грн., примітки: 9-13 додано до БД користувачем [Сусло Тетяна].
[2025-04-01T11:37:01.774] [INFO] DataBase - У заявці Повірка від 1 квітня 2025 р. за адресою вул. Дніпровська, буд. 4, кв. 73 додано виконавця ЗАПЛАНОВАНІ та додано дату виконання 3 квітня 2025 р. користувачем [Сусло Тетяна].
[01-Apr-2025 11:37:36 Europe/Helsinki] NewDATA [INFO] Нова заявка Повірка, адреса: вул. Шевченка 114 корпус А, кв. 86, лічильники: БЕЗ НОМЕРА - 1 шт., вартість: 300 грн., примітки: пер.за час додано до БД користувачем [Коваль Людмила].
[2025-04-01T11:37:46.562] [INFO] DataBase - У заявці Повірка від 1 квітня 2025 р. за адресою вул. Шевченка, буд. 114, корп. А, кв. 86 додано виконавця ЗАПЛАНОВАНІ та додано дату виконання 10 квітня 2025 р. користувачем [Коваль Людмила].
[01-Apr-2025 11:38:44 Europe/Helsinki] NewDATA [INFO] Нова адреса вул. Шевченка, буд. 106, кв. 92, тел. +38 (066) 900-72-20 додана до БД користувачем [Коваль Людмила].
[01-Apr-2025 11:39:16 Europe/Helsinki] NewDATA [INFO] Нова заявка Повірка, адреса: вул. Шевченка 106, кв. 92, лічильники: БЕЗ НОМЕРА - 2 шт., вартість: 600 грн., примітки: пер.за час.13-17 додано до БД користувачем [Коваль Людмила].
[2025-04-01T11:39:21.890] [INFO] DataBase - У заявці Повірка від 1 квітня 2025 р. за адресою вул. Шевченка, буд. 106, кв. 92 додано виконавця ЗАПЛАНОВАНІ та додано дату виконання 10 квітня 2025 р. користувачем [Коваль Людмила].
[01-Apr-2025 11:40:05 Europe/Helsinki] EditDATA [INFO] За адресою вул. Доценка 17 корпус В, кв. 30 користувачем [Коваль Людмила] змінені номери телефонів з +38(098)340-41-27, +38(0462)23-76-07 на +38(098)340-41-27, при створенні нової заявки [Повірка] від 01.04.2025.
[01-Apr-2025 11:40:05 Europe/Helsinki] NewDATA [INFO] Нова заявка Повірка, адреса: вул. Доценка 17 корпус В, кв. 30, лічильники: БЕЗ НОМЕРА - 2 шт., вартість: 600 грн., примітки: 13-17,пер.за 30 хв. додано до БД користувачем [Коваль Людмила].
[2025-04-01T11:40:21.028] [INFO] DataBase - У заявці Повірка від 1 квітня 2025 р. за адресою вул. Доценка, буд. 17, корп. В, кв. 30 додано виконавця ЗАПЛАНОВАНІ та додано дату виконання 7 квітня 2025 р. користувачем [Коваль Людмила].
[01-Apr-2025 11:40:49 Europe/Helsinki] NewDATA [INFO] Нова заявка Повірка, адреса: вул. Мазепи Івана 11, кв. 46, лічильники: БЕЗ НОМЕРА - 1 шт., вартість: 300 грн., примітки: 8-13 додано до БД користувачем [Коваль Людмила].
[2025-04-01T11:40:54.260] [INFO] DataBase - У заявці Повірка від 1 квітня 2025 р. за адресою вул. Мазепи Івана, буд. 11, кв. 46 додано виконавця ЗАПЛАНОВАНІ та додано дату виконання 4 квітня 2025 р. користувачем [Коваль Людмила].
[01-Apr-2025 11:42:26 Europe/Helsinki] EditDATA [INFO] За адресою вул. Тероборони 9, кв. 3 користувачем [Коваль Людмила] змінені номери телефонів з +38(0462)69-03-32, +38(066)773-74-54 на +38(066)773-74-54, при створенні нової заявки [Повірка] від 01.04.2025.
[01-Apr-2025 11:42:26 Europe/Helsinki] NewDATA [INFO] Нова заявка Повірка, адреса: вул. Тероборони 9, кв. 3, лічильники: БЕЗ НОМЕРА - 1 шт., вартість: 300 грн., примітки: 8-13 додано до БД користувачем [Коваль Людмила].
[2025-04-01T11:42:33.127] [INFO] DataBase - У заявці Повірка від 1 квітня 2025 р. за адресою вул. Тероборони, буд. 9, кв. 3 додано виконавця ЗАПЛАНОВАНІ та додано дату виконання 15 квітня 2025 р. користувачем [Коваль Людмила].
[01-Apr-2025 11:47:05 Europe/Helsinki] NewDATA [INFO] Нова адреса вул. Шевчука, буд. 2, кв. 67, тел. +38 (050) 418-32-61 додана до БД користувачем [Коваль Людмила].
[01-Apr-2025 11:47:43 Europe/Helsinki] NewDATA [INFO] Нова заявка Повірка, адреса: вул. Шевчука 2, кв. 67, лічильники: БЕЗ НОМЕРА - 2 шт., вартість: 360 грн., примітки: пер.за час.на протязі дня додано до БД користувачем [Коваль Людмила].
[2025-04-01T11:47:48.815] [INFO] DataBase - У заявці Повірка від 1 квітня 2025 р. за адресою вул. Шевчука, буд. 2, кв. 67 додано виконавця ЗАПЛАНОВАНІ та додано дату виконання 8 квітня 2025 р. користувачем [Коваль Людмила].
[01-Apr-2025 11:49:26 Europe/Helsinki] NewDATA [INFO] Нова адреса вул. Пирогова, буд. 5, кв. 66, тел. +38 (063) 495-35-64 додана до БД користувачем [Коваль Людмила].
[01-Apr-2025 11:49:52 Europe/Helsinki] NewDATA [INFO] Нова заявка Повірка, адреса: вул. Пирогова 5, кв. 66, лічильники: БЕЗ НОМЕРА - 2 шт., вартість: 600 грн., примітки: 8-13 додано до БД користувачем [Коваль Людмила].
[2025-04-01T11:49:58.263] [INFO] DataBase - У заявці Повірка від 1 квітня 2025 р. за адресою вул. Пирогова, буд. 5, кв. 66 додано виконавця ЗАПЛАНОВАНІ та додано дату виконання 8 квітня 2025 р. користувачем [Коваль Людмила].
[01-Apr-2025 11:50:42 Europe/Helsinki] NewDATA [INFO] Нова адреса просп. Грушевського Михайла, буд. 193, кв. 132, тел. +38 (063) 164-33-33 додана до БД користувачем [Коваль Людмила].
[01-Apr-2025 11:51:15 Europe/Helsinki] NewDATA [INFO] Нова заявка Повірка, адреса: просп. Грушевського Михайла 193, кв. 132, лічильники: БЕЗ НОМЕРА - 1 шт., вартість: 300 грн., примітки: 8-13,пер.за час додано до БД користувачем [Коваль Людмила].
[2025-04-01T11:51:20.201] [INFO] DataBase - У заявці Повірка від 1 квітня 2025 р. за адресою просп. Грушевського Михайла, буд. 193, кв. 132 додано виконавця ЗАПЛАНОВАНІ та додано дату виконання 7 квітня 2025 р. користувачем [Коваль Людмила].
[01-Apr-2025 11:57:34 Europe/Helsinki] NewDATA [INFO] Нова адреса вул. Мазепи Івана, буд. 20, кв. 12, тел. +38 (095) 394-82-93 додана до БД користувачем [Сусло Тетяна].
[01-Apr-2025 11:58:46 Europe/Helsinki] NewDATA [INFO] Нова заявка Заміна, адреса: вул. Мазепи Івана 20, кв. 12, лічильники: БЕЗ НОМЕРА - 2 шт., виконавець: Баранов, вартість: 2200 грн., примітки: 10,30-13, 2 хв, один хаз. з київс. 2/77 додано до БД користувачем [Сусло Тетяна].
[2025-04-01T11:58:50.889] [INFO] DataBase - У заявці Заміна від 1 квітня 2025 р. за адресою вул. Мазепи Івана, буд. 20, кв. 12 додано дату виконання 2 квітня 2025 р. користувачем [Сусло Тетяна].
[01-Apr-2025 11:59:26 Europe/Helsinki] NewDATA [INFO] Нова адреса вул. Київська, буд. 2, кв. 77, тел. +38 (095) 394-82-93 додана до БД користувачем [Сусло Тетяна].
[01-Apr-2025 12:00:43 Europe/Helsinki] NewDATA [INFO] Нова заявка Заміна, адреса: вул. Київська 2, кв. 77, лічильники: БЕЗ НОМЕРА - 1 шт., виконавець: Баранов, вартість: 1100 грн., примітки: спочатку на мазепи 20/12 додано до БД користувачем [Сусло Тетяна].
[2025-04-01T12:00:49.122] [INFO] DataBase - У заявці Заміна від 1 квітня 2025 р. за адресою вул. Київська, буд. 2, кв. 77 додано дату виконання 2 квітня 2025 р. користувачем [Сусло Тетяна].
[01-Apr-2025 12:00:59 Europe/Helsinki] EditDATA [INFO] Для заявки Заміна від 01.04.2025 користувачем [Сусло Тетяна] змінено примітки з спочатку на мазепи 20/12 на 1 хв, спочатку на мазепи 20/12.
[01-Apr-2025 12:01:24 Europe/Helsinki] EditDATA [INFO] Для заявки Заміна від 01.04.2025 користувачем [Сусло Тетяна] змінено примітки з 10,30-13, 2 хв, один хаз. з київс. 2/77 на 10,30-13, за 30 хв, 2 хв, один хаз. з київс. 2/77.
[01-Apr-2025 12:02:09 Europe/Helsinki] NewDATA [INFO] Нова адреса вул. Незалежності, буд. 50, кв. 105, тел. +38 (067) 368-36-68 додана до БД користувачем [Сусло Тетяна].
[01-Apr-2025 12:02:33 Europe/Helsinki] NewDATA [INFO] Нова заявка Повірка, адреса: вул. Незалежності 50, кв. 105, лічильники: БЕЗ НОМЕРА - 1 шт., вартість: 300 грн., примітки: 8-13, 1 гв додано до БД користувачем [Сусло Тетяна].
[2025-04-01T12:02:38.159] [INFO] DataBase - У заявці Повірка від 1 квітня 2025 р. за адресою вул. Незалежності, буд. 50, кв. 105 додано виконавця ЗАПЛАНОВАНІ та додано дату виконання 16 квітня 2025 р. користувачем [Сусло Тетяна].
[01-Apr-2025 12:28:08 Europe/Helsinki] NewDATA [INFO] Нова адреса вул. курсанта Єськова, буд. 10, корп. 2, кв. 23, тел. +38 (097) 396-85-05 додана до БД користувачем [Сусло Тетяна].
[01-Apr-2025 12:28:59 Europe/Helsinki] NewDATA [INFO] Нова заявка Повірка, адреса: вул. курсанта Єськова 10 корпус 2, кв. 23, лічильники: БЕЗ НОМЕРА - 1 шт., вартість: 300 грн., примітки: 8-13, 1 гв додано до БД користувачем [Сусло Тетяна].
[2025-04-01T12:29:03.175] [INFO] DataBase - У заявці Повірка від 1 квітня 2025 р. за адресою вул. курсанта Єськова, буд. 10, корп. 2, кв. 23 додано виконавця ЗАПЛАНОВАНІ та додано дату виконання 8 квітня 2025 р. користувачем [Сусло Тетяна].
[01-Apr-2025 13:00:41 Europe/Helsinki] NewDATA [INFO] Нова адреса вул. Любецька, буд. 2, кв. 27, тел. +38 (068) 026-16-12 додана до БД користувачем [Коваль Людмила].
[01-Apr-2025 13:01:07 Europe/Helsinki] NewDATA [INFO] Нова заявка Повірка, адреса: вул. Любецька 2, кв. 27, лічильники: БЕЗ НОМЕРА - 2 шт., вартість: 600 грн., примітки: 8-13 додано до БД користувачем [Коваль Людмила].
[2025-04-01T13:01:14.539] [INFO] DataBase - У заявці Повірка від 1 квітня 2025 р. за адресою вул. Любецька, буд. 2, кв. 27 додано виконавця ЗАПЛАНОВАНІ та додано дату виконання 4 квітня 2025 р. користувачем [Коваль Людмила].
[01-Apr-2025 13:02:01 Europe/Helsinki] NewDATA [INFO] Нова адреса вул. Котляревського, буд. 13, кв. 69, тел. +38 (099) 096-89-71 додана до БД користувачем [Коваль Людмила].
[01-Apr-2025 13:03:11 Europe/Helsinki] NewDATA [INFO] Нова заявка Повірка, адреса: вул. Котляревського 13, кв. 69, лічильники: БЕЗ НОМЕРА - 4 шт., вартість: 1200 грн., примітки: 8-13,пер.за 10 хв.8-13 додано до БД користувачем [Коваль Людмила].
[01-Apr-2025 13:04:25 Europe/Helsinki] EditDATA [INFO] За адресою просп. Перемоги 168, кв. 85 користувачем [Коваль Людмила] змінені номери телефонів з +38(0462)62-13-92, +38(098)931-75-36 на +38(098)931-75-36, при створенні нової заявки [Повірка] від 01.04.2025.
[01-Apr-2025 13:04:25 Europe/Helsinki] NewDATA [INFO] Нова заявка Повірка, адреса: просп. Перемоги 168, кв. 85, лічильники: БЕЗ НОМЕРА - 1 шт., вартість: 300 грн., примітки: 8-13 додано до БД користувачем [Коваль Людмила].
[2025-04-01T13:04:37.733] [INFO] DataBase - У заявці Повірка від 1 квітня 2025 р. за адресою просп. Перемоги, буд. 168, кв. 85 додано виконавця ЗАПЛАНОВАНІ та додано дату виконання 10 квітня 2025 р. користувачем [Коваль Людмила].
[2025-04-01T13:04:53.067] [INFO] DataBase - У заявці Повірка від 1 квітня 2025 р. за адресою вул. Котляревського, буд. 13, кв. 69 додано виконавця ЗАПЛАНОВАНІ та додано дату виконання 7 квітня 2025 р. користувачем [Коваль Людмила].
[01-Apr-2025 13:05:34 Europe/Helsinki] NewDATA [INFO] Нова адреса вул. Богуна Івана, буд. 51, кв. 102, тел. +38 (067) 587-33-68 додана до БД користувачем [Коваль Людмила].
[01-Apr-2025 13:05:57 Europe/Helsinki] NewDATA [INFO] Нова заявка Повірка, адреса: вул. Богуна Івана 51, кв. 102, лічильники: БЕЗ НОМЕРА - 1 шт., вартість: 300 грн., примітки: 10-13 додано до БД користувачем [Коваль Людмила].
[2025-04-01T13:06:08.855] [INFO] DataBase - У заявці Повірка від 1 квітня 2025 р. за адресою вул. Богуна Івана, буд. 51, кв. 102 додано виконавця ЗАПЛАНОВАНІ та додано дату виконання 15 квітня 2025 р. користувачем [Коваль Людмила].
[01-Apr-2025 13:07:03 Europe/Helsinki] NewDATA [INFO] Нова адреса вул. Хлібопекарська, буд. 16, кв. 60, тел. +38 (095) 740-81-55 додана до БД користувачем [Коваль Людмила].
[01-Apr-2025 13:07:36 Europe/Helsinki] NewDATA [INFO] Нова заявка Повірка, адреса: вул. Хлібопекарська 16, кв. 60, лічильники: БЕЗ НОМЕРА - 2 шт., вартість: 600 грн., примітки: 8-13 додано до БД користувачем [Коваль Людмила].
[2025-04-01T13:07:56.578] [INFO] DataBase - У заявці Повірка від 1 квітня 2025 р. за адресою вул. Хлібопекарська, буд. 16, кв. 60 додано виконавця ЗАПЛАНОВАНІ та додано дату виконання 10 квітня 2025 р. користувачем [Коваль Людмила].
[01-Apr-2025 13:09:55 Europe/Helsinki] NewDATA [INFO] Нова адреса вул. Савчука, буд. 7, корп. А, кв. 5, тел. +38 (063) 700-31-93 додана до БД користувачем [Коваль Людмила].
[01-Apr-2025 13:10:41 Europe/Helsinki] NewDATA [INFO] Нова заявка Повірка, адреса: вул. Савчука 7 корпус А, кв. 5, лічильники: БЕЗ НОМЕРА - 4 шт., вартість: 1200 грн., примітки: 8-13 додано до БД користувачем [Коваль Людмила].
[2025-04-01T13:10:46.749] [INFO] DataBase - У заявці Повірка від 1 квітня 2025 р. за адресою вул. Савчука, буд. 7, корп. А, кв. 5 додано виконавця ЗАПЛАНОВАНІ та додано дату виконання 11 квітня 2025 р. користувачем [Коваль Людмила].
[01-Apr-2025 13:11:27 Europe/Helsinki] NewDATA [INFO] Нова адреса вул. Любецька, буд. 104, кв. 35, тел. +38 (093) 768-18-16 додана до БД користувачем [Коваль Людмила].
[01-Apr-2025 13:11:59 Europe/Helsinki] NewDATA [INFO] Нова заявка Повірка, адреса: вул. Любецька 104, кв. 35, лічильники: БЕЗ НОМЕРА - 1 шт., вартість: 300 грн., примітки: 13-17 додано до БД користувачем [Коваль Людмила].
[2025-04-01T13:12:04.823] [INFO] DataBase - У заявці Повірка від 1 квітня 2025 р. за адресою вул. Любецька, буд. 104, кв. 35 додано виконавця ЗАПЛАНОВАНІ та додано дату виконання 16 квітня 2025 р. користувачем [Коваль Людмила].
[01-Apr-2025 13:13:40 Europe/Helsinki] NewDATA [INFO] Новий лічильник номер: 021737, тип: КВ-1,5 => DN 15, рік випуску: 2011, показники: 0, балансоутримувач: КП "ВДК" додано до БД користувачем [Коваль Людмила].
[01-Apr-2025 13:14:01 Europe/Helsinki] NewDATA [INFO] Новий лічильник номер: 671143, тип: КВ-1,5 => DN 15, рік випуску: 2006, показники: 0, балансоутримувач: КП "ТКЕ" додано до БД користувачем [Коваль Людмила].
[01-Apr-2025 13:14:19 Europe/Helsinki] NewDATA [INFO] Новий лічильник номер: 021526, тип: КВ-1,5 => DN 15, рік випуску: 2011, показники: 0, балансоутримувач: КП "ВДК" додано до БД користувачем [Коваль Людмила].
[01-Apr-2025 13:14:43 Europe/Helsinki] NewDATA [INFO] Новий лічильник номер: 198708, тип: КВ-1,5 => DN 15, рік випуску: 2005, показники: 0, балансоутримувач: КП "ТКЕ" додано до БД користувачем [Коваль Людмила].
[01-Apr-2025 13:14:45 Europe/Helsinki] EditDATA [INFO] За адресою вул. Текстильників, буд. 11, корп. Б, кв. 33 користувачем [Коваль Людмила] було додано лічильники: 021737, 671143, 021526, 198708].
[01-Apr-2025 13:15:26 Europe/Helsinki] NewDATA [INFO] Новий лічильник номер: 267793, тип: КВ-1,5 => DN 15, рік випуску: 2003, показники: 0, балансоутримувач: КП "ВДК" додано до БД користувачем [Коваль Людмила].
[01-Apr-2025 13:15:47 Europe/Helsinki] NewDATA [INFO] Новий лічильник номер: 196059, тип: КВ-1,5 => DN 15, рік випуску: 2003, показники: 0, балансоутримувач: КП "ТКЕ" додано до БД користувачем [Коваль Людмила].
[01-Apr-2025 13:16:16 Europe/Helsinki] NewDATA [INFO] Новий лічильник номер: 199506, тип: КВ-1,5 => DN 15, рік випуску: 2003, показники: 0, балансоутримувач: КП "ТКЕ" додано до БД користувачем [Коваль Людмила].
[01-Apr-2025 13:16:39 Europe/Helsinki] NewDATA [INFO] Новий лічильник номер: 303652, тип: КВ-1,5 => DN 15, рік випуску: 2003, показники: 0, балансоутримувач: КП "ВДК" додано до БД користувачем [Коваль Людмила].
[01-Apr-2025 13:16:41 Europe/Helsinki] EditDATA [INFO] За адресою вул. Самоквасова Дмитра, буд. 20, кв. 101 користувачем [Коваль Людмила] було додано лічильники: 267793, 196059, 199506, 303652].
[01-Apr-2025 13:17:19 Europe/Helsinki] NewDATA [INFO] Новий лічильник номер: 0066443, тип: ЛК => DN 15, рік випуску: 2010, показники: 0, балансоутримувач: КП "ВДК" додано до БД користувачем [Коваль Людмила].
[01-Apr-2025 13:17:45 Europe/Helsinki] NewDATA [INFO] Новий лічильник номер: 0065805, тип: ЛК => DN 15, рік випуску: 2010, показники: 0, балансоутримувач: КП "ТКЕ" додано до БД користувачем [Коваль Людмила].
[01-Apr-2025 13:17:47 Europe/Helsinki] EditDATA [INFO] За адресою вул. Самоквасова Дмитра, буд. 10, кв. 119 користувачем [Коваль Людмила] було додано лічильники: 0066443, 0065805].
[01-Apr-2025 13:18:27 Europe/Helsinki] NewDATA [INFO] Новий лічильник номер: 051726, тип: КВ-1,5 => DN 15, рік випуску: 2020, показники: 0, балансоутримувач: КП "ВДК" додано до БД користувачем [Коваль Людмила].
[01-Apr-2025 13:18:58 Europe/Helsinki] NewDATA [INFO] Новий лічильник номер: 7139151, тип: ЛК => DN 15, рік випуску: 2017, показники: 0, балансоутримувач: КП "ТКЕ" додано до БД користувачем [Коваль Людмила].
[01-Apr-2025 13:19:00 Europe/Helsinki] EditDATA [INFO] За адресою вул. Самоквасова Дмитра, буд. 9, кв. 27 користувачем [Коваль Людмила] було додано лічильники: 051726, 7139151].
[01-Apr-2025 13:20:25 Europe/Helsinki] NewDATA [INFO] Новий лічильник номер: 07113257, тип: E-T 1,5-U => DN 15, рік випуску: 2007, показники: 0, балансоутримувач: КП "ТКЕ" додано до БД користувачем [Коваль Людмила].
[01-Apr-2025 13:20:27 Europe/Helsinki] EditDATA [INFO] За адресою вул. Толстого, буд. 134, кв. 29 користувачем [Коваль Людмила] було додано лічильники: 07114575, 07113257].
[01-Apr-2025 13:21:20 Europe/Helsinki] NewDATA [INFO] Новий лічильник номер: 7090148, тип: ЛК => DN 15, рік випуску: 2017, показники: 0, балансоутримувач: КП "ТКЕ" додано до БД користувачем [Коваль Людмила].
[01-Apr-2025 13:21:22 Europe/Helsinki] EditDATA [INFO] За адресою вул. Котляревського, буд. 3, кв. 15 користувачем [Коваль Людмила] було додано лічильники: 7090148].
[01-Apr-2025 13:51:22 Europe/Helsinki] EditDATA [INFO] Для заявки Повірка від 31.03.2025 користувачем [Коваль Людмила] змінено примітки з гор.(ут.х.)на протязі дня.пер.за час на до 14.гор.(ут.х.)на протязі дня.пер.за час.
[01-Apr-2025 14:32:53 Europe/Helsinki] EditDATA [INFO] Для заявки Повірка від 31.03.2025 користувачем [Коваль Людмила] змінено виконавця з ЗАПЛАНОВАНІ на Сірий.
[01-Apr-2025 14:33:08 Europe/Helsinki] EditDATA [INFO] Для заявки Повірка від 27.03.2025 користувачем [Коваль Людмила] змінено виконавця з ЗАПЛАНОВАНІ на Сірий.
[01-Apr-2025 14:33:18 Europe/Helsinki] EditDATA [INFO] Для заявки Повірка від 27.03.2025 користувачем [Коваль Людмила] змінено виконавця з ЗАПЛАНОВАНІ на Сірий.
[01-Apr-2025 14:33:30 Europe/Helsinki] EditDATA [INFO] Для заявки Повірка від 27.03.2025 користувачем [Коваль Людмила] змінено виконавця з ЗАПЛАНОВАНІ на Сірий.
[01-Apr-2025 14:33:41 Europe/Helsinki] EditDATA [INFO] Для заявки Повірка від 27.03.2025 користувачем [Коваль Людмила] змінено виконавця з ЗАПЛАНОВАНІ на Сірий.
[01-Apr-2025 14:33:54 Europe/Helsinki] EditDATA [INFO] Для заявки Повірка від 24.03.2025 користувачем [Коваль Людмила] змінено виконавця з ЗАПЛАНОВАНІ на Сірий.
[01-Apr-2025 14:34:05 Europe/Helsinki] EditDATA [INFO] Для заявки Повірка від 27.03.2025 користувачем [Коваль Людмила] змінено виконавця з ЗАПЛАНОВАНІ на Сірий.
[01-Apr-2025 14:34:21 Europe/Helsinki] EditDATA [INFO] Для заявки Повірка від 25.03.2025 користувачем [Коваль Людмила] змінено виконавця з ЗАПЛАНОВАНІ на Сірий.
[01-Apr-2025 14:39:21 Europe/Helsinki] DellTASK [INFO] Повірка від 25.03.2025 для адреси вул. Героїв Чорнобиля, буд. 10, кв. 11 для лічильника БЕЗ НОМЕРА - 2 шт. було відмінено користувачем [Коваль Людмила] з коментарем: вже виконали 27.03.
[01-Apr-2025 14:39:46 Europe/Helsinki] EditDATA [INFO] Для заявки Повірка від 31.03.2025 користувачем [Коваль Людмила] змінено виконавця з ЗАПЛАНОВАНІ на Шкуліпа.
[01-Apr-2025 14:39:56 Europe/Helsinki] EditDATA [INFO] Для заявки Повірка від 31.03.2025 користувачем [Коваль Людмила] змінено виконавця з ЗАПЛАНОВАНІ на Шкуліпа.
[01-Apr-2025 14:40:07 Europe/Helsinki] EditDATA [INFO] Для заявки Повірка від 28.03.2025 користувачем [Коваль Людмила] змінено виконавця з ЗАПЛАНОВАНІ на Шкуліпа.
[01-Apr-2025 14:40:19 Europe/Helsinki] EditDATA [INFO] Для заявки Повірка від 28.03.2025 користувачем [Коваль Людмила] змінено виконавця з ЗАПЛАНОВАНІ на Шкуліпа.
[01-Apr-2025 14:40:29 Europe/Helsinki] EditDATA [INFO] Для заявки Повірка від 28.03.2025 користувачем [Коваль Людмила] змінено виконавця з ЗАПЛАНОВАНІ на Шкуліпа.
[01-Apr-2025 14:40:43 Europe/Helsinki] EditDATA [INFO] Для заявки Повірка від 28.03.2025 користувачем [Коваль Людмила] змінено виконавця з ЗАПЛАНОВАНІ на Шкуліпа.
[01-Apr-2025 14:40:52 Europe/Helsinki] EditDATA [INFO] Для заявки Повірка від 28.03.2025 користувачем [Коваль Людмила] змінено виконавця з ЗАПЛАНОВАНІ на Шкуліпа.
[01-Apr-2025 14:41:01 Europe/Helsinki] EditDATA [INFO] Для заявки Повірка від 26.03.2025 користувачем [Коваль Людмила] змінено виконавця з ЗАПЛАНОВАНІ на Шкуліпа.
[01-Apr-2025 14:41:10 Europe/Helsinki] EditDATA [INFO] Для заявки Повірка від 26.03.2025 користувачем [Коваль Людмила] змінено виконавця з ЗАПЛАНОВАНІ на Шкуліпа.
[01-Apr-2025 14:41:19 Europe/Helsinki] EditDATA [INFO] Для заявки Повірка від 26.03.2025 користувачем [Коваль Людмила] змінено виконавця з ЗАПЛАНОВАНІ на Шкуліпа.
[01-Apr-2025 14:41:26 Europe/Helsinki] EditDATA [INFO] Для заявки Повірка від 25.03.2025 користувачем [Коваль Людмила] змінено виконавця з ЗАПЛАНОВАНІ на Шкуліпа.
[01-Apr-2025 14:41:35 Europe/Helsinki] EditDATA [INFO] Для заявки Повірка від 25.03.2025 користувачем [Коваль Людмила] змінено виконавця з ЗАПЛАНОВАНІ на Шкуліпа.
[01-Apr-2025 14:41:43 Europe/Helsinki] EditDATA [INFO] Для заявки Повірка від 25.03.2025 користувачем [Коваль Людмила] змінено виконавця з ЗАПЛАНОВАНІ на Шкуліпа.
[01-Apr-2025 15:15:23 Europe/Helsinki] EditDATA [INFO] Для заявки Повірка від 27.03.2025 користувачем [Сусло Тетяна] змінено примітки з 12-16, за 1 год на 8-11, за 30 хв.
[01-Apr-2025 15:24:34 Europe/Helsinki] NewDATA [INFO] Нова адреса вул. 1-ої танкової бригади, буд. 17, кв. 27, тел. +38 (066) 885-12-17 додана до БД користувачем [Сусло Тетяна].
[01-Apr-2025 15:25:15 Europe/Helsinki] NewDATA [INFO] Нова заявка Повірка, адреса: вул. 1-ої танкової бригади 17, кв. 27, лічильники: БЕЗ НОМЕРА - 2 шт., вартість: 600 грн., примітки: 13-17, за 30 хв додано до БД користувачем [Сусло Тетяна].
[2025-04-01T15:25:19.208] [INFO] DataBase - У заявці Повірка від 1 квітня 2025 р. за адресою вул. 1-ої танкової бригади, буд. 17, кв. 27 додано виконавця ЗАПЛАНОВАНІ та додано дату виконання 7 квітня 2025 р. користувачем [Сусло Тетяна].
[01-Apr-2025 15:26:29 Europe/Helsinki] NewDATA [INFO] Нова адреса вул. Текстильників, буд. 24, кв. 35, тел. +38 (067) 763-15-72 додана до БД користувачем [Сусло Тетяна].
[01-Apr-2025 15:26:47 Europe/Helsinki] NewDATA [INFO] Нова заявка Повірка, адреса: вул. Текстильників 24, кв. 35, лічильники: БЕЗ НОМЕРА - 2 шт., вартість: 600 грн., примітки: 8-13 додано до БД користувачем [Сусло Тетяна].
[2025-04-01T15:26:52.266] [INFO] DataBase - У заявці Повірка від 1 квітня 2025 р. за адресою вул. Текстильників, буд. 24, кв. 35 додано виконавця ЗАПЛАНОВАНІ та додано дату виконання 11 квітня 2025 р. користувачем [Сусло Тетяна].
[01-Apr-2025 15:27:46 Europe/Helsinki] NewDATA [INFO] Нова адреса вул. Любецька, буд. 106, корп. Б, кв. 39, тел. +38 (073) 406-33-09 додана до БД користувачем [Сусло Тетяна].
[01-Apr-2025 15:28:20 Europe/Helsinki] NewDATA [INFO] Нова заявка Повірка, адреса: вул. Любецька 106 корпус Б, кв. 39, лічильники: БЕЗ НОМЕРА - 1 шт., вартість: 300 грн., примітки: 13-17, за 30 хв, подовж. додано до БД користувачем [Сусло Тетяна].
[2025-04-01T15:28:24.336] [INFO] DataBase - У заявці Повірка від 1 квітня 2025 р. за адресою вул. Любецька, буд. 106, корп. Б, кв. 39 додано виконавця ЗАПЛАНОВАНІ та додано дату виконання 16 квітня 2025 р. користувачем [Сусло Тетяна].
[01-Apr-2025 15:30:52 Europe/Helsinki] NewDATA [INFO] Нова адреса просп. Левка Лукяненка, буд. 41, кв. 52, тел. +38 (063) 302-49-84 додана до БД користувачем [Сусло Тетяна].
[01-Apr-2025 15:31:15 Europe/Helsinki] NewDATA [INFO] Нова заявка Повірка, адреса: просп. Левка Лукяненка 41, кв. 52, лічильники: БЕЗ НОМЕРА - 1 шт., вартість: 300 грн., примітки: 8-13, за 1 год додано до БД користувачем [Сусло Тетяна].
[2025-04-01T15:31:18.780] [INFO] DataBase - У заявці Повірка від 1 квітня 2025 р. за адресою просп. Левка Лукяненка, буд. 41, кв. 52 додано виконавця ЗАПЛАНОВАНІ та додано дату виконання 10 квітня 2025 р. користувачем [Сусло Тетяна].
[01-Apr-2025 15:48:26 Europe/Helsinki] NewDATA [INFO] Нова адреса вул. Любецька, буд. 17, кв. 3, тел. +38 (093) 461-66-27 додана до БД користувачем [Сусло Тетяна].
[01-Apr-2025 15:48:50 Europe/Helsinki] NewDATA [INFO] Нова заявка Повірка, адреса: вул. Любецька 17, кв. 3, лічильники: БЕЗ НОМЕРА - 2 шт., вартість: 600 грн., примітки: 8-13 додано до БД користувачем [Сусло Тетяна].
[2025-04-01T15:48:54.479] [INFO] DataBase - У заявці Повірка від 1 квітня 2025 р. за адресою вул. Любецька, буд. 17, кв. 3 додано виконавця ЗАПЛАНОВАНІ та додано дату виконання 8 квітня 2025 р. користувачем [Сусло Тетяна].
[01-Apr-2025 16:14:51 Europe/Helsinki] DellTASK [INFO] Заміна від 25.03.2025 для адреси просп. Миру, буд. 257, кв. 45 для лічильника 394520 було завершено користувачем [Сусло Тетяна] з коментарем: виконано.
[01-Apr-2025 16:15:08 Europe/Helsinki] DellTASK [INFO] Повірка від 26.03.2025 для адреси просп. Миру, буд. 211, корп. А, кв. 20 для лічильника 197970 було завершено користувачем [Сусло Тетяна] з коментарем: виконано.
