[10-Sep-2024 08:37:25 Europe/Helsinki] NewDATA [INFO] Нова адреса просп. Перемоги, буд. 116, кв. 20, тел. +38 (050) 465-53-79 додана до БД користувачем [Сусло Тетяна].
[10-Sep-2024 08:37:57 Europe/Helsinki] NewDATA [INFO] Нова заявка Повірка, адреса: просп. Перемоги 116, кв. 20, лічильники: БЕЗ НОМЕРА - 1 шт., вартість: 300 грн., примітки: 8-10, за 15 хв додано до БД користувачем [Сусло Тетяна].
[2024-09-10T08:38:09.031] [INFO] DataBase - У заявці Повірка від 10 вересня 2024 р. за адресою просп. Перемоги, буд. 116, кв. 20 додано виконавця ЗАПЛАНОВАНІ та додано дату виконання 17 вересня 2024 р. користувачем [Сусло Тетяна].
[10-Sep-2024 09:02:32 Europe/Helsinki] NewDATA [INFO] Нова адреса вул. Захисників України, буд. 3, кв. 18, тел. +38 (093) 403-88-57 додана до БД користувачем [Сусло Тетяна].
[10-Sep-2024 09:02:57 Europe/Helsinki] NewDATA [INFO] Нова заявка Повірка, адреса: вул. Захисників України 3, кв. 18, лічильники: БЕЗ НОМЕРА - 2 шт., вартість: 600 грн., примітки: 8-13 додано до БД користувачем [Сусло Тетяна].
[2024-09-10T09:03:03.567] [INFO] DataBase - У заявці Повірка від 10 вересня 2024 р. за адресою вул. Захисників України, буд. 3, кв. 18 додано виконавця ЗАПЛАНОВАНІ та додано дату виконання 23 вересня 2024 р. користувачем [Сусло Тетяна].
[10-Sep-2024 09:07:49 Europe/Helsinki] EditDATA [INFO] Для заявки Повірка від 21.08.2024 користувачем [Сусло Тетяна] змінено виконавця з Богомаз на ЗАПЛАНОВАНІ.
[2024-09-10T09:10:38.369] [INFO] DataBase - У заявці Повірка від 21 серпня 2024 р. за адресою вул. Освіти, буд. 86, кв. 20 видалено дату виконання 27 серпня 2024 р. користувачем [Сусло Тетяна].
[2024-09-10T09:11:00.904] [INFO] DataBase - У заявці Повірка від 21 серпня 2024 р. за адресою вул. Освіти, буд. 86, кв. 20 додано дату виконання 12 вересня 2024 р. користувачем [Сусло Тетяна].
[10-Sep-2024 09:11:22 Europe/Helsinki] EditDATA [INFO] Для заявки Повірка від 21.08.2024 користувачем [Сусло Тетяна] змінено примітки з 13-18 на 8-13, за 30 хв.
[10-Sep-2024 09:20:14 Europe/Helsinki] EditDATA [INFO] За адресою вул. 1-ої танкової бригади 12, кв. 53 користувачем [Сусло Тетяна] змінені номери телефонів з +38(097)609-69-36, +38(0462)60-60-34 на +38(093)409-59-50, при створенні нової заявки [Повірка] від 10.09.2024.
[10-Sep-2024 09:20:14 Europe/Helsinki] NewDATA [INFO] Нова заявка Повірка, адреса: вул. 1-ої танкової бригади 12, кв. 53, лічильники: БЕЗ НОМЕРА - 2 шт., вартість: 600 грн., примітки: 8-13, за 30 хв додано до БД користувачем [Сусло Тетяна].
[2024-09-10T09:20:32.028] [INFO] DataBase - У заявці Повірка від 10 вересня 2024 р. за адресою вул. 1-ої танкової бригади, буд. 12, кв. 53 додано виконавця ЗАПЛАНОВАНІ та додано дату виконання 12 вересня 2024 р. користувачем [Сусло Тетяна].
[10-Sep-2024 09:26:53 Europe/Helsinki] NewDATA [INFO] Новий лічильник номер: 1154954, тип: СК => DN 15, рік випуску: 2001, показники: 0, балансоутримувач: КП "ВДК" додано до БД користувачем [Коваль Людмила].
[10-Sep-2024 09:27:02 Europe/Helsinki] EditDATA [INFO] Для заявки Повірка від 06.09.2024 користувачем [Коваль Людмила] лічильник БЕЗ НОМЕРА ідентифіковано як 1154954.
[10-Sep-2024 09:27:52 Europe/Helsinki] NewDATA [INFO] Новий лічильник номер: 1142663, тип: СК => DN 15, рік випуску: 2001, показники: 0, балансоутримувач: КП "ТКЕ" додано до БД користувачем [Коваль Людмила].
[10-Sep-2024 09:28:00 Europe/Helsinki] EditDATA [INFO] Для заявки Повірка від 06.09.2024 користувачем [Коваль Людмила] лічильник БЕЗ НОМЕРА ідентифіковано як 1142663.
[10-Sep-2024 09:28:10 Europe/Helsinki] DellTASK [INFO] Повірка від 06.09.2024 для адреси вул. Мазепи Івана, буд. 54, кв. 115 для лічильників 1154954, 1142663 було завершено користувачем [Коваль Людмила] з коментарем: виконано.
[10-Sep-2024 09:42:02 Europe/Helsinki] NewDATA [INFO] Новий лічильник номер: 194820, тип: КВ-1,5 => DN 15, рік випуску: 2011, показники: 0, балансоутримувач: КП "ВДК" додано до БД користувачем [Коваль Людмила].
[10-Sep-2024 09:42:12 Europe/Helsinki] EditDATA [INFO] Для заявки Повірка від 06.09.2024 користувачем [Коваль Людмила] лічильник БЕЗ НОМЕРА ідентифіковано як 194820.
[10-Sep-2024 09:43:12 Europe/Helsinki] NewDATA [INFO] Новий лічильник номер: 065575, тип: КВ-1,5 => DN 15, рік випуску: 2011, показники: 0, балансоутримувач: КП "ТКЕ" додано до БД користувачем [Коваль Людмила].
[10-Sep-2024 09:43:29 Europe/Helsinki] DellTASK [INFO] Повірка від 06.09.2024 для адреси вул. Мазепи Івана, буд. 60, корп. А, кв. 140 для лічильників 194820, БЕЗ НОМЕРА - 1 шт. було завершено користувачем [Коваль Людмила] з коментарем: виконано.
[10-Sep-2024 09:46:15 Europe/Helsinki] NewDATA [INFO] Нова заявка Повірка, адреса: вул. Всіхсвятська 16, кв. 144, лічильники: БЕЗ НОМЕРА - 4 шт., вартість: 1200 грн., примітки: 8-13, за 30 хв додано до БД користувачем [Сусло Тетяна].
[2024-09-10T09:46:23.138] [INFO] DataBase - У заявці Повірка від 10 вересня 2024 р. за адресою вул. Всіхсвятська, буд. 16, кв. 144 додано виконавця ЗАПЛАНОВАНІ та додано дату виконання 12 вересня 2024 р. користувачем [Сусло Тетяна].
[10-Sep-2024 09:48:23 Europe/Helsinki] NewDATA [INFO] Новий лічильник номер: 043589, тип: КВ-1,5 => DN 15, рік випуску: 2017, показники: 0, балансоутримувач: КП "ВДК" додано до БД користувачем [Коваль Людмила].
[10-Sep-2024 09:48:35 Europe/Helsinki] EditDATA [INFO] Для заявки Повірка від 02.09.2024 користувачем [Коваль Людмила] лічильник БЕЗ НОМЕРА ідентифіковано як 043589.
[10-Sep-2024 09:48:45 Europe/Helsinki] DellTASK [INFO] Повірка від 02.09.2024 для адреси вул. Фікселя, буд. 52, кв. 17 для лічильника 043589 було завершено користувачем [Коваль Людмила] з коментарем: виконано.
[10-Sep-2024 09:58:04 Europe/Helsinki] NewDATA [INFO] Новий лічильник номер: 122799, тип: КВ-1,5 => DN 15, рік випуску: 2009, показники: 0, балансоутримувач: КП "ТКЕ" додано до БД користувачем [Коваль Людмила].
[10-Sep-2024 09:58:13 Europe/Helsinki] EditDATA [INFO] Для заявки Повірка від 05.09.2024 користувачем [Коваль Людмила] лічильник БЕЗ НОМЕРА ідентифіковано як 122799.
[10-Sep-2024 09:58:38 Europe/Helsinki] DellTASK [INFO] Повірка від 05.09.2024 для адреси вул. Пятницька, буд. 49, кв. 211 для лічильника БЕЗ НОМЕРА - 2 шт. було завершено користувачем [Сусло Тетяна] з коментарем: виконано.
[10-Sep-2024 09:58:49 Europe/Helsinki] DellTASK [INFO] Повірка від 05.09.2024 для адреси вул. Чорновола Вячеслава, буд. 13, кв. 35 для лічильника БЕЗ НОМЕРА - 2 шт. було завершено користувачем [Сусло Тетяна] з коментарем: виконано.
[10-Sep-2024 09:59:00 Europe/Helsinki] DellTASK [INFO] Повірка від 04.09.2024 для адреси вул. Зелена, буд. 10, кв. 71 для лічильника БЕЗ НОМЕРА - 2 шт. було завершено користувачем [Сусло Тетяна] з коментарем: виконано.
[10-Sep-2024 09:59:02 Europe/Helsinki] NewDATA [INFO] Новий лічильник номер: 116739, тип: КВ-1,5 => DN 15, рік випуску: 2009, показники: 0, балансоутримувач: КП "ТКЕ" додано до БД користувачем [Коваль Людмила].
[10-Sep-2024 09:59:11 Europe/Helsinki] DellTASK [INFO] Повірка від 03.09.2024 для адреси вул. Пятницька, буд. 94, кв. 4 для лічильника БЕЗ НОМЕРА - 4 шт. було завершено користувачем [Сусло Тетяна] з коментарем: виконано.
[10-Sep-2024 09:59:11 Europe/Helsinki] EditDATA [INFO] Для заявки Повірка від 05.09.2024 користувачем [Коваль Людмила] лічильник БЕЗ НОМЕРА ідентифіковано як 116739.
[10-Sep-2024 09:59:21 Europe/Helsinki] DellTASK [INFO] Повірка від 05.09.2024 для адреси вул. Шевчука, буд. 4, кв. 5 для лічильників 122799, 116739 було завершено користувачем [Коваль Людмила] з коментарем: виконано.
[10-Sep-2024 09:59:21 Europe/Helsinki] DellTASK [INFO] Повірка від 02.09.2024 для адреси просп. Перемоги, буд. 119, кв. 66 для лічильника БЕЗ НОМЕРА - 1 шт. було завершено користувачем [Сусло Тетяна] з коментарем: виконано.
[10-Sep-2024 09:59:54 Europe/Helsinki] NewDATA [INFO] Новий лічильник номер: 308693, тип: КВ-1,5 => DN 15, рік випуску: 2005, показники: 0, балансоутримувач: КП "ВДК" додано до БД користувачем [Коваль Людмила].
[10-Sep-2024 10:00:04 Europe/Helsinki] EditDATA [INFO] Для заявки Повірка від 06.09.2024 користувачем [Коваль Людмила] лічильник БЕЗ НОМЕРА ідентифіковано як 308693.
[10-Sep-2024 10:00:27 Europe/Helsinki] NewDATA [INFO] Новий лічильник номер: 11729188, тип: ResidiaJet => DN 15, рік випуску: 2019, показники: 0, балансоутримувач: КП "ВДК" додано до БД користувачем [Сусло Тетяна].
[10-Sep-2024 10:00:38 Europe/Helsinki] NewDATA [INFO] Новий лічильник номер: 308758, тип: КВ-1,5 => DN 15, рік випуску: 2005, показники: 0, балансоутримувач: КП "ВДК" додано до БД користувачем [Коваль Людмила].
[10-Sep-2024 10:00:52 Europe/Helsinki] NewDATA [INFO] Новий лічильник номер: 11725691, тип: ResidiaJet => DN 15, рік випуску: 2019, показники: 0, балансоутримувач: КП "ТКЕ" додано до БД користувачем [Сусло Тетяна].
[10-Sep-2024 10:01:09 Europe/Helsinki] EditDATA [INFO] Для заявки Повірка від 06.09.2024 користувачем [Коваль Людмила] лічильник БЕЗ НОМЕРА ідентифіковано як 308758.
[10-Sep-2024 10:01:19 Europe/Helsinki] NewDATA [INFO] Новий лічильник номер: 11729176, тип: ResidiaJet => DN 15, рік випуску: 2019, показники: 0, балансоутримувач: КП "ВДК" додано до БД користувачем [Сусло Тетяна].
[10-Sep-2024 10:01:41 Europe/Helsinki] NewDATA [INFO] Новий лічильник номер: 11725686, тип: ResidiaJet => DN 15, рік випуску: 2019, показники: 0, балансоутримувач: КП "ТКЕ" додано до БД користувачем [Сусло Тетяна].
[10-Sep-2024 10:01:42 Europe/Helsinki] EditDATA [INFO] За адресою вул. Пятницька, буд. 94, кв. 4 користувачем [Сусло Тетяна] було додано лічильники: 11729188, 11725691, 11729176, 11725686].
[10-Sep-2024 10:01:52 Europe/Helsinki] NewDATA [INFO] Новий лічильник номер: 297615, тип: КВ-1,5 => DN 15, рік випуску: 2005, показники: 0, балансоутримувач: АТ "ОТКЕ" додано до БД користувачем [Коваль Людмила].
[10-Sep-2024 10:02:01 Europe/Helsinki] EditDATA [INFO] Для заявки Повірка від 06.09.2024 користувачем [Коваль Людмила] лічильник БЕЗ НОМЕРА ідентифіковано як 297615.
[10-Sep-2024 10:02:12 Europe/Helsinki] DellTASK [INFO] Повірка від 06.09.2024 для адреси вул. Небаби Мартина, буд. 100, кв. 104 для лічильників 308693, 308758, 297615, БЕЗ НОМЕРА - 1 шт. було завершено користувачем [Коваль Людмила] з коментарем: виконано.
[10-Sep-2024 10:02:40 Europe/Helsinki] NewDATA [INFO] Новий лічильник номер: 5916409, тип: ЛК => DN 15, рік випуску: 2015, показники: 0, балансоутримувач: КП "ВДК" додано до БД користувачем [Сусло Тетяна].
[10-Sep-2024 10:03:15 Europe/Helsinki] NewDATA [INFO] Новий лічильник номер: 4145803, тип: ЛК => DN 15, рік випуску: 2015, показники: 0, балансоутримувач: КП "ВДК" додано до БД користувачем [Сусло Тетяна].
[10-Sep-2024 10:03:25 Europe/Helsinki] EditDATA [INFO] За адресою вул. Зелена, буд. 10, кв. 71 користувачем [Сусло Тетяна] було додано лічильники: 5916409, 4145803].
[10-Sep-2024 10:11:15 Europe/Helsinki] NewDATA [INFO] Новий лічильник номер: 191281735, тип: СВК => DN 15, рік випуску: 2019, показники: 0, балансоутримувач: КП "ВДК" додано до БД користувачем [Коваль Людмила].
[10-Sep-2024 10:12:01 Europe/Helsinki] EditDATA [INFO] Для заявки Повірка від 06.09.2024 користувачем [Коваль Людмила] лічильник БЕЗ НОМЕРА ідентифіковано як 191281735.
[10-Sep-2024 10:12:50 Europe/Helsinki] NewDATA [INFO] Новий лічильник номер: 191283809, тип: СВК => DN 15, рік випуску: 2019, показники: 0, балансоутримувач: КП "ТКЕ" додано до БД користувачем [Коваль Людмила].
[10-Sep-2024 10:13:15 Europe/Helsinki] EditDATA [INFO] Для заявки Повірка від 06.09.2024 користувачем [Коваль Людмила] лічильник БЕЗ НОМЕРА ідентифіковано як 191283809.
[10-Sep-2024 10:13:17 Europe/Helsinki] NewDATA [INFO] Новий лічильник номер: 2356660, тип: ЛК => DN 15, рік випуску: 2012, показники: 0, балансоутримувач: КП "ВДК" додано до БД користувачем [Сусло Тетяна].
[10-Sep-2024 10:13:25 Europe/Helsinki] DellTASK [INFO] Повірка від 06.09.2024 для адреси вул. Хлібопекарська, буд. 20, кв. 6 для лічильників 191281735, 191283809 було завершено користувачем [Коваль Людмила] з коментарем: виконано.
[10-Sep-2024 10:13:59 Europe/Helsinki] NewDATA [INFO] Новий лічильник номер: 2438863, тип: ЛК => DN 15, рік випуску: 2012, показники: 0, балансоутримувач: КП "ТКЕ" додано до БД користувачем [Сусло Тетяна].
[10-Sep-2024 10:14:03 Europe/Helsinki] EditDATA [INFO] За адресою вул. Пятницька, буд. 49, кв. 211 користувачем [Сусло Тетяна] було додано лічильники: 2356660, 2438863].
[10-Sep-2024 10:14:19 Europe/Helsinki] NewDATA [INFO] Новий лічильник номер: 327349, тип: КВ-1,5 => DN 15, рік випуску: 2005, показники: 0, балансоутримувач: КП "ВДК" додано до БД користувачем [Коваль Людмила].
[10-Sep-2024 10:14:57 Europe/Helsinki] EditDATA [INFO] Для заявки Повірка від 09.09.2024 користувачем [Коваль Людмила] лічильник БЕЗ НОМЕРА ідентифіковано як 327349.
[10-Sep-2024 10:15:32 Europe/Helsinki] NewDATA [INFO] Новий лічильник номер: 354870, тип: КВ-1,5 => DN 15, рік випуску: 2005, показники: 0, балансоутримувач: АТ "ОТКЕ" додано до БД користувачем [Коваль Людмила].
[10-Sep-2024 10:15:57 Europe/Helsinki] EditDATA [INFO] Для заявки Повірка від 09.09.2024 користувачем [Коваль Людмила] лічильник БЕЗ НОМЕРА ідентифіковано як 354870.
[10-Sep-2024 10:16:09 Europe/Helsinki] DellTASK [INFO] Повірка від 09.09.2024 для адреси вул. Незалежності, буд. 46, кв. 11 для лічильників 327349, 354870 було завершено користувачем [Коваль Людмила] з коментарем: виконано.
[10-Sep-2024 10:16:16 Europe/Helsinki] NewDATA [INFO] Новий лічильник номер: 230613, тип: КВ-1,5 => DN 15, рік випуску: 2001, показники: 0, балансоутримувач: КП "ВДК" додано до БД користувачем [Сусло Тетяна].
[10-Sep-2024 10:16:40 Europe/Helsinki] NewDATA [INFO] Новий лічильник номер: 280192, тип: КВ-1,5 => DN 15, рік випуску: 2001, показники: 0, балансоутримувач: КП "ТКЕ" додано до БД користувачем [Сусло Тетяна].
[10-Sep-2024 10:16:43 Europe/Helsinki] EditDATA [INFO] За адресою вул. Чорновола Вячеслава, буд. 13, кв. 35 користувачем [Сусло Тетяна] було додано лічильники: 230613, 280192].
[10-Sep-2024 10:16:59 Europe/Helsinki] NewDATA [INFO] Новий лічильник номер: 232704, тип: КВ-1,5 => DN 15, рік випуску: 2010, показники: 0, балансоутримувач: КП "ВДК" додано до БД користувачем [Коваль Людмила].
[10-Sep-2024 10:17:04 Europe/Helsinki] EditDATA [INFO] Для заявки Повірка від 03.09.2024 користувачем [Коваль Людмила] лічильник БЕЗ НОМЕРА ідентифіковано як 232704.
[10-Sep-2024 10:17:45 Europe/Helsinki] NewDATA [INFO] Новий лічильник номер: 5854221, тип: ЛК => DN 15, рік випуску: 2016, показники: 0, балансоутримувач: КП "ВДК" додано до БД користувачем [Сусло Тетяна].
[10-Sep-2024 10:17:50 Europe/Helsinki] EditDATA [INFO] За адресою просп. Перемоги, буд. 119, кв. 66 користувачем [Сусло Тетяна] було додано лічильники: 5854221].
[10-Sep-2024 10:17:51 Europe/Helsinki] NewDATA [INFO] Новий лічильник номер: 303496, тип: КВ-1,5 => DN 15, рік випуску: 2010, показники: 0, балансоутримувач: АТ "ОТКЕ" додано до БД користувачем [Коваль Людмила].
[10-Sep-2024 10:18:32 Europe/Helsinki] EditDATA [INFO] Для лічильника 232704 користувачем [Коваль Людмила] змінено температуру з Гарячий на Холодний.
[10-Sep-2024 10:19:02 Europe/Helsinki] EditDATA [INFO] Для заявки Повірка від 03.09.2024 користувачем [Коваль Людмила] лічильник БЕЗ НОМЕРА ідентифіковано як 303496.
[10-Sep-2024 10:19:16 Europe/Helsinki] DellTASK [INFO] Повірка від 03.09.2024 для адреси вул. Незалежності, буд. 74, кв. 38 для лічильників 232704, 303496 було завершено користувачем [Коваль Людмила] з коментарем: виконано.
[10-Sep-2024 10:20:23 Europe/Helsinki] NewDATA [INFO] Новий лічильник номер: 207930, тип: КВ-1,5 => DN 15, рік випуску: 2008, показники: 0, балансоутримувач: КП "ВДК" додано до БД користувачем [Коваль Людмила].
[10-Sep-2024 10:20:33 Europe/Helsinki] EditDATA [INFO] Для заявки Повірка від 03.09.2024 користувачем [Коваль Людмила] лічильник БЕЗ НОМЕРА ідентифіковано як 207930.
[10-Sep-2024 10:21:01 Europe/Helsinki] NewDATA [INFO] Новий лічильник номер: 252946, тип: КВ-1,5 => DN 15, рік випуску: 2008, показники: 0, балансоутримувач: АТ "ОТКЕ" додано до БД користувачем [Коваль Людмила].
[10-Sep-2024 10:21:11 Europe/Helsinki] EditDATA [INFO] Для заявки Повірка від 03.09.2024 користувачем [Коваль Людмила] лічильник БЕЗ НОМЕРА ідентифіковано як 252946.
[10-Sep-2024 10:21:25 Europe/Helsinki] DellTASK [INFO] Повірка від 03.09.2024 для адреси вул. Незалежності, буд. 78, кв. 16 для лічильників 207930, 252946 було завершено користувачем [Коваль Людмила] з коментарем: виконано.
[10-Sep-2024 10:25:13 Europe/Helsinki] EditDATA [INFO] За адресою вул. курсанта Єськова 4, кв. 76 користувачем [Сусло Тетяна] змінені номери телефонів з +38(063)308-46-77, +38(066)049-53-09 на +38(068)726-42-00, при створенні нової заявки [Повірка] від 10.09.2024.
[10-Sep-2024 10:25:13 Europe/Helsinki] NewDATA [INFO] Нова заявка Повірка, адреса: вул. курсанта Єськова 4, кв. 76, лічильники: БЕЗ НОМЕРА - 2 шт., вартість: 600 грн., примітки: 8-13, за 30 хв додано до БД користувачем [Сусло Тетяна].
[2024-09-10T10:25:22.525] [INFO] DataBase - У заявці Повірка від 10 вересня 2024 р. за адресою вул. курсанта Єськова, буд. 4, кв. 76 додано виконавця ЗАПЛАНОВАНІ та додано дату виконання 11 вересня 2024 р. користувачем [Сусло Тетяна].
[10-Sep-2024 10:27:36 Europe/Helsinki] NewDATA [INFO] Нова адреса вул. Гетьмана Полуботка, буд. 80, кв. 161, тел. +38 (093) 145-51-27 додана до БД користувачем [Сусло Тетяна].
[10-Sep-2024 10:28:14 Europe/Helsinki] NewDATA [INFO] Нова заявка Повірка, адреса: вул. Гетьмана Полуботка 80, кв. 161, лічильники: БЕЗ НОМЕРА - 2 шт., вартість: 600 грн., примітки: 13-17 додано до БД користувачем [Сусло Тетяна].
[2024-09-10T10:28:20.856] [INFO] DataBase - У заявці Повірка від 10 вересня 2024 р. за адресою вул. Гетьмана Полуботка, буд. 80, кв. 161 додано виконавця ЗАПЛАНОВАНІ та додано дату виконання 11 вересня 2024 р. користувачем [Сусло Тетяна].
[10-Sep-2024 10:33:18 Europe/Helsinki] NewDATA [INFO] Новий лічильник номер: 494823, тип: КВ-1,5 => DN 15, рік випуску: 2001, показники: 0, балансоутримувач: КП "ВДК" додано до БД користувачем [Коваль Людмила].
[10-Sep-2024 10:33:28 Europe/Helsinki] EditDATA [INFO] Для заявки Повірка від 04.09.2024 користувачем [Коваль Людмила] лічильник БЕЗ НОМЕРА ідентифіковано як 494823.
[10-Sep-2024 10:34:18 Europe/Helsinki] NewDATA [INFO] Новий лічильник номер: 512744, тип: КВ-1,5 => DN 15, рік випуску: 2001, показники: 0, балансоутримувач: АТ "ОТКЕ" додано до БД користувачем [Коваль Людмила].
[10-Sep-2024 10:34:29 Europe/Helsinki] EditDATA [INFO] Для заявки Повірка від 04.09.2024 користувачем [Коваль Людмила] лічильник БЕЗ НОМЕРА ідентифіковано як 512744.
[10-Sep-2024 10:38:08 Europe/Helsinki] NewDATA [INFO] Новий лічильник номер: 493778, тип: КВ-1,5 => DN 15, рік випуску: 2001, показники: 0, балансоутримувач: КП "ВДК" додано до БД користувачем [Коваль Людмила].
[10-Sep-2024 10:38:18 Europe/Helsinki] EditDATA [INFO] Для заявки Повірка від 04.09.2024 користувачем [Коваль Людмила] лічильник БЕЗ НОМЕРА ідентифіковано як 493778.
[10-Sep-2024 10:38:47 Europe/Helsinki] NewDATA [INFO] Новий лічильник номер: 499266, тип: КВ-1,5 => DN 15, рік випуску: 2001, показники: 0, балансоутримувач: АТ "ОТКЕ" додано до БД користувачем [Коваль Людмила].
[10-Sep-2024 10:38:55 Europe/Helsinki] EditDATA [INFO] Для заявки Повірка від 04.09.2024 користувачем [Коваль Людмила] лічильник БЕЗ НОМЕРА ідентифіковано як 499266.
[10-Sep-2024 10:39:06 Europe/Helsinki] DellTASK [INFO] Повірка від 04.09.2024 для адреси вул. Нафтовиків, буд. 19, кв. 26 для лічильників 494823, 512744, 493778, 499266 було завершено користувачем [Коваль Людмила] з коментарем: виконано.
[10-Sep-2024 10:50:04 Europe/Helsinki] EditDATA [INFO] За адресою просп. Левка Лукяненка 16, кв. 17 користувачем [Сусло Тетяна] змінені номери телефонів з +38(095)353-32-07 на +38(097)336-95-38, при створенні нової заявки [Повірка] від 10.09.2024.
[10-Sep-2024 10:50:04 Europe/Helsinki] NewDATA [INFO] Нова заявка Повірка, адреса: просп. Левка Лукяненка 16, кв. 17, лічильники: БЕЗ НОМЕРА - 4 шт., вартість: 1200 грн., примітки: 8-13, за 30 хв додано до БД користувачем [Сусло Тетяна].
[2024-09-10T10:50:08.994] [INFO] DataBase - У заявці Повірка від 10 вересня 2024 р. за адресою просп. Левка Лукяненка, буд. 16, кв. 17 додано виконавця ЗАПЛАНОВАНІ та додано дату виконання 12 вересня 2024 р. користувачем [Сусло Тетяна].
[10-Sep-2024 10:52:55 Europe/Helsinki] EditDATA [INFO] За адресою вул. Гетьмана Полуботка 74 корпус А, кв. 6 користувачем [Сусло Тетяна] змінені номери телефонів з +38(066)341-68-53, +38(050)312-59-39, +38(093)236-12-16, +38(0462)67-25-48 на +38(050)312-59-39, при створенні нової заявки [Повірка] від 10.09.2024.
[10-Sep-2024 10:52:55 Europe/Helsinki] NewDATA [INFO] Нова заявка Повірка, адреса: вул. Гетьмана Полуботка 74 корпус А, кв. 6, лічильники: БЕЗ НОМЕРА - 2 шт., вартість: 300 грн., примітки: 13-17, за 30 хв додано до БД користувачем [Сусло Тетяна].
[2024-09-10T10:53:00.131] [INFO] DataBase - У заявці Повірка від 10 вересня 2024 р. за адресою вул. Гетьмана Полуботка, буд. 74, корп. А, кв. 6 додано виконавця ЗАПЛАНОВАНІ та додано дату виконання 11 вересня 2024 р. користувачем [Сусло Тетяна].
[10-Sep-2024 10:57:30 Europe/Helsinki] EditDATA [INFO] За адресою вул. курсанта Єськова 14 корпус 3, кв. 11 користувачем [Коваль Людмила] змінені номери телефонів з +38(097)862-83-86, +38(063)061-49-80 на +38(097)862-83-86, при створенні нової заявки [Повірка] від 10.09.2024.
[10-Sep-2024 10:57:30 Europe/Helsinki] NewDATA [INFO] Нова заявка Повірка, адреса: вул. курсанта Єськова 14 корпус 3, кв. 11, лічильники: БЕЗ НОМЕРА - 2 шт., вартість: 600 грн., примітки: 8-9 додано до БД користувачем [Коваль Людмила].
[2024-09-10T10:58:14.723] [INFO] DataBase - У заявці Повірка від 10 вересня 2024 р. за адресою вул. курсанта Єськова, буд. 14, корп. 3, кв. 11 додано виконавця ЗАПЛАНОВАНІ та додано дату виконання 11 вересня 2024 р. користувачем [Коваль Людмила].
[10-Sep-2024 10:59:11 Europe/Helsinki] EditDATA [INFO] За адресою вул. Мстиславська 132, кв. 49 користувачем [Коваль Людмила] змінені номери телефонів з +38(063)597-21-52 на +38(098)383-27-16, при створенні нової заявки [Повірка] від 10.09.2024.
[10-Sep-2024 10:59:11 Europe/Helsinki] NewDATA [INFO] Нова заявка Повірка, адреса: вул. Мстиславська 132, кв. 49, лічильники: БЕЗ НОМЕРА - 2 шт., вартість: 600 грн., примітки: 12-15,пер.за 30 хв додано до БД користувачем [Коваль Людмила].
[2024-09-10T10:59:33.006] [INFO] DataBase - У заявці Повірка від 10 вересня 2024 р. за адресою вул. Мстиславська, буд. 132, кв. 49 додано виконавця ЗАПЛАНОВАНІ та додано дату виконання 12 вересня 2024 р. користувачем [Коваль Людмила].
[10-Sep-2024 11:01:58 Europe/Helsinki] NewDATA [INFO] Нова заявка Заміна, адреса: просп. Миру 189, кв. 43, лічильники: 08149612, виконавець: Баранов, вартість: 1050 грн., примітки: 8-13,1х/в.с/в додано до БД користувачем [Коваль Людмила].
[2024-09-10T11:03:11.296] [INFO] DataBase - У заявці Заміна від 10 вересня 2024 р. за адресою просп. Миру, буд. 189, кв. 43 додано дату виконання 12 вересня 2024 р. користувачем [Коваль Людмила].
[10-Sep-2024 11:04:25 Europe/Helsinki] EditDATA [INFO] За адресою вул. Старобілоуська 61 корпус Б, кв. 6 користувачем [Коваль Людмила] змінені номери телефонів з +38(099)041-23-03 на +38(097)599-98-75, при створенні нової заявки [Повірка] від 10.09.2024.
[10-Sep-2024 11:04:25 Europe/Helsinki] NewDATA [INFO] Нова заявка Повірка, адреса: вул. Старобілоуська 61 корпус Б, кв. 6, лічильники: БЕЗ НОМЕРА - 1 шт., вартість: 300 грн., примітки: 14-18 додано до БД користувачем [Коваль Людмила].
[2024-09-10T11:05:55.831] [INFO] DataBase - У заявці Повірка від 10 вересня 2024 р. за адресою вул. Старобілоуська, буд. 61, корп. Б, кв. 6 додано виконавця ЗАПЛАНОВАНІ та додано дату виконання 11 вересня 2024 р. користувачем [Коваль Людмила].
[10-Sep-2024 11:06:47 Europe/Helsinki] NewDATA [INFO] Нова заявка Заміна, адреса: просп. Миру 190, кв. 50, лічильники: БЕЗ НОМЕРА - 1 шт., виконавець: Баранов, вартість: 350 грн., примітки: 8-13,1гор.с/в додано до БД користувачем [Коваль Людмила].
[2024-09-10T11:07:34.214] [INFO] DataBase - У заявці Заміна від 10 вересня 2024 р. за адресою просп. Миру, буд. 190, кв. 50 додано дату виконання 12 вересня 2024 р. користувачем [Коваль Людмила].
[10-Sep-2024 11:08:31 Europe/Helsinki] EditDATA [INFO] За адресою вул. Захисників України 10, кв. 129 користувачем [Сусло Тетяна] додано номер телефону +38(066)431-65-08, при створенні нової заявки [Повірка] від 10.09.2024.
[10-Sep-2024 11:08:31 Europe/Helsinki] NewDATA [INFO] Нова заявка Повірка, адреса: вул. Захисників України 10, кв. 129, лічильники: БЕЗ НОМЕРА - 2 шт., вартість: 600 грн., примітки: 13-18 додано до БД користувачем [Сусло Тетяна].
[2024-09-10T11:08:37.174] [INFO] DataBase - У заявці Повірка від 10 вересня 2024 р. за адресою вул. Захисників України, буд. 10, кв. 129 додано виконавця ЗАПЛАНОВАНІ та додано дату виконання 13 вересня 2024 р. користувачем [Сусло Тетяна].
[10-Sep-2024 11:08:59 Europe/Helsinki] EditDATA [INFO] За адресою просп. Миру 213 корпус А, кв. 24 користувачем [Коваль Людмила] змінені номери телефонів з +38(097)331-16-31, +38(0462)63-25-44, +38(096)591-59-42 на +38(096)591-59-42, при створенні нової заявки [Повірка] від 10.09.2024.
[10-Sep-2024 11:08:59 Europe/Helsinki] NewDATA [INFO] Нова заявка Повірка, адреса: просп. Миру 213 корпус А, кв. 24, лічильники: БЕЗ НОМЕРА - 2 шт., вартість: 600 грн., примітки: 14-18,пер.за 10 хв додано до БД користувачем [Коваль Людмила].
[2024-09-10T11:09:20.089] [INFO] DataBase - У заявці Повірка від 10 вересня 2024 р. за адресою просп. Миру, буд. 213, корп. А, кв. 24 додано виконавця ЗАПЛАНОВАНІ та додано дату виконання 12 вересня 2024 р. користувачем [Коваль Людмила].
[2024-09-10T11:09:51.215] [INFO] DataBase - У заявці Повірка від 7 серпня 2024 р. за адресою вул. Текстильників, буд. 15, корп. А, кв. 33 змінено дату виконання з 8 серпня 2024 р. на 12 вересня 2024 р. користувачем [Коваль Людмила].
[10-Sep-2024 11:09:53 Europe/Helsinki] NewDATA [INFO] Нова заявка Заміна, адреса: вул. Космонавтів 18, кв. 127, лічильники: 5639964, виконавець: Баранов, вартість: 1050 грн., примітки: 1хв, кухня, №5639964 додано до БД користувачем [Сусло Тетяна].
[10-Sep-2024 11:10:18 Europe/Helsinki] EditDATA [INFO] Для заявки Повірка від 07.08.2024 користувачем [Коваль Людмила] змінено примітки з 13-14 
за 1 год на 17-18
за 1 год.
[10-Sep-2024 11:21:58 Europe/Helsinki] EditDATA [INFO] Для заявки Повірка від 10.09.2024 користувачем [Коваль Людмила] змінено виконавця з ЗАПЛАНОВАНІ на Осипенко.
[10-Sep-2024 11:22:12 Europe/Helsinki] EditDATA [INFO] Для заявки Повірка від 09.09.2024 користувачем [Коваль Людмила] змінено виконавця з ЗАПЛАНОВАНІ на Осипенко.
[10-Sep-2024 11:22:40 Europe/Helsinki] EditDATA [INFO] Для заявки Повірка від 03.09.2024 користувачем [Коваль Людмила] змінено виконавця з ЗАПЛАНОВАНІ на Осипенко.
[10-Sep-2024 11:23:03 Europe/Helsinki] EditDATA [INFO] Для заявки Повірка від 03.09.2024 користувачем [Коваль Людмила] змінено виконавця з ЗАПЛАНОВАНІ на Осипенко.
[10-Sep-2024 11:23:36 Europe/Helsinki] EditDATA [INFO] Для заявки Повірка від 20.08.2024 користувачем [Коваль Людмила] змінено виконавця з ЗАПЛАНОВАНІ на Осипенко.
[2024-09-10T11:24:31.072] [INFO] DataBase - У заявці Повірка від 9 вересня 2024 р. за адресою вул. Старобілоуська, буд. 61, корп. Б, кв. 95 видалено дату виконання 11 вересня 2024 р. користувачем [Коваль Людмила].
[2024-09-10T11:25:03.718] [INFO] DataBase - У заявці Повірка від 9 вересня 2024 р. за адресою вул. Старобілоуська, буд. 61, корп. Б, кв. 95 додано дату виконання 11 вересня 2024 р. користувачем [Коваль Людмила].
[10-Sep-2024 11:25:19 Europe/Helsinki] EditDATA [INFO] Для заявки Повірка від 09.09.2024 користувачем [Коваль Людмила] змінено виконавця з Шкуліпа на Осипенко.
[10-Sep-2024 11:27:25 Europe/Helsinki] EditDATA [INFO] Для заявки Повірка від 06.09.2024 користувачем [Коваль Людмила] змінено виконавця з ЗАПЛАНОВАНІ на Осипенко.
[10-Sep-2024 11:27:44 Europe/Helsinki] EditDATA [INFO] Для заявки Повірка від 06.09.2024 користувачем [Коваль Людмила] змінено виконавця з ЗАПЛАНОВАНІ на Осипенко.
[10-Sep-2024 11:30:32 Europe/Helsinki] NewDATA [INFO] Нова адреса вул. Мазепи Івана, буд. 11, кв. 108, тел. +38 (066) 469-40-61 додана до БД користувачем [Сусло Тетяна].
[10-Sep-2024 11:31:11 Europe/Helsinki] NewDATA [INFO] Нова заявка Повірка, адреса: вул. Мазепи Івана 11, кв. 108, лічильники: БЕЗ НОМЕРА - 4 шт., вартість: 1200 грн., примітки: 8-13 додано до БД користувачем [Сусло Тетяна].
[2024-09-10T11:31:18.087] [INFO] DataBase - У заявці Повірка від 10 вересня 2024 р. за адресою вул. Мазепи Івана, буд. 11, кв. 108 додано виконавця ЗАПЛАНОВАНІ та додано дату виконання 13 вересня 2024 р. користувачем [Сусло Тетяна].
[10-Sep-2024 11:59:48 Europe/Helsinki] NewDATA [INFO] Нова адреса вул. Захисників України, буд. 15, корп. А, кв. 28, тел. +38 (095) 285-90-66 додана до БД користувачем [Сусло Тетяна].
[10-Sep-2024 12:00:52 Europe/Helsinki] NewDATA [INFO] Нова заявка Повірка, адреса: вул. Захисників України 15 корпус А, кв. 28, лічильники: БЕЗ НОМЕРА - 4 шт., вартість: 1200 грн., примітки: 13-17, за 30 хв, Пухова 51/52 разом додано до БД користувачем [Сусло Тетяна].
[2024-09-10T12:00:56.397] [INFO] DataBase - У заявці Повірка від 10 вересня 2024 р. за адресою вул. Захисників України, буд. 15, корп. А, кв. 28 додано виконавця ЗАПЛАНОВАНІ та додано дату виконання 13 вересня 2024 р. користувачем [Сусло Тетяна].
[10-Sep-2024 12:01:29 Europe/Helsinki] NewDATA [INFO] Нова адреса вул. Генерала Пухова, буд. 51, кв. 52, тел. +38 (095) 285-90-66 додана до БД користувачем [Сусло Тетяна].
[10-Sep-2024 12:02:27 Europe/Helsinki] NewDATA [INFO] Нова заявка Повірка, адреса: вул. Генерала Пухова 51, кв. 52, лічильники: БЕЗ НОМЕРА - 1 шт., вартість: 300 грн., примітки: 13-17, разом з Зах.Укр. 15а/28, за 30 хв додано до БД користувачем [Сусло Тетяна].
[2024-09-10T12:02:30.998] [INFO] DataBase - У заявці Повірка від 10 вересня 2024 р. за адресою вул. Генерала Пухова, буд. 51, кв. 52 додано виконавця ЗАПЛАНОВАНІ та додано дату виконання 13 вересня 2024 р. користувачем [Сусло Тетяна].
[10-Sep-2024 12:14:40 Europe/Helsinki] NewDATA [INFO] Нова адреса вул. Рятувальників, буд. 6, кв. 107, тел. +38 (096) 594-05-14 додана до БД користувачем [Сусло Тетяна].
[10-Sep-2024 12:15:05 Europe/Helsinki] NewDATA [INFO] Нова заявка Повірка, адреса: вул. Рятувальників 6, кв. 107, лічильники: БЕЗ НОМЕРА - 1 шт., вартість: 300 грн., примітки: 8-13 додано до БД користувачем [Сусло Тетяна].
[2024-09-10T12:15:14.055] [INFO] DataBase - У заявці Повірка від 10 вересня 2024 р. за адресою вул. Рятувальників, буд. 6, кв. 107 додано виконавця ЗАПЛАНОВАНІ та додано дату виконання 12 вересня 2024 р. користувачем [Сусло Тетяна].
[10-Sep-2024 12:29:20 Europe/Helsinki] DellTASK [INFO] Заміна від 06.09.2024 для адреси просп. Миру, буд. 190, кв. 50 для лічильника БЕЗ НОМЕРА - 1 шт. було відмінено користувачем [Сміян Альона] з коментарем: повтор.
[10-Sep-2024 12:44:05 Europe/Helsinki] NewDATA [INFO] Нова заявка Заміна, адреса: вул. Савчука 7, кв. 175, лічильники: БЕЗ НОМЕРА - 1 шт., вартість: 1050 грн., примітки: 1 г/в 181248363 після 10-13 додано до БД користувачем [Сміян Альона].
[2024-09-10T12:44:13.503] [INFO] DataBase - У заявці Заміна від 10 вересня 2024 р. за адресою вул. Савчука, буд. 7, кв. 175 додано виконавця Баранов та додано дату виконання 11 вересня 2024 р. користувачем [Сміян Альона].
[10-Sep-2024 12:51:46 Europe/Helsinki] EditDATA [INFO] Для заявки Заміна від 06.09.2024 користувачем [Сміян Альона] змінено примітки з 1хв, св на 1хв, св 8-12.
[2024-09-10T12:51:51.580] [INFO] DataBase - У заявці Заміна від 6 вересня 2024 р. за адресою вул. Боднарука Любомира, буд. 8, кв. 63 додано дату виконання 11 вересня 2024 р. користувачем [Сміян Альона].
[10-Sep-2024 13:01:17 Europe/Helsinki] NewDATA [INFO] Нова адреса вул. Мстиславська, буд. 45, кв. 23, тел. +38 (063) 741-87-78 додана до БД користувачем [Сусло Тетяна].
[10-Sep-2024 13:02:05 Europe/Helsinki] NewDATA [INFO] Нова заявка Повірка, адреса: вул. Мстиславська 45, кв. 23, лічильники: БЕЗ НОМЕРА - 2 шт., вартість: 600 грн., примітки: 13-18, за 30 хв додано до БД користувачем [Сусло Тетяна].
[10-Sep-2024 13:05:35 Europe/Helsinki] NewDATA [INFO] Нова адреса вул. Шевченка, буд. 32, кв. 85, тел. +38 (093) 291-22-25 додана до БД користувачем [Сусло Тетяна].
[10-Sep-2024 13:06:32 Europe/Helsinki] NewDATA [INFO] Нова заявка Повірка, адреса: вул. Шевченка 32, кв. 85, лічильники: БЕЗ НОМЕРА - 2 шт., вартість: 600 грн., примітки: 8-13, передзвонять, є доступ до води чи ні додано до БД користувачем [Сусло Тетяна].
[2024-09-10T13:06:39.135] [INFO] DataBase - У заявці Повірка від 10 вересня 2024 р. за адресою вул. Шевченка, буд. 32, кв. 85 додано виконавця ЗАПЛАНОВАНІ та додано дату виконання 30 вересня 2024 р. користувачем [Сусло Тетяна].
[10-Sep-2024 13:45:29 Europe/Helsinki] EditDATA [INFO] За адресою просп. Левка Лукяненка 3, кв. 4 користувачем [Коваль Людмила] змінені номери телефонів з +38(098)427-42-19, +38(0462)23-06-80, +38(063)345-61-26 на +38(098)427-42-19, при створенні нової заявки [Повірка] від 10.09.2024.
[10-Sep-2024 13:45:29 Europe/Helsinki] NewDATA [INFO] Нова заявка Повірка, адреса: просп. Левка Лукяненка 3, кв. 4, лічильники: БЕЗ НОМЕРА - 1 шт., вартість: 300 грн., примітки: 11-15 додано до БД користувачем [Коваль Людмила].
[2024-09-10T13:45:46.745] [INFO] DataBase - У заявці Повірка від 10 вересня 2024 р. за адресою просп. Левка Лукяненка, буд. 3, кв. 4 додано виконавця ЗАПЛАНОВАНІ та додано дату виконання 16 вересня 2024 р. користувачем [Коваль Людмила].
[10-Sep-2024 13:46:35 Europe/Helsinki] NewDATA [INFO] Нова заявка Повірка, адреса: просп. Грушевського Михайла 191 корпус А, кв. 109, лічильники: БЕЗ НОМЕРА - 1 шт., вартість: 300 грн., примітки: з 13-14,пе.за час додано до БД користувачем [Коваль Людмила].
[10-Sep-2024 13:51:49 Europe/Helsinki] EditDATA [INFO] Для заявки Повірка від 30.08.2024 користувачем [Коваль Людмила] змінено виконавця з ЗАПЛАНОВАНІ на Осипенко.
[10-Sep-2024 13:52:36 Europe/Helsinki] EditDATA [INFO] Для заявки Повірка від 10.09.2024 користувачем [Коваль Людмила] змінено виконавця з ЗАПЛАНОВАНІ на Богомаз.
[10-Sep-2024 13:52:47 Europe/Helsinki] EditDATA [INFO] Для заявки Повірка від 10.09.2024 користувачем [Коваль Людмила] змінено виконавця з ЗАПЛАНОВАНІ на Богомаз.
[10-Sep-2024 13:53:00 Europe/Helsinki] EditDATA [INFO] Для заявки Повірка від 27.08.2024 користувачем [Коваль Людмила] змінено виконавця з ЗАПЛАНОВАНІ на Богомаз.
[10-Sep-2024 13:53:14 Europe/Helsinki] EditDATA [INFO] Для заявки Повірка від 09.09.2024 користувачем [Коваль Людмила] змінено виконавця з ЗАПЛАНОВАНІ на Богомаз.
[10-Sep-2024 13:53:25 Europe/Helsinki] EditDATA [INFO] Для заявки Повірка від 09.09.2024 користувачем [Коваль Людмила] змінено виконавця з ЗАПЛАНОВАНІ на Богомаз.
[10-Sep-2024 13:54:01 Europe/Helsinki] EditDATA [INFO] Для заявки Повірка від 09.09.2024 користувачем [Коваль Людмила] змінено виконавця з ЗАПЛАНОВАНІ на Богомаз.
[10-Sep-2024 13:54:52 Europe/Helsinki] EditDATA [INFO] Для заявки Повірка від 04.09.2024 користувачем [Коваль Людмила] змінено виконавця з ЗАПЛАНОВАНІ на Шкуліпа.
[10-Sep-2024 13:55:04 Europe/Helsinki] EditDATA [INFO] Для заявки Повірка від 10.09.2024 користувачем [Коваль Людмила] змінено виконавця з ЗАПЛАНОВАНІ на Шкуліпа.
[10-Sep-2024 13:55:15 Europe/Helsinki] EditDATA [INFO] Для заявки Повірка від 10.09.2024 користувачем [Коваль Людмила] змінено виконавця з ЗАПЛАНОВАНІ на Шкуліпа.
[10-Sep-2024 13:55:26 Europe/Helsinki] EditDATA [INFO] Для заявки Повірка від 09.09.2024 користувачем [Коваль Людмила] змінено виконавця з ЗАПЛАНОВАНІ на Шкуліпа.
[10-Sep-2024 13:55:48 Europe/Helsinki] EditDATA [INFO] Для заявки Повірка від 06.09.2024 користувачем [Коваль Людмила] змінено виконавця з ЗАПЛАНОВАНІ на Шкуліпа.
[10-Sep-2024 13:55:58 Europe/Helsinki] EditDATA [INFO] Для заявки Повірка від 09.09.2024 користувачем [Коваль Людмила] змінено виконавця з ЗАПЛАНОВАНІ на Шкуліпа.
[10-Sep-2024 13:56:09 Europe/Helsinki] EditDATA [INFO] Для заявки Повірка від 09.09.2024 користувачем [Коваль Людмила] змінено виконавця з ЗАПЛАНОВАНІ на Шкуліпа.
[10-Sep-2024 13:56:20 Europe/Helsinki] EditDATA [INFO] Для заявки Повірка від 30.08.2024 користувачем [Коваль Людмила] змінено виконавця з ЗАПЛАНОВАНІ на Шкуліпа.
[10-Sep-2024 13:58:04 Europe/Helsinki] NewDATA [INFO] Нова заявка Заміна, адреса: вул. Захисників України 12, кв. 44, лічильники: БЕЗ НОМЕРА - 1 шт., виконавець: Баранов, вартість: 1050 грн., примітки: 12-16,пер.за 30 хв.ванна додано до БД користувачем [Коваль Людмила].
[2024-09-10T13:58:18.205] [INFO] DataBase - У заявці Заміна від 10 вересня 2024 р. за адресою вул. Захисників України, буд. 12, кв. 44 додано дату виконання 11 вересня 2024 р. користувачем [Коваль Людмила].
[10-Sep-2024 13:58:58 Europe/Helsinki] EditDATA [INFO] За адресою просп. Перемоги 37, кв. 58 користувачем [Коваль Людмила] змінені номери телефонів з +38(093)430-60-34, +38(0462)72-03-62 на +38(093)430-60-34, при створенні нової заявки [Повірка] від 10.09.2024.
[10-Sep-2024 13:58:58 Europe/Helsinki] NewDATA [INFO] Нова заявка Повірка, адреса: просп. Перемоги 37, кв. 58, лічильники: БЕЗ НОМЕРА - 2 шт., вартість: 600 грн., примітки: 8-10 додано до БД користувачем [Коваль Людмила].
[2024-09-10T13:59:16.142] [INFO] DataBase - У заявці Повірка від 10 вересня 2024 р. за адресою просп. Перемоги, буд. 37, кв. 58 додано виконавця ЗАПЛАНОВАНІ та додано дату виконання 13 вересня 2024 р. користувачем [Коваль Людмила].
[10-Sep-2024 13:59:58 Europe/Helsinki] NewDATA [INFO] Нова заявка Повірка, адреса: вул. Генерала Пухова 101 корпус А, кв. 5, лічильники: БЕЗ НОМЕРА - 2 шт., вартість: 600 грн., примітки: 11-16,пер.за 10 хв додано до БД користувачем [Коваль Людмила].
[2024-09-10T14:00:16.095] [INFO] DataBase - У заявці Повірка від 10 вересня 2024 р. за адресою вул. Генерала Пухова, буд. 101, корп. А, кв. 5 додано виконавця ЗАПЛАНОВАНІ та додано дату виконання 13 вересня 2024 р. користувачем [Коваль Людмила].
[10-Sep-2024 14:00:55 Europe/Helsinki] NewDATA [INFO] Нова заявка Заміна, адреса: просп. Левка Лукяненка 41, кв. 17, лічильники: БЕЗ НОМЕРА - 1 шт., виконавець: Баранов, вартість: 1050 грн., примітки: 1хв, туалет,після 16.00 додано до БД користувачем [Сусло Тетяна].
[2024-09-10T14:01:05.842] [INFO] DataBase - У заявці Заміна від 10 вересня 2024 р. за адресою просп. Левка Лукяненка, буд. 41, кв. 17 додано дату виконання 11 вересня 2024 р. користувачем [Сусло Тетяна].
[10-Sep-2024 14:01:06 Europe/Helsinki] NewDATA [INFO] Нова заявка Повірка, адреса: просп. Грушевського Михайла 191 корпус А, кв. 109, лічильники: БЕЗ НОМЕРА - 1 шт., вартість: 300 грн., примітки: 13-14,пер.за час додано до БД користувачем [Коваль Людмила].
[2024-09-10T14:01:28.872] [INFO] DataBase - У заявці Повірка від 10 вересня 2024 р. за адресою просп. Грушевського Михайла, буд. 191, корп. А, кв. 109 додано виконавця ЗАПЛАНОВАНІ та додано дату виконання 12 вересня 2024 р. користувачем [Коваль Людмила].
[10-Sep-2024 14:05:59 Europe/Helsinki] DellTASK [INFO] Повірка від 24.06.2024 для адреси вул. курсанта Єськова, буд. 4, кв. 133 для лічильника БЕЗ НОМЕРА - 2 шт. було відмінено користувачем [Сусло Тетяна] з коментарем: виконана раніше.
[10-Sep-2024 14:11:06 Europe/Helsinki] DellTASK [INFO] Заміна від 25.07.2024 для адреси просп. Левка Лукяненка, буд. 41, кв. 17 для лічильника БЕЗ НОМЕРА - 1 шт. було відмінено користувачем [Сміян Альона] з коментарем: повтор.
[10-Sep-2024 14:12:42 Europe/Helsinki] EditDATA [INFO] За адресою вул. Шевченка 46, кв. 24 користувачем [Сусло Тетяна] змінені номери телефонів з +38(097)989-85-77, +38(093)225-44-57 на +38(093)989-85-77, при створенні нової заявки [Повірка] від 10.09.2024.
[10-Sep-2024 14:12:43 Europe/Helsinki] NewDATA [INFO] Нова заявка Повірка, адреса: вул. Шевченка 46, кв. 24, лічильники: БЕЗ НОМЕРА - 4 шт., вартість: 1200 грн., примітки: 8-13, за 30-40 хв додано до БД користувачем [Сусло Тетяна].
[2024-09-10T14:12:47.014] [INFO] DataBase - У заявці Повірка від 10 вересня 2024 р. за адресою вул. Шевченка, буд. 46, кв. 24 додано виконавця ЗАПЛАНОВАНІ та додано дату виконання 12 вересня 2024 р. користувачем [Сусло Тетяна].
[10-Sep-2024 14:16:13 Europe/Helsinki] EditDATA [INFO] Для заявки Заміна від 09.09.2024 користувачем [Сміян Альона] змінено примітки з на 11.09 або 12.09 1 хв на 1х/в 6051496 11-15.
[2024-09-10T14:16:18.820] [INFO] DataBase - У заявці Заміна від 9 вересня 2024 р. за адресою вул. Всіхсвятська, буд. 8, кв. 38 додано дату виконання 11 вересня 2024 р. користувачем [Сміян Альона].
[10-Sep-2024 14:17:42 Europe/Helsinki] NewDATA [INFO] Нова заявка Повірка, адреса: просп. Перемоги 125, кв. 59, лічильники: БЕЗ НОМЕРА - 1 шт., вартість: 300 грн., примітки: 8-11, сантехніку зробили додано до БД користувачем [Сусло Тетяна].
[2024-09-10T14:17:52.242] [INFO] DataBase - У заявці Повірка від 10 вересня 2024 р. за адресою просп. Перемоги, буд. 125, кв. 59 додано виконавця ЗАПЛАНОВАНІ та додано дату виконання 13 вересня 2024 р. користувачем [Сусло Тетяна].
[10-Sep-2024 14:20:12 Europe/Helsinki] EditDATA [INFO] Для заявки Заміна від 10.09.2024 користувачем [Сміян Альона] змінено примітки з 1хв, кухня, №5639964 на 1хв,кухня, №5639964 13-17.
[2024-09-10T14:20:19.055] [INFO] DataBase - У заявці Заміна від 10 вересня 2024 р. за адресою вул. Космонавтів, буд. 18, кв. 127 додано дату виконання 11 вересня 2024 р. користувачем [Сміян Альона].
[10-Sep-2024 14:45:55 Europe/Helsinki] EditDATA [INFO] За адресою вул. Волковича 17, кв. 4 користувачем [Сусло Тетяна] змінені номери телефонів з +38(093)551-22-28, +38(097)657-53-21 на +38(095)537-20-94, при створенні нової заявки [Заміна] від 10.09.2024.
[10-Sep-2024 14:45:55 Europe/Helsinki] NewDATA [INFO] Нова заявка Заміна, адреса: вул. Волковича 17, кв. 4, лічильники: БЕЗ НОМЕРА - 2 шт., виконавець: Баранов, вартість: 2100 грн., примітки: 1хв,1гв, ванна додано до БД користувачем [Сусло Тетяна].
[10-Sep-2024 14:48:36 Europe/Helsinki] EditDATA [INFO] За адресою вул. 1-ї Гвардійської Армії 4, кв. 58 користувачем [Сміян Альона] змінені номери телефонів з +38(0462)63-93-68, +38(095)830-44-66 на +38(095)332-96-74, при створенні нової заявки [Заміна] від 10.09.2024.
[10-Sep-2024 14:48:36 Europe/Helsinki] NewDATA [INFO] Нова заявка Заміна, адреса: вул. 1-ї Гвардійської Армії 4, кв. 58, лічильники: БЕЗ НОМЕРА - 2 шт., вартість: 2100 грн., примітки: 1х/в 1г/в 11-16 30хв додано до БД користувачем [Сміян Альона].
[2024-09-10T14:48:50.562] [INFO] DataBase - У заявці Заміна від 10 вересня 2024 р. за адресою вул. 1-ї Гвардійської Армії, буд. 4, кв. 58 додано виконавця Баранов та додано дату виконання 13 вересня 2024 р. користувачем [Сміян Альона].
[10-Sep-2024 14:56:18 Europe/Helsinki] NewDATA [INFO] Нова адреса просп. Миру, буд. 211, кв. 22, тел. +38 (093) 589-60-93 додана до БД користувачем [Сусло Тетяна].
[10-Sep-2024 14:57:45 Europe/Helsinki] NewDATA [INFO] Нова заявка Повірка, адреса: просп. Миру 211, кв. 22, лічильники: БЕЗ НОМЕРА - 2 шт., вартість: 600 грн., примітки: 8-13 додано до БД користувачем [Сусло Тетяна].
[2024-09-10T14:57:50.989] [INFO] DataBase - У заявці Повірка від 10 вересня 2024 р. за адресою просп. Миру, буд. 211, кв. 22 додано виконавця ЗАПЛАНОВАНІ та додано дату виконання 12 вересня 2024 р. користувачем [Сусло Тетяна].
[10-Sep-2024 14:58:04 Europe/Helsinki] NewDATA [INFO] Новий лічильник номер: 2742962, тип: ECOSTAR E-C => DN 15, рік випуску: 2024, показники: 0, розташування: Ванна, балансоутримувач: КП "ВДК" додано до БД користувачем [Сміян Альона].
[10-Sep-2024 14:58:06 Europe/Helsinki] EditDATA [INFO] За адресою вул. Незалежності, буд. 56, кв. 139 користувачем [Сміян Альона] було додано лічильники: 2742962].
[10-Sep-2024 14:58:38 Europe/Helsinki] NewDATA [INFO] Нова адреса вул. Дніпровська, буд. 6, кв. 35, тел. +38 (063) 263-04-83 додана до БД користувачем [Сусло Тетяна].
[10-Sep-2024 14:59:13 Europe/Helsinki] NewDATA [INFO] Нова заявка Повірка, адреса: вул. Дніпровська 6, кв. 35, лічильники: БЕЗ НОМЕРА - 2 шт., вартість: 600 грн., примітки: 13-18 додано до БД користувачем [Сусло Тетяна].
[10-Sep-2024 14:59:14 Europe/Helsinki] NewDATA [INFO] Новий лічильник номер: 00916564, тип: E-T 1,6-U => DN 15, рік випуску: 2024, показники: 0, розташування: Ванна, балансоутримувач: КП "ТКЕ" додано до БД користувачем [Сміян Альона].
[10-Sep-2024 14:59:17 Europe/Helsinki] EditDATA [INFO] За адресою вул. 1-ї Гвардійської Армії, буд. 25, корп. А, кв. 47 користувачем [Сміян Альона] було додано лічильники: 00916564].
[2024-09-10T14:59:19.719] [INFO] DataBase - У заявці Повірка від 10 вересня 2024 р. за адресою вул. Дніпровська, буд. 6, кв. 35 додано виконавця ЗАПЛАНОВАНІ та додано дату виконання 17 вересня 2024 р. користувачем [Сусло Тетяна].
[10-Sep-2024 15:01:47 Europe/Helsinki] EditDATA [INFO] За адресою просп. Перемоги 18, кв. 62 користувачем [Коваль Людмила] змінені номери телефонів з +38(063)702-21-80, +38(0462)25-69-27 на +38(068)101-72-65, при створенні нової заявки [Повірка] від 10.09.2024.
[10-Sep-2024 15:01:47 Europe/Helsinki] NewDATA [INFO] Нова заявка Повірка, адреса: просп. Перемоги 18, кв. 62, лічильники: БЕЗ НОМЕРА - 2 шт., вартість: 600 грн., примітки: 15-18 додано до БД користувачем [Коваль Людмила].
[2024-09-10T15:02:03.044] [INFO] DataBase - У заявці Повірка від 10 вересня 2024 р. за адресою просп. Перемоги, буд. 18, кв. 62 додано виконавця ЗАПЛАНОВАНІ та додано дату виконання 13 вересня 2024 р. користувачем [Коваль Людмила].
[10-Sep-2024 15:03:08 Europe/Helsinki] NewDATA [INFO] Новий лічильник номер: 241470531, тип: СВК => DN 15, рік випуску: 2024, показники: 0, розташування: Ванна, балансоутримувач: АТ "ОТКЕ" додано до БД користувачем [Сміян Альона].
[10-Sep-2024 15:03:10 Europe/Helsinki] EditDATA [INFO] За адресою вул. Міхнюка Олега, буд. 41, корп. А-2, кв. 34 користувачем [Сміян Альона] було додано лічильники: 241470531].
[10-Sep-2024 15:04:49 Europe/Helsinki] NewDATA [INFO] Новий лічильник номер: 240884203, тип: GSD => DN 15, рік випуску: 2024, показники: 0, розташування: Ванна, балансоутримувач: АТ "ОТКЕ" додано до БД користувачем [Сміян Альона].
[10-Sep-2024 15:04:52 Europe/Helsinki] EditDATA [INFO] За адресою вул. Генерала Пухова, буд. 101, кв. 18 користувачем [Сміян Альона] було додано лічильники: 240884203].
[10-Sep-2024 15:24:55 Europe/Helsinki] NewDATA [INFO] Нова заявка Заміна, адреса: вул. Пятницька 80, кв. 12, лічильники: 698551, 591916, вартість: 2100 грн., примітки: 1х/в 698551 1г/в 591916 с/в 13-17 додано до БД користувачем [Сміян Альона].
[2024-09-10T15:25:08.793] [INFO] DataBase - У заявці Заміна від 10 вересня 2024 р. за адресою вул. Пятницька, буд. 80, кв. 12 додано виконавця Баранов та додано дату виконання 12 вересня 2024 р. користувачем [Сміян Альона].
[10-Sep-2024 15:34:42 Europe/Helsinki] EditDATA [INFO] Для заявки Заміна від 29.08.2024 користувачем [Сміян Альона] змінено примітки з 1х/в 0648435 8-12 на 1х/в 0648435 13-16.
[2024-09-10T15:35:09.401] [INFO] DataBase - У заявці Заміна від 29 серпня 2024 р. за адресою вул. Русової, буд. 25, кв. 41 додано дату виконання 17 вересня 2024 р. користувачем [Сміян Альона].
[10-Sep-2024 15:35:27 Europe/Helsinki] EditDATA [INFO] Для заявки Заміна від 03.09.2024 користувачем [Сміян Альона] змінено примітки з 2хв, 2гв, після 13.00 на 2хв, 2гв, після 13.00 30хв.
[2024-09-10T15:35:46.035] [INFO] DataBase - У заявці Заміна від 3 вересня 2024 р. за адресою вул. Доценка, буд. 6, кв. 12 додано дату виконання 11 вересня 2024 р. користувачем [Сміян Альона].
[10-Sep-2024 15:46:04 Europe/Helsinki] EditDATA [INFO] Для заявки Заміна від 06.09.2024 користувачем [Сміян Альона] додано примітки 1г/в с/в 8-12.
[2024-09-10T15:47:09.960] [INFO] DataBase - У заявці Заміна від 6 вересня 2024 р. за адресою просп. Миру, буд. 189, кв. 70 додано дату виконання 12 вересня 2024 р. користувачем [Сміян Альона].
[10-Sep-2024 16:03:48 Europe/Helsinki] EditDATA [INFO] За адресою вул. Космонавтів 22, кв. 71 користувачем [Сміян Альона] змінені номери телефонів з +38(066)982-50-10 на +38(098)554-52-45, при створенні нової заявки [Повірка] від 10.09.2024.
[10-Sep-2024 16:03:48 Europe/Helsinki] NewDATA [INFO] Нова заявка Повірка, адреса: вул. Космонавтів 22, кв. 71, лічильники: БЕЗ НОМЕРА - 2 шт., вартість: 600 грн., примітки: 9-12 додано до БД користувачем [Сміян Альона].
[2024-09-10T16:03:55.690] [INFO] DataBase - У заявці Повірка від 10 вересня 2024 р. за адресою вул. Космонавтів, буд. 22, кв. 71 додано виконавця ЗАПЛАНОВАНІ та додано дату виконання 18 вересня 2024 р. користувачем [Сміян Альона].
[10-Sep-2024 16:16:52 Europe/Helsinki] EditDATA [INFO] За адресою вул. Доценка 3 корпус А, кв. 18 користувачем [Сміян Альона] змінені номери телефонів з +38(063)534-24-65 на +38(068)517-71-85, при створенні нової заявки [Повірка] від 10.09.2024.
[10-Sep-2024 16:16:52 Europe/Helsinki] NewDATA [INFO] Нова заявка Повірка, адреса: вул. Доценка 3 корпус А, кв. 18, лічильники: БЕЗ НОМЕРА - 1 шт., вартість: 300 грн., примітки: 13-17 додано до БД користувачем [Сміян Альона].
[2024-09-10T16:16:59.290] [INFO] DataBase - У заявці Повірка від 10 вересня 2024 р. за адресою вул. Доценка, буд. 3, корп. А, кв. 18 додано виконавця ЗАПЛАНОВАНІ та додано дату виконання 12 вересня 2024 р. користувачем [Сміян Альона].
[10-Sep-2024 16:20:53 Europe/Helsinki] NewDATA [INFO] Нова адреса вул. Незалежності, буд. 60, кв. 57, тел. +38 (097) 249-83-17 додана до БД користувачем [Коваль Людмила].
[10-Sep-2024 16:21:55 Europe/Helsinki] NewDATA [INFO] Нова заявка Повірка, адреса: вул. Незалежності 60, кв. 57, лічильники: БЕЗ НОМЕРА - 2 шт., вартість: 600 грн., примітки: 14-18 додано до БД користувачем [Коваль Людмила].
[2024-09-10T16:22:09.114] [INFO] DataBase - У заявці Повірка від 10 вересня 2024 р. за адресою вул. Незалежності, буд. 60, кв. 57 додано виконавця ЗАПЛАНОВАНІ та додано дату виконання 17 вересня 2024 р. користувачем [Коваль Людмила].
[10-Sep-2024 16:22:55 Europe/Helsinki] NewDATA [INFO] Нова заявка Повірка, адреса: вул. Шевченка 44, кв. 24, лічильники: БЕЗ НОМЕРА - 2 шт., вартість: 600 грн., примітки: 11-15,пер.за час додано до БД користувачем [Коваль Людмила].
[2024-09-10T16:23:25.716] [INFO] DataBase - У заявці Повірка від 10 вересня 2024 р. за адресою вул. Шевченка, буд. 44, кв. 24 додано виконавця ЗАПЛАНОВАНІ та додано дату виконання 11 вересня 2024 р. користувачем [Коваль Людмила].
[10-Sep-2024 16:23:35 Europe/Helsinki] EditDATA [INFO] Для заявки Повірка від 10.09.2024 користувачем [Коваль Людмила] змінено виконавця з ЗАПЛАНОВАНІ на Шкуліпа.
[10-Sep-2024 16:44:32 Europe/Helsinki] NewDATA [INFO] Нова заявка Повірка, адреса: вул. Мстиславська 45, кв. 23, лічильники: БЕЗ НОМЕРА - 2 шт., вартість: 600 грн., примітки: 13-18, за 30 хв додано до БД користувачем [Сусло Тетяна].
[2024-09-10T16:44:38.091] [INFO] DataBase - У заявці Повірка від 10 вересня 2024 р. за адресою вул. Мстиславська, буд. 45, кв. 23 додано виконавця ЗАПЛАНОВАНІ та додано дату виконання 13 вересня 2024 р. користувачем [Сусло Тетяна].
[10-Sep-2024 16:55:43 Europe/Helsinki] NewDATA [ERROR] Помилка при додаванні Нової заявки до Бази Даних Чернігів: Out of range value for column 'cost' at row 1
