[08-Jul-2025 08:17:23 Europe/Helsinki] DellTASK [INFO] Повірка від 04.07.2025 для адреси просп. Левка Лукяненка, буд. 37, кв. 125 для лічильника БЕЗ НОМЕРА - 2 шт. було завершено користувачем [Коваль Людмила] з коментарем: виконано.
[08-Jul-2025 08:17:37 Europe/Helsinki] DellTASK [INFO] Повірка від 04.07.2025 для адреси просп. Перемоги, буд. 119, корп. А, кв. 145 для лічильника БЕЗ НОМЕРА - 1 шт. було завершено користувачем [Коваль Людмила] з коментарем: виконано.
[08-Jul-2025 08:18:18 Europe/Helsinki] DellTASK [INFO] Повірка від 23.06.2025 для адреси вул. Пятницька, буд. 94, кв. 23 для лічильника БЕЗ НОМЕРА - 2 шт. було завершено користувачем [Коваль Людмила] з коментарем: виконано.
[08-Jul-2025 08:18:34 Europe/Helsinki] DellTASK [INFO] Повірка від 27.06.2025 для адреси вул. Гонча, буд. 57, кв. 70 для лічильника БЕЗ НОМЕРА - 2 шт. було завершено користувачем [Коваль Людмила] з коментарем: виконано.
[08-Jul-2025 08:18:52 Europe/Helsinki] DellTASK [INFO] Повірка від 30.06.2025 для адреси вул. Пятницька, буд. 70, корп. 2, кв. 43 для лічильника БЕЗ НОМЕРА - 2 шт. було завершено користувачем [Коваль Людмила] з коментарем: виконано.
[08-Jul-2025 08:22:02 Europe/Helsinki] DellTASK [INFO] Повірка від 02.07.2025 для адреси просп. Перемоги, буд. 119, кв. 39 для лічильника БЕЗ НОМЕРА - 1 шт. було завершено користувачем [Коваль Людмила] з коментарем: виконано.
[08-Jul-2025 08:22:52 Europe/Helsinki] NewDATA [INFO] Новий лічильник номер: 211377419, тип: СВК => DN 15, рік випуску: 2021, показники: 0, балансоутримувач: КП "ВДК" додано до БД користувачем [Коваль Людмила].
[08-Jul-2025 08:23:15 Europe/Helsinki] NewDATA [INFO] Новий лічильник номер: 211363037, тип: СВК => DN 15, рік випуску: 2021, показники: 0, балансоутримувач: АТ "ОТКЕ" додано до БД користувачем [Коваль Людмила].
[08-Jul-2025 08:23:17 Europe/Helsinki] EditDATA [INFO] За адресою просп. Левка Лукяненка, буд. 37, кв. 125 користувачем [Коваль Людмила] було додано лічильники: 211377419, 211363037].
[08-Jul-2025 08:23:56 Europe/Helsinki] NewDATA [INFO] Новий лічильник номер: 227821, тип: КВ-1,5 => DN 15, рік випуску: 2013, показники: 0, балансоутримувач: КП "ВДК" додано до БД користувачем [Коваль Людмила].
[08-Jul-2025 08:23:58 Europe/Helsinki] EditDATA [INFO] За адресою просп. Перемоги, буд. 119, корп. А, кв. 145 користувачем [Коваль Людмила] було додано лічильники: 227821].
[08-Jul-2025 08:24:36 Europe/Helsinki] NewDATA [INFO] Новий лічильник номер: 143491, тип: КВ-1,5 => DN 15, рік випуску: 2017, показники: 0, балансоутримувач: КП "ВДК" додано до БД користувачем [Коваль Людмила].
[08-Jul-2025 08:24:38 Europe/Helsinki] EditDATA [INFO] За адресою просп. Перемоги, буд. 119, кв. 39 користувачем [Коваль Людмила] було додано лічильники: 143491].
[08-Jul-2025 08:25:53 Europe/Helsinki] NewDATA [INFO] Новий лічильник номер: 277125, тип: КВ-1,5 => DN 15, рік випуску: 2006, показники: 0, балансоутримувач: КП "ВДК" додано до БД користувачем [Коваль Людмила].
[08-Jul-2025 08:26:24 Europe/Helsinki] NewDATA [INFO] Новий лічильник номер: 280307, тип: КВ-1,5 => DN 15, рік випуску: 2006, показники: 0, балансоутримувач: КП "ТКЕ" додано до БД користувачем [Коваль Людмила].
[08-Jul-2025 08:26:27 Europe/Helsinki] EditDATA [INFO] За адресою вул. Пятницька, буд. 94, кв. 23 користувачем [Коваль Людмила] було додано лічильники: 277125, 280307].
[08-Jul-2025 08:28:44 Europe/Helsinki] NewDATA [INFO] Новий лічильник номер: 250316, тип: КВ-1,5 => DN 15, рік випуску: 2013, показники: 0, балансоутримувач: КП "ВДК" додано до БД користувачем [Коваль Людмила].
[08-Jul-2025 08:29:07 Europe/Helsinki] NewDATA [INFO] Новий лічильник номер: 133447, тип: КВ-1,5 => DN 15, рік випуску: 2009, показники: 0, балансоутримувач: КП "ТКЕ" додано до БД користувачем [Коваль Людмила].
[08-Jul-2025 08:29:09 Europe/Helsinki] EditDATA [INFO] За адресою вул. Пятницька, буд. 70, корп. 2, кв. 43 користувачем [Коваль Людмила] було додано лічильники: 250316, 133447].
[08-Jul-2025 08:40:14 Europe/Helsinki] DellTASK [INFO] Повірка від 01.07.2025 для адреси вул. 1-ої танкової бригади, буд. 27, кв. 42 для лічильника БЕЗ НОМЕРА - 1 шт. було відмінено користувачем [Коваль Людмила] з коментарем: відмова абонентом..
[08-Jul-2025 11:48:53 Europe/Helsinki] NewDATA [INFO] Нова заявка Повірка, адреса: вул. Незалежності 78, кв. 49, лічильники: БЕЗ НОМЕРА - 1 шт., вартість: 350 грн., примітки: 13-17 додано до БД користувачем [Коваль Людмила].
[2025-07-08T11:48:57.891] [INFO] DataBase - У заявці Повірка від 8 липня 2025 р. за адресою вул. Незалежності, буд. 78, кв. 49 додано виконавця ЗАПЛАНОВАНІ та додано дату виконання 11 липня 2025 р. користувачем [Коваль Людмила].
[08-Jul-2025 11:50:10 Europe/Helsinki] EditDATA [INFO] За адресою просп. Перемоги 147, кв. 112 користувачем [Коваль Людмила] змінені номери телефонів з +38(0462)62-64-86 на +38(050)974-81-40, при створенні нової заявки [Повірка] від 08.07.2025.
[08-Jul-2025 11:50:10 Europe/Helsinki] NewDATA [INFO] Нова заявка Повірка, адреса: просп. Перемоги 147, кв. 112, лічильники: БЕЗ НОМЕРА - 2 шт., вартість: 700 грн., примітки: 8-13,2хол. додано до БД користувачем [Коваль Людмила].
[2025-07-08T11:50:15.116] [INFO] DataBase - У заявці Повірка від 8 липня 2025 р. за адресою просп. Перемоги, буд. 147, кв. 112 додано виконавця ЗАПЛАНОВАНІ та додано дату виконання 15 липня 2025 р. користувачем [Коваль Людмила].
[08-Jul-2025 11:51:21 Europe/Helsinki] NewDATA [INFO] Нова заявка Заміна, адреса: вул. Героїв Чорнобиля 10, кв. 7, лічильники: БЕЗ НОМЕРА - 1 шт., вартість: 400 грн., примітки: хол.с/в.12-15 додано до БД користувачем [Коваль Людмила].
[2025-07-08T11:51:31.108] [INFO] DataBase - У заявці Заміна від 8 липня 2025 р. за адресою вул. Героїв Чорнобиля, буд. 10, кв. 7 додано виконавця Баранов та додано дату виконання 10 липня 2025 р. користувачем [Коваль Людмила].
[08-Jul-2025 11:52:26 Europe/Helsinki] NewDATA [INFO] Нова адреса вул. Шевченка, буд. 32, кв. 89, тел. +38 (098) 564-45-35 додана до БД користувачем [Коваль Людмила].
[08-Jul-2025 11:52:59 Europe/Helsinki] NewDATA [INFO] Нова заявка Повірка, адреса: вул. Шевченка 32, кв. 89, лічильники: БЕЗ НОМЕРА - 2 шт., вартість: 700 грн., примітки: 8-13 додано до БД користувачем [Коваль Людмила].
[2025-07-08T11:53:09.198] [INFO] DataBase - У заявці Повірка від 8 липня 2025 р. за адресою вул. Шевченка, буд. 32, кв. 89 додано виконавця ЗАПЛАНОВАНІ та додано дату виконання 15 липня 2025 р. користувачем [Коваль Людмила].
[08-Jul-2025 13:03:39 Europe/Helsinki] EditDATA [INFO] За адресою просп. Левка Лукяненка 23, кв. 45 користувачем [Коваль Людмила] змінені номери телефонів з +38(093)164-01-43, +38(0462)60-76-80 на +38(093)164-01-43, при створенні нової заявки [Заміна] від 08.07.2025.
[08-Jul-2025 13:03:39 Europe/Helsinki] NewDATA [INFO] Нова заявка Заміна, адреса: просп. Левка Лукяненка 23, кв. 45, лічильники: БЕЗ НОМЕРА - 1 шт., примітки: 12-15,хол.(денег не брать) додано до БД користувачем [Коваль Людмила].
[2025-07-08T13:03:42.304] [INFO] DataBase - У заявці Заміна від 8 липня 2025 р. за адресою просп. Левка Лукяненка, буд. 23, кв. 45 додано виконавця Баранов та додано дату виконання 9 липня 2025 р. користувачем [Коваль Людмила].
[08-Jul-2025 13:21:02 Europe/Helsinki] EditDATA [INFO] За адресою просп. Миру 210, кв. 171 користувачем [Коваль Людмила] змінені номери телефонів з +38(0462)25-68-98, +38(093)868-01-60 на +38(093)868-01-60, при створенні нової заявки [Повірка] від 08.07.2025.
[08-Jul-2025 13:21:02 Europe/Helsinki] NewDATA [INFO] Нова заявка Повірка, адреса: просп. Миру 210, кв. 171, лічильники: БЕЗ НОМЕРА - 1 шт., вартість: 350 грн., примітки: 11-14,хол. додано до БД користувачем [Коваль Людмила].
[2025-07-08T13:21:08.826] [INFO] DataBase - У заявці Повірка від 8 липня 2025 р. за адресою просп. Миру, буд. 210, кв. 171 додано виконавця ЗАПЛАНОВАНІ та додано дату виконання 10 липня 2025 р. користувачем [Коваль Людмила].
[08-Jul-2025 13:25:10 Europe/Helsinki] NewDATA [INFO] Нова адреса вул. Мацієвського Олександра, буд. 6, кв. 16, тел. +38 (093) 337-81-13 додана до БД користувачем [Коваль Людмила].
[08-Jul-2025 13:25:41 Europe/Helsinki] NewDATA [INFO] Нова заявка Повірка, адреса: вул. Мацієвського Олександра 6, кв. 16, лічильники: БЕЗ НОМЕРА - 2 шт., вартість: 660 грн., примітки: 13-17,код 450 додано до БД користувачем [Коваль Людмила].
[2025-07-08T13:25:45.286] [INFO] DataBase - У заявці Повірка від 8 липня 2025 р. за адресою вул. Мацієвського Олександра, буд. 6, кв. 16 додано виконавця ЗАПЛАНОВАНІ та додано дату виконання 10 липня 2025 р. користувачем [Коваль Людмила].
[08-Jul-2025 14:02:36 Europe/Helsinki] NewDATA [INFO] Нова заявка Повірка, адреса: вул. Мстиславська 177, кв. 53, лічильники: БЕЗ НОМЕРА - 1 шт., вартість: 350 грн., примітки: гор. додано до БД користувачем [Коваль Людмила].
[2025-07-08T14:02:45.590] [INFO] DataBase - У заявці Повірка від 8 липня 2025 р. за адресою вул. Мстиславська, буд. 177, кв. 53 додано виконавця Шкуліпа та додано дату виконання 8 липня 2025 р. користувачем [Коваль Людмила].
[08-Jul-2025 14:04:27 Europe/Helsinki] NewDATA [INFO] Нова адреса вул. Космонавтів, буд. 4, корп. А, кв. 17, тел. +38 (066) 374-12-32 додана до БД користувачем [Коваль Людмила].
[08-Jul-2025 14:05:00 Europe/Helsinki] NewDATA [INFO] Нова заявка Повірка, адреса: вул. Космонавтів 4 корпус А, кв. 17, лічильники: БЕЗ НОМЕРА - 2 шт., вартість: 700 грн., примітки: 13-17 додано до БД користувачем [Коваль Людмила].
[2025-07-08T14:05:04.107] [INFO] DataBase - У заявці Повірка від 8 липня 2025 р. за адресою вул. Космонавтів, буд. 4, корп. А, кв. 17 додано виконавця ЗАПЛАНОВАНІ та додано дату виконання 14 липня 2025 р. користувачем [Коваль Людмила].
[08-Jul-2025 15:29:35 Europe/Helsinki] EditDATA [INFO] Для заявки Повірка від 07.07.2025 користувачем [Коваль Людмила] змінено виконавця з ЗАПЛАНОВАНІ на Шкуліпа.
[08-Jul-2025 15:42:33 Europe/Helsinki] EditDATA [INFO] Для заявки Повірка від 02.07.2025 користувачем [Коваль Людмила] змінено виконавця з ЗАПЛАНОВАНІ на Шкуліпа.
[08-Jul-2025 15:42:43 Europe/Helsinki] EditDATA [INFO] Для заявки Повірка від 01.07.2025 користувачем [Коваль Людмила] змінено виконавця з ЗАПЛАНОВАНІ на Шкуліпа.
[08-Jul-2025 15:42:51 Europe/Helsinki] EditDATA [INFO] Для заявки Повірка від 01.07.2025 користувачем [Коваль Людмила] змінено виконавця з ЗАПЛАНОВАНІ на Шкуліпа.
[08-Jul-2025 15:57:52 Europe/Helsinki] EditDATA [INFO] Для заявки Повірка від 30.06.2025 користувачем [Коваль Людмила] змінено виконавця з ЗАПЛАНОВАНІ на Сірий.
[08-Jul-2025 16:05:34 Europe/Helsinki] EditDATA [INFO] За адресою вул. Захисників України 10, кв. 71 користувачем [Коваль Людмила] додано номер телефону +38(066)403-08-18, при створенні нової заявки [Повірка] від 08.07.2025.
[08-Jul-2025 16:05:34 Europe/Helsinki] NewDATA [INFO] Нова заявка Повірка, адреса: вул. Захисників України 10, кв. 71, лічильники: БЕЗ НОМЕРА - 2 шт., вартість: 660 грн., примітки: 8-13 додано до БД користувачем [Коваль Людмила].
[2025-07-08T16:05:38.522] [INFO] DataBase - У заявці Повірка від 8 липня 2025 р. за адресою вул. Захисників України, буд. 10, кв. 71 додано виконавця ЗАПЛАНОВАНІ та додано дату виконання 9 липня 2025 р. користувачем [Коваль Людмила].
[08-Jul-2025 16:06:26 Europe/Helsinki] EditDATA [INFO] Для заявки Повірка від 08.07.2025 користувачем [Коваль Людмила] змінено виконавця з ЗАПЛАНОВАНІ на Сірий.
[08-Jul-2025 16:14:32 Europe/Helsinki] EditDATA [INFO] Для заявки Повірка від 02.07.2025 користувачем [Коваль Людмила] змінено виконавця з ЗАПЛАНОВАНІ на Шкуліпа.
[08-Jul-2025 16:14:41 Europe/Helsinki] EditDATA [INFO] Для заявки Повірка від 18.06.2025 користувачем [Коваль Людмила] змінено виконавця з ЗАПЛАНОВАНІ на Шкуліпа.
[08-Jul-2025 16:14:50 Europe/Helsinki] EditDATA [INFO] Для заявки Повірка від 01.07.2025 користувачем [Коваль Людмила] змінено виконавця з ЗАПЛАНОВАНІ на Шкуліпа.
[08-Jul-2025 16:15:05 Europe/Helsinki] EditDATA [INFO] Для заявки Повірка від 30.06.2025 користувачем [Коваль Людмила] змінено виконавця з ЗАПЛАНОВАНІ на Сірий.
[08-Jul-2025 16:17:57 Europe/Helsinki] EditDATA [INFO] Для заявки Повірка від 23.06.2025 користувачем [Коваль Людмила] змінено виконавця з ЗАПЛАНОВАНІ на Сірий.
[08-Jul-2025 16:18:17 Europe/Helsinki] EditDATA [INFO] Для заявки Повірка від 02.07.2025 користувачем [Коваль Людмила] змінено виконавця з ЗАПЛАНОВАНІ на Шкуліпа.
[08-Jul-2025 16:26:53 Europe/Helsinki] NewDATA [INFO] Нова адреса вул. Доценка, буд. 28, кв. 48, тел. +38 (097) 468-34-07 додана до БД користувачем [Коваль Людмила].
[08-Jul-2025 16:27:47 Europe/Helsinki] NewDATA [INFO] Нова заявка Повірка, адреса: вул. Доценка 28, кв. 48, лічильники: БЕЗ НОМЕРА - 4 шт., вартість: 1400 грн., примітки: уточн.к-во сч.13-17,пер.за 30 хв. додано до БД користувачем [Коваль Людмила].
[2025-07-08T16:27:53.048] [INFO] DataBase - У заявці Повірка від 8 липня 2025 р. за адресою вул. Доценка, буд. 28, кв. 48 додано виконавця ЗАПЛАНОВАНІ та додано дату виконання 14 липня 2025 р. користувачем [Коваль Людмила].
[08-Jul-2025 16:28:45 Europe/Helsinki] NewDATA [INFO] Нова адреса вул. Космонавтів, буд. 5, кв. 41, тел. +38 (093) 811-91-35 додана до БД користувачем [Коваль Людмила].
