[28-Aug-2025 08:24:54 Europe/Helsinki] DellTASK [INFO] Заміна від 19.08.2025 для адреси вул. Шевченка, буд. 46, кв. 39 для лічильників 8573856, 5899194 було відмінено користувачем [Сусло Тетяна] з коментарем: зробила інша компанія.
[28-Aug-2025 08:25:34 Europe/Helsinki] DellTASK [INFO] Заміна від 18.08.2025 для адреси вул. Старобілоуська, буд. 14, корп. А, кв. 1 для лічильника БЕЗ НОМЕРА - 1 шт. було відмінено користувачем [Сусло Тетяна] з коментарем: необхідна заміна вхідного крана.
[28-Aug-2025 08:25:58 Europe/Helsinki] DellTASK [INFO] Заміна від 22.08.2025 для адреси просп. Миру, буд. 180, кв. 72 для лічильника БЕЗ НОМЕРА - 1 шт. було завершено користувачем [Сусло Тетяна] з коментарем: виконано.
[28-Aug-2025 08:27:00 Europe/Helsinki] DellTASK [INFO] Заміна від 20.08.2025 для адреси вул. Доценка, буд. 17, корп. Г, кв. 37 для лічильника 170796 було завершено користувачем [Сусло Тетяна] з коментарем: виконано.
[28-Aug-2025 08:27:17 Europe/Helsinki] DellTASK [INFO] Заміна від 20.08.2025 для адреси просп. Грушевського Михайла, буд. 189, кв. 52 для лічильника 397054 було завершено користувачем [Сусло Тетяна] з коментарем: виконано.
[28-Aug-2025 08:27:30 Europe/Helsinki] DellTASK [INFO] Заміна від 20.08.2025 для адреси вул. Красносільського, буд. 43, кв. 109 для лічильника 12445157 було завершено користувачем [Сусло Тетяна] з коментарем: виконано.
[28-Aug-2025 08:27:46 Europe/Helsinki] DellTASK [INFO] Заміна від 20.08.2025 для адреси вул. Дніпровська, буд. 31, кв. 3 для лічильників 437204, 2261905 було завершено користувачем [Сусло Тетяна] з коментарем: виконано.
[28-Aug-2025 09:18:59 Europe/Helsinki] NewDATA [INFO] Нова адреса вул. Всіхсвятська, буд. 6, кв. 125, тел. +38 (096) 684-42-15 додана до БД користувачем [Сусло Тетяна].
[28-Aug-2025 09:19:22 Europe/Helsinki] NewDATA [INFO] Нова заявка Повірка, адреса: вул. Всіхсвятська 6, кв. 125, лічильники: БЕЗ НОМЕРА - 2 шт., вартість: 700 грн., примітки: 8-13, за 30 хв додано до БД користувачем [Сусло Тетяна].
[2025-08-28T09:19:25.370] [INFO] DataBase - У заявці Повірка від 28 серпня 2025 р. за адресою вул. Всіхсвятська, буд. 6, кв. 125 додано виконавця ЗАПЛАНОВАНІ та додано дату виконання 4 вересня 2025 р. користувачем [Сусло Тетяна].
[28-Aug-2025 09:20:39 Europe/Helsinki] NewDATA [INFO] Нова адреса вул. Жабинського, буд. 2, корп. Е, кв. 60, тел. +38 (093) 084-41-38 додана до БД користувачем [Сусло Тетяна].
[28-Aug-2025 09:21:10 Europe/Helsinki] NewDATA [INFO] Нова заявка Повірка, адреса: вул. Жабинського 2 корпус Е, кв. 60, лічильники: БЕЗ НОМЕРА - 1 шт., вартість: 350 грн., примітки: за 1 год додано до БД користувачем [Сусло Тетяна].
[2025-08-28T09:21:19.210] [INFO] DataBase - У заявці Повірка від 28 серпня 2025 р. за адресою вул. Жабинського, буд. 2, корп. Е, кв. 60 додано виконавця Сірий та додано дату виконання 29 серпня 2025 р. користувачем [Сусло Тетяна].
[28-Aug-2025 09:22:23 Europe/Helsinki] DellTASK [INFO] Повірка від 21.08.2025 для адреси вул. Межова, буд. 4, кв. 32 для лічильника БЕЗ НОМЕРА - 1 шт. було завершено користувачем [Коваль Людмила] з коментарем: виконано.
[28-Aug-2025 09:22:41 Europe/Helsinki] DellTASK [INFO] Повірка від 26.08.2025 для адреси просп. Перемоги, буд. 143, кв. 5 для лічильника БЕЗ НОМЕРА - 4 шт. було завершено користувачем [Коваль Людмила] з коментарем: виконано.
[28-Aug-2025 09:22:57 Europe/Helsinki] DellTASK [INFO] Повірка від 26.08.2025 для адреси вул. 1-ї Гвардійської Армії, буд. 4, кв. 312 для лічильника БЕЗ НОМЕРА - 4 шт. було завершено користувачем [Коваль Людмила] з коментарем: виконано.
[28-Aug-2025 09:23:12 Europe/Helsinki] DellTASK [INFO] Повірка від 25.08.2025 для адреси вул. Гетьмана Полуботка, буд. 84, кв. 43 для лічильника БЕЗ НОМЕРА - 2 шт. було завершено користувачем [Коваль Людмила] з коментарем: виконано.
[28-Aug-2025 09:23:30 Europe/Helsinki] DellTASK [INFO] Повірка від 25.08.2025 для адреси просп. Перемоги, буд. 100, кв. 20 для лічильника БЕЗ НОМЕРА - 2 шт. було завершено користувачем [Коваль Людмила] з коментарем: виконано.
[28-Aug-2025 09:23:44 Europe/Helsinki] DellTASK [INFO] Повірка від 25.08.2025 для адреси вул. Богуна Івана, буд. 51, кв. 7 для лічильника БЕЗ НОМЕРА - 1 шт. було завершено користувачем [Коваль Людмила] з коментарем: заміна.
[28-Aug-2025 09:24:02 Europe/Helsinki] DellTASK [INFO] Повірка від 25.08.2025 для адреси вул. 1-ї Гвардійської Армії, буд. 25, корп. А, кв. 53 для лічильника БЕЗ НОМЕРА - 2 шт. було завершено користувачем [Коваль Людмила] з коментарем: виконано.
[28-Aug-2025 09:24:18 Europe/Helsinki] DellTASK [INFO] Повірка від 25.08.2025 для адреси вул. Богуна Івана, буд. 42, кв. 29 для лічильника БЕЗ НОМЕРА - 4 шт. було завершено користувачем [Коваль Людмила] з коментарем: виконано.
[28-Aug-2025 09:24:31 Europe/Helsinki] DellTASK [INFO] Повірка від 25.08.2025 для адреси вул. Воздвиженська, буд. 7, кв. 55 для лічильника БЕЗ НОМЕРА - 1 шт. було завершено користувачем [Коваль Людмила] з коментарем: виконано.
[28-Aug-2025 09:24:47 Europe/Helsinki] DellTASK [INFO] Повірка від 22.08.2025 для адреси вул. Савчука, буд. 1, кв. 178 для лічильника БЕЗ НОМЕРА - 1 шт. було завершено користувачем [Коваль Людмила] з коментарем: виконано.
[28-Aug-2025 09:25:02 Europe/Helsinki] DellTASK [INFO] Повірка від 21.08.2025 для адреси вул. Коцюбинського, буд. 79, кв. 1 для лічильника БЕЗ НОМЕРА - 4 шт. було завершено користувачем [Коваль Людмила] з коментарем: виконано.
[28-Aug-2025 09:25:03 Europe/Helsinki] NewDATA [INFO] Нова заявка Заміна, адреса: вул. Богуна Івана 51, кв. 7, лічильники: БЕЗ НОМЕРА - 1 шт., виконавець: Баранов, вартість: 1100 грн., примітки: 11-14, хв додано до БД користувачем [Сусло Тетяна].
[28-Aug-2025 09:26:02 Europe/Helsinki] NewDATA [INFO] Новий лічильник номер: 0417637, тип: ЛК => DN 15, рік випуску: 2018, показники: 0, балансоутримувач: КП "ВДК" додано до БД користувачем [Коваль Людмила].
[28-Aug-2025 09:26:05 Europe/Helsinki] EditDATA [INFO] За адресою вул. Межова, буд. 4, кв. 32 користувачем [Коваль Людмила] було додано лічильники: 0417637].
[28-Aug-2025 09:26:44 Europe/Helsinki] NewDATA [INFO] Новий лічильник номер: 150305, тип: КВ-1,5 => DN 15, рік випуску: 2014, показники: 0, балансоутримувач: КП "ВДК" додано до БД користувачем [Коваль Людмила].
[28-Aug-2025 09:26:46 Europe/Helsinki] EditDATA [INFO] За адресою вул. Воздвиженська, буд. 7, кв. 55 користувачем [Коваль Людмила] було додано лічильники: 150305].
[28-Aug-2025 09:27:22 Europe/Helsinki] NewDATA [INFO] Новий лічильник номер: 245763, тип: КВ-1,5 => DN 15, рік випуску: 2002, показники: 0, балансоутримувач: КП "ВДК" додано до БД користувачем [Коваль Людмила].
[28-Aug-2025 09:27:48 Europe/Helsinki] NewDATA [INFO] Новий лічильник номер: 433455, тип: КВ-1,5 => DN 15, рік випуску: 2003, показники: 0, балансоутримувач: КП "ТКЕ" додано до БД користувачем [Коваль Людмила].
[28-Aug-2025 09:28:10 Europe/Helsinki] NewDATA [INFO] Новий лічильник номер: 375701, тип: КВ-1,5 => DN 15, рік випуску: 2006, показники: 0, балансоутримувач: КП "ВДК" додано до БД користувачем [Коваль Людмила].
[28-Aug-2025 09:28:32 Europe/Helsinki] NewDATA [INFO] Новий лічильник номер: 081959, тип: КВ-1,5 => DN 15, рік випуску: 2004, показники: 0, балансоутримувач: КП "ТКЕ" додано до БД користувачем [Коваль Людмила].
[28-Aug-2025 09:28:34 Europe/Helsinki] EditDATA [INFO] За адресою вул. Коцюбинського, буд. 79, кв. 1 користувачем [Коваль Людмила] було додано лічильники: 245763, 433455, 375701, 081959].
[2025-08-28T09:29:44.584] [INFO] DataBase - У заявці Заміна від 28 серпня 2025 р. за адресою вул. Богуна Івана, буд. 51, кв. 7 додано дату виконання 29 серпня 2025 р. користувачем [Сусло Тетяна].
[28-Aug-2025 09:30:25 Europe/Helsinki] NewDATA [INFO] Нова адреса просп. Левка Лукяненка, буд. 34, кв. 57, тел. +38 (063) 987-63-42 додана до БД користувачем [Сусло Тетяна].
[28-Aug-2025 09:30:57 Europe/Helsinki] NewDATA [INFO] Нова заявка Повірка, адреса: просп. Левка Лукяненка 34, кв. 57, лічильники: БЕЗ НОМЕРА - 2 шт., вартість: 700 грн., примітки: 14-17, за 30 хв додано до БД користувачем [Сусло Тетяна].
[2025-08-28T09:31:00.194] [INFO] DataBase - У заявці Повірка від 28 серпня 2025 р. за адресою просп. Левка Лукяненка, буд. 34, кв. 57 додано виконавця ЗАПЛАНОВАНІ та додано дату виконання 4 вересня 2025 р. користувачем [Сусло Тетяна].
[28-Aug-2025 10:14:40 Europe/Helsinki] NewDATA [INFO] Нова адреса вул. Волковича, буд. 23, корп. А, кв. 28, тел. +38 (067) 723-63-64 додана до БД користувачем [Сусло Тетяна].
[28-Aug-2025 10:15:00 Europe/Helsinki] NewDATA [INFO] Нова заявка Повірка, адреса: вул. Волковича 23 корпус А, кв. 28, лічильники: БЕЗ НОМЕРА - 1 шт., вартість: 350 грн., примітки: 13-17, за 30 хв додано до БД користувачем [Сусло Тетяна].
[2025-08-28T10:15:02.400] [INFO] DataBase - У заявці Повірка від 28 серпня 2025 р. за адресою вул. Волковича, буд. 23, корп. А, кв. 28 додано виконавця Шкуліпа та додано дату виконання 29 серпня 2025 р. користувачем [Сусло Тетяна].
[28-Aug-2025 10:31:43 Europe/Helsinki] NewDATA [INFO] Нова адреса вул. Волковича, буд. 2, кв. 26, тел. +38 (096) 059-37-51 додана до БД користувачем [Сусло Тетяна].
[28-Aug-2025 10:32:21 Europe/Helsinki] NewDATA [INFO] Нова заявка Повірка, адреса: вул. Волковича 2, кв. 26, лічильники: БЕЗ НОМЕРА - 2 шт., вартість: 700 грн., примітки: 11-17, за 30 хв(підійде) додано до БД користувачем [Сусло Тетяна].
[2025-08-28T10:32:23.366] [INFO] DataBase - У заявці Повірка від 28 серпня 2025 р. за адресою вул. Волковича, буд. 2, кв. 26 додано виконавця Шкуліпа та додано дату виконання 29 серпня 2025 р. користувачем [Сусло Тетяна].
[28-Aug-2025 10:52:26 Europe/Helsinki] NewDATA [INFO] Нова адреса просп. Левка Лукяненка, буд. 42, кв. 18, тел. +38 (068) 815-08-41 додана до БД користувачем [Сусло Тетяна].
[28-Aug-2025 10:52:46 Europe/Helsinki] NewDATA [INFO] Нова заявка Повірка, адреса: просп. Левка Лукяненка 42, кв. 18, лічильники: БЕЗ НОМЕРА - 2 шт., вартість: 700 грн., примітки: 13-17 додано до БД користувачем [Сусло Тетяна].
[2025-08-28T10:52:49.137] [INFO] DataBase - У заявці Повірка від 28 серпня 2025 р. за адресою просп. Левка Лукяненка, буд. 42, кв. 18 додано виконавця ЗАПЛАНОВАНІ та додано дату виконання 11 вересня 2025 р. користувачем [Сусло Тетяна].
[28-Aug-2025 10:53:39 Europe/Helsinki] NewDATA [INFO] Нова адреса вул. Незалежності, буд. 70, кв. 35, тел. +38 (097) 802-71-58 додана до БД користувачем [Сусло Тетяна].
[28-Aug-2025 10:54:01 Europe/Helsinki] NewDATA [INFO] Нова заявка Повірка, адреса: вул. Незалежності 70, кв. 35, лічильники: БЕЗ НОМЕРА - 1 шт., вартість: 350 грн., примітки: 9-14, гв додано до БД користувачем [Сусло Тетяна].
[2025-08-28T10:54:05.099] [INFO] DataBase - У заявці Повірка від 28 серпня 2025 р. за адресою вул. Незалежності, буд. 70, кв. 35 додано виконавця ЗАПЛАНОВАНІ та додано дату виконання 1 вересня 2025 р. користувачем [Сусло Тетяна].
[28-Aug-2025 10:56:23 Europe/Helsinki] NewDATA [INFO] Нова заявка Заміна, адреса: вул. Красносільського 71, кв. 180, лічильники: 342256, вартість: 1100 грн., примітки: хол.8-13,№ 342256 додано до БД користувачем [Коваль Людмила].
[2025-08-28T10:56:26.544] [INFO] DataBase - У заявці Заміна від 28 серпня 2025 р. за адресою вул. Красносільського, буд. 71, кв. 180 додано виконавця Баранов та додано дату виконання 29 серпня 2025 р. користувачем [Коваль Людмила].
[28-Aug-2025 10:57:21 Europe/Helsinki] NewDATA [INFO] Новий лічильник номер: 027143, тип: КВ-1,5 => DN 15, рік випуску: 2002, показники: 0, балансоутримувач: КП "ВДК" додано до БД користувачем [Коваль Людмила].
[28-Aug-2025 10:57:50 Europe/Helsinki] NewDATA [INFO] Новий лічильник номер: 5659035, тип: ЛК => DN 15, рік випуску: 2016, показники: 0, балансоутримувач: КП "ТКЕ" додано до БД користувачем [Коваль Людмила].
[28-Aug-2025 10:57:51 Europe/Helsinki] EditDATA [INFO] За адресою просп. Перемоги, буд. 100, кв. 20 користувачем [Коваль Людмила] було додано лічильники: 027143, 5659035].
[28-Aug-2025 10:58:30 Europe/Helsinki] NewDATA [INFO] Новий лічильник номер: 044399, тип: КВ-1,5 => DN 15, рік випуску: 2005, показники: 0, балансоутримувач: АТ "ОТКЕ" додано до БД користувачем [Коваль Людмила].
[28-Aug-2025 10:58:32 Europe/Helsinki] EditDATA [INFO] За адресою вул. Савчука, буд. 1, кв. 178 користувачем [Коваль Людмила] було додано лічильники: 044399].
[28-Aug-2025 10:59:09 Europe/Helsinki] NewDATA [INFO] Новий лічильник номер: 114577, тип: КВ-1,5 => DN 15, рік випуску: 2009, показники: 0, балансоутримувач: КП "ВДК" додано до БД користувачем [Коваль Людмила].
[28-Aug-2025 10:59:52 Europe/Helsinki] NewDATA [INFO] Нова заявка Заміна, адреса: просп. Миру 206, кв. 14, лічильники: 097363, виконавець: Баранов, вартість: 1100 грн. додано до БД користувачем [Сусло Тетяна].
[2025-08-28T10:59:55.301] [INFO] DataBase - У заявці Заміна від 28 серпня 2025 р. за адресою просп. Миру, буд. 206, кв. 14 додано дату виконання 28 серпня 2025 р. користувачем [Сусло Тетяна].
[28-Aug-2025 11:28:06 Europe/Helsinki] NewDATA [INFO] Новий лічильник номер: 711868, тип: КВ-1,5 => DN 15, рік випуску: 2004, показники: 0, балансоутримувач: АТ "ОТКЕ" додано до БД користувачем [Коваль Людмила].
[28-Aug-2025 11:28:11 Europe/Helsinki] EditDATA [INFO] За адресою вул. Гетьмана Полуботка, буд. 84, кв. 43 користувачем [Коваль Людмила] було додано лічильники: 114577, 711868].
[28-Aug-2025 11:28:54 Europe/Helsinki] NewDATA [INFO] Новий лічильник номер: 501681, тип: КВ-1,5 => DN 15, рік випуску: 2001, показники: 0, балансоутримувач: КП "ВДК" додано до БД користувачем [Коваль Людмила].
[28-Aug-2025 11:29:21 Europe/Helsinki] NewDATA [INFO] Новий лічильник номер: 507539, тип: КВ-1,5 => DN 15, рік випуску: 2001, показники: 0, балансоутримувач: АТ "ОТКЕ" додано до БД користувачем [Коваль Людмила].
[28-Aug-2025 11:29:49 Europe/Helsinki] NewDATA [INFO] Новий лічильник номер: 470231, тип: КВ-1,5 => DN 15, рік випуску: 2000, показники: 0, балансоутримувач: АТ "ОТКЕ" додано до БД користувачем [Коваль Людмила].
[28-Aug-2025 11:30:11 Europe/Helsinki] NewDATA [INFO] Новий лічильник номер: 088001, тип: КВ-1,5 => DN 15, рік випуску: 2004, показники: 0, балансоутримувач: КП "ВДК" додано до БД користувачем [Коваль Людмила].
[28-Aug-2025 11:30:14 Europe/Helsinki] EditDATA [INFO] За адресою просп. Перемоги, буд. 143, кв. 5 користувачем [Коваль Людмила] було додано лічильники: 501681, 507539, 470231, 088001].
[28-Aug-2025 11:30:53 Europe/Helsinki] NewDATA [INFO] Новий лічильник номер: 1200027306, тип: ЛК => DN 15, рік випуску: 2020, показники: 0, балансоутримувач: КП "ВДК" додано до БД користувачем [Коваль Людмила].
[28-Aug-2025 11:31:17 Europe/Helsinki] NewDATA [INFO] Новий лічильник номер: 1200077775, тип: ЛК => DN 15, рік випуску: 2020, показники: 0, балансоутримувач: КП "ТКЕ" додано до БД користувачем [Коваль Людмила].
[28-Aug-2025 11:31:53 Europe/Helsinki] NewDATA [INFO] Новий лічильник номер: 1200078490, тип: ЛК => DN 15, рік випуску: 2020, показники: 0, балансоутримувач: АТ "ОТКЕ" додано до БД користувачем [Коваль Людмила].
[28-Aug-2025 11:32:22 Europe/Helsinki] NewDATA [INFO] Новий лічильник номер: 1200073764, тип: ЛК => DN 15, рік випуску: 2020, показники: 0, балансоутримувач: КП "ВДК" додано до БД користувачем [Коваль Людмила].
[28-Aug-2025 11:32:38 Europe/Helsinki] EditDATA [INFO] За адресою вул. 1-ї Гвардійської Армії, буд. 4, кв. 312 користувачем [Коваль Людмила] було додано лічильники: 1200027306, 1200077775, 1200078490, 1200073764].
[28-Aug-2025 11:32:49 Europe/Helsinki] EditDATA [INFO] Для лічильника 1200078490 користувачем [Коваль Людмила] змінено температуру з Холодний на Гарячий.
[28-Aug-2025 11:33:16 Europe/Helsinki] EditDATA [INFO] Для лічильника 1200078490 користувачем [Коваль Людмила] змінено балансоутримувача з АТ "ОТКЕ" на КП "ТКЕ".
[28-Aug-2025 11:34:04 Europe/Helsinki] NewDATA [INFO] Новий лічильник номер: 417355, тип: КВ-1,5 => DN 15, рік випуску: 2007, показники: 0, балансоутримувач: КП "ТКЕ" додано до БД користувачем [Коваль Людмила].
[28-Aug-2025 11:34:28 Europe/Helsinki] NewDATA [INFO] Новий лічильник номер: 467956, тип: КВ-1,5 => DN 15, рік випуску: 2007, показники: 0, балансоутримувач: КП "ВДК" додано до БД користувачем [Коваль Людмила].
[28-Aug-2025 11:34:30 Europe/Helsinki] EditDATA [INFO] За адресою вул. Богуна Івана, буд. 42, кв. 29 користувачем [Коваль Людмила] було додано лічильники: 417355, 467956].
[28-Aug-2025 12:13:47 Europe/Helsinki] NewDATA [INFO] Нова адреса вул. Героїв Чорнобиля, буд. 1, кв. 40, тел. +38 (063) 353-60-62 додана до БД користувачем [Сусло Тетяна].
[28-Aug-2025 12:14:17 Europe/Helsinki] NewDATA [INFO] Нова заявка Повірка, адреса: вул. Героїв Чорнобиля 1, кв. 40, лічильники: БЕЗ НОМЕРА - 2 шт., вартість: 700 грн., примітки: 8-11, 2 гв додано до БД користувачем [Сусло Тетяна].
[28-Aug-2025 13:20:57 Europe/Helsinki] DellTASK [INFO] Повірка від 26.08.2025 для адреси вул. Українська, буд. 2, корп. А, кв. 1 для лічильника БЕЗ НОМЕРА - 1 шт. було відмінено користувачем [Сусло Тетяна] з коментарем: відмовились.
[2025-08-28T13:21:23.688] [INFO] DataBase - У заявці Повірка від 28 серпня 2025 р. за адресою вул. Героїв Чорнобиля, буд. 1, кв. 40 додано виконавця ЗАПЛАНОВАНІ та додано дату виконання 10 вересня 2025 р. користувачем [Сусло Тетяна].
[28-Aug-2025 13:41:16 Europe/Helsinki] EditDATA [INFO] Для заявки Повірка від 21.08.2025 користувачем [Сусло Тетяна] змінено примітки з 8-13, за 30 хв на 8-13, за 30 хв, дом. не працює.
[28-Aug-2025 15:11:40 Europe/Helsinki] NewDATA [INFO] Нова адреса вул. Захисників України, буд. 10, корп. А, кв. 137, тел. +38 (093) 091-24-53 додана до БД користувачем [Сусло Тетяна].
[28-Aug-2025 15:12:04 Europe/Helsinki] NewDATA [INFO] Нова заявка Повірка, адреса: вул. Захисників України 10 корпус А, кв. 137, лічильники: БЕЗ НОМЕРА - 2 шт., вартість: 660 грн., примітки: 8-13 додано до БД користувачем [Сусло Тетяна].
[2025-08-28T15:12:06.624] [INFO] DataBase - У заявці Повірка від 28 серпня 2025 р. за адресою вул. Захисників України, буд. 10, корп. А, кв. 137 додано виконавця ЗАПЛАНОВАНІ та додано дату виконання 4 вересня 2025 р. користувачем [Сусло Тетяна].
[28-Aug-2025 15:12:51 Europe/Helsinki] NewDATA [INFO] Нова адреса вул. Гетьмана Полуботка, буд. 120, кв. 37, тел. +38 (093) 613-83-91 додана до БД користувачем [Сусло Тетяна].
[28-Aug-2025 15:13:12 Europe/Helsinki] NewDATA [INFO] Нова заявка Повірка, адреса: вул. Гетьмана Полуботка 120, кв. 37, лічильники: БЕЗ НОМЕРА - 1 шт., виконавець: Баранов, вартість: 1100 грн. додано до БД користувачем [Сусло Тетяна].
[2025-08-28T15:13:16.386] [INFO] DataBase - У заявці Повірка від 28 серпня 2025 р. за адресою вул. Гетьмана Полуботка, буд. 120, кв. 37 додано дату виконання 28 серпня 2025 р. користувачем [Сусло Тетяна].
[2025-08-28T15:13:27.186] [INFO] DataBase - У заявці Заміна від 28 серпня 2025 р. за адресою вул. Красносільського, буд. 71, кв. 180 видалено дату виконання 29 серпня 2025 р. користувачем [Сусло Тетяна].
[2025-08-28T15:13:32.515] [INFO] DataBase - У заявці Заміна від 28 серпня 2025 р. за адресою вул. Красносільського, буд. 71, кв. 180 додано дату виконання 28 серпня 2025 р. користувачем [Сусло Тетяна].
[28-Aug-2025 15:42:33 Europe/Helsinki] NewDATA [INFO] Нова адреса вул. курсанта Єськова, буд. 14, корп. Б, кв. 65, тел. +38 (095) 210-27-78 додана до БД користувачем [Коваль Людмила].
