[19-Sep-2024 08:16:51 Europe/Helsinki] NewDATA [INFO] Новий лічильник номер: 240149716, тип: СВК => DN 15, рік випуску: 2024, показники: 0, балансоутримувач: АТ "ОТКЕ" додано до БД користувачем [Сміян Альона].
[19-Sep-2024 08:17:03 Europe/Helsinki] EditDATA [INFO] В заявці Заміна від 17.09.2024 за адресою вул. Захисників України, буд. 15, корп. А, кв. 28 було видалено лічильники: 063685; додано лічильники: 240149716 користувачем [Сміян Альона].
[19-Sep-2024 08:17:12 Europe/Helsinki] DellTASK [INFO] Заміна від 17.09.2024 для адреси вул. Захисників України, буд. 15, корп. А, кв. 28 для лічильника 240149716 було завершено користувачем [Сміян Альона] з коментарем: виконано.
[19-Sep-2024 08:17:30 Europe/Helsinki] DellTASK [INFO] Заміна від 17.09.2024 для адреси вул. Захисників України, буд. 12, корп. А, кв. 93 для лічильника 558541 було завершено користувачем [Сміян Альона] з коментарем: виконано.
[19-Sep-2024 08:18:08 Europe/Helsinki] NewDATA [INFO] Новий лічильник номер: 241474951, тип: СВК => DN 15, рік випуску: 2024, показники: 0, балансоутримувач: КП "ВДК" додано до БД користувачем [Сміян Альона].
[19-Sep-2024 08:18:21 Europe/Helsinki] EditDATA [INFO] В заявці Заміна від 17.09.2024 за адресою вул. Доценка, буд. 13, кв. 89 було видалено лічильники: 340313; додано лічильники: 241474951 користувачем [Сміян Альона].
[19-Sep-2024 08:18:30 Europe/Helsinki] DellTASK [INFO] Заміна від 17.09.2024 для адреси вул. Доценка, буд. 13, кв. 89 для лічильника 241474951 було завершено користувачем [Сміян Альона] з коментарем: виконано.
[19-Sep-2024 08:19:15 Europe/Helsinki] NewDATA [INFO] Новий лічильник номер: 241475049, тип: СВК => DN 15, рік випуску: 2024, показники: 0, балансоутримувач: КП "ВДК" додано до БД користувачем [Сміян Альона].
[19-Sep-2024 08:19:26 Europe/Helsinki] EditDATA [INFO] Для заявки Заміна від 17.09.2024 користувачем [Сміян Альона] лічильник БЕЗ НОМЕРА ідентифіковано як 241475049.
[19-Sep-2024 08:19:37 Europe/Helsinki] DellTASK [INFO] Заміна від 17.09.2024 для адреси вул. 1-ої танкової бригади, буд. 30, корп. 3, кв. 28 для лічильника 241475049 було завершено користувачем [Сміян Альона] з коментарем: виконано.
[19-Sep-2024 08:20:13 Europe/Helsinki] NewDATA [INFO] Новий лічильник номер: 241475212, тип: СВК => DN 15, рік випуску: 2024, показники: 0, балансоутримувач: КП "ВДК" додано до БД користувачем [Сміян Альона].
[19-Sep-2024 08:20:26 Europe/Helsinki] EditDATA [INFO] В заявці Заміна від 17.09.2024 за адресою просп. Левка Лукяненка, буд. 30, кв. 36 було видалено лічильники: 11593396; додано лічильники: 241475212 користувачем [Сміян Альона].
[19-Sep-2024 08:20:35 Europe/Helsinki] DellTASK [INFO] Заміна від 17.09.2024 для адреси просп. Левка Лукяненка, буд. 30, кв. 36 для лічильника 241475212 було завершено користувачем [Сміян Альона] з коментарем: виконано.
[19-Sep-2024 08:20:52 Europe/Helsinki] DellTASK [INFO] Заміна від 16.09.2024 для адреси просп. Перемоги, буд. 114, кв. 37 для лічильника БЕЗ НОМЕРА - 2 шт. було завершено користувачем [Сміян Альона] з коментарем: виконано.
[19-Sep-2024 08:21:51 Europe/Helsinki] DellTASK [INFO] Заміна від 16.09.2024 для адреси вул. Любецька, буд. 9, корп. А, кв. 48 для лічильника 077729 було відмінено користувачем [Сміян Альона] з коментарем: будут переносить счетчик.
[19-Sep-2024 08:35:12 Europe/Helsinki] NewDATA [INFO] Нова заявка Повірка, адреса: вул. курсанта Єськова 4, кв. 61, лічильники: БЕЗ НОМЕРА - 2 шт., виконавець: Богомаз, вартість: 600 грн., примітки: після 11 додано до БД користувачем [Сусло Тетяна].
[2024-09-19T08:35:16.451] [INFO] DataBase - У заявці Повірка від 19 вересня 2024 р. за адресою вул. курсанта Єськова, буд. 4, кв. 61 додано дату виконання 19 вересня 2024 р. користувачем [Сусло Тетяна].
[19-Sep-2024 09:14:38 Europe/Helsinki] NewDATA [INFO] Нова заявка Повірка, адреса: вул. Магістратська 15, кв. 38, лічильники: БЕЗ НОМЕРА - 1 шт., виконавець: Шкуліпа, вартість: 300 грн., примітки: 15-18, за30хв додано до БД користувачем [Сусло Тетяна].
[2024-09-19T09:14:47.031] [INFO] DataBase - У заявці Повірка від 19 вересня 2024 р. за адресою вул. Магістратська, буд. 15, кв. 38 додано дату виконання 19 вересня 2024 р. користувачем [Сусло Тетяна].
[19-Sep-2024 09:17:55 Europe/Helsinki] NewDATA [INFO] Нова адреса вул. Текстильників, буд. 6, кв. 85, тел. +38 (096) 424-34-21 додана до БД користувачем [Сміян Альона].
[19-Sep-2024 09:18:27 Europe/Helsinki] NewDATA [INFO] Нова заявка Повірка, адреса: вул. Текстильників 6, кв. 85, лічильники: БЕЗ НОМЕРА - 2 шт., вартість: 600 грн., примітки: 8-13 додано до БД користувачем [Сміян Альона].
[2024-09-19T09:18:37.004] [INFO] DataBase - У заявці Повірка від 19 вересня 2024 р. за адресою вул. Текстильників, буд. 6, кв. 85 додано виконавця ЗАПЛАНОВАНІ та додано дату виконання 23 вересня 2024 р. користувачем [Сміян Альона].
[19-Sep-2024 09:32:20 Europe/Helsinki] EditDATA [INFO] За адресою вул. Шевченка 45, кв. 42 користувачем [Сусло Тетяна] змінені номери телефонів з +38(095)549-37-78 на +38(067)391-03-10, при створенні нової заявки [Заміна] від 19.09.2024.
[19-Sep-2024 09:32:20 Europe/Helsinki] NewDATA [INFO] Нова заявка Заміна, адреса: вул. Шевченка 45, кв. 42, лічильники: БЕЗ НОМЕРА - 1 шт., виконавець: Баранов, вартість: 1060 грн., примітки: 13-17, за 1 год, 1гв, кухня додано до БД користувачем [Сусло Тетяна].
[2024-09-19T09:32:25.505] [INFO] DataBase - У заявці Заміна від 19 вересня 2024 р. за адресою вул. Шевченка, буд. 45, кв. 42 додано дату виконання 20 вересня 2024 р. користувачем [Сусло Тетяна].
[19-Sep-2024 09:35:08 Europe/Helsinki] NewDATA [INFO] Нова адреса вул. Пятницька, буд. 72, корп. 3, кв. 1, тел. +38 (063) 278-43-05 +38 (097) 425-70-29 додана до БД користувачем [Сусло Тетяна].
[19-Sep-2024 09:36:33 Europe/Helsinki] NewDATA [INFO] Нова заявка Повірка, адреса: вул. Пятницька 72 корпус 3, кв. 1, лічильники: БЕЗ НОМЕРА - 4 шт., вартість: 1200 грн. додано до БД користувачем [Сусло Тетяна].
[2024-09-19T09:44:44.681] [INFO] DataBase - У заявці Повірка від 19 вересня 2024 р. за адресою вул. Пятницька, буд. 72, корп. 3, кв. 1 додано виконавця Сірий та додано дату виконання 19 вересня 2024 р. користувачем [Сусло Тетяна].
[19-Sep-2024 09:48:29 Europe/Helsinki] NewDATA [INFO] Нова адреса вул. Доценка, буд. 32, кв. 33, тел. +38 (066) 719-56-99 додана до БД користувачем [Коваль Людмила].
[19-Sep-2024 09:49:12 Europe/Helsinki] NewDATA [INFO] Нова заявка Повірка, адреса: вул. Доценка 32, кв. 33, лічильники: БЕЗ НОМЕРА - 1 шт., вартість: 300 грн., примітки: 14-18 додано до БД користувачем [Коваль Людмила].
[2024-09-19T09:49:34.077] [INFO] DataBase - У заявці Повірка від 19 вересня 2024 р. за адресою вул. Доценка, буд. 32, кв. 33 додано виконавця ЗАПЛАНОВАНІ та додано дату виконання 20 вересня 2024 р. користувачем [Коваль Людмила].
[19-Sep-2024 09:50:30 Europe/Helsinki] EditDATA [INFO] За адресою вул. Доценка 8 корпус А, кв. 24 користувачем [Коваль Людмила] змінені номери телефонів з +38(0462)67-13-05, +38(097)550-14-11 на +38(050)465-43-45, при створенні нової заявки [Повірка] від 19.09.2024.
[19-Sep-2024 09:50:30 Europe/Helsinki] NewDATA [INFO] Нова заявка Повірка, адреса: вул. Доценка 8 корпус А, кв. 24, лічильники: БЕЗ НОМЕРА - 2 шт., вартість: 600 грн., примітки: 14-18,пер.за 30 хв додано до БД користувачем [Коваль Людмила].
[2024-09-19T09:50:45.439] [INFO] DataBase - У заявці Повірка від 19 вересня 2024 р. за адресою вул. Доценка, буд. 8, корп. А, кв. 24 додано виконавця ЗАПЛАНОВАНІ та додано дату виконання 20 вересня 2024 р. користувачем [Коваль Людмила].
[19-Sep-2024 09:56:16 Europe/Helsinki] NewDATA [INFO] Новий лічильник номер: 11727953, тип: ResidiaJet => DN 15, рік випуску: 2019, показники: 0, балансоутримувач: КП "ВДК" додано до БД користувачем [Коваль Людмила].
[19-Sep-2024 09:56:27 Europe/Helsinki] EditDATA [INFO] Для заявки Повірка від 17.09.2024 користувачем [Коваль Людмила] лічильник БЕЗ НОМЕРА ідентифіковано як 11727953.
[19-Sep-2024 09:56:37 Europe/Helsinki] DellTASK [INFO] Повірка від 17.09.2024 для адреси вул. Рашевського Івана, буд. 8, кв. 5 для лічильника 11727953 було завершено користувачем [Коваль Людмила] з коментарем: виконано.
[19-Sep-2024 09:57:37 Europe/Helsinki] NewDATA [INFO] Новий лічильник номер: 200590247, тип: GSD => DN 15, рік випуску: 2020, показники: 0, балансоутримувач: КП "ВДК" додано до БД користувачем [Коваль Людмила].
[19-Sep-2024 09:57:50 Europe/Helsinki] EditDATA [INFO] Для заявки Повірка від 13.09.2024 користувачем [Коваль Людмила] лічильник БЕЗ НОМЕРА ідентифіковано як 200590247.
[19-Sep-2024 09:57:57 Europe/Helsinki] EditDATA [INFO] За адресою вул. Шевченка 45, кв. 50 користувачем [Сусло Тетяна] додано номер телефону +38(063)960-40-28, при створенні нової заявки [Повірка] від 19.09.2024.
[19-Sep-2024 09:57:57 Europe/Helsinki] NewDATA [INFO] Нова заявка Повірка, адреса: вул. Шевченка 45, кв. 50, лічильники: БЕЗ НОМЕРА - 2 шт., вартість: 600 грн., примітки: 8-12 додано до БД користувачем [Сусло Тетяна].
[19-Sep-2024 09:58:01 Europe/Helsinki] DellTASK [INFO] Повірка від 13.09.2024 для адреси вул. Козацька, буд. 4, корп. А, кв. 40 для лічильника 200590247 було завершено користувачем [Коваль Людмила] з коментарем: виконано.
[2024-09-19T09:58:01.791] [INFO] DataBase - У заявці Повірка від 19 вересня 2024 р. за адресою вул. Шевченка, буд. 45, кв. 50 додано виконавця ЗАПЛАНОВАНІ та додано дату виконання 20 вересня 2024 р. користувачем [Сусло Тетяна].
[19-Sep-2024 09:58:44 Europe/Helsinki] EditDATA [INFO] За адресою вул. Льотна 29, кв. 6 користувачем [Сусло Тетяна] змінені номери телефонів з +38(066)197-38-80, +38(0462)72-78-70 на +38(066)197-38-80, при створенні нової заявки [Повірка] від 19.09.2024.
[19-Sep-2024 09:58:44 Europe/Helsinki] NewDATA [INFO] Нова заявка Повірка, адреса: вул. Льотна 29, кв. 6, лічильники: БЕЗ НОМЕРА - 1 шт., виконавець: Богомаз, вартість: 300 грн. додано до БД користувачем [Сусло Тетяна].
[2024-09-19T09:58:48.192] [INFO] DataBase - У заявці Повірка від 19 вересня 2024 р. за адресою вул. Льотна, буд. 29, кв. 6 додано дату виконання 19 вересня 2024 р. користувачем [Сусло Тетяна].
[19-Sep-2024 10:02:35 Europe/Helsinki] DellTASK [INFO] Повірка від 17.09.2024 для адреси вул. Льотна, буд. 22, кв. 83 для лічильника БЕЗ НОМЕРА - 4 шт. було завершено користувачем [Сусло Тетяна] з коментарем: виконано.
[19-Sep-2024 10:02:50 Europe/Helsinki] DellTASK [INFO] Повірка від 16.09.2024 для адреси вул. Доценка, буд. 28, кв. 217 для лічильника БЕЗ НОМЕРА - 2 шт. було завершено користувачем [Сусло Тетяна] з коментарем: виконано.
[19-Sep-2024 10:03:07 Europe/Helsinki] DellTASK [INFO] Повірка від 13.09.2024 для адреси вул. Доценка, буд. 28, кв. 269 для лічильника БЕЗ НОМЕРА - 2 шт. було завершено користувачем [Сусло Тетяна] з коментарем: виконано.
[19-Sep-2024 10:03:22 Europe/Helsinki] DellTASK [INFO] Повірка від 13.09.2024 для адреси просп. Левка Лукяненка, буд. 20, корп. А, кв. 20 для лічильника БЕЗ НОМЕРА - 4 шт. було завершено користувачем [Сусло Тетяна] з коментарем: виконано.
[19-Sep-2024 10:03:36 Europe/Helsinki] DellTASK [INFO] Повірка від 12.09.2024 для адреси просп. Перемоги, буд. 176, кв. 21 для лічильника БЕЗ НОМЕРА - 1 шт. було завершено користувачем [Сусло Тетяна] з коментарем: виконано.
[19-Sep-2024 10:04:26 Europe/Helsinki] NewDATA [INFO] Новий лічильник номер: 345729, тип: КВ-1,5 => DN 15, рік випуску: 2009, показники: 0, балансоутримувач: КП "ВДК" додано до БД користувачем [Сусло Тетяна].
[19-Sep-2024 10:04:28 Europe/Helsinki] EditDATA [INFO] За адресою просп. Перемоги, буд. 176, кв. 21 користувачем [Сусло Тетяна] було додано лічильники: 345729].
[19-Sep-2024 10:05:24 Europe/Helsinki] NewDATA [INFO] Новий лічильник номер: 3957773, тип: JS => DN 15, рік випуску: 2001, показники: 0, балансоутримувач: КП "ВДК" додано до БД користувачем [Сусло Тетяна].
[19-Sep-2024 10:05:51 Europe/Helsinki] NewDATA [INFO] Новий лічильник номер: 3891972, тип: JS => DN 15, рік випуску: 2001, показники: 0, балансоутримувач: АТ "ОТКЕ" додано до БД користувачем [Сусло Тетяна].
[19-Sep-2024 10:06:11 Europe/Helsinki] NewDATA [INFO] Новий лічильник номер: 3903508, тип: JS => DN 15, рік випуску: 2001, показники: 0, балансоутримувач: КП "ВДК" додано до БД користувачем [Сусло Тетяна].
[19-Sep-2024 10:06:33 Europe/Helsinki] NewDATA [INFO] Новий лічильник номер: 3804712, тип: JS => DN 15, рік випуску: 2001, показники: 0, балансоутримувач: АТ "ОТКЕ" додано до БД користувачем [Сусло Тетяна].
[19-Sep-2024 10:06:36 Europe/Helsinki] EditDATA [INFO] За адресою просп. Левка Лукяненка, буд. 20, корп. А, кв. 20 користувачем [Сусло Тетяна] було додано лічильники: 3957773, 3891972, 3903508, 3804712].
[19-Sep-2024 10:07:19 Europe/Helsinki] NewDATA [INFO] Новий лічильник номер: 370311, тип: КВ-1,5 => DN 15, рік випуску: 2002, показники: 0, балансоутримувач: КП "ВДК" додано до БД користувачем [Сусло Тетяна].
[19-Sep-2024 10:07:42 Europe/Helsinki] NewDATA [INFO] Новий лічильник номер: 373498, тип: КВ-1,5 => DN 15, рік випуску: 2002, показники: 0, балансоутримувач: АТ "ОТКЕ" додано до БД користувачем [Сусло Тетяна].
[19-Sep-2024 10:07:45 Europe/Helsinki] EditDATA [INFO] За адресою вул. Доценка, буд. 28, кв. 269 користувачем [Сусло Тетяна] було додано лічильники: 370311, 373498].
[19-Sep-2024 10:08:29 Europe/Helsinki] NewDATA [INFO] Новий лічильник номер: 165210, тип: КВ-1,5 => DN 15, рік випуску: 2001, показники: 0, балансоутримувач: КП "ВДК" додано до БД користувачем [Сусло Тетяна].
[19-Sep-2024 10:09:01 Europe/Helsinki] NewDATA [INFO] Новий лічильник номер: 159494, тип: КВ-1,5 => DN 15, рік випуску: 2001, показники: 0, балансоутримувач: АТ "ОТКЕ" додано до БД користувачем [Сусло Тетяна].
[19-Sep-2024 10:09:02 Europe/Helsinki] EditDATA [INFO] За адресою вул. Доценка, буд. 28, кв. 217 користувачем [Сусло Тетяна] було додано лічильники: 165210, 159494].
[19-Sep-2024 10:09:46 Europe/Helsinki] NewDATA [INFO] Новий лічильник номер: 349569, тип: КВ-1,5 => DN 15, рік випуску: 2012, показники: 0, балансоутримувач: КП "ВДК" додано до БД користувачем [Сусло Тетяна].
[19-Sep-2024 10:10:20 Europe/Helsinki] NewDATA [INFO] Новий лічильник номер: 00510000, тип: E-T 1,6-U => DN 15, рік випуску: 2019, показники: 0, балансоутримувач: АТ "ОТКЕ" додано до БД користувачем [Сусло Тетяна].
[19-Sep-2024 10:10:49 Europe/Helsinki] NewDATA [INFO] Новий лічильник номер: 620174, тип: СВК => DN 15, рік випуску: 2006, показники: 0, балансоутримувач: КП "ВДК" додано до БД користувачем [Сусло Тетяна].
[19-Sep-2024 10:11:22 Europe/Helsinki] NewDATA [INFO] Новий лічильник номер: 199128, тип: КВ-1,5 => DN 15, рік випуску: 2013, показники: 0, балансоутримувач: АТ "ОТКЕ" додано до БД користувачем [Сусло Тетяна].
[19-Sep-2024 10:11:24 Europe/Helsinki] EditDATA [INFO] За адресою вул. Льотна, буд. 22, кв. 83 користувачем [Сусло Тетяна] було додано лічильники: 349569, 00510000, 620174, 199128].
[19-Sep-2024 10:12:18 Europe/Helsinki] DellTASK [INFO] Повірка від 18.09.2024 для адреси вул. Шевченка, буд. 46, кв. 26 для лічильника БЕЗ НОМЕРА - 2 шт. було завершено користувачем [Сусло Тетяна] з коментарем: виконано.
[19-Sep-2024 10:12:39 Europe/Helsinki] DellTASK [INFO] Повірка від 13.09.2024 для адреси вул. Шевченка, буд. 46, кв. 32 для лічильника БЕЗ НОМЕРА - 2 шт. було завершено користувачем [Сусло Тетяна] з коментарем: виконано.
[19-Sep-2024 10:13:01 Europe/Helsinki] DellTASK [INFO] Повірка від 16.09.2024 для адреси вул. Котляревського, буд. 15, кв. 36 для лічильника БЕЗ НОМЕРА - 2 шт. було завершено користувачем [Сусло Тетяна] з коментарем: виконано.
[19-Sep-2024 10:13:19 Europe/Helsinki] DellTASK [INFO] Повірка від 16.09.2024 для адреси вул. Гонча, буд. 77, кв. 4 для лічильника БЕЗ НОМЕРА - 1 шт. було завершено користувачем [Сусло Тетяна] з коментарем: виконано.
[19-Sep-2024 10:15:11 Europe/Helsinki] NewDATA [INFO] Новий лічильник номер: 075404, тип: КВ-1,5 => DN 15, рік випуску: 2018, показники: 0, балансоутримувач: КП "ВДК" додано до БД користувачем [Коваль Людмила].
[19-Sep-2024 10:15:22 Europe/Helsinki] EditDATA [INFO] Для заявки Повірка від 11.09.2024 користувачем [Коваль Людмила] лічильник БЕЗ НОМЕРА ідентифіковано як 075404.
[19-Sep-2024 10:15:32 Europe/Helsinki] DellTASK [INFO] Повірка від 11.09.2024 для адреси вул. Мазепи Івана, буд. 13, кв. 1 для лічильника 075404 було завершено користувачем [Коваль Людмила] з коментарем: виконано.
[19-Sep-2024 10:16:03 Europe/Helsinki] EditDATA [INFO] За адресою вул. Попова 31 корпус Б, кв. 173 користувачем [Сміян Альона] змінені номери телефонів з +38(093)993-79-17, +38(093)841-98-71 на +38(093)993-79-17, при створенні нової заявки [Повірка] від 19.09.2024.
[19-Sep-2024 10:16:03 Europe/Helsinki] NewDATA [INFO] Нова заявка Повірка, адреса: вул. Попова 31 корпус Б, кв. 173, лічильники: БЕЗ НОМЕРА - 1 шт., вартість: 300 грн., примітки: 8-10 додано до БД користувачем [Сміян Альона].
[2024-09-19T10:16:11.726] [INFO] DataBase - У заявці Повірка від 19 вересня 2024 р. за адресою вул. Попова, буд. 31, корп. Б, кв. 173 додано виконавця ЗАПЛАНОВАНІ та додано дату виконання 23 вересня 2024 р. користувачем [Сміян Альона].
[19-Sep-2024 10:18:15 Europe/Helsinki] NewDATA [INFO] Нова адреса просп. Левка Лукяненка, буд. 70, кв. 47, тел. +38 (093) 644-01-15 додана до БД користувачем [Сусло Тетяна].
[19-Sep-2024 10:18:43 Europe/Helsinki] NewDATA [INFO] Нова заявка Повірка, адреса: просп. Левка Лукяненка 70, кв. 47, лічильники: БЕЗ НОМЕРА - 2 шт., вартість: 600 грн., примітки: 13-17 додано до БД користувачем [Сусло Тетяна].
[2024-09-19T10:18:52.647] [INFO] DataBase - У заявці Повірка від 19 вересня 2024 р. за адресою просп. Левка Лукяненка, буд. 70, кв. 47 додано виконавця ЗАПЛАНОВАНІ та додано дату виконання 20 вересня 2024 р. користувачем [Сусло Тетяна].
[19-Sep-2024 10:19:22 Europe/Helsinki] DellTASK [INFO] Повірка від 16.09.2024 для адреси просп. Перемоги, буд. 163, кв. 9 для лічильника БЕЗ НОМЕРА - 2 шт. було завершено користувачем [Сусло Тетяна] з коментарем: виконано.
[19-Sep-2024 10:19:41 Europe/Helsinki] DellTASK [INFO] Повірка від 16.09.2024 для адреси вул. Пятницька, буд. 63, кв. 64 для лічильника БЕЗ НОМЕРА - 2 шт. було завершено користувачем [Сусло Тетяна] з коментарем: виконано.
[19-Sep-2024 10:20:00 Europe/Helsinki] DellTASK [INFO] Повірка від 12.09.2024 для адреси вул. Пятницька, буд. 92, кв. 71 для лічильника БЕЗ НОМЕРА - 2 шт. було завершено користувачем [Сусло Тетяна] з коментарем: виконано.
[19-Sep-2024 10:20:17 Europe/Helsinki] DellTASK [INFO] Повірка від 12.09.2024 для адреси вул. Пятницька, буд. 92, кв. 18 для лічильника БЕЗ НОМЕРА - 4 шт. було завершено користувачем [Сусло Тетяна] з коментарем: виконано.
[19-Sep-2024 10:20:32 Europe/Helsinki] DellTASK [INFO] Повірка від 13.09.2024 для адреси вул. Гонча, буд. 84, кв. 150 для лічильника БЕЗ НОМЕРА - 2 шт. було завершено користувачем [Сусло Тетяна] з коментарем: виконано.
[19-Sep-2024 10:21:22 Europe/Helsinki] NewDATA [INFO] Новий лічильник номер: 1107808, тип: ЛК => DN 15, рік випуску: 2011, показники: 0, балансоутримувач: КП "ВДК" додано до БД користувачем [Сусло Тетяна].
[19-Sep-2024 10:21:48 Europe/Helsinki] NewDATA [INFO] Новий лічильник номер: 1103026, тип: ЛК => DN 15, рік випуску: 2011, показники: 0, балансоутримувач: КП "ТКЕ" додано до БД користувачем [Сусло Тетяна].
[19-Sep-2024 10:21:50 Europe/Helsinki] EditDATA [INFO] За адресою вул. Гонча, буд. 84, кв. 150 користувачем [Сусло Тетяна] було додано лічильники: 1107808, 1103026].
[19-Sep-2024 10:22:37 Europe/Helsinki] NewDATA [INFO] Новий лічильник номер: 040272, тип: КВ-1,5 => DN 15, рік випуску: 2020, показники: 0, балансоутримувач: КП "ВДК" додано до БД користувачем [Сусло Тетяна].
[19-Sep-2024 10:23:02 Europe/Helsinki] NewDATA [INFO] Новий лічильник номер: 057354, тип: КВ-1,5 => DN 15, рік випуску: 2020, показники: 0, балансоутримувач: АТ "ОТКЕ" додано до БД користувачем [Сусло Тетяна].
[19-Sep-2024 10:23:04 Europe/Helsinki] EditDATA [INFO] За адресою вул. Шевченка, буд. 46, кв. 26 користувачем [Сусло Тетяна] було додано лічильники: 040272, 057354].
[19-Sep-2024 10:23:58 Europe/Helsinki] NewDATA [INFO] Новий лічильник номер: 8632017, тип: JS => DN 15, рік випуску: 2007, показники: 0, балансоутримувач: КП "ВДК" додано до БД користувачем [Сусло Тетяна].
[19-Sep-2024 10:24:30 Europe/Helsinki] NewDATA [INFO] Новий лічильник номер: 578296, тип: КВ-1,5 => DN 15, рік випуску: 2004, показники: 0, балансоутримувач: АТ "ОТКЕ" додано до БД користувачем [Сусло Тетяна].
[19-Sep-2024 10:24:39 Europe/Helsinki] EditDATA [INFO] За адресою вул. Шевченка, буд. 46, кв. 32 користувачем [Сусло Тетяна] було додано лічильники: 8632017, 578296].
[19-Sep-2024 10:25:24 Europe/Helsinki] NewDATA [INFO] Новий лічильник номер: 404636, тип: КВ-1,5 => DN 15, рік випуску: 2002, показники: 0, балансоутримувач: КП "ВДК" додано до БД користувачем [Сусло Тетяна].
[19-Sep-2024 10:26:00 Europe/Helsinki] NewDATA [INFO] Новий лічильник номер: 059948, тип: КВ-1,5 => DN 15, рік випуску: 2020, показники: 0, балансоутримувач: АТ "ОТКЕ" додано до БД користувачем [Сусло Тетяна].
[19-Sep-2024 10:26:02 Europe/Helsinki] EditDATA [INFO] За адресою просп. Перемоги, буд. 163, кв. 9 користувачем [Сусло Тетяна] було додано лічильники: 404636, 059948].
[19-Sep-2024 10:28:51 Europe/Helsinki] NewDATA [INFO] Нова адреса вул. Попова, буд. 31, корп. Б, кв. 183, тел. +38 (093) 964-95-02 додана до БД користувачем [Сусло Тетяна].
[19-Sep-2024 10:29:31 Europe/Helsinki] NewDATA [INFO] Нова заявка Повірка, адреса: вул. Попова 31 корпус Б, кв. 183, лічильники: БЕЗ НОМЕРА - 1 шт., вартість: 300 грн., примітки: 8-10, за 15 хв, домофон не працює додано до БД користувачем [Сусло Тетяна].
[2024-09-19T10:29:37.378] [INFO] DataBase - У заявці Повірка від 19 вересня 2024 р. за адресою вул. Попова, буд. 31, корп. Б, кв. 183 додано виконавця ЗАПЛАНОВАНІ та додано дату виконання 23 вересня 2024 р. користувачем [Сусло Тетяна].
[19-Sep-2024 10:30:34 Europe/Helsinki] NewDATA [INFO] Новий лічильник номер: 378908, тип: КВ-1,5 => DN 15, рік випуску: 2014, показники: 0, балансоутримувач: КП "ВДК" додано до БД користувачем [Сусло Тетяна].
[19-Sep-2024 10:30:36 Europe/Helsinki] EditDATA [INFO] За адресою вул. Гонча, буд. 77, кв. 4 користувачем [Сусло Тетяна] було додано лічильники: 378908].
[19-Sep-2024 10:31:25 Europe/Helsinki] NewDATA [INFO] Новий лічильник номер: 364221, тип: КВ-1,5 => DN 15, рік випуску: 2000, показники: 0, балансоутримувач: КП "ТКЕ" додано до БД користувачем [Сусло Тетяна].
[19-Sep-2024 10:31:52 Europe/Helsinki] NewDATA [INFO] Новий лічильник номер: 363574, тип: КВ-1,5 => DN 15, рік випуску: 2000, показники: 0, балансоутримувач: КП "ТКЕ" додано до БД користувачем [Сусло Тетяна].
[19-Sep-2024 10:31:54 Europe/Helsinki] EditDATA [INFO] За адресою вул. Котляревського, буд. 15, кв. 36 користувачем [Сусло Тетяна] було додано лічильники: 364221, 363574].
[19-Sep-2024 10:32:39 Europe/Helsinki] NewDATA [INFO] Новий лічильник номер: 6683241, тип: ЛК => DN 15, рік випуску: 2016, показники: 0, балансоутримувач: КП "ВДК" додано до БД користувачем [Сусло Тетяна].
[19-Sep-2024 10:33:02 Europe/Helsinki] NewDATA [INFO] Новий лічильник номер: 6647205, тип: ЛК => DN 15, рік випуску: 2016, показники: 0, балансоутримувач: КП "ТКЕ" додано до БД користувачем [Сусло Тетяна].
[19-Sep-2024 10:33:04 Europe/Helsinki] EditDATA [INFO] За адресою вул. Пятницька, буд. 92, кв. 71 користувачем [Сусло Тетяна] було додано лічильники: 6683241, 6647205].
[19-Sep-2024 10:33:52 Europe/Helsinki] NewDATA [INFO] Новий лічильник номер: 390781, тип: КВ-1,5 => DN 15, рік випуску: 2004, показники: 0, балансоутримувач: КП "ВДК" додано до БД користувачем [Сусло Тетяна].
[19-Sep-2024 10:34:14 Europe/Helsinki] NewDATA [INFO] Новий лічильник номер: 645921, тип: КВ-1,5 => DN 15, рік випуску: 2004, показники: 0, балансоутримувач: КП "ТКЕ" додано до БД користувачем [Сусло Тетяна].
[19-Sep-2024 10:34:42 Europe/Helsinki] NewDATA [INFO] Новий лічильник номер: 090924, тип: КВ-1,5 => DN 15, рік випуску: 2003, показники: 0, балансоутримувач: КП "ВДК" додано до БД користувачем [Сусло Тетяна].
[19-Sep-2024 10:35:01 Europe/Helsinki] NewDATA [INFO] Новий лічильник номер: 072538, тип: КВ-1,5 => DN 15, рік випуску: 2004, показники: 0, балансоутримувач: КП "ТКЕ" додано до БД користувачем [Сусло Тетяна].
[19-Sep-2024 10:35:03 Europe/Helsinki] EditDATA [INFO] За адресою вул. Пятницька, буд. 92, кв. 18 користувачем [Сусло Тетяна] було додано лічильники: 390781, 645921, 090924, 072538].
[19-Sep-2024 10:35:43 Europe/Helsinki] NewDATA [INFO] Новий лічильник номер: 317648, тип: КВ-1,5 => DN 15, рік випуску: 2001, показники: 0, балансоутримувач: КП "ВДК" додано до БД користувачем [Сусло Тетяна].
[19-Sep-2024 10:36:04 Europe/Helsinki] NewDATA [INFO] Новий лічильник номер: 104601, тип: КВ-1,5 => DN 15, рік випуску: 2001, показники: 0, балансоутримувач: КП "ТКЕ" додано до БД користувачем [Сусло Тетяна].
[19-Sep-2024 10:36:06 Europe/Helsinki] EditDATA [INFO] За адресою вул. Пятницька, буд. 63, кв. 64 користувачем [Сусло Тетяна] було додано лічильники: 317648, 104601].
[19-Sep-2024 10:54:19 Europe/Helsinki] NewDATA [INFO] Новий лічильник номер: 217851, тип: КВ-1,5 => DN 15, рік випуску: 2004, показники: 0, балансоутримувач: КП "ВДК" додано до БД користувачем [Коваль Людмила].
[19-Sep-2024 11:03:09 Europe/Helsinki] EditDATA [INFO] За адресою вул. Незалежності 78, кв. 48 користувачем [Коваль Людмила] додано номер телефону +38(068)375-17-27, при створенні нової заявки [Повірка] від 19.09.2024.
[19-Sep-2024 11:03:09 Europe/Helsinki] NewDATA [INFO] Нова заявка Повірка, адреса: вул. Незалежності 78, кв. 48, лічильники: БЕЗ НОМЕРА - 2 шт., вартість: 600 грн., примітки: 8-13,пер.за 30 хв додано до БД користувачем [Коваль Людмила].
[2024-09-19T11:03:25.397] [INFO] DataBase - У заявці Повірка від 19 вересня 2024 р. за адресою вул. Незалежності, буд. 78, кв. 48 додано виконавця ЗАПЛАНОВАНІ та додано дату виконання 20 вересня 2024 р. користувачем [Коваль Людмила].
[19-Sep-2024 11:07:42 Europe/Helsinki] NewDATA [INFO] Новий лічильник номер: 246587, тип: КВ-1,5 => DN 15, рік випуску: 2001, показники: 0, балансоутримувач: КП "ВДК" додано до БД користувачем [Коваль Людмила].
[19-Sep-2024 11:07:50 Europe/Helsinki] EditDATA [INFO] Для заявки Повірка від 13.09.2024 користувачем [Коваль Людмила] лічильник БЕЗ НОМЕРА ідентифіковано як 246587.
[19-Sep-2024 11:08:17 Europe/Helsinki] NewDATA [INFO] Новий лічильник номер: 193033, тип: КВ-1,5 => DN 15, рік випуску: 2015, показники: 0, балансоутримувач: АТ "ОТКЕ" додано до БД користувачем [Коваль Людмила].
[19-Sep-2024 11:08:29 Europe/Helsinki] EditDATA [INFO] Для заявки Повірка від 13.09.2024 користувачем [Коваль Людмила] лічильник БЕЗ НОМЕРА ідентифіковано як 193033.
[19-Sep-2024 11:08:55 Europe/Helsinki] NewDATA [INFO] Новий лічильник номер: 246858, тип: КВ-1,5 => DN 15, рік випуску: 2001, показники: 0, балансоутримувач: КП "ВДК" додано до БД користувачем [Коваль Людмила].
[19-Sep-2024 11:09:04 Europe/Helsinki] EditDATA [INFO] Для заявки Повірка від 13.09.2024 користувачем [Коваль Людмила] лічильник БЕЗ НОМЕРА ідентифіковано як 246858.
[19-Sep-2024 11:09:28 Europe/Helsinki] NewDATA [INFO] Новий лічильник номер: 266388, тип: КВ-1,5 => DN 15, рік випуску: 2001, показники: 0, балансоутримувач: АТ "ОТКЕ" додано до БД користувачем [Коваль Людмила].
[19-Sep-2024 11:09:36 Europe/Helsinki] EditDATA [INFO] Для заявки Повірка від 13.09.2024 користувачем [Коваль Людмила] лічильник БЕЗ НОМЕРА ідентифіковано як 266388.
[19-Sep-2024 11:09:46 Europe/Helsinki] DellTASK [INFO] Повірка від 13.09.2024 для адреси вул. Льотна, буд. 3, корп. Б, кв. 39 для лічильників 246587, 193033, 246858, 266388 було завершено користувачем [Коваль Людмила] з коментарем: виконано.
[19-Sep-2024 11:10:17 Europe/Helsinki] EditDATA [INFO] Для заявки Повірка від 11.09.2024 користувачем [Коваль Людмила] лічильник БЕЗ НОМЕРА ідентифіковано як 217851.
[19-Sep-2024 11:10:47 Europe/Helsinki] NewDATA [INFO] Новий лічильник номер: 213505, тип: КВ-1,5 => DN 15, рік випуску: 2004, показники: 0, балансоутримувач: АТ "ОТКЕ" додано до БД користувачем [Коваль Людмила].
[19-Sep-2024 11:10:56 Europe/Helsinki] EditDATA [INFO] Для заявки Повірка від 11.09.2024 користувачем [Коваль Людмила] лічильник БЕЗ НОМЕРА ідентифіковано як 213505.
[19-Sep-2024 11:11:08 Europe/Helsinki] DellTASK [INFO] Повірка від 11.09.2024 для адреси вул. Льотна, буд. 15, кв. 20 для лічильників 217851, 213505 було завершено користувачем [Коваль Людмила] з коментарем: виконано.
[19-Sep-2024 11:18:28 Europe/Helsinki] NewDATA [INFO] Новий лічильник номер: 464680, тип: КВ-1,5 => DN 15, рік випуску: 2005, показники: 0, балансоутримувач: КП "ВДК" додано до БД користувачем [Коваль Людмила].
[19-Sep-2024 11:19:00 Europe/Helsinki] EditDATA [INFO] Для заявки Повірка від 13.09.2024 користувачем [Коваль Людмила] лічильник БЕЗ НОМЕРА ідентифіковано як 464680.
[19-Sep-2024 11:19:31 Europe/Helsinki] NewDATA [INFO] Новий лічильник номер: 175940, тип: КВ-1,5 => DN 15, рік випуску: 2005, показники: 0, балансоутримувач: АТ "ОТКЕ" додано до БД користувачем [Коваль Людмила].
[19-Sep-2024 11:19:53 Europe/Helsinki] EditDATA [INFO] Для заявки Повірка від 13.09.2024 користувачем [Коваль Людмила] лічильник БЕЗ НОМЕРА ідентифіковано як 175940.
[19-Sep-2024 11:20:03 Europe/Helsinki] DellTASK [INFO] Повірка від 13.09.2024 для адреси вул. Мстиславська, буд. 171, кв. 53 для лічильників 464680, 175940 було завершено користувачем [Коваль Людмила] з коментарем: виконано.
[19-Sep-2024 11:36:12 Europe/Helsinki] NewDATA [INFO] Нова адреса вул. Музична, буд. 2, кв. 56, тел. +38 (063) 495-43-19 додана до БД користувачем [Сміян Альона].
[19-Sep-2024 11:36:40 Europe/Helsinki] NewDATA [INFO] Нова заявка Повірка, адреса: вул. Музична 2, кв. 56, лічильники: БЕЗ НОМЕРА - 2 шт., вартість: 600 грн., примітки: 14-18 додано до БД користувачем [Сміян Альона].
[2024-09-19T11:36:45.960] [INFO] DataBase - У заявці Повірка від 19 вересня 2024 р. за адресою вул. Музична, буд. 2, кв. 56 додано виконавця ЗАПЛАНОВАНІ та додано дату виконання 23 вересня 2024 р. користувачем [Сміян Альона].
[19-Sep-2024 11:48:52 Europe/Helsinki] EditDATA [INFO] За адресою вул. Текстильників 11 корпус А, кв. 129 користувачем [Сміян Альона] змінені номери телефонів з +38(093)724-06-04, +38(0462)63-71-84 на +38(093)950-80-93, при створенні нової заявки [Повірка] від 19.09.2024.
[19-Sep-2024 11:48:52 Europe/Helsinki] NewDATA [INFO] Нова заявка Повірка, адреса: вул. Текстильників 11 корпус А, кв. 129, лічильники: БЕЗ НОМЕРА - 2 шт., вартість: 600 грн., примітки: 8-13 додано до БД користувачем [Сміян Альона].
[2024-09-19T11:49:02.318] [INFO] DataBase - У заявці Повірка від 19 вересня 2024 р. за адресою вул. Текстильників, буд. 11, корп. А, кв. 129 додано виконавця ЗАПЛАНОВАНІ та додано дату виконання 24 вересня 2024 р. користувачем [Сміян Альона].
[19-Sep-2024 12:32:38 Europe/Helsinki] NewDATA [INFO] Нова заявка Заміна, адреса: вул. Стуса Василя 15 корпус А, кв. 39, лічильники: 376923, вартість: 1060 грн., примітки: 1г/в с/в 376923 9-13 1час додано до БД користувачем [Сміян Альона].
[2024-09-19T12:32:43.035] [INFO] DataBase - У заявці Заміна від 19 вересня 2024 р. за адресою вул. Стуса Василя, буд. 15, корп. А, кв. 39 додано виконавця Баранов та додано дату виконання 20 вересня 2024 р. користувачем [Сміян Альона].
[19-Sep-2024 14:26:25 Europe/Helsinki] EditDATA [INFO] Для заявки Повірка від 19.09.2024 користувачем [Коваль Людмила] змінено виконавця з ЗАПЛАНОВАНІ на Сірий.
[19-Sep-2024 14:26:40 Europe/Helsinki] EditDATA [INFO] Для заявки Повірка від 17.09.2024 користувачем [Коваль Людмила] змінено виконавця з ЗАПЛАНОВАНІ на Сірий.
[19-Sep-2024 14:26:54 Europe/Helsinki] EditDATA [INFO] Для заявки Повірка від 17.09.2024 користувачем [Коваль Людмила] змінено виконавця з ЗАПЛАНОВАНІ на Сірий.
[19-Sep-2024 14:28:21 Europe/Helsinki] EditDATA [INFO] Для заявки Повірка від 17.09.2024 користувачем [Коваль Людмила] змінено виконавця з ЗАПЛАНОВАНІ на Шкуліпа.
[19-Sep-2024 14:30:26 Europe/Helsinki] EditDATA [INFO] Для заявки Повірка від 19.09.2024 користувачем [Коваль Людмила] змінено виконавця з ЗАПЛАНОВАНІ на Осипенко.
[19-Sep-2024 14:30:43 Europe/Helsinki] EditDATA [INFO] Для заявки Повірка від 17.09.2024 користувачем [Коваль Людмила] змінено виконавця з ЗАПЛАНОВАНІ на Осипенко.
[19-Sep-2024 14:30:59 Europe/Helsinki] EditDATA [INFO] Для заявки Повірка від 18.09.2024 користувачем [Коваль Людмила] змінено виконавця з ЗАПЛАНОВАНІ на Осипенко.
[19-Sep-2024 14:31:14 Europe/Helsinki] EditDATA [INFO] Для заявки Повірка від 17.09.2024 користувачем [Коваль Людмила] змінено виконавця з ЗАПЛАНОВАНІ на Осипенко.
[19-Sep-2024 14:31:27 Europe/Helsinki] EditDATA [INFO] Для заявки Повірка від 17.09.2024 користувачем [Коваль Людмила] змінено виконавця з ЗАПЛАНОВАНІ на Осипенко.
[19-Sep-2024 14:32:13 Europe/Helsinki] EditDATA [INFO] Для заявки Повірка від 17.09.2024 користувачем [Коваль Людмила] змінено виконавця з ЗАПЛАНОВАНІ на Шкуліпа.
[19-Sep-2024 14:32:41 Europe/Helsinki] EditDATA [INFO] Для заявки Повірка від 17.09.2024 користувачем [Коваль Людмила] змінено виконавця з ЗАПЛАНОВАНІ на Шкуліпа.
[19-Sep-2024 14:33:18 Europe/Helsinki] EditDATA [INFO] Для заявки Повірка від 17.09.2024 користувачем [Коваль Людмила] змінено виконавця з ЗАПЛАНОВАНІ на Шкуліпа.
[19-Sep-2024 14:33:35 Europe/Helsinki] EditDATA [INFO] Для заявки Повірка від 17.09.2024 користувачем [Коваль Людмила] змінено виконавця з ЗАПЛАНОВАНІ на Шкуліпа.
[19-Sep-2024 14:35:17 Europe/Helsinki] NewDATA [INFO] Нова адреса вул. Самоквасова Дмитра, буд. 19, кв. 30, тел. +38 (050) 085-06-64 додана до БД користувачем [Сміян Альона].
[19-Sep-2024 14:35:54 Europe/Helsinki] NewDATA [INFO] Нова заявка Повірка, адреса: вул. Самоквасова Дмитра 19, кв. 30, лічильники: БЕЗ НОМЕРА - 2 шт., вартість: 600 грн., примітки: 13-17 додано до БД користувачем [Сміян Альона].
[19-Sep-2024 14:36:31 Europe/Helsinki] NewDATA [INFO] Нова адреса вул. Самоквасова Дмитра, буд. 15, кв. 150, тел. +38 (050) 085-06-64 додана до БД користувачем [Сміян Альона].
[19-Sep-2024 14:37:29 Europe/Helsinki] EditDATA [INFO] Для заявки Повірка від 18.09.2024 користувачем [Коваль Людмила] змінено виконавця з ЗАПЛАНОВАНІ на Богомаз.
[19-Sep-2024 14:37:39 Europe/Helsinki] EditDATA [INFO] Для заявки Повірка від 18.09.2024 користувачем [Коваль Людмила] змінено виконавця з ЗАПЛАНОВАНІ на Богомаз.
[19-Sep-2024 14:37:51 Europe/Helsinki] EditDATA [INFO] Для заявки Повірка від 18.09.2024 користувачем [Коваль Людмила] змінено виконавця з ЗАПЛАНОВАНІ на Богомаз.
[19-Sep-2024 14:38:03 Europe/Helsinki] EditDATA [INFO] Для заявки Повірка від 17.09.2024 користувачем [Коваль Людмила] змінено виконавця з ЗАПЛАНОВАНІ на Богомаз.
[19-Sep-2024 14:38:21 Europe/Helsinki] NewDATA [INFO] Нова заявка Повірка, адреса: вул. Самоквасова Дмитра 15, кв. 150, лічильники: БЕЗ НОМЕРА - 2 шт., вартість: 600 грн., примітки: 13-17 30хв додано до БД користувачем [Сміян Альона].
[2024-09-19T14:38:27.137] [INFO] DataBase - У заявці Повірка від 19 вересня 2024 р. за адресою вул. Самоквасова Дмитра, буд. 15, кв. 150 додано виконавця ЗАПЛАНОВАНІ та додано дату виконання 23 вересня 2024 р. користувачем [Сміян Альона].
[2024-09-19T14:38:29.528] [INFO] DataBase - У заявці Повірка від 19 вересня 2024 р. за адресою вул. Самоквасова Дмитра, буд. 19, кв. 30 додано виконавця ЗАПЛАНОВАНІ та додано дату виконання 23 вересня 2024 р. користувачем [Сміян Альона].
[19-Sep-2024 14:49:48 Europe/Helsinki] NewDATA [INFO] Нова адреса просп. Левка Лукяненка, буд. 50, кв. 22, тел. +38 (093) 018-80-87 додана до БД користувачем [Коваль Людмила].
[19-Sep-2024 14:50:22 Europe/Helsinki] NewDATA [INFO] Нова заявка Повірка, адреса: просп. Левка Лукяненка 50, кв. 22, лічильники: БЕЗ НОМЕРА - 2 шт., вартість: 600 грн., примітки: 14-18 додано до БД користувачем [Коваль Людмила].
[2024-09-19T14:51:10.552] [INFO] DataBase - У заявці Повірка від 19 вересня 2024 р. за адресою просп. Левка Лукяненка, буд. 50, кв. 22 додано виконавця ЗАПЛАНОВАНІ та додано дату виконання 23 вересня 2024 р. користувачем [Коваль Людмила].
[19-Sep-2024 14:52:04 Europe/Helsinki] EditDATA [INFO] За адресою вул. Ціолковського 12, кв. 42 користувачем [Коваль Людмила] змінені номери телефонів з +38(0462)66-44-25, +38(0462)66-24-25 на +38(093)351-49-12, при створенні нової заявки [Повірка] від 19.09.2024.
[19-Sep-2024 14:52:04 Europe/Helsinki] NewDATA [INFO] Нова заявка Повірка, адреса: вул. Ціолковського 12, кв. 42, лічильники: БЕЗ НОМЕРА - 1 шт., вартість: 300 грн., примітки: 15-18,пер.за 30 хв додано до БД користувачем [Коваль Людмила].
[2024-09-19T14:52:23.411] [INFO] DataBase - У заявці Повірка від 19 вересня 2024 р. за адресою вул. Ціолковського, буд. 12, кв. 42 додано виконавця ЗАПЛАНОВАНІ та додано дату виконання 23 вересня 2024 р. користувачем [Коваль Людмила].
[19-Sep-2024 14:53:14 Europe/Helsinki] NewDATA [INFO] Нова адреса вул. Доценка, буд. 26, кв. 259, тел. +38 (050) 338-73-81 додана до БД користувачем [Коваль Людмила].
[19-Sep-2024 14:54:03 Europe/Helsinki] NewDATA [INFO] Нова заявка Повірка, адреса: вул. Доценка 26, кв. 259, лічильники: БЕЗ НОМЕРА - 4 шт., вартість: 1200 грн., примітки: 14-18 додано до БД користувачем [Коваль Людмила].
[2024-09-19T14:54:24.557] [INFO] DataBase - У заявці Повірка від 19 вересня 2024 р. за адресою вул. Доценка, буд. 26, кв. 259 додано виконавця ЗАПЛАНОВАНІ та додано дату виконання 20 вересня 2024 р. користувачем [Коваль Людмила].
[19-Sep-2024 14:55:20 Europe/Helsinki] EditDATA [INFO] За адресою вул. Богуна Івана 44, кв. 98 користувачем [Коваль Людмила] змінені номери телефонів з +38(0462)72-90-47 на +38(050)338-73-81, при створенні нової заявки [Повірка] від 19.09.2024.
[19-Sep-2024 14:55:20 Europe/Helsinki] NewDATA [INFO] Нова заявка Повірка, адреса: вул. Богуна Івана 44, кв. 98, лічильники: БЕЗ НОМЕРА - 2 шт., вартість: 600 грн., примітки: 14-18,пер.за час додано до БД користувачем [Коваль Людмила].
[2024-09-19T14:55:50.237] [INFO] DataBase - У заявці Повірка від 19 вересня 2024 р. за адресою вул. Богуна Івана, буд. 44, кв. 98 додано виконавця ЗАПЛАНОВАНІ та додано дату виконання 24 вересня 2024 р. користувачем [Коваль Людмила].
[19-Sep-2024 14:57:11 Europe/Helsinki] EditDATA [INFO] За адресою вул. Гетьмана Полуботка 80, кв. 92 користувачем [Коваль Людмила] змінені номери телефонів з +38(0462)62-03-36 на +38(063)854-01-89, при створенні нової заявки [Повірка] від 19.09.2024.
[19-Sep-2024 14:57:11 Europe/Helsinki] NewDATA [INFO] Нова заявка Повірка, адреса: вул. Гетьмана Полуботка 80, кв. 92, лічильники: БЕЗ НОМЕРА - 2 шт., вартість: 600 грн., примітки: пер.за час додано до БД користувачем [Коваль Людмила].
[2024-09-19T14:57:32.952] [INFO] DataBase - У заявці Повірка від 19 вересня 2024 р. за адресою вул. Гетьмана Полуботка, буд. 80, кв. 92 додано виконавця ЗАПЛАНОВАНІ та додано дату виконання 20 вересня 2024 р. користувачем [Коваль Людмила].
[19-Sep-2024 15:04:30 Europe/Helsinki] EditDATA [INFO] Для заявки Повірка від 19.09.2024 користувачем [Коваль Людмила] змінено виконавця з ЗАПЛАНОВАНІ на Сірий.
[19-Sep-2024 15:06:41 Europe/Helsinki] EditDATA [INFO] Для заявки Повірка від 19.09.2024 користувачем [Коваль Людмила] змінено виконавця з ЗАПЛАНОВАНІ на Богомаз.
[19-Sep-2024 15:14:40 Europe/Helsinki] EditDATA [INFO] Для заявки Повірка від 17.09.2024 користувачем [Коваль Людмила] змінено виконавця з ЗАПЛАНОВАНІ на Сірий.
[19-Sep-2024 15:14:57 Europe/Helsinki] EditDATA [INFO] Для заявки Повірка від 19.09.2024 користувачем [Коваль Людмила] змінено виконавця з ЗАПЛАНОВАНІ на Сірий.
[19-Sep-2024 15:15:08 Europe/Helsinki] EditDATA [INFO] Для заявки Повірка від 17.09.2024 користувачем [Коваль Людмила] змінено виконавця з ЗАПЛАНОВАНІ на Сірий.
[19-Sep-2024 15:22:27 Europe/Helsinki] EditDATA [INFO] За адресою просп. Миру 52, кв. 59 користувачем [Коваль Людмила] змінені номери телефонів з +38(093)910-19-11, +38(068)300-27-59 на +38(093)910-19-11, при створенні нової заявки [Повірка] від 19.09.2024.
[19-Sep-2024 15:22:27 Europe/Helsinki] NewDATA [INFO] Нова заявка Повірка, адреса: просп. Миру 52, кв. 59, лічильники: БЕЗ НОМЕРА - 1 шт., виконавець: Шкуліпа, вартість: 300 грн., примітки: 13-18 додано до БД користувачем [Коваль Людмила].
[2024-09-19T15:22:35.368] [INFO] DataBase - У заявці Повірка від 19 вересня 2024 р. за адресою просп. Миру, буд. 52, кв. 59 додано дату виконання 20 вересня 2024 р. користувачем [Коваль Людмила].
[19-Sep-2024 15:23:45 Europe/Helsinki] DellTASK [INFO] Повірка від 18.09.2024 для адреси вул. Мазепи Івана, буд. 45, кв. 35 для лічильника БЕЗ НОМЕРА - 2 шт. було завершено користувачем [Коваль Людмила] з коментарем: несправна сантехніка.
[19-Sep-2024 15:24:26 Europe/Helsinki] NewDATA [INFO] Новий лічильник номер: 8011466, тип: ЛК => DN 15, рік випуску: 2017, показники: 0, балансоутримувач: КП "ВДК" додано до БД користувачем [Коваль Людмила].
[19-Sep-2024 15:24:36 Europe/Helsinki] EditDATA [INFO] Для заявки Повірка від 11.09.2024 користувачем [Коваль Людмила] лічильник БЕЗ НОМЕРА ідентифіковано як 8011466.
[19-Sep-2024 15:25:06 Europe/Helsinki] NewDATA [INFO] Новий лічильник номер: 7860212, тип: ЛК => DN 15, рік випуску: 2017, показники: 0, балансоутримувач: АТ "ОТКЕ" додано до БД користувачем [Коваль Людмила].
[19-Sep-2024 15:25:14 Europe/Helsinki] EditDATA [INFO] Для заявки Повірка від 11.09.2024 користувачем [Коваль Людмила] лічильник БЕЗ НОМЕРА ідентифіковано як 7860212.
[19-Sep-2024 15:25:25 Europe/Helsinki] DellTASK [INFO] Повірка від 11.09.2024 для адреси просп. Миру, буд. 182, кв. 31 для лічильників 8011466, 7860212 було завершено користувачем [Коваль Людмила] з коментарем: виконано.
[19-Sep-2024 15:26:40 Europe/Helsinki] NewDATA [INFO] Новий лічильник номер: 558323, тип: КВ-1,5 => DN 15, рік випуску: 2001, показники: 0, балансоутримувач: КП "ВДК" додано до БД користувачем [Коваль Людмила].
[19-Sep-2024 15:26:48 Europe/Helsinki] EditDATA [INFO] Для заявки Повірка від 13.09.2024 користувачем [Коваль Людмила] лічильник БЕЗ НОМЕРА ідентифіковано як 558323.
[19-Sep-2024 15:27:17 Europe/Helsinki] NewDATA [INFO] Новий лічильник номер: 483627, тип: КВ-1,5 => DN 15, рік випуску: 2003, показники: 0, балансоутримувач: КП "ТКЕ" додано до БД користувачем [Коваль Людмила].
[19-Sep-2024 15:27:29 Europe/Helsinki] EditDATA [INFO] Для заявки Повірка від 13.09.2024 користувачем [Коваль Людмила] лічильник БЕЗ НОМЕРА ідентифіковано як 483627.
[19-Sep-2024 15:27:39 Europe/Helsinki] DellTASK [INFO] Повірка від 13.09.2024 для адреси просп. Перемоги, буд. 42, кв. 20 для лічильників 558323, 483627 було завершено користувачем [Коваль Людмила] з коментарем: виконано.
[19-Sep-2024 15:28:27 Europe/Helsinki] NewDATA [INFO] Новий лічильник номер: 051824, тип: КВ-1,5 => DN 15, рік випуску: 2020, показники: 0, балансоутримувач: КП "ВДК" додано до БД користувачем [Коваль Людмила].
[19-Sep-2024 15:28:35 Europe/Helsinki] EditDATA [INFO] Для заявки Повірка від 13.09.2024 користувачем [Коваль Людмила] лічильник БЕЗ НОМЕРА ідентифіковано як 051824.
[19-Sep-2024 15:29:48 Europe/Helsinki] NewDATA [INFO] Новий лічильник номер: 056198, тип: КВ-1,5 => DN 15, рік випуску: 2020, показники: 0, балансоутримувач: АТ "ОТКЕ" додано до БД користувачем [Коваль Людмила].
[19-Sep-2024 15:30:15 Europe/Helsinki] EditDATA [INFO] Для заявки Повірка від 13.09.2024 користувачем [Коваль Людмила] лічильник БЕЗ НОМЕРА ідентифіковано як 056198.
[19-Sep-2024 15:30:24 Europe/Helsinki] DellTASK [INFO] Повірка від 13.09.2024 для адреси вул. Генерала Пухова, буд. 129, корп. 3, кв. 6 для лічильників 051824, 056198 було завершено користувачем [Коваль Людмила] з коментарем: виконано.
[19-Sep-2024 15:31:05 Europe/Helsinki] NewDATA [INFO] Новий лічильник номер: 571091, тип: КВ-1,5 => DN 15, рік випуску: 2006, показники: 0, балансоутримувач: КП "ВДК" додано до БД користувачем [Коваль Людмила].
[19-Sep-2024 15:31:14 Europe/Helsinki] EditDATA [INFO] Для заявки Повірка від 17.09.2024 користувачем [Коваль Людмила] лічильник БЕЗ НОМЕРА ідентифіковано як 571091.
[19-Sep-2024 15:31:43 Europe/Helsinki] NewDATA [INFO] Новий лічильник номер: 621429, тип: КВ-1,5 => DN 15, рік випуску: 2006, показники: 0, балансоутримувач: АТ "ОТКЕ" додано до БД користувачем [Коваль Людмила].
[19-Sep-2024 15:31:52 Europe/Helsinki] EditDATA [INFO] Для заявки Повірка від 17.09.2024 користувачем [Коваль Людмила] лічильник БЕЗ НОМЕРА ідентифіковано як 621429.
[19-Sep-2024 15:32:02 Europe/Helsinki] DellTASK [INFO] Повірка від 17.09.2024 для адреси вул. 1-ої танкової бригади, буд. 37, корп. 3, кв. 32 для лічильників 571091, 621429 було завершено користувачем [Коваль Людмила] з коментарем: виконано.
[19-Sep-2024 15:33:11 Europe/Helsinki] NewDATA [INFO] Новий лічильник номер: 201355001059, тип: ETR-UA => DN 15, рік випуску: 2013, показники: 0, балансоутримувач: КП "ВДК" додано до БД користувачем [Коваль Людмила].
[19-Sep-2024 15:33:26 Europe/Helsinki] EditDATA [INFO] Для заявки Повірка від 13.09.2024 користувачем [Коваль Людмила] лічильник БЕЗ НОМЕРА ідентифіковано як 201355001059.
[19-Sep-2024 15:34:02 Europe/Helsinki] NewDATA [INFO] Новий лічильник номер: 201450005756, тип: ETR-UA => DN 15, рік випуску: 2014, показники: 0, балансоутримувач: АТ "ОТКЕ" додано до БД користувачем [Коваль Людмила].
[19-Sep-2024 15:34:14 Europe/Helsinki] EditDATA [INFO] Для заявки Повірка від 13.09.2024 користувачем [Коваль Людмила] лічильник БЕЗ НОМЕРА ідентифіковано як 201450005756.
[19-Sep-2024 15:34:25 Europe/Helsinki] DellTASK [INFO] Повірка від 13.09.2024 для адреси вул. 1-ої танкової бригади, буд. 23, корп. 1, кв. 59 для лічильників 201355001059, 201450005756 було завершено користувачем [Коваль Людмила] з коментарем: виконано.
[19-Sep-2024 15:35:03 Europe/Helsinki] NewDATA [INFO] Новий лічильник номер: 385657, тип: КВ-1,5 => DN 15, рік випуску: 2009, показники: 0, балансоутримувач: КП "ВДК" додано до БД користувачем [Коваль Людмила].
[19-Sep-2024 15:35:29 Europe/Helsinki] EditDATA [INFO] Для заявки Повірка від 16.09.2024 користувачем [Коваль Людмила] лічильник БЕЗ НОМЕРА ідентифіковано як 385657.
[19-Sep-2024 15:37:46 Europe/Helsinki] NewDATA [INFO] Новий лічильник номер: 369728, тип: КВ-1,5 => DN 15, рік випуску: 2009, показники: 0, балансоутримувач: АТ "ОТКЕ" додано до БД користувачем [Коваль Людмила].
[19-Sep-2024 15:37:58 Europe/Helsinki] EditDATA [INFO] Для заявки Повірка від 16.09.2024 користувачем [Коваль Людмила] лічильник БЕЗ НОМЕРА ідентифіковано як 369728.
[19-Sep-2024 15:38:55 Europe/Helsinki] DellTASK [INFO] Повірка від 16.09.2024 для адреси вул. 1-ої танкової бригади, буд. 23, корп. 3, кв. 45 для лічильників 385657, 369728 було завершено користувачем [Коваль Людмила] з коментарем: виконано.
[19-Sep-2024 15:40:14 Europe/Helsinki] NewDATA [INFO] Новий лічильник номер: 4635801, тип: ЛК => DN 15, рік випуску: 2014, показники: 0, балансоутримувач: КП "ВДК" додано до БД користувачем [Коваль Людмила].
[19-Sep-2024 15:40:22 Europe/Helsinki] EditDATA [INFO] Для заявки Повірка від 16.09.2024 користувачем [Коваль Людмила] лічильник БЕЗ НОМЕРА ідентифіковано як 4635801.
[19-Sep-2024 15:40:50 Europe/Helsinki] NewDATA [INFO] Новий лічильник номер: 4630095, тип: ЛК => DN 15, рік випуску: 2014, показники: 0, балансоутримувач: АТ "ОТКЕ" додано до БД користувачем [Коваль Людмила].
[19-Sep-2024 15:40:58 Europe/Helsinki] EditDATA [INFO] Для заявки Повірка від 16.09.2024 користувачем [Коваль Людмила] лічильник БЕЗ НОМЕРА ідентифіковано як 4630095.
[19-Sep-2024 15:41:08 Europe/Helsinki] DellTASK [INFO] Повірка від 16.09.2024 для адреси вул. Генерала Пухова, буд. 133, кв. 29 для лічильників 4635801, 4630095 було завершено користувачем [Коваль Людмила] з коментарем: виконано.
[19-Sep-2024 15:42:16 Europe/Helsinki] NewDATA [INFO] Новий лічильник номер: 181207202, тип: СВК => DN 15, рік випуску: 2018, показники: 0, балансоутримувач: КП "ВДК" додано до БД користувачем [Коваль Людмила].
[19-Sep-2024 15:42:24 Europe/Helsinki] EditDATA [INFO] Для заявки Повірка від 13.09.2024 користувачем [Коваль Людмила] лічильник БЕЗ НОМЕРА ідентифіковано як 181207202.
[19-Sep-2024 15:42:34 Europe/Helsinki] DellTASK [INFO] Повірка від 13.09.2024 для адреси вул. Генерала Пухова, буд. 138, кв. 105 для лічильника 181207202 було завершено користувачем [Коваль Людмила] з коментарем: виконано.
[19-Sep-2024 16:02:52 Europe/Helsinki] NewDATA [INFO] Нова заявка Повірка, адреса: вул. Доценка 4 корпус А, кв. 36, лічильники: БЕЗ НОМЕРА - 1 шт., вартість: 300 грн., примітки: 14-18 додано до БД користувачем [Коваль Людмила].
[2024-09-19T16:03:11.492] [INFO] DataBase - У заявці Повірка від 19 вересня 2024 р. за адресою вул. Доценка, буд. 4, корп. А, кв. 36 додано виконавця ЗАПЛАНОВАНІ та додано дату виконання 23 вересня 2024 р. користувачем [Коваль Людмила].
[19-Sep-2024 16:03:57 Europe/Helsinki] EditDATA [INFO] За адресою вул. Захисників України 11 корпус Б, кв. 8 користувачем [Коваль Людмила] змінені номери телефонів з +38(066)467-42-88 на +38(097)532-76-34, при створенні нової заявки [Повірка] від 19.09.2024.
[19-Sep-2024 16:03:57 Europe/Helsinki] NewDATA [INFO] Нова заявка Повірка, адреса: вул. Захисників України 11 корпус Б, кв. 8, лічильники: БЕЗ НОМЕРА - 1 шт., вартість: 300 грн., примітки: 8-13 додано до БД користувачем [Коваль Людмила].
[2024-09-19T16:04:42.735] [INFO] DataBase - У заявці Повірка від 19 вересня 2024 р. за адресою вул. Захисників України, буд. 11, корп. Б, кв. 8 додано виконавця ЗАПЛАНОВАНІ та додано дату виконання 23 вересня 2024 р. користувачем [Коваль Людмила].
[19-Sep-2024 16:08:43 Europe/Helsinki] EditDATA [INFO] Для заявки Повірка від 19.09.2024 користувачем [Коваль Людмила] змінено виконавця з ЗАПЛАНОВАНІ на Сірий.
[19-Sep-2024 16:08:56 Europe/Helsinki] EditDATA [INFO] Для заявки Повірка від 19.09.2024 користувачем [Коваль Людмила] змінено виконавця з ЗАПЛАНОВАНІ на Богомаз.
[19-Sep-2024 16:09:06 Europe/Helsinki] EditDATA [INFO] Для заявки Повірка від 18.09.2024 користувачем [Коваль Людмила] змінено виконавця з ЗАПЛАНОВАНІ на Богомаз.
[19-Sep-2024 16:15:23 Europe/Helsinki] NewDATA [INFO] Нова адреса пров. Коцюбинського, буд. 5, кв. 22, тел. +38 (063) 334-78-71 додана до БД користувачем [Сусло Тетяна].
[19-Sep-2024 16:15:53 Europe/Helsinki] NewDATA [INFO] Нова заявка Повірка, адреса: пров. Коцюбинського 5, кв. 22, лічильники: БЕЗ НОМЕРА - 1 шт., вартість: 300 грн., примітки: 8-11 додано до БД користувачем [Сусло Тетяна].
[2024-09-19T16:16:01.309] [INFO] DataBase - У заявці Повірка від 19 вересня 2024 р. за адресою пров. Коцюбинського, буд. 5, кв. 22 додано виконавця ЗАПЛАНОВАНІ та додано дату виконання 24 вересня 2024 р. користувачем [Сусло Тетяна].
[19-Sep-2024 16:24:54 Europe/Helsinki] EditDATA [INFO] За адресою вул. Освіти 6, кв. 97 користувачем [Коваль Людмила] змінені номери телефонів з +38(0462)95-17-46 на +38(098)481-44-76, при створенні нової заявки [Повірка] від 19.09.2024.
[19-Sep-2024 16:24:54 Europe/Helsinki] NewDATA [INFO] Нова заявка Повірка, адреса: вул. Освіти 6, кв. 97, лічильники: БЕЗ НОМЕРА - 1 шт., вартість: 300 грн., примітки: 14-18 додано до БД користувачем [Коваль Людмила].
[2024-09-19T16:25:12.954] [INFO] DataBase - У заявці Повірка від 19 вересня 2024 р. за адресою вул. Освіти, буд. 6, кв. 97 додано виконавця ЗАПЛАНОВАНІ та додано дату виконання 23 вересня 2024 р. користувачем [Коваль Людмила].
[19-Sep-2024 16:27:37 Europe/Helsinki] EditDATA [INFO] За адресою просп. Перемоги 120, кв. 5 користувачем [Сміян Альона] змінені номери телефонів з +38(098)274-77-34 на +38(097)250-06-90, при створенні нової заявки [Заміна] від 19.09.2024.
[19-Sep-2024 16:27:37 Europe/Helsinki] NewDATA [INFO] Нова заявка Заміна, адреса: просп. Перемоги 120, кв. 5, лічильники: БЕЗ НОМЕРА - 1 шт., вартість: 1060 грн., примітки: 1х/в 13-17 додано до БД користувачем [Сміян Альона].
[2024-09-19T16:27:42.098] [INFO] DataBase - У заявці Заміна від 19 вересня 2024 р. за адресою просп. Перемоги, буд. 120, кв. 5 додано виконавця Баранов та додано дату виконання 20 вересня 2024 р. користувачем [Сміян Альона].
[19-Sep-2024 16:37:22 Europe/Helsinki] NewDATA [INFO] Нова заявка Повірка, адреса: просп. Миру 211, кв. 7, лічильники: БЕЗ НОМЕРА - 2 шт., вартість: 600 грн., примітки: 8-13 додано до БД користувачем [Сусло Тетяна].
[2024-09-19T16:37:30.218] [INFO] DataBase - У заявці Повірка від 19 вересня 2024 р. за адресою просп. Миру, буд. 211, кв. 7 додано виконавця Сірий та додано дату виконання 24 вересня 2024 р. користувачем [Сусло Тетяна].
[2024-09-19T16:37:35.954] [INFO] DataBase - У заявці Повірка від 19 вересня 2024 р. за адресою просп. Миру, буд. 211, кв. 7 видалено виконавця Сірий та видалено дату виконання 24 вересня 2024 р. користувачем [Сусло Тетяна].
[2024-09-19T16:37:45.959] [INFO] DataBase - У заявці Повірка від 19 вересня 2024 р. за адресою просп. Миру, буд. 211, кв. 7 додано виконавця ЗАПЛАНОВАНІ та додано дату виконання 24 вересня 2024 р. користувачем [Сусло Тетяна].
[19-Sep-2024 16:48:53 Europe/Helsinki] NewDATA [INFO] Нова адреса просп. Перемоги, буд. 13, кв. 43, тел. +38 (067) 346-32-74 додана до БД користувачем [Сусло Тетяна].
[19-Sep-2024 16:49:20 Europe/Helsinki] NewDATA [INFO] Нова заявка Повірка, адреса: просп. Перемоги 13, кв. 43, лічильники: БЕЗ НОМЕРА - 2 шт., вартість: 600 грн., примітки: 8-13 додано до БД користувачем [Сусло Тетяна].
[2024-09-19T16:49:30.564] [INFO] DataBase - У заявці Повірка від 19 вересня 2024 р. за адресою просп. Перемоги, буд. 13, кв. 43 додано виконавця ЗАПЛАНОВАНІ та додано дату виконання 4 жовтня 2024 р. користувачем [Сусло Тетяна].
