[01-Nov-2024 07:46:48 Europe/Helsinki] EditDATA [INFO] За адресою вул. 1-ої танкової бригади 31, кв. 85 користувачем [Сусло Тетяна] змінені номери телефонів з +38(096)659-15-33, +38(063)467-64-14 на +38(066)074-14-03, при створенні нової заявки [Повірка] від 01.11.2024.
[01-Nov-2024 07:46:48 Europe/Helsinki] NewDATA [INFO] Нова заявка Повірка, адреса: вул. 1-ої танкової бригади 31, кв. 85, лічильники: БЕЗ НОМЕРА - 2 шт., вартість: 600 грн., примітки: 8-13, за 30 хв, буде підходити бабуся додано до БД користувачем [Сусло Тетяна].
[2024-11-01T07:46:55.006] [INFO] DataBase - У заявці Повірка від 1 листопада 2024 р. за адресою вул. 1-ої танкової бригади, буд. 31, кв. 85 додано виконавця ЗАПЛАНОВАНІ та додано дату виконання 8 листопада 2024 р. користувачем [Сусло Тетяна].
[01-Nov-2024 08:10:03 Europe/Helsinki] NewDATA [INFO] Новий лічильник номер: 241472073, тип: СВК => DN 15, рік випуску: 2024, показники: 0, балансоутримувач: КП "ВДК" додано до БД користувачем [Сміян Альона].
[01-Nov-2024 08:10:06 Europe/Helsinki] EditDATA [INFO] Для заявки Заміна від 30.10.2024 користувачем [Сміян Альона] лічильник БЕЗ НОМЕРА ідентифіковано як 241472073.
[01-Nov-2024 08:10:15 Europe/Helsinki] DellTASK [INFO] Заміна від 30.10.2024 для адреси вул. Корольова, буд. 2, кв. 14 для лічильника 241472073 було завершено користувачем [Сміян Альона] з коментарем: виконано.
[01-Nov-2024 08:10:25 Europe/Helsinki] DellTASK [INFO] Повірка від 25.10.2024 для адреси вул. Пятницька, буд. 49, кв. 15 для лічильника БЕЗ НОМЕРА - 2 шт. було відмінено користувачем [Коваль Людмила] з коментарем: виконано.
[01-Nov-2024 08:10:41 Europe/Helsinki] DellTASK [INFO] Заміна від 29.10.2024 для адреси вул. Богуна Івана, буд. 40, кв. 30 для лічильника БЕЗ НОМЕРА - 1 шт. було завершено користувачем [Сміян Альона] з коментарем: виконано.
[01-Nov-2024 08:12:17 Europe/Helsinki] NewDATA [INFO] Новий лічильник номер: 241471252, тип: СВК => DN 15, рік випуску: 2024, показники: 0, балансоутримувач: КП "ВДК" додано до БД користувачем [Сміян Альона].
[01-Nov-2024 08:12:20 Europe/Helsinki] EditDATA [INFO] Для заявки Заміна від 29.10.2024 користувачем [Сміян Альона] лічильник БЕЗ НОМЕРА ідентифіковано як 241471252.
[01-Nov-2024 08:12:29 Europe/Helsinki] DellTASK [INFO] Заміна від 29.10.2024 для адреси просп. Левка Лукяненка, буд. 28, кв. 1 для лічильника 241471252 було завершено користувачем [Сміян Альона] з коментарем: виконано.
[01-Nov-2024 08:13:00 Europe/Helsinki] NewDATA [INFO] Новий лічильник номер: 241472070, тип: СВК => DN 15, рік випуску: 2024, показники: 0, балансоутримувач: КП "ВДК" додано до БД користувачем [Сміян Альона].
[01-Nov-2024 08:13:03 Europe/Helsinki] EditDATA [INFO] Для заявки Заміна від 29.10.2024 користувачем [Сміян Альона] лічильник БЕЗ НОМЕРА ідентифіковано як 241472070.
[01-Nov-2024 08:13:13 Europe/Helsinki] DellTASK [INFO] Заміна від 29.10.2024 для адреси вул. Захисників України, буд. 12, корп. Б, кв. 24 для лічильника 241472070 було завершено користувачем [Сміян Альона] з коментарем: виконано.
[01-Nov-2024 08:13:28 Europe/Helsinki] DellTASK [INFO] Повірка від 29.10.2024 для адреси вул. Богуна Івана, буд. 40, кв. 25 для лічильника БЕЗ НОМЕРА - 3 шт. було завершено користувачем [Сміян Альона] з коментарем: виконано.
[01-Nov-2024 08:14:01 Europe/Helsinki] NewDATA [INFO] Новий лічильник номер: 241472059, тип: СВК => DN 15, рік випуску: 2024, показники: 0, балансоутримувач: КП "ВДК" додано до БД користувачем [Сміян Альона].
[01-Nov-2024 08:14:04 Europe/Helsinki] EditDATA [INFO] Для заявки Заміна від 29.10.2024 користувачем [Сміян Альона] лічильник БЕЗ НОМЕРА ідентифіковано як 241472059.
[01-Nov-2024 08:14:12 Europe/Helsinki] DellTASK [INFO] Заміна від 29.10.2024 для адреси вул. Генерала Пухова, буд. 117, кв. 3 для лічильника 241472059 було завершено користувачем [Сміян Альона] з коментарем: виконано.
[01-Nov-2024 08:14:28 Europe/Helsinki] DellTASK [INFO] Заміна від 29.10.2024 для адреси вул. Незалежності, буд. 16, кв. 166 для лічильника БЕЗ НОМЕРА - 1 шт. було завершено користувачем [Сміян Альона] з коментарем: виконано.
[01-Nov-2024 08:18:18 Europe/Helsinki] DellTASK [INFO] Повірка від 24.10.2024 для адреси вул. Гетьмана Полуботка, буд. 80, кв. 95 для лічильника БЕЗ НОМЕРА - 2 шт. було завершено користувачем [Сусло Тетяна] з коментарем: виконано.
[01-Nov-2024 08:18:33 Europe/Helsinki] DellTASK [INFO] Повірка від 23.10.2024 для адреси вул. Мстиславська, буд. 109, кв. 49 для лічильника БЕЗ НОМЕРА - 2 шт. було завершено користувачем [Сусло Тетяна] з коментарем: виконано.
[01-Nov-2024 08:18:48 Europe/Helsinki] DellTASK [INFO] Повірка від 25.10.2024 для адреси вул. Мстиславська, буд. 56, кв. 70 для лічильника БЕЗ НОМЕРА - 1 шт. було завершено користувачем [Сусло Тетяна] з коментарем: виконано.
[01-Nov-2024 08:19:05 Europe/Helsinki] DellTASK [INFO] Повірка від 28.10.2024 для адреси вул. Пятницька, буд. 61, кв. 77 для лічильника БЕЗ НОМЕРА - 2 шт. було завершено користувачем [Сусло Тетяна] з коментарем: виконано.
[01-Nov-2024 08:19:19 Europe/Helsinki] DellTASK [INFO] Повірка від 24.10.2024 для адреси вул. Пятницька, буд. 72, корп. 3, кв. 14 для лічильника БЕЗ НОМЕРА - 2 шт. було завершено користувачем [Сусло Тетяна] з коментарем: виконано.
[01-Nov-2024 08:19:38 Europe/Helsinki] DellTASK [INFO] Повірка від 25.10.2024 для адреси вул. Котляревського, буд. 34, кв. 112 для лічильника БЕЗ НОМЕРА - 2 шт. було завершено користувачем [Сусло Тетяна] з коментарем: виконано 1 ліч.
[01-Nov-2024 08:19:53 Europe/Helsinki] DellTASK [INFO] Повірка від 28.10.2024 для адреси вул. Пятницька, буд. 49, кв. 188 для лічильника БЕЗ НОМЕРА - 4 шт. було завершено користувачем [Сусло Тетяна] з коментарем: виконано.
[01-Nov-2024 08:20:08 Europe/Helsinki] DellTASK [INFO] Повірка від 28.10.2024 для адреси вул. Мстиславська, буд. 42, кв. 9 для лічильника БЕЗ НОМЕРА - 4 шт. було завершено користувачем [Сусло Тетяна] з коментарем: виконано.
[01-Nov-2024 08:20:23 Europe/Helsinki] DellTASK [INFO] Повірка від 22.10.2024 для адреси вул. Мстиславська, буд. 47, кв. 71 для лічильника БЕЗ НОМЕРА - 2 шт. було завершено користувачем [Сусло Тетяна] з коментарем: виконано.
[01-Nov-2024 08:20:50 Europe/Helsinki] DellTASK [INFO] Повірка від 22.10.2024 для адреси вул. Леонтовича Миколи, буд. 3, кв. 71 для лічильника БЕЗ НОМЕРА - 1 шт. було завершено користувачем [Сусло Тетяна] з коментарем: несправність сантехніки.
[01-Nov-2024 08:27:24 Europe/Helsinki] DellTASK [INFO] Повірка від 23.10.2024 для адреси вул. Корольова, буд. 14, кв. 1 для лічильника БЕЗ НОМЕРА - 2 шт. було завершено користувачем [Сусло Тетяна] з коментарем: виконано.
[01-Nov-2024 08:27:45 Europe/Helsinki] DellTASK [INFO] Повірка від 28.10.2024 для адреси просп. Грушевського Михайла, буд. 182, кв. 16 для лічильника БЕЗ НОМЕРА - 2 шт. було завершено користувачем [Сусло Тетяна] з коментарем: виконано.
[01-Nov-2024 08:28:00 Europe/Helsinki] DellTASK [INFO] Повірка від 28.10.2024 для адреси просп. Грушевського Михайла, буд. 169, корп. 1, кв. 108 для лічильника БЕЗ НОМЕРА - 4 шт. було завершено користувачем [Сусло Тетяна] з коментарем: виконано.
[01-Nov-2024 08:28:17 Europe/Helsinki] DellTASK [INFO] Повірка від 28.10.2024 для адреси просп. Грушевського Михайла, буд. 163, кв. 64 для лічильника БЕЗ НОМЕРА - 4 шт. було завершено користувачем [Сусло Тетяна] з коментарем: виконано.
[01-Nov-2024 08:28:34 Europe/Helsinki] DellTASK [INFO] Повірка від 24.10.2024 для адреси просп. Грушевського Михайла, буд. 159, кв. 43 для лічильника БЕЗ НОМЕРА - 2 шт. було завершено користувачем [Сусло Тетяна] з коментарем: виконано.
[01-Nov-2024 08:28:50 Europe/Helsinki] DellTASK [INFO] Повірка від 28.10.2024 для адреси просп. Левка Лукяненка, буд. 54, корп. А, кв. 3 для лічильника БЕЗ НОМЕРА - 2 шт. було завершено користувачем [Сусло Тетяна] з коментарем: виконано.
[01-Nov-2024 08:29:04 Europe/Helsinki] DellTASK [INFO] Повірка від 28.10.2024 для адреси вул. Доценка, буд. 24, кв. 82 для лічильника БЕЗ НОМЕРА - 2 шт. було завершено користувачем [Сусло Тетяна] з коментарем: виконано.
[01-Nov-2024 08:29:23 Europe/Helsinki] DellTASK [INFO] Повірка від 25.10.2024 для адреси вул. Всіхсвятська, буд. 18, корп. А, кв. 9 для лічильника БЕЗ НОМЕРА - 2 шт. було завершено користувачем [Сусло Тетяна] з коментарем: виконано.
[01-Nov-2024 08:30:16 Europe/Helsinki] DellTASK [INFO] Повірка від 28.10.2024 для адреси вул. Всіхсвятська, буд. 18, корп. Б, кв. 50 для лічильника БЕЗ НОМЕРА - 2 шт. було завершено користувачем [Сусло Тетяна] з коментарем: виконано.
[01-Nov-2024 08:30:40 Europe/Helsinki] DellTASK [INFO] Повірка від 23.10.2024 для адреси вул. Захисників України, буд. 10, корп. А, кв. 155 для лічильника БЕЗ НОМЕРА - 2 шт. було завершено користувачем [Сусло Тетяна] з коментарем: несправна сантехніка.
[01-Nov-2024 08:31:30 Europe/Helsinki] NewDATA [INFO] Новий лічильник номер: 487302, тип: КВ-1,5 => DN 15, рік випуску: 2008, показники: 0, балансоутримувач: КП "ВДК" додано до БД користувачем [Сусло Тетяна].
[01-Nov-2024 08:31:52 Europe/Helsinki] NewDATA [INFO] Новий лічильник номер: 268420, тип: КВ-1,5 => DN 15, рік випуску: 2001, показники: 0, балансоутримувач: АТ "ОТКЕ" додано до БД користувачем [Сусло Тетяна].
[01-Nov-2024 08:31:54 Europe/Helsinki] EditDATA [INFO] За адресою вул. Всіхсвятська, буд. 18, корп. Б, кв. 50 користувачем [Сусло Тетяна] було додано лічильники: 487302, 268420].
[01-Nov-2024 08:31:55 Europe/Helsinki] DellTASK [INFO] Повірка від 24.10.2024 для адреси вул. Шевчука, буд. 2, кв. 65 для лічильника БЕЗ НОМЕРА - 4 шт. було завершено користувачем [Коваль Людмила] з коментарем: виконано.
[01-Nov-2024 08:32:14 Europe/Helsinki] DellTASK [INFO] Повірка від 28.10.2024 для адреси просп. Перемоги, буд. 166, кв. 55 для лічильника БЕЗ НОМЕРА - 2 шт. було завершено користувачем [Коваль Людмила] з коментарем: виконано.
[01-Nov-2024 08:32:43 Europe/Helsinki] NewDATA [INFO] Новий лічильник номер: 171123664, тип: СВК => DN 15, рік випуску: 2017, показники: 0, балансоутримувач: КП "ВДК" додано до БД користувачем [Сусло Тетяна].
[01-Nov-2024 08:33:08 Europe/Helsinki] NewDATA [INFO] Новий лічильник номер: 171131882, тип: СВК => DN 15, рік випуску: 2017, показники: 0, балансоутримувач: АТ "ОТКЕ" додано до БД користувачем [Сусло Тетяна].
[01-Nov-2024 08:33:10 Europe/Helsinki] EditDATA [INFO] За адресою вул. Всіхсвятська, буд. 18, корп. А, кв. 9 користувачем [Сусло Тетяна] було додано лічильники: 171123664, 171131882].
[01-Nov-2024 08:33:52 Europe/Helsinki] NewDATA [INFO] Новий лічильник номер: 218225, тип: КВ-1,5 => DN 15, рік випуску: 2010, показники: 0, балансоутримувач: КП "ВДК" додано до БД користувачем [Сусло Тетяна].
[01-Nov-2024 08:34:14 Europe/Helsinki] NewDATA [INFO] Новий лічильник номер: 176650, тип: КВ-1,5 => DN 15, рік випуску: 2004, показники: 0, балансоутримувач: АТ "ОТКЕ" додано до БД користувачем [Сусло Тетяна].
[01-Nov-2024 08:34:15 Europe/Helsinki] EditDATA [INFO] За адресою вул. Доценка, буд. 24, кв. 82 користувачем [Сусло Тетяна] було додано лічильники: 218225, 176650].
[01-Nov-2024 08:35:00 Europe/Helsinki] NewDATA [INFO] Новий лічильник номер: 095625, тип: ЛК => DN 15, рік випуску: 2016, показники: 0, балансоутримувач: КП "ВДК" додано до БД користувачем [Сусло Тетяна].
[01-Nov-2024 08:36:58 Europe/Helsinki] DellTASK [INFO] Повірка від 28.10.2024 для адреси просп. Левка Лукяненка, буд. 12, корп. В, кв. 33 для лічильника БЕЗ НОМЕРА - 2 шт. було завершено користувачем [Коваль Людмила] з коментарем: виконано.
[01-Nov-2024 08:37:20 Europe/Helsinki] DellTASK [INFO] Повірка від 25.10.2024 для адреси просп. Перемоги, буд. 191, кв. 85 для лічильника БЕЗ НОМЕРА - 1 шт. було завершено користувачем [Коваль Людмила] з коментарем: виконано.
[01-Nov-2024 08:37:37 Europe/Helsinki] DellTASK [INFO] Повірка від 25.10.2024 для адреси вул. Чорновола Вячеслава, буд. 4, кв. 26 для лічильника БЕЗ НОМЕРА - 1 шт. було завершено користувачем [Коваль Людмила] з коментарем: виконано.
[01-Nov-2024 08:37:54 Europe/Helsinki] DellTASK [INFO] Повірка від 24.10.2024 для адреси вул. Освіти, буд. 10, кв. 58 для лічильника БЕЗ НОМЕРА - 2 шт. було завершено користувачем [Коваль Людмила] з коментарем: виконано.
[01-Nov-2024 08:39:12 Europe/Helsinki] NewDATA [INFO] Новий лічильник номер: 103504, тип: КВ-1,5 => DN 15, рік випуску: 2016, показники: 0, балансоутримувач: АТ "ОТКЕ" додано до БД користувачем [Сусло Тетяна].
[01-Nov-2024 08:39:13 Europe/Helsinki] EditDATA [INFO] За адресою просп. Левка Лукяненка, буд. 54, корп. А, кв. 3 користувачем [Сусло Тетяна] було додано лічильники: 095625, 103504].
[01-Nov-2024 08:42:52 Europe/Helsinki] NewDATA [INFO] Новий лічильник номер: 8371921, тип: ЛК => DN 15, рік випуску: 2018, показники: 0, балансоутримувач: КП "ВДК" додано до БД користувачем [Сусло Тетяна].
[01-Nov-2024 08:43:17 Europe/Helsinki] NewDATA [INFO] Новий лічильник номер: 094729, тип: КВ-1,5 => DN 15, рік випуску: 2004, показники: 0, балансоутримувач: АТ "ОТКЕ" додано до БД користувачем [Сусло Тетяна].
[01-Nov-2024 08:43:19 Europe/Helsinki] EditDATA [INFO] За адресою просп. Грушевського Михайла, буд. 159, кв. 43 користувачем [Сусло Тетяна] було додано лічильники: 8371921, 094729].
[01-Nov-2024 08:44:09 Europe/Helsinki] NewDATA [INFO] Новий лічильник номер: 448012, тип: КВ-1,5 => DN 15, рік випуску: 2005, показники: 0, балансоутримувач: КП "ВДК" додано до БД користувачем [Сусло Тетяна].
[01-Nov-2024 08:44:43 Europe/Helsinki] EditDATA [INFO] Для лічильника 448012 користувачем [Сусло Тетяна] змінено температуру з Холодний на Гарячий.
[01-Nov-2024 08:44:55 Europe/Helsinki] EditDATA [INFO] Для лічильника 448012 користувачем [Сусло Тетяна] змінено балансоутримувача з КП "ВДК" на АТ "ОТКЕ".
[01-Nov-2024 08:46:52 Europe/Helsinki] NewDATA [INFO] Новий лічильник номер: 440483, тип: КВ-1,5 => DN 15, рік випуску: 2005, показники: 0, балансоутримувач: КП "ВДК" додано до БД користувачем [Сусло Тетяна].
[01-Nov-2024 08:48:12 Europe/Helsinki] NewDATA [INFO] Новий лічильник номер: 447541, тип: КВ-1,5 => DN 15, рік випуску: 2005, показники: 0, балансоутримувач: КП "ВДК" додано до БД користувачем [Сусло Тетяна].
[01-Nov-2024 08:48:36 Europe/Helsinki] NewDATA [INFO] Новий лічильник номер: 453299, тип: КВ-1,5 => DN 15, рік випуску: 2005, показники: 0, балансоутримувач: АТ "ОТКЕ" додано до БД користувачем [Сусло Тетяна].
[01-Nov-2024 08:48:38 Europe/Helsinki] EditDATA [INFO] За адресою просп. Грушевського Михайла, буд. 163, кв. 64 користувачем [Сусло Тетяна] було додано лічильники: 448012, 440483, 447541, 453299].
[01-Nov-2024 08:49:26 Europe/Helsinki] NewDATA [INFO] Новий лічильник номер: 173653, тип: КВ-1,5 => DN 15, рік випуску: 2007, показники: 0, балансоутримувач: КП "ВДК" додано до БД користувачем [Сусло Тетяна].
[01-Nov-2024 08:49:50 Europe/Helsinki] NewDATA [INFO] Новий лічильник номер: 060579, тип: КВ-1,5 => DN 15, рік випуску: 2020, показники: 0, балансоутримувач: АТ "ОТКЕ" додано до БД користувачем [Сусло Тетяна].
[01-Nov-2024 08:50:14 Europe/Helsinki] NewDATA [INFO] Новий лічильник номер: 137540, тип: КВ-1,5 => DN 15, рік випуску: 2007, показники: 0, балансоутримувач: КП "ВДК" додано до БД користувачем [Сусло Тетяна].
[01-Nov-2024 08:50:35 Europe/Helsinki] NewDATA [INFO] Новий лічильник номер: 141787, тип: КВ-1,5 => DN 15, рік випуску: 2007, показники: 0, балансоутримувач: АТ "ОТКЕ" додано до БД користувачем [Сусло Тетяна].
[01-Nov-2024 08:50:37 Europe/Helsinki] EditDATA [INFO] За адресою просп. Грушевського Михайла, буд. 169, корп. 1, кв. 108 користувачем [Сусло Тетяна] було додано лічильники: 173653, 060579, 137540, 141787].
[01-Nov-2024 08:51:15 Europe/Helsinki] NewDATA [INFO] Новий лічильник номер: 405251, тип: КВ-1,5 => DN 15, рік випуску: 2002, показники: 0, балансоутримувач: КП "ВДК" додано до БД користувачем [Сусло Тетяна].
[01-Nov-2024 08:51:21 Europe/Helsinki] DellTASK [INFO] Повірка від 30.10.2024 для адреси вул. Незалежності, буд. 21, кв. 69 для лічильника БЕЗ НОМЕРА - 1 шт. було відмінено користувачем [Коваль Людмила] з коментарем: повтор.
[01-Nov-2024 08:51:37 Europe/Helsinki] NewDATA [INFO] Новий лічильник номер: 407394, тип: КВ-1,5 => DN 15, рік випуску: 2002, показники: 0, балансоутримувач: АТ "ОТКЕ" додано до БД користувачем [Сусло Тетяна].
[01-Nov-2024 08:51:38 Europe/Helsinki] EditDATA [INFO] За адресою просп. Грушевського Михайла, буд. 182, кв. 16 користувачем [Сусло Тетяна] було додано лічильники: 405251, 407394].
[01-Nov-2024 08:53:05 Europe/Helsinki] NewDATA [INFO] Новий лічильник номер: 7129795, тип: ЛК => DN 15, рік випуску: 2017, показники: 0, балансоутримувач: КП "ВДК" додано до БД користувачем [Сусло Тетяна].
[01-Nov-2024 08:53:33 Europe/Helsinki] NewDATA [INFO] Новий лічильник номер: 0200211830, тип: ЛК => DN 15, рік випуску: 2020, показники: 0, балансоутримувач: АТ "ОТКЕ" додано до БД користувачем [Сусло Тетяна].
[01-Nov-2024 08:53:40 Europe/Helsinki] EditDATA [INFO] За адресою вул. Корольова, буд. 14, кв. 1 користувачем [Сусло Тетяна] було додано лічильники: 7129795, 0200211830].
[01-Nov-2024 08:55:26 Europe/Helsinki] NewDATA [INFO] Новий лічильник номер: 007294, тип: КВ-1,5 => DN 15, рік випуску: 2019, показники: 0, балансоутримувач: КП "ВДК" додано до БД користувачем [Сусло Тетяна].
[01-Nov-2024 08:55:59 Europe/Helsinki] NewDATA [INFO] Новий лічильник номер: 005012, тип: КВ-1,5 => DN 15, рік випуску: 2019, показники: 0, балансоутримувач: АТ "ОТКЕ" додано до БД користувачем [Сусло Тетяна].
[01-Nov-2024 08:56:01 Europe/Helsinki] EditDATA [INFO] За адресою вул. Гетьмана Полуботка, буд. 80, кв. 95 користувачем [Сусло Тетяна] було додано лічильники: 007294, 005012].
[01-Nov-2024 08:56:50 Europe/Helsinki] NewDATA [INFO] Новий лічильник номер: 9200201526, тип: ЛК => DN 15, рік випуску: 2019, показники: 0, балансоутримувач: КП "ВДК" додано до БД користувачем [Сусло Тетяна].
[01-Nov-2024 08:57:27 Europe/Helsinki] NewDATA [INFO] Новий лічильник номер: 9200115426, тип: ЛК => DN 15, рік випуску: 2019, показники: 0, балансоутримувач: КП "ВДК" додано до БД користувачем [Сусло Тетяна].
[01-Nov-2024 08:57:29 Europe/Helsinki] EditDATA [INFO] За адресою вул. Мстиславська, буд. 109, кв. 49 користувачем [Сусло Тетяна] було додано лічильники: 9200201526, 9200115426].
[01-Nov-2024 08:58:26 Europe/Helsinki] NewDATA [INFO] Новий лічильник номер: 321667, тип: КВ-1,5 => DN 15, рік випуску: 2001, показники: 0, балансоутримувач: КП "ВДК" додано до БД користувачем [Сусло Тетяна].
[01-Nov-2024 08:58:28 Europe/Helsinki] EditDATA [INFO] За адресою вул. Мстиславська, буд. 56, кв. 70 користувачем [Сусло Тетяна] було додано лічильники: 321667].
[01-Nov-2024 08:59:10 Europe/Helsinki] NewDATA [INFO] Новий лічильник номер: 709153, тип: КВ-1,5 => DN 15, рік випуску: 2003, показники: 0, балансоутримувач: КП "ВДК" додано до БД користувачем [Сусло Тетяна].
[01-Nov-2024 08:59:33 Europe/Helsinki] NewDATA [INFO] Новий лічильник номер: 712799, тип: КВ-1,5 => DN 15, рік випуску: 2003, показники: 0, балансоутримувач: КП "ТКЕ" додано до БД користувачем [Сусло Тетяна].
[01-Nov-2024 08:59:35 Europe/Helsinki] EditDATA [INFO] За адресою вул. Пятницька, буд. 61, кв. 77 користувачем [Сусло Тетяна] було додано лічильники: 709153, 712799].
[01-Nov-2024 09:00:00 Europe/Helsinki] EditDATA [INFO] За адресою вул. Савчука 11, кв. 43 користувачем [Коваль Людмила] додано номер телефону +38(067)992-80-19, при створенні нової заявки [Повірка] від 01.11.2024.
[01-Nov-2024 09:00:00 Europe/Helsinki] NewDATA [INFO] Нова заявка Повірка, адреса: вул. Савчука 11, кв. 43, лічильники: БЕЗ НОМЕРА - 2 шт., вартість: 600 грн., примітки: 14-18 додано до БД користувачем [Коваль Людмила].
[2024-11-01T09:00:15.760] [INFO] DataBase - У заявці Повірка від 1 листопада 2024 р. за адресою вул. Савчука, буд. 11, кв. 43 додано виконавця ЗАПЛАНОВАНІ та додано дату виконання 7 листопада 2024 р. користувачем [Коваль Людмила].
[01-Nov-2024 09:00:18 Europe/Helsinki] NewDATA [INFO] Новий лічильник номер: 249144, тип: КВ-1,5 => DN 15, рік випуску: 2015, показники: 0, балансоутримувач: КП "ВДК" додано до БД користувачем [Сусло Тетяна].
[01-Nov-2024 09:00:42 Europe/Helsinki] NewDATA [INFO] Новий лічильник номер: 210891, тип: КВ-1,5 => DN 15, рік випуску: 2015, показники: 0, балансоутримувач: КП "ТКЕ" додано до БД користувачем [Сусло Тетяна].
[01-Nov-2024 09:00:44 Europe/Helsinki] EditDATA [INFO] За адресою вул. Пятницька, буд. 72, корп. 3, кв. 14 користувачем [Сусло Тетяна] було додано лічильники: 249144, 210891].
[01-Nov-2024 09:01:50 Europe/Helsinki] NewDATA [INFO] Новий лічильник номер: 379982, тип: КВ-1,5 => DN 15, рік випуску: 2004, показники: 0, балансоутримувач: КП "ТКЕ" додано до БД користувачем [Сусло Тетяна].
[01-Nov-2024 09:01:52 Europe/Helsinki] EditDATA [INFO] За адресою вул. Котляревського, буд. 34, кв. 112 користувачем [Сусло Тетяна] було додано лічильники: 379982].
[01-Nov-2024 09:01:52 Europe/Helsinki] EditDATA [INFO] За адресою вул. Волковича 2 корпус Б, кв. 139 користувачем [Коваль Людмила] змінені номери телефонів з +38(066)660-21-69 на +38(067)914-30-94, при створенні нової заявки [Повірка] від 01.11.2024.
[01-Nov-2024 09:01:52 Europe/Helsinki] NewDATA [INFO] Нова заявка Повірка, адреса: вул. Волковича 2 корпус Б, кв. 139, лічильники: БЕЗ НОМЕРА - 2 шт., вартість: 600 грн., примітки: 8-13,пер.за 30 хв.дом.не працює додано до БД користувачем [Коваль Людмила].
[2024-11-01T09:02:10.643] [INFO] DataBase - У заявці Повірка від 1 листопада 2024 р. за адресою вул. Волковича, буд. 2, корп. Б, кв. 139 додано виконавця ЗАПЛАНОВАНІ та додано дату виконання 6 листопада 2024 р. користувачем [Коваль Людмила].
[01-Nov-2024 09:02:46 Europe/Helsinki] NewDATA [INFO] Новий лічильник номер: 11728035, тип: ResidiaJet => DN 15, рік випуску: 2019, показники: 0, балансоутримувач: КП "ВДК" додано до БД користувачем [Сусло Тетяна].
[01-Nov-2024 09:03:13 Europe/Helsinki] NewDATA [INFO] Новий лічильник номер: 11592767, тип: ResidiaJet => DN 15, рік випуску: 2019, показники: 0, балансоутримувач: КП "ТКЕ" додано до БД користувачем [Сусло Тетяна].
[01-Nov-2024 09:03:42 Europe/Helsinki] NewDATA [INFO] Новий лічильник номер: 11728032, тип: ResidiaJet => DN 15, рік випуску: 2019, показники: 0, балансоутримувач: КП "ВДК" додано до БД користувачем [Сусло Тетяна].
[01-Nov-2024 09:04:07 Europe/Helsinki] NewDATA [INFO] Новий лічильник номер: 11592764, тип: ResidiaJet => DN 15, рік випуску: 2018, показники: 0, балансоутримувач: КП "ТКЕ" додано до БД користувачем [Сусло Тетяна].
[01-Nov-2024 09:04:08 Europe/Helsinki] EditDATA [INFO] За адресою вул. Пятницька, буд. 49, кв. 188 користувачем [Сусло Тетяна] було додано лічильники: 11728035, 11592767, 11728032, 11592764].
[01-Nov-2024 09:04:50 Europe/Helsinki] NewDATA [INFO] Новий лічильник номер: 070844, тип: КВ-1,5 => DN 15, рік випуску: 2018, показники: 0, балансоутримувач: КП "ВДК" додано до БД користувачем [Сусло Тетяна].
[01-Nov-2024 09:05:13 Europe/Helsinki] NewDATA [INFO] Новий лічильник номер: 0329672, тип: ЛК => DN 15, рік випуску: 2018, показники: 0, балансоутримувач: КП "ТКЕ" додано до БД користувачем [Сусло Тетяна].
[01-Nov-2024 09:05:33 Europe/Helsinki] NewDATA [INFO] Новий лічильник номер: 089908, тип: КВ-1,5 => DN 15, рік випуску: 2018, показники: 0, балансоутримувач: КП "ВДК" додано до БД користувачем [Сусло Тетяна].
[01-Nov-2024 09:06:23 Europe/Helsinki] NewDATA [INFO] Новий лічильник номер: 0410297, тип: ЛК => DN 15, рік випуску: 2018, показники: 0, балансоутримувач: КП "ТКЕ" додано до БД користувачем [Сусло Тетяна].
[01-Nov-2024 09:06:25 Europe/Helsinki] EditDATA [INFO] За адресою вул. Мстиславська, буд. 42, кв. 9 користувачем [Сусло Тетяна] було додано лічильники: 070844, 0329672, 089908, 0410297].
[01-Nov-2024 09:07:05 Europe/Helsinki] NewDATA [INFO] Новий лічильник номер: 0425748, тип: ЛК => DN 15, рік випуску: 2018, показники: 0, балансоутримувач: КП "ВДК" додано до БД користувачем [Сусло Тетяна].
[01-Nov-2024 09:07:36 Europe/Helsinki] NewDATA [INFO] Новий лічильник номер: 667040, тип: КВ-1,5 => DN 15, рік випуску: 2004, показники: 0, балансоутримувач: КП "ТКЕ" додано до БД користувачем [Сусло Тетяна].
[01-Nov-2024 09:07:38 Europe/Helsinki] EditDATA [INFO] За адресою вул. Мстиславська, буд. 47, кв. 71 користувачем [Сусло Тетяна] було додано лічильники: 0425748, 667040].
[01-Nov-2024 09:12:56 Europe/Helsinki] NewDATA [INFO] Нова заявка Повірка, адреса: вул. Льотна 25 корпус А, кв. 10, лічильники: БЕЗ НОМЕРА - 1 шт., вартість: 300 грн., примітки: 14-18 додано до БД користувачем [Коваль Людмила].
[2024-11-01T09:13:19.177] [INFO] DataBase - У заявці Повірка від 1 листопада 2024 р. за адресою вул. Льотна, буд. 25, корп. А, кв. 10 додано виконавця ЗАПЛАНОВАНІ та додано дату виконання 6 листопада 2024 р. користувачем [Коваль Людмила].
[01-Nov-2024 09:16:00 Europe/Helsinki] DellTASK [INFO] Повірка від 23.10.2024 для адреси вул. Любецька, буд. 7, кв. 125 для лічильника БЕЗ НОМЕРА - 2 шт. було завершено користувачем [Коваль Людмила] з коментарем: виконано.
[01-Nov-2024 09:16:18 Europe/Helsinki] DellTASK [INFO] Повірка від 24.10.2024 для адреси просп. Перемоги, буд. 162, кв. 75 для лічильника БЕЗ НОМЕРА - 2 шт. було завершено користувачем [Коваль Людмила] з коментарем: виконано.
[01-Nov-2024 09:32:01 Europe/Helsinki] EditDATA [INFO] За адресою вул. Генерала Пухова 144, кв. 92 користувачем [Сміян Альона] змінені номери телефонів з +38(050)383-63-18 на +38(050)414-07-22, при створенні нової заявки [Повірка] від 01.11.2024.
[01-Nov-2024 09:32:02 Europe/Helsinki] NewDATA [INFO] Нова заявка Повірка, адреса: вул. Генерала Пухова 144, кв. 92, лічильники: БЕЗ НОМЕРА - 2 шт., вартість: 600 грн., примітки: 14-18 30хв от Маши додано до БД користувачем [Сміян Альона].
[2024-11-01T09:32:10.012] [INFO] DataBase - У заявці Повірка від 1 листопада 2024 р. за адресою вул. Генерала Пухова, буд. 144, кв. 92 додано виконавця ЗАПЛАНОВАНІ та додано дату виконання 5 листопада 2024 р. користувачем [Сміян Альона].
[01-Nov-2024 09:32:35 Europe/Helsinki] NewDATA [INFO] Нова заявка Повірка, адреса: вул. Мезенцева Юрія 80, кв. 68, лічильники: БЕЗ НОМЕРА - 1 шт., вартість: 300 грн., примітки: 13-18 додано до БД користувачем [Сусло Тетяна].
[01-Nov-2024 09:33:18 Europe/Helsinki] NewDATA [INFO] Нова заявка Повірка, адреса: вул. Рятувальників 35, кв. 81, лічильники: БЕЗ НОМЕРА - 2 шт., вартість: 600 грн., примітки: 8-13 додано до БД користувачем [Сусло Тетяна].
[2024-11-01T09:33:24.864] [INFO] DataBase - У заявці Повірка від 1 листопада 2024 р. за адресою вул. Рятувальників, буд. 35, кв. 81 додано виконавця ЗАПЛАНОВАНІ та додано дату виконання 7 листопада 2024 р. користувачем [Сусло Тетяна].
[2024-11-01T09:33:26.447] [INFO] DataBase - У заявці Повірка від 1 листопада 2024 р. за адресою вул. Мезенцева Юрія, буд. 80, кв. 68 додано виконавця ЗАПЛАНОВАНІ та додано дату виконання 7 листопада 2024 р. користувачем [Сусло Тетяна].
[01-Nov-2024 09:47:51 Europe/Helsinki] NewDATA [INFO] Нова адреса просп. Миру, буд. 80, кв. 198, тел. +38 (093) 508-43-08 додана до БД користувачем [Сусло Тетяна].
[01-Nov-2024 09:48:29 Europe/Helsinki] NewDATA [INFO] Нова заявка Повірка, адреса: просп. Миру 80, кв. 198, лічильники: БЕЗ НОМЕРА - 1 шт., вартість: 300 грн. додано до БД користувачем [Сусло Тетяна].
[2024-11-01T09:48:38.146] [INFO] DataBase - У заявці Повірка від 1 листопада 2024 р. за адресою просп. Миру, буд. 80, кв. 198 додано виконавця Сірий та додано дату виконання 1 листопада 2024 р. користувачем [Сусло Тетяна].
[01-Nov-2024 10:24:18 Europe/Helsinki] DellTASK [INFO] Повірка від 25.10.2024 для адреси просп. Перемоги, буд. 52, кв. 3 для лічильника БЕЗ НОМЕРА - 2 шт. було завершено користувачем [Коваль Людмила] з коментарем: виконано.
[01-Nov-2024 10:24:32 Europe/Helsinki] DellTASK [INFO] Повірка від 25.10.2024 для адреси просп. Перемоги, буд. 67, кв. 9 для лічильника БЕЗ НОМЕРА - 4 шт. було завершено користувачем [Коваль Людмила] з коментарем: виконано.
[01-Nov-2024 10:25:29 Europe/Helsinki] NewDATA [INFO] Новий лічильник номер: 009527, тип: КВ-1,5 => DN 15, рік випуску: 2011, показники: 0, балансоутримувач: КП "ВДК" додано до БД користувачем [Коваль Людмила].
[01-Nov-2024 10:26:00 Europe/Helsinki] NewDATA [INFO] Новий лічильник номер: 392607, тип: КВ-1,5 => DN 15, рік випуску: 2011, показники: 0, балансоутримувач: КП "ТКЕ" додано до БД користувачем [Коваль Людмила].
[01-Nov-2024 10:26:06 Europe/Helsinki] EditDATA [INFO] За адресою просп. Перемоги, буд. 52, кв. 3 користувачем [Коваль Людмила] було додано лічильники: 009527, 392607].
[01-Nov-2024 10:52:45 Europe/Helsinki] NewDATA [INFO] Нова заявка Повірка, адреса: вул. Попова 31 корпус В, кв. 317, лічильники: БЕЗ НОМЕРА - 1 шт., вартість: 300 грн., примітки: 14-18 додано до БД користувачем [Сусло Тетяна].
[2024-11-01T10:52:53.703] [INFO] DataBase - У заявці Повірка від 1 листопада 2024 р. за адресою вул. Попова, буд. 31, корп. В, кв. 317 додано виконавця ЗАПЛАНОВАНІ та додано дату виконання 6 листопада 2024 р. користувачем [Сусло Тетяна].
[01-Nov-2024 11:00:45 Europe/Helsinki] NewDATA [INFO] Нова заявка Заміна, адреса: вул. Красносільського 49, кв. 25, лічильники: БЕЗ НОМЕРА - 1 шт., виконавець: Баранов, вартість: 350 грн., примітки: 8-13, 1 хв, туалет додано до БД користувачем [Сусло Тетяна].
[2024-11-01T11:00:49.597] [INFO] DataBase - У заявці Заміна від 1 листопада 2024 р. за адресою вул. Красносільського, буд. 49, кв. 25 додано дату виконання 4 листопада 2024 р. користувачем [Сусло Тетяна].
[01-Nov-2024 11:04:00 Europe/Helsinki] NewDATA [INFO] Нова заявка Заміна, адреса: вул. Нафтовиків 1, кв. 5, лічильники: БЕЗ НОМЕРА - 1 шт., вартість: 1060 грн., примітки: 1х/в 050313 8-13 30хв додано до БД користувачем [Сміян Альона].
[2024-11-01T11:04:13.232] [INFO] DataBase - У заявці Заміна від 1 листопада 2024 р. за адресою вул. Нафтовиків, буд. 1, кв. 5 додано виконавця Баранов та додано дату виконання 4 листопада 2024 р. користувачем [Сміян Альона].
[01-Nov-2024 11:08:03 Europe/Helsinki] NewDATA [INFO] Нова заявка Заміна, адреса: вул. Незалежності 72, кв. 51, лічильники: БЕЗ НОМЕРА - 1 шт., вартість: 1060 грн., примітки: 1х/в 037521 9-13 30хв додано до БД користувачем [Сміян Альона].
[2024-11-01T11:08:07.609] [INFO] DataBase - У заявці Заміна від 1 листопада 2024 р. за адресою вул. Незалежності, буд. 72, кв. 51 додано виконавця Баранов та додано дату виконання 4 листопада 2024 р. користувачем [Сміян Альона].
[2024-11-01T11:08:22.651] [INFO] DataBase - У заявці Заміна від 1 листопада 2024 р. за адресою вул. Красносільського, буд. 49, кв. 25 видалено дату виконання 4 листопада 2024 р. користувачем [Сусло Тетяна].
[2024-11-01T11:08:25.856] [INFO] DataBase - У заявці Заміна від 1 листопада 2024 р. за адресою вул. Красносільського, буд. 49, кв. 25 додано дату виконання 7 листопада 2024 р. користувачем [Сусло Тетяна].
[01-Nov-2024 11:08:35 Europe/Helsinki] EditDATA [INFO] Для заявки Заміна від 01.11.2024 користувачем [Сусло Тетяна] змінено примітки з 8-13, 1 хв, туалет на 13-17 1 хв, туалет.
[01-Nov-2024 11:10:42 Europe/Helsinki] EditDATA [INFO] За адресою просп. Перемоги 191, кв. 61 користувачем [Сміян Альона] змінені номери телефонів з +38(096)972-60-46, +38(098)931-34-50 на +38(098)931-34-50, при створенні нової заявки [Повірка] від 01.11.2024.
[01-Nov-2024 11:10:42 Europe/Helsinki] NewDATA [INFO] Нова заявка Повірка, адреса: просп. Перемоги 191, кв. 61, лічильники: БЕЗ НОМЕРА - 1 шт., вартість: 300 грн., примітки: 14-18 30хв додано до БД користувачем [Сміян Альона].
[2024-11-01T11:10:50.147] [INFO] DataBase - У заявці Повірка від 1 листопада 2024 р. за адресою просп. Перемоги, буд. 191, кв. 61 додано виконавця ЗАПЛАНОВАНІ та додано дату виконання 5 листопада 2024 р. користувачем [Сміян Альона].
[01-Nov-2024 11:10:57 Europe/Helsinki] EditDATA [INFO] Для заявки Повірка від 25.10.2024 користувачем [Коваль Людмила] змінено виконавця з Шкуліпа на Осипенко.
[01-Nov-2024 11:13:38 Europe/Helsinki] EditDATA [INFO] За адресою вул. Музична 2, кв. 14 користувачем [Коваль Людмила] змінені номери телефонів з +38(097)358-51-77 на +38(097)358-51-77, +38(096)486-52-11, при створенні нової заявки [Повірка] від 01.11.2024.
[01-Nov-2024 11:13:38 Europe/Helsinki] NewDATA [INFO] Нова заявка Повірка, адреса: вул. Музична 2, кв. 14, лічильники: БЕЗ НОМЕРА - 2 шт., вартість: 600 грн., примітки: 8-13,2хв додано до БД користувачем [Коваль Людмила].
[2024-11-01T11:13:55.248] [INFO] DataBase - У заявці Повірка від 1 листопада 2024 р. за адресою вул. Музична, буд. 2, кв. 14 додано виконавця ЗАПЛАНОВАНІ та додано дату виконання 11 листопада 2024 р. користувачем [Коваль Людмила].
[2024-11-01T11:14:55.454] [INFO] DataBase - У заявці Заміна від 30 вересня 2024 р. за адресою просп. Миру, буд. 143, корп. А, кв. 3 додано дату виконання 4 листопада 2024 р. користувачем [Сміян Альона].
[01-Nov-2024 11:15:27 Europe/Helsinki] NewDATA [INFO] Нова адреса вул. Хлібопекарська, буд. 16, кв. 36, тел. +38 (068) 475-92-87 додана до БД користувачем [Коваль Людмила].
[01-Nov-2024 11:15:28 Europe/Helsinki] EditDATA [INFO] Для заявки Заміна від 30.09.2024 користувачем [Сміян Альона] змінено примітки з 12-17 30хв на 1г/в 12-17 30хв.
[01-Nov-2024 11:15:41 Europe/Helsinki] EditDATA [INFO] Для заявки Заміна від 30.09.2024 користувачем [Сміян Альона] змінено вартість робіт з 700 грн. на 350 грн.
[01-Nov-2024 11:17:59 Europe/Helsinki] DellTASK [INFO] Заміна від 30.09.2024 для адреси вул. Мстиславська, буд. 173, кв. 32 для лічильника БЕЗ НОМЕРА - 1 шт. було відмінено користувачем [Сміян Альона] з коментарем: відміна.
[2024-11-01T11:21:27.451] [INFO] DataBase - У заявці Повірка від 30 жовтня 2024 р. за адресою вул. Самострова, буд. 9, кв. 201 видалено дату виконання 5 листопада 2024 р. користувачем [Сміян Альона].
[2024-11-01T11:21:39.403] [INFO] DataBase - У заявці Повірка від 30 жовтня 2024 р. за адресою вул. Самострова, буд. 9, кв. 201 додано дату виконання 8 листопада 2024 р. користувачем [Сміян Альона].
[01-Nov-2024 11:22:13 Europe/Helsinki] EditDATA [INFO] Для заявки Повірка від 30.10.2024 користувачем [Сміян Альона] змінено примітки з 13-17 1час на 10-13 30хв.
[01-Nov-2024 11:22:58 Europe/Helsinki] NewDATA [INFO] Нова заявка Повірка, адреса: вул. Хлібопекарська 16, кв. 36, лічильники: БЕЗ НОМЕРА - 2 шт., вартість: 600 грн., примітки: 16-18 додано до БД користувачем [Коваль Людмила].
[01-Nov-2024 11:24:30 Europe/Helsinki] EditDATA [INFO] За адресою просп. Перемоги 60, кв. 76 користувачем [Коваль Людмила] змінені номери телефонів з +38(067)329-45-77 на +38(067)329-45-77, +38(097)912-62-88, при створенні нової заявки [Повірка] від 01.11.2024.
[01-Nov-2024 11:24:30 Europe/Helsinki] NewDATA [INFO] Нова заявка Повірка, адреса: просп. Перемоги 60, кв. 76, лічильники: БЕЗ НОМЕРА - 1 шт., вартість: 300 грн., примітки: 13-16,пер.за 30 хв. додано до БД користувачем [Коваль Людмила].
[2024-11-01T11:24:46.097] [INFO] DataBase - У заявці Повірка від 1 листопада 2024 р. за адресою просп. Перемоги, буд. 60, кв. 76 додано виконавця ЗАПЛАНОВАНІ та додано дату виконання 7 листопада 2024 р. користувачем [Коваль Людмила].
[01-Nov-2024 11:28:36 Europe/Helsinki] EditDATA [INFO] За адресою просп. Перемоги 56, кв. 35 користувачем [Коваль Людмила] змінені номери телефонів з +38(097)899-74-66 на +38(097)899-74-66, +38(097)853-48-32, при створенні нової заявки [Повірка] від 01.11.2024.
[01-Nov-2024 11:28:36 Europe/Helsinki] NewDATA [INFO] Нова заявка Повірка, адреса: просп. Перемоги 56, кв. 35, лічильники: БЕЗ НОМЕРА - 1 шт., вартість: 300 грн., примітки: 13-17 додано до БД користувачем [Коваль Людмила].
[01-Nov-2024 11:29:28 Europe/Helsinki] NewDATA [INFO] Нова заявка Повірка, адреса: вул. Мезенцева Юрія 80, кв. 6, лічильники: БЕЗ НОМЕРА - 2 шт., вартість: 600 грн., примітки: на вечір додано до БД користувачем [Коваль Людмила].
[2024-11-01T11:29:50.399] [INFO] DataBase - У заявці Повірка від 1 листопада 2024 р. за адресою просп. Перемоги, буд. 56, кв. 35 додано виконавця ЗАПЛАНОВАНІ та додано дату виконання 7 листопада 2024 р. користувачем [Коваль Людмила].
[2024-11-01T11:30:12.983] [INFO] DataBase - У заявці Повірка від 1 листопада 2024 р. за адресою вул. Мезенцева Юрія, буд. 80, кв. 6 додано виконавця Шкуліпа та додано дату виконання 1 листопада 2024 р. користувачем [Коваль Людмила].
[01-Nov-2024 11:38:03 Europe/Helsinki] EditDATA [INFO] Для заявки Повірка від 23.10.2024 користувачем [Сусло Тетяна] змінено примітки з 8-13 на 12-17, за 30 хв.
[2024-11-01T11:38:49.374] [INFO] DataBase - У заявці Повірка від 25 жовтня 2024 р. за адресою вул. Ушинського, буд. 8, кв. 125 видалено дату виконання 6 листопада 2024 р. користувачем [Сусло Тетяна].
[2024-11-01T11:39:10.327] [INFO] DataBase - У заявці Повірка від 25 жовтня 2024 р. за адресою вул. Ушинського, буд. 8, кв. 125 додано дату виконання 2 листопада 2024 р. користувачем [Сусло Тетяна].
[01-Nov-2024 11:39:49 Europe/Helsinki] EditDATA [INFO] Для заявки Повірка від 25.10.2024 користувачем [Сусло Тетяна] змінено примітки з 8-10, за 15 хв, переносился на на протязі дня, за 1 год, переносился.
[01-Nov-2024 11:46:10 Europe/Helsinki] EditDATA [INFO] За адресою вул. Самострова 22, кв. 123 користувачем [Коваль Людмила] змінені номери телефонів з +38(094)896-28-83, +38(063)495-61-05 на +38(068)813-64-43, при створенні нової заявки [Повірка] від 01.11.2024.
[01-Nov-2024 11:46:10 Europe/Helsinki] NewDATA [INFO] Нова заявка Повірка, адреса: вул. Самострова 22, кв. 123, лічильники: БЕЗ НОМЕРА - 4 шт., вартість: 1200 грн., примітки: 13--17,пер.за 30 хв додано до БД користувачем [Коваль Людмила].
[2024-11-01T11:46:28.389] [INFO] DataBase - У заявці Повірка від 1 листопада 2024 р. за адресою вул. Самострова, буд. 22, кв. 123 додано виконавця ЗАПЛАНОВАНІ та додано дату виконання 5 листопада 2024 р. користувачем [Коваль Людмила].
[01-Nov-2024 11:47:45 Europe/Helsinki] EditDATA [INFO] За адресою вул. Котляревського 4, кв. 27 користувачем [Коваль Людмила] змінені номери телефонів з +38(0462)66-10-00, +38(094)896-28-83, +38(063)495-61-05 на +38(068)813-64-43, при створенні нової заявки [Повірка] від 01.11.2024.
[01-Nov-2024 11:47:45 Europe/Helsinki] NewDATA [INFO] Нова заявка Повірка, адреса: вул. Котляревського 4, кв. 27, лічильники: БЕЗ НОМЕРА - 2 шт., вартість: 600 грн., примітки: 13-17(самос22-123один хоз) додано до БД користувачем [Коваль Людмила].
[2024-11-01T11:48:43.317] [INFO] DataBase - У заявці Повірка від 1 листопада 2024 р. за адресою вул. Котляревського, буд. 4, кв. 27 додано виконавця ЗАПЛАНОВАНІ та додано дату виконання 5 листопада 2024 р. користувачем [Коваль Людмила].
[01-Nov-2024 13:10:15 Europe/Helsinki] NewDATA [INFO] Нова адреса просп. Перемоги, буд. 71, кв. 12, тел. +38 (096) 150-53-05 додана до БД користувачем [Коваль Людмила].
[01-Nov-2024 13:10:47 Europe/Helsinki] NewDATA [INFO] Нова заявка Повірка, адреса: просп. Перемоги 71, кв. 12, лічильники: БЕЗ НОМЕРА - 4 шт., вартість: 1200 грн., примітки: 13-17 додано до БД користувачем [Коваль Людмила].
[2024-11-01T13:11:00.809] [INFO] DataBase - У заявці Повірка від 1 листопада 2024 р. за адресою просп. Перемоги, буд. 71, кв. 12 додано виконавця ЗАПЛАНОВАНІ та додано дату виконання 7 листопада 2024 р. користувачем [Коваль Людмила].
[01-Nov-2024 13:11:53 Europe/Helsinki] NewDATA [INFO] Новий лічильник номер: 058479, тип: КВ-1,5 => DN 15, рік випуску: 2010, показники: 0, балансоутримувач: КП "ВДК" додано до БД користувачем [Коваль Людмила].
[01-Nov-2024 13:12:23 Europe/Helsinki] NewDATA [INFO] Новий лічильник номер: 011259, тип: КВ-1,5 => DN 15, рік випуску: 2010, показники: 0, балансоутримувач: КП "ТКЕ" додано до БД користувачем [Коваль Людмила].
[01-Nov-2024 13:12:48 Europe/Helsinki] NewDATA [INFO] Новий лічильник номер: 102127, тип: КВ-1,5 => DN 15, рік випуску: 2010, показники: 0, балансоутримувач: КП "ВДК" додано до БД користувачем [Коваль Людмила].
[01-Nov-2024 13:13:11 Europe/Helsinki] NewDATA [INFO] Новий лічильник номер: 011723, тип: КВ-1,5 => DN 15, рік випуску: 2010, показники: 0, балансоутримувач: КП "ТКЕ" додано до БД користувачем [Коваль Людмила].
[01-Nov-2024 13:13:14 Europe/Helsinki] EditDATA [INFO] За адресою просп. Перемоги, буд. 67, кв. 9 користувачем [Коваль Людмила] було додано лічильники: 058479, 011259, 102127, 011723].
[01-Nov-2024 13:16:33 Europe/Helsinki] NewDATA [INFO] Новий лічильник номер: 027511, тип: КВ-1,5 => DN 15, рік випуску: 2001, показники: 0, балансоутримувач: КП "ВДК" додано до БД користувачем [Коваль Людмила].
[01-Nov-2024 13:16:59 Europe/Helsinki] NewDATA [INFO] Новий лічильник номер: 018935, тип: КВ-1,5 => DN 15, рік випуску: 2001, показники: 0, балансоутримувач: КП "ТКЕ" додано до БД користувачем [Коваль Людмила].
[01-Nov-2024 13:17:01 Europe/Helsinki] EditDATA [INFO] За адресою вул. Мазепи Івана, буд. 11, кв. 91 користувачем [Коваль Людмила] було додано лічильники: 027511, 018935].
[01-Nov-2024 13:17:47 Europe/Helsinki] NewDATA [INFO] Новий лічильник номер: 187911, тип: КВ-1,5 => DN 15, рік випуску: 2012, показники: 0, балансоутримувач: КП "ВДК" додано до БД користувачем [Коваль Людмила].
[01-Nov-2024 13:17:49 Europe/Helsinki] EditDATA [INFO] За адресою вул. Любецька, буд. 7, кв. 125 користувачем [Коваль Людмила] було додано лічильники: 187911].
[01-Nov-2024 13:18:34 Europe/Helsinki] NewDATA [INFO] Новий лічильник номер: 475923, тип: КВ-1,5 => DN 15, рік випуску: 2002, показники: 0, балансоутримувач: КП "ВДК" додано до БД користувачем [Коваль Людмила].
[01-Nov-2024 13:18:59 Europe/Helsinki] NewDATA [INFO] Новий лічильник номер: 465642, тип: КВ-1,5 => DN 15, рік випуску: 2002, показники: 0, балансоутримувач: КП "ТКЕ" додано до БД користувачем [Коваль Людмила].
[01-Nov-2024 13:19:02 Europe/Helsinki] EditDATA [INFO] За адресою вул. Чорновола Вячеслава, буд. 32, кв. 74 користувачем [Коваль Людмила] було додано лічильники: 475923, 465642].
[01-Nov-2024 13:19:47 Europe/Helsinki] NewDATA [INFO] Новий лічильник номер: 603853, тип: КВ-1,5 => DN 15, рік випуску: 2001, показники: 0, балансоутримувач: КП "ВДК" додано до БД користувачем [Коваль Людмила].
[01-Nov-2024 13:19:49 Europe/Helsinki] EditDATA [INFO] За адресою вул. Чорновола Вячеслава, буд. 4, кв. 26 користувачем [Коваль Людмила] було додано лічильники: 603853].
[01-Nov-2024 13:22:43 Europe/Helsinki] NewDATA [INFO] Новий лічильник номер: 161962, тип: КВ-1,5 => DN 15, рік випуску: 2014, показники: 0, балансоутримувач: КП "ВДК" додано до БД користувачем [Коваль Людмила].
[01-Nov-2024 13:23:13 Europe/Helsinki] NewDATA [INFO] Новий лічильник номер: 159844, тип: КВ-1,5 => DN 15, рік випуску: 2014, показники: 0, балансоутримувач: КП "ТКЕ" додано до БД користувачем [Коваль Людмила].
[01-Nov-2024 13:30:21 Europe/Helsinki] NewDATA [INFO] Новий лічильник номер: 150427, тип: КВ-1,5 => DN 15, рік випуску: 2015, показники: 0, балансоутримувач: КП "ВДК" додано до БД користувачем [Коваль Людмила].
[01-Nov-2024 13:30:52 Europe/Helsinki] NewDATA [INFO] Новий лічильник номер: 024327, тип: КВ-1,5 => DN 15, рік випуску: 2019, показники: 0, балансоутримувач: АТ "ОТКЕ" додано до БД користувачем [Коваль Людмила].
[01-Nov-2024 13:30:54 Europe/Helsinki] EditDATA [INFO] За адресою вул. Шевченка, буд. 108, кв. 46 користувачем [Коваль Людмила] було додано лічильники: 150427, 024327].
[01-Nov-2024 13:44:00 Europe/Helsinki] NewDATA [INFO] Новий лічильник номер: 00561482, тип: E-T 1,6-U => DN 15, рік випуску: 2020, показники: 0, балансоутримувач: КП "ВДК" додано до БД користувачем [Коваль Людмила].
[01-Nov-2024 13:44:33 Europe/Helsinki] NewDATA [INFO] Новий лічильник номер: 9200218540, тип: ЛК => DN 15, рік випуску: 2019, показники: 0, балансоутримувач: АТ "ОТКЕ" додано до БД користувачем [Коваль Людмила].
[01-Nov-2024 13:44:35 Europe/Helsinki] EditDATA [INFO] За адресою просп. Перемоги, буд. 166, кв. 55 користувачем [Коваль Людмила] було додано лічильники: 00561482, 9200218540].
[01-Nov-2024 13:45:27 Europe/Helsinki] NewDATA [INFO] Новий лічильник номер: 11593819, тип: ResidiaJet => DN 15, рік випуску: 2018, показники: 0, балансоутримувач: КП "ВДК" додано до БД користувачем [Коваль Людмила].
[01-Nov-2024 13:45:40 Europe/Helsinki] EditDATA [INFO] За адресою просп. Перемоги, буд. 162, кв. 75 користувачем [Коваль Людмила] було додано лічильники: 11593819].
[01-Nov-2024 13:46:56 Europe/Helsinki] NewDATA [INFO] Новий лічильник номер: 11593037, тип: ResidiaJet => DN 15, рік випуску: 2018, показники: 0, балансоутримувач: АТ "ОТКЕ" додано до БД користувачем [Коваль Людмила].
[01-Nov-2024 13:46:58 Europe/Helsinki] EditDATA [INFO] За адресою просп. Перемоги, буд. 162, кв. 75 користувачем [Коваль Людмила] було додано лічильники: 11593037].
[01-Nov-2024 13:48:12 Europe/Helsinki] NewDATA [INFO] Новий лічильник номер: 5611894, тип: КВ-1,5 => DN 15, рік випуску: 2016, показники: 0, балансоутримувач: КП "ВДК" додано до БД користувачем [Коваль Людмила].
[01-Nov-2024 13:48:47 Europe/Helsinki] NewDATA [INFO] Новий лічильник номер: 6819407, тип: КВ-1,5 => DN 15, рік випуску: 2016, показники: 0, балансоутримувач: АТ "ОТКЕ" додано до БД користувачем [Коваль Людмила].
[01-Nov-2024 13:50:35 Europe/Helsinki] EditDATA [INFO] Для заявки Повірка від 31.10.2024 користувачем [Коваль Людмила] змінено виконавця з ЗАПЛАНОВАНІ на Шкуліпа.
[01-Nov-2024 13:50:49 Europe/Helsinki] EditDATA [INFO] Для заявки Повірка від 30.10.2024 користувачем [Коваль Людмила] змінено виконавця з ЗАПЛАНОВАНІ на Шкуліпа.
[01-Nov-2024 13:51:09 Europe/Helsinki] EditDATA [INFO] Для заявки Повірка від 30.10.2024 користувачем [Коваль Людмила] змінено виконавця з ЗАПЛАНОВАНІ на Шкуліпа.
[01-Nov-2024 13:51:19 Europe/Helsinki] EditDATA [INFO] Для заявки Повірка від 29.10.2024 користувачем [Коваль Людмила] змінено виконавця з ЗАПЛАНОВАНІ на Шкуліпа.
[01-Nov-2024 13:51:32 Europe/Helsinki] EditDATA [INFO] Для заявки Повірка від 29.10.2024 користувачем [Коваль Людмила] змінено виконавця з ЗАПЛАНОВАНІ на Шкуліпа.
[01-Nov-2024 13:51:43 Europe/Helsinki] EditDATA [INFO] Для заявки Повірка від 29.10.2024 користувачем [Коваль Людмила] змінено виконавця з ЗАПЛАНОВАНІ на Шкуліпа.
[01-Nov-2024 13:53:09 Europe/Helsinki] EditDATA [INFO] Для заявки Повірка від 29.10.2024 користувачем [Коваль Людмила] змінено виконавця з ЗАПЛАНОВАНІ на Богомаз.
[01-Nov-2024 13:53:26 Europe/Helsinki] EditDATA [INFO] Для заявки Повірка від 29.10.2024 користувачем [Коваль Людмила] змінено виконавця з ЗАПЛАНОВАНІ на Богомаз.
[01-Nov-2024 13:53:39 Europe/Helsinki] EditDATA [INFO] Для заявки Повірка від 28.10.2024 користувачем [Коваль Людмила] змінено виконавця з ЗАПЛАНОВАНІ на Богомаз.
[01-Nov-2024 13:54:15 Europe/Helsinki] EditDATA [INFO] Для заявки Повірка від 28.10.2024 користувачем [Коваль Людмила] змінено виконавця з ЗАПЛАНОВАНІ на Богомаз.
[01-Nov-2024 13:54:31 Europe/Helsinki] EditDATA [INFO] Для заявки Повірка від 31.10.2024 користувачем [Коваль Людмила] змінено виконавця з ЗАПЛАНОВАНІ на Ващенко.
[01-Nov-2024 13:54:48 Europe/Helsinki] EditDATA [INFO] Для заявки Повірка від 30.10.2024 користувачем [Коваль Людмила] змінено виконавця з ЗАПЛАНОВАНІ на Ващенко.
[01-Nov-2024 13:55:02 Europe/Helsinki] EditDATA [INFO] Для заявки Повірка від 29.10.2024 користувачем [Коваль Людмила] змінено виконавця з ЗАПЛАНОВАНІ на Ващенко.
[01-Nov-2024 13:55:13 Europe/Helsinki] EditDATA [INFO] Для заявки Повірка від 29.10.2024 користувачем [Коваль Людмила] змінено виконавця з ЗАПЛАНОВАНІ на Ващенко.
[01-Nov-2024 13:55:25 Europe/Helsinki] EditDATA [INFO] Для заявки Повірка від 28.10.2024 користувачем [Коваль Людмила] змінено виконавця з ЗАПЛАНОВАНІ на Ващенко.
[01-Nov-2024 13:55:59 Europe/Helsinki] EditDATA [INFO] Для заявки Повірка від 28.10.2024 користувачем [Коваль Людмила] змінено виконавця з ЗАПЛАНОВАНІ на Ващенко.
[01-Nov-2024 13:56:13 Europe/Helsinki] EditDATA [INFO] Для заявки Повірка від 25.10.2024 користувачем [Коваль Людмила] змінено виконавця з ЗАПЛАНОВАНІ на Ващенко.
[01-Nov-2024 13:56:25 Europe/Helsinki] EditDATA [INFO] Для заявки Повірка від 28.10.2024 користувачем [Коваль Людмила] змінено виконавця з ЗАПЛАНОВАНІ на Ващенко.
[01-Nov-2024 13:56:38 Europe/Helsinki] EditDATA [INFO] Для заявки Повірка від 25.10.2024 користувачем [Коваль Людмила] змінено виконавця з ЗАПЛАНОВАНІ на Ващенко.
[01-Nov-2024 13:56:51 Europe/Helsinki] EditDATA [INFO] Для заявки Повірка від 24.10.2024 користувачем [Коваль Людмила] змінено виконавця з ЗАПЛАНОВАНІ на Ващенко.
[01-Nov-2024 14:01:57 Europe/Helsinki] EditDATA [INFO] Для заявки Повірка від 25.10.2024 користувачем [Коваль Людмила] змінено виконавця з ЗАПЛАНОВАНІ на Осипенко.
[01-Nov-2024 14:03:15 Europe/Helsinki] EditDATA [INFO] Для заявки Повірка від 29.10.2024 користувачем [Коваль Людмила] змінено виконавця з ЗАПЛАНОВАНІ на Осипенко.
[01-Nov-2024 14:04:00 Europe/Helsinki] EditDATA [INFO] Для заявки Повірка від 29.10.2024 користувачем [Коваль Людмила] змінено виконавця з ЗАПЛАНОВАНІ на Осипенко.
[01-Nov-2024 14:04:24 Europe/Helsinki] EditDATA [INFO] Для заявки Повірка від 29.10.2024 користувачем [Коваль Людмила] змінено виконавця з ЗАПЛАНОВАНІ на Осипенко.
[01-Nov-2024 14:04:41 Europe/Helsinki] EditDATA [INFO] Для заявки Повірка від 30.10.2024 користувачем [Коваль Людмила] змінено виконавця з ЗАПЛАНОВАНІ на Осипенко.
[01-Nov-2024 14:05:06 Europe/Helsinki] EditDATA [INFO] Для заявки Повірка від 24.10.2024 користувачем [Коваль Людмила] змінено виконавця з ЗАПЛАНОВАНІ на Осипенко.
[01-Nov-2024 14:05:24 Europe/Helsinki] EditDATA [INFO] Для заявки Повірка від 24.10.2024 користувачем [Коваль Людмила] змінено виконавця з ЗАПЛАНОВАНІ на Осипенко.
[01-Nov-2024 14:05:37 Europe/Helsinki] EditDATA [INFO] Для заявки Повірка від 29.10.2024 користувачем [Коваль Людмила] змінено виконавця з ЗАПЛАНОВАНІ на Сірий.
[01-Nov-2024 14:05:48 Europe/Helsinki] EditDATA [INFO] Для заявки Повірка від 28.10.2024 користувачем [Коваль Людмила] змінено виконавця з ЗАПЛАНОВАНІ на Сірий.
[01-Nov-2024 14:06:00 Europe/Helsinki] EditDATA [INFO] Для заявки Повірка від 25.10.2024 користувачем [Коваль Людмила] змінено виконавця з ЗАПЛАНОВАНІ на Сірий.
[01-Nov-2024 14:06:11 Europe/Helsinki] EditDATA [INFO] Для заявки Повірка від 24.10.2024 користувачем [Коваль Людмила] змінено виконавця з ЗАПЛАНОВАНІ на Сірий.
[01-Nov-2024 14:07:52 Europe/Helsinki] EditDATA [INFO] Для заявки Повірка від 28.10.2024 користувачем [Коваль Людмила] змінено виконавця з ЗАПЛАНОВАНІ на Шкуліпа.
[01-Nov-2024 14:08:10 Europe/Helsinki] EditDATA [INFO] Для заявки Повірка від 23.10.2024 користувачем [Коваль Людмила] змінено виконавця з ЗАПЛАНОВАНІ на Шкуліпа.
[01-Nov-2024 14:09:06 Europe/Helsinki] EditDATA [INFO] Для заявки Повірка від 28.10.2024 користувачем [Коваль Людмила] змінено виконавця з ЗАПЛАНОВАНІ на Шкуліпа.
[01-Nov-2024 14:10:05 Europe/Helsinki] EditDATA [INFO] Для заявки Повірка від 28.10.2024 користувачем [Коваль Людмила] змінено виконавця з ЗАПЛАНОВАНІ на Сірий.
[01-Nov-2024 14:10:27 Europe/Helsinki] EditDATA [INFO] Для заявки Повірка від 28.10.2024 користувачем [Коваль Людмила] змінено виконавця з ЗАПЛАНОВАНІ на Сірий.
[01-Nov-2024 14:16:42 Europe/Helsinki] EditDATA [INFO] Для заявки Повірка від 23.10.2024 користувачем [Коваль Людмила] змінено виконавця з ЗАПЛАНОВАНІ на Осипенко.
[01-Nov-2024 14:16:58 Europe/Helsinki] EditDATA [INFO] Для заявки Повірка від 23.10.2024 користувачем [Коваль Людмила] змінено виконавця з ЗАПЛАНОВАНІ на Осипенко.
[01-Nov-2024 14:19:57 Europe/Helsinki] NewDATA [INFO] Новий лічильник номер: 014909, тип: КВ-1,5 => DN 15, рік випуску: 2017, показники: 0, балансоутримувач: КП "ВДК" додано до БД користувачем [Коваль Людмила].
[01-Nov-2024 14:19:59 Europe/Helsinki] EditDATA [INFO] За адресою просп. Перемоги, буд. 191, кв. 85 користувачем [Коваль Людмила] було додано лічильники: 014909].
[01-Nov-2024 14:20:50 Europe/Helsinki] NewDATA [INFO] Новий лічильник номер: 466971, тип: КВ-1,5 => DN 15, рік випуску: 2008, показники: 0, балансоутримувач: КП "ВДК" додано до БД користувачем [Коваль Людмила].
[01-Nov-2024 14:21:18 Europe/Helsinki] NewDATA [INFO] Новий лічильник номер: 356366, тип: КВ-1,5 => DN 15, рік випуску: 2004, показники: 0, балансоутримувач: АТ "ОТКЕ" додано до БД користувачем [Коваль Людмила].
[01-Nov-2024 14:21:20 Europe/Helsinki] EditDATA [INFO] За адресою просп. Левка Лукяненка, буд. 12, корп. В, кв. 33 користувачем [Коваль Людмила] було додано лічильники: 466971, 356366].
[01-Nov-2024 14:22:12 Europe/Helsinki] NewDATA [INFO] Новий лічильник номер: 033743, тип: КВ-1,5 => DN 15, рік випуску: 2013, показники: 0, балансоутримувач: КП "ВДК" додано до БД користувачем [Коваль Людмила].
[01-Nov-2024 14:22:40 Europe/Helsinki] NewDATA [INFO] Новий лічильник номер: 030806, тип: КВ-1,5 => DN 15, рік випуску: 2015, показники: 0, балансоутримувач: АТ "ОТКЕ" додано до БД користувачем [Коваль Людмила].
[01-Nov-2024 14:22:44 Europe/Helsinki] EditDATA [INFO] За адресою вул. Освіти, буд. 10, кв. 58 користувачем [Коваль Людмила] було додано лічильники: 033743, 030806].
[01-Nov-2024 14:23:56 Europe/Helsinki] NewDATA [INFO] Нова заявка Повірка, адреса: вул. Савчука 11, кв. 89, лічильники: БЕЗ НОМЕРА - 2 шт., вартість: 600 грн., примітки: 8-13 додано до БД користувачем [Сусло Тетяна].
[2024-11-01T14:24:02.626] [INFO] DataBase - У заявці Повірка від 1 листопада 2024 р. за адресою вул. Савчука, буд. 11, кв. 89 додано виконавця ЗАПЛАНОВАНІ та додано дату виконання 7 листопада 2024 р. користувачем [Сусло Тетяна].
[01-Nov-2024 14:24:11 Europe/Helsinki] NewDATA [INFO] Новий лічильник номер: 6819407, тип: ЛК => DN 15, рік випуску: 2016, показники: 0, балансоутримувач: АТ "ОТКЕ" додано до БД користувачем [Коваль Людмила].
[01-Nov-2024 14:24:38 Europe/Helsinki] NewDATA [INFO] Новий лічильник номер: 6775412, тип: ЛК => DN 15, рік випуску: 2016, показники: 0, балансоутримувач: КП "ВДК" додано до БД користувачем [Коваль Людмила].
[01-Nov-2024 14:25:13 Europe/Helsinki] NewDATA [INFO] Новий лічильник номер: 6796855, тип: ЛК => DN 15, рік випуску: 2016, показники: 0, балансоутримувач: АТ "ОТКЕ" додано до БД користувачем [Коваль Людмила].
[01-Nov-2024 14:25:16 Europe/Helsinki] EditDATA [INFO] За адресою просп. Перемоги, буд. 164, кв. 82 користувачем [Коваль Людмила] було додано лічильники: 5611894, 6819407, 6775412, 6796855].
[01-Nov-2024 14:27:13 Europe/Helsinki] NewDATA [INFO] Новий лічильник номер: 155826, тип: КВ-1,5 => DN 15, рік випуску: 2014, показники: 0, балансоутримувач: КП "ВДК" додано до БД користувачем [Коваль Людмила].
[01-Nov-2024 14:27:38 Europe/Helsinki] NewDATA [INFO] Новий лічильник номер: 163371, тип: КВ-1,5 => DN 15, рік випуску: 2014, показники: 0, балансоутримувач: КП "ТКЕ" додано до БД користувачем [Коваль Людмила].
[01-Nov-2024 14:27:42 Europe/Helsinki] EditDATA [INFO] За адресою вул. Шевчука, буд. 2, кв. 65 користувачем [Коваль Людмила] було додано лічильники: 161962, 159844, 155826, 163371].
[01-Nov-2024 14:33:59 Europe/Helsinki] EditDATA [INFO] Для заявки Повірка від 29.10.2024 користувачем [Сміян Альона] змінено вартість робіт з 600 грн. на 700 грн.
[2024-11-01T14:34:50.137] [INFO] DataBase - У заявці Повірка від 31 жовтня 2024 р. за адресою вул. Нафтовиків, буд. 21, кв. 72 додано виконавця ЗАПЛАНОВАНІ та додано дату виконання 8 листопада 2024 р. користувачем [Коваль Людмила].
[01-Nov-2024 14:34:50 Europe/Helsinki] EditDATA [INFO] Для заявки Повірка від 29.10.2024 користувачем [Сміян Альона] змінено примітки з 8-13, 1 гв, 1 хв, кухня на 11-16,30хв 1 гв, 1 хв, кухня.
[2024-11-01T14:35:08.881] [INFO] DataBase - У заявці Повірка від 1 листопада 2024 р. за адресою вул. Хлібопекарська, буд. 16, кв. 36 додано виконавця ЗАПЛАНОВАНІ та додано дату виконання 7 листопада 2024 р. користувачем [Коваль Людмила].
[01-Nov-2024 14:38:37 Europe/Helsinki] EditDATA [INFO] Для заявки Повірка від 30.10.2024 користувачем [Коваль Людмила] змінено примітки з 8-13 на 14-18,пер.за 30 хв..
[01-Nov-2024 14:40:41 Europe/Helsinki] EditDATA [INFO] Для заявки Повірка від 28.10.2024 користувачем [Коваль Людмила] змінено виконавця з ЗАПЛАНОВАНІ на Богомаз.
[01-Nov-2024 14:40:45 Europe/Helsinki] EditDATA [INFO] Для заявки Повірка від 24.10.2024 користувачем [Сусло Тетяна] змінено примітки з 8-13, за 15 хв на 14-18, за 15 хв.
[01-Nov-2024 14:44:27 Europe/Helsinki] EditDATA [INFO] Для заявки Повірка від 30.10.2024 користувачем [Сусло Тетяна] змінено виконавця з Богомаз на Шкуліпа.
[01-Nov-2024 14:44:40 Europe/Helsinki] EditDATA [INFO] Для заявки Повірка від 30.10.2024 користувачем [Сусло Тетяна] змінено виконавця з Богомаз на Шкуліпа.
[01-Nov-2024 14:44:51 Europe/Helsinki] EditDATA [INFO] Для заявки Повірка від 28.10.2024 користувачем [Сусло Тетяна] змінено виконавця з Богомаз на Шкуліпа.
[01-Nov-2024 14:45:03 Europe/Helsinki] EditDATA [INFO] Для заявки Повірка від 23.10.2024 користувачем [Сусло Тетяна] змінено виконавця з Богомаз на Шкуліпа.
[01-Nov-2024 14:45:13 Europe/Helsinki] EditDATA [INFO] Для заявки Повірка від 23.10.2024 користувачем [Сусло Тетяна] змінено виконавця з Богомаз на Шкуліпа.
[01-Nov-2024 14:45:24 Europe/Helsinki] EditDATA [INFO] Для заявки Повірка від 23.10.2024 користувачем [Сусло Тетяна] змінено виконавця з Богомаз на Шкуліпа.
[01-Nov-2024 14:45:33 Europe/Helsinki] EditDATA [INFO] Для заявки Повірка від 22.10.2024 користувачем [Сусло Тетяна] змінено виконавця з Богомаз на Шкуліпа.
[01-Nov-2024 14:45:43 Europe/Helsinki] EditDATA [INFO] Для заявки Повірка від 22.10.2024 користувачем [Сусло Тетяна] змінено виконавця з Богомаз на Шкуліпа.
[2024-11-01T14:46:25.686] [INFO] DataBase - У заявці Повірка від 30 жовтня 2024 р. за адресою вул. Самоквасова Дмитра, буд. 13, кв. 60 видалено дату виконання 31 жовтня 2024 р. користувачем [Сусло Тетяна].
[2024-11-01T14:46:27.134] [INFO] DataBase - У заявці Повірка від 30 жовтня 2024 р. за адресою вул. Текстильників, буд. 11, корп. А, кв. 13 видалено дату виконання 31 жовтня 2024 р. користувачем [Сусло Тетяна].
[2024-11-01T14:46:28.423] [INFO] DataBase - У заявці Повірка від 28 жовтня 2024 р. за адресою вул. Самоквасова Дмитра, буд. 15, кв. 6 видалено дату виконання 31 жовтня 2024 р. користувачем [Сусло Тетяна].
[2024-11-01T14:46:32.230] [INFO] DataBase - У заявці Повірка від 23 жовтня 2024 р. за адресою вул. Толстого, буд. 122, кв. 61 видалено дату виконання 31 жовтня 2024 р. користувачем [Сусло Тетяна].
[2024-11-01T14:46:33.655] [INFO] DataBase - У заявці Повірка від 23 жовтня 2024 р. за адресою вул. Текстильників, буд. 6, кв. 47 видалено дату виконання 31 жовтня 2024 р. користувачем [Сусло Тетяна].
[2024-11-01T14:46:34.813] [INFO] DataBase - У заявці Повірка від 23 жовтня 2024 р. за адресою вул. Радченка Вячеслава, буд. 8, кв. 18 видалено дату виконання 31 жовтня 2024 р. користувачем [Сусло Тетяна].
[2024-11-01T14:46:36.742] [INFO] DataBase - У заявці Повірка від 22 жовтня 2024 р. за адресою вул. Жабинського, буд. 21, кв. 23 видалено дату виконання 31 жовтня 2024 р. користувачем [Сусло Тетяна].
[2024-11-01T14:46:38.767] [INFO] DataBase - У заявці Повірка від 22 жовтня 2024 р. за адресою вул. Старобілоуська, буд. 47, кв. 34 видалено дату виконання 31 жовтня 2024 р. користувачем [Сусло Тетяна].
[2024-11-01T14:47:01.249] [INFO] DataBase - У заявці Повірка від 30 жовтня 2024 р. за адресою вул. Текстильників, буд. 11, корп. А, кв. 13 додано дату виконання 2 листопада 2024 р. користувачем [Сусло Тетяна].
[2024-11-01T14:47:02.774] [INFO] DataBase - У заявці Повірка від 30 жовтня 2024 р. за адресою вул. Самоквасова Дмитра, буд. 13, кв. 60 додано дату виконання 2 листопада 2024 р. користувачем [Сусло Тетяна].
[2024-11-01T14:47:05.232] [INFO] DataBase - У заявці Повірка від 28 жовтня 2024 р. за адресою вул. Самоквасова Дмитра, буд. 15, кв. 6 додано дату виконання 2 листопада 2024 р. користувачем [Сусло Тетяна].
[2024-11-01T14:47:07.831] [INFO] DataBase - У заявці Повірка від 23 жовтня 2024 р. за адресою вул. Толстого, буд. 122, кв. 61 додано дату виконання 2 листопада 2024 р. користувачем [Сусло Тетяна].
[2024-11-01T14:47:10.494] [INFO] DataBase - У заявці Повірка від 23 жовтня 2024 р. за адресою вул. Текстильників, буд. 6, кв. 47 додано дату виконання 2 листопада 2024 р. користувачем [Сусло Тетяна].
[2024-11-01T14:47:14.158] [INFO] DataBase - У заявці Повірка від 23 жовтня 2024 р. за адресою вул. Радченка Вячеслава, буд. 8, кв. 18 додано дату виконання 2 листопада 2024 р. користувачем [Сусло Тетяна].
[2024-11-01T14:47:23.718] [INFO] DataBase - У заявці Повірка від 22 жовтня 2024 р. за адресою вул. Старобілоуська, буд. 47, кв. 34 додано дату виконання 2 листопада 2024 р. користувачем [Сусло Тетяна].
[2024-11-01T14:47:26.601] [INFO] DataBase - У заявці Повірка від 22 жовтня 2024 р. за адресою вул. Жабинського, буд. 21, кв. 23 додано дату виконання 2 листопада 2024 р. користувачем [Сусло Тетяна].
[01-Nov-2024 14:48:16 Europe/Helsinki] EditDATA [INFO] Для заявки Повірка від 31.10.2024 користувачем [Сусло Тетяна] змінено виконавця з ЗАПЛАНОВАНІ на Шкуліпа.
[01-Nov-2024 14:48:26 Europe/Helsinki] EditDATA [INFO] Для заявки Повірка від 25.10.2024 користувачем [Сусло Тетяна] змінено виконавця з ЗАПЛАНОВАНІ на Шкуліпа.
[01-Nov-2024 14:54:22 Europe/Helsinki] NewDATA [INFO] Нова адреса вул. Незалежності, буд. 50, кв. 15, тел. +38 (068) 386-51-27 додана до БД користувачем [Коваль Людмила].
[01-Nov-2024 14:54:55 Europe/Helsinki] NewDATA [INFO] Нова заявка Повірка, адреса: вул. Незалежності 50, кв. 15, лічильники: БЕЗ НОМЕРА - 1 шт., вартість: 300 грн., примітки: 14-18,пер.за 30 хв додано до БД користувачем [Коваль Людмила].
[2024-11-01T14:55:09.486] [INFO] DataBase - У заявці Повірка від 1 листопада 2024 р. за адресою вул. Незалежності, буд. 50, кв. 15 додано виконавця ЗАПЛАНОВАНІ та додано дату виконання 8 листопада 2024 р. користувачем [Коваль Людмила].
[01-Nov-2024 14:55:45 Europe/Helsinki] NewDATA [INFO] Нова адреса вул. Незалежності, буд. 82, кв. 123, тел. +38 (068) 386-51-27 додана до БД користувачем [Коваль Людмила].
[01-Nov-2024 14:56:14 Europe/Helsinki] NewDATA [INFO] Нова заявка Повірка, адреса: вул. Незалежності 82, кв. 123, лічильники: БЕЗ НОМЕРА - 1 шт., вартість: 300 грн., примітки: 14-18,пер.за 30 хв додано до БД користувачем [Коваль Людмила].
[2024-11-01T14:56:25.705] [INFO] DataBase - У заявці Повірка від 1 листопада 2024 р. за адресою вул. Незалежності, буд. 82, кв. 123 додано виконавця ЗАПЛАНОВАНІ та додано дату виконання 8 листопада 2024 р. користувачем [Коваль Людмила].
[01-Nov-2024 15:03:14 Europe/Helsinki] NewDATA [INFO] Нова заявка Повірка, адреса: вул. Мстиславська 179, кв. 58, лічильники: БЕЗ НОМЕРА - 1 шт., вартість: 300 грн., примітки: 13-17 додано до БД користувачем [Коваль Людмила].
[2024-11-01T15:03:32.065] [INFO] DataBase - У заявці Повірка від 1 листопада 2024 р. за адресою вул. Мстиславська, буд. 179, кв. 58 додано виконавця Богомаз та додано дату виконання 4 листопада 2024 р. користувачем [Коваль Людмила].
[01-Nov-2024 15:23:42 Europe/Helsinki] NewDATA [INFO] Нова заявка Повірка, адреса: просп. Перемоги 37, кв. 13, лічильники: БЕЗ НОМЕРА - 2 шт., вартість: 600 грн., примітки: 8-13, за 30 хв додано до БД користувачем [Сусло Тетяна].
[2024-11-01T15:23:48.679] [INFO] DataBase - У заявці Повірка від 1 листопада 2024 р. за адресою просп. Перемоги, буд. 37, кв. 13 додано виконавця ЗАПЛАНОВАНІ та додано дату виконання 7 листопада 2024 р. користувачем [Сусло Тетяна].
[01-Nov-2024 15:26:55 Europe/Helsinki] EditDATA [INFO] Для заявки Повірка від 22.10.2024 користувачем [Сусло Тетяна] змінено виконавця з Ващенко на Богомаз.
[2024-11-01T15:27:17.418] [INFO] DataBase - У заявці Повірка від 22 жовтня 2024 р. за адресою вул. Освіти, буд. 29, кв. 18 видалено дату виконання 1 листопада 2024 р. користувачем [Сусло Тетяна].
[2024-11-01T15:27:20.370] [INFO] DataBase - У заявці Повірка від 22 жовтня 2024 р. за адресою вул. Освіти, буд. 29, кв. 18 додано дату виконання 4 листопада 2024 р. користувачем [Сусло Тетяна].
[01-Nov-2024 15:27:50 Europe/Helsinki] EditDATA [INFO] Для заявки Повірка від 22.10.2024 користувачем [Сусло Тетяна] змінено примітки з 8-10 на 14-18, обов'язково.

