[22-Aug-2025 08:57:02 Europe/Helsinki] DellTASK [INFO] Повірка від 02.07.2025 для адреси вул. Молодчого Олександра, буд. 8, кв. 21 для лічильника БЕЗ НОМЕРА - 1 шт. було завершено користувачем [Сусло Тетяна] з коментарем: виконано.
[22-Aug-2025 08:57:14 Europe/Helsinki] DellTASK [INFO] Повірка від 20.08.2025 для адреси вул. Савчука, буд. 5, кв. 22 для лічильника БЕЗ НОМЕРА - 2 шт. було завершено користувачем [Сусло Тетяна] з коментарем: виконано.
[22-Aug-2025 08:57:29 Europe/Helsinki] DellTASK [INFO] Повірка від 19.08.2025 для адреси вул. Гетьмана Полуботка, буд. 59, кв. 1 для лічильника БЕЗ НОМЕРА - 1 шт. було завершено користувачем [Сусло Тетяна] з коментарем: виконано.
[22-Aug-2025 08:57:42 Europe/Helsinki] DellTASK [INFO] Повірка від 15.08.2025 для адреси вул. Земська, буд. 68, кв. 37 для лічильника БЕЗ НОМЕРА - 1 шт. було завершено користувачем [Сусло Тетяна] з коментарем: виконано.
[22-Aug-2025 08:57:58 Europe/Helsinki] DellTASK [INFO] Повірка від 21.08.2025 для адреси просп. Грушевського Михайла, буд. 161, корп. А, кв. 9 для лічильника БЕЗ НОМЕРА - 4 шт. було завершено користувачем [Сусло Тетяна] з коментарем: виконано.
[22-Aug-2025 08:58:13 Europe/Helsinki] DellTASK [INFO] Повірка від 20.08.2025 для адреси вул. Космонавтів, буд. 26, кв. 18 для лічильника БЕЗ НОМЕРА - 2 шт. було завершено користувачем [Сусло Тетяна] з коментарем: виконано.
[22-Aug-2025 08:58:26 Europe/Helsinki] DellTASK [INFO] Повірка від 20.08.2025 для адреси вул. Доценка, буд. 2, корп. Б, кв. 78 для лічильника БЕЗ НОМЕРА - 1 шт. було завершено користувачем [Сусло Тетяна] з коментарем: виконано.
[22-Aug-2025 09:00:54 Europe/Helsinki] NewDATA [INFO] Новий лічильник номер: 7324059, тип: ЛК => DN 15, рік випуску: 2017, показники: 0, балансоутримувач: КП "ВДК" додано до БД користувачем [Сусло Тетяна].
[22-Aug-2025 09:01:09 Europe/Helsinki] EditDATA [INFO] За адресою вул. Молодчого Олександра, буд. 8, кв. 21 користувачем [Сусло Тетяна] було додано лічильники: 7324059].
[22-Aug-2025 09:03:23 Europe/Helsinki] NewDATA [INFO] Новий лічильник номер: 2021 06004666, тип: Metron SDC => DN 15, рік випуску: 2021, показники: 0, балансоутримувач: КП "ВДК" додано до БД користувачем [Сусло Тетяна].
[22-Aug-2025 09:03:54 Europe/Helsinki] NewDATA [INFO] Новий лічильник номер: 040945, тип: КВ-1,5 => DN 15, рік випуску: 2017, показники: 0, балансоутримувач: АТ "ОТКЕ" додано до БД користувачем [Сусло Тетяна].
[22-Aug-2025 09:03:56 Europe/Helsinki] EditDATA [INFO] За адресою вул. Савчука, буд. 5, кв. 22 користувачем [Сусло Тетяна] було додано лічильники: 2021 06004666, 040945].
[22-Aug-2025 09:05:13 Europe/Helsinki] NewDATA [INFO] Новий лічильник номер: 050671, тип: КВ-1,5 => DN 15, рік випуску: 2017, показники: 0, балансоутримувач: КП "ВДК" додано до БД користувачем [Сусло Тетяна].
[22-Aug-2025 09:05:16 Europe/Helsinki] EditDATA [INFO] За адресою вул. Гетьмана Полуботка, буд. 59, кв. 1 користувачем [Сусло Тетяна] було додано лічильники: 050671].
[22-Aug-2025 09:06:20 Europe/Helsinki] NewDATA [INFO] Новий лічильник номер: 170590, тип: КВ-1,5 => DN 15, рік випуску: 2001, показники: 0, балансоутримувач: АТ "ОТКЕ" додано до БД користувачем [Сусло Тетяна].
[22-Aug-2025 09:06:23 Europe/Helsinki] EditDATA [INFO] За адресою вул. Земська, буд. 68, кв. 37 користувачем [Сусло Тетяна] було додано лічильники: 170590].
[22-Aug-2025 09:07:36 Europe/Helsinki] NewDATA [INFO] Новий лічильник номер: 264196, тип: КВ-1,5 => DN 15, рік випуску: 2000, показники: 0, балансоутримувач: КП "ВДК" додано до БД користувачем [Сусло Тетяна].
[22-Aug-2025 09:07:58 Europe/Helsinki] NewDATA [INFO] Новий лічильник номер: 263388, тип: КВ-1,5 => DN 15, рік випуску: 2000, показники: 0, балансоутримувач: АТ "ОТКЕ" додано до БД користувачем [Сусло Тетяна].
[22-Aug-2025 09:08:17 Europe/Helsinki] NewDATA [INFO] Новий лічильник номер: 263427, тип: КВ-1,5 => DN 15, рік випуску: 2000, показники: 0, балансоутримувач: КП "ВДК" додано до БД користувачем [Сусло Тетяна].
[22-Aug-2025 09:08:51 Europe/Helsinki] NewDATA [INFO] Новий лічильник номер: 264192, тип: КВ-1,5 => DN 15, рік випуску: 2000, показники: 0, балансоутримувач: КП "ВДК" додано до БД користувачем [Сусло Тетяна].
[22-Aug-2025 09:09:02 Europe/Helsinki] EditDATA [INFO] За адресою просп. Грушевського Михайла, буд. 161, корп. А, кв. 9 користувачем [Сусло Тетяна] було додано лічильники: 264196, 263388, 264192].
[22-Aug-2025 09:09:21 Europe/Helsinki] EditDATA [INFO] Для лічильника 263427 користувачем [Сусло Тетяна] змінено температуру з Холодний на Гарячий.
[22-Aug-2025 09:09:27 Europe/Helsinki] EditDATA [INFO] Для лічильника 263427 користувачем [Сусло Тетяна] змінено балансоутримувача з КП "ВДК" на АТ "ОТКЕ".
[22-Aug-2025 09:10:06 Europe/Helsinki] EditDATA [INFO] За адресою просп. Грушевського Михайла, буд. 161, корп. А, кв. 9 користувачем [Сусло Тетяна] були додані лічильники: 263427.
[22-Aug-2025 09:11:24 Europe/Helsinki] NewDATA [INFO] Новий лічильник номер: 099414, тип: КВ-1,5 => DN 15, рік випуску: 2016, показники: 0, балансоутримувач: КП "ВДК" додано до БД користувачем [Сусло Тетяна].
[22-Aug-2025 09:11:45 Europe/Helsinki] NewDATA [INFO] Новий лічильник номер: 103211, тип: КВ-1,5 => DN 15, рік випуску: 2016, показники: 0, балансоутримувач: АТ "ОТКЕ" додано до БД користувачем [Сусло Тетяна].
[22-Aug-2025 09:11:47 Europe/Helsinki] EditDATA [INFO] За адресою вул. Космонавтів, буд. 26, кв. 18 користувачем [Сусло Тетяна] було додано лічильники: 099414, 103211].
[22-Aug-2025 09:12:30 Europe/Helsinki] NewDATA [INFO] Новий лічильник номер: 2045038, тип: ЛК => DN 15, рік випуску: 2012, показники: 0, балансоутримувач: КП "ВДК" додано до БД користувачем [Сусло Тетяна].
[22-Aug-2025 09:12:33 Europe/Helsinki] EditDATA [INFO] За адресою вул. Доценка, буд. 2, корп. Б, кв. 78 користувачем [Сусло Тетяна] було додано лічильники: 2045038].
[22-Aug-2025 10:08:51 Europe/Helsinki] DellTASK [INFO] Повірка від 21.08.2025 для адреси вул. Волковича, буд. 23, корп. А, кв. 61 для лічильника БЕЗ НОМЕРА - 1 шт. було завершено користувачем [Коваль Людмила] з коментарем: виконано.
[22-Aug-2025 10:09:56 Europe/Helsinki] DellTASK [INFO] Повірка від 21.08.2025 для адреси вул. Волковича, буд. 23, корп. А, кв. 15 для лічильника БЕЗ НОМЕРА - 1 шт. було завершено користувачем [Коваль Людмила] з коментарем: виконано.
[22-Aug-2025 10:11:06 Europe/Helsinki] DellTASK [INFO] Повірка від 20.08.2025 для адреси вул. Мстиславська, буд. 171, кв. 41 для лічильника БЕЗ НОМЕРА - 1 шт. було завершено користувачем [Коваль Людмила] з коментарем: виконано.
[22-Aug-2025 10:11:20 Europe/Helsinki] DellTASK [INFO] Повірка від 19.08.2025 для адреси вул. Радченка Вячеслава, буд. 10, кв. 5 для лічильника БЕЗ НОМЕРА - 2 шт. було завершено користувачем [Коваль Людмила] з коментарем: виконано.
[22-Aug-2025 10:11:33 Europe/Helsinki] DellTASK [INFO] Повірка від 19.08.2025 для адреси вул. Самострова, буд. 9, кв. 140 для лічильника БЕЗ НОМЕРА - 4 шт. було завершено користувачем [Коваль Людмила] з коментарем: виконано.
[22-Aug-2025 10:11:50 Europe/Helsinki] DellTASK [INFO] Повірка від 19.08.2025 для адреси вул. 1-ї Гвардійської Армії, буд. 8, кв. 99 для лічильника БЕЗ НОМЕРА - 2 шт. було завершено користувачем [Коваль Людмила] з коментарем: виконано.
[22-Aug-2025 10:15:47 Europe/Helsinki] DellTASK [INFO] Повірка від 19.08.2025 для адреси вул. Богуна Івана, буд. 51, кв. 124 для лічильника БЕЗ НОМЕРА - 1 шт. було завершено користувачем [Коваль Людмила] з коментарем: виконано.
[22-Aug-2025 10:16:14 Europe/Helsinki] DellTASK [INFO] Повірка від 18.08.2025 для адреси вул. Льотна, буд. 27, кв. 24 для лічильника БЕЗ НОМЕРА - 1 шт. було завершено користувачем [Коваль Людмила] з коментарем: виконано.
[22-Aug-2025 10:16:44 Europe/Helsinki] DellTASK [INFO] Повірка від 18.08.2025 для адреси вул. Льотна, буд. 5, кв. 59 для лічильника БЕЗ НОМЕРА - 2 шт. було завершено користувачем [Коваль Людмила] з коментарем: виконано.
[22-Aug-2025 10:17:24 Europe/Helsinki] DellTASK [INFO] Повірка від 15.08.2025 для адреси вул. Волковича, буд. 19, кв. 24 для лічильника БЕЗ НОМЕРА - 2 шт. було завершено користувачем [Коваль Людмила] з коментарем: виконано.
[22-Aug-2025 10:17:37 Europe/Helsinki] DellTASK [INFO] Повірка від 15.08.2025 для адреси вул. Мстиславська, буд. 175, кв. 9 для лічильника БЕЗ НОМЕРА - 2 шт. було завершено користувачем [Коваль Людмила] з коментарем: виконано.
[22-Aug-2025 10:18:01 Europe/Helsinki] DellTASK [INFO] Повірка від 13.08.2025 для адреси вул. Льотна, буд. 5, корп. А, кв. 2 для лічильника БЕЗ НОМЕРА - 2 шт. було завершено користувачем [Коваль Людмила] з коментарем: виконано.
[22-Aug-2025 10:18:14 Europe/Helsinki] DellTASK [INFO] Повірка від 08.08.2025 для адреси вул. Стрілецька, буд. 90, кв. 7 для лічильника БЕЗ НОМЕРА - 1 шт. було завершено користувачем [Коваль Людмила] з коментарем: виконано.
[22-Aug-2025 10:48:51 Europe/Helsinki] EditDATA [INFO] Для заявки Повірка від 20.08.2025 користувачем [Коваль Людмила] змінено виконавця з ЗАПЛАНОВАНІ на Сірий.
[22-Aug-2025 10:49:00 Europe/Helsinki] EditDATA [INFO] Для заявки Повірка від 19.08.2025 користувачем [Коваль Людмила] змінено виконавця з ЗАПЛАНОВАНІ на Сірий.
[22-Aug-2025 10:49:09 Europe/Helsinki] EditDATA [INFO] Для заявки Повірка від 15.08.2025 користувачем [Коваль Людмила] змінено виконавця з ЗАПЛАНОВАНІ на Сірий.
[22-Aug-2025 10:49:26 Europe/Helsinki] EditDATA [INFO] Для заявки Повірка від 13.08.2025 користувачем [Коваль Людмила] змінено виконавця з ЗАПЛАНОВАНІ на Сірий.
[22-Aug-2025 10:49:35 Europe/Helsinki] EditDATA [INFO] Для заявки Повірка від 07.08.2025 користувачем [Коваль Людмила] змінено виконавця з ЗАПЛАНОВАНІ на Сірий.
[22-Aug-2025 10:49:53 Europe/Helsinki] EditDATA [INFO] Для заявки Повірка від 11.08.2025 користувачем [Коваль Людмила] змінено виконавця з ЗАПЛАНОВАНІ на Сірий.
[22-Aug-2025 10:50:12 Europe/Helsinki] EditDATA [INFO] Для заявки Повірка від 28.07.2025 користувачем [Коваль Людмила] змінено виконавця з ЗАПЛАНОВАНІ на Сірий.
[22-Aug-2025 10:52:36 Europe/Helsinki] NewDATA [INFO] Нова адреса вул. Волковича, буд. 15, кв. 25, тел. +38 (063) 604-44-93 додана до БД користувачем [Коваль Людмила].
[22-Aug-2025 10:53:02 Europe/Helsinki] NewDATA [INFO] Нова заявка Повірка, адреса: вул. Волковича 15, кв. 25, лічильники: БЕЗ НОМЕРА - 2 шт., вартість: 700 грн., примітки: 13-17 додано до БД користувачем [Коваль Людмила].
[2025-08-22T10:53:12.840] [INFO] DataBase - У заявці Повірка від 22 серпня 2025 р. за адресою вул. Волковича, буд. 15, кв. 25 додано виконавця ЗАПЛАНОВАНІ та додано дату виконання 26 серпня 2025 р. користувачем [Коваль Людмила].
[22-Aug-2025 10:53:48 Europe/Helsinki] NewDATA [INFO] Нова адреса вул. Бобровицька, буд. 58, кв. 2, тел. +38 (063) 841-80-03 додана до БД користувачем [Коваль Людмила].
[22-Aug-2025 10:54:30 Europe/Helsinki] NewDATA [INFO] Нова заявка Повірка, адреса: вул. Бобровицька 58, кв. 2, лічильники: БЕЗ НОМЕРА - 1 шт., вартість: 350 грн., примітки: 13-17,(прив.сектор).пер.за 30 хв. додано до БД користувачем [Коваль Людмила].
[2025-08-22T10:54:33.721] [INFO] DataBase - У заявці Повірка від 22 серпня 2025 р. за адресою вул. Бобровицька, буд. 58, кв. 2 додано виконавця ЗАПЛАНОВАНІ та додано дату виконання 28 серпня 2025 р. користувачем [Коваль Людмила].
[22-Aug-2025 10:55:13 Europe/Helsinki] NewDATA [INFO] Нова адреса вул. Волковича, буд. 23, корп. А, кв. 134, тел. +38 (099) 068-35-33 додана до БД користувачем [Коваль Людмила].
[22-Aug-2025 10:55:35 Europe/Helsinki] NewDATA [INFO] Нова заявка Повірка, адреса: вул. Волковича 23 корпус А, кв. 134, лічильники: БЕЗ НОМЕРА - 1 шт., вартість: 350 грн., примітки: 13-17 додано до БД користувачем [Коваль Людмила].
[2025-08-22T10:55:46.045] [INFO] DataBase - У заявці Повірка від 22 серпня 2025 р. за адресою вул. Волковича, буд. 23, корп. А, кв. 134 додано виконавця ЗАПЛАНОВАНІ та додано дату виконання 29 серпня 2025 р. користувачем [Коваль Людмила].
[22-Aug-2025 10:56:55 Europe/Helsinki] NewDATA [INFO] Нова адреса вул. Волковича, буд. 23, корп. А, кв. 35, тел. +38 (095) 548-25-19 додана до БД користувачем [Коваль Людмила].
[22-Aug-2025 10:57:35 Europe/Helsinki] NewDATA [INFO] Нова заявка Повірка, адреса: вул. Волковича 23 корпус А, кв. 35, лічильники: БЕЗ НОМЕРА - 1 шт., вартість: 350 грн., примітки: 13-17(одна хоз.КВ.134) додано до БД користувачем [Коваль Людмила].
[2025-08-22T10:57:39.711] [INFO] DataBase - У заявці Повірка від 22 серпня 2025 р. за адресою вул. Волковича, буд. 23, корп. А, кв. 35 додано виконавця ЗАПЛАНОВАНІ та додано дату виконання 29 серпня 2025 р. користувачем [Коваль Людмила].
[22-Aug-2025 10:58:17 Europe/Helsinki] NewDATA [INFO] Нова адреса вул. Незалежності, буд. 76, кв. 30, тел. +38 (093) 296-75-54 додана до БД користувачем [Коваль Людмила].
[22-Aug-2025 10:58:40 Europe/Helsinki] NewDATA [INFO] Нова заявка Повірка, адреса: вул. Незалежності 76, кв. 30, лічильники: БЕЗ НОМЕРА - 1 шт., вартість: 350 грн., примітки: гор.13-17 додано до БД користувачем [Коваль Людмила].
[2025-08-22T10:58:46.415] [INFO] DataBase - У заявці Повірка від 22 серпня 2025 р. за адресою вул. Незалежності, буд. 76, кв. 30 додано виконавця Сірий та додано дату виконання 25 серпня 2025 р. користувачем [Коваль Людмила].
[22-Aug-2025 10:59:25 Europe/Helsinki] NewDATA [INFO] Нова адреса просп. Левка Лукяненка, буд. 44, кв. 36, тел. +38 (096) 032-13-87 додана до БД користувачем [Коваль Людмила].
[22-Aug-2025 10:59:52 Europe/Helsinki] NewDATA [INFO] Нова заявка Повірка, адреса: просп. Левка Лукяненка 44, кв. 36, лічильники: БЕЗ НОМЕРА - 2 шт., вартість: 660 грн., примітки: 8-13 додано до БД користувачем [Коваль Людмила].
[2025-08-22T10:59:56.297] [INFO] DataBase - У заявці Повірка від 22 серпня 2025 р. за адресою просп. Левка Лукяненка, буд. 44, кв. 36 додано виконавця ЗАПЛАНОВАНІ та додано дату виконання 26 серпня 2025 р. користувачем [Коваль Людмила].
[22-Aug-2025 11:00:40 Europe/Helsinki] NewDATA [INFO] Нова адреса вул. курсанта Єськова, буд. 14, корп. А, кв. 151, тел. +38 (093) 730-73-15 додана до БД користувачем [Коваль Людмила].
[22-Aug-2025 11:01:30 Europe/Helsinki] NewDATA [INFO] Нова заявка Повірка, адреса: вул. курсанта Єськова 14 корпус А, кв. 151, лічильники: БЕЗ НОМЕРА - 2 шт., вартість: 660 грн., примітки: 8-13,пер.за 15 хв. додано до БД користувачем [Коваль Людмила].
[2025-08-22T11:01:35.227] [INFO] DataBase - У заявці Повірка від 22 серпня 2025 р. за адресою вул. курсанта Єськова, буд. 14, корп. А, кв. 151 додано виконавця ЗАПЛАНОВАНІ та додано дату виконання 1 вересня 2025 р. користувачем [Коваль Людмила].
[22-Aug-2025 11:05:43 Europe/Helsinki] NewDATA [INFO] Нова адреса вул. Захисників України, буд. 10, корп. А, кв. 14, тел. +38 (068) 575-90-02 +38 (098) 615-35-46 додана до БД користувачем [Коваль Людмила].
[22-Aug-2025 11:06:29 Europe/Helsinki] NewDATA [INFO] Нова заявка Заміна, адреса: вул. Захисників України 10 корпус А, кв. 14, лічильники: БЕЗ НОМЕРА - 1 шт., вартість: 400 грн., примітки: 8-13,зв.в кв.62(матір) додано до БД користувачем [Коваль Людмила].
[2025-08-22T11:06:32.864] [INFO] DataBase - У заявці Заміна від 22 серпня 2025 р. за адресою вул. Захисників України, буд. 10, корп. А, кв. 14 додано виконавця Баранов та додано дату виконання 28 серпня 2025 р. користувачем [Коваль Людмила].
[22-Aug-2025 11:07:54 Europe/Helsinki] EditDATA [INFO] За адресою вул. Мстиславська 175, кв. 54 користувачем [Коваль Людмила] змінені номери телефонів з +38(050)762-33-57, +38(0462)97-02-04 на +38(097)917-76-29, при створенні нової заявки [Повірка] від 22.08.2025.
[22-Aug-2025 11:07:54 Europe/Helsinki] NewDATA [INFO] Нова заявка Повірка, адреса: вул. Мстиславська 175, кв. 54, лічильники: БЕЗ НОМЕРА - 1 шт., вартість: 330 грн., примітки: 8-13 додано до БД користувачем [Коваль Людмила].
[2025-08-22T11:08:00.532] [INFO] DataBase - У заявці Повірка від 22 серпня 2025 р. за адресою вул. Мстиславська, буд. 175, кв. 54 додано виконавця ЗАПЛАНОВАНІ та додано дату виконання 26 серпня 2025 р. користувачем [Коваль Людмила].
[22-Aug-2025 11:10:54 Europe/Helsinki] EditDATA [INFO] За адресою вул. 1-ої танкової бригади 21 корпус 3, кв. 49 користувачем [Сусло Тетяна] змінені номери телефонів з +38(063)579-84-21, +38(093)910-26-50 на +38(073)051-83-50, при створенні нової заявки [Повірка] від 22.08.2025.
[22-Aug-2025 11:10:54 Europe/Helsinki] NewDATA [INFO] Нова заявка Повірка, адреса: вул. 1-ої танкової бригади 21 корпус 3, кв. 49, лічильники: БЕЗ НОМЕРА - 2 шт., вартість: 700 грн., примітки: 8-13 додано до БД користувачем [Сусло Тетяна].
[2025-08-22T11:10:57.054] [INFO] DataBase - У заявці Повірка від 22 серпня 2025 р. за адресою вул. 1-ої танкової бригади, буд. 21, корп. 3, кв. 49 додано виконавця ЗАПЛАНОВАНІ та додано дату виконання 28 серпня 2025 р. користувачем [Сусло Тетяна].
[22-Aug-2025 11:16:59 Europe/Helsinki] NewDATA [INFO] Новий лічильник номер: 3281421, тип: ЛК => DN 15, рік випуску: 2013, показники: 0, балансоутримувач: КП "ВДК" додано до БД користувачем [Коваль Людмила].
[22-Aug-2025 11:17:01 Europe/Helsinki] EditDATA [INFO] За адресою вул. Стрілецька, буд. 90, кв. 7 користувачем [Коваль Людмила] було додано лічильники: 3281421].
[22-Aug-2025 11:17:34 Europe/Helsinki] NewDATA [INFO] Новий лічильник номер: 208377, тип: КВ-1,5 => DN 15, рік випуску: 2004, показники: 0, балансоутримувач: КП "ВДК" додано до БД користувачем [Коваль Людмила].
[22-Aug-2025 11:17:55 Europe/Helsinki] NewDATA [INFO] Новий лічильник номер: 386879, тип: КВ-1,5 => DN 15, рік випуску: 2002, показники: 0, балансоутримувач: АТ "ОТКЕ" додано до БД користувачем [Коваль Людмила].
[22-Aug-2025 11:17:57 Europe/Helsinki] EditDATA [INFO] За адресою вул. Волковича, буд. 19, кв. 24 користувачем [Коваль Людмила] було додано лічильники: 208377, 386879].
[22-Aug-2025 11:18:43 Europe/Helsinki] NewDATA [INFO] Новий лічильник номер: 12381883, тип: Sensus => DN 15, рік випуску: 2021, показники: 0, балансоутримувач: КП "ВДК" додано до БД користувачем [Коваль Людмила].
[22-Aug-2025 11:19:01 Europe/Helsinki] EditDATA [INFO] За адресою вул. Волковича, буд. 23, корп. А, кв. 15 користувачем [Коваль Людмила] було додано лічильники: 12381883].
[22-Aug-2025 11:20:03 Europe/Helsinki] NewDATA [INFO] Новий лічильник номер: 12381838, тип: Sensus => DN 15, рік випуску: 2021, показники: 0, балансоутримувач: КП "ВДК" додано до БД користувачем [Коваль Людмила].
[22-Aug-2025 11:20:05 Europe/Helsinki] EditDATA [INFO] За адресою вул. Волковича, буд. 23, корп. А, кв. 61 користувачем [Коваль Людмила] було додано лічильники: 12381838].
[22-Aug-2025 11:21:33 Europe/Helsinki] NewDATA [INFO] Новий лічильник номер: 511674, тип: КВ-1,5 => DN 15, рік випуску: 2009, показники: 0, балансоутримувач: КП "ВДК" додано до БД користувачем [Коваль Людмила].
[22-Aug-2025 11:21:54 Europe/Helsinki] NewDATA [INFO] Новий лічильник номер: 259848, тип: КВ-1,5 => DN 15, рік випуску: 2004, показники: 0, балансоутримувач: КП "ВДК" додано до БД користувачем [Коваль Людмила].
[22-Aug-2025 11:21:57 Europe/Helsinki] EditDATA [INFO] За адресою вул. Льотна, буд. 5, корп. А, кв. 2 користувачем [Коваль Людмила] було додано лічильники: 511674, 259848].
[22-Aug-2025 11:22:43 Europe/Helsinki] NewDATA [INFO] Новий лічильник номер: 391610, тип: КВ-1,5 => DN 15, рік випуску: 2010, показники: 0, балансоутримувач: КП "ВДК" додано до БД користувачем [Коваль Людмила].
[22-Aug-2025 11:23:03 Europe/Helsinki] NewDATA [INFO] Новий лічильник номер: 0510961, тип: ЛК => DN 15, рік випуску: 2018, показники: 0, балансоутримувач: АТ "ОТКЕ" додано до БД користувачем [Коваль Людмила].
[22-Aug-2025 11:23:05 Europe/Helsinki] EditDATA [INFO] За адресою вул. Льотна, буд. 5, кв. 59 користувачем [Коваль Людмила] було додано лічильники: 391610, 0510961].
[22-Aug-2025 11:24:54 Europe/Helsinki] NewDATA [INFO] Новий лічильник номер: 075491, тип: КВ-1,5 => DN 15, рік випуску: 2006, показники: 0, балансоутримувач: КП "ВДК" додано до БД користувачем [Коваль Людмила].
[22-Aug-2025 11:24:57 Europe/Helsinki] EditDATA [INFO] За адресою вул. Льотна, буд. 27, кв. 24 користувачем [Коваль Людмила] було додано лічильники: 075491].
[22-Aug-2025 11:26:49 Europe/Helsinki] NewDATA [INFO] Новий лічильник номер: 021572, тип: КВ-1,5 => DN 15, рік випуску: 2017, показники: 0, балансоутримувач: КП "ВДК" додано до БД користувачем [Коваль Людмила].
[22-Aug-2025 11:27:12 Europe/Helsinki] NewDATA [INFO] Новий лічильник номер: 157770, тип: КВ-1,5 => DN 15, рік випуску: 2017, показники: 0, балансоутримувач: АТ "ОТКЕ" додано до БД користувачем [Коваль Людмила].
[22-Aug-2025 11:27:15 Europe/Helsinki] EditDATA [INFO] За адресою вул. Мстиславська, буд. 175, кв. 9 користувачем [Коваль Людмила] було додано лічильники: 021572, 157770].
[22-Aug-2025 11:27:48 Europe/Helsinki] NewDATA [INFO] Новий лічильник номер: 194733, тип: КВ-1,5 => DN 15, рік випуску: 2011, показники: 0, балансоутримувач: КП "ВДК" додано до БД користувачем [Коваль Людмила].
[22-Aug-2025 11:28:07 Europe/Helsinki] NewDATA [INFO] Новий лічильник номер: 377367, тип: КВ-1,5 => DN 15, рік випуску: 2004, показники: 0, балансоутримувач: АТ "ОТКЕ" додано до БД користувачем [Коваль Людмила].
[22-Aug-2025 11:28:09 Europe/Helsinki] EditDATA [INFO] За адресою вул. Мстиславська, буд. 171, кв. 41 користувачем [Коваль Людмила] було додано лічильники: 194733, 377367].
[22-Aug-2025 11:28:41 Europe/Helsinki] NewDATA [INFO] Новий лічильник номер: 067114, тип: КВ-1,5 => DN 15, рік випуску: 2004, показники: 0, балансоутримувач: КП "ВДК" додано до БД користувачем [Коваль Людмила].
[22-Aug-2025 11:29:07 Europe/Helsinki] NewDATA [INFO] Новий лічильник номер: 457324, тип: КВ-1,5 => DN 15, рік випуску: 2006, показники: 0, балансоутримувач: КП "ТКЕ" додано до БД користувачем [Коваль Людмила].
[22-Aug-2025 11:29:09 Europe/Helsinki] EditDATA [INFO] За адресою вул. 1-ї Гвардійської Армії, буд. 8, кв. 99 користувачем [Коваль Людмила] було додано лічильники: 067114, 457324].
[22-Aug-2025 11:29:38 Europe/Helsinki] EditDATA [INFO] За адресою вул. Березовського Максима 31, кв. п/сектор користувачем [Сусло Тетяна] змінені номери телефонів з +38(050)270-15-23, +38(063)779-59-10, +38(050)360-63-74 на +38(050)270-15-23, при створенні нової заявки [Повірка] від 22.08.2025.
[22-Aug-2025 11:29:38 Europe/Helsinki] NewDATA [INFO] Нова заявка Повірка, адреса: вул. Березовського Максима 31, кв. п/сектор, лічильники: БЕЗ НОМЕРА - 1 шт., вартість: 350 грн., примітки: 8-13 додано до БД користувачем [Сусло Тетяна].
[2025-08-22T11:29:41.883] [INFO] DataBase - У заявці Повірка від 22 серпня 2025 р. за адресою вул. Березовського Максима, буд. 31, кв. п/сектор додано виконавця ЗАПЛАНОВАНІ та додано дату виконання 9 вересня 2025 р. користувачем [Сусло Тетяна].
[22-Aug-2025 11:30:39 Europe/Helsinki] NewDATA [INFO] Новий лічильник номер: 343105, тип: КВ-1,5 => DN 15, рік випуску: 2006, показники: 0, балансоутримувач: КП "ВДК" додано до БД користувачем [Коваль Людмила].
[22-Aug-2025 11:31:00 Europe/Helsinki] NewDATA [INFO] Новий лічильник номер: 360259, тип: КВ-1,5 => DN 15, рік випуску: 2006, показники: 0, балансоутримувач: КП "ТКЕ" додано до БД користувачем [Коваль Людмила].
[22-Aug-2025 11:31:02 Europe/Helsinki] EditDATA [INFO] За адресою вул. Радченка Вячеслава, буд. 10, кв. 5 користувачем [Коваль Людмила] було додано лічильники: 343105, 360259].
[22-Aug-2025 11:31:36 Europe/Helsinki] NewDATA [INFO] Новий лічильник номер: 349652, тип: КВ-1,5 => DN 15, рік випуску: 2003, показники: 0, балансоутримувач: КП "ВДК" додано до БД користувачем [Коваль Людмила].
[22-Aug-2025 11:31:38 Europe/Helsinki] EditDATA [INFO] За адресою вул. Богуна Івана, буд. 51, кв. 124 користувачем [Коваль Людмила] було додано лічильники: 349652].
[22-Aug-2025 11:36:41 Europe/Helsinki] NewDATA [INFO] Новий лічильник номер: 412041, тип: КВ-1,5 => DN 15, рік випуску: 2003, показники: 0, балансоутримувач: КП "ВДК" додано до БД користувачем [Коваль Людмила].
[22-Aug-2025 11:37:48 Europe/Helsinki] NewDATA [INFO] Новий лічильник номер: 301485, тип: КВ-1,5 => DN 15, рік випуску: 2003, показники: 0, балансоутримувач: КП "ТКЕ" додано до БД користувачем [Коваль Людмила].
[22-Aug-2025 11:38:09 Europe/Helsinki] NewDATA [INFO] Новий лічильник номер: 412057, тип: КВ-1,5 => DN 15, рік випуску: 2003, показники: 0, балансоутримувач: КП "ВДК" додано до БД користувачем [Коваль Людмила].
[22-Aug-2025 11:38:33 Europe/Helsinki] NewDATA [INFO] Новий лічильник номер: 301205, тип: КВ-1,5 => DN 15, рік випуску: 2003, показники: 0, балансоутримувач: КП "ТКЕ" додано до БД користувачем [Коваль Людмила].
[22-Aug-2025 11:38:35 Europe/Helsinki] EditDATA [INFO] За адресою вул. Самострова, буд. 9, кв. 140 користувачем [Коваль Людмила] було додано лічильники: 412041, 301485, 412057, 301205].
[22-Aug-2025 12:24:10 Europe/Helsinki] NewDATA [INFO] Нова адреса вул. Красносільського, буд. 79, кв. 159, тел. +38 (093) 936-51-10 додана до БД користувачем [Сусло Тетяна].
[22-Aug-2025 12:24:28 Europe/Helsinki] NewDATA [INFO] Нова заявка Повірка, адреса: вул. Красносільського 79, кв. 159, лічильники: БЕЗ НОМЕРА - 2 шт., вартість: 700 грн., примітки: 13-17 додано до БД користувачем [Сусло Тетяна].
[2025-08-22T12:24:30.834] [INFO] DataBase - У заявці Повірка від 22 серпня 2025 р. за адресою вул. Красносільського, буд. 79, кв. 159 додано виконавця Сірий та додано дату виконання 25 серпня 2025 р. користувачем [Сусло Тетяна].
[22-Aug-2025 12:25:19 Europe/Helsinki] NewDATA [INFO] Нова адреса вул. Всіхсвятська, буд. 6, кв. 54, тел. +38 (093) 483-49-89 додана до БД користувачем [Сусло Тетяна].
[22-Aug-2025 12:25:41 Europe/Helsinki] NewDATA [INFO] Нова заявка Повірка, адреса: вул. Всіхсвятська 6, кв. 54, лічильники: БЕЗ НОМЕРА - 2 шт., вартість: 700 грн., примітки: 13-17, за 30 хв додано до БД користувачем [Сусло Тетяна].
[2025-08-22T12:25:44.716] [INFO] DataBase - У заявці Повірка від 22 серпня 2025 р. за адресою вул. Всіхсвятська, буд. 6, кв. 54 додано виконавця ЗАПЛАНОВАНІ та додано дату виконання 26 серпня 2025 р. користувачем [Сусло Тетяна].
[22-Aug-2025 12:26:43 Europe/Helsinki] EditDATA [INFO] За адресою вул. Тероборони 6, кв. 54 користувачем [Сусло Тетяна] змінені номери телефонів з +38(0462)69-03-49 на +38(098)108-60-81, при створенні нової заявки [Повірка] від 22.08.2025.
[22-Aug-2025 12:26:43 Europe/Helsinki] NewDATA [INFO] Нова заявка Повірка, адреса: вул. Тероборони 6, кв. 54, лічильники: БЕЗ НОМЕРА - 1 шт., вартість: 350 грн., примітки: 13-17, за 1 день нагадать додано до БД користувачем [Сусло Тетяна].
[2025-08-22T12:26:46.748] [INFO] DataBase - У заявці Повірка від 22 серпня 2025 р. за адресою вул. Тероборони, буд. 6, кв. 54 додано виконавця ЗАПЛАНОВАНІ та додано дату виконання 29 серпня 2025 р. користувачем [Сусло Тетяна].
[22-Aug-2025 13:14:56 Europe/Helsinki] NewDATA [INFO] Нова адреса просп. Перемоги, буд. 27, кв. 25, тел. +38 (093) 564-95-45 +38 (063) 802-70-11 додана до БД користувачем [Сусло Тетяна].
[22-Aug-2025 13:15:39 Europe/Helsinki] NewDATA [INFO] Нова заявка Повірка, адреса: просп. Перемоги 27, кв. 25, лічильники: БЕЗ НОМЕРА - 2 шт., вартість: 700 грн., примітки: 8-13, за 1 день нагадать додано до БД користувачем [Сусло Тетяна].
[2025-08-22T13:15:43.088] [INFO] DataBase - У заявці Повірка від 22 серпня 2025 р. за адресою просп. Перемоги, буд. 27, кв. 25 додано виконавця ЗАПЛАНОВАНІ та додано дату виконання 9 жовтня 2025 р. користувачем [Сусло Тетяна].
[22-Aug-2025 13:16:33 Europe/Helsinki] NewDATA [INFO] Нова адреса вул. Леонтовича Миколи, буд. 3, кв. 34, тел. +38 (063) 338-61-23 додана до БД користувачем [Сусло Тетяна].
[22-Aug-2025 13:17:07 Europe/Helsinki] NewDATA [INFO] Нова заявка Повірка, адреса: вул. Леонтовича Миколи 3, кв. 34, лічильники: БЕЗ НОМЕРА - 2 шт., вартість: 700 грн., примітки: 14-17, за 30 хв, нагадать за день додано до БД користувачем [Сусло Тетяна].
[2025-08-22T13:17:10.652] [INFO] DataBase - У заявці Повірка від 22 серпня 2025 р. за адресою вул. Леонтовича Миколи, буд. 3, кв. 34 додано виконавця ЗАПЛАНОВАНІ та додано дату виконання 22 вересня 2025 р. користувачем [Сусло Тетяна].
[22-Aug-2025 14:10:45 Europe/Helsinki] EditDATA [INFO] За адресою вул. Генерала Пухова 140, кв. 114 користувачем [Коваль Людмила] змінені номери телефонів з +38(093)635-86-96, +38(0462)60-62-25 на +38(093)635-86-96, при створенні нової заявки [Повірка] від 22.08.2025.
[22-Aug-2025 14:10:45 Europe/Helsinki] NewDATA [INFO] Нова заявка Повірка, адреса: вул. Генерала Пухова 140, кв. 114, лічильники: БЕЗ НОМЕРА - 2 шт., вартість: 660 грн., примітки: 8-13 додано до БД користувачем [Коваль Людмила].
[2025-08-22T14:10:51.507] [INFO] DataBase - У заявці Повірка від 22 серпня 2025 р. за адресою вул. Генерала Пухова, буд. 140, кв. 114 додано виконавця ЗАПЛАНОВАНІ та додано дату виконання 26 серпня 2025 р. користувачем [Коваль Людмила].
[22-Aug-2025 14:19:58 Europe/Helsinki] NewDATA [INFO] Нова адреса просп. Грушевського Михайла, буд. 165, корп. А, кв. 117, тел. +38 (063) 493-08-72 додана до БД користувачем [Коваль Людмила].
[22-Aug-2025 14:24:24 Europe/Helsinki] NewDATA [INFO] Нова адреса просп. Грушевського Михайла, буд. 165, корп. 2, кв. 117, тел. +38 (063) 493-08-72 додана до БД користувачем [Коваль Людмила].
[22-Aug-2025 14:24:59 Europe/Helsinki] NewDATA [INFO] Нова заявка Повірка, адреса: просп. Грушевського Михайла 165 корпус 2, кв. 117, лічильники: БЕЗ НОМЕРА - 4 шт., вартість: 1320 грн., примітки: 8-13 додано до БД користувачем [Коваль Людмила].
[2025-08-22T14:25:06.042] [INFO] DataBase - У заявці Повірка від 22 серпня 2025 р. за адресою просп. Грушевського Михайла, буд. 165, корп. 2, кв. 117 додано виконавця ЗАПЛАНОВАНІ та додано дату виконання 22 вересня 2025 р. користувачем [Коваль Людмила].
[22-Aug-2025 14:25:55 Europe/Helsinki] NewDATA [INFO] Нова адреса вул. Савчука, буд. 1, кв. 178, тел. +38 (095) 385-26-00 додана до БД користувачем [Коваль Людмила].
[22-Aug-2025 14:33:45 Europe/Helsinki] NewDATA [INFO] Нова заявка Повірка, адреса: вул. Савчука 1, кв. 178, лічильники: БЕЗ НОМЕРА - 1 шт., вартість: 350 грн., примітки: гор.9-13 додано до БД користувачем [Коваль Людмила].
[2025-08-22T14:33:50.291] [INFO] DataBase - У заявці Повірка від 22 серпня 2025 р. за адресою вул. Савчука, буд. 1, кв. 178 додано виконавця ЗАПЛАНОВАНІ та додано дату виконання 27 серпня 2025 р. користувачем [Коваль Людмила].
[22-Aug-2025 14:34:50 Europe/Helsinki] NewDATA [INFO] Нова заявка Повірка, адреса: вул. Незалежності 80, кв. 80, лічильники: БЕЗ НОМЕРА - 2 шт., вартість: 700 грн., примітки: після 15.00 додано до БД користувачем [Коваль Людмила].
[2025-08-22T14:34:55.253] [INFO] DataBase - У заявці Повірка від 22 серпня 2025 р. за адресою вул. Незалежності, буд. 80, кв. 80 додано виконавця Сірий та додано дату виконання 25 серпня 2025 р. користувачем [Коваль Людмила].
[22-Aug-2025 14:36:24 Europe/Helsinki] NewDATA [INFO] Нова адреса просп. Миру, буд. 180, кв. 72, тел. +38 (063) 053-43-29 додана до БД користувачем [Коваль Людмила].
[22-Aug-2025 14:36:58 Europe/Helsinki] NewDATA [INFO] Нова заявка Заміна, адреса: просп. Миру 180, кв. 72, лічильники: БЕЗ НОМЕРА - 1 шт., вартість: 1100 грн., примітки: хол.кух.13-17 додано до БД користувачем [Коваль Людмила].
[2025-08-22T14:37:02.054] [INFO] DataBase - У заявці Заміна від 22 серпня 2025 р. за адресою просп. Миру, буд. 180, кв. 72 додано виконавця Баранов та додано дату виконання 27 серпня 2025 р. користувачем [Коваль Людмила].
[22-Aug-2025 14:37:15 Europe/Helsinki] NewDATA [INFO] Нова адреса просп. Левка Лукяненка, буд. 12, корп. Б, кв. 24, тел. +38 (066) 343-84-82 додана до БД користувачем [Сусло Тетяна].
[22-Aug-2025 14:37:47 Europe/Helsinki] NewDATA [INFO] Нова заявка Повірка, адреса: просп. Левка Лукяненка 12 корпус Б, кв. 24, лічильники: БЕЗ НОМЕРА - 2 шт., вартість: 700 грн., примітки: 12-17, за 30 хв додано до БД користувачем [Сусло Тетяна].
[2025-08-22T14:37:50.483] [INFO] DataBase - У заявці Повірка від 22 серпня 2025 р. за адресою просп. Левка Лукяненка, буд. 12, корп. Б, кв. 24 додано виконавця ЗАПЛАНОВАНІ та додано дату виконання 26 серпня 2025 р. користувачем [Сусло Тетяна].
[22-Aug-2025 14:39:29 Europe/Helsinki] NewDATA [INFO] Нова заявка Заміна, адреса: вул. Незалежності 52, кв. 49, лічильники: 7465229, виконавець: Баранов, вартість: 400 грн., примітки: 13-17, хв, №7465229 додано до БД користувачем [Сусло Тетяна].
[2025-08-22T14:39:32.340] [INFO] DataBase - У заявці Заміна від 22 серпня 2025 р. за адресою вул. Незалежності, буд. 52, кв. 49 додано дату виконання 28 серпня 2025 р. користувачем [Сусло Тетяна].
[22-Aug-2025 14:53:14 Europe/Helsinki] EditDATA [INFO] Для заявки Повірка від 21.08.2025 користувачем [Коваль Людмила] змінено виконавця з ЗАПЛАНОВАНІ на Шкуліпа.
[22-Aug-2025 14:53:23 Europe/Helsinki] EditDATA [INFO] Для заявки Повірка від 18.08.2025 користувачем [Коваль Людмила] змінено виконавця з ЗАПЛАНОВАНІ на Шкуліпа.
[22-Aug-2025 14:53:32 Europe/Helsinki] EditDATA [INFO] Для заявки Повірка від 07.08.2025 користувачем [Коваль Людмила] змінено виконавця з ЗАПЛАНОВАНІ на Шкуліпа.
[22-Aug-2025 15:00:04 Europe/Helsinki] NewDATA [INFO] Нова адреса вул. Всіхсвятська, буд. 12, корп. А, кв. 29, тел. +38 (096) 704-74-78 додана до БД користувачем [Сусло Тетяна].
[22-Aug-2025 15:00:25 Europe/Helsinki] NewDATA [INFO] Нова заявка Повірка, адреса: вул. Всіхсвятська 12 корпус А, кв. 29, лічильники: БЕЗ НОМЕРА - 2 шт., вартість: 700 грн., примітки: 13-17, код 28 додано до БД користувачем [Сусло Тетяна].
[2025-08-22T15:00:28.124] [INFO] DataBase - У заявці Повірка від 22 серпня 2025 р. за адресою вул. Всіхсвятська, буд. 12, корп. А, кв. 29 додано виконавця ЗАПЛАНОВАНІ та додано дату виконання 28 серпня 2025 р. користувачем [Сусло Тетяна].
[22-Aug-2025 15:11:20 Europe/Helsinki] NewDATA [INFO] Нова адреса вул. Доценка, буд. 24, кв. 211, тел. +38 (063) 468-40-67 додана до БД користувачем [Сусло Тетяна].
[22-Aug-2025 15:11:49 Europe/Helsinki] NewDATA [INFO] Нова заявка Повірка, адреса: вул. Доценка 24, кв. 211, лічильники: БЕЗ НОМЕРА - 4 шт., вартість: 1400 грн., примітки: 13-17 додано до БД користувачем [Сусло Тетяна].
[2025-08-22T15:11:52.410] [INFO] DataBase - У заявці Повірка від 22 серпня 2025 р. за адресою вул. Доценка, буд. 24, кв. 211 додано виконавця ЗАПЛАНОВАНІ та додано дату виконання 4 вересня 2025 р. користувачем [Сусло Тетяна].
[22-Aug-2025 15:29:08 Europe/Helsinki] NewDATA [INFO] Нова адреса просп. Левка Лукяненка, буд. 50, кв. 65, тел. +38 (096) 244-59-22 додана до БД користувачем [Сусло Тетяна].
[22-Aug-2025 15:29:25 Europe/Helsinki] NewDATA [INFO] Нова заявка Повірка, адреса: просп. Левка Лукяненка 50, кв. 65, лічильники: БЕЗ НОМЕРА - 2 шт., вартість: 700 грн., примітки: за 1 год додано до БД користувачем [Сусло Тетяна].
[2025-08-22T15:29:28.463] [INFO] DataBase - У заявці Повірка від 22 серпня 2025 р. за адресою просп. Левка Лукяненка, буд. 50, кв. 65 додано виконавця ЗАПЛАНОВАНІ та додано дату виконання 28 серпня 2025 р. користувачем [Сусло Тетяна].
[2025-08-22T15:43:27.051] [INFO] DataBase - У заявці Повірка від 20 серпня 2025 р. за адресою вул. Балицького, буд. 1, кв. 1 видалено виконавця Шкуліпа та видалено дату виконання 22 серпня 2025 р. користувачем [Сусло Тетяна].
[2025-08-22T15:43:35.328] [INFO] DataBase - У заявці Повірка від 20 серпня 2025 р. за адресою вул. Балицького, буд. 1, кв. 1 додано виконавця Шкуліпа та додано дату виконання 9 вересня 2025 р. користувачем [Сусло Тетяна].
[22-Aug-2025 15:43:43 Europe/Helsinki] EditDATA [INFO] Для заявки Повірка від 20.08.2025 користувачем [Сусло Тетяна] змінено виконавця з Шкуліпа на ЗАПЛАНОВАНІ.
[22-Aug-2025 15:44:01 Europe/Helsinki] EditDATA [INFO] Для заявки Повірка від 20.08.2025 користувачем [Сусло Тетяна] змінено примітки з (часн.сектор).12-16 на (часн.сектор).12-16, подовжувач.
[22-Aug-2025 15:44:43 Europe/Helsinki] NewDATA [INFO] Нова адреса вул. Генерала Пухова, буд. 148, кв. 89, тел. +38 (093) 791-42-43 додана до БД користувачем [Сусло Тетяна].
[22-Aug-2025 15:45:07 Europe/Helsinki] NewDATA [INFO] Нова заявка Повірка, адреса: вул. Генерала Пухова 148, кв. 89, лічильники: БЕЗ НОМЕРА - 2 шт., вартість: 700 грн., примітки: 8-13 додано до БД користувачем [Сусло Тетяна].
[2025-08-22T15:45:11.882] [INFO] DataBase - У заявці Повірка від 22 серпня 2025 р. за адресою вул. Генерала Пухова, буд. 148, кв. 89 додано виконавця ЗАПЛАНОВАНІ та додано дату виконання 11 вересня 2025 р. користувачем [Сусло Тетяна].

