[16-Apr-2025 08:24:55 Europe/Helsinki] EditDATA [INFO] За адресою вул. 1-ї Гвардійської Армії 4, кв. 226 користувачем [Сусло Тетяна] змінені номери телефонів з +38(0462)72-92-99, +38(050)011-31-53, +38(093)637-51-26 на +38(0462)72-92-99, при створенні нової заявки [Повірка] від 16.04.2025.
[16-Apr-2025 08:24:55 Europe/Helsinki] NewDATA [INFO] Нова заявка Повірка, адреса: вул. 1-ї Гвардійської Армії 4, кв. 226, лічильники: БЕЗ НОМЕРА - 1 шт., вартість: 300 грн., примітки: 8-13, 1 гв додано до БД користувачем [Сусло Тетяна].
[2025-04-16T08:24:59.317] [INFO] DataBase - У заявці Повірка від 16 квітня 2025 р. за адресою вул. 1-ї Гвардійської Армії, буд. 4, кв. 226 додано виконавця ЗАПЛАНОВАНІ та додано дату виконання 24 квітня 2025 р. користувачем [Сусло Тетяна].
[16-Apr-2025 08:25:38 Europe/Helsinki] NewDATA [INFO] Нова адреса вул. Доценка, буд. 30, кв. 43, тел. +38 (068) 705-40-88 додана до БД користувачем [Сусло Тетяна].
[16-Apr-2025 08:26:05 Europe/Helsinki] NewDATA [INFO] Нова заявка Повірка, адреса: вул. Доценка 30, кв. 43, лічильники: БЕЗ НОМЕРА - 1 шт., вартість: 300 грн., примітки: 13-17, 1 хв,
 код 357 додано до БД користувачем [Сусло Тетяна].
[2025-04-16T08:26:11.434] [INFO] DataBase - У заявці Повірка від 16 квітня 2025 р. за адресою вул. Доценка, буд. 30, кв. 43 додано виконавця ЗАПЛАНОВАНІ та додано дату виконання 30 квітня 2025 р. користувачем [Сусло Тетяна].
[16-Apr-2025 08:28:31 Europe/Helsinki] NewDATA [INFO] Нова адреса вул. Красносільського, буд. 71, кв. 95, тел. +38 (095) 730-37-52 додана до БД користувачем [Сусло Тетяна].
[16-Apr-2025 08:28:54 Europe/Helsinki] NewDATA [INFO] Нова заявка Повірка, адреса: вул. Красносільського 71, кв. 95, лічильники: БЕЗ НОМЕРА - 2 шт., вартість: 600 грн., примітки: 13-17 додано до БД користувачем [Сусло Тетяна].
[2025-04-16T08:28:58.557] [INFO] DataBase - У заявці Повірка від 16 квітня 2025 р. за адресою вул. Красносільського, буд. 71, кв. 95 додано виконавця ЗАПЛАНОВАНІ та додано дату виконання 29 квітня 2025 р. користувачем [Сусло Тетяна].
[16-Apr-2025 08:29:41 Europe/Helsinki] EditDATA [INFO] За адресою просп. Миру 210, кв. 29 користувачем [Сусло Тетяна] змінені номери телефонів з +38(095)650-78-04 на +38(098)441-94-11, при створенні нової заявки [Повірка] від 16.04.2025.
[16-Apr-2025 08:29:41 Europe/Helsinki] NewDATA [INFO] Нова заявка Повірка, адреса: просп. Миру 210, кв. 29, лічильники: БЕЗ НОМЕРА - 2 шт., вартість: 600 грн., примітки: 8-13 додано до БД користувачем [Сусло Тетяна].
[2025-04-16T08:29:45.317] [INFO] DataBase - У заявці Повірка від 16 квітня 2025 р. за адресою просп. Миру, буд. 210, кв. 29 додано виконавця ЗАПЛАНОВАНІ та додано дату виконання 25 квітня 2025 р. користувачем [Сусло Тетяна].
[16-Apr-2025 08:30:33 Europe/Helsinki] NewDATA [INFO] Нова адреса вул. Ціолковського, буд. 4, кв. 1, тел. +38 (066) 467-80-27 додана до БД користувачем [Сусло Тетяна].
[16-Apr-2025 08:30:54 Europe/Helsinki] NewDATA [INFO] Нова заявка Повірка, адреса: вул. Ціолковського 4, кв. 1, лічильники: БЕЗ НОМЕРА - 2 шт., вартість: 600 грн., примітки: за 1 год додано до БД користувачем [Сусло Тетяна].
[16-Apr-2025 08:32:06 Europe/Helsinki] NewDATA [INFO] Нова адреса вул. Красносільського, буд. 75, кв. 76, тел. +38 (063) 391-63-28 додана до БД користувачем [Сусло Тетяна].
[16-Apr-2025 08:32:33 Europe/Helsinki] NewDATA [INFO] Нова заявка Повірка, адреса: вул. Красносільського 75, кв. 76, лічильники: БЕЗ НОМЕРА - 2 шт., вартість: 600 грн., примітки: 8-13 додано до БД користувачем [Сусло Тетяна].
[2025-04-16T08:32:40.871] [INFO] DataBase - У заявці Повірка від 16 квітня 2025 р. за адресою вул. Красносільського, буд. 75, кв. 76 додано виконавця ЗАПЛАНОВАНІ та додано дату виконання 8 травня 2025 р. користувачем [Сусло Тетяна].
[2025-04-16T08:32:54.319] [INFO] DataBase - У заявці Повірка від 16 квітня 2025 р. за адресою вул. Ціолковського, буд. 4, кв. 1 додано виконавця ЗАПЛАНОВАНІ та додано дату виконання 18 квітня 2025 р. користувачем [Сусло Тетяна].
[16-Apr-2025 08:32:58 Europe/Helsinki] EditDATA [INFO] Для заявки Повірка від 03.04.2025 користувачем [Коваль Людмила] змінено виконавця з ЗАПЛАНОВАНІ на Шкуліпа.
[16-Apr-2025 08:33:08 Europe/Helsinki] EditDATA [INFO] Для заявки Повірка від 10.04.2025 користувачем [Коваль Людмила] змінено виконавця з ЗАПЛАНОВАНІ на Шкуліпа.
[16-Apr-2025 08:33:19 Europe/Helsinki] EditDATA [INFO] Для заявки Повірка від 10.04.2025 користувачем [Коваль Людмила] змінено виконавця з ЗАПЛАНОВАНІ на Шкуліпа.
[16-Apr-2025 08:33:29 Europe/Helsinki] EditDATA [INFO] Для заявки Повірка від 08.04.2025 користувачем [Коваль Людмила] змінено виконавця з ЗАПЛАНОВАНІ на Шкуліпа.
[16-Apr-2025 08:42:45 Europe/Helsinki] EditDATA [INFO] Для заявки Повірка від 10.04.2025 користувачем [Коваль Людмила] змінено виконавця з ЗАПЛАНОВАНІ на Шкуліпа.
[16-Apr-2025 08:42:57 Europe/Helsinki] EditDATA [INFO] Для заявки Повірка від 07.04.2025 користувачем [Коваль Людмила] змінено виконавця з ЗАПЛАНОВАНІ на Шкуліпа.
[16-Apr-2025 08:43:07 Europe/Helsinki] EditDATA [INFO] Для заявки Повірка від 10.04.2025 користувачем [Коваль Людмила] змінено виконавця з ЗАПЛАНОВАНІ на Шкуліпа.
[16-Apr-2025 08:44:44 Europe/Helsinki] EditDATA [INFO] Для заявки Повірка від 08.04.2025 користувачем [Коваль Людмила] змінено виконавця з ЗАПЛАНОВАНІ на Шкуліпа.
[16-Apr-2025 08:54:24 Europe/Helsinki] EditDATA [INFO] Для заявки Повірка від 08.04.2025 користувачем [Сусло Тетяна] змінено примітки з 13-17,пер.за 30 хв. на 13-17,пер.за 1 год.
[16-Apr-2025 08:59:24 Europe/Helsinki] NewDATA [INFO] Нова адреса вул. Всіхсвятська, буд. 18, кв. 135, тел. +38 (097) 777-23-31 додана до БД користувачем [Коваль Людмила].
[16-Apr-2025 08:59:57 Europe/Helsinki] NewDATA [INFO] Нова заявка Повірка, адреса: вул. Всіхсвятська 18, кв. 135, лічильники: БЕЗ НОМЕРА - 2 шт., вартість: 600 грн., примітки: 13-17,пер.за час додано до БД користувачем [Коваль Людмила].
[2025-04-16T09:00:03.314] [INFO] DataBase - У заявці Повірка від 16 квітня 2025 р. за адресою вул. Всіхсвятська, буд. 18, кв. 135 додано виконавця ЗАПЛАНОВАНІ та додано дату виконання 30 квітня 2025 р. користувачем [Коваль Людмила].
[16-Apr-2025 09:00:28 Europe/Helsinki] NewDATA [INFO] Нова адреса вул. Мстиславська, буд. 109, кв. 4, тел. +38 (097) 782-45-15 додана до БД користувачем [Сусло Тетяна].
[16-Apr-2025 09:00:42 Europe/Helsinki] NewDATA [INFO] Нова адреса вул. Мстиславська, буд. 38, кв. 112, тел. +38 (098) 600-15-43 додана до БД користувачем [Коваль Людмила].
[16-Apr-2025 09:01:03 Europe/Helsinki] NewDATA [INFO] Нова заявка Повірка, адреса: вул. Мстиславська 109, кв. 4, лічильники: БЕЗ НОМЕРА - 2 шт., вартість: 600 грн., примітки: 8-13, за 30 хв, приїде з Городні додано до БД користувачем [Сусло Тетяна].
[2025-04-16T09:01:07.169] [INFO] DataBase - У заявці Повірка від 16 квітня 2025 р. за адресою вул. Мстиславська, буд. 109, кв. 4 додано виконавця ЗАПЛАНОВАНІ та додано дату виконання 14 травня 2025 р. користувачем [Сусло Тетяна].
[16-Apr-2025 09:01:23 Europe/Helsinki] NewDATA [INFO] Нова заявка Повірка, адреса: вул. Мстиславська 38, кв. 112, лічильники: БЕЗ НОМЕРА - 2 шт., вартість: 600 грн., примітки: 13-17 додано до БД користувачем [Коваль Людмила].
[2025-04-16T09:01:30.243] [INFO] DataBase - У заявці Повірка від 16 квітня 2025 р. за адресою вул. Мстиславська, буд. 38, кв. 112 додано виконавця ЗАПЛАНОВАНІ та додано дату виконання 18 квітня 2025 р. користувачем [Коваль Людмила].
[16-Apr-2025 09:02:24 Europe/Helsinki] EditDATA [INFO] За адресою вул. Любецька 11, кв. 37 користувачем [Коваль Людмила] змінені номери телефонів з +38(063)161-60-47, +38(095)414-27-09 на +38(099)903-65-55, при створенні нової заявки [Повірка] від 16.04.2025.
[16-Apr-2025 09:02:24 Europe/Helsinki] NewDATA [INFO] Нова заявка Повірка, адреса: вул. Любецька 11, кв. 37, лічильники: БЕЗ НОМЕРА - 2 шт., вартість: 600 грн., примітки: 8-13,пер.за час додано до БД користувачем [Коваль Людмила].
[2025-04-16T09:02:28.840] [INFO] DataBase - У заявці Повірка від 16 квітня 2025 р. за адресою вул. Любецька, буд. 11, кв. 37 додано виконавця ЗАПЛАНОВАНІ та додано дату виконання 30 квітня 2025 р. користувачем [Коваль Людмила].
[16-Apr-2025 09:31:20 Europe/Helsinki] DellTASK [INFO] Повірка від 14.04.2025 для адреси вул. Чорновола Вячеслава, буд. 13, кв. 104 для лічильника БЕЗ НОМЕРА - 4 шт. було завершено користувачем [Коваль Людмила] з коментарем: виконано.
[16-Apr-2025 10:19:55 Europe/Helsinki] EditDATA [INFO] Для заявки Повірка від 16.04.2025 користувачем [Коваль Людмила] змінено виконавця з ЗАПЛАНОВАНІ на Шкуліпа.
[16-Apr-2025 10:20:05 Europe/Helsinki] EditDATA [INFO] Для заявки Повірка від 14.04.2025 користувачем [Коваль Людмила] змінено виконавця з ЗАПЛАНОВАНІ на Шкуліпа.
[16-Apr-2025 10:20:14 Europe/Helsinki] EditDATA [INFO] Для заявки Повірка від 11.04.2025 користувачем [Коваль Людмила] змінено виконавця з ЗАПЛАНОВАНІ на Шкуліпа.
[16-Apr-2025 10:20:29 Europe/Helsinki] EditDATA [INFO] Для заявки Повірка від 10.04.2025 користувачем [Коваль Людмила] змінено виконавця з ЗАПЛАНОВАНІ на Шкуліпа.
[16-Apr-2025 10:20:51 Europe/Helsinki] NewDATA [INFO] Нова адреса вул. Ціолковського, буд. 4, кв. 108, тел. +38 (067) 977-65-23 додана до БД користувачем [Сусло Тетяна].
[16-Apr-2025 10:21:46 Europe/Helsinki] NewDATA [INFO] Нова адреса вул. Гонча, буд. 31, кв. 39, тел. +38 (063) 516-30-91 додана до БД користувачем [Коваль Людмила].
[16-Apr-2025 10:21:46 Europe/Helsinki] NewDATA [INFO] Нова заявка Повірка, адреса: вул. Ціолковського 4, кв. 108, лічильники: БЕЗ НОМЕРА - 1 шт., вартість: 300 грн., примітки: 8-13, 1 гв додано до БД користувачем [Сусло Тетяна].
[2025-04-16T10:21:51.075] [INFO] DataBase - У заявці Повірка від 16 квітня 2025 р. за адресою вул. Ціолковського, буд. 4, кв. 108 додано виконавця ЗАПЛАНОВАНІ та додано дату виконання 13 травня 2025 р. користувачем [Сусло Тетяна].
[16-Apr-2025 10:22:24 Europe/Helsinki] NewDATA [INFO] Нова заявка Повірка, адреса: вул. Гонча 31, кв. 39, лічильники: БЕЗ НОМЕРА - 4 шт., вартість: 1200 грн., примітки: 13-17,пер.за 10 хв. додано до БД користувачем [Коваль Людмила].
[2025-04-16T10:22:30.213] [INFO] DataBase - У заявці Повірка від 16 квітня 2025 р. за адресою вул. Гонча, буд. 31, кв. 39 додано виконавця ЗАПЛАНОВАНІ та додано дату виконання 6 травня 2025 р. користувачем [Коваль Людмила].
[16-Apr-2025 10:28:36 Europe/Helsinki] EditDATA [INFO] Для заявки Повірка від 10.03.2025 користувачем [Сусло Тетяна] змінено примітки з 8-13 на 8-13, за 1 день зателефонуємо.
[16-Apr-2025 11:07:32 Europe/Helsinki] EditDATA [INFO] За адресою вул. Доценка 28, кв. 67 користувачем [Коваль Людмила] змінені номери телефонів з +38(063)585-50-44, +38(096)701-15-50 на +38(096)701-15-50, при створенні нової заявки [Повірка] від 16.04.2025.
[16-Apr-2025 11:07:33 Europe/Helsinki] NewDATA [INFO] Нова заявка Повірка, адреса: вул. Доценка 28, кв. 67, лічильники: БЕЗ НОМЕРА - 2 шт., вартість: 600 грн., примітки: 13-17 додано до БД користувачем [Коваль Людмила].
[2025-04-16T11:07:39.254] [INFO] DataBase - У заявці Повірка від 16 квітня 2025 р. за адресою вул. Доценка, буд. 28, кв. 67 додано виконавця ЗАПЛАНОВАНІ та додано дату виконання 23 квітня 2025 р. користувачем [Коваль Людмила].
[16-Apr-2025 11:08:36 Europe/Helsinki] EditDATA [INFO] За адресою вул. Київська 2, кв. 29 користувачем [Коваль Людмила] змінені номери телефонів з +38(093)037-96-58, +38(094)896-26-23 на +38(068)101-77-41, при створенні нової заявки [Повірка] від 16.04.2025.
[16-Apr-2025 11:08:36 Europe/Helsinki] NewDATA [INFO] Нова заявка Повірка, адреса: вул. Київська 2, кв. 29, лічильники: БЕЗ НОМЕРА - 1 шт., вартість: 300 грн., примітки: 13-17,пер.за 30 хв. додано до БД користувачем [Коваль Людмила].
[2025-04-16T11:08:42.886] [INFO] DataBase - У заявці Повірка від 16 квітня 2025 р. за адресою вул. Київська, буд. 2, кв. 29 додано виконавця ЗАПЛАНОВАНІ та додано дату виконання 18 квітня 2025 р. користувачем [Коваль Людмила].
[16-Apr-2025 11:09:26 Europe/Helsinki] NewDATA [INFO] Нова адреса вул. Незалежності, буд. 52, кв. 5, тел. +38 (050) 921-20-50 додана до БД користувачем [Коваль Людмила].
[16-Apr-2025 11:09:55 Europe/Helsinki] NewDATA [INFO] Нова заявка Повірка, адреса: вул. Незалежності 52, кв. 5, лічильники: БЕЗ НОМЕРА - 2 шт., вартість: 600 грн., примітки: 13-17 додано до БД користувачем [Коваль Людмила].
[2025-04-16T11:10:09.791] [INFO] DataBase - У заявці Повірка від 16 квітня 2025 р. за адресою вул. Незалежності, буд. 52, кв. 5 додано виконавця ЗАПЛАНОВАНІ та додано дату виконання 29 квітня 2025 р. користувачем [Коваль Людмила].
[16-Apr-2025 11:11:12 Europe/Helsinki] NewDATA [INFO] Нова адреса вул. Доценка, буд. 5, корп. А, кв. 19, тел. +38 (063) 856-73-10 додана до БД користувачем [Коваль Людмила].
[16-Apr-2025 11:11:57 Europe/Helsinki] NewDATA [INFO] Нова заявка Повірка, адреса: вул. Доценка 5 корпус А, кв. 19, лічильники: БЕЗ НОМЕРА - 2 шт., вартість: 600 грн., примітки: 13-17 додано до БД користувачем [Коваль Людмила].
[2025-04-16T11:12:03.289] [INFO] DataBase - У заявці Повірка від 16 квітня 2025 р. за адресою вул. Доценка, буд. 5, корп. А, кв. 19 додано виконавця ЗАПЛАНОВАНІ та додано дату виконання 24 квітня 2025 р. користувачем [Коваль Людмила].
[16-Apr-2025 11:12:59 Europe/Helsinki] EditDATA [INFO] За адресою просп. Левка Лукяненка 70, кв. 182 користувачем [Коваль Людмила] змінені номери телефонів з +38(073)464-56-02, +38(0462)97-36-52, +38(067)737-99-73 на +38(067)737-99-73, при створенні нової заявки [Повірка] від 16.04.2025.
[16-Apr-2025 11:12:59 Europe/Helsinki] NewDATA [INFO] Нова заявка Повірка, адреса: просп. Левка Лукяненка 70, кв. 182, лічильники: БЕЗ НОМЕРА - 2 шт., вартість: 600 грн., примітки: 8-13,ут.хол додано до БД користувачем [Коваль Людмила].
[2025-04-16T11:13:05.826] [INFO] DataBase - У заявці Повірка від 16 квітня 2025 р. за адресою просп. Левка Лукяненка, буд. 70, кв. 182 додано виконавця ЗАПЛАНОВАНІ та додано дату виконання 16 травня 2025 р. користувачем [Коваль Людмила].
[16-Apr-2025 13:18:03 Europe/Helsinki] DellTASK [INFO] Повірка від 10.04.2025 для адреси вул. Радченка Вячеслава, буд. 20, кв. 25 для лічильника БЕЗ НОМЕРА - 4 шт. було завершено користувачем [Коваль Людмила] з коментарем: виконано.
[16-Apr-2025 13:18:20 Europe/Helsinki] DellTASK [INFO] Повірка від 10.04.2025 для адреси вул. Чорновола Вячеслава, буд. 8, кв. 21 для лічильника БЕЗ НОМЕРА - 2 шт. було завершено користувачем [Коваль Людмила] з коментарем: виконано.
[16-Apr-2025 13:18:36 Europe/Helsinki] DellTASK [INFO] Повірка від 10.04.2025 для адреси вул. Старобілоуська, буд. 47, кв. 35 для лічильника БЕЗ НОМЕРА - 2 шт. було завершено користувачем [Коваль Людмила] з коментарем: виконано.
[16-Apr-2025 13:18:48 Europe/Helsinki] DellTASK [INFO] Повірка від 10.04.2025 для адреси вул. Старобілоуська, буд. 47, кв. 36 для лічильника БЕЗ НОМЕРА - 2 шт. було завершено користувачем [Коваль Людмила] з коментарем: виконано.
[16-Apr-2025 13:19:03 Europe/Helsinki] DellTASK [INFO] Повірка від 08.04.2025 для адреси вул. Дніпровська, буд. 2, кв. 57 для лічильника БЕЗ НОМЕРА - 2 шт. було завершено користувачем [Коваль Людмила] з коментарем: виконано.
[16-Apr-2025 13:21:18 Europe/Helsinki] DellTASK [INFO] Повірка від 07.04.2025 для адреси вул. Жабинського, буд. 3, кв. 72 для лічильника БЕЗ НОМЕРА - 2 шт. було завершено користувачем [Коваль Людмила] з коментарем: виконано.
[16-Apr-2025 13:21:32 Europe/Helsinki] DellTASK [INFO] Повірка від 07.04.2025 для адреси вул. Заньковецька, буд. 30, кв. 10 для лічильника БЕЗ НОМЕРА - 4 шт. було завершено користувачем [Коваль Людмила] з коментарем: виконано.
[16-Apr-2025 13:21:47 Europe/Helsinki] DellTASK [INFO] Повірка від 03.04.2025 для адреси вул. Жабинського, буд. 2, корп. Б, кв. 141 для лічильника БЕЗ НОМЕРА - 2 шт. було завершено користувачем [Коваль Людмила] з коментарем: виконано.
[16-Apr-2025 13:22:00 Europe/Helsinki] DellTASK [INFO] Повірка від 02.04.2025 для адреси вул. Мазепи Івана, буд. 37, корп. Г, кв. 1 для лічильника БЕЗ НОМЕРА - 2 шт. було завершено користувачем [Коваль Людмила] з коментарем: виконано.
[16-Apr-2025 13:22:17 Europe/Helsinki] DellTASK [INFO] Повірка від 01.04.2025 для адреси вул. Богуна Івана, буд. 51, кв. 102 для лічильника БЕЗ НОМЕРА - 1 шт. було завершено користувачем [Коваль Людмила] з коментарем: виконано.
[16-Apr-2025 13:23:02 Europe/Helsinki] NewDATA [INFO] Новий лічильник номер: 7300930, тип: ЛК => DN 15, рік випуску: 2017, показники: 0, балансоутримувач: КП "ВДК" додано до БД користувачем [Коваль Людмила].
[16-Apr-2025 13:24:11 Europe/Helsinki] NewDATA [INFO] Новий лічильник номер: 7207074, тип: ЛК => DN 15, рік випуску: 2017, показники: 0, балансоутримувач: КП "ТКЕ" додано до БД користувачем [Коваль Людмила].
[16-Apr-2025 13:24:13 Europe/Helsinki] EditDATA [INFO] За адресою вул. Мазепи Івана, буд. 37, корп. Г, кв. 1 користувачем [Коваль Людмила] було додано лічильники: 7300930, 7207074].
[16-Apr-2025 13:24:57 Europe/Helsinki] NewDATA [INFO] Новий лічильник номер: 7129628, тип: ЛК => DN 15, рік випуску: 2017, показники: 0, балансоутримувач: КП "ВДК" додано до БД користувачем [Коваль Людмила].
[16-Apr-2025 13:25:33 Europe/Helsinki] NewDATA [INFO] Новий лічильник номер: 210099853, тип: GSD8 => DN 15, рік випуску: 2021, показники: 0, балансоутримувач: КП "ТКЕ" додано до БД користувачем [Коваль Людмила].
[16-Apr-2025 13:25:35 Europe/Helsinki] EditDATA [INFO] За адресою вул. Жабинського, буд. 2, корп. Б, кв. 141 користувачем [Коваль Людмила] було додано лічильники: 7129628, 210099853].
[16-Apr-2025 13:26:16 Europe/Helsinki] NewDATA [INFO] Новий лічильник номер: 173548, тип: КВ-1,5 => DN 15, рік випуску: 2008, показники: 0, балансоутримувач: КП "ВДК" додано до БД користувачем [Коваль Людмила].
[16-Apr-2025 13:26:39 Europe/Helsinki] NewDATA [INFO] Новий лічильник номер: 199343, тип: КВ-1,5 => DN 15, рік випуску: 2008, показники: 0, балансоутримувач: КП "ТКЕ" додано до БД користувачем [Коваль Людмила].
[16-Apr-2025 13:26:41 Europe/Helsinki] EditDATA [INFO] За адресою вул. Жабинського, буд. 3, кв. 72 користувачем [Коваль Людмила] було додано лічильники: 173548, 199343].
[16-Apr-2025 13:27:16 Europe/Helsinki] NewDATA [INFO] Новий лічильник номер: 336231, тип: КВ-1,5 => DN 15, рік випуску: 2000, показники: 0, балансоутримувач: КП "ВДК" додано до БД користувачем [Коваль Людмила].
[16-Apr-2025 13:27:18 Europe/Helsinki] EditDATA [INFO] За адресою вул. Чорновола Вячеслава, буд. 8, кв. 21 користувачем [Коваль Людмила] було додано лічильники: 336231].
[16-Apr-2025 13:27:57 Europe/Helsinki] NewDATA [INFO] Новий лічильник номер: 1200078527, тип: ЛК => DN 15, рік випуску: 2021, показники: 0, балансоутримувач: КП "ТКЕ" додано до БД користувачем [Коваль Людмила].
[16-Apr-2025 13:27:59 Europe/Helsinki] EditDATA [INFO] За адресою вул. Богуна Івана, буд. 51, кв. 102 користувачем [Коваль Людмила] було додано лічильники: 1200078527].
[16-Apr-2025 13:28:34 Europe/Helsinki] NewDATA [INFO] Новий лічильник номер: 475498, тип: КВ-1,5 => DN 15, рік випуску: 2002, показники: 0, балансоутримувач: КП "ВДК" додано до БД користувачем [Коваль Людмила].
[16-Apr-2025 13:28:56 Europe/Helsinki] NewDATA [INFO] Новий лічильник номер: 521761, тип: КВ-1,5 => DN 15, рік випуску: 2002, показники: 0, балансоутримувач: КП "ТКЕ" додано до БД користувачем [Коваль Людмила].
[16-Apr-2025 13:28:57 Europe/Helsinki] EditDATA [INFO] За адресою вул. Дніпровська, буд. 2, кв. 57 користувачем [Коваль Людмила] було додано лічильники: 475498, 521761].
[16-Apr-2025 13:35:17 Europe/Helsinki] NewDATA [INFO] Новий лічильник номер: 97147214, тип: ETK-U => DN 15, рік випуску: 1997, показники: 0, балансоутримувач: КП "ВДК" додано до БД користувачем [Коваль Людмила].
[16-Apr-2025 13:36:09 Europe/Helsinki] NewDATA [INFO] Новий лічильник номер: 07296862, тип: ETW-AM => DN 15, рік випуску: 2007, показники: 0, балансоутримувач: КП "ТКЕ" додано до БД користувачем [Коваль Людмила].
[16-Apr-2025 13:36:12 Europe/Helsinki] EditDATA [INFO] За адресою вул. Старобілоуська, буд. 47, кв. 35 користувачем [Коваль Людмила] було додано лічильники: 97147214, 07296862].
[16-Apr-2025 13:37:32 Europe/Helsinki] NewDATA [INFO] Новий лічильник номер: 211362115, тип: СВК => DN 15, рік випуску: 2021, показники: 0, балансоутримувач: КП "ВДК" додано до БД користувачем [Коваль Людмила].
[16-Apr-2025 13:37:56 Europe/Helsinki] NewDATA [INFO] Новий лічильник номер: 211364287, тип: СВК => DN 15, рік випуску: 2021, показники: 0, балансоутримувач: КП "ТКЕ" додано до БД користувачем [Коваль Людмила].
[16-Apr-2025 13:37:58 Europe/Helsinki] EditDATA [INFO] За адресою вул. Старобілоуська, буд. 47, кв. 36 користувачем [Коваль Людмила] було додано лічильники: 211362115, 211364287].
[16-Apr-2025 14:19:23 Europe/Helsinki] NewDATA [INFO] Нова адреса вул. Мстиславська, буд. 45, кв. 19, тел. +38 (066) 787-17-93 додана до БД користувачем [Коваль Людмила].
[16-Apr-2025 14:20:11 Europe/Helsinki] NewDATA [INFO] Нова заявка Заміна, адреса: вул. Мстиславська 45, кв. 19, лічильники: БЕЗ НОМЕРА - 2 шт., вартість: 2200 грн., примітки: с/в,хол.гор.на протязі дня.пер.за 30 хв додано до БД користувачем [Коваль Людмила].
[2025-04-16T14:20:15.991] [INFO] DataBase - У заявці Заміна від 16 квітня 2025 р. за адресою вул. Мстиславська, буд. 45, кв. 19 додано виконавця Баранов та додано дату виконання 17 квітня 2025 р. користувачем [Коваль Людмила].
[16-Apr-2025 14:21:03 Europe/Helsinki] NewDATA [INFO] Нова заявка Заміна, адреса: просп. Перемоги 162, кв. 106, лічильники: 14621657, 14621656, вартість: 2200 грн., примітки: 8-13,хол.гор. додано до БД користувачем [Коваль Людмила].
[2025-04-16T14:21:12.748] [INFO] DataBase - У заявці Заміна від 16 квітня 2025 р. за адресою просп. Перемоги, буд. 162, кв. 106 додано виконавця Баранов та додано дату виконання 28 квітня 2025 р. користувачем [Коваль Людмила].
[16-Apr-2025 14:22:00 Europe/Helsinki] NewDATA [INFO] Нова заявка Заміна, адреса: вул. Мезенцева Юрія 80, кв. 77, лічильники: БЕЗ НОМЕРА - 1 шт., вартість: 1100 грн., примітки: хол.кух.9-13 додано до БД користувачем [Коваль Людмила].
[2025-04-16T14:22:04.101] [INFO] DataBase - У заявці Заміна від 16 квітня 2025 р. за адресою вул. Мезенцева Юрія, буд. 80, кв. 77 додано виконавця Баранов та додано дату виконання 17 квітня 2025 р. користувачем [Коваль Людмила].
[16-Apr-2025 14:26:27 Europe/Helsinki] EditDATA [INFO] Для заявки Повірка від 15.04.2025 користувачем [Коваль Людмила] змінено виконавця з ЗАПЛАНОВАНІ на Ващенко.
[16-Apr-2025 14:26:37 Europe/Helsinki] EditDATA [INFO] Для заявки Повірка від 08.04.2025 користувачем [Коваль Людмила] змінено виконавця з ЗАПЛАНОВАНІ на Ващенко.
[16-Apr-2025 14:26:47 Europe/Helsinki] EditDATA [INFO] Для заявки Повірка від 08.04.2025 користувачем [Коваль Людмила] змінено виконавця з ЗАПЛАНОВАНІ на Ващенко.
[16-Apr-2025 14:26:57 Europe/Helsinki] EditDATA [INFO] Для заявки Повірка від 08.04.2025 користувачем [Коваль Людмила] змінено виконавця з ЗАПЛАНОВАНІ на Ващенко.
[16-Apr-2025 14:27:05 Europe/Helsinki] EditDATA [INFO] Для заявки Повірка від 08.04.2025 користувачем [Коваль Людмила] змінено виконавця з ЗАПЛАНОВАНІ на Ващенко.
[16-Apr-2025 14:27:15 Europe/Helsinki] EditDATA [INFO] Для заявки Повірка від 07.04.2025 користувачем [Коваль Людмила] змінено виконавця з ЗАПЛАНОВАНІ на Ващенко.
[16-Apr-2025 14:27:24 Europe/Helsinki] EditDATA [INFO] Для заявки Повірка від 07.04.2025 користувачем [Коваль Людмила] змінено виконавця з ЗАПЛАНОВАНІ на Ващенко.
[16-Apr-2025 14:27:34 Europe/Helsinki] EditDATA [INFO] Для заявки Повірка від 03.04.2025 користувачем [Коваль Людмила] змінено виконавця з ЗАПЛАНОВАНІ на Ващенко.
[16-Apr-2025 14:31:18 Europe/Helsinki] NewDATA [INFO] Нова адреса вул. Котляревського, буд. 34, кв. 91, тел. +38 (097) 696-81-42 додана до БД користувачем [Сусло Тетяна].
[16-Apr-2025 14:32:05 Europe/Helsinki] NewDATA [INFO] Нова заявка Повірка, адреса: вул. Котляревського 34, кв. 91, лічильники: БЕЗ НОМЕРА - 1 шт., вартість: 300 грн., примітки: 10-14, за 1 год, 1 хв додано до БД користувачем [Сусло Тетяна].
[2025-04-16T14:32:08.649] [INFO] DataBase - У заявці Повірка від 16 квітня 2025 р. за адресою вул. Котляревського, буд. 34, кв. 91 додано виконавця ЗАПЛАНОВАНІ та додано дату виконання 18 квітня 2025 р. користувачем [Сусло Тетяна].
[16-Apr-2025 14:32:49 Europe/Helsinki] NewDATA [INFO] Нова адреса вул. Мстиславська, буд. 140, кв. 39, тел. +38 (066) 157-06-85 додана до БД користувачем [Сусло Тетяна].
[16-Apr-2025 14:33:10 Europe/Helsinki] NewDATA [INFO] Нова заявка Повірка, адреса: вул. Мстиславська 140, кв. 39, лічильники: БЕЗ НОМЕРА - 1 шт., вартість: 300 грн., примітки: 8-13,, 1хв додано до БД користувачем [Сусло Тетяна].
[2025-04-16T14:33:14.542] [INFO] DataBase - У заявці Повірка від 16 квітня 2025 р. за адресою вул. Мстиславська, буд. 140, кв. 39 додано виконавця ЗАПЛАНОВАНІ та додано дату виконання 25 квітня 2025 р. користувачем [Сусло Тетяна].
[16-Apr-2025 14:34:11 Europe/Helsinki] NewDATA [INFO] Нова адреса вул. Корольова, буд. 14, корп. А, кв. 46, тел. +38 (096) 075-62-22 додана до БД користувачем [Сусло Тетяна].
[16-Apr-2025 14:34:39 Europe/Helsinki] NewDATA [INFO] Нова заявка Повірка, адреса: вул. Корольова 14 корпус А, кв. 46, лічильники: БЕЗ НОМЕРА - 2 шт., вартість: 600 грн., примітки: 13-17, код 38 додано до БД користувачем [Сусло Тетяна].
[2025-04-16T14:34:44.133] [INFO] DataBase - У заявці Повірка від 16 квітня 2025 р. за адресою вул. Корольова, буд. 14, корп. А, кв. 46 додано виконавця ЗАПЛАНОВАНІ та додано дату виконання 23 квітня 2025 р. користувачем [Сусло Тетяна].
[16-Apr-2025 14:35:28 Europe/Helsinki] NewDATA [INFO] Нова адреса вул. Тарновського Василя, буд. 30, кв. 37, тел. +38 (093) 495-86-50 додана до БД користувачем [Сусло Тетяна].
[16-Apr-2025 14:36:06 Europe/Helsinki] NewDATA [INFO] Нова заявка Повірка, адреса: вул. Тарновського Василя 30, кв. 37, лічильники: БЕЗ НОМЕРА - 4 шт., вартість: 1200 грн., примітки: 8-13 додано до БД користувачем [Сусло Тетяна].
[2025-04-16T14:36:08.934] [INFO] DataBase - У заявці Повірка від 16 квітня 2025 р. за адресою вул. Тарновського Василя, буд. 30, кв. 37 додано виконавця ЗАПЛАНОВАНІ та додано дату виконання 12 травня 2025 р. користувачем [Сусло Тетяна].
[16-Apr-2025 14:38:49 Europe/Helsinki] NewDATA [INFO] Нова адреса вул. Мстиславська, буд. 45, кв. 22, тел. +38 (093) 409-58-81 додана до БД користувачем [Сусло Тетяна].
[16-Apr-2025 14:39:08 Europe/Helsinki] NewDATA [INFO] Нова заявка Повірка, адреса: вул. Мстиславська 45, кв. 22, лічильники: БЕЗ НОМЕРА - 1 шт., вартість: 300 грн., примітки: 8-13 додано до БД користувачем [Сусло Тетяна].
[2025-04-16T14:39:12.973] [INFO] DataBase - У заявці Повірка від 16 квітня 2025 р. за адресою вул. Мстиславська, буд. 45, кв. 22 додано виконавця ЗАПЛАНОВАНІ та додано дату виконання 6 травня 2025 р. користувачем [Сусло Тетяна].
[16-Apr-2025 14:39:53 Europe/Helsinki] NewDATA [INFO] Нова адреса просп. Левка Лукяненка, буд. 62, кв. 37, тел. +38 (063) 385-25-97 додана до БД користувачем [Сусло Тетяна].
[16-Apr-2025 14:40:20 Europe/Helsinki] NewDATA [INFO] Нова заявка Повірка, адреса: просп. Левка Лукяненка 62, кв. 37, лічильники: БЕЗ НОМЕРА - 4 шт., вартість: 1200 грн., примітки: за 1 год додано до БД користувачем [Сусло Тетяна].
[2025-04-16T14:40:24.261] [INFO] DataBase - У заявці Повірка від 16 квітня 2025 р. за адресою просп. Левка Лукяненка, буд. 62, кв. 37 додано виконавця ЗАПЛАНОВАНІ та додано дату виконання 28 квітня 2025 р. користувачем [Сусло Тетяна].
[16-Apr-2025 14:40:59 Europe/Helsinki] NewDATA [INFO] Нова адреса просп. Левка Лукяненка, буд. 70, кв. 155, тел. +38 (093) 573-63-42 додана до БД користувачем [Сусло Тетяна].
[16-Apr-2025 14:41:44 Europe/Helsinki] NewDATA [INFO] Нова заявка Повірка, адреса: просп. Левка Лукяненка 70, кв. 155, лічильники: БЕЗ НОМЕРА - 2 шт., вартість: 600 грн., примітки: за 1 год додано до БД користувачем [Сусло Тетяна].
[2025-04-16T14:41:50.768] [INFO] DataBase - У заявці Повірка від 16 квітня 2025 р. за адресою просп. Левка Лукяненка, буд. 70, кв. 155 додано виконавця ЗАПЛАНОВАНІ та додано дату виконання 28 квітня 2025 р. користувачем [Сусло Тетяна].
[16-Apr-2025 14:42:31 Europe/Helsinki] NewDATA [INFO] Нова адреса просп. Миру, буд. 211, кв. 64, тел. +38 (099) 627-43-07 додана до БД користувачем [Сусло Тетяна].
[16-Apr-2025 14:43:00 Europe/Helsinki] NewDATA [INFO] Нова заявка Повірка, адреса: просп. Миру 211, кв. 64, лічильники: БЕЗ НОМЕРА - 2 шт., вартість: 600 грн., примітки: 8-13, дом. не працює додано до БД користувачем [Сусло Тетяна].
[2025-04-16T14:43:04.712] [INFO] DataBase - У заявці Повірка від 16 квітня 2025 р. за адресою просп. Миру, буд. 211, кв. 64 додано виконавця ЗАПЛАНОВАНІ та додано дату виконання 25 квітня 2025 р. користувачем [Сусло Тетяна].
[16-Apr-2025 14:43:45 Europe/Helsinki] EditDATA [INFO] Для заявки Повірка від 14.04.2025 користувачем [Сусло Тетяна] змінено примітки з 8-13 на 8-13, св, потрібен переходнік на  3/4 дюйма.
[16-Apr-2025 15:06:49 Europe/Helsinki] EditDATA [INFO] Для заявки Повірка від 08.04.2025 користувачем [Коваль Людмила] змінено виконавця з ЗАПЛАНОВАНІ на Шкуліпа.
[16-Apr-2025 15:07:09 Europe/Helsinki] EditDATA [INFO] Для заявки Повірка від 03.04.2025 користувачем [Коваль Людмила] змінено виконавця з ЗАПЛАНОВАНІ на Шкуліпа.
[16-Apr-2025 15:07:20 Europe/Helsinki] EditDATA [INFO] Для заявки Повірка від 08.04.2025 користувачем [Коваль Людмила] змінено виконавця з ЗАПЛАНОВАНІ на Шкуліпа.
[16-Apr-2025 15:53:35 Europe/Helsinki] NewDATA [INFO] Нова заявка Заміна, адреса: вул. Генерала Пухова 111 корпус 1, кв. 34, лічильники: 5923185, виконавець: Баранов, вартість: 1100 грн., примітки: 10-14, 1 хв, св, №5923185 додано до БД користувачем [Сусло Тетяна].
[2025-04-16T15:53:39.668] [INFO] DataBase - У заявці Заміна від 16 квітня 2025 р. за адресою вул. Генерала Пухова, буд. 111, корп. 1, кв. 34 додано дату виконання 23 квітня 2025 р. користувачем [Сусло Тетяна].
[16-Apr-2025 15:55:57 Europe/Helsinki] NewDATA [INFO] Нова адреса просп. Грушевського Михайла, буд. 165, корп. 1, кв. 30, тел. +38 (093) 934-00-43 додана до БД користувачем [Сусло Тетяна].
[16-Apr-2025 15:56:52 Europe/Helsinki] NewDATA [INFO] Нова заявка Повірка, адреса: просп. Грушевського Михайла 165 корпус 1, кв. 30, лічильники: БЕЗ НОМЕРА - 1 шт., вартість: 300 грн., примітки: за 1 год, дом. не працює додано до БД користувачем [Сусло Тетяна].
[2025-04-16T15:56:56.978] [INFO] DataBase - У заявці Повірка від 16 квітня 2025 р. за адресою просп. Грушевського Михайла, буд. 165, корп. 1, кв. 30 додано виконавця ЗАПЛАНОВАНІ та додано дату виконання 23 квітня 2025 р. користувачем [Сусло Тетяна].
[16-Apr-2025 16:17:57 Europe/Helsinki] NewDATA [INFO] Нова адреса вул. Доценка, буд. 8, корп. А, кв. 15, тел. +38 (093) 327-97-04 додана до БД користувачем [Сусло Тетяна].
[16-Apr-2025 16:18:26 Europe/Helsinki] NewDATA [INFO] Нова заявка Повірка, адреса: вул. Доценка 8 корпус А, кв. 15, лічильники: БЕЗ НОМЕРА - 2 шт., вартість: 600 грн., примітки: 13-17, дом. не працює додано до БД користувачем [Сусло Тетяна].
[2025-04-16T16:18:29.701] [INFO] DataBase - У заявці Повірка від 16 квітня 2025 р. за адресою вул. Доценка, буд. 8, корп. А, кв. 15 додано виконавця ЗАПЛАНОВАНІ користувачем [Сусло Тетяна].
[2025-04-16T16:18:34.440] [INFO] DataBase - У заявці Повірка від 16 квітня 2025 р. за адресою вул. Доценка, буд. 8, корп. А, кв. 15 додано дату виконання 30 квітня 2025 р. користувачем [Сусло Тетяна].
[16-Apr-2025 16:40:23 Europe/Helsinki] NewDATA [INFO] Нова адреса просп. Миру, буд. 76, кв. 8, тел. +38 (067) 785-95-18 додана до БД користувачем [Коваль Людмила].
[16-Apr-2025 16:40:52 Europe/Helsinki] NewDATA [INFO] Нова заявка Повірка, адреса: просп. Миру 76, кв. 8, лічильники: БЕЗ НОМЕРА - 2 шт., вартість: 600 грн., примітки: 13-17 додано до БД користувачем [Коваль Людмила].
[2025-04-16T16:41:00.097] [INFO] DataBase - У заявці Повірка від 16 квітня 2025 р. за адресою просп. Миру, буд. 76, кв. 8 додано виконавця ЗАПЛАНОВАНІ та додано дату виконання 24 квітня 2025 р. користувачем [Коваль Людмила].
