[08-Nov-2024 08:12:36 Europe/Helsinki] DellTASK [INFO] Заміна від 06.11.2024 для адреси вул. Доценка, буд. 7, кв. 35 для лічильника 5238388 було завершено користувачем [Сміян Альона] з коментарем: виконано.
[08-Nov-2024 08:13:03 Europe/Helsinki] DellTASK [INFO] Повірка від 05.11.2024 для адреси вул. Савчука, буд. 3, кв. 108 для лічильника БЕЗ НОМЕРА - 4 шт. було завершено користувачем [Сусло Тетяна] з коментарем: виконано.
[08-Nov-2024 08:13:19 Europe/Helsinki] DellTASK [INFO] Повірка від 31.10.2024 для адреси вул. Савчука, буд. 3, кв. 216 для лічильника БЕЗ НОМЕРА - 4 шт. було завершено користувачем [Сусло Тетяна] з коментарем: виконано.
[08-Nov-2024 08:13:20 Europe/Helsinki] DellTASK [INFO] Заміна від 05.11.2024 для адреси вул. Толстого, буд. 122, кв. 61 для лічильника 100171 було відмінено користувачем [Сміян Альона] з коментарем: необхідна заміна вхідного крану.
[08-Nov-2024 08:13:35 Europe/Helsinki] DellTASK [INFO] Повірка від 01.11.2024 для адреси вул. Савчука, буд. 11, кв. 89 для лічильника БЕЗ НОМЕРА - 2 шт. було завершено користувачем [Сусло Тетяна] з коментарем: виконано.
[08-Nov-2024 08:13:36 Europe/Helsinki] DellTASK [INFO] Заміна від 05.11.2024 для адреси вул. Генерала Пухова, буд. 109, корп. 2, кв. 24 для лічильника БЕЗ НОМЕРА - 1 шт. було завершено користувачем [Сміян Альона] з коментарем: виконано.
[08-Nov-2024 08:13:52 Europe/Helsinki] DellTASK [INFO] Повірка від 06.11.2024 для адреси просп. Перемоги, буд. 153, кв. 37 для лічильника БЕЗ НОМЕРА - 4 шт. було завершено користувачем [Сусло Тетяна] з коментарем: виконано.
[08-Nov-2024 08:14:07 Europe/Helsinki] DellTASK [INFO] Повірка від 05.11.2024 для адреси просп. Перемоги, буд. 96, кв. 14 для лічильника БЕЗ НОМЕРА - 1 шт. було завершено користувачем [Сусло Тетяна] з коментарем: виконано.
[08-Nov-2024 08:14:08 Europe/Helsinki] NewDATA [INFO] Новий лічильник номер: 241481910, тип: СВК => DN 15, рік випуску: 2024, показники: 0, балансоутримувач: КП "ВДК" додано до БД користувачем [Сміян Альона].
[08-Nov-2024 08:14:11 Europe/Helsinki] EditDATA [INFO] В заявці Заміна від 05.11.2024 за адресою вул. Доценка, буд. 17, корп. А, кв. 7 було додано лічильники: 241481910 користувачем [Сміян Альона].
[08-Nov-2024 08:14:16 Europe/Helsinki] EditDATA [INFO] В заявці Заміна від 05.11.2024 за адресою вул. Доценка, буд. 17, корп. А, кв. 7 було видалено лічильники: 11594632 користувачем [Сміян Альона].
[08-Nov-2024 08:14:25 Europe/Helsinki] DellTASK [INFO] Заміна від 05.11.2024 для адреси вул. Доценка, буд. 17, корп. А, кв. 7 для лічильника 241481910 було завершено користувачем [Сміян Альона] з коментарем: виконано.
[08-Nov-2024 08:14:27 Europe/Helsinki] DellTASK [INFO] Повірка від 05.11.2024 для адреси просп. Перемоги, буд. 119, корп. А, кв. 275 для лічильника БЕЗ НОМЕРА - 1 шт. було завершено користувачем [Сусло Тетяна] з коментарем: виконано.
[08-Nov-2024 08:14:42 Europe/Helsinki] DellTASK [INFO] Повірка від 05.11.2024 для адреси просп. Перемоги, буд. 119, корп. А, кв. 347 для лічильника БЕЗ НОМЕРА - 1 шт. було завершено користувачем [Сусло Тетяна] з коментарем: виконано.
[08-Nov-2024 08:14:53 Europe/Helsinki] DellTASK [INFO] Заміна від 04.11.2024 для адреси вул. Доценка, буд. 30, корп. А, кв. 55 для лічильника БЕЗ НОМЕРА - 1 шт. було відмінено користувачем [Сміян Альона] з коментарем: необхідна заміна вхідного крану.
[08-Nov-2024 08:15:04 Europe/Helsinki] DellTASK [INFO] Повірка від 05.11.2024 для адреси просп. Перемоги, буд. 119, корп. А, кв. 216 для лічильника БЕЗ НОМЕРА - 1 шт. було завершено користувачем [Сусло Тетяна] з коментарем: виконано.
[08-Nov-2024 08:15:15 Europe/Helsinki] DellTASK [INFO] Заміна від 04.11.2024 для адреси вул. 1-ої танкової бригади, буд. 18, кв. 28 для лічильника 00652942 було завершено користувачем [Сміян Альона] з коментарем: виконано.
[08-Nov-2024 08:15:25 Europe/Helsinki] DellTASK [INFO] Повірка від 01.11.2024 для адреси вул. Савчука, буд. 11, кв. 43 для лічильника БЕЗ НОМЕРА - 2 шт. було завершено користувачем [Сусло Тетяна] з коментарем: виконано.
[08-Nov-2024 08:15:27 Europe/Helsinki] DellTASK [INFO] Заміна від 01.11.2024 для адреси вул. Красносільського, буд. 49, кв. 25 для лічильника БЕЗ НОМЕРА - 1 шт. було завершено користувачем [Сміян Альона] з коментарем: виконано.
[08-Nov-2024 08:21:14 Europe/Helsinki] NewDATA [INFO] Новий лічильник номер: 047412, тип: КВ-1,5 => DN 15, рік випуску: 2015, показники: 0, балансоутримувач: КП "ВДК" додано до БД користувачем [Сусло Тетяна].
[08-Nov-2024 08:21:16 Europe/Helsinki] EditDATA [INFO] За адресою просп. Перемоги, буд. 119, корп. А, кв. 216 користувачем [Сусло Тетяна] було додано лічильники: 047412].
[08-Nov-2024 08:21:56 Europe/Helsinki] NewDATA [INFO] Новий лічильник номер: 004192, тип: КВ-1,5 => DN 15, рік випуску: 2015, показники: 0, балансоутримувач: КП "ВДК" додано до БД користувачем [Сусло Тетяна].
[08-Nov-2024 08:21:58 Europe/Helsinki] EditDATA [INFO] За адресою просп. Перемоги, буд. 119, корп. А, кв. 347 користувачем [Сусло Тетяна] було додано лічильники: 004192].
[08-Nov-2024 08:22:34 Europe/Helsinki] NewDATA [INFO] Новий лічильник номер: 245992, тип: КВ-1,5 => DN 15, рік випуску: 2014, показники: 0, балансоутримувач: КП "ВДК" додано до БД користувачем [Сусло Тетяна].
[08-Nov-2024 08:22:35 Europe/Helsinki] EditDATA [INFO] За адресою просп. Перемоги, буд. 119, корп. А, кв. 275 користувачем [Сусло Тетяна] було додано лічильники: 245992].
[08-Nov-2024 08:23:12 Europe/Helsinki] NewDATA [INFO] Новий лічильник номер: 010093, тип: КВ-1,5 => DN 15, рік випуску: 2001, показники: 0, балансоутримувач: КП "ВДК" додано до БД користувачем [Сусло Тетяна].
[08-Nov-2024 08:23:14 Europe/Helsinki] EditDATA [INFO] За адресою просп. Перемоги, буд. 96, кв. 14 користувачем [Сусло Тетяна] було додано лічильники: 010093].
[08-Nov-2024 08:23:52 Europe/Helsinki] NewDATA [INFO] Новий лічильник номер: 200503, тип: КВ-1,5 => DN 15, рік випуску: 2002, показники: 0, балансоутримувач: КП "ВДК" додано до БД користувачем [Сусло Тетяна].
[08-Nov-2024 08:24:16 Europe/Helsinki] NewDATA [INFO] Новий лічильник номер: 187744, тип: КВ-1,5 => DN 15, рік випуску: 2002, показники: 0, балансоутримувач: АТ "ОТКЕ" додано до БД користувачем [Сусло Тетяна].
[08-Nov-2024 08:24:35 Europe/Helsinki] NewDATA [INFO] Новий лічильник номер: 200823, тип: КВ-1,5 => DN 15, рік випуску: 2002, показники: 0, балансоутримувач: КП "ВДК" додано до БД користувачем [Сусло Тетяна].
[08-Nov-2024 08:24:55 Europe/Helsinki] NewDATA [INFO] Новий лічильник номер: 198916, тип: КВ-1,5 => DN 15, рік випуску: 2002, показники: 0, балансоутримувач: АТ "ОТКЕ" додано до БД користувачем [Сусло Тетяна].
[08-Nov-2024 08:24:57 Europe/Helsinki] EditDATA [INFO] За адресою просп. Перемоги, буд. 153, кв. 37 користувачем [Сусло Тетяна] було додано лічильники: 200503, 187744, 200823, 198916].
[08-Nov-2024 08:25:33 Europe/Helsinki] NewDATA [INFO] Новий лічильник номер: 0391341, тип: ЛК => DN 15, рік випуску: 2018, показники: 0, балансоутримувач: КП "ВДК" додано до БД користувачем [Сусло Тетяна].
[08-Nov-2024 08:25:55 Europe/Helsinki] NewDATA [INFO] Новий лічильник номер: 434720, тип: КВ-1,5 => DN 15, рік випуску: 2004, показники: 0, балансоутримувач: АТ "ОТКЕ" додано до БД користувачем [Сусло Тетяна].
[08-Nov-2024 08:25:56 Europe/Helsinki] EditDATA [INFO] За адресою вул. Савчука, буд. 11, кв. 89 користувачем [Сусло Тетяна] було додано лічильники: 0391341, 434720].
[08-Nov-2024 08:26:33 Europe/Helsinki] NewDATA [INFO] Новий лічильник номер: 478719, тип: КВ-1,5 => DN 15, рік випуску: 2006, показники: 0, балансоутримувач: КП "ВДК" додано до БД користувачем [Сусло Тетяна].
[08-Nov-2024 08:26:56 Europe/Helsinki] NewDATA [INFO] Новий лічильник номер: 457108, тип: КВ-1,5 => DN 15, рік випуску: 2006, показники: 0, балансоутримувач: АТ "ОТКЕ" додано до БД користувачем [Сусло Тетяна].
[08-Nov-2024 08:27:19 Europe/Helsinki] NewDATA [INFO] Новий лічильник номер: 483598, тип: КВ-1,5 => DN 15, рік випуску: 2006, показники: 0, балансоутримувач: КП "ВДК" додано до БД користувачем [Сусло Тетяна].
[08-Nov-2024 08:27:41 Europe/Helsinki] NewDATA [INFO] Новий лічильник номер: 457188, тип: КВ-1,5 => DN 15, рік випуску: 2006, показники: 0, балансоутримувач: АТ "ОТКЕ" додано до БД користувачем [Сусло Тетяна].
[08-Nov-2024 08:27:43 Europe/Helsinki] EditDATA [INFO] За адресою вул. Савчука, буд. 3, кв. 216 користувачем [Сусло Тетяна] було додано лічильники: 478719, 457108, 483598, 457188].
[08-Nov-2024 08:28:34 Europe/Helsinki] NewDATA [INFO] Новий лічильник номер: 095543, тип: КВ-1,5 => DN 15, рік випуску: 2016, показники: 0, балансоутримувач: КП "ВДК" додано до БД користувачем [Сусло Тетяна].
[08-Nov-2024 08:29:05 Europe/Helsinki] NewDATA [INFO] Новий лічильник номер: 099996, тип: КВ-1,5 => DN 15, рік випуску: 2016, показники: 0, балансоутримувач: АТ "ОТКЕ" додано до БД користувачем [Сусло Тетяна].
[08-Nov-2024 08:29:30 Europe/Helsinki] NewDATA [INFO] Новий лічильник номер: 069380, тип: КВ-1,5 => DN 15, рік випуску: 2016, показники: 0, балансоутримувач: КП "ВДК" додано до БД користувачем [Сусло Тетяна].
[08-Nov-2024 08:29:54 Europe/Helsinki] NewDATA [INFO] Новий лічильник номер: 100193, тип: КВ-1,5 => DN 15, рік випуску: 2016, показники: 0, балансоутримувач: АТ "ОТКЕ" додано до БД користувачем [Сусло Тетяна].
[08-Nov-2024 08:29:56 Europe/Helsinki] EditDATA [INFO] За адресою вул. Савчука, буд. 3, кв. 108 користувачем [Сусло Тетяна] було додано лічильники: 095543, 099996, 069380, 100193].
[08-Nov-2024 08:30:44 Europe/Helsinki] NewDATA [INFO] Новий лічильник номер: 167868, тип: КВ-1,5 => DN 15, рік випуску: 2017, показники: 0, балансоутримувач: КП "ВДК" додано до БД користувачем [Сусло Тетяна].
[08-Nov-2024 08:31:07 Europe/Helsinki] NewDATA [INFO] Новий лічильник номер: 041036, тип: КВ-1,5 => DN 15, рік випуску: 2017, показники: 0, балансоутримувач: АТ "ОТКЕ" додано до БД користувачем [Сусло Тетяна].
[08-Nov-2024 08:31:09 Europe/Helsinki] EditDATA [INFO] За адресою вул. Генерала Пухова, буд. 107, кв. 23 користувачем [Сусло Тетяна] було додано лічильники: 167868, 041036].
[08-Nov-2024 08:32:50 Europe/Helsinki] DellTASK [INFO] Повірка від 31.10.2024 для адреси вул. Любецька, буд. 44, корп. В, кв. 27 для лічильника БЕЗ НОМЕРА - 1 шт. було завершено користувачем [Коваль Людмила] з коментарем: виконано.
[08-Nov-2024 08:33:06 Europe/Helsinki] DellTASK [INFO] Повірка від 05.11.2024 для адреси вул. Мстиславська, буд. 169, кв. 40 для лічильника БЕЗ НОМЕРА - 2 шт. було завершено користувачем [Коваль Людмила] з коментарем: виконано.
[08-Nov-2024 08:33:24 Europe/Helsinki] DellTASK [INFO] Повірка від 01.11.2024 для адреси вул. Мстиславська, буд. 179, кв. 58 для лічильника БЕЗ НОМЕРА - 1 шт. було завершено користувачем [Коваль Людмила] з коментарем: виконано.
[08-Nov-2024 08:33:39 Europe/Helsinki] DellTASK [INFO] Повірка від 01.11.2024 для адреси вул. Мезенцева Юрія, буд. 80, кв. 68 для лічильника БЕЗ НОМЕРА - 1 шт. було завершено користувачем [Коваль Людмила] з коментарем: виконано.
[08-Nov-2024 08:33:57 Europe/Helsinki] DellTASK [INFO] Повірка від 31.10.2024 для адреси вул. Мстиславська, буд. 134, кв. 27 для лічильника БЕЗ НОМЕРА - 2 шт. було завершено користувачем [Коваль Людмила] з коментарем: виконано.
[08-Nov-2024 08:34:35 Europe/Helsinki] DellTASK [INFO] Повірка від 31.10.2024 для адреси просп. Миру, буд. 54, кв. 16 для лічильника БЕЗ НОМЕРА - 4 шт. було завершено користувачем [Коваль Людмила] з коментарем: виконано.
[08-Nov-2024 08:34:52 Europe/Helsinki] DellTASK [INFO] Повірка від 29.10.2024 для адреси вул. Старобілоуська, буд. 47, кв. 86 для лічильника БЕЗ НОМЕРА - 2 шт. було завершено користувачем [Коваль Людмила] з коментарем: виконано.
[08-Nov-2024 08:35:09 Europe/Helsinki] DellTASK [INFO] Повірка від 31.10.2024 для адреси вул. Мстиславська, буд. 40, кв. 60 для лічильника БЕЗ НОМЕРА - 4 шт. було завершено користувачем [Коваль Людмила] з коментарем: виконано.
[08-Nov-2024 08:35:23 Europe/Helsinki] DellTASK [INFO] Повірка від 29.10.2024 для адреси вул. Мстиславська, буд. 175, кв. 49 для лічильника БЕЗ НОМЕРА - 2 шт. було завершено користувачем [Коваль Людмила] з коментарем: виконано.
[08-Nov-2024 08:36:13 Europe/Helsinki] NewDATA [INFO] Новий лічильник номер: 366166, тип: КВ-1,5 => DN 15, рік випуску: 2006, показники: 0, балансоутримувач: АТ "ОТКЕ" додано до БД користувачем [Коваль Людмила].
[08-Nov-2024 08:36:15 Europe/Helsinki] EditDATA [INFO] За адресою вул. Любецька, буд. 44, корп. В, кв. 27 користувачем [Коваль Людмила] було додано лічильники: 366166].
[08-Nov-2024 08:37:25 Europe/Helsinki] NewDATA [INFO] Новий лічильник номер: 8597910, тип: JS => DN 15, рік випуску: 2007, показники: 0, балансоутримувач: КП "ВДК" додано до БД користувачем [Коваль Людмила].
[08-Nov-2024 08:38:08 Europe/Helsinki] NewDATA [INFO] Новий лічильник номер: 9200115246, тип: ЛК => DN 15, рік випуску: 2019, показники: 0, балансоутримувач: КП "ТКЕ" додано до БД користувачем [Коваль Людмила].
[08-Nov-2024 08:38:11 Europe/Helsinki] EditDATA [INFO] За адресою вул. Старобілоуська, буд. 47, кв. 86 користувачем [Коваль Людмила] було додано лічильники: 8597910, 9200115246].
[08-Nov-2024 08:39:36 Europe/Helsinki] NewDATA [INFO] Новий лічильник номер: 436202, тип: КВ-1,5 => DN 15, рік випуску: 2000, показники: 0, балансоутримувач: КП "ВДК" додано до БД користувачем [Коваль Людмила].
[08-Nov-2024 08:40:13 Europe/Helsinki] NewDATA [INFO] Новий лічильник номер: 0751186, тип: ЛК => DN 15, рік випуску: 2018, показники: 0, балансоутримувач: КП "ТКЕ" додано до БД користувачем [Коваль Людмила].
[08-Nov-2024 08:40:17 Europe/Helsinki] EditDATA [INFO] За адресою просп. Миру, буд. 54, кв. 16 користувачем [Коваль Людмила] було додано лічильники: 436202, 0751186].
[08-Nov-2024 08:41:01 Europe/Helsinki] NewDATA [INFO] Новий лічильник номер: 257957, тип: КВ-1,5 => DN 15, рік випуску: 2014, показники: 0, балансоутримувач: КП "ВДК" додано до БД користувачем [Коваль Людмила].
[08-Nov-2024 08:41:26 Europe/Helsinki] NewDATA [INFO] Новий лічильник номер: 229958, тип: КВ-1,5 => DN 15, рік випуску: 2014, показники: 0, балансоутримувач: КП "ТКЕ" додано до БД користувачем [Коваль Людмила].
[08-Nov-2024 08:41:50 Europe/Helsinki] NewDATA [INFO] Новий лічильник номер: 247176, тип: КВ-1,5 => DN 15, рік випуску: 2014, показники: 0, балансоутримувач: КП "ВДК" додано до БД користувачем [Коваль Людмила].
[08-Nov-2024 08:42:13 Europe/Helsinki] NewDATA [INFO] Новий лічильник номер: 230852, тип: КВ-1,5 => DN 15, рік випуску: 2014, показники: 0, балансоутримувач: КП "ТКЕ" додано до БД користувачем [Коваль Людмила].
[08-Nov-2024 08:42:16 Europe/Helsinki] EditDATA [INFO] За адресою вул. Мстиславська, буд. 40, кв. 60 користувачем [Коваль Людмила] було додано лічильники: 257957, 229958, 247176, 230852].
[08-Nov-2024 08:43:04 Europe/Helsinki] NewDATA [INFO] Новий лічильник номер: 0200185337, тип: ЛК => DN 15, рік випуску: 2020, показники: 0, балансоутримувач: КП "ВДК" додано до БД користувачем [Коваль Людмила].
[08-Nov-2024 08:43:29 Europe/Helsinki] NewDATA [INFO] Новий лічильник номер: 537189, тип: КВ-1,5 => DN 15, рік випуску: 2006, показники: 0, балансоутримувач: АТ "ОТКЕ" додано до БД користувачем [Коваль Людмила].
[08-Nov-2024 08:43:31 Europe/Helsinki] EditDATA [INFO] За адресою вул. Мстиславська, буд. 175, кв. 49 користувачем [Коваль Людмила] було додано лічильники: 0200185337, 537189].
[08-Nov-2024 08:44:30 Europe/Helsinki] NewDATA [INFO] Новий лічильник номер: 0200215052, тип: ЛК => DN 15, рік випуску: 2020, показники: 0, балансоутримувач: КП "ВДК" додано до БД користувачем [Коваль Людмила].
[08-Nov-2024 08:44:33 Europe/Helsinki] EditDATA [INFO] За адресою вул. Мстиславська, буд. 179, кв. 58 користувачем [Коваль Людмила] було додано лічильники: 0200215052].
[08-Nov-2024 09:15:05 Europe/Helsinki] EditDATA [INFO] За адресою вул. Мстиславська 26, кв. 15 користувачем [Сусло Тетяна] змінені номери телефонів з +38(093)311-48-78, +38(0462)62-66-56, +38(093)311-48-82 на +38(093)311-48-82, при створенні нової заявки [Повірка] від 08.11.2024.
[08-Nov-2024 09:15:06 Europe/Helsinki] NewDATA [INFO] Нова заявка Повірка, адреса: вул. Мстиславська 26, кв. 15, лічильники: БЕЗ НОМЕРА - 2 шт., вартість: 600 грн., примітки: 8-133, за 1 год, військові додано до БД користувачем [Сусло Тетяна].
[2024-11-08T09:15:12.605] [INFO] DataBase - У заявці Повірка від 8 листопада 2024 р. за адресою вул. Мстиславська, буд. 26, кв. 15 додано виконавця ЗАПЛАНОВАНІ та додано дату виконання 12 листопада 2024 р. користувачем [Сусло Тетяна].
[08-Nov-2024 09:20:44 Europe/Helsinki] EditDATA [INFO] За адресою вул. Попова 13, кв. 18 користувачем [Сусло Тетяна] додано номер телефону +38(063)128-64-14, при створенні нової заявки [Повірка] від 08.11.2024.
[08-Nov-2024 09:20:44 Europe/Helsinki] NewDATA [INFO] Нова заявка Повірка, адреса: вул. Попова 13, кв. 18, лічильники: БЕЗ НОМЕРА - 1 шт., вартість: 300 грн., примітки: 8-12, за 30 хв додано до БД користувачем [Сусло Тетяна].
[2024-11-08T09:20:50.967] [INFO] DataBase - У заявці Повірка від 8 листопада 2024 р. за адресою вул. Попова, буд. 13, кв. 18 додано виконавця ЗАПЛАНОВАНІ та додано дату виконання 12 листопада 2024 р. користувачем [Сусло Тетяна].
[08-Nov-2024 09:22:02 Europe/Helsinki] NewDATA [INFO] Новий лічильник номер: 178716, тип: КВ-1,5 => DN 15, рік випуску: 2006, показники: 0, балансоутримувач: АТ "ОТКЕ" додано до БД користувачем [Коваль Людмила].
[08-Nov-2024 09:22:04 Europe/Helsinki] EditDATA [INFO] За адресою вул. Мезенцева Юрія, буд. 80, кв. 68 користувачем [Коваль Людмила] було додано лічильники: 178716].
[08-Nov-2024 09:23:26 Europe/Helsinki] NewDATA [INFO] Новий лічильник номер: 585366, тип: КВ-1,5 => DN 15, рік випуску: 2002, показники: 0, балансоутримувач: КП "ВДК" додано до БД користувачем [Коваль Людмила].
[08-Nov-2024 09:23:56 Europe/Helsinki] NewDATA [INFO] Новий лічильник номер: 534785, тип: КВ-1,5 => DN 15, рік випуску: 2004, показники: 0, балансоутримувач: АТ "ОТКЕ" додано до БД користувачем [Коваль Людмила].
[08-Nov-2024 09:23:58 Europe/Helsinki] EditDATA [INFO] За адресою вул. Мстиславська, буд. 169, кв. 40 користувачем [Коваль Людмила] було додано лічильники: 585366, 534785].
[08-Nov-2024 09:24:47 Europe/Helsinki] NewDATA [INFO] Новий лічильник номер: 228144, тип: КВ-1,5 => DN 15, рік випуску: 2010, показники: 0, балансоутримувач: КП "ВДК" додано до БД користувачем [Коваль Людмила].
[08-Nov-2024 09:25:10 Europe/Helsinki] NewDATA [INFO] Новий лічильник номер: 215128, тип: КВ-1,5 => DN 15, рік випуску: 2010, показники: 0, балансоутримувач: АТ "ОТКЕ" додано до БД користувачем [Коваль Людмила].
[08-Nov-2024 09:25:12 Europe/Helsinki] EditDATA [INFO] За адресою вул. Мстиславська, буд. 134, кв. 27 користувачем [Коваль Людмила] було додано лічильники: 228144, 215128].
[08-Nov-2024 09:25:41 Europe/Helsinki] DellTASK [INFO] Повірка від 07.11.2024 для адреси вул. Леонтовича Миколи, буд. 3, кв. 76 для лічильника БЕЗ НОМЕРА - 4 шт. було завершено користувачем [Коваль Людмила] з коментарем: виконано.
[08-Nov-2024 09:25:57 Europe/Helsinki] DellTASK [INFO] Повірка від 04.11.2024 для адреси просп. Миру, буд. 159, кв. 7 для лічильника БЕЗ НОМЕРА - 1 шт. було завершено користувачем [Коваль Людмила] з коментарем: виконано.
[08-Nov-2024 09:26:13 Europe/Helsinki] DellTASK [INFO] Повірка від 01.11.2024 для адреси просп. Перемоги, буд. 56, кв. 35 для лічильника БЕЗ НОМЕРА - 1 шт. було завершено користувачем [Коваль Людмила] з коментарем: виконано.
[08-Nov-2024 09:26:31 Europe/Helsinki] DellTASK [INFO] Повірка від 01.11.2024 для адреси просп. Перемоги, буд. 60, кв. 76 для лічильника БЕЗ НОМЕРА - 1 шт. було завершено користувачем [Коваль Людмила] з коментарем: виконано.
[08-Nov-2024 09:26:47 Europe/Helsinki] DellTASK [INFO] Повірка від 01.11.2024 для адреси вул. Рятувальників, буд. 35, кв. 81 для лічильника БЕЗ НОМЕРА - 2 шт. було завершено користувачем [Коваль Людмила] з коментарем: виконано.
[08-Nov-2024 09:27:05 Europe/Helsinki] DellTASK [INFO] Повірка від 31.10.2024 для адреси просп. Миру, буд. 204, кв. 32 для лічильника БЕЗ НОМЕРА - 2 шт. було завершено користувачем [Коваль Людмила] з коментарем: виконано.
[08-Nov-2024 09:27:18 Europe/Helsinki] DellTASK [INFO] Повірка від 31.10.2024 для адреси вул. курсанта Єськова, буд. 10, корп. 3, кв. 18 для лічильника БЕЗ НОМЕРА - 2 шт. було завершено користувачем [Коваль Людмила] з коментарем: виконано.
[08-Nov-2024 09:28:01 Europe/Helsinki] NewDATA [INFO] Новий лічильник номер: 276069, тип: КВ-1,5 => DN 15, рік випуску: 2001, показники: 0, балансоутримувач: КП "ВДК" додано до БД користувачем [Коваль Людмила].
[08-Nov-2024 09:28:32 Europe/Helsinki] NewDATA [INFO] Новий лічильник номер: 295979, тип: КВ-1,5 => DN 15, рік випуску: 2001, показники: 0, балансоутримувач: АТ "ОТКЕ" додано до БД користувачем [Коваль Людмила].
[08-Nov-2024 09:28:34 Europe/Helsinki] EditDATA [INFO] За адресою вул. курсанта Єськова, буд. 10, корп. 3, кв. 18 користувачем [Коваль Людмила] було додано лічильники: 276069, 295979].
[08-Nov-2024 09:29:12 Europe/Helsinki] NewDATA [INFO] Новий лічильник номер: 509102, тип: КВ-1,5 => DN 15, рік випуску: 2003, показники: 0, балансоутримувач: КП "ВДК" додано до БД користувачем [Коваль Людмила].
[08-Nov-2024 09:29:37 Europe/Helsinki] NewDATA [INFO] Новий лічильник номер: 500632, тип: КВ-1,5 => DN 15, рік випуску: 2002, показники: 0, балансоутримувач: АТ "ОТКЕ" додано до БД користувачем [Коваль Людмила].
[08-Nov-2024 09:29:39 Europe/Helsinki] EditDATA [INFO] За адресою просп. Миру, буд. 204, кв. 32 користувачем [Коваль Людмила] було додано лічильники: 509102, 500632].
[08-Nov-2024 09:30:21 Europe/Helsinki] NewDATA [INFO] Новий лічильник номер: 008785, тип: КВ-1,5 => DN 15, рік випуску: 2007, показники: 0, балансоутримувач: КП "ВДК" додано до БД користувачем [Коваль Людмила].
[08-Nov-2024 09:30:44 Europe/Helsinki] NewDATA [INFO] Новий лічильник номер: 547265, тип: КВ-1,5 => DN 15, рік випуску: 2006, показники: 0, балансоутримувач: АТ "ОТКЕ" додано до БД користувачем [Коваль Людмила].
[08-Nov-2024 09:30:46 Europe/Helsinki] EditDATA [INFO] За адресою вул. Рятувальників, буд. 35, кв. 81 користувачем [Коваль Людмила] було додано лічильники: 008785, 547265].
[08-Nov-2024 09:31:26 Europe/Helsinki] NewDATA [INFO] Новий лічильник номер: 8503568, тип: ЛК => DN 15, рік випуску: 2018, показники: 0, балансоутримувач: КП "ВДК" додано до БД користувачем [Коваль Людмила].
[08-Nov-2024 09:31:29 Europe/Helsinki] EditDATA [INFO] За адресою просп. Миру, буд. 159, кв. 7 користувачем [Коваль Людмила] було додано лічильники: 8503568].
[08-Nov-2024 09:35:21 Europe/Helsinki] NewDATA [INFO] Новий лічильник номер: 330489, тип: КВ-1,5 => DN 15, рік випуску: 2003, показники: 0, балансоутримувач: КП "ВДК" додано до БД користувачем [Коваль Людмила].
[08-Nov-2024 09:42:34 Europe/Helsinki] EditDATA [INFO] За адресою просп. Перемоги, буд. 56, кв. 35 користувачем [Коваль Людмила] було додано лічильники: 330489].
[08-Nov-2024 09:43:59 Europe/Helsinki] NewDATA [INFO] Новий лічильник номер: 093949, тип: КВ-1,5 => DN 15, рік випуску: 2018, показники: 0, балансоутримувач: КП "ВДК" додано до БД користувачем [Коваль Людмила].
[08-Nov-2024 09:44:23 Europe/Helsinki] NewDATA [INFO] Нова заявка Повірка, адреса: вул. Мстиславська 134, кв. 26, лічильники: БЕЗ НОМЕРА - 1 шт., вартість: 300 грн., примітки: 8-13 додано до БД користувачем [Сусло Тетяна].
[08-Nov-2024 09:44:24 Europe/Helsinki] NewDATA [INFO] Новий лічильник номер: 095559, тип: КВ-1,5 => DN 15, рік випуску: 2018, показники: 0, балансоутримувач: КП "ТКЕ" додано до БД користувачем [Коваль Людмила].
[2024-11-08T09:44:27.714] [INFO] DataBase - У заявці Повірка від 8 листопада 2024 р. за адресою вул. Мстиславська, буд. 134, кв. 26 додано виконавця ЗАПЛАНОВАНІ та додано дату виконання 15 листопада 2024 р. користувачем [Сусло Тетяна].
[08-Nov-2024 09:44:54 Europe/Helsinki] NewDATA [INFO] Новий лічильник номер: 00462146, тип: E-T 1,6-U => DN 15, рік випуску: 2019, показники: 0, балансоутримувач: КП "ВДК" додано до БД користувачем [Коваль Людмила].
[08-Nov-2024 09:47:04 Europe/Helsinki] NewDATA [INFO] Новий лічильник номер: 00463981, тип: E-T 1,6-U => DN 15, рік випуску: 2019, показники: 0, балансоутримувач: КП "ТКЕ" додано до БД користувачем [Коваль Людмила].
[08-Nov-2024 09:47:06 Europe/Helsinki] EditDATA [INFO] За адресою вул. Леонтовича Миколи, буд. 3, кв. 76 користувачем [Коваль Людмила] було додано лічильники: 093949, 095559, 00462146, 00463981].
[08-Nov-2024 09:47:42 Europe/Helsinki] DellTASK [INFO] Повірка від 05.11.2024 для адреси вул. Мазепи Івана, буд. 31, кв. 25 для лічильника БЕЗ НОМЕРА - 2 шт. було завершено користувачем [Коваль Людмила] з коментарем: виконано.
[08-Nov-2024 09:47:57 Europe/Helsinki] DellTASK [INFO] Повірка від 01.11.2024 для адреси просп. Перемоги, буд. 37, кв. 13 для лічильника БЕЗ НОМЕРА - 2 шт. було завершено користувачем [Коваль Людмила] з коментарем: виконано.
[08-Nov-2024 11:12:24 Europe/Helsinki] NewDATA [INFO] Нова заявка Повірка, адреса: вул. Мстиславська 109, кв. 42, лічильники: БЕЗ НОМЕРА - 2 шт., вартість: 600 грн., примітки: 14-18,пер.за 30 хв додано до БД користувачем [Коваль Людмила].
[2024-11-08T11:12:39.913] [INFO] DataBase - У заявці Повірка від 8 листопада 2024 р. за адресою вул. Мстиславська, буд. 109, кв. 42 додано виконавця ЗАПЛАНОВАНІ та додано дату виконання 12 листопада 2024 р. користувачем [Коваль Людмила].
[08-Nov-2024 11:13:18 Europe/Helsinki] NewDATA [INFO] Нова заявка Повірка, адреса: вул. Леонтовича Миколи 3, кв. 71, лічильники: БЕЗ НОМЕРА - 1 шт., вартість: 300 грн., примітки: 14-18 додано до БД користувачем [Коваль Людмила].
[2024-11-08T11:13:34.778] [INFO] DataBase - У заявці Повірка від 8 листопада 2024 р. за адресою вул. Леонтовича Миколи, буд. 3, кв. 71 додано виконавця ЗАПЛАНОВАНІ та додано дату виконання 12 листопада 2024 р. користувачем [Коваль Людмила].
[08-Nov-2024 11:14:32 Europe/Helsinki] DellTASK [INFO] Повірка від 29.10.2024 для адреси вул. Харківська, буд. 12, кв. 7 для лічильника БЕЗ НОМЕРА - 2 шт. було завершено користувачем [Коваль Людмила] з коментарем: виконано.
[08-Nov-2024 11:14:47 Europe/Helsinki] DellTASK [INFO] Повірка від 01.11.2024 для адреси просп. Перемоги, буд. 71, кв. 12 для лічильника БЕЗ НОМЕРА - 4 шт. було завершено користувачем [Коваль Людмила] з коментарем: виконано.
[08-Nov-2024 11:15:04 Europe/Helsinki] DellTASK [INFO] Повірка від 01.11.2024 для адреси вул. Хлібопекарська, буд. 16, кв. 36 для лічильника БЕЗ НОМЕРА - 2 шт. було завершено користувачем [Коваль Людмила] з коментарем: виконано.
[08-Nov-2024 11:15:28 Europe/Helsinki] DellTASK [INFO] Повірка від 29.10.2024 для адреси вул. Хлібопекарська, буд. 18, кв. 11 для лічильника БЕЗ НОМЕРА - 3 шт. було завершено користувачем [Коваль Людмила] з коментарем: виконано.
[08-Nov-2024 11:15:41 Europe/Helsinki] DellTASK [INFO] Повірка від 30.10.2024 для адреси вул. Мазепи Івана, буд. 43, кв. 26 для лічильника БЕЗ НОМЕРА - 2 шт. було завершено користувачем [Коваль Людмила] з коментарем: виконано.
[08-Nov-2024 11:16:32 Europe/Helsinki] NewDATA [INFO] Новий лічильник номер: 9200241418, тип: ЛК => DN 15, рік випуску: 2019, показники: 0, балансоутримувач: КП "ВДК" додано до БД користувачем [Коваль Людмила].
[08-Nov-2024 11:17:04 Europe/Helsinki] NewDATA [INFO] Новий лічильник номер: 060301, тип: КВ-1,5 => DN 15, рік випуску: 2003, показники: 0, балансоутримувач: КП "ТКЕ" додано до БД користувачем [Коваль Людмила].
[08-Nov-2024 11:17:07 Europe/Helsinki] EditDATA [INFO] За адресою вул. Харківська, буд. 12, кв. 7 користувачем [Коваль Людмила] було додано лічильники: 9200241418, 060301].
[08-Nov-2024 11:32:58 Europe/Helsinki] NewDATA [INFO] Новий лічильник номер: 684606, тип: ЛК => DN 15, рік випуску: 2018, показники: 0, балансоутримувач: КП "ВДК" додано до БД користувачем [Коваль Людмила].
[08-Nov-2024 11:33:30 Europe/Helsinki] NewDATA [INFO] Новий лічильник номер: 6427123, тип: ЛК => DN 15, рік випуску: 2018, показники: 0, балансоутримувач: КП "ТКЕ" додано до БД користувачем [Коваль Людмила].
[08-Nov-2024 11:33:32 Europe/Helsinki] EditDATA [INFO] За адресою вул. Хлібопекарська, буд. 16, кв. 36 користувачем [Коваль Людмила] було додано лічильники: 684606, 6427123].
[08-Nov-2024 11:34:14 Europe/Helsinki] NewDATA [INFO] Новий лічильник номер: 528512, тип: КВ-1,5 => DN 15, рік випуску: 2006, показники: 0, балансоутримувач: КП "ВДК" додано до БД користувачем [Коваль Людмила].
[08-Nov-2024 11:34:39 Europe/Helsinki] NewDATA [INFO] Новий лічильник номер: 517210, тип: КВ-1,5 => DN 15, рік випуску: 2006, показники: 0, балансоутримувач: КП "ТКЕ" додано до БД користувачем [Коваль Людмила].
[08-Nov-2024 11:35:05 Europe/Helsinki] NewDATA [INFO] Новий лічильник номер: 480813, тип: КВ-1,5 => DN 15, рік випуску: 2006, показники: 0, балансоутримувач: КП "ТКЕ" додано до БД користувачем [Коваль Людмила].
[08-Nov-2024 11:35:07 Europe/Helsinki] EditDATA [INFO] За адресою вул. Хлібопекарська, буд. 18, кв. 11 користувачем [Коваль Людмила] було додано лічильники: 528512, 517210, 480813].
[08-Nov-2024 11:36:05 Europe/Helsinki] NewDATA [INFO] Новий лічильник номер: 403704, тип: КВ-1,5 => DN 15, рік випуску: 2001, показники: 0, балансоутримувач: КП "ВДК" додано до БД користувачем [Коваль Людмила].
[08-Nov-2024 11:36:37 Europe/Helsinki] NewDATA [INFO] Новий лічильник номер: 279472, тип: КВ-1,5 => DN 15, рік випуску: 2001, показники: 0, балансоутримувач: КП "ТКЕ" додано до БД користувачем [Коваль Людмила].
[08-Nov-2024 11:36:39 Europe/Helsinki] EditDATA [INFO] За адресою вул. Мазепи Івана, буд. 31, кв. 25 користувачем [Коваль Людмила] було додано лічильники: 403704, 279472].
[08-Nov-2024 11:37:39 Europe/Helsinki] NewDATA [INFO] Новий лічильник номер: 12250183, тип: ResidiaJet => DN 15, рік випуску: 2021, показники: 0, балансоутримувач: КП "ВДК" додано до БД користувачем [Коваль Людмила].
[08-Nov-2024 11:38:16 Europe/Helsinki] NewDATA [INFO] Новий лічильник номер: 4674290, тип: Minomess ETW => DN 15, рік випуску: 2003, показники: 0, балансоутримувач: КП "ТКЕ" додано до БД користувачем [Коваль Людмила].
[08-Nov-2024 11:38:18 Europe/Helsinki] EditDATA [INFO] За адресою вул. Мазепи Івана, буд. 43, кв. 26 користувачем [Коваль Людмила] було додано лічильники: 12250183, 4674290].
[08-Nov-2024 11:39:07 Europe/Helsinki] NewDATA [INFO] Новий лічильник номер: 9200084431, тип: ЛК => DN 15, рік випуску: 2019, показники: 0, балансоутримувач: КП "ВДК" додано до БД користувачем [Коваль Людмила].
[08-Nov-2024 11:39:10 Europe/Helsinki] EditDATA [INFO] За адресою просп. Перемоги, буд. 37, кв. 13 користувачем [Коваль Людмила] було додано лічильники: 9200084431].
[08-Nov-2024 11:40:29 Europe/Helsinki] NewDATA [INFO] Новий лічильник номер: 402982, тип: КВ-1,5 => DN 15, рік випуску: 2008, показники: 0, балансоутримувач: КП "ВДК" додано до БД користувачем [Коваль Людмила].
[08-Nov-2024 11:40:59 Europe/Helsinki] NewDATA [INFO] Новий лічильник номер: 718599, тип: КВ-1,5 => DN 15, рік випуску: 2003, показники: 0, балансоутримувач: КП "ТКЕ" додано до БД користувачем [Коваль Людмила].
[08-Nov-2024 11:41:22 Europe/Helsinki] NewDATA [INFO] Новий лічильник номер: 179153, тип: КВ-1,5 => DN 15, рік випуску: 2004, показники: 0, балансоутримувач: КП "ВДК" додано до БД користувачем [Коваль Людмила].
[08-Nov-2024 11:41:51 Europe/Helsinki] NewDATA [INFO] Новий лічильник номер: 054079, тип: КВ-1,5 => DN 15, рік випуску: 2001, показники: 0, балансоутримувач: КП "ТКЕ" додано до БД користувачем [Коваль Людмила].
[08-Nov-2024 11:41:53 Europe/Helsinki] EditDATA [INFO] За адресою просп. Перемоги, буд. 71, кв. 12 користувачем [Коваль Людмила] було додано лічильники: 402982, 718599, 179153, 054079].
[08-Nov-2024 11:53:09 Europe/Helsinki] DellTASK [INFO] Повірка від 17.10.2024 для адреси вул. Пятницька, буд. 49, кв. 15 для лічильника БЕЗ НОМЕРА - 2 шт. було відмінено користувачем [Сусло Тетяна] з коментарем: повтор.
[08-Nov-2024 11:53:54 Europe/Helsinki] DellTASK [INFO] Повірка від 30.09.2024 для адреси вул. Тероборони, буд. 11, кв. 38 для лічильника БЕЗ НОМЕРА - 1 шт. було відмінено користувачем [Сусло Тетяна] з коментарем: повтор.
[08-Nov-2024 12:04:23 Europe/Helsinki] EditDATA [INFO] За адресою вул. Незалежності 56, кв. 88 користувачем [Сміян Альона] змінені номери телефонів з +38(066)914-59-49, +38(0462)61-78-31 на +38(098)270-39-08, при створенні нової заявки [Повірка] від 08.11.2024.
[08-Nov-2024 12:04:23 Europe/Helsinki] NewDATA [INFO] Нова заявка Повірка, адреса: вул. Незалежності 56, кв. 88, лічильники: БЕЗ НОМЕРА - 2 шт., вартість: 600 грн., примітки: 8-10 додано до БД користувачем [Сміян Альона].
[08-Nov-2024 12:04:41 Europe/Helsinki] EditDATA [INFO] Для заявки Повірка від 08.11.2024 користувачем [Сміян Альона] змінено примітки з 8-10 на 8-10 30хв.
[2024-11-08T12:04:45.225] [INFO] DataBase - У заявці Повірка від 8 листопада 2024 р. за адресою вул. Незалежності, буд. 56, кв. 88 додано виконавця ЗАПЛАНОВАНІ та додано дату виконання 19 листопада 2024 р. користувачем [Сміян Альона].
[08-Nov-2024 12:12:51 Europe/Helsinki] EditDATA [INFO] За адресою вул. Гетьмана Полуботка 30, кв. 3 користувачем [Сміян Альона] змінені номери телефонів з +38(066)359-07-37, +38(093)914-14-13 на +38(093)508-43-08, при створенні нової заявки [Повірка] від 08.11.2024.
[08-Nov-2024 12:12:51 Europe/Helsinki] NewDATA [INFO] Нова заявка Повірка, адреса: вул. Гетьмана Полуботка 30, кв. 3, лічильники: БЕЗ НОМЕРА - 1 шт., вартість: 300 грн., примітки: 8-13 додано до БД користувачем [Сміян Альона].
[2024-11-08T12:12:57.238] [INFO] DataBase - У заявці Повірка від 8 листопада 2024 р. за адресою вул. Гетьмана Полуботка, буд. 30, кв. 3 додано виконавця ЗАПЛАНОВАНІ та додано дату виконання 13 листопада 2024 р. користувачем [Сміян Альона].
[08-Nov-2024 12:36:08 Europe/Helsinki] EditDATA [INFO] За адресою вул. Савчука 7, кв. 119 користувачем [Сміян Альона] змінені номери телефонів з +38(063)951-17-87, +38(093)693-17-36 на +38(093)693-17-36, при створенні нової заявки [Повірка] від 08.11.2024.
[08-Nov-2024 12:36:08 Europe/Helsinki] NewDATA [INFO] Нова заявка Повірка, адреса: вул. Савчука 7, кв. 119, лічильники: БЕЗ НОМЕРА - 2 шт., вартість: 600 грн., примітки: 13-17 30хв додано до БД користувачем [Сміян Альона].
[2024-11-08T12:36:15.448] [INFO] DataBase - У заявці Повірка від 8 листопада 2024 р. за адресою вул. Савчука, буд. 7, кв. 119 додано виконавця ЗАПЛАНОВАНІ та додано дату виконання 13 листопада 2024 р. користувачем [Сміян Альона].
[08-Nov-2024 12:37:34 Europe/Helsinki] NewDATA [INFO] Нова адреса вул. Київська, буд. 2, кв. 2, тел. +38 (093) 989-75-04 додана до БД користувачем [Сміян Альона].
[08-Nov-2024 12:37:53 Europe/Helsinki] NewDATA [INFO] Нова заявка Повірка, адреса: вул. Київська 2, кв. 2, лічильники: БЕЗ НОМЕРА - 2 шт., вартість: 600 грн., примітки: 13-17 додано до БД користувачем [Сміян Альона].
[2024-11-08T12:38:01.096] [INFO] DataBase - У заявці Повірка від 8 листопада 2024 р. за адресою вул. Київська, буд. 2, кв. 2 додано виконавця ЗАПЛАНОВАНІ та додано дату виконання 12 листопада 2024 р. користувачем [Сміян Альона].
[08-Nov-2024 13:15:15 Europe/Helsinki] EditDATA [INFO] Для заявки Повірка від 28.10.2024 користувачем [Коваль Людмила] змінено виконавця з ЗАПЛАНОВАНІ на Богомаз.
[08-Nov-2024 13:15:29 Europe/Helsinki] EditDATA [INFO] Для заявки Повірка від 06.11.2024 користувачем [Коваль Людмила] змінено виконавця з ЗАПЛАНОВАНІ на Богомаз.
[08-Nov-2024 13:15:41 Europe/Helsinki] EditDATA [INFO] Для заявки Повірка від 05.11.2024 користувачем [Коваль Людмила] змінено виконавця з ЗАПЛАНОВАНІ на Богомаз.
[08-Nov-2024 13:18:50 Europe/Helsinki] EditDATA [INFO] Для заявки Повірка від 29.10.2024 користувачем [Коваль Людмила] змінено виконавця з ЗАПЛАНОВАНІ на Сірий.
[08-Nov-2024 13:19:06 Europe/Helsinki] EditDATA [INFO] Для заявки Повірка від 05.11.2024 користувачем [Коваль Людмила] змінено виконавця з ЗАПЛАНОВАНІ на Сірий.
[08-Nov-2024 13:21:58 Europe/Helsinki] EditDATA [INFO] Для заявки Повірка від 24.10.2024 користувачем [Коваль Людмила] змінено виконавця з ЗАПЛАНОВАНІ на Шкуліпа.
[2024-11-08T13:22:51.773] [INFO] DataBase - У заявці Повірка від 31 жовтня 2024 р. за адресою вул. Захисників України, буд. 11, кв. 59 видалено дату виконання 8 листопада 2024 р. користувачем [Сусло Тетяна].
[08-Nov-2024 13:22:54 Europe/Helsinki] EditDATA [INFO] Для заявки Повірка від 28.10.2024 користувачем [Коваль Людмила] змінено виконавця з ЗАПЛАНОВАНІ на Сірий.
[2024-11-08T13:22:56.865] [INFO] DataBase - У заявці Повірка від 31 жовтня 2024 р. за адресою вул. Захисників України, буд. 11, кв. 59 додано дату виконання 13 листопада 2024 р. користувачем [Сусло Тетяна].
[08-Nov-2024 13:23:05 Europe/Helsinki] EditDATA [INFO] Для заявки Повірка від 07.11.2024 користувачем [Коваль Людмила] змінено виконавця з ЗАПЛАНОВАНІ на Сірий.
[08-Nov-2024 13:23:09 Europe/Helsinki] EditDATA [INFO] Для заявки Повірка від 31.10.2024 користувачем [Сусло Тетяна] змінено виконавця з Богомаз на ЗАПЛАНОВАНІ.
[08-Nov-2024 13:23:43 Europe/Helsinki] EditDATA [INFO] Для заявки Повірка від 04.11.2024 користувачем [Коваль Людмила] змінено виконавця з ЗАПЛАНОВАНІ на Сірий.
[08-Nov-2024 13:24:01 Europe/Helsinki] EditDATA [INFO] Для заявки Повірка від 04.11.2024 користувачем [Коваль Людмила] змінено виконавця з ЗАПЛАНОВАНІ на Сірий.
[08-Nov-2024 13:24:13 Europe/Helsinki] EditDATA [INFO] Для заявки Повірка від 05.11.2024 користувачем [Коваль Людмила] змінено виконавця з ЗАПЛАНОВАНІ на Сірий.
[08-Nov-2024 13:24:58 Europe/Helsinki] EditDATA [INFO] Для заявки Повірка від 29.10.2024 користувачем [Коваль Людмила] змінено виконавця з ЗАПЛАНОВАНІ на Ващенко.
[08-Nov-2024 13:25:08 Europe/Helsinki] EditDATA [INFO] Для заявки Повірка від 07.11.2024 користувачем [Коваль Людмила] змінено виконавця з ЗАПЛАНОВАНІ на Ващенко.
[08-Nov-2024 13:25:21 Europe/Helsinki] EditDATA [INFO] Для заявки Повірка від 31.10.2024 користувачем [Коваль Людмила] змінено виконавця з ЗАПЛАНОВАНІ на Ващенко.
[08-Nov-2024 13:25:35 Europe/Helsinki] EditDATA [INFO] Для заявки Повірка від 31.10.2024 користувачем [Коваль Людмила] змінено виконавця з ЗАПЛАНОВАНІ на Ващенко.
[08-Nov-2024 13:25:49 Europe/Helsinki] EditDATA [INFO] Для заявки Повірка від 07.11.2024 користувачем [Коваль Людмила] змінено виконавця з ЗАПЛАНОВАНІ на Сірий.
[08-Nov-2024 13:28:48 Europe/Helsinki] NewDATA [INFO] Нова заявка Повірка, адреса: пров. Кривоноса 3-й 1, кв. 44, лічильники: БЕЗ НОМЕРА - 1 шт., вартість: 300 грн., примітки: 13-18, за 30 хв додано до БД користувачем [Сусло Тетяна].
[08-Nov-2024 13:29:03 Europe/Helsinki] EditDATA [INFO] Для заявки Повірка від 04.11.2024 користувачем [Коваль Людмила] змінено виконавця з ЗАПЛАНОВАНІ на Ващенко.
[08-Nov-2024 13:29:13 Europe/Helsinki] DellTASK [INFO] Повірка від 05.11.2024 для адреси вул. Мазепи Івана, буд. 60, корп. А, кв. 7 для лічильника БЕЗ НОМЕРА - 1 шт. було відмінено користувачем [Сусло Тетяна] з коментарем: відмінити.
[08-Nov-2024 13:29:42 Europe/Helsinki] EditDATA [INFO] Для заявки Повірка від 08.11.2024 користувачем [Сусло Тетяна] додано виконавця Сірий.
[2024-11-08T13:29:49.611] [INFO] DataBase - У заявці Повірка від 8 листопада 2024 р. за адресою пров. Кривоноса 3-й, буд. 1, кв. 44 додано дату виконання 11 листопада 2024 р. користувачем [Сусло Тетяна].
[08-Nov-2024 13:44:59 Europe/Helsinki] EditDATA [INFO] Для заявки Повірка від 07.11.2024 користувачем [Коваль Людмила] змінено виконавця з ЗАПЛАНОВАНІ на Шкуліпа.
[08-Nov-2024 13:45:09 Europe/Helsinki] EditDATA [INFO] Для заявки Повірка від 01.11.2024 користувачем [Коваль Людмила] змінено виконавця з ЗАПЛАНОВАНІ на Шкуліпа.
[08-Nov-2024 13:45:18 Europe/Helsinki] EditDATA [INFO] Для заявки Повірка від 07.11.2024 користувачем [Коваль Людмила] змінено виконавця з ЗАПЛАНОВАНІ на Шкуліпа.
[08-Nov-2024 13:45:29 Europe/Helsinki] EditDATA [INFO] Для заявки Повірка від 04.11.2024 користувачем [Коваль Людмила] змінено виконавця з ЗАПЛАНОВАНІ на Шкуліпа.
[08-Nov-2024 13:46:30 Europe/Helsinki] EditDATA [INFO] Для заявки Повірка від 07.11.2024 користувачем [Коваль Людмила] змінено виконавця з Сірий на Богомаз.
[08-Nov-2024 13:54:57 Europe/Helsinki] EditDATA [INFO] За адресою вул. Корольова 17, кв. 5 користувачем [Коваль Людмила] змінені номери телефонів з +38(0462)60-12-73 на +38(068)424-99-85, при створенні нової заявки [Повірка] від 08.11.2024.
[08-Nov-2024 13:54:57 Europe/Helsinki] NewDATA [INFO] Нова заявка Повірка, адреса: вул. Корольова 17, кв. 5, лічильники: БЕЗ НОМЕРА - 2 шт., вартість: 600 грн., примітки: 8-9 додано до БД користувачем [Коваль Людмила].
[2024-11-08T13:55:14.678] [INFO] DataBase - У заявці Повірка від 8 листопада 2024 р. за адресою вул. Корольова, буд. 17, кв. 5 додано виконавця ЗАПЛАНОВАНІ та додано дату виконання 14 листопада 2024 р. користувачем [Коваль Людмила].
[08-Nov-2024 14:02:04 Europe/Helsinki] NewDATA [INFO] Нова заявка Заміна, адреса: вул. Текстильників 11 корпус Б, кв. 29, лічильники: 244729, вартість: 1060 грн., примітки: 1х/в с/в 244729 9-12 1час додано до БД користувачем [Сміян Альона].
[2024-11-08T14:02:18.007] [INFO] DataBase - У заявці Заміна від 8 листопада 2024 р. за адресою вул. Текстильників, буд. 11, корп. Б, кв. 29 додано виконавця Баранов та додано дату виконання 11 листопада 2024 р. користувачем [Сміян Альона].
[08-Nov-2024 14:17:45 Europe/Helsinki] NewDATA [INFO] Нова заявка Заміна, адреса: вул. Космонавтів 9, кв. 11, лічильники: 1121107, вартість: 1060 грн., примітки: 1х/в 1121107 13-17 30хв додано до БД користувачем [Сміян Альона].
[2024-11-08T14:17:52.495] [INFO] DataBase - У заявці Заміна від 8 листопада 2024 р. за адресою вул. Космонавтів, буд. 9, кв. 11 додано виконавця Баранов та додано дату виконання 11 листопада 2024 р. користувачем [Сміян Альона].
[08-Nov-2024 14:35:13 Europe/Helsinki] NewDATA [INFO] Нова заявка Заміна, адреса: просп. Миру 203 корпус А, кв. 50, лічильники: 051504, вартість: 350 грн., примітки: 1х/в 051504 13-17 додано до БД користувачем [Сміян Альона].
[2024-11-08T14:35:17.523] [INFO] DataBase - У заявці Заміна від 8 листопада 2024 р. за адресою просп. Миру, буд. 203, корп. А, кв. 50 додано виконавця Баранов та додано дату виконання 11 листопада 2024 р. користувачем [Сміян Альона].
[08-Nov-2024 14:39:44 Europe/Helsinki] EditDATA [INFO] За адресою просп. Левка Лукяненка 14, кв. 127 користувачем [Сусло Тетяна] змінені номери телефонів з +38(097)672-53-16, +38(0462)95-01-22 на +38(096)156-83-03, при створенні нової заявки [Повірка] від 08.11.2024.
[08-Nov-2024 14:39:44 Europe/Helsinki] NewDATA [INFO] Нова заявка Повірка, адреса: просп. Левка Лукяненка 14, кв. 127, лічильники: БЕЗ НОМЕРА - 2 шт., виконавець: Богомаз, вартість: 600 грн., примітки: 13-18, за 30 хв додано до БД користувачем [Сусло Тетяна].
[2024-11-08T14:39:47.049] [INFO] DataBase - У заявці Повірка від 8 листопада 2024 р. за адресою просп. Левка Лукяненка, буд. 14, кв. 127 додано дату виконання 11 листопада 2024 р. користувачем [Сусло Тетяна].
[08-Nov-2024 15:11:18 Europe/Helsinki] EditDATA [INFO] За адресою вул. Генерала Пухова 136, кв. 75 користувачем [Сміян Альона] змінені номери телефонів з +38(093)120-75-87, +38(096)908-45-30, +38(0462)95-15-87 на +38(096)908-45-30, при створенні нової заявки [Заміна] від 08.11.2024.
[08-Nov-2024 15:11:18 Europe/Helsinki] NewDATA [INFO] Нова заявка Заміна, адреса: вул. Генерала Пухова 136, кв. 75, лічильники: БЕЗ НОМЕРА - 1 шт., вартість: 350 грн., примітки: 1г/в с/в 8-13 додано до БД користувачем [Сміян Альона].
[2024-11-08T15:12:12.355] [INFO] DataBase - У заявці Заміна від 8 листопада 2024 р. за адресою вул. Генерала Пухова, буд. 136, кв. 75 додано виконавця Баранов та додано дату виконання 12 листопада 2024 р. користувачем [Сміян Альона].
[08-Nov-2024 15:13:18 Europe/Helsinki] EditDATA [INFO] За адресою вул. Толстого 106, кв. 13 користувачем [Сусло Тетяна] змінені номери телефонів з +38(0462)64-52-53, +38(063)283-92-00, +38(093)787-66-77 на +38(063)100-30-98, при створенні нової заявки [Повірка] від 08.11.2024.
[08-Nov-2024 15:13:18 Europe/Helsinki] NewDATA [INFO] Нова заявка Повірка, адреса: вул. Толстого 106, кв. 13, лічильники: БЕЗ НОМЕРА - 2 шт., вартість: 600 грн., примітки: 8-13 додано до БД користувачем [Сусло Тетяна].
[2024-11-08T15:13:22.453] [INFO] DataBase - У заявці Повірка від 8 листопада 2024 р. за адресою вул. Толстого, буд. 106, кв. 13 додано виконавця ЗАПЛАНОВАНІ та додано дату виконання 14 листопада 2024 р. користувачем [Сусло Тетяна].
[08-Nov-2024 15:19:44 Europe/Helsinki] NewDATA [INFO] Нова адреса вул. Козацька, буд. 18, кв. 47, тел. +38 (098) 323-78-85 додана до БД користувачем [Коваль Людмила].
[08-Nov-2024 15:20:12 Europe/Helsinki] NewDATA [INFO] Нова заявка Повірка, адреса: вул. Козацька 18, кв. 47, лічильники: БЕЗ НОМЕРА - 1 шт., вартість: 300 грн., примітки: 8-13 додано до БД користувачем [Коваль Людмила].
[2024-11-08T15:20:29.025] [INFO] DataBase - У заявці Повірка від 8 листопада 2024 р. за адресою вул. Козацька, буд. 18, кв. 47 додано виконавця ЗАПЛАНОВАНІ та додано дату виконання 12 листопада 2024 р. користувачем [Коваль Людмила].

