[17-Sep-2024 08:14:21 Europe/Helsinki] DellTASK [INFO] Заміна від 13.09.2024 для адреси вул. Героїв Чорнобиля, буд. 5, кв. 12 для лічильників 089676, 079780 було завершено користувачем [Сміян Альона] з коментарем: виконано.
[17-Sep-2024 08:14:40 Europe/Helsinki] DellTASK [INFO] Заміна від 13.09.2024 для адреси вул. Доценка, буд. 28, кв. 284 для лічильника БЕЗ НОМЕРА - 1 шт. було завершено користувачем [Сміян Альона] з коментарем: виконано.
[17-Sep-2024 08:15:22 Europe/Helsinki] NewDATA [INFO] Новий лічильник номер: 241475217, тип: СВК => DN 15, рік випуску: 2024, показники: 0, балансоутримувач: КП "ВДК" додано до БД користувачем [Сміян Альона].
[17-Sep-2024 08:15:35 Europe/Helsinki] EditDATA [INFO] В заявці Заміна від 13.09.2024 за адресою вул. Мазепи Івана, буд. 32, кв. 28 було видалено лічильники: 00616604; додано лічильники: 241475217 користувачем [Сміян Альона].
[17-Sep-2024 08:15:46 Europe/Helsinki] DellTASK [INFO] Заміна від 13.09.2024 для адреси вул. Мазепи Івана, буд. 32, кв. 28 для лічильника 241475217 було завершено користувачем [Сміян Альона] з коментарем: виконано.
[17-Sep-2024 08:16:28 Europe/Helsinki] NewDATA [INFO] Новий лічильник номер: 241475046, тип: СВК => DN 15, рік випуску: 2024, показники: 0, балансоутримувач: КП "ВДК" додано до БД користувачем [Сміян Альона].
[17-Sep-2024 08:16:40 Europe/Helsinki] EditDATA [INFO] Для заявки Заміна від 12.09.2024 користувачем [Сміян Альона] лічильник БЕЗ НОМЕРА ідентифіковано як 241475046.
[17-Sep-2024 08:16:49 Europe/Helsinki] DellTASK [INFO] Заміна від 12.09.2024 для адреси вул. Мацієвського Олександра, буд. 12, кв. 40 для лічильника 241475046 було завершено користувачем [Сміян Альона] з коментарем: виконано.
[17-Sep-2024 08:17:08 Europe/Helsinki] DellTASK [INFO] Заміна від 09.09.2024 для адреси пров. Тракторний 2-й, буд. 7, кв. 2 для лічильника БЕЗ НОМЕРА - 1 шт. було завершено користувачем [Сміян Альона] з коментарем: виконано.
[17-Sep-2024 08:17:49 Europe/Helsinki] NewDATA [INFO] Новий лічильник номер: 240150193, тип: СВК => DN 15, рік випуску: 2024, показники: 0, балансоутримувач: КП "ВДК" додано до БД користувачем [Сміян Альона].
[17-Sep-2024 08:18:01 Europe/Helsinki] EditDATA [INFO] В заявці Заміна від 06.09.2024 за адресою вул. Жабинського, буд. 2, корп. Б, кв. 120 було видалено лічильники: 20854222; додано лічильники: 240150193 користувачем [Сміян Альона].
[17-Sep-2024 08:18:40 Europe/Helsinki] DellTASK [INFO] Заміна від 06.09.2024 для адреси вул. Жабинського, буд. 2, корп. Б, кв. 120 для лічильників 20878392, 240150193 було завершено користувачем [Сміян Альона] з коментарем: виконано.
[17-Sep-2024 08:20:21 Europe/Helsinki] NewDATA [INFO] Новий лічильник номер: 240149708, тип: СВК => DN 15, рік випуску: 2024, показники: 0, балансоутримувач: КП "ВДК" додано до БД користувачем [Сміян Альона].
[17-Sep-2024 08:20:30 Europe/Helsinki] EditDATA [INFO] Для заявки Заміна від 30.08.2024 користувачем [Сміян Альона] лічильник БЕЗ НОМЕРА ідентифіковано як 240149708.
[17-Sep-2024 08:20:39 Europe/Helsinki] DellTASK [INFO] Заміна від 30.08.2024 для адреси вул. Ціолковського, буд. 2, кв. 50 для лічильника 240149708 було завершено користувачем [Сміян Альона] з коментарем: виконано.
[17-Sep-2024 09:31:38 Europe/Helsinki] NewDATA [INFO] Нова адреса вул. Красносільського, буд. 21, кв. 29, тел. +38 (095) 285-90-66 додана до БД користувачем [Сміян Альона].
[17-Sep-2024 09:32:11 Europe/Helsinki] NewDATA [INFO] Нова заявка Повірка, адреса: вул. Красносільського 21, кв. 29, лічильники: БЕЗ НОМЕРА - 1 шт., вартість: 300 грн., примітки: 8-13 1час додано до БД користувачем [Сміян Альона].
[2024-09-17T09:32:25.049] [INFO] DataBase - У заявці Повірка від 17 вересня 2024 р. за адресою вул. Красносільського, буд. 21, кв. 29 додано виконавця ЗАПЛАНОВАНІ та додано дату виконання 25 вересня 2024 р. користувачем [Сміян Альона].
[17-Sep-2024 09:38:23 Europe/Helsinki] NewDATA [INFO] Нова заявка Повірка, адреса: вул. Захисників України 12, кв. 21, лічильники: БЕЗ НОМЕРА - 1 шт., вартість: 300 грн., примітки: 8-13 додано до БД користувачем [Коваль Людмила].
[2024-09-17T09:38:40.525] [INFO] DataBase - У заявці Повірка від 17 вересня 2024 р. за адресою вул. Захисників України, буд. 12, кв. 21 додано виконавця ЗАПЛАНОВАНІ та додано дату виконання 23 вересня 2024 р. користувачем [Коваль Людмила].
[17-Sep-2024 09:54:09 Europe/Helsinki] NewDATA [INFO] Нова заявка Повірка, адреса: вул. 1-ої танкової бригади 37 корпус 3, кв. 32, лічильники: БЕЗ НОМЕРА - 2 шт., вартість: 600 грн., примітки: 13-18 30хв додано до БД користувачем [Сміян Альона].
[2024-09-17T09:54:14.022] [INFO] DataBase - У заявці Повірка від 17 вересня 2024 р. за адресою вул. 1-ої танкової бригади, буд. 37, корп. 3, кв. 32 додано виконавця ЗАПЛАНОВАНІ та додано дату виконання 18 вересня 2024 р. користувачем [Сміян Альона].
[17-Sep-2024 09:54:39 Europe/Helsinki] NewDATA [INFO] Новий лічильник номер: 107126, тип: КВ-1,5 => DN 15, рік випуску: 2014, показники: 0, балансоутримувач: КП "ВДК" додано до БД користувачем [Коваль Людмила].
[17-Sep-2024 09:54:47 Europe/Helsinki] EditDATA [INFO] Для заявки Повірка від 13.09.2024 користувачем [Коваль Людмила] лічильник БЕЗ НОМЕРА ідентифіковано як 107126.
[17-Sep-2024 09:55:00 Europe/Helsinki] DellTASK [INFO] Повірка від 13.09.2024 для адреси вул. Попова, буд. 31, корп. Б, кв. 154 для лічильника 107126 було завершено користувачем [Коваль Людмила] з коментарем: виконано.
[17-Sep-2024 09:55:49 Europe/Helsinki] NewDATA [INFO] Новий лічильник номер: 026398, тип: КВ-1,5 => DN 15, рік випуску: 2020, показники: 0, балансоутримувач: КП "ВДК" додано до БД користувачем [Коваль Людмила].
[17-Sep-2024 09:55:57 Europe/Helsinki] EditDATA [INFO] Для заявки Повірка від 12.09.2024 користувачем [Коваль Людмила] лічильник БЕЗ НОМЕРА ідентифіковано як 026398.
[17-Sep-2024 09:56:07 Europe/Helsinki] DellTASK [INFO] Повірка від 12.09.2024 для адреси вул. Жабинського, буд. 2, корп. В, кв. 238 для лічильника 026398 було завершено користувачем [Коваль Людмила] з коментарем: виконано.
[17-Sep-2024 09:57:48 Europe/Helsinki] NewDATA [INFO] Нова заявка Заміна, адреса: вул. Незалежності 82, кв. 37, лічильники: БЕЗ НОМЕРА - 1 шт., вартість: 1050 грн., примітки: 1 г/в додано до БД користувачем [Сміян Альона].
[2024-09-17T09:57:56.208] [INFO] DataBase - У заявці Заміна від 17 вересня 2024 р. за адресою вул. Незалежності, буд. 82, кв. 37 додано виконавця Баранов та додано дату виконання 17 вересня 2024 р. користувачем [Сміян Альона].
[17-Sep-2024 10:07:13 Europe/Helsinki] NewDATA [INFO] Новий лічильник номер: 123367, тип: КВ-1,5 => DN 15, рік випуску: 2001, показники: 0, балансоутримувач: КП "ВДК" додано до БД користувачем [Коваль Людмила].
[17-Sep-2024 10:07:24 Europe/Helsinki] EditDATA [INFO] Для заявки Повірка від 06.09.2024 користувачем [Коваль Людмила] лічильник БЕЗ НОМЕРА ідентифіковано як 123367.
[17-Sep-2024 10:07:34 Europe/Helsinki] DellTASK [INFO] Повірка від 06.09.2024 для адреси просп. Перемоги, буд. 58, кв. 17 для лічильників 123367, БЕЗ НОМЕРА - 1 шт. було завершено користувачем [Коваль Людмила] з коментарем: виконано.
[17-Sep-2024 10:08:28 Europe/Helsinki] NewDATA [INFO] Новий лічильник номер: 11594283, тип: Sensus => DN 15, рік випуску: 2018, показники: 0, балансоутримувач: КП "ВДК" додано до БД користувачем [Коваль Людмила].
[17-Sep-2024 10:08:42 Europe/Helsinki] EditDATA [INFO] Для заявки Повірка від 13.09.2024 користувачем [Коваль Людмила] лічильник БЕЗ НОМЕРА ідентифіковано як 11594283.
[17-Sep-2024 10:09:14 Europe/Helsinki] NewDATA [INFO] Новий лічильник номер: 11592989, тип: Sensus => DN 15, рік випуску: 2018, показники: 0, балансоутримувач: КП "ТКЕ" додано до БД користувачем [Коваль Людмила].
[17-Sep-2024 10:09:43 Europe/Helsinki] EditDATA [INFO] Для заявки Повірка від 13.09.2024 користувачем [Коваль Людмила] лічильник БЕЗ НОМЕРА ідентифіковано як 11592989.
[17-Sep-2024 10:09:53 Europe/Helsinki] DellTASK [INFO] Повірка від 13.09.2024 для адреси вул. Текстильників, буд. 11, корп. А, кв. 95 для лічильників 11594283, 11592989 було завершено користувачем [Коваль Людмила] з коментарем: виконано.
[17-Sep-2024 10:11:05 Europe/Helsinki] NewDATA [INFO] Новий лічильник номер: 315562, тип: КВ-1,5 => DN 15, рік випуску: 2012, показники: 0, балансоутримувач: КП "ТКЕ" додано до БД користувачем [Коваль Людмила].
[17-Sep-2024 10:11:14 Europe/Helsinki] EditDATA [INFO] Для заявки Повірка від 27.08.2024 користувачем [Коваль Людмила] лічильник БЕЗ НОМЕРА ідентифіковано як 315562.
[17-Sep-2024 10:11:24 Europe/Helsinki] DellTASK [INFO] Повірка від 27.08.2024 для адреси вул. Самоквасова Дмитра, буд. 20, кв. 123 для лічильників 315562, БЕЗ НОМЕРА - 1 шт. було завершено користувачем [Коваль Людмила] з коментарем: виконано.
[17-Sep-2024 10:12:01 Europe/Helsinki] NewDATA [INFO] Новий лічильник номер: 9200342186, тип: ЛК => DN 15, рік випуску: 2020, показники: 0, балансоутримувач: КП "ВДК" додано до БД користувачем [Коваль Людмила].
[17-Sep-2024 10:12:12 Europe/Helsinki] EditDATA [INFO] Для заявки Повірка від 13.09.2024 користувачем [Коваль Людмила] лічильник БЕЗ НОМЕРА ідентифіковано як 9200342186.
[17-Sep-2024 10:12:44 Europe/Helsinki] NewDATA [INFO] Новий лічильник номер: 360197, тип: КВ-1,5 => DN 15, рік випуску: 2013, показники: 0, балансоутримувач: КП "ТКЕ" додано до БД користувачем [Коваль Людмила].
[17-Sep-2024 10:12:52 Europe/Helsinki] EditDATA [INFO] Для заявки Повірка від 13.09.2024 користувачем [Коваль Людмила] лічильник БЕЗ НОМЕРА ідентифіковано як 360197.
[17-Sep-2024 10:13:03 Europe/Helsinki] DellTASK [INFO] Повірка від 13.09.2024 для адреси вул. Самоквасова Дмитра, буд. 20, кв. 142 для лічильників 9200342186, 360197 було завершено користувачем [Коваль Людмила] з коментарем: виконано.
[17-Sep-2024 10:18:54 Europe/Helsinki] EditDATA [INFO] Для заявки Повірка від 12.09.2024 користувачем [Сусло Тетяна] додано спосіб оплати .
[17-Sep-2024 10:43:38 Europe/Helsinki] EditDATA [INFO] Для заявки Заміна від 16.09.2024 користувачем [Сміян Альона] змінено примітки з 1гв, ванна, 8-13, за 1 год на 1гв, ванна, 8-13, за 1 год 077729.
[17-Sep-2024 10:56:53 Europe/Helsinki] EditDATA [INFO] Для заявки Повірка від 11.09.2024 користувачем [Коваль Людмила] змінено примітки з 8-13 на 14-18.
[17-Sep-2024 11:10:47 Europe/Helsinki] NewDATA [INFO] Нова заявка Повірка, адреса: вул. Елеваторна 8 корпус А, кв. 27, лічильники: БЕЗ НОМЕРА - 2 шт., вартість: 600 грн., примітки: 13-17 додано до БД користувачем [Сміян Альона].
[2024-09-17T11:10:57.057] [INFO] DataBase - У заявці Повірка від 17 вересня 2024 р. за адресою вул. Елеваторна, буд. 8, корп. А, кв. 27 додано виконавця ЗАПЛАНОВАНІ та додано дату виконання 25 вересня 2024 р. користувачем [Сміян Альона].
[17-Sep-2024 11:17:44 Europe/Helsinki] EditDATA [INFO] За адресою вул. Доценка 30, кв. 76 користувачем [Коваль Людмила] змінені номери телефонів з +38(0462)95-96-44, +38(096)222-18-17 на +38(096)222-18-17, при створенні нової заявки [Повірка] від 17.09.2024.
[17-Sep-2024 11:17:44 Europe/Helsinki] NewDATA [INFO] Нова заявка Повірка, адреса: вул. Доценка 30, кв. 76, лічильники: БЕЗ НОМЕРА - 2 шт., вартість: 600 грн., примітки: 8-13 додано до БД користувачем [Коваль Людмила].
[2024-09-17T11:18:03.556] [INFO] DataBase - У заявці Повірка від 17 вересня 2024 р. за адресою вул. Доценка, буд. 30, кв. 76 додано виконавця ЗАПЛАНОВАНІ та додано дату виконання 20 вересня 2024 р. користувачем [Коваль Людмила].
[17-Sep-2024 11:18:56 Europe/Helsinki] NewDATA [INFO] Нова заявка Заміна, адреса: вул. Незалежності 82, кв. 37, лічильники: БЕЗ НОМЕРА - 1 шт., виконавець: Баранов, вартість: 1060 грн., примітки: пер.за час додано до БД користувачем [Коваль Людмила].
[2024-09-17T11:19:06.611] [INFO] DataBase - У заявці Заміна від 17 вересня 2024 р. за адресою вул. Незалежності, буд. 82, кв. 37 додано дату виконання 17 вересня 2024 р. користувачем [Коваль Людмила].
[17-Sep-2024 11:23:10 Europe/Helsinki] NewDATA [INFO] Нова адреса вул. Мезенцева Юрія, буд. 80, кв. 68, тел. +38 (093) 960-97-21 додана до БД користувачем [Коваль Людмила].
[17-Sep-2024 11:23:45 Europe/Helsinki] NewDATA [INFO] Нова заявка Повірка, адреса: вул. Мезенцева Юрія 80, кв. 68, лічильники: БЕЗ НОМЕРА - 4 шт., вартість: 1200 грн., примітки: 8-13 додано до БД користувачем [Коваль Людмила].
[2024-09-17T11:24:08.016] [INFO] DataBase - У заявці Повірка від 17 вересня 2024 р. за адресою вул. Мезенцева Юрія, буд. 80, кв. 68 додано виконавця ЗАПЛАНОВАНІ та додано дату виконання 21 жовтня 2024 р. користувачем [Коваль Людмила].
[17-Sep-2024 11:25:18 Europe/Helsinki] NewDATA [INFO] Нова адреса просп. Перемоги, буд. 45, кв. 6, тел. +38 (050) 607-56-64 додана до БД користувачем [Коваль Людмила].
[17-Sep-2024 11:26:10 Europe/Helsinki] NewDATA [INFO] Нова заявка Повірка, адреса: просп. Перемоги 45, кв. 6, лічильники: БЕЗ НОМЕРА - 2 шт., вартість: 600 грн., примітки: 15-18,пер.за 15 хв додано до БД користувачем [Коваль Людмила].
[2024-09-17T11:26:29.565] [INFO] DataBase - У заявці Повірка від 17 вересня 2024 р. за адресою просп. Перемоги, буд. 45, кв. 6 додано виконавця ЗАПЛАНОВАНІ та додано дату виконання 20 вересня 2024 р. користувачем [Коваль Людмила].
[17-Sep-2024 11:31:50 Europe/Helsinki] EditDATA [INFO] За адресою вул. 1-ї Гвардійської Армії 4, кв. 177 користувачем [Коваль Людмила] змінені номери телефонів з +38(063)314-85-02 на +38(063)314-85-02, +38(098)359-87-57, при створенні нової заявки [Повірка] від 17.09.2024.
[17-Sep-2024 11:31:50 Europe/Helsinki] NewDATA [INFO] Нова заявка Повірка, адреса: вул. 1-ї Гвардійської Армії 4, кв. 177, лічильники: БЕЗ НОМЕРА - 2 шт., вартість: 600 грн., примітки: 14-18 додано до БД користувачем [Коваль Людмила].
[2024-09-17T11:33:09.618] [INFO] DataBase - У заявці Повірка від 17 вересня 2024 р. за адресою вул. 1-ї Гвардійської Армії, буд. 4, кв. 177 додано виконавця ЗАПЛАНОВАНІ та додано дату виконання 20 вересня 2024 р. користувачем [Коваль Людмила].
[17-Sep-2024 11:44:45 Europe/Helsinki] NewDATA [INFO] Нова адреса вул. Любецька, буд. 21, кв. 59, тел. +38 (097) 661-75-51 додана до БД користувачем [Коваль Людмила].
[17-Sep-2024 11:45:55 Europe/Helsinki] NewDATA [INFO] Нова заявка Повірка, адреса: вул. Любецька 21, кв. 59, лічильники: БЕЗ НОМЕРА - 2 шт., вартість: 600 грн., примітки: 8,30-13,пер.за 15 хв. додано до БД користувачем [Коваль Людмила].
[2024-09-17T11:46:41.316] [INFO] DataBase - У заявці Повірка від 17 вересня 2024 р. за адресою вул. Любецька, буд. 21, кв. 59 додано виконавця ЗАПЛАНОВАНІ та додано дату виконання 20 вересня 2024 р. користувачем [Коваль Людмила].
[17-Sep-2024 12:02:12 Europe/Helsinki] NewDATA [INFO] Нова адреса вул. Любецька, буд. 7, кв. 120, тел. +38 (093) 347-58-77 додана до БД користувачем [Коваль Людмила].
[17-Sep-2024 12:03:11 Europe/Helsinki] NewDATA [INFO] Нова заявка Повірка, адреса: вул. Любецька 7, кв. 120, лічильники: БЕЗ НОМЕРА - 1 шт., вартість: 600 грн., примітки: 8-13, за 1 год (інвалід) додано до БД користувачем [Коваль Людмила].
[2024-09-17T12:03:22.049] [INFO] DataBase - У заявці Повірка від 17 вересня 2024 р. за адресою вул. Любецька, буд. 7, кв. 120 додано виконавця ЗАПЛАНОВАНІ та додано дату виконання 20 вересня 2024 р. користувачем [Коваль Людмила].
[17-Sep-2024 12:04:48 Europe/Helsinki] EditDATA [INFO] За адресою вул. Захисників України 10, кв. 15 користувачем [Коваль Людмила] додано номер телефону +38(063)532-86-77, при створенні нової заявки [Повірка] від 17.09.2024.
[17-Sep-2024 12:04:48 Europe/Helsinki] NewDATA [INFO] Нова заявка Повірка, адреса: вул. Захисників України 10, кв. 15, лічильники: БЕЗ НОМЕРА - 2 шт., вартість: 600 грн., примітки: 8-13 додано до БД користувачем [Коваль Людмила].
[2024-09-17T12:04:58.327] [INFO] DataBase - У заявці Повірка від 17 вересня 2024 р. за адресою вул. Захисників України, буд. 10, кв. 15 додано виконавця ЗАПЛАНОВАНІ та додано дату виконання 20 вересня 2024 р. користувачем [Коваль Людмила].
[17-Sep-2024 12:05:57 Europe/Helsinki] NewDATA [INFO] Нова адреса вул. Промислова, буд. 1, кв. 60, тел. +38 (096) 103-79-73 додана до БД користувачем [Коваль Людмила].
[17-Sep-2024 12:06:26 Europe/Helsinki] NewDATA [INFO] Нова заявка Повірка, адреса: вул. Промислова 1, кв. 60, лічильники: БЕЗ НОМЕРА - 2 шт., вартість: 600 грн., примітки: 8-13 додано до БД користувачем [Коваль Людмила].
[2024-09-17T12:06:30.652] [INFO] DataBase - У заявці Повірка від 17 вересня 2024 р. за адресою вул. Промислова, буд. 1, кв. 60 додано виконавця ЗАПЛАНОВАНІ та додано дату виконання 20 вересня 2024 р. користувачем [Коваль Людмила].
[17-Sep-2024 12:08:11 Europe/Helsinki] NewDATA [INFO] Нова адреса вул. Міхнюка Олега, буд. 41, корп. А/1, кв. 7, тел. +38 (096) 457-57-77 додана до БД користувачем [Коваль Людмила].
[17-Sep-2024 12:17:31 Europe/Helsinki] EditDATA [INFO] За адресою вул. Савчука 7, кв. 35 користувачем [Коваль Людмила] змінені номери телефонів з +38(0462)66-69-54, +38(098)485-68-60, +38(067)270-68-62 на +38(067)270-68-62, при створенні нової заявки [Повірка] від 17.09.2024.
[17-Sep-2024 12:17:31 Europe/Helsinki] NewDATA [INFO] Нова заявка Повірка, адреса: вул. Савчука 7, кв. 35, лічильники: БЕЗ НОМЕРА - 2 шт., вартість: 600 грн., примітки: 8-10 додано до БД користувачем [Коваль Людмила].
[2024-09-17T12:17:36.464] [INFO] DataBase - У заявці Повірка від 17 вересня 2024 р. за адресою вул. Савчука, буд. 7, кв. 35 додано виконавця ЗАПЛАНОВАНІ та додано дату виконання 20 вересня 2024 р. користувачем [Коваль Людмила].
[17-Sep-2024 12:32:18 Europe/Helsinki] EditDATA [INFO] За адресою вул. Старобілоуська 47, кв. 8 користувачем [Коваль Людмила] змінені номери телефонів з +38(067)275-19-21, +38(067)696-57-56, +38(068)085-33-91 на +38(067)696-57-56, при створенні нової заявки [Повірка] від 17.09.2024.
[17-Sep-2024 12:32:18 Europe/Helsinki] NewDATA [INFO] Нова заявка Повірка, адреса: вул. Старобілоуська 47, кв. 8, лічильники: БЕЗ НОМЕРА - 2 шт., вартість: 600 грн., примітки: 8-13 додано до БД користувачем [Коваль Людмила].
[2024-09-17T12:32:23.781] [INFO] DataBase - У заявці Повірка від 17 вересня 2024 р. за адресою вул. Старобілоуська, буд. 47, кв. 8 додано виконавця ЗАПЛАНОВАНІ та додано дату виконання 19 вересня 2024 р. користувачем [Коваль Людмила].
[17-Sep-2024 12:35:27 Europe/Helsinki] NewDATA [INFO] Нова адреса просп. Левка Лукяненка, буд. 45, кв. 7, тел. +38 (063) 840-45-40 додана до БД користувачем [Коваль Людмила].
[17-Sep-2024 12:35:57 Europe/Helsinki] NewDATA [INFO] Нова заявка Повірка, адреса: просп. Левка Лукяненка 45, кв. 7, лічильники: БЕЗ НОМЕРА - 1 шт., вартість: 300 грн., примітки: 8-13 додано до БД користувачем [Коваль Людмила].
[2024-09-17T12:36:03.503] [INFO] DataBase - У заявці Повірка від 17 вересня 2024 р. за адресою просп. Левка Лукяненка, буд. 45, кв. 7 додано виконавця ЗАПЛАНОВАНІ та додано дату виконання 19 вересня 2024 р. користувачем [Коваль Людмила].
[17-Sep-2024 12:36:21 Europe/Helsinki] NewDATA [INFO] Нова адреса вул. Міхнюка Олега, буд. 41, корп. А1, кв. 7 додана до БД користувачем [Коваль Людмила].
[17-Sep-2024 12:40:30 Europe/Helsinki] NewDATA [INFO] Нова заявка Повірка, адреса: вул. Міхнюка Олега 41 корпус А/1, кв. 7, лічильники: БЕЗ НОМЕРА - 1 шт., вартість: 300 грн., примітки: 8-11 додано до БД користувачем [Коваль Людмила].
[2024-09-17T12:40:39.656] [INFO] DataBase - У заявці Повірка від 17 вересня 2024 р. за адресою вул. Міхнюка Олега, буд. 41, корп. А/1, кв. 7 додано виконавця ЗАПЛАНОВАНІ та додано дату виконання 20 вересня 2024 р. користувачем [Коваль Людмила].
[17-Sep-2024 12:46:36 Europe/Helsinki] EditDATA [INFO] Для заявки Повірка від 16.09.2024 користувачем [Коваль Людмила] змінено примітки з 8-13, за 30 хв на 8-10, за 30 хв.
[2024-09-17T12:47:00.013] [INFO] DataBase - У заявці Повірка від 16 вересня 2024 р. за адресою просп. Миру, буд. 61, кв. 11 видалено дату виконання 18 вересня 2024 р. користувачем [Коваль Людмила].
[2024-09-17T12:47:23.965] [INFO] DataBase - У заявці Повірка від 16 вересня 2024 р. за адресою просп. Миру, буд. 61, кв. 11 додано дату виконання 19 вересня 2024 р. користувачем [Коваль Людмила].
[17-Sep-2024 13:03:21 Europe/Helsinki] NewDATA [INFO] Новий лічильник номер: 11594287, тип: Sensus => DN 15, рік випуску: 2018, показники: 0, балансоутримувач: КП "ВДК" додано до БД користувачем [Коваль Людмила].
[17-Sep-2024 13:03:31 Europe/Helsinki] EditDATA [INFO] Для заявки Повірка від 13.09.2024 користувачем [Коваль Людмила] лічильник БЕЗ НОМЕРА ідентифіковано як 11594287.
[17-Sep-2024 13:04:03 Europe/Helsinki] NewDATA [INFO] Новий лічильник номер: 11592984, тип: Sensus => DN 15, рік випуску: 2018, показники: 0, балансоутримувач: КП "ТКЕ" додано до БД користувачем [Коваль Людмила].
[17-Sep-2024 13:04:13 Europe/Helsinki] EditDATA [INFO] Для заявки Повірка від 13.09.2024 користувачем [Коваль Людмила] лічильник БЕЗ НОМЕРА ідентифіковано як 11592984.
[17-Sep-2024 13:06:58 Europe/Helsinki] NewDATA [INFO] Нова адреса вул. Леонтовича Миколи, буд. 3, кв. 55, тел. +38 (093) 539-38-26 додана до БД користувачем [Коваль Людмила].
[17-Sep-2024 13:07:48 Europe/Helsinki] NewDATA [INFO] Нова заявка Повірка, адреса: вул. Леонтовича Миколи 3, кв. 55, лічильники: БЕЗ НОМЕРА - 2 шт., вартість: 600 грн., примітки: 8-13 додано до БД користувачем [Коваль Людмила].
[2024-09-17T13:08:03.508] [INFO] DataBase - У заявці Повірка від 17 вересня 2024 р. за адресою вул. Леонтовича Миколи, буд. 3, кв. 55 додано виконавця ЗАПЛАНОВАНІ та додано дату виконання 2 жовтня 2024 р. користувачем [Коваль Людмила].
[17-Sep-2024 13:23:07 Europe/Helsinki] EditDATA [ERROR] Лічильник с ID  не найден в базе данных.
[17-Sep-2024 13:23:47 Europe/Helsinki] EditDATA [INFO] Для заявки Заміна від 16.09.2024 користувачем [Сміян Альона] змінено примітки з 9-13,пер.за час на 9-13,пер.за час 3 сч.
[17-Sep-2024 13:28:21 Europe/Helsinki] NewDATA [INFO] Нова заявка Повірка, адреса: вул. Самоквасова Дмитра 16, кв. 84, лічильники: БЕЗ НОМЕРА - 1 шт., вартість: 300 грн., примітки: до 11.00 додано до БД користувачем [Коваль Людмила].
[17-Sep-2024 13:29:52 Europe/Helsinki] NewDATA [INFO] Новий лічильник номер: 11594289, тип: Sensus => DN 15, рік випуску: 2018, показники: 0, балансоутримувач: КП "ВДК" додано до БД користувачем [Коваль Людмила].
[17-Sep-2024 13:30:03 Europe/Helsinki] EditDATA [INFO] Для заявки Повірка від 13.09.2024 користувачем [Коваль Людмила] лічильник БЕЗ НОМЕРА ідентифіковано як 11594289.
[17-Sep-2024 13:30:34 Europe/Helsinki] NewDATA [INFO] Новий лічильник номер: 11592983, тип: Sensus => DN 15, рік випуску: 2018, показники: 0, балансоутримувач: КП "ТКЕ" додано до БД користувачем [Коваль Людмила].
[17-Sep-2024 13:30:46 Europe/Helsinki] EditDATA [INFO] Для заявки Повірка від 13.09.2024 користувачем [Коваль Людмила] лічильник БЕЗ НОМЕРА ідентифіковано як 11592983.
[17-Sep-2024 13:30:58 Europe/Helsinki] DellTASK [INFO] Повірка від 13.09.2024 для адреси вул. Текстильників, буд. 11, корп. А, кв. 116 для лічильників 11594287, 11592984, 11594289, 11592983 було завершено користувачем [Коваль Людмила] з коментарем: виконано.
[17-Sep-2024 13:48:13 Europe/Helsinki] NewDATA [INFO] Новий лічильник номер: 091996, тип: КВ-1,5 => DN 15, рік випуску: 2003, показники: 0, балансоутримувач: КП "ВДК" додано до БД користувачем [Коваль Людмила].
[17-Sep-2024 13:48:22 Europe/Helsinki] EditDATA [INFO] Для заявки Повірка від 13.09.2024 користувачем [Коваль Людмила] лічильник БЕЗ НОМЕРА ідентифіковано як 091996.
[17-Sep-2024 13:48:49 Europe/Helsinki] NewDATA [INFO] Новий лічильник номер: 092503, тип: КВ-1,5 => DN 15, рік випуску: 2003, показники: 0, балансоутримувач: КП "ТКЕ" додано до БД користувачем [Коваль Людмила].
[17-Sep-2024 13:48:59 Europe/Helsinki] EditDATA [INFO] Для заявки Повірка від 13.09.2024 користувачем [Коваль Людмила] лічильник БЕЗ НОМЕРА ідентифіковано як 092503.
[17-Sep-2024 13:49:34 Europe/Helsinki] NewDATA [INFO] Новий лічильник номер: 092431, тип: КВ-1,5 => DN 15, рік випуску: 2003, показники: 0, балансоутримувач: КП "ТКЕ" додано до БД користувачем [Коваль Людмила].
[17-Sep-2024 13:49:43 Europe/Helsinki] EditDATA [INFO] Для заявки Повірка від 13.09.2024 користувачем [Коваль Людмила] лічильник БЕЗ НОМЕРА ідентифіковано як 092431.
[17-Sep-2024 13:49:54 Europe/Helsinki] DellTASK [INFO] Повірка від 13.09.2024 для адреси вул. Самоквасова Дмитра, буд. 20, кв. 5 для лічильників 091996, 092503, 092431, БЕЗ НОМЕРА - 1 шт. було завершено користувачем [Коваль Людмила] з коментарем: виконано.
[17-Sep-2024 13:50:37 Europe/Helsinki] NewDATA [INFO] Новий лічильник номер: 493357, тип: КВ-1,5 => DN 15, рік випуску: 2009, показники: 0, балансоутримувач: КП "ВДК" додано до БД користувачем [Коваль Людмила].
[17-Sep-2024 13:50:45 Europe/Helsinki] EditDATA [INFO] Для заявки Повірка від 12.09.2024 користувачем [Коваль Людмила] лічильник БЕЗ НОМЕРА ідентифіковано як 493357.
[17-Sep-2024 13:51:11 Europe/Helsinki] NewDATA [INFO] Новий лічильник номер: 536659, тип: КВ-1,5 => DN 15, рік випуску: 2009, показники: 0, балансоутримувач: КП "ТКЕ" додано до БД користувачем [Коваль Людмила].
[17-Sep-2024 13:51:21 Europe/Helsinki] EditDATA [INFO] Для заявки Повірка від 12.09.2024 користувачем [Коваль Людмила] лічильник БЕЗ НОМЕРА ідентифіковано як 536659.
[17-Sep-2024 13:51:32 Europe/Helsinki] DellTASK [INFO] Повірка від 12.09.2024 для адреси вул. Самоквасова Дмитра, буд. 11, кв. 28 для лічильників 493357, 536659 було завершено користувачем [Коваль Людмила] з коментарем: виконано.
[17-Sep-2024 13:53:49 Europe/Helsinki] NewDATA [INFO] Новий лічильник номер: 181213824, тип: СВК => DN 15, рік випуску: 2018, показники: 0, балансоутримувач: КП "ВДК" додано до БД користувачем [Коваль Людмила].
[17-Sep-2024 13:54:00 Europe/Helsinki] EditDATA [INFO] Для заявки Повірка від 10.09.2024 користувачем [Коваль Людмила] лічильник БЕЗ НОМЕРА ідентифіковано як 181213824.
[17-Sep-2024 13:54:10 Europe/Helsinki] DellTASK [INFO] Повірка від 10.09.2024 для адреси просп. Левка Лукяненка, буд. 3, кв. 4 для лічильника 181213824 було завершено користувачем [Коваль Людмила] з коментарем: виконано.
[17-Sep-2024 13:54:57 Europe/Helsinki] NewDATA [INFO] Новий лічильник номер: 467296, тип: КВ-1,5 => DN 15, рік випуску: 2007, показники: 0, балансоутримувач: КП "ВДК" додано до БД користувачем [Коваль Людмила].
[17-Sep-2024 13:55:06 Europe/Helsinki] EditDATA [INFO] Для заявки Повірка від 03.09.2024 користувачем [Коваль Людмила] лічильник БЕЗ НОМЕРА ідентифіковано як 467296.
[17-Sep-2024 13:55:16 Europe/Helsinki] DellTASK [INFO] Повірка від 03.09.2024 для адреси вул. Борщова, буд. 4, кв. 3 для лічильника 467296 було завершено користувачем [Коваль Людмила] з коментарем: виконано.
[17-Sep-2024 13:55:57 Europe/Helsinki] NewDATA [INFO] Новий лічильник номер: 051396, тип: КВ-1,5 => DN 15, рік випуску: 2020, показники: 0, балансоутримувач: КП "ВДК" додано до БД користувачем [Коваль Людмила].
[17-Sep-2024 13:56:05 Europe/Helsinki] EditDATA [INFO] Для заявки Повірка від 15.08.2024 користувачем [Коваль Людмила] лічильник БЕЗ НОМЕРА ідентифіковано як 051396.
[17-Sep-2024 13:56:15 Europe/Helsinki] DellTASK [INFO] Повірка від 15.08.2024 для адреси вул. Шевченка, буд. 248, корп. А, кв. 9 для лічильника 051396 було завершено користувачем [Коваль Людмила] з коментарем: виконано.
[17-Sep-2024 13:57:03 Europe/Helsinki] NewDATA [INFO] Новий лічильник номер: 110388, тип: КВ-1,5 => DN 15, рік випуску: 2002, показники: 0, балансоутримувач: КП "ВДК" додано до БД користувачем [Коваль Людмила].
[17-Sep-2024 13:57:13 Europe/Helsinki] EditDATA [INFO] Для заявки Повірка від 12.09.2024 користувачем [Коваль Людмила] лічильник БЕЗ НОМЕРА ідентифіковано як 110388.
[17-Sep-2024 13:57:42 Europe/Helsinki] NewDATA [INFO] Новий лічильник номер: 463699, тип: КВ-1,5 => DN 15, рік випуску: 2007, показники: 0, балансоутримувач: АТ "ОТКЕ" додано до БД користувачем [Коваль Людмила].
[17-Sep-2024 13:57:51 Europe/Helsinki] EditDATA [INFO] Для заявки Повірка від 12.09.2024 користувачем [Коваль Людмила] лічильник БЕЗ НОМЕРА ідентифіковано як 463699.
[17-Sep-2024 13:58:02 Europe/Helsinki] DellTASK [INFO] Повірка від 12.09.2024 для адреси вул. Шевченка, буд. 32, корп. А, кв. 40 для лічильників 110388, 463699 було завершено користувачем [Коваль Людмила] з коментарем: виконано.
[17-Sep-2024 13:58:32 Europe/Helsinki] DellTASK [INFO] Повірка від 12.09.2024 для адреси вул. Савчука, буд. 5, кв. 72 для лічильника БЕЗ НОМЕРА - 2 шт. було завершено користувачем [Коваль Людмила] з коментарем: невиконано,не в місті.
[17-Sep-2024 13:59:15 Europe/Helsinki] NewDATA [INFO] Новий лічильник номер: 218914, тип: КВ-1,5 => DN 15, рік випуску: 2010, показники: 0, балансоутримувач: КП "ВДК" додано до БД користувачем [Коваль Людмила].
[17-Sep-2024 13:59:23 Europe/Helsinki] EditDATA [INFO] Для заявки Повірка від 21.08.2024 користувачем [Коваль Людмила] лічильник БЕЗ НОМЕРА ідентифіковано як 218914.
[17-Sep-2024 13:59:34 Europe/Helsinki] DellTASK [INFO] Повірка від 21.08.2024 для адреси вул. Борщова, буд. 5, кв. 2 для лічильника 218914 було завершено користувачем [Коваль Людмила] з коментарем: виконано.
[17-Sep-2024 14:00:33 Europe/Helsinki] NewDATA [INFO] Новий лічильник номер: 11594420, тип: ResidiaJet => DN 15, рік випуску: 2018, показники: 0, балансоутримувач: КП "ВДК" додано до БД користувачем [Коваль Людмила].
[17-Sep-2024 14:00:49 Europe/Helsinki] EditDATA [INFO] Для заявки Повірка від 13.09.2024 користувачем [Коваль Людмила] лічильник БЕЗ НОМЕРА ідентифіковано як 11594420.
[17-Sep-2024 14:01:00 Europe/Helsinki] DellTASK [INFO] Повірка від 13.09.2024 для адреси вул. Борщова, буд. 4, кв. 15 для лічильника 11594420 було завершено користувачем [Коваль Людмила] з коментарем: виконано.
[17-Sep-2024 14:01:44 Europe/Helsinki] NewDATA [INFO] Новий лічильник номер: 11594912, тип: ResidiaJet => DN 15, рік випуску: 2018, показники: 0, балансоутримувач: КП "ВДК" додано до БД користувачем [Коваль Людмила].
[17-Sep-2024 14:01:56 Europe/Helsinki] EditDATA [INFO] Для заявки Повірка від 13.09.2024 користувачем [Коваль Людмила] лічильник БЕЗ НОМЕРА ідентифіковано як 11594912.
[17-Sep-2024 14:02:48 Europe/Helsinki] NewDATA [INFO] Новий лічильник номер: 11593151, тип: ResidiaJet => DN 15, рік випуску: 2018, показники: 0, балансоутримувач: АТ "ОТКЕ" додано до БД користувачем [Коваль Людмила].
[17-Sep-2024 14:03:00 Europe/Helsinki] EditDATA [INFO] Для заявки Повірка від 13.09.2024 користувачем [Коваль Людмила] лічильник БЕЗ НОМЕРА ідентифіковано як 11593151.
[17-Sep-2024 14:03:43 Europe/Helsinki] NewDATA [INFO] Новий лічильник номер: 11564982, тип: ResidiaJet => DN 15, рік випуску: 2018, показники: 0, балансоутримувач: КП "ВДК" додано до БД користувачем [Коваль Людмила].
[17-Sep-2024 14:04:05 Europe/Helsinki] EditDATA [INFO] Для заявки Повірка від 13.09.2024 користувачем [Коваль Людмила] лічильник БЕЗ НОМЕРА ідентифіковано як 11564982.
[17-Sep-2024 14:04:36 Europe/Helsinki] NewDATA [INFO] Новий лічильник номер: 11593171, тип: ResidiaJet => DN 15, рік випуску: 2018, показники: 0, балансоутримувач: АТ "ОТКЕ" додано до БД користувачем [Коваль Людмила].
[17-Sep-2024 14:04:45 Europe/Helsinki] EditDATA [INFO] Для заявки Повірка від 13.09.2024 користувачем [Коваль Людмила] лічильник БЕЗ НОМЕРА ідентифіковано як 11593171.
[17-Sep-2024 14:04:55 Europe/Helsinki] DellTASK [INFO] Повірка від 13.09.2024 для адреси вул. Космонавтів, буд. 26, кв. 65 для лічильників 11594912, 11593151, 11564982, 11593171 було завершено користувачем [Коваль Людмила] з коментарем: виконано.
[17-Sep-2024 14:05:59 Europe/Helsinki] NewDATA [INFO] Нова заявка Заміна, адреса: просп. Левка Лукяненка 30, кв. 36, лічильники: 11593396, вартість: 1050 грн., примітки: 1х/в кухня 11593396 после 16 30 хв додано до БД користувачем [Сміян Альона].
[2024-09-17T14:06:07.075] [INFO] DataBase - У заявці Заміна від 17 вересня 2024 р. за адресою просп. Левка Лукяненка, буд. 30, кв. 36 додано виконавця Баранов та додано дату виконання 18 вересня 2024 р. користувачем [Сміян Альона].
[17-Sep-2024 14:08:25 Europe/Helsinki] EditDATA [INFO] Для заявки Повірка від 13.09.2024 користувачем [Коваль Людмила] змінено виконавця з ЗАПЛАНОВАНІ на Сірий.
[17-Sep-2024 14:08:40 Europe/Helsinki] EditDATA [INFO] Для заявки Повірка від 16.09.2024 користувачем [Коваль Людмила] змінено виконавця з ЗАПЛАНОВАНІ на Сірий.
[17-Sep-2024 14:09:08 Europe/Helsinki] EditDATA [INFO] Для заявки Повірка від 13.09.2024 користувачем [Коваль Людмила] змінено виконавця з ЗАПЛАНОВАНІ на Шкуліпа.
[17-Sep-2024 14:13:00 Europe/Helsinki] NewDATA [INFO] Нова заявка Заміна, адреса: вул. 1-ої танкової бригади 30 корпус 3, кв. 28, лічильники: БЕЗ НОМЕРА - 1 шт., вартість: 1050 грн., примітки: 1х/в с/в 482669 12-14 30хв додано до БД користувачем [Сміян Альона].
[2024-09-17T14:13:04.200] [INFO] DataBase - У заявці Заміна від 17 вересня 2024 р. за адресою вул. 1-ої танкової бригади, буд. 30, корп. 3, кв. 28 додано виконавця Баранов та додано дату виконання 18 вересня 2024 р. користувачем [Сміян Альона].
[17-Sep-2024 14:18:37 Europe/Helsinki] NewDATA [INFO] Нова заявка Заміна, адреса: вул. Доценка 13, кв. 89, лічильники: 340313, вартість: 1060 грн., примітки: 1х/в с/в 340313 13-17 додано до БД користувачем [Сміян Альона].
[17-Sep-2024 14:22:51 Europe/Helsinki] NewDATA [INFO] Нова заявка Заміна, адреса: вул. Захисників України 12 корпус А, кв. 93, лічильники: 558541, вартість: 1060 грн., примітки: 1г/в 558541 13-17 додано до БД користувачем [Сміян Альона].
[2024-09-17T14:22:56.823] [INFO] DataBase - У заявці Заміна від 17 вересня 2024 р. за адресою вул. Захисників України, буд. 12, корп. А, кв. 93 додано виконавця Баранов та додано дату виконання 18 вересня 2024 р. користувачем [Сміян Альона].
[2024-09-17T14:29:13.835] [INFO] DataBase - У заявці Заміна від 17 вересня 2024 р. за адресою вул. Доценка, буд. 13, кв. 89 додано виконавця Баранов та додано дату виконання 18 вересня 2024 р. користувачем [Сміян Альона].
[17-Sep-2024 14:31:29 Europe/Helsinki] NewDATA [INFO] Нова заявка Повірка, адреса: вул. Волковича 2 корпус А, кв. 115, лічильники: 02205564, вартість: 1060 грн., примітки: 1х/в с/в 02205564 после 14 додано до БД користувачем [Сміян Альона].
[2024-09-17T14:31:35.004] [INFO] DataBase - У заявці Повірка від 17 вересня 2024 р. за адресою вул. Волковича, буд. 2, корп. А, кв. 115 додано виконавця Баранов та додано дату виконання 19 вересня 2024 р. користувачем [Сміян Альона].
[17-Sep-2024 14:44:15 Europe/Helsinki] EditDATA [INFO] Для заявки Повірка від 13.09.2024 користувачем [Коваль Людмила] змінено виконавця з ЗАПЛАНОВАНІ на Осипенко.
[17-Sep-2024 14:44:30 Europe/Helsinki] EditDATA [INFO] Для заявки Повірка від 13.09.2024 користувачем [Коваль Людмила] змінено виконавця з ЗАПЛАНОВАНІ на Осипенко.
[17-Sep-2024 14:44:45 Europe/Helsinki] EditDATA [INFO] Для заявки Повірка від 13.09.2024 користувачем [Коваль Людмила] змінено виконавця з ЗАПЛАНОВАНІ на Осипенко.
[17-Sep-2024 14:45:05 Europe/Helsinki] EditDATA [INFO] Для заявки Повірка від 11.09.2024 користувачем [Коваль Людмила] змінено виконавця з ЗАПЛАНОВАНІ на Осипенко.
[17-Sep-2024 14:45:20 Europe/Helsinki] EditDATA [INFO] Для заявки Повірка від 11.09.2024 користувачем [Коваль Людмила] змінено виконавця з ЗАПЛАНОВАНІ на Осипенко.
[17-Sep-2024 14:48:15 Europe/Helsinki] EditDATA [INFO] Для заявки Повірка від 12.09.2024 користувачем [Коваль Людмила] змінено виконавця з ЗАПЛАНОВАНІ на Сірий.
[17-Sep-2024 14:48:31 Europe/Helsinki] EditDATA [INFO] Для заявки Повірка від 16.09.2024 користувачем [Коваль Людмила] змінено виконавця з ЗАПЛАНОВАНІ на Сірий.
[17-Sep-2024 14:48:43 Europe/Helsinki] EditDATA [INFO] Для заявки Повірка від 16.09.2024 користувачем [Коваль Людмила] змінено виконавця з ЗАПЛАНОВАНІ на Сірий.
[17-Sep-2024 14:49:05 Europe/Helsinki] EditDATA [INFO] Для заявки Повірка від 12.09.2024 користувачем [Коваль Людмила] змінено виконавця з ЗАПЛАНОВАНІ на Сірий.
[17-Sep-2024 14:49:17 Europe/Helsinki] EditDATA [INFO] Для заявки Повірка від 13.09.2024 користувачем [Коваль Людмила] змінено виконавця з ЗАПЛАНОВАНІ на Сірий.
[17-Sep-2024 14:50:16 Europe/Helsinki] EditDATA [INFO] Для заявки Повірка від 16.09.2024 користувачем [Коваль Людмила] змінено виконавця з ЗАПЛАНОВАНІ на Сірий.
[17-Sep-2024 14:50:55 Europe/Helsinki] EditDATA [INFO] Для заявки Повірка від 11.09.2024 користувачем [Коваль Людмила] змінено виконавця з ЗАПЛАНОВАНІ на Шкуліпа.
[17-Sep-2024 14:51:22 Europe/Helsinki] EditDATA [INFO] Для заявки Повірка від 12.09.2024 користувачем [Коваль Людмила] змінено виконавця з ЗАПЛАНОВАНІ на Богомаз.
[17-Sep-2024 14:52:21 Europe/Helsinki] EditDATA [INFO] Для заявки Повірка від 17.09.2024 користувачем [Коваль Людмила] змінено виконавця з ЗАПЛАНОВАНІ на Шкуліпа.
[17-Sep-2024 14:52:31 Europe/Helsinki] EditDATA [INFO] Для заявки Повірка від 16.09.2024 користувачем [Коваль Людмила] змінено виконавця з ЗАПЛАНОВАНІ на Шкуліпа.
[17-Sep-2024 14:52:45 Europe/Helsinki] EditDATA [INFO] Для заявки Повірка від 13.09.2024 користувачем [Коваль Людмила] змінено виконавця з ЗАПЛАНОВАНІ на Шкуліпа.
[17-Sep-2024 14:52:57 Europe/Helsinki] EditDATA [INFO] Для заявки Повірка від 13.09.2024 користувачем [Коваль Людмила] змінено виконавця з ЗАПЛАНОВАНІ на Богомаз.
[17-Sep-2024 14:53:40 Europe/Helsinki] EditDATA [INFO] Для заявки Повірка від 16.09.2024 користувачем [Коваль Людмила] змінено виконавця з ЗАПЛАНОВАНІ на Богомаз.
[17-Sep-2024 14:53:53 Europe/Helsinki] EditDATA [INFO] Для заявки Повірка від 13.09.2024 користувачем [Коваль Людмила] змінено виконавця з ЗАПЛАНОВАНІ на Богомаз.
[17-Sep-2024 14:54:20 Europe/Helsinki] EditDATA [INFO] Для заявки Повірка від 13.09.2024 користувачем [Коваль Людмила] змінено виконавця з ЗАПЛАНОВАНІ на Шкуліпа.
[17-Sep-2024 14:59:27 Europe/Helsinki] EditDATA [INFO] Для заявки Повірка від 16.09.2024 користувачем [Коваль Людмила] змінено виконавця з ЗАПЛАНОВАНІ на Шкуліпа.
[17-Sep-2024 14:59:38 Europe/Helsinki] EditDATA [INFO] Для заявки Повірка від 13.09.2024 користувачем [Коваль Людмила] змінено виконавця з ЗАПЛАНОВАНІ на Шкуліпа.
[17-Sep-2024 15:00:52 Europe/Helsinki] NewDATA [INFO] Нова заявка Повірка, адреса: вул. Льотна 22, кв. 83, лічильники: БЕЗ НОМЕРА - 4 шт., виконавець: Осипенко, вартість: 1200 грн., примітки: 14-18,пер.за час додано до БД користувачем [Коваль Людмила].
[2024-09-17T15:01:02.307] [INFO] DataBase - У заявці Повірка від 17 вересня 2024 р. за адресою вул. Льотна, буд. 22, кв. 83 додано дату виконання 18 вересня 2024 р. користувачем [Коваль Людмила].
[17-Sep-2024 15:07:04 Europe/Helsinki] NewDATA [INFO] Нова заявка Заміна, адреса: вул. Захисників України 15 корпус А, кв. 28, лічильники: 063685, вартість: 1060 грн., примітки: 1г/в кухня 063685 12-16 30хв додано до БД користувачем [Сміян Альона].
[2024-09-17T15:07:08.492] [INFO] DataBase - У заявці Заміна від 17 вересня 2024 р. за адресою вул. Захисників України, буд. 15, корп. А, кв. 28 додано виконавця Баранов та додано дату виконання 18 вересня 2024 р. користувачем [Сміян Альона].
[17-Sep-2024 15:19:12 Europe/Helsinki] NewDATA [INFO] Новий лічильник номер: 025031, тип: КВ-1,5 => DN 15, рік випуску: 2001, показники: 0, балансоутримувач: КП "ВДК" додано до БД користувачем [Сусло Тетяна].
[17-Sep-2024 15:19:26 Europe/Helsinki] DellTASK [INFO] Повірка від 04.09.2024 для адреси пров. Кривоноса 3-й, буд. 1, кв. 72 для лічильника БЕЗ НОМЕРА - 2 шт. було завершено користувачем [Сусло Тетяна] з коментарем: виконано.
[17-Sep-2024 15:19:37 Europe/Helsinki] DellTASK [INFO] Повірка від 03.09.2024 для адреси вул. Малиновського, буд. 39, кв. 27 для лічильника БЕЗ НОМЕРА - 1 шт. було завершено користувачем [Сусло Тетяна] з коментарем: виконано.
[17-Sep-2024 15:19:58 Europe/Helsinki] NewDATA [INFO] Нова заявка Повірка, адреса: вул. Савчука 3, кв. 214, лічильники: БЕЗ НОМЕРА - 2 шт., вартість: 600 грн., примітки: 11-15 додано до БД користувачем [Коваль Людмила].
[17-Sep-2024 15:20:38 Europe/Helsinki] NewDATA [INFO] Новий лічильник номер: 023998, тип: КВ-1,5 => DN 15, рік випуску: 2001, показники: 0, балансоутримувач: АТ "ОТКЕ" додано до БД користувачем [Сусло Тетяна].
[17-Sep-2024 15:20:40 Europe/Helsinki] EditDATA [INFO] За адресою пров. Кривоноса 3-й, буд. 1, кв. 72 користувачем [Сусло Тетяна] було додано лічильники: 025031, 023998].
[2024-09-17T15:20:58.600] [INFO] DataBase - У заявці Повірка від 17 вересня 2024 р. за адресою вул. Савчука, буд. 3, кв. 214 додано виконавця ЗАПЛАНОВАНІ та додано дату виконання 19 вересня 2024 р. користувачем [Коваль Людмила].
[17-Sep-2024 15:21:28 Europe/Helsinki] NewDATA [INFO] Новий лічильник номер: 471858, тип: КВ-1,5 => DN 15, рік випуску: 2007, показники: 0, балансоутримувач: КП "ВДК" додано до БД користувачем [Сусло Тетяна].
[17-Sep-2024 15:21:31 Europe/Helsinki] EditDATA [INFO] За адресою вул. Малиновського, буд. 39, кв. 27 користувачем [Сусло Тетяна] було додано лічильники: 471858].
[17-Sep-2024 15:21:36 Europe/Helsinki] NewDATA [INFO] Нова адреса вул. 1-ї Гвардійської Армії, буд. 37, кв. 62, тел. +38 (097) 175-82-97 додана до БД користувачем [Коваль Людмила].
[17-Sep-2024 15:22:13 Europe/Helsinki] NewDATA [INFO] Нова заявка Повірка, адреса: вул. 1-ї Гвардійської Армії 37, кв. 62, лічильники: БЕЗ НОМЕРА - 2 шт., вартість: 600 грн., примітки: 14-18,пер.за час додано до БД користувачем [Коваль Людмила].
[2024-09-17T15:22:35.633] [INFO] DataBase - У заявці Повірка від 17 вересня 2024 р. за адресою вул. 1-ї Гвардійської Армії, буд. 37, кв. 62 додано виконавця ЗАПЛАНОВАНІ та додано дату виконання 20 вересня 2024 р. користувачем [Коваль Людмила].
[17-Sep-2024 15:23:14 Europe/Helsinki] NewDATA [INFO] Нова заявка Повірка, адреса: вул. Шевченка 53 корпус А, кв. 57, лічильники: БЕЗ НОМЕРА - 1 шт., вартість: 300 грн., примітки: 8-13 додано до БД користувачем [Коваль Людмила].
[2024-09-17T15:23:31.918] [INFO] DataBase - У заявці Повірка від 17 вересня 2024 р. за адресою вул. Шевченка, буд. 53, корп. А, кв. 57 додано виконавця ЗАПЛАНОВАНІ та додано дату виконання 23 вересня 2024 р. користувачем [Коваль Людмила].
[17-Sep-2024 15:24:12 Europe/Helsinki] NewDATA [INFO] Нова адреса вул. Гонча, буд. 84, кв. 177, тел. +38 (093) 869-20-19 додана до БД користувачем [Коваль Людмила].
[17-Sep-2024 15:24:45 Europe/Helsinki] NewDATA [INFO] Нова заявка Повірка, адреса: вул. Гонча 84, кв. 177, лічильники: БЕЗ НОМЕРА - 2 шт., вартість: 600 грн., примітки: 8-13 додано до БД користувачем [Коваль Людмила].
[2024-09-17T15:25:02.870] [INFO] DataBase - У заявці Повірка від 17 вересня 2024 р. за адресою вул. Гонча, буд. 84, кв. 177 додано виконавця ЗАПЛАНОВАНІ та додано дату виконання 19 вересня 2024 р. користувачем [Коваль Людмила].
[17-Sep-2024 15:33:38 Europe/Helsinki] EditDATA [INFO] За адресою вул. Рашевського Івана 8, кв. 5 користувачем [Сусло Тетяна] змінені номери телефонів з +38(063)846-00-76, +38(0462)25-02-58 на +38(0462)25-02-58, при створенні нової заявки [Повірка] від 17.09.2024.
[17-Sep-2024 15:33:38 Europe/Helsinki] NewDATA [INFO] Нова заявка Повірка, адреса: вул. Рашевського Івана 8, кв. 5, лічильники: БЕЗ НОМЕРА - 1 шт., вартість: 300 грн., примітки: 9-13, бабуся завжди вдома додано до БД користувачем [Сусло Тетяна].
[2024-09-17T15:33:49.627] [INFO] DataBase - У заявці Повірка від 17 вересня 2024 р. за адресою вул. Рашевського Івана, буд. 8, кв. 5 додано виконавця Осипенко та додано дату виконання 18 вересня 2024 р. користувачем [Сусло Тетяна].
[17-Sep-2024 15:35:48 Europe/Helsinki] EditDATA [INFO] Для заявки Повірка від 16.09.2024 користувачем [Коваль Людмила] змінено виконавця з Богомаз на Сірий.
[2024-09-17T15:36:02.635] [INFO] DataBase - У заявці Повірка від 16 вересня 2024 р. за адресою просп. Перемоги, буд. 163, кв. 9 додано дату виконання 18 вересня 2024 р. користувачем [Коваль Людмила].
[17-Sep-2024 15:36:15 Europe/Helsinki] DellTASK [INFO] Повірка від 16.09.2024 для адреси просп. Перемоги, буд. 163, кв. 9 для лічильника БЕЗ НОМЕРА - 2 шт. було відмінено користувачем [Коваль Людмила] з коментарем: повтор.
[17-Sep-2024 15:37:44 Europe/Helsinki] DellTASK [INFO] Повірка від 29.08.2024 для адреси просп. Миру, буд. 251, кв. 32 для лічильника БЕЗ НОМЕРА - 2 шт. було завершено користувачем [Сусло Тетяна] з коментарем: виконано 1 хв лічильник.
[17-Sep-2024 15:38:05 Europe/Helsinki] DellTASK [INFO] Повірка від 09.09.2024 для адреси просп. Миру, буд. 261, кв. 76 для лічильника БЕЗ НОМЕРА - 1 шт. було завершено користувачем [Сусло Тетяна] з коментарем: виконано.
[17-Sep-2024 15:38:23 Europe/Helsinki] DellTASK [INFO] Повірка від 09.09.2024 для адреси вул. Космонавтів, буд. 24, кв. 34 для лічильника БЕЗ НОМЕРА - 2 шт. було завершено користувачем [Сусло Тетяна] з коментарем: виконано.
[17-Sep-2024 15:38:40 Europe/Helsinki] DellTASK [INFO] Повірка від 11.09.2024 для адреси вул. Генерала Пухова, буд. 129, корп. 2, кв. 54 для лічильника БЕЗ НОМЕРА - 2 шт. було завершено користувачем [Сусло Тетяна] з коментарем: виконано.
[17-Sep-2024 15:38:57 Europe/Helsinki] DellTASK [INFO] Повірка від 12.09.2024 для адреси вул. Космонавтів, буд. 2, кв. 58 для лічильника БЕЗ НОМЕРА - 2 шт. було завершено користувачем [Сусло Тетяна] з коментарем: виконано.
[17-Sep-2024 15:39:17 Europe/Helsinki] DellTASK [INFO] Повірка від 12.09.2024 для адреси вул. Чорновола Вячеслава, буд. 15, корп. А, кв. 155 для лічильника БЕЗ НОМЕРА - 1 шт. було завершено користувачем [Сусло Тетяна] з коментарем: виконано.
[17-Sep-2024 15:39:32 Europe/Helsinki] DellTASK [INFO] Повірка від 12.09.2024 для адреси вул. 1-ої танкової бригади, буд. 10, кв. 54 для лічильника БЕЗ НОМЕРА - 4 шт. було завершено користувачем [Сусло Тетяна] з коментарем: виконано.
[17-Sep-2024 15:39:50 Europe/Helsinki] DellTASK [INFO] Повірка від 13.09.2024 для адреси вул. Доценка, буд. 13, кв. 106 для лічильника БЕЗ НОМЕРА - 1 шт. було завершено користувачем [Сусло Тетяна] з коментарем: виконано.
[17-Sep-2024 15:42:01 Europe/Helsinki] NewDATA [INFO] Нова адреса вул. Самоквасова Дмитра, буд. 18, кв. 29, тел. +38 (063) 881-54-34 додана до БД користувачем [Сусло Тетяна].
[17-Sep-2024 15:42:36 Europe/Helsinki] NewDATA [INFO] Нова заявка Повірка, адреса: вул. Самоквасова Дмитра 18, кв. 29, лічильники: БЕЗ НОМЕРА - 2 шт., вартість: 600 грн., примітки: 13-18 додано до БД користувачем [Сусло Тетяна].
[2024-09-17T15:42:48.010] [INFO] DataBase - У заявці Повірка від 17 вересня 2024 р. за адресою вул. Самоквасова Дмитра, буд. 18, кв. 29 додано виконавця ЗАПЛАНОВАНІ та додано дату виконання 23 вересня 2024 р. користувачем [Сусло Тетяна].
[2024-09-17T15:43:06.895] [INFO] DataBase - У заявці Повірка від 17 вересня 2024 р. за адресою вул. Самоквасова Дмитра, буд. 16, кв. 84 додано виконавця ЗАПЛАНОВАНІ та додано дату виконання 23 вересня 2024 р. користувачем [Сусло Тетяна].
[17-Sep-2024 15:46:51 Europe/Helsinki] NewDATA [INFO] Новий лічильник номер: 8233821, тип: ЛК => DN 15, рік випуску: 2018, показники: 0, балансоутримувач: КП "ВДК" додано до БД користувачем [Сусло Тетяна].
[17-Sep-2024 15:47:03 Europe/Helsinki] EditDATA [INFO] За адресою вул. Доценка, буд. 13, кв. 106 користувачем [Сусло Тетяна] було додано лічильники: 8233821].
[17-Sep-2024 15:48:16 Europe/Helsinki] NewDATA [INFO] Новий лічильник номер: 10 746980, тип: ТАКТ => DN 15, рік випуску: 2010, показники: 0, балансоутримувач: КП "ВДК" додано до БД користувачем [Сусло Тетяна].
[17-Sep-2024 15:48:43 Europe/Helsinki] NewDATA [INFO] Новий лічильник номер: 132555, тип: КВ-1,5 => DN 15, рік випуску: 2001, показники: 0, балансоутримувач: АТ "ОТКЕ" додано до БД користувачем [Сусло Тетяна].
[17-Sep-2024 15:49:23 Europe/Helsinki] NewDATA [INFO] Новий лічильник номер: 10 743547, тип: ТАКТ => DN 15, рік випуску: 2010, показники: 0, балансоутримувач: КП "ВДК" додано до БД користувачем [Сусло Тетяна].
[17-Sep-2024 15:49:50 Europe/Helsinki] NewDATA [INFO] Новий лічильник номер: 122832, тип: КВ-1,5 => DN 15, рік випуску: 2001, показники: 0, балансоутримувач: АТ "ОТКЕ" додано до БД користувачем [Сусло Тетяна].
[17-Sep-2024 15:49:52 Europe/Helsinki] EditDATA [INFO] За адресою вул. 1-ої танкової бригади, буд. 10, кв. 54 користувачем [Сусло Тетяна] було додано лічильники: 10 746980, 132555, 10 743547, 122832].
[17-Sep-2024 15:53:08 Europe/Helsinki] NewDATA [INFO] Новий лічильник номер: 036243, тип: КВ-1,5 => DN 15, рік випуску: 2016, показники: 0, балансоутримувач: КП "ВДК" додано до БД користувачем [Сусло Тетяна].
[17-Sep-2024 15:53:22 Europe/Helsinki] EditDATA [INFO] За адресою вул. Чорновола Вячеслава, буд. 15, корп. А, кв. 155 користувачем [Сусло Тетяна] було додано лічильники: 036243].
[17-Sep-2024 15:54:12 Europe/Helsinki] NewDATA [INFO] Новий лічильник номер: 209558, тип: КВ-1,5 => DN 15, рік випуску: 2014, показники: 0, балансоутримувач: КП "ВДК" додано до БД користувачем [Сусло Тетяна].
[17-Sep-2024 15:54:51 Europe/Helsinki] NewDATA [INFO] Новий лічильник номер: 224767, тип: КВ-1,5 => DN 15, рік випуску: 2014, показники: 0, балансоутримувач: АТ "ОТКЕ" додано до БД користувачем [Сусло Тетяна].
[17-Sep-2024 15:54:55 Europe/Helsinki] EditDATA [INFO] За адресою вул. Космонавтів, буд. 2, кв. 58 користувачем [Сусло Тетяна] було додано лічильники: 209558, 224767].
[17-Sep-2024 15:56:01 Europe/Helsinki] NewDATA [INFO] Новий лічильник номер: 038032, тип: КВ-1,5 => DN 15, рік випуску: 2009, показники: 0, балансоутримувач: КП "ВДК" додано до БД користувачем [Сусло Тетяна].
[17-Sep-2024 15:56:01 Europe/Helsinki] EditDATA [INFO] За адресою вул. Незалежності 78, кв. 1 користувачем [Коваль Людмила] змінені номери телефонів з +38(063)127-97-54 на +38(063)127-97-53, при створенні нової заявки [Повірка] від 17.09.2024.
[17-Sep-2024 15:56:01 Europe/Helsinki] NewDATA [INFO] Нова заявка Повірка, адреса: вул. Незалежності 78, кв. 1, лічильники: БЕЗ НОМЕРА - 2 шт., вартість: 600 грн., примітки: 13-15,пер.за 30 хв додано до БД користувачем [Коваль Людмила].
[2024-09-17T15:56:12.873] [INFO] DataBase - У заявці Повірка від 17 вересня 2024 р. за адресою вул. Незалежності, буд. 78, кв. 1 додано виконавця ЗАПЛАНОВАНІ та додано дату виконання 20 вересня 2024 р. користувачем [Коваль Людмила].
[17-Sep-2024 15:56:27 Europe/Helsinki] NewDATA [INFO] Новий лічильник номер: 564481, тип: КВ-1,5 => DN 15, рік випуску: 2004, показники: 0, балансоутримувач: АТ "ОТКЕ" додано до БД користувачем [Сусло Тетяна].
[17-Sep-2024 15:56:29 Europe/Helsinki] EditDATA [INFO] За адресою вул. Генерала Пухова, буд. 129, корп. 2, кв. 54 користувачем [Сусло Тетяна] було додано лічильники: 038032, 564481].
[17-Sep-2024 15:57:38 Europe/Helsinki] NewDATA [INFO] Новий лічильник номер: 290101, тип: КВ-1,5 => DN 15, рік випуску: 2013, показники: 0, балансоутримувач: КП "ВДК" додано до БД користувачем [Сусло Тетяна].
[17-Sep-2024 15:58:00 Europe/Helsinki] NewDATA [INFO] Новий лічильник номер: 259613, тип: КВ-1,5 => DN 15, рік випуску: 2013, показники: 0, балансоутримувач: АТ "ОТКЕ" додано до БД користувачем [Сусло Тетяна].
[17-Sep-2024 15:58:03 Europe/Helsinki] EditDATA [INFO] За адресою вул. Космонавтів, буд. 24, кв. 34 користувачем [Сусло Тетяна] було додано лічильники: 290101, 259613].
[17-Sep-2024 15:58:45 Europe/Helsinki] NewDATA [INFO] Новий лічильник номер: 021621, тип: КВ-1,5 => DN 15, рік випуску: 2010, показники: 0, балансоутримувач: КП "ВДК" додано до БД користувачем [Сусло Тетяна].
[17-Sep-2024 15:58:47 Europe/Helsinki] EditDATA [INFO] За адресою просп. Миру, буд. 261, кв. 76 користувачем [Сусло Тетяна] було додано лічильники: 021621].
[17-Sep-2024 15:59:47 Europe/Helsinki] NewDATA [INFO] Новий лічильник номер: 4097322, тип: КВ-1,5 => DN 15, рік випуску: 2004, показники: 0, балансоутримувач: КП "ВДК" додано до БД користувачем [Сусло Тетяна].
[17-Sep-2024 15:59:50 Europe/Helsinki] EditDATA [INFO] За адресою просп. Миру, буд. 251, кв. 32 користувачем [Сусло Тетяна] було додано лічильники: 4097322].
[17-Sep-2024 16:03:01 Europe/Helsinki] NewDATA [INFO] Нова адреса вул. Нафтовиків, буд. 14, кв. 7, тел. +38 (097) 833-27-62 додана до БД користувачем [Коваль Людмила].
[17-Sep-2024 16:03:30 Europe/Helsinki] NewDATA [INFO] Нова заявка Повірка, адреса: вул. Нафтовиків 14, кв. 7, лічильники: БЕЗ НОМЕРА - 2 шт., вартість: 600 грн., примітки: 8-13 додано до БД користувачем [Коваль Людмила].
[2024-09-17T16:04:04.628] [INFO] DataBase - У заявці Повірка від 17 вересня 2024 р. за адресою вул. Нафтовиків, буд. 14, кв. 7 додано виконавця ЗАПЛАНОВАНІ та додано дату виконання 20 вересня 2024 р. користувачем [Коваль Людмила].
[17-Sep-2024 16:18:59 Europe/Helsinki] EditDATA [INFO] Для заявки Повірка від 17.09.2024 користувачем [Коваль Людмила] змінено виконавця з Осипенко на Богомаз.
[17-Sep-2024 16:21:11 Europe/Helsinki] EditDATA [INFO] За адресою вул. Генерала Пухова 129 корпус 2, кв. 50 користувачем [Сусло Тетяна] змінені номери телефонів з +38(063)982-76-56, +38(063)982-76-57 на +38(063)982-76-56, при створенні нової заявки [Повірка] від 17.09.2024.
[17-Sep-2024 16:21:11 Europe/Helsinki] NewDATA [INFO] Нова заявка Повірка, адреса: вул. Генерала Пухова 129 корпус 2, кв. 50, лічильники: БЕЗ НОМЕРА - 2 шт., вартість: 600 грн., примітки: 8-13 додано до БД користувачем [Сусло Тетяна].
[2024-09-17T16:21:16.074] [INFO] DataBase - У заявці Повірка від 17 вересня 2024 р. за адресою вул. Генерала Пухова, буд. 129, корп. 2, кв. 50 додано виконавця ЗАПЛАНОВАНІ та додано дату виконання 20 вересня 2024 р. користувачем [Сусло Тетяна].
