[14-Mar-2025 08:52:15 Europe/Helsinki] DellTASK [INFO] Повірка від 12.03.2025 для адреси вул. Савчука, буд. 3, кв. 20 для лічильника БЕЗ НОМЕРА - 4 шт. було завершено користувачем [Сусло Тетяна] з коментарем: виконано.
[14-Mar-2025 08:52:35 Europe/Helsinki] DellTASK [INFO] Повірка від 27.02.2025 для адреси вул. Савчука, буд. 7, кв. 299 для лічильника БЕЗ НОМЕРА - 2 шт. було завершено користувачем [Сусло Тетяна] з коментарем: виконано.
[14-Mar-2025 08:52:51 Europe/Helsinki] DellTASK [INFO] Повірка від 12.03.2025 для адреси вул. Савчука, буд. 1, кв. 146 для лічильника БЕЗ НОМЕРА - 2 шт. було завершено користувачем [Сусло Тетяна] з коментарем: виконано.
[14-Mar-2025 08:53:29 Europe/Helsinki] NewDATA [INFO] Новий лічильник номер: 6811467, тип: ЛК => DN 15, рік випуску: 2016, показники: 0, балансоутримувач: КП "ВДК" додано до БД користувачем [Сусло Тетяна].
[14-Mar-2025 08:53:50 Europe/Helsinki] NewDATA [INFO] Новий лічильник номер: 5343031, тип: ЛК => DN 15, рік випуску: 2016, показники: 0, балансоутримувач: АТ "ОТКЕ" додано до БД користувачем [Сусло Тетяна].
[14-Mar-2025 08:54:12 Europe/Helsinki] NewDATA [INFO] Новий лічильник номер: 6790798, тип: ЛК => DN 15, рік випуску: 2016, показники: 0, балансоутримувач: КП "ВДК" додано до БД користувачем [Сусло Тетяна].
[14-Mar-2025 08:54:47 Europe/Helsinki] NewDATA [INFO] Новий лічильник номер: 5904744, тип: ЛК => DN 15, рік випуску: 2016, показники: 0, балансоутримувач: АТ "ОТКЕ" додано до БД користувачем [Сусло Тетяна].
[14-Mar-2025 08:54:48 Europe/Helsinki] EditDATA [INFO] За адресою вул. Савчука, буд. 3, кв. 20 користувачем [Сусло Тетяна] було додано лічильники: 6811467, 5343031, 6790798, 5904744].
[14-Mar-2025 08:55:24 Europe/Helsinki] NewDATA [INFO] Новий лічильник номер: 425498, тип: КВ-1,5 => DN 15, рік випуску: 2006, показники: 0, балансоутримувач: КП "ВДК" додано до БД користувачем [Сусло Тетяна].
[14-Mar-2025 08:55:50 Europe/Helsinki] NewDATA [INFO] Новий лічильник номер: 429415, тип: КВ-1,5 => DN 15, рік випуску: 2006, показники: 0, балансоутримувач: АТ "ОТКЕ" додано до БД користувачем [Сусло Тетяна].
[14-Mar-2025 08:55:52 Europe/Helsinki] EditDATA [INFO] За адресою вул. Савчука, буд. 7, кв. 299 користувачем [Сусло Тетяна] було додано лічильники: 425498, 429415].
[14-Mar-2025 09:26:59 Europe/Helsinki] DellTASK [INFO] Повірка від 12.03.2025 для адреси просп. Перемоги, буд. 162, кв. 16 для лічильника БЕЗ НОМЕРА - 4 шт. було завершено користувачем [Коваль Людмила] з коментарем: виконано.
[14-Mar-2025 09:27:18 Europe/Helsinki] DellTASK [INFO] Повірка від 12.03.2025 для адреси вул. Захисників України, буд. 10, корп. А, кв. 158 для лічильника БЕЗ НОМЕРА - 2 шт. було завершено користувачем [Коваль Людмила] з коментарем: виконано.
[14-Mar-2025 09:27:33 Europe/Helsinki] DellTASK [INFO] Повірка від 10.03.2025 для адреси вул. Космонавтів, буд. 5, корп. А, кв. 48 для лічильника БЕЗ НОМЕРА - 2 шт. було завершено користувачем [Коваль Людмила] з коментарем: виконано.
[14-Mar-2025 09:27:47 Europe/Helsinki] DellTASK [INFO] Повірка від 10.03.2025 для адреси вул. Доценка, буд. 13, корп. Б, кв. 27 для лічильника БЕЗ НОМЕРА - 2 шт. було завершено користувачем [Коваль Людмила] з коментарем: виконано.
[14-Mar-2025 09:39:33 Europe/Helsinki] DellTASK [INFO] Повірка від 13.03.2025 для адреси вул. Незалежності, буд. 46, кв. 5 для лічильника БЕЗ НОМЕРА - 2 шт. було завершено користувачем [Коваль Людмила] з коментарем: виконано.
[14-Mar-2025 09:39:48 Europe/Helsinki] DellTASK [INFO] Повірка від 13.03.2025 для адреси вул. Рятувальників, буд. 35, кв. 36 для лічильника БЕЗ НОМЕРА - 2 шт. було завершено користувачем [Коваль Людмила] з коментарем: виконано.
[14-Mar-2025 09:40:16 Europe/Helsinki] DellTASK [INFO] Повірка від 13.03.2025 для адреси вул. Рятувальників, буд. 35, кв. 35 для лічильника БЕЗ НОМЕРА - 2 шт. було завершено користувачем [Коваль Людмила] з коментарем: виконано.
[14-Mar-2025 09:41:21 Europe/Helsinki] DellTASK [INFO] Повірка від 11.03.2025 для адреси вул. Мстиславська, буд. 175, кв. 83 для лічильника БЕЗ НОМЕРА - 2 шт. було завершено користувачем [Коваль Людмила] з коментарем: виконано.
[14-Mar-2025 09:41:36 Europe/Helsinki] DellTASK [INFO] Повірка від 10.03.2025 для адреси просп. Миру, буд. 207, корп. А, кв. 32 для лічильника БЕЗ НОМЕРА - 1 шт. було завершено користувачем [Коваль Людмила] з коментарем: виконано.
[14-Mar-2025 09:41:53 Europe/Helsinki] DellTASK [INFO] Повірка від 07.03.2025 для адреси просп. Миру, буд. 180, корп. А, кв. 5 для лічильника БЕЗ НОМЕРА - 1 шт. було завершено користувачем [Коваль Людмила] з коментарем: під заміну.
[14-Mar-2025 09:42:10 Europe/Helsinki] DellTASK [INFO] Повірка від 06.03.2025 для адреси вул. Борисоглібська, буд. 3, кв. 18 для лічильника БЕЗ НОМЕРА - 1 шт. було завершено користувачем [Коваль Людмила] з коментарем: виконано.
[14-Mar-2025 09:42:44 Europe/Helsinki] DellTASK [INFO] Повірка від 05.03.2025 для адреси просп. Миру, буд. 180, корп. А, кв. 13 для лічильника БЕЗ НОМЕРА - 2 шт. було завершено користувачем [Коваль Людмила] з коментарем: виконано.
[14-Mar-2025 09:42:56 Europe/Helsinki] DellTASK [INFO] Повірка від 03.03.2025 для адреси вул. Гетьмана Полуботка, буд. 12, кв. 5 для лічильника БЕЗ НОМЕРА - 1 шт. було завершено користувачем [Коваль Людмила] з коментарем: виконано.
[14-Mar-2025 09:44:10 Europe/Helsinki] NewDATA [INFO] Новий лічильник номер: 613426, тип: КВ-1,5 => DN 15, рік випуску: 2001, показники: 0, балансоутримувач: КП "ВДК" додано до БД користувачем [Коваль Людмила].
[14-Mar-2025 09:44:37 Europe/Helsinki] NewDATA [INFO] Новий лічильник номер: 613505, тип: КВ-1,5 => DN 15, рік випуску: 2001, показники: 0, балансоутримувач: АТ "ОТКЕ" додано до БД користувачем [Коваль Людмила].
[14-Mar-2025 09:44:39 Europe/Helsinki] EditDATA [INFO] За адресою вул. Доценка, буд. 13, корп. Б, кв. 27 користувачем [Коваль Людмила] було додано лічильники: 613426, 613505].
[14-Mar-2025 09:45:13 Europe/Helsinki] NewDATA [INFO] Новий лічильник номер: 324494, тип: КВ-1,5 => DN 15, рік випуску: 2008, показники: 0, балансоутримувач: КП "ВДК" додано до БД користувачем [Коваль Людмила].
[14-Mar-2025 09:45:35 Europe/Helsinki] NewDATA [INFO] Новий лічильник номер: 163021, тип: КВ-1,5 => DN 15, рік випуску: 2008, показники: 0, балансоутримувач: АТ "ОТКЕ" додано до БД користувачем [Коваль Людмила].
[14-Mar-2025 09:45:37 Europe/Helsinki] EditDATA [INFO] За адресою вул. Космонавтів, буд. 5, корп. А, кв. 48 користувачем [Коваль Людмила] було додано лічильники: 324494, 163021].
[14-Mar-2025 10:01:10 Europe/Helsinki] NewDATA [INFO] Нова адреса просп. Левка Лукяненка, буд. 37, кв. 108, тел. +38 (073) 278-04-27 додана до БД користувачем [Коваль Людмила].
[14-Mar-2025 10:01:10 Europe/Helsinki] NewDATA [INFO] Нова адреса вул. Мацієвського Олександра, буд. 11, кв. 42, тел. +38 (096) 889-60-21 додана до БД користувачем [Сусло Тетяна].
[14-Mar-2025 10:01:41 Europe/Helsinki] NewDATA [INFO] Нова заявка Повірка, адреса: вул. Мацієвського Олександра 11, кв. 42, лічильники: БЕЗ НОМЕРА - 2 шт., вартість: 600 грн., примітки: 8-13, за 30 хв додано до БД користувачем [Сусло Тетяна].
[2025-03-14T10:01:45.504] [INFO] DataBase - У заявці Повірка від 14 березня 2025 р. за адресою вул. Мацієвського Олександра, буд. 11, кв. 42 додано виконавця ЗАПЛАНОВАНІ та додано дату виконання 17 березня 2025 р. користувачем [Сусло Тетяна].
[14-Mar-2025 10:01:49 Europe/Helsinki] NewDATA [INFO] Нова заявка Повірка, адреса: просп. Левка Лукяненка 37, кв. 108, лічильники: БЕЗ НОМЕРА - 2 шт., вартість: 600 грн., примітки: 8-10,догов. додано до БД користувачем [Коваль Людмила].
[2025-03-14T10:01:57.559] [INFO] DataBase - У заявці Повірка від 14 березня 2025 р. за адресою просп. Левка Лукяненка, буд. 37, кв. 108 додано виконавця ЗАПЛАНОВАНІ та додано дату виконання 17 березня 2025 р. користувачем [Коваль Людмила].
[14-Mar-2025 10:02:48 Europe/Helsinki] NewDATA [INFO] Нова адреса просп. Левка Лукяненка, буд. 20, корп. А, кв. 11, тел. +38 (050) 285-21-46 додана до БД користувачем [Сусло Тетяна].
[14-Mar-2025 10:04:35 Europe/Helsinki] NewDATA [INFO] Нова заявка Повірка, адреса: просп. Левка Лукяненка 20 корпус А, кв. 11, лічильники: БЕЗ НОМЕРА - 4 шт., вартість: 1600 грн., примітки: 8-13, 2 гв, 2 хв додано до БД користувачем [Сусло Тетяна].
[2025-03-14T10:04:40.851] [INFO] DataBase - У заявці Повірка від 14 березня 2025 р. за адресою просп. Левка Лукяненка, буд. 20, корп. А, кв. 11 додано виконавця Баранов та додано дату виконання 15 квітня 2025 р. користувачем [Сусло Тетяна].
[14-Mar-2025 10:04:53 Europe/Helsinki] NewDATA [INFO] Нова адреса вул. Савчука, буд. 11, кв. 46, тел. +38 (066) 821-26-02 додана до БД користувачем [Коваль Людмила].
[14-Mar-2025 10:05:47 Europe/Helsinki] NewDATA [INFO] Нова заявка Повірка, адреса: вул. Савчука 11, кв. 46, лічильники: БЕЗ НОМЕРА - 2 шт., вартість: 600 грн. додано до БД користувачем [Коваль Людмила].
[2025-03-14T10:05:53.057] [INFO] DataBase - У заявці Повірка від 14 березня 2025 р. за адресою вул. Савчука, буд. 11, кв. 46 додано виконавця Сірий та додано дату виконання 14 березня 2025 р. користувачем [Коваль Людмила].
[14-Mar-2025 10:10:09 Europe/Helsinki] NewDATA [INFO] Нова адреса вул. Красносільського, буд. 79, кв. 89, тел. +38 (095) 582-57-09 додана до БД користувачем [Коваль Людмила].
[14-Mar-2025 10:11:07 Europe/Helsinki] NewDATA [INFO] Нова заявка Повірка, адреса: вул. Красносільського 79, кв. 89, лічильники: БЕЗ НОМЕРА - 2 шт., вартість: 600 грн., примітки: 8-13 додано до БД користувачем [Коваль Людмила].
[2025-03-14T10:11:17.652] [INFO] DataBase - У заявці Повірка від 14 березня 2025 р. за адресою вул. Красносільського, буд. 79, кв. 89 додано виконавця ЗАПЛАНОВАНІ та додано дату виконання 24 березня 2025 р. користувачем [Коваль Людмила].
[14-Mar-2025 10:11:25 Europe/Helsinki] NewDATA [INFO] Нова адреса вул. Пятницька, буд. 90, кв. 13, тел. +38 (099) 523-13-58 додана до БД користувачем [Сусло Тетяна].
[14-Mar-2025 10:11:49 Europe/Helsinki] NewDATA [INFO] Нова заявка Повірка, адреса: вул. Пятницька 90, кв. 13, лічильники: БЕЗ НОМЕРА - 2 шт., вартість: 600 грн., примітки: 9-13, код 237 додано до БД користувачем [Сусло Тетяна].
[2025-03-14T10:11:53.302] [INFO] DataBase - У заявці Повірка від 14 березня 2025 р. за адресою вул. Пятницька, буд. 90, кв. 13 додано виконавця ЗАПЛАНОВАНІ та додано дату виконання 19 березня 2025 р. користувачем [Сусло Тетяна].
[14-Mar-2025 10:12:07 Europe/Helsinki] EditDATA [INFO] За адресою просп. Левка Лукяненка 25, кв. 17 користувачем [Коваль Людмила] змінені номери телефонів з +38(0462)60-67-78, +38(067)983-50-27, +38(098)438-01-35 на +38(098)438-01-35, при створенні нової заявки [Повірка] від 14.03.2025.
[14-Mar-2025 10:12:07 Europe/Helsinki] NewDATA [INFO] Нова заявка Повірка, адреса: просп. Левка Лукяненка 25, кв. 17, лічильники: БЕЗ НОМЕРА - 1 шт., вартість: 300 грн., примітки: 9-13 додано до БД користувачем [Коваль Людмила].
[2025-03-14T10:12:11.824] [INFO] DataBase - У заявці Повірка від 14 березня 2025 р. за адресою просп. Левка Лукяненка, буд. 25, кв. 17 додано виконавця ЗАПЛАНОВАНІ та додано дату виконання 19 березня 2025 р. користувачем [Коваль Людмила].
[14-Mar-2025 10:13:03 Europe/Helsinki] NewDATA [INFO] Новий лічильник номер: 103667, тип: КВ-1,5 => DN 15, рік випуску: 2007, показники: 0, балансоутримувач: КП "ВДК" додано до БД користувачем [Коваль Людмила].
[14-Mar-2025 10:13:31 Europe/Helsinki] NewDATA [INFO] Новий лічильник номер: 191372, тип: ТАКТ => DN 15, рік випуску: 2010, показники: 0, балансоутримувач: АТ "ОТКЕ" додано до БД користувачем [Коваль Людмила].
[14-Mar-2025 10:13:34 Europe/Helsinki] EditDATA [INFO] За адресою вул. Захисників України, буд. 10, корп. А, кв. 158 користувачем [Коваль Людмила] було додано лічильники: 103667, 191372].
[14-Mar-2025 10:14:14 Europe/Helsinki] NewDATA [INFO] Новий лічильник номер: 319747, тип: КВ-1,5 => DN 15, рік випуску: 2016, показники: 0, балансоутримувач: КП "ВДК" додано до БД користувачем [Коваль Людмила].
[14-Mar-2025 10:14:35 Europe/Helsinki] NewDATA [INFO] Нова адреса просп. Перемоги, буд. 67, кв. 5, тел. +38 (067) 379-31-95 додана до БД користувачем [Сусло Тетяна].
[14-Mar-2025 10:14:43 Europe/Helsinki] NewDATA [INFO] Новий лічильник номер: 143549, тип: КВ-1,5 => DN 15, рік випуску: 2017, показники: 0, балансоутримувач: АТ "ОТКЕ" додано до БД користувачем [Коваль Людмила].
[14-Mar-2025 10:15:04 Europe/Helsinki] NewDATA [INFO] Новий лічильник номер: 527422, тип: КВ-1,5 => DN 15, рік випуску: 2006, показники: 0, балансоутримувач: КП "ВДК" додано до БД користувачем [Коваль Людмила].
[14-Mar-2025 10:15:09 Europe/Helsinki] NewDATA [INFO] Нова заявка Повірка, адреса: просп. Перемоги 67, кв. 5, лічильники: БЕЗ НОМЕРА - 4 шт., вартість: 1200 грн., примітки: 8-13, за 30 хв додано до БД користувачем [Сусло Тетяна].
[2025-03-14T10:15:12.384] [INFO] DataBase - У заявці Повірка від 14 березня 2025 р. за адресою просп. Перемоги, буд. 67, кв. 5 додано виконавця ЗАПЛАНОВАНІ та додано дату виконання 21 березня 2025 р. користувачем [Сусло Тетяна].
[14-Mar-2025 10:15:25 Europe/Helsinki] NewDATA [INFO] Новий лічильник номер: 175117, тип: КВ-1,5 => DN 15, рік випуску: 2004, показники: 0, балансоутримувач: АТ "ОТКЕ" додано до БД користувачем [Коваль Людмила].
[14-Mar-2025 10:15:27 Europe/Helsinki] EditDATA [INFO] За адресою просп. Перемоги, буд. 162, кв. 16 користувачем [Коваль Людмила] було додано лічильники: 319747, 143549, 527422, 175117].
[14-Mar-2025 10:16:06 Europe/Helsinki] NewDATA [INFO] Нова адреса вул. Мстиславська, буд. 56, кв. 28, тел. +38 (063) 524-57-03 додана до БД користувачем [Сусло Тетяна].
[14-Mar-2025 10:16:06 Europe/Helsinki] NewDATA [INFO] Новий лічильник номер: 546948, тип: КВ-1,5 => DN 15, рік випуску: 2006, показники: 0, балансоутримувач: КП "ВДК" додано до БД користувачем [Коваль Людмила].
[14-Mar-2025 10:16:29 Europe/Helsinki] NewDATA [INFO] Новий лічильник номер: 546775, тип: КВ-1,5 => DN 15, рік випуску: 2006, показники: 0, балансоутримувач: АТ "ОТКЕ" додано до БД користувачем [Коваль Людмила].
[14-Mar-2025 10:16:30 Europe/Helsinki] NewDATA [INFO] Нова заявка Повірка, адреса: вул. Мстиславська 56, кв. 28, лічильники: БЕЗ НОМЕРА - 2 шт., вартість: 600 грн., примітки: 8-13 додано до БД користувачем [Сусло Тетяна].
[14-Mar-2025 10:16:31 Europe/Helsinki] EditDATA [INFO] За адресою вул. Савчука, буд. 1, кв. 146 користувачем [Коваль Людмила] було додано лічильники: 546948, 546775].
[2025-03-14T10:16:34.338] [INFO] DataBase - У заявці Повірка від 14 березня 2025 р. за адресою вул. Мстиславська, буд. 56, кв. 28 додано виконавця ЗАПЛАНОВАНІ та додано дату виконання 25 березня 2025 р. користувачем [Сусло Тетяна].
[14-Mar-2025 10:17:00 Europe/Helsinki] EditDATA [INFO] Для заявки Повірка від 13.03.2025 користувачем [Коваль Людмила] змінено виконавця з ЗАПЛАНОВАНІ на Сірий.
[14-Mar-2025 10:17:11 Europe/Helsinki] EditDATA [INFO] Для заявки Повірка від 11.03.2025 користувачем [Коваль Людмила] змінено виконавця з ЗАПЛАНОВАНІ на Сірий.
[14-Mar-2025 10:17:13 Europe/Helsinki] DellTASK [INFO] Заміна від 11.03.2025 для адреси вул. Стуса Василя, буд. 15, кв. 49 для лічильника БЕЗ НОМЕРА - 2 шт. було завершено користувачем [Сусло Тетяна] з коментарем: виконано.
[14-Mar-2025 10:17:25 Europe/Helsinki] EditDATA [INFO] Для заявки Повірка від 11.03.2025 користувачем [Коваль Людмила] змінено виконавця з ЗАПЛАНОВАНІ на Сірий.
[14-Mar-2025 10:17:37 Europe/Helsinki] EditDATA [INFO] Для заявки Повірка від 10.03.2025 користувачем [Коваль Людмила] змінено виконавця з ЗАПЛАНОВАНІ на Сірий.
[14-Mar-2025 10:17:46 Europe/Helsinki] NewDATA [INFO] Новий лічильник номер: 241483370, тип: СВК => DN 15, рік випуску: 2025, показники: 0, балансоутримувач: АТ "ОТКЕ" додано до БД користувачем [Сусло Тетяна].
[14-Mar-2025 10:17:49 Europe/Helsinki] EditDATA [INFO] В заявці Заміна від 11.03.2025 за адресою вул. Партизанська, буд. 51, кв. 1 було видалено БЕЗ НОМЕРУ - 1 шт.; додано лічильники: 241483370 користувачем [Сусло Тетяна].
[14-Mar-2025 10:17:50 Europe/Helsinki] EditDATA [INFO] Для заявки Повірка від 10.03.2025 користувачем [Коваль Людмила] змінено виконавця з ЗАПЛАНОВАНІ на Сірий.
[14-Mar-2025 10:17:58 Europe/Helsinki] DellTASK [INFO] Заміна від 11.03.2025 для адреси вул. Партизанська, буд. 51, кв. 1 для лічильника 241483370 було завершено користувачем [Сусло Тетяна] з коментарем: виконано.
[14-Mar-2025 10:18:04 Europe/Helsinki] EditDATA [INFO] Для заявки Повірка від 03.03.2025 користувачем [Коваль Людмила] змінено виконавця з ЗАПЛАНОВАНІ на Сірий.
[14-Mar-2025 10:18:28 Europe/Helsinki] EditDATA [INFO] Для заявки Повірка від 14.03.2025 користувачем [Коваль Людмила] змінено виконавця з ЗАПЛАНОВАНІ на Ващенко.
[14-Mar-2025 10:18:39 Europe/Helsinki] EditDATA [INFO] Для заявки Повірка від 13.03.2025 користувачем [Коваль Людмила] змінено виконавця з ЗАПЛАНОВАНІ на Ващенко.
[14-Mar-2025 10:18:43 Europe/Helsinki] NewDATA [INFO] Новий лічильник номер: 251493742, тип: СВК => DN 15, рік випуску: 2025, показники: 0, балансоутримувач: КП "ВДК" додано до БД користувачем [Сусло Тетяна].
[14-Mar-2025 10:18:46 Europe/Helsinki] EditDATA [INFO] В заявці Заміна від 11.03.2025 за адресою вул. Небаби Мартина, буд. 102, кв. 4 було видалено БЕЗ НОМЕРУ - 1 шт.; додано лічильники: 251493742 користувачем [Сусло Тетяна].
[14-Mar-2025 10:18:53 Europe/Helsinki] EditDATA [INFO] Для заявки Повірка від 12.03.2025 користувачем [Коваль Людмила] змінено виконавця з ЗАПЛАНОВАНІ на Ващенко.
[14-Mar-2025 10:18:56 Europe/Helsinki] DellTASK [INFO] Заміна від 11.03.2025 для адреси вул. Небаби Мартина, буд. 102, кв. 4 для лічильника 251493742 було завершено користувачем [Сусло Тетяна] з коментарем: виконано.
[14-Mar-2025 10:19:05 Europe/Helsinki] EditDATA [INFO] Для заявки Повірка від 06.03.2025 користувачем [Коваль Людмила] змінено виконавця з ЗАПЛАНОВАНІ на Ващенко.
[14-Mar-2025 10:19:27 Europe/Helsinki] NewDATA [INFO] Новий лічильник номер: 251493739, тип: СВК => DN 15, рік випуску: 2025, показники: 0, балансоутримувач: КП "ВДК" додано до БД користувачем [Сусло Тетяна].
[14-Mar-2025 10:19:30 Europe/Helsinki] EditDATA [INFO] В заявці Заміна від 07.03.2025 за адресою просп. Перемоги, буд. 102, кв. 16 було видалено лічильники: 478018; додано лічильники: 251493739 користувачем [Сусло Тетяна].
[14-Mar-2025 10:19:45 Europe/Helsinki] DellTASK [INFO] Заміна від 07.03.2025 для адреси просп. Перемоги, буд. 102, кв. 16 для лічильника 251493739 було завершено користувачем [Сусло Тетяна] з коментарем: виконано.
[14-Mar-2025 10:21:14 Europe/Helsinki] NewDATA [INFO] Новий лічильник номер: 241483378, тип: СВК => DN 15, рік випуску: 2025, показники: 0, балансоутримувач: АТ "ОТКЕ" додано до БД користувачем [Сусло Тетяна].
[14-Mar-2025 10:21:17 Europe/Helsinki] EditDATA [INFO] В заявці Заміна від 10.03.2025 за адресою вул. Савчука, буд. 11, кв. 191 було видалено БЕЗ НОМЕРУ - 1 шт.; додано лічильники: 241483378 користувачем [Сусло Тетяна].
[14-Mar-2025 10:21:29 Europe/Helsinki] DellTASK [INFO] Заміна від 10.03.2025 для адреси вул. Савчука, буд. 11, кв. 191 для лічильника 241483378 було завершено користувачем [Сусло Тетяна] з коментарем: виконано.
[14-Mar-2025 10:22:04 Europe/Helsinki] DellTASK [INFO] Заміна від 12.03.2025 для адреси вул. 2-й км, буд. 6, кв. 7 для лічильника БЕЗ НОМЕРА - 1 шт. було завершено користувачем [Сусло Тетяна] з коментарем: виконано.
[14-Mar-2025 10:22:51 Europe/Helsinki] NewDATA [INFO] Новий лічильник номер: 251493457, тип: СВК => DN 15, рік випуску: 2025, показники: 0, балансоутримувач: КП "ВДК" додано до БД користувачем [Сусло Тетяна].
[14-Mar-2025 10:23:13 Europe/Helsinki] NewDATA [INFO] Новий лічильник номер: 241483379, тип: СВК => DN 15, рік випуску: 2025, показники: 0, балансоутримувач: АТ "ОТКЕ" додано до БД користувачем [Сусло Тетяна].
[14-Mar-2025 10:23:16 Europe/Helsinki] EditDATA [INFO] В заявці Заміна від 07.03.2025 за адресою вул. Незалежності, буд. 82, кв. 49 було видалено лічильники: 489512, 468054; додано лічильники: 251493457, 241483379 користувачем [Сусло Тетяна].
[14-Mar-2025 10:23:25 Europe/Helsinki] DellTASK [INFO] Заміна від 07.03.2025 для адреси вул. Незалежності, буд. 82, кв. 49 для лічильників 251493457, 241483379 було завершено користувачем [Сусло Тетяна] з коментарем: виконано.
[14-Mar-2025 10:23:59 Europe/Helsinki] EditDATA [INFO] Для заявки Заміна від 12.03.2025 користувачем [Сусло Тетяна] змінено примітки з 8-13, 1 хв, зранку уточню треба заміна чи ні на самі зателеф..
[2025-03-14T10:24:07.375] [INFO] DataBase - У заявці Заміна від 12 березня 2025 р. за адресою вул. Незалежності, буд. 22, кв. 2 видалено дату виконання 13 березня 2025 р. користувачем [Сусло Тетяна].
[14-Mar-2025 10:24:37 Europe/Helsinki] NewDATA [INFO] Новий лічильник номер: 251493456, тип: СВК => DN 15, рік випуску: 2025, показники: 0, балансоутримувач: КП "ВДК" додано до БД користувачем [Сусло Тетяна].
[14-Mar-2025 10:24:41 Europe/Helsinki] EditDATA [INFO] В заявці Заміна від 07.03.2025 за адресою вул. Нафтовиків, буд. 15, кв. 26 було видалено лічильники: 516645; додано лічильники: 251493456 користувачем [Сусло Тетяна].
[14-Mar-2025 10:24:51 Europe/Helsinki] DellTASK [INFO] Заміна від 07.03.2025 для адреси вул. Нафтовиків, буд. 15, кв. 26 для лічильника 251493456 було завершено користувачем [Сусло Тетяна] з коментарем: виконано.
[14-Mar-2025 10:25:26 Europe/Helsinki] NewDATA [INFO] Новий лічильник номер: 241483395, тип: СВК => DN 15, рік випуску: 2025, показники: 0, балансоутримувач: КП "ВДК" додано до БД користувачем [Сусло Тетяна].
[14-Mar-2025 10:25:28 Europe/Helsinki] EditDATA [INFO] В заявці Заміна від 05.03.2025 за адресою вул. Любецька, буд. 34, корп. А, кв. 10 було видалено лічильники: 314167; додано лічильники: 241483395 користувачем [Сусло Тетяна].
[14-Mar-2025 10:25:33 Europe/Helsinki] EditDATA [INFO] За адресою вул. Нафтовиків 1, кв. 49 користувачем [Коваль Людмила] змінені номери телефонів з +38(063)689-49-65 на +38(096)553-79-78, при створенні нової заявки [Повірка] від 14.03.2025.
[14-Mar-2025 10:25:33 Europe/Helsinki] NewDATA [INFO] Нова заявка Повірка, адреса: вул. Нафтовиків 1, кв. 49, лічильники: БЕЗ НОМЕРА - 2 шт., вартість: 600 грн., примітки: 8-13 додано до БД користувачем [Коваль Людмила].
[2025-03-14T10:25:39.144] [INFO] DataBase - У заявці Повірка від 14 березня 2025 р. за адресою вул. Нафтовиків, буд. 1, кв. 49 додано виконавця ЗАПЛАНОВАНІ та додано дату виконання 5 травня 2025 р. користувачем [Коваль Людмила].
[14-Mar-2025 10:25:40 Europe/Helsinki] DellTASK [INFO] Заміна від 05.03.2025 для адреси вул. Любецька, буд. 34, корп. А, кв. 10 для лічильника 241483395 було завершено користувачем [Сусло Тетяна] з коментарем: виконано.
[14-Mar-2025 11:08:00 Europe/Helsinki] NewDATA [INFO] Нова адреса вул. Текстильників, буд. 39, кв. 29, тел. +38 (093) 701-98-73 додана до БД користувачем [Сусло Тетяна].
[14-Mar-2025 11:17:40 Europe/Helsinki] NewDATA [INFO] Нова заявка Повірка, адреса: вул. Текстильників 39, кв. 29, лічильники: БЕЗ НОМЕРА - 2 шт., вартість: 600 грн., примітки: 8-13 додано до БД користувачем [Сусло Тетяна].
[2025-03-14T11:17:45.275] [INFO] DataBase - У заявці Повірка від 14 березня 2025 р. за адресою вул. Текстильників, буд. 39, кв. 29 додано виконавця ЗАПЛАНОВАНІ та додано дату виконання 18 березня 2025 р. користувачем [Сусло Тетяна].
[14-Mar-2025 11:40:27 Europe/Helsinki] NewDATA [INFO] Нова адреса вул. Доценка, буд. 15, корп. Б, кв. 71, тел. +38 (097) 429-85-91 додана до БД користувачем [Сусло Тетяна].
[14-Mar-2025 11:40:48 Europe/Helsinki] NewDATA [INFO] Нова заявка Повірка, адреса: вул. Доценка 15 корпус Б, кв. 71, лічильники: БЕЗ НОМЕРА - 2 шт., вартість: 600 грн., примітки: 8-13 додано до БД користувачем [Сусло Тетяна].
[2025-03-14T11:40:53.371] [INFO] DataBase - У заявці Повірка від 14 березня 2025 р. за адресою вул. Доценка, буд. 15, корп. Б, кв. 71 додано виконавця ЗАПЛАНОВАНІ та додано дату виконання 18 березня 2025 р. користувачем [Сусло Тетяна].
[14-Mar-2025 11:41:39 Europe/Helsinki] NewDATA [INFO] Нова адреса вул. Мстиславська, буд. 81, кв. 46, тел. +38 (068) 838-52-84 додана до БД користувачем [Сусло Тетяна].
[14-Mar-2025 11:41:57 Europe/Helsinki] NewDATA [INFO] Нова заявка Повірка, адреса: вул. Мстиславська 81, кв. 46, лічильники: БЕЗ НОМЕРА - 2 шт., вартість: 600 грн., примітки: 8-13 додано до БД користувачем [Сусло Тетяна].
[2025-03-14T11:41:59.988] [INFO] DataBase - У заявці Повірка від 14 березня 2025 р. за адресою вул. Мстиславська, буд. 81, кв. 46 додано виконавця ЗАПЛАНОВАНІ та додано дату виконання 19 березня 2025 р. користувачем [Сусло Тетяна].
[14-Mar-2025 11:42:51 Europe/Helsinki] EditDATA [INFO] За адресою просп. Миру 257, кв. 45 користувачем [Сусло Тетяна] додано номер телефону +38(066)952-10-49, при створенні нової заявки [Повірка] від 14.03.2025.
[14-Mar-2025 11:42:51 Europe/Helsinki] NewDATA [INFO] Нова заявка Повірка, адреса: просп. Миру 257, кв. 45, лічильники: БЕЗ НОМЕРА - 3 шт., вартість: 1200 грн., примітки: 8-13 додано до БД користувачем [Сусло Тетяна].
[2025-03-14T11:42:54.360] [INFO] DataBase - У заявці Повірка від 14 березня 2025 р. за адресою просп. Миру, буд. 257, кв. 45 додано виконавця ЗАПЛАНОВАНІ та додано дату виконання 21 березня 2025 р. користувачем [Сусло Тетяна].
[14-Mar-2025 12:16:41 Europe/Helsinki] NewDATA [INFO] Нова заявка Заміна, адреса: вул. Рятувальників 35, кв. 36, лічильники: БЕЗ НОМЕРА - 1 шт., виконавець: Баранов, вартість: 1100 грн., примітки: 9-13, 1 хв, св додано до БД користувачем [Сусло Тетяна].
[2025-03-14T12:16:45.624] [INFO] DataBase - У заявці Заміна від 14 березня 2025 р. за адресою вул. Рятувальників, буд. 35, кв. 36 додано дату виконання 17 березня 2025 р. користувачем [Сусло Тетяна].
[14-Mar-2025 13:00:26 Europe/Helsinki] NewDATA [INFO] Нова адреса вул. Мстиславська, буд. 38, кв. 23, тел. +38 (068) 130-01-02 додана до БД користувачем [Сусло Тетяна].
[14-Mar-2025 13:01:08 Europe/Helsinki] NewDATA [INFO] Нова заявка Повірка, адреса: вул. Мстиславська 38, кв. 23, лічильники: БЕЗ НОМЕРА - 2 шт., вартість: 600 грн., примітки: 8-13, 2 гв додано до БД користувачем [Сусло Тетяна].
[2025-03-14T13:01:12.393] [INFO] DataBase - У заявці Повірка від 14 березня 2025 р. за адресою вул. Мстиславська, буд. 38, кв. 23 додано виконавця ЗАПЛАНОВАНІ та додано дату виконання 18 березня 2025 р. користувачем [Сусло Тетяна].
[14-Mar-2025 13:06:22 Europe/Helsinki] NewDATA [INFO] Нова адреса вул. Мстиславська, буд. 79, кв. 77, тел. +38 (063) 772-44-65 додана до БД користувачем [Сусло Тетяна].
[14-Mar-2025 13:06:45 Europe/Helsinki] NewDATA [INFO] Нова заявка Повірка, адреса: вул. Мстиславська 79, кв. 77, лічильники: БЕЗ НОМЕРА - 2 шт., вартість: 600 грн., примітки: 9-13, за 30 хв додано до БД користувачем [Сусло Тетяна].
[14-Mar-2025 13:06:47 Europe/Helsinki] EditDATA [INFO] Для заявки Повірка від 14.03.2025 користувачем [Коваль Людмила] змінено виконавця з ЗАПЛАНОВАНІ на Шкуліпа.
[2025-03-14T13:06:50.372] [INFO] DataBase - У заявці Повірка від 14 березня 2025 р. за адресою вул. Мстиславська, буд. 79, кв. 77 додано виконавця ЗАПЛАНОВАНІ та додано дату виконання 19 березня 2025 р. користувачем [Сусло Тетяна].
[14-Mar-2025 13:06:57 Europe/Helsinki] EditDATA [INFO] Для заявки Повірка від 13.03.2025 користувачем [Коваль Людмила] змінено виконавця з ЗАПЛАНОВАНІ на Шкуліпа.
[14-Mar-2025 13:07:06 Europe/Helsinki] EditDATA [INFO] Для заявки Повірка від 13.03.2025 користувачем [Коваль Людмила] змінено виконавця з ЗАПЛАНОВАНІ на Шкуліпа.
[14-Mar-2025 13:07:16 Europe/Helsinki] EditDATA [INFO] Для заявки Повірка від 07.03.2025 користувачем [Коваль Людмила] змінено виконавця з ЗАПЛАНОВАНІ на Шкуліпа.
[14-Mar-2025 13:07:26 Europe/Helsinki] EditDATA [INFO] Для заявки Повірка від 06.03.2025 користувачем [Коваль Людмила] змінено виконавця з ЗАПЛАНОВАНІ на Шкуліпа.
[14-Mar-2025 13:07:40 Europe/Helsinki] NewDATA [INFO] Нова заявка Повірка, адреса: вул. Жабинського 2 корпус В, кв. 48, лічильники: БЕЗ НОМЕРА - 1 шт., вартість: 300 грн., примітки: 8-13, подовжувач додано до БД користувачем [Сусло Тетяна].
[2025-03-14T13:07:45.614] [INFO] DataBase - У заявці Повірка від 14 березня 2025 р. за адресою вул. Жабинського, буд. 2, корп. В, кв. 48 додано виконавця ЗАПЛАНОВАНІ та додано дату виконання 24 березня 2025 р. користувачем [Сусло Тетяна].
[14-Mar-2025 13:08:38 Europe/Helsinki] EditDATA [INFO] За адресою вул. Героїв Чорнобиля 10, кв. 20 користувачем [Сусло Тетяна] додано номер телефону +38(098)027-97-92, при створенні нової заявки [Повірка] від 14.03.2025.
[14-Mar-2025 13:08:38 Europe/Helsinki] NewDATA [INFO] Нова заявка Повірка, адреса: вул. Героїв Чорнобиля 10, кв. 20, лічильники: БЕЗ НОМЕРА - 1 шт., вартість: 300 грн., примітки: 8-113 додано до БД користувачем [Сусло Тетяна].
[14-Mar-2025 13:28:06 Europe/Helsinki] NewDATA [INFO] Новий лічильник номер: 434055, тип: КВ-1,5 => DN 15, рік випуску: 2002, показники: 0, балансоутримувач: КП "ВДК" додано до БД користувачем [Коваль Людмила].
[14-Mar-2025 13:29:12 Europe/Helsinki] NewDATA [INFO] Новий лічильник номер: 269165, тип: КВ-1,5 => DN 15, рік випуску: 2002, показники: 0, балансоутримувач: АТ "ОТКЕ" додано до БД користувачем [Коваль Людмила].
[14-Mar-2025 13:29:14 Europe/Helsinki] EditDATA [INFO] За адресою вул. Незалежності, буд. 46, кв. 5 користувачем [Коваль Людмила] було додано лічильники: 434055, 269165].
[14-Mar-2025 13:29:57 Europe/Helsinki] NewDATA [INFO] Новий лічильник номер: 5487955, тип: ЛК => DN 15, рік випуску: 2017, показники: 0, балансоутримувач: КП "ВДК" додано до БД користувачем [Коваль Людмила].
[14-Mar-2025 13:29:59 Europe/Helsinki] EditDATA [INFO] За адресою вул. Борисоглібська, буд. 3, кв. 18 користувачем [Коваль Людмила] було додано лічильники: 5487955].
[14-Mar-2025 13:30:43 Europe/Helsinki] NewDATA [INFO] Новий лічильник номер: 050924, тип: КВ-1,5 => DN 15, рік випуску: 2020, показники: 0, балансоутримувач: КП "ВДК" додано до БД користувачем [Коваль Людмила].
[14-Mar-2025 13:30:45 Europe/Helsinki] EditDATA [INFO] За адресою вул. Гетьмана Полуботка, буд. 12, кв. 5 користувачем [Коваль Людмила] було додано лічильники: 050924].
[14-Mar-2025 13:34:53 Europe/Helsinki] EditDATA [INFO] За адресою вул. Доценка 26, кв. 96 користувачем [Коваль Людмила] змінені номери телефонів з +38(093)248-66-48 на +38(096)896-58-38, при створенні нової заявки [Повірка] від 14.03.2025.
[14-Mar-2025 13:34:54 Europe/Helsinki] NewDATA [INFO] Нова заявка Повірка, адреса: вул. Доценка 26, кв. 96, лічильники: БЕЗ НОМЕРА - 4 шт., вартість: 1200 грн., примітки: 9-13,пер.за 30 хв. додано до БД користувачем [Коваль Людмила].
[2025-03-14T13:34:58.808] [INFO] DataBase - У заявці Повірка від 14 березня 2025 р. за адресою вул. Доценка, буд. 26, кв. 96 додано виконавця Ващенко та додано дату виконання 17 березня 2025 р. користувачем [Коваль Людмила].
[14-Mar-2025 13:35:53 Europe/Helsinki] NewDATA [INFO] Нова адреса просп. Перемоги, буд. 184, кв. 252, тел. +38 (097) 343-79-65 додана до БД користувачем [Коваль Людмила].
[14-Mar-2025 13:36:22 Europe/Helsinki] NewDATA [INFO] Нова заявка Повірка, адреса: просп. Перемоги 184, кв. 252, лічильники: БЕЗ НОМЕРА - 1 шт., вартість: 300 грн., примітки: 8-13 додано до БД користувачем [Коваль Людмила].
[2025-03-14T13:36:28.394] [INFO] DataBase - У заявці Повірка від 14 березня 2025 р. за адресою просп. Перемоги, буд. 184, кв. 252 додано виконавця ЗАПЛАНОВАНІ та додано дату виконання 7 квітня 2025 р. користувачем [Коваль Людмила].
[2025-03-14T13:53:22.038] [INFO] DataBase - У заявці Повірка від 14 березня 2025 р. за адресою вул. Героїв Чорнобиля, буд. 10, кв. 20 додано виконавця ЗАПЛАНОВАНІ та додано дату виконання 25 березня 2025 р. користувачем [Сусло Тетяна].
[14-Mar-2025 14:32:57 Europe/Helsinki] EditDATA [INFO] Для заявки Повірка від 14.03.2025 користувачем [Коваль Людмила] змінено вартість робіт з 300 грн. на 600 грн.
[14-Mar-2025 14:51:30 Europe/Helsinki] NewDATA [INFO] Нова адреса просп. Грушевського Михайла, буд. 159, кв. 40, тел. +38 (096) 494-11-91 додана до БД користувачем [Коваль Людмила].
[14-Mar-2025 14:51:54 Europe/Helsinki] NewDATA [INFO] Нова адреса вул. Мстиславська, буд. 40, кв. 3, тел. +38 (096) 060-26-19 додана до БД користувачем [Сусло Тетяна].
[14-Mar-2025 14:52:23 Europe/Helsinki] NewDATA [INFO] Нова заявка Повірка, адреса: вул. Мстиславська 40, кв. 3, лічильники: БЕЗ НОМЕРА - 2 шт., вартість: 600 грн., примітки: 8-13, дом. не працює додано до БД користувачем [Сусло Тетяна].
[2025-03-14T14:52:27.057] [INFO] DataBase - У заявці Повірка від 14 березня 2025 р. за адресою вул. Мстиславська, буд. 40, кв. 3 додано виконавця ЗАПЛАНОВАНІ та додано дату виконання 20 березня 2025 р. користувачем [Сусло Тетяна].
[14-Mar-2025 14:52:29 Europe/Helsinki] NewDATA [INFO] Нова заявка Повірка, адреса: просп. Грушевського Михайла 159, кв. 40, лічильники: БЕЗ НОМЕРА - 4 шт., вартість: 1200 грн., примітки: 13-17 додано до БД користувачем [Коваль Людмила].
[2025-03-14T14:52:33.882] [INFO] DataBase - У заявці Повірка від 14 березня 2025 р. за адресою просп. Грушевського Михайла, буд. 159, кв. 40 додано виконавця Ващенко та додано дату виконання 17 березня 2025 р. користувачем [Коваль Людмила].
[14-Mar-2025 14:53:04 Europe/Helsinki] NewDATA [INFO] Нова адреса просп. Миру, буд. 189, кв. 34, тел. +38 (097) 466-25-55 додана до БД користувачем [Сусло Тетяна].
[14-Mar-2025 14:53:22 Europe/Helsinki] NewDATA [INFO] Нова заявка Повірка, адреса: просп. Миру 189, кв. 34, лічильники: БЕЗ НОМЕРА - 2 шт., вартість: 600 грн., примітки: 8-13 додано до БД користувачем [Сусло Тетяна].
[2025-03-14T14:53:26.457] [INFO] DataBase - У заявці Повірка від 14 березня 2025 р. за адресою просп. Миру, буд. 189, кв. 34 додано виконавця ЗАПЛАНОВАНІ та додано дату виконання 19 березня 2025 р. користувачем [Сусло Тетяна].
[14-Mar-2025 14:57:28 Europe/Helsinki] NewDATA [INFO] Нова заявка Заміна, адреса: вул. Незалежності 22, кв. 2, лічильники: 452132, вартість: 1100 грн., примітки: 9-13,хол.с/в.№452132 додано до БД користувачем [Коваль Людмила].
[2025-03-14T14:57:32.242] [INFO] DataBase - У заявці Заміна від 14 березня 2025 р. за адресою вул. Незалежності, буд. 22, кв. 2 додано виконавця Баранов та додано дату виконання 17 березня 2025 р. користувачем [Коваль Людмила].
[14-Mar-2025 14:58:19 Europe/Helsinki] NewDATA [INFO] Нова заявка Повірка, адреса: вул. Любецька 106 корпус Б, кв. 59, лічильники: БЕЗ НОМЕРА - 1 шт., вартість: 300 грн., примітки: пер.за час додано до БД користувачем [Коваль Людмила].
[2025-03-14T14:58:31.643] [INFO] DataBase - У заявці Повірка від 14 березня 2025 р. за адресою вул. Любецька, буд. 106, корп. Б, кв. 59 додано виконавця ЗАПЛАНОВАНІ та додано дату виконання 24 березня 2025 р. користувачем [Коваль Людмила].
[14-Mar-2025 14:59:33 Europe/Helsinki] NewDATA [INFO] Нова адреса просп. Перемоги, буд. 184, кв. 244, тел. +38 (073) 053-99-05 додана до БД користувачем [Коваль Людмила].
[14-Mar-2025 15:00:02 Europe/Helsinki] NewDATA [INFO] Нова заявка Повірка, адреса: просп. Перемоги 184, кв. 244, лічильники: БЕЗ НОМЕРА - 2 шт., вартість: 600 грн., примітки: 8-13 додано до БД користувачем [Коваль Людмила].
[2025-03-14T15:00:05.932] [INFO] DataBase - У заявці Повірка від 14 березня 2025 р. за адресою просп. Перемоги, буд. 184, кв. 244 додано виконавця ЗАПЛАНОВАНІ та додано дату виконання 7 квітня 2025 р. користувачем [Коваль Людмила].
[14-Mar-2025 15:45:21 Europe/Helsinki] NewDATA [INFO] Новий лічильник номер: 205438, тип: КВ-1,5 => DN 15, рік випуску: 2003, показники: 0, балансоутримувач: КП "ВДК" додано до БД користувачем [Коваль Людмила].
[14-Mar-2025 15:45:23 Europe/Helsinki] EditDATA [INFO] За адресою просп. Миру, буд. 207, корп. А, кв. 32 користувачем [Коваль Людмила] було додано лічильники: 205438].
[14-Mar-2025 15:47:01 Europe/Helsinki] NewDATA [INFO] Новий лічильник номер: 108454, тип: КВ-1,5 => DN 15, рік випуску: 2007, показники: 0, балансоутримувач: КП "ВДК" додано до БД користувачем [Коваль Людмила].
[14-Mar-2025 15:47:21 Europe/Helsinki] NewDATA [INFO] Новий лічильник номер: 006446, тип: КВ-1,5 => DN 15, рік випуску: 2007, показники: 0, балансоутримувач: АТ "ОТКЕ" додано до БД користувачем [Коваль Людмила].
[14-Mar-2025 15:47:24 Europe/Helsinki] EditDATA [INFO] За адресою вул. Рятувальників, буд. 35, кв. 35 користувачем [Коваль Людмила] було додано лічильники: 108454, 006446].
[14-Mar-2025 15:48:07 Europe/Helsinki] NewDATA [INFO] Новий лічильник номер: 103736, тип: КВ-1,5 => DN 15, рік випуску: 2007, показники: 0, балансоутримувач: КП "ВДК" додано до БД користувачем [Коваль Людмила].
[14-Mar-2025 15:48:42 Europe/Helsinki] NewDATA [INFO] Новий лічильник номер: 12020117, тип: Sensus => DN 15, рік випуску: 2020, показники: 0, балансоутримувач: АТ "ОТКЕ" додано до БД користувачем [Коваль Людмила].
[14-Mar-2025 15:48:46 Europe/Helsinki] EditDATA [INFO] За адресою вул. Рятувальників, буд. 35, кв. 36 користувачем [Коваль Людмила] було додано лічильники: 103736, 12020117].
[14-Mar-2025 15:49:29 Europe/Helsinki] NewDATA [INFO] Новий лічильник номер: 12284621, тип: Sensus => DN 15, рік випуску: 2021, показники: 0, балансоутримувач: КП "ВДК" додано до БД користувачем [Коваль Людмила].
[14-Mar-2025 15:49:54 Europe/Helsinki] NewDATA [INFO] Новий лічильник номер: 029014, тип: КВ-1,5 => DN 15, рік випуску: 1998, показники: 0, балансоутримувач: АТ "ОТКЕ" додано до БД користувачем [Коваль Людмила].
[14-Mar-2025 15:49:55 Europe/Helsinki] EditDATA [INFO] За адресою просп. Миру, буд. 180, корп. А, кв. 13 користувачем [Коваль Людмила] було додано лічильники: 12284621, 029014].
[14-Mar-2025 15:50:30 Europe/Helsinki] NewDATA [INFO] Новий лічильник номер: 051488, тип: КВ-1,5 => DN 15, рік випуску: 2020, показники: 0, балансоутримувач: КП "ВДК" додано до БД користувачем [Коваль Людмила].
[14-Mar-2025 15:50:56 Europe/Helsinki] NewDATA [INFO] Новий лічильник номер: 08150910, тип: E-T 1,5-U => DN 15, рік випуску: 2008, показники: 0, балансоутримувач: АТ "ОТКЕ" додано до БД користувачем [Коваль Людмила].
[14-Mar-2025 15:50:58 Europe/Helsinki] EditDATA [INFO] За адресою вул. Мстиславська, буд. 175, кв. 83 користувачем [Коваль Людмила] було додано лічильники: 051488, 08150910].

