[14-Jul-2025 08:44:51 Europe/Helsinki] EditDATA [INFO] Для заявки Повірка від 08.07.2025 користувачем [Коваль Людмила] змінено виконавця з ЗАПЛАНОВАНІ на Сірий.
[14-Jul-2025 08:45:02 Europe/Helsinki] EditDATA [INFO] Для заявки Повірка від 11.07.2025 користувачем [Коваль Людмила] змінено виконавця з ЗАПЛАНОВАНІ на Сірий.
[14-Jul-2025 08:45:15 Europe/Helsinki] EditDATA [INFO] Для заявки Повірка від 08.07.2025 користувачем [Коваль Людмила] змінено виконавця з ЗАПЛАНОВАНІ на Сірий.
[14-Jul-2025 09:11:03 Europe/Helsinki] NewDATA [INFO] Нова адреса вул. Генерала Пухова, буд. 129, корп. 3, кв. 14, тел. +38 (099) 529-00-18 додана до БД користувачем [Коваль Людмила].
[14-Jul-2025 09:11:33 Europe/Helsinki] NewDATA [INFO] Нова заявка Повірка, адреса: вул. Генерала Пухова 129 корпус 3, кв. 14, лічильники: БЕЗ НОМЕРА - 2 шт., вартість: 700 грн., примітки: 13-17 додано до БД користувачем [Коваль Людмила].
[2025-07-14T09:11:38.562] [INFO] DataBase - У заявці Повірка від 14 липня 2025 р. за адресою вул. Генерала Пухова, буд. 129, корп. 3, кв. 14 додано виконавця ЗАПЛАНОВАНІ та додано дату виконання 16 липня 2025 р. користувачем [Коваль Людмила].
[14-Jul-2025 09:12:20 Europe/Helsinki] NewDATA [INFO] Нова адреса вул. Коцюбинського, буд. 81, кв. 15, тел. +38 (096) 704-69-27 додана до БД користувачем [Коваль Людмила].
[14-Jul-2025 09:15:52 Europe/Helsinki] NewDATA [INFO] Нова заявка Повірка, адреса: вул. Коцюбинського 81, кв. 15, лічильники: БЕЗ НОМЕРА - 2 шт., вартість: 700 грн., примітки: 8-13,пер.за час додано до БД користувачем [Коваль Людмила].
[2025-07-14T09:16:01.714] [INFO] DataBase - У заявці Повірка від 14 липня 2025 р. за адресою вул. Коцюбинського, буд. 81, кв. 15 додано виконавця ЗАПЛАНОВАНІ та додано дату виконання 16 липня 2025 р. користувачем [Коваль Людмила].
[14-Jul-2025 09:19:26 Europe/Helsinki] EditDATA [INFO] За адресою вул. Мстиславська 132 корпус А, кв. 50 користувачем [Коваль Людмила] змінені номери телефонів з +38(063)887-33-42 на +38(096)098-81-47, при створенні нової заявки [Повірка] від 14.07.2025.
[14-Jul-2025 09:19:26 Europe/Helsinki] NewDATA [INFO] Нова заявка Повірка, адреса: вул. Мстиславська 132 корпус А, кв. 50, лічильники: БЕЗ НОМЕРА - 2 шт., вартість: 700 грн., примітки: 2 хол.8-13 додано до БД користувачем [Коваль Людмила].
[2025-07-14T09:19:38.245] [INFO] DataBase - У заявці Повірка від 14 липня 2025 р. за адресою вул. Мстиславська, буд. 132, корп. А, кв. 50 додано виконавця ЗАПЛАНОВАНІ та додано дату виконання 21 липня 2025 р. користувачем [Коваль Людмила].
[14-Jul-2025 09:20:45 Europe/Helsinki] NewDATA [INFO] Нова адреса просп. Перемоги, буд. 147, кв. 119, тел. +38 (096) 700-74-51 додана до БД користувачем [Коваль Людмила].
[14-Jul-2025 09:21:40 Europe/Helsinki] NewDATA [INFO] Нова заявка Повірка, адреса: просп. Перемоги 147, кв. 119, лічильники: БЕЗ НОМЕРА - 2 шт., вартість: 700 грн., примітки: 10-14,2 хол.пер.за час додано до БД користувачем [Коваль Людмила].
[2025-07-14T09:21:45.254] [INFO] DataBase - У заявці Повірка від 14 липня 2025 р. за адресою просп. Перемоги, буд. 147, кв. 119 додано виконавця ЗАПЛАНОВАНІ та додано дату виконання 16 липня 2025 р. користувачем [Коваль Людмила].
[14-Jul-2025 09:25:36 Europe/Helsinki] EditDATA [INFO] За адресою вул. Нафтовиків 7, кв. 16 користувачем [Сусло Тетяна] змінені номери телефонів з +38(093)730-42-02 на +38(073)478-20-65, при створенні нової заявки [Заміна] від 14.07.2025.
[14-Jul-2025 09:25:36 Europe/Helsinki] NewDATA [INFO] Нова заявка Заміна, адреса: вул. Нафтовиків 7, кв. 16, лічильники: 031137, БЕЗ НОМЕРА - 1 шт., виконавець: Баранов, вартість: 2200 грн., примітки: 8-13, хв,гв додано до БД користувачем [Сусло Тетяна].
[2025-07-14T09:25:39.157] [INFO] DataBase - У заявці Заміна від 14 липня 2025 р. за адресою вул. Нафтовиків, буд. 7, кв. 16 додано дату виконання 16 липня 2025 р. користувачем [Сусло Тетяна].
[14-Jul-2025 09:53:05 Europe/Helsinki] NewDATA [INFO] Нова адреса вул. Захисників України, буд. 1, кв. 42, тел. +38 (093) 362-64-54 додана до БД користувачем [Сусло Тетяна].
[14-Jul-2025 09:53:43 Europe/Helsinki] NewDATA [INFO] Нова заявка Повірка, адреса: вул. Захисників України 1, кв. 42, лічильники: БЕЗ НОМЕРА - 1 шт., вартість: 350 грн., примітки: 13-17, код 247 додано до БД користувачем [Сусло Тетяна].
[2025-07-14T09:53:47.760] [INFO] DataBase - У заявці Повірка від 14 липня 2025 р. за адресою вул. Захисників України, буд. 1, кв. 42 додано виконавця ЗАПЛАНОВАНІ та додано дату виконання 16 липня 2025 р. користувачем [Сусло Тетяна].
[14-Jul-2025 10:06:28 Europe/Helsinki] NewDATA [INFO] Нова адреса вул. Верьовки Григорія, буд. 12, кв. 56, тел. +38 (073) 227-53-75 додана до БД користувачем [Коваль Людмила].
[14-Jul-2025 10:13:33 Europe/Helsinki] NewDATA [INFO] Нова заявка Повірка, адреса: вул. Верьовки Григорія 12, кв. 56, лічильники: БЕЗ НОМЕРА - 2 шт., вартість: 700 грн. додано до БД користувачем [Коваль Людмила].
[2025-07-14T10:13:36.432] [INFO] DataBase - У заявці Повірка від 14 липня 2025 р. за адресою вул. Верьовки Григорія, буд. 12, кв. 56 додано виконавця Шкуліпа та додано дату виконання 14 липня 2025 р. користувачем [Коваль Людмила].
[14-Jul-2025 10:14:24 Europe/Helsinki] NewDATA [INFO] Нова адреса просп. Левка Лукяненка, буд. 6, корп. А, кв. 161, тел. +38 (063) 818-27-43 додана до БД користувачем [Сусло Тетяна].
[14-Jul-2025 10:14:27 Europe/Helsinki] NewDATA [INFO] Нова адреса вул. Шевченка, буд. 108, кв. 12, тел. +38 (093) 107-54-67 додана до БД користувачем [Коваль Людмила].
[14-Jul-2025 10:14:46 Europe/Helsinki] NewDATA [INFO] Нова заявка Повірка, адреса: просп. Левка Лукяненка 6 корпус А, кв. 161, лічильники: БЕЗ НОМЕРА - 2 шт., вартість: 700 грн., примітки: 8-13 додано до БД користувачем [Сусло Тетяна].
[2025-07-14T10:14:49.450] [INFO] DataBase - У заявці Повірка від 14 липня 2025 р. за адресою просп. Левка Лукяненка, буд. 6, корп. А, кв. 161 додано виконавця ЗАПЛАНОВАНІ та додано дату виконання 22 липня 2025 р. користувачем [Сусло Тетяна].
[14-Jul-2025 10:15:12 Europe/Helsinki] NewDATA [INFO] Нова заявка Повірка, адреса: вул. Шевченка 108, кв. 12, лічильники: БЕЗ НОМЕРА - 4 шт., вартість: 1400 грн., примітки: 13-17,пер.за 30 хв. додано до БД користувачем [Коваль Людмила].
[2025-07-14T10:15:17.483] [INFO] DataBase - У заявці Повірка від 14 липня 2025 р. за адресою вул. Шевченка, буд. 108, кв. 12 додано виконавця ЗАПЛАНОВАНІ та додано дату виконання 16 липня 2025 р. користувачем [Коваль Людмила].
[14-Jul-2025 10:15:54 Europe/Helsinki] NewDATA [INFO] Нова адреса вул. Самоквасова Дмитра, буд. 9, кв. 104, тел. +38 (063) 191-55-02 додана до БД користувачем [Коваль Людмила].
[14-Jul-2025 10:16:25 Europe/Helsinki] NewDATA [INFO] Нова заявка Повірка, адреса: вул. Самоквасова Дмитра 9, кв. 104, лічильники: БЕЗ НОМЕРА - 2 шт., вартість: 700 грн., примітки: 8-13 додано до БД користувачем [Коваль Людмила].
[2025-07-14T10:16:29.884] [INFO] DataBase - У заявці Повірка від 14 липня 2025 р. за адресою вул. Самоквасова Дмитра, буд. 9, кв. 104 додано виконавця ЗАПЛАНОВАНІ та додано дату виконання 16 липня 2025 р. користувачем [Коваль Людмила].
[14-Jul-2025 10:17:13 Europe/Helsinki] NewDATA [INFO] Нова адреса вул. Красносільського, буд. 71, кв. 41, тел. +38 (066) 359-01-52 додана до БД користувачем [Коваль Людмила].
[14-Jul-2025 10:17:38 Europe/Helsinki] NewDATA [INFO] Нова адреса просп. Левка Лукяненка, буд. 58, корп. А, кв. 67, тел. +38 (097) 243-69-82 додана до БД користувачем [Сусло Тетяна].
[14-Jul-2025 10:17:39 Europe/Helsinki] NewDATA [INFO] Нова заявка Повірка, адреса: вул. Красносільського 71, кв. 41, лічильники: БЕЗ НОМЕРА - 2 шт., вартість: 700 грн., примітки: 8-13 додано до БД користувачем [Коваль Людмила].
[2025-07-14T10:17:44.895] [INFO] DataBase - У заявці Повірка від 14 липня 2025 р. за адресою вул. Красносільського, буд. 71, кв. 41 додано виконавця ЗАПЛАНОВАНІ та додано дату виконання 21 липня 2025 р. користувачем [Коваль Людмила].
[14-Jul-2025 10:18:13 Europe/Helsinki] NewDATA [INFO] Нова заявка Повірка, адреса: просп. Левка Лукяненка 58 корпус А, кв. 67, лічильники: БЕЗ НОМЕРА - 1 шт., вартість: 350 грн., примітки: 8-13, за 1 год, дом. не працює,гв додано до БД користувачем [Сусло Тетяна].
[2025-07-14T10:18:17.378] [INFO] DataBase - У заявці Повірка від 14 липня 2025 р. за адресою просп. Левка Лукяненка, буд. 58, корп. А, кв. 67 додано виконавця ЗАПЛАНОВАНІ та додано дату виконання 22 липня 2025 р. користувачем [Сусло Тетяна].
[14-Jul-2025 10:19:51 Europe/Helsinki] NewDATA [INFO] Нова адреса вул. Котляревського, буд. 15, кв. 53, тел. +38 (096) 296-00-61 додана до БД користувачем [Коваль Людмила].
[14-Jul-2025 10:20:36 Europe/Helsinki] EditDATA [INFO] За адресою вул. Котляревського 15, кв. 53 користувачем [Коваль Людмила] змінені номери телефонів з +38(096)296-00-61 на +38(096)296-00-61, +38(050)224-48-52, при створенні нової заявки [Повірка] від 14.07.2025.
[14-Jul-2025 10:20:36 Europe/Helsinki] NewDATA [INFO] Нова заявка Повірка, адреса: вул. Котляревського 15, кв. 53, лічильники: БЕЗ НОМЕРА - 2 шт., вартість: 660 грн., примітки: 8-13 додано до БД користувачем [Коваль Людмила].
[2025-07-14T10:20:41.034] [INFO] DataBase - У заявці Повірка від 14 липня 2025 р. за адресою вул. Котляревського, буд. 15, кв. 53 додано виконавця ЗАПЛАНОВАНІ та додано дату виконання 22 липня 2025 р. користувачем [Коваль Людмила].
[14-Jul-2025 10:21:21 Europe/Helsinki] NewDATA [INFO] Нова адреса вул. Тероборони, буд. 26, кв. 7, тел. +38 (095) 826-44-24 додана до БД користувачем [Коваль Людмила].
[14-Jul-2025 10:21:52 Europe/Helsinki] NewDATA [INFO] Нова заявка Повірка, адреса: вул. Тероборони 26, кв. 7, лічильники: БЕЗ НОМЕРА - 1 шт., вартість: 350 грн., примітки: 13-17,пер.за час додано до БД користувачем [Коваль Людмила].
[2025-07-14T10:21:56.737] [INFO] DataBase - У заявці Повірка від 14 липня 2025 р. за адресою вул. Тероборони, буд. 26, кв. 7 додано виконавця ЗАПЛАНОВАНІ та додано дату виконання 16 липня 2025 р. користувачем [Коваль Людмила].
[14-Jul-2025 10:22:40 Europe/Helsinki] NewDATA [INFO] Нова адреса вул. Пятницька, буд. 53, кв. 39, тел. +38 (066) 137-79-82 додана до БД користувачем [Коваль Людмила].
[14-Jul-2025 10:23:19 Europe/Helsinki] NewDATA [INFO] Нова заявка Повірка, адреса: вул. Пятницька 53, кв. 39, лічильники: БЕЗ НОМЕРА - 2 шт., вартість: 700 грн., примітки: 8-13,пер.за час додано до БД користувачем [Коваль Людмила].
[14-Jul-2025 10:23:21 Europe/Helsinki] NewDATA [INFO] Нова заявка Повірка, адреса: вул. Рятувальників 3, кв. 29, лічильники: БЕЗ НОМЕРА - 1 шт., вартість: 350 грн., примітки: за 1 год додано до БД користувачем [Сусло Тетяна].
[2025-07-14T10:23:24.920] [INFO] DataBase - У заявці Повірка від 14 липня 2025 р. за адресою вул. Пятницька, буд. 53, кв. 39 додано виконавця ЗАПЛАНОВАНІ та додано дату виконання 16 липня 2025 р. користувачем [Коваль Людмила].
[2025-07-14T10:23:25.293] [INFO] DataBase - У заявці Повірка від 14 липня 2025 р. за адресою вул. Рятувальників, буд. 3, кв. 29 додано виконавця ЗАПЛАНОВАНІ та додано дату виконання 17 липня 2025 р. користувачем [Сусло Тетяна].
[14-Jul-2025 10:23:44 Europe/Helsinki] EditDATA [INFO] Для заявки Повірка від 01.07.2025 користувачем [Коваль Людмила] змінено виконавця з ЗАПЛАНОВАНІ на Сірий.
[14-Jul-2025 10:24:08 Europe/Helsinki] EditDATA [INFO] Для заявки Повірка від 02.07.2025 користувачем [Коваль Людмила] змінено виконавця з ЗАПЛАНОВАНІ на Сірий.
[14-Jul-2025 10:24:33 Europe/Helsinki] EditDATA [INFO] Для заявки Повірка від 25.06.2025 користувачем [Коваль Людмила] змінено виконавця з ЗАПЛАНОВАНІ на Шкуліпа.
[14-Jul-2025 10:24:46 Europe/Helsinki] EditDATA [INFO] Для заявки Повірка від 07.07.2025 користувачем [Коваль Людмила] змінено виконавця з ЗАПЛАНОВАНІ на Шкуліпа.
[14-Jul-2025 10:24:58 Europe/Helsinki] EditDATA [INFO] Для заявки Повірка від 07.07.2025 користувачем [Коваль Людмила] змінено виконавця з ЗАПЛАНОВАНІ на Шкуліпа.
[14-Jul-2025 10:25:10 Europe/Helsinki] EditDATA [INFO] Для заявки Повірка від 10.07.2025 користувачем [Коваль Людмила] змінено виконавця з ЗАПЛАНОВАНІ на Шкуліпа.
[14-Jul-2025 10:25:19 Europe/Helsinki] EditDATA [INFO] Для заявки Повірка від 11.07.2025 користувачем [Коваль Людмила] змінено виконавця з ЗАПЛАНОВАНІ на Шкуліпа.
[14-Jul-2025 10:26:18 Europe/Helsinki] EditDATA [INFO] Для заявки Повірка від 07.07.2025 користувачем [Коваль Людмила] змінено виконавця з ЗАПЛАНОВАНІ на Сірий.
[14-Jul-2025 10:27:41 Europe/Helsinki] EditDATA [INFO] Для заявки Повірка від 07.07.2025 користувачем [Коваль Людмила] змінено виконавця з ЗАПЛАНОВАНІ на Сірий.
[14-Jul-2025 10:28:10 Europe/Helsinki] EditDATA [INFO] Для заявки Повірка від 03.07.2025 користувачем [Коваль Людмила] змінено виконавця з ЗАПЛАНОВАНІ на Шкуліпа.
[14-Jul-2025 10:28:19 Europe/Helsinki] EditDATA [INFO] Для заявки Повірка від 10.07.2025 користувачем [Коваль Людмила] змінено виконавця з ЗАПЛАНОВАНІ на Шкуліпа.
[14-Jul-2025 10:28:29 Europe/Helsinki] EditDATA [INFO] Для заявки Повірка від 10.07.2025 користувачем [Коваль Людмила] змінено виконавця з ЗАПЛАНОВАНІ на Шкуліпа.
[14-Jul-2025 10:29:10 Europe/Helsinki] EditDATA [INFO] Для заявки Повірка від 11.07.2025 користувачем [Коваль Людмила] змінено виконавця з ЗАПЛАНОВАНІ на Шкуліпа.
[14-Jul-2025 10:29:22 Europe/Helsinki] EditDATA [INFO] Для заявки Повірка від 09.07.2025 користувачем [Коваль Людмила] змінено виконавця з ЗАПЛАНОВАНІ на Шкуліпа.
[2025-07-14T10:44:31.222] [INFO] DataBase - У заявці Заміна від 14 липня 2025 р. за адресою вул. Нафтовиків, буд. 7, кв. 16 видалено виконавця Баранов та видалено дату виконання 16 липня 2025 р. користувачем [Сусло Тетяна].
[2025-07-14T10:44:34.486] [INFO] DataBase - У заявці Заміна від 14 липня 2025 р. за адресою вул. Нафтовиків, буд. 7, кв. 16 додано виконавця Баранов та додано дату виконання 17 липня 2025 р. користувачем [Сусло Тетяна].
[14-Jul-2025 11:00:38 Europe/Helsinki] NewDATA [INFO] Нова адреса вул. 1-ої танкової бригади, буд. 30, корп. 1, кв. 24, тел. +38 (063) 653-77-40 додана до БД користувачем [Сусло Тетяна].
[14-Jul-2025 11:01:45 Europe/Helsinki] NewDATA [INFO] Нова заявка Повірка, адреса: вул. 1-ої танкової бригади 30 корпус 1, кв. 24, лічильники: БЕЗ НОМЕРА - 1 шт., вартість: 350 грн., примітки: 12-16, потім в село на автобус, гв додано до БД користувачем [Сусло Тетяна].
[2025-07-14T11:01:51.977] [INFO] DataBase - У заявці Повірка від 14 липня 2025 р. за адресою вул. 1-ої танкової бригади, буд. 30, корп. 1, кв. 24 додано виконавця ЗАПЛАНОВАНІ та додано дату виконання 16 липня 2025 р. користувачем [Сусло Тетяна].
[14-Jul-2025 11:02:27 Europe/Helsinki] NewDATA [INFO] Нова заявка Заміна, адреса: вул. 1-ої танкової бригади 30 корпус 1, кв. 24, лічильники: БЕЗ НОМЕРА - 1 шт., виконавець: Баранов, вартість: 1100 грн., примітки: 10-15, хв додано до БД користувачем [Сусло Тетяна].
[2025-07-14T11:02:36.522] [INFO] DataBase - У заявці Заміна від 14 липня 2025 р. за адресою вул. 1-ої танкової бригади, буд. 30, корп. 1, кв. 24 додано дату виконання 16 липня 2025 р. користувачем [Сусло Тетяна].
[14-Jul-2025 11:27:34 Europe/Helsinki] EditDATA [INFO] За адресою вул. 1-ї Гвардійської Армії 4, кв. 196 користувачем [Сусло Тетяна] змінені номери телефонів з +38(096)249-54-79 на +38(096)249-54-79, +38(099)481-80-59, при створенні нової заявки [Заміна] від 14.07.2025.
[14-Jul-2025 11:27:34 Europe/Helsinki] NewDATA [INFO] Нова заявка Заміна, адреса: вул. 1-ї Гвардійської Армії 4, кв. 196, лічильники: БЕЗ НОМЕРА - 2 шт., виконавець: Баранов, вартість: 2200 грн., примітки: 8-13, 2 гв, кухня, св додано до БД користувачем [Сусло Тетяна].
[2025-07-14T11:27:37.060] [INFO] DataBase - У заявці Заміна від 14 липня 2025 р. за адресою вул. 1-ї Гвардійської Армії, буд. 4, кв. 196 додано дату виконання 15 липня 2025 р. користувачем [Сусло Тетяна].
[14-Jul-2025 11:28:40 Europe/Helsinki] EditDATA [INFO] За адресою просп. Миру 80, кв. 150 користувачем [Сусло Тетяна] змінені номери телефонів з +38(066)104-37-64, +38(095)536-46-75 на +38(073)067-17-53, при створенні нової заявки [Повірка] від 14.07.2025.
[14-Jul-2025 11:28:40 Europe/Helsinki] NewDATA [INFO] Нова заявка Повірка, адреса: просп. Миру 80, кв. 150, лічильники: БЕЗ НОМЕРА - 2 шт., вартість: 700 грн., примітки: 8-13, за 1-1,5 год додано до БД користувачем [Сусло Тетяна].
[2025-07-14T11:28:44.172] [INFO] DataBase - У заявці Повірка від 14 липня 2025 р. за адресою просп. Миру, буд. 80, кв. 150 додано виконавця ЗАПЛАНОВАНІ та додано дату виконання 22 липня 2025 р. користувачем [Сусло Тетяна].
[14-Jul-2025 13:28:11 Europe/Helsinki] DellTASK [INFO] Повірка від 08.07.2025 для адреси вул. Мацієвського Олександра, буд. 6, кв. 16 для лічильника БЕЗ НОМЕРА - 2 шт. було завершено користувачем [Коваль Людмила] з коментарем: не виконано.відмова.
[14-Jul-2025 14:17:52 Europe/Helsinki] NewDATA [INFO] Нова адреса просп. Миру, буд. 253, кв. 103, тел. +38 (063) 800-79-93 додана до БД користувачем [Коваль Людмила].
[14-Jul-2025 14:18:26 Europe/Helsinki] NewDATA [INFO] Нова заявка Повірка, адреса: просп. Миру 253, кв. 103, лічильники: БЕЗ НОМЕРА - 2 шт., вартість: 700 грн., примітки: 8-13 додано до БД користувачем [Коваль Людмила].
[2025-07-14T14:18:30.057] [INFO] DataBase - У заявці Повірка від 14 липня 2025 р. за адресою просп. Миру, буд. 253, кв. 103 додано виконавця ЗАПЛАНОВАНІ та додано дату виконання 24 липня 2025 р. користувачем [Коваль Людмила].
[2025-07-14T14:19:01.201] [INFO] DataBase - У заявці Повірка від 2 липня 2025 р. за адресою вул. Мазепи Івана, буд. 43, кв. 16 видалено виконавця Шкуліпа та видалено дату виконання 10 липня 2025 р. користувачем [Сусло Тетяна].
[2025-07-14T14:19:10.346] [INFO] DataBase - У заявці Повірка від 2 липня 2025 р. за адресою вул. Мазепи Івана, буд. 43, кв. 16 додано виконавця ЗАПЛАНОВАНІ та додано дату виконання 18 липня 2025 р. користувачем [Сусло Тетяна].
[14-Jul-2025 14:19:29 Europe/Helsinki] EditDATA [INFO] Для заявки Повірка від 02.07.2025 користувачем [Сусло Тетяна] змінено примітки з 13-17, гв на 8-13, за 30 хв, гв.
[14-Jul-2025 14:20:03 Europe/Helsinki] EditDATA [INFO] Для заявки Повірка від 02.07.2025 користувачем [Коваль Людмила] змінено примітки з 8-13, за 30 хв, гв на 8-13, за 30 хв, гв,0500131673.
[14-Jul-2025 14:21:02 Europe/Helsinki] EditDATA [INFO] За адресою вул. Громадська 19, кв. 8 користувачем [Коваль Людмила] додано номер телефону +38(097)529-68-57, при створенні нової заявки [Повірка] від 14.07.2025.
[14-Jul-2025 14:21:03 Europe/Helsinki] NewDATA [INFO] Нова заявка Повірка, адреса: вул. Громадська 19, кв. 8, лічильники: БЕЗ НОМЕРА - 2 шт., вартість: 700 грн., примітки: 9-13,пер.за 30 хв. додано до БД користувачем [Коваль Людмила].
[2025-07-14T14:21:06.658] [INFO] DataBase - У заявці Повірка від 14 липня 2025 р. за адресою вул. Громадська, буд. 19, кв. 8 додано виконавця ЗАПЛАНОВАНІ та додано дату виконання 23 липня 2025 р. користувачем [Коваль Людмила].
[14-Jul-2025 14:22:35 Europe/Helsinki] NewDATA [INFO] Нова адреса просп. Грушевського Михайла, буд. 165, корп. 1, кв. 71, тел. +38 (096) 547-65-28 додана до БД користувачем [Коваль Людмила].
[14-Jul-2025 14:23:14 Europe/Helsinki] NewDATA [INFO] Нова заявка Повірка, адреса: просп. Грушевського Михайла 165 корпус 1, кв. 71, лічильники: БЕЗ НОМЕРА - 2 шт., вартість: 700 грн., примітки: 13-17,пер.за час додано до БД користувачем [Коваль Людмила].
[2025-07-14T14:23:17.635] [INFO] DataBase - У заявці Повірка від 14 липня 2025 р. за адресою просп. Грушевського Михайла, буд. 165, корп. 1, кв. 71 додано виконавця ЗАПЛАНОВАНІ та додано дату виконання 16 липня 2025 р. користувачем [Коваль Людмила].
[14-Jul-2025 14:27:02 Europe/Helsinki] NewDATA [INFO] Нова адреса вул. Незалежності, буд. 16, кв. 35, тел. +38 (067) 782-84-58 додана до БД користувачем [Коваль Людмила].
[14-Jul-2025 14:27:31 Europe/Helsinki] NewDATA [INFO] Нова заявка Повірка, адреса: вул. Незалежності 16, кв. 35, лічильники: БЕЗ НОМЕРА - 2 шт., вартість: 700 грн., примітки: 8-13 додано до БД користувачем [Коваль Людмила].
[2025-07-14T14:27:35.665] [INFO] DataBase - У заявці Повірка від 14 липня 2025 р. за адресою вул. Незалежності, буд. 16, кв. 35 додано виконавця ЗАПЛАНОВАНІ та додано дату виконання 25 серпня 2025 р. користувачем [Коваль Людмила].
[14-Jul-2025 14:32:11 Europe/Helsinki] NewDATA [INFO] Нова адреса вул. 1-ої танкової бригади, буд. 23, корп. 1, кв. 53, тел. +38 (097) 855-55-70 додана до БД користувачем [Коваль Людмила].
[14-Jul-2025 14:32:46 Europe/Helsinki] NewDATA [INFO] Нова заявка Повірка, адреса: вул. 1-ої танкової бригади 23 корпус 1, кв. 53, лічильники: БЕЗ НОМЕРА - 2 шт., вартість: 700 грн., примітки: 12-16,пер.за час додано до БД користувачем [Коваль Людмила].
[2025-07-14T14:33:00.539] [INFO] DataBase - У заявці Повірка від 14 липня 2025 р. за адресою вул. 1-ої танкової бригади, буд. 23, корп. 1, кв. 53 додано виконавця ЗАПЛАНОВАНІ та додано дату виконання 16 липня 2025 р. користувачем [Коваль Людмила].
[14-Jul-2025 14:33:42 Europe/Helsinki] NewDATA [INFO] Нова адреса вул. 1-ої танкової бригади, буд. 30, корп. 3, кв. 44, тел. +38 (063) 606-32-97 додана до БД користувачем [Коваль Людмила].
[14-Jul-2025 14:34:11 Europe/Helsinki] NewDATA [INFO] Нова заявка Повірка, адреса: вул. 1-ої танкової бригади 30 корпус 3, кв. 44, лічильники: БЕЗ НОМЕРА - 2 шт., вартість: 700 грн., примітки: 12-16,пер.за час додано до БД користувачем [Коваль Людмила].
[2025-07-14T14:34:14.817] [INFO] DataBase - У заявці Повірка від 14 липня 2025 р. за адресою вул. 1-ої танкової бригади, буд. 30, корп. 3, кв. 44 додано виконавця ЗАПЛАНОВАНІ та додано дату виконання 16 липня 2025 р. користувачем [Коваль Людмила].
[14-Jul-2025 14:35:06 Europe/Helsinki] DellTASK [INFO] Повірка від 10.07.2025 для адреси вул. Нафтовиків, буд. 6, кв. 1 для лічильника БЕЗ НОМЕРА - 2 шт. було завершено користувачем [Коваль Людмила] з коментарем: відмова абон..
[14-Jul-2025 14:35:26 Europe/Helsinki] DellTASK [INFO] Повірка від 09.07.2025 для адреси вул. Незалежності, буд. 82, кв. 117 для лічильника БЕЗ НОМЕРА - 1 шт. було завершено користувачем [Коваль Людмила] з коментарем: виконано.
[14-Jul-2025 14:35:41 Europe/Helsinki] DellTASK [INFO] Повірка від 09.07.2025 для адреси вул. Незалежності, буд. 40, кв. 53 для лічильника БЕЗ НОМЕРА - 2 шт. було завершено користувачем [Коваль Людмила] з коментарем: виконано.
[14-Jul-2025 14:35:58 Europe/Helsinki] DellTASK [INFO] Повірка від 09.07.2025 для адреси вул. Незалежності, буд. 22, кв. 32 для лічильника БЕЗ НОМЕРА - 1 шт. було завершено користувачем [Коваль Людмила] з коментарем: виконано.
[14-Jul-2025 14:36:18 Europe/Helsinki] DellTASK [INFO] Повірка від 08.07.2025 для адреси вул. Незалежності, буд. 78, кв. 49 для лічильника БЕЗ НОМЕРА - 1 шт. було завершено користувачем [Коваль Людмила] з коментарем: виконано.
[14-Jul-2025 14:36:33 Europe/Helsinki] DellTASK [INFO] Повірка від 07.07.2025 для адреси вул. Чорновола Вячеслава, буд. 13, кв. 63 для лічильника БЕЗ НОМЕРА - 2 шт. було завершено користувачем [Коваль Людмила] з коментарем: виконано.
[14-Jul-2025 14:36:47 Europe/Helsinki] DellTASK [INFO] Повірка від 04.07.2025 для адреси вул. Незалежності, буд. 18, кв. 67 для лічильника БЕЗ НОМЕРА - 2 шт. було завершено користувачем [Коваль Людмила] з коментарем: виконано.
[14-Jul-2025 14:37:00 Europe/Helsinki] DellTASK [INFO] Повірка від 25.06.2025 для адреси вул. Красносільського, буд. 75, кв. 42 для лічильника БЕЗ НОМЕРА - 2 шт. було завершено користувачем [Коваль Людмила] з коментарем: виконано.
[14-Jul-2025 14:37:13 Europe/Helsinki] DellTASK [INFO] Повірка від 21.05.2025 для адреси вул. Самострова, буд. 13, кв. 32 для лічильника БЕЗ НОМЕРА - 2 шт. було завершено користувачем [Коваль Людмила] з коментарем: виконано.
[14-Jul-2025 14:39:25 Europe/Helsinki] NewDATA [INFO] Новий лічильник номер: 094221, тип: КВ-1,5 => DN 15, рік випуску: 2004, показники: 0, балансоутримувач: КП "ВДК" додано до БД користувачем [Коваль Людмила].
[14-Jul-2025 14:39:46 Europe/Helsinki] NewDATA [INFO] Новий лічильник номер: 096507, тип: КВ-1,5 => DN 15, рік випуску: 2004, показники: 0, балансоутримувач: АТ "ОТКЕ" додано до БД користувачем [Коваль Людмила].
[14-Jul-2025 14:39:48 Europe/Helsinki] EditDATA [INFO] За адресою вул. Красносільського, буд. 75, кв. 42 користувачем [Коваль Людмила] було додано лічильники: 094221, 096507].
[14-Jul-2025 14:40:23 Europe/Helsinki] NewDATA [INFO] Новий лічильник номер: 011540, тип: КВ-1,5 => DN 15, рік випуску: 2004, показники: 0, балансоутримувач: АТ "ОТКЕ" додано до БД користувачем [Коваль Людмила].
[14-Jul-2025 14:40:25 Europe/Helsinki] EditDATA [INFO] За адресою вул. Незалежності, буд. 22, кв. 32 користувачем [Коваль Людмила] було додано лічильники: 011540].
[14-Jul-2025 14:40:58 Europe/Helsinki] NewDATA [INFO] Новий лічильник номер: 079449, тип: КВ-1,5 => DN 15, рік випуску: 2011, показники: 0, балансоутримувач: КП "ВДК" додано до БД користувачем [Коваль Людмила].
[14-Jul-2025 14:41:18 Europe/Helsinki] NewDATA [INFO] Новий лічильник номер: 066992, тип: КВ-1,5 => DN 15, рік випуску: 2011, показники: 0, балансоутримувач: АТ "ОТКЕ" додано до БД користувачем [Коваль Людмила].
[14-Jul-2025 14:41:20 Europe/Helsinki] EditDATA [INFO] За адресою вул. Незалежності, буд. 18, кв. 67 користувачем [Коваль Людмила] було додано лічильники: 079449, 066992].
[14-Jul-2025 14:41:55 Europe/Helsinki] NewDATA [INFO] Новий лічильник номер: 465045, тип: КВ-1,5 => DN 15, рік випуску: 2005, показники: 0, балансоутримувач: КП "ВДК" додано до БД користувачем [Коваль Людмила].
[14-Jul-2025 14:42:18 Europe/Helsinki] NewDATA [INFO] Новий лічильник номер: 686009, тип: КВ-1,5 => DN 15, рік випуску: 2003, показники: 0, балансоутримувач: АТ "ОТКЕ" додано до БД користувачем [Коваль Людмила].
[14-Jul-2025 14:42:20 Europe/Helsinki] EditDATA [INFO] За адресою вул. Незалежності, буд. 40, кв. 53 користувачем [Коваль Людмила] було додано лічильники: 465045, 686009].
[14-Jul-2025 14:42:56 Europe/Helsinki] NewDATA [INFO] Новий лічильник номер: 052784, тип: КВ-1,5 => DN 15, рік випуску: 2000, показники: 0, балансоутримувач: КП "ВДК" додано до БД користувачем [Коваль Людмила].
[14-Jul-2025 14:42:58 Europe/Helsinki] EditDATA [INFO] За адресою вул. Незалежності, буд. 78, кв. 49 користувачем [Коваль Людмила] було додано лічильники: 052784].
[14-Jul-2025 14:43:35 Europe/Helsinki] NewDATA [INFO] Новий лічильник номер: 449975, тип: КВ-1,5 => DN 15, рік випуску: 2008, показники: 0, балансоутримувач: АТ "ОТКЕ" додано до БД користувачем [Коваль Людмила].
[14-Jul-2025 14:43:37 Europe/Helsinki] EditDATA [INFO] За адресою вул. Незалежності, буд. 82, кв. 117 користувачем [Коваль Людмила] було додано лічильники: 449975].
[14-Jul-2025 14:44:41 Europe/Helsinki] NewDATA [INFO] Новий лічильник номер: 338661, тип: ETR-U => DN 15, рік випуску: 2000, показники: 0, балансоутримувач: КП "ВДК" додано до БД користувачем [Коваль Людмила].
[14-Jul-2025 14:45:03 Europe/Helsinki] NewDATA [INFO] Новий лічильник номер: 339737, тип: ETR-U => DN 15, рік випуску: 2000, показники: 0, балансоутримувач: КП "ТКЕ" додано до БД користувачем [Коваль Людмила].
[14-Jul-2025 14:45:05 Europe/Helsinki] EditDATA [INFO] За адресою вул. Чорновола Вячеслава, буд. 13, кв. 63 користувачем [Коваль Людмила] було додано лічильники: 338661, 339737].
[14-Jul-2025 14:46:37 Europe/Helsinki] NewDATA [INFO] Новий лічильник номер: 248213, тип: КВ-1,5 => DN 15, рік випуску: 2001, показники: 0, балансоутримувач: КП "ВДК" додано до БД користувачем [Коваль Людмила].
[14-Jul-2025 14:46:59 Europe/Helsinki] NewDATA [INFO] Новий лічильник номер: 171494, тип: КВ-1,5 => DN 15, рік випуску: 2004, показники: 0, балансоутримувач: КП "ТКЕ" додано до БД користувачем [Коваль Людмила].
[14-Jul-2025 14:47:01 Europe/Helsinki] EditDATA [INFO] За адресою вул. Самострова, буд. 13, кв. 32 користувачем [Коваль Людмила] було додано лічильники: 248213, 171494].
[14-Jul-2025 14:52:44 Europe/Helsinki] EditDATA [INFO] Для заявки Заміна від 10.07.2025 користувачем [Коваль Людмила] змінено примітки з 10-15, хв, св на 10-15, хв, св.пер.за 30 хв..
[14-Jul-2025 14:57:22 Europe/Helsinki] NewDATA [INFO] Нова адреса вул. Генерала Пухова, буд. 132, кв. 67, тел. +38 (068) 107-56-24 додана до БД користувачем [Сусло Тетяна].
[14-Jul-2025 14:57:52 Europe/Helsinki] NewDATA [INFO] Нова заявка Повірка, адреса: вул. Генерала Пухова 132, кв. 67, лічильники: БЕЗ НОМЕРА - 1 шт., вартість: 350 грн., примітки: 9.30-12, за 1 год, хв додано до БД користувачем [Сусло Тетяна].
[2025-07-14T14:57:55.667] [INFO] DataBase - У заявці Повірка від 14 липня 2025 р. за адресою вул. Генерала Пухова, буд. 132, кв. 67 додано виконавця ЗАПЛАНОВАНІ та додано дату виконання 28 липня 2025 р. користувачем [Сусло Тетяна].
[14-Jul-2025 14:58:43 Europe/Helsinki] NewDATA [INFO] Нова адреса просп. Левка Лукяненка, буд. 44, кв. 28, тел. +38 (063) 936-62-78 додана до БД користувачем [Сусло Тетяна].
[14-Jul-2025 15:00:35 Europe/Helsinki] NewDATA [INFO] Нова заявка Повірка, адреса: просп. Левка Лукяненка 44, кв. 28, лічильники: БЕЗ НОМЕРА - 1 шт., вартість: 350 грн., примітки: 13-17, за 30 хв, гв додано до БД користувачем [Сусло Тетяна].
[2025-07-14T15:00:38.581] [INFO] DataBase - У заявці Повірка від 14 липня 2025 р. за адресою просп. Левка Лукяненка, буд. 44, кв. 28 додано виконавця ЗАПЛАНОВАНІ та додано дату виконання 22 липня 2025 р. користувачем [Сусло Тетяна].
[14-Jul-2025 15:01:37 Europe/Helsinki] NewDATA [INFO] Нова адреса вул. Пантелеймонівська, буд. 35, корп. А, кв. 20, тел. +38 (093) 303-82-84 додана до БД користувачем [Сусло Тетяна].
[14-Jul-2025 15:02:15 Europe/Helsinki] NewDATA [INFO] Нова заявка Повірка, адреса: вул. Пантелеймонівська 35 корпус А, кв. 20, лічильники: БЕЗ НОМЕРА - 2 шт., вартість: 700 грн., примітки: 8-13, за 1 день нагадать додано до БД користувачем [Сусло Тетяна].
[2025-07-14T15:02:18.736] [INFO] DataBase - У заявці Повірка від 14 липня 2025 р. за адресою вул. Пантелеймонівська, буд. 35, корп. А, кв. 20 додано виконавця ЗАПЛАНОВАНІ та додано дату виконання 1 вересня 2025 р. користувачем [Сусло Тетяна].
[14-Jul-2025 15:03:07 Europe/Helsinki] NewDATA [INFO] Нова заявка Повірка, адреса: просп. Левка Лукяненка 44, кв. 28, лічильники: БЕЗ НОМЕРА - 1 шт., вартість: 350 грн., примітки: 13-17, за 30 хв додано до БД користувачем [Сусло Тетяна].
[2025-07-14T15:03:10.616] [INFO] DataBase - У заявці Повірка від 14 липня 2025 р. за адресою просп. Левка Лукяненка, буд. 44, кв. 28 додано виконавця ЗАПЛАНОВАНІ та додано дату виконання 22 липня 2025 р. користувачем [Сусло Тетяна].
[14-Jul-2025 15:03:22 Europe/Helsinki] DellTASK [INFO] Повірка від 14.07.2025 для адреси просп. Левка Лукяненка, буд. 44, кв. 28 для лічильника БЕЗ НОМЕРА - 1 шт. було відмінено користувачем [Сусло Тетяна] з коментарем: повтор.
[14-Jul-2025 15:04:11 Europe/Helsinki] NewDATA [INFO] Нова адреса вул. Незалежності, буд. 46, кв. 211, тел. +38 (093) 325-37-73 додана до БД користувачем [Сусло Тетяна].
[14-Jul-2025 15:04:37 Europe/Helsinki] NewDATA [INFO] Нова заявка Повірка, адреса: вул. Незалежності 46, кв. 211, лічильники: БЕЗ НОМЕРА - 1 шт., вартість: 350 грн., примітки: 8-13, за 1 день нагадать додано до БД користувачем [Сусло Тетяна].
[2025-07-14T15:04:40.816] [INFO] DataBase - У заявці Повірка від 14 липня 2025 р. за адресою вул. Незалежності, буд. 46, кв. 211 додано виконавця ЗАПЛАНОВАНІ та додано дату виконання 29 липня 2025 р. користувачем [Сусло Тетяна].
[14-Jul-2025 15:24:19 Europe/Helsinki] NewDATA [INFO] Нова адреса вул. 1-ї Гвардійської Армії, буд. 4, кв. 111, тел. +38 (097) 457-37-77 додана до БД користувачем [Сусло Тетяна].
[14-Jul-2025 15:24:58 Europe/Helsinki] NewDATA [INFO] Нова заявка Повірка, адреса: вул. 1-ї Гвардійської Армії 4, кв. 111, лічильники: БЕЗ НОМЕРА - 2 шт., вартість: 700 грн., примітки: 9-13, за 1 год, дом. не працює додано до БД користувачем [Сусло Тетяна].
[2025-07-14T15:25:01.525] [INFO] DataBase - У заявці Повірка від 14 липня 2025 р. за адресою вул. 1-ї Гвардійської Армії, буд. 4, кв. 111 додано виконавця ЗАПЛАНОВАНІ та додано дату виконання 18 липня 2025 р. користувачем [Сусло Тетяна].
[14-Jul-2025 15:25:36 Europe/Helsinki] NewDATA [INFO] Нова адреса вул. Захисників України, буд. 1, кв. 67, тел. +38 (068) 194-45-64 додана до БД користувачем [Сусло Тетяна].
[14-Jul-2025 15:26:04 Europe/Helsinki] NewDATA [INFO] Нова заявка Повірка, адреса: вул. Захисників України 1, кв. 67, лічильники: БЕЗ НОМЕРА - 2 шт., вартість: 700 грн., примітки: 13-17, дом. не прцює додано до БД користувачем [Сусло Тетяна].
[2025-07-14T15:26:09.038] [INFO] DataBase - У заявці Повірка від 14 липня 2025 р. за адресою вул. Захисників України, буд. 1, кв. 67 додано виконавця ЗАПЛАНОВАНІ та додано дату виконання 16 липня 2025 р. користувачем [Сусло Тетяна].
[14-Jul-2025 15:42:03 Europe/Helsinki] NewDATA [INFO] Нова заявка Заміна, адреса: просп. Левка Лукяненка 70, кв. 173, лічильники: 246554, виконавець: Баранов, вартість: 1100 грн., примітки: 9-13, хв, №246554 додано до БД користувачем [Сусло Тетяна].
[2025-07-14T15:42:05.809] [INFO] DataBase - У заявці Заміна від 14 липня 2025 р. за адресою просп. Левка Лукяненка, буд. 70, кв. 173 додано дату виконання 17 липня 2025 р. користувачем [Сусло Тетяна].
[14-Jul-2025 15:42:46 Europe/Helsinki] NewDATA [INFO] Нова заявка Заміна, адреса: вул. Незалежності 40, кв. 53, лічильники: 465045, виконавець: Баранов, вартість: 1100 грн., примітки: 8-13, хв, №465045 додано до БД користувачем [Сусло Тетяна].
[2025-07-14T15:42:49.176] [INFO] DataBase - У заявці Заміна від 14 липня 2025 р. за адресою вул. Незалежності, буд. 40, кв. 53 додано дату виконання 16 липня 2025 р. користувачем [Сусло Тетяна].
[14-Jul-2025 16:43:07 Europe/Helsinki] EditDATA [INFO] За адресою просп. Левка Лукяненка 35, кв. 49 користувачем [Сусло Тетяна] додано номер телефону +38(063)332-23-30, при створенні нової заявки [Повірка] від 14.07.2025.
[14-Jul-2025 16:43:07 Europe/Helsinki] NewDATA [INFO] Нова заявка Повірка, адреса: просп. Левка Лукяненка 35, кв. 49, лічильники: БЕЗ НОМЕРА - 4 шт., вартість: 1400 грн., примітки: 13-17 додано до БД користувачем [Сусло Тетяна].
[2025-07-14T16:43:09.627] [INFO] DataBase - У заявці Повірка від 14 липня 2025 р. за адресою просп. Левка Лукяненка, буд. 35, кв. 49 додано виконавця ЗАПЛАНОВАНІ та додано дату виконання 22 липня 2025 р. користувачем [Сусло Тетяна].
