[01-May-2025 08:49:49 Europe/Helsinki] EditDATA [INFO] Для заявки Повірка від 30.04.2025 користувачем [Коваль Людмила] змінено виконавця з ЗАПЛАНОВАНІ на Шкуліпа.
[01-May-2025 08:50:02 Europe/Helsinki] EditDATA [INFO] Для заявки Повірка від 28.04.2025 користувачем [Коваль Людмила] змінено виконавця з ЗАПЛАНОВАНІ на Шкуліпа.
[01-May-2025 08:50:13 Europe/Helsinki] EditDATA [INFO] Для заявки Повірка від 25.04.2025 користувачем [Коваль Людмила] змінено виконавця з ЗАПЛАНОВАНІ на Шкуліпа.
[01-May-2025 08:50:24 Europe/Helsinki] EditDATA [INFO] Для заявки Повірка від 25.04.2025 користувачем [Коваль Людмила] змінено виконавця з ЗАПЛАНОВАНІ на Шкуліпа.
[01-May-2025 08:50:35 Europe/Helsinki] EditDATA [INFO] Для заявки Повірка від 23.04.2025 користувачем [Коваль Людмила] змінено виконавця з ЗАПЛАНОВАНІ на Шкуліпа.
[01-May-2025 08:50:45 Europe/Helsinki] EditDATA [INFO] Для заявки Повірка від 22.04.2025 користувачем [Коваль Людмила] змінено виконавця з ЗАПЛАНОВАНІ на Шкуліпа.
[01-May-2025 08:50:55 Europe/Helsinki] EditDATA [INFO] Для заявки Повірка від 24.04.2025 користувачем [Коваль Людмила] змінено виконавця з ЗАПЛАНОВАНІ на Шкуліпа.
[01-May-2025 08:51:05 Europe/Helsinki] EditDATA [INFO] Для заявки Повірка від 23.04.2025 користувачем [Коваль Людмила] змінено виконавця з ЗАПЛАНОВАНІ на Шкуліпа.
[01-May-2025 08:51:16 Europe/Helsinki] EditDATA [INFO] Для заявки Повірка від 23.04.2025 користувачем [Коваль Людмила] змінено виконавця з ЗАПЛАНОВАНІ на Шкуліпа.
[01-May-2025 08:51:42 Europe/Helsinki] EditDATA [INFO] Для заявки Повірка від 23.04.2025 користувачем [Коваль Людмила] змінено виконавця з ЗАПЛАНОВАНІ на Ващенко.
[01-May-2025 08:51:59 Europe/Helsinki] EditDATA [INFO] Для заявки Повірка від 30.04.2025 користувачем [Коваль Людмила] змінено виконавця з ЗАПЛАНОВАНІ на Ващенко.
[01-May-2025 08:52:09 Europe/Helsinki] EditDATA [INFO] Для заявки Повірка від 29.04.2025 користувачем [Коваль Людмила] змінено виконавця з ЗАПЛАНОВАНІ на Ващенко.
[01-May-2025 08:52:18 Europe/Helsinki] EditDATA [INFO] Для заявки Повірка від 29.04.2025 користувачем [Коваль Людмила] змінено виконавця з ЗАПЛАНОВАНІ на Ващенко.
[01-May-2025 08:52:27 Europe/Helsinki] EditDATA [INFO] Для заявки Повірка від 29.04.2025 користувачем [Коваль Людмила] змінено виконавця з ЗАПЛАНОВАНІ на Ващенко.
[01-May-2025 08:52:36 Europe/Helsinki] EditDATA [INFO] Для заявки Повірка від 29.04.2025 користувачем [Коваль Людмила] змінено виконавця з ЗАПЛАНОВАНІ на Ващенко.
[01-May-2025 08:52:47 Europe/Helsinki] EditDATA [INFO] Для заявки Повірка від 29.04.2025 користувачем [Коваль Людмила] змінено виконавця з ЗАПЛАНОВАНІ на Ващенко.
[01-May-2025 09:02:30 Europe/Helsinki] NewDATA [INFO] Нова адреса вул. Космонавтів, буд. 10, кв. 17, тел. +38 (093) 363-32-03 додана до БД користувачем [Сусло Тетяна].
[01-May-2025 09:02:49 Europe/Helsinki] NewDATA [INFO] Нова заявка Повірка, адреса: вул. Космонавтів 10, кв. 17, лічильники: БЕЗ НОМЕРА - 2 шт., вартість: 600 грн., примітки: 13-17 додано до БД користувачем [Сусло Тетяна].
[2025-05-01T09:02:53.074] [INFO] DataBase - У заявці Повірка від 1 травня 2025 р. за адресою вул. Космонавтів, буд. 10, кв. 17 додано виконавця ЗАПЛАНОВАНІ та додано дату виконання 5 травня 2025 р. користувачем [Сусло Тетяна].
[01-May-2025 09:03:28 Europe/Helsinki] EditDATA [INFO] За адресою вул. 1-ої танкової бригади 21 корпус 2, кв. 127 користувачем [Сусло Тетяна] змінені номери телефонів з +38(099)705-94-16, +38(0462)62-99-55 на +38(099)705-94-16, при створенні нової заявки [Повірка] від 01.05.2025.
[01-May-2025 09:03:28 Europe/Helsinki] NewDATA [INFO] Нова заявка Повірка, адреса: вул. 1-ої танкової бригади 21 корпус 2, кв. 127, лічильники: БЕЗ НОМЕРА - 2 шт., вартість: 600 грн., примітки: 13-17 додано до БД користувачем [Сусло Тетяна].
[2025-05-01T09:03:33.387] [INFO] DataBase - У заявці Повірка від 1 травня 2025 р. за адресою вул. 1-ої танкової бригади, буд. 21, корп. 2, кв. 127 додано виконавця ЗАПЛАНОВАНІ та додано дату виконання 5 травня 2025 р. користувачем [Сусло Тетяна].
[01-May-2025 09:04:16 Europe/Helsinki] NewDATA [INFO] Нова заявка Повірка, адреса: вул. Волковича 10, кв. 69, лічильники: БЕЗ НОМЕРА - 1 шт., вартість: 300 грн., примітки: за 1 год додано до БД користувачем [Сусло Тетяна].
[2025-05-01T09:04:20.387] [INFO] DataBase - У заявці Повірка від 1 травня 2025 р. за адресою вул. Волковича, буд. 10, кв. 69 додано виконавця Ващенко та додано дату виконання 2 травня 2025 р. користувачем [Сусло Тетяна].
[01-May-2025 09:51:44 Europe/Helsinki] NewDATA [INFO] Нова адреса вул. Гетьмана Полуботка, буд. 36, кв. 10, тел. +38 (093) 003-27-27 +38 (063) 183-20-07 додана до БД користувачем [Сусло Тетяна].
[01-May-2025 09:52:21 Europe/Helsinki] NewDATA [INFO] Нова заявка Повірка, адреса: вул. Гетьмана Полуботка 36, кв. 10, лічильники: БЕЗ НОМЕРА - 1 шт., вартість: 300 грн., примітки: 8-13, за 30 хв додано до БД користувачем [Сусло Тетяна].
[2025-05-01T09:52:26.354] [INFO] DataBase - У заявці Повірка від 1 травня 2025 р. за адресою вул. Гетьмана Полуботка, буд. 36, кв. 10 додано виконавця ЗАПЛАНОВАНІ та додано дату виконання 19 травня 2025 р. користувачем [Сусло Тетяна].
[01-May-2025 10:59:24 Europe/Helsinki] EditDATA [INFO] За адресою вул. Незалежності 14, кв. 58 користувачем [Сусло Тетяна] змінені номери телефонів з +38(063)874-37-67 на +38(063)377-96-46, при створенні нової заявки [Повірка] від 01.05.2025.
[01-May-2025 10:59:24 Europe/Helsinki] NewDATA [INFO] Нова заявка Повірка, адреса: вул. Незалежності 14, кв. 58, лічильники: БЕЗ НОМЕРА - 2 шт., вартість: 600 грн., примітки: 8-13 додано до БД користувачем [Сусло Тетяна].
[2025-05-01T10:59:28.083] [INFO] DataBase - У заявці Повірка від 1 травня 2025 р. за адресою вул. Незалежності, буд. 14, кв. 58 додано виконавця ЗАПЛАНОВАНІ та додано дату виконання 7 травня 2025 р. користувачем [Сусло Тетяна].
[01-May-2025 12:47:44 Europe/Helsinki] NewDATA [INFO] Нова заявка Заміна, адреса: вул. Пятницька 47, кв. 7, лічильники: 048055, БЕЗ НОМЕРА - 1 шт., вартість: 2200 грн., примітки: 13-16, гв,хв додано до БД користувачем [Сусло Тетяна].
[2025-05-01T12:47:48.265] [INFO] DataBase - У заявці Заміна від 1 травня 2025 р. за адресою вул. Пятницька, буд. 47, кв. 7 додано виконавця Баранов та додано дату виконання 2 травня 2025 р. користувачем [Сусло Тетяна].
[01-May-2025 12:53:51 Europe/Helsinki] DellTASK [INFO] Повірка від 29.04.2025 для адреси вул. Любецька, буд. 7, кв. 39 для лічильника БЕЗ НОМЕРА - 2 шт. було завершено користувачем [Коваль Людмила] з коментарем: виконано.
[01-May-2025 12:54:07 Europe/Helsinki] DellTASK [INFO] Повірка від 28.04.2025 для адреси вул. Пирогова, буд. 1, кв. 32 для лічильника БЕЗ НОМЕРА - 2 шт. було завершено користувачем [Коваль Людмила] з коментарем: виконано.
[01-May-2025 12:54:23 Europe/Helsinki] DellTASK [INFO] Повірка від 25.04.2025 для адреси вул. Жабинського, буд. 2, кв. 107 для лічильника БЕЗ НОМЕРА - 1 шт. було завершено користувачем [Коваль Людмила] з коментарем: виконано.
[01-May-2025 12:54:52 Europe/Helsinki] DellTASK [INFO] Повірка від 24.04.2025 для адреси вул. Межова, буд. 4, кв. 3 для лічильника БЕЗ НОМЕРА - 2 шт. було завершено користувачем [Коваль Людмила] з коментарем: виконано.
[01-May-2025 12:55:07 Europe/Helsinki] DellTASK [INFO] Повірка від 24.04.2025 для адреси вул. Жабинського, буд. 2, кв. 2 для лічильника БЕЗ НОМЕРА - 1 шт. було завершено користувачем [Коваль Людмила] з коментарем: виконано.
[01-May-2025 12:55:22 Europe/Helsinki] DellTASK [INFO] Повірка від 23.04.2025 для адреси просп. Миру, буд. 45, кв. 23 для лічильника БЕЗ НОМЕРА - 1 шт. було завершено користувачем [Коваль Людмила] з коментарем: виконано.
[01-May-2025 12:55:36 Europe/Helsinki] DellTASK [INFO] Повірка від 22.04.2025 для адреси вул. Мацієвського Олександра, буд. 15, кв. 25 для лічильника БЕЗ НОМЕРА - 2 шт. було завершено користувачем [Коваль Людмила] з коментарем: виконано.
[01-May-2025 12:55:51 Europe/Helsinki] DellTASK [INFO] Повірка від 22.04.2025 для адреси вул. Мазепи Івана, буд. 11, кв. 78 для лічильника БЕЗ НОМЕРА - 2 шт. було завершено користувачем [Коваль Людмила] з коментарем: виконано.
[01-May-2025 12:56:05 Europe/Helsinki] DellTASK [INFO] Повірка від 22.04.2025 для адреси вул. Любецька, буд. 7, кв. 196 для лічильника БЕЗ НОМЕРА - 2 шт. було завершено користувачем [Коваль Людмила] з коментарем: виконано.
[01-May-2025 12:56:24 Europe/Helsinki] DellTASK [INFO] Повірка від 10.04.2025 для адреси вул. Любецька, буд. 17, кв. 3 для лічильника БЕЗ НОМЕРА - 1 шт. було завершено користувачем [Коваль Людмила] з коментарем: виконано.
[01-May-2025 12:56:31 Europe/Helsinki] NewDATA [INFO] Нова заявка Заміна, адреса: вул. Котляревського 3, кв. 3, лічильники: 284054, вартість: 1100 грн., примітки: 8-13, 1 хв, кухня, №284054 додано до БД користувачем [Сусло Тетяна].
[2025-05-01T12:56:34.684] [INFO] DataBase - У заявці Заміна від 1 травня 2025 р. за адресою вул. Котляревського, буд. 3, кв. 3 додано виконавця Баранов та додано дату виконання 21 травня 2025 р. користувачем [Сусло Тетяна].
[01-May-2025 12:56:40 Europe/Helsinki] DellTASK [INFO] Повірка від 16.04.2025 для адреси вул. Любецька, буд. 11, кв. 37 для лічильника БЕЗ НОМЕРА - 2 шт. було завершено користувачем [Коваль Людмила] з коментарем: виконано.
[01-May-2025 12:56:54 Europe/Helsinki] DellTASK [INFO] Повірка від 14.04.2025 для адреси вул. Чорновола Вячеслава, буд. 13, кв. 68 для лічильника БЕЗ НОМЕРА - 2 шт. було завершено користувачем [Коваль Людмила] з коментарем: виконано.
[2025-05-01T13:04:17.086] [INFO] DataBase - У заявці Заміна від 1 травня 2025 р. за адресою вул. Пятницька, буд. 47, кв. 7 видалено дату виконання 2 травня 2025 р. користувачем [Коваль Людмила].
[2025-05-01T13:04:22.902] [INFO] DataBase - У заявці Заміна від 1 травня 2025 р. за адресою вул. Пятницька, буд. 47, кв. 7 додано дату виконання 5 травня 2025 р. користувачем [Коваль Людмила].
[01-May-2025 13:14:06 Europe/Helsinki] NewDATA [INFO] Новий лічильник номер: 469626, тип: КВ-1,5 => DN 15, рік випуску: 2000, показники: 0, балансоутримувач: КП "ВДК" додано до БД користувачем [Коваль Людмила].
[01-May-2025 13:14:09 Europe/Helsinki] EditDATA [INFO] За адресою вул. Мацієвського Олександра, буд. 15, кв. 25 користувачем [Коваль Людмила] було додано лічильники: 469626].
[2025-05-01T13:16:29.735] [INFO] DataBase - У заявці Повірка від 1 травня 2025 р. за адресою вул. Гетьмана Полуботка, буд. 36, кв. 10 видалено дату виконання 19 травня 2025 р. користувачем [Коваль Людмила].
[2025-05-01T13:16:45.212] [INFO] DataBase - У заявці Повірка від 1 травня 2025 р. за адресою вул. Гетьмана Полуботка, буд. 36, кв. 10 додано дату виконання 9 травня 2025 р. користувачем [Коваль Людмила].
[01-May-2025 13:19:25 Europe/Helsinki] NewDATA [INFO] Новий лічильник номер: 019204, тип: КВ-1,5 => DN 15, рік випуску: 2010, показники: 0, балансоутримувач: КП "ВДК" додано до БД користувачем [Коваль Людмила].
[01-May-2025 13:19:27 Europe/Helsinki] EditDATA [INFO] За адресою вул. Межова, буд. 4, кв. 3 користувачем [Коваль Людмила] було додано лічильники: 019204].
[01-May-2025 13:20:07 Europe/Helsinki] NewDATA [INFO] Новий лічильник номер: 055439, тип: КВ-1,5 => DN 15, рік випуску: 2004, показники: 0, балансоутримувач: КП "ВДК" додано до БД користувачем [Коваль Людмила].
[01-May-2025 13:20:09 Europe/Helsinki] EditDATA [INFO] За адресою вул. Жабинського, буд. 2, кв. 2 користувачем [Коваль Людмила] було додано лічильники: 055439].
[01-May-2025 13:21:08 Europe/Helsinki] NewDATA [INFO] Новий лічильник номер: 6923103, тип: ЛК => DN 15, рік випуску: 2016, показники: 0, балансоутримувач: КП "ВДК" додано до БД користувачем [Коваль Людмила].
[01-May-2025 13:21:10 Europe/Helsinki] EditDATA [INFO] За адресою вул. Жабинського, буд. 2, кв. 107 користувачем [Коваль Людмила] було додано лічильники: 6923103].
[01-May-2025 14:39:14 Europe/Helsinki] NewDATA [INFO] Нова адреса вул. Красносільського, буд. 83, кв. 141, тел. +38 (097) 030-16-98 додана до БД користувачем [Сусло Тетяна].
[01-May-2025 14:39:43 Europe/Helsinki] NewDATA [INFO] Нова заявка Повірка, адреса: вул. Красносільського 83, кв. 141, лічильники: БЕЗ НОМЕРА - 1 шт., вартість: 300 грн., примітки: з 11.00, за 1 год, 1гв додано до БД користувачем [Сусло Тетяна].
[2025-05-01T14:39:47.475] [INFO] DataBase - У заявці Повірка від 1 травня 2025 р. за адресою вул. Красносільського, буд. 83, кв. 141 додано виконавця ЗАПЛАНОВАНІ та додано дату виконання 7 травня 2025 р. користувачем [Сусло Тетяна].
[01-May-2025 14:40:26 Europe/Helsinki] NewDATA [INFO] Нова заявка Повірка, адреса: вул. Доценка 13 корпус Б, кв. 3, лічильники: БЕЗ НОМЕРА - 2 шт., вартість: 600 грн., примітки: 8-11 додано до БД користувачем [Сусло Тетяна].
[2025-05-01T14:40:34.773] [INFO] DataBase - У заявці Повірка від 1 травня 2025 р. за адресою вул. Доценка, буд. 13, корп. Б, кв. 3 додано виконавця ЗАПЛАНОВАНІ та додано дату виконання 6 травня 2025 р. користувачем [Сусло Тетяна].
[01-May-2025 14:41:47 Europe/Helsinki] EditDATA [INFO] За адресою вул. Гетьмана Полуботка 20, кв. 22 користувачем [Сусло Тетяна] змінені номери телефонів з +38(063)570-87-98, +38(097)728-33-62 на +38(097)728-33-62, при створенні нової заявки [Повірка] від 01.05.2025.
[01-May-2025 14:41:47 Europe/Helsinki] NewDATA [INFO] Нова заявка Повірка, адреса: вул. Гетьмана Полуботка 20, кв. 22, лічильники: БЕЗ НОМЕРА - 1 шт., вартість: 300 грн., примітки: 8-13, 1 гв, за день набрать, уточнити додано до БД користувачем [Сусло Тетяна].
[2025-05-01T14:41:51.830] [INFO] DataBase - У заявці Повірка від 1 травня 2025 р. за адресою вул. Гетьмана Полуботка, буд. 20, кв. 22 додано виконавця ЗАПЛАНОВАНІ та додано дату виконання 6 травня 2025 р. користувачем [Сусло Тетяна].
[01-May-2025 14:42:38 Europe/Helsinki] NewDATA [INFO] Нова адреса вул. Всіхсвятська, буд. 2, кв. 10, тел. +38 (095) 503-03-55 додана до БД користувачем [Сусло Тетяна].
[01-May-2025 14:43:10 Europe/Helsinki] NewDATA [INFO] Нова заявка Повірка, адреса: вул. Всіхсвятська 2, кв. 10, лічильники: БЕЗ НОМЕРА - 1 шт., вартість: 300 грн., примітки: за 1 год додано до БД користувачем [Сусло Тетяна].
[2025-05-01T14:43:14.077] [INFO] DataBase - У заявці Повірка від 1 травня 2025 р. за адресою вул. Всіхсвятська, буд. 2, кв. 10 додано виконавця ЗАПЛАНОВАНІ та додано дату виконання 4 червня 2025 р. користувачем [Сусло Тетяна].
[01-May-2025 14:44:17 Europe/Helsinki] EditDATA [INFO] За адресою вул. Мазепи Івана 54, кв. 70 користувачем [Сусло Тетяна] змінені номери телефонів з +38(066)880-01-02 на +38(067)726-07-10, при створенні нової заявки [Повірка] від 01.05.2025.
[01-May-2025 14:44:17 Europe/Helsinki] NewDATA [INFO] Нова заявка Повірка, адреса: вул. Мазепи Івана 54, кв. 70, лічильники: БЕЗ НОМЕРА - 2 шт., вартість: 600 грн., примітки: 8-13, за 30 хв додано до БД користувачем [Сусло Тетяна].
[2025-05-01T14:44:21.135] [INFO] DataBase - У заявці Повірка від 1 травня 2025 р. за адресою вул. Мазепи Івана, буд. 54, кв. 70 додано виконавця Шкуліпа та додано дату виконання 2 травня 2025 р. користувачем [Сусло Тетяна].
[2025-05-01T14:46:21.683] [INFO] DataBase - У заявці Повірка від 1 травня 2025 р. за адресою вул. Гетьмана Полуботка, буд. 20, кв. 22 видалено дату виконання 6 травня 2025 р. користувачем [Сусло Тетяна].
[2025-05-01T14:46:25.424] [INFO] DataBase - У заявці Повірка від 1 травня 2025 р. за адресою вул. Гетьмана Полуботка, буд. 20, кв. 22 додано дату виконання 19 травня 2025 р. користувачем [Сусло Тетяна].
[01-May-2025 14:47:08 Europe/Helsinki] EditDATA [INFO] За адресою просп. Перемоги 96, кв. 12 користувачем [Сусло Тетяна] змінені номери телефонів з +38(063)506-45-10, +38(0462)77-91-32, +38(063)145-40-35 на +38(050)595-02-38, при створенні нової заявки [Повірка] від 01.05.2025.
[01-May-2025 14:47:08 Europe/Helsinki] NewDATA [INFO] Нова заявка Повірка, адреса: просп. Перемоги 96, кв. 12, лічильники: БЕЗ НОМЕРА - 1 шт., вартість: 300 грн., примітки: 13-17 додано до БД користувачем [Сусло Тетяна].
[2025-05-01T14:47:13.284] [INFO] DataBase - У заявці Повірка від 1 травня 2025 р. за адресою просп. Перемоги, буд. 96, кв. 12 додано виконавця ЗАПЛАНОВАНІ та додано дату виконання 19 травня 2025 р. користувачем [Сусло Тетяна].
[01-May-2025 16:19:39 Europe/Helsinki] NewDATA [INFO] Нова адреса вул. Льотна, буд. 41, кв. 73, тел. +38 (098) 957-43-75 додана до БД користувачем [Коваль Людмила].
[01-May-2025 16:20:16 Europe/Helsinki] NewDATA [INFO] Нова заявка Повірка, адреса: вул. Льотна 41, кв. 73, лічильники: БЕЗ НОМЕРА - 1 шт., вартість: 300 грн., примітки: 13-17 додано до БД користувачем [Коваль Людмила].
[2025-05-01T16:20:36.054] [INFO] DataBase - У заявці Повірка від 1 травня 2025 р. за адресою вул. Льотна, буд. 41, кв. 73 додано виконавця Ващенко та додано дату виконання 2 травня 2025 р. користувачем [Коваль Людмила].
