[25-Sep-2024 08:15:36 Europe/Helsinki] NewDATA [INFO] Новий лічильник номер: 241475213, тип: СВК => DN 15, рік випуску: 2024, показники: 0, балансоутримувач: КП "ВДК" додано до БД користувачем [Сміян Альона].
[25-Sep-2024 08:15:53 Europe/Helsinki] EditDATA [INFO] В заявці Заміна від 23.09.2024 за адресою вул. Мстиславська, буд. 3, кв. 21 було видалено лічильники: 639384; додано лічильники: 241475213 користувачем [Сміян Альона].
[25-Sep-2024 08:16:03 Europe/Helsinki] DellTASK [INFO] Заміна від 23.09.2024 для адреси вул. Мстиславська, буд. 3, кв. 21 для лічильника 241475213 було завершено користувачем [Сміян Альона] з коментарем: виконано.
[25-Sep-2024 08:16:38 Europe/Helsinki] NewDATA [INFO] Новий лічильник номер: 241475215, тип: СВК => DN 15, рік випуску: 2024, показники: 0, балансоутримувач: КП "ВДК" додано до БД користувачем [Сміян Альона].
[25-Sep-2024 08:16:49 Europe/Helsinki] EditDATA [INFO] Для заявки Заміна від 23.09.2024 користувачем [Сміян Альона] лічильник БЕЗ НОМЕРА ідентифіковано як 241475215.
[25-Sep-2024 08:16:58 Europe/Helsinki] DellTASK [INFO] Заміна від 23.09.2024 для адреси вул. Промислова, буд. 1, кв. 60 для лічильника 241475215 було завершено користувачем [Сміян Альона] з коментарем: виконано.
[25-Sep-2024 08:17:15 Europe/Helsinki] DellTASK [INFO] Заміна від 20.09.2024 для адреси вул. Мезенцева Юрія, буд. 80, кв. 7 для лічильників 02205588, 02205569 було завершено користувачем [Сміян Альона] з коментарем: виконано.
[25-Sep-2024 08:17:55 Europe/Helsinki] NewDATA [INFO] Новий лічильник номер: 241475210, тип: СВК => DN 15, рік випуску: 2024, показники: 0, балансоутримувач: КП "ВДК" додано до БД користувачем [Сміян Альона].
[25-Sep-2024 08:18:06 Europe/Helsinki] EditDATA [INFO] Для заявки Заміна від 19.09.2024 користувачем [Сміян Альона] лічильник БЕЗ НОМЕРА ідентифіковано як 241475210.
[25-Sep-2024 08:18:14 Europe/Helsinki] DellTASK [INFO] Заміна від 19.09.2024 для адреси просп. Перемоги, буд. 120, кв. 5 для лічильника 241475210 було завершено користувачем [Сміян Альона] з коментарем: виконано.
[25-Sep-2024 08:18:35 Europe/Helsinki] DellTASK [INFO] Заміна від 19.09.2024 для адреси вул. Стуса Василя, буд. 15, корп. А, кв. 39 для лічильника 376923 було завершено користувачем [Сміян Альона] з коментарем: виконано.
[25-Sep-2024 08:38:02 Europe/Helsinki] DellTASK [INFO] Повірка від 23.09.2024 для адреси вул. Льотна, буд. 22, кв. 1 для лічильника БЕЗ НОМЕРА - 2 шт. було завершено користувачем [Сусло Тетяна] з коментарем: виконано.
[25-Sep-2024 08:38:23 Europe/Helsinki] DellTASK [INFO] Повірка від 20.09.2024 для адреси вул. Льотна, буд. 22, кв. 88 для лічильника БЕЗ НОМЕРА - 2 шт. було завершено користувачем [Сусло Тетяна] з коментарем: виконано.
[25-Sep-2024 08:38:46 Europe/Helsinki] DellTASK [INFO] Повірка від 23.09.2024 для адреси вул. Мстиславська, буд. 181, кв. 1 для лічильника БЕЗ НОМЕРА - 2 шт. було завершено користувачем [Сусло Тетяна] з коментарем: виконано.
[25-Sep-2024 08:39:02 Europe/Helsinki] DellTASK [INFO] Повірка від 20.09.2024 для адреси вул. Мстиславська, буд. 181, кв. 63 для лічильника БЕЗ НОМЕРА - 2 шт. було завершено користувачем [Сусло Тетяна] з коментарем: виконано.
[25-Sep-2024 08:39:21 Europe/Helsinki] DellTASK [INFO] Повірка від 20.09.2024 для адреси просп. Миру, буд. 161, кв. 9 для лічильника БЕЗ НОМЕРА - 1 шт. було завершено користувачем [Сусло Тетяна] з коментарем: виконано.
[25-Sep-2024 08:39:44 Europe/Helsinki] DellTASK [INFO] Повірка від 20.09.2024 для адреси просп. Миру, буд. 182, кв. 10 для лічильника БЕЗ НОМЕРА - 1 шт. було завершено користувачем [Сусло Тетяна] з коментарем: виконано.
[25-Sep-2024 08:40:02 Europe/Helsinki] DellTASK [INFO] Повірка від 23.09.2024 для адреси просп. Миру, буд. 207, кв. 9 для лічильника БЕЗ НОМЕРА - 1 шт. було завершено користувачем [Сусло Тетяна] з коментарем: виконано.
[25-Sep-2024 08:40:18 Europe/Helsinki] DellTASK [INFO] Повірка від 19.09.2024 для адреси просп. Миру, буд. 211, кв. 7 для лічильника БЕЗ НОМЕРА - 2 шт. було завершено користувачем [Сусло Тетяна] з коментарем: виконано.
[25-Sep-2024 08:40:34 Europe/Helsinki] DellTASK [INFO] Повірка від 23.09.2024 для адреси просп. Миру, буд. 206, кв. 27 для лічильника БЕЗ НОМЕРА - 2 шт. було завершено користувачем [Сусло Тетяна] з коментарем: виконано.
[25-Sep-2024 08:40:58 Europe/Helsinki] DellTASK [INFO] Повірка від 23.09.2024 для адреси вул. Волковича, буд. 9, кв. 13 для лічильника БЕЗ НОМЕРА - 1 шт. було завершено користувачем [Сусло Тетяна] з коментарем: виконано.
[25-Sep-2024 08:41:18 Europe/Helsinki] DellTASK [INFO] Повірка від 23.09.2024 для адреси вул. Савчука, буд. 5, кв. 97 для лічильника БЕЗ НОМЕРА - 4 шт. було завершено користувачем [Сусло Тетяна] з коментарем: виконано.
[25-Sep-2024 08:41:46 Europe/Helsinki] DellTASK [INFO] Повірка від 24.09.2024 для адреси вул. Мстиславська, буд. 132, корп. А, кв. 39 для лічильника БЕЗ НОМЕРА - 1 шт. було відмінено користувачем [Сусло Тетяна] з коментарем: нема води.
[25-Sep-2024 08:42:34 Europe/Helsinki] NewDATA [INFO] Новий лічильник номер: 0663987, тип: ЛК => DN 15, рік випуску: 2018, показники: 0, балансоутримувач: КП "ВДК" додано до БД користувачем [Сусло Тетяна].
[25-Sep-2024 08:42:57 Europe/Helsinki] NewDATA [INFO] Новий лічильник номер: 0679575, тип: ЛК => DN 15, рік випуску: 2018, показники: 0, балансоутримувач: АТ "ОТКЕ" додано до БД користувачем [Сусло Тетяна].
[25-Sep-2024 08:43:18 Europe/Helsinki] NewDATA [INFO] Новий лічильник номер: 0649097, тип: ЛК => DN 15, рік випуску: 2018, показники: 0, балансоутримувач: КП "ВДК" додано до БД користувачем [Сусло Тетяна].
[25-Sep-2024 08:43:42 Europe/Helsinki] NewDATA [INFO] Новий лічильник номер: 8364191, тип: ЛК => DN 15, рік випуску: 2018, показники: 0, балансоутримувач: АТ "ОТКЕ" додано до БД користувачем [Сусло Тетяна].
[25-Sep-2024 08:43:44 Europe/Helsinki] EditDATA [INFO] За адресою вул. Савчука, буд. 5, кв. 97 користувачем [Сусло Тетяна] було додано лічильники: 0663987, 0679575, 0649097, 8364191].
[25-Sep-2024 08:45:16 Europe/Helsinki] NewDATA [INFO] Новий лічильник номер: 660895, тип: КВ-1,5 => DN 15, рік випуску: 2004, показники: 0, балансоутримувач: АТ "ОТКЕ" додано до БД користувачем [Сусло Тетяна].
[25-Sep-2024 08:45:18 Europe/Helsinki] EditDATA [INFO] За адресою вул. Волковича, буд. 9, кв. 13 користувачем [Сусло Тетяна] було додано лічильники: 660895].
[25-Sep-2024 08:46:11 Europe/Helsinki] NewDATA [INFO] Новий лічильник номер: 132407, тип: КВ-1,5 => DN 15, рік випуску: 2007, показники: 0, балансоутримувач: КП "ВДК" додано до БД користувачем [Сусло Тетяна].
[25-Sep-2024 08:46:32 Europe/Helsinki] NewDATA [INFO] Новий лічильник номер: 031932, тип: КВ-1,5 => DN 15, рік випуску: 2012, показники: 0, балансоутримувач: АТ "ОТКЕ" додано до БД користувачем [Сусло Тетяна].
[25-Sep-2024 08:46:35 Europe/Helsinki] EditDATA [INFO] За адресою просп. Миру, буд. 206, кв. 27 користувачем [Сусло Тетяна] було додано лічильники: 132407, 031932].
[25-Sep-2024 08:47:17 Europe/Helsinki] NewDATA [INFO] Новий лічильник номер: 097449, тип: КВ-1,5 => DN 15, рік випуску: 2014, показники: 0, балансоутримувач: КП "ВДК" додано до БД користувачем [Сусло Тетяна].
[25-Sep-2024 08:47:43 Europe/Helsinki] NewDATA [INFO] Новий лічильник номер: 106019, тип: КВ-1,5 => DN 15, рік випуску: 2014, показники: 0, балансоутримувач: АТ "ОТКЕ" додано до БД користувачем [Сусло Тетяна].
[25-Sep-2024 08:47:45 Europe/Helsinki] EditDATA [INFO] За адресою просп. Миру, буд. 211, кв. 7 користувачем [Сусло Тетяна] було додано лічильники: 097449, 106019].
[25-Sep-2024 08:48:33 Europe/Helsinki] NewDATA [INFO] Новий лічильник номер: 457247, тип: КВ-1,5 => DN 15, рік випуску: 2009, показники: 0, балансоутримувач: КП "ВДК" додано до БД користувачем [Сусло Тетяна].
[25-Sep-2024 08:48:35 Europe/Helsinki] EditDATA [INFO] За адресою просп. Миру, буд. 207, кв. 9 користувачем [Сусло Тетяна] було додано лічильники: 457247].
[25-Sep-2024 08:52:20 Europe/Helsinki] NewDATA [INFO] Нова заявка Заміна, адреса: вул. Незалежності 78, кв. 52, лічильники: 374348, виконавець: Баранов, вартість: 1060 грн., примітки: з 13.00, 1хв, туалет додано до БД користувачем [Сусло Тетяна].
[2024-09-25T08:52:28.199] [INFO] DataBase - У заявці Заміна від 25 вересня 2024 р. за адресою вул. Незалежності, буд. 78, кв. 52 додано дату виконання 27 вересня 2024 р. користувачем [Сусло Тетяна].
[25-Sep-2024 08:53:46 Europe/Helsinki] NewDATA [INFO] Новий лічильник номер: 0200070948, тип: ЛК => DN 15, рік випуску: 2020, показники: 0, балансоутримувач: АТ "ОТКЕ" додано до БД користувачем [Сусло Тетяна].
[25-Sep-2024 08:53:48 Europe/Helsinki] EditDATA [INFO] За адресою просп. Миру, буд. 182, кв. 10 користувачем [Сусло Тетяна] було додано лічильники: 0200070948].
[25-Sep-2024 08:55:01 Europe/Helsinki] NewDATA [INFO] Новий лічильник номер: 597463, тип: КВ-1,5 => DN 15, рік випуску: 2004, показники: 0, балансоутримувач: КП "ВДК" додано до БД користувачем [Сусло Тетяна].
[25-Sep-2024 08:55:04 Europe/Helsinki] EditDATA [INFO] За адресою просп. Миру, буд. 161, кв. 9 користувачем [Сусло Тетяна] було додано лічильники: 597463].
[25-Sep-2024 08:55:56 Europe/Helsinki] NewDATA [INFO] Новий лічильник номер: 077701, тип: КВ-1,5 => DN 15, рік випуску: 2002, показники: 0, балансоутримувач: КП "ВДК" додано до БД користувачем [Сусло Тетяна].
[25-Sep-2024 08:55:58 Europe/Helsinki] EditDATA [INFO] За адресою вул. Мстиславська, буд. 181, кв. 63 користувачем [Сусло Тетяна] було додано лічильники: 077701].
[25-Sep-2024 08:56:45 Europe/Helsinki] NewDATA [INFO] Новий лічильник номер: 182528, тип: КВ-1,5 => DN 15, рік випуску: 2001, показники: 0, балансоутримувач: КП "ВДК" додано до БД користувачем [Сусло Тетяна].
[25-Sep-2024 08:57:07 Europe/Helsinki] NewDATA [INFO] Новий лічильник номер: 192340, тип: КВ-1,5 => DN 15, рік випуску: 2001, показники: 0, балансоутримувач: АТ "ОТКЕ" додано до БД користувачем [Сусло Тетяна].
[25-Sep-2024 08:57:09 Europe/Helsinki] EditDATA [INFO] За адресою вул. Мстиславська, буд. 181, кв. 1 користувачем [Сусло Тетяна] було додано лічильники: 182528, 192340].
[25-Sep-2024 08:57:59 Europe/Helsinki] NewDATA [INFO] Новий лічильник номер: 017027, тип: КВ-1,5 => DN 15, рік випуску: 2004, показники: 0, балансоутримувач: КП "ВДК" додано до БД користувачем [Сусло Тетяна].
[25-Sep-2024 08:58:24 Europe/Helsinki] NewDATA [INFO] Новий лічильник номер: 141610, тип: КВ-1,5 => DN 15, рік випуску: 2005, показники: 0, балансоутримувач: АТ "ОТКЕ" додано до БД користувачем [Сусло Тетяна].
[25-Sep-2024 08:58:26 Europe/Helsinki] EditDATA [INFO] За адресою вул. Льотна, буд. 22, кв. 88 користувачем [Сусло Тетяна] було додано лічильники: 017027, 141610].
[25-Sep-2024 08:59:22 Europe/Helsinki] NewDATA [INFO] Новий лічильник номер: 9200196341, тип: ЛК => DN 15, рік випуску: 2019, показники: 0, балансоутримувач: КП "ВДК" додано до БД користувачем [Сусло Тетяна].
[25-Sep-2024 08:59:50 Europe/Helsinki] NewDATA [INFO] Новий лічильник номер: 6961115, тип: ЛК => DN 15, рік випуску: 2016, показники: 0, балансоутримувач: АТ "ОТКЕ" додано до БД користувачем [Сусло Тетяна].
[25-Sep-2024 08:59:54 Europe/Helsinki] EditDATA [INFO] За адресою вул. Льотна, буд. 22, кв. 1 користувачем [Сусло Тетяна] було додано лічильники: 9200196341, 6961115].
[25-Sep-2024 09:06:52 Europe/Helsinki] DellTASK [INFO] Повірка від 19.09.2024 для адреси вул. Текстильників, буд. 11, корп. А, кв. 129 для лічильника БЕЗ НОМЕРА - 2 шт. було завершено користувачем [Сусло Тетяна] з коментарем: виконано.
[25-Sep-2024 09:07:18 Europe/Helsinki] DellTASK [INFO] Повірка від 23.09.2024 для адреси вул. Ціолковського, буд. 2, кв. 91 для лічильника БЕЗ НОМЕРА - 1 шт. було завершено користувачем [Сусло Тетяна] з коментарем: виконано.
[25-Sep-2024 09:07:36 Europe/Helsinki] DellTASK [INFO] Повірка від 23.09.2024 для адреси вул. Текстильників, буд. 39, кв. 11 для лічильника БЕЗ НОМЕРА - 1 шт. було завершено користувачем [Сусло Тетяна] з коментарем: виконано.
[25-Sep-2024 09:07:55 Europe/Helsinki] DellTASK [INFO] Повірка від 23.09.2024 для адреси вул. Самоквасова Дмитра, буд. 9, кв. 73 для лічильника БЕЗ НОМЕРА - 2 шт. було завершено користувачем [Сусло Тетяна] з коментарем: виконано.
[25-Sep-2024 09:08:11 Europe/Helsinki] DellTASK [INFO] Повірка від 23.09.2024 для адреси вул. Жабинського, буд. 2, корп. В, кв. 4 для лічильника БЕЗ НОМЕРА - 1 шт. було завершено користувачем [Сусло Тетяна] з коментарем: виконано.
[25-Sep-2024 09:08:29 Europe/Helsinki] DellTASK [INFO] Повірка від 23.09.2024 для адреси вул. Музична, буд. 14, кв. 5 для лічильника БЕЗ НОМЕРА - 2 шт. було завершено користувачем [Сусло Тетяна] з коментарем: виконано.
[25-Sep-2024 09:08:45 Europe/Helsinki] DellTASK [INFO] Повірка від 23.09.2024 для адреси просп. Перемоги, буд. 14, кв. 51 для лічильника БЕЗ НОМЕРА - 2 шт. було завершено користувачем [Сусло Тетяна] з коментарем: виконано.
[25-Sep-2024 09:10:08 Europe/Helsinki] NewDATA [INFO] Новий лічильник номер: 9200068639, тип: ЛК => DN 15, рік випуску: 2020, показники: 0, балансоутримувач: КП "ВДК" додано до БД користувачем [Сусло Тетяна].
[25-Sep-2024 09:10:10 Europe/Helsinki] EditDATA [INFO] За адресою вул. Жабинського, буд. 2, корп. В, кв. 39 користувачем [Сусло Тетяна] було додано лічильники: 9200068639].
[25-Sep-2024 09:11:05 Europe/Helsinki] NewDATA [INFO] Новий лічильник номер: 9200023696, тип: ЛК => DN 15, рік випуску: 2020, показники: 0, балансоутримувач: КП "ВДК" додано до БД користувачем [Сусло Тетяна].
[25-Sep-2024 09:11:35 Europe/Helsinki] NewDATA [INFO] Новий лічильник номер: 9200020039, тип: ЛК => DN 15, рік випуску: 2020, показники: 0, балансоутримувач: КП "ТКЕ" додано до БД користувачем [Сусло Тетяна].
[25-Sep-2024 09:11:37 Europe/Helsinki] EditDATA [INFO] За адресою просп. Перемоги, буд. 14, кв. 51 користувачем [Сусло Тетяна] було додано лічильники: 9200023696, 9200020039].
[25-Sep-2024 09:12:28 Europe/Helsinki] NewDATA [INFO] Новий лічильник номер: 620792, тип: КВ-1,5 => DN 15, рік випуску: 2005, показники: 0, балансоутримувач: КП "ВДК" додано до БД користувачем [Сусло Тетяна].
[25-Sep-2024 09:12:50 Europe/Helsinki] NewDATA [INFO] Новий лічильник номер: 622827, тип: КВ-1,5 => DN 15, рік випуску: 2005, показники: 0, балансоутримувач: КП "ВДК" додано до БД користувачем [Сусло Тетяна].
[25-Sep-2024 09:12:51 Europe/Helsinki] EditDATA [INFO] За адресою вул. Музична, буд. 14, кв. 5 користувачем [Сусло Тетяна] було додано лічильники: 620792, 622827].
[25-Sep-2024 09:15:24 Europe/Helsinki] EditDATA [INFO] За адресою просп. Перемоги 18, кв. 62 користувачем [Сміян Альона] змінені номери телефонів з +38(068)101-72-65 на +38(096)606-84-92, при створенні нової заявки [Заміна] від 25.09.2024.
[25-Sep-2024 09:15:24 Europe/Helsinki] NewDATA [INFO] Нова заявка Заміна, адреса: просп. Перемоги 18, кв. 62, лічильники: БЕЗ НОМЕРА - 1 шт., вартість: 350 грн., примітки: 1х/в 227300 12-14 додано до БД користувачем [Сміян Альона].
[2024-09-25T09:15:36.627] [INFO] DataBase - У заявці Заміна від 25 вересня 2024 р. за адресою просп. Перемоги, буд. 18, кв. 62 додано виконавця Баранов та додано дату виконання 26 вересня 2024 р. користувачем [Сміян Альона].
[25-Sep-2024 09:23:09 Europe/Helsinki] EditDATA [INFO] Для заявки Заміна від 23.09.2024 користувачем [Сусло Тетяна] змінено примітки з 1хв, тулет на 1хв, тулет, 10-15.
[2024-09-25T09:23:19.015] [INFO] DataBase - У заявці Заміна від 23 вересня 2024 р. за адресою вул. Льотна, буд. 15, кв. 20 додано дату виконання 26 вересня 2024 р. користувачем [Сусло Тетяна].
[25-Sep-2024 09:24:46 Europe/Helsinki] NewDATA [INFO] Нова адреса вул. Гонча, буд. 16, кв. 3, тел. +38 (067) 929-95-16 додана до БД користувачем [Сміян Альона].
[25-Sep-2024 09:25:13 Europe/Helsinki] NewDATA [INFO] Новий лічильник номер: 9200072882, тип: ЛК => DN 15, рік випуску: 2020, показники: 0, балансоутримувач: КП "ВДК" додано до БД користувачем [Сусло Тетяна].
[25-Sep-2024 09:25:16 Europe/Helsinki] EditDATA [INFO] За адресою вул. Жабинського, буд. 2, корп. В, кв. 4 користувачем [Сусло Тетяна] було додано лічильники: 9200072882].
[25-Sep-2024 09:26:00 Europe/Helsinki] NewDATA [INFO] Нова заявка Заміна, адреса: вул. Гонча 16, кв. 3, лічильники: БЕЗ НОМЕРА - 1 шт., вартість: 350 грн., примітки: 1 х/в код 137 11-15 30хв додано до БД користувачем [Сміян Альона].
[2024-09-25T09:26:05.618] [INFO] DataBase - У заявці Заміна від 25 вересня 2024 р. за адресою вул. Гонча, буд. 16, кв. 3 додано виконавця Баранов та додано дату виконання 27 вересня 2024 р. користувачем [Сміян Альона].
[25-Sep-2024 09:26:07 Europe/Helsinki] NewDATA [INFO] Новий лічильник номер: 081965, тип: КВ-1,5 => DN 15, рік випуску: 2014, показники: 0, балансоутримувач: КП "ВДК" додано до БД користувачем [Сусло Тетяна].
[25-Sep-2024 09:26:31 Europe/Helsinki] NewDATA [INFO] Новий лічильник номер: 077039, тип: КВ-1,5 => DN 15, рік випуску: 2014, показники: 0, балансоутримувач: КП "ТКЕ" додано до БД користувачем [Сусло Тетяна].
[25-Sep-2024 09:26:33 Europe/Helsinki] EditDATA [INFO] За адресою вул. Самоквасова Дмитра, буд. 9, кв. 73 користувачем [Сусло Тетяна] було додано лічильники: 081965, 077039].
[25-Sep-2024 09:27:22 Europe/Helsinki] NewDATA [INFO] Новий лічильник номер: 0576812, тип: ЛК => DN 15, рік випуску: 2018, показники: 0, балансоутримувач: КП "ТКЕ" додано до БД користувачем [Сусло Тетяна].
[25-Sep-2024 09:27:24 Europe/Helsinki] EditDATA [INFO] За адресою вул. Текстильників, буд. 39, кв. 11 користувачем [Сусло Тетяна] було додано лічильники: 0576812].
[25-Sep-2024 09:28:15 Europe/Helsinki] NewDATA [INFO] Новий лічильник номер: 063509, тип: СВК => DN 15, рік випуску: 2002, показники: 0, балансоутримувач: КП "ТКЕ" додано до БД користувачем [Сусло Тетяна].
[25-Sep-2024 09:28:17 Europe/Helsinki] EditDATA [INFO] За адресою вул. Ціолковського, буд. 2, кв. 91 користувачем [Сусло Тетяна] було додано лічильники: 063509].
[25-Sep-2024 09:29:18 Europe/Helsinki] NewDATA [INFO] Новий лічильник номер: 479766, тип: КВ-1,5 => DN 15, рік випуску: 2007, показники: 0, балансоутримувач: КП "ТКЕ" додано до БД користувачем [Сусло Тетяна].
[25-Sep-2024 09:29:43 Europe/Helsinki] NewDATA [INFO] Новий лічильник номер: 478385, тип: КВ-1,5 => DN 15, рік випуску: 2007, показники: 0, балансоутримувач: КП "ТКЕ" додано до БД користувачем [Сусло Тетяна].
[25-Sep-2024 09:29:45 Europe/Helsinki] EditDATA [INFO] За адресою вул. Текстильників, буд. 11, корп. А, кв. 129 користувачем [Сусло Тетяна] було додано лічильники: 479766, 478385].
[25-Sep-2024 09:30:26 Europe/Helsinki] DellTASK [INFO] Повірка від 27.08.2024 для адреси вул. Ціолковського, буд. 12, кв. 74 для лічильника БЕЗ НОМЕРА - 2 шт. було відмінено користувачем [Сусло Тетяна] з коментарем: повірили раніше.
[25-Sep-2024 09:33:49 Europe/Helsinki] NewDATA [INFO] Нова адреса просп. Перемоги, буд. 21, кв. 112, тел. +38 (067) 764-57-45 додана до БД користувачем [Сміян Альона].
[25-Sep-2024 09:35:03 Europe/Helsinki] NewDATA [INFO] Нова заявка Повірка, адреса: просп. Перемоги 21, кв. 112, лічильники: БЕЗ НОМЕРА - 4 шт., вартість: 1200 грн., примітки: 12-16 30хв додано до БД користувачем [Сміян Альона].
[2024-09-25T09:35:09.304] [INFO] DataBase - У заявці Повірка від 25 вересня 2024 р. за адресою просп. Перемоги, буд. 21, кв. 112 додано виконавця ЗАПЛАНОВАНІ та додано дату виконання 27 вересня 2024 р. користувачем [Сміян Альона].
[25-Sep-2024 09:41:12 Europe/Helsinki] EditDATA [INFO] Для заявки Заміна від 24.09.2024 користувачем [Коваль Людмила] змінено вартість робіт з 1060 грн. на 350 грн.
[25-Sep-2024 09:46:16 Europe/Helsinki] NewDATA [INFO] Нова заявка Заміна, адреса: вул. Пятницька 72 корпус 3, кв. 1, лічильники: 6923281, виконавець: Баранов, вартість: 1060 грн., примітки: 10-15, 1хв, туалет, № 6923281 додано до БД користувачем [Сусло Тетяна].
[2024-09-25T09:46:26.538] [INFO] DataBase - У заявці Заміна від 25 вересня 2024 р. за адресою вул. Пятницька, буд. 72, корп. 3, кв. 1 додано дату виконання 27 вересня 2024 р. користувачем [Сусло Тетяна].
[25-Sep-2024 09:46:46 Europe/Helsinki] NewDATA [INFO] Нова адреса вул. Мстиславська, буд. 181, кв. 11, тел. +38 (050) 136-72-59 додана до БД користувачем [Коваль Людмила].
[25-Sep-2024 09:56:13 Europe/Helsinki] NewDATA [INFO] Нова заявка Повірка, адреса: вул. Мстиславська 181, кв. 11, лічильники: БЕЗ НОМЕРА - 2 шт., вартість: 600 грн., примітки: 14-18,пер.за 30 хв додано до БД користувачем [Коваль Людмила].
[2024-09-25T09:56:31.976] [INFO] DataBase - У заявці Повірка від 25 вересня 2024 р. за адресою вул. Мстиславська, буд. 181, кв. 11 додано виконавця ЗАПЛАНОВАНІ та додано дату виконання 26 вересня 2024 р. користувачем [Коваль Людмила].
[25-Sep-2024 09:56:35 Europe/Helsinki] EditDATA [INFO] Для заявки Заміна від 23.09.2024 користувачем [Сміян Альона] змінено примітки з 8-13, за 1 год, 1гв, кухня на до 15,30 за 1 год, 1гв, кухня.
[25-Sep-2024 09:57:24 Europe/Helsinki] EditDATA [INFO] За адресою пров. Кривоноса 3-й 1, кв. 69 користувачем [Коваль Людмила] змінені номери телефонів з +38(073)211-31-60, +38(096)525-40-06, +38(093)322-84-23 на +38(073)211-31-60, при створенні нової заявки [Повірка] від 25.09.2024.
[25-Sep-2024 09:57:25 Europe/Helsinki] NewDATA [INFO] Нова заявка Повірка, адреса: пров. Кривоноса 3-й 1, кв. 69, лічильники: БЕЗ НОМЕРА - 2 шт., вартість: 600 грн., примітки: 14-18 додано до БД користувачем [Коваль Людмила].
[2024-09-25T09:57:47.634] [INFO] DataBase - У заявці Повірка від 25 вересня 2024 р. за адресою пров. Кривоноса 3-й, буд. 1, кв. 69 додано виконавця ЗАПЛАНОВАНІ та додано дату виконання 30 вересня 2024 р. користувачем [Коваль Людмила].
[25-Sep-2024 09:58:52 Europe/Helsinki] EditDATA [INFO] За адресою просп. Левка Лукяненка 25, кв. 42 користувачем [Коваль Людмила] змінені номери телефонів з +38(0462)95-45-17, +38(0462)60-15-74 на +38(093)077-94-91, при створенні нової заявки [Повірка] від 25.09.2024.
[25-Sep-2024 09:58:52 Europe/Helsinki] NewDATA [INFO] Нова заявка Повірка, адреса: просп. Левка Лукяненка 25, кв. 42, лічильники: БЕЗ НОМЕРА - 1 шт., вартість: 300 грн., примітки: 14-18,пер.за 30 хв додано до БД користувачем [Коваль Людмила].
[25-Sep-2024 09:58:56 Europe/Helsinki] DellTASK [INFO] Повірка від 23.09.2024 для адреси вул. Любецька, буд. 31, кв. 32 для лічильника БЕЗ НОМЕРА - 2 шт. було завершено користувачем [Сусло Тетяна] з коментарем: виконано.
[2024-09-25T09:59:09.444] [INFO] DataBase - У заявці Повірка від 25 вересня 2024 р. за адресою просп. Левка Лукяненка, буд. 25, кв. 42 додано виконавця ЗАПЛАНОВАНІ та додано дату виконання 30 вересня 2024 р. користувачем [Коваль Людмила].
[25-Sep-2024 10:03:50 Europe/Helsinki] EditDATA [INFO] За адресою вул. курсанта Єськова 8 корпус А, кв. 120 користувачем [Сусло Тетяна] змінені номери телефонів з +38(093)336-95-33, +38(063)207-32-75, +38(093)336-95-31 на +38(063)207-32-75, при створенні нової заявки [Повірка] від 25.09.2024.
[25-Sep-2024 10:03:50 Europe/Helsinki] NewDATA [INFO] Нова заявка Повірка, адреса: вул. курсанта Єськова 8 корпус А, кв. 120, лічильники: БЕЗ НОМЕРА - 1 шт., вартість: 300 грн., примітки: 13-17 додано до БД користувачем [Сусло Тетяна].
[2024-09-25T10:03:59.548] [INFO] DataBase - У заявці Повірка від 25 вересня 2024 р. за адресою вул. курсанта Єськова, буд. 8, корп. А, кв. 120 додано виконавця ЗАПЛАНОВАНІ та додано дату виконання 26 вересня 2024 р. користувачем [Сусло Тетяна].
[25-Sep-2024 10:05:02 Europe/Helsinki] DellTASK [INFO] Повірка від 23.09.2024 для адреси вул. Захисників України, буд. 16, кв. 35 для лічильника БЕЗ НОМЕРА - 4 шт. було завершено користувачем [Сусло Тетяна] з коментарем: виконано.
[25-Sep-2024 10:05:20 Europe/Helsinki] DellTASK [INFO] Повірка від 23.09.2024 для адреси вул. Захисників України, буд. 15, корп. А, кв. 38 для лічильника БЕЗ НОМЕРА - 2 шт. було завершено користувачем [Сусло Тетяна] з коментарем: виконано.
[25-Sep-2024 10:05:36 Europe/Helsinki] NewDATA [INFO] Нова адреса вул. Жабинського, буд. 13, кв. 25, тел. +38 (095) 624-21-50 додана до БД користувачем [Коваль Людмила].
[25-Sep-2024 10:05:41 Europe/Helsinki] DellTASK [INFO] Повірка від 19.09.2024 для адреси вул. Богуна Івана, буд. 44, кв. 98 для лічильника БЕЗ НОМЕРА - 2 шт. було завершено користувачем [Сусло Тетяна] з коментарем: виконано 1 лічильник.
[25-Sep-2024 10:06:01 Europe/Helsinki] DellTASK [INFO] Повірка від 16.09.2024 для адреси вул. Мазепи Івана, буд. 54, кв. 100 для лічильника БЕЗ НОМЕРА - 2 шт. було завершено користувачем [Сусло Тетяна] з коментарем: виконано.
[25-Sep-2024 10:06:07 Europe/Helsinki] NewDATA [INFO] Нова заявка Повірка, адреса: вул. Жабинського 13, кв. 25, лічильники: БЕЗ НОМЕРА - 1 шт., вартість: 300 грн., примітки: 13-17 додано до БД користувачем [Коваль Людмила].
[25-Sep-2024 10:06:16 Europe/Helsinki] DellTASK [INFO] Повірка від 18.09.2024 для адреси вул. Мазепи Івана, буд. 40, кв. 5 для лічильника БЕЗ НОМЕРА - 1 шт. було завершено користувачем [Сусло Тетяна] з коментарем: виконано.
[2024-09-25T10:06:55.426] [INFO] DataBase - У заявці Повірка від 25 вересня 2024 р. за адресою вул. Жабинського, буд. 13, кв. 25 додано виконавця ЗАПЛАНОВАНІ та додано дату виконання 27 вересня 2024 р. користувачем [Коваль Людмила].
[25-Sep-2024 10:07:41 Europe/Helsinki] DellTASK [INFO] Повірка від 19.09.2024 для адреси пров. Коцюбинського, буд. 5, кв. 22 для лічильника БЕЗ НОМЕРА - 1 шт. було завершено користувачем [Сусло Тетяна] з коментарем: виконано.
[25-Sep-2024 10:07:54 Europe/Helsinki] DellTASK [INFO] Повірка від 03.09.2024 для адреси вул. Мазепи Івана, буд. 22, кв. 15 для лічильника БЕЗ НОМЕРА - 2 шт. було завершено користувачем [Сусло Тетяна] з коментарем: виконано.
[25-Sep-2024 10:08:42 Europe/Helsinki] NewDATA [INFO] Новий лічильник номер: 069977, тип: КВ-1,5 => DN 15, рік випуску: 2012, показники: 0, балансоутримувач: КП "ВДК" додано до БД користувачем [Сусло Тетяна].
[25-Sep-2024 10:08:44 Europe/Helsinki] EditDATA [INFO] За адресою пров. Коцюбинського, буд. 5, кв. 22 користувачем [Сусло Тетяна] було додано лічильники: 069977].
[25-Sep-2024 10:09:55 Europe/Helsinki] NewDATA [INFO] Новий лічильник номер: 256887, тип: КВ-1,5 => DN 15, рік випуску: 2006, показники: 0, балансоутримувач: КП "ВДК" додано до БД користувачем [Сусло Тетяна].
[25-Sep-2024 10:10:25 Europe/Helsinki] NewDATA [INFO] Новий лічильник номер: 640410, тип: КВ-1,5 => DN 15, рік випуску: 2005, показники: 0, балансоутримувач: КП "ТКЕ" додано до БД користувачем [Сусло Тетяна].
[25-Sep-2024 10:10:34 Europe/Helsinki] EditDATA [INFO] За адресою вул. Мазепи Івана, буд. 22, кв. 15 користувачем [Сусло Тетяна] було додано лічильники: 256887, 640410].
[25-Sep-2024 10:14:53 Europe/Helsinki] EditDATA [INFO] За адресою просп. Перемоги 14, кв. 55 користувачем [Сусло Тетяна] змінені номери телефонів з +38(093)718-38-29, +38(063)248-52-51 на +38(093)718-38-29, при створенні нової заявки [Повірка] від 25.09.2024.
[25-Sep-2024 10:14:53 Europe/Helsinki] NewDATA [INFO] Нова заявка Повірка, адреса: просп. Перемоги 14, кв. 55, лічильники: БЕЗ НОМЕРА - 2 шт., вартість: 600 грн., примітки: 13-17, за 30 хв додано до БД користувачем [Сусло Тетяна].
[2024-09-25T10:15:06.050] [INFO] DataBase - У заявці Повірка від 25 вересня 2024 р. за адресою просп. Перемоги, буд. 14, кв. 55 додано виконавця ЗАПЛАНОВАНІ та додано дату виконання 27 вересня 2024 р. користувачем [Сусло Тетяна].
[25-Sep-2024 10:16:16 Europe/Helsinki] NewDATA [INFO] Новий лічильник номер: 0040503, тип: ТАКТ => DN 15, рік випуску: 2014, показники: 0, балансоутримувач: КП "ВДК" додано до БД користувачем [Сусло Тетяна].
[25-Sep-2024 10:16:18 Europe/Helsinki] EditDATA [INFO] За адресою вул. Мазепи Івана, буд. 40, кв. 5 користувачем [Сусло Тетяна] було додано лічильники: 0040503].
[25-Sep-2024 10:17:18 Europe/Helsinki] NewDATA [INFO] Новий лічильник номер: 5455556, тип: ЛК => DN 15, рік випуску: 2016, показники: 0, балансоутримувач: КП "ВДК" додано до БД користувачем [Сусло Тетяна].
[25-Sep-2024 10:17:51 Europe/Helsinki] NewDATA [INFO] Новий лічильник номер: 6853375, тип: ЛК => DN 15, рік випуску: 2016, показники: 0, балансоутримувач: КП "ТКЕ" додано до БД користувачем [Сусло Тетяна].
[25-Sep-2024 10:17:58 Europe/Helsinki] EditDATA [INFO] За адресою вул. Мазепи Івана, буд. 54, кв. 100 користувачем [Сусло Тетяна] було додано лічильники: 5455556, 6853375].
[25-Sep-2024 10:18:52 Europe/Helsinki] NewDATA [INFO] Новий лічильник номер: 0274565, тип: ЛК => DN 15, рік випуску: 2010, показники: 0, балансоутримувач: КП "ВДК" додано до БД користувачем [Сусло Тетяна].
[25-Sep-2024 10:19:34 Europe/Helsinki] NewDATA [INFO] Новий лічильник номер: 0232326, тип: ЛК => DN 15, рік випуску: 2010, показники: 0, балансоутримувач: КП "ТКЕ" додано до БД користувачем [Сусло Тетяна].
[25-Sep-2024 10:20:20 Europe/Helsinki] EditDATA [INFO] За адресою вул. Любецька, буд. 31, кв. 32 користувачем [Сусло Тетяна] було додано лічильники: 0274565, 0232326].
[25-Sep-2024 10:23:19 Europe/Helsinki] NewDATA [INFO] Новий лічильник номер: 278404, тип: КВ-1,5 => DN 15, рік випуску: 2004, показники: 0, балансоутримувач: КП "ВДК" додано до БД користувачем [Сусло Тетяна].
[25-Sep-2024 10:23:21 Europe/Helsinki] EditDATA [INFO] За адресою вул. Богуна Івана, буд. 44, кв. 98 користувачем [Сусло Тетяна] було додано лічильники: 278404].
[25-Sep-2024 10:24:13 Europe/Helsinki] NewDATA [INFO] Новий лічильник номер: 0200189000, тип: ЛК => DN 15, рік випуску: 2020, показники: 0, балансоутримувач: КП "ВДК" додано до БД користувачем [Сусло Тетяна].
[25-Sep-2024 10:24:51 Europe/Helsinki] NewDATA [INFO] Новий лічильник номер: 6084474, тип: ЛК => DN 15, рік випуску: 2006, показники: 0, балансоутримувач: АТ "ОТКЕ" додано до БД користувачем [Сусло Тетяна].
[25-Sep-2024 10:24:53 Europe/Helsinki] EditDATA [INFO] За адресою вул. Захисників України, буд. 15, корп. А, кв. 38 користувачем [Сусло Тетяна] було додано лічильники: 0200189000, 6084474].
[25-Sep-2024 10:25:48 Europe/Helsinki] NewDATA [INFO] Новий лічильник номер: 168325, тип: КВ-1,5 => DN 15, рік випуску: 2004, показники: 0, балансоутримувач: КП "ВДК" додано до БД користувачем [Сусло Тетяна].
[25-Sep-2024 10:26:18 Europe/Helsinki] NewDATA [INFO] Новий лічильник номер: 166277, тип: КВ-1,5 => DN 15, рік випуску: 2004, показники: 0, балансоутримувач: АТ "ОТКЕ" додано до БД користувачем [Сусло Тетяна].
[25-Sep-2024 10:26:44 Europe/Helsinki] NewDATA [INFO] Новий лічильник номер: 168283, тип: КВ-1,5 => DN 15, рік випуску: 2004, показники: 0, балансоутримувач: КП "ВДК" додано до БД користувачем [Сусло Тетяна].
[25-Sep-2024 10:27:41 Europe/Helsinki] NewDATA [INFO] Новий лічильник номер: 107004, тип: КВ-1,5 => DN 15, рік випуску: 2004, показники: 0, балансоутримувач: АТ "ОТКЕ" додано до БД користувачем [Сусло Тетяна].
[25-Sep-2024 10:27:43 Europe/Helsinki] EditDATA [INFO] За адресою вул. Захисників України, буд. 16, кв. 35 користувачем [Сусло Тетяна] було додано лічильники: 168325, 166277, 168283, 107004].
[25-Sep-2024 10:37:10 Europe/Helsinki] EditDATA [INFO] За адресою вул. Текстильників 13, кв. 57 користувачем [Сусло Тетяна] змінені номери телефонів з +38(063)478-48-27, +38(093)194-69-73, +38(093)485-33-28 на +38(093)485-33-28, при створенні нової заявки [Повірка] від 25.09.2024.
[25-Sep-2024 10:37:10 Europe/Helsinki] NewDATA [INFO] Нова заявка Повірка, адреса: вул. Текстильників 13, кв. 57, лічильники: БЕЗ НОМЕРА - 1 шт., вартість: 300 грн., примітки: 13-17, за 30 хв додано до БД користувачем [Сусло Тетяна].
[2024-09-25T10:37:16.110] [INFO] DataBase - У заявці Повірка від 25 вересня 2024 р. за адресою вул. Текстильників, буд. 13, кв. 57 додано виконавця ЗАПЛАНОВАНІ та додано дату виконання 30 вересня 2024 р. користувачем [Сусло Тетяна].
[25-Sep-2024 10:39:28 Europe/Helsinki] DellTASK [INFO] Повірка від 16.09.2024 для адреси вул. Доценка, буд. 30, корп. А, кв. 26 для лічильника БЕЗ НОМЕРА - 2 шт. було завершено користувачем [Сусло Тетяна] з коментарем: виконано.
[25-Sep-2024 10:40:23 Europe/Helsinki] DellTASK [INFO] Повірка від 23.09.2024 для адреси вул. Захисників України, буд. 10, корп. А, кв. 40 для лічильника БЕЗ НОМЕРА - 2 шт. було завершено користувачем [Сусло Тетяна] з коментарем: виконано.
[25-Sep-2024 10:40:42 Europe/Helsinki] DellTASK [INFO] Повірка від 20.09.2024 для адреси просп. Левка Лукяненка, буд. 14, корп. А, кв. 45 для лічильника БЕЗ НОМЕРА - 1 шт. було завершено користувачем [Сусло Тетяна] з коментарем: виконано.
[25-Sep-2024 10:41:02 Europe/Helsinki] DellTASK [INFO] Повірка від 23.09.2024 для адреси просп. Левка Лукяненка, буд. 16, кв. 171 для лічильника БЕЗ НОМЕРА - 1 шт. було завершено користувачем [Сусло Тетяна] з коментарем: виконано.
[25-Sep-2024 10:41:22 Europe/Helsinki] DellTASK [INFO] Повірка від 23.09.2024 для адреси вул. Космонавтів, буд. 10, кв. 6 для лічильника БЕЗ НОМЕРА - 2 шт. було завершено користувачем [Сусло Тетяна] з коментарем: виконано.
[25-Sep-2024 10:41:41 Europe/Helsinki] DellTASK [INFO] Повірка від 23.09.2024 для адреси вул. Доценка, буд. 30, кв. 93 для лічильника БЕЗ НОМЕРА - 2 шт. було завершено користувачем [Сусло Тетяна] з коментарем: виконано.
[25-Sep-2024 10:41:59 Europe/Helsinki] DellTASK [INFO] Повірка від 23.09.2024 для адреси вул. Доценка, буд. 26, кв. 258 для лічильника БЕЗ НОМЕРА - 2 шт. було завершено користувачем [Сусло Тетяна] з коментарем: виконано.
[25-Sep-2024 10:42:18 Europe/Helsinki] DellTASK [INFO] Повірка від 18.09.2024 для адреси вул. Освіти, буд. 86, кв. 119 для лічильника БЕЗ НОМЕРА - 2 шт. було завершено користувачем [Сусло Тетяна] з коментарем: виконано.
[25-Sep-2024 10:44:12 Europe/Helsinki] NewDATA [INFO] Новий лічильник номер: 0200201897, тип: ЛК => DN 15, рік випуску: 2020, показники: 0, балансоутримувач: КП "ВДК" додано до БД користувачем [Сусло Тетяна].
[25-Sep-2024 10:44:48 Europe/Helsinki] NewDATA [INFO] Новий лічильник номер: 0200211239, тип: ЛК => DN 15, рік випуску: 2020, показники: 0, балансоутримувач: АТ "ОТКЕ" додано до БД користувачем [Сусло Тетяна].
[25-Sep-2024 10:44:50 Europe/Helsinki] EditDATA [INFO] За адресою вул. Освіти, буд. 86, кв. 119 користувачем [Сусло Тетяна] було додано лічильники: 0200201897, 0200211239].
[25-Sep-2024 10:46:02 Europe/Helsinki] NewDATA [INFO] Новий лічильник номер: 6877534, тип: ЛК => DN 15, рік випуску: 2016, показники: 0, балансоутримувач: КП "ВДК" додано до БД користувачем [Сусло Тетяна].
[25-Sep-2024 10:46:31 Europe/Helsinki] NewDATA [INFO] Новий лічильник номер: 6854497, тип: ЛК => DN 15, рік випуску: 2016, показники: 0, балансоутримувач: АТ "ОТКЕ" додано до БД користувачем [Сусло Тетяна].
[25-Sep-2024 10:46:36 Europe/Helsinki] EditDATA [INFO] За адресою вул. Доценка, буд. 26, кв. 258 користувачем [Сусло Тетяна] було додано лічильники: 6877534, 6854497].
[25-Sep-2024 10:47:58 Europe/Helsinki] NewDATA [INFO] Новий лічильник номер: 245394, тип: КВ-1,5 => DN 15, рік випуску: 2015, показники: 0, балансоутримувач: КП "ВДК" додано до БД користувачем [Сусло Тетяна].
[25-Sep-2024 10:48:39 Europe/Helsinki] NewDATA [INFO] Новий лічильник номер: 007280, тип: КВ-1,5 => DN 15, рік випуску: 2020, показники: 0, балансоутримувач: АТ "ОТКЕ" додано до БД користувачем [Сусло Тетяна].
[25-Sep-2024 10:48:42 Europe/Helsinki] EditDATA [INFO] За адресою вул. Доценка, буд. 30, кв. 93 користувачем [Сусло Тетяна] було додано лічильники: 245394, 007280].
[25-Sep-2024 10:49:29 Europe/Helsinki] NewDATA [INFO] Новий лічильник номер: 542567, тип: КВ-1,5 => DN 15, рік випуску: 2008, показники: 0, балансоутримувач: КП "ВДК" додано до БД користувачем [Сусло Тетяна].
[25-Sep-2024 10:50:19 Europe/Helsinki] NewDATA [INFO] Новий лічильник номер: 257899, тип: КВ-1,5 => DN 15, рік випуску: 2012, показники: 0, балансоутримувач: АТ "ОТКЕ" додано до БД користувачем [Сусло Тетяна].
[25-Sep-2024 10:50:22 Europe/Helsinki] EditDATA [INFO] За адресою вул. Космонавтів, буд. 10, кв. 6 користувачем [Сусло Тетяна] було додано лічильники: 542567, 257899].
[25-Sep-2024 10:51:09 Europe/Helsinki] NewDATA [INFO] Новий лічильник номер: 584766, тип: КВ-1,5 => DN 15, рік випуску: 2001, показники: 0, балансоутримувач: КП "ВДК" додано до БД користувачем [Сусло Тетяна].
[25-Sep-2024 10:51:11 Europe/Helsinki] EditDATA [INFO] За адресою просп. Левка Лукяненка, буд. 16, кв. 171 користувачем [Сусло Тетяна] було додано лічильники: 584766].
[25-Sep-2024 10:51:55 Europe/Helsinki] NewDATA [INFO] Новий лічильник номер: 5332960, тип: ЛК => DN 15, рік випуску: 2005, показники: 0, балансоутримувач: КП "ВДК" додано до БД користувачем [Сусло Тетяна].
[25-Sep-2024 10:51:58 Europe/Helsinki] EditDATA [INFO] За адресою просп. Левка Лукяненка, буд. 14, корп. А, кв. 45 користувачем [Сусло Тетяна] було додано лічильники: 5332960].
[25-Sep-2024 10:52:36 Europe/Helsinki] NewDATA [INFO] Новий лічильник номер: 700114, тип: КВ-1,5 => DN 15, рік випуску: 2002, показники: 0, балансоутримувач: КП "ВДК" додано до БД користувачем [Сусло Тетяна].
[25-Sep-2024 10:53:02 Europe/Helsinki] NewDATA [INFO] Новий лічильник номер: 491519, тип: КВ-1,5 => DN 15, рік випуску: 2006, показники: 0, балансоутримувач: АТ "ОТКЕ" додано до БД користувачем [Сусло Тетяна].
[25-Sep-2024 10:53:05 Europe/Helsinki] EditDATA [INFO] За адресою вул. Захисників України, буд. 10, корп. А, кв. 40 користувачем [Сусло Тетяна] було додано лічильники: 700114, 491519].
[25-Sep-2024 10:54:09 Europe/Helsinki] NewDATA [INFO] Новий лічильник номер: 6926822, тип: ЛК => DN 15, рік випуску: 2016, показники: 0, балансоутримувач: КП "ВДК" додано до БД користувачем [Сусло Тетяна].
[25-Sep-2024 10:54:32 Europe/Helsinki] NewDATA [INFO] Новий лічильник номер: 6506783, тип: ЛК => DN 15, рік випуску: 2016, показники: 0, балансоутримувач: АТ "ОТКЕ" додано до БД користувачем [Сусло Тетяна].
[25-Sep-2024 10:54:34 Europe/Helsinki] EditDATA [INFO] За адресою вул. Доценка, буд. 30, корп. А, кв. 26 користувачем [Сусло Тетяна] було додано лічильники: 6926822, 6506783].
[25-Sep-2024 11:07:28 Europe/Helsinki] EditDATA [INFO] За адресою просп. Левка Лукяненка 16, кв. 122 користувачем [Коваль Людмила] змінені номери телефонів з +38(063)310-47-99, +38(066)253-57-46 на +38(063)537-20-32, при створенні нової заявки [Повірка] від 25.09.2024.
[25-Sep-2024 11:07:29 Europe/Helsinki] NewDATA [INFO] Нова заявка Повірка, адреса: просп. Левка Лукяненка 16, кв. 122, лічильники: БЕЗ НОМЕРА - 2 шт., вартість: 600 грн., примітки: в любий час.пер.за 30 хв. додано до БД користувачем [Коваль Людмила].
[2024-09-25T11:07:43.516] [INFO] DataBase - У заявці Повірка від 25 вересня 2024 р. за адресою просп. Левка Лукяненка, буд. 16, кв. 122 додано виконавця ЗАПЛАНОВАНІ та додано дату виконання 26 вересня 2024 р. користувачем [Коваль Людмила].
[25-Sep-2024 11:08:42 Europe/Helsinki] NewDATA [INFO] Нова адреса вул. Мстиславська, буд. 42, кв. 71, тел. +38 (067) 686-06-32 додана до БД користувачем [Коваль Людмила].
[25-Sep-2024 11:09:20 Europe/Helsinki] NewDATA [INFO] Нова заявка Повірка, адреса: вул. Мстиславська 42, кв. 71, лічильники: БЕЗ НОМЕРА - 1 шт., вартість: 300 грн., примітки: 14-18,пер.за 30 хв додано до БД користувачем [Коваль Людмила].
[2024-09-25T11:09:36.170] [INFO] DataBase - У заявці Повірка від 25 вересня 2024 р. за адресою вул. Мстиславська, буд. 42, кв. 71 додано виконавця ЗАПЛАНОВАНІ та додано дату виконання 26 вересня 2024 р. користувачем [Коваль Людмила].
[25-Sep-2024 11:10:24 Europe/Helsinki] NewDATA [INFO] Нова адреса вул. Воздвиженська, буд. 3, кв. 70, тел. +38 (098) 439-92-56 додана до БД користувачем [Сусло Тетяна].
[25-Sep-2024 11:10:42 Europe/Helsinki] NewDATA [INFO] Нова адреса вул. Мазепи Івана, буд. 49, кв. 8, тел. +38 (096) 690-73-31 додана до БД користувачем [Коваль Людмила].
[25-Sep-2024 11:11:12 Europe/Helsinki] NewDATA [INFO] Нова заявка Повірка, адреса: вул. Воздвиженська 3, кв. 70, лічильники: БЕЗ НОМЕРА - 1 шт., вартість: 300 грн., примітки: 9-13, домофон не прцює додано до БД користувачем [Сусло Тетяна].
[2024-09-25T11:11:18.849] [INFO] DataBase - У заявці Повірка від 25 вересня 2024 р. за адресою вул. Воздвиженська, буд. 3, кв. 70 додано виконавця ЗАПЛАНОВАНІ та додано дату виконання 30 вересня 2024 р. користувачем [Сусло Тетяна].
[25-Sep-2024 11:49:19 Europe/Helsinki] NewDATA [INFO] Нова адреса вул. Льотна, буд. 3, корп. В, кв. 34, тел. +38 (097) 386-98-74 додана до БД користувачем [Сусло Тетяна].
[25-Sep-2024 11:49:24 Europe/Helsinki] EditDATA [INFO] За адресою вул. Космонавтів 9, кв. 17 користувачем [Сміян Альона] додано номер телефону +38(068)528-35-86, при створенні нової заявки [Повірка] від 25.09.2024.
[25-Sep-2024 11:49:24 Europe/Helsinki] NewDATA [INFO] Нова заявка Повірка, адреса: вул. Космонавтів 9, кв. 17, лічильники: БЕЗ НОМЕРА - 1 шт., вартість: 300 грн., примітки: 13-17 додано до БД користувачем [Сміян Альона].
[2024-09-25T11:49:31.750] [INFO] DataBase - У заявці Повірка від 25 вересня 2024 р. за адресою вул. Космонавтів, буд. 9, кв. 17 додано виконавця ЗАПЛАНОВАНІ та додано дату виконання 26 вересня 2024 р. користувачем [Сміян Альона].
[25-Sep-2024 11:49:45 Europe/Helsinki] NewDATA [INFO] Нова заявка Повірка, адреса: вул. Льотна 3 корпус В, кв. 34, лічильники: БЕЗ НОМЕРА - 1 шт., вартість: 300 грн., примітки: 8-13 додано до БД користувачем [Сусло Тетяна].
[2024-09-25T11:49:52.096] [INFO] DataBase - У заявці Повірка від 25 вересня 2024 р. за адресою вул. Льотна, буд. 3, корп. В, кв. 34 додано виконавця ЗАПЛАНОВАНІ та додано дату виконання 1 жовтня 2024 р. користувачем [Сусло Тетяна].
[25-Sep-2024 11:51:34 Europe/Helsinki] EditDATA [INFO] За адресою вул. Космонавтів 26, кв. 77 користувачем [Сміян Альона] змінені номери телефонів з +38(073)022-93-99 на +38(093)967-11-44, при створенні нової заявки [Повірка] від 25.09.2024.
[25-Sep-2024 11:51:34 Europe/Helsinki] NewDATA [INFO] Нова заявка Повірка, адреса: вул. Космонавтів 26, кв. 77, лічильники: БЕЗ НОМЕРА - 4 шт., вартість: 1200 грн., примітки: 13-17 додано до БД користувачем [Сміян Альона].
[2024-09-25T11:51:42.013] [INFO] DataBase - У заявці Повірка від 25 вересня 2024 р. за адресою вул. Космонавтів, буд. 26, кв. 77 додано виконавця ЗАПЛАНОВАНІ та додано дату виконання 26 вересня 2024 р. користувачем [Сміян Альона].
[25-Sep-2024 12:01:00 Europe/Helsinki] NewDATA [INFO] Нова адреса вул. Жабинського, буд. 3, кв. 8 додана до БД користувачем [Сусло Тетяна].
[25-Sep-2024 12:01:46 Europe/Helsinki] EditDATA [INFO] За адресою вул. Жабинського 3, кв. 8 користувачем [Сусло Тетяна] додано номер телефону +38(063)208-58-97, при створенні нової заявки [Повірка] від 25.09.2024.
[25-Sep-2024 12:01:46 Europe/Helsinki] NewDATA [INFO] Нова заявка Повірка, адреса: вул. Жабинського 3, кв. 8, лічильники: БЕЗ НОМЕРА - 2 шт., вартість: 600 грн., примітки: 13-18, домофон не працює додано до БД користувачем [Сусло Тетяна].
[2024-09-25T12:01:51.910] [INFO] DataBase - У заявці Повірка від 25 вересня 2024 р. за адресою вул. Жабинського, буд. 3, кв. 8 додано виконавця ЗАПЛАНОВАНІ та додано дату виконання 27 вересня 2024 р. користувачем [Сусло Тетяна].
[25-Sep-2024 12:23:56 Europe/Helsinki] NewDATA [INFO] Нова адреса вул. Любецька, буд. 21, кв. 76, тел. +38 (063) 830-68-54 додана до БД користувачем [Сміян Альона].
[25-Sep-2024 12:24:23 Europe/Helsinki] NewDATA [INFO] Нова заявка Повірка, адреса: вул. Любецька 21, кв. 76, лічильники: БЕЗ НОМЕРА - 4 шт., вартість: 1200 грн., примітки: 13-17 додано до БД користувачем [Сміян Альона].
[2024-09-25T12:24:28.742] [INFO] DataBase - У заявці Повірка від 25 вересня 2024 р. за адресою вул. Любецька, буд. 21, кв. 76 додано виконавця ЗАПЛАНОВАНІ та додано дату виконання 26 вересня 2024 р. користувачем [Сміян Альона].
[25-Sep-2024 12:32:11 Europe/Helsinki] NewDATA [INFO] Нова адреса просп. Перемоги, буд. 67, кв. 73, тел. +38 (093) 537-77-06 додана до БД користувачем [Сміян Альона].
[25-Sep-2024 12:33:13 Europe/Helsinki] NewDATA [INFO] Нова заявка Повірка, адреса: просп. Перемоги 67, кв. 73, лічильники: БЕЗ НОМЕРА - 2 шт., вартість: 600 грн., примітки: 14-17 30хв додано до БД користувачем [Сміян Альона].
[2024-09-25T12:33:19.827] [INFO] DataBase - У заявці Повірка від 25 вересня 2024 р. за адресою просп. Перемоги, буд. 67, кв. 73 додано виконавця ЗАПЛАНОВАНІ та додано дату виконання 27 вересня 2024 р. користувачем [Сміян Альона].
[25-Sep-2024 12:40:07 Europe/Helsinki] NewDATA [INFO] Нова адреса вул. Милорадовичів, буд. 55, кв. 44, тел. +38 (063) 065-65-33 додана до БД користувачем [Сміян Альона].
[25-Sep-2024 12:40:44 Europe/Helsinki] NewDATA [INFO] Нова заявка Повірка, адреса: вул. Милорадовичів 55, кв. 44, лічильники: БЕЗ НОМЕРА - 1 шт., вартість: 300 грн., примітки: 8-13 1час додано до БД користувачем [Сміян Альона].
[2024-09-25T12:40:53.627] [INFO] DataBase - У заявці Повірка від 25 вересня 2024 р. за адресою вул. Милорадовичів, буд. 55, кв. 44 додано виконавця ЗАПЛАНОВАНІ та додано дату виконання 30 вересня 2024 р. користувачем [Сміян Альона].
[25-Sep-2024 12:56:38 Europe/Helsinki] EditDATA [INFO] За адресою вул. Савчука 11, кв. 135 користувачем [Сусло Тетяна] змінені номери телефонів з +38(067)787-55-69 на +38(067)787-55-69, +38(068)747-88-11, при створенні нової заявки [Повірка] від 25.09.2024.
[25-Sep-2024 12:56:38 Europe/Helsinki] NewDATA [INFO] Нова заявка Повірка, адреса: вул. Савчука 11, кв. 135, лічильники: БЕЗ НОМЕРА - 2 шт., вартість: 600 грн., примітки: 8-10, в пятницю уточнить додано до БД користувачем [Сусло Тетяна].
[2024-09-25T12:56:45.756] [INFO] DataBase - У заявці Повірка від 25 вересня 2024 р. за адресою вул. Савчука, буд. 11, кв. 135 додано виконавця ЗАПЛАНОВАНІ та додано дату виконання 30 вересня 2024 р. користувачем [Сусло Тетяна].
[25-Sep-2024 13:02:40 Europe/Helsinki] NewDATA [INFO] Нова адреса вул. Самострова, буд. 11, кв. 158, тел. +38 (063) 477-78-79 додана до БД користувачем [Сміян Альона].
[25-Sep-2024 13:03:33 Europe/Helsinki] NewDATA [INFO] Нова заявка Повірка, адреса: вул. Самострова 11, кв. 158, лічильники: БЕЗ НОМЕРА - 2 шт., вартість: 600 грн., примітки: 14-18 додано до БД користувачем [Сміян Альона].
[2024-09-25T13:03:41.253] [INFO] DataBase - У заявці Повірка від 25 вересня 2024 р. за адресою вул. Самострова, буд. 11, кв. 158 додано виконавця ЗАПЛАНОВАНІ та додано дату виконання 4 жовтня 2024 р. користувачем [Сміян Альона].
[25-Sep-2024 13:34:14 Europe/Helsinki] NewDATA [INFO] Нова адреса просп. Левка Лукяненка, буд. 16, кв. 117, тел. +38 (098) 505-52-75 додана до БД користувачем [Сміян Альона].
[25-Sep-2024 13:35:06 Europe/Helsinki] NewDATA [INFO] Нова заявка Повірка, адреса: просп. Левка Лукяненка 16, кв. 117, лічильники: БЕЗ НОМЕРА - 2 шт., вартість: 600 грн., примітки: 8-13 додано до БД користувачем [Сміян Альона].
[25-Sep-2024 13:35:14 Europe/Helsinki] NewDATA [INFO] Нова заявка Повірка, адреса: вул. Мазепи Івана 49, кв. 8, лічильники: БЕЗ НОМЕРА - 2 шт., вартість: 600 грн., примітки: 8-13 додано до БД користувачем [Коваль Людмила].
[2024-09-25T13:35:16.021] [INFO] DataBase - У заявці Повірка від 25 вересня 2024 р. за адресою просп. Левка Лукяненка, буд. 16, кв. 117 додано виконавця ЗАПЛАНОВАНІ та додано дату виконання 26 вересня 2024 р. користувачем [Сміян Альона].
[2024-09-25T13:35:28.805] [INFO] DataBase - У заявці Повірка від 25 вересня 2024 р. за адресою вул. Мазепи Івана, буд. 49, кв. 8 додано виконавця ЗАПЛАНОВАНІ та додано дату виконання 27 вересня 2024 р. користувачем [Коваль Людмила].
[25-Sep-2024 13:36:21 Europe/Helsinki] EditDATA [INFO] За адресою вул. Льотна 25 корпус А, кв. 10 користувачем [Коваль Людмила] змінені номери телефонів з +38(063)419-51-56, +38(063)646-33-70 на +38(097)023-51-53, при створенні нової заявки [Повірка] від 25.09.2024.
[25-Sep-2024 13:36:21 Europe/Helsinki] NewDATA [INFO] Нова заявка Повірка, адреса: вул. Льотна 25 корпус А, кв. 10, лічильники: БЕЗ НОМЕРА - 2 шт., вартість: 600 грн., примітки: 10-13 додано до БД користувачем [Коваль Людмила].
[2024-09-25T13:36:42.975] [INFO] DataBase - У заявці Повірка від 25 вересня 2024 р. за адресою вул. Льотна, буд. 25, корп. А, кв. 10 додано виконавця ЗАПЛАНОВАНІ та додано дату виконання 26 вересня 2024 р. користувачем [Коваль Людмила].
[25-Sep-2024 13:42:26 Europe/Helsinki] EditDATA [INFO] За адресою вул. Доценка 17, кв. 103 користувачем [Сміян Альона] змінені номери телефонів з +38(0462)95-06-33, +38(063)488-37-61 на +38(063)488-37-61, при створенні нової заявки [Повірка] від 25.09.2024.
[25-Sep-2024 13:42:26 Europe/Helsinki] NewDATA [INFO] Нова заявка Повірка, адреса: вул. Доценка 17, кв. 103, лічильники: БЕЗ НОМЕРА - 2 шт., вартість: 600 грн., примітки: 8-13 30хв додано до БД користувачем [Сміян Альона].
[2024-09-25T13:42:36.593] [INFO] DataBase - У заявці Повірка від 25 вересня 2024 р. за адресою вул. Доценка, буд. 17, кв. 103 додано виконавця ЗАПЛАНОВАНІ та додано дату виконання 2 жовтня 2024 р. користувачем [Сміян Альона].
[25-Sep-2024 13:42:36 Europe/Helsinki] EditDATA [INFO] За адресою вул. Космонавтів 22, кв. 42 користувачем [Коваль Людмила] додано номер телефону +38(066)568-27-76, при створенні нової заявки [Повірка] від 25.09.2024.
[25-Sep-2024 13:42:36 Europe/Helsinki] NewDATA [INFO] Нова заявка Повірка, адреса: вул. Космонавтів 22, кв. 42, лічильники: БЕЗ НОМЕРА - 4 шт., вартість: 12000 грн., примітки: 8-13,пер.за 30 хв. додано до БД користувачем [Коваль Людмила].
[2024-09-25T13:44:04.580] [INFO] DataBase - У заявці Повірка від 25 вересня 2024 р. за адресою вул. Космонавтів, буд. 22, кв. 42 додано виконавця ЗАПЛАНОВАНІ та додано дату виконання 26 вересня 2024 р. користувачем [Коваль Людмила].
[25-Sep-2024 13:44:54 Europe/Helsinki] EditDATA [INFO] За адресою вул. Космонавтів 4 корпус А, кв. 29 користувачем [Коваль Людмила] додано номер телефону +38(093)365-56-36, при створенні нової заявки [Повірка] від 25.09.2024.
[25-Sep-2024 13:44:54 Europe/Helsinki] NewDATA [INFO] Нова заявка Повірка, адреса: вул. Космонавтів 4 корпус А, кв. 29, лічильники: БЕЗ НОМЕРА - 2 шт., вартість: 600 грн., примітки: 14-18 додано до БД користувачем [Коваль Людмила].
[2024-09-25T13:45:09.506] [INFO] DataBase - У заявці Повірка від 25 вересня 2024 р. за адресою вул. Космонавтів, буд. 4, корп. А, кв. 29 додано виконавця ЗАПЛАНОВАНІ та додано дату виконання 26 вересня 2024 р. користувачем [Коваль Людмила].
[25-Sep-2024 13:49:06 Europe/Helsinki] NewDATA [INFO] Нова адреса просп. Перемоги, буд. 107, кв. 14, тел. +38 (099) 480-94-01 додана до БД користувачем [Коваль Людмила].
[25-Sep-2024 13:50:30 Europe/Helsinki] NewDATA [INFO] Нова заявка Повірка, адреса: просп. Перемоги 107, кв. 14, лічильники: БЕЗ НОМЕРА - 2 шт., вартість: 600 грн., примітки: 8-13(уточнить какие ссетчики) додано до БД користувачем [Коваль Людмила].
[2024-09-25T13:53:15.440] [INFO] DataBase - У заявці Повірка від 25 вересня 2024 р. за адресою просп. Перемоги, буд. 107, кв. 14 додано виконавця ЗАПЛАНОВАНІ та додано дату виконання 1 жовтня 2024 р. користувачем [Коваль Людмила].
[25-Sep-2024 13:54:29 Europe/Helsinki] NewDATA [INFO] Нова заявка Повірка, адреса: просп. Перемоги 114, кв. 17, лічильники: БЕЗ НОМЕРА - 2 шт., вартість: 600 грн., примітки: 16-18 додано до БД користувачем [Коваль Людмила].
[2024-09-25T13:54:46.224] [INFO] DataBase - У заявці Повірка від 25 вересня 2024 р. за адресою просп. Перемоги, буд. 114, кв. 17 додано виконавця ЗАПЛАНОВАНІ та додано дату виконання 27 вересня 2024 р. користувачем [Коваль Людмила].
[25-Sep-2024 13:56:48 Europe/Helsinki] EditDATA [INFO] Для заявки Повірка від 18.09.2024 користувачем [Коваль Людмила] лічильник БЕЗ НОМЕРА ідентифіковано як 396531.
[25-Sep-2024 13:57:29 Europe/Helsinki] EditDATA [INFO] Для заявки Повірка від 18.09.2024 користувачем [Коваль Людмила] лічильник БЕЗ НОМЕРА ідентифіковано як 476336.
[25-Sep-2024 14:01:09 Europe/Helsinki] DellTASK [INFO] Повірка від 18.09.2024 для адреси вул. Старобілоуська, буд. 33, кв. 13 для лічильників 396531, 476336 було завершено користувачем [Коваль Людмила] з коментарем: виконано.
[25-Sep-2024 14:02:08 Europe/Helsinki] EditDATA [INFO] Для заявки Повірка від 17.09.2024 користувачем [Коваль Людмила] лічильник БЕЗ НОМЕРА ідентифіковано як 047946.
[25-Sep-2024 14:02:46 Europe/Helsinki] EditDATA [INFO] Для заявки Повірка від 17.09.2024 користувачем [Коваль Людмила] лічильник БЕЗ НОМЕРА ідентифіковано як 575611.
[25-Sep-2024 14:02:57 Europe/Helsinki] DellTASK [INFO] Повірка від 17.09.2024 для адреси вул. Старобілоуська, буд. 47, кв. 8 для лічильників 047946, 575611 було завершено користувачем [Коваль Людмила] з коментарем: виконано.
[25-Sep-2024 14:11:04 Europe/Helsinki] EditDATA [INFO] Для заявки Повірка від 13.09.2024 користувачем [Коваль Людмила] лічильник БЕЗ НОМЕРА ідентифіковано як 079817.
[25-Sep-2024 14:11:29 Europe/Helsinki] DellTASK [INFO] Повірка від 13.09.2024 для адреси вул. Любецька, буд. 34, корп. А, кв. 4 для лічильника 079817 було завершено користувачем [Коваль Людмила] з коментарем: виконано.
[25-Sep-2024 14:26:22 Europe/Helsinki] EditDATA [INFO] Для заявки Повірка від 16.09.2024 користувачем [Коваль Людмила] лічильник БЕЗ НОМЕРА ідентифіковано як 071701.
[25-Sep-2024 14:27:33 Europe/Helsinki] EditDATA [INFO] Для заявки Повірка від 16.09.2024 користувачем [Коваль Людмила] лічильник БЕЗ НОМЕРА ідентифіковано як 323713.
[25-Sep-2024 14:27:42 Europe/Helsinki] DellTASK [INFO] Повірка від 16.09.2024 для адреси просп. Миру, буд. 61, кв. 11 для лічильників 071701, 323713 було завершено користувачем [Коваль Людмила] з коментарем: виконано.
[25-Sep-2024 14:28:28 Europe/Helsinki] EditDATA [INFO] За адресою вул. Шевченка 114 корпус А, кв. 17 користувачем [Сусло Тетяна] змінені номери телефонів з +38(093)809-73-05, +38(093)763-73-79 на +38(093)809-73-05, при створенні нової заявки [Повірка] від 25.09.2024.
[25-Sep-2024 14:28:28 Europe/Helsinki] NewDATA [INFO] Нова заявка Повірка, адреса: вул. Шевченка 114 корпус А, кв. 17, лічильники: БЕЗ НОМЕРА - 1 шт., вартість: 300 грн., примітки: з 13.00, за 15 хв додано до БД користувачем [Сусло Тетяна].
[2024-09-25T14:28:32.924] [INFO] DataBase - У заявці Повірка від 25 вересня 2024 р. за адресою вул. Шевченка, буд. 114, корп. А, кв. 17 додано виконавця ЗАПЛАНОВАНІ та додано дату виконання 26 вересня 2024 р. користувачем [Сусло Тетяна].
[25-Sep-2024 14:30:50 Europe/Helsinki] NewDATA [INFO] Новий лічильник номер: 091226, тип: КВ-1,5 => DN 15, рік випуску: 2015, показники: 0, балансоутримувач: КП "ВДК" додано до БД користувачем [Коваль Людмила].
[25-Sep-2024 14:30:59 Europe/Helsinki] EditDATA [INFO] Для заявки Повірка від 18.09.2024 користувачем [Коваль Людмила] лічильник БЕЗ НОМЕРА ідентифіковано як 091226.
[25-Sep-2024 14:31:10 Europe/Helsinki] DellTASK [INFO] Повірка від 18.09.2024 для адреси вул. Самострова, буд. 11, кв. 3 для лічильника 091226 було завершено користувачем [Коваль Людмила] з коментарем: виконано.
[25-Sep-2024 14:31:59 Europe/Helsinki] EditDATA [INFO] Для заявки Повірка від 16.09.2024 користувачем [Коваль Людмила] лічильник БЕЗ НОМЕРА ідентифіковано як 372783.
[25-Sep-2024 14:32:13 Europe/Helsinki] EditDATA [INFO] Для заявки Повірка від 16.09.2024 користувачем [Коваль Людмила] лічильник БЕЗ НОМЕРА ідентифіковано як 308933.
[25-Sep-2024 14:32:43 Europe/Helsinki] EditDATA [INFO] Для заявки Повірка від 16.09.2024 користувачем [Коваль Людмила] лічильник БЕЗ НОМЕРА ідентифіковано як 372597.
[25-Sep-2024 14:32:53 Europe/Helsinki] EditDATA [INFO] Для заявки Повірка від 16.09.2024 користувачем [Коваль Людмила] лічильник БЕЗ НОМЕРА ідентифіковано як 315629.
[25-Sep-2024 14:33:07 Europe/Helsinki] DellTASK [INFO] Повірка від 16.09.2024 для адреси вул. Самострова, буд. 9, кв. 83 для лічильників 372783, 308933, 372597, 315629 було завершено користувачем [Коваль Людмила] з коментарем: виконано.
[25-Sep-2024 14:33:07 Europe/Helsinki] NewDATA [INFO] Нова заявка Повірка, адреса: вул. Доценка 30 корпус А, кв. 86, лічильники: БЕЗ НОМЕРА - 2 шт., вартість: 600 грн., примітки: 8-13, код 7 додано до БД користувачем [Сусло Тетяна].
[2024-09-25T14:33:17.754] [INFO] DataBase - У заявці Повірка від 25 вересня 2024 р. за адресою вул. Доценка, буд. 30, корп. А, кв. 86 додано виконавця ЗАПЛАНОВАНІ та додано дату виконання 30 вересня 2024 р. користувачем [Сусло Тетяна].
[25-Sep-2024 14:33:38 Europe/Helsinki] EditDATA [INFO] Для заявки Повірка від 13.09.2024 користувачем [Коваль Людмила] лічильник БЕЗ НОМЕРА ідентифіковано як 200507002970.
[25-Sep-2024 14:33:48 Europe/Helsinki] EditDATA [INFO] Для заявки Повірка від 13.09.2024 користувачем [Коваль Людмила] лічильник БЕЗ НОМЕРА ідентифіковано як 134788.
[25-Sep-2024 14:34:00 Europe/Helsinki] DellTASK [INFO] Повірка від 13.09.2024 для адреси вул. Старобілоуська, буд. 14, корп. В, кв. 27 для лічильників 200507002970, 134788 було завершено користувачем [Коваль Людмила] з коментарем: виконано.
[25-Sep-2024 14:34:47 Europe/Helsinki] EditDATA [INFO] Для заявки Повірка від 16.09.2024 користувачем [Коваль Людмила] лічильник БЕЗ НОМЕРА ідентифіковано як 123505.
[25-Sep-2024 14:34:58 Europe/Helsinki] EditDATA [INFO] Для заявки Повірка від 16.09.2024 користувачем [Коваль Людмила] лічильник БЕЗ НОМЕРА ідентифіковано як 092146.
[25-Sep-2024 14:35:09 Europe/Helsinki] DellTASK [INFO] Повірка від 16.09.2024 для адреси вул. Самострова, буд. 11, кв. 8 для лічильників 123505, 092146 було завершено користувачем [Коваль Людмила] з коментарем: виконано.
[25-Sep-2024 14:50:11 Europe/Helsinki] EditDATA [INFO] За адресою пров. Кривоноса 3-й 1, кв. 44 користувачем [Коваль Людмила] змінені номери телефонів з +38(050)587-81-09 на +38(066)772-29-35, при створенні нової заявки [Повірка] від 25.09.2024.
[25-Sep-2024 14:50:11 Europe/Helsinki] NewDATA [INFO] Нова заявка Повірка, адреса: пров. Кривоноса 3-й 1, кв. 44, лічильники: БЕЗ НОМЕРА - 2 шт., вартість: 600 грн., примітки: 14-18 додано до БД користувачем [Коваль Людмила].
[2024-09-25T14:50:40.268] [INFO] DataBase - У заявці Повірка від 25 вересня 2024 р. за адресою пров. Кривоноса 3-й, буд. 1, кв. 44 додано виконавця ЗАПЛАНОВАНІ та додано дату виконання 30 вересня 2024 р. користувачем [Коваль Людмила].
[25-Sep-2024 14:51:19 Europe/Helsinki] NewDATA [INFO] Нова заявка Повірка, адреса: просп. Левка Лукяненка 46, кв. 56, лічильники: БЕЗ НОМЕРА - 2 шт., вартість: 600 грн., примітки: 9-13,пер.за 30 хв додано до БД користувачем [Коваль Людмила].
[2024-09-25T14:51:44.101] [INFO] DataBase - У заявці Повірка від 25 вересня 2024 р. за адресою просп. Левка Лукяненка, буд. 46, кв. 56 додано виконавця ЗАПЛАНОВАНІ та додано дату виконання 27 вересня 2024 р. користувачем [Коваль Людмила].
[25-Sep-2024 14:52:24 Europe/Helsinki] NewDATA [INFO] Нова адреса пров. Самоквасова Дмитра, буд. 20, кв. 92, тел. +38 (063) 766-92-74 додана до БД користувачем [Коваль Людмила].
[25-Sep-2024 14:53:33 Europe/Helsinki] NewDATA [INFO] Нова заявка Повірка, адреса: пров. Самоквасова Дмитра 20, кв. 92, лічильники: БЕЗ НОМЕРА - 4 шт., вартість: 1200 грн., примітки: 8-13,пер.за 30 хв додано до БД користувачем [Коваль Людмила].
[2024-09-25T14:53:48.424] [INFO] DataBase - У заявці Повірка від 25 вересня 2024 р. за адресою пров. Самоквасова Дмитра, буд. 20, кв. 92 додано виконавця ЗАПЛАНОВАНІ та додано дату виконання 30 вересня 2024 р. користувачем [Коваль Людмила].
[25-Sep-2024 15:06:23 Europe/Helsinki] DellTASK [INFO] Повірка від 16.09.2024 для адреси вул. Героїв Чорнобиля, буд. 10, кв. 70 для лічильника БЕЗ НОМЕРА - 1 шт. було відмінено користувачем [Сусло Тетяна] з коментарем: відмовились.
[25-Sep-2024 15:12:09 Europe/Helsinki] EditDATA [INFO] Для заявки Повірка від 25.09.2024 користувачем [Коваль Людмила] змінено виконавця з ЗАПЛАНОВАНІ на Богомаз.
[25-Sep-2024 15:12:22 Europe/Helsinki] EditDATA [INFO] Для заявки Повірка від 25.09.2024 користувачем [Коваль Людмила] змінено виконавця з ЗАПЛАНОВАНІ на Богомаз.
[25-Sep-2024 15:12:39 Europe/Helsinki] EditDATA [INFO] Для заявки Повірка від 24.09.2024 користувачем [Коваль Людмила] змінено виконавця з ЗАПЛАНОВАНІ на Богомаз.
[25-Sep-2024 15:12:53 Europe/Helsinki] EditDATA [INFO] Для заявки Повірка від 25.09.2024 користувачем [Коваль Людмила] змінено виконавця з ЗАПЛАНОВАНІ на Богомаз.
[25-Sep-2024 15:13:08 Europe/Helsinki] EditDATA [INFO] Для заявки Повірка від 24.09.2024 користувачем [Коваль Людмила] змінено виконавця з ЗАПЛАНОВАНІ на Богомаз.
[25-Sep-2024 15:13:32 Europe/Helsinki] EditDATA [INFO] Для заявки Повірка від 23.09.2024 користувачем [Коваль Людмила] змінено виконавця з ЗАПЛАНОВАНІ на Богомаз.
[25-Sep-2024 15:13:50 Europe/Helsinki] EditDATA [INFO] Для заявки Повірка від 23.09.2024 користувачем [Коваль Людмила] змінено виконавця з ЗАПЛАНОВАНІ на Сірий.
[25-Sep-2024 15:14:19 Europe/Helsinki] EditDATA [INFO] Для заявки Повірка від 23.09.2024 користувачем [Коваль Людмила] змінено виконавця з ЗАПЛАНОВАНІ на Богомаз.
[25-Sep-2024 15:14:43 Europe/Helsinki] EditDATA [INFO] Для заявки Повірка від 04.09.2024 користувачем [Коваль Людмила] змінено виконавця з ЗАПЛАНОВАНІ на Богомаз.
[25-Sep-2024 15:15:27 Europe/Helsinki] EditDATA [INFO] Для заявки Повірка від 25.09.2024 користувачем [Коваль Людмила] змінено виконавця з ЗАПЛАНОВАНІ на Осипенко.
[25-Sep-2024 15:15:58 Europe/Helsinki] EditDATA [INFO] Для заявки Повірка від 24.09.2024 користувачем [Коваль Людмила] змінено виконавця з ЗАПЛАНОВАНІ на Осипенко.
[25-Sep-2024 15:16:15 Europe/Helsinki] EditDATA [INFO] Для заявки Повірка від 23.09.2024 користувачем [Коваль Людмила] змінено виконавця з ЗАПЛАНОВАНІ на Осипенко.
[25-Sep-2024 15:16:29 Europe/Helsinki] EditDATA [INFO] Для заявки Повірка від 23.09.2024 користувачем [Коваль Людмила] змінено виконавця з ЗАПЛАНОВАНІ на Осипенко.
[25-Sep-2024 15:16:47 Europe/Helsinki] EditDATA [INFO] Для заявки Повірка від 23.09.2024 користувачем [Коваль Людмила] змінено виконавця з ЗАПЛАНОВАНІ на Осипенко.
[25-Sep-2024 15:17:13 Europe/Helsinki] EditDATA [INFO] Для заявки Повірка від 23.09.2024 користувачем [Коваль Людмила] змінено виконавця з ЗАПЛАНОВАНІ на Осипенко.
[25-Sep-2024 15:17:45 Europe/Helsinki] EditDATA [INFO] Для заявки Повірка від 23.09.2024 користувачем [Коваль Людмила] змінено виконавця з ЗАПЛАНОВАНІ на Осипенко.
[25-Sep-2024 15:17:59 Europe/Helsinki] EditDATA [INFO] Для заявки Повірка від 23.09.2024 користувачем [Коваль Людмила] змінено виконавця з ЗАПЛАНОВАНІ на Осипенко.
[25-Sep-2024 15:18:49 Europe/Helsinki] EditDATA [INFO] Для заявки Повірка від 24.09.2024 користувачем [Коваль Людмила] змінено виконавця з ЗАПЛАНОВАНІ на Сірий.
[25-Sep-2024 15:19:02 Europe/Helsinki] EditDATA [INFO] Для заявки Повірка від 25.09.2024 користувачем [Коваль Людмила] змінено виконавця з ЗАПЛАНОВАНІ на Сірий.
[25-Sep-2024 15:19:14 Europe/Helsinki] EditDATA [INFO] Для заявки Повірка від 25.09.2024 користувачем [Коваль Людмила] змінено виконавця з ЗАПЛАНОВАНІ на Сірий.
[25-Sep-2024 15:19:25 Europe/Helsinki] EditDATA [INFO] Для заявки Повірка від 24.09.2024 користувачем [Коваль Людмила] змінено виконавця з ЗАПЛАНОВАНІ на Сірий.
[25-Sep-2024 15:19:39 Europe/Helsinki] EditDATA [INFO] Для заявки Повірка від 24.09.2024 користувачем [Коваль Людмила] змінено виконавця з ЗАПЛАНОВАНІ на Сірий.
[25-Sep-2024 15:19:58 Europe/Helsinki] EditDATA [INFO] Для заявки Повірка від 23.09.2024 користувачем [Коваль Людмила] змінено виконавця з ЗАПЛАНОВАНІ на Сірий.
[25-Sep-2024 15:20:13 Europe/Helsinki] EditDATA [INFO] Для заявки Повірка від 23.09.2024 користувачем [Коваль Людмила] змінено виконавця з ЗАПЛАНОВАНІ на Сірий.
[25-Sep-2024 15:20:30 Europe/Helsinki] EditDATA [INFO] Для заявки Повірка від 23.09.2024 користувачем [Коваль Людмила] змінено виконавця з ЗАПЛАНОВАНІ на Сірий.
[25-Sep-2024 15:24:12 Europe/Helsinki] EditDATA [INFO] Для заявки Повірка від 23.09.2024 користувачем [Коваль Людмила] змінено виконавця з ЗАПЛАНОВАНІ на Осипенко.
[25-Sep-2024 15:25:50 Europe/Helsinki] EditDATA [INFO] Для заявки Повірка від 25.09.2024 користувачем [Коваль Людмила] змінено виконавця з ЗАПЛАНОВАНІ на Осипенко.
[25-Sep-2024 15:27:25 Europe/Helsinki] EditDATA [INFO] Для заявки Повірка від 25.09.2024 користувачем [Коваль Людмила] змінено примітки з 8-13,пер.за 30 хв. на 14-18,пер.за 30 хв..
[25-Sep-2024 15:27:34 Europe/Helsinki] EditDATA [INFO] Для заявки Повірка від 25.09.2024 користувачем [Коваль Людмила] змінено виконавця з ЗАПЛАНОВАНІ на Осипенко.
[25-Sep-2024 15:28:40 Europe/Helsinki] EditDATA [INFO] Для заявки Повірка від 25.09.2024 користувачем [Коваль Людмила] змінено виконавця з ЗАПЛАНОВАНІ на Осипенко.
[25-Sep-2024 15:29:04 Europe/Helsinki] EditDATA [INFO] Для заявки Повірка від 23.09.2024 користувачем [Коваль Людмила] змінено виконавця з ЗАПЛАНОВАНІ на Осипенко.
[25-Sep-2024 15:36:29 Europe/Helsinki] EditDATA [INFO] Для заявки Повірка від 23.09.2024 користувачем [Коваль Людмила] змінено примітки з 8-13 на 14-18.
[25-Sep-2024 15:39:27 Europe/Helsinki] EditDATA [INFO] Для заявки Повірка від 25.09.2024 користувачем [Коваль Людмила] змінено примітки з 8-13 на 14-18,пер.за 30 хв..
[25-Sep-2024 15:40:23 Europe/Helsinki] EditDATA [INFO] Для заявки Повірка від 25.09.2024 користувачем [Сусло Тетяна] змінено виконавця з ЗАПЛАНОВАНІ на Шкуліпа.
[25-Sep-2024 15:40:34 Europe/Helsinki] EditDATA [INFO] Для заявки Повірка від 25.09.2024 користувачем [Сусло Тетяна] змінено виконавця з ЗАПЛАНОВАНІ на Шкуліпа.
[25-Sep-2024 15:40:45 Europe/Helsinki] EditDATA [INFO] Для заявки Повірка від 25.09.2024 користувачем [Сусло Тетяна] змінено виконавця з ЗАПЛАНОВАНІ на Шкуліпа.
[25-Sep-2024 15:40:55 Europe/Helsinki] EditDATA [INFO] Для заявки Повірка від 24.09.2024 користувачем [Сусло Тетяна] змінено виконавця з ЗАПЛАНОВАНІ на Шкуліпа.
[25-Sep-2024 15:41:19 Europe/Helsinki] EditDATA [INFO] Для заявки Повірка від 24.09.2024 користувачем [Сусло Тетяна] змінено виконавця з ЗАПЛАНОВАНІ на Шкуліпа.
[25-Sep-2024 15:41:29 Europe/Helsinki] EditDATA [INFO] Для заявки Повірка від 23.09.2024 користувачем [Сусло Тетяна] змінено виконавця з ЗАПЛАНОВАНІ на Шкуліпа.
[25-Sep-2024 15:41:41 Europe/Helsinki] EditDATA [INFO] Для заявки Повірка від 23.09.2024 користувачем [Сусло Тетяна] змінено виконавця з ЗАПЛАНОВАНІ на Шкуліпа.
[25-Sep-2024 15:41:51 Europe/Helsinki] EditDATA [INFO] Для заявки Повірка від 23.09.2024 користувачем [Сусло Тетяна] змінено виконавця з ЗАПЛАНОВАНІ на Шкуліпа.
[25-Sep-2024 15:42:06 Europe/Helsinki] EditDATA [INFO] Для заявки Повірка від 23.09.2024 користувачем [Сусло Тетяна] змінено виконавця з ЗАПЛАНОВАНІ на Шкуліпа.
[25-Sep-2024 15:42:16 Europe/Helsinki] EditDATA [INFO] Для заявки Повірка від 23.09.2024 користувачем [Сусло Тетяна] змінено виконавця з ЗАПЛАНОВАНІ на Шкуліпа.
[25-Sep-2024 15:42:27 Europe/Helsinki] EditDATA [INFO] Для заявки Повірка від 23.09.2024 користувачем [Сусло Тетяна] змінено виконавця з ЗАПЛАНОВАНІ на Шкуліпа.
[25-Sep-2024 16:07:50 Europe/Helsinki] EditDATA [INFO] Для заявки Повірка від 25.09.2024 користувачем [Сусло Тетяна] змінено примітки з 14-18,пер.за 30 хв на 11-14,пер.за 30 хв.
[25-Sep-2024 16:08:19 Europe/Helsinki] EditDATA [INFO] Для заявки Повірка від 23.09.2024 користувачем [Сусло Тетяна] змінено примітки з 13-17, за 30 хв, можна раніше на 10-14, за 30 хв.
[25-Sep-2024 16:09:50 Europe/Helsinki] NewDATA [INFO] Нова заявка Повірка, адреса: вул. Льотна 5 корпус Б, кв. 38, лічильники: БЕЗ НОМЕРА - 1 шт., вартість: 300 грн., примітки: 8-13 звонка нет додано до БД користувачем [Сміян Альона].
[2024-09-25T16:09:58.138] [INFO] DataBase - У заявці Повірка від 25 вересня 2024 р. за адресою вул. Льотна, буд. 5, корп. Б, кв. 38 додано виконавця ЗАПЛАНОВАНІ та додано дату виконання 1 жовтня 2024 р. користувачем [Сміян Альона].
[2024-09-25T16:12:29.906] [INFO] DataBase - У заявці Повірка від 23 вересня 2024 р. за адресою вул. Київська, буд. 6, кв. 37 видалено дату виконання 26 вересня 2024 р. користувачем [Коваль Людмила].
[25-Sep-2024 16:12:53 Europe/Helsinki] EditDATA [INFO] Для заявки Повірка від 23.09.2024 користувачем [Коваль Людмила] змінено виконавця з Сірий на Богомаз.
[2024-09-25T16:13:08.786] [INFO] DataBase - У заявці Повірка від 23 вересня 2024 р. за адресою вул. Київська, буд. 6, кв. 37 додано дату виконання 25 вересня 2024 р. користувачем [Коваль Людмила].
[25-Sep-2024 16:27:31 Europe/Helsinki] EditDATA [INFO] За адресою вул. Захисників України 13 корпус А, кв. 7 користувачем [Коваль Людмила] змінені номери телефонів з +38(063)534-23-14 на +38(096)403-52-42, при створенні нової заявки [Повірка] від 25.09.2024.
[25-Sep-2024 16:27:31 Europe/Helsinki] NewDATA [INFO] Нова заявка Повірка, адреса: вул. Захисників України 13 корпус А, кв. 7, лічильники: БЕЗ НОМЕРА - 2 шт., вартість: 600 грн., примітки: 8-13 додано до БД користувачем [Коваль Людмила].
[2024-09-25T16:27:49.988] [INFO] DataBase - У заявці Повірка від 25 вересня 2024 р. за адресою вул. Захисників України, буд. 13, корп. А, кв. 7 додано виконавця ЗАПЛАНОВАНІ та додано дату виконання 8 жовтня 2024 р. користувачем [Коваль Людмила].
[25-Sep-2024 16:28:13 Europe/Helsinki] EditDATA [INFO] За адресою вул. Шевчука 2, кв. 7 користувачем [Сміян Альона] змінені номери телефонів з +38(063)450-09-87, +38(098)831-09-70, +38(067)725-66-96, +38(096)799-18-58 на +38(093)688-94-94, при створенні нової заявки [Повірка] від 25.09.2024.
[25-Sep-2024 16:28:13 Europe/Helsinki] NewDATA [INFO] Нова заявка Повірка, адреса: вул. Шевчука 2, кв. 7, лічильники: БЕЗ НОМЕРА - 2 шт., вартість: 600 грн., примітки: до 14 додано до БД користувачем [Сміян Альона].
[2024-09-25T16:28:21.567] [INFO] DataBase - У заявці Повірка від 25 вересня 2024 р. за адресою вул. Шевчука, буд. 2, кв. 7 додано виконавця ЗАПЛАНОВАНІ та додано дату виконання 26 вересня 2024 р. користувачем [Сміян Альона].
[25-Sep-2024 16:28:40 Europe/Helsinki] EditDATA [INFO] Для заявки Повірка від 25.09.2024 користувачем [Сміян Альона] змінено примітки з до 14 на до 14 1час.
[25-Sep-2024 16:29:03 Europe/Helsinki] EditDATA [INFO] Для заявки Повірка від 25.09.2024 користувачем [Коваль Людмила] змінено виконавця з ЗАПЛАНОВАНІ на Сірий.
[25-Sep-2024 16:41:08 Europe/Helsinki] NewDATA [INFO] Нова адреса вул. курсанта Єськова, буд. 8, корп. А, кв. 44, тел. +38 (067) 882-71-06 додана до БД користувачем [Сусло Тетяна].
[25-Sep-2024 16:46:07 Europe/Helsinki] EditDATA [INFO] За адресою вул. Незалежності 76, кв. 72 користувачем [Сусло Тетяна] змінені номери телефонів з +38(0462)61-50-82 на +38(097)953-27-90, при створенні нової заявки [Повірка] від 25.09.2024.
[25-Sep-2024 16:46:07 Europe/Helsinki] NewDATA [INFO] Нова заявка Повірка, адреса: вул. Незалежності 76, кв. 72, лічильники: БЕЗ НОМЕРА - 1 шт., вартість: 300 грн., примітки: 8-11, за 30 хв додано до БД користувачем [Сусло Тетяна].
[2024-09-25T16:46:12.954] [INFO] DataBase - У заявці Повірка від 25 вересня 2024 р. за адресою вул. Незалежності, буд. 76, кв. 72 додано виконавця ЗАПЛАНОВАНІ та додано дату виконання 3 жовтня 2024 р. користувачем [Сусло Тетяна].
[25-Sep-2024 16:47:04 Europe/Helsinki] NewDATA [INFO] Нова заявка Повірка, адреса: вул. курсанта Єськова 8 корпус А, кв. 44, лічильники: БЕЗ НОМЕРА - 1 шт., вартість: 300 грн., примітки: 13-17, за 30 хв додано до БД користувачем [Сусло Тетяна].
[2024-09-25T16:47:14.048] [INFO] DataBase - У заявці Повірка від 25 вересня 2024 р. за адресою вул. курсанта Єськова, буд. 8, корп. А, кв. 44 додано виконавця Богомаз та додано дату виконання 26 вересня 2024 р. користувачем [Сусло Тетяна].
[25-Sep-2024 16:47:45 Europe/Helsinki] EditDATA [ERROR] Лічильник с ID  не найден в базе данных.
[25-Sep-2024 16:47:55 Europe/Helsinki] EditDATA [ERROR] Лічильник с ID  не найден в базе данных.
[25-Sep-2024 16:48:11 Europe/Helsinki] EditDATA [INFO] Для заявки Повірка від 25.09.2024 користувачем [Сусло Тетяна] змінено примітки з 8-11, за 30 хв на 8-11, за 30 хв, 2 ліч.
