[05-Sep-2025 08:53:47 Europe/Helsinki] DellTASK [INFO] Повірка від 01.09.2025 для адреси вул. Всіхсвятська, буд. 12, корп. А, кв. 23 для лічильника БЕЗ НОМЕРА - 2 шт. було відмінено користувачем [Коваль Людмила] з коментарем: виконано 04.09,ст.444.
[05-Sep-2025 08:54:21 Europe/Helsinki] EditDATA [INFO] Для заявки Повірка від 02.09.2025 користувачем [Коваль Людмила] змінено виконавця з ЗАПЛАНОВАНІ на Шкуліпа.
[05-Sep-2025 08:54:31 Europe/Helsinki] EditDATA [INFO] Для заявки Повірка від 02.09.2025 користувачем [Коваль Людмила] змінено виконавця з ЗАПЛАНОВАНІ на Шкуліпа.
[05-Sep-2025 08:54:42 Europe/Helsinki] EditDATA [INFO] Для заявки Повірка від 02.09.2025 користувачем [Коваль Людмила] змінено виконавця з ЗАПЛАНОВАНІ на Шкуліпа.
[05-Sep-2025 08:54:52 Europe/Helsinki] EditDATA [INFO] Для заявки Повірка від 01.09.2025 користувачем [Коваль Людмила] змінено виконавця з ЗАПЛАНОВАНІ на Шкуліпа.
[05-Sep-2025 08:56:34 Europe/Helsinki] EditDATA [INFO] Для заявки Повірка від 01.09.2025 користувачем [Коваль Людмила] змінено виконавця з ЗАПЛАНОВАНІ на Шкуліпа.
[05-Sep-2025 08:56:44 Europe/Helsinki] EditDATA [INFO] Для заявки Повірка від 01.09.2025 користувачем [Коваль Людмила] змінено виконавця з ЗАПЛАНОВАНІ на Шкуліпа.
[05-Sep-2025 08:56:54 Europe/Helsinki] EditDATA [INFO] Для заявки Повірка від 29.08.2025 користувачем [Коваль Людмила] змінено виконавця з ЗАПЛАНОВАНІ на Шкуліпа.
[05-Sep-2025 08:57:03 Europe/Helsinki] EditDATA [INFO] Для заявки Повірка від 01.09.2025 користувачем [Коваль Людмила] змінено виконавця з ЗАПЛАНОВАНІ на Шкуліпа.
[05-Sep-2025 08:57:12 Europe/Helsinki] EditDATA [INFO] Для заявки Повірка від 01.09.2025 користувачем [Коваль Людмила] змінено виконавця з ЗАПЛАНОВАНІ на Шкуліпа.
[05-Sep-2025 08:57:50 Europe/Helsinki] EditDATA [INFO] Для заявки Повірка від 26.08.2025 користувачем [Коваль Людмила] змінено виконавця з ЗАПЛАНОВАНІ на Шкуліпа.
[05-Sep-2025 08:57:59 Europe/Helsinki] EditDATA [INFO] Для заявки Повірка від 02.09.2025 користувачем [Коваль Людмила] змінено виконавця з ЗАПЛАНОВАНІ на Шкуліпа.
[05-Sep-2025 08:58:34 Europe/Helsinki] EditDATA [INFO] Для заявки Повірка від 01.09.2025 користувачем [Коваль Людмила] змінено виконавця з ЗАПЛАНОВАНІ на Сірий.
[05-Sep-2025 08:58:44 Europe/Helsinki] EditDATA [INFO] Для заявки Повірка від 29.08.2025 користувачем [Коваль Людмила] змінено виконавця з ЗАПЛАНОВАНІ на Сірий.
[05-Sep-2025 08:58:54 Europe/Helsinki] EditDATA [INFO] Для заявки Повірка від 20.08.2025 користувачем [Коваль Людмила] змінено виконавця з ЗАПЛАНОВАНІ на Сірий.
[05-Sep-2025 09:02:41 Europe/Helsinki] DellTASK [INFO] Повірка від 27.08.2025 для адреси вул. Пятницька, буд. 61, кв. 95 для лічильника БЕЗ НОМЕРА - 2 шт. було завершено користувачем [Коваль Людмила] з коментарем: виконано.
[05-Sep-2025 09:02:57 Europe/Helsinki] DellTASK [INFO] Повірка від 02.09.2025 для адреси вул. Генерала Пухова, буд. 119, кв. 5 для лічильника БЕЗ НОМЕРА - 2 шт. було завершено користувачем [Коваль Людмила] з коментарем: виконано.
[05-Sep-2025 09:03:10 Europe/Helsinki] DellTASK [INFO] Повірка від 02.09.2025 для адреси вул. Генерала Пухова, буд. 140, кв. 17 для лічильника БЕЗ НОМЕРА - 2 шт. було завершено користувачем [Коваль Людмила] з коментарем: виконано.
[05-Sep-2025 09:03:23 Europe/Helsinki] DellTASK [INFO] Повірка від 01.09.2025 для адреси вул. Мстиславська, буд. 38, кв. 152 для лічильника БЕЗ НОМЕРА - 2 шт. було завершено користувачем [Коваль Людмила] з коментарем: виконано.
[05-Sep-2025 09:03:37 Europe/Helsinki] DellTASK [INFO] Повірка від 28.08.2025 для адреси просп. Левка Лукяненка, буд. 34, кв. 57 для лічильника БЕЗ НОМЕРА - 2 шт. було завершено користувачем [Коваль Людмила] з коментарем: виконано.
[05-Sep-2025 09:03:54 Europe/Helsinki] DellTASK [INFO] Повірка від 02.09.2025 для адреси вул. Захисників України, буд. 15, корп. А, кв. 94 для лічильника БЕЗ НОМЕРА - 2 шт. було завершено користувачем [Коваль Людмила] з коментарем: виконано.
[05-Sep-2025 09:04:09 Europe/Helsinki] DellTASK [INFO] Повірка від 01.09.2025 для адреси вул. Захисників України, буд. 10, корп. А, кв. 125 для лічильника БЕЗ НОМЕРА - 2 шт. було завершено користувачем [Коваль Людмила] з коментарем: виконано.
[05-Sep-2025 09:04:39 Europe/Helsinki] DellTASK [INFO] Повірка від 29.08.2025 для адреси вул. Захисників України, буд. 12, корп. А, кв. 7 для лічильника БЕЗ НОМЕРА - 1 шт. було завершено користувачем [Коваль Людмила] з коментарем: виконано.
[05-Sep-2025 09:04:56 Europe/Helsinki] DellTASK [INFO] Повірка від 29.08.2025 для адреси вул. Захисників України, буд. 6, кв. 92 для лічильника БЕЗ НОМЕРА - 2 шт. було завершено користувачем [Коваль Людмила] з коментарем: виконано.
[05-Sep-2025 09:05:20 Europe/Helsinki] DellTASK [INFO] Повірка від 28.08.2025 для адреси вул. Захисників України, буд. 10, корп. А, кв. 137 для лічильника БЕЗ НОМЕРА - 2 шт. було завершено користувачем [Коваль Людмила] з коментарем: виконано.
[05-Sep-2025 09:05:39 Europe/Helsinki] DellTASK [INFO] Повірка від 28.08.2025 для адреси вул. Всіхсвятська, буд. 6, кв. 125 для лічильника БЕЗ НОМЕРА - 2 шт. було завершено користувачем [Коваль Людмила] з коментарем: виконано.
[05-Sep-2025 09:05:53 Europe/Helsinki] DellTASK [INFO] Повірка від 27.08.2025 для адреси вул. Доценка, буд. 26, кв. 222 для лічильника БЕЗ НОМЕРА - 2 шт. було завершено користувачем [Коваль Людмила] з коментарем: виконано.
[05-Sep-2025 09:06:44 Europe/Helsinki] DellTASK [INFO] Повірка від 26.08.2025 для адреси вул. Всіхсвятська, буд. 2, кв. 106 для лічильника БЕЗ НОМЕРА - 2 шт. було завершено користувачем [Коваль Людмила] з коментарем: виконанр.
[05-Sep-2025 09:07:06 Europe/Helsinki] DellTASK [INFO] Повірка від 22.08.2025 для адреси вул. Доценка, буд. 24, кв. 211 для лічильника БЕЗ НОМЕРА - 4 шт. було завершено користувачем [Коваль Людмила] з коментарем: виконано.
[05-Sep-2025 09:07:56 Europe/Helsinki] DellTASK [INFO] Повірка від 21.08.2025 для адреси просп. Левка Лукяненка, буд. 6, кв. 31 для лічильника БЕЗ НОМЕРА - 2 шт. було завершено користувачем [Коваль Людмила] з коментарем: виконано.
[05-Sep-2025 09:08:50 Europe/Helsinki] NewDATA [INFO] Новий лічильник номер: 211366341, тип: СВК => DN 15, рік випуску: 2021, показники: 0, балансоутримувач: КП "ВДК" додано до БД користувачем [Коваль Людмила].
[05-Sep-2025 09:10:25 Europe/Helsinki] EditDATA [INFO] За адресою вул. Пятницька, буд. 61, кв. 95 користувачем [Коваль Людмила] було додано лічильники: 211366341].
[05-Sep-2025 09:10:48 Europe/Helsinki] NewDATA [INFO] Новий лічильник номер: 688692, тип: КВ-1,5 => DN 15, рік випуску: 2001, показники: 0, балансоутримувач: КП "ТКЕ" додано до БД користувачем [Коваль Людмила].
[05-Sep-2025 09:10:51 Europe/Helsinki] EditDATA [INFO] За адресою вул. Пятницька, буд. 61, кв. 95 користувачем [Коваль Людмила] було додано лічильники: 688692].
[05-Sep-2025 09:11:26 Europe/Helsinki] NewDATA [INFO] Новий лічильник номер: 041871, тип: КВ-1,5 => DN 15, рік випуску: 2014, показники: 0, балансоутримувач: КП "ВДК" додано до БД користувачем [Коваль Людмила].
[05-Sep-2025 09:11:48 Europe/Helsinki] NewDATA [INFO] Новий лічильник номер: 037086, тип: КВ-1,5 => DN 15, рік випуску: 2014, показники: 0, балансоутримувач: КП "ТКЕ" додано до БД користувачем [Коваль Людмила].
[05-Sep-2025 09:11:50 Europe/Helsinki] EditDATA [INFO] За адресою вул. Мстиславська, буд. 38, кв. 152 користувачем [Коваль Людмила] було додано лічильники: 041871, 037086].
[05-Sep-2025 09:16:05 Europe/Helsinki] NewDATA [INFO] Новий лічильник номер: 3165483, тип: КВ-1,5 => DN 15, рік випуску: 2001, показники: 0, балансоутримувач: КП "ВДК" додано до БД користувачем [Коваль Людмила].
[05-Sep-2025 09:16:26 Europe/Helsinki] NewDATA [INFO] Новий лічильник номер: 3157241, тип: КВ-1,5 => DN 15, рік випуску: 2001, показники: 0, балансоутримувач: АТ "ОТКЕ" додано до БД користувачем [Коваль Людмила].
[05-Sep-2025 09:16:28 Europe/Helsinki] EditDATA [INFO] За адресою вул. Генерала Пухова, буд. 140, кв. 17 користувачем [Коваль Людмила] було додано лічильники: 3165483, 3157241].
[05-Sep-2025 09:17:10 Europe/Helsinki] NewDATA [INFO] Новий лічильник номер: 399061, тип: КВ-1,5 => DN 15, рік випуску: 2000, показники: 0, балансоутримувач: КП "ВДК" додано до БД користувачем [Коваль Людмила].
[05-Sep-2025 09:17:12 Europe/Helsinki] EditDATA [INFO] За адресою вул. Генерала Пухова, буд. 119, кв. 5 користувачем [Коваль Людмила] було додано лічильники: 399061].
[05-Sep-2025 09:18:06 Europe/Helsinki] NewDATA [INFO] Нова адреса вул. Льотна, буд. 25, корп. Б, кв. 18, тел. +38 (093) 913-90-69 додана до БД користувачем [Сусло Тетяна].
[05-Sep-2025 09:18:38 Europe/Helsinki] NewDATA [INFO] Нова заявка Повірка, адреса: вул. Льотна 25 корпус Б, кв. 18, лічильники: БЕЗ НОМЕРА - 2 шт., вартість: 660 грн., примітки: 13-17 додано до БД користувачем [Сусло Тетяна].
[2025-09-05T09:18:41.200] [INFO] DataBase - У заявці Повірка від 5 вересня 2025 р. за адресою вул. Льотна, буд. 25, корп. Б, кв. 18 додано виконавця Сірий та додано дату виконання 8 вересня 2025 р. користувачем [Сусло Тетяна].
[05-Sep-2025 09:19:24 Europe/Helsinki] NewDATA [INFO] Нова адреса вул. Київська, буд. 2, кв. 147, тел. +38 (063) 771-86-89 додана до БД користувачем [Сусло Тетяна].
[05-Sep-2025 09:19:49 Europe/Helsinki] NewDATA [INFO] Нова заявка Повірка, адреса: вул. Київська 2, кв. 147, лічильники: БЕЗ НОМЕРА - 2 шт., вартість: 660 грн., примітки: 8-13 додано до БД користувачем [Сусло Тетяна].
[2025-09-05T09:19:55.868] [INFO] DataBase - У заявці Повірка від 5 вересня 2025 р. за адресою вул. Київська, буд. 2, кв. 147 додано виконавця ЗАПЛАНОВАНІ та додано дату виконання 10 вересня 2025 р. користувачем [Сусло Тетяна].
[05-Sep-2025 09:26:38 Europe/Helsinki] NewDATA [INFO] Новий лічильник номер: 7678489, тип: ЛК => DN 15, рік випуску: 2017, показники: 0, балансоутримувач: КП "ВДК" додано до БД користувачем [Коваль Людмила].
[05-Sep-2025 09:27:00 Europe/Helsinki] NewDATA [INFO] Новий лічильник номер: 7580682, тип: ЛК => DN 15, рік випуску: 2017, показники: 0, балансоутримувач: АТ "ОТКЕ" додано до БД користувачем [Коваль Людмила].
[05-Sep-2025 09:27:02 Europe/Helsinki] EditDATA [INFO] За адресою просп. Левка Лукяненка, буд. 34, кв. 57 користувачем [Коваль Людмила] було додано лічильники: 7678489, 7580682].
[05-Sep-2025 09:27:43 Europe/Helsinki] NewDATA [INFO] Новий лічильник номер: 056029, тип: КВ-1,5 => DN 15, рік випуску: 2004, показники: 0, балансоутримувач: КП "ВДК" додано до БД користувачем [Коваль Людмила].
[05-Sep-2025 09:28:06 Europe/Helsinki] NewDATA [INFO] Новий лічильник номер: 108176, тип: КВ-1,5 => DN 15, рік випуску: 2004, показники: 0, балансоутримувач: АТ "ОТКЕ" додано до БД користувачем [Коваль Людмила].
[05-Sep-2025 09:28:07 Europe/Helsinki] EditDATA [INFO] За адресою вул. Всіхсвятська, буд. 6, кв. 125 користувачем [Коваль Людмила] було додано лічильники: 056029, 108176].
[05-Sep-2025 09:28:46 Europe/Helsinki] NewDATA [INFO] Новий лічильник номер: 440164, тип: КВ-1,5 => DN 15, рік випуску: 2009, показники: 0, балансоутримувач: КП "ВДК" додано до БД користувачем [Коваль Людмила].
[05-Sep-2025 09:29:07 Europe/Helsinki] NewDATA [INFO] Новий лічильник номер: 356290, тип: КВ-1,5 => DN 15, рік випуску: 2009, показники: 0, балансоутримувач: АТ "ОТКЕ" додано до БД користувачем [Коваль Людмила].
[05-Sep-2025 09:29:08 Europe/Helsinki] EditDATA [INFO] За адресою вул. Всіхсвятська, буд. 2, кв. 106 користувачем [Коваль Людмила] було додано лічильники: 440164, 356290].
[05-Sep-2025 09:29:41 Europe/Helsinki] NewDATA [INFO] Новий лічильник номер: 165068, тип: КВ-1,5 => DN 15, рік випуску: 2017, показники: 0, балансоутримувач: КП "ВДК" додано до БД користувачем [Коваль Людмила].
[05-Sep-2025 09:30:01 Europe/Helsinki] NewDATA [INFO] Новий лічильник номер: 173069, тип: КВ-1,5 => DN 15, рік випуску: 2017, показники: 0, балансоутримувач: АТ "ОТКЕ" додано до БД користувачем [Коваль Людмила].
[05-Sep-2025 09:30:03 Europe/Helsinki] EditDATA [INFO] За адресою просп. Левка Лукяненка, буд. 6, кв. 31 користувачем [Коваль Людмила] було додано лічильники: 165068, 173069].
[05-Sep-2025 09:30:36 Europe/Helsinki] NewDATA [INFO] Новий лічильник номер: 641155, тип: КВ-1,5 => DN 15, рік випуску: 2003, показники: 0, балансоутримувач: КП "ВДК" додано до БД користувачем [Коваль Людмила].
[05-Sep-2025 09:30:55 Europe/Helsinki] NewDATA [INFO] Новий лічильник номер: 622804, тип: КВ-1,5 => DN 15, рік випуску: 2003, показники: 0, балансоутримувач: АТ "ОТКЕ" додано до БД користувачем [Коваль Людмила].
[05-Sep-2025 09:30:57 Europe/Helsinki] EditDATA [INFO] За адресою вул. Захисників України, буд. 6, кв. 92 користувачем [Коваль Людмила] було додано лічильники: 641155, 622804].
[05-Sep-2025 09:31:41 Europe/Helsinki] NewDATA [INFO] Новий лічильник номер: 173414, тип: КВ-1,5 => DN 15, рік випуску: 2017, показники: 0, балансоутримувач: КП "ВДК" додано до БД користувачем [Коваль Людмила].
[05-Sep-2025 09:32:00 Europe/Helsinki] NewDATA [INFO] Новий лічильник номер: 179126, тип: КВ-1,5 => DN 15, рік випуску: 2017, показники: 0, балансоутримувач: АТ "ОТКЕ" додано до БД користувачем [Коваль Людмила].
[05-Sep-2025 09:32:03 Europe/Helsinki] EditDATA [INFO] За адресою вул. Захисників України, буд. 10, корп. А, кв. 137 користувачем [Коваль Людмила] було додано лічильники: 173414, 179126].
[05-Sep-2025 09:32:46 Europe/Helsinki] NewDATA [INFO] Новий лічильник номер: 477269, тип: КВ-1,5 => DN 15, рік випуску: 2002, показники: 0, балансоутримувач: КП "ВДК" додано до БД користувачем [Коваль Людмила].
[05-Sep-2025 09:33:06 Europe/Helsinki] NewDATA [INFO] Новий лічильник номер: 019726, тип: КВ-1,5 => DN 15, рік випуску: 2020, показники: 0, балансоутримувач: АТ "ОТКЕ" додано до БД користувачем [Коваль Людмила].
[05-Sep-2025 09:33:09 Europe/Helsinki] EditDATA [INFO] За адресою вул. Захисників України, буд. 12, корп. А, кв. 7 користувачем [Коваль Людмила] було додано лічильники: 477269, 019726].
[05-Sep-2025 12:44:38 Europe/Helsinki] EditDATA [INFO] Для заявки Заміна від 04.09.2025 користувачем [Сусло Тетяна] змінено примітки з 8-13 на 8-13, гв.
[05-Sep-2025 12:48:46 Europe/Helsinki] EditDATA [INFO] Для заявки Повірка від 29.08.2025 користувачем [Коваль Людмила] змінено виконавця з ЗАПЛАНОВАНІ на Сірий.
[05-Sep-2025 12:49:15 Europe/Helsinki] NewDATA [INFO] Нова адреса просп. Левка Лукяненка, буд. 8, кв. 20, тел. +38 (093) 215-60-67 додана до БД користувачем [Сусло Тетяна].
[05-Sep-2025 12:49:52 Europe/Helsinki] NewDATA [INFO] Нова заявка Заміна, адреса: просп. Левка Лукяненка 8, кв. 20, лічильники: БЕЗ НОМЕРА - 4 шт., вартість: 4400 грн. додано до БД користувачем [Сусло Тетяна].
[05-Sep-2025 12:54:24 Europe/Helsinki] NewDATA [INFO] Нова адреса вул. Мстиславська, буд. 79, кв. 38, тел. +38 (095) 285-18-42 додана до БД користувачем [Сусло Тетяна].
[05-Sep-2025 12:54:48 Europe/Helsinki] NewDATA [INFO] Нова заявка Повірка, адреса: вул. Мстиславська 79, кв. 38, лічильники: БЕЗ НОМЕРА - 2 шт., вартість: 700 грн., примітки: 8-13, за 30 хв додано до БД користувачем [Сусло Тетяна].
[2025-09-05T12:54:53.330] [INFO] DataBase - У заявці Повірка від 5 вересня 2025 р. за адресою вул. Мстиславська, буд. 79, кв. 38 додано виконавця ЗАПЛАНОВАНІ та додано дату виконання 12 вересня 2025 р. користувачем [Сусло Тетяна].
[2025-09-05T12:55:06.276] [INFO] DataBase - У заявці Заміна від 5 вересня 2025 р. за адресою просп. Левка Лукяненка, буд. 8, кв. 20 додано виконавця Баранов та додано дату виконання 10 вересня 2025 р. користувачем [Сусло Тетяна].
[05-Sep-2025 12:55:14 Europe/Helsinki] EditDATA [INFO] Для заявки Заміна від 05.09.2025 користувачем [Сусло Тетяна] додано примітки 8-13.
[05-Sep-2025 13:15:48 Europe/Helsinki] NewDATA [INFO] Новий лічильник номер: 173230, тип: КВ-1,5 => DN 15, рік випуску: 2017, показники: 0, балансоутримувач: КП "ВДК" додано до БД користувачем [Коваль Людмила].
[05-Sep-2025 13:16:13 Europe/Helsinki] NewDATA [INFO] Новий лічильник номер: 179637, тип: КВ-1,5 => DN 15, рік випуску: 2017, показники: 0, балансоутримувач: АТ "ОТКЕ" додано до БД користувачем [Коваль Людмила].
[05-Sep-2025 13:16:15 Europe/Helsinki] EditDATA [INFO] За адресою вул. Захисників України, буд. 10, корп. А, кв. 125 користувачем [Коваль Людмила] було додано лічильники: 173230, 179637].
[05-Sep-2025 13:16:52 Europe/Helsinki] NewDATA [INFO] Новий лічильник номер: 353884, тип: КВ-1,5 => DN 15, рік випуску: 2004, показники: 0, балансоутримувач: КП "ВДК" додано до БД користувачем [Коваль Людмила].
[05-Sep-2025 13:17:15 Europe/Helsinki] NewDATA [INFO] Новий лічильник номер: 094849, тип: КВ-1,5 => DN 15, рік випуску: 2002, показники: 0, балансоутримувач: АТ "ОТКЕ" додано до БД користувачем [Коваль Людмила].
[05-Sep-2025 13:17:17 Europe/Helsinki] EditDATA [INFO] За адресою вул. Захисників України, буд. 15, корп. А, кв. 94 користувачем [Коваль Людмила] було додано лічильники: 353884, 094849].
[05-Sep-2025 13:18:05 Europe/Helsinki] NewDATA [INFO] Новий лічильник номер: 032243, тип: КВ-1,5 => DN 15, рік випуску: 2002, показники: 0, балансоутримувач: КП "ВДК" додано до БД користувачем [Коваль Людмила].
[05-Sep-2025 13:18:26 Europe/Helsinki] NewDATA [INFO] Новий лічильник номер: 482438, тип: КВ-1,5 => DN 15, рік випуску: 2000, показники: 0, балансоутримувач: АТ "ОТКЕ" додано до БД користувачем [Коваль Людмила].
[05-Sep-2025 13:18:45 Europe/Helsinki] NewDATA [INFO] Новий лічильник номер: 084366, тип: КВ-1,5 => DN 15, рік випуску: 2002, показники: 0, балансоутримувач: КП "ВДК" додано до БД користувачем [Коваль Людмила].
[05-Sep-2025 13:19:07 Europe/Helsinki] NewDATA [INFO] Новий лічильник номер: 334654, тип: КВ-1,5 => DN 15, рік випуску: 2000, показники: 0, балансоутримувач: АТ "ОТКЕ" додано до БД користувачем [Коваль Людмила].
[05-Sep-2025 13:19:09 Europe/Helsinki] EditDATA [INFO] За адресою вул. Доценка, буд. 24, кв. 211 користувачем [Коваль Людмила] було додано лічильники: 032243, 482438, 084366, 334654].
[05-Sep-2025 13:19:43 Europe/Helsinki] NewDATA [INFO] Новий лічильник номер: 037016, тип: КВ-1,5 => DN 15, рік випуску: 2017, показники: 0, балансоутримувач: КП "ВДК" додано до БД користувачем [Коваль Людмила].
[05-Sep-2025 13:20:29 Europe/Helsinki] NewDATA [INFO] Новий лічильник номер: 3179, тип: ЛК => DN 15, рік випуску: 1993, показники: 0, балансоутримувач: КП "ВДК" додано до БД користувачем [Коваль Людмила].
[05-Sep-2025 13:20:32 Europe/Helsinki] EditDATA [INFO] За адресою вул. Доценка, буд. 26, кв. 222 користувачем [Коваль Людмила] було додано лічильники: 037016, 3179].
[05-Sep-2025 13:20:40 Europe/Helsinki] EditDATA [INFO] Для лічильника 037016 користувачем [Коваль Людмила] змінено температуру з Холодний на Гарячий.
[05-Sep-2025 13:20:45 Europe/Helsinki] EditDATA [INFO] Для лічильника 037016 користувачем [Коваль Людмила] змінено балансоутримувача з КП "ВДК" на АТ "ОТКЕ".
[05-Sep-2025 13:21:27 Europe/Helsinki] NewDATA [INFO] Новий лічильник номер: 528499, тип: КВ-1,5 => DN 15, рік випуску: 2006, показники: 0, балансоутримувач: КП "ВДК" додано до БД користувачем [Коваль Людмила].
[05-Sep-2025 13:21:47 Europe/Helsinki] NewDATA [INFO] Новий лічильник номер: 527089, тип: КВ-1,5 => DN 15, рік випуску: 2008, показники: 0, балансоутримувач: АТ "ОТКЕ" додано до БД користувачем [Коваль Людмила].
[05-Sep-2025 13:21:49 Europe/Helsinki] EditDATA [INFO] За адресою вул. Всіхсвятська, буд. 12, корп. А, кв. 23 користувачем [Коваль Людмила] було додано лічильники: 528499, 527089].
[05-Sep-2025 14:15:56 Europe/Helsinki] EditDATA [INFO] Для заявки Повірка від 05.09.2025 користувачем [Коваль Людмила] змінено виконавця з Сірий на Шкуліпа.
[05-Sep-2025 14:16:10 Europe/Helsinki] EditDATA [INFO] Для заявки Повірка від 01.09.2025 користувачем [Коваль Людмила] змінено виконавця з Сірий на Шкуліпа.
[05-Sep-2025 14:16:21 Europe/Helsinki] EditDATA [INFO] Для заявки Повірка від 29.08.2025 користувачем [Коваль Людмила] змінено виконавця з Сірий на Шкуліпа.
[05-Sep-2025 14:16:38 Europe/Helsinki] EditDATA [INFO] Для заявки Повірка від 20.08.2025 користувачем [Коваль Людмила] змінено виконавця з Сірий на Шкуліпа.
[05-Sep-2025 14:16:49 Europe/Helsinki] EditDATA [INFO] Для заявки Повірка від 02.09.2025 користувачем [Коваль Людмила] змінено виконавця з Шкуліпа на Сірий.
[05-Sep-2025 14:17:00 Europe/Helsinki] EditDATA [INFO] Для заявки Повірка від 02.09.2025 користувачем [Коваль Людмила] змінено виконавця з Шкуліпа на Сірий.
[05-Sep-2025 14:17:09 Europe/Helsinki] EditDATA [INFO] Для заявки Повірка від 02.09.2025 користувачем [Коваль Людмила] змінено виконавця з Шкуліпа на Сірий.
[05-Sep-2025 14:17:19 Europe/Helsinki] EditDATA [INFO] Для заявки Повірка від 02.09.2025 користувачем [Коваль Людмила] змінено виконавця з Шкуліпа на Сірий.
[05-Sep-2025 14:17:28 Europe/Helsinki] EditDATA [INFO] Для заявки Повірка від 01.09.2025 користувачем [Коваль Людмила] змінено виконавця з Шкуліпа на Сірий.
[05-Sep-2025 14:17:39 Europe/Helsinki] EditDATA [INFO] Для заявки Повірка від 01.09.2025 користувачем [Коваль Людмила] змінено виконавця з Шкуліпа на Сірий.
[05-Sep-2025 14:17:49 Europe/Helsinki] EditDATA [INFO] Для заявки Повірка від 01.09.2025 користувачем [Коваль Людмила] змінено виконавця з Шкуліпа на Сірий.
[05-Sep-2025 14:17:58 Europe/Helsinki] EditDATA [INFO] Для заявки Повірка від 01.09.2025 користувачем [Коваль Людмила] змінено виконавця з Шкуліпа на Сірий.
[05-Sep-2025 14:18:08 Europe/Helsinki] EditDATA [INFO] Для заявки Повірка від 01.09.2025 користувачем [Коваль Людмила] змінено виконавця з Шкуліпа на Сірий.
[05-Sep-2025 14:18:17 Europe/Helsinki] EditDATA [INFO] Для заявки Повірка від 29.08.2025 користувачем [Коваль Людмила] змінено виконавця з Шкуліпа на Сірий.
[05-Sep-2025 14:18:26 Europe/Helsinki] EditDATA [INFO] Для заявки Повірка від 26.08.2025 користувачем [Коваль Людмила] змінено виконавця з Шкуліпа на Сірий.
[05-Sep-2025 14:19:42 Europe/Helsinki] NewDATA [INFO] Нова адреса вул. Волковича, буд. 23, корп. А, кв. 7, тел. +38 (073) 185-75-46 додана до БД користувачем [Коваль Людмила].
[05-Sep-2025 14:20:23 Europe/Helsinki] NewDATA [INFO] Нова заявка Повірка, адреса: вул. Волковича 23 корпус А, кв. 7, лічильники: БЕЗ НОМЕРА - 1 шт., вартість: 350 грн., примітки: після 16.00 додано до БД користувачем [Коваль Людмила].
[2025-09-05T14:20:29.843] [INFO] DataBase - У заявці Повірка від 5 вересня 2025 р. за адресою вул. Волковича, буд. 23, корп. А, кв. 7 додано виконавця Сірий та додано дату виконання 8 вересня 2025 р. користувачем [Коваль Людмила].
[05-Sep-2025 15:17:24 Europe/Helsinki] NewDATA [INFO] Нова заявка Заміна, адреса: просп. Левка Лукяненка 37, кв. 48, лічильники: 031420, виконавець: Баранов, вартість: 400 грн., примітки: 11-15, за 30 хв, хв, №031420 додано до БД користувачем [Сусло Тетяна].
[2025-09-05T15:17:26.965] [INFO] DataBase - У заявці Заміна від 5 вересня 2025 р. за адресою просп. Левка Лукяненка, буд. 37, кв. 48 додано дату виконання 10 вересня 2025 р. користувачем [Сусло Тетяна].
[05-Sep-2025 15:18:39 Europe/Helsinki] NewDATA [INFO] Нова заявка Заміна, адреса: вул. Любецька 11, кв. 20, лічильники: 225480, виконавець: Баранов, вартість: 400 грн., примітки: 13-17, за 1 год, №225480, хв, кухня додано до БД користувачем [Сусло Тетяна].
[2025-09-05T15:18:42.166] [INFO] DataBase - У заявці Заміна від 5 вересня 2025 р. за адресою вул. Любецька, буд. 11, кв. 20 додано дату виконання 10 вересня 2025 р. користувачем [Сусло Тетяна].
[05-Sep-2025 15:24:42 Europe/Helsinki] NewDATA [INFO] Нова адреса просп. Левка Лукяненка, буд. 68, кв. 55, тел. +38 (097) 377-19-35 додана до БД користувачем [Сусло Тетяна].
[05-Sep-2025 15:25:02 Europe/Helsinki] NewDATA [INFO] Нова заявка Повірка, адреса: просп. Левка Лукяненка 68, кв. 55, лічильники: БЕЗ НОМЕРА - 2 шт., вартість: 660 грн., примітки: 13-17 додано до БД користувачем [Сусло Тетяна].
[2025-09-05T15:25:04.810] [INFO] DataBase - У заявці Повірка від 5 вересня 2025 р. за адресою просп. Левка Лукяненка, буд. 68, кв. 55 додано виконавця ЗАПЛАНОВАНІ та додано дату виконання 12 вересня 2025 р. користувачем [Сусло Тетяна].

