[03-Jan-2025 08:30:48 Europe/Helsinki] EditDATA [INFO] Для заявки Повірка від 02.01.2025 користувачем [Коваль Людмила] змінено виконавця з ЗАПЛАНОВАНІ на Сірий.
[03-Jan-2025 08:31:03 Europe/Helsinki] EditDATA [INFO] Для заявки Повірка від 27.12.2024 користувачем [Коваль Людмила] змінено виконавця з ЗАПЛАНОВАНІ на Осипенко.
[03-Jan-2025 08:31:19 Europe/Helsinki] EditDATA [INFO] Для заявки Повірка від 24.12.2024 користувачем [Коваль Людмила] змінено виконавця з ЗАПЛАНОВАНІ на Осипенко.
[03-Jan-2025 08:31:37 Europe/Helsinki] EditDATA [INFO] Для заявки Повірка від 26.12.2024 користувачем [Коваль Людмила] змінено виконавця з ЗАПЛАНОВАНІ на Осипенко.
[03-Jan-2025 08:35:59 Europe/Helsinki] EditDATA [INFO] Для заявки Повірка від 02.01.2025 користувачем [Коваль Людмила] змінено виконавця з ЗАПЛАНОВАНІ на Ващенко.
[03-Jan-2025 08:41:37 Europe/Helsinki] EditDATA [INFO] За адресою вул. Незалежності 78, кв. 119 користувачем [Коваль Людмила] змінені номери телефонів з +38(095)025-62-36 на +38(095)744-23-48, при створенні нової заявки [Повірка] від 03.01.2025.
[03-Jan-2025 08:41:37 Europe/Helsinki] NewDATA [INFO] Нова заявка Повірка, адреса: вул. Незалежності 78, кв. 119, лічильники: БЕЗ НОМЕРА - 1 шт., вартість: 300 грн., примітки: 8-13,пер.за 30 хв. додано до БД користувачем [Коваль Людмила].
[2025-01-03T08:41:40.511] [INFO] DataBase - У заявці Повірка від 3 січня 2025 р. за адресою вул. Незалежності, буд. 78, кв. 119 додано виконавця ЗАПЛАНОВАНІ та додано дату виконання 9 січня 2025 р. користувачем [Коваль Людмила].
[03-Jan-2025 09:03:30 Europe/Helsinki] EditDATA [INFO] Для заявки Повірка від 30.12.2024 користувачем [Коваль Людмила] змінено виконавця з ЗАПЛАНОВАНІ на Шкуліпа.
[03-Jan-2025 09:04:53 Europe/Helsinki] EditDATA [INFO] Для заявки Повірка від 30.12.2024 користувачем [Коваль Людмила] змінено виконавця з ЗАПЛАНОВАНІ на Шкуліпа.
[03-Jan-2025 09:05:20 Europe/Helsinki] EditDATA [INFO] Для заявки Повірка від 02.01.2025 користувачем [Коваль Людмила] змінено виконавця з ЗАПЛАНОВАНІ на Шкуліпа.
[03-Jan-2025 09:10:06 Europe/Helsinki] NewDATA [INFO] Нова заявка Повірка, адреса: вул. Міхнюка Олега 1 корпус А, кв. 39, лічильники: БЕЗ НОМЕРА - 1 шт., вартість: 300 грн., примітки: 8-11 додано до БД користувачем [Сусло Тетяна].
[2025-01-03T09:10:09.107] [INFO] DataBase - У заявці Повірка від 3 січня 2025 р. за адресою вул. Міхнюка Олега, буд. 1, корп. А, кв. 39 додано виконавця Сірий та додано дату виконання 6 січня 2025 р. користувачем [Сусло Тетяна].
[03-Jan-2025 09:10:43 Europe/Helsinki] NewDATA [INFO] Нова адреса вул. Малиновського, буд. 39, кв. 36, тел. +38 (098) 832-38-16 додана до БД користувачем [Коваль Людмила].
[03-Jan-2025 09:11:10 Europe/Helsinki] EditDATA [INFO] За адресою просп. Миру 182, кв. 18 користувачем [Сусло Тетяна] змінені номери телефонів з +38(095)441-05-14 на +38(093)566-52-90, при створенні нової заявки [Повірка] від 03.01.2025.
[03-Jan-2025 09:11:10 Europe/Helsinki] NewDATA [INFO] Нова заявка Повірка, адреса: просп. Миру 182, кв. 18, лічильники: БЕЗ НОМЕРА - 2 шт., вартість: 600 грн., примітки: 13-16, за 30 хв додано до БД користувачем [Сусло Тетяна].
[2025-01-03T09:11:13.740] [INFO] DataBase - У заявці Повірка від 3 січня 2025 р. за адресою просп. Миру, буд. 182, кв. 18 додано виконавця ЗАПЛАНОВАНІ та додано дату виконання 6 січня 2025 р. користувачем [Сусло Тетяна].
[03-Jan-2025 09:11:24 Europe/Helsinki] NewDATA [INFO] Нова заявка Повірка, адреса: вул. Малиновського 39, кв. 36, лічильники: БЕЗ НОМЕРА - 2 шт., вартість: 600 грн., примітки: 8-13 додано до БД користувачем [Коваль Людмила].
[2025-01-03T09:11:48.482] [INFO] DataBase - У заявці Повірка від 3 січня 2025 р. за адресою вул. Малиновського, буд. 39, кв. 36 додано виконавця ЗАПЛАНОВАНІ та додано дату виконання 8 січня 2025 р. користувачем [Коваль Людмила].
[03-Jan-2025 09:13:00 Europe/Helsinki] NewDATA [INFO] Нова заявка Заміна, адреса: вул. Гетьмана Полуботка 10, кв. 18, лічильники: БЕЗ НОМЕРА - 1 шт., вартість: 1060 грн., примітки: 8-13 додано до БД користувачем [Коваль Людмила].
[2025-01-03T09:13:05.348] [INFO] DataBase - У заявці Заміна від 3 січня 2025 р. за адресою вул. Гетьмана Полуботка, буд. 10, кв. 18 додано виконавця Баранов та додано дату виконання 8 січня 2025 р. користувачем [Коваль Людмила].
[03-Jan-2025 09:19:09 Europe/Helsinki] DellTASK [INFO] Повірка від 30.12.2024 для адреси вул. Героїв Чорнобиля, буд. 5, кв. 26 для лічильника БЕЗ НОМЕРА - 2 шт. було завершено користувачем [Коваль Людмила] з коментарем: виконано.
[03-Jan-2025 09:19:27 Europe/Helsinki] DellTASK [INFO] Повірка від 30.12.2024 для адреси вул. Волковича, буд. 2, корп. Б, кв. 96 для лічильника БЕЗ НОМЕРА - 4 шт. було завершено користувачем [Коваль Людмила] з коментарем: виконано.
[03-Jan-2025 09:19:47 Europe/Helsinki] DellTASK [INFO] Повірка від 30.12.2024 для адреси вул. Мстиславська, буд. 177, кв. 49 для лічильника БЕЗ НОМЕРА - 2 шт. було завершено користувачем [Коваль Людмила] з коментарем: виконано.
[03-Jan-2025 09:20:02 Europe/Helsinki] DellTASK [INFO] Повірка від 27.12.2024 для адреси просп. Миру, буд. 196, корп. Б, кв. 4 для лічильника БЕЗ НОМЕРА - 2 шт. було завершено користувачем [Коваль Людмила] з коментарем: виконано.
[03-Jan-2025 09:20:19 Europe/Helsinki] DellTASK [INFO] Повірка від 30.12.2024 для адреси просп. Левка Лукяненка, буд. 12, корп. Б, кв. 23 для лічильника БЕЗ НОМЕРА - 2 шт. було завершено користувачем [Коваль Людмила] з коментарем: виконано.
[03-Jan-2025 09:20:34 Europe/Helsinki] DellTASK [INFO] Повірка від 27.12.2024 для адреси вул. Мстиславська, буд. 175, кв. 75 для лічильника БЕЗ НОМЕРА - 1 шт. було завершено користувачем [Коваль Людмила] з коментарем: виконано.
[03-Jan-2025 09:20:59 Europe/Helsinki] DellTASK [INFO] Повірка від 30.12.2024 для адреси вул. Незалежності, буд. 60, кв. 69 для лічильника БЕЗ НОМЕРА - 2 шт. було завершено користувачем [Коваль Людмила] з коментарем: виконано.
[03-Jan-2025 09:25:32 Europe/Helsinki] EditDATA [INFO] За адресою вул. Героїв Чорнобиля 3, кв. 89 користувачем [Коваль Людмила] змінені номери телефонів з +38(093)744-92-13, +38(096)658-11-92 на +38(096)658-11-92, при створенні нової заявки [Повірка] від 03.01.2025.
[03-Jan-2025 09:25:32 Europe/Helsinki] NewDATA [INFO] Нова заявка Повірка, адреса: вул. Героїв Чорнобиля 3, кв. 89, лічильники: БЕЗ НОМЕРА - 2 шт., вартість: 600 грн., примітки: 13-17,пер.за 30 хв. додано до БД користувачем [Коваль Людмила].
[2025-01-03T09:25:36.834] [INFO] DataBase - У заявці Повірка від 3 січня 2025 р. за адресою вул. Героїв Чорнобиля, буд. 3, кв. 89 додано виконавця ЗАПЛАНОВАНІ та додано дату виконання 7 січня 2025 р. користувачем [Коваль Людмила].
[03-Jan-2025 09:33:13 Europe/Helsinki] DellTASK [INFO] Повірка від 30.12.2024 для адреси вул. Незалежності, буд. 46, кв. 103 для лічильника БЕЗ НОМЕРА - 2 шт. було завершено користувачем [Коваль Людмила] з коментарем: виконано.
[03-Jan-2025 09:33:29 Europe/Helsinki] DellTASK [INFO] Повірка від 28.11.2024 для адреси вул. Красносільського, буд. 71, корп. А, кв. 23 для лічильника БЕЗ НОМЕРА - 1 шт. було завершено користувачем [Коваль Людмила] з коментарем: виконано.
[03-Jan-2025 09:33:43 Europe/Helsinki] DellTASK [INFO] Повірка від 30.12.2024 для адреси вул. Незалежності, буд. 56, кв. 121 для лічильника БЕЗ НОМЕРА - 2 шт. було завершено користувачем [Коваль Людмила] з коментарем: виконано.
[03-Jan-2025 09:33:58 Europe/Helsinki] DellTASK [INFO] Повірка від 27.12.2024 для адреси вул. Незалежності, буд. 82, кв. 57 для лічильника БЕЗ НОМЕРА - 2 шт. було завершено користувачем [Коваль Людмила] з коментарем: виконано.
[03-Jan-2025 09:34:55 Europe/Helsinki] NewDATA [INFO] Новий лічильник номер: 9038273, тип: ЛК => DN 15, рік випуску: 2009, показники: 0, балансоутримувач: КП "ВДК" додано до БД користувачем [Коваль Людмила].
[03-Jan-2025 09:35:20 Europe/Helsinki] NewDATA [INFO] Новий лічильник номер: 9033004, тип: ЛК => DN 15, рік випуску: 2009, показники: 0, балансоутримувач: АТ "ОТКЕ" додано до БД користувачем [Коваль Людмила].
[03-Jan-2025 09:35:22 Europe/Helsinki] EditDATA [INFO] За адресою просп. Миру, буд. 196, корп. Б, кв. 4 користувачем [Коваль Людмила] було додано лічильники: 9038273, 9033004].
[03-Jan-2025 09:36:10 Europe/Helsinki] NewDATA [INFO] Новий лічильник номер: 034081, тип: КВ-1,5 => DN 15, рік випуску: 2009, показники: 0, балансоутримувач: АТ "ОТКЕ" додано до БД користувачем [Коваль Людмила].
[03-Jan-2025 09:36:13 Europe/Helsinki] EditDATA [INFO] За адресою вул. Мстиславська, буд. 175, кв. 75 користувачем [Коваль Людмила] було додано лічильники: 034081].
[03-Jan-2025 09:36:56 Europe/Helsinki] NewDATA [INFO] Новий лічильник номер: 8030195, тип: ЛК => DN 15, рік випуску: 2008, показники: 0, балансоутримувач: КП "ВДК" додано до БД користувачем [Коваль Людмила].
[03-Jan-2025 09:37:27 Europe/Helsinki] NewDATA [INFO] Новий лічильник номер: 8050968, тип: ЛК => DN 15, рік випуску: 2008, показники: 0, балансоутримувач: АТ "ОТКЕ" додано до БД користувачем [Коваль Людмила].
[03-Jan-2025 09:37:50 Europe/Helsinki] NewDATA [INFO] Новий лічильник номер: 6434919, тип: ЛК => DN 15, рік випуску: 2016, показники: 0, балансоутримувач: КП "ВДК" додано до БД користувачем [Коваль Людмила].
[03-Jan-2025 09:38:18 Europe/Helsinki] NewDATA [INFO] Новий лічильник номер: 6993556, тип: ЛК => DN 15, рік випуску: 2016, показники: 0, балансоутримувач: АТ "ОТКЕ" додано до БД користувачем [Коваль Людмила].
[03-Jan-2025 09:38:20 Europe/Helsinki] EditDATA [INFO] За адресою вул. Волковича, буд. 2, корп. Б, кв. 96 користувачем [Коваль Людмила] було додано лічильники: 8030195, 8050968, 6434919, 6993556].
[03-Jan-2025 09:39:09 Europe/Helsinki] NewDATA [INFO] Новий лічильник номер: 0117298, тип: ЛК => DN 15, рік випуску: 2010, показники: 0, балансоутримувач: КП "ВДК" додано до БД користувачем [Коваль Людмила].
[03-Jan-2025 09:39:32 Europe/Helsinki] NewDATA [INFO] Новий лічильник номер: 0139977, тип: ЛК => DN 15, рік випуску: 2010, показники: 0, балансоутримувач: АТ "ОТКЕ" додано до БД користувачем [Коваль Людмила].
[03-Jan-2025 09:39:35 Europe/Helsinki] EditDATA [INFO] За адресою вул. Героїв Чорнобиля, буд. 5, кв. 26 користувачем [Коваль Людмила] було додано лічильники: 0117298, 0139977].
[03-Jan-2025 09:41:09 Europe/Helsinki] NewDATA [INFO] Новий лічильник номер: 360219, тип: КВ-1,5 => DN 15, рік випуску: 2012, показники: 0, балансоутримувач: КП "ВДК" додано до БД користувачем [Коваль Людмила].
[03-Jan-2025 09:41:36 Europe/Helsinki] NewDATA [INFO] Новий лічильник номер: 365682, тип: КВ-1,5 => DN 15, рік випуску: 2012, показники: 0, балансоутримувач: АТ "ОТКЕ" додано до БД користувачем [Коваль Людмила].
[03-Jan-2025 09:41:38 Europe/Helsinki] EditDATA [INFO] За адресою вул. Мстиславська, буд. 177, кв. 49 користувачем [Коваль Людмила] було додано лічильники: 360219, 365682].
[03-Jan-2025 09:42:22 Europe/Helsinki] NewDATA [INFO] Новий лічильник номер: 110265, тип: ЛК => DN 15, рік випуску: 2007, показники: 0, балансоутримувач: КП "ВДК" додано до БД користувачем [Коваль Людмила].
[03-Jan-2025 09:43:06 Europe/Helsinki] NewDATA [INFO] Новий лічильник номер: 7176519, тип: ЛК => DN 15, рік випуску: 2007, показники: 0, балансоутримувач: АТ "ОТКЕ" додано до БД користувачем [Коваль Людмила].
[03-Jan-2025 09:43:08 Europe/Helsinki] EditDATA [INFO] За адресою просп. Левка Лукяненка, буд. 12, корп. Б, кв. 23 користувачем [Коваль Людмила] було додано лічильники: 110265, 7176519].
[03-Jan-2025 09:46:07 Europe/Helsinki] NewDATA [INFO] Новий лічильник номер: 093877, тип: КВ-1,5 => DN 15, рік випуску: 2016, показники: 0, балансоутримувач: КП "ВДК" додано до БД користувачем [Коваль Людмила].
[03-Jan-2025 09:46:10 Europe/Helsinki] EditDATA [INFO] За адресою вул. Красносільського, буд. 71, корп. А, кв. 23 користувачем [Коваль Людмила] було додано лічильники: 093877].
[03-Jan-2025 09:46:52 Europe/Helsinki] NewDATA [INFO] Нова адреса вул. Пантелеймонівська, буд. 35, корп. А, кв. 9, тел. +38 (098) 786-49-91 додана до БД користувачем [Сусло Тетяна].
[03-Jan-2025 09:47:18 Europe/Helsinki] NewDATA [INFO] Нова заявка Повірка, адреса: вул. Пантелеймонівська 35 корпус А, кв. 9, лічильники: БЕЗ НОМЕРА - 1 шт., вартість: 300 грн., примітки: 8-13 додано до БД користувачем [Сусло Тетяна].
[2025-01-03T09:47:22.291] [INFO] DataBase - У заявці Повірка від 3 січня 2025 р. за адресою вул. Пантелеймонівська, буд. 35, корп. А, кв. 9 додано виконавця Баранов та додано дату виконання 8 січня 2025 р. користувачем [Сусло Тетяна].
[03-Jan-2025 09:48:26 Europe/Helsinki] NewDATA [INFO] Нова заявка Заміна, адреса: вул. Пантелеймонівська 35 корпус А, кв. 9, лічильники: БЕЗ НОМЕРА - 1 шт., виконавець: Баранов, вартість: 1060 грн., примітки: 8-13, 1 хв, с/в додано до БД користувачем [Сусло Тетяна].
[2025-01-03T09:48:36.117] [INFO] DataBase - У заявці Повірка від 3 січня 2025 р. за адресою вул. Пантелеймонівська, буд. 35, корп. А, кв. 9 видалено виконавця Баранов та видалено дату виконання 8 січня 2025 р. користувачем [Сусло Тетяна].
[2025-01-03T09:48:40.492] [INFO] DataBase - У заявці Заміна від 3 січня 2025 р. за адресою вул. Пантелеймонівська, буд. 35, корп. А, кв. 9 додано дату виконання 8 січня 2025 р. користувачем [Сусло Тетяна].
[2025-01-03T09:48:43.652] [INFO] DataBase - У заявці Повірка від 3 січня 2025 р. за адресою вул. Пантелеймонівська, буд. 35, корп. А, кв. 9 додано виконавця ЗАПЛАНОВАНІ та додано дату виконання 8 січня 2025 р. користувачем [Сусло Тетяна].
[03-Jan-2025 09:51:54 Europe/Helsinki] DellTASK [INFO] Заміна від 30.12.2024 для адреси просп. Грушевського Михайла, буд. 171, кв. 28 для лічильника БЕЗ НОМЕРА - 1 шт. було завершено користувачем [Сусло Тетяна] з коментарем: виконано.
[03-Jan-2025 10:14:44 Europe/Helsinki] NewDATA [INFO] Нова адреса вул. Заньковецька, буд. 28, кв. 13, тел. +38 (099) 963-72-06 додана до БД користувачем [Сусло Тетяна].
[03-Jan-2025 10:15:20 Europe/Helsinki] NewDATA [INFO] Нова заявка Заміна, адреса: вул. Заньковецька 28, кв. 13, лічильники: БЕЗ НОМЕРА - 2 шт., виконавець: Баранов, вартість: 700 грн., примітки: 9-13, 1 хв, 1гв додано до БД користувачем [Сусло Тетяна].
[2025-01-03T10:15:24.991] [INFO] DataBase - У заявці Заміна від 3 січня 2025 р. за адресою вул. Заньковецька, буд. 28, кв. 13 додано дату виконання 8 січня 2025 р. користувачем [Сусло Тетяна].
[03-Jan-2025 10:18:49 Europe/Helsinki] NewDATA [INFO] Нова заявка Повірка, адреса: просп. Миру 271, кв. 84, лічильники: БЕЗ НОМЕРА - 2 шт., вартість: 600 грн., примітки: 8-11, якомога раніше додано до БД користувачем [Сусло Тетяна].
[2025-01-03T10:18:53.457] [INFO] DataBase - У заявці Повірка від 3 січня 2025 р. за адресою просп. Миру, буд. 271, кв. 84 додано виконавця Шкуліпа та додано дату виконання 6 січня 2025 р. користувачем [Сусло Тетяна].
[03-Jan-2025 10:25:00 Europe/Helsinki] DellTASK [INFO] Заміна від 30.12.2024 для адреси вул. Мстиславська, буд. 169, кв. 8 для лічильника 0786874 було завершено користувачем [Сусло Тетяна] з коментарем: виконано.
[03-Jan-2025 10:25:25 Europe/Helsinki] DellTASK [INFO] Заміна від 30.12.2024 для адреси вул. Льотна, буд. 27, корп. А, кв. 5 для лічильника 389399 було завершено користувачем [Сусло Тетяна] з коментарем: виконано.
[03-Jan-2025 10:25:40 Europe/Helsinki] DellTASK [INFO] Заміна від 30.12.2024 для адреси вул. курсанта Єськова, буд. 10, корп. 2, кв. 75 для лічильника 259337 було завершено користувачем [Сусло Тетяна] з коментарем: виконано.
[03-Jan-2025 10:25:51 Europe/Helsinki] DellTASK [INFO] Заміна від 30.12.2024 для адреси вул. Всіхсвятська, буд. 6, кв. 95 для лічильника БЕЗ НОМЕРА - 1 шт. було завершено користувачем [Сусло Тетяна] з коментарем: виконано.
[03-Jan-2025 10:27:53 Europe/Helsinki] NewDATA [INFO] Новий лічильник номер: 241482702, тип: СВК => DN 15, рік випуску: 2024, показники: 0, балансоутримувач: АТ "ОТКЕ" додано до БД користувачем [Сусло Тетяна].
[03-Jan-2025 10:27:55 Europe/Helsinki] EditDATA [INFO] За адресою вул. Льотна, буд. 27, корп. А, кв. 5 користувачем [Сусло Тетяна] було видалено лічильники: 389399; додано лічильники: 241482702].
[03-Jan-2025 10:29:09 Europe/Helsinki] NewDATA [INFO] Новий лічильник номер: 241466761, тип: СВК => DN 15, рік випуску: 2024, показники: 0, балансоутримувач: КП "ВДК" додано до БД користувачем [Сусло Тетяна].
[03-Jan-2025 10:29:11 Europe/Helsinki] EditDATA [INFO] За адресою вул. Мстиславська, буд. 169, кв. 8 користувачем [Сусло Тетяна] було видалено лічильники: 0786874; додано лічильники: 241466761].
[03-Jan-2025 10:30:34 Europe/Helsinki] NewDATA [INFO] Новий лічильник номер: 241472777, тип: СВК => DN 15, рік випуску: 2024, показники: 0, балансоутримувач: АТ "ОТКЕ" додано до БД користувачем [Сусло Тетяна].
[03-Jan-2025 10:30:36 Europe/Helsinki] EditDATA [INFO] За адресою вул. Всіхсвятська, буд. 6, кв. 95 користувачем [Сусло Тетяна] було видалено лічильники: 552787; додано лічильники: 241472777].
[03-Jan-2025 11:15:47 Europe/Helsinki] EditDATA [INFO] Для заявки Повірка від 02.01.2025 користувачем [Коваль Людмила] змінено виконавця з ЗАПЛАНОВАНІ на Осипенко.
[03-Jan-2025 11:15:57 Europe/Helsinki] EditDATA [INFO] Для заявки Повірка від 26.12.2024 користувачем [Коваль Людмила] змінено виконавця з ЗАПЛАНОВАНІ на Осипенко.
[03-Jan-2025 11:16:57 Europe/Helsinki] EditDATA [INFO] Для заявки Повірка від 03.01.2025 користувачем [Коваль Людмила] змінено виконавця з ЗАПЛАНОВАНІ на Сірий.
[03-Jan-2025 11:17:09 Europe/Helsinki] EditDATA [INFO] Для заявки Повірка від 02.01.2025 користувачем [Коваль Людмила] змінено виконавця з ЗАПЛАНОВАНІ на Сірий.
[2025-01-03T12:15:36.989] [INFO] DataBase - У заявці Повірка від 9 жовтня 2024 р. за адресою вул. Дніпровська, буд. 6, кв. 52 видалено виконавця Осипенко користувачем [Сусло Тетяна].
[2025-01-03T12:15:39.796] [INFO] DataBase - У заявці Повірка від 9 жовтня 2024 р. за адресою вул. Дніпровська, буд. 6, кв. 52 додано виконавця Осипенко користувачем [Сусло Тетяна].
[03-Jan-2025 13:24:54 Europe/Helsinki] NewDATA [INFO] Нова адреса вул. Київська, буд. 6, кв. 18, тел. +38 (063) 040-97-79 додана до БД користувачем [Сусло Тетяна].
[03-Jan-2025 13:25:29 Europe/Helsinki] NewDATA [INFO] Нова заявка Повірка, адреса: вул. Київська 6, кв. 18, лічильники: БЕЗ НОМЕРА - 2 шт., вартість: 600 грн., примітки: 13-17, дом. не працює додано до БД користувачем [Сусло Тетяна].
[2025-01-03T13:25:35.797] [INFO] DataBase - У заявці Повірка від 3 січня 2025 р. за адресою вул. Київська, буд. 6, кв. 18 додано виконавця ЗАПЛАНОВАНІ та додано дату виконання 6 січня 2025 р. користувачем [Сусло Тетяна].
[03-Jan-2025 13:26:29 Europe/Helsinki] NewDATA [INFO] Нова адреса вул. Текстильників, буд. 24, корп. А, кв. 26, тел. +38 (093) 442-43-15 додана до БД користувачем [Сусло Тетяна].
[03-Jan-2025 13:26:56 Europe/Helsinki] NewDATA [INFO] Нова заявка Повірка, адреса: вул. Текстильників 24 корпус А, кв. 26, лічильники: БЕЗ НОМЕРА - 2 шт., вартість: 600 грн., примітки: 8-13 додано до БД користувачем [Сусло Тетяна].
[2025-01-03T13:26:59.963] [INFO] DataBase - У заявці Повірка від 3 січня 2025 р. за адресою вул. Текстильників, буд. 24, корп. А, кв. 26 додано виконавця ЗАПЛАНОВАНІ та додано дату виконання 9 січня 2025 р. користувачем [Сусло Тетяна].
[03-Jan-2025 13:27:38 Europe/Helsinki] NewDATA [INFO] Нова адреса вул. Мстиславська, буд. 177, кв. 48, тел. +38 (063) 185-35-54 додана до БД користувачем [Сусло Тетяна].
[03-Jan-2025 13:33:18 Europe/Helsinki] EditDATA [INFO] Для заявки Повірка від 03.01.2025 користувачем [Сусло Тетяна] змінено виконавця з ЗАПЛАНОВАНІ на Ващенко.
[03-Jan-2025 13:36:48 Europe/Helsinki] NewDATA [INFO] Нова адреса вул. Пятницька, буд. 80, кв. 89, тел. +38 (097) 938-41-88 додана до БД користувачем [Сусло Тетяна].
[03-Jan-2025 13:37:29 Europe/Helsinki] NewDATA [INFO] Нова заявка Повірка, адреса: вул. Пятницька 80, кв. 89, лічильники: БЕЗ НОМЕРА - 2 шт., вартість: 600 грн., примітки: 13-17, разом з кв.19 додано до БД користувачем [Сусло Тетяна].
[2025-01-03T13:37:32.377] [INFO] DataBase - У заявці Повірка від 3 січня 2025 р. за адресою вул. Пятницька, буд. 80, кв. 89 додано виконавця Ващенко та додано дату виконання 6 січня 2025 р. користувачем [Сусло Тетяна].
[03-Jan-2025 13:38:15 Europe/Helsinki] EditDATA [INFO] За адресою вул. Пятницька 80, кв. 19 користувачем [Сусло Тетяна] змінені номери телефонів з +38(097)938-41-88, +38(098)274-77-12 на +38(097)938-41-88, при створенні нової заявки [Повірка] від 03.01.2025.
[03-Jan-2025 13:38:15 Europe/Helsinki] NewDATA [INFO] Нова заявка Повірка, адреса: вул. Пятницька 80, кв. 19, лічильники: БЕЗ НОМЕРА - 2 шт., вартість: 600 грн., примітки: 13-17, разом з кв.89 додано до БД користувачем [Сусло Тетяна].
[2025-01-03T13:38:17.540] [INFO] DataBase - У заявці Повірка від 3 січня 2025 р. за адресою вул. Пятницька, буд. 80, кв. 19 додано виконавця Ващенко та додано дату виконання 6 січня 2025 р. користувачем [Сусло Тетяна].
[03-Jan-2025 13:42:40 Europe/Helsinki] NewDATA [INFO] Новий лічильник номер: 0043560, тип: Picoflux => DN 15, рік випуску: 2021, показники: 0, балансоутримувач: КП "ВДК" додано до БД користувачем [Коваль Людмила].
[03-Jan-2025 13:43:11 Europe/Helsinki] NewDATA [INFO] Новий лічильник номер: 158448, тип: КВ-1,5 => DN 15, рік випуску: 2004, показники: 0, балансоутримувач: АТ "ОТКЕ" додано до БД користувачем [Коваль Людмила].
[03-Jan-2025 13:43:13 Europe/Helsinki] EditDATA [INFO] За адресою вул. Незалежності, буд. 60, кв. 69 користувачем [Коваль Людмила] було додано лічильники: 0043560, 158448].
[03-Jan-2025 13:43:57 Europe/Helsinki] NewDATA [INFO] Новий лічильник номер: 504182, тип: КВ-1,5 => DN 15, рік випуску: 2008, показники: 0, балансоутримувач: КП "ВДК" додано до БД користувачем [Коваль Людмила].
[03-Jan-2025 13:44:23 Europe/Helsinki] NewDATA [INFO] Новий лічильник номер: 179482, тип: КВ-1,5 => DN 15, рік випуску: 2017, показники: 0, балансоутримувач: АТ "ОТКЕ" додано до БД користувачем [Коваль Людмила].
[03-Jan-2025 13:44:25 Europe/Helsinki] EditDATA [INFO] За адресою вул. Незалежності, буд. 82, кв. 57 користувачем [Коваль Людмила] було додано лічильники: 504182, 179482].
[03-Jan-2025 13:45:17 Europe/Helsinki] NewDATA [INFO] Новий лічильник номер: 00501330, тип: E-T 1,6-U => DN 15, рік випуску: 2019, показники: 0, балансоутримувач: КП "ВДК" додано до БД користувачем [Коваль Людмила].
[03-Jan-2025 13:45:25 Europe/Helsinki] NewDATA [INFO] Нова адреса вул. Савчука, буд. 3, кв. 123, тел. +38 (099) 251-25-26 додана до БД користувачем [Сусло Тетяна].
[03-Jan-2025 13:45:44 Europe/Helsinki] NewDATA [INFO] Нова заявка Повірка, адреса: вул. Савчука 3, кв. 123, лічильники: БЕЗ НОМЕРА - 2 шт., вартість: 600 грн., примітки: 8-13 додано до БД користувачем [Сусло Тетяна].
[2025-01-03T13:45:47.406] [INFO] DataBase - У заявці Повірка від 3 січня 2025 р. за адресою вул. Савчука, буд. 3, кв. 123 додано виконавця ЗАПЛАНОВАНІ та додано дату виконання 13 січня 2025 р. користувачем [Сусло Тетяна].
[03-Jan-2025 13:45:48 Europe/Helsinki] NewDATA [INFO] Новий лічильник номер: 371084, тип: КВ-1,5 => DN 15, рік випуску: 2005, показники: 0, балансоутримувач: АТ "ОТКЕ" додано до БД користувачем [Коваль Людмила].
[03-Jan-2025 13:45:50 Europe/Helsinki] EditDATA [INFO] За адресою вул. Незалежності, буд. 46, кв. 103 користувачем [Коваль Людмила] було додано лічильники: 00501330, 371084].
[03-Jan-2025 13:46:30 Europe/Helsinki] NewDATA [INFO] Новий лічильник номер: 561203, тип: КВ-1,5 => DN 15, рік випуску: 2006, показники: 0, балансоутримувач: КП "ВДК" додано до БД користувачем [Коваль Людмила].
[03-Jan-2025 13:46:31 Europe/Helsinki] NewDATA [INFO] Нова заявка Повірка, адреса: вул. Мстиславська 177, кв. 48, лічильники: БЕЗ НОМЕРА - 1 шт., вартість: 600 грн., примітки: 8-13 додано до БД користувачем [Сусло Тетяна].
[2025-01-03T13:46:45.303] [INFO] DataBase - У заявці Повірка від 3 січня 2025 р. за адресою вул. Мстиславська, буд. 177, кв. 48 додано виконавця ЗАПЛАНОВАНІ та додано дату виконання 22 січня 2025 р. користувачем [Сусло Тетяна].
[03-Jan-2025 13:46:52 Europe/Helsinki] NewDATA [INFO] Новий лічильник номер: 440529, тип: КВ-1,5 => DN 15, рік випуску: 2006, показники: 0, балансоутримувач: АТ "ОТКЕ" додано до БД користувачем [Коваль Людмила].
[03-Jan-2025 13:46:55 Europe/Helsinki] EditDATA [INFO] За адресою вул. Незалежності, буд. 56, кв. 121 користувачем [Коваль Людмила] було додано лічильники: 561203, 440529].
[03-Jan-2025 14:02:14 Europe/Helsinki] NewDATA [INFO] Нова адреса вул. Незалежності, буд. 21, кв. 142, тел. +38 (093) 685-18-04 додана до БД користувачем [Сусло Тетяна].
[03-Jan-2025 14:02:40 Europe/Helsinki] NewDATA [INFO] Нова заявка Повірка, адреса: вул. Незалежності 21, кв. 142, лічильники: БЕЗ НОМЕРА - 1 шт., вартість: 300 грн., примітки: 9-13, подовжув. додано до БД користувачем [Сусло Тетяна].
[2025-01-03T14:02:43.442] [INFO] DataBase - У заявці Повірка від 3 січня 2025 р. за адресою вул. Незалежності, буд. 21, кв. 142 додано виконавця ЗАПЛАНОВАНІ та додано дату виконання 9 січня 2025 р. користувачем [Сусло Тетяна].
[03-Jan-2025 14:32:17 Europe/Helsinki] NewDATA [INFO] Нова адреса вул. Савчука, буд. 7, кв. 34, тел. +38 (063) 261-77-75 додана до БД користувачем [Сусло Тетяна].
[03-Jan-2025 14:33:15 Europe/Helsinki] NewDATA [INFO] Нова заявка Повірка, адреса: вул. Савчука 7, кв. 34, лічильники: БЕЗ НОМЕРА - 2 шт., вартість: 600 грн., примітки: 8-13, договорений, узнать по квітанціі за хол. воду додано до БД користувачем [Сусло Тетяна].
[2025-01-03T14:33:18.173] [INFO] DataBase - У заявці Повірка від 3 січня 2025 р. за адресою вул. Савчука, буд. 7, кв. 34 додано виконавця Сірий та додано дату виконання 6 січня 2025 р. користувачем [Сусло Тетяна].
[03-Jan-2025 14:45:16 Europe/Helsinki] EditDATA [INFO] За адресою просп. Перемоги 163, кв. 7 користувачем [Сусло Тетяна] додано номер телефону +38(093)329-23-70, при створенні нової заявки [Повірка] від 03.01.2025.
[03-Jan-2025 14:45:16 Europe/Helsinki] NewDATA [INFO] Нова заявка Повірка, адреса: просп. Перемоги 163, кв. 7, лічильники: БЕЗ НОМЕРА - 2 шт., вартість: 600 грн., примітки: 9,30-13, договорений додано до БД користувачем [Сусло Тетяна].
[2025-01-03T14:45:19.757] [INFO] DataBase - У заявці Повірка від 3 січня 2025 р. за адресою просп. Перемоги, буд. 163, кв. 7 додано виконавця Сірий та додано дату виконання 6 січня 2025 р. користувачем [Сусло Тетяна].
[03-Jan-2025 14:48:30 Europe/Helsinki] NewDATA [INFO] Нова адреса просп. Перемоги, буд. 147, кв. 86, тел. +38 (063) 663-87-84 додана до БД користувачем [Сусло Тетяна].
[03-Jan-2025 14:48:56 Europe/Helsinki] NewDATA [INFO] Нова заявка Повірка, адреса: просп. Перемоги 147, кв. 86, лічильники: БЕЗ НОМЕРА - 2 шт., вартість: 600 грн., примітки: 9-13, договорений додано до БД користувачем [Сусло Тетяна].
[2025-01-03T14:49:01.690] [INFO] DataBase - У заявці Повірка від 3 січня 2025 р. за адресою просп. Перемоги, буд. 147, кв. 86 додано виконавця Сірий та додано дату виконання 6 січня 2025 р. користувачем [Сусло Тетяна].
[03-Jan-2025 14:57:24 Europe/Helsinki] NewDATA [INFO] Нова адреса просп. Миру, буд. 180, корп. А, кв. 32, тел. +38 (066) 786-44-01 додана до БД користувачем [Сусло Тетяна].
[03-Jan-2025 14:57:55 Europe/Helsinki] NewDATA [INFO] Нова заявка Повірка, адреса: просп. Миру 180 корпус А, кв. 32, лічильники: БЕЗ НОМЕРА - 2 шт., вартість: 600 грн., примітки: 13-17, за 30 хв, договорений додано до БД користувачем [Сусло Тетяна].
[2025-01-03T14:57:59.357] [INFO] DataBase - У заявці Повірка від 3 січня 2025 р. за адресою просп. Миру, буд. 180, корп. А, кв. 32 додано виконавця Сірий та додано дату виконання 6 січня 2025 р. користувачем [Сусло Тетяна].
[03-Jan-2025 15:30:18 Europe/Helsinki] EditDATA [INFO] За адресою вул. Мстиславська 52, кв. 21 користувачем [Коваль Людмила] додано номер телефону +38(068)194-68-37, при створенні нової заявки [Повірка] від 03.01.2025.
[03-Jan-2025 15:30:19 Europe/Helsinki] NewDATA [INFO] Нова заявка Повірка, адреса: вул. Мстиславська 52, кв. 21, лічильники: БЕЗ НОМЕРА - 2 шт., вартість: 600 грн., примітки: 13-17,пер.за 30 хв. додано до БД користувачем [Коваль Людмила].
[2025-01-03T15:30:26.963] [INFO] DataBase - У заявці Повірка від 3 січня 2025 р. за адресою вул. Мстиславська, буд. 52, кв. 21 додано виконавця Ващенко та додано дату виконання 6 січня 2025 р. користувачем [Коваль Людмила].

