[03-Jun-2025 09:08:46 Europe/Helsinki] DellTASK [INFO] Повірка від 26.05.2025 для адреси вул. Коцюбинського, буд. 79, кв. 56 для лічильника БЕЗ НОМЕРА - 3 шт. було завершено користувачем [Коваль Людмила] з коментарем: виконано.
[03-Jun-2025 09:09:00 Europe/Helsinki] DellTASK [INFO] Повірка від 19.05.2025 для адреси вул. Миру, буд. 12, кв. 3 для лічильника БЕЗ НОМЕРА - 1 шт. було завершено користувачем [Коваль Людмила] з коментарем: виконано.
[03-Jun-2025 09:09:13 Europe/Helsinki] DellTASK [INFO] Повірка від 05.05.2025 для адреси вул. Преображенська, буд. 18, кв. 26 для лічильника БЕЗ НОМЕРА - 1 шт. було завершено користувачем [Коваль Людмила] з коментарем: виконано.
[03-Jun-2025 09:12:33 Europe/Helsinki] NewDATA [INFO] Новий лічильник номер: 531655, тип: КВ-1,5 => DN 15, рік випуску: 2008, показники: 0, балансоутримувач: КП "ВДК" додано до БД користувачем [Коваль Людмила].
[03-Jun-2025 09:12:35 Europe/Helsinki] EditDATA [INFO] За адресою вул. Миру, буд. 12, кв. 3 користувачем [Коваль Людмила] було додано лічильники: 531655].
[03-Jun-2025 09:13:10 Europe/Helsinki] NewDATA [INFO] Новий лічильник номер: 024698, тип: КВ-1,5 => DN 15, рік випуску: 2013, показники: 0, балансоутримувач: КП "ВДК" додано до БД користувачем [Коваль Людмила].
[03-Jun-2025 09:13:12 Europe/Helsinki] EditDATA [INFO] За адресою вул. Преображенська, буд. 18, кв. 26 користувачем [Коваль Людмила] було додано лічильники: 024698].
[03-Jun-2025 09:13:59 Europe/Helsinki] NewDATA [INFO] Новий лічильник номер: 501455, тип: КВ-1,5 => DN 15, рік випуску: 2004, показники: 0, балансоутримувач: КП "ВДК" додано до БД користувачем [Коваль Людмила].
[03-Jun-2025 09:14:26 Europe/Helsinki] NewDATA [INFO] Новий лічильник номер: 507565, тип: КВ-1,5 => DN 15, рік випуску: 2004, показники: 0, балансоутримувач: КП "ТКЕ" додано до БД користувачем [Коваль Людмила].
[03-Jun-2025 09:15:08 Europe/Helsinki] NewDATA [INFO] Новий лічильник номер: 501563, тип: КВ-1,5 => DN 15, рік випуску: 2004, показники: 0, балансоутримувач: КП "ВДК" додано до БД користувачем [Коваль Людмила].
[03-Jun-2025 09:15:10 Europe/Helsinki] EditDATA [INFO] За адресою вул. Коцюбинського, буд. 79, кв. 56 користувачем [Коваль Людмила] було додано лічильники: 501455, 507565, 501563].
[03-Jun-2025 09:16:57 Europe/Helsinki] DellTASK [INFO] Повірка від 28.05.2025 для адреси просп. Миру, буд. 80, кв. 119 для лічильника БЕЗ НОМЕРА - 2 шт. було завершено користувачем [Коваль Людмила] з коментарем: виконано.
[03-Jun-2025 09:17:10 Europe/Helsinki] DellTASK [INFO] Повірка від 23.05.2025 для адреси вул. Шевчука, буд. 8, кв. 2 для лічильника БЕЗ НОМЕРА - 2 шт. було завершено користувачем [Коваль Людмила] з коментарем: виконано.
[03-Jun-2025 09:17:25 Europe/Helsinki] DellTASK [INFO] Повірка від 22.05.2025 для адреси вул. 1-ї Гвардійської Армії, буд. 25, корп. А, кв. 6 для лічильника БЕЗ НОМЕРА - 2 шт. було завершено користувачем [Коваль Людмила] з коментарем: виконано.
[03-Jun-2025 09:17:38 Europe/Helsinki] DellTASK [INFO] Повірка від 20.05.2025 для адреси вул. 1-ї Гвардійської Армії, буд. 25, корп. А, кв. 46 для лічильника БЕЗ НОМЕРА - 2 шт. було завершено користувачем [Коваль Людмила] з коментарем: виконано.
[03-Jun-2025 09:17:52 Europe/Helsinki] DellTASK [INFO] Повірка від 19.05.2025 для адреси вул. Самострова, буд. 22, кв. 75 для лічильника БЕЗ НОМЕРА - 2 шт. було завершено користувачем [Коваль Людмила] з коментарем: виконано.
[03-Jun-2025 09:18:05 Europe/Helsinki] DellTASK [INFO] Повірка від 19.05.2025 для адреси вул. 1-ї Гвардійської Армії, буд. 4, кв. 164 для лічильника БЕЗ НОМЕРА - 4 шт. було завершено користувачем [Коваль Людмила] з коментарем: виконано.
[03-Jun-2025 09:18:20 Europe/Helsinki] DellTASK [INFO] Повірка від 16.05.2025 для адреси вул. Чорновола Вячеслава, буд. 13, кв. 112 для лічильника БЕЗ НОМЕРА - 4 шт. було завершено користувачем [Коваль Людмила] з коментарем: виконано.
[03-Jun-2025 09:18:35 Europe/Helsinki] DellTASK [INFO] Повірка від 15.05.2025 для адреси вул. Самострова, буд. 13, кв. 102 для лічильника БЕЗ НОМЕРА - 1 шт. було завершено користувачем [Коваль Людмила] з коментарем: виконано.
[03-Jun-2025 09:19:10 Europe/Helsinki] NewDATA [INFO] Новий лічильник номер: 551626, тип: КВ-1,5 => DN 15, рік випуску: 2001, показники: 0, балансоутримувач: КП "ВДК" додано до БД користувачем [Коваль Людмила].
[03-Jun-2025 09:19:27 Europe/Helsinki] NewDATA [INFO] Нова адреса просп. Левка Лукяненка, буд. 3, кв. 5, тел. +38 (098) 090-01-64 додана до БД користувачем [Сусло Тетяна].
[03-Jun-2025 09:19:34 Europe/Helsinki] NewDATA [INFO] Новий лічильник номер: 09249452, тип: E-T 1,5-U => DN 15, рік випуску: 2009, показники: 0, балансоутримувач: КП "ТКЕ" додано до БД користувачем [Коваль Людмила].
[03-Jun-2025 09:19:36 Europe/Helsinki] EditDATA [INFO] За адресою вул. Шевчука, буд. 8, кв. 2 користувачем [Коваль Людмила] було додано лічильники: 551626, 09249452].
[03-Jun-2025 09:20:19 Europe/Helsinki] NewDATA [INFO] Нова заявка Повірка, адреса: просп. Левка Лукяненка 3, кв. 5, лічильники: БЕЗ НОМЕРА - 1 шт., вартість: 350 грн., примітки: за 1 год(уточнить щоб не зробила інша компанія) додано до БД користувачем [Сусло Тетяна].
[2025-06-03T09:20:37.715] [INFO] DataBase - У заявці Повірка від 3 червня 2025 р. за адресою просп. Левка Лукяненка, буд. 3, кв. 5 додано виконавця ЗАПЛАНОВАНІ та додано дату виконання 9 червня 2025 р. користувачем [Сусло Тетяна].
[03-Jun-2025 09:20:57 Europe/Helsinki] NewDATA [INFO] Новий лічильник номер: 386216, тип: КВ-1,5 => DN 15, рік випуску: 2005, показники: 0, балансоутримувач: КП "ВДК" додано до БД користувачем [Коваль Людмила].
[03-Jun-2025 09:21:21 Europe/Helsinki] NewDATA [INFO] Новий лічильник номер: 374593, тип: КВ-1,5 => DN 15, рік випуску: 2004, показники: 0, балансоутримувач: КП "ТКЕ" додано до БД користувачем [Коваль Людмила].
[03-Jun-2025 09:21:23 Europe/Helsinki] EditDATA [INFO] За адресою вул. Радченка Вячеслава, буд. 10, кв. 28 користувачем [Коваль Людмила] було додано лічильники: 386216, 374593].
[03-Jun-2025 09:22:04 Europe/Helsinki] NewDATA [INFO] Новий лічильник номер: 073858, тип: КВ-1,5 => DN 15, рік випуску: 2006, показники: 0, балансоутримувач: КП "ВДК" додано до БД користувачем [Коваль Людмила].
[03-Jun-2025 09:22:26 Europe/Helsinki] NewDATA [INFO] Новий лічильник номер: 367736, тип: КВ-1,5 => DN 15, рік випуску: 2006, показники: 0, балансоутримувач: КП "ТКЕ" додано до БД користувачем [Коваль Людмила].
[03-Jun-2025 09:22:28 Europe/Helsinki] EditDATA [INFO] За адресою вул. Радченка Вячеслава, буд. 20, кв. 46 користувачем [Коваль Людмила] було додано лічильники: 073858, 367736].
[03-Jun-2025 09:33:27 Europe/Helsinki] NewDATA [INFO] Новий лічильник номер: 078412, тип: КВ-1,5 => DN 15, рік випуску: 2021, показники: 0, балансоутримувач: КП "ВДК" додано до БД користувачем [Коваль Людмила].
[03-Jun-2025 09:33:29 Europe/Helsinki] EditDATA [INFO] За адресою вул. Пирогова, буд. 22, кв. 31 користувачем [Коваль Людмила] було додано лічильники: 078412].
[03-Jun-2025 09:34:13 Europe/Helsinki] NewDATA [INFO] Новий лічильник номер: 441992, тип: КВ-1,5 => DN 15, рік випуску: 2000, показники: 0, балансоутримувач: КП "ВДК" додано до БД користувачем [Коваль Людмила].
[03-Jun-2025 09:34:36 Europe/Helsinki] NewDATA [INFO] Новий лічильник номер: 515519, тип: КВ-1,5 => DN 15, рік випуску: 2003, показники: 0, балансоутримувач: КП "ТКЕ" додано до БД користувачем [Коваль Людмила].
[03-Jun-2025 09:34:38 Europe/Helsinki] EditDATA [INFO] За адресою вул. Богуна Івана, буд. 51, кв. 112 користувачем [Коваль Людмила] було додано лічильники: 441992, 515519].
[03-Jun-2025 09:35:21 Europe/Helsinki] NewDATA [INFO] Новий лічильник номер: 617143, тип: КВ-1,5 => DN 15, рік випуску: 2008, показники: 0, балансоутримувач: КП "ВДК" додано до БД користувачем [Коваль Людмила].
[03-Jun-2025 09:35:49 Europe/Helsinki] EditDATA [INFO] За адресою вул. Харківська 10, кв. 27 користувачем [Сусло Тетяна] змінені номери телефонів з +38(093)002-56-93, +38(096)567-08-61 на +38(093)002-56-93, при створенні нової заявки [Повірка] від 03.06.2025.
[03-Jun-2025 09:35:49 Europe/Helsinki] NewDATA [INFO] Нова заявка Повірка, адреса: вул. Харківська 10, кв. 27, лічильники: БЕЗ НОМЕРА - 2 шт., вартість: 700 грн., примітки: 8-13 додано до БД користувачем [Сусло Тетяна].
[03-Jun-2025 09:35:49 Europe/Helsinki] NewDATA [INFO] Новий лічильник номер: 194076, тип: КВ-1,5 => DN 15, рік випуску: 2014, показники: 0, балансоутримувач: КП "ТКЕ" додано до БД користувачем [Коваль Людмила].
[2025-06-03T09:35:54.259] [INFO] DataBase - У заявці Повірка від 3 червня 2025 р. за адресою вул. Харківська, буд. 10, кв. 27 додано виконавця ЗАПЛАНОВАНІ та додано дату виконання 16 червня 2025 р. користувачем [Сусло Тетяна].
[03-Jun-2025 09:36:11 Europe/Helsinki] NewDATA [INFO] Новий лічильник номер: 618182, тип: КВ-1,5 => DN 15, рік випуску: 2004, показники: 0, балансоутримувач: КП "ВДК" додано до БД користувачем [Коваль Людмила].
[03-Jun-2025 09:36:34 Europe/Helsinki] NewDATA [INFO] Новий лічильник номер: 194026, тип: КВ-1,5 => DN 15, рік випуску: 2014, показники: 0, балансоутримувач: КП "ТКЕ" додано до БД користувачем [Коваль Людмила].
[03-Jun-2025 09:36:36 Europe/Helsinki] NewDATA [INFO] Нова адреса вул. Освіти, буд. 8, кв. 48, тел. +38 (063) 779-21-82 додана до БД користувачем [Сусло Тетяна].
[03-Jun-2025 09:36:36 Europe/Helsinki] EditDATA [INFO] За адресою вул. Богуна Івана, буд. 46, корп. А, кв. 31 користувачем [Коваль Людмила] було додано лічильники: 617143, 194076, 618182, 194026].
[03-Jun-2025 09:36:59 Europe/Helsinki] NewDATA [INFO] Нова заявка Повірка, адреса: вул. Освіти 8, кв. 48, лічильники: БЕЗ НОМЕРА - 2 шт., вартість: 700 грн., примітки: 13-17, за 30 хв додано до БД користувачем [Сусло Тетяна].
[2025-06-03T09:37:04.754] [INFO] DataBase - У заявці Повірка від 3 червня 2025 р. за адресою вул. Освіти, буд. 8, кв. 48 додано виконавця ЗАПЛАНОВАНІ та додано дату виконання 9 червня 2025 р. користувачем [Сусло Тетяна].
[03-Jun-2025 09:37:48 Europe/Helsinki] NewDATA [INFO] Нова адреса вул. Ціолковського, буд. 2, кв. 30, тел. +38 (068) 460-31-57 додана до БД користувачем [Сусло Тетяна].
[03-Jun-2025 09:38:12 Europe/Helsinki] NewDATA [INFO] Нова заявка Повірка, адреса: вул. Ціолковського 2, кв. 30, лічильники: БЕЗ НОМЕРА - 2 шт., вартість: 700 грн., примітки: 8-13 додано до БД користувачем [Сусло Тетяна].
[2025-06-03T09:38:17.348] [INFO] DataBase - У заявці Повірка від 3 червня 2025 р. за адресою вул. Ціолковського, буд. 2, кв. 30 додано виконавця ЗАПЛАНОВАНІ та додано дату виконання 12 червня 2025 р. користувачем [Сусло Тетяна].
[03-Jun-2025 09:39:06 Europe/Helsinki] NewDATA [INFO] Нова заявка Повірка, адреса: вул. Мазепи Івана 11, кв. 64, лічильники: БЕЗ НОМЕРА - 1 шт., вартість: 350 грн., примітки: 8-13 додано до БД користувачем [Сусло Тетяна].
[2025-06-03T09:39:12.125] [INFO] DataBase - У заявці Повірка від 3 червня 2025 р. за адресою вул. Мазепи Івана, буд. 11, кв. 64 додано виконавця ЗАПЛАНОВАНІ та додано дату виконання 16 червня 2025 р. користувачем [Сусло Тетяна].
[03-Jun-2025 09:39:59 Europe/Helsinki] NewDATA [INFO] Нова адреса просп. Перемоги, буд. 28, кв. 3, тел. +38 (063) 604-42-68 додана до БД користувачем [Сусло Тетяна].
[03-Jun-2025 09:41:03 Europe/Helsinki] NewDATA [INFO] Нова заявка Повірка, адреса: просп. Перемоги 28, кв. 3, лічильники: БЕЗ НОМЕРА - 1 шт., вартість: 350 грн., примітки: 8-13, за 1 день дізнатись,чи сможе додано до БД користувачем [Сусло Тетяна].
[2025-06-03T09:41:07.158] [INFO] DataBase - У заявці Повірка від 3 червня 2025 р. за адресою просп. Перемоги, буд. 28, кв. 3 додано виконавця ЗАПЛАНОВАНІ та додано дату виконання 12 червня 2025 р. користувачем [Сусло Тетяна].
[03-Jun-2025 10:16:51 Europe/Helsinki] NewDATA [INFO] Нова адреса вул. Незалежності, буд. 68, кв. 47, тел. +38 (063) 340-89-51 додана до БД користувачем [Сусло Тетяна].
[03-Jun-2025 10:51:35 Europe/Helsinki] NewDATA [INFO] Нова заявка Повірка, адреса: вул. Незалежності 68, кв. 47, лічильники: БЕЗ НОМЕРА - 2 шт., вартість: 700 грн., примітки: 13-17 додано до БД користувачем [Сусло Тетяна].
[2025-06-03T10:51:41.892] [INFO] DataBase - У заявці Повірка від 3 червня 2025 р. за адресою вул. Незалежності, буд. 68, кв. 47 додано виконавця ЗАПЛАНОВАНІ та додано дату виконання 11 червня 2025 р. користувачем [Сусло Тетяна].
[03-Jun-2025 11:50:07 Europe/Helsinki] DellTASK [INFO] Повірка від 03.06.2025 для адреси просп. Левка Лукяненка, буд. 3, кв. 5 для лічильника БЕЗ НОМЕРА - 1 шт. було відмінено користувачем [Сусло Тетяна] з коментарем: відмінили.
[03-Jun-2025 13:19:54 Europe/Helsinki] EditDATA [INFO] Для заявки Повірка від 20.05.2025 користувачем [Коваль Людмила] змінено виконавця з ЗАПЛАНОВАНІ на Сірий.
[03-Jun-2025 13:20:07 Europe/Helsinki] EditDATA [INFO] Для заявки Повірка від 23.05.2025 користувачем [Коваль Людмила] змінено виконавця з ЗАПЛАНОВАНІ на Сірий.
[03-Jun-2025 13:20:25 Europe/Helsinki] EditDATA [INFO] Для заявки Повірка від 22.05.2025 користувачем [Коваль Людмила] змінено виконавця з ЗАПЛАНОВАНІ на Сірий.
[03-Jun-2025 13:20:36 Europe/Helsinki] EditDATA [INFO] Для заявки Повірка від 23.05.2025 користувачем [Коваль Людмила] змінено виконавця з ЗАПЛАНОВАНІ на Сірий.
[03-Jun-2025 13:20:52 Europe/Helsinki] EditDATA [INFO] Для заявки Повірка від 19.05.2025 користувачем [Коваль Людмила] змінено виконавця з ЗАПЛАНОВАНІ на Сірий.
[03-Jun-2025 13:21:08 Europe/Helsinki] EditDATA [INFO] Для заявки Повірка від 26.05.2025 користувачем [Коваль Людмила] змінено виконавця з ЗАПЛАНОВАНІ на Шкуліпа.
[03-Jun-2025 13:21:26 Europe/Helsinki] EditDATA [INFO] Для заявки Повірка від 21.05.2025 користувачем [Коваль Людмила] змінено виконавця з ЗАПЛАНОВАНІ на Шкуліпа.
[03-Jun-2025 13:21:38 Europe/Helsinki] EditDATA [INFO] Для заявки Повірка від 22.05.2025 користувачем [Коваль Людмила] змінено виконавця з Шкуліпа на ЗАПЛАНОВАНІ.
[03-Jun-2025 13:21:50 Europe/Helsinki] EditDATA [INFO] Для заявки Повірка від 20.05.2025 користувачем [Коваль Людмила] змінено виконавця з Шкуліпа на ЗАПЛАНОВАНІ.
[03-Jun-2025 13:22:00 Europe/Helsinki] EditDATA [INFO] Для заявки Повірка від 19.05.2025 користувачем [Коваль Людмила] змінено виконавця з Шкуліпа на ЗАПЛАНОВАНІ.
[03-Jun-2025 13:22:40 Europe/Helsinki] EditDATA [INFO] Для заявки Повірка від 02.06.2025 користувачем [Коваль Людмила] змінено виконавця з ЗАПЛАНОВАНІ на Шкуліпа.
[03-Jun-2025 13:22:51 Europe/Helsinki] EditDATA [INFO] Для заявки Повірка від 21.05.2025 користувачем [Коваль Людмила] змінено виконавця з ЗАПЛАНОВАНІ на Шкуліпа.
[03-Jun-2025 13:23:01 Europe/Helsinki] EditDATA [INFO] Для заявки Повірка від 02.06.2025 користувачем [Коваль Людмила] змінено виконавця з ЗАПЛАНОВАНІ на Шкуліпа.
[03-Jun-2025 13:23:13 Europe/Helsinki] EditDATA [INFO] Для заявки Повірка від 20.05.2025 користувачем [Коваль Людмила] змінено виконавця з ЗАПЛАНОВАНІ на Шкуліпа.
[03-Jun-2025 13:23:29 Europe/Helsinki] EditDATA [INFO] Для заявки Повірка від 26.05.2025 користувачем [Коваль Людмила] змінено виконавця з ЗАПЛАНОВАНІ на Сірий.
[03-Jun-2025 13:23:39 Europe/Helsinki] EditDATA [INFO] Для заявки Повірка від 23.05.2025 користувачем [Коваль Людмила] змінено виконавця з ЗАПЛАНОВАНІ на Сірий.
[03-Jun-2025 13:23:49 Europe/Helsinki] EditDATA [INFO] Для заявки Повірка від 23.05.2025 користувачем [Коваль Людмила] змінено виконавця з ЗАПЛАНОВАНІ на Сірий.
[03-Jun-2025 13:23:59 Europe/Helsinki] EditDATA [INFO] Для заявки Повірка від 19.05.2025 користувачем [Коваль Людмила] змінено виконавця з ЗАПЛАНОВАНІ на Сірий.
[03-Jun-2025 13:24:15 Europe/Helsinki] EditDATA [INFO] Для заявки Повірка від 22.05.2025 користувачем [Коваль Людмила] змінено виконавця з ЗАПЛАНОВАНІ на Сірий.
[03-Jun-2025 13:24:44 Europe/Helsinki] EditDATA [INFO] Для заявки Повірка від 16.05.2025 користувачем [Коваль Людмила] змінено виконавця з ЗАПЛАНОВАНІ на Шкуліпа.
[03-Jun-2025 13:24:55 Europe/Helsinki] EditDATA [INFO] Для заявки Повірка від 19.05.2025 користувачем [Коваль Людмила] змінено виконавця з ЗАПЛАНОВАНІ на Шкуліпа.
[03-Jun-2025 13:25:06 Europe/Helsinki] EditDATA [INFO] Для заявки Повірка від 19.05.2025 користувачем [Коваль Людмила] змінено виконавця з ЗАПЛАНОВАНІ на Шкуліпа.
[03-Jun-2025 13:25:16 Europe/Helsinki] EditDATA [INFO] Для заявки Повірка від 01.05.2025 користувачем [Коваль Людмила] змінено виконавця з ЗАПЛАНОВАНІ на Шкуліпа.
[03-Jun-2025 13:25:25 Europe/Helsinki] EditDATA [INFO] Для заявки Повірка від 26.05.2025 користувачем [Коваль Людмила] змінено виконавця з ЗАПЛАНОВАНІ на Шкуліпа.
[03-Jun-2025 13:25:35 Europe/Helsinki] EditDATA [INFO] Для заявки Повірка від 26.05.2025 користувачем [Коваль Людмила] змінено виконавця з ЗАПЛАНОВАНІ на Сірий.
[03-Jun-2025 14:13:34 Europe/Helsinki] EditDATA [INFO] Для заявки Повірка від 29.05.2025 користувачем [Сусло Тетяна] змінено примітки з хол.13-17 на хол.13-17, дом. не працює.
[03-Jun-2025 15:09:16 Europe/Helsinki] EditDATA [INFO] Для заявки Заміна від 21.05.2025 користувачем [Коваль Людмила] змінено примітки з 13-17, №525838, 1 хв, кухня на 8-13, №525838, 1 хв, кухня.
[2025-06-03T15:09:40.299] [INFO] DataBase - У заявці Заміна від 21 травня 2025 р. за адресою просп. Миру, буд. 52, кв. 37 видалено виконавця Баранов та видалено дату виконання 4 червня 2025 р. користувачем [Сусло Тетяна].
[2025-06-03T15:09:46.362] [INFO] DataBase - У заявці Заміна від 21 травня 2025 р. за адресою просп. Миру, буд. 52, кв. 37 додано виконавця Баранов та додано дату виконання 10 червня 2025 р. користувачем [Сусло Тетяна].
[03-Jun-2025 16:23:01 Europe/Helsinki] NewDATA [INFO] Нова адреса просп. Перемоги, буд. 13, кв. 1, тел. +38 (068) 398-80-42 додана до БД користувачем [Сусло Тетяна].
[03-Jun-2025 16:23:31 Europe/Helsinki] NewDATA [INFO] Нова заявка Повірка, адреса: просп. Перемоги 13, кв. 1, лічильники: БЕЗ НОМЕРА - 2 шт., вартість: 700 грн., примітки: 8-10, за 30 хв додано до БД користувачем [Сусло Тетяна].
[2025-06-03T16:23:35.743] [INFO] DataBase - У заявці Повірка від 3 червня 2025 р. за адресою просп. Перемоги, буд. 13, кв. 1 додано виконавця ЗАПЛАНОВАНІ та додано дату виконання 19 червня 2025 р. користувачем [Сусло Тетяна].
[03-Jun-2025 16:24:17 Europe/Helsinki] NewDATA [INFO] Нова адреса вул. Савчука, буд. 5, кв. 62, тел. +38 (050) 950-00-86 додана до БД користувачем [Сусло Тетяна].
[03-Jun-2025 16:24:37 Europe/Helsinki] NewDATA [INFO] Нова заявка Повірка, адреса: вул. Савчука 5, кв. 62, лічильники: БЕЗ НОМЕРА - 2 шт., вартість: 700 грн., примітки: 8-13 додано до БД користувачем [Сусло Тетяна].
[2025-06-03T16:24:45.276] [INFO] DataBase - У заявці Повірка від 3 червня 2025 р. за адресою вул. Савчука, буд. 5, кв. 62 додано виконавця ЗАПЛАНОВАНІ та додано дату виконання 10 червня 2025 р. користувачем [Сусло Тетяна].
[03-Jun-2025 16:25:46 Europe/Helsinki] NewDATA [INFO] Нова адреса вул. курсанта Єськова, буд. 6, корп. 2, кв. 13, тел. +38 (093) 341-61-25 додана до БД користувачем [Сусло Тетяна].
[03-Jun-2025 16:26:22 Europe/Helsinki] NewDATA [INFO] Нова заявка Повірка, адреса: вул. курсанта Єськова 6 корпус 2, кв. 13, лічильники: БЕЗ НОМЕРА - 2 шт., вартість: 700 грн., примітки: 13-17, за 1 год(військовий) додано до БД користувачем [Сусло Тетяна].
[2025-06-03T16:26:26.873] [INFO] DataBase - У заявці Повірка від 3 червня 2025 р. за адресою вул. курсанта Єськова, буд. 6, корп. 2, кв. 13 додано виконавця ЗАПЛАНОВАНІ та додано дату виконання 6 червня 2025 р. користувачем [Сусло Тетяна].
