[11-Sep-2024 08:02:03 Europe/Helsinki] EditDATA [INFO] За адресою вул. Мстиславська 34, кв. 20 користувачем [Сусло Тетяна] змінені номери телефонів з +38(095)272-78-99 на +38(050)281-68-76, при створенні нової заявки [Заміна] від 11.09.2024.
[11-Sep-2024 08:02:03 Europe/Helsinki] NewDATA [INFO] Нова заявка Заміна, адреса: вул. Мстиславська 34, кв. 20, лічильники: 6770329, виконавець: Баранов, вартість: 350 грн., примітки: 1гв, ванна додано до БД користувачем [Сусло Тетяна].
[11-Sep-2024 08:10:59 Europe/Helsinki] EditDATA [INFO] За адресою вул. Незалежності 82, кв. 37 користувачем [Сусло Тетяна] змінені номери телефонів з +38(0462)69-38-32, +38(098)050-24-98 на +38(098)050-24-98, при створенні нової заявки [Повірка] від 11.09.2024.
[11-Sep-2024 08:10:59 Europe/Helsinki] NewDATA [INFO] Нова заявка Повірка, адреса: вул. Незалежності 82, кв. 37, лічильники: БЕЗ НОМЕРА - 2 шт., вартість: 600 грн., примітки: 8-13 додано до БД користувачем [Сусло Тетяна].
[2024-09-11T08:11:04.345] [INFO] DataBase - У заявці Повірка від 11 вересня 2024 р. за адресою вул. Незалежності, буд. 82, кв. 37 додано виконавця ЗАПЛАНОВАНІ та додано дату виконання 17 вересня 2024 р. користувачем [Сусло Тетяна].
[11-Sep-2024 08:14:17 Europe/Helsinki] NewDATA [INFO] Новий лічильник номер: 240160564, тип: СВК => DN 15, рік випуску: 2024, показники: 0, розташування: Кухня, балансоутримувач: КП "ВДК" додано до БД користувачем [Сміян Альона].
[11-Sep-2024 08:14:46 Europe/Helsinki] EditDATA [ERROR] Лічильник с ID  не найден в базе данных.
[11-Sep-2024 08:15:22 Europe/Helsinki] NewDATA [INFO] Новий лічильник номер: 240160947, тип: СВК => DN 15, рік випуску: 2024, показники: 0, розташування: Ванна, балансоутримувач: АТ "ОТКЕ" додано до БД користувачем [Сміян Альона].
[11-Sep-2024 08:15:33 Europe/Helsinki] EditDATA [INFO] Для заявки Заміна від 09.09.2024 користувачем [Сміян Альона] лічильник БЕЗ НОМЕРА ідентифіковано як 240160947.
[11-Sep-2024 08:16:28 Europe/Helsinki] DellTASK [INFO] Заміна від 09.09.2024 для адреси вул. Савчука, буд. 7, кв. 49 для лічильника 240160947 було завершено користувачем [Сміян Альона] з коментарем: виконано.
[11-Sep-2024 08:17:17 Europe/Helsinki] NewDATA [INFO] Новий лічильник номер: 240160563, тип: СВК => DN 15, рік випуску: 2024, показники: 0, розташування: Ванна, балансоутримувач: КП "ТКЕ" додано до БД користувачем [Сміян Альона].
[11-Sep-2024 08:17:26 Europe/Helsinki] EditDATA [INFO] Для заявки Повірка від 06.09.2024 користувачем [Сміян Альона] лічильник БЕЗ НОМЕРА ідентифіковано як 240160563.
[11-Sep-2024 08:17:36 Europe/Helsinki] DellTASK [INFO] Повірка від 06.09.2024 для адреси вул. Мацієвського Олександра, буд. 4, кв. 8 для лічильника 240160563 було завершено користувачем [Сміян Альона] з коментарем: виконано.
[11-Sep-2024 08:18:51 Europe/Helsinki] DellTASK [INFO] Заміна від 06.09.2024 для адреси вул. 1-ої танкової бригади, буд. 17, кв. 28 для лічильника БЕЗ НОМЕРА - 1 шт. було завершено користувачем [Сміян Альона] з коментарем: виконано.
[11-Sep-2024 08:19:14 Europe/Helsinki] DellTASK [INFO] Заміна від 03.09.2024 для адреси вул. Мстиславська, буд. 40, кв. 41 для лічильника БЕЗ НОМЕРА - 2 шт. було завершено користувачем [Сміян Альона] з коментарем: виконано.
[11-Sep-2024 08:19:54 Europe/Helsinki] NewDATA [INFO] Новий лічильник номер: 240160579, тип: СВК => DN 15, рік випуску: 2024, показники: 0, розташування: Кухня, балансоутримувач: АТ "ОТКЕ" додано до БД користувачем [Сміян Альона].
[11-Sep-2024 08:20:03 Europe/Helsinki] EditDATA [INFO] Для заявки Заміна від 03.09.2024 користувачем [Сміян Альона] лічильник БЕЗ НОМЕРА ідентифіковано як 240160579.
[11-Sep-2024 08:20:12 Europe/Helsinki] DellTASK [INFO] Заміна від 03.09.2024 для адреси вул. 1-ої танкової бригади, буд. 18, кв. 61 для лічильника 240160579 було завершено користувачем [Сміян Альона] з коментарем: виконано.
[11-Sep-2024 08:20:50 Europe/Helsinki] NewDATA [INFO] Новий лічильник номер: 240160960, тип: СВК => DN 15, рік випуску: 2024, показники: 0, розташування: Ванна, балансоутримувач: КП "ВДК" додано до БД користувачем [Сміян Альона].
[11-Sep-2024 08:20:59 Europe/Helsinki] EditDATA [INFO] Для заявки Заміна від 02.09.2024 користувачем [Сміян Альона] лічильник БЕЗ НОМЕРА ідентифіковано як 240160960.
[11-Sep-2024 08:21:27 Europe/Helsinki] NewDATA [INFO] Новий лічильник номер: 240160954, тип: СВК => DN 15, рік випуску: 2024, показники: 0, розташування: Ванна, балансоутримувач: АТ "ОТКЕ" додано до БД користувачем [Сміян Альона].
[11-Sep-2024 08:21:36 Europe/Helsinki] EditDATA [INFO] Для заявки Заміна від 02.09.2024 користувачем [Сміян Альона] лічильник БЕЗ НОМЕРА ідентифіковано як 240160954.
[11-Sep-2024 08:21:45 Europe/Helsinki] DellTASK [INFO] Заміна від 02.09.2024 для адреси вул. Савчука, буд. 1, кв. 16 для лічильників 240160960, 240160954 було завершено користувачем [Сміян Альона] з коментарем: виконано.
[11-Sep-2024 08:22:29 Europe/Helsinki] NewDATA [INFO] Новий лічильник номер: 240161478, тип: СВК => DN 15, рік випуску: 2024, показники: 0, розташування: Ванна, балансоутримувач: КП "ТКЕ" додано до БД користувачем [Сміян Альона].
[11-Sep-2024 08:22:39 Europe/Helsinki] EditDATA [INFO] Для заявки Заміна від 30.08.2024 користувачем [Сміян Альона] лічильник БЕЗ НОМЕРА ідентифіковано як 240161478.
[11-Sep-2024 08:22:48 Europe/Helsinki] DellTASK [INFO] Заміна від 30.08.2024 для адреси вул. Мстиславська, буд. 34, кв. 56 для лічильника 240161478 було завершено користувачем [Сміян Альона] з коментарем: виконано.
[11-Sep-2024 08:23:26 Europe/Helsinki] NewDATA [INFO] Новий лічильник номер: 240160567, тип: СВК => DN 15, рік випуску: 2024, показники: 0, розташування: Ванна, балансоутримувач: КП "ВДК" додано до БД користувачем [Сміян Альона].
[11-Sep-2024 08:23:40 Europe/Helsinki] EditDATA [INFO] Для заявки Заміна від 29.08.2024 користувачем [Сміян Альона] лічильник БЕЗ НОМЕРА ідентифіковано як 240160567.
[11-Sep-2024 08:23:49 Europe/Helsinki] DellTASK [INFO] Заміна від 29.08.2024 для адреси вул. Пантелеймонівська, буд. 19, кв. 32 для лічильника 240160567 було завершено користувачем [Сміян Альона] з коментарем: виконано.
[11-Sep-2024 08:28:11 Europe/Helsinki] DellTASK [INFO] Повірка від 09.09.2024 для адреси вул. Доценка, буд. 16, кв. 80 для лічильника БЕЗ НОМЕРА - 1 шт. було завершено користувачем [Сусло Тетяна] з коментарем: виконано.
[11-Sep-2024 08:28:32 Europe/Helsinki] DellTASK [INFO] Повірка від 09.09.2024 для адреси просп. Грушевського Михайла, буд. 161, кв. 96 для лічильника БЕЗ НОМЕРА - 4 шт. було завершено користувачем [Сусло Тетяна] з коментарем: виконано.
[11-Sep-2024 08:28:51 Europe/Helsinki] DellTASK [INFO] Повірка від 06.09.2024 для адреси просп. Грушевського Михайла, буд. 165, корп. 1, кв. 26 для лічильника БЕЗ НОМЕРА - 2 шт. було завершено користувачем [Сусло Тетяна] з коментарем: виконано.
[11-Sep-2024 08:29:07 Europe/Helsinki] DellTASK [INFO] Повірка від 06.09.2024 для адреси просп. Левка Лукяненка, буд. 54, кв. 55 для лічильника БЕЗ НОМЕРА - 2 шт. було завершено користувачем [Сусло Тетяна] з коментарем: виконано.
[11-Sep-2024 08:29:25 Europe/Helsinki] DellTASK [INFO] Повірка від 04.09.2024 для адреси вул. Доценка, буд. 13, кв. 89 для лічильника БЕЗ НОМЕРА - 2 шт. було завершено користувачем [Сусло Тетяна] з коментарем: виконано.
[11-Sep-2024 08:29:41 Europe/Helsinki] DellTASK [INFO] Повірка від 30.08.2024 для адреси вул. Доценка, буд. 2, корп. Б, кв. 40 для лічильника БЕЗ НОМЕРА - 1 шт. було завершено користувачем [Сусло Тетяна] з коментарем: виконано.
[11-Sep-2024 08:29:54 Europe/Helsinki] DellTASK [INFO] Повірка від 02.09.2024 для адреси просп. Перемоги, буд. 107, кв. 58 для лічильника БЕЗ НОМЕРА - 1 шт. було завершено користувачем [Сусло Тетяна] з коментарем: виконано.
[11-Sep-2024 08:31:05 Europe/Helsinki] NewDATA [INFO] Новий лічильник номер: 0200134352, тип: ЛК => DN 15, рік випуску: 2020, показники: 0, балансоутримувач: КП "ТКЕ" додано до БД користувачем [Сусло Тетяна].
[11-Sep-2024 08:31:09 Europe/Helsinki] EditDATA [INFO] За адресою просп. Перемоги, буд. 107, кв. 58 користувачем [Сусло Тетяна] було додано лічильники: 0200134352].
[11-Sep-2024 08:31:54 Europe/Helsinki] NewDATA [INFO] Новий лічильник номер: 311880, тип: КВ-1,5 => DN 15, рік випуску: 2010, показники: 0, балансоутримувач: КП "ВДК" додано до БД користувачем [Сусло Тетяна].
[11-Sep-2024 08:31:56 Europe/Helsinki] EditDATA [INFO] За адресою вул. Доценка, буд. 2, корп. Б, кв. 40 користувачем [Сусло Тетяна] було додано лічильники: 311880].
[11-Sep-2024 08:32:44 Europe/Helsinki] NewDATA [INFO] Новий лічильник номер: 340313, тип: КВ-1,5 => DN 15, рік випуску: 2001, показники: 0, балансоутримувач: КП "ВДК" додано до БД користувачем [Сусло Тетяна].
[11-Sep-2024 08:33:09 Europe/Helsinki] NewDATA [INFO] Новий лічильник номер: 341884, тип: КВ-1,5 => DN 15, рік випуску: 2001, показники: 0, балансоутримувач: АТ "ОТКЕ" додано до БД користувачем [Сусло Тетяна].
[11-Sep-2024 08:33:11 Europe/Helsinki] EditDATA [INFO] За адресою вул. Доценка, буд. 13, кв. 89 користувачем [Сусло Тетяна] було додано лічильники: 340313, 341884].
[11-Sep-2024 08:34:02 Europe/Helsinki] NewDATA [INFO] Новий лічильник номер: 191256915, тип: СВК => DN 15, рік випуску: 2019, показники: 0, балансоутримувач: КП "ВДК" додано до БД користувачем [Сусло Тетяна].
[11-Sep-2024 08:34:05 Europe/Helsinki] EditDATA [INFO] За адресою вул. Доценка, буд. 16, кв. 80 користувачем [Сусло Тетяна] було додано лічильники: 191256915].
[11-Sep-2024 08:35:04 Europe/Helsinki] NewDATA [INFO] Новий лічильник номер: 445475, тип: СВК => DN 15, рік випуску: 2005, показники: 0, балансоутримувач: АТ "ОТКЕ" додано до БД користувачем [Сусло Тетяна].
[11-Sep-2024 08:35:06 Europe/Helsinki] EditDATA [INFO] За адресою просп. Левка Лукяненка, буд. 54, кв. 55 користувачем [Сусло Тетяна] було додано лічильники: 445475].
[11-Sep-2024 08:59:28 Europe/Helsinki] NewDATA [INFO] Новий лічильник номер: 259776, тип: КВ-1,5 => DN 15, рік випуску: 2004, показники: 0, балансоутримувач: КП "ВДК" додано до БД користувачем [Сусло Тетяна].
[11-Sep-2024 08:59:53 Europe/Helsinki] NewDATA [INFO] Новий лічильник номер: 229193, тип: КВ-1,5 => DN 15, рік випуску: 2004, показники: 0, балансоутримувач: АТ "ОТКЕ" додано до БД користувачем [Сусло Тетяна].
[11-Sep-2024 09:00:19 Europe/Helsinki] NewDATA [INFO] Новий лічильник номер: 258854, тип: КВ-1,5 => DN 15, рік випуску: 2004, показники: 0, балансоутримувач: КП "ВДК" додано до БД користувачем [Сусло Тетяна].
[11-Sep-2024 09:00:45 Europe/Helsinki] NewDATA [INFO] Новий лічильник номер: 229282, тип: КВ-1,5 => DN 15, рік випуску: 2004, показники: 0, балансоутримувач: АТ "ОТКЕ" додано до БД користувачем [Сусло Тетяна].
[11-Sep-2024 09:00:47 Europe/Helsinki] EditDATA [INFO] За адресою просп. Грушевського Михайла, буд. 161, кв. 96 користувачем [Сусло Тетяна] було додано лічильники: 259776, 229193, 258854, 229282].
[11-Sep-2024 09:11:19 Europe/Helsinki] NewDATA [INFO] Новий лічильник номер: 530729, тип: КВ-1,5 => DN 15, рік випуску: 2004, показники: 0, балансоутримувач: КП "ВДК" додано до БД користувачем [Сусло Тетяна].
[11-Sep-2024 09:11:41 Europe/Helsinki] NewDATA [INFO] Новий лічильник номер: 533419, тип: КВ-1,5 => DN 15, рік випуску: 2004, показники: 0, балансоутримувач: АТ "ОТКЕ" додано до БД користувачем [Сусло Тетяна].
[11-Sep-2024 09:11:45 Europe/Helsinki] EditDATA [INFO] За адресою просп. Грушевського Михайла, буд. 165, корп. 1, кв. 26 користувачем [Сусло Тетяна] було додано лічильники: 530729, 533419].
[11-Sep-2024 09:17:34 Europe/Helsinki] NewDATA [INFO] Нова адреса вул. Мстиславська, буд. 171, кв. 11, тел. +38 (073) 096-64-27 додана до БД користувачем [Сусло Тетяна].
[11-Sep-2024 09:18:01 Europe/Helsinki] NewDATA [INFO] Нова заявка Повірка, адреса: вул. Мстиславська 171, кв. 11, лічильники: БЕЗ НОМЕРА - 2 шт., вартість: 600 грн., примітки: 13-18 додано до БД користувачем [Сусло Тетяна].
[2024-09-11T09:18:07.043] [INFO] DataBase - У заявці Повірка від 11 вересня 2024 р. за адресою вул. Мстиславська, буд. 171, кв. 11 додано виконавця ЗАПЛАНОВАНІ та додано дату виконання 12 вересня 2024 р. користувачем [Сусло Тетяна].
[11-Sep-2024 09:18:48 Europe/Helsinki] NewDATA [INFO] Новий лічильник номер: 033594, тип: КВ-1,5 => DN 15, рік випуску: 2020, показники: 0, балансоутримувач: КП "ВДК" додано до БД користувачем [Коваль Людмила].
[11-Sep-2024 09:18:57 Europe/Helsinki] EditDATA [INFO] Для заявки Повірка від 06.09.2024 користувачем [Коваль Людмила] лічильник БЕЗ НОМЕРА ідентифіковано як 033594.
[11-Sep-2024 09:19:22 Europe/Helsinki] NewDATA [INFO] Новий лічильник номер: 059034, тип: КВ-1,5 => DN 15, рік випуску: 2020, показники: 0, балансоутримувач: АТ "ОТКЕ" додано до БД користувачем [Коваль Людмила].
[11-Sep-2024 09:19:33 Europe/Helsinki] EditDATA [INFO] Для заявки Повірка від 06.09.2024 користувачем [Коваль Людмила] лічильник БЕЗ НОМЕРА ідентифіковано як 059034.
[11-Sep-2024 09:19:43 Europe/Helsinki] DellTASK [INFO] Повірка від 06.09.2024 для адреси вул. Всіхсвятська, буд. 10, корп. А, кв. 33 для лічильників 033594, 059034 було завершено користувачем [Коваль Людмила] з коментарем: виконано.
[11-Sep-2024 09:29:30 Europe/Helsinki] NewDATA [INFO] Новий лічильник номер: 191301373, тип: СВК => DN 15, рік випуску: 2019, показники: 0, балансоутримувач: КП "ВДК" додано до БД користувачем [Коваль Людмила].
[11-Sep-2024 09:29:45 Europe/Helsinki] EditDATA [INFO] Для заявки Повірка від 06.09.2024 користувачем [Коваль Людмила] лічильник БЕЗ НОМЕРА ідентифіковано як 191301373.
[11-Sep-2024 09:30:11 Europe/Helsinki] NewDATA [INFO] Новий лічильник номер: 191283987, тип: СВК => DN 15, рік випуску: 2019, показники: 0, балансоутримувач: АТ "ОТКЕ" додано до БД користувачем [Коваль Людмила].
[11-Sep-2024 09:30:23 Europe/Helsinki] EditDATA [INFO] Для заявки Повірка від 06.09.2024 користувачем [Коваль Людмила] лічильник БЕЗ НОМЕРА ідентифіковано як 191283987.
[11-Sep-2024 09:30:33 Europe/Helsinki] DellTASK [INFO] Повірка від 06.09.2024 для адреси вул. Захисників України, буд. 10, корп. А, кв. 21 для лічильників 191301373, 191283987 було завершено користувачем [Коваль Людмила] з коментарем: виконано.
[11-Sep-2024 09:31:09 Europe/Helsinki] NewDATA [INFO] Новий лічильник номер: 031981, тип: КВ-1,5 => DN 15, рік випуску: 2001, показники: 0, балансоутримувач: КП "ВДК" додано до БД користувачем [Коваль Людмила].
[11-Sep-2024 09:31:17 Europe/Helsinki] EditDATA [INFO] Для заявки Повірка від 05.09.2024 користувачем [Коваль Людмила] лічильник БЕЗ НОМЕРА ідентифіковано як 031981.
[11-Sep-2024 09:31:52 Europe/Helsinki] NewDATA [INFO] Новий лічильник номер: 362240, тип: КВ-1,5 => DN 15, рік випуску: 2001, показники: 0, балансоутримувач: АТ "ОТКЕ" додано до БД користувачем [Коваль Людмила].
[11-Sep-2024 09:32:00 Europe/Helsinki] EditDATA [INFO] Для заявки Повірка від 05.09.2024 користувачем [Коваль Людмила] лічильник БЕЗ НОМЕРА ідентифіковано як 362240.
[11-Sep-2024 09:32:14 Europe/Helsinki] DellTASK [INFO] Повірка від 05.09.2024 для адреси вул. 1-ої танкової бригади, буд. 37, корп. 4, кв. 11 для лічильників 031981, 362240 було завершено користувачем [Коваль Людмила] з коментарем: виконано.
[11-Sep-2024 09:32:50 Europe/Helsinki] EditDATA [INFO] За адресою вул. Льотна 14, кв. 73 користувачем [Сусло Тетяна] змінені номери телефонів з +38(093)041-66-08, +38(093)859-65-14, +38(093)141-66-08 на +38(093)041-66-08, при створенні нової заявки [Повірка] від 11.09.2024.
[11-Sep-2024 09:32:50 Europe/Helsinki] NewDATA [INFO] Нова заявка Повірка, адреса: вул. Льотна 14, кв. 73, лічильники: БЕЗ НОМЕРА - 1 шт., вартість: 300 грн., примітки: 8-13, домофон не працює додано до БД користувачем [Сусло Тетяна].
[11-Sep-2024 09:32:52 Europe/Helsinki] EditDATA [INFO] Для заявки Повірка від 09.09.2024 користувачем [Коваль Людмила] змінено виконавця з Шкуліпа на Осипенко.
[2024-09-11T09:32:54.058] [INFO] DataBase - У заявці Повірка від 11 вересня 2024 р. за адресою вул. Льотна, буд. 14, кв. 73 додано виконавця ЗАПЛАНОВАНІ та додано дату виконання 12 вересня 2024 р. користувачем [Сусло Тетяна].
[11-Sep-2024 09:33:33 Europe/Helsinki] NewDATA [INFO] Новий лічильник номер: 723161, тип: КВ-1,5 => DN 15, рік випуску: 2005, показники: 0, балансоутримувач: КП "ВДК" додано до БД користувачем [Коваль Людмила].
[11-Sep-2024 09:33:42 Europe/Helsinki] EditDATA [INFO] Для заявки Повірка від 09.09.2024 користувачем [Коваль Людмила] лічильник БЕЗ НОМЕРА ідентифіковано як 723161.
[11-Sep-2024 09:34:14 Europe/Helsinki] NewDATA [INFO] Новий лічильник номер: 723034, тип: КВ-1,5 => DN 15, рік випуску: 2005, показники: 0, балансоутримувач: АТ "ОТКЕ" додано до БД користувачем [Коваль Людмила].
[11-Sep-2024 09:34:22 Europe/Helsinki] EditDATA [INFO] Для заявки Повірка від 09.09.2024 користувачем [Коваль Людмила] лічильник БЕЗ НОМЕРА ідентифіковано як 723034.
[11-Sep-2024 09:34:32 Europe/Helsinki] DellTASK [INFO] Повірка від 09.09.2024 для адреси вул. 1-ої танкової бригади, буд. 21, корп. 2, кв. 76 для лічильників 723161, 723034 було завершено користувачем [Коваль Людмила] з коментарем: виконано.
[11-Sep-2024 09:37:10 Europe/Helsinki] NewDATA [INFO] Новий лічильник номер: 476907, тип: СВК => DN 15, рік випуску: 2005, показники: 0, балансоутримувач: КП "ВДК" додано до БД користувачем [Коваль Людмила].
[11-Sep-2024 09:37:19 Europe/Helsinki] EditDATA [INFO] Для заявки Повірка від 19.08.2024 користувачем [Коваль Людмила] лічильник БЕЗ НОМЕРА ідентифіковано як 476907.
[11-Sep-2024 09:37:48 Europe/Helsinki] NewDATA [INFO] Новий лічильник номер: 462054, тип: СВК => DN 15, рік випуску: 2005, показники: 0, балансоутримувач: КП "ТКЕ" додано до БД користувачем [Коваль Людмила].
[11-Sep-2024 09:37:58 Europe/Helsinki] EditDATA [INFO] Для заявки Повірка від 19.08.2024 користувачем [Коваль Людмила] лічильник БЕЗ НОМЕРА ідентифіковано як 462054.
[11-Sep-2024 09:38:22 Europe/Helsinki] NewDATA [INFO] Новий лічильник номер: 474156, тип: СВК => DN 15, рік випуску: 2005, показники: 0, балансоутримувач: КП "ВДК" додано до БД користувачем [Коваль Людмила].
[11-Sep-2024 09:38:51 Europe/Helsinki] EditDATA [INFO] Для заявки Повірка від 19.08.2024 користувачем [Коваль Людмила] лічильник БЕЗ НОМЕРА ідентифіковано як 474156.
[11-Sep-2024 09:39:23 Europe/Helsinki] NewDATA [INFO] Новий лічильник номер: 467870, тип: СВК => DN 15, рік випуску: 2005, показники: 0, балансоутримувач: КП "ТКЕ" додано до БД користувачем [Коваль Людмила].
[11-Sep-2024 09:39:32 Europe/Helsinki] EditDATA [INFO] Для заявки Повірка від 19.08.2024 користувачем [Коваль Людмила] лічильник БЕЗ НОМЕРА ідентифіковано як 467870.
[11-Sep-2024 09:39:43 Europe/Helsinki] DellTASK [INFO] Повірка від 19.08.2024 для адреси вул. Магістратська, буд. 15, кв. 38 для лічильників 476907, 462054, 474156, 467870 було завершено користувачем [Коваль Людмила] з коментарем: виконано.
[11-Sep-2024 09:40:25 Europe/Helsinki] NewDATA [INFO] Новий лічильник номер: 481149, тип: КВ-1,5 => DN 15, рік випуску: 2002, показники: 0, балансоутримувач: КП "ВДК" додано до БД користувачем [Коваль Людмила].
[11-Sep-2024 09:40:34 Europe/Helsinki] EditDATA [INFO] Для заявки Повірка від 05.09.2024 користувачем [Коваль Людмила] лічильник БЕЗ НОМЕРА ідентифіковано як 481149.
[11-Sep-2024 09:41:03 Europe/Helsinki] NewDATA [INFO] Новий лічильник номер: 507797, тип: КВ-1,5 => DN 15, рік випуску: 2002, показники: 0, балансоутримувач: АТ "ОТКЕ" додано до БД користувачем [Коваль Людмила].
[11-Sep-2024 09:41:13 Europe/Helsinki] EditDATA [INFO] Для заявки Повірка від 05.09.2024 користувачем [Коваль Людмила] лічильник БЕЗ НОМЕРА ідентифіковано як 507797.
[11-Sep-2024 09:41:42 Europe/Helsinki] NewDATA [INFO] Новий лічильник номер: 482669, тип: КВ-1,5 => DN 15, рік випуску: 2002, показники: 0, балансоутримувач: КП "ВДК" додано до БД користувачем [Коваль Людмила].
[11-Sep-2024 09:41:50 Europe/Helsinki] EditDATA [INFO] Для заявки Повірка від 05.09.2024 користувачем [Коваль Людмила] лічильник БЕЗ НОМЕРА ідентифіковано як 482669.
[11-Sep-2024 09:42:13 Europe/Helsinki] NewDATA [INFO] Новий лічильник номер: 496119, тип: КВ-1,5 => DN 15, рік випуску: 2002, показники: 0, балансоутримувач: АТ "ОТКЕ" додано до БД користувачем [Коваль Людмила].
[11-Sep-2024 09:42:21 Europe/Helsinki] EditDATA [INFO] Для заявки Повірка від 05.09.2024 користувачем [Коваль Людмила] лічильник БЕЗ НОМЕРА ідентифіковано як 496119.
[11-Sep-2024 09:42:31 Europe/Helsinki] DellTASK [INFO] Повірка від 05.09.2024 для адреси вул. 1-ої танкової бригади, буд. 30, корп. 3, кв. 28 для лічильників 481149, 507797, 482669, 496119 було завершено користувачем [Коваль Людмила] з коментарем: виконано.
[11-Sep-2024 09:43:45 Europe/Helsinki] NewDATA [INFO] Новий лічильник номер: 1362550, тип: ЛК => DN 15, рік випуску: 2011, показники: 0, балансоутримувач: КП "ВДК" додано до БД користувачем [Коваль Людмила].
[11-Sep-2024 09:44:15 Europe/Helsinki] EditDATA [INFO] Для заявки Повірка від 27.08.2024 користувачем [Коваль Людмила] лічильник БЕЗ НОМЕРА ідентифіковано як 1362550.
[11-Sep-2024 09:44:25 Europe/Helsinki] DellTASK [INFO] Повірка від 27.08.2024 для адреси вул. Толстого, буд. 125, корп. А, кв. 50 для лічильника 1362550 було завершено користувачем [Коваль Людмила] з коментарем: виконано.
[11-Sep-2024 09:45:03 Europe/Helsinki] NewDATA [INFO] Новий лічильник номер: 6859395, тип: ЛК => DN 15, рік випуску: 2016, показники: 0, балансоутримувач: КП "ВДК" додано до БД користувачем [Коваль Людмила].
[11-Sep-2024 09:45:13 Europe/Helsinki] EditDATA [INFO] Для заявки Повірка від 09.09.2024 користувачем [Коваль Людмила] лічильник БЕЗ НОМЕРА ідентифіковано як 6859395.
[11-Sep-2024 09:45:50 Europe/Helsinki] NewDATA [INFO] Новий лічильник номер: 6907988, тип: ЛК => DN 15, рік випуску: 2016, показники: 0, балансоутримувач: АТ "ОТКЕ" додано до БД користувачем [Коваль Людмила].
[11-Sep-2024 09:46:02 Europe/Helsinki] EditDATA [INFO] Для заявки Повірка від 09.09.2024 користувачем [Коваль Людмила] лічильник БЕЗ НОМЕРА ідентифіковано як 6907988.
[11-Sep-2024 09:46:13 Europe/Helsinki] DellTASK [INFO] Повірка від 09.09.2024 для адреси вул. Корольова, буд. 14, корп. А, кв. 49 для лічильників 6859395, 6907988 було завершено користувачем [Коваль Людмила] з коментарем: виконано.
[11-Sep-2024 09:47:09 Europe/Helsinki] NewDATA [INFO] Новий лічильник номер: 096009, тип: КВ-1,5 => DN 15, рік випуску: 2010, показники: 0, балансоутримувач: КП "ВДК" додано до БД користувачем [Коваль Людмила].
[11-Sep-2024 09:47:17 Europe/Helsinki] EditDATA [INFO] Для заявки Повірка від 03.09.2024 користувачем [Коваль Людмила] лічильник БЕЗ НОМЕРА ідентифіковано як 096009.
[11-Sep-2024 09:47:28 Europe/Helsinki] DellTASK [INFO] Повірка від 03.09.2024 для адреси вул. Корольова, буд. 12, корп. Б, кв. 52 для лічильника 096009 було завершено користувачем [Коваль Людмила] з коментарем: виконано.
[11-Sep-2024 09:47:58 Europe/Helsinki] NewDATA [INFO] Нова адреса вул. Загривного Максима, буд. 3, кв. 24, тел. +38 (097) 338-09-81 додана до БД користувачем [Сміян Альона].
[11-Sep-2024 09:48:08 Europe/Helsinki] NewDATA [INFO] Новий лічильник номер: 247471, тип: КВ-1,5 => DN 15, рік випуску: 2002, показники: 0, балансоутримувач: КП "ВДК" додано до БД користувачем [Коваль Людмила].
[11-Sep-2024 09:48:19 Europe/Helsinki] EditDATA [INFO] Для заявки Повірка від 06.09.2024 користувачем [Коваль Людмила] лічильник БЕЗ НОМЕРА ідентифіковано як 247471.
[11-Sep-2024 09:48:26 Europe/Helsinki] NewDATA [INFO] Нова заявка Повірка, адреса: вул. Загривного Максима 3, кв. 24, лічильники: БЕЗ НОМЕРА - 1 шт., вартість: 300 грн., примітки: 13-17 додано до БД користувачем [Сміян Альона].
[2024-09-11T09:48:34.462] [INFO] DataBase - У заявці Повірка від 11 вересня 2024 р. за адресою вул. Загривного Максима, буд. 3, кв. 24 додано виконавця ЗАПЛАНОВАНІ та додано дату виконання 13 вересня 2024 р. користувачем [Сміян Альона].
[11-Sep-2024 09:49:10 Europe/Helsinki] NewDATA [INFO] Новий лічильник номер: 273895, тип: КВ-1,5 => DN 15, рік випуску: 2002, показники: 0, балансоутримувач: АТ "ОТКЕ" додано до БД користувачем [Коваль Людмила].
[11-Sep-2024 09:49:12 Europe/Helsinki] NewDATA [INFO] Новий лічильник номер: 181222983, тип: СВК => DN 15, рік випуску: 2018, показники: 0, балансоутримувач: КП "ВДК" додано до БД користувачем [Сусло Тетяна].
[11-Sep-2024 09:49:21 Europe/Helsinki] EditDATA [INFO] Для заявки Повірка від 06.09.2024 користувачем [Коваль Людмила] лічильник БЕЗ НОМЕРА ідентифіковано як 273895.
[11-Sep-2024 09:49:31 Europe/Helsinki] DellTASK [INFO] Повірка від 06.09.2024 для адреси вул. Березовського Максима, буд. 1, кв. 6 для лічильників 247471, 273895 було завершено користувачем [Коваль Людмила] з коментарем: виконано.
[11-Sep-2024 09:49:39 Europe/Helsinki] DellTASK [INFO] Повірка від 30.08.2024 для адреси просп. Левка Лукяненка, буд. 30, кв. 107 для лічильника БЕЗ НОМЕРА - 1 шт. було завершено користувачем [Сусло Тетяна] з коментарем: виконано.
[11-Sep-2024 09:50:05 Europe/Helsinki] NewDATA [INFO] Новий лічильник номер: 4542598, тип: ЛК => DN 15, рік випуску: 2014, показники: 0, балансоутримувач: АТ "ОТКЕ" додано до БД користувачем [Коваль Людмила].
[11-Sep-2024 09:50:13 Europe/Helsinki] EditDATA [INFO] За адресою просп. Левка Лукяненка, буд. 30, кв. 107 користувачем [Сусло Тетяна] було додано лічильники: 181222983].
[11-Sep-2024 09:51:01 Europe/Helsinki] EditDATA [INFO] Для заявки Повірка від 05.09.2024 користувачем [Коваль Людмила] лічильник БЕЗ НОМЕРА ідентифіковано як 4542598.
[11-Sep-2024 09:51:10 Europe/Helsinki] DellTASK [INFO] Повірка від 05.09.2024 для адреси вул. Березовського Максима, буд. 1, кв. 39 для лічильника 4542598 було завершено користувачем [Коваль Людмила] з коментарем: виконано.
[11-Sep-2024 09:57:27 Europe/Helsinki] DellTASK [INFO] Повірка від 27.08.2024 для адреси вул. Самоквасова Дмитра, буд. 9, кв. 97 для лічильника БЕЗ НОМЕРА - 2 шт. було завершено користувачем [Сусло Тетяна] з коментарем: виконано.
[11-Sep-2024 09:57:46 Europe/Helsinki] DellTASK [INFO] Повірка від 27.08.2024 для адреси вул. Текстильників, буд. 9, кв. 38 для лічильника БЕЗ НОМЕРА - 4 шт. було завершено користувачем [Сусло Тетяна] з коментарем: виконано.
[11-Sep-2024 09:58:51 Europe/Helsinki] NewDATA [INFO] Новий лічильник номер: 238838, тип: КВ-1,5 => DN 15, рік випуску: 2015, показники: 0, балансоутримувач: КП "ВДК" додано до БД користувачем [Сусло Тетяна].
[11-Sep-2024 09:59:13 Europe/Helsinki] NewDATA [INFO] Новий лічильник номер: 266675, тип: КВ-1,5 => DN 15, рік випуску: 2015, показники: 0, балансоутримувач: КП "ТКЕ" додано до БД користувачем [Сусло Тетяна].
[11-Sep-2024 09:59:20 Europe/Helsinki] EditDATA [INFO] За адресою вул. Самоквасова Дмитра, буд. 9, кв. 97 користувачем [Сусло Тетяна] було додано лічильники: 238838, 266675].
[11-Sep-2024 10:00:21 Europe/Helsinki] NewDATA [INFO] Новий лічильник номер: 373172, тип: КВ-1,5 => DN 15, рік випуску: 2006, показники: 0, балансоутримувач: КП "ВДК" додано до БД користувачем [Сусло Тетяна].
[11-Sep-2024 10:00:50 Europe/Helsinki] NewDATA [INFO] Новий лічильник номер: 019802, тип: КВ-1,5 => DN 15, рік випуску: 2013, показники: 0, балансоутримувач: КП "ТКЕ" додано до БД користувачем [Сусло Тетяна].
[11-Sep-2024 10:01:16 Europe/Helsinki] NewDATA [INFO] Новий лічильник номер: 290608, тип: КВ-1,5 => DN 15, рік випуску: 2002, показники: 0, балансоутримувач: КП "ВДК" додано до БД користувачем [Сусло Тетяна].
[11-Sep-2024 10:01:48 Europe/Helsinki] NewDATA [INFO] Новий лічильник номер: 007146, тип: КВ-1,5 => DN 15, рік випуску: 2011, показники: 0, балансоутримувач: КП "ТКЕ" додано до БД користувачем [Сусло Тетяна].
[11-Sep-2024 10:01:49 Europe/Helsinki] EditDATA [INFO] За адресою вул. Текстильників, буд. 9, кв. 38 користувачем [Сусло Тетяна] було додано лічильники: 373172, 019802, 290608, 007146].
[11-Sep-2024 10:03:52 Europe/Helsinki] NewDATA [INFO] Новий лічильник номер: 097522, тип: КВ-1,5 => DN 15, рік випуску: 2012, показники: 0, балансоутримувач: КП "ВДК" додано до БД користувачем [Коваль Людмила].
[11-Sep-2024 10:04:20 Europe/Helsinki] EditDATA [INFO] Для заявки Повірка від 03.09.2024 користувачем [Коваль Людмила] лічильник БЕЗ НОМЕРА ідентифіковано як 097522.
[11-Sep-2024 10:04:47 Europe/Helsinki] NewDATA [INFO] Новий лічильник номер: 099182, тип: КВ-1,5 => DN 15, рік випуску: 2012, показники: 0, балансоутримувач: АТ "ОТКЕ" додано до БД користувачем [Коваль Людмила].
[11-Sep-2024 10:04:55 Europe/Helsinki] EditDATA [INFO] Для заявки Повірка від 03.09.2024 користувачем [Коваль Людмила] лічильник БЕЗ НОМЕРА ідентифіковано як 099182.
[11-Sep-2024 10:05:06 Europe/Helsinki] DellTASK [INFO] Повірка від 03.09.2024 для адреси вул. Льотна, буд. 29, кв. 17 для лічильників 097522, 099182 було завершено користувачем [Коваль Людмила] з коментарем: виконано.
[11-Sep-2024 10:05:17 Europe/Helsinki] NewDATA [INFO] Новий лічильник номер: 002856, тип: КВ-1,5 => DN 15, рік випуску: 2008, показники: 0, балансоутримувач: КП "ТКЕ" додано до БД користувачем [Сусло Тетяна].
[11-Sep-2024 10:06:47 Europe/Helsinki] NewDATA [INFO] Новий лічильник номер: 446667, тип: КВ-1,5 => DN 15, рік випуску: 2003, показники: 0, балансоутримувач: КП "ВДК" додано до БД користувачем [Коваль Людмила].
[11-Sep-2024 10:06:55 Europe/Helsinki] EditDATA [INFO] Для заявки Повірка від 03.09.2024 користувачем [Коваль Людмила] лічильник БЕЗ НОМЕРА ідентифіковано як 446667.
[11-Sep-2024 10:07:23 Europe/Helsinki] DellTASK [INFO] Повірка від 22.08.2024 для адреси вул. Самоквасова Дмитра, буд. 20, кв. 180 для лічильників 058224, БЕЗ НОМЕРА - 3 шт. було завершено користувачем [Сусло Тетяна] з коментарем: на одному недостатній тиск води.
[11-Sep-2024 10:07:28 Europe/Helsinki] NewDATA [INFO] Новий лічильник номер: 455997, тип: КВ-1,5 => DN 15, рік випуску: 2003, показники: 0, балансоутримувач: КП "ТКЕ" додано до БД користувачем [Коваль Людмила].
[11-Sep-2024 10:08:08 Europe/Helsinki] EditDATA [INFO] Для заявки Повірка від 03.09.2024 користувачем [Коваль Людмила] лічильник БЕЗ НОМЕРА ідентифіковано як 455997.
[11-Sep-2024 10:08:18 Europe/Helsinki] DellTASK [INFO] Повірка від 03.09.2024 для адреси вул. Богуна Івана, буд. 46, кв. 46 для лічильників 446667, 455997 було завершено користувачем [Коваль Людмила] з коментарем: виконано.
[11-Sep-2024 10:08:23 Europe/Helsinki] EditDATA [INFO] За адресою вул. Самоквасова Дмитра, буд. 20, кв. 180 користувачем [Сусло Тетяна] було додано лічильники: 058224, 025952, 002856].
[11-Sep-2024 10:09:55 Europe/Helsinki] NewDATA [INFO] Нова заявка Заміна, адреса: вул. Елеваторна 2, кв. 55, лічильники: 016231, вартість: 1050 грн., примітки: 1х/в 016231 8-10 додано до БД користувачем [Сміян Альона].
[2024-09-11T10:10:06.734] [INFO] DataBase - У заявці Заміна від 11 вересня 2024 р. за адресою вул. Елеваторна, буд. 2, кв. 55 додано виконавця Баранов та додано дату виконання 17 вересня 2024 р. користувачем [Сміян Альона].
[11-Sep-2024 10:12:18 Europe/Helsinki] NewDATA [INFO] Новий лічильник номер: 11728423, тип: Sensus => DN 15, рік випуску: 2019, показники: 0, балансоутримувач: КП "ВДК" додано до БД користувачем [Коваль Людмила].
[11-Sep-2024 10:12:30 Europe/Helsinki] EditDATA [INFO] Для заявки Повірка від 27.08.2024 користувачем [Коваль Людмила] лічильник БЕЗ НОМЕРА ідентифіковано як 11728423.
[11-Sep-2024 10:12:41 Europe/Helsinki] DellTASK [INFO] Повірка від 27.08.2024 для адреси вул. Стрілецька, буд. 106, кв. 59 для лічильника 11728423 було завершено користувачем [Коваль Людмила] з коментарем: виконано.
[11-Sep-2024 10:14:16 Europe/Helsinki] DellTASK [INFO] Повірка від 21.08.2024 для адреси вул. Княжа, буд. 7, кв. 38 для лічильника БЕЗ НОМЕРА - 2 шт. було завершено користувачем [Коваль Людмила] з коментарем: виконав шкуліпа.
[11-Sep-2024 10:15:29 Europe/Helsinki] EditDATA [INFO] За адресою вул. Мстиславська 47, кв. 12 користувачем [Сусло Тетяна] додано номер телефону +38(099)061-06-03, при створенні нової заявки [Повірка] від 11.09.2024.
[11-Sep-2024 10:15:29 Europe/Helsinki] NewDATA [INFO] Нова заявка Повірка, адреса: вул. Мстиславська 47, кв. 12, лічильники: БЕЗ НОМЕРА - 2 шт., вартість: 600 грн., примітки: 8-13, за 30 хв додано до БД користувачем [Сусло Тетяна].
[2024-09-11T10:15:33.647] [INFO] DataBase - У заявці Повірка від 11 вересня 2024 р. за адресою вул. Мстиславська, буд. 47, кв. 12 додано виконавця ЗАПЛАНОВАНІ та додано дату виконання 12 вересня 2024 р. користувачем [Сусло Тетяна].
[11-Sep-2024 10:18:02 Europe/Helsinki] NewDATA [INFO] Нова адреса вул. Пятницька, буд. 68, корп. 2, кв. 57, тел. +38 (099) 218-31-93 додана до БД користувачем [Сусло Тетяна].
[11-Sep-2024 10:18:49 Europe/Helsinki] NewDATA [INFO] Нова заявка Повірка, адреса: вул. Пятницька 68 корпус 2, кв. 57, лічильники: БЕЗ НОМЕРА - 2 шт., вартість: 600 грн., примітки: 13-18, за 30 хв додано до БД користувачем [Сусло Тетяна].
[2024-09-11T10:19:03.557] [INFO] DataBase - У заявці Повірка від 11 вересня 2024 р. за адресою вул. Пятницька, буд. 68, корп. 2, кв. 57 додано виконавця ЗАПЛАНОВАНІ та додано дату виконання 13 вересня 2024 р. користувачем [Сусло Тетяна].
[11-Sep-2024 10:20:12 Europe/Helsinki] DellTASK [INFO] Повірка від 19.06.2024 для адреси вул. курсанта Єськова, буд. 10, корп. 3, кв. 83 для лічильника БЕЗ НОМЕРА - 2 шт. було відмінено користувачем [Сусло Тетяна] з коментарем: нема грошей, потім перезапишуться.
[2024-09-11T10:21:22.698] [INFO] DataBase - У заявці Повірка від 28 серпня 2024 р. за адресою вул. Текстильників, буд. 15, корп. А, кв. 33 видалено дату виконання 2 вересня 2024 р. користувачем [Сусло Тетяна].
[2024-09-11T10:21:35.660] [INFO] DataBase - У заявці Повірка від 28 серпня 2024 р. за адресою вул. Текстильників, буд. 15, корп. А, кв. 33 додано дату виконання 11 вересня 2024 р. користувачем [Сусло Тетяна].
[11-Sep-2024 10:24:51 Europe/Helsinki] DellTASK [INFO] Повірка від 04.09.2024 для адреси вул. Мазепи Івана, буд. 32, кв. 28 для лічильників 00616604, БЕЗ НОМЕРА - 3 шт. було завершено користувачем [Сусло Тетяна] з коментарем: виконано.
[11-Sep-2024 10:29:46 Europe/Helsinki] NewDATA [INFO] Новий лічильник номер: 00621993, тип: E-T 1,6-U => DN 15, рік випуску: 2020, показники: 0, балансоутримувач: КП "ТКЕ" додано до БД користувачем [Сусло Тетяна].
[11-Sep-2024 10:30:12 Europe/Helsinki] NewDATA [INFO] Новий лічильник номер: 00616007, тип: E-T 1,6-U => DN 15, рік випуску: 2020, показники: 0, балансоутримувач: КП "ВДК" додано до БД користувачем [Сусло Тетяна].
[11-Sep-2024 10:31:02 Europe/Helsinki] NewDATA [INFO] Новий лічильник номер: 00623152, тип: E-T 1,6-U => DN 15, рік випуску: 2020, показники: 0, балансоутримувач: КП "ТКЕ" додано до БД користувачем [Сусло Тетяна].
[11-Sep-2024 10:31:40 Europe/Helsinki] EditDATA [INFO] За адресою вул. Мазепи Івана, буд. 32, кв. 28 користувачем [Сусло Тетяна] було додано лічильники: 00616604, 00621993, 00616007, 00623152].
[11-Sep-2024 10:43:21 Europe/Helsinki] DellTASK [INFO] Повірка від 03.09.2024 для адреси вул. Магістратська, буд. 13, кв. 13 для лічильника БЕЗ НОМЕРА - 4 шт. було завершено користувачем [Сусло Тетяна] з коментарем: виконано.
[11-Sep-2024 10:44:16 Europe/Helsinki] NewDATA [INFO] Новий лічильник номер: 096122, тип: КВ-1,5 => DN 15, рік випуску: 2016, показники: 0, балансоутримувач: КП "ВДК" додано до БД користувачем [Сусло Тетяна].
[11-Sep-2024 10:44:41 Europe/Helsinki] NewDATA [INFO] Новий лічильник номер: 106277, тип: КВ-1,5 => DN 15, рік випуску: 2016, показники: 0, балансоутримувач: КП "ТКЕ" додано до БД користувачем [Сусло Тетяна].
[11-Sep-2024 10:44:49 Europe/Helsinki] EditDATA [INFO] Для заявки Заміна від 11.09.2024 користувачем [Сміян Альона] змінено вартість робіт з 1050 грн. на 350 грн.
[11-Sep-2024 10:45:05 Europe/Helsinki] NewDATA [INFO] Новий лічильник номер: 099101, тип: КВ-1,5 => DN 15, рік випуску: 2016, показники: 0, балансоутримувач: КП "ВДК" додано до БД користувачем [Сусло Тетяна].
[11-Sep-2024 10:45:31 Europe/Helsinki] NewDATA [INFO] Новий лічильник номер: 104782, тип: КВ-1,5 => DN 15, рік випуску: 2016, показники: 0, балансоутримувач: КП "ТКЕ" додано до БД користувачем [Сусло Тетяна].
[11-Sep-2024 10:45:33 Europe/Helsinki] EditDATA [INFO] За адресою вул. Магістратська, буд. 13, кв. 13 користувачем [Сусло Тетяна] було додано лічильники: 096122, 106277, 099101, 104782].
[11-Sep-2024 10:49:21 Europe/Helsinki] NewDATA [INFO] Нова адреса просп. Перемоги, буд. 18, кв. 23, тел. +38 (050) 385-73-51 додана до БД користувачем [Сусло Тетяна].
[11-Sep-2024 10:49:52 Europe/Helsinki] NewDATA [INFO] Нова заявка Повірка, адреса: просп. Перемоги 18, кв. 23, лічильники: БЕЗ НОМЕРА - 2 шт., вартість: 600 грн., примітки: 8-10, за 30 хв додано до БД користувачем [Сусло Тетяна].
[2024-09-11T10:49:58.064] [INFO] DataBase - У заявці Повірка від 11 вересня 2024 р. за адресою просп. Перемоги, буд. 18, кв. 23 додано виконавця ЗАПЛАНОВАНІ та додано дату виконання 13 вересня 2024 р. користувачем [Сусло Тетяна].
[11-Sep-2024 10:58:04 Europe/Helsinki] DellTASK [INFO] Повірка від 09.09.2024 для адреси просп. Перемоги, буд. 193, кв. 27 для лічильника БЕЗ НОМЕРА - 1 шт. було завершено користувачем [Сусло Тетяна] з коментарем: виконано.
[11-Sep-2024 10:58:23 Europe/Helsinki] DellTASK [INFO] Повірка від 09.09.2024 для адреси просп. Левка Лукяненка, буд. 14, кв. 67 для лічильника БЕЗ НОМЕРА - 2 шт. було завершено користувачем [Сусло Тетяна] з коментарем: виконано.
[11-Sep-2024 10:58:38 Europe/Helsinki] DellTASK [INFO] Повірка від 06.09.2024 для адреси вул. Генерала Пухова, буд. 129, корп. 1, кв. 18 для лічильника БЕЗ НОМЕРА - 2 шт. було завершено користувачем [Сусло Тетяна] з коментарем: виконано.
[11-Sep-2024 10:58:57 Europe/Helsinki] DellTASK [INFO] Повірка від 05.09.2024 для адреси просп. Перемоги, буд. 174, кв. 67 для лічильника БЕЗ НОМЕРА - 1 шт. було завершено користувачем [Сусло Тетяна] з коментарем: виконано.
[11-Sep-2024 11:00:05 Europe/Helsinki] NewDATA [INFO] Новий лічильник номер: 040670, тип: КВ-1,5 => DN 15, рік випуску: 2003, показники: 0, балансоутримувач: КП "ВДК" додано до БД користувачем [Сусло Тетяна].
[11-Sep-2024 11:00:07 Europe/Helsinki] EditDATA [INFO] За адресою просп. Перемоги, буд. 174, кв. 67 користувачем [Сусло Тетяна] було додано лічильники: 040670].
[11-Sep-2024 11:01:10 Europe/Helsinki] NewDATA [INFO] Новий лічильник номер: 075770, тип: КВ-1,5 => DN 15, рік випуску: 2018, показники: 0, балансоутримувач: КП "ВДК" додано до БД користувачем [Сусло Тетяна].
[11-Sep-2024 11:01:32 Europe/Helsinki] NewDATA [INFO] Новий лічильник номер: 077951, тип: КВ-1,5 => DN 15, рік випуску: 2018, показники: 0, балансоутримувач: АТ "ОТКЕ" додано до БД користувачем [Сусло Тетяна].
[11-Sep-2024 11:01:33 Europe/Helsinki] EditDATA [INFO] За адресою просп. Левка Лукяненка, буд. 14, кв. 67 користувачем [Сусло Тетяна] було додано лічильники: 075770, 077951].
[11-Sep-2024 11:02:29 Europe/Helsinki] NewDATA [INFO] Новий лічильник номер: 11561771, тип: ResidiaJet => DN 15, рік випуску: 2018, показники: 0, балансоутримувач: КП "ВДК" додано до БД користувачем [Сусло Тетяна].
[11-Sep-2024 11:02:31 Europe/Helsinki] EditDATA [INFO] За адресою просп. Перемоги, буд. 193, кв. 27 користувачем [Сусло Тетяна] було додано лічильники: 11561771].
[11-Sep-2024 11:02:55 Europe/Helsinki] NewDATA [INFO] Нова заявка Повірка, адреса: вул. Льотна 41, кв. 65, лічильники: БЕЗ НОМЕРА - 2 шт., вартість: 600 грн., примітки: 8-13,пер.за час додано до БД користувачем [Коваль Людмила].
[2024-09-11T11:03:10.139] [INFO] DataBase - У заявці Повірка від 11 вересня 2024 р. за адресою вул. Льотна, буд. 41, кв. 65 додано виконавця ЗАПЛАНОВАНІ та додано дату виконання 12 вересня 2024 р. користувачем [Коваль Людмила].
[11-Sep-2024 11:03:16 Europe/Helsinki] NewDATA [INFO] Новий лічильник номер: 056461, тип: КВ-1,5 => DN 15, рік випуску: 2020, показники: 0, балансоутримувач: КП "ВДК" додано до БД користувачем [Сусло Тетяна].
[11-Sep-2024 11:03:39 Europe/Helsinki] NewDATA [INFO] Новий лічильник номер: 058516, тип: КВ-1,5 => DN 15, рік випуску: 2020, показники: 0, балансоутримувач: АТ "ОТКЕ" додано до БД користувачем [Сусло Тетяна].
[11-Sep-2024 11:03:42 Europe/Helsinki] EditDATA [INFO] За адресою вул. Генерала Пухова, буд. 129, корп. 1, кв. 18 користувачем [Сусло Тетяна] було додано лічильники: 056461, 058516].
[11-Sep-2024 11:03:52 Europe/Helsinki] NewDATA [INFO] Нова адреса вул. Льотна, буд. 43, кв. 72, тел. +38 (093) 303-82-00 додана до БД користувачем [Коваль Людмила].
[11-Sep-2024 11:04:21 Europe/Helsinki] NewDATA [INFO] Нова заявка Повірка, адреса: вул. Льотна 43, кв. 72, лічильники: БЕЗ НОМЕРА - 2 шт., вартість: 600 грн., примітки: 14-18 додано до БД користувачем [Коваль Людмила].
[2024-09-11T11:04:33.354] [INFO] DataBase - У заявці Повірка від 11 вересня 2024 р. за адресою вул. Льотна, буд. 43, кв. 72 додано виконавця ЗАПЛАНОВАНІ та додано дату виконання 13 вересня 2024 р. користувачем [Коваль Людмила].
[11-Sep-2024 11:05:38 Europe/Helsinki] EditDATA [INFO] За адресою вул. Мстиславська 81, кв. 77 користувачем [Коваль Людмила] змінені номери телефонів з +38(0462)67-68-18, +38(093)038-00-34, +38(0462)60-33-58 на +38(093)038-00-34, при створенні нової заявки [Повірка] від 11.09.2024.
[11-Sep-2024 11:05:38 Europe/Helsinki] NewDATA [INFO] Нова заявка Повірка, адреса: вул. Мстиславська 81, кв. 77, лічильники: БЕЗ НОМЕРА - 1 шт., вартість: 300 грн., примітки: 13-15,пер.за 30 хв додано до БД користувачем [Коваль Людмила].
[2024-09-11T11:05:55.797] [INFO] DataBase - У заявці Повірка від 11 вересня 2024 р. за адресою вул. Мстиславська, буд. 81, кв. 77 додано виконавця ЗАПЛАНОВАНІ та додано дату виконання 13 вересня 2024 р. користувачем [Коваль Людмила].
[11-Sep-2024 11:07:15 Europe/Helsinki] EditDATA [INFO] За адресою вул. Київська 14, кв. 12 користувачем [Сусло Тетяна] змінені номери телефонів з +38(0462)72-92-19, +38(0462)66-18-26, +38(096)956-76-71 на +38(096)956-76-71, при створенні нової заявки [Повірка] від 11.09.2024.
[11-Sep-2024 11:07:15 Europe/Helsinki] NewDATA [INFO] Нова заявка Повірка, адреса: вул. Київська 14, кв. 12, лічильники: БЕЗ НОМЕРА - 1 шт., вартість: 300 грн., примітки: 10-15 додано до БД користувачем [Сусло Тетяна].
[2024-09-11T11:07:22.166] [INFO] DataBase - У заявці Повірка від 11 вересня 2024 р. за адресою вул. Київська, буд. 14, кв. 12 додано виконавця ЗАПЛАНОВАНІ та додано дату виконання 13 вересня 2024 р. користувачем [Сусло Тетяна].
[11-Sep-2024 12:38:39 Europe/Helsinki] NewDATA [INFO] Нова заявка Повірка, адреса: вул. Всіхсвятська 8, кв. 13, лічильники: БЕЗ НОМЕРА - 2 шт., вартість: 600 грн., примітки: 2г/в 8-13 додано до БД користувачем [Сміян Альона].
[2024-09-11T12:38:45.851] [INFO] DataBase - У заявці Повірка від 11 вересня 2024 р. за адресою вул. Всіхсвятська, буд. 8, кв. 13 додано виконавця ЗАПЛАНОВАНІ та додано дату виконання 12 вересня 2024 р. користувачем [Сміян Альона].
[11-Sep-2024 12:43:23 Europe/Helsinki] EditDATA [INFO] Для заявки Заміна від 12.08.2024 користувачем [Сміян Альона] змінено примітки з 1г/в 10122002 на 1г/в 10122002 8-9.
[2024-09-11T12:43:29.310] [INFO] DataBase - У заявці Заміна від 12 серпня 2024 р. за адресою просп. Миру, буд. 255, корп. А, кв. 75 додано виконавця Баранов та додано дату виконання 12 вересня 2024 р. користувачем [Сміян Альона].
[11-Sep-2024 12:44:57 Europe/Helsinki] EditDATA [INFO] Для заявки Заміна від 10.09.2024 користувачем [Сміян Альона] змінено примітки з 1хв,1гв, ванна на 1хв,1гв, ванна 13-17.
[2024-09-11T12:45:05.768] [INFO] DataBase - У заявці Заміна від 10 вересня 2024 р. за адресою вул. Волковича, буд. 17, кв. 4 додано дату виконання 12 вересня 2024 р. користувачем [Сміян Альона].
[11-Sep-2024 12:53:41 Europe/Helsinki] EditDATA [INFO] За адресою вул. Волковича 4, кв. 9 користувачем [Сусло Тетяна] змінені номери телефонів з +38(073)030-38-96 на +38(095)879-99-42, при створенні нової заявки [Повірка] від 11.09.2024.
[11-Sep-2024 12:53:41 Europe/Helsinki] NewDATA [INFO] Нова заявка Повірка, адреса: вул. Волковича 4, кв. 9, лічильники: БЕЗ НОМЕРА - 1 шт., вартість: 300 грн., примітки: 8-13 додано до БД користувачем [Сусло Тетяна].
[11-Sep-2024 12:54:25 Europe/Helsinki] NewDATA [INFO] Нова адреса вул. Красносільського, буд. 51, кв. 131, тел. +38 (066) 485-31-51 додана до БД користувачем [Сусло Тетяна].
[11-Sep-2024 12:55:44 Europe/Helsinki] NewDATA [INFO] Нова заявка Повірка, адреса: вул. Красносільського 51, кв. 131, лічильники: БЕЗ НОМЕРА - 1 шт., вартість: 300 грн., примітки: 10-15, за 1 год, подовжувач додано до БД користувачем [Сусло Тетяна].
[2024-09-11T12:55:49.078] [INFO] DataBase - У заявці Повірка від 11 вересня 2024 р. за адресою вул. Красносільського, буд. 51, кв. 131 додано виконавця ЗАПЛАНОВАНІ та додано дату виконання 17 вересня 2024 р. користувачем [Сусло Тетяна].
[2024-09-11T12:55:50.651] [INFO] DataBase - У заявці Повірка від 11 вересня 2024 р. за адресою вул. Волковича, буд. 4, кв. 9 додано виконавця ЗАПЛАНОВАНІ та додано дату виконання 17 вересня 2024 р. користувачем [Сусло Тетяна].
[11-Sep-2024 12:56:54 Europe/Helsinki] EditDATA [INFO] За адресою просп. Левка Лукяненка 2 корпус 2, кв. 41 користувачем [Сусло Тетяна] змінені номери телефонів з +38(098)404-46-36 на +38(099)214-99-99, при створенні нової заявки [Повірка] від 11.09.2024.
[11-Sep-2024 12:56:54 Europe/Helsinki] NewDATA [INFO] Нова заявка Повірка, адреса: просп. Левка Лукяненка 2 корпус 2, кв. 41, лічильники: БЕЗ НОМЕРА - 2 шт., вартість: 600 грн., примітки: 13-18, за 1 год додано до БД користувачем [Сусло Тетяна].
[2024-09-11T12:57:07.408] [INFO] DataBase - У заявці Повірка від 11 вересня 2024 р. за адресою просп. Левка Лукяненка, буд. 2, корп. 2, кв. 41 додано виконавця ЗАПЛАНОВАНІ та додано дату виконання 13 вересня 2024 р. користувачем [Сусло Тетяна].
[11-Sep-2024 13:01:52 Europe/Helsinki] EditDATA [INFO] За адресою вул. курсанта Єськова 14 корпус Б, кв. 92 користувачем [Сусло Тетяна] змінені номери телефонів з +38(050)313-92-30 на +38(063)747-44-27, при створенні нової заявки [Повірка] від 11.09.2024.
[11-Sep-2024 13:01:52 Europe/Helsinki] NewDATA [INFO] Нова заявка Повірка, адреса: вул. курсанта Єськова 14 корпус Б, кв. 92, лічильники: БЕЗ НОМЕРА - 2 шт., вартість: 600 грн., примітки: 8-13, за 15 хв додано до БД користувачем [Сусло Тетяна].
[2024-09-11T13:02:01.991] [INFO] DataBase - У заявці Повірка від 11 вересня 2024 р. за адресою вул. курсанта Єськова, буд. 14, корп. Б, кв. 92 додано виконавця ЗАПЛАНОВАНІ та додано дату виконання 17 вересня 2024 р. користувачем [Сусло Тетяна].
[11-Sep-2024 13:28:35 Europe/Helsinki] EditDATA [INFO] За адресою вул. Героїв Чорнобиля 3, кв. 67 користувачем [Коваль Людмила] додано номер телефону +38(050)313-50-22, при створенні нової заявки [Повірка] від 11.09.2024.
[11-Sep-2024 13:28:35 Europe/Helsinki] NewDATA [INFO] Нова заявка Повірка, адреса: вул. Героїв Чорнобиля 3, кв. 67, лічильники: БЕЗ НОМЕРА - 1 шт., вартість: 300 грн., примітки: 11-15,пер.за 30 хв додано до БД користувачем [Коваль Людмила].
[2024-09-11T13:28:56.828] [INFO] DataBase - У заявці Повірка від 11 вересня 2024 р. за адресою вул. Героїв Чорнобиля, буд. 3, кв. 67 додано виконавця ЗАПЛАНОВАНІ та додано дату виконання 12 вересня 2024 р. користувачем [Коваль Людмила].
[11-Sep-2024 13:30:41 Europe/Helsinki] NewDATA [INFO] Нова адреса вул. Незалежності, буд. 25, кв. 43, тел. +38 (096) 267-72-53 додана до БД користувачем [Коваль Людмила].
[11-Sep-2024 13:35:09 Europe/Helsinki] NewDATA [INFO] Нова заявка Повірка, адреса: вул. Незалежності 25, кв. 43, лічильники: БЕЗ НОМЕРА - 1 шт., вартість: 300 грн., примітки: 17-18 додано до БД користувачем [Коваль Людмила].
[2024-09-11T13:35:15.515] [INFO] DataBase - У заявці Повірка від 11 вересня 2024 р. за адресою вул. Незалежності, буд. 25, кв. 43 додано виконавця ЗАПЛАНОВАНІ та додано дату виконання 17 вересня 2024 р. користувачем [Коваль Людмила].
[11-Sep-2024 13:38:54 Europe/Helsinki] NewDATA [INFO] Нова адреса вул. Мазепи Івана, буд. 11, кв. 37, тел. +38 (063) 964-05-34 додана до БД користувачем [Сусло Тетяна].
[11-Sep-2024 13:39:33 Europe/Helsinki] NewDATA [INFO] Нова заявка Повірка, адреса: вул. Мазепи Івана 11, кв. 37, лічильники: БЕЗ НОМЕРА - 4 шт., вартість: 1200 грн., примітки: 8-13, за 30 хв додано до БД користувачем [Сусло Тетяна].
[2024-09-11T13:39:38.835] [INFO] DataBase - У заявці Повірка від 11 вересня 2024 р. за адресою вул. Мазепи Івана, буд. 11, кв. 37 додано виконавця ЗАПЛАНОВАНІ та додано дату виконання 17 вересня 2024 р. користувачем [Сусло Тетяна].
[11-Sep-2024 13:46:02 Europe/Helsinki] EditDATA [INFO] За адресою вул. Льотна 15, кв. 20 користувачем [Сусло Тетяна] змінені номери телефонів з +38(098)886-84-48, +38(0462)63-13-63 на +38(098)886-84-48, при створенні нової заявки [Повірка] від 11.09.2024.
[11-Sep-2024 13:46:02 Europe/Helsinki] NewDATA [INFO] Нова заявка Повірка, адреса: вул. Льотна 15, кв. 20, лічильники: БЕЗ НОМЕРА - 2 шт., вартість: 600 грн., примітки: 8-13 додано до БД користувачем [Сусло Тетяна].
[2024-09-11T13:46:08.254] [INFO] DataBase - У заявці Повірка від 11 вересня 2024 р. за адресою вул. Льотна, буд. 15, кв. 20 додано виконавця ЗАПЛАНОВАНІ та додано дату виконання 18 вересня 2024 р. користувачем [Сусло Тетяна].
[11-Sep-2024 13:52:51 Europe/Helsinki] NewDATA [INFO] Нова заявка Повірка, адреса: вул. Льотна 15, кв. 20, лічильники: БЕЗ НОМЕРА - 2 шт., вартість: 600 грн., примітки: 8-13 додано до БД користувачем [Сусло Тетяна].
[2024-09-11T13:52:58.531] [INFO] DataBase - У заявці Повірка від 11 вересня 2024 р. за адресою вул. Льотна, буд. 15, кв. 20 додано виконавця ЗАПЛАНОВАНІ та додано дату виконання 19 вересня 2024 р. користувачем [Сусло Тетяна].
[11-Sep-2024 13:53:28 Europe/Helsinki] DellTASK [INFO] Повірка від 11.09.2024 для адреси вул. Льотна, буд. 15, кв. 20 для лічильника БЕЗ НОМЕРА - 2 шт. було відмінено користувачем [Сусло Тетяна] з коментарем: продубльована.
[11-Sep-2024 14:05:25 Europe/Helsinki] EditDATA [INFO] За адресою вул. Мазепи Івана 13, кв. 1 користувачем [Сусло Тетяна] змінені номери телефонів з +38(063)441-61-12, +38(068)747-90-15, +38(093)468-43-74 на +38(050)974-30-55, при створенні нової заявки [Повірка] від 11.09.2024.
[11-Sep-2024 14:05:25 Europe/Helsinki] NewDATA [INFO] Нова заявка Повірка, адреса: вул. Мазепи Івана 13, кв. 1, лічильники: БЕЗ НОМЕРА - 1 шт., вартість: 300 грн., примітки: 8-13, за 30 хв додано до БД користувачем [Сусло Тетяна].
[2024-09-11T14:05:30.463] [INFO] DataBase - У заявці Повірка від 11 вересня 2024 р. за адресою вул. Мазепи Івана, буд. 13, кв. 1 додано виконавця ЗАПЛАНОВАНІ та додано дату виконання 18 вересня 2024 р. користувачем [Сусло Тетяна].
[11-Sep-2024 14:05:59 Europe/Helsinki] NewDATA [INFO] Нова адреса вул. 1-ї Гвардійської Армії, буд. 4, кв. 1, тел. +38 (063) 755-62-62 додана до БД користувачем [Коваль Людмила].
[11-Sep-2024 14:10:36 Europe/Helsinki] NewDATA [INFO] Нова заявка Заміна, адреса: вул. Льотна 9, кв. 24, лічильники: 339945, вартість: 350 грн., примітки: 1х/в 339945 8-10 додано до БД користувачем [Сміян Альона].
[2024-09-11T14:10:47.497] [INFO] DataBase - У заявці Заміна від 11 вересня 2024 р. за адресою вул. Льотна, буд. 9, кв. 24 додано виконавця Баранов та додано дату виконання 13 вересня 2024 р. користувачем [Сміян Альона].
[11-Sep-2024 14:11:09 Europe/Helsinki] DellTASK [INFO] Повірка від 10.09.2024 для адреси вул. Мстиславська, буд. 45, кв. 23 для лічильника БЕЗ НОМЕРА - 2 шт. було відмінено користувачем [Сусло Тетяна] з коментарем: продубльована.
[11-Sep-2024 14:11:29 Europe/Helsinki] NewDATA [INFO] Нова заявка Повірка, адреса: вул. 1-ї Гвардійської Армії 4, кв. 1, лічильники: БЕЗ НОМЕРА - 4 шт., вартість: 1200 грн., примітки: 13-18,пер.за час додано до БД користувачем [Коваль Людмила].
[2024-09-11T14:12:04.742] [INFO] DataBase - У заявці Повірка від 11 вересня 2024 р. за адресою вул. 1-ї Гвардійської Армії, буд. 4, кв. 1 додано виконавця Шкуліпа та додано дату виконання 13 вересня 2024 р. користувачем [Коваль Людмила].
[11-Sep-2024 14:13:52 Europe/Helsinki] DellTASK [INFO] Повірка від 10.09.2024 для адреси просп. Грушевського Михайла, буд. 191, корп. А, кв. 109 для лічильника БЕЗ НОМЕРА - 1 шт. було відмінено користувачем [Коваль Людмила] з коментарем: продублоьвано.
[2024-09-11T14:14:18.485] [INFO] DataBase - У заявці Повірка від 9 вересня 2024 р. за адресою вул. Мазепи Івана, буд. 37, кв. 70 додано виконавця ЗАПЛАНОВАНІ та додано дату виконання 11 вересня 2024 р. користувачем [Коваль Людмила].
[11-Sep-2024 14:14:26 Europe/Helsinki] EditDATA [INFO] Для заявки Повірка від 09.09.2024 користувачем [Коваль Людмила] змінено виконавця з ЗАПЛАНОВАНІ на Осипенко.
[11-Sep-2024 14:15:39 Europe/Helsinki] EditDATA [INFO] Для заявки Повірка від 10.09.2024 користувачем [Коваль Людмила] змінено виконавця з ЗАПЛАНОВАНІ на Сірий.
[11-Sep-2024 14:16:02 Europe/Helsinki] EditDATA [INFO] Для заявки Повірка від 09.09.2024 користувачем [Коваль Людмила] змінено виконавця з ЗАПЛАНОВАНІ на Сірий.
[11-Sep-2024 14:16:09 Europe/Helsinki] NewDATA [INFO] Нова заявка Заміна, адреса: вул. Стрілецька 106, кв. 77, лічильники: 11800787, вартість: 1050 грн., примітки: 1х/в 14-17 додано до БД користувачем [Сміян Альона].
[2024-09-11T14:16:17.060] [INFO] DataBase - У заявці Заміна від 11 вересня 2024 р. за адресою вул. Стрілецька, буд. 106, кв. 77 додано виконавця Баранов та додано дату виконання 12 вересня 2024 р. користувачем [Сміян Альона].
[11-Sep-2024 14:16:42 Europe/Helsinki] EditDATA [INFO] Для заявки Повірка від 05.09.2024 користувачем [Коваль Людмила] змінено виконавця з ЗАПЛАНОВАНІ на Шкуліпа.
[11-Sep-2024 14:16:58 Europe/Helsinki] EditDATA [INFO] Для заявки Повірка від 07.08.2024 користувачем [Коваль Людмила] змінено виконавця з ЗАПЛАНОВАНІ на Шкуліпа.
[11-Sep-2024 14:17:28 Europe/Helsinki] EditDATA [INFO] Для заявки Повірка від 11.09.2024 користувачем [Коваль Людмила] змінено виконавця з ЗАПЛАНОВАНІ на Осипенко.
[11-Sep-2024 14:17:40 Europe/Helsinki] EditDATA [INFO] Для заявки Повірка від 11.09.2024 користувачем [Коваль Людмила] змінено виконавця з ЗАПЛАНОВАНІ на Осипенко.
[11-Sep-2024 14:17:52 Europe/Helsinki] EditDATA [INFO] Для заявки Повірка від 11.09.2024 користувачем [Коваль Людмила] змінено виконавця з ЗАПЛАНОВАНІ на Осипенко.
[11-Sep-2024 14:18:10 Europe/Helsinki] EditDATA [INFO] Для заявки Повірка від 09.09.2024 користувачем [Коваль Людмила] змінено виконавця з ЗАПЛАНОВАНІ на Осипенко.
[11-Sep-2024 14:18:21 Europe/Helsinki] EditDATA [INFO] Для заявки Повірка від 10.09.2024 користувачем [Коваль Людмила] змінено виконавця з ЗАПЛАНОВАНІ на Осипенко.
[11-Sep-2024 14:18:42 Europe/Helsinki] EditDATA [INFO] Для заявки Повірка від 09.09.2024 користувачем [Коваль Людмила] змінено виконавця з ЗАПЛАНОВАНІ на Осипенко.
[11-Sep-2024 14:18:55 Europe/Helsinki] EditDATA [INFO] Для заявки Повірка від 11.09.2024 користувачем [Коваль Людмила] змінено виконавця з ЗАПЛАНОВАНІ на Осипенко.
[11-Sep-2024 14:19:11 Europe/Helsinki] EditDATA [INFO] Для заявки Повірка від 10.09.2024 користувачем [Коваль Людмила] змінено виконавця з ЗАПЛАНОВАНІ на Осипенко.
[11-Sep-2024 14:19:23 Europe/Helsinki] EditDATA [INFO] Для заявки Заміна від 09.09.2024 користувачем [Сміян Альона] змінено примітки з 1гв, кухня на 1гв, кухня до 16.
[11-Sep-2024 14:19:27 Europe/Helsinki] EditDATA [INFO] Для заявки Повірка від 10.09.2024 користувачем [Коваль Людмила] змінено виконавця з ЗАПЛАНОВАНІ на Осипенко.
[2024-09-11T14:19:35.183] [INFO] DataBase - У заявці Заміна від 9 вересня 2024 р. за адресою вул. Пятницька, буд. 94, кв. 84 додано дату виконання 12 вересня 2024 р. користувачем [Сміян Альона].
[11-Sep-2024 14:19:40 Europe/Helsinki] EditDATA [INFO] Для заявки Повірка від 09.09.2024 користувачем [Коваль Людмила] змінено виконавця з ЗАПЛАНОВАНІ на Осипенко.
[11-Sep-2024 14:20:21 Europe/Helsinki] EditDATA [INFO] Для заявки Повірка від 10.09.2024 користувачем [Коваль Людмила] змінено виконавця з ЗАПЛАНОВАНІ на Осипенко.
[11-Sep-2024 14:21:42 Europe/Helsinki] EditDATA [INFO] Для заявки Повірка від 09.09.2024 користувачем [Коваль Людмила] змінено виконавця з ЗАПЛАНОВАНІ на Сірий.
[11-Sep-2024 14:22:03 Europe/Helsinki] EditDATA [INFO] Для заявки Повірка від 11.09.2024 користувачем [Коваль Людмила] змінено виконавця з ЗАПЛАНОВАНІ на Сірий.
[11-Sep-2024 14:22:33 Europe/Helsinki] EditDATA [INFO] Для заявки Повірка від 09.09.2024 користувачем [Коваль Людмила] змінено виконавця з ЗАПЛАНОВАНІ на Сірий.
[11-Sep-2024 14:29:32 Europe/Helsinki] EditDATA [INFO] Для заявки Повірка від 21.08.2024 користувачем [Коваль Людмила] змінено виконавця з ЗАПЛАНОВАНІ на Богомаз.
[11-Sep-2024 14:30:02 Europe/Helsinki] EditDATA [INFO] Для заявки Повірка від 21.08.2024 користувачем [Коваль Людмила] змінено виконавця з Богомаз на Шкуліпа.
[11-Sep-2024 14:30:32 Europe/Helsinki] EditDATA [INFO] Для заявки Повірка від 27.08.2024 користувачем [Коваль Людмила] змінено виконавця з ЗАПЛАНОВАНІ на Богомаз.
[11-Sep-2024 14:31:16 Europe/Helsinki] EditDATA [INFO] Для заявки Повірка від 10.09.2024 користувачем [Коваль Людмила] змінено виконавця з ЗАПЛАНОВАНІ на Шкуліпа.
[11-Sep-2024 14:32:15 Europe/Helsinki] EditDATA [INFO] Для заявки Повірка від 10.09.2024 користувачем [Коваль Людмила] змінено виконавця з ЗАПЛАНОВАНІ на Богомаз.
[11-Sep-2024 14:32:27 Europe/Helsinki] EditDATA [INFO] Для заявки Повірка від 11.09.2024 користувачем [Коваль Людмила] змінено виконавця з ЗАПЛАНОВАНІ на Богомаз.
[11-Sep-2024 14:33:03 Europe/Helsinki] EditDATA [INFO] Для заявки Повірка від 06.09.2024 користувачем [Коваль Людмила] змінено виконавця з ЗАПЛАНОВАНІ на Богомаз.
[11-Sep-2024 14:33:18 Europe/Helsinki] EditDATA [INFO] Для заявки Повірка від 09.09.2024 користувачем [Коваль Людмила] змінено виконавця з ЗАПЛАНОВАНІ на Шкуліпа.
[11-Sep-2024 14:33:43 Europe/Helsinki] EditDATA [INFO] Для заявки Повірка від 10.09.2024 користувачем [Коваль Людмила] змінено виконавця з ЗАПЛАНОВАНІ на Шкуліпа.
[11-Sep-2024 14:34:02 Europe/Helsinki] EditDATA [INFO] Для заявки Повірка від 06.09.2024 користувачем [Коваль Людмила] змінено виконавця з ЗАПЛАНОВАНІ на Шкуліпа.
[11-Sep-2024 14:34:46 Europe/Helsinki] EditDATA [INFO] Для заявки Повірка від 09.09.2024 користувачем [Коваль Людмила] змінено виконавця з ЗАПЛАНОВАНІ на Шкуліпа.
[11-Sep-2024 14:35:52 Europe/Helsinki] EditDATA [INFO] Для заявки Повірка від 07.08.2024 користувачем [Коваль Людмила] змінено виконавця з Шкуліпа на Осипенко.
[11-Sep-2024 14:36:31 Europe/Helsinki] EditDATA [INFO] Для заявки Повірка від 10.09.2024 користувачем [Коваль Людмила] змінено виконавця з Осипенко на Богомаз.
[11-Sep-2024 14:38:53 Europe/Helsinki] EditDATA [INFO] Для заявки Повірка від 10.09.2024 користувачем [Коваль Людмила] змінено примітки з 8-13 на 15-18.
[11-Sep-2024 14:40:12 Europe/Helsinki] EditDATA [INFO] Для заявки Повірка від 10.09.2024 користувачем [Коваль Людмила] змінено виконавця з Осипенко на Богомаз.
[11-Sep-2024 14:40:36 Europe/Helsinki] EditDATA [INFO] Для заявки Повірка від 10.09.2024 користувачем [Коваль Людмила] змінено виконавця з ЗАПЛАНОВАНІ на Шкуліпа.
[11-Sep-2024 14:40:50 Europe/Helsinki] EditDATA [INFO] Для заявки Повірка від 09.09.2024 користувачем [Коваль Людмила] змінено виконавця з ЗАПЛАНОВАНІ на Шкуліпа.
[11-Sep-2024 14:41:23 Europe/Helsinki] EditDATA [INFO] Для заявки Повірка від 10.09.2024 користувачем [Коваль Людмила] змінено виконавця з ЗАПЛАНОВАНІ на Богомаз.
[11-Sep-2024 14:58:50 Europe/Helsinki] NewDATA [INFO] Нова адреса вул. Захисників України, буд. 6, кв. 53, тел. +38 (097) 326-47-03 додана до БД користувачем [Коваль Людмила].
[11-Sep-2024 14:59:48 Europe/Helsinki] NewDATA [INFO] Нова заявка Повірка, адреса: вул. Захисників України 6, кв. 53, лічильники: БЕЗ НОМЕРА - 2 шт., вартість: 600 грн., примітки: 8-13 додано до БД користувачем [Коваль Людмила].
[2024-09-11T15:00:02.441] [INFO] DataBase - У заявці Повірка від 11 вересня 2024 р. за адресою вул. Захисників України, буд. 6, кв. 53 додано виконавця ЗАПЛАНОВАНІ та додано дату виконання 13 вересня 2024 р. користувачем [Коваль Людмила].
[11-Sep-2024 15:00:09 Europe/Helsinki] NewDATA [INFO] Нова адреса вул. Генерала Пухова, буд. 129, корп. 2, кв. 54, тел. +38 (097) 938-85-95 додана до БД користувачем [Сусло Тетяна].
[11-Sep-2024 15:00:37 Europe/Helsinki] NewDATA [INFO] Нова заявка Повірка, адреса: вул. Генерала Пухова 129 корпус 2, кв. 54, лічильники: БЕЗ НОМЕРА - 2 шт., вартість: 600 грн., примітки: 13-18 додано до БД користувачем [Сусло Тетяна].
[2024-09-11T15:00:42.883] [INFO] DataBase - У заявці Повірка від 11 вересня 2024 р. за адресою вул. Генерала Пухова, буд. 129, корп. 2, кв. 54 додано виконавця ЗАПЛАНОВАНІ та додано дату виконання 16 вересня 2024 р. користувачем [Сусло Тетяна].
[11-Sep-2024 15:18:25 Europe/Helsinki] EditDATA [INFO] За адресою просп. Миру 182, кв. 31 користувачем [Сусло Тетяна] змінені номери телефонів з +38(063)388-33-82 на +38(097)671-87-39, при створенні нової заявки [Повірка] від 11.09.2024.
[11-Sep-2024 15:18:25 Europe/Helsinki] NewDATA [INFO] Нова заявка Повірка, адреса: просп. Миру 182, кв. 31, лічильники: БЕЗ НОМЕРА - 2 шт., вартість: 600 грн., примітки: 8-13 додано до БД користувачем [Сусло Тетяна].
[2024-09-11T15:18:32.253] [INFO] DataBase - У заявці Повірка від 11 вересня 2024 р. за адресою просп. Миру, буд. 182, кв. 31 додано виконавця ЗАПЛАНОВАНІ та додано дату виконання 18 вересня 2024 р. користувачем [Сусло Тетяна].
[11-Sep-2024 15:23:32 Europe/Helsinki] EditDATA [INFO] Для заявки Повірка від 11.09.2024 користувачем [Сусло Тетяна] змінено примітки з 8-13, за 30 хв на 12-16, за 30 хв, щоб встиг приїхати.
[11-Sep-2024 15:24:57 Europe/Helsinki] EditDATA [INFO] Для заявки Повірка від 09.09.2024 користувачем [Сусло Тетяна] змінено примітки з 8-13 на 12-16.
[11-Sep-2024 15:26:16 Europe/Helsinki] EditDATA [INFO] Для заявки Повірка від 09.09.2024 користувачем [Сусло Тетяна] змінено примітки з 8-12 на 8.00.
[11-Sep-2024 16:28:51 Europe/Helsinki] NewDATA [INFO] Нова заявка Повірка, адреса: просп. Перемоги 119 корпус А, кв. 207, лічильники: БЕЗ НОМЕРА - 1 шт., вартість: 300 грн., примітки: 14-17,пер.за 30 хв додано до БД користувачем [Коваль Людмила].
[2024-09-11T16:29:10.094] [INFO] DataBase - У заявці Повірка від 11 вересня 2024 р. за адресою просп. Перемоги, буд. 119, корп. А, кв. 207 додано виконавця ЗАПЛАНОВАНІ та додано дату виконання 12 вересня 2024 р. користувачем [Коваль Людмила].
[11-Sep-2024 16:29:17 Europe/Helsinki] EditDATA [INFO] Для заявки Повірка від 11.09.2024 користувачем [Коваль Людмила] змінено виконавця з ЗАПЛАНОВАНІ на Сірий.
[11-Sep-2024 16:48:34 Europe/Helsinki] EditDATA [INFO] Для заявки Повірка від 30.08.2024 користувачем [Сусло Тетяна] змінено примітки з 13-18 на 13-18, тел. 0938325511 буде чекати, домофон не працює.
