[24-Dec-2024 08:24:25 Europe/Helsinki] NewDATA [INFO] Новий лічильник номер: 241467134, тип: СВК => DN 15, рік випуску: 2024, показники: 0, балансоутримувач: КП "ВДК" додано до БД користувачем [Сміян Альона].
[24-Dec-2024 08:24:30 Europe/Helsinki] EditDATA [INFO] В заявці Заміна від 20.12.2024 за адресою вул. Заньковецька, буд. 30, кв. 64 було видалено лічильники: 025233; додано лічильники: 241467134 користувачем [Сміян Альона].
[24-Dec-2024 08:24:40 Europe/Helsinki] DellTASK [INFO] Заміна від 20.12.2024 для адреси вул. Заньковецька, буд. 30, кв. 64 для лічильника 241467134 було завершено користувачем [Сміян Альона] з коментарем: виконано.
[24-Dec-2024 08:25:20 Europe/Helsinki] NewDATA [INFO] Новий лічильник номер: 241466767, тип: СВК => DN 15, рік випуску: 2024, показники: 0, балансоутримувач: КП "ВДК" додано до БД користувачем [Сміян Альона].
[24-Dec-2024 08:25:26 Europe/Helsinki] EditDATA [INFO] В заявці Заміна від 17.12.2024 за адресою вул. Котляревського, буд. 34, кв. 112 було видалено лічильники: 379982; додано лічильники: 241466767 користувачем [Сміян Альона].
[24-Dec-2024 08:25:49 Europe/Helsinki] NewDATA [INFO] Новий лічильник номер: 241482780, тип: СВК => DN 15, рік випуску: 2024, показники: 0, балансоутримувач: КП "ТКЕ" додано до БД користувачем [Сміян Альона].
[24-Dec-2024 08:25:52 Europe/Helsinki] EditDATA [INFO] Для заявки Заміна від 17.12.2024 користувачем [Сміян Альона] лічильник БЕЗ НОМЕРА ідентифіковано як 241482780.
[24-Dec-2024 08:26:02 Europe/Helsinki] DellTASK [INFO] Заміна від 17.12.2024 для адреси вул. Котляревського, буд. 34, кв. 112 для лічильників 241482780, 241466767 було завершено користувачем [Сміян Альона] з коментарем: виконано.
[24-Dec-2024 08:51:44 Europe/Helsinki] NewDATA [INFO] Нова заявка Повірка, адреса: просп. Левка Лукяненка 20 корпус А, кв. 60, лічильники: БЕЗ НОМЕРА - 2 шт., вартість: 600 грн., примітки: 9.30-13(їде з села.уточн.хол.воду) додано до БД користувачем [Коваль Людмила].
[2024-12-24T08:51:49.766] [INFO] DataBase - У заявці Повірка від 24 грудня 2024 р. за адресою просп. Левка Лукяненка, буд. 20, корп. А, кв. 60 додано виконавця ЗАПЛАНОВАНІ та додано дату виконання 27 грудня 2024 р. користувачем [Коваль Людмила].
[24-Dec-2024 08:52:31 Europe/Helsinki] NewDATA [INFO] Нова адреса вул. Захисників України, буд. 14, кв. 46, тел. +38 (093) 672-70-44 додана до БД користувачем [Коваль Людмила].
[24-Dec-2024 08:53:07 Europe/Helsinki] NewDATA [INFO] Нова заявка Повірка, адреса: вул. Захисників України 14, кв. 46, лічильники: БЕЗ НОМЕРА - 2 шт., вартість: 600 грн., примітки: 13-17 додано до БД користувачем [Коваль Людмила].
[2024-12-24T08:53:12.302] [INFO] DataBase - У заявці Повірка від 24 грудня 2024 р. за адресою вул. Захисників України, буд. 14, кв. 46 додано виконавця ЗАПЛАНОВАНІ та додано дату виконання 26 грудня 2024 р. користувачем [Коваль Людмила].
[24-Dec-2024 08:54:37 Europe/Helsinki] DellTASK [INFO] Повірка від 03.12.2024 для адреси вул. Партизанська, буд. 53, кв. 14 для лічильника БЕЗ НОМЕРА - 1 шт. було завершено користувачем [Коваль Людмила] з коментарем: виконано.
[24-Dec-2024 08:54:54 Europe/Helsinki] DellTASK [INFO] Повірка від 20.12.2024 для адреси вул. Льотна, буд. 27, корп. А, кв. 5 для лічильника БЕЗ НОМЕРА - 4 шт. було завершено користувачем [Коваль Людмила] з коментарем: виконано.
[24-Dec-2024 08:55:14 Europe/Helsinki] DellTASK [INFO] Повірка від 17.12.2024 для адреси вул. Рятувальників, буд. 22, кв. 1 для лічильника БЕЗ НОМЕРА - 2 шт. було завершено користувачем [Коваль Людмила] з коментарем: виконано.
[24-Dec-2024 08:55:28 Europe/Helsinki] DellTASK [INFO] Повірка від 20.12.2024 для адреси вул. Генерала Пухова, буд. 133, кв. 72 для лічильника БЕЗ НОМЕРА - 2 шт. було завершено користувачем [Коваль Людмила] з коментарем: виконано.
[24-Dec-2024 08:55:40 Europe/Helsinki] DellTASK [INFO] Повірка від 20.12.2024 для адреси просп. Миру, буд. 204, кв. 115 для лічильника БЕЗ НОМЕРА - 1 шт. було завершено користувачем [Коваль Людмила] з коментарем: виконано.
[24-Dec-2024 08:56:27 Europe/Helsinki] NewDATA [INFO] Новий лічильник номер: 18278, тип: КВМ-U => DN 15, рік випуску: 2005, показники: 0, балансоутримувач: КП "ВДК" додано до БД користувачем [Коваль Людмила].
[24-Dec-2024 08:56:29 Europe/Helsinki] EditDATA [INFO] За адресою вул. Партизанська, буд. 53, кв. 14 користувачем [Коваль Людмила] було додано лічильники: 18278].
[24-Dec-2024 08:57:14 Europe/Helsinki] NewDATA [INFO] Новий лічильник номер: 394750, тип: КВ-1,5 => DN 15, рік випуску: 2006, показники: 0, балансоутримувач: КП "ВДК" додано до БД користувачем [Коваль Людмила].
[24-Dec-2024 08:57:55 Europe/Helsinki] NewDATA [INFO] Новий лічильник номер: 389399, тип: КВ-1,5 => DN 15, рік випуску: 2006, показники: 0, балансоутримувач: АТ "ОТКЕ" додано до БД користувачем [Коваль Людмила].
[24-Dec-2024 08:58:39 Europe/Helsinki] NewDATA [INFO] Новий лічильник номер: 414405, тип: КВ-1,5 => DN 15, рік випуску: 2006, показники: 0, балансоутримувач: КП "ВДК" додано до БД користувачем [Коваль Людмила].
[24-Dec-2024 08:59:02 Europe/Helsinki] NewDATA [INFO] Новий лічильник номер: 374631, тип: КВ-1,5 => DN 15, рік випуску: 2006, показники: 0, балансоутримувач: АТ "ОТКЕ" додано до БД користувачем [Коваль Людмила].
[24-Dec-2024 08:59:05 Europe/Helsinki] EditDATA [INFO] За адресою вул. Льотна, буд. 27, корп. А, кв. 5 користувачем [Коваль Людмила] було додано лічильники: 394750, 389399, 414405, 374631].
[24-Dec-2024 09:03:53 Europe/Helsinki] NewDATA [INFO] Новий лічильник номер: 118905, тип: КВ-1,5 => DN 15, рік випуску: 2016, показники: 0, балансоутримувач: КП "ВДК" додано до БД користувачем [Коваль Людмила].
[24-Dec-2024 09:03:55 Europe/Helsinki] EditDATA [INFO] За адресою просп. Миру, буд. 204, кв. 115 користувачем [Коваль Людмила] було додано лічильники: 118905].
[24-Dec-2024 09:06:06 Europe/Helsinki] NewDATA [INFO] Новий лічильник номер: 1347314, тип: ЛК => DN 15, рік випуску: 2011, показники: 0, балансоутримувач: КП "ВДК" додано до БД користувачем [Коваль Людмила].
[24-Dec-2024 09:07:39 Europe/Helsinki] NewDATA [INFO] Новий лічильник номер: 1387439, тип: ЛК => DN 15, рік випуску: 2011, показники: 0, балансоутримувач: АТ "ОТКЕ" додано до БД користувачем [Коваль Людмила].
[24-Dec-2024 09:07:41 Europe/Helsinki] EditDATA [INFO] За адресою вул. Генерала Пухова, буд. 133, кв. 72 користувачем [Коваль Людмила] було додано лічильники: 1347314, 1387439].
[24-Dec-2024 09:08:37 Europe/Helsinki] NewDATA [INFO] Новий лічильник номер: 002359, тип: ТАКТ => DN 15, рік випуску: 2005, показники: 0, балансоутримувач: КП "ВДК" додано до БД користувачем [Коваль Людмила].
[24-Dec-2024 09:08:42 Europe/Helsinki] EditDATA [INFO] За адресою вул. Рятувальників, буд. 22, кв. 1 користувачем [Коваль Людмила] було додано лічильники: 002359].
[24-Dec-2024 09:14:13 Europe/Helsinki] DellTASK [INFO] Повірка від 19.12.2024 для адреси вул. Жабинського, буд. 2, корп. В, кв. 241 для лічильника БЕЗ НОМЕРА - 1 шт. було завершено користувачем [Коваль Людмила] з коментарем: виконано.
[24-Dec-2024 09:14:28 Europe/Helsinki] DellTASK [INFO] Повірка від 20.12.2024 для адреси вул. Котляревського, буд. 4, кв. 59 для лічильника БЕЗ НОМЕРА - 4 шт. було завершено користувачем [Коваль Людмила] з коментарем: виконано.
[24-Dec-2024 09:14:47 Europe/Helsinki] DellTASK [INFO] Повірка від 19.12.2024 для адреси вул. Старобілоуська, буд. 61, корп. А, кв. 80 для лічильника БЕЗ НОМЕРА - 1 шт. було завершено користувачем [Коваль Людмила] з коментарем: виконано.
[24-Dec-2024 09:15:00 Europe/Helsinki] DellTASK [INFO] Повірка від 19.12.2024 для адреси вул. Харківська, буд. 2, кв. 20 для лічильника БЕЗ НОМЕРА - 4 шт. було завершено користувачем [Коваль Людмила] з коментарем: виконано.
[24-Dec-2024 09:15:41 Europe/Helsinki] NewDATA [INFO] Новий лічильник номер: 013656, тип: КВ-1,5 => DN 15, рік випуску: 2019, показники: 0, балансоутримувач: КП "ВДК" додано до БД користувачем [Коваль Людмила].
[24-Dec-2024 09:15:43 Europe/Helsinki] EditDATA [INFO] За адресою вул. Жабинського, буд. 2, корп. В, кв. 241 користувачем [Коваль Людмила] було додано лічильники: 013656].
[24-Dec-2024 09:16:24 Europe/Helsinki] NewDATA [INFO] Новий лічильник номер: 346275, тип: КВ-1,5 => DN 15, рік випуску: 2001, показники: 0, балансоутримувач: КП "ВДК" додано до БД користувачем [Коваль Людмила].
[24-Dec-2024 09:16:50 Europe/Helsinki] NewDATA [INFO] Новий лічильник номер: 304180, тип: КВ-1,5 => DN 15, рік випуску: 2001, показники: 0, балансоутримувач: КП "ТКЕ" додано до БД користувачем [Коваль Людмила].
[24-Dec-2024 09:16:52 Europe/Helsinki] EditDATA [INFO] За адресою вул. Харківська, буд. 2, кв. 20 користувачем [Коваль Людмила] було додано лічильники: 346275, 304180].
[24-Dec-2024 09:17:40 Europe/Helsinki] NewDATA [INFO] Новий лічильник номер: 576471, тип: КВ-1,5 => DN 15, рік випуску: 2009, показники: 0, балансоутримувач: КП "ВДК" додано до БД користувачем [Коваль Людмила].
[24-Dec-2024 09:17:42 Europe/Helsinki] EditDATA [INFO] За адресою вул. Старобілоуська, буд. 61, корп. А, кв. 80 користувачем [Коваль Людмила] було додано лічильники: 576471].
[24-Dec-2024 09:20:07 Europe/Helsinki] NewDATA [INFO] Новий лічильник номер: 494061, тип: КВ-1,5 => DN 15, рік випуску: 2001, показники: 0, балансоутримувач: КП "ВДК" додано до БД користувачем [Коваль Людмила].
[24-Dec-2024 09:21:25 Europe/Helsinki] NewDATA [INFO] Новий лічильник номер: 9200063207, тип: ЛК => DN 15, рік випуску: 2020, показники: 0, балансоутримувач: КП "ТКЕ" додано до БД користувачем [Коваль Людмила].
[24-Dec-2024 09:21:27 Europe/Helsinki] EditDATA [INFO] За адресою вул. Котляревського, буд. 4, кв. 59 користувачем [Коваль Людмила] було додано лічильники: 494061, 9200063207].
[24-Dec-2024 09:33:40 Europe/Helsinki] NewDATA [INFO] Нова заявка Заміна, адреса: вул. Гетьмана Полуботка 80, кв. 4, лічильники: 191317318, виконавець: Баранов, вартість: 1060 грн., примітки: 8-13, 1 гв, № 191317318 додано до БД користувачем [Сусло Тетяна].
[2024-12-24T09:33:45.735] [INFO] DataBase - У заявці Заміна від 24 грудня 2024 р. за адресою вул. Гетьмана Полуботка, буд. 80, кв. 4 додано дату виконання 26 грудня 2024 р. користувачем [Сусло Тетяна].
[24-Dec-2024 09:34:13 Europe/Helsinki] EditDATA [INFO] Для заявки Заміна від 24.12.2024 користувачем [Сусло Тетяна] змінено примітки з 8-13, 1 гв, № 191317318 на 8-13, 1 гв, с/в, № 191317318.
[24-Dec-2024 09:44:27 Europe/Helsinki] EditDATA [INFO] За адресою вул. Космонавтів 18, кв. 56 користувачем [Сусло Тетяна] змінені номери телефонів з +38(063)715-53-57, +38(0462)63-71-72 на +38(063)715-53-57, при створенні нової заявки [Повірка] від 24.12.2024.
[24-Dec-2024 09:44:27 Europe/Helsinki] NewDATA [INFO] Нова заявка Повірка, адреса: вул. Космонавтів 18, кв. 56, лічильники: БЕЗ НОМЕРА - 2 шт., вартість: 600 грн., примітки: 13-17, за 30 хв додано до БД користувачем [Сусло Тетяна].
[2024-12-24T09:44:35.866] [INFO] DataBase - У заявці Повірка від 24 грудня 2024 р. за адресою вул. Космонавтів, буд. 18, кв. 56 додано виконавця ЗАПЛАНОВАНІ та додано дату виконання 26 грудня 2024 р. користувачем [Сусло Тетяна].
[24-Dec-2024 09:45:04 Europe/Helsinki] EditDATA [INFO] Для заявки Повірка від 24.12.2024 користувачем [Сусло Тетяна] змінено примітки з 13-17, за 30 хв на 13-17, за 30 хв, 2 гв.
[24-Dec-2024 09:51:30 Europe/Helsinki] NewDATA [INFO] Нова заявка Заміна, адреса: вул. Леонтовича Миколи 3, кв. 5, лічильники: 03793057, 03793060, виконавець: Баранов, вартість: 700 грн., примітки: 8-13, 2 хв, №03793057, №03793060 додано до БД користувачем [Сусло Тетяна].
[2024-12-24T09:51:32.646] [INFO] DataBase - У заявці Заміна від 24 грудня 2024 р. за адресою вул. Леонтовича Миколи, буд. 3, кв. 5 додано дату виконання 26 грудня 2024 р. користувачем [Сусло Тетяна].
[24-Dec-2024 09:54:57 Europe/Helsinki] NewDATA [INFO] Нова адреса вул. Генерала Пухова, буд. 107, кв. 73, тел. +38 (063) 129-33-34 додана до БД користувачем [Сусло Тетяна].
[24-Dec-2024 09:55:45 Europe/Helsinki] NewDATA [INFO] Нова заявка Повірка, адреса: вул. Генерала Пухова 107, кв. 73, лічильники: БЕЗ НОМЕРА - 4 шт., вартість: 1200 грн., примітки: 13-17, за 30 хв додано до БД користувачем [Сусло Тетяна].
[2024-12-24T09:55:48.799] [INFO] DataBase - У заявці Повірка від 24 грудня 2024 р. за адресою вул. Генерала Пухова, буд. 107, кв. 73 додано виконавця ЗАПЛАНОВАНІ та додано дату виконання 26 грудня 2024 р. користувачем [Сусло Тетяна].
[24-Dec-2024 09:56:04 Europe/Helsinki] DellTASK [INFO] Заміна від 09.09.2024 для адреси вул. Гетьмана Полуботка, буд. 120, кв. 79 для лічильника 5581968 було відмінено користувачем [Сусло Тетяна] з коментарем: відмова.
[24-Dec-2024 10:01:15 Europe/Helsinki] NewDATA [INFO] Новий лічильник номер: 498625, тип: КВ-1,5 => DN 15, рік випуску: 2001, показники: 0, балансоутримувач: КП "ВДК" додано до БД користувачем [Коваль Людмила].
[24-Dec-2024 10:01:41 Europe/Helsinki] NewDATA [INFO] Новий лічильник номер: 488585, тип: КВ-1,5 => DN 15, рік випуску: 2001, показники: 0, балансоутримувач: КП "ТКЕ" додано до БД користувачем [Коваль Людмила].
[24-Dec-2024 10:01:47 Europe/Helsinki] EditDATA [INFO] За адресою вул. Котляревського, буд. 4, кв. 59 користувачем [Коваль Людмила] було додано лічильники: 498625, 488585].
[24-Dec-2024 10:03:27 Europe/Helsinki] EditDATA [INFO] За адресою вул. Доценка 8, кв. 54 користувачем [Сусло Тетяна] змінені номери телефонів з +38(067)595-10-25, +38(067)975-80-09 на +38(066)702-53-41, при створенні нової заявки [Повірка] від 24.12.2024.
[24-Dec-2024 10:03:27 Europe/Helsinki] NewDATA [INFO] Нова заявка Повірка, адреса: вул. Доценка 8, кв. 54, лічильники: БЕЗ НОМЕРА - 2 шт., вартість: 600 грн., примітки: 13-17, за 30 хв додано до БД користувачем [Сусло Тетяна].
[2024-12-24T10:03:31.813] [INFO] DataBase - У заявці Повірка від 24 грудня 2024 р. за адресою вул. Доценка, буд. 8, кв. 54 додано виконавця ЗАПЛАНОВАНІ та додано дату виконання 26 грудня 2024 р. користувачем [Сусло Тетяна].
[24-Dec-2024 10:03:46 Europe/Helsinki] NewDATA [INFO] Новий лічильник номер: 4287968, тип: ЛК => DN 15, рік випуску: 2014, показники: 0, балансоутримувач: КП "ВДК" додано до БД користувачем [Коваль Людмила].
[24-Dec-2024 10:04:18 Europe/Helsinki] NewDATA [INFO] Новий лічильник номер: 4280343, тип: ЛК => DN 15, рік випуску: 2014, показники: 0, балансоутримувач: КП "ТКЕ" додано до БД користувачем [Коваль Людмила].
[24-Dec-2024 10:04:21 Europe/Helsinki] EditDATA [INFO] За адресою просп. Перемоги, буд. 37, кв. 11 користувачем [Коваль Людмила] було додано лічильники: 4287968, 4280343].
[24-Dec-2024 10:05:31 Europe/Helsinki] NewDATA [INFO] Новий лічильник номер: 1161851, тип: ЛК => DN 15, рік випуску: 2011, показники: 0, балансоутримувач: КП "ВДК" додано до БД користувачем [Коваль Людмила].
[24-Dec-2024 10:05:56 Europe/Helsinki] NewDATA [INFO] Новий лічильник номер: 1037514, тип: ЛК => DN 15, рік випуску: 2011, показники: 0, балансоутримувач: АТ "ОТКЕ" додано до БД користувачем [Коваль Людмила].
[24-Dec-2024 10:05:59 Europe/Helsinki] EditDATA [INFO] За адресою просп. Левка Лукяненка, буд. 4, кв. 81 користувачем [Коваль Людмила] було додано лічильники: 1161851, 1037514].
[24-Dec-2024 10:06:41 Europe/Helsinki] NewDATA [INFO] Новий лічильник номер: 010248, тип: КВ-1,5 => DN 15, рік випуску: 2020, показники: 0, балансоутримувач: КП "ВДК" додано до БД користувачем [Коваль Людмила].
[24-Dec-2024 10:07:05 Europe/Helsinki] NewDATA [INFO] Новий лічильник номер: 005555, тип: КВ-1,5 => DN 15, рік випуску: 2020, показники: 0, балансоутримувач: АТ "ОТКЕ" додано до БД користувачем [Коваль Людмила].
[24-Dec-2024 10:07:11 Europe/Helsinki] EditDATA [INFO] За адресою вул. Захисників України, буд. 10, корп. А, кв. 103 користувачем [Коваль Людмила] було додано лічильники: 010248, 005555].
[24-Dec-2024 10:07:45 Europe/Helsinki] NewDATA [INFO] Нова адреса вул. 1-ої танкової бригади, буд. 21, корп. 1, кв. 45, тел. +38 (098) 818-53-45 додана до БД користувачем [Сусло Тетяна].
[24-Dec-2024 10:07:56 Europe/Helsinki] NewDATA [INFO] Новий лічильник номер: 491107, тип: КВ-1,5 => DN 15, рік випуску: 2000, показники: 0, балансоутримувач: КП "ВДК" додано до БД користувачем [Коваль Людмила].
[24-Dec-2024 10:08:20 Europe/Helsinki] NewDATA [INFO] Новий лічильник номер: 140638, тип: КВ-1,5 => DN 15, рік випуску: 2001, показники: 0, балансоутримувач: АТ "ОТКЕ" додано до БД користувачем [Коваль Людмила].
[24-Dec-2024 10:08:22 Europe/Helsinki] EditDATA [INFO] За адресою вул. Захисників України, буд. 6, кв. 31 користувачем [Коваль Людмила] було додано лічильники: 491107, 140638].
[24-Dec-2024 10:08:26 Europe/Helsinki] NewDATA [INFO] Нова заявка Повірка, адреса: вул. 1-ої танкової бригади 21 корпус 1, кв. 45, лічильники: БЕЗ НОМЕРА - 2 шт., вартість: 600 грн., примітки: 8-13, за 30 хв додано до БД користувачем [Сусло Тетяна].
[2024-12-24T10:08:30.272] [INFO] DataBase - У заявці Повірка від 24 грудня 2024 р. за адресою вул. 1-ої танкової бригади, буд. 21, корп. 1, кв. 45 додано виконавця ЗАПЛАНОВАНІ та додано дату виконання 27 грудня 2024 р. користувачем [Сусло Тетяна].
[24-Dec-2024 10:08:39 Europe/Helsinki] EditDATA [INFO] За адресою просп. Перемоги 191, кв. 2 користувачем [Сміян Альона] змінені номери телефонів з +38(093)165-50-35, +38(068)358-02-11, +38(0462)95-61-44 на +38(068)771-42-99, при створенні нової заявки [Повірка] від 24.12.2024.
[24-Dec-2024 10:08:39 Europe/Helsinki] NewDATA [INFO] Нова заявка Повірка, адреса: просп. Перемоги 191, кв. 2, лічильники: БЕЗ НОМЕРА - 1 шт., вартість: 300 грн., примітки: 13-17 додано до БД користувачем [Сміян Альона].
[2024-12-24T10:08:47.259] [INFO] DataBase - У заявці Повірка від 24 грудня 2024 р. за адресою просп. Перемоги, буд. 191, кв. 2 додано виконавця ЗАПЛАНОВАНІ та додано дату виконання 26 грудня 2024 р. користувачем [Сміян Альона].
[24-Dec-2024 10:15:41 Europe/Helsinki] NewDATA [INFO] Новий лічильник номер: 09217452, тип: E-T 1,5-U => DN 15, рік випуску: 2009, показники: 0, балансоутримувач: КП "ВДК" додано до БД користувачем [Коваль Людмила].
[24-Dec-2024 10:16:13 Europe/Helsinki] NewDATA [INFO] Новий лічильник номер: 09224738, тип: E-T 1,5-U => DN 15, рік випуску: 2009, показники: 0, балансоутримувач: АТ "ОТКЕ" додано до БД користувачем [Коваль Людмила].
[24-Dec-2024 10:16:17 Europe/Helsinki] EditDATA [INFO] За адресою вул. Захисників України, буд. 10, корп. А, кв. 39 користувачем [Коваль Людмила] було додано лічильники: 09217452, 09224738].
[24-Dec-2024 10:17:14 Europe/Helsinki] NewDATA [INFO] Новий лічильник номер: 9200033607, тип: ЛК => DN 15, рік випуску: 2019, показники: 0, балансоутримувач: КП "ВДК" додано до БД користувачем [Коваль Людмила].
[24-Dec-2024 10:17:47 Europe/Helsinki] NewDATA [INFO] Новий лічильник номер: 9200019785, тип: ЛК => DN 15, рік випуску: 2019, показники: 0, балансоутримувач: АТ "ОТКЕ" додано до БД користувачем [Коваль Людмила].
[24-Dec-2024 10:24:00 Europe/Helsinki] EditDATA [INFO] За адресою вул. Пятницька 47, кв. 25 користувачем [Сусло Тетяна] змінені номери телефонів з +38(093)379-42-48 на +38(093)345-58-55, при створенні нової заявки [Повірка] від 24.12.2024.
[24-Dec-2024 10:24:00 Europe/Helsinki] NewDATA [INFO] Нова заявка Повірка, адреса: вул. Пятницька 47, кв. 25, лічильники: БЕЗ НОМЕРА - 2 шт., вартість: 600 грн., примітки: 8-13 додано до БД користувачем [Сусло Тетяна].
[24-Dec-2024 10:25:18 Europe/Helsinki] NewDATA [INFO] Нова адреса вул. Реміснича, буд. 31, кв. 4, тел. +38 (063) 999-62-87 додана до БД користувачем [Сусло Тетяна].
[24-Dec-2024 10:25:36 Europe/Helsinki] NewDATA [INFO] Новий лічильник номер: 9200034041, тип: ЛК => DN 15, рік випуску: 2019, показники: 0, балансоутримувач: КП "ВДК" додано до БД користувачем [Коваль Людмила].
[24-Dec-2024 10:25:38 Europe/Helsinki] NewDATA [INFO] Нова заявка Повірка, адреса: вул. Реміснича 31, кв. 4, лічильники: БЕЗ НОМЕРА - 2 шт., вартість: 600 грн., примітки: 8-13, за 1 год додано до БД користувачем [Сусло Тетяна].
[24-Dec-2024 10:25:38 Europe/Helsinki] NewDATA [INFO] Нова адреса просп. Левка Лукяненка, буд. 70, кв. 77, тел. +38 (063) 780-45-59 додана до БД користувачем [Сміян Альона].
[2024-12-24T10:25:42.430] [INFO] DataBase - У заявці Повірка від 24 грудня 2024 р. за адресою вул. Реміснича, буд. 31, кв. 4 додано виконавця ЗАПЛАНОВАНІ та додано дату виконання 26 грудня 2024 р. користувачем [Сусло Тетяна].
[2024-12-24T10:25:44.270] [INFO] DataBase - У заявці Повірка від 24 грудня 2024 р. за адресою вул. Пятницька, буд. 47, кв. 25 додано виконавця ЗАПЛАНОВАНІ та додано дату виконання 26 грудня 2024 р. користувачем [Сусло Тетяна].
[24-Dec-2024 10:26:00 Europe/Helsinki] NewDATA [INFO] Новий лічильник номер: 9200019754, тип: ЛК => DN 15, рік випуску: 2019, показники: 0, балансоутримувач: АТ "ОТКЕ" додано до БД користувачем [Коваль Людмила].
[24-Dec-2024 10:26:02 Europe/Helsinki] EditDATA [INFO] За адресою вул. Всіхсвятська, буд. 16, кв. 175 користувачем [Коваль Людмила] було додано лічильники: 9200033607, 9200019785, 9200034041, 9200019754].
[24-Dec-2024 10:26:45 Europe/Helsinki] NewDATA [INFO] Нова заявка Повірка, адреса: просп. Левка Лукяненка 70, кв. 77, лічильники: БЕЗ НОМЕРА - 2 шт., вартість: 600 грн., примітки: 8-13 1час додано до БД користувачем [Сміян Альона].
[24-Dec-2024 10:26:47 Europe/Helsinki] NewDATA [INFO] Новий лічильник номер: 256488, тип: КВ-1,5 => DN 15, рік випуску: 2015, показники: 0, балансоутримувач: КП "ВДК" додано до БД користувачем [Коваль Людмила].
[2024-12-24T10:26:50.142] [INFO] DataBase - У заявці Повірка від 24 грудня 2024 р. за адресою просп. Левка Лукяненка, буд. 70, кв. 77 додано виконавця ЗАПЛАНОВАНІ та додано дату виконання 27 грудня 2024 р. користувачем [Сміян Альона].
[24-Dec-2024 10:27:13 Europe/Helsinki] NewDATA [INFO] Новий лічильник номер: 5832963, тип: ЛК => DN 15, рік випуску: 2015, показники: 0, балансоутримувач: АТ "ОТКЕ" додано до БД користувачем [Коваль Людмила].
[24-Dec-2024 10:27:15 Europe/Helsinki] EditDATA [INFO] За адресою просп. Грушевського Михайла, буд. 157, кв. 121 користувачем [Коваль Людмила] було додано лічильники: 256488, 5832963].
[24-Dec-2024 11:13:30 Europe/Helsinki] NewDATA [INFO] Нова заявка Повірка, адреса: просп. Миру 180 корпус А, кв. 61, лічильники: БЕЗ НОМЕРА - 2 шт., вартість: 600 грн., примітки: 12-16,пер.за 30 хв. додано до БД користувачем [Коваль Людмила].
[2024-12-24T11:13:36.608] [INFO] DataBase - У заявці Повірка від 24 грудня 2024 р. за адресою просп. Миру, буд. 180, корп. А, кв. 61 додано виконавця ЗАПЛАНОВАНІ та додано дату виконання 26 грудня 2024 р. користувачем [Коваль Людмила].
[24-Dec-2024 11:13:54 Europe/Helsinki] NewDATA [INFO] Нова заявка Заміна, адреса: вул. Магістратська 13, кв. 43, лічильники: БЕЗ НОМЕРА - 1 шт., вартість: 1060 грн., примітки: 1г/в после 16 додано до БД користувачем [Сміян Альона].
[2024-12-24T11:13:59.828] [INFO] DataBase - У заявці Заміна від 24 грудня 2024 р. за адресою вул. Магістратська, буд. 13, кв. 43 додано виконавця Баранов та додано дату виконання 26 грудня 2024 р. користувачем [Сміян Альона].
[24-Dec-2024 11:18:11 Europe/Helsinki] NewDATA [INFO] Нова адреса вул. Красносільського, буд. 73, кв. 52, тел. +38 (063) 377-74-78 додана до БД користувачем [Сміян Альона].
[24-Dec-2024 12:01:06 Europe/Helsinki] NewDATA [INFO] Нова адреса вул. Березовського Максима, буд. 2, кв. 12, тел. +38 (098) 612-96-12 додана до БД користувачем [Коваль Людмила].
[24-Dec-2024 12:02:21 Europe/Helsinki] NewDATA [INFO] Нова заявка Повірка, адреса: вул. Березовського Максима 2, кв. 12, лічильники: БЕЗ НОМЕРА - 4 шт., вартість: 1200 грн., примітки: 8-13.друга адреса додано до БД користувачем [Коваль Людмила].
[2024-12-24T12:02:28.380] [INFO] DataBase - У заявці Повірка від 24 грудня 2024 р. за адресою вул. Березовського Максима, буд. 2, кв. 12 додано виконавця ЗАПЛАНОВАНІ та додано дату виконання 25 грудня 2024 р. користувачем [Коваль Людмила].
[24-Dec-2024 12:06:51 Europe/Helsinki] NewDATA [INFO] Нова заявка Заміна, адреса: вул. Красносільського 73, кв. 52, лічильники: БЕЗ НОМЕРА - 1 шт., виконавець: Баранов, вартість: 1060 грн., примітки: 8-13, 1хв, № 019989 додано до БД користувачем [Сусло Тетяна].
[2024-12-24T12:06:54.297] [INFO] DataBase - У заявці Заміна від 24 грудня 2024 р. за адресою вул. Красносільського, буд. 73, кв. 52 додано дату виконання 6 січня 2025 р. користувачем [Сусло Тетяна].
[24-Dec-2024 12:07:51 Europe/Helsinki] NewDATA [INFO] Нова адреса вул. Чорновола Вячеслава, буд. 49, корп. 2, кв. 30, тел. +38 (068) 467-20-52 додана до БД користувачем [Сусло Тетяна].
[24-Dec-2024 12:08:35 Europe/Helsinki] NewDATA [INFO] Нова заявка Повірка, адреса: вул. Чорновола Вячеслава 49 корпус 2, кв. 30, лічильники: БЕЗ НОМЕРА - 2 шт., вартість: 600 грн., примітки: після 12.00 додано до БД користувачем [Сусло Тетяна].
[2024-12-24T12:08:39.601] [INFO] DataBase - У заявці Повірка від 24 грудня 2024 р. за адресою вул. Чорновола Вячеслава, буд. 49, корп. 2, кв. 30 додано виконавця ЗАПЛАНОВАНІ та додано дату виконання 27 грудня 2024 р. користувачем [Сусло Тетяна].
[24-Dec-2024 12:13:44 Europe/Helsinki] EditDATA [INFO] За адресою просп. Левка Лукяненка 46, кв. 10 користувачем [Сусло Тетяна] змінені номери телефонів з +38(093)036-38-76, +38(098)410-42-36 на +38(099)319-76-20, при створенні нової заявки [Повірка] від 24.12.2024.
[24-Dec-2024 12:13:44 Europe/Helsinki] NewDATA [INFO] Нова заявка Повірка, адреса: просп. Левка Лукяненка 46, кв. 10, лічильники: БЕЗ НОМЕРА - 2 шт., вартість: 600 грн., примітки: 13-17, за 30 хв додано до БД користувачем [Сусло Тетяна].
[2024-12-24T12:13:47.565] [INFO] DataBase - У заявці Повірка від 24 грудня 2024 р. за адресою просп. Левка Лукяненка, буд. 46, кв. 10 додано виконавця ЗАПЛАНОВАНІ та додано дату виконання 27 грудня 2024 р. користувачем [Сусло Тетяна].
[24-Dec-2024 12:15:14 Europe/Helsinki] NewDATA [INFO] Нова заявка Заміна, адреса: просп. Миру 52, кв. 77, лічильники: 181248540, вартість: 1060 грн., примітки: 1х/в 181248540 8-10 додано до БД користувачем [Сміян Альона].
[2024-12-24T12:15:19.994] [INFO] DataBase - У заявці Заміна від 24 грудня 2024 р. за адресою просп. Миру, буд. 52, кв. 77 додано виконавця Баранов та додано дату виконання 27 грудня 2024 р. користувачем [Сміян Альона].
[24-Dec-2024 12:32:54 Europe/Helsinki] EditDATA [INFO] Для заявки Повірка від 18.12.2024 користувачем [Сусло Тетяна] змінено примітки з 8-13 на 8-14, за 30 хв.
[2024-12-24T12:32:58.063] [INFO] DataBase - У заявці Повірка від 18 грудня 2024 р. за адресою просп. Левка Лукяненка, буд. 5, кв. 43 видалено виконавця ЗАПЛАНОВАНІ та видалено дату виконання 26 грудня 2024 р. користувачем [Сусло Тетяна].
[2024-12-24T12:33:02.478] [INFO] DataBase - У заявці Повірка від 18 грудня 2024 р. за адресою просп. Левка Лукяненка, буд. 5, кв. 43 додано виконавця ЗАПЛАНОВАНІ та додано дату виконання 27 грудня 2024 р. користувачем [Сусло Тетяна].
[24-Dec-2024 12:48:49 Europe/Helsinki] DellTASK [INFO] Повірка від 19.12.2024 для адреси просп. Грушевського Михайла, буд. 175, кв. 1 для лічильника БЕЗ НОМЕРА - 2 шт. було завершено користувачем [Коваль Людмила] з коментарем: виконано.
[24-Dec-2024 12:49:04 Europe/Helsinki] DellTASK [INFO] Повірка від 20.12.2024 для адреси просп. Левка Лукяненка, буд. 22, кв. 66 для лічильника БЕЗ НОМЕРА - 1 шт. було завершено користувачем [Коваль Людмила] з коментарем: виконано.
[24-Dec-2024 12:49:22 Europe/Helsinki] DellTASK [INFO] Повірка від 19.12.2024 для адреси вул. Генерала Пухова, буд. 133, кв. 101 для лічильника БЕЗ НОМЕРА - 2 шт. було завершено користувачем [Коваль Людмила] з коментарем: виконано.
[24-Dec-2024 12:49:37 Europe/Helsinki] DellTASK [INFO] Повірка від 16.12.2024 для адреси просп. Грушевського Михайла, буд. 157, кв. 121 для лічильника БЕЗ НОМЕРА - 2 шт. було завершено користувачем [Коваль Людмила] з коментарем: виконано.
[24-Dec-2024 12:49:53 Europe/Helsinki] DellTASK [INFO] Повірка від 20.12.2024 для адреси вул. Генерала Пухова, буд. 115, корп. А, кв. 58 для лічильника БЕЗ НОМЕРА - 2 шт. було завершено користувачем [Коваль Людмила] з коментарем: виконано.
[24-Dec-2024 12:50:06 Europe/Helsinki] DellTASK [INFO] Повірка від 19.12.2024 для адреси вул. 1-ої танкової бригади, буд. 18, кв. 44 для лічильника БЕЗ НОМЕРА - 2 шт. було завершено користувачем [Коваль Людмила] з коментарем: виконано.
[24-Dec-2024 12:52:09 Europe/Helsinki] NewDATA [INFO] Новий лічильник номер: 051419, тип: КВ-1,5 => DN 15, рік випуску: 2020, показники: 0, балансоутримувач: КП "ВДК" додано до БД користувачем [Коваль Людмила].
[24-Dec-2024 12:52:33 Europe/Helsinki] NewDATA [INFO] Нова адреса просп. Миру, буд. 251, кв. 131, тел. +38 (050) 038-08-19 додана до БД користувачем [Сміян Альона].
[24-Dec-2024 12:52:35 Europe/Helsinki] NewDATA [INFO] Новий лічильник номер: 7192663, тип: ЛК => DN 15, рік випуску: 2017, показники: 0, балансоутримувач: АТ "ОТКЕ" додано до БД користувачем [Коваль Людмила].
[24-Dec-2024 12:52:39 Europe/Helsinki] EditDATA [INFO] За адресою просп. Грушевського Михайла, буд. 175, кв. 1 користувачем [Коваль Людмила] було додано лічильники: 051419, 7192663].
[24-Dec-2024 12:52:55 Europe/Helsinki] NewDATA [INFO] Нова заявка Повірка, адреса: просп. Миру 251, кв. 131, лічильники: БЕЗ НОМЕРА - 1 шт., вартість: 300 грн., примітки: 8-13 додано до БД користувачем [Сміян Альона].
[2024-12-24T12:53:01.704] [INFO] DataBase - У заявці Повірка від 24 грудня 2024 р. за адресою просп. Миру, буд. 251, кв. 131 додано виконавця ЗАПЛАНОВАНІ та додано дату виконання 26 грудня 2024 р. користувачем [Сміян Альона].
[24-Dec-2024 12:53:26 Europe/Helsinki] NewDATA [INFO] Новий лічильник номер: 2029007, тип: ЛК => DN 15, рік випуску: 2012, показники: 0, балансоутримувач: АТ "ОТКЕ" додано до БД користувачем [Коваль Людмила].
[24-Dec-2024 12:53:31 Europe/Helsinki] EditDATA [INFO] За адресою вул. 1-ої танкової бригади, буд. 18, кв. 44 користувачем [Коваль Людмила] було додано лічильники: 2029007].
[24-Dec-2024 12:53:59 Europe/Helsinki] EditDATA [INFO] За адресою вул. Небаби Мартина 102, кв. 97 користувачем [Сусло Тетяна] змінені номери телефонів з +38(0462)63-09-97, +38(063)347-13-93 на +38(063)347-13-93, при створенні нової заявки [Повірка] від 24.12.2024.
[24-Dec-2024 12:53:59 Europe/Helsinki] NewDATA [INFO] Нова заявка Повірка, адреса: вул. Небаби Мартина 102, кв. 97, лічильники: БЕЗ НОМЕРА - 1 шт., вартість: 300 грн., примітки: 13-17, за 30 хв, підідуть додано до БД користувачем [Сусло Тетяна].
[2024-12-24T12:54:03.167] [INFO] DataBase - У заявці Повірка від 24 грудня 2024 р. за адресою вул. Небаби Мартина, буд. 102, кв. 97 додано виконавця ЗАПЛАНОВАНІ та додано дату виконання 27 грудня 2024 р. користувачем [Сусло Тетяна].
[24-Dec-2024 12:54:19 Europe/Helsinki] NewDATA [INFO] Новий лічильник номер: 308883, тип: КВ-1,5 => DN 15, рік випуску: 2005, показники: 0, балансоутримувач: КП "ВДК" додано до БД користувачем [Коваль Людмила].
[24-Dec-2024 12:54:47 Europe/Helsinki] NewDATA [INFO] Новий лічильник номер: 078470, тип: КВ-1,5 => DN 15, рік випуску: 2005, показники: 0, балансоутримувач: АТ "ОТКЕ" додано до БД користувачем [Коваль Людмила].
[24-Dec-2024 12:54:50 Europe/Helsinki] EditDATA [INFO] За адресою вул. Генерала Пухова, буд. 133, кв. 101 користувачем [Коваль Людмила] було додано лічильники: 308883, 078470].
[24-Dec-2024 12:55:42 Europe/Helsinki] NewDATA [INFO] Новий лічильник номер: 068965, тип: КВ-1,5 => DN 15, рік випуску: 2004, показники: 0, балансоутримувач: КП "ВДК" додано до БД користувачем [Коваль Людмила].
[24-Dec-2024 12:56:06 Europe/Helsinki] NewDATA [INFO] Новий лічильник номер: 106180, тип: КВ-1,5 => DN 15, рік випуску: 2004, показники: 0, балансоутримувач: АТ "ОТКЕ" додано до БД користувачем [Коваль Людмила].
[24-Dec-2024 12:56:09 Europe/Helsinki] EditDATA [INFO] За адресою вул. Генерала Пухова, буд. 115, корп. А, кв. 58 користувачем [Коваль Людмила] було додано лічильники: 068965, 106180].
[24-Dec-2024 12:58:25 Europe/Helsinki] NewDATA [INFO] Новий лічильник номер: 4381893, тип: ЛК => DN 15, рік випуску: 2014, показники: 0, балансоутримувач: КП "ВДК" додано до БД користувачем [Коваль Людмила].
[24-Dec-2024 12:58:27 Europe/Helsinki] EditDATA [INFO] За адресою просп. Левка Лукяненка, буд. 22, кв. 66 користувачем [Коваль Людмила] було додано лічильники: 4381893].
[24-Dec-2024 13:10:31 Europe/Helsinki] EditDATA [INFO] Для заявки Повірка від 23.12.2024 користувачем [Коваль Людмила] змінено виконавця з ЗАПЛАНОВАНІ на Осипенко.
[24-Dec-2024 13:11:22 Europe/Helsinki] EditDATA [INFO] Для заявки Повірка від 19.12.2024 користувачем [Коваль Людмила] змінено виконавця з ЗАПЛАНОВАНІ на Ващенко.
[24-Dec-2024 13:11:34 Europe/Helsinki] EditDATA [INFO] Для заявки Повірка від 24.12.2024 користувачем [Коваль Людмила] змінено виконавця з ЗАПЛАНОВАНІ на Ващенко.
[24-Dec-2024 13:11:55 Europe/Helsinki] EditDATA [INFO] Для заявки Повірка від 19.12.2024 користувачем [Коваль Людмила] змінено виконавця з ЗАПЛАНОВАНІ на Ващенко.
[24-Dec-2024 13:12:09 Europe/Helsinki] EditDATA [INFO] Для заявки Повірка від 13.12.2024 користувачем [Коваль Людмила] змінено виконавця з ЗАПЛАНОВАНІ на Ващенко.
[24-Dec-2024 13:14:26 Europe/Helsinki] EditDATA [INFO] Для заявки Повірка від 24.12.2024 користувачем [Коваль Людмила] змінено виконавця з ЗАПЛАНОВАНІ на Осипенко.
[24-Dec-2024 13:15:30 Europe/Helsinki] EditDATA [INFO] Для заявки Повірка від 24.12.2024 користувачем [Коваль Людмила] змінено виконавця з ЗАПЛАНОВАНІ на Ващенко.
[24-Dec-2024 13:16:05 Europe/Helsinki] EditDATA [INFO] Для заявки Повірка від 23.12.2024 користувачем [Коваль Людмила] змінено виконавця з ЗАПЛАНОВАНІ на Шкуліпа.
[24-Dec-2024 13:16:17 Europe/Helsinki] EditDATA [INFO] Для заявки Повірка від 20.12.2024 користувачем [Коваль Людмила] змінено виконавця з ЗАПЛАНОВАНІ на Шкуліпа.
[24-Dec-2024 13:16:46 Europe/Helsinki] EditDATA [INFO] Для заявки Повірка від 23.12.2024 користувачем [Коваль Людмила] змінено виконавця з ЗАПЛАНОВАНІ на Шкуліпа.
[24-Dec-2024 13:16:56 Europe/Helsinki] EditDATA [INFO] Для заявки Повірка від 24.12.2024 користувачем [Коваль Людмила] змінено виконавця з ЗАПЛАНОВАНІ на Шкуліпа.
[24-Dec-2024 13:17:11 Europe/Helsinki] EditDATA [INFO] Для заявки Повірка від 23.12.2024 користувачем [Коваль Людмила] змінено виконавця з ЗАПЛАНОВАНІ на Шкуліпа.
[24-Dec-2024 13:17:57 Europe/Helsinki] EditDATA [INFO] Для заявки Повірка від 24.12.2024 користувачем [Коваль Людмила] змінено виконавця з ЗАПЛАНОВАНІ на Шкуліпа.
[24-Dec-2024 13:18:31 Europe/Helsinki] EditDATA [INFO] Для заявки Повірка від 23.12.2024 користувачем [Коваль Людмила] змінено виконавця з ЗАПЛАНОВАНІ на Шкуліпа.
[24-Dec-2024 13:18:54 Europe/Helsinki] EditDATA [INFO] Для заявки Повірка від 24.12.2024 користувачем [Коваль Людмила] змінено виконавця з ЗАПЛАНОВАНІ на Осипенко.
[24-Dec-2024 13:19:08 Europe/Helsinki] EditDATA [INFO] Для заявки Повірка від 23.12.2024 користувачем [Коваль Людмила] змінено виконавця з ЗАПЛАНОВАНІ на Осипенко.
[24-Dec-2024 13:39:35 Europe/Helsinki] EditDATA [INFO] Для заявки Повірка від 19.12.2024 користувачем [Коваль Людмила] змінено примітки з 8-10 на 11-13.
[24-Dec-2024 13:39:43 Europe/Helsinki] EditDATA [INFO] Для заявки Повірка від 24.12.2024 користувачем [Коваль Людмила] змінено виконавця з ЗАПЛАНОВАНІ на Шкуліпа.
[24-Dec-2024 13:39:54 Europe/Helsinki] EditDATA [INFO] Для заявки Повірка від 23.12.2024 користувачем [Коваль Людмила] змінено виконавця з ЗАПЛАНОВАНІ на Шкуліпа.
[24-Dec-2024 13:40:04 Europe/Helsinki] EditDATA [INFO] Для заявки Повірка від 23.12.2024 користувачем [Коваль Людмила] змінено виконавця з ЗАПЛАНОВАНІ на Шкуліпа.
[24-Dec-2024 13:40:13 Europe/Helsinki] EditDATA [INFO] Для заявки Повірка від 19.12.2024 користувачем [Коваль Людмила] змінено виконавця з ЗАПЛАНОВАНІ на Шкуліпа.
[24-Dec-2024 13:40:23 Europe/Helsinki] EditDATA [INFO] Для заявки Повірка від 19.12.2024 користувачем [Коваль Людмила] змінено виконавця з ЗАПЛАНОВАНІ на Шкуліпа.
[24-Dec-2024 13:47:49 Europe/Helsinki] EditDATA [INFO] Для заявки Повірка від 24.12.2024 користувачем [Коваль Людмила] змінено виконавця з ЗАПЛАНОВАНІ на Сірий.
[24-Dec-2024 13:47:59 Europe/Helsinki] EditDATA [INFO] Для заявки Повірка від 24.12.2024 користувачем [Коваль Людмила] змінено виконавця з ЗАПЛАНОВАНІ на Сірий.
[24-Dec-2024 13:48:08 Europe/Helsinki] EditDATA [INFO] Для заявки Повірка від 24.12.2024 користувачем [Коваль Людмила] змінено виконавця з ЗАПЛАНОВАНІ на Сірий.
[24-Dec-2024 13:49:41 Europe/Helsinki] EditDATA [INFO] Для заявки Повірка від 23.12.2024 користувачем [Коваль Людмила] змінено примітки з 13-17 на 11-13,пер.за час.
[24-Dec-2024 13:50:03 Europe/Helsinki] EditDATA [INFO] Для заявки Повірка від 23.12.2024 користувачем [Коваль Людмила] змінено виконавця з ЗАПЛАНОВАНІ на Сірий.
[24-Dec-2024 13:50:25 Europe/Helsinki] EditDATA [INFO] Для заявки Повірка від 23.12.2024 користувачем [Коваль Людмила] змінено виконавця з ЗАПЛАНОВАНІ на Сірий.
[24-Dec-2024 13:50:38 Europe/Helsinki] EditDATA [INFO] Для заявки Повірка від 23.12.2024 користувачем [Коваль Людмила] змінено виконавця з ЗАПЛАНОВАНІ на Сірий.
[24-Dec-2024 13:50:46 Europe/Helsinki] EditDATA [INFO] Для заявки Повірка від 23.12.2024 користувачем [Коваль Людмила] змінено виконавця з ЗАПЛАНОВАНІ на Сірий.
[24-Dec-2024 13:50:55 Europe/Helsinki] EditDATA [INFO] Для заявки Повірка від 23.12.2024 користувачем [Коваль Людмила] змінено виконавця з ЗАПЛАНОВАНІ на Сірий.
[24-Dec-2024 14:17:27 Europe/Helsinki] NewDATA [INFO] Нова заявка Заміна, адреса: вул. Генерала Пухова 130, кв. 79, лічильники: 5558599, вартість: 1060 грн., примітки: хол.с/в № 5558599 10-13(їде з села) додано до БД користувачем [Коваль Людмила].
[2024-12-24T14:17:48.583] [INFO] DataBase - У заявці Заміна від 24 грудня 2024 р. за адресою вул. Генерала Пухова, буд. 130, кв. 79 додано виконавця Баранов та додано дату виконання 27 грудня 2024 р. користувачем [Коваль Людмила].
[24-Dec-2024 14:18:42 Europe/Helsinki] NewDATA [INFO] Нова адреса вул. Молодчого Олександра, буд. 8, кв. 7, тел. +38 (093) 358-95-64 додана до БД користувачем [Коваль Людмила].
[24-Dec-2024 14:19:10 Europe/Helsinki] NewDATA [INFO] Нова заявка Повірка, адреса: вул. Молодчого Олександра 8, кв. 7, лічильники: БЕЗ НОМЕРА - 1 шт., вартість: 300 грн. додано до БД користувачем [Коваль Людмила].
[2024-12-24T14:19:21.018] [INFO] DataBase - У заявці Повірка від 24 грудня 2024 р. за адресою вул. Молодчого Олександра, буд. 8, кв. 7 додано виконавця Сірий та додано дату виконання 24 грудня 2024 р. користувачем [Коваль Людмила].
[24-Dec-2024 14:20:03 Europe/Helsinki] NewDATA [INFO] Нова адреса вул. Генерала Пухова, буд. 113, кв. 41, тел. +38 (099) 655-45-32 додана до БД користувачем [Коваль Людмила].
[24-Dec-2024 14:21:24 Europe/Helsinki] NewDATA [INFO] Нова заявка Повірка, адреса: вул. Генерала Пухова 113, кв. 41, лічильники: БЕЗ НОМЕРА - 4 шт., вартість: 1200 грн., примітки: 13-17 додано до БД користувачем [Коваль Людмила].
[2024-12-24T14:22:17.021] [INFO] DataBase - У заявці Повірка від 24 грудня 2024 р. за адресою вул. Генерала Пухова, буд. 113, кв. 41 додано виконавця ЗАПЛАНОВАНІ та додано дату виконання 27 грудня 2024 р. користувачем [Коваль Людмила].
[24-Dec-2024 14:28:54 Europe/Helsinki] EditDATA [INFO] За адресою вул. Попова 31 корпус А, кв. 11 користувачем [Сміян Альона] змінені номери телефонів з +38(093)552-29-18, +38(067)755-37-18 на +38(067)755-37-18, при створенні нової заявки [Повірка] від 24.12.2024.
[24-Dec-2024 14:28:54 Europe/Helsinki] NewDATA [INFO] Нова заявка Повірка, адреса: вул. Попова 31 корпус А, кв. 11, лічильники: БЕЗ НОМЕРА - 1 шт., вартість: 300 грн., примітки: 8-13 30хв додано до БД користувачем [Сміян Альона].
[2024-12-24T14:28:57.955] [INFO] DataBase - У заявці Повірка від 24 грудня 2024 р. за адресою вул. Попова, буд. 31, корп. А, кв. 11 додано виконавця ЗАПЛАНОВАНІ та додано дату виконання 6 січня 2025 р. користувачем [Сміян Альона].
[24-Dec-2024 14:54:16 Europe/Helsinki] NewDATA [INFO] Нова адреса вул. 1-ї Гвардійської Армії, буд. 16, кв. 59, тел. +38 (063) 986-81-20 додана до БД користувачем [Сусло Тетяна].
[24-Dec-2024 14:54:43 Europe/Helsinki] NewDATA [INFO] Нова заявка Повірка, адреса: вул. 1-ї Гвардійської Армії 16, кв. 59, лічильники: БЕЗ НОМЕРА - 2 шт., вартість: 600 грн., примітки: 9-13, за 30 хв додано до БД користувачем [Сусло Тетяна].
[2024-12-24T14:54:47.291] [INFO] DataBase - У заявці Повірка від 24 грудня 2024 р. за адресою вул. 1-ї Гвардійської Армії, буд. 16, кв. 59 додано виконавця ЗАПЛАНОВАНІ та додано дату виконання 27 грудня 2024 р. користувачем [Сусло Тетяна].
[24-Dec-2024 14:56:19 Europe/Helsinki] EditDATA [INFO] За адресою просп. Левка Лукяненка 58, кв. 32 користувачем [Сміян Альона] змінені номери телефонів з +38(0462)95-37-25 на +38(050)313-13-25, при створенні нової заявки [Повірка] від 24.12.2024.
[24-Dec-2024 14:56:19 Europe/Helsinki] NewDATA [INFO] Нова заявка Повірка, адреса: просп. Левка Лукяненка 58, кв. 32, лічильники: БЕЗ НОМЕРА - 4 шт., вартість: 1200 грн., примітки: 13-17 1час додано до БД користувачем [Сміян Альона].
[2024-12-24T14:56:29.899] [INFO] DataBase - У заявці Повірка від 24 грудня 2024 р. за адресою просп. Левка Лукяненка, буд. 58, кв. 32 додано виконавця ЗАПЛАНОВАНІ та додано дату виконання 27 грудня 2024 р. користувачем [Сміян Альона].
[24-Dec-2024 14:57:04 Europe/Helsinki] NewDATA [INFO] Нова заявка Повірка, адреса: вул. Всіхсвятська 18 корпус Б, кв. 13, лічильники: БЕЗ НОМЕРА - 2 шт., вартість: 600 грн., примітки: 8-11 додано до БД користувачем [Коваль Людмила].
[2024-12-24T14:57:21.026] [INFO] DataBase - У заявці Повірка від 24 грудня 2024 р. за адресою вул. Всіхсвятська, буд. 18, корп. Б, кв. 13 додано виконавця Шкуліпа та додано дату виконання 26 грудня 2024 р. користувачем [Коваль Людмила].
[24-Dec-2024 15:00:16 Europe/Helsinki] NewDATA [INFO] Нова заявка Заміна, адреса: вул. Генерала Пухова 132, кв. 57, лічильники: 460086, 9200325026, виконавець: Баранов, вартість: 2120 грн., примітки: 8-13, за 1год, 1 хв, 1гв, №460086, № 9200325026 додано до БД користувачем [Сусло Тетяна].
[2024-12-24T15:00:19.680] [INFO] DataBase - У заявці Заміна від 24 грудня 2024 р. за адресою вул. Генерала Пухова, буд. 132, кв. 57 додано дату виконання 27 грудня 2024 р. користувачем [Сусло Тетяна].
[24-Dec-2024 15:12:02 Europe/Helsinki] EditDATA [INFO] За адресою просп. Миру 204, кв. 51 користувачем [Сусло Тетяна] змінені номери телефонів з +38(063)298-50-43, +38(063)697-94-69 на +38(063)298-50-43, при створенні нової заявки [Повірка] від 24.12.2024.
[24-Dec-2024 15:12:02 Europe/Helsinki] NewDATA [INFO] Нова заявка Повірка, адреса: просп. Миру 204, кв. 51, лічильники: БЕЗ НОМЕРА - 1 шт., вартість: 300 грн., примітки: 13-17 додано до БД користувачем [Сусло Тетяна].
[2024-12-24T15:12:05.830] [INFO] DataBase - У заявці Повірка від 24 грудня 2024 р. за адресою просп. Миру, буд. 204, кв. 51 додано виконавця Ващенко та додано дату виконання 26 грудня 2024 р. користувачем [Сусло Тетяна].
[24-Dec-2024 15:28:42 Europe/Helsinki] EditDATA [INFO] За адресою вул. Героїв Чорнобиля 3, кв. 73 користувачем [Коваль Людмила] додано номер телефону +38(099)763-62-85, при створенні нової заявки [Повірка] від 24.12.2024.
[24-Dec-2024 15:28:42 Europe/Helsinki] NewDATA [INFO] Нова заявка Повірка, адреса: вул. Героїв Чорнобиля 3, кв. 73, лічильники: БЕЗ НОМЕРА - 2 шт., вартість: 600 грн., примітки: 8-13,пер.за час додано до БД користувачем [Коваль Людмила].
[2024-12-24T15:28:59.636] [INFO] DataBase - У заявці Повірка від 24 грудня 2024 р. за адресою вул. Героїв Чорнобиля, буд. 3, кв. 73 додано виконавця Сірий та додано дату виконання 26 грудня 2024 р. користувачем [Коваль Людмила].
[24-Dec-2024 16:20:34 Europe/Helsinki] NewDATA [INFO] Нова заявка Заміна, адреса: вул. Доценка 15 корпус Б, кв. 52, лічильники: 008784, виконавець: Баранов, спосіб оплати: 350, примітки: 11-14, за 30 хв, кухня, №008784 додано до БД користувачем [Сусло Тетяна].
[2024-12-24T16:20:37.628] [INFO] DataBase - У заявці Заміна від 24 грудня 2024 р. за адресою вул. Доценка, буд. 15, корп. Б, кв. 52 додано дату виконання 27 грудня 2024 р. користувачем [Сусло Тетяна].

