[28-Oct-2024 08:48:35 Europe/Helsinki] NewDATA [INFO] Новий лічильник номер: 241479179, тип: СВК => DN 15, рік випуску: 2024, показники: 0, балансоутримувач: КП "ВДК" додано до БД користувачем [Сміян Альона].
[28-Oct-2024 08:48:57 Europe/Helsinki] EditDATA [INFO] Для заявки Заміна від 24.10.2024 користувачем [Сміян Альона] лічильник БЕЗ НОМЕРА ідентифіковано як 241479179.
[28-Oct-2024 08:49:09 Europe/Helsinki] DellTASK [INFO] Заміна від 24.10.2024 для адреси просп. Левка Лукяненка, буд. 2, корп. 1, кв. 42 для лічильника 241479179 було завершено користувачем [Сміян Альона] з коментарем: виконано.
[28-Oct-2024 08:49:45 Europe/Helsinki] NewDATA [INFO] Новий лічильник номер: 241479174, тип: СВК => DN 15, рік випуску: 2024, показники: 0, балансоутримувач: КП "ВДК" додано до БД користувачем [Сміян Альона].
[28-Oct-2024 08:49:48 Europe/Helsinki] EditDATA [INFO] Для заявки Заміна від 23.10.2024 користувачем [Сміян Альона] лічильник БЕЗ НОМЕРА ідентифіковано як 241479174.
[28-Oct-2024 08:49:57 Europe/Helsinki] DellTASK [INFO] Заміна від 23.10.2024 для адреси вул. Богуна Івана, буд. 44, кв. 143 для лічильника 241479174 було завершено користувачем [Сміян Альона] з коментарем: виконано.
[28-Oct-2024 08:50:31 Europe/Helsinki] NewDATA [INFO] Новий лічильник номер: 241479181, тип: СВК => DN 15, рік випуску: 2024, показники: 0, балансоутримувач: КП "ВДК" додано до БД користувачем [Сміян Альона].
[28-Oct-2024 08:50:34 Europe/Helsinki] EditDATA [INFO] Для заявки Заміна від 23.10.2024 користувачем [Сміян Альона] лічильник БЕЗ НОМЕРА ідентифіковано як 241479181.
[28-Oct-2024 08:50:43 Europe/Helsinki] DellTASK [INFO] Заміна від 23.10.2024 для адреси вул. Гонча, буд. 31, кв. 1 для лічильника 241479181 було завершено користувачем [Сміян Альона] з коментарем: виконано.
[28-Oct-2024 08:51:01 Europe/Helsinki] DellTASK [INFO] Заміна від 23.10.2024 для адреси вул. Незалежності, буд. 74, кв. 30 для лічильника 214753 було завершено користувачем [Сміян Альона] з коментарем: виконано.
[28-Oct-2024 08:51:15 Europe/Helsinki] DellTASK [INFO] Заміна від 22.10.2024 для адреси вул. Савчука, буд. 7, кв. 105 для лічильника 1171778 було завершено користувачем [Сміян Альона] з коментарем: виконано.
[28-Oct-2024 08:51:43 Europe/Helsinki] NewDATA [INFO] Новий лічильник номер: 241479208, тип: СВК => DN 15, рік випуску: 2024, показники: 0, балансоутримувач: КП "ВДК" додано до БД користувачем [Сміян Альона].
[28-Oct-2024 08:51:46 Europe/Helsinki] EditDATA [INFO] Для заявки Заміна від 22.10.2024 користувачем [Сміян Альона] лічильник БЕЗ НОМЕРА ідентифіковано як 241479208.
[28-Oct-2024 08:51:54 Europe/Helsinki] DellTASK [INFO] Заміна від 22.10.2024 для адреси вул. Генерала Пухова, буд. 103, кв. 73 для лічильника 241479208 було завершено користувачем [Сміян Альона] з коментарем: виконано.
[28-Oct-2024 08:52:11 Europe/Helsinki] DellTASK [INFO] Заміна від 21.10.2024 для адреси вул. Елеваторна, буд. 2, кв. 55 для лічильника 016231 було завершено користувачем [Сміян Альона] з коментарем: виконано.
[28-Oct-2024 08:52:31 Europe/Helsinki] DellTASK [INFO] Заміна від 18.10.2024 для адреси вул. Доценка, буд. 13, кв. 40 для лічильника БЕЗ НОМЕРА - 1 шт. було завершено користувачем [Сміян Альона] з коментарем: виконано.
[28-Oct-2024 08:52:48 Europe/Helsinki] DellTASK [INFO] Заміна від 18.10.2024 для адреси вул. Доценка, буд. 17, корп. А, кв. 58 для лічильника БЕЗ НОМЕРА - 1 шт. було завершено користувачем [Сміян Альона] з коментарем: виконано.
[28-Oct-2024 08:59:51 Europe/Helsinki] NewDATA [INFO] Нова заявка Заміна, адреса: вул. Мстиславська 50, кв. 8, лічильники: БЕЗ НОМЕРА - 1 шт., виконавець: Баранов, вартість: 1060 грн., примітки: 8-13, 1 хв, № 020827, туалет додано до БД користувачем [Сусло Тетяна].
[2024-10-28T08:59:53.989] [INFO] DataBase - У заявці Заміна від 28 жовтня 2024 р. за адресою вул. Мстиславська, буд. 50, кв. 8 додано дату виконання 30 жовтня 2024 р. користувачем [Сусло Тетяна].
[28-Oct-2024 09:03:39 Europe/Helsinki] NewDATA [INFO] Нова адреса вул. Пятницька, буд. 72, корп. 3, кв. 32, тел. +38 (066) 543-00-49 додана до БД користувачем [Коваль Людмила].
[28-Oct-2024 09:04:18 Europe/Helsinki] NewDATA [INFO] Нова заявка Повірка, адреса: вул. Пятницька 72 корпус 3, кв. 32, лічильники: БЕЗ НОМЕРА - 4 шт., вартість: 1200 грн., примітки: 14-18 додано до БД користувачем [Коваль Людмила].
[2024-10-28T09:04:36.532] [INFO] DataBase - У заявці Повірка від 28 жовтня 2024 р. за адресою вул. Пятницька, буд. 72, корп. 3, кв. 32 додано виконавця ЗАПЛАНОВАНІ та додано дату виконання 4 листопада 2024 р. користувачем [Коваль Людмила].
[28-Oct-2024 09:05:07 Europe/Helsinki] NewDATA [INFO] Нова адреса просп. Левка Лукяненка, буд. 14, корп. А, кв. 16, тел. +38 (093) 784-62-52 додана до БД користувачем [Сусло Тетяна].
[28-Oct-2024 09:05:28 Europe/Helsinki] NewDATA [INFO] Нова адреса просп. Грушевського Михайла, буд. 161, корп. А, кв. 24, тел. +38 (093) 561-49-20 додана до БД користувачем [Коваль Людмила].
[28-Oct-2024 09:05:56 Europe/Helsinki] NewDATA [INFO] Нова заявка Заміна, адреса: просп. Левка Лукяненка 14 корпус А, кв. 16, лічильники: БЕЗ НОМЕРА - 1 шт., виконавець: Баранов, вартість: 1060 грн., примітки: 12-17, за 30 хв, 1 хв,
 св додано до БД користувачем [Сусло Тетяна].
[2024-10-28T09:06:01.352] [INFO] DataBase - У заявці Заміна від 28 жовтня 2024 р. за адресою просп. Левка Лукяненка, буд. 14, корп. А, кв. 16 додано дату виконання 29 жовтня 2024 р. користувачем [Сусло Тетяна].
[28-Oct-2024 09:06:02 Europe/Helsinki] NewDATA [INFO] Нова заявка Повірка, адреса: просп. Грушевського Михайла 161 корпус А, кв. 24, лічильники: БЕЗ НОМЕРА - 4 шт., вартість: 1200 грн., примітки: 8-13 додано до БД користувачем [Коваль Людмила].
[2024-10-28T09:06:24.530] [INFO] DataBase - У заявці Повірка від 28 жовтня 2024 р. за адресою просп. Грушевського Михайла, буд. 161, корп. А, кв. 24 додано виконавця ЗАПЛАНОВАНІ та додано дату виконання 5 листопада 2024 р. користувачем [Коваль Людмила].
[28-Oct-2024 09:06:26 Europe/Helsinki] EditDATA [INFO] За адресою вул. Самоквасова Дмитра 15, кв. 6 користувачем [Сміян Альона] змінені номери телефонів з +38(098)595-79-08, +38(093)572-56-70 на +38(098)302-79-78, при створенні нової заявки [Повірка] від 28.10.2024.
[28-Oct-2024 09:06:26 Europe/Helsinki] NewDATA [INFO] Нова заявка Повірка, адреса: вул. Самоквасова Дмитра 15, кв. 6, лічильники: БЕЗ НОМЕРА - 1 шт., вартість: 300 грн., примітки: 13-17 додано до БД користувачем [Сміян Альона].
[2024-10-28T09:06:34.044] [INFO] DataBase - У заявці Повірка від 28 жовтня 2024 р. за адресою вул. Самоквасова Дмитра, буд. 15, кв. 6 додано виконавця ЗАПЛАНОВАНІ та додано дату виконання 31 жовтня 2024 р. користувачем [Сміян Альона].
[28-Oct-2024 09:07:13 Europe/Helsinki] NewDATA [INFO] Нова заявка Заміна, адреса: вул. Самоквасова Дмитра 20, кв. 109, лічильники: БЕЗ НОМЕРА - 1 шт., вартість: 1060 грн., примітки: гор.кух.13-17 додано до БД користувачем [Коваль Людмила].
[2024-10-28T09:07:27.763] [INFO] DataBase - У заявці Заміна від 28 жовтня 2024 р. за адресою вул. Самоквасова Дмитра, буд. 20, кв. 109 додано виконавця Баранов та додано дату виконання 29 жовтня 2024 р. користувачем [Коваль Людмила].
[28-Oct-2024 09:09:45 Europe/Helsinki] EditDATA [INFO] За адресою просп. Перемоги 75, кв. 67 користувачем [Сусло Тетяна] змінені номери телефонів з +38(093)576-51-34, +38(095)217-42-79, +38(050)175-70-21, +38(0462)67-42-08, +38(050)465-85-00 на +38(050)465-85-00, при створенні нової заявки [Повірка] від 28.10.2024.
[28-Oct-2024 09:09:45 Europe/Helsinki] NewDATA [INFO] Нова заявка Повірка, адреса: просп. Перемоги 75, кв. 67, лічильники: БЕЗ НОМЕРА - 4 шт., вартість: 1200 грн., примітки: 8-13, за 1 год додано до БД користувачем [Сусло Тетяна].
[2024-10-28T09:09:51.180] [INFO] DataBase - У заявці Повірка від 28 жовтня 2024 р. за адресою просп. Перемоги, буд. 75, кв. 67 додано виконавця ЗАПЛАНОВАНІ та додано дату виконання 5 листопада 2024 р. користувачем [Сусло Тетяна].
[28-Oct-2024 09:10:52 Europe/Helsinki] NewDATA [INFO] Нова адреса вул. Мстиславська, буд. 33, кв. 24, тел. +38 (066) 641-89-33 додана до БД користувачем [Коваль Людмила].
[28-Oct-2024 09:11:39 Europe/Helsinki] NewDATA [INFO] Нова заявка Повірка, адреса: вул. Мстиславська 33, кв. 24, лічильники: БЕЗ НОМЕРА - 2 шт., вартість: 600 грн., примітки: 8-13,пер.за час додано до БД користувачем [Коваль Людмила].
[28-Oct-2024 09:16:33 Europe/Helsinki] EditDATA [INFO] За адресою вул. Пятницька 49, кв. 188 користувачем [Сміян Альона] змінені номери телефонів з +38(0462)64-04-06, +38(063)435-77-38 на +38(093)285-95-37, при створенні нової заявки [Повірка] від 28.10.2024.
[28-Oct-2024 09:16:33 Europe/Helsinki] NewDATA [INFO] Нова заявка Повірка, адреса: вул. Пятницька 49, кв. 188, лічильники: БЕЗ НОМЕРА - 4 шт., вартість: 1200 грн., примітки: 13-18 30хв додано до БД користувачем [Сміян Альона].
[2024-10-28T09:16:44.359] [INFO] DataBase - У заявці Повірка від 28 жовтня 2024 р. за адресою вул. Пятницька, буд. 49, кв. 188 додано виконавця ЗАПЛАНОВАНІ та додано дату виконання 31 жовтня 2024 р. користувачем [Сміян Альона].
[28-Oct-2024 09:19:42 Europe/Helsinki] DellTASK [INFO] Повірка від 24.10.2024 для адреси вул. Пятницька, буд. 72, корп. 3, кв. 15 для лічильника БЕЗ НОМЕРА - 2 шт. було відмінено користувачем [Коваль Людмила] з коментарем: відмова.виїхали з місти.
[28-Oct-2024 09:33:16 Europe/Helsinki] EditDATA [INFO] За адресою вул. Льотна 5 корпус Б, кв. 8 користувачем [Сусло Тетяна] змінені номери телефонів з +38(093)087-44-33 на +38(063)410-31-20, при створенні нової заявки [Повірка] від 28.10.2024.
[28-Oct-2024 09:33:16 Europe/Helsinki] NewDATA [INFO] Нова заявка Повірка, адреса: вул. Льотна 5 корпус Б, кв. 8, лічильники: БЕЗ НОМЕРА - 4 шт., вартість: 1200 грн., примітки: 8-13 додано до БД користувачем [Сусло Тетяна].
[2024-10-28T09:33:23.126] [INFO] DataBase - У заявці Повірка від 28 жовтня 2024 р. за адресою вул. Льотна, буд. 5, корп. Б, кв. 8 додано виконавця ЗАПЛАНОВАНІ та додано дату виконання 30 жовтня 2024 р. користувачем [Сусло Тетяна].
[28-Oct-2024 09:34:13 Europe/Helsinki] NewDATA [INFO] Нова заявка Повірка, адреса: вул. Мстиславська 42, кв. 9, лічильники: БЕЗ НОМЕРА - 4 шт., вартість: 1200 грн., примітки: 15-18 додано до БД користувачем [Сусло Тетяна].
[2024-10-28T09:34:18.901] [INFO] DataBase - У заявці Повірка від 28 жовтня 2024 р. за адресою вул. Мстиславська, буд. 42, кв. 9 додано виконавця ЗАПЛАНОВАНІ та додано дату виконання 31 жовтня 2024 р. користувачем [Сусло Тетяна].
[28-Oct-2024 09:36:29 Europe/Helsinki] DellTASK [INFO] Повірка від 18.10.2024 для адреси вул. Захисників України, буд. 13, кв. 77 для лічильника БЕЗ НОМЕРА - 2 шт. було завершено користувачем [Сусло Тетяна] з коментарем: виконано.
[28-Oct-2024 09:36:50 Europe/Helsinki] DellTASK [INFO] Повірка від 21.10.2024 для адреси вул. Захисників України, буд. 9, корп. А, кв. 15 для лічильника БЕЗ НОМЕРА - 2 шт. було завершено користувачем [Сусло Тетяна] з коментарем: виконано.
[28-Oct-2024 09:37:05 Europe/Helsinki] DellTASK [INFO] Повірка від 21.10.2024 для адреси вул. Захисників України, буд. 3, корп. А, кв. 21 для лічильника БЕЗ НОМЕРА - 2 шт. було завершено користувачем [Сусло Тетяна] з коментарем: виконано.
[28-Oct-2024 09:37:26 Europe/Helsinki] DellTASK [INFO] Повірка від 21.10.2024 для адреси вул. Захисників України, буд. 8, кв. 75 для лічильника БЕЗ НОМЕРА - 2 шт. було завершено користувачем [Сусло Тетяна] з коментарем: виконано.
[28-Oct-2024 09:37:37 Europe/Helsinki] DellTASK [INFO] Повірка від 23.10.2024 для адреси вул. 1-ої танкової бригади, буд. 23, корп. 1, кв. 63 для лічильника БЕЗ НОМЕРА - 2 шт. було відмінено користувачем [Коваль Людмила] з коментарем: перенесено на 8.11.
[28-Oct-2024 09:37:40 Europe/Helsinki] DellTASK [INFO] Повірка від 22.10.2024 для адреси вул. Захисників України, буд. 10, кв. 82 для лічильника БЕЗ НОМЕРА - 2 шт. було завершено користувачем [Сусло Тетяна] з коментарем: виконано.
[28-Oct-2024 09:37:58 Europe/Helsinki] DellTASK [INFO] Повірка від 22.10.2024 для адреси вул. Шевченка, буд. 114, корп. А, кв. 54 для лічильника БЕЗ НОМЕРА - 1 шт. було завершено користувачем [Сусло Тетяна] з коментарем: вик.
[28-Oct-2024 09:38:08 Europe/Helsinki] DellTASK [INFO] Повірка від 21.10.2024 для адреси вул. Шевченка, буд. 114, корп. А, кв. 8 для лічильника БЕЗ НОМЕРА - 1 шт. було завершено користувачем [Сусло Тетяна] з коментарем: вик.
[28-Oct-2024 09:38:14 Europe/Helsinki] EditDATA [INFO] За адресою вул. 1-ої танкової бригади 23 корпус 1, кв. 63 користувачем [Коваль Людмила] змінені номери телефонів з +38(097)190-74-64 на +38(097)190-74-65, при створенні нової заявки [Повірка] від 28.10.2024.
[28-Oct-2024 09:38:14 Europe/Helsinki] NewDATA [INFO] Нова заявка Повірка, адреса: вул. 1-ої танкової бригади 23 корпус 1, кв. 63, лічильники: БЕЗ НОМЕРА - 2 шт., вартість: 600 грн., примітки: 8-13 додано до БД користувачем [Коваль Людмила].
[28-Oct-2024 09:38:17 Europe/Helsinki] DellTASK [INFO] Повірка від 21.10.2024 для адреси вул. Шевченка, буд. 114, корп. А, кв. 62 для лічильника БЕЗ НОМЕРА - 1 шт. було завершено користувачем [Сусло Тетяна] з коментарем: вик.
[2024-10-28T09:38:33.733] [INFO] DataBase - У заявці Повірка від 28 жовтня 2024 р. за адресою вул. 1-ої танкової бригади, буд. 23, корп. 1, кв. 63 додано виконавця ЗАПЛАНОВАНІ та додано дату виконання 8 листопада 2024 р. користувачем [Коваль Людмила].
[28-Oct-2024 09:38:41 Europe/Helsinki] DellTASK [INFO] Повірка від 21.10.2024 для адреси просп. Левка Лукяненка, буд. 6, корп. А, кв. 46 для лічильника БЕЗ НОМЕРА - 1 шт. було завершено користувачем [Сусло Тетяна] з коментарем: виконано.
[28-Oct-2024 09:39:07 Europe/Helsinki] DellTASK [INFO] Повірка від 21.10.2024 для адреси вул. Всіхсвятська, буд. 12, кв. 28 для лічильника БЕЗ НОМЕРА - 2 шт. було завершено користувачем [Сусло Тетяна] з коментарем: виконано 1 ліч.
[28-Oct-2024 09:39:23 Europe/Helsinki] DellTASK [INFO] Повірка від 21.10.2024 для адреси вул. Всіхсвятська, буд. 6, корп. А, кв. 59 для лічильника БЕЗ НОМЕРА - 2 шт. було завершено користувачем [Сусло Тетяна] з коментарем: виконано.
[28-Oct-2024 09:39:38 Europe/Helsinki] DellTASK [INFO] Повірка від 21.10.2024 для адреси просп. Левка Лукяненка, буд. 16, корп. А, кв. 73 для лічильника БЕЗ НОМЕРА - 2 шт. було завершено користувачем [Сусло Тетяна] з коментарем: виконано.
[28-Oct-2024 09:44:33 Europe/Helsinki] NewDATA [INFO] Нова адреса вул. Авіаторів, буд. 19, кв. 18, тел. +38 (063) 103-91-88 додана до БД користувачем [Сусло Тетяна].
[28-Oct-2024 09:45:49 Europe/Helsinki] NewDATA [INFO] Новий лічильник номер: 514613, тип: КВ-1,5 => DN 15, рік випуску: 2003, показники: 0, балансоутримувач: КП "ВДК" додано до БД користувачем [Коваль Людмила].
[28-Oct-2024 09:46:02 Europe/Helsinki] EditDATA [INFO] Для заявки Повірка від 18.10.2024 користувачем [Коваль Людмила] лічильник БЕЗ НОМЕРА ідентифіковано як 514613.
[28-Oct-2024 09:46:51 Europe/Helsinki] NewDATA [INFO] Новий лічильник номер: 547706, тип: КВ-1,5 => DN 15, рік випуску: 2003, показники: 0, балансоутримувач: АТ "ОТКЕ" додано до БД користувачем [Коваль Людмила].
[28-Oct-2024 09:46:54 Europe/Helsinki] EditDATA [INFO] Для заявки Повірка від 18.10.2024 користувачем [Коваль Людмила] лічильник БЕЗ НОМЕРА ідентифіковано як 547706.
[28-Oct-2024 09:47:16 Europe/Helsinki] NewDATA [INFO] Новий лічильник номер: 584830, тип: КВ-1,5 => DN 15, рік випуску: 2003, показники: 0, балансоутримувач: КП "ВДК" додано до БД користувачем [Коваль Людмила].
[28-Oct-2024 09:47:19 Europe/Helsinki] EditDATA [INFO] Для заявки Повірка від 18.10.2024 користувачем [Коваль Людмила] лічильник БЕЗ НОМЕРА ідентифіковано як 584830.
[28-Oct-2024 09:48:09 Europe/Helsinki] NewDATA [INFO] Нова адреса вул. Жабинського, буд. 2, корп. В, кв. 165, тел. +38 (063) 174-34-92 додана до БД користувачем [Сусло Тетяна].
[28-Oct-2024 09:48:17 Europe/Helsinki] NewDATA [INFO] Новий лічильник номер: 547950, тип: КВ-1,5 => DN 15, рік випуску: 2003, показники: 0, балансоутримувач: АТ "ОТКЕ" додано до БД користувачем [Коваль Людмила].
[28-Oct-2024 09:48:26 Europe/Helsinki] EditDATA [INFO] Для заявки Повірка від 18.10.2024 користувачем [Коваль Людмила] лічильник БЕЗ НОМЕРА ідентифіковано як 547950.
[28-Oct-2024 09:48:46 Europe/Helsinki] DellTASK [INFO] Повірка від 18.10.2024 для адреси вул. Корольова, буд. 2, кв. 14 для лічильників 514613, 547706, 584830, 547950 було завершено користувачем [Коваль Людмила] з коментарем: виконано.
[28-Oct-2024 09:48:57 Europe/Helsinki] NewDATA [INFO] Нова адреса просп. Левка Лукяненка, буд. 54, корп. А, кв. 3, тел. +38 (096) 930-37-65 додана до БД користувачем [Сміян Альона].
[28-Oct-2024 09:48:58 Europe/Helsinki] NewDATA [INFO] Нова заявка Повірка, адреса: вул. Жабинського 2 корпус В, кв. 165, лічильники: БЕЗ НОМЕРА - 1 шт., вартість: 300 грн., примітки: 15-18, за 30 хв, подовжувач додано до БД користувачем [Сусло Тетяна].
[2024-10-28T09:49:04.206] [INFO] DataBase - У заявці Повірка від 28 жовтня 2024 р. за адресою вул. Жабинського, буд. 2, корп. В, кв. 165 додано виконавця ЗАПЛАНОВАНІ та додано дату виконання 30 жовтня 2024 р. користувачем [Сусло Тетяна].
[28-Oct-2024 09:49:37 Europe/Helsinki] NewDATA [INFO] Нова заявка Повірка, адреса: просп. Левка Лукяненка 54 корпус А, кв. 3, лічильники: БЕЗ НОМЕРА - 2 шт., вартість: 600 грн., примітки: 8-13 30хв додано до БД користувачем [Сміян Альона].
[28-Oct-2024 09:49:44 Europe/Helsinki] NewDATA [INFO] Новий лічильник номер: 4268145, тип: ЛК => DN 15, рік випуску: 2004, показники: 0, балансоутримувач: КП "ВДК" додано до БД користувачем [Коваль Людмила].
[2024-10-28T09:49:47.135] [INFO] DataBase - У заявці Повірка від 28 жовтня 2024 р. за адресою просп. Левка Лукяненка, буд. 54, корп. А, кв. 3 додано виконавця ЗАПЛАНОВАНІ та додано дату виконання 31 жовтня 2024 р. користувачем [Сміян Альона].
[28-Oct-2024 09:49:57 Europe/Helsinki] NewDATA [INFO] Нова заявка Повірка, адреса: вул. Авіаторів 19, кв. 18, лічильники: БЕЗ НОМЕРА - 2 шт., вартість: 600 грн., примітки: 13-18, за 30 хв додано до БД користувачем [Сусло Тетяна].
[2024-10-28T09:50:02.658] [INFO] DataBase - У заявці Повірка від 28 жовтня 2024 р. за адресою вул. Авіаторів, буд. 19, кв. 18 додано виконавця ЗАПЛАНОВАНІ та додано дату виконання 30 жовтня 2024 р. користувачем [Сусло Тетяна].
[28-Oct-2024 09:50:40 Europe/Helsinki] EditDATA [INFO] Для заявки Повірка від 21.10.2024 користувачем [Коваль Людмила] лічильник БЕЗ НОМЕРА ідентифіковано як 4268145.
[28-Oct-2024 09:50:50 Europe/Helsinki] DellTASK [INFO] Повірка від 21.10.2024 для адреси вул. курсанта Єськова, буд. 6, корп. 2, кв. 5 для лічильника 4268145 було завершено користувачем [Коваль Людмила] з коментарем: виконано.
[28-Oct-2024 09:51:18 Europe/Helsinki] NewDATA [INFO] Новий лічильник номер: 370629, тип: КВ-1,5 => DN 15, рік випуску: 2002, показники: 0, балансоутримувач: КП "ВДК" додано до БД користувачем [Коваль Людмила].
[28-Oct-2024 09:52:45 Europe/Helsinki] DellTASK [INFO] Повірка від 21.10.2024 для адреси просп. Перемоги, буд. 119, корп. А, кв. 199 для лічильника БЕЗ НОМЕРА - 1 шт. було завершено користувачем [Сусло Тетяна] з коментарем: виконано.
[28-Oct-2024 09:53:02 Europe/Helsinki] NewDATA [INFO] Новий лічильник номер: 210707156, тип: GSD => DN 15, рік випуску: 2021, показники: 0, балансоутримувач: КП "ВДК" додано до БД користувачем [Коваль Людмила].
[28-Oct-2024 09:53:02 Europe/Helsinki] DellTASK [INFO] Повірка від 21.10.2024 для адреси вул. Савчука, буд. 7, корп. Б, кв. 28 для лічильника БЕЗ НОМЕРА - 2 шт. було завершено користувачем [Сусло Тетяна] з коментарем: виконано.
[28-Oct-2024 09:53:16 Europe/Helsinki] DellTASK [INFO] Повірка від 21.10.2024 для адреси просп. Перемоги, буд. 115, кв. 23 для лічильника БЕЗ НОМЕРА - 1 шт. було завершено користувачем [Сусло Тетяна] з коментарем: виконано.
[28-Oct-2024 09:53:21 Europe/Helsinki] EditDATA [INFO] Для заявки Повірка від 21.10.2024 користувачем [Коваль Людмила] лічильник БЕЗ НОМЕРА ідентифіковано як 210707156.
[28-Oct-2024 09:53:28 Europe/Helsinki] DellTASK [INFO] Повірка від 21.10.2024 для адреси вул. Шевченка, буд. 53, кв. 5 для лічильника БЕЗ НОМЕРА - 2 шт. було завершено користувачем [Сусло Тетяна] з коментарем: виконано.
[28-Oct-2024 09:54:01 Europe/Helsinki] NewDATA [INFO] Новий лічильник номер: 06 013355, тип: ТАКТ => DN 15, рік випуску: 2006, показники: 0, балансоутримувач: АТ "ОТКЕ" додано до БД користувачем [Коваль Людмила].
[28-Oct-2024 09:54:04 Europe/Helsinki] EditDATA [INFO] Для заявки Повірка від 21.10.2024 користувачем [Коваль Людмила] лічильник БЕЗ НОМЕРА ідентифіковано як 06 013355.
[28-Oct-2024 09:54:14 Europe/Helsinki] DellTASK [INFO] Повірка від 21.10.2024 для адреси вул. Льотна, буд. 43, кв. 121 для лічильників 210707156, 06 013355 було завершено користувачем [Коваль Людмила] з коментарем: виконано.
[28-Oct-2024 09:54:15 Europe/Helsinki] NewDATA [INFO] Новий лічильник номер: 607348, тип: КВ-1,5 => DN 15, рік випуску: 2005, показники: 0, балансоутримувач: КП "ВДК" додано до БД користувачем [Сусло Тетяна].
[28-Oct-2024 09:54:37 Europe/Helsinki] NewDATA [INFO] Новий лічильник номер: 727595, тип: КВ-1,5 => DN 15, рік випуску: 2003, показники: 0, балансоутримувач: КП "ВДК" додано до БД користувачем [Сусло Тетяна].
[28-Oct-2024 09:54:39 Europe/Helsinki] EditDATA [INFO] За адресою вул. Савчука, буд. 7, корп. Б, кв. 28 користувачем [Сусло Тетяна] було додано лічильники: 607348, 727595].
[28-Oct-2024 09:55:25 Europe/Helsinki] NewDATA [INFO] Новий лічильник номер: 237452, тип: КВ-1,5 => DN 15, рік випуску: 2015, показники: 0, балансоутримувач: КП "ВДК" додано до БД користувачем [Сусло Тетяна].
[28-Oct-2024 09:55:49 Europe/Helsinki] NewDATA [INFO] Новий лічильник номер: 229267, тип: КВ-1,5 => DN 15, рік випуску: 2015, показники: 0, балансоутримувач: АТ "ОТКЕ" додано до БД користувачем [Сусло Тетяна].
[28-Oct-2024 09:55:51 Europe/Helsinki] EditDATA [INFO] За адресою вул. Шевченка, буд. 53, кв. 5 користувачем [Сусло Тетяна] було додано лічильники: 237452, 229267].
[28-Oct-2024 09:56:34 Europe/Helsinki] NewDATA [INFO] Новий лічильник номер: 049234, тип: КВ-1,5 => DN 15, рік випуску: 2017, показники: 0, балансоутримувач: КП "ВДК" додано до БД користувачем [Сусло Тетяна].
[28-Oct-2024 09:56:44 Europe/Helsinki] EditDATA [INFO] За адресою просп. Перемоги, буд. 115, кв. 23 користувачем [Сусло Тетяна] було додано лічильники: 049234].
[28-Oct-2024 09:57:21 Europe/Helsinki] EditDATA [INFO] Для заявки Повірка від 22.10.2024 користувачем [Коваль Людмила] лічильник БЕЗ НОМЕРА ідентифіковано як 370629.
[28-Oct-2024 09:57:30 Europe/Helsinki] NewDATA [INFO] Новий лічильник номер: 004519, тип: КВ-1,5 => DN 15, рік випуску: 2015, показники: 0, балансоутримувач: КП "ВДК" додано до БД користувачем [Сусло Тетяна].
[28-Oct-2024 09:57:32 Europe/Helsinki] EditDATA [INFO] За адресою просп. Перемоги, буд. 119, корп. А, кв. 199 користувачем [Сусло Тетяна] було додано лічильники: 004519].
[28-Oct-2024 09:57:47 Europe/Helsinki] NewDATA [INFO] Новий лічильник номер: 342871, тип: КВ-1,5 => DN 15, рік випуску: 2002, показники: 0, балансоутримувач: АТ "ОТКЕ" додано до БД користувачем [Коваль Людмила].
[28-Oct-2024 09:57:51 Europe/Helsinki] EditDATA [INFO] Для заявки Повірка від 22.10.2024 користувачем [Коваль Людмила] лічильник БЕЗ НОМЕРА ідентифіковано як 342871.
[28-Oct-2024 09:58:00 Europe/Helsinki] DellTASK [INFO] Повірка від 22.10.2024 для адреси вул. Рятувальників, буд. 18, кв. 6 для лічильників 370629, 342871 було завершено користувачем [Коваль Людмила] з коментарем: виконано.
[28-Oct-2024 09:58:25 Europe/Helsinki] EditDATA [INFO] За адресою вул. Генерала Пухова, буд. 103, кв. 97 користувачем [Сусло Тетяна] змінені номери телефонів з +38(0462)95-65-39, +38(063)065-02-73 на +38(063)232-09-89.
[28-Oct-2024 09:58:36 Europe/Helsinki] NewDATA [INFO] Новий лічильник номер: 5218496, тип: ЛК => DN 15, рік випуску: 2005, показники: 0, балансоутримувач: КП "ВДК" додано до БД користувачем [Коваль Людмила].
[28-Oct-2024 09:58:39 Europe/Helsinki] EditDATA [INFO] Для заявки Повірка від 21.10.2024 користувачем [Коваль Людмила] лічильник БЕЗ НОМЕРА ідентифіковано як 5218496.
[28-Oct-2024 09:58:48 Europe/Helsinki] NewDATA [INFO] Новий лічильник номер: 051981, тип: КВ-1,5 => DN 15, рік випуску: 2004, показники: 0, балансоутримувач: КП "ВДК" додано до БД користувачем [Сусло Тетяна].
[28-Oct-2024 09:59:11 Europe/Helsinki] NewDATA [INFO] Новий лічильник номер: 5231968, тип: ЛК => DN 15, рік випуску: 2005, показники: 0, балансоутримувач: АТ "ОТКЕ" додано до БД користувачем [Коваль Людмила].
[28-Oct-2024 09:59:12 Europe/Helsinki] NewDATA [INFO] Новий лічильник номер: 045084, тип: КВ-1,5 => DN 15, рік випуску: 2004, показники: 0, балансоутримувач: АТ "ОТКЕ" додано до БД користувачем [Сусло Тетяна].
[28-Oct-2024 09:59:33 Europe/Helsinki] EditDATA [INFO] Для заявки Повірка від 21.10.2024 користувачем [Коваль Людмила] лічильник БЕЗ НОМЕРА ідентифіковано як 5231968.
[28-Oct-2024 09:59:43 Europe/Helsinki] DellTASK [INFO] Повірка від 21.10.2024 для адреси вул. курсанта Єськова, буд. 14, корп. 3, кв. 30 для лічильників 5218496, 5231968 було завершено користувачем [Коваль Людмила] з коментарем: виконано.
[28-Oct-2024 10:01:37 Europe/Helsinki] NewDATA [INFO] Нова заявка Повірка, адреса: просп. Грушевського Михайла 163, кв. 64, лічильники: БЕЗ НОМЕРА - 4 шт., вартість: 1200 грн., примітки: 8-13 додано до БД користувачем [Сусло Тетяна].
[2024-10-28T10:01:44.355] [INFO] DataBase - У заявці Повірка від 28 жовтня 2024 р. за адресою просп. Грушевського Михайла, буд. 163, кв. 64 додано виконавця ЗАПЛАНОВАНІ та додано дату виконання 31 жовтня 2024 р. користувачем [Сусло Тетяна].
[28-Oct-2024 10:02:09 Europe/Helsinki] NewDATA [INFO] Новий лічильник номер: 051875, тип: КВ-1,5 => DN 15, рік випуску: 2004, показники: 0, балансоутримувач: КП "ВДК" додано до БД користувачем [Сусло Тетяна].
[28-Oct-2024 10:02:31 Europe/Helsinki] NewDATA [INFO] Новий лічильник номер: 052237, тип: КВ-1,5 => DN 15, рік випуску: 2004, показники: 0, балансоутримувач: АТ "ОТКЕ" додано до БД користувачем [Сусло Тетяна].
[28-Oct-2024 10:02:32 Europe/Helsinki] EditDATA [INFO] За адресою вул. Генерала Пухова, буд. 103, кв. 97 користувачем [Сусло Тетяна] було додано лічильники: 051981, 045084, 051875, 052237].
[28-Oct-2024 10:07:05 Europe/Helsinki] NewDATA [INFO] Нова заявка Повірка, адреса: вул. Волковича 9, кв. 80, лічильники: БЕЗ НОМЕРА - 2 шт., вартість: 600 грн., примітки: 13-18 додано до БД користувачем [Сусло Тетяна].
[2024-10-28T10:07:10.721] [INFO] DataBase - У заявці Повірка від 28 жовтня 2024 р. за адресою вул. Волковича, буд. 9, кв. 80 додано виконавця ЗАПЛАНОВАНІ та додано дату виконання 30 жовтня 2024 р. користувачем [Сусло Тетяна].
[28-Oct-2024 10:10:21 Europe/Helsinki] EditDATA [INFO] За адресою просп. Левка Лукяненка 12 корпус В, кв. 33 користувачем [Сміян Альона] змінені номери телефонів з +38(063)785-94-28, +38(098)764-51-45 на +38(063)785-94-28, при створенні нової заявки [Повірка] від 28.10.2024.
[28-Oct-2024 10:10:21 Europe/Helsinki] NewDATA [INFO] Нова заявка Повірка, адреса: просп. Левка Лукяненка 12 корпус В, кв. 33, лічильники: БЕЗ НОМЕРА - 2 шт., вартість: 600 грн., примітки: 13-18 30хв додано до БД користувачем [Сміян Альона].
[2024-10-28T10:10:31.020] [INFO] DataBase - У заявці Повірка від 28 жовтня 2024 р. за адресою просп. Левка Лукяненка, буд. 12, корп. В, кв. 33 додано виконавця ЗАПЛАНОВАНІ та додано дату виконання 31 жовтня 2024 р. користувачем [Сміян Альона].
[28-Oct-2024 10:23:59 Europe/Helsinki] EditDATA [INFO] За адресою вул. Незалежності 68, кв. 2 користувачем [Сусло Тетяна] додано номер телефону +38(093)137-78-27, при створенні нової заявки [Повірка] від 28.10.2024.
[28-Oct-2024 10:23:59 Europe/Helsinki] NewDATA [INFO] Нова заявка Повірка, адреса: вул. Незалежності 68, кв. 2, лічильники: БЕЗ НОМЕРА - 2 шт., вартість: 600 грн., примітки: 13-18 додано до БД користувачем [Сусло Тетяна].
[2024-10-28T10:24:06.664] [INFO] DataBase - У заявці Повірка від 28 жовтня 2024 р. за адресою вул. Незалежності, буд. 68, кв. 2 додано виконавця ЗАПЛАНОВАНІ та додано дату виконання 4 листопада 2024 р. користувачем [Сусло Тетяна].
[28-Oct-2024 10:25:11 Europe/Helsinki] NewDATA [INFO] Новий лічильник номер: 9200013219, тип: ЛК => DN 15, рік випуску: 2020, показники: 0, балансоутримувач: КП "ВДК" додано до БД користувачем [Сусло Тетяна].
[28-Oct-2024 10:25:37 Europe/Helsinki] NewDATA [INFO] Новий лічильник номер: 920000456, тип: ЛК => DN 15, рік випуску: 2020, показники: 0, балансоутримувач: АТ "ОТКЕ" додано до БД користувачем [Сусло Тетяна].
[28-Oct-2024 10:25:40 Europe/Helsinki] EditDATA [INFO] За адресою вул. 1-ої танкової бригади, буд. 21, корп. 3, кв. 39 користувачем [Сусло Тетяна] було додано лічильники: 9200013219, 920000456].
[28-Oct-2024 10:26:40 Europe/Helsinki] NewDATA [INFO] Новий лічильник номер: 210395, тип: КВ-1,5 => DN 15, рік випуску: 2006, показники: 0, балансоутримувач: КП "ВДК" додано до БД користувачем [Сусло Тетяна].
[28-Oct-2024 10:27:04 Europe/Helsinki] NewDATA [INFO] Новий лічильник номер: 179067, тип: КВ-1,5 => DN 15, рік випуску: 2006, показники: 0, балансоутримувач: КП "ВДК" додано до БД користувачем [Сусло Тетяна].
[28-Oct-2024 10:27:06 Europe/Helsinki] EditDATA [INFO] За адресою просп. Левка Лукяненка, буд. 16, корп. А, кв. 73 користувачем [Сусло Тетяна] було додано лічильники: 210395, 179067].
[28-Oct-2024 10:27:52 Europe/Helsinki] NewDATA [INFO] Новий лічильник номер: 013989, тип: КВ-1,5 => DN 15, рік випуску: 2001, показники: 0, балансоутримувач: КП "ВДК" додано до БД користувачем [Сусло Тетяна].
[28-Oct-2024 10:28:14 Europe/Helsinki] NewDATA [INFO] Новий лічильник номер: 378072, тип: КВ-1,5 => DN 15, рік випуску: 2000, показники: 0, балансоутримувач: АТ "ОТКЕ" додано до БД користувачем [Сусло Тетяна].
[28-Oct-2024 10:28:17 Europe/Helsinki] EditDATA [INFO] За адресою вул. Всіхсвятська, буд. 6, корп. А, кв. 59 користувачем [Сусло Тетяна] було додано лічильники: 013989, 378072].
[28-Oct-2024 10:32:26 Europe/Helsinki] NewDATA [INFO] Новий лічильник номер: 091901, тип: КВ-1,5 => DN 15, рік випуску: 2016, показники: 0, балансоутримувач: КП "ВДК" додано до БД користувачем [Коваль Людмила].
[28-Oct-2024 10:32:29 Europe/Helsinki] EditDATA [INFO] Для заявки Повірка від 21.10.2024 користувачем [Коваль Людмила] лічильник БЕЗ НОМЕРА ідентифіковано як 091901.
[28-Oct-2024 10:32:37 Europe/Helsinki] NewDATA [INFO] Новий лічильник номер: 572914, тип: КВ-1,5 => DN 15, рік випуску: 2005, показники: 0, балансоутримувач: АТ "ОТКЕ" додано до БД користувачем [Сусло Тетяна].
[28-Oct-2024 10:32:54 Europe/Helsinki] EditDATA [INFO] За адресою вул. Всіхсвятська, буд. 12, кв. 28 користувачем [Сусло Тетяна] було додано лічильники: 572914].
[28-Oct-2024 10:33:07 Europe/Helsinki] NewDATA [INFO] Новий лічильник номер: 085130, тип: КВ-1,5 => DN 15, рік випуску: 2016, показники: 0, балансоутримувач: АТ "ОТКЕ" додано до БД користувачем [Коваль Людмила].
[28-Oct-2024 10:33:26 Europe/Helsinki] EditDATA [INFO] Для заявки Повірка від 21.10.2024 користувачем [Коваль Людмила] лічильник БЕЗ НОМЕРА ідентифіковано як 085130.
[28-Oct-2024 10:33:31 Europe/Helsinki] NewDATA [INFO] Новий лічильник номер: 167729, тип: КВ-1,5 => DN 15, рік випуску: 2017, показники: 0, балансоутримувач: АТ "ОТКЕ" додано до БД користувачем [Сусло Тетяна].
[28-Oct-2024 10:33:33 Europe/Helsinki] EditDATA [INFO] За адресою просп. Левка Лукяненка, буд. 6, корп. А, кв. 46 користувачем [Сусло Тетяна] було додано лічильники: 167729].
[28-Oct-2024 10:33:36 Europe/Helsinki] DellTASK [INFO] Повірка від 21.10.2024 для адреси вул. Мстиславська, буд. 132, кв. 2 для лічильників 091901, 085130 було завершено користувачем [Коваль Людмила] з коментарем: виконано.
[28-Oct-2024 10:34:05 Europe/Helsinki] NewDATA [INFO] Новий лічильник номер: 097938, тип: КВ-1,5 => DN 15, рік випуску: 2018, показники: 0, балансоутримувач: КП "ВДК" додано до БД користувачем [Коваль Людмила].
[28-Oct-2024 10:34:08 Europe/Helsinki] EditDATA [INFO] Для заявки Повірка від 21.10.2024 користувачем [Коваль Людмила] лічильник БЕЗ НОМЕРА ідентифіковано як 097938.
[28-Oct-2024 10:34:36 Europe/Helsinki] NewDATA [INFO] Новий лічильник номер: 582142, тип: КВ-1,5 => DN 15, рік випуску: 2005, показники: 0, балансоутримувач: АТ "ОТКЕ" додано до БД користувачем [Коваль Людмила].
[28-Oct-2024 10:34:39 Europe/Helsinki] EditDATA [INFO] Для заявки Повірка від 21.10.2024 користувачем [Коваль Людмила] лічильник БЕЗ НОМЕРА ідентифіковано як 582142.
[28-Oct-2024 10:34:50 Europe/Helsinki] DellTASK [INFO] Повірка від 21.10.2024 для адреси вул. Льотна, буд. 41, кв. 151 для лічильників 097938, 582142 було завершено користувачем [Коваль Людмила] з коментарем: виконано.
[28-Oct-2024 10:35:13 Europe/Helsinki] DellTASK [INFO] Повірка від 18.10.2024 для адреси вул. курсанта Єськова, буд. 14, корп. А, кв. 129 для лічильника БЕЗ НОМЕРА - 2 шт. було відмінено користувачем [Коваль Людмила] з коментарем: несправна сантехніка.
[28-Oct-2024 10:35:48 Europe/Helsinki] NewDATA [INFO] Новий лічильник номер: 061054, тип: КВ-1,5 => DN 15, рік випуску: 2020, показники: 0, балансоутримувач: АТ "ОТКЕ" додано до БД користувачем [Коваль Людмила].
[28-Oct-2024 10:35:51 Europe/Helsinki] EditDATA [INFO] Для заявки Повірка від 18.10.2024 користувачем [Коваль Людмила] лічильник БЕЗ НОМЕРА ідентифіковано як 061054.
[28-Oct-2024 10:38:45 Europe/Helsinki] NewDATA [INFO] Новий лічильник номер: 9200048341, тип: ЛК => DN 15, рік випуску: 2020, показники: 0, балансоутримувач: КП "ВДК" додано до БД користувачем [Сусло Тетяна].
[28-Oct-2024 10:38:47 Europe/Helsinki] EditDATA [INFO] За адресою вул. Шевченка, буд. 114, корп. А, кв. 62 користувачем [Сусло Тетяна] було додано лічильники: 9200048341].
[28-Oct-2024 10:39:48 Europe/Helsinki] NewDATA [INFO] Новий лічильник номер: 9200047979, тип: ЛК => DN 15, рік випуску: 2020, показники: 0, балансоутримувач: КП "ВДК" додано до БД користувачем [Сусло Тетяна].
[28-Oct-2024 10:39:50 Europe/Helsinki] EditDATA [INFO] За адресою вул. Шевченка, буд. 114, корп. А, кв. 54 користувачем [Сусло Тетяна] було додано лічильники: 9200047979].
[28-Oct-2024 10:40:13 Europe/Helsinki] NewDATA [INFO] Новий лічильник номер: 200242859, тип: GSD => DN 15, рік випуску: 2020, показники: 0, балансоутримувач: КП "ВДК" додано до БД користувачем [Коваль Людмила].
[28-Oct-2024 10:40:16 Europe/Helsinki] EditDATA [INFO] Для заявки Повірка від 18.10.2024 користувачем [Коваль Людмила] лічильник БЕЗ НОМЕРА ідентифіковано як 200242859.
[28-Oct-2024 10:40:31 Europe/Helsinki] NewDATA [INFO] Новий лічильник номер: 9200043780, тип: ЛК => DN 15, рік випуску: 2020, показники: 0, балансоутримувач: КП "ВДК" додано до БД користувачем [Сусло Тетяна].
[28-Oct-2024 10:40:34 Europe/Helsinki] EditDATA [INFO] За адресою вул. Шевченка, буд. 114, корп. А, кв. 8 користувачем [Сусло Тетяна] було додано лічильники: 9200043780].
[28-Oct-2024 10:40:56 Europe/Helsinki] NewDATA [INFO] Новий лічильник номер: 191142964, тип: GSD => DN 15, рік випуску: 2020, показники: 0, балансоутримувач: АТ "ОТКЕ" додано до БД користувачем [Коваль Людмила].
[28-Oct-2024 10:41:00 Europe/Helsinki] EditDATA [INFO] Для заявки Повірка від 18.10.2024 користувачем [Коваль Людмила] лічильник БЕЗ НОМЕРА ідентифіковано як 191142964.
[28-Oct-2024 10:41:13 Europe/Helsinki] DellTASK [INFO] Повірка від 18.10.2024 для адреси вул. курсанта Єськова, буд. 6, корп. 1, кв. 40 для лічильників 200242859, 191142964 було завершено користувачем [Коваль Людмила] з коментарем: виконано.
[28-Oct-2024 10:41:22 Europe/Helsinki] NewDATA [INFO] Нова адреса вул. Всіхсвятська, буд. 18, корп. Б, кв. 50, тел. +38 (098) 744-17-88 додана до БД користувачем [Сміян Альона].
[28-Oct-2024 10:41:30 Europe/Helsinki] DellTASK [INFO] Повірка від 18.10.2024 для адреси вул. курсанта Єськова, буд. 10, корп. 2, кв. 61 для лічильника 061054 було завершено користувачем [Коваль Людмила] з коментарем: виконано.
[28-Oct-2024 10:41:46 Europe/Helsinki] NewDATA [INFO] Нова заявка Повірка, адреса: вул. Всіхсвятська 18 корпус Б, кв. 50, лічильники: БЕЗ НОМЕРА - 2 шт., вартість: 600 грн., примітки: 14-18 додано до БД користувачем [Сміян Альона].
[2024-10-28T10:41:54.650] [INFO] DataBase - У заявці Повірка від 28 жовтня 2024 р. за адресою вул. Всіхсвятська, буд. 18, корп. Б, кв. 50 додано виконавця ЗАПЛАНОВАНІ та додано дату виконання 31 жовтня 2024 р. користувачем [Сміян Альона].
[28-Oct-2024 10:42:03 Europe/Helsinki] NewDATA [INFO] Новий лічильник номер: 147649, тип: КВ-1,5 => DN 15, рік випуску: 2008, показники: 0, балансоутримувач: КП "ВДК" додано до БД користувачем [Коваль Людмила].
[28-Oct-2024 10:42:06 Europe/Helsinki] EditDATA [INFO] Для заявки Повірка від 21.10.2024 користувачем [Коваль Людмила] лічильник БЕЗ НОМЕРА ідентифіковано як 147649.
[28-Oct-2024 10:42:33 Europe/Helsinki] NewDATA [INFO] Новий лічильник номер: 582584, тип: КВ-1,5 => DN 15, рік випуску: 2001, показники: 0, балансоутримувач: АТ "ОТКЕ" додано до БД користувачем [Коваль Людмила].
[28-Oct-2024 10:42:52 Europe/Helsinki] EditDATA [INFO] Для заявки Повірка від 21.10.2024 користувачем [Коваль Людмила] лічильник БЕЗ НОМЕРА ідентифіковано як 582584.
[28-Oct-2024 10:43:19 Europe/Helsinki] NewDATA [INFO] Новий лічильник номер: 148994, тип: КВ-1,5 => DN 15, рік випуску: 2008, показники: 0, балансоутримувач: КП "ВДК" додано до БД користувачем [Коваль Людмила].
[28-Oct-2024 10:43:22 Europe/Helsinki] EditDATA [INFO] Для заявки Повірка від 21.10.2024 користувачем [Коваль Людмила] лічильник БЕЗ НОМЕРА ідентифіковано як 148994.
[2024-10-28T10:43:44.682] [INFO] DataBase - У заявці Повірка від 28 жовтня 2024 р. за адресою вул. Волковича, буд. 9, кв. 80 видалено дату виконання 30 жовтня 2024 р. користувачем [Сусло Тетяна].
[2024-10-28T10:43:57.355] [INFO] DataBase - У заявці Повірка від 28 жовтня 2024 р. за адресою вул. Волковича, буд. 9, кв. 80 додано дату виконання 6 листопада 2024 р. користувачем [Сусло Тетяна].
[28-Oct-2024 10:43:58 Europe/Helsinki] NewDATA [INFO] Новий лічильник номер: 642397, тип: КВ-1,5 => DN 15, рік випуску: 2001, показники: 0, балансоутримувач: АТ "ОТКЕ" додано до БД користувачем [Коваль Людмила].
[28-Oct-2024 10:44:01 Europe/Helsinki] EditDATA [INFO] Для заявки Повірка від 21.10.2024 користувачем [Коваль Людмила] лічильник БЕЗ НОМЕРА ідентифіковано як 642397.
[28-Oct-2024 10:44:11 Europe/Helsinki] EditDATA [INFO] Для заявки Повірка від 28.10.2024 користувачем [Сусло Тетяна] змінено примітки з 13-18 на 8-13.
[28-Oct-2024 10:44:27 Europe/Helsinki] NewDATA [INFO] Новий лічильник номер: 147476, тип: КВ-1,5 => DN 15, рік випуску: 2008, показники: 0, балансоутримувач: КП "ВДК" додано до БД користувачем [Коваль Людмила].
[28-Oct-2024 10:44:46 Europe/Helsinki] EditDATA [INFO] Для заявки Повірка від 21.10.2024 користувачем [Коваль Людмила] лічильник БЕЗ НОМЕРА ідентифіковано як 147476.
[28-Oct-2024 10:45:13 Europe/Helsinki] NewDATA [INFO] Новий лічильник номер: 659625, тип: КВ-1,5 => DN 15, рік випуску: 2001, показники: 0, балансоутримувач: АТ "ОТКЕ" додано до БД користувачем [Коваль Людмила].
[28-Oct-2024 10:45:16 Europe/Helsinki] EditDATA [INFO] Для заявки Повірка від 21.10.2024 користувачем [Коваль Людмила] лічильник БЕЗ НОМЕРА ідентифіковано як 659625.
[28-Oct-2024 10:45:27 Europe/Helsinki] DellTASK [INFO] Повірка від 21.10.2024 для адреси вул. Мезенцева Юрія, буд. 80, кв. 123 для лічильників 147649, 582584, 148994, 642397, 147476, 659625 було завершено користувачем [Коваль Людмила] з коментарем: виконано.
[28-Oct-2024 10:49:04 Europe/Helsinki] DellTASK [INFO] Повірка від 14.10.2024 для адреси вул. Мстиславська, буд. 134, кв. 69 для лічильника БЕЗ НОМЕРА - 1 шт. було відмінено користувачем [Коваль Людмила] з коментарем: нема води.
[28-Oct-2024 10:49:16 Europe/Helsinki] NewDATA [INFO] Нова адреса вул. Небаби Мартина, буд. 100, кв. 69, тел. +38 (093) 084-07-75 додана до БД користувачем [Сусло Тетяна].
[28-Oct-2024 10:49:55 Europe/Helsinki] NewDATA [INFO] Нова заявка Повірка, адреса: вул. Небаби Мартина 100, кв. 69, лічильники: БЕЗ НОМЕРА - 4 шт., вартість: 1200 грн., примітки: 15-18, за 1 год , вчителька додано до БД користувачем [Сусло Тетяна].
[2024-10-28T10:50:00.807] [INFO] DataBase - У заявці Повірка від 28 жовтня 2024 р. за адресою вул. Небаби Мартина, буд. 100, кв. 69 додано виконавця ЗАПЛАНОВАНІ та додано дату виконання 6 листопада 2024 р. користувачем [Сусло Тетяна].
[28-Oct-2024 10:51:19 Europe/Helsinki] NewDATA [INFO] Новий лічильник номер: 078605, тип: КВ-1,5 => DN 15, рік випуску: 2011, показники: 0, балансоутримувач: КП "ВДК" додано до БД користувачем [Сусло Тетяна].
[28-Oct-2024 10:51:26 Europe/Helsinki] EditDATA [INFO] Для заявки Повірка від 14.10.2024 користувачем [Коваль Людмила] лічильник БЕЗ НОМЕРА ідентифіковано як 458729.
[28-Oct-2024 10:51:38 Europe/Helsinki] DellTASK [INFO] Повірка від 14.10.2024 для адреси просп. Миру, буд. 215, кв. 50 для лічильника 458729 було завершено користувачем [Коваль Людмила] з коментарем: виконано.
[28-Oct-2024 10:51:41 Europe/Helsinki] NewDATA [INFO] Новий лічильник номер: 056076, тип: КВ-1,5 => DN 15, рік випуску: 2011, показники: 0, балансоутримувач: АТ "ОТКЕ" додано до БД користувачем [Сусло Тетяна].
[28-Oct-2024 10:51:43 Europe/Helsinki] EditDATA [INFO] За адресою вул. Захисників України, буд. 10, кв. 82 користувачем [Сусло Тетяна] було додано лічильники: 078605, 056076].
[28-Oct-2024 10:53:00 Europe/Helsinki] EditDATA [INFO] Для заявки Повірка від 11.10.2024 користувачем [Коваль Людмила] лічильник БЕЗ НОМЕРА ідентифіковано як 0014637.
[28-Oct-2024 10:53:10 Europe/Helsinki] DellTASK [INFO] Повірка від 11.10.2024 для адреси вул. курсанта Єськова, буд. 14, корп. Б, кв. 88 для лічильника 0014637 було завершено користувачем [Коваль Людмила] з коментарем: виконано.
[28-Oct-2024 10:53:30 Europe/Helsinki] DellTASK [INFO] Повірка від 09.10.2024 для адреси вул. Мстиславська, буд. 175, кв. 73 для лічильника БЕЗ НОМЕРА - 2 шт. було відмінено користувачем [Коваль Людмила] з коментарем: не було води.
[28-Oct-2024 10:53:38 Europe/Helsinki] NewDATA [INFO] Новий лічильник номер: 313039, тип: КВ-1,5 => DN 15, рік випуску: 2004, показники: 0, балансоутримувач: КП "ВДК" додано до БД користувачем [Сусло Тетяна].
[28-Oct-2024 10:54:34 Europe/Helsinki] NewDATA [INFO] Новий лічильник номер: 539418, тип: КВ-1,5 => DN 15, рік випуску: 2006, показники: 0, балансоутримувач: АТ "ОТКЕ" додано до БД користувачем [Сусло Тетяна].
[28-Oct-2024 10:54:35 Europe/Helsinki] EditDATA [INFO] За адресою вул. Захисників України, буд. 8, кв. 75 користувачем [Сусло Тетяна] було додано лічильники: 313039, 539418].
[28-Oct-2024 11:00:26 Europe/Helsinki] EditDATA [INFO] За адресою вул. Мазепи Івана 41, кв. 71 користувачем [Сусло Тетяна] змінені номери телефонів з +38(063)872-82-64, +38(073)128-54-53 на +38(073)128-54-53, при створенні нової заявки [Повірка] від 28.10.2024.
[28-Oct-2024 11:00:26 Europe/Helsinki] NewDATA [INFO] Нова заявка Повірка, адреса: вул. Мазепи Івана 41, кв. 71, лічильники: БЕЗ НОМЕРА - 2 шт., вартість: 600 грн., примітки: 8-13 додано до БД користувачем [Сусло Тетяна].
[2024-10-28T11:00:41.214] [INFO] DataBase - У заявці Повірка від 28 жовтня 2024 р. за адресою вул. Мазепи Івана, буд. 41, кв. 71 додано виконавця ЗАПЛАНОВАНІ та додано дату виконання 4 листопада 2024 р. користувачем [Сусло Тетяна].
[28-Oct-2024 11:02:09 Europe/Helsinki] NewDATA [INFO] Новий лічильник номер: 338526, тип: КВ-1,5 => DN 15, рік випуску: 2004, показники: 0, балансоутримувач: КП "ВДК" додано до БД користувачем [Сусло Тетяна].
[28-Oct-2024 11:02:34 Europe/Helsinki] NewDATA [INFO] Новий лічильник номер: 332037, тип: КВ-1,5 => DN 15, рік випуску: 2004, показники: 0, балансоутримувач: АТ "ОТКЕ" додано до БД користувачем [Сусло Тетяна].
[28-Oct-2024 11:02:36 Europe/Helsinki] EditDATA [INFO] За адресою вул. Захисників України, буд. 3, корп. А, кв. 21 користувачем [Сусло Тетяна] було додано лічильники: 338526, 332037].
[28-Oct-2024 11:03:37 Europe/Helsinki] NewDATA [INFO] Новий лічильник номер: 445790, тип: ЛК => DN 15, рік випуску: 2014, показники: 0, балансоутримувач: КП "ВДК" додано до БД користувачем [Сусло Тетяна].
[28-Oct-2024 11:03:56 Europe/Helsinki] EditDATA [INFO] Для заявки Повірка від 16.10.2024 користувачем [Коваль Людмила] лічильник БЕЗ НОМЕРА ідентифіковано як 169735.
[28-Oct-2024 11:04:18 Europe/Helsinki] NewDATA [INFO] Новий лічильник номер: 4446631, тип: ЛК => DN 15, рік випуску: 2014, показники: 0, балансоутримувач: АТ "ОТКЕ" додано до БД користувачем [Сусло Тетяна].
[28-Oct-2024 11:04:32 Europe/Helsinki] EditDATA [INFO] Для заявки Повірка від 16.10.2024 користувачем [Коваль Людмила] лічильник БЕЗ НОМЕРА ідентифіковано як 148588.
[28-Oct-2024 11:04:42 Europe/Helsinki] DellTASK [INFO] Повірка від 16.10.2024 для адреси вул. Захисників України, буд. 10, корп. А, кв. 90 для лічильників 169735, 148588 було завершено користувачем [Коваль Людмила] з коментарем: виконано.
[28-Oct-2024 11:05:01 Europe/Helsinki] NewDATA [INFO] Новий лічильник номер: 4457907, тип: ЛК => DN 15, рік випуску: 2014, показники: 0, балансоутримувач: КП "ВДК" додано до БД користувачем [Сусло Тетяна].
[28-Oct-2024 11:05:03 Europe/Helsinki] EditDATA [INFO] За адресою вул. Захисників України, буд. 9, корп. А, кв. 15 користувачем [Сусло Тетяна] було додано лічильники: 4446631, 4457907].
[28-Oct-2024 11:05:41 Europe/Helsinki] EditDATA [INFO] Для заявки Повірка від 15.10.2024 користувачем [Коваль Людмила] лічильник БЕЗ НОМЕРА ідентифіковано як 11594255.
[28-Oct-2024 11:05:49 Europe/Helsinki] NewDATA [INFO] Новий лічильник номер: 300315, тип: КВ-1,5 => DN 15, рік випуску: 2004, показники: 0, балансоутримувач: КП "ВДК" додано до БД користувачем [Сусло Тетяна].
[28-Oct-2024 11:06:21 Europe/Helsinki] EditDATA [INFO] Для заявки Повірка від 15.10.2024 користувачем [Коваль Людмила] лічильник БЕЗ НОМЕРА ідентифіковано як 11565093.
[28-Oct-2024 11:06:31 Europe/Helsinki] DellTASK [INFO] Повірка від 15.10.2024 для адреси вул. Захисників України, буд. 11, корп. Б, кв. 20 для лічильників 11594255, 11565093 було завершено користувачем [Коваль Людмила] з коментарем: виконано.
[28-Oct-2024 11:06:32 Europe/Helsinki] NewDATA [INFO] Новий лічильник номер: 270276, тип: КВ-1,5 => DN 15, рік випуску: 2004, показники: 0, балансоутримувач: АТ "ОТКЕ" додано до БД користувачем [Сусло Тетяна].
[28-Oct-2024 11:06:34 Europe/Helsinki] EditDATA [INFO] За адресою вул. Захисників України, буд. 13, кв. 77 користувачем [Сусло Тетяна] було додано лічильники: 300315, 270276].
[28-Oct-2024 11:07:04 Europe/Helsinki] DellTASK [INFO] Повірка від 14.10.2024 для адреси вул. Захисників України, буд. 10, корп. А, кв. 49 для лічильника БЕЗ НОМЕРА - 2 шт. було відмінено користувачем [Коваль Людмила] з коментарем: несправна сантехніка.
[28-Oct-2024 11:07:22 Europe/Helsinki] EditDATA [INFO] Для заявки Повірка від 14.10.2024 користувачем [Коваль Людмила] лічильник БЕЗ НОМЕРА ідентифіковано як 134391.
[28-Oct-2024 11:07:32 Europe/Helsinki] EditDATA [INFO] Для заявки Повірка від 14.10.2024 користувачем [Коваль Людмила] лічильник БЕЗ НОМЕРА ідентифіковано як 242502.
[28-Oct-2024 11:07:45 Europe/Helsinki] DellTASK [INFO] Повірка від 14.10.2024 для адреси вул. Захисників України, буд. 11, корп. Б, кв. 30 для лічильників 134391, 242502 було завершено користувачем [Коваль Людмила] з коментарем: виконано.
[28-Oct-2024 11:08:39 Europe/Helsinki] EditDATA [INFO] Для заявки Повірка від 11.10.2024 користувачем [Коваль Людмила] лічильник БЕЗ НОМЕРА ідентифіковано як 1038507.
[28-Oct-2024 11:08:51 Europe/Helsinki] EditDATA [INFO] Для заявки Повірка від 11.10.2024 користувачем [Коваль Людмила] лічильник БЕЗ НОМЕРА ідентифіковано як 0932066.
[28-Oct-2024 11:09:01 Europe/Helsinki] DellTASK [INFO] Повірка від 11.10.2024 для адреси вул. Всіхсвятська, буд. 18, корп. Б, кв. 10 для лічильників 1038507, 0932066 було завершено користувачем [Коваль Людмила] з коментарем: виконано.
[28-Oct-2024 11:11:36 Europe/Helsinki] DellTASK [INFO] Повірка від 22.10.2024 для адреси вул. Шевченка, буд. 33, корп. А, кв. 48 для лічильника БЕЗ НОМЕРА - 1 шт. було відмінено користувачем [Коваль Людмила] з коментарем: перенесено на 7.11.
[28-Oct-2024 11:12:01 Europe/Helsinki] NewDATA [INFO] Нова заявка Повірка, адреса: вул. Шевченка 33 корпус А, кв. 48, лічильники: БЕЗ НОМЕРА - 1 шт., вартість: 300 грн., примітки: 8-13 додано до БД користувачем [Коваль Людмила].
[2024-10-28T11:12:19.417] [INFO] DataBase - У заявці Повірка від 28 жовтня 2024 р. за адресою вул. Шевченка, буд. 33, корп. А, кв. 48 додано виконавця ЗАПЛАНОВАНІ та додано дату виконання 7 листопада 2024 р. користувачем [Коваль Людмила].
[28-Oct-2024 11:13:11 Europe/Helsinki] EditDATA [INFO] Для заявки Повірка від 08.10.2024 користувачем [Коваль Людмила] лічильник БЕЗ НОМЕРА ідентифіковано як 145530.
[28-Oct-2024 11:13:21 Europe/Helsinki] DellTASK [INFO] Повірка від 08.10.2024 для адреси просп. Левка Лукяненка, буд. 12, корп. А, кв. 2 для лічильника 145530 було завершено користувачем [Коваль Людмила] з коментарем: виконано.
[28-Oct-2024 11:13:40 Europe/Helsinki] EditDATA [INFO] Для заявки Повірка від 15.10.2024 користувачем [Коваль Людмила] лічильник БЕЗ НОМЕРА ідентифіковано як 238660.
[28-Oct-2024 11:13:51 Europe/Helsinki] EditDATA [INFO] Для заявки Повірка від 15.10.2024 користувачем [Коваль Людмила] лічильник БЕЗ НОМЕРА ідентифіковано як 235628.
[28-Oct-2024 11:14:01 Europe/Helsinki] EditDATA [INFO] Для заявки Повірка від 15.10.2024 користувачем [Коваль Людмила] лічильник БЕЗ НОМЕРА ідентифіковано як 240390.
[28-Oct-2024 11:14:11 Europe/Helsinki] EditDATA [INFO] Для заявки Повірка від 15.10.2024 користувачем [Коваль Людмила] лічильник БЕЗ НОМЕРА ідентифіковано як 235773.
[28-Oct-2024 11:14:21 Europe/Helsinki] DellTASK [INFO] Повірка від 15.10.2024 для адреси просп. Левка Лукяненка, буд. 28, кв. 1 для лічильників 238660, 235628, 240390, 235773 було завершено користувачем [Коваль Людмила] з коментарем: виконано.
[28-Oct-2024 11:14:36 Europe/Helsinki] EditDATA [INFO] Для заявки Повірка від 14.10.2024 користувачем [Коваль Людмила] лічильник БЕЗ НОМЕРА ідентифіковано як 610997.
[28-Oct-2024 11:14:45 Europe/Helsinki] EditDATA [INFO] Для заявки Повірка від 14.10.2024 користувачем [Коваль Людмила] лічильник БЕЗ НОМЕРА ідентифіковано як 150622.
[28-Oct-2024 11:14:55 Europe/Helsinki] DellTASK [INFO] Повірка від 14.10.2024 для адреси вул. Захисників України, буд. 11, корп. А, кв. 25 для лічильників 610997, 150622 було завершено користувачем [Коваль Людмила] з коментарем: виконано.
[28-Oct-2024 11:15:45 Europe/Helsinki] EditDATA [INFO] Для заявки Повірка від 15.10.2024 користувачем [Коваль Людмила] лічильник БЕЗ НОМЕРА ідентифіковано як 057289.
[28-Oct-2024 11:16:33 Europe/Helsinki] EditDATA [INFO] Для заявки Повірка від 15.10.2024 користувачем [Коваль Людмила] лічильник БЕЗ НОМЕРА ідентифіковано як 060456.
[28-Oct-2024 11:16:41 Europe/Helsinki] DellTASK [INFO] Повірка від 15.10.2024 для адреси вул. Котляревського, буд. 34, кв. 25 для лічильників 057289, 060456 було завершено користувачем [Коваль Людмила] з коментарем: виконано.
[28-Oct-2024 11:16:59 Europe/Helsinki] EditDATA [INFO] Для заявки Повірка від 15.10.2024 користувачем [Коваль Людмила] лічильник БЕЗ НОМЕРА ідентифіковано як 330788.
[28-Oct-2024 11:17:09 Europe/Helsinki] EditDATA [INFO] Для заявки Повірка від 15.10.2024 користувачем [Коваль Людмила] лічильник БЕЗ НОМЕРА ідентифіковано як 349643.
[28-Oct-2024 11:17:20 Europe/Helsinki] EditDATA [INFO] Для заявки Повірка від 15.10.2024 користувачем [Коваль Людмила] лічильник БЕЗ НОМЕРА ідентифіковано як 400817.
[28-Oct-2024 11:18:02 Europe/Helsinki] EditDATA [INFO] Для заявки Повірка від 15.10.2024 користувачем [Коваль Людмила] лічильник БЕЗ НОМЕРА ідентифіковано як 9200212196.
[28-Oct-2024 11:18:12 Europe/Helsinki] DellTASK [INFO] Повірка від 15.10.2024 для адреси просп. Миру, буд. 89, кв. 89 для лічильників 330788, 349643, 400817, 9200212196 було завершено користувачем [Коваль Людмила] з коментарем: виконано.
[28-Oct-2024 11:36:19 Europe/Helsinki] EditDATA [INFO] Для заявки Повірка від 16.10.2024 користувачем [Коваль Людмила] лічильник БЕЗ НОМЕРА ідентифіковано як 438920.
[28-Oct-2024 11:36:32 Europe/Helsinki] EditDATA [INFO] Для заявки Повірка від 16.10.2024 користувачем [Коваль Людмила] лічильник БЕЗ НОМЕРА ідентифіковано як 429809.
[28-Oct-2024 11:36:43 Europe/Helsinki] DellTASK [INFO] Повірка від 16.10.2024 для адреси вул. Незалежності, буд. 46, кв. 77 для лічильників 438920, 429809 було завершено користувачем [Коваль Людмила] з коментарем: виконано.
[28-Oct-2024 11:36:59 Europe/Helsinki] EditDATA [INFO] Для заявки Повірка від 16.10.2024 користувачем [Коваль Людмила] лічильник БЕЗ НОМЕРА ідентифіковано як 064521.
[28-Oct-2024 11:37:14 Europe/Helsinki] EditDATA [INFO] Для заявки Повірка від 16.10.2024 користувачем [Коваль Людмила] лічильник БЕЗ НОМЕРА ідентифіковано як 340328.
[28-Oct-2024 11:37:25 Europe/Helsinki] DellTASK [INFO] Повірка від 16.10.2024 для адреси вул. Красносільського, буд. 71, кв. 19 для лічильників 064521, 340328 було завершено користувачем [Коваль Людмила] з коментарем: виконано.
[28-Oct-2024 11:44:27 Europe/Helsinki] DellTASK [INFO] Повірка від 07.10.2024 для адреси вул. Незалежності, буд. 82, кв. 79 для лічильника БЕЗ НОМЕРА - 1 шт. було відмінено користувачем [Коваль Людмила] з коментарем: не попав.
[28-Oct-2024 11:44:54 Europe/Helsinki] EditDATA [INFO] Для заявки Повірка від 16.10.2024 користувачем [Коваль Людмила] лічильник БЕЗ НОМЕРА ідентифіковано як 050960.
[28-Oct-2024 11:45:08 Europe/Helsinki] DellTASK [INFO] Повірка від 16.10.2024 для адреси вул. Незалежності, буд. 50, кв. 62 для лічильника 050960 було завершено користувачем [Коваль Людмила] з коментарем: виконано.
[28-Oct-2024 11:46:29 Europe/Helsinki] NewDATA [INFO] Нова заявка Заміна, адреса: просп. Перемоги 18, кв. 18, лічильники: 006237, виконавець: Баранов, вартість: 1060 грн., примітки: 13-18, 1 хв,туалет, №006237 додано до БД користувачем [Сусло Тетяна].
[2024-10-28T11:46:33.907] [INFO] DataBase - У заявці Заміна від 28 жовтня 2024 р. за адресою просп. Перемоги, буд. 18, кв. 18 додано дату виконання 30 жовтня 2024 р. користувачем [Сусло Тетяна].
[28-Oct-2024 11:47:49 Europe/Helsinki] NewDATA [INFO] Нова адреса вул. Захисників України, буд. 7, кв. 58, тел. +38 (066) 738-50-41 додана до БД користувачем [Сусло Тетяна].
[28-Oct-2024 11:48:30 Europe/Helsinki] NewDATA [INFO] Нова заявка Повірка, адреса: вул. Захисників України 7, кв. 58, лічильники: БЕЗ НОМЕРА - 2 шт., вартість: 600 грн., примітки: 13-18 додано до БД користувачем [Сусло Тетяна].
[2024-10-28T11:48:37.139] [INFO] DataBase - У заявці Повірка від 28 жовтня 2024 р. за адресою вул. Захисників України, буд. 7, кв. 58 додано виконавця ЗАПЛАНОВАНІ та додано дату виконання 1 листопада 2024 р. користувачем [Сусло Тетяна].
[28-Oct-2024 11:49:26 Europe/Helsinki] EditDATA [INFO] За адресою просп. Грушевського Михайла 157, кв. 15 користувачем [Коваль Людмила] змінені номери телефонів з +38(096)931-49-67, +38(093)042-93-34 на +38(096)931-49-67, при створенні нової заявки [Повірка] від 28.10.2024.
[28-Oct-2024 11:49:26 Europe/Helsinki] NewDATA [INFO] Нова заявка Повірка, адреса: просп. Грушевського Михайла 157, кв. 15, лічильники: БЕЗ НОМЕРА - 2 шт., вартість: 600 грн., примітки: 14-18 додано до БД користувачем [Коваль Людмила].
[2024-10-28T11:49:43.578] [INFO] DataBase - У заявці Повірка від 28 жовтня 2024 р. за адресою просп. Грушевського Михайла, буд. 157, кв. 15 додано виконавця ЗАПЛАНОВАНІ та додано дату виконання 30 жовтня 2024 р. користувачем [Коваль Людмила].
[28-Oct-2024 11:49:57 Europe/Helsinki] NewDATA [INFO] Нова адреса вул. Нафтовиків, буд. 1, кв. 1, тел. +38 (067) 378-37-62 додана до БД користувачем [Сусло Тетяна].
[28-Oct-2024 11:50:28 Europe/Helsinki] NewDATA [INFO] Нова заявка Повірка, адреса: вул. Нафтовиків 1, кв. 1, лічильники: БЕЗ НОМЕРА - 1 шт., вартість: 300 грн., примітки: 13-18, за 15 хв додано до БД користувачем [Сусло Тетяна].
[2024-10-28T11:50:34.183] [INFO] DataBase - У заявці Повірка від 28 жовтня 2024 р. за адресою вул. Нафтовиків, буд. 1, кв. 1 додано виконавця ЗАПЛАНОВАНІ та додано дату виконання 4 листопада 2024 р. користувачем [Сусло Тетяна].
[28-Oct-2024 11:50:37 Europe/Helsinki] EditDATA [INFO] За адресою вул. Доценка 24, кв. 82 користувачем [Коваль Людмила] додано номер телефону +38(097)835-27-21, при створенні нової заявки [Повірка] від 28.10.2024.
[28-Oct-2024 11:50:37 Europe/Helsinki] NewDATA [INFO] Нова заявка Повірка, адреса: вул. Доценка 24, кв. 82, лічильники: БЕЗ НОМЕРА - 2 шт., вартість: 600 грн., примітки: 14-18 додано до БД користувачем [Коваль Людмила].
[2024-10-28T11:50:56.683] [INFO] DataBase - У заявці Повірка від 28 жовтня 2024 р. за адресою вул. Доценка, буд. 24, кв. 82 додано виконавця ЗАПЛАНОВАНІ та додано дату виконання 31 жовтня 2024 р. користувачем [Коваль Людмила].
[28-Oct-2024 11:51:48 Europe/Helsinki] NewDATA [INFO] Нова заявка Повірка, адреса: вул. Нафтовиків 8, кв. 8, лічильники: БЕЗ НОМЕРА - 2 шт., вартість: 600 грн., примітки: 14-18,пер.за час(їде з села) додано до БД користувачем [Коваль Людмила].
[2024-10-28T11:52:05.452] [INFO] DataBase - У заявці Повірка від 28 жовтня 2024 р. за адресою вул. Нафтовиків, буд. 8, кв. 8 додано виконавця ЗАПЛАНОВАНІ та додано дату виконання 29 жовтня 2024 р. користувачем [Коваль Людмила].
[28-Oct-2024 11:52:41 Europe/Helsinki] EditDATA [INFO] Для заявки Повірка від 23.10.2024 користувачем [Коваль Людмила] змінено виконавця з ЗАПЛАНОВАНІ на Сірий.
[28-Oct-2024 11:53:43 Europe/Helsinki] NewDATA [INFO] Нова адреса просп. Грушевського Михайла, буд. 169, корп. 1, кв. 108, тел. +38 (063) 871-01-52 додана до БД користувачем [Сусло Тетяна].
[28-Oct-2024 11:58:12 Europe/Helsinki] NewDATA [INFO] Нова заявка Повірка, адреса: просп. Грушевського Михайла 169 корпус 1, кв. 108, лічильники: БЕЗ НОМЕРА - 4 шт., вартість: 1200 грн., примітки: 8-13 додано до БД користувачем [Сусло Тетяна].
[2024-10-28T11:58:18.472] [INFO] DataBase - У заявці Повірка від 28 жовтня 2024 р. за адресою просп. Грушевського Михайла, буд. 169, корп. 1, кв. 108 додано виконавця ЗАПЛАНОВАНІ та додано дату виконання 31 жовтня 2024 р. користувачем [Сусло Тетяна].
[28-Oct-2024 12:09:30 Europe/Helsinki] EditDATA [INFO] Для заявки Повірка від 28.10.2024 користувачем [Сміян Альона] змінено вартість робіт з 300 грн. на 600 грн.
[28-Oct-2024 12:09:47 Europe/Helsinki] EditDATA [INFO] Для заявки Повірка від 28.10.2024 користувачем [Сміян Альона] змінено примітки з 13-17 на 13-17 2ліч.
[28-Oct-2024 13:09:20 Europe/Helsinki] EditDATA [INFO] Для заявки Повірка від 24.10.2024 користувачем [Коваль Людмила] змінено виконавця з ЗАПЛАНОВАНІ на Шкуліпа.
[28-Oct-2024 13:09:29 Europe/Helsinki] EditDATA [INFO] Для заявки Повірка від 28.10.2024 користувачем [Коваль Людмила] змінено виконавця з ЗАПЛАНОВАНІ на Шкуліпа.
[28-Oct-2024 13:09:40 Europe/Helsinki] EditDATA [INFO] Для заявки Повірка від 24.10.2024 користувачем [Коваль Людмила] змінено виконавця з ЗАПЛАНОВАНІ на Шкуліпа.
[28-Oct-2024 13:09:51 Europe/Helsinki] EditDATA [INFO] Для заявки Повірка від 24.10.2024 користувачем [Коваль Людмила] змінено виконавця з ЗАПЛАНОВАНІ на Шкуліпа.
[28-Oct-2024 13:10:02 Europe/Helsinki] EditDATA [INFO] Для заявки Повірка від 23.10.2024 користувачем [Коваль Людмила] змінено виконавця з ЗАПЛАНОВАНІ на Шкуліпа.
[28-Oct-2024 13:10:13 Europe/Helsinki] EditDATA [INFO] Для заявки Повірка від 24.10.2024 користувачем [Коваль Людмила] змінено виконавця з ЗАПЛАНОВАНІ на Шкуліпа.
[28-Oct-2024 13:10:25 Europe/Helsinki] EditDATA [INFO] Для заявки Повірка від 23.10.2024 користувачем [Коваль Людмила] змінено виконавця з ЗАПЛАНОВАНІ на Шкуліпа.
[28-Oct-2024 13:13:32 Europe/Helsinki] EditDATA [INFO] Для заявки Повірка від 23.10.2024 користувачем [Коваль Людмила] змінено виконавця з ЗАПЛАНОВАНІ на Сірий.
[28-Oct-2024 13:14:21 Europe/Helsinki] EditDATA [INFO] Для заявки Повірка від 22.10.2024 користувачем [Коваль Людмила] змінено виконавця з ЗАПЛАНОВАНІ на Шкуліпа.
[28-Oct-2024 13:14:36 Europe/Helsinki] EditDATA [INFO] Для заявки Повірка від 22.10.2024 користувачем [Коваль Людмила] змінено виконавця з ЗАПЛАНОВАНІ на Шкуліпа.
[28-Oct-2024 13:14:54 Europe/Helsinki] EditDATA [INFO] Для заявки Повірка від 22.10.2024 користувачем [Коваль Людмила] змінено виконавця з ЗАПЛАНОВАНІ на Шкуліпа.
[28-Oct-2024 13:23:35 Europe/Helsinki] EditDATA [INFO] Для заявки Повірка від 23.10.2024 користувачем [Коваль Людмила] змінено виконавця з ЗАПЛАНОВАНІ на Сірий.
[28-Oct-2024 13:24:13 Europe/Helsinki] EditDATA [INFO] Для заявки Повірка від 22.10.2024 користувачем [Коваль Людмила] змінено виконавця з ЗАПЛАНОВАНІ на Сірий.
[28-Oct-2024 13:24:36 Europe/Helsinki] EditDATA [INFO] Для заявки Повірка від 22.10.2024 користувачем [Коваль Людмила] змінено виконавця з ЗАПЛАНОВАНІ на Сірий.
[28-Oct-2024 13:28:50 Europe/Helsinki] EditDATA [INFO] Для заявки Повірка від 25.10.2024 користувачем [Коваль Людмила] змінено виконавця з ЗАПЛАНОВАНІ на Осипенко.
[28-Oct-2024 13:29:02 Europe/Helsinki] EditDATA [INFO] Для заявки Повірка від 24.10.2024 користувачем [Коваль Людмила] змінено виконавця з ЗАПЛАНОВАНІ на Осипенко.
[28-Oct-2024 13:29:12 Europe/Helsinki] EditDATA [INFO] Для заявки Повірка від 24.10.2024 користувачем [Коваль Людмила] змінено виконавця з ЗАПЛАНОВАНІ на Осипенко.
[28-Oct-2024 13:30:58 Europe/Helsinki] EditDATA [INFO] Для заявки Повірка від 23.10.2024 користувачем [Коваль Людмила] змінено виконавця з ЗАПЛАНОВАНІ на Осипенко.
[28-Oct-2024 13:57:48 Europe/Helsinki] EditDATA [INFO] За адресою просп. Перемоги 166, кв. 55 користувачем [Сусло Тетяна] змінені номери телефонів з +38(0462)62-72-43, +38(063)507-79-23, +38(066)281-05-48 на +38(063)507-79-23, при створенні нової заявки [Повірка] від 28.10.2024.
[28-Oct-2024 13:57:48 Europe/Helsinki] NewDATA [INFO] Нова заявка Повірка, адреса: просп. Перемоги 166, кв. 55, лічильники: БЕЗ НОМЕРА - 2 шт., вартість: 600 грн., примітки: 13-18, за 30 хв додано до БД користувачем [Сусло Тетяна].
[2024-10-28T13:57:54.251] [INFO] DataBase - У заявці Повірка від 28 жовтня 2024 р. за адресою просп. Перемоги, буд. 166, кв. 55 додано виконавця ЗАПЛАНОВАНІ та додано дату виконання 31 жовтня 2024 р. користувачем [Сусло Тетяна].
[28-Oct-2024 14:01:08 Europe/Helsinki] EditDATA [INFO] Для заявки Повірка від 22.10.2024 користувачем [Коваль Людмила] змінено виконавця з ЗАПЛАНОВАНІ на Осипенко.
[28-Oct-2024 14:02:05 Europe/Helsinki] EditDATA [INFO] Для заявки Повірка від 23.10.2024 користувачем [Коваль Людмила] змінено виконавця з ЗАПЛАНОВАНІ на Осипенко.
[28-Oct-2024 14:02:17 Europe/Helsinki] EditDATA [INFO] Для заявки Повірка від 23.10.2024 користувачем [Коваль Людмила] змінено виконавця з ЗАПЛАНОВАНІ на Осипенко.
[28-Oct-2024 14:02:35 Europe/Helsinki] EditDATA [INFO] Для заявки Повірка від 23.10.2024 користувачем [Коваль Людмила] змінено виконавця з ЗАПЛАНОВАНІ на Осипенко.
[28-Oct-2024 14:02:51 Europe/Helsinki] EditDATA [INFO] Для заявки Повірка від 22.10.2024 користувачем [Коваль Людмила] змінено виконавця з ЗАПЛАНОВАНІ на Осипенко.
[28-Oct-2024 14:03:04 Europe/Helsinki] EditDATA [INFO] За адресою вул. Пятницька 61, кв. 77 користувачем [Сусло Тетяна] змінені номери телефонів з +38(0462)25-73-91, +38(063)875-37-02 на +38(067)537-62-87, при створенні нової заявки [Повірка] від 28.10.2024.
[28-Oct-2024 14:03:04 Europe/Helsinki] NewDATA [INFO] Нова заявка Повірка, адреса: вул. Пятницька 61, кв. 77, лічильники: БЕЗ НОМЕРА - 2 шт., вартість: 600 грн., примітки: 8-13 додано до БД користувачем [Сусло Тетяна].
[2024-10-28T14:03:10.989] [INFO] DataBase - У заявці Повірка від 28 жовтня 2024 р. за адресою вул. Пятницька, буд. 61, кв. 77 додано виконавця ЗАПЛАНОВАНІ та додано дату виконання 31 жовтня 2024 р. користувачем [Сусло Тетяна].
[28-Oct-2024 14:03:34 Europe/Helsinki] EditDATA [INFO] Для заявки Повірка від 23.10.2024 користувачем [Коваль Людмила] змінено виконавця з ЗАПЛАНОВАНІ на Ващенко.
[28-Oct-2024 14:03:46 Europe/Helsinki] EditDATA [INFO] Для заявки Повірка від 25.10.2024 користувачем [Коваль Людмила] змінено виконавця з ЗАПЛАНОВАНІ на Ващенко.
[28-Oct-2024 14:03:58 Europe/Helsinki] EditDATA [INFO] Для заявки Повірка від 23.10.2024 користувачем [Коваль Людмила] змінено виконавця з ЗАПЛАНОВАНІ на Ващенко.
[28-Oct-2024 14:04:17 Europe/Helsinki] EditDATA [INFO] Для заявки Повірка від 23.10.2024 користувачем [Коваль Людмила] змінено виконавця з ЗАПЛАНОВАНІ на Ващенко.
[28-Oct-2024 14:04:30 Europe/Helsinki] EditDATA [INFO] Для заявки Повірка від 22.10.2024 користувачем [Коваль Людмила] змінено виконавця з ЗАПЛАНОВАНІ на Ващенко.
[28-Oct-2024 14:04:49 Europe/Helsinki] EditDATA [INFO] Для заявки Повірка від 21.10.2024 користувачем [Коваль Людмила] змінено виконавця з ЗАПЛАНОВАНІ на Ващенко.
[28-Oct-2024 14:05:14 Europe/Helsinki] EditDATA [INFO] Для заявки Повірка від 21.10.2024 користувачем [Коваль Людмила] змінено виконавця з ЗАПЛАНОВАНІ на Ващенко.
[28-Oct-2024 14:05:29 Europe/Helsinki] EditDATA [INFO] Для заявки Повірка від 14.10.2024 користувачем [Коваль Людмила] змінено виконавця з ЗАПЛАНОВАНІ на Ващенко.
[28-Oct-2024 14:05:47 Europe/Helsinki] EditDATA [INFO] Для заявки Повірка від 24.10.2024 користувачем [Коваль Людмила] змінено виконавця з ЗАПЛАНОВАНІ на Ващенко.
[28-Oct-2024 14:05:59 Europe/Helsinki] EditDATA [INFO] Для заявки Повірка від 23.10.2024 користувачем [Коваль Людмила] змінено виконавця з ЗАПЛАНОВАНІ на Ващенко.
[28-Oct-2024 14:09:14 Europe/Helsinki] EditDATA [INFO] За адресою просп. Левка Лукяненка 12 корпус 1, кв. 66 користувачем [Сусло Тетяна] змінені номери телефонів з +38(093)213-82-68, +38(063)377-74-71 на +38(063)440-42-33, при створенні нової заявки [Заміна] від 28.10.2024.
[28-Oct-2024 14:09:14 Europe/Helsinki] NewDATA [INFO] Нова заявка Заміна, адреса: просп. Левка Лукяненка 12 корпус 1, кв. 66, лічильники: БЕЗ НОМЕРА - 1 шт., виконавець: Баранов, вартість: 1060 грн., примітки: 12-17, 1 гв, туалет додано до БД користувачем [Сусло Тетяна].
[2024-10-28T14:09:20.545] [INFO] DataBase - У заявці Заміна від 28 жовтня 2024 р. за адресою просп. Левка Лукяненка, буд. 12, корп. 1, кв. 66 додано дату виконання 29 жовтня 2024 р. користувачем [Сусло Тетяна].
[28-Oct-2024 14:16:27 Europe/Helsinki] EditDATA [INFO] Для заявки Повірка від 24.10.2024 користувачем [Коваль Людмила] змінено виконавця з ЗАПЛАНОВАНІ на Осипенко.
[28-Oct-2024 14:17:42 Europe/Helsinki] EditDATA [INFO] Для заявки Повірка від 22.10.2024 користувачем [Коваль Людмила] змінено виконавця з ЗАПЛАНОВАНІ на Богомаз.
[28-Oct-2024 14:20:35 Europe/Helsinki] EditDATA [INFO] Для заявки Повірка від 22.10.2024 користувачем [Коваль Людмила] змінено виконавця з ЗАПЛАНОВАНІ на Сірий.
[28-Oct-2024 14:20:46 Europe/Helsinki] EditDATA [INFO] Для заявки Повірка від 25.10.2024 користувачем [Коваль Людмила] змінено виконавця з ЗАПЛАНОВАНІ на Сірий.
[28-Oct-2024 14:20:58 Europe/Helsinki] EditDATA [INFO] Для заявки Повірка від 23.10.2024 користувачем [Коваль Людмила] змінено виконавця з ЗАПЛАНОВАНІ на Сірий.
[28-Oct-2024 14:27:55 Europe/Helsinki] EditDATA [INFO] За адресою вул. Красносільського 79, кв. 38 користувачем [Сміян Альона] додано номер телефону +38(093)349-02-83, при створенні нової заявки [Повірка] від 28.10.2024.
[28-Oct-2024 14:27:55 Europe/Helsinki] NewDATA [INFO] Нова заявка Повірка, адреса: вул. Красносільського 79, кв. 38, лічильники: БЕЗ НОМЕРА - 2 шт., вартість: 600 грн., примітки: 8-13 додано до БД користувачем [Сміян Альона].
[2024-10-28T14:28:04.701] [INFO] DataBase - У заявці Повірка від 28 жовтня 2024 р. за адресою вул. Красносільського, буд. 79, кв. 38 додано виконавця ЗАПЛАНОВАНІ та додано дату виконання 4 листопада 2024 р. користувачем [Сміян Альона].
[28-Oct-2024 14:29:16 Europe/Helsinki] EditDATA [INFO] Для заявки Повірка від 21.10.2024 користувачем [Коваль Людмила] змінено виконавця з ЗАПЛАНОВАНІ на Богомаз.
[28-Oct-2024 14:29:37 Europe/Helsinki] EditDATA [INFO] Для заявки Повірка від 21.10.2024 користувачем [Коваль Людмила] змінено виконавця з ЗАПЛАНОВАНІ на Богомаз.
[28-Oct-2024 14:29:46 Europe/Helsinki] EditDATA [INFO] Для заявки Повірка від 23.10.2024 користувачем [Коваль Людмила] змінено виконавця з ЗАПЛАНОВАНІ на Богомаз.
[28-Oct-2024 14:29:56 Europe/Helsinki] EditDATA [INFO] Для заявки Повірка від 23.10.2024 користувачем [Коваль Людмила] змінено виконавця з ЗАПЛАНОВАНІ на Богомаз.
[28-Oct-2024 14:30:05 Europe/Helsinki] EditDATA [INFO] Для заявки Повірка від 23.10.2024 користувачем [Коваль Людмила] змінено виконавця з ЗАПЛАНОВАНІ на Богомаз.
[28-Oct-2024 14:30:18 Europe/Helsinki] EditDATA [INFO] Для заявки Повірка від 23.10.2024 користувачем [Коваль Людмила] змінено виконавця з ЗАПЛАНОВАНІ на Богомаз.
[28-Oct-2024 14:30:29 Europe/Helsinki] EditDATA [INFO] Для заявки Повірка від 22.10.2024 користувачем [Коваль Людмила] змінено виконавця з ЗАПЛАНОВАНІ на Богомаз.
[28-Oct-2024 14:31:24 Europe/Helsinki] EditDATA [INFO] Для заявки Повірка від 21.10.2024 користувачем [Коваль Людмила] змінено виконавця з ЗАПЛАНОВАНІ на Осипенко.
[28-Oct-2024 14:32:00 Europe/Helsinki] EditDATA [INFO] Для заявки Повірка від 22.10.2024 користувачем [Коваль Людмила] змінено виконавця з ЗАПЛАНОВАНІ на Шкуліпа.
[28-Oct-2024 14:32:10 Europe/Helsinki] EditDATA [INFO] Для заявки Повірка від 02.10.2024 користувачем [Коваль Людмила] змінено виконавця з ЗАПЛАНОВАНІ на Шкуліпа.
[28-Oct-2024 14:32:20 Europe/Helsinki] EditDATA [INFO] Для заявки Повірка від 22.10.2024 користувачем [Коваль Людмила] змінено виконавця з ЗАПЛАНОВАНІ на Шкуліпа.
[28-Oct-2024 14:33:21 Europe/Helsinki] NewDATA [INFO] Нова заявка Повірка, адреса: вул. курсанта Єськова 14 корпус А, кв. 129, лічильники: БЕЗ НОМЕРА - 2 шт., вартість: 600 грн., примітки: 8-13 додано до БД користувачем [Сусло Тетяна].
[2024-10-28T14:33:26.629] [INFO] DataBase - У заявці Повірка від 28 жовтня 2024 р. за адресою вул. курсанта Єськова, буд. 14, корп. А, кв. 129 додано виконавця ЗАПЛАНОВАНІ та додано дату виконання 31 жовтня 2024 р. користувачем [Сусло Тетяна].
[28-Oct-2024 14:34:14 Europe/Helsinki] EditDATA [INFO] За адресою просп. Грушевського Михайла 182, кв. 16 користувачем [Сусло Тетяна] змінені номери телефонів з +38(093)791-66-03, +38(063)404-84-22 на +38(093)791-66-03, при створенні нової заявки [Повірка] від 28.10.2024.
[28-Oct-2024 14:34:14 Europe/Helsinki] NewDATA [INFO] Нова заявка Повірка, адреса: просп. Грушевського Михайла 182, кв. 16, лічильники: БЕЗ НОМЕРА - 2 шт., вартість: 600 грн., примітки: 8-13, за 30 хв додано до БД користувачем [Сусло Тетяна].
[2024-10-28T14:34:24.057] [INFO] DataBase - У заявці Повірка від 28 жовтня 2024 р. за адресою вул. курсанта Єськова, буд. 14, корп. А, кв. 129 видалено дату виконання 31 жовтня 2024 р. користувачем [Сусло Тетяна].
[28-Oct-2024 14:34:27 Europe/Helsinki] EditDATA [INFO] Для заявки Повірка від 22.10.2024 користувачем [Коваль Людмила] змінено виконавця з ЗАПЛАНОВАНІ на Сірий.
[2024-10-28T14:34:31.244] [INFO] DataBase - У заявці Повірка від 28 жовтня 2024 р. за адресою вул. курсанта Єськова, буд. 14, корп. А, кв. 129 додано дату виконання 4 листопада 2024 р. користувачем [Сусло Тетяна].
[2024-10-28T14:34:42.244] [INFO] DataBase - У заявці Повірка від 28 жовтня 2024 р. за адресою просп. Грушевського Михайла, буд. 182, кв. 16 додано виконавця ЗАПЛАНОВАНІ та додано дату виконання 31 жовтня 2024 р. користувачем [Сусло Тетяна].
[28-Oct-2024 14:35:20 Europe/Helsinki] EditDATA [INFO] Для заявки Повірка від 23.10.2024 користувачем [Коваль Людмила] змінено виконавця з ЗАПЛАНОВАНІ на Богомаз.
[28-Oct-2024 14:35:29 Europe/Helsinki] EditDATA [INFO] Для заявки Повірка від 22.10.2024 користувачем [Коваль Людмила] змінено виконавця з ЗАПЛАНОВАНІ на Богомаз.
[28-Oct-2024 14:37:16 Europe/Helsinki] NewDATA [INFO] Нова заявка Повірка, адреса: вул. Богуна Івана 44, кв. 171, лічильники: БЕЗ НОМЕРА - 1 шт., вартість: 300 грн., примітки: 8-13 додано до БД користувачем [Коваль Людмила].
[2024-10-28T14:37:33.322] [INFO] DataBase - У заявці Повірка від 28 жовтня 2024 р. за адресою вул. Богуна Івана, буд. 44, кв. 171 додано виконавця ЗАПЛАНОВАНІ та додано дату виконання 8 листопада 2024 р. користувачем [Коваль Людмила].
[28-Oct-2024 14:46:25 Europe/Helsinki] NewDATA [INFO] Нова адреса вул. Мазепи Івана, буд. 4, корп. Б, кв. 29, тел. +38 (093) 730-34-05 додана до БД користувачем [Сусло Тетяна].
[28-Oct-2024 14:48:33 Europe/Helsinki] NewDATA [INFO] Нова заявка Повірка, адреса: вул. Мазепи Івана 4 корпус Б, кв. 29, лічильники: БЕЗ НОМЕРА - 1 шт., вартість: 300 грн., примітки: 8-13, за 30 хв додано до БД користувачем [Сусло Тетяна].
[2024-10-28T14:48:39.172] [INFO] DataBase - У заявці Повірка від 28 жовтня 2024 р. за адресою вул. Мазепи Івана, буд. 4, корп. Б, кв. 29 додано виконавця ЗАПЛАНОВАНІ та додано дату виконання 4 листопада 2024 р. користувачем [Сусло Тетяна].
[28-Oct-2024 14:52:28 Europe/Helsinki] EditDATA [INFO] За адресою вул. Борщова 4 корпус А, кв. 7 користувачем [Коваль Людмила] змінені номери телефонів з +38(0462)64-29-56, +38(068)319-31-38, +38(066)419-36-78 на +38(063)292-30-29, при створенні нової заявки [Повірка] від 28.10.2024.
[28-Oct-2024 14:52:28 Europe/Helsinki] NewDATA [INFO] Нова заявка Повірка, адреса: вул. Борщова 4 корпус А, кв. 7, лічильники: БЕЗ НОМЕРА - 1 шт., вартість: 300 грн., примітки: 8-13 додано до БД користувачем [Коваль Людмила].
[2024-10-28T14:52:46.274] [INFO] DataBase - У заявці Повірка від 28 жовтня 2024 р. за адресою вул. Борщова, буд. 4, корп. А, кв. 7 додано виконавця ЗАПЛАНОВАНІ та додано дату виконання 8 листопада 2024 р. користувачем [Коваль Людмила].
[28-Oct-2024 14:53:30 Europe/Helsinki] NewDATA [INFO] Нова адреса вул. Любецька, буд. 106, корп. В, кв. 28, тел. +38 (096) 580-61-57 додана до БД користувачем [Коваль Людмила].
[28-Oct-2024 14:54:01 Europe/Helsinki] NewDATA [INFO] Нова заявка Повірка, адреса: вул. Любецька 106 корпус В, кв. 28, лічильники: БЕЗ НОМЕРА - 1 шт., вартість: 300 грн., примітки: 14-18,пер.за 30 хв додано до БД користувачем [Коваль Людмила].
[2024-10-28T14:54:38.331] [INFO] DataBase - У заявці Повірка від 28 жовтня 2024 р. за адресою вул. Любецька, буд. 106, корп. В, кв. 28 додано виконавця ЗАПЛАНОВАНІ та додано дату виконання 29 жовтня 2024 р. користувачем [Коваль Людмила].
[28-Oct-2024 14:54:46 Europe/Helsinki] EditDATA [INFO] Для заявки Повірка від 28.10.2024 користувачем [Коваль Людмила] змінено виконавця з ЗАПЛАНОВАНІ на Шкуліпа.
[2024-10-28T15:20:43.197] [INFO] DataBase - У заявці Заміна від 25 жовтня 2024 р. за адресою вул. курсанта Єськова, буд. 14, корп. Б, кв. 181 видалено дату виконання 1 листопада 2024 р. користувачем [Сміян Альона].
[2024-10-28T15:20:55.564] [INFO] DataBase - У заявці Заміна від 25 жовтня 2024 р. за адресою вул. курсанта Єськова, буд. 14, корп. Б, кв. 181 додано дату виконання 30 жовтня 2024 р. користувачем [Сміян Альона].
[28-Oct-2024 15:21:49 Europe/Helsinki] NewDATA [INFO] Нова адреса вул. Гонча, буд. 52, кв. 83, тел. +38 (066) 551-05-79 додана до БД користувачем [Сусло Тетяна].
[28-Oct-2024 15:21:52 Europe/Helsinki] EditDATA [INFO] За адресою вул. Захисників України 13 корпус Б, кв. 45 користувачем [Коваль Людмила] змінені номери телефонів з +38(093)086-65-75 на +38(093)086-65-75, +38(067)402-14-26, при створенні нової заявки [Повірка] від 28.10.2024.
[28-Oct-2024 15:21:52 Europe/Helsinki] NewDATA [INFO] Нова заявка Повірка, адреса: вул. Захисників України 13 корпус Б, кв. 45, лічильники: БЕЗ НОМЕРА - 2 шт., вартість: 600 грн., примітки: 13-17 додано до БД користувачем [Коваль Людмила].
[28-Oct-2024 15:22:24 Europe/Helsinki] NewDATA [INFO] Нова заявка Повірка, адреса: вул. Гонча 52, кв. 83, лічильники: БЕЗ НОМЕРА - 1 шт., вартість: 300 грн., примітки: 8-13, за 30 хв додано до БД користувачем [Сусло Тетяна].
[2024-10-28T15:22:30.176] [INFO] DataBase - У заявці Повірка від 28 жовтня 2024 р. за адресою вул. Гонча, буд. 52, кв. 83 додано виконавця ЗАПЛАНОВАНІ та додано дату виконання 4 листопада 2024 р. користувачем [Сусло Тетяна].
[2024-10-28T15:22:42.041] [INFO] DataBase - У заявці Повірка від 28 жовтня 2024 р. за адресою вул. Захисників України, буд. 13, корп. Б, кв. 45 додано виконавця ЗАПЛАНОВАНІ та додано дату виконання 1 листопада 2024 р. користувачем [Коваль Людмила].
[28-Oct-2024 15:23:29 Europe/Helsinki] NewDATA [INFO] Нова адреса вул. Шевченка, буд. 32, кв. 103, тел. +38 (068) 526-00-08 додана до БД користувачем [Коваль Людмила].
[28-Oct-2024 15:23:57 Europe/Helsinki] NewDATA [INFO] Нова заявка Повірка, адреса: вул. Шевченка 32, кв. 103, лічильники: БЕЗ НОМЕРА - 2 шт., вартість: 600 грн., примітки: 9-10 додано до БД користувачем [Коваль Людмила].
[2024-10-28T15:24:21.597] [INFO] DataBase - У заявці Повірка від 28 жовтня 2024 р. за адресою вул. Шевченка, буд. 32, кв. 103 додано виконавця ЗАПЛАНОВАНІ та додано дату виконання 29 жовтня 2024 р. користувачем [Коваль Людмила].
[28-Oct-2024 15:24:29 Europe/Helsinki] EditDATA [INFO] Для заявки Повірка від 28.10.2024 користувачем [Коваль Людмила] змінено виконавця з ЗАПЛАНОВАНІ на Сірий.
[28-Oct-2024 15:25:14 Europe/Helsinki] NewDATA [INFO] Нова адреса просп. Миру, буд. 80, кв. 259, тел. +38 (063) 028-97-82 додана до БД користувачем [Коваль Людмила].
[28-Oct-2024 15:26:01 Europe/Helsinki] NewDATA [INFO] Нова заявка Повірка, адреса: просп. Миру 80, кв. 259, лічильники: БЕЗ НОМЕРА - 1 шт., вартість: 300 грн., примітки: 8-13,пер.за 10 хв.дом.не працює додано до БД користувачем [Коваль Людмила].
[2024-10-28T15:26:20.270] [INFO] DataBase - У заявці Повірка від 28 жовтня 2024 р. за адресою просп. Миру, буд. 80, кв. 259 додано виконавця ЗАПЛАНОВАНІ та додано дату виконання 1 листопада 2024 р. користувачем [Коваль Людмила].
[28-Oct-2024 15:28:22 Europe/Helsinki] EditDATA [INFO] За адресою просп. Левка Лукяненка 18 корпус А, кв. 27 користувачем [Коваль Людмила] змінені номери телефонів з +38(098)312-57-60, +38(067)270-53-88, +38(050)465-27-29 на +38(050)465-27-29, при створенні нової заявки [Повірка] від 28.10.2024.
[28-Oct-2024 15:28:22 Europe/Helsinki] NewDATA [INFO] Нова заявка Повірка, адреса: просп. Левка Лукяненка 18 корпус А, кв. 27, лічильники: БЕЗ НОМЕРА - 4 шт., вартість: 1200 грн., примітки: 16-18,пер.за 30 хв. додано до БД користувачем [Коваль Людмила].
[2024-10-28T15:28:40.297] [INFO] DataBase - У заявці Повірка від 28 жовтня 2024 р. за адресою просп. Левка Лукяненка, буд. 18, корп. А, кв. 27 додано виконавця ЗАПЛАНОВАНІ та додано дату виконання 1 листопада 2024 р. користувачем [Коваль Людмила].
[28-Oct-2024 15:29:36 Europe/Helsinki] NewDATA [INFO] Нова заявка Повірка, адреса: вул. Самострова 13, кв. 85, лічильники: БЕЗ НОМЕРА - 2 шт., вартість: 600 грн., примітки: з 10-11,пер.за час додано до БД користувачем [Коваль Людмила].
[28-Oct-2024 15:29:45 Europe/Helsinki] NewDATA [INFO] Нова адреса просп. Миру, буд. 80, кв. 24, тел. +38 (093) 771-88-45 додана до БД користувачем [Сміян Альона].
[28-Oct-2024 15:30:11 Europe/Helsinki] NewDATA [INFO] Нова заявка Повірка, адреса: просп. Миру 80, кв. 24, лічильники: БЕЗ НОМЕРА - 4 шт., вартість: 1200 грн., примітки: 8-12 додано до БД користувачем [Сміян Альона].
[2024-10-28T15:30:18.690] [INFO] DataBase - У заявці Повірка від 28 жовтня 2024 р. за адресою просп. Миру, буд. 80, кв. 24 додано виконавця ЗАПЛАНОВАНІ та додано дату виконання 1 листопада 2024 р. користувачем [Сміян Альона].
[28-Oct-2024 15:30:43 Europe/Helsinki] EditDATA [INFO] За адресою вул. Самострова 11, кв. 145 користувачем [Коваль Людмила] змінені номери телефонів з +38(093)352-26-26, +38(063)695-57-49, +38(097)298-10-13 на +38(093)352-26-26, при створенні нової заявки [Повірка] від 28.10.2024.
[28-Oct-2024 15:30:43 Europe/Helsinki] NewDATA [INFO] Нова заявка Повірка, адреса: вул. Самострова 11, кв. 145, лічильники: БЕЗ НОМЕРА - 2 шт., вартість: 600 грн., примітки: 10-11,пер.за час додано до БД користувачем [Коваль Людмила].
[2024-10-28T15:30:56.948] [INFO] DataBase - У заявці Повірка від 28 жовтня 2024 р. за адресою вул. Самострова, буд. 13, кв. 85 додано виконавця ЗАПЛАНОВАНІ та додано дату виконання 6 листопада 2024 р. користувачем [Коваль Людмила].
[2024-10-28T15:30:59.199] [INFO] DataBase - У заявці Повірка від 28 жовтня 2024 р. за адресою вул. Самострова, буд. 11, кв. 145 додано виконавця ЗАПЛАНОВАНІ та додано дату виконання 6 листопада 2024 р. користувачем [Коваль Людмила].
[28-Oct-2024 15:31:42 Europe/Helsinki] NewDATA [INFO] Нова заявка Повірка, адреса: вул. Мстиславська 134, кв. 69, лічильники: БЕЗ НОМЕРА - 1 шт., вартість: 300 грн., примітки: 14-18.обов'язково додано до БД користувачем [Коваль Людмила].
[2024-10-28T15:32:03.516] [INFO] DataBase - У заявці Повірка від 28 жовтня 2024 р. за адресою вул. Мстиславська, буд. 134, кв. 69 додано виконавця ЗАПЛАНОВАНІ та додано дату виконання 29 жовтня 2024 р. користувачем [Коваль Людмила].
[28-Oct-2024 15:32:11 Europe/Helsinki] EditDATA [INFO] Для заявки Повірка від 28.10.2024 користувачем [Коваль Людмила] змінено виконавця з ЗАПЛАНОВАНІ на Богомаз.
[28-Oct-2024 15:34:10 Europe/Helsinki] EditDATA [INFO] За адресою просп. Миру 206, кв. 40 користувачем [Коваль Людмила] змінені номери телефонів з +38(0462)63-21-28 на +38(066)980-07-95, при створенні нової заявки [Повірка] від 28.10.2024.
[28-Oct-2024 15:34:10 Europe/Helsinki] NewDATA [INFO] Нова заявка Повірка, адреса: просп. Миру 206, кв. 40, лічильники: БЕЗ НОМЕРА - 2 шт., вартість: 600 грн., примітки: 14-18,пер.за час додано до БД користувачем [Коваль Людмила].
[2024-10-28T15:34:27.838] [INFO] DataBase - У заявці Повірка від 28 жовтня 2024 р. за адресою просп. Миру, буд. 206, кв. 40 додано виконавця ЗАПЛАНОВАНІ та додано дату виконання 4 листопада 2024 р. користувачем [Коваль Людмила].
[28-Oct-2024 15:49:11 Europe/Helsinki] NewDATA [INFO] Нова адреса просп. Миру, буд. 255, корп. А, кв. 1, тел. +38 (050) 282-42-98 додана до БД користувачем [Сусло Тетяна].
[28-Oct-2024 15:50:22 Europe/Helsinki] NewDATA [INFO] Нова заявка Заміна, адреса: просп. Миру 255 корпус А, кв. 1, лічильники: БЕЗ НОМЕРА - 2 шт., виконавець: Баранов, вартість: 2120 грн., примітки: 11-16, 2 гв, туалет, кухня додано до БД користувачем [Сусло Тетяна].
[2024-10-28T15:50:26.253] [INFO] DataBase - У заявці Заміна від 28 жовтня 2024 р. за адресою просп. Миру, буд. 255, корп. А, кв. 1 додано дату виконання 30 жовтня 2024 р. користувачем [Сусло Тетяна].
[28-Oct-2024 16:05:48 Europe/Helsinki] NewDATA [INFO] Нова заявка Заміна, адреса: вул. Генерала Пухова 101, кв. 25, лічильники: БЕЗ НОМЕРА - 1 шт., виконавець: Баранов, вартість: 1060 грн., примітки: 13-17, 1 хв, кухня додано до БД користувачем [Сусло Тетяна].
[2024-10-28T16:05:54.816] [INFO] DataBase - У заявці Заміна від 28 жовтня 2024 р. за адресою вул. Генерала Пухова, буд. 101, кв. 25 додано дату виконання 29 жовтня 2024 р. користувачем [Сусло Тетяна].
[28-Oct-2024 16:06:24 Europe/Helsinki] NewDATA [INFO] Нова заявка Повірка, адреса: вул. Генерала Пухова 101, кв. 25, лічильники: БЕЗ НОМЕРА - 1 шт., вартість: 300 грн., примітки: 8-13, 1 гв додано до БД користувачем [Сусло Тетяна].
[2024-10-28T16:06:30.827] [INFO] DataBase - У заявці Повірка від 28 жовтня 2024 р. за адресою вул. Генерала Пухова, буд. 101, кв. 25 додано виконавця ЗАПЛАНОВАНІ та додано дату виконання 1 листопада 2024 р. користувачем [Сусло Тетяна].
[28-Oct-2024 16:10:16 Europe/Helsinki] EditDATA [INFO] За адресою вул. Всіхсвятська 16 корпус А, кв. 42 користувачем [Сміян Альона] змінені номери телефонів з +38(0462)23-37-56 на +38(067)755-73-31, при створенні нової заявки [Повірка] від 28.10.2024.
[28-Oct-2024 16:10:16 Europe/Helsinki] NewDATA [INFO] Нова заявка Повірка, адреса: вул. Всіхсвятська 16 корпус А, кв. 42, лічильники: БЕЗ НОМЕРА - 2 шт., вартість: 600 грн., примітки: 13-17 1час додано до БД користувачем [Сміян Альона].
[2024-10-28T16:10:24.495] [INFO] DataBase - У заявці Повірка від 28 жовтня 2024 р. за адресою вул. Всіхсвятська, буд. 16, корп. А, кв. 42 додано виконавця ЗАПЛАНОВАНІ та додано дату виконання 4 листопада 2024 р. користувачем [Сміян Альона].
[28-Oct-2024 16:39:06 Europe/Helsinki] NewDATA [INFO] Нова адреса вул. Шевчука, буд. 8, кв. 79, тел. +38 (093) 353-41-75 додана до БД користувачем [Сусло Тетяна].
[28-Oct-2024 16:41:42 Europe/Helsinki] NewDATA [INFO] Нова заявка Повірка, адреса: вул. Шевчука 8, кв. 79, лічильники: БЕЗ НОМЕРА - 4 шт., вартість: 1200 грн., примітки: 8-13 додано до БД користувачем [Сусло Тетяна].
[2024-10-28T16:41:51.395] [INFO] DataBase - У заявці Повірка від 28 жовтня 2024 р. за адресою вул. Шевчука, буд. 8, кв. 79 додано виконавця ЗАПЛАНОВАНІ та додано дату виконання 1 листопада 2024 р. користувачем [Сусло Тетяна].

