[16-Dec-2024 08:33:44 Europe/Helsinki] NewDATA [INFO] Нова адреса вул. Рашевського Івана, буд. 2, кв. 12/1, тел. +38 (063) 465-10-66 додана до БД користувачем [Сусло Тетяна].
[16-Dec-2024 08:34:16 Europe/Helsinki] NewDATA [INFO] Нова заявка Повірка, адреса: вул. Рашевського Івана 2, кв. 12/1, лічильники: БЕЗ НОМЕРА - 1 шт., вартість: 300 грн. додано до БД користувачем [Сусло Тетяна].
[2024-12-16T08:34:19.510] [INFO] DataBase - У заявці Повірка від 16 грудня 2024 р. за адресою вул. Рашевського Івана, буд. 2, кв. 12/1 додано виконавця Шкуліпа та додано дату виконання 16 грудня 2024 р. користувачем [Сусло Тетяна].
[16-Dec-2024 08:42:49 Europe/Helsinki] DellTASK [INFO] Повірка від 12.12.2024 для адреси вул. Земська, буд. 72, кв. 71 для лічильника БЕЗ НОМЕРА - 2 шт. було завершено користувачем [Сусло Тетяна] з коментарем: виконано.
[16-Dec-2024 08:43:03 Europe/Helsinki] DellTASK [INFO] Повірка від 11.12.2024 для адреси вул. Міхнюка Олега, буд. 1, корп. А, кв. 1 для лічильника БЕЗ НОМЕРА - 1 шт. було завершено користувачем [Сусло Тетяна] з коментарем: виконано.
[16-Dec-2024 08:43:24 Europe/Helsinki] DellTASK [INFO] Повірка від 11.12.2024 для адреси вул. Савчука, буд. 3, кв. 92 для лічильника БЕЗ НОМЕРА - 2 шт. було завершено користувачем [Сусло Тетяна] з коментарем: виконано.
[16-Dec-2024 08:43:42 Europe/Helsinki] DellTASK [INFO] Повірка від 09.12.2024 для адреси вул. Милорадовичів, буд. 55, кв. 6 для лічильника БЕЗ НОМЕРА - 1 шт. було завершено користувачем [Сусло Тетяна] з коментарем: виконано.
[16-Dec-2024 08:43:54 Europe/Helsinki] DellTASK [INFO] Повірка від 09.12.2024 для адреси вул. Шевченка, буд. 32, кв. 20 для лічильника БЕЗ НОМЕРА - 4 шт. було завершено користувачем [Сусло Тетяна] з коментарем: виконано.
[16-Dec-2024 08:44:21 Europe/Helsinki] DellTASK [INFO] Повірка від 09.12.2024 для адреси просп. Перемоги, буд. 195, кв. 40 для лічильника БЕЗ НОМЕРА - 1 шт. було завершено користувачем [Сусло Тетяна] з коментарем: виконано.
[16-Dec-2024 08:44:31 Europe/Helsinki] DellTASK [INFO] Повірка від 12.12.2024 для адреси вул. Всіхсвятська, буд. 16, кв. 164 для лічильника БЕЗ НОМЕРА - 4 шт. було завершено користувачем [Сусло Тетяна] з коментарем: виконано.
[16-Dec-2024 08:44:41 Europe/Helsinki] DellTASK [INFO] Повірка від 11.12.2024 для адреси просп. Левка Лукяненка, буд. 19, кв. 76 для лічильника БЕЗ НОМЕРА - 1 шт. було завершено користувачем [Сусло Тетяна] з коментарем: виконано.
[16-Dec-2024 08:44:54 Europe/Helsinki] DellTASK [INFO] Повірка від 11.12.2024 для адреси вул. Захисників України, буд. 6, кв. 11 для лічильника БЕЗ НОМЕРА - 2 шт. було завершено користувачем [Сусло Тетяна] з коментарем: виконано.
[16-Dec-2024 08:48:41 Europe/Helsinki] NewDATA [INFO] Новий лічильник номер: 215444, тип: КВ-1,5 => DN 15, рік випуску: 2015, показники: 0, балансоутримувач: КП "ВДК" додано до БД користувачем [Сусло Тетяна].
[16-Dec-2024 08:49:01 Europe/Helsinki] NewDATA [INFO] Новий лічильник номер: 106089, тип: КВ-1,5 => DN 15, рік випуску: 2015, показники: 0, балансоутримувач: АТ "ОТКЕ" додано до БД користувачем [Сусло Тетяна].
[16-Dec-2024 08:49:21 Europe/Helsinki] NewDATA [INFO] Новий лічильник номер: 121170, тип: КВ-1,5 => DN 15, рік випуску: 2009, показники: 0, балансоутримувач: КП "ВДК" додано до БД користувачем [Сусло Тетяна].
[16-Dec-2024 08:49:41 Europe/Helsinki] NewDATA [INFO] Новий лічильник номер: 133564, тип: КВ-1,5 => DN 15, рік випуску: 2009, показники: 0, балансоутримувач: АТ "ОТКЕ" додано до БД користувачем [Сусло Тетяна].
[16-Dec-2024 08:49:43 Europe/Helsinki] EditDATA [INFO] За адресою вул. Всіхсвятська, буд. 16, кв. 164 користувачем [Сусло Тетяна] було додано лічильники: 215444, 106089, 121170, 133564].
[16-Dec-2024 08:50:23 Europe/Helsinki] NewDATA [INFO] Новий лічильник номер: 277046, тип: КВ-1,5 => DN 15, рік випуску: 2015, показники: 0, балансоутримувач: КП "ВДК" додано до БД користувачем [Сусло Тетяна].
[16-Dec-2024 08:50:46 Europe/Helsinki] NewDATA [INFO] Новий лічильник номер: 269847, тип: КВ-1,5 => DN 15, рік випуску: 2015, показники: 0, балансоутримувач: АТ "ОТКЕ" додано до БД користувачем [Сусло Тетяна].
[16-Dec-2024 08:50:47 Europe/Helsinki] EditDATA [INFO] За адресою вул. Захисників України, буд. 6, кв. 11 користувачем [Сусло Тетяна] було додано лічильники: 277046, 269847].
[16-Dec-2024 08:51:31 Europe/Helsinki] NewDATA [INFO] Новий лічильник номер: 8572316, тип: JS => DN 15, рік випуску: 2008, показники: 0, балансоутримувач: КП "ВДК" додано до БД користувачем [Сусло Тетяна].
[16-Dec-2024 08:51:37 Europe/Helsinki] EditDATA [INFO] За адресою просп. Левка Лукяненка, буд. 19, кв. 76 користувачем [Сусло Тетяна] було додано лічильники: 8572316].
[16-Dec-2024 08:51:46 Europe/Helsinki] DellTASK [INFO] Повірка від 13.12.2024 для адреси вул. Жабинського, буд. 1, кв. 23 для лічильника БЕЗ НОМЕРА - 2 шт. було завершено користувачем [Коваль Людмила] з коментарем: виконано.
[16-Dec-2024 08:52:02 Europe/Helsinki] DellTASK [INFO] Повірка від 12.12.2024 для адреси вул. Доценка, буд. 11, кв. 68 для лічильника БЕЗ НОМЕРА - 4 шт. було завершено користувачем [Коваль Людмила] з коментарем: виконано.
[16-Dec-2024 08:52:35 Europe/Helsinki] DellTASK [INFO] Повірка від 12.12.2024 для адреси вул. Доценка, буд. 30, кв. 41 для лічильника БЕЗ НОМЕРА - 2 шт. було завершено користувачем [Коваль Людмила] з коментарем: виконано.
[16-Dec-2024 08:52:52 Europe/Helsinki] DellTASK [INFO] Повірка від 12.12.2024 для адреси вул. 1-ої танкової бригади, буд. 6, кв. 40 для лічильника БЕЗ НОМЕРА - 1 шт. було завершено користувачем [Коваль Людмила] з коментарем: виконано.
[16-Dec-2024 08:53:16 Europe/Helsinki] DellTASK [INFO] Повірка від 12.12.2024 для адреси вул. Генерала Пухова, буд. 101, корп. А, кв. 32 для лічильника БЕЗ НОМЕРА - 2 шт. було завершено користувачем [Коваль Людмила] з коментарем: виконано.
[16-Dec-2024 08:53:57 Europe/Helsinki] DellTASK [INFO] Повірка від 11.12.2024 для адреси вул. Самострова, буд. 9, кв. 57 для лічильника БЕЗ НОМЕРА - 4 шт. було завершено користувачем [Коваль Людмила] з коментарем: виконано.
[16-Dec-2024 08:54:18 Europe/Helsinki] DellTASK [INFO] Повірка від 12.12.2024 для адреси вул. Самострова, буд. 9, кв. 87 для лічильника БЕЗ НОМЕРА - 4 шт. було завершено користувачем [Коваль Людмила] з коментарем: виконано.
[16-Dec-2024 08:54:35 Europe/Helsinki] DellTASK [INFO] Повірка від 12.12.2024 для адреси вул. Самострова, буд. 9, кв. 114 для лічильника БЕЗ НОМЕРА - 2 шт. було завершено користувачем [Коваль Людмила] з коментарем: виконано.
[16-Dec-2024 08:54:47 Europe/Helsinki] DellTASK [INFO] Повірка від 12.12.2024 для адреси просп. Перемоги, буд. 58, кв. 18 для лічильника БЕЗ НОМЕРА - 2 шт. було завершено користувачем [Коваль Людмила] з коментарем: виконано.
[16-Dec-2024 08:57:13 Europe/Helsinki] NewDATA [INFO] Новий лічильник номер: 223498, тип: КВ-1,5 => DN 15, рік випуску: 2004, показники: 0, балансоутримувач: КП "ВДК" додано до БД користувачем [Сусло Тетяна].
[16-Dec-2024 08:57:15 Europe/Helsinki] EditDATA [INFO] За адресою просп. Перемоги, буд. 195, кв. 40 користувачем [Сусло Тетяна] було додано лічильники: 223498].
[16-Dec-2024 09:01:30 Europe/Helsinki] NewDATA [INFO] Новий лічильник номер: 142327, тип: КВ-1,5 => DN 15, рік випуску: 2005, показники: 0, балансоутримувач: АТ "ОТКЕ" додано до БД користувачем [Коваль Людмила].
[16-Dec-2024 09:01:34 Europe/Helsinki] EditDATA [INFO] За адресою вул. 1-ої танкової бригади, буд. 6, кв. 40 користувачем [Коваль Людмила] було додано лічильники: 142327].
[16-Dec-2024 09:02:27 Europe/Helsinki] NewDATA [INFO] Новий лічильник номер: 150405, тип: КВ-1,5 => DN 15, рік випуску: 2016, показники: 0, балансоутримувач: КП "ВДК" додано до БД користувачем [Коваль Людмила].
[16-Dec-2024 09:02:35 Europe/Helsinki] NewDATA [INFO] Новий лічильник номер: 421475, тип: КВ-1,5 => DN 15, рік випуску: 2014, показники: 0, балансоутримувач: КП "ВДК" додано до БД користувачем [Сусло Тетяна].
[16-Dec-2024 09:02:53 Europe/Helsinki] NewDATA [INFO] Новий лічильник номер: 132762, тип: КВ-1,5 => DN 15, рік випуску: 2016, показники: 0, балансоутримувач: АТ "ОТКЕ" додано до БД користувачем [Коваль Людмила].
[16-Dec-2024 09:02:56 Europe/Helsinki] NewDATA [INFO] Новий лічильник номер: 220683, тип: КВ-1,5 => DN 15, рік випуску: 2012, показники: 0, балансоутримувач: АТ "ОТКЕ" додано до БД користувачем [Сусло Тетяна].
[16-Dec-2024 09:02:58 Europe/Helsinki] EditDATA [INFO] За адресою вул. Земська, буд. 72, кв. 71 користувачем [Сусло Тетяна] було додано лічильники: 421475, 220683].
[16-Dec-2024 09:03:16 Europe/Helsinki] NewDATA [INFO] Новий лічильник номер: 150352, тип: КВ-1,5 => DN 15, рік випуску: 2016, показники: 0, балансоутримувач: КП "ВДК" додано до БД користувачем [Коваль Людмила].
[16-Dec-2024 09:03:36 Europe/Helsinki] NewDATA [INFO] Новий лічильник номер: 132070, тип: КВ-1,5 => DN 15, рік випуску: 2016, показники: 0, балансоутримувач: АТ "ОТКЕ" додано до БД користувачем [Коваль Людмила].
[16-Dec-2024 09:03:39 Europe/Helsinki] EditDATA [INFO] За адресою вул. Доценка, буд. 11, кв. 68 користувачем [Коваль Людмила] було додано лічильники: 150405, 132762, 150352, 132070].
[16-Dec-2024 09:20:20 Europe/Helsinki] NewDATA [INFO] Новий лічильник номер: 109131, тип: КВ-1,5 => DN 15, рік випуску: 2014, показники: 0, балансоутримувач: КП "ВДК" додано до БД користувачем [Сусло Тетяна].
[16-Dec-2024 09:20:22 Europe/Helsinki] EditDATA [INFO] За адресою вул. Милорадовичів, буд. 55, кв. 6 користувачем [Сусло Тетяна] було додано лічильники: 109131].
[16-Dec-2024 09:21:43 Europe/Helsinki] NewDATA [INFO] Новий лічильник номер: 626013, тип: КВ-1,5 => DN 15, рік випуску: 2006, показники: 0, балансоутримувач: КП "ВДК" додано до БД користувачем [Сусло Тетяна].
[16-Dec-2024 09:22:03 Europe/Helsinki] NewDATA [INFO] Новий лічильник номер: 608336, тип: КВ-1,5 => DN 15, рік випуску: 2006, показники: 0, балансоутримувач: АТ "ОТКЕ" додано до БД користувачем [Сусло Тетяна].
[16-Dec-2024 09:22:40 Europe/Helsinki] NewDATA [INFO] Новий лічильник номер: 626775, тип: КВ-1,5 => DN 15, рік випуску: 2006, показники: 0, балансоутримувач: КП "ВДК" додано до БД користувачем [Сусло Тетяна].
[16-Dec-2024 09:23:06 Europe/Helsinki] NewDATA [INFO] Новий лічильник номер: 526408, тип: КВ-1,5 => DN 15, рік випуску: 2006, показники: 0, балансоутримувач: АТ "ОТКЕ" додано до БД користувачем [Сусло Тетяна].
[16-Dec-2024 09:23:09 Europe/Helsinki] EditDATA [INFO] За адресою вул. Шевченка, буд. 32, кв. 20 користувачем [Сусло Тетяна] було додано лічильники: 626013, 608336, 626775, 526408].
[16-Dec-2024 09:24:02 Europe/Helsinki] NewDATA [INFO] Новий лічильник номер: 11486989, тип: ResidiaJet => DN 15, рік випуску: 2018, показники: 0, балансоутримувач: КП "ВДК" додано до БД користувачем [Сусло Тетяна].
[16-Dec-2024 09:24:04 Europe/Helsinki] EditDATA [INFO] За адресою вул. Міхнюка Олега, буд. 1, корп. А, кв. 1 користувачем [Сусло Тетяна] було додано лічильники: 11486989].
[16-Dec-2024 09:24:42 Europe/Helsinki] NewDATA [INFO] Новий лічильник номер: 552602, тип: КВ-1,5 => DN 15, рік випуску: 2008, показники: 0, балансоутримувач: КП "ВДК" додано до БД користувачем [Сусло Тетяна].
[16-Dec-2024 09:25:06 Europe/Helsinki] NewDATA [INFO] Новий лічильник номер: 569372, тип: КВ-1,5 => DN 15, рік випуску: 2008, показники: 0, балансоутримувач: АТ "ОТКЕ" додано до БД користувачем [Сусло Тетяна].
[16-Dec-2024 09:25:09 Europe/Helsinki] EditDATA [INFO] За адресою вул. Савчука, буд. 3, кв. 92 користувачем [Сусло Тетяна] було додано лічильники: 552602, 569372].
[16-Dec-2024 09:25:28 Europe/Helsinki] EditDATA [INFO] Для лічильника 552602 користувачем [Сусло Тетяна] змінено температуру з Холодний на Гарячий.
[16-Dec-2024 09:25:35 Europe/Helsinki] EditDATA [INFO] Для лічильника 552602 користувачем [Сусло Тетяна] змінено балансоутримувача з КП "ВДК" на АТ "ОТКЕ".
[16-Dec-2024 09:26:35 Europe/Helsinki] NewDATA [INFO] Нова заявка Заміна, адреса: вул. Рашевського Івана 2, кв. 12/1, лічильники: БЕЗ НОМЕРА - 1 шт., виконавець: Баранов, вартість: 1060 грн., примітки: 1ХВ додано до БД користувачем [Сусло Тетяна].
[2024-12-16T09:26:38.626] [INFO] DataBase - У заявці Заміна від 16 грудня 2024 р. за адресою вул. Рашевського Івана, буд. 2, кв. 12/1 додано дату виконання 16 грудня 2024 р. користувачем [Сусло Тетяна].
[16-Dec-2024 09:27:05 Europe/Helsinki] DellTASK [INFO] Повірка від 16.12.2024 для адреси вул. Рашевського Івана, буд. 2, кв. 12/1 для лічильника БЕЗ НОМЕРА - 1 шт. було відмінено користувачем [Сусло Тетяна] з коментарем: на заміну.
[16-Dec-2024 09:27:24 Europe/Helsinki] DellTASK [INFO] Повірка від 30.07.2024 для адреси вул. Магістратська, буд. 19, корп. А, кв. 6 для лічильника БЕЗ НОМЕРА - 1 шт. було відмінено користувачем [Сусло Тетяна] з коментарем: відміна.
[16-Dec-2024 09:27:52 Europe/Helsinki] DellTASK [INFO] Повірка від 21.06.2024 для адреси вул. Незалежності, буд. 62, кв. 39 для лічильника БЕЗ НОМЕРА - 2 шт. було відмінено користувачем [Сусло Тетяна] з коментарем: повтор.
[16-Dec-2024 09:29:18 Europe/Helsinki] EditDATA [INFO] За адресою вул. Авіаторів 19, кв. 72 користувачем [Коваль Людмила] змінені номери телефонів з +38(050)809-18-30 на +38(050)809-18-30, +38(068)317-29-19, при створенні нової заявки [Повірка] від 16.12.2024.
[16-Dec-2024 09:29:18 Europe/Helsinki] NewDATA [INFO] Нова заявка Повірка, адреса: вул. Авіаторів 19, кв. 72, лічильники: БЕЗ НОМЕРА - 2 шт., вартість: 600 грн., примітки: 10-12,пер.за 30 хв(їдуть з села) додано до БД користувачем [Коваль Людмила].
[2024-12-16T09:29:25.083] [INFO] DataBase - У заявці Повірка від 16 грудня 2024 р. за адресою вул. Авіаторів, буд. 19, кв. 72 додано виконавця ЗАПЛАНОВАНІ та додано дату виконання 19 грудня 2024 р. користувачем [Коваль Людмила].
[16-Dec-2024 09:30:04 Europe/Helsinki] NewDATA [INFO] Нова заявка Повірка, адреса: вул. Радченка Вячеслава 14, кв. 57, лічильники: БЕЗ НОМЕРА - 2 шт., вартість: 600 грн., примітки: 13-17,пер.за 30 хв додано до БД користувачем [Коваль Людмила].
[16-Dec-2024 09:32:22 Europe/Helsinki] NewDATA [INFO] Новий лічильник номер: 03345943, тип: Sensus => DN 15, рік випуску: 2007, показники: 0, балансоутримувач: КП "ВДК" додано до БД користувачем [Коваль Людмила].
[16-Dec-2024 09:32:57 Europe/Helsinki] NewDATA [INFO] Новий лічильник номер: 03413075, тип: Sensus => DN 15, рік випуску: 2007, показники: 0, балансоутримувач: АТ "ОТКЕ" додано до БД користувачем [Коваль Людмила].
[16-Dec-2024 09:32:59 Europe/Helsinki] EditDATA [INFO] За адресою вул. Жабинського, буд. 1, кв. 23 користувачем [Коваль Людмила] було додано лічильники: 03345943, 03413075].
[16-Dec-2024 09:34:15 Europe/Helsinki] NewDATA [INFO] Новий лічильник номер: 076514, тип: КВ-1,5 => DN 15, рік випуску: 2016, показники: 0, балансоутримувач: КП "ВДК" додано до БД користувачем [Коваль Людмила].
[16-Dec-2024 09:34:46 Europe/Helsinki] NewDATA [INFO] Новий лічильник номер: 054843, тип: КВ-1,5 => DN 15, рік випуску: 2016, показники: 0, балансоутримувач: АТ "ОТКЕ" додано до БД користувачем [Коваль Людмила].
[16-Dec-2024 09:34:49 Europe/Helsinki] EditDATA [INFO] За адресою вул. Доценка, буд. 30, кв. 41 користувачем [Коваль Людмила] було додано лічильники: 076514, 054843].
[16-Dec-2024 09:41:55 Europe/Helsinki] DellTASK [INFO] Повірка від 12.12.2024 для адреси вул. Рятувальників, буд. 35, кв. 58 для лічильника БЕЗ НОМЕРА - 2 шт. було завершено користувачем [Коваль Людмила] з коментарем: виконано.
[16-Dec-2024 09:42:09 Europe/Helsinki] DellTASK [INFO] Повірка від 12.12.2024 для адреси вул. Волковича, буд. 23, кв. 26 для лічильника БЕЗ НОМЕРА - 2 шт. було завершено користувачем [Коваль Людмила] з коментарем: виконано.
[16-Dec-2024 09:42:25 Europe/Helsinki] DellTASK [INFO] Повірка від 11.12.2024 для адреси вул. курсанта Єськова, буд. 8, кв. 66 для лічильника БЕЗ НОМЕРА - 2 шт. було завершено користувачем [Коваль Людмила] з коментарем: виконано.
[16-Dec-2024 09:42:38 Europe/Helsinki] DellTASK [INFO] Повірка від 29.11.2024 для адреси вул. курсанта Єськова, буд. 4, кв. 192 для лічильника БЕЗ НОМЕРА - 1 шт. було завершено користувачем [Коваль Людмила] з коментарем: виконано.
[16-Dec-2024 09:46:29 Europe/Helsinki] NewDATA [INFO] Новий лічильник номер: 7264114, тип: ЛК => DN 15, рік випуску: 2007, показники: 0, балансоутримувач: АТ "ОТКЕ" додано до БД користувачем [Коваль Людмила].
[16-Dec-2024 09:46:32 Europe/Helsinki] EditDATA [INFO] За адресою вул. курсанта Єськова, буд. 4, кв. 192 користувачем [Коваль Людмила] було додано лічильники: 7264114].
[16-Dec-2024 09:47:20 Europe/Helsinki] NewDATA [INFO] Новий лічильник номер: 00741454, тип: E-T 1,6-U => DN 15, рік випуску: 2022, показники: 0, балансоутримувач: КП "ВДК" додано до БД користувачем [Коваль Людмила].
[16-Dec-2024 09:47:45 Europe/Helsinki] NewDATA [INFO] Новий лічильник номер: 335420, тип: КВ-1,5 => DN 15, рік випуску: 2002, показники: 0, балансоутримувач: АТ "ОТКЕ" додано до БД користувачем [Коваль Людмила].
[16-Dec-2024 09:47:47 Europe/Helsinki] EditDATA [INFO] За адресою вул. курсанта Єськова, буд. 8, кв. 66 користувачем [Коваль Людмила] було додано лічильники: 00741454, 335420].
[16-Dec-2024 09:48:29 Europe/Helsinki] NewDATA [INFO] Новий лічильник номер: 054104, тип: КВ-1,5 => DN 15, рік випуску: 2007, показники: 0, балансоутримувач: КП "ВДК" додано до БД користувачем [Коваль Людмила].
[16-Dec-2024 09:49:00 Europe/Helsinki] NewDATA [INFO] Новий лічильник номер: 645567, тип: КВ-1,5 => DN 15, рік випуску: 2006, показники: 0, балансоутримувач: АТ "ОТКЕ" додано до БД користувачем [Коваль Людмила].
[16-Dec-2024 09:49:04 Europe/Helsinki] EditDATA [INFO] За адресою вул. Волковича, буд. 23, кв. 26 користувачем [Коваль Людмила] було додано лічильники: 054104, 645567].
[16-Dec-2024 09:49:34 Europe/Helsinki] EditDATA [INFO] За адресою вул. Космонавтів 18, кв. 145 користувачем [Сміян Альона] змінені номери телефонів з +38(063)314-88-26 на +38(093)909-00-33, при створенні нової заявки [Повірка] від 16.12.2024.
[16-Dec-2024 09:49:34 Europe/Helsinki] NewDATA [INFO] Нова заявка Повірка, адреса: вул. Космонавтів 18, кв. 145, лічильники: БЕЗ НОМЕРА - 2 шт., вартість: 600 грн., примітки: 9-13 1час додано до БД користувачем [Сміян Альона].
[2024-12-16T09:49:38.354] [INFO] DataBase - У заявці Повірка від 16 грудня 2024 р. за адресою вул. Космонавтів, буд. 18, кв. 145 додано виконавця ЗАПЛАНОВАНІ та додано дату виконання 17 грудня 2024 р. користувачем [Сміян Альона].
[16-Dec-2024 09:50:00 Europe/Helsinki] NewDATA [INFO] Новий лічильник номер: 0199250, тип: ЛК => DN 15, рік випуску: 2010, показники: 0, балансоутримувач: КП "ВДК" додано до БД користувачем [Коваль Людмила].
[16-Dec-2024 09:50:34 Europe/Helsinki] NewDATA [INFO] Новий лічильник номер: 5432759, тип: ЛК => DN 15, рік випуску: 2016, показники: 0, балансоутримувач: АТ "ОТКЕ" додано до БД користувачем [Коваль Людмила].
[16-Dec-2024 09:50:37 Europe/Helsinki] EditDATA [INFO] За адресою вул. Рятувальників, буд. 35, кв. 58 користувачем [Коваль Людмила] було додано лічильники: 0199250, 5432759].
[16-Dec-2024 09:51:26 Europe/Helsinki] NewDATA [INFO] Новий лічильник номер: 115129, тип: КВ-1,5 => DN 15, рік випуску: 2016, показники: 0, балансоутримувач: КП "ВДК" додано до БД користувачем [Коваль Людмила].
[16-Dec-2024 09:51:49 Europe/Helsinki] NewDATA [INFO] Новий лічильник номер: 068739, тип: КВ-1,5 => DN 15, рік випуску: 2016, показники: 0, балансоутримувач: КП "ТКЕ" додано до БД користувачем [Коваль Людмила].
[16-Dec-2024 09:51:51 Europe/Helsinki] EditDATA [INFO] За адресою просп. Перемоги, буд. 58, кв. 18 користувачем [Коваль Людмила] було додано лічильники: 115129, 068739].
[16-Dec-2024 09:52:34 Europe/Helsinki] NewDATA [INFO] Новий лічильник номер: 181205270, тип: СВК => DN 15, рік випуску: 2018, показники: 0, балансоутримувач: КП "ВДК" додано до БД користувачем [Коваль Людмила].
[16-Dec-2024 09:52:57 Europe/Helsinki] NewDATA [INFO] Новий лічильник номер: 181248801, тип: СВК => DN 15, рік випуску: 2018, показники: 0, балансоутримувач: КП "ТКЕ" додано до БД користувачем [Коваль Людмила].
[16-Dec-2024 09:52:59 Europe/Helsinki] EditDATA [INFO] За адресою просп. Миру, буд. 52, кв. 77 користувачем [Коваль Людмила] було додано лічильники: 181205270, 181248801].
[16-Dec-2024 09:53:52 Europe/Helsinki] NewDATA [INFO] Новий лічильник номер: 393893, тип: КВ-1,5 => DN 15, рік випуску: 2005, показники: 0, балансоутримувач: КП "ТКЕ" додано до БД користувачем [Коваль Людмила].
[16-Dec-2024 09:59:54 Europe/Helsinki] NewDATA [INFO] Новий лічильник номер: 520626, тип: КВ-1,5 => DN 15, рік випуску: 2005, показники: 0, балансоутримувач: КП "ВДК" додано до БД користувачем [Коваль Людмила].
[16-Dec-2024 10:00:18 Europe/Helsinki] NewDATA [INFO] Новий лічильник номер: 520027, тип: КВ-1,5 => DN 15, рік випуску: 2005, показники: 0, балансоутримувач: КП "ВДК" додано до БД користувачем [Коваль Людмила].
[16-Dec-2024 10:01:44 Europe/Helsinki] NewDATA [INFO] Новий лічильник номер: 568880, тип: КВ-1,5 => DN 15, рік випуску: 2005, показники: 0, балансоутримувач: КП "ТКЕ" додано до БД користувачем [Коваль Людмила].
[16-Dec-2024 10:01:46 Europe/Helsinki] EditDATA [INFO] За адресою вул. Самострова, буд. 9, кв. 57 користувачем [Коваль Людмила] було додано лічильники: 393893, 520626, 520027, 568880].
[16-Dec-2024 10:02:38 Europe/Helsinki] NewDATA [INFO] Новий лічильник номер: 071201, тип: КВ-1,5 => DN 15, рік випуску: 2016, показники: 0, балансоутримувач: КП "ВДК" додано до БД користувачем [Коваль Людмила].
[16-Dec-2024 10:03:19 Europe/Helsinki] NewDATA [INFO] Новий лічильник номер: 037911, тип: КВ-1,5 => DN 15, рік випуску: 2016, показники: 0, балансоутримувач: КП "ТКЕ" додано до БД користувачем [Коваль Людмила].
[16-Dec-2024 10:03:46 Europe/Helsinki] NewDATA [INFO] Новий лічильник номер: 071241, тип: КВ-1,5 => DN 15, рік випуску: 2016, показники: 0, балансоутримувач: КП "ВДК" додано до БД користувачем [Коваль Людмила].
[16-Dec-2024 10:04:08 Europe/Helsinki] NewDATA [INFO] Новий лічильник номер: 046374, тип: КВ-1,5 => DN 15, рік випуску: 2016, показники: 0, балансоутримувач: КП "ТКЕ" додано до БД користувачем [Коваль Людмила].
[16-Dec-2024 10:04:11 Europe/Helsinki] EditDATA [INFO] За адресою вул. Самострова, буд. 9, кв. 87 користувачем [Коваль Людмила] було додано лічильники: 071201, 037911, 071241, 046374].
[16-Dec-2024 10:14:14 Europe/Helsinki] NewDATA [INFO] Новий лічильник номер: 008223, тип: КВ-1,5 => DN 15, рік випуску: 2006, показники: 0, балансоутримувач: КП "ВДК" додано до БД користувачем [Коваль Людмила].
[16-Dec-2024 10:14:40 Europe/Helsinki] NewDATA [INFO] Новий лічильник номер: 0200106252, тип: ЛК => DN 15, рік випуску: 2020, показники: 0, балансоутримувач: КП "ТКЕ" додано до БД користувачем [Коваль Людмила].
[16-Dec-2024 10:14:42 Europe/Helsinki] EditDATA [INFO] За адресою вул. Самострова, буд. 9, кв. 114 користувачем [Коваль Людмила] було додано лічильники: 008223, 0200106252].
[16-Dec-2024 10:17:09 Europe/Helsinki] EditDATA [INFO] За адресою вул. Пятницька 49, кв. 182 користувачем [Сусло Тетяна] змінені номери телефонів з +38(067)995-60-25, +38(0462)77-46-86 на +38(067)698-03-03, при створенні нової заявки [Повірка] від 16.12.2024.
[16-Dec-2024 10:17:09 Europe/Helsinki] NewDATA [INFO] Нова заявка Повірка, адреса: вул. Пятницька 49, кв. 182, лічильники: БЕЗ НОМЕРА - 2 шт., вартість: 600 грн., примітки: 13-17, за 1 год додано до БД користувачем [Сусло Тетяна].
[2024-12-16T10:17:11.499] [INFO] DataBase - У заявці Повірка від 16 грудня 2024 р. за адресою вул. Пятницька, буд. 49, кв. 182 додано виконавця ЗАПЛАНОВАНІ та додано дату виконання 17 грудня 2024 р. користувачем [Сусло Тетяна].
[16-Dec-2024 10:17:58 Europe/Helsinki] NewDATA [INFO] Нова заявка Повірка, адреса: просп. Левка Лукяненка 12 корпус В, кв. 3, лічильники: БЕЗ НОМЕРА - 1 шт., вартість: 300 грн., примітки: 9-12 додано до БД користувачем [Коваль Людмила].
[2024-12-16T10:18:02.800] [INFO] DataBase - У заявці Повірка від 16 грудня 2024 р. за адресою просп. Левка Лукяненка, буд. 12, корп. В, кв. 3 додано виконавця ЗАПЛАНОВАНІ та додано дату виконання 17 грудня 2024 р. користувачем [Коваль Людмила].
[16-Dec-2024 10:18:15 Europe/Helsinki] NewDATA [INFO] Нова заявка Заміна, адреса: вул. Незалежності 62, кв. 35, лічильники: БЕЗ НОМЕРА - 1 шт., виконавець: Баранов, вартість: 1060 грн., примітки: 8-13, за 30 хв, не пізніше додано до БД користувачем [Сусло Тетяна].
[2024-12-16T10:18:20.210] [INFO] DataBase - У заявці Заміна від 16 грудня 2024 р. за адресою вул. Незалежності, буд. 62, кв. 35 додано дату виконання 19 грудня 2024 р. користувачем [Сусло Тетяна].
[2024-12-16T10:20:21.292] [INFO] DataBase - У заявці Повірка від 16 грудня 2024 р. за адресою вул. Радченка Вячеслава, буд. 14, кв. 57 додано виконавця ЗАПЛАНОВАНІ та додано дату виконання 17 грудня 2024 р. користувачем [Сусло Тетяна].
[2024-12-16T10:20:23.347] [INFO] DataBase - У заявці Повірка від 16 грудня 2024 р. за адресою вул. Радченка Вячеслава, буд. 14, кв. 57 змінено виконавця з ЗАПЛАНОВАНІ на ЗАПЛАНОВАНІ та змінено дату виконання з 17 грудня 2024 р. на 17 грудня 2024 р. користувачем [Коваль Людмила].
[16-Dec-2024 10:43:34 Europe/Helsinki] NewDATA [INFO] Нова заявка Заміна, адреса: просп. Миру 255 корпус А, кв. 100, лічильники: 236410, вартість: 350 грн., примітки: 1г/в с/в 236410 8-13 додано до БД користувачем [Сміян Альона].
[2024-12-16T10:43:37.755] [INFO] DataBase - У заявці Заміна від 16 грудня 2024 р. за адресою просп. Миру, буд. 255, корп. А, кв. 100 додано виконавця Баранов та додано дату виконання 18 грудня 2024 р. користувачем [Сміян Альона].
[16-Dec-2024 10:46:31 Europe/Helsinki] NewDATA [INFO] Нова заявка Повірка, адреса: вул. Льотна 43, кв. 126, лічильники: БЕЗ НОМЕРА - 1 шт., вартість: 300 грн., примітки: 8-13 додано до БД користувачем [Сміян Альона].
[2024-12-16T10:46:35.571] [INFO] DataBase - У заявці Повірка від 16 грудня 2024 р. за адресою вул. Льотна, буд. 43, кв. 126 додано виконавця ЗАПЛАНОВАНІ та додано дату виконання 18 грудня 2024 р. користувачем [Сміян Альона].
[16-Dec-2024 11:29:46 Europe/Helsinki] NewDATA [INFO] Нова адреса просп. Левка Лукяненка, буд. 42, кв. 50, тел. +38 (063) 361-39-68 додана до БД користувачем [Сусло Тетяна].
[16-Dec-2024 11:30:20 Europe/Helsinki] NewDATA [INFO] Нова заявка Повірка, адреса: просп. Левка Лукяненка 42, кв. 50, лічильники: БЕЗ НОМЕРА - 2 шт., вартість: 600 грн., примітки: 13-17, за 30 хв, можна раніше додано до БД користувачем [Сусло Тетяна].
[2024-12-16T11:30:23.761] [INFO] DataBase - У заявці Повірка від 16 грудня 2024 р. за адресою просп. Левка Лукяненка, буд. 42, кв. 50 додано виконавця ЗАПЛАНОВАНІ та додано дату виконання 17 грудня 2024 р. користувачем [Сусло Тетяна].
[16-Dec-2024 11:57:27 Europe/Helsinki] NewDATA [INFO] Нова адреса вул. Космонавтів, буд. 18, кв. 186, тел. +38 (063) 615-81-92 додана до БД користувачем [Сміян Альона].
[16-Dec-2024 11:58:54 Europe/Helsinki] NewDATA [INFO] Нова заявка Повірка, адреса: вул. Космонавтів 18, кв. 186, лічильники: БЕЗ НОМЕРА - 2 шт., вартість: 600 грн., примітки: 8-13 домоф не працює додано до БД користувачем [Сміян Альона].
[2024-12-16T11:59:02.545] [INFO] DataBase - У заявці Повірка від 16 грудня 2024 р. за адресою вул. Космонавтів, буд. 18, кв. 186 додано виконавця ЗАПЛАНОВАНІ та додано дату виконання 17 грудня 2024 р. користувачем [Сміян Альона].
[16-Dec-2024 12:03:39 Europe/Helsinki] EditDATA [INFO] За адресою вул. Незалежності 56, кв. 59 користувачем [Сусло Тетяна] змінені номери телефонів з +38(063)602-00-41 на +38(097)622-02-33, при створенні нової заявки [Повірка] від 16.12.2024.
[16-Dec-2024 12:03:39 Europe/Helsinki] NewDATA [INFO] Нова заявка Повірка, адреса: вул. Незалежності 56, кв. 59, лічильники: БЕЗ НОМЕРА - 2 шт., вартість: 600 грн., примітки: 8-13, за 1 год додано до БД користувачем [Сусло Тетяна].
[2024-12-16T12:03:44.117] [INFO] DataBase - У заявці Повірка від 16 грудня 2024 р. за адресою вул. Незалежності, буд. 56, кв. 59 додано виконавця ЗАПЛАНОВАНІ та додано дату виконання 24 грудня 2024 р. користувачем [Сусло Тетяна].
[16-Dec-2024 12:04:24 Europe/Helsinki] EditDATA [INFO] За адресою вул. Незалежності 18, кв. 43 користувачем [Сусло Тетяна] додано номер телефону +38(063)802-99-09, при створенні нової заявки [Повірка] від 16.12.2024.
[16-Dec-2024 12:04:24 Europe/Helsinki] NewDATA [INFO] Нова заявка Повірка, адреса: вул. Незалежності 18, кв. 43, лічильники: БЕЗ НОМЕРА - 1 шт., вартість: 300 грн., примітки: 8-13, 1 гв додано до БД користувачем [Сусло Тетяна].
[2024-12-16T12:04:27.793] [INFO] DataBase - У заявці Повірка від 16 грудня 2024 р. за адресою вул. Незалежності, буд. 18, кв. 43 додано виконавця ЗАПЛАНОВАНІ та додано дату виконання 24 грудня 2024 р. користувачем [Сусло Тетяна].
[16-Dec-2024 12:31:56 Europe/Helsinki] NewDATA [INFO] Нова адреса вул. Рятувальників, буд. 4, кв. 10, тел. +38 (093) 871-10-77 додана до БД користувачем [Сміян Альона].
[16-Dec-2024 12:32:15 Europe/Helsinki] NewDATA [INFO] Нова заявка Повірка, адреса: вул. Рятувальників 4, кв. 10, лічильники: БЕЗ НОМЕРА - 1 шт., вартість: 300 грн., примітки: 8-13 30хв додано до БД користувачем [Сміян Альона].
[2024-12-16T12:32:19.670] [INFO] DataBase - У заявці Повірка від 16 грудня 2024 р. за адресою вул. Рятувальників, буд. 4, кв. 10 додано виконавця ЗАПЛАНОВАНІ та додано дату виконання 18 грудня 2024 р. користувачем [Сміян Альона].
[16-Dec-2024 13:10:24 Europe/Helsinki] NewDATA [INFO] Нова заявка Заміна, адреса: вул. Земська 68, кв. 55, лічильники: БЕЗ НОМЕРА - 1 шт., вартість: 1060 грн., примітки: 1г/в с/в 8-13 додано до БД користувачем [Сміян Альона].
[2024-12-16T13:10:28.588] [INFO] DataBase - У заявці Заміна від 16 грудня 2024 р. за адресою вул. Земська, буд. 68, кв. 55 додано виконавця Баранов та додано дату виконання 18 грудня 2024 р. користувачем [Сміян Альона].
[16-Dec-2024 13:20:12 Europe/Helsinki] NewDATA [INFO] Нова адреса вул. Заньковецька, буд. 30, кв. 64, тел. +38 (093) 543-25-00 додана до БД користувачем [Коваль Людмила].
[16-Dec-2024 13:20:52 Europe/Helsinki] NewDATA [INFO] Нова заявка Повірка, адреса: вул. Заньковецька 30, кв. 64, лічильники: БЕЗ НОМЕРА - 4 шт., вартість: 1200 грн., примітки: 8-13,пер.за 30 хв. додано до БД користувачем [Коваль Людмила].
[2024-12-16T13:20:58.504] [INFO] DataBase - У заявці Повірка від 16 грудня 2024 р. за адресою вул. Заньковецька, буд. 30, кв. 64 додано виконавця ЗАПЛАНОВАНІ та додано дату виконання 17 грудня 2024 р. користувачем [Коваль Людмила].
[16-Dec-2024 13:21:45 Europe/Helsinki] EditDATA [INFO] За адресою просп. Перемоги 108 корпус Б, кв. 21 користувачем [Коваль Людмила] додано номер телефону +38(098)023-45-74, при створенні нової заявки [Повірка] від 16.12.2024.
[16-Dec-2024 13:21:46 Europe/Helsinki] NewDATA [INFO] Нова заявка Повірка, адреса: просп. Перемоги 108 корпус Б, кв. 21, лічильники: БЕЗ НОМЕРА - 1 шт., вартість: 300 грн., примітки: 13-17,пер.за час додано до БД користувачем [Коваль Людмила].
[2024-12-16T13:22:09.571] [INFO] DataBase - У заявці Повірка від 16 грудня 2024 р. за адресою просп. Перемоги, буд. 108, корп. Б, кв. 21 додано виконавця ЗАПЛАНОВАНІ та додано дату виконання 17 грудня 2024 р. користувачем [Коваль Людмила].
[16-Dec-2024 13:22:50 Europe/Helsinki] EditDATA [INFO] Для заявки Повірка від 16.12.2024 користувачем [Коваль Людмила] змінено виконавця з ЗАПЛАНОВАНІ на Осипенко.
[16-Dec-2024 13:23:04 Europe/Helsinki] EditDATA [INFO] Для заявки Повірка від 16.12.2024 користувачем [Коваль Людмила] змінено виконавця з ЗАПЛАНОВАНІ на Осипенко.
[16-Dec-2024 13:23:16 Europe/Helsinki] EditDATA [INFO] Для заявки Повірка від 10.12.2024 користувачем [Коваль Людмила] змінено виконавця з ЗАПЛАНОВАНІ на Осипенко.
[16-Dec-2024 13:23:59 Europe/Helsinki] EditDATA [INFO] Для заявки Повірка від 28.11.2024 користувачем [Коваль Людмила] змінено виконавця з ЗАПЛАНОВАНІ на Шкуліпа.
[16-Dec-2024 13:24:09 Europe/Helsinki] EditDATA [INFO] Для заявки Повірка від 10.12.2024 користувачем [Коваль Людмила] змінено виконавця з ЗАПЛАНОВАНІ на Шкуліпа.
[16-Dec-2024 13:24:43 Europe/Helsinki] EditDATA [INFO] Для заявки Повірка від 12.12.2024 користувачем [Коваль Людмила] змінено виконавця з ЗАПЛАНОВАНІ на Ващенко.
[16-Dec-2024 13:24:59 Europe/Helsinki] EditDATA [INFO] Для заявки Повірка від 16.12.2024 користувачем [Коваль Людмила] змінено виконавця з ЗАПЛАНОВАНІ на Ващенко.
[16-Dec-2024 13:25:16 Europe/Helsinki] EditDATA [INFO] Для заявки Повірка від 12.12.2024 користувачем [Коваль Людмила] змінено виконавця з ЗАПЛАНОВАНІ на Шкуліпа.
[16-Dec-2024 13:25:30 Europe/Helsinki] EditDATA [INFO] Для заявки Повірка від 16.12.2024 користувачем [Коваль Людмила] змінено виконавця з ЗАПЛАНОВАНІ на Ващенко.
[16-Dec-2024 13:54:00 Europe/Helsinki] NewDATA [INFO] Нова адреса вул. Льотна, буд. 21, кв. 64, тел. +38 (063) 718-15-61 додана до БД користувачем [Сміян Альона].
[16-Dec-2024 13:54:22 Europe/Helsinki] NewDATA [INFO] Нова заявка Повірка, адреса: вул. Льотна 21, кв. 64, лічильники: БЕЗ НОМЕРА - 1 шт., вартість: 300 грн., примітки: 8-13 1час додано до БД користувачем [Сміян Альона].
[2024-12-16T13:54:28.150] [INFO] DataBase - У заявці Повірка від 16 грудня 2024 р. за адресою вул. Льотна, буд. 21, кв. 64 додано виконавця ЗАПЛАНОВАНІ та додано дату виконання 18 грудня 2024 р. користувачем [Сміян Альона].
[16-Dec-2024 14:02:56 Europe/Helsinki] NewDATA [INFO] Нова адреса вул. Генерала Пухова, буд. 109, корп. 3, кв. 51, тел. +38 (093) 781-57-63 додана до БД користувачем [Сусло Тетяна].
[16-Dec-2024 14:04:06 Europe/Helsinki] NewDATA [INFO] Нова заявка Повірка, адреса: вул. Генерала Пухова 109 корпус 3, кв. 51, лічильники: БЕЗ НОМЕРА - 2 шт., вартість: 600 грн., примітки: 13-17, за 30 хв, договорений додано до БД користувачем [Сусло Тетяна].
[2024-12-16T14:04:09.858] [INFO] DataBase - У заявці Повірка від 16 грудня 2024 р. за адресою вул. Генерала Пухова, буд. 109, корп. 3, кв. 51 додано виконавця ЗАПЛАНОВАНІ та додано дату виконання 17 грудня 2024 р. користувачем [Сусло Тетяна].
[16-Dec-2024 14:04:52 Europe/Helsinki] NewDATA [INFO] Нова адреса вул. Текстильників, буд. 6, кв. 60, тел. +38 (068) 162-31-97 додана до БД користувачем [Коваль Людмила].
[16-Dec-2024 14:04:52 Europe/Helsinki] NewDATA [INFO] Нова адреса просп. Грушевського Михайла, буд. 157, кв. 121, тел. +38 (093) 847-35-61 додана до БД користувачем [Сусло Тетяна].
[16-Dec-2024 14:05:22 Europe/Helsinki] NewDATA [INFO] Нова заявка Повірка, адреса: вул. Текстильників 6, кв. 60, лічильники: БЕЗ НОМЕРА - 2 шт., вартість: 600 грн., примітки: 13-17 додано до БД користувачем [Коваль Людмила].
[2024-12-16T14:05:27.807] [INFO] DataBase - У заявці Повірка від 16 грудня 2024 р. за адресою вул. Текстильників, буд. 6, кв. 60 додано виконавця ЗАПЛАНОВАНІ та додано дату виконання 19 грудня 2024 р. користувачем [Коваль Людмила].
[16-Dec-2024 14:05:36 Europe/Helsinki] NewDATA [INFO] Нова заявка Повірка, адреса: просп. Грушевського Михайла 157, кв. 121, лічильники: БЕЗ НОМЕРА - 2 шт., вартість: 600 грн., примітки: 8-13, за 30 хв додано до БД користувачем [Сусло Тетяна].
[2024-12-16T14:05:39.435] [INFO] DataBase - У заявці Повірка від 16 грудня 2024 р. за адресою просп. Грушевського Михайла, буд. 157, кв. 121 додано виконавця ЗАПЛАНОВАНІ та додано дату виконання 17 грудня 2024 р. користувачем [Сусло Тетяна].
[2024-12-16T14:05:41.580] [INFO] DataBase - У заявці Повірка від 16 грудня 2024 р. за адресою просп. Грушевського Михайла, буд. 157, кв. 121 видалено виконавця ЗАПЛАНОВАНІ та видалено дату виконання 17 грудня 2024 р. користувачем [Сусло Тетяна].
[2024-12-16T14:05:46.651] [INFO] DataBase - У заявці Повірка від 16 грудня 2024 р. за адресою просп. Грушевського Михайла, буд. 157, кв. 121 додано виконавця ЗАПЛАНОВАНІ та додано дату виконання 23 грудня 2024 р. користувачем [Сусло Тетяна].
[16-Dec-2024 14:09:28 Europe/Helsinki] EditDATA [INFO] Для заявки Повірка від 16.12.2024 користувачем [Коваль Людмила] змінено виконавця з ЗАПЛАНОВАНІ на Ващенко.
[16-Dec-2024 14:37:14 Europe/Helsinki] NewDATA [INFO] Нова адреса вул. Генерала Пухова, буд. 130, кв. 144, тел. +38 (098) 550-83-83 додана до БД користувачем [Сусло Тетяна].
[16-Dec-2024 14:37:50 Europe/Helsinki] NewDATA [INFO] Нова заявка Повірка, адреса: вул. Генерала Пухова 130, кв. 144, лічильники: БЕЗ НОМЕРА - 2 шт., вартість: 600 грн., примітки: 13-17, за 1 год, підійдуть, договорений додано до БД користувачем [Сусло Тетяна].
[2024-12-16T14:37:55.470] [INFO] DataBase - У заявці Повірка від 16 грудня 2024 р. за адресою вул. Генерала Пухова, буд. 130, кв. 144 додано виконавця Ващенко та додано дату виконання 17 грудня 2024 р. користувачем [Сусло Тетяна].
[16-Dec-2024 14:39:05 Europe/Helsinki] NewDATA [INFO] Нова адреса вул. Дніпровська, буд. 31, кв. 79, тел. +38 (093) 724-37-23 додана до БД користувачем [Коваль Людмила].
[16-Dec-2024 14:39:40 Europe/Helsinki] NewDATA [INFO] Нова заявка Повірка, адреса: вул. Дніпровська 31, кв. 79, лічильники: БЕЗ НОМЕРА - 4 шт., вартість: 1200 грн., примітки: 13-14 додано до БД користувачем [Коваль Людмила].
[2024-12-16T14:39:58.339] [INFO] DataBase - У заявці Повірка від 16 грудня 2024 р. за адресою вул. Дніпровська, буд. 31, кв. 79 додано виконавця Осипенко та додано дату виконання 17 грудня 2024 р. користувачем [Коваль Людмила].
[16-Dec-2024 14:41:10 Europe/Helsinki] EditDATA [INFO] Для заявки Повірка від 16.12.2024 користувачем [Коваль Людмила] змінено виконавця з ЗАПЛАНОВАНІ на Ващенко.
[16-Dec-2024 14:42:01 Europe/Helsinki] EditDATA [INFO] Для заявки Повірка від 16.12.2024 користувачем [Коваль Людмила] змінено виконавця з ЗАПЛАНОВАНІ на Шкуліпа.
[16-Dec-2024 14:42:10 Europe/Helsinki] EditDATA [INFO] Для заявки Повірка від 12.12.2024 користувачем [Коваль Людмила] змінено виконавця з ЗАПЛАНОВАНІ на Шкуліпа.
[16-Dec-2024 14:42:28 Europe/Helsinki] EditDATA [INFO] Для заявки Повірка від 16.12.2024 користувачем [Коваль Людмила] змінено виконавця з ЗАПЛАНОВАНІ на Богомаз.
[16-Dec-2024 14:42:37 Europe/Helsinki] EditDATA [INFO] Для заявки Повірка від 16.12.2024 користувачем [Коваль Людмила] змінено виконавця з ЗАПЛАНОВАНІ на Богомаз.
[16-Dec-2024 14:54:12 Europe/Helsinki] NewDATA [INFO] Нова адреса вул. Волковича, буд. 8, кв. 67, тел. +38 (097) 696-81-79 додана до БД користувачем [Коваль Людмила].
[16-Dec-2024 14:55:01 Europe/Helsinki] NewDATA [INFO] Нова заявка Повірка, адреса: вул. Волковича 8, кв. 67, лічильники: БЕЗ НОМЕРА - 2 шт., вартість: 600 грн., примітки: 13-17 додано до БД користувачем [Коваль Людмила].
[2024-12-16T14:55:22.898] [INFO] DataBase - У заявці Повірка від 16 грудня 2024 р. за адресою вул. Волковича, буд. 8, кв. 67 додано виконавця ЗАПЛАНОВАНІ та додано дату виконання 20 грудня 2024 р. користувачем [Коваль Людмила].
[16-Dec-2024 14:57:33 Europe/Helsinki] EditDATA [INFO] За адресою вул. Захисників України 14 корпус Б, кв. 20 користувачем [Сміян Альона] додано номер телефону +38(066)274-14-41, при створенні нової заявки [Повірка] від 16.12.2024.
[16-Dec-2024 14:57:33 Europe/Helsinki] NewDATA [INFO] Нова заявка Повірка, адреса: вул. Захисників України 14 корпус Б, кв. 20, лічильники: БЕЗ НОМЕРА - 2 шт., вартість: 600 грн., примітки: 13-17 30хв будут приезджать додано до БД користувачем [Сміян Альона].
[2024-12-16T14:57:37.831] [INFO] DataBase - У заявці Повірка від 16 грудня 2024 р. за адресою вул. Захисників України, буд. 14, корп. Б, кв. 20 додано виконавця Шкуліпа та додано дату виконання 17 грудня 2024 р. користувачем [Сміян Альона].
[16-Dec-2024 15:01:34 Europe/Helsinki] NewDATA [INFO] Нова адреса вул. Захисників України, буд. 10, корп. А, кв. 103, тел. +38 (093) 361-88-31 додана до БД користувачем [Сусло Тетяна].
[16-Dec-2024 15:02:02 Europe/Helsinki] NewDATA [INFO] Нова заявка Повірка, адреса: вул. Захисників України 10 корпус А, кв. 103, лічильники: БЕЗ НОМЕРА - 2 шт., вартість: 600 грн., примітки: 8-13, за 30 хв додано до БД користувачем [Сусло Тетяна].
[2024-12-16T15:02:05.345] [INFO] DataBase - У заявці Повірка від 16 грудня 2024 р. за адресою вул. Захисників України, буд. 10, корп. А, кв. 103 додано виконавця ЗАПЛАНОВАНІ та додано дату виконання 23 грудня 2024 р. користувачем [Сусло Тетяна].
[16-Dec-2024 15:09:15 Europe/Helsinki] EditDATA [INFO] За адресою вул. Савчука 11, кв. 161 користувачем [Сусло Тетяна] змінені номери телефонів з +38(068)900-29-18, +38(063)525-77-48 на +38(093)811-51-56, при створенні нової заявки [Повірка] від 16.12.2024.
[16-Dec-2024 15:09:15 Europe/Helsinki] NewDATA [INFO] Нова заявка Повірка, адреса: вул. Савчука 11, кв. 161, лічильники: БЕЗ НОМЕРА - 4 шт., вартість: 1200 грн., примітки: 8-9, домофон не працює, за 15 хв, підійдуть додано до БД користувачем [Сусло Тетяна].
[2024-12-16T15:09:19.596] [INFO] DataBase - У заявці Повірка від 16 грудня 2024 р. за адресою вул. Савчука, буд. 11, кв. 161 додано виконавця ЗАПЛАНОВАНІ та додано дату виконання 18 грудня 2024 р. користувачем [Сусло Тетяна].
[16-Dec-2024 15:09:53 Europe/Helsinki] EditDATA [INFO] Для заявки Повірка від 16.12.2024 користувачем [Сусло Тетяна] змінено примітки з 8-13, за 30 хв на 8-13, за 1 год.
[16-Dec-2024 15:22:44 Europe/Helsinki] EditDATA [INFO] За адресою вул. Мстиславська 58, кв. 2 користувачем [Сміян Альона] змінені номери телефонів з +38(098)741-10-20 на +38(093)521-21-69, при створенні нової заявки [Заміна] від 16.12.2024.
[16-Dec-2024 15:22:44 Europe/Helsinki] NewDATA [INFO] Нова заявка Заміна, адреса: вул. Мстиславська 58, кв. 2, лічильники: БЕЗ НОМЕРА - 1 шт., вартість: 350 грн., примітки: 10-14 30хв додано до БД користувачем [Сміян Альона].
[2024-12-16T15:22:49.892] [INFO] DataBase - У заявці Заміна від 16 грудня 2024 р. за адресою вул. Мстиславська, буд. 58, кв. 2 додано виконавця Баранов та додано дату виконання 18 грудня 2024 р. користувачем [Сміян Альона].
[16-Dec-2024 15:48:51 Europe/Helsinki] NewDATA [INFO] Нова адреса вул. Доценка, буд. 4, корп. Б, кв. 120, тел. +38 (096) 652-02-45 +38 (063) 468-67-77 додана до БД користувачем [Сусло Тетяна].
[16-Dec-2024 15:50:00 Europe/Helsinki] NewDATA [INFO] Нова заявка Повірка, адреса: вул. Доценка 4 корпус Б, кв. 120, лічильники: БЕЗ НОМЕРА - 1 шт., вартість: 300 грн., примітки: 13-17, за 1 год, підідуть додано до БД користувачем [Сусло Тетяна].
[2024-12-16T15:50:05.599] [INFO] DataBase - У заявці Повірка від 16 грудня 2024 р. за адресою вул. Доценка, буд. 4, корп. Б, кв. 120 додано виконавця ЗАПЛАНОВАНІ та додано дату виконання 18 грудня 2024 р. користувачем [Сусло Тетяна].
[16-Dec-2024 16:34:23 Europe/Helsinki] EditDATA [INFO] За адресою вул. Небаби Мартина 100, кв. 55 користувачем [Сусло Тетяна] змінені номери телефонів з +38(0462)93-58-42 на +38(063)818-56-73, при створенні нової заявки [Повірка] від 16.12.2024.
[16-Dec-2024 16:34:23 Europe/Helsinki] NewDATA [INFO] Нова заявка Повірка, адреса: вул. Небаби Мартина 100, кв. 55, лічильники: БЕЗ НОМЕРА - 2 шт., вартість: 600 грн., примітки: 13-17, за 30 хв додано до БД користувачем [Сусло Тетяна].
[2024-12-16T16:34:27.824] [INFO] DataBase - У заявці Повірка від 16 грудня 2024 р. за адресою вул. Небаби Мартина, буд. 100, кв. 55 додано виконавця ЗАПЛАНОВАНІ та додано дату виконання 19 грудня 2024 р. користувачем [Сусло Тетяна].

