[24-Mar-2025 08:57:27 Europe/Helsinki] DellTASK [INFO] Заміна від 18.03.2025 для адреси просп. Перемоги, буд. 71, кв. 3 для лічильника 071670 було завершено користувачем [Сусло Тетяна] з коментарем: виконано.
[24-Mar-2025 08:57:39 Europe/Helsinki] DellTASK [INFO] Заміна від 18.03.2025 для адреси вул. Шевчука, буд. 2, кв. 6 для лічильника 002043 було завершено користувачем [Сусло Тетяна] з коментарем: виконано.
[24-Mar-2025 08:57:56 Europe/Helsinki] DellTASK [INFO] Заміна від 17.03.2025 для адреси вул. Мстиславська, буд. 42, кв. 37 для лічильника БЕЗ НОМЕРА - 1 шт. було завершено користувачем [Сусло Тетяна] з коментарем: виконано 2 ліч.
[24-Mar-2025 09:06:55 Europe/Helsinki] DellTASK [INFO] Повірка від 17.03.2025 для адреси вул. Захисників України, буд. 7, кв. 25 для лічильника БЕЗ НОМЕРА - 2 шт. було завершено користувачем [Коваль Людмила] з коментарем: виконано.
[24-Mar-2025 09:07:28 Europe/Helsinki] DellTASK [INFO] Повірка від 20.03.2025 для адреси вул. Захисників України, буд. 16, кв. 82 для лічильника БЕЗ НОМЕРА - 2 шт. було завершено користувачем [Коваль Людмила] з коментарем: не виконано.несправна савнтехніка.
[24-Mar-2025 09:07:47 Europe/Helsinki] DellTASK [INFO] Повірка від 19.03.2025 для адреси просп. Грушевського Михайла, буд. 169, корп. 1, кв. 60 для лічильника БЕЗ НОМЕРА - 2 шт. було завершено користувачем [Коваль Людмила] з коментарем: виконано.
[24-Mar-2025 09:08:03 Europe/Helsinki] DellTASK [INFO] Повірка від 19.03.2025 для адреси просп. Левка Лукяненка, буд. 48, кв. 135 для лічильника БЕЗ НОМЕРА - 2 шт. було завершено користувачем [Коваль Людмила] з коментарем: виконано.
[24-Mar-2025 09:08:18 Europe/Helsinki] DellTASK [INFO] Повірка від 17.03.2025 для адреси вул. Захисників України, буд. 9, корп. А, кв. 207 для лічильника БЕЗ НОМЕРА - 2 шт. було завершено користувачем [Коваль Людмила] з коментарем: виконано.
[24-Mar-2025 09:08:32 Europe/Helsinki] DellTASK [INFO] Повірка від 17.03.2025 для адреси вул. Захисників України, буд. 7, кв. 35 для лічильника БЕЗ НОМЕРА - 2 шт. було завершено користувачем [Коваль Людмила] з коментарем: виконано.
[24-Mar-2025 09:08:52 Europe/Helsinki] DellTASK [INFO] Повірка від 17.03.2025 для адреси вул. Шевченка, буд. 110, корп. А, кв. 16 для лічильника БЕЗ НОМЕРА - 1 шт. було завершено користувачем [Коваль Людмила] з коментарем: виконано.
[24-Mar-2025 09:09:10 Europe/Helsinki] DellTASK [INFO] Повірка від 13.03.2025 для адреси просп. Грушевського Михайла, буд. 182, кв. 4 для лічильника БЕЗ НОМЕРА - 2 шт. було завершено користувачем [Коваль Людмила] з коментарем: виконано.
[24-Mar-2025 09:09:34 Europe/Helsinki] DellTASK [INFO] Повірка від 21.03.2025 для адреси вул. Савчука, буд. 7, корп. А, кв. 67 для лічильника БЕЗ НОМЕРА - 4 шт. було завершено користувачем [Коваль Людмила] з коментарем: виконано.
[24-Mar-2025 09:09:49 Europe/Helsinki] DellTASK [INFO] Повірка від 19.03.2025 для адреси просп. Миру, буд. 271, корп. А, кв. 35 для лічильника БЕЗ НОМЕРА - 2 шт. було завершено користувачем [Коваль Людмила] з коментарем: виконано.
[24-Mar-2025 09:10:03 Europe/Helsinki] DellTASK [INFO] Повірка від 17.03.2025 для адреси просп. Миру, буд. 271, кв. 6 для лічильника БЕЗ НОМЕРА - 2 шт. було завершено користувачем [Коваль Людмила] з коментарем: виконано.
[24-Mar-2025 09:10:19 Europe/Helsinki] DellTASK [INFO] Повірка від 17.03.2025 для адреси просп. Миру, буд. 251, кв. 116 для лічильника БЕЗ НОМЕРА - 2 шт. було завершено користувачем [Коваль Людмила] з коментарем: виконано.
[24-Mar-2025 09:10:37 Europe/Helsinki] DellTASK [INFO] Повірка від 27.02.2025 для адреси просп. Миру, буд. 271, корп. А, кв. 62 для лічильника БЕЗ НОМЕРА - 2 шт. було завершено користувачем [Коваль Людмила] з коментарем: виконано.
[24-Mar-2025 09:10:55 Europe/Helsinki] DellTASK [INFO] Повірка від 14.03.2025 для адреси просп. Миру, буд. 257, кв. 45 для лічильника БЕЗ НОМЕРА - 3 шт. було завершено користувачем [Коваль Людмила] з коментарем: виконано.
[24-Mar-2025 09:11:14 Europe/Helsinki] DellTASK [INFO] Повірка від 13.03.2025 для адреси просп. Миру, буд. 253, кв. 121 для лічильника БЕЗ НОМЕРА - 2 шт. було завершено користувачем [Коваль Людмила] з коментарем: виконано.
[24-Mar-2025 09:49:31 Europe/Helsinki] NewDATA [INFO] Нова адреса вул. Текстильників, буд. 11, корп. Б, кв. 25, тел. +38 (095) 544-96-08 додана до БД користувачем [Сусло Тетяна].
[24-Mar-2025 09:50:04 Europe/Helsinki] NewDATA [INFO] Нова заявка Заміна, адреса: вул. Текстильників 11 корпус Б, кв. 25, лічильники: БЕЗ НОМЕРА - 1 шт., виконавець: Баранов, вартість: 1100 грн., примітки: 8-13, 1 гв, св додано до БД користувачем [Сусло Тетяна].
[2025-03-24T09:50:09.610] [INFO] DataBase - У заявці Заміна від 24 березня 2025 р. за адресою вул. Текстильників, буд. 11, корп. Б, кв. 25 додано дату виконання 25 березня 2025 р. користувачем [Сусло Тетяна].
[24-Mar-2025 09:54:08 Europe/Helsinki] NewDATA [INFO] Нова адреса вул. Гетьмана Полуботка, буд. 84, кв. 52, тел. +38 (095) 516-70-15 +38 (098) 532-33-45 додана до БД користувачем [Сусло Тетяна].
[24-Mar-2025 10:02:09 Europe/Helsinki] NewDATA [INFO] Нова заявка Заміна, адреса: вул. Гетьмана Полуботка 84, кв. 52, лічильники: БЕЗ НОМЕРА - 2 шт., виконавець: Баранов, вартість: 2200 грн., примітки: 8-13, за 30 хв, 1 хв, 1 гв додано до БД користувачем [Сусло Тетяна].
[2025-03-24T10:02:12.283] [INFO] DataBase - У заявці Заміна від 24 березня 2025 р. за адресою вул. Гетьмана Полуботка, буд. 84, кв. 52 додано дату виконання 16 квітня 2025 р. користувачем [Сусло Тетяна].
[24-Mar-2025 10:06:01 Europe/Helsinki] NewDATA [INFO] Нова адреса вул. Незалежності, буд. 70, кв. 53, тел. +38 (093) 539-83-97 додана до БД користувачем [Сусло Тетяна].
[24-Mar-2025 10:06:43 Europe/Helsinki] EditDATA [INFO] За адресою вул. Незалежності 70, кв. 53 користувачем [Сусло Тетяна] змінені номери телефонів з +38(093)539-83-97 на +38(093)539-83-97, +38(093)512-50-54, при створенні нової заявки [Повірка] від 24.03.2025.
[24-Mar-2025 10:06:43 Europe/Helsinki] NewDATA [INFO] Нова заявка Повірка, адреса: вул. Незалежності 70, кв. 53, лічильники: БЕЗ НОМЕРА - 1 шт., вартість: 300 грн., примітки: 8-13, за 30 хв, 1 гв додано до БД користувачем [Сусло Тетяна].
[2025-03-24T10:06:47.383] [INFO] DataBase - У заявці Повірка від 24 березня 2025 р. за адресою вул. Незалежності, буд. 70, кв. 53 додано виконавця ЗАПЛАНОВАНІ та додано дату виконання 1 квітня 2025 р. користувачем [Сусло Тетяна].
[24-Mar-2025 10:07:36 Europe/Helsinki] NewDATA [INFO] Нова адреса просп. Миру, буд. 180, кв. 3, тел. +38 (096) 309-60-12 додана до БД користувачем [Сусло Тетяна].
[24-Mar-2025 10:08:04 Europe/Helsinki] NewDATA [INFO] Нова заявка Повірка, адреса: просп. Миру 180, кв. 3, лічильники: БЕЗ НОМЕРА - 4 шт., вартість: 1200 грн., примітки: 13-17 додано до БД користувачем [Сусло Тетяна].
[2025-03-24T10:08:07.488] [INFO] DataBase - У заявці Повірка від 24 березня 2025 р. за адресою просп. Миру, буд. 180, кв. 3 додано виконавця ЗАПЛАНОВАНІ та додано дату виконання 27 березня 2025 р. користувачем [Сусло Тетяна].
[24-Mar-2025 10:08:52 Europe/Helsinki] NewDATA [INFO] Нова адреса просп. Перемоги, буд. 149, кв. 17, тел. +38 (093) 485-28-12 додана до БД користувачем [Сусло Тетяна].
[24-Mar-2025 10:09:31 Europe/Helsinki] NewDATA [INFO] Нова заявка Повірка, адреса: просп. Перемоги 149, кв. 17, лічильники: БЕЗ НОМЕРА - 2 шт., вартість: 600 грн., примітки: 8-12 додано до БД користувачем [Сусло Тетяна].
[2025-03-24T10:09:37.586] [INFO] DataBase - У заявці Повірка від 24 березня 2025 р. за адресою просп. Перемоги, буд. 149, кв. 17 додано виконавця ЗАПЛАНОВАНІ та додано дату виконання 28 березня 2025 р. користувачем [Сусло Тетяна].
[24-Mar-2025 10:10:33 Europe/Helsinki] EditDATA [INFO] За адресою вул. Доценка 17, кв. 60 користувачем [Сусло Тетяна] змінені номери телефонів з +38(063)759-58-54 на +38(068)492-12-72, при створенні нової заявки [Повірка] від 24.03.2025.
[24-Mar-2025 10:10:33 Europe/Helsinki] NewDATA [INFO] Нова заявка Повірка, адреса: вул. Доценка 17, кв. 60, лічильники: БЕЗ НОМЕРА - 2 шт., вартість: 600 грн., примітки: 8-10, за 15 хв додано до БД користувачем [Сусло Тетяна].
[2025-03-24T10:10:36.723] [INFO] DataBase - У заявці Повірка від 24 березня 2025 р. за адресою вул. Доценка, буд. 17, кв. 60 додано виконавця ЗАПЛАНОВАНІ та додано дату виконання 26 березня 2025 р. користувачем [Сусло Тетяна].
[24-Mar-2025 10:11:14 Europe/Helsinki] NewDATA [INFO] Нова адреса вул. Незалежності, буд. 15, кв. 155, тел. +38 (097) 397-83-15 додана до БД користувачем [Сусло Тетяна].
[24-Mar-2025 10:11:37 Europe/Helsinki] NewDATA [INFO] Нова заявка Повірка, адреса: вул. Незалежності 15, кв. 155, лічильники: БЕЗ НОМЕРА - 1 шт., вартість: 300 грн., примітки: 13-17 додано до БД користувачем [Сусло Тетяна].
[2025-03-24T10:11:41.089] [INFO] DataBase - У заявці Повірка від 24 березня 2025 р. за адресою вул. Незалежності, буд. 15, кв. 155 додано виконавця ЗАПЛАНОВАНІ та додано дату виконання 1 квітня 2025 р. користувачем [Сусло Тетяна].
[24-Mar-2025 10:13:05 Europe/Helsinki] NewDATA [INFO] Нова заявка Повірка, адреса: вул. Савчука 7, кв. 74, лічильники: БЕЗ НОМЕРА - 2 шт., вартість: 600 грн., примітки: 8-13 додано до БД користувачем [Сусло Тетяна].
[2025-03-24T10:13:09.159] [INFO] DataBase - У заявці Повірка від 24 березня 2025 р. за адресою вул. Савчука, буд. 7, кв. 74 додано виконавця ЗАПЛАНОВАНІ та додано дату виконання 26 березня 2025 р. користувачем [Сусло Тетяна].
[24-Mar-2025 10:19:18 Europe/Helsinki] NewDATA [INFO] Нова заявка Заміна, адреса: вул. Волковича 9, кв. 86, лічильники: БЕЗ НОМЕРА - 1 шт., виконавець: Баранов, вартість: 400 грн., примітки: 8-13, 1 гв, доступ може бути важкий додано до БД користувачем [Сусло Тетяна].
[2025-03-24T10:19:20.681] [INFO] DataBase - У заявці Заміна від 24 березня 2025 р. за адресою вул. Волковича, буд. 9, кв. 86 додано дату виконання 27 березня 2025 р. користувачем [Сусло Тетяна].
[24-Mar-2025 10:19:43 Europe/Helsinki] NewDATA [INFO] Нова адреса вул. Мазепи Івана, буд. 25, кв. 15, тел. +38 (050) 609-96-46 додана до БД користувачем [Коваль Людмила].
[24-Mar-2025 10:20:03 Europe/Helsinki] NewDATA [INFO] Нова адреса вул. 1-ої танкової бригади, буд. 14, кв. 47, тел. +38 (063) 715-55-17 додана до БД користувачем [Сусло Тетяна].
[24-Mar-2025 10:20:51 Europe/Helsinki] NewDATA [INFO] Нова заявка Повірка, адреса: вул. 1-ої танкової бригади 14, кв. 47, лічильники: БЕЗ НОМЕРА - 2 шт., вартість: 600 грн., примітки: 13-17 додано до БД користувачем [Сусло Тетяна].
[24-Mar-2025 10:21:08 Europe/Helsinki] NewDATA [INFO] Нова заявка Повірка, адреса: вул. Мазепи Івана 25, кв. 15, лічильники: БЕЗ НОМЕРА - 2 шт., вартість: 600 грн., примітки: 8-10,код 147 додано до БД користувачем [Коваль Людмила].
[2025-03-24T10:21:15.976] [INFO] DataBase - У заявці Повірка від 24 березня 2025 р. за адресою вул. Мазепи Івана, буд. 25, кв. 15 додано виконавця ЗАПЛАНОВАНІ та додано дату виконання 31 березня 2025 р. користувачем [Коваль Людмила].
[24-Mar-2025 10:21:22 Europe/Helsinki] EditDATA [INFO] За адресою вул. 1-ої танкової бригади 14, кв. 48 користувачем [Сусло Тетяна] змінені номери телефонів з +38(098)985-78-49, +38(063)715-55-17 на +38(063)715-55-17, при створенні нової заявки [Повірка] від 24.03.2025.
[24-Mar-2025 10:21:22 Europe/Helsinki] NewDATA [INFO] Нова заявка Повірка, адреса: вул. 1-ої танкової бригади 14, кв. 48, лічильники: БЕЗ НОМЕРА - 2 шт., вартість: 600 грн., примітки: 13-17 додано до БД користувачем [Сусло Тетяна].
[2025-03-24T10:21:47.368] [INFO] DataBase - У заявці Повірка від 24 березня 2025 р. за адресою вул. 1-ої танкової бригади, буд. 14, кв. 47 додано виконавця ЗАПЛАНОВАНІ та додано дату виконання 26 березня 2025 р. користувачем [Сусло Тетяна].
[2025-03-24T10:21:51.169] [INFO] DataBase - У заявці Повірка від 24 березня 2025 р. за адресою вул. 1-ої танкової бригади, буд. 14, кв. 48 додано виконавця ЗАПЛАНОВАНІ та додано дату виконання 26 березня 2025 р. користувачем [Сусло Тетяна].
[24-Mar-2025 10:22:10 Europe/Helsinki] NewDATA [INFO] Нова заявка Повірка, адреса: вул. Воздвиженська 3, кв. 16, лічильники: БЕЗ НОМЕРА - 1 шт., вартість: 300 грн., примітки: 8-13 додано до БД користувачем [Коваль Людмила].
[2025-03-24T10:23:23.130] [INFO] DataBase - У заявці Повірка від 24 березня 2025 р. за адресою вул. Воздвиженська, буд. 3, кв. 16 додано виконавця ЗАПЛАНОВАНІ та додано дату виконання 27 березня 2025 р. користувачем [Коваль Людмила].
[24-Mar-2025 10:26:58 Europe/Helsinki] NewDATA [INFO] Нова адреса вул. Богуна Івана, буд. 45, кв. 23, тел. +38 (093) 306-02-18 додана до БД користувачем [Коваль Людмила].
[24-Mar-2025 10:27:54 Europe/Helsinki] NewDATA [INFO] Нова заявка Повірка, адреса: вул. Богуна Івана 45, кв. 23, лічильники: БЕЗ НОМЕРА - 2 шт., вартість: 600 грн., примітки: 8-13 додано до БД користувачем [Коваль Людмила].
[2025-03-24T10:28:06.621] [INFO] DataBase - У заявці Повірка від 24 березня 2025 р. за адресою вул. Богуна Івана, буд. 45, кв. 23 додано виконавця ЗАПЛАНОВАНІ та додано дату виконання 27 березня 2025 р. користувачем [Коваль Людмила].
[24-Mar-2025 10:28:50 Europe/Helsinki] NewDATA [INFO] Нова адреса вул. Жабинського, буд. 3, кв. 1, тел. +38 (093) 914-00-14 додана до БД користувачем [Коваль Людмила].
[24-Mar-2025 10:29:16 Europe/Helsinki] NewDATA [INFO] Нова заявка Повірка, адреса: вул. Жабинського 3, кв. 1, лічильники: БЕЗ НОМЕРА - 2 шт., вартість: 600 грн., примітки: 8-10 додано до БД користувачем [Коваль Людмила].
[2025-03-24T10:29:21.184] [INFO] DataBase - У заявці Повірка від 24 березня 2025 р. за адресою вул. Жабинського, буд. 3, кв. 1 додано виконавця ЗАПЛАНОВАНІ та додано дату виконання 26 березня 2025 р. користувачем [Коваль Людмила].
[24-Mar-2025 10:30:12 Europe/Helsinki] NewDATA [INFO] Нова адреса вул. Ціолковського, буд. 2, кв. 10, тел. +38 (063) 655-71-42 додана до БД користувачем [Коваль Людмила].
[24-Mar-2025 10:30:44 Europe/Helsinki] NewDATA [INFO] Нова заявка Повірка, адреса: вул. Ціолковського 2, кв. 10, лічильники: БЕЗ НОМЕРА - 2 шт., вартість: 600 грн., примітки: 13-17,пер.за 30 хв. додано до БД користувачем [Коваль Людмила].
[2025-03-24T10:30:50.288] [INFO] DataBase - У заявці Повірка від 24 березня 2025 р. за адресою вул. Ціолковського, буд. 2, кв. 10 додано виконавця ЗАПЛАНОВАНІ та додано дату виконання 28 березня 2025 р. користувачем [Коваль Людмила].
[24-Mar-2025 10:32:13 Europe/Helsinki] EditDATA [INFO] За адресою просп. Миру 269, кв. 95 користувачем [Коваль Людмила] змінені номери телефонів з +38(093)168-13-16, +38(096)591-54-98 на +38(093)168-13-16, при створенні нової заявки [Повірка] від 24.03.2025.
[24-Mar-2025 10:32:13 Europe/Helsinki] NewDATA [INFO] Нова заявка Повірка, адреса: просп. Миру 269, кв. 95, лічильники: БЕЗ НОМЕРА - 1 шт., вартість: 300 грн., примітки: 8-13,горячу додано до БД користувачем [Коваль Людмила].
[2025-03-24T10:32:19.187] [INFO] DataBase - У заявці Повірка від 24 березня 2025 р. за адресою просп. Миру, буд. 269, кв. 95 додано виконавця ЗАПЛАНОВАНІ та додано дату виконання 28 березня 2025 р. користувачем [Коваль Людмила].
[24-Mar-2025 10:33:05 Europe/Helsinki] NewDATA [INFO] Нова заявка Заміна, адреса: вул. Чорновола Вячеслава 32, кв. 50, лічильники: БЕЗ НОМЕРА - 1 шт., вартість: 1100 грн., примітки: 8-13,гор.с/в додано до БД користувачем [Коваль Людмила].
[2025-03-24T10:33:10.236] [INFO] DataBase - У заявці Заміна від 24 березня 2025 р. за адресою вул. Чорновола Вячеслава, буд. 32, кв. 50 додано виконавця Баранов та додано дату виконання 27 березня 2025 р. користувачем [Коваль Людмила].
[24-Mar-2025 10:48:26 Europe/Helsinki] EditDATA [INFO] За адресою вул. Небаби Мартина 100, кв. 118 користувачем [Сусло Тетяна] додано номер телефону +38(097)127-24-62, при створенні нової заявки [Повірка] від 24.03.2025.
[24-Mar-2025 10:48:26 Europe/Helsinki] NewDATA [INFO] Нова заявка Повірка, адреса: вул. Небаби Мартина 100, кв. 118, лічильники: БЕЗ НОМЕРА - 1 шт., вартість: 300 грн., примітки: 13-17, 10 перх, дом. не працює, 3 під'їзд (біля офісу союза) додано до БД користувачем [Сусло Тетяна].
[2025-03-24T10:48:29.563] [INFO] DataBase - У заявці Повірка від 24 березня 2025 р. за адресою вул. Небаби Мартина, буд. 100, кв. 118 додано виконавця ЗАПЛАНОВАНІ та додано дату виконання 25 березня 2025 р. користувачем [Сусло Тетяна].
[24-Mar-2025 11:12:46 Europe/Helsinki] NewDATA [INFO] Нова адреса вул. Любецька, буд. 104, кв. 23, тел. +38 (063) 793-97-19 додана до БД користувачем [Коваль Людмила].
[24-Mar-2025 11:23:48 Europe/Helsinki] NewDATA [INFO] Нова адреса вул. Шевченка, буд. 114, корп. А, кв. 147, тел. +38 (099) 525-35-95 додана до БД користувачем [Коваль Людмила].
[24-Mar-2025 11:24:20 Europe/Helsinki] NewDATA [INFO] Нова заявка Повірка, адреса: вул. Шевченка 114 корпус А, кв. 147, лічильники: БЕЗ НОМЕРА - 1 шт., вартість: 300 грн., примітки: 8-13,пер.за 30 хв. додано до БД користувачем [Коваль Людмила].
[2025-03-24T11:24:31.405] [INFO] DataBase - У заявці Повірка від 24 березня 2025 р. за адресою вул. Шевченка, буд. 114, корп. А, кв. 147 додано виконавця ЗАПЛАНОВАНІ та додано дату виконання 31 березня 2025 р. користувачем [Коваль Людмила].
[24-Mar-2025 12:40:30 Europe/Helsinki] DellTASK [INFO] Повірка від 17.03.2025 для адреси вул. Реміснича, буд. 55, корп. А, кв. 28 для лічильника БЕЗ НОМЕРА - 1 шт. було завершено користувачем [Коваль Людмила] з коментарем: виконано.
[24-Mar-2025 12:40:47 Europe/Helsinki] DellTASK [INFO] Повірка від 17.03.2025 для адреси вул. Пирогова, буд. 22, корп. А, кв. 82 для лічильника БЕЗ НОМЕРА - 1 шт. було завершено користувачем [Коваль Людмила] з коментарем: виконано.
[24-Mar-2025 12:41:16 Europe/Helsinki] DellTASK [INFO] Повірка від 14.03.2025 для адреси вул. Жабинського, буд. 2, корп. В, кв. 48 для лічильника БЕЗ НОМЕРА - 1 шт. було завершено користувачем [Коваль Людмила] з коментарем: виконано.
[24-Mar-2025 12:41:44 Europe/Helsinki] NewDATA [INFO] Нова адреса просп. Левка Лукяненка, буд. 12, корп. 1, кв. 40, тел. +38 (063) 609-14-05 додана до БД користувачем [Сусло Тетяна].
[24-Mar-2025 12:43:54 Europe/Helsinki] NewDATA [INFO] Нова заявка Повірка, адреса: просп. Левка Лукяненка 12 корпус 1, кв. 40, лічильники: БЕЗ НОМЕРА - 4 шт., вартість: 1200 грн., примітки: 8-13 додано до БД користувачем [Сусло Тетяна].
[2025-03-24T12:43:57.390] [INFO] DataBase - У заявці Повірка від 24 березня 2025 р. за адресою просп. Левка Лукяненка, буд. 12, корп. 1, кв. 40 додано виконавця ЗАПЛАНОВАНІ та додано дату виконання 27 березня 2025 р. користувачем [Сусло Тетяна].
[24-Mar-2025 12:44:52 Europe/Helsinki] EditDATA [INFO] За адресою вул. Березовського Максима 1, кв. 41 користувачем [Сусло Тетяна] змінені номери телефонів з +38(050)735-70-10 на +38(099)721-59-12, при створенні нової заявки [Повірка] від 24.03.2025.
[24-Mar-2025 12:44:52 Europe/Helsinki] NewDATA [INFO] Нова заявка Повірка, адреса: вул. Березовського Максима 1, кв. 41, лічильники: БЕЗ НОМЕРА - 2 шт., вартість: 600 грн., примітки: 8-13 додано до БД користувачем [Сусло Тетяна].
[2025-03-24T12:44:56.627] [INFO] DataBase - У заявці Повірка від 24 березня 2025 р. за адресою вул. Березовського Максима, буд. 1, кв. 41 додано виконавця ЗАПЛАНОВАНІ та додано дату виконання 2 квітня 2025 р. користувачем [Сусло Тетяна].
[24-Mar-2025 13:05:35 Europe/Helsinki] DellTASK [INFO] Повірка від 21.03.2025 для адреси просп. Миру, буд. 89, кв. 145 для лічильника БЕЗ НОМЕРА - 4 шт. було завершено користувачем [Коваль Людмила] з коментарем: виконано.
[24-Mar-2025 13:05:52 Europe/Helsinki] DellTASK [INFO] Повірка від 21.03.2025 для адреси вул. Пирогова, буд. 1, кв. 31 для лічильника БЕЗ НОМЕРА - 3 шт. було завершено користувачем [Коваль Людмила] з коментарем: виконано.
[24-Mar-2025 13:06:10 Europe/Helsinki] DellTASK [INFO] Повірка від 20.03.2025 для адреси вул. Мацієвського Олександра, буд. 24, кв. 1 для лічильника БЕЗ НОМЕРА - 5 шт. було завершено користувачем [Коваль Людмила] з коментарем: виконано.
[24-Mar-2025 13:06:29 Europe/Helsinki] DellTASK [INFO] Повірка від 18.03.2025 для адреси вул. Мацієвського Олександра, буд. 12, корп. Б, кв. 7 для лічильника БЕЗ НОМЕРА - 1 шт. було завершено користувачем [Коваль Людмила] з коментарем: виконано.
[24-Mar-2025 13:06:47 Europe/Helsinki] DellTASK [INFO] Повірка від 17.03.2025 для адреси вул. Чорновола Вячеслава, буд. 49, корп. 2, кв. 31 для лічильника БЕЗ НОМЕРА - 2 шт. було завершено користувачем [Коваль Людмила] з коментарем: виконано.
[24-Mar-2025 13:13:53 Europe/Helsinki] NewDATA [INFO] Нова адреса вул. Захисників України, буд. 13, кв. 58, тел. +38 (050) 200-86-81 додана до БД користувачем [Коваль Людмила].
[24-Mar-2025 13:14:30 Europe/Helsinki] NewDATA [INFO] Нова заявка Повірка, адреса: вул. Захисників України 13, кв. 58, лічильники: БЕЗ НОМЕРА - 2 шт., вартість: 600 грн., примітки: 8-13,код 38 додано до БД користувачем [Коваль Людмила].
[2025-03-24T13:14:36.312] [INFO] DataBase - У заявці Повірка від 24 березня 2025 р. за адресою вул. Захисників України, буд. 13, кв. 58 додано виконавця ЗАПЛАНОВАНІ та додано дату виконання 31 березня 2025 р. користувачем [Коваль Людмила].
[24-Mar-2025 13:15:37 Europe/Helsinki] EditDATA [INFO] За адресою просп. Перемоги 119 корпус А, кв. 262 користувачем [Коваль Людмила] змінені номери телефонів з +38(093)558-67-64, +38(067)160-12-35, +38(097)724-06-53 на +38(097)724-06-53, при створенні нової заявки [Повірка] від 24.03.2025.
[24-Mar-2025 13:15:37 Europe/Helsinki] NewDATA [INFO] Нова заявка Повірка, адреса: просп. Перемоги 119 корпус А, кв. 262, лічильники: БЕЗ НОМЕРА - 1 шт., вартість: 300 грн., примітки: 8-13 додано до БД користувачем [Коваль Людмила].
[2025-03-24T13:15:43.697] [INFO] DataBase - У заявці Повірка від 24 березня 2025 р. за адресою просп. Перемоги, буд. 119, корп. А, кв. 262 додано виконавця ЗАПЛАНОВАНІ та додано дату виконання 27 березня 2025 р. користувачем [Коваль Людмила].
[24-Mar-2025 13:16:33 Europe/Helsinki] NewDATA [INFO] Нова заявка Повірка, адреса: вул. Любецька 104, кв. 23, лічильники: БЕЗ НОМЕРА - 1 шт., вартість: 300 грн., примітки: 13-17 додано до БД користувачем [Коваль Людмила].
[2025-03-24T13:16:40.747] [INFO] DataBase - У заявці Повірка від 24 березня 2025 р. за адресою вул. Любецька, буд. 104, кв. 23 додано виконавця ЗАПЛАНОВАНІ та додано дату виконання 1 квітня 2025 р. користувачем [Коваль Людмила].
[24-Mar-2025 13:17:47 Europe/Helsinki] NewDATA [INFO] Нова заявка Повірка, адреса: вул. Мстиславська 179, кв. 35, лічильники: БЕЗ НОМЕРА - 2 шт., вартість: 600 грн., примітки: 11-14 додано до БД користувачем [Коваль Людмила].
[2025-03-24T13:17:53.067] [INFO] DataBase - У заявці Повірка від 24 березня 2025 р. за адресою вул. Мстиславська, буд. 179, кв. 35 додано виконавця ЗАПЛАНОВАНІ та додано дату виконання 25 березня 2025 р. користувачем [Коваль Людмила].
[24-Mar-2025 13:19:02 Europe/Helsinki] NewDATA [INFO] Нова адреса просп. Миру, буд. 271, корп. А, кв. 49, тел. +38 (095) 710-94-26 додана до БД користувачем [Коваль Людмила].
[24-Mar-2025 13:20:07 Europe/Helsinki] NewDATA [INFO] Нова заявка Повірка, адреса: просп. Миру 271 корпус А, кв. 49, лічильники: БЕЗ НОМЕРА - 2 шт., вартість: 600 грн., примітки: 8-10 додано до БД користувачем [Коваль Людмила].
[2025-03-24T13:20:14.986] [INFO] DataBase - У заявці Повірка від 24 березня 2025 р. за адресою просп. Миру, буд. 271, корп. А, кв. 49 додано виконавця ЗАПЛАНОВАНІ та додано дату виконання 28 березня 2025 р. користувачем [Коваль Людмила].
[24-Mar-2025 13:22:23 Europe/Helsinki] NewDATA [INFO] Нова адреса вул. Любецька, буд. 104, кв. 22, тел. +38 (068) 284-54-31 додана до БД користувачем [Коваль Людмила].
[24-Mar-2025 13:24:40 Europe/Helsinki] NewDATA [INFO] Нова заявка Повірка, адреса: вул. Любецька 104, кв. 22, лічильники: БЕЗ НОМЕРА - 1 шт., вартість: 300 грн., примітки: 13-17 додано до БД користувачем [Коваль Людмила].
[2025-03-24T13:24:48.059] [INFO] DataBase - У заявці Повірка від 24 березня 2025 р. за адресою вул. Любецька, буд. 104, кв. 22 додано виконавця ЗАПЛАНОВАНІ та додано дату виконання 1 квітня 2025 р. користувачем [Коваль Людмила].
[24-Mar-2025 13:38:29 Europe/Helsinki] NewDATA [INFO] Нова адреса вул. Гонча, буд. 76, кв. 92, тел. +38 (093) 252-67-01 додана до БД користувачем [Коваль Людмила].
[24-Mar-2025 13:39:34 Europe/Helsinki] NewDATA [INFO] Нова заявка Повірка, адреса: вул. Гонча 76, кв. 92, лічильники: БЕЗ НОМЕРА - 2 шт., вартість: 600 грн., примітки: 13-17 додано до БД користувачем [Коваль Людмила].
[2025-03-24T13:39:46.125] [INFO] DataBase - У заявці Повірка від 24 березня 2025 р. за адресою вул. Гонча, буд. 76, кв. 92 додано виконавця ЗАПЛАНОВАНІ та додано дату виконання 25 березня 2025 р. користувачем [Коваль Людмила].
[24-Mar-2025 13:49:15 Europe/Helsinki] NewDATA [INFO] Нова заявка Повірка, адреса: просп. Перемоги 119 корпус А, кв. 222, лічильники: БЕЗ НОМЕРА - 1 шт., вартість: 300 грн., примітки: 8-13(уточн.квартиру) додано до БД користувачем [Коваль Людмила].
[2025-03-24T13:49:22.398] [INFO] DataBase - У заявці Повірка від 24 березня 2025 р. за адресою просп. Перемоги, буд. 119, корп. А, кв. 222 додано виконавця ЗАПЛАНОВАНІ та додано дату виконання 27 березня 2025 р. користувачем [Коваль Людмила].
[24-Mar-2025 13:50:16 Europe/Helsinki] NewDATA [INFO] Нова адреса вул. Гетьмана Полуботка, буд. 80, кв. 76, тел. +38 (099) 722-47-14 додана до БД користувачем [Коваль Людмила].
[24-Mar-2025 13:51:03 Europe/Helsinki] NewDATA [INFO] Нова заявка Повірка, адреса: вул. Гетьмана Полуботка 80, кв. 76, лічильники: БЕЗ НОМЕРА - 2 шт., вартість: 600 грн., примітки: 8-13,дом.не працює додано до БД користувачем [Коваль Людмила].
[2025-03-24T13:51:16.655] [INFO] DataBase - У заявці Повірка від 24 березня 2025 р. за адресою вул. Гетьмана Полуботка, буд. 80, кв. 76 додано виконавця ЗАПЛАНОВАНІ та додано дату виконання 1 квітня 2025 р. користувачем [Коваль Людмила].
[24-Mar-2025 13:58:06 Europe/Helsinki] NewDATA [INFO] Нова заявка Повірка, адреса: просп. Перемоги 119 корпус А, кв. 373, лічильники: БЕЗ НОМЕРА - 1 шт., вартість: 300 грн. додано до БД користувачем [Сусло Тетяна].
[2025-03-24T13:58:25.423] [INFO] DataBase - У заявці Повірка від 24 березня 2025 р. за адресою просп. Перемоги, буд. 119, корп. А, кв. 373 додано виконавця ЗАПЛАНОВАНІ та додано дату виконання 27 березня 2025 р. користувачем [Сусло Тетяна].
[24-Mar-2025 13:58:46 Europe/Helsinki] EditDATA [INFO] Для заявки Повірка від 24.03.2025 користувачем [Сусло Тетяна] додано примітки 8-13, за 1 год.
[24-Mar-2025 13:59:46 Europe/Helsinki] NewDATA [INFO] Нова адреса вул. курсанта Єськова, буд. 26, корп. А, кв. 99, тел. +38 (093) 567-28-69 додана до БД користувачем [Сусло Тетяна].
[24-Mar-2025 14:00:32 Europe/Helsinki] NewDATA [INFO] Нова заявка Повірка, адреса: вул. курсанта Єськова 26 корпус А, кв. 99, лічильники: БЕЗ НОМЕРА - 1 шт., вартість: 300 грн., примітки: 11-14, за 30 хв додано до БД користувачем [Сусло Тетяна].
[2025-03-24T14:00:35.899] [INFO] DataBase - У заявці Повірка від 24 березня 2025 р. за адресою вул. курсанта Єськова, буд. 26, корп. А, кв. 99 додано виконавця ЗАПЛАНОВАНІ та додано дату виконання 27 березня 2025 р. користувачем [Сусло Тетяна].
[24-Mar-2025 14:01:18 Europe/Helsinki] NewDATA [INFO] Нова адреса вул. Генерала Пухова, буд. 138, кв. 110, тел. +38 (097) 585-09-60 додана до БД користувачем [Сусло Тетяна].
[24-Mar-2025 14:05:15 Europe/Helsinki] NewDATA [INFO] Нова заявка Повірка, адреса: вул. Генерала Пухова 138, кв. 110, лічильники: БЕЗ НОМЕРА - 1 шт., вартість: 300 грн., примітки: 8-13, 1 хв додано до БД користувачем [Сусло Тетяна].
[2025-03-24T14:05:20.319] [INFO] DataBase - У заявці Повірка від 24 березня 2025 р. за адресою вул. Генерала Пухова, буд. 138, кв. 110 додано виконавця ЗАПЛАНОВАНІ та додано дату виконання 27 березня 2025 р. користувачем [Сусло Тетяна].
[2025-03-24T14:05:24.884] [INFO] DataBase - У заявці Повірка від 24 березня 2025 р. за адресою вул. Генерала Пухова, буд. 138, кв. 110 видалено дату виконання 27 березня 2025 р. користувачем [Сусло Тетяна].
[2025-03-24T14:05:30.678] [INFO] DataBase - У заявці Повірка від 24 березня 2025 р. за адресою вул. Генерала Пухова, буд. 138, кв. 110 додано дату виконання 26 березня 2025 р. користувачем [Сусло Тетяна].
[24-Mar-2025 14:06:11 Europe/Helsinki] NewDATA [INFO] Нова адреса вул. Волковича, буд. 2, корп. А, кв. 48, тел. +38 (093) 668-94-64 додана до БД користувачем [Сусло Тетяна].
[24-Mar-2025 14:06:50 Europe/Helsinki] NewDATA [INFO] Нова заявка Повірка, адреса: вул. Волковича 2 корпус А, кв. 48, лічильники: БЕЗ НОМЕРА - 4 шт., вартість: 1200 грн., примітки: 8-13 додано до БД користувачем [Сусло Тетяна].
[2025-03-24T14:06:54.216] [INFO] DataBase - У заявці Повірка від 24 березня 2025 р. за адресою вул. Волковича, буд. 2, корп. А, кв. 48 додано виконавця ЗАПЛАНОВАНІ та додано дату виконання 27 березня 2025 р. користувачем [Сусло Тетяна].
[24-Mar-2025 15:02:32 Europe/Helsinki] EditDATA [INFO] Для заявки Повірка від 19.03.2025 користувачем [Коваль Людмила] змінено виконавця з ЗАПЛАНОВАНІ на Шкуліпа.
[24-Mar-2025 15:02:56 Europe/Helsinki] EditDATA [INFO] Для заявки Повірка від 19.03.2025 користувачем [Коваль Людмила] змінено виконавця з ЗАПЛАНОВАНІ на Шкуліпа.
[24-Mar-2025 15:03:18 Europe/Helsinki] EditDATA [INFO] Для заявки Повірка від 18.03.2025 користувачем [Коваль Людмила] змінено виконавця з ЗАПЛАНОВАНІ на Сірий.
[24-Mar-2025 15:03:29 Europe/Helsinki] EditDATA [INFO] Для заявки Повірка від 24.03.2025 користувачем [Коваль Людмила] змінено виконавця з ЗАПЛАНОВАНІ на Сірий.
[24-Mar-2025 15:03:46 Europe/Helsinki] EditDATA [INFO] Для заявки Повірка від 17.03.2025 користувачем [Коваль Людмила] змінено виконавця з ЗАПЛАНОВАНІ на Сірий.
[24-Mar-2025 15:03:58 Europe/Helsinki] EditDATA [INFO] Для заявки Повірка від 14.03.2025 користувачем [Коваль Людмила] змінено виконавця з ЗАПЛАНОВАНІ на Сірий.
[24-Mar-2025 15:04:12 Europe/Helsinki] EditDATA [INFO] Для заявки Повірка від 13.02.2025 користувачем [Коваль Людмила] змінено виконавця з ЗАПЛАНОВАНІ на Сірий.
[24-Mar-2025 15:04:27 Europe/Helsinki] EditDATA [INFO] Для заявки Повірка від 19.03.2025 користувачем [Коваль Людмила] змінено виконавця з ЗАПЛАНОВАНІ на Сірий.
[24-Mar-2025 15:04:37 Europe/Helsinki] EditDATA [INFO] Для заявки Повірка від 24.03.2025 користувачем [Коваль Людмила] змінено виконавця з ЗАПЛАНОВАНІ на Сірий.
[24-Mar-2025 15:04:58 Europe/Helsinki] EditDATA [INFO] Для заявки Повірка від 13.03.2025 користувачем [Коваль Людмила] змінено виконавця з ЗАПЛАНОВАНІ на Сірий.
[24-Mar-2025 15:08:49 Europe/Helsinki] EditDATA [INFO] Для заявки Повірка від 19.03.2025 користувачем [Коваль Людмила] змінено виконавця з ЗАПЛАНОВАНІ на Шкуліпа.
[24-Mar-2025 15:09:50 Europe/Helsinki] EditDATA [INFO] Для заявки Повірка від 19.03.2025 користувачем [Коваль Людмила] змінено виконавця з Шкуліпа на Ващенко.
[24-Mar-2025 15:10:29 Europe/Helsinki] EditDATA [INFO] Для заявки Повірка від 24.03.2025 користувачем [Коваль Людмила] змінено виконавця з ЗАПЛАНОВАНІ на Ващенко.
[24-Mar-2025 15:10:45 Europe/Helsinki] EditDATA [INFO] Для заявки Повірка від 19.03.2025 користувачем [Коваль Людмила] змінено виконавця з ЗАПЛАНОВАНІ на Шкуліпа.
[24-Mar-2025 15:11:22 Europe/Helsinki] EditDATA [INFO] Для заявки Повірка від 19.03.2025 користувачем [Коваль Людмила] змінено виконавця з ЗАПЛАНОВАНІ на Сірий.
[24-Mar-2025 15:12:35 Europe/Helsinki] EditDATA [INFO] Для заявки Повірка від 14.03.2025 користувачем [Коваль Людмила] змінено виконавця з ЗАПЛАНОВАНІ на Ващенко.
[24-Mar-2025 15:13:25 Europe/Helsinki] EditDATA [INFO] Для заявки Повірка від 19.03.2025 користувачем [Коваль Людмила] змінено виконавця з ЗАПЛАНОВАНІ на Шкуліпа.
[24-Mar-2025 15:14:06 Europe/Helsinki] EditDATA [INFO] Для заявки Повірка від 14.03.2025 користувачем [Коваль Людмила] змінено виконавця з ЗАПЛАНОВАНІ на Ващенко.
[24-Mar-2025 15:14:44 Europe/Helsinki] EditDATA [INFO] Для заявки Повірка від 18.03.2025 користувачем [Коваль Людмила] змінено виконавця з ЗАПЛАНОВАНІ на Ващенко.
[24-Mar-2025 15:15:30 Europe/Helsinki] EditDATA [INFO] Для заявки Повірка від 24.03.2025 користувачем [Коваль Людмила] змінено виконавця з Сірий на Ващенко.
[24-Mar-2025 15:20:27 Europe/Helsinki] NewDATA [INFO] Нова заявка Заміна, адреса: просп. Миру 89, кв. 145, лічильники: БЕЗ НОМЕРА - 3 шт., вартість: 1200 грн., примітки: 2гор.1хол.8-13 додано до БД користувачем [Коваль Людмила].
[2025-03-24T15:20:31.789] [INFO] DataBase - У заявці Заміна від 24 березня 2025 р. за адресою просп. Миру, буд. 89, кв. 145 додано виконавця Баранов та додано дату виконання 27 березня 2025 р. користувачем [Коваль Людмила].
[24-Mar-2025 15:48:25 Europe/Helsinki] NewDATA [INFO] Нова адреса вул. Мазепи Івана, буд. 49, кв. 19, тел. +38 (096) 530-46-94 додана до БД користувачем [Сусло Тетяна].
[24-Mar-2025 15:49:04 Europe/Helsinki] NewDATA [INFO] Нова заявка Повірка, адреса: вул. Мазепи Івана 49, кв. 19, лічильники: БЕЗ НОМЕРА - 2 шт., вартість: 600 грн., примітки: 8-13, за 30 хв додано до БД користувачем [Сусло Тетяна].
[2025-03-24T15:49:08.951] [INFO] DataBase - У заявці Повірка від 24 березня 2025 р. за адресою вул. Мазепи Івана, буд. 49, кв. 19 додано виконавця ЗАПЛАНОВАНІ та додано дату виконання 27 березня 2025 р. користувачем [Сусло Тетяна].
[24-Mar-2025 15:50:03 Europe/Helsinki] EditDATA [INFO] За адресою вул. Льотна 25, кв. 63 користувачем [Сусло Тетяна] змінені номери телефонів з +38(063)218-59-66, +38(063)593-33-09 на +38(063)557-70-69, при створенні нової заявки [Повірка] від 24.03.2025.
[24-Mar-2025 15:50:03 Europe/Helsinki] NewDATA [INFO] Нова заявка Повірка, адреса: вул. Льотна 25, кв. 63, лічильники: БЕЗ НОМЕРА - 1 шт., вартість: 300 грн., примітки: 13-17 додано до БД користувачем [Сусло Тетяна].
[24-Mar-2025 15:50:43 Europe/Helsinki] NewDATA [INFO] Нова заявка Повірка, адреса: вул. Льотна 25, кв. 66, лічильники: БЕЗ НОМЕРА - 1 шт., вартість: 300 грн., примітки: 13-17 додано до БД користувачем [Сусло Тетяна].
[2025-03-24T15:50:47.481] [INFO] DataBase - У заявці Повірка від 24 березня 2025 р. за адресою вул. Льотна, буд. 25, кв. 63 додано виконавця ЗАПЛАНОВАНІ та додано дату виконання 27 березня 2025 р. користувачем [Сусло Тетяна].
[2025-03-24T15:50:48.768] [INFO] DataBase - У заявці Повірка від 24 березня 2025 р. за адресою вул. Льотна, буд. 25, кв. 66 додано виконавця ЗАПЛАНОВАНІ та додано дату виконання 27 березня 2025 р. користувачем [Сусло Тетяна].
[24-Mar-2025 15:53:02 Europe/Helsinki] EditDATA [INFO] За адресою вул. 1-ої танкової бригади 27, кв. 67 користувачем [Сусло Тетяна] змінені номери телефонів з +38(068)107-42-41 на +38(050)903-96-47, при створенні нової заявки [Повірка] від 24.03.2025.
[24-Mar-2025 15:53:02 Europe/Helsinki] NewDATA [INFO] Нова заявка Повірка, адреса: вул. 1-ої танкової бригади 27, кв. 67, лічильники: БЕЗ НОМЕРА - 2 шт., вартість: 600 грн., примітки: 13-17, за 30 хв додано до БД користувачем [Сусло Тетяна].
[2025-03-24T15:53:05.762] [INFO] DataBase - У заявці Повірка від 24 березня 2025 р. за адресою вул. 1-ої танкової бригади, буд. 27, кв. 67 додано виконавця Ващенко та додано дату виконання 25 березня 2025 р. користувачем [Сусло Тетяна].

