[08-Sep-2025 08:11:38 Europe/Helsinki] DellTASK [INFO] Повірка від 01.09.2025 для адреси вул. Мстиславська, буд. 181, кв. 25 для лічильника БЕЗ НОМЕРА - 2 шт. було відмінено користувачем [Коваль Людмила] з коментарем: повтор.
[08-Sep-2025 08:12:06 Europe/Helsinki] DellTASK [INFO] Повірка від 04.09.2025 для адреси вул. Козацька, буд. 30, кв. 92 для лічильника БЕЗ НОМЕРА - 1 шт. було завершено користувачем [Коваль Людмила] з коментарем: виконано.
[08-Sep-2025 08:12:19 Europe/Helsinki] DellTASK [INFO] Повірка від 01.09.2025 для адреси вул. Слобідська, буд. 79, корп. А, кв. 46 для лічильника БЕЗ НОМЕРА - 1 шт. було завершено користувачем [Коваль Людмила] з коментарем: виконано.
[08-Sep-2025 08:22:10 Europe/Helsinki] DellTASK [INFO] Повірка від 29.08.2025 для адреси вул. Волковича, буд. 12, кв. 57 для лічильника БЕЗ НОМЕРА - 2 шт. було відмінено користувачем [Коваль Людмила] з коментарем: відмова.не буде вдома.
[2025-09-08T08:25:01.256] [INFO] DataBase - У заявці Повірка від 4 вересня 2025 р. за адресою вул. Самоквасова Дмитра, буд. 20, кв. 131 видалено дату виконання 5 вересня 2025 р. користувачем [Коваль Людмила].
[2025-09-08T08:25:07.079] [INFO] DataBase - У заявці Повірка від 4 вересня 2025 р. за адресою вул. Самоквасова Дмитра, буд. 20, кв. 131 додано дату виконання 11 вересня 2025 р. користувачем [Коваль Людмила].
[08-Sep-2025 08:25:23 Europe/Helsinki] EditDATA [INFO] Для заявки Повірка від 04.09.2025 користувачем [Коваль Людмила] змінено виконавця з ЗАПЛАНОВАНІ на Шкуліпа.
[08-Sep-2025 08:25:39 Europe/Helsinki] EditDATA [INFO] Для заявки Повірка від 04.09.2025 користувачем [Коваль Людмила] змінено виконавця з ЗАПЛАНОВАНІ на Шкуліпа.
[08-Sep-2025 08:36:10 Europe/Helsinki] EditDATA [INFO] Для заявки Повірка від 04.09.2025 користувачем [Коваль Людмила] змінено виконавця з ЗАПЛАНОВАНІ на Шкуліпа.
[08-Sep-2025 08:36:18 Europe/Helsinki] EditDATA [INFO] Для заявки Повірка від 28.08.2025 користувачем [Коваль Людмила] змінено виконавця з ЗАПЛАНОВАНІ на Шкуліпа.
[08-Sep-2025 08:36:29 Europe/Helsinki] EditDATA [INFO] Для заявки Повірка від 22.08.2025 користувачем [Коваль Людмила] змінено виконавця з ЗАПЛАНОВАНІ на Шкуліпа.
[08-Sep-2025 08:36:39 Europe/Helsinki] EditDATA [INFO] Для заявки Повірка від 13.08.2025 користувачем [Коваль Людмила] змінено виконавця з ЗАПЛАНОВАНІ на Шкуліпа.
[08-Sep-2025 08:49:39 Europe/Helsinki] NewDATA [INFO] Нова адреса вул. Доценка, буд. 15, кв. 46, тел. +38 (096) 530-07-27 додана до БД користувачем [Коваль Людмила].
[08-Sep-2025 08:50:09 Europe/Helsinki] NewDATA [INFO] Нова заявка Повірка, адреса: вул. Доценка 15, кв. 46, лічильники: БЕЗ НОМЕРА - 2 шт., вартість: 700 грн., примітки: 8-13 додано до БД користувачем [Коваль Людмила].
[2025-09-08T08:50:16.652] [INFO] DataBase - У заявці Повірка від 8 вересня 2025 р. за адресою вул. Доценка, буд. 15, кв. 46 додано виконавця Шкуліпа та додано дату виконання 11 вересня 2025 р. користувачем [Коваль Людмила].
[08-Sep-2025 08:51:15 Europe/Helsinki] NewDATA [INFO] Нова заявка Заміна, адреса: вул. Космонавтів 4, кв. 1, лічильники: 8200006497, вартість: 1100 грн., примітки: 8-12,хол.код двери 13 додано до БД користувачем [Коваль Людмила].
[2025-09-08T08:51:19.405] [INFO] DataBase - У заявці Заміна від 8 вересня 2025 р. за адресою вул. Космонавтів, буд. 4, кв. 1 додано виконавця Баранов та додано дату виконання 22 вересня 2025 р. користувачем [Коваль Людмила].
[08-Sep-2025 08:51:58 Europe/Helsinki] NewDATA [INFO] Нова адреса вул. Космонавтів, буд. 20, кв. 17, тел. +38 (066) 058-98-94 додана до БД користувачем [Коваль Людмила].
[08-Sep-2025 08:52:29 Europe/Helsinki] NewDATA [INFO] Нова заявка Повірка, адреса: вул. Космонавтів 20, кв. 17, лічильники: БЕЗ НОМЕРА - 2 шт., вартість: 700 грн., примітки: 13-17 додано до БД користувачем [Коваль Людмила].
[2025-09-08T08:52:37.445] [INFO] DataBase - У заявці Повірка від 8 вересня 2025 р. за адресою вул. Космонавтів, буд. 20, кв. 17 додано виконавця ЗАПЛАНОВАНІ та додано дату виконання 12 вересня 2025 р. користувачем [Коваль Людмила].
[08-Sep-2025 08:53:39 Europe/Helsinki] NewDATA [INFO] Нова адреса вул. Доценка, буд. 5, корп. А, кв. 11, тел. +38 (066) 395-99-58 додана до БД користувачем [Коваль Людмила].
[08-Sep-2025 08:54:11 Europe/Helsinki] NewDATA [INFO] Нова заявка Повірка, адреса: вул. Доценка 5 корпус А, кв. 11, лічильники: БЕЗ НОМЕРА - 2 шт., вартість: 660 грн., примітки: 8-13 додано до БД користувачем [Коваль Людмила].
[2025-09-08T08:54:16.090] [INFO] DataBase - У заявці Повірка від 8 вересня 2025 р. за адресою вул. Доценка, буд. 5, корп. А, кв. 11 додано виконавця ЗАПЛАНОВАНІ та додано дату виконання 12 вересня 2025 р. користувачем [Коваль Людмила].
[2025-09-08T09:23:14.017] [INFO] DataBase - У заявці Повірка від 22 серпня 2025 р. за адресою вул. Леонтовича Миколи, буд. 3, кв. 34 видалено дату виконання 22 вересня 2025 р. користувачем [Коваль Людмила].
[2025-09-08T09:23:22.266] [INFO] DataBase - У заявці Повірка від 22 серпня 2025 р. за адресою вул. Леонтовича Миколи, буд. 3, кв. 34 додано дату виконання 26 вересня 2025 р. користувачем [Коваль Людмила].
[08-Sep-2025 10:22:37 Europe/Helsinki] EditDATA [INFO] Для заявки Повірка від 20.08.2025 користувачем [Коваль Людмила] змінено примітки з 8-13 на 11-14.
[2025-09-08T10:22:55.462] [INFO] DataBase - У заявці Повірка від 20 серпня 2025 р. за адресою вул. Мстиславська, буд. 175, кв. 19 видалено дату виконання 8 вересня 2025 р. користувачем [Коваль Людмила].
[2025-09-08T10:23:10.462] [INFO] DataBase - У заявці Повірка від 20 серпня 2025 р. за адресою вул. Мстиславська, буд. 175, кв. 19 додано дату виконання 9 вересня 2025 р. користувачем [Коваль Людмила].
[08-Sep-2025 10:23:17 Europe/Helsinki] EditDATA [INFO] Для заявки Повірка від 20.08.2025 користувачем [Коваль Людмила] змінено виконавця з Шкуліпа на Сірий.
[08-Sep-2025 10:23:26 Europe/Helsinki] EditDATA [INFO] Для заявки Повірка від 22.08.2025 користувачем [Коваль Людмила] змінено виконавця з ЗАПЛАНОВАНІ на Сірий.
[08-Sep-2025 10:23:35 Europe/Helsinki] EditDATA [INFO] Для заявки Повірка від 03.09.2025 користувачем [Коваль Людмила] змінено виконавця з ЗАПЛАНОВАНІ на Сірий.
[08-Sep-2025 10:23:44 Europe/Helsinki] EditDATA [INFO] Для заявки Повірка від 20.08.2025 користувачем [Коваль Людмила] змінено виконавця з ЗАПЛАНОВАНІ на Сірий.
[08-Sep-2025 10:23:52 Europe/Helsinki] EditDATA [INFO] Для заявки Повірка від 02.09.2025 користувачем [Коваль Людмила] змінено виконавця з ЗАПЛАНОВАНІ на Сірий.
[08-Sep-2025 10:24:02 Europe/Helsinki] EditDATA [INFO] Для заявки Повірка від 02.09.2025 користувачем [Коваль Людмила] змінено виконавця з ЗАПЛАНОВАНІ на Сірий.
[08-Sep-2025 10:33:49 Europe/Helsinki] EditDATA [INFO] Для заявки Повірка від 29.08.2025 користувачем [Коваль Людмила] змінено примітки з 8-13, дом. не працює на 9-12, дом. не працює.
[2025-09-08T10:34:53.332] [INFO] DataBase - У заявці Повірка від 29 серпня 2025 р. за адресою вул. Мстиславська, буд. 181, кв. 25 змінено дату виконання з 8 вересня 2025 р. на 10 вересня 2025 р. користувачем [Коваль Людмила].
[08-Sep-2025 10:35:00 Europe/Helsinki] EditDATA [INFO] Для заявки Повірка від 02.09.2025 користувачем [Коваль Людмила] змінено виконавця з ЗАПЛАНОВАНІ на Шкуліпа.
[08-Sep-2025 10:35:09 Europe/Helsinki] EditDATA [INFO] Для заявки Повірка від 28.08.2025 користувачем [Коваль Людмила] змінено виконавця з ЗАПЛАНОВАНІ на Шкуліпа.
[08-Sep-2025 12:37:35 Europe/Helsinki] DellTASK [INFO] Повірка від 04.09.2025 для адреси вул. Самоквасова Дмитра, буд. 20, кв. 121 для лічильника БЕЗ НОМЕРА - 4 шт. було завершено користувачем [Коваль Людмила] з коментарем: виконано.
[08-Sep-2025 12:37:57 Europe/Helsinki] DellTASK [INFO] Повірка від 04.09.2025 для адреси вул. Самоквасова Дмитра, буд. 20, кв. 178 для лічильника БЕЗ НОМЕРА - 2 шт. було завершено користувачем [Коваль Людмила] з коментарем: виконано.
[08-Sep-2025 12:38:16 Europe/Helsinki] DellTASK [INFO] Повірка від 04.09.2025 для адреси вул. Самоквасова Дмитра, буд. 20, кв. 96 для лічильника БЕЗ НОМЕРА - 4 шт. було завершено користувачем [Коваль Людмила] з коментарем: виконано.
[08-Sep-2025 12:38:30 Europe/Helsinki] DellTASK [INFO] Повірка від 04.09.2025 для адреси просп. Перемоги, буд. 20, кв. 48 для лічильника БЕЗ НОМЕРА - 4 шт. було завершено користувачем [Коваль Людмила] з коментарем: виконано.
[08-Sep-2025 12:38:47 Europe/Helsinki] DellTASK [INFO] Повірка від 03.09.2025 для адреси просп. Перемоги, буд. 13, кв. 22 для лічильника БЕЗ НОМЕРА - 1 шт. було завершено користувачем [Коваль Людмила] з коментарем: виконано.
[08-Sep-2025 12:43:10 Europe/Helsinki] NewDATA [INFO] Нова адреса вул. Волковича, буд. 21, корп. А, кв. 76, тел. +38 (066) 440-67-23 додана до БД користувачем [Коваль Людмила].
[08-Sep-2025 12:43:45 Europe/Helsinki] NewDATA [INFO] Нова заявка Повірка, адреса: вул. Волковича 21 корпус А, кв. 76, лічильники: БЕЗ НОМЕРА - 1 шт., вартість: 350 грн., примітки: пер.за 30 хв. додано до БД користувачем [Коваль Людмила].
[2025-09-08T12:43:49.645] [INFO] DataBase - У заявці Повірка від 8 вересня 2025 р. за адресою вул. Волковича, буд. 21, корп. А, кв. 76 додано виконавця ЗАПЛАНОВАНІ та додано дату виконання 12 вересня 2025 р. користувачем [Коваль Людмила].
[08-Sep-2025 12:45:18 Europe/Helsinki] NewDATA [INFO] Нова заявка Заміна, адреса: вул. 1-ої танкової бригади 21 корпус 3, кв. 36, лічильники: БЕЗ НОМЕРА - 1 шт., вартість: 1100 грн., примітки: 13-17,гор.с/в додано до БД користувачем [Коваль Людмила].
[2025-09-08T12:45:22.427] [INFO] DataBase - У заявці Заміна від 8 вересня 2025 р. за адресою вул. 1-ої танкової бригади, буд. 21, корп. 3, кв. 36 додано виконавця Баранов та додано дату виконання 10 вересня 2025 р. користувачем [Коваль Людмила].
[08-Sep-2025 12:47:04 Europe/Helsinki] EditDATA [INFO] Для заявки Повірка від 22.08.2025 користувачем [Коваль Людмила] змінено примітки з 8-13 на після 16.00.
[08-Sep-2025 12:52:12 Europe/Helsinki] NewDATA [INFO] Нова адреса вул. Доценка, буд. 17, корп. В, кв. 11, тел. +38 (095) 574-88-36 додана до БД користувачем [Коваль Людмила].
[08-Sep-2025 12:52:51 Europe/Helsinki] NewDATA [INFO] Нова заявка Заміна, адреса: вул. Доценка 17 корпус В, кв. 11, лічильники: БЕЗ НОМЕРА - 1 шт., вартість: 400 грн., примітки: 13-17,гор.пер.за 30 хв. додано до БД користувачем [Коваль Людмила].
[2025-09-08T12:52:56.619] [INFO] DataBase - У заявці Заміна від 8 вересня 2025 р. за адресою вул. Доценка, буд. 17, корп. В, кв. 11 додано виконавця Баранов та додано дату виконання 10 вересня 2025 р. користувачем [Коваль Людмила].
[08-Sep-2025 12:53:38 Europe/Helsinki] NewDATA [INFO] Нова адреса вул. Волковича, буд. 23, корп. А, кв. 22, тел. +38 (096) 651-42-44 додана до БД користувачем [Коваль Людмила].
[08-Sep-2025 12:54:13 Europe/Helsinki] NewDATA [INFO] Нова заявка Повірка, адреса: вул. Волковича 23 корпус А, кв. 22, лічильники: БЕЗ НОМЕРА - 1 шт., вартість: 350 грн., примітки: 13-17,пер.за 30 хв. додано до БД користувачем [Коваль Людмила].
[2025-09-08T12:54:17.544] [INFO] DataBase - У заявці Повірка від 8 вересня 2025 р. за адресою вул. Волковича, буд. 23, корп. А, кв. 22 додано виконавця ЗАПЛАНОВАНІ та додано дату виконання 12 вересня 2025 р. користувачем [Коваль Людмила].
[08-Sep-2025 12:55:27 Europe/Helsinki] NewDATA [INFO] Нова заявка Заміна, адреса: вул. 1-ої танкової бригади 18, кв. 111, лічильники: 098510, вартість: 400 грн., примітки: хол.№098510,8-13 додано до БД користувачем [Коваль Людмила].
[2025-09-08T12:55:31.056] [INFO] DataBase - У заявці Заміна від 8 вересня 2025 р. за адресою вул. 1-ої танкової бригади, буд. 18, кв. 111 додано виконавця Баранов та додано дату виконання 11 вересня 2025 р. користувачем [Коваль Людмила].
[08-Sep-2025 12:56:19 Europe/Helsinki] NewDATA [INFO] Нова заявка Заміна, адреса: вул. Козацька 32, кв. 55, лічильники: 542556, вартість: 1100 грн., примітки: холо.№542556,8-13 додано до БД користувачем [Коваль Людмила].
[2025-09-08T12:56:23.000] [INFO] DataBase - У заявці Заміна від 8 вересня 2025 р. за адресою вул. Козацька, буд. 32, кв. 55 додано виконавця Баранов та додано дату виконання 11 вересня 2025 р. користувачем [Коваль Людмила].
[08-Sep-2025 12:57:28 Europe/Helsinki] EditDATA [INFO] Для заявки Повірка від 04.09.2025 користувачем [Коваль Людмила] змінено виконавця з ЗАПЛАНОВАНІ на Шкуліпа.
[08-Sep-2025 12:57:37 Europe/Helsinki] EditDATA [INFO] Для заявки Повірка від 04.09.2025 користувачем [Коваль Людмила] змінено виконавця з ЗАПЛАНОВАНІ на Шкуліпа.
[08-Sep-2025 12:57:45 Europe/Helsinki] EditDATA [INFO] Для заявки Повірка від 03.09.2025 користувачем [Коваль Людмила] змінено виконавця з ЗАПЛАНОВАНІ на Шкуліпа.
[08-Sep-2025 12:58:32 Europe/Helsinki] NewDATA [INFO] Нова адреса вул. Генерала Пухова, буд. 111, корп. 1, кв. 56, тел. +38 (096) 874-86-74 додана до БД користувачем [Коваль Людмила].
[08-Sep-2025 12:59:50 Europe/Helsinki] NewDATA [INFO] Нова заявка Повірка, адреса: вул. Генерала Пухова 111 корпус 1, кв. 56, лічильники: БЕЗ НОМЕРА - 2 шт., вартість: 660 грн., примітки: 8-13,пер.за 30 хв. додано до БД користувачем [Коваль Людмила].
[2025-09-08T12:59:54.977] [INFO] DataBase - У заявці Повірка від 8 вересня 2025 р. за адресою вул. Генерала Пухова, буд. 111, корп. 1, кв. 56 додано виконавця ЗАПЛАНОВАНІ та додано дату виконання 10 вересня 2025 р. користувачем [Коваль Людмила].
[08-Sep-2025 13:03:17 Europe/Helsinki] NewDATA [INFO] Нова адреса вул. Захисників України, буд. 13, кв. 88, тел. +38 (098) 576-88-58 додана до БД користувачем [Коваль Людмила].
[08-Sep-2025 13:03:54 Europe/Helsinki] NewDATA [INFO] Нова заявка Повірка, адреса: вул. Захисників України 13, кв. 88, лічильники: БЕЗ НОМЕРА - 2 шт., вартість: 700 грн., примітки: 8-13,пер.за час додано до БД користувачем [Коваль Людмила].
[2025-09-08T13:03:59.400] [INFO] DataBase - У заявці Повірка від 8 вересня 2025 р. за адресою вул. Захисників України, буд. 13, кв. 88 додано виконавця ЗАПЛАНОВАНІ та додано дату виконання 1 жовтня 2025 р. користувачем [Коваль Людмила].
[08-Sep-2025 13:04:49 Europe/Helsinki] NewDATA [INFO] Нова адреса вул. курсанта Єськова, буд. 14, корп. 1, кв. 62, тел. +38 (095) 202-89-19 додана до БД користувачем [Коваль Людмила].
[08-Sep-2025 13:05:39 Europe/Helsinki] NewDATA [INFO] Нова заявка Заміна, адреса: вул. курсанта Єськова 14 корпус 1, кв. 62, лічильники: БЕЗ НОМЕРА - 1 шт., вартість: 400 грн., примітки: 8-13,гор.с/в додано до БД користувачем [Коваль Людмила].
[2025-09-08T13:05:44.228] [INFO] DataBase - У заявці Заміна від 8 вересня 2025 р. за адресою вул. курсанта Єськова, буд. 14, корп. 1, кв. 62 додано виконавця Баранов та додано дату виконання 11 вересня 2025 р. користувачем [Коваль Людмила].
[08-Sep-2025 13:09:04 Europe/Helsinki] NewDATA [INFO] Нова заявка Повірка, адреса: вул. Незалежності 56, кв. 139, лічильники: БЕЗ НОМЕРА - 1 шт., вартість: 350 грн., примітки: гор.пер.за час додано до БД користувачем [Коваль Людмила].
[2025-09-08T13:09:07.654] [INFO] DataBase - У заявці Повірка від 8 вересня 2025 р. за адресою вул. Незалежності, буд. 56, кв. 139 додано виконавця Сірий та додано дату виконання 9 вересня 2025 р. користувачем [Коваль Людмила].
[08-Sep-2025 13:11:25 Europe/Helsinki] NewDATA [INFO] Нова адреса вул. Незалежності, буд. 78, кв. 110, тел. +38 (095) 326-64-34 додана до БД користувачем [Коваль Людмила].
[08-Sep-2025 13:12:15 Europe/Helsinki] NewDATA [INFO] Нова заявка Повірка, адреса: вул. Незалежності 78, кв. 110, лічильники: БЕЗ НОМЕРА - 1 шт., вартість: 350 грн., примітки: гор.пер.за 30 хв.один хоз.красн.71а-3 додано до БД користувачем [Коваль Людмила].
[2025-09-08T13:12:18.803] [INFO] DataBase - У заявці Повірка від 8 вересня 2025 р. за адресою вул. Незалежності, буд. 78, кв. 110 додано виконавця ЗАПЛАНОВАНІ та додано дату виконання 15 вересня 2025 р. користувачем [Коваль Людмила].
[08-Sep-2025 13:13:03 Europe/Helsinki] NewDATA [INFO] Нова адреса вул. Красносільського, буд. 71, корп. А, кв. 3, тел. +38 (095) 326-64-34 додана до БД користувачем [Коваль Людмила].
[08-Sep-2025 13:13:39 Europe/Helsinki] NewDATA [INFO] Нова заявка Повірка, адреса: вул. Красносільського 71 корпус А, кв. 3, лічильники: БЕЗ НОМЕРА - 1 шт., вартість: 350 грн., примітки: 13-17 додано до БД користувачем [Коваль Людмила].
[2025-09-08T13:13:45.068] [INFO] DataBase - У заявці Повірка від 8 вересня 2025 р. за адресою вул. Красносільського, буд. 71, корп. А, кв. 3 додано виконавця ЗАПЛАНОВАНІ та додано дату виконання 15 вересня 2025 р. користувачем [Коваль Людмила].
[08-Sep-2025 13:14:23 Europe/Helsinki] NewDATA [INFO] Нова заявка Повірка, адреса: вул. Слобідська 55, кв. п/сектор, лічильники: БЕЗ НОМЕРА - 1 шт., вартість: 350 грн., примітки: 8-13,пер.за 30 хв. додано до БД користувачем [Коваль Людмила].
[2025-09-08T13:14:27.870] [INFO] DataBase - У заявці Повірка від 8 вересня 2025 р. за адресою вул. Слобідська, буд. 55, кв. п/сектор додано виконавця ЗАПЛАНОВАНІ та додано дату виконання 23 вересня 2025 р. користувачем [Коваль Людмила].
[08-Sep-2025 13:14:50 Europe/Helsinki] EditDATA [INFO] Для заявки Повірка від 08.09.2025 користувачем [Коваль Людмила] змінено примітки з 8-13,пер.за 30 хв. на 8-13,пер.за 30 хв.(козацька).
[08-Sep-2025 13:15:38 Europe/Helsinki] NewDATA [INFO] Нова адреса вул. Шевченка, буд. 160, корп. А, кв. 53, тел. +38 (097) 601-57-30 додана до БД користувачем [Коваль Людмила].
[08-Sep-2025 13:16:11 Europe/Helsinki] NewDATA [INFO] Нова заявка Повірка, адреса: вул. Шевченка 160 корпус А, кв. 53, лічильники: БЕЗ НОМЕРА - 1 шт., вартість: 350 грн., примітки: 8-13,(бобровиця) додано до БД користувачем [Коваль Людмила].
[2025-09-08T13:16:17.578] [INFO] DataBase - У заявці Повірка від 8 вересня 2025 р. за адресою вул. Шевченка, буд. 160, корп. А, кв. 53 додано виконавця ЗАПЛАНОВАНІ та додано дату виконання 29 вересня 2025 р. користувачем [Коваль Людмила].
[08-Sep-2025 13:38:19 Europe/Helsinki] EditDATA [INFO] Для заявки Повірка від 08.09.2025 користувачем [Коваль Людмила] змінено примітки з 8-13 на 13-17,одна хоз.кв.58.
[08-Sep-2025 14:45:41 Europe/Helsinki] EditDATA [INFO] За адресою вул. Реміснича 31, кв. 7 користувачем [Коваль Людмила] змінені номери телефонів з +38(096)423-14-51, +38(098)208-01-02, +38(097)691-57-37 на +38(068)356-65-54, при створенні нової заявки [Повірка] від 08.09.2025.
[08-Sep-2025 14:45:41 Europe/Helsinki] NewDATA [INFO] Нова заявка Повірка, адреса: вул. Реміснича 31, кв. 7, лічильники: БЕЗ НОМЕРА - 2 шт., вартість: 660 грн., примітки: 15-17,пер.за 30 хв. додано до БД користувачем [Коваль Людмила].
[2025-09-08T14:45:45.207] [INFO] DataBase - У заявці Повірка від 8 вересня 2025 р. за адресою вул. Реміснича, буд. 31, кв. 7 додано виконавця ЗАПЛАНОВАНІ та додано дату виконання 10 вересня 2025 р. користувачем [Коваль Людмила].
[08-Sep-2025 14:46:01 Europe/Helsinki] EditDATA [INFO] Для заявки Повірка від 08.09.2025 користувачем [Коваль Людмила] змінено виконавця з ЗАПЛАНОВАНІ на Шкуліпа.
[08-Sep-2025 14:46:14 Europe/Helsinki] EditDATA [INFO] Для заявки Повірка від 08.09.2025 користувачем [Коваль Людмила] змінено виконавця з ЗАПЛАНОВАНІ на Сірий.
[08-Sep-2025 14:46:24 Europe/Helsinki] EditDATA [INFO] Для заявки Повірка від 05.09.2025 користувачем [Коваль Людмила] змінено виконавця з ЗАПЛАНОВАНІ на Сірий.
[08-Sep-2025 14:47:01 Europe/Helsinki] NewDATA [INFO] Нова адреса просп. Грушевського Михайла, буд. 161, корп. А, кв. 6, тел. +38 (068) 955-16-86 додана до БД користувачем [Коваль Людмила].
[08-Sep-2025 14:47:45 Europe/Helsinki] NewDATA [ERROR] Помилка при додаванні Нової заявки до Бази Даних Чернігів: Out of range value for column 'cost' at row 1
[08-Sep-2025 14:48:27 Europe/Helsinki] NewDATA [INFO] Нова заявка Повірка, адреса: просп. Грушевського Михайла 161 корпус А, кв. 6, лічильники: БЕЗ НОМЕРА - 2 шт., вартість: 700 грн., примітки: 10-13,пер.за 30 хв. додано до БД користувачем [Коваль Людмила].
[2025-09-08T14:48:31.036] [INFO] DataBase - У заявці Повірка від 8 вересня 2025 р. за адресою просп. Грушевського Михайла, буд. 161, корп. А, кв. 6 додано виконавця ЗАПЛАНОВАНІ та додано дату виконання 10 вересня 2025 р. користувачем [Коваль Людмила].
[08-Sep-2025 14:49:05 Europe/Helsinki] EditDATA [INFO] Для заявки Повірка від 08.09.2025 користувачем [Коваль Людмила] змінено виконавця з ЗАПЛАНОВАНІ на Сірий.
[08-Sep-2025 14:50:03 Europe/Helsinki] NewDATA [INFO] Нова адреса вул. Освіти, буд. 6, кв. 72, тел. +38 (099) 291-13-78 додана до БД користувачем [Коваль Людмила].
[08-Sep-2025 14:50:33 Europe/Helsinki] NewDATA [INFO] Нова заявка Повірка, адреса: вул. Освіти 6, кв. 72, лічильники: БЕЗ НОМЕРА - 2 шт., вартість: 660 грн., примітки: 13-17 додано до БД користувачем [Коваль Людмила].
[2025-09-08T14:50:38.555] [INFO] DataBase - У заявці Повірка від 8 вересня 2025 р. за адресою вул. Освіти, буд. 6, кв. 72 додано виконавця ЗАПЛАНОВАНІ та додано дату виконання 15 жовтня 2025 р. користувачем [Коваль Людмила].
[08-Sep-2025 14:52:46 Europe/Helsinki] NewDATA [INFO] Нова заявка Повірка, адреса: вул. Доценка 15, кв. 58, лічильники: БЕЗ НОМЕРА - 2 шт., вартість: 700 грн., примітки: 13-17 додано до БД користувачем [Коваль Людмила].
[2025-09-08T14:52:53.407] [INFO] DataBase - У заявці Повірка від 8 вересня 2025 р. за адресою вул. Доценка, буд. 15, кв. 58 додано виконавця Шкуліпа та додано дату виконання 11 вересня 2025 р. користувачем [Коваль Людмила].
[08-Sep-2025 15:01:15 Europe/Helsinki] EditDATA [INFO] Для заявки Повірка від 05.09.2025 користувачем [Коваль Людмила] змінено виконавця з Шкуліпа на Сірий.
[08-Sep-2025 15:02:36 Europe/Helsinki] EditDATA [INFO] Для заявки Повірка від 02.09.2025 користувачем [Коваль Людмила] змінено примітки з 2 хол.,13-17,пер.за час на 2 хол.,пер.за час.
[08-Sep-2025 15:03:36 Europe/Helsinki] NewDATA [INFO] Новий лічильник номер: 00464178, тип: E-T 1,6-U => DN 15, рік випуску: 2019, показники: 0, балансоутримувач: КП "ВДК" додано до БД користувачем [Коваль Людмила].
[08-Sep-2025 15:03:38 Europe/Helsinki] EditDATA [INFO] За адресою вул. Козацька, буд. 30, кв. 92 користувачем [Коваль Людмила] було додано лічильники: 00464178].
[08-Sep-2025 15:04:30 Europe/Helsinki] NewDATA [INFO] Новий лічильник номер: 1200139461, тип: ЛК => DN 15, рік випуску: 2020, показники: 0, балансоутримувач: КП "ВДК" додано до БД користувачем [Коваль Людмила].
[08-Sep-2025 15:04:32 Europe/Helsinki] EditDATA [INFO] За адресою вул. Слобідська, буд. 79, корп. А, кв. 46 користувачем [Коваль Людмила] було додано лічильники: 1200139461].
[08-Sep-2025 15:04:54 Europe/Helsinki] DellTASK [INFO] Повірка від 01.09.2025 для адреси вул. Текстильників, буд. 26, корп. А, кв. 48 для лічильника БЕЗ НОМЕРА - 1 шт. було завершено користувачем [Коваль Людмила] з коментарем: виконано.
[08-Sep-2025 15:05:09 Europe/Helsinki] DellTASK [INFO] Повірка від 01.09.2025 для адреси вул. Текстильників, буд. 24, кв. 43 для лічильника БЕЗ НОМЕРА - 2 шт. було завершено користувачем [Коваль Людмила] з коментарем: виконано.
[08-Sep-2025 15:05:48 Europe/Helsinki] NewDATA [INFO] Новий лічильник номер: 556673, тип: КВ-1,5 => DN 15, рік випуску: 2009, показники: 0, балансоутримувач: КП "ВДК" додано до БД користувачем [Коваль Людмила].
[08-Sep-2025 15:05:50 Europe/Helsinki] EditDATA [INFO] За адресою просп. Перемоги, буд. 13, кв. 22 користувачем [Коваль Людмила] було додано лічильники: 556673].
[08-Sep-2025 15:06:33 Europe/Helsinki] NewDATA [INFO] Новий лічильник номер: 358672, тип: КВ-1,5 => DN 15, рік випуску: 2008, показники: 0, балансоутримувач: КП "ВДК" додано до БД користувачем [Коваль Людмила].
[08-Sep-2025 15:06:54 Europe/Helsinki] NewDATA [INFO] Новий лічильник номер: 356701, тип: КВ-1,5 => DN 15, рік випуску: 2008, показники: 0, балансоутримувач: КП "ТКЕ" додано до БД користувачем [Коваль Людмила].
[08-Sep-2025 15:06:56 Europe/Helsinki] EditDATA [INFO] За адресою вул. Самоквасова Дмитра, буд. 20, кв. 178 користувачем [Коваль Людмила] було додано лічильники: 358672, 356701].
[08-Sep-2025 15:07:34 Europe/Helsinki] NewDATA [INFO] Новий лічильник номер: 336248, тип: КВ-1,5 => DN 15, рік випуску: 2003, показники: 0, балансоутримувач: КП "ВДК" додано до БД користувачем [Коваль Людмила].
[08-Sep-2025 15:08:07 Europe/Helsinki] NewDATA [INFO] Новий лічильник номер: 3129456, тип: СК => DN 15, рік випуску: 2003, показники: 0, балансоутримувач: КП "ТКЕ" додано до БД користувачем [Коваль Людмила].
[08-Sep-2025 15:08:27 Europe/Helsinki] NewDATA [INFO] Новий лічильник номер: 388957, тип: КВ-1,5 => DN 15, рік випуску: 2002, показники: 0, балансоутримувач: КП "ВДК" додано до БД користувачем [Коваль Людмила].
[08-Sep-2025 15:08:51 Europe/Helsinki] NewDATA [INFO] Новий лічильник номер: 5585028, тип: ЛК => DN 15, рік випуску: 2015, показники: 0, балансоутримувач: КП "ТКЕ" додано до БД користувачем [Коваль Людмила].
[08-Sep-2025 15:08:53 Europe/Helsinki] EditDATA [INFO] За адресою вул. Самоквасова Дмитра, буд. 20, кв. 96 користувачем [Коваль Людмила] було додано лічильники: 336248, 3129456, 388957, 5585028].
[08-Sep-2025 15:09:31 Europe/Helsinki] NewDATA [INFO] Новий лічильник номер: 065148, тип: КВ-1,5 => DN 15, рік випуску: 2004, показники: 0, балансоутримувач: КП "ВДК" додано до БД користувачем [Коваль Людмила].
[08-Sep-2025 15:09:55 Europe/Helsinki] NewDATA [INFO] Новий лічильник номер: 085246, тип: КВ-1,5 => DN 15, рік випуску: 2004, показники: 0, балансоутримувач: КП "ТКЕ" додано до БД користувачем [Коваль Людмила].
[08-Sep-2025 15:10:17 Europe/Helsinki] NewDATA [INFO] Новий лічильник номер: 064237, тип: КВ-1,5 => DN 15, рік випуску: 2004, показники: 0, балансоутримувач: КП "ВДК" додано до БД користувачем [Коваль Людмила].
[08-Sep-2025 15:10:38 Europe/Helsinki] NewDATA [INFO] Новий лічильник номер: 084711, тип: КВ-1,5 => DN 15, рік випуску: 2004, показники: 0, балансоутримувач: КП "ТКЕ" додано до БД користувачем [Коваль Людмила].
[08-Sep-2025 15:10:40 Europe/Helsinki] EditDATA [INFO] За адресою вул. Самоквасова Дмитра, буд. 20, кв. 121 користувачем [Коваль Людмила] було додано лічильники: 065148, 085246, 064237, 084711].
[08-Sep-2025 15:11:34 Europe/Helsinki] NewDATA [INFO] Новий лічильник номер: 2309534, тип: ECOSTAR E-C => DN 15, рік випуску: 2021, показники: 0, балансоутримувач: КП "ВДК" додано до БД користувачем [Коваль Людмила].
[08-Sep-2025 15:11:57 Europe/Helsinki] NewDATA [INFO] Новий лічильник номер: 2263597, тип: ECOSTAR E-C => DN 15, рік випуску: 2021, показники: 0, балансоутримувач: КП "ТКЕ" додано до БД користувачем [Коваль Людмила].
[08-Sep-2025 15:11:59 Europe/Helsinki] EditDATA [INFO] За адресою вул. Текстильників, буд. 24, кв. 43 користувачем [Коваль Людмила] було додано лічильники: 2309534, 2263597].
[08-Sep-2025 15:12:38 Europe/Helsinki] NewDATA [INFO] Новий лічильник номер: 325947, тип: КВ-1,5 => DN 15, рік випуску: 2017, показники: 0, балансоутримувач: КП "ВДК" додано до БД користувачем [Коваль Людмила].
[08-Sep-2025 15:12:41 Europe/Helsinki] EditDATA [INFO] За адресою вул. Текстильників, буд. 26, корп. А, кв. 48 користувачем [Коваль Людмила] було додано лічильники: 325947].
[08-Sep-2025 15:13:15 Europe/Helsinki] NewDATA [INFO] Новий лічильник номер: 311208, тип: КВ-1,5 => DN 15, рік випуску: 2005, показники: 0, балансоутримувач: КП "ВДК" додано до БД користувачем [Коваль Людмила].
[08-Sep-2025 15:13:35 Europe/Helsinki] NewDATA [INFO] Новий лічильник номер: 321533, тип: КВ-1,5 => DN 15, рік випуску: 2005, показники: 0, балансоутримувач: КП "ТКЕ" додано до БД користувачем [Коваль Людмила].
[08-Sep-2025 15:13:43 Europe/Helsinki] EditDATA [INFO] За адресою просп. Перемоги, буд. 20, кв. 48 користувачем [Коваль Людмила] було додано лічильники: 311208, 321533].
[08-Sep-2025 15:13:50 Europe/Helsinki] EditDATA [INFO] Для лічильника 321533 користувачем [Коваль Людмила] змінено температуру з Гарячий на Холодний.
[08-Sep-2025 15:13:55 Europe/Helsinki] EditDATA [INFO] Для лічильника 321533 користувачем [Коваль Людмила] змінено балансоутримувача з КП "ТКЕ" на КП "ВДК".
