[06-Feb-2025 08:29:42 Europe/Helsinki] EditDATA [INFO] Для заявки Повірка від 27.01.2025 користувачем [Коваль Людмила] змінено виконавця з ЗАПЛАНОВАНІ на Осипенко.
[06-Feb-2025 08:30:29 Europe/Helsinki] EditDATA [INFO] Для заявки Повірка від 29.01.2025 користувачем [Коваль Людмила] змінено виконавця з ЗАПЛАНОВАНІ на Шкуліпа.
[06-Feb-2025 08:30:52 Europe/Helsinki] EditDATA [INFO] Для заявки Повірка від 31.01.2025 користувачем [Коваль Людмила] змінено виконавця з ЗАПЛАНОВАНІ на Шкуліпа.
[06-Feb-2025 08:31:05 Europe/Helsinki] EditDATA [INFO] Для заявки Повірка від 03.02.2025 користувачем [Коваль Людмила] змінено виконавця з ЗАПЛАНОВАНІ на Шкуліпа.
[06-Feb-2025 08:34:36 Europe/Helsinki] DellTASK [INFO] Заміна від 31.01.2025 для адреси вул. Небаби Мартина, буд. 100, кв. 37 для лічильника БЕЗ НОМЕРА - 1 шт. було завершено користувачем [Сусло Тетяна] з коментарем: виконано.
[06-Feb-2025 08:35:11 Europe/Helsinki] DellTASK [INFO] Заміна від 30.01.2025 для адреси вул. Пятницька, буд. 68, корп. 2, кв. 49 для лічильників 063300, БЕЗ НОМЕРА - 1 шт. було завершено користувачем [Сусло Тетяна] з коментарем: виконано.
[06-Feb-2025 08:35:55 Europe/Helsinki] NewDATA [INFO] Новий лічильник номер: 241483998, тип: СВК => DN 15, рік випуску: 2024, показники: 0, балансоутримувач: КП "ТКЕ" додано до БД користувачем [Сусло Тетяна].
[06-Feb-2025 08:35:59 Europe/Helsinki] EditDATA [INFO] В заявці Заміна від 04.02.2025 за адресою вул. 1-ї Гвардійської Армії, буд. 4, кв. 124 було видалено БЕЗ НОМЕРУ - 1 шт.; додано лічильники: 241483998 користувачем [Сусло Тетяна].
[06-Feb-2025 08:36:08 Europe/Helsinki] DellTASK [INFO] Заміна від 04.02.2025 для адреси вул. 1-ї Гвардійської Армії, буд. 4, кв. 124 для лічильника 241483998 було завершено користувачем [Сусло Тетяна] з коментарем: виконано.
[06-Feb-2025 08:36:41 Europe/Helsinki] NewDATA [INFO] Новий лічильник номер: 251492134, тип: СВК => DN 15, рік випуску: 2025, показники: 0, балансоутримувач: КП "ВДК" додано до БД користувачем [Сусло Тетяна].
[06-Feb-2025 08:36:43 Europe/Helsinki] EditDATA [INFO] В заявці Заміна від 03.02.2025 за адресою вул. Січових стрільців, буд. 5, кв. 45 було видалено лічильники: 024331; додано лічильники: 251492134 користувачем [Сусло Тетяна].
[06-Feb-2025 08:36:53 Europe/Helsinki] DellTASK [INFO] Заміна від 03.02.2025 для адреси вул. Січових стрільців, буд. 5, кв. 45 для лічильника 251492134 було завершено користувачем [Сусло Тетяна] з коментарем: виконано.
[06-Feb-2025 08:58:11 Europe/Helsinki] EditDATA [INFO] Для заявки Повірка від 29.01.2025 користувачем [Коваль Людмила] змінено виконавця з ЗАПЛАНОВАНІ на Ващенко.
[06-Feb-2025 08:58:26 Europe/Helsinki] EditDATA [INFO] Для заявки Повірка від 03.02.2025 користувачем [Коваль Людмила] змінено виконавця з ЗАПЛАНОВАНІ на Ващенко.
[06-Feb-2025 08:58:39 Europe/Helsinki] EditDATA [INFO] Для заявки Повірка від 03.02.2025 користувачем [Коваль Людмила] змінено виконавця з ЗАПЛАНОВАНІ на Ващенко.
[06-Feb-2025 08:58:54 Europe/Helsinki] EditDATA [INFO] Для заявки Повірка від 28.01.2025 користувачем [Коваль Людмила] змінено виконавця з ЗАПЛАНОВАНІ на Ващенко.
[06-Feb-2025 08:59:52 Europe/Helsinki] EditDATA [INFO] Для заявки Повірка від 31.01.2025 користувачем [Коваль Людмила] змінено виконавця з ЗАПЛАНОВАНІ на Сірий.
[06-Feb-2025 09:00:05 Europe/Helsinki] EditDATA [INFO] Для заявки Повірка від 05.02.2025 користувачем [Коваль Людмила] змінено виконавця з ЗАПЛАНОВАНІ на Сірий.
[06-Feb-2025 09:00:19 Europe/Helsinki] EditDATA [INFO] Для заявки Повірка від 03.02.2025 користувачем [Коваль Людмила] змінено виконавця з ЗАПЛАНОВАНІ на Сірий.
[06-Feb-2025 09:00:36 Europe/Helsinki] EditDATA [INFO] Для заявки Повірка від 27.01.2025 користувачем [Коваль Людмила] змінено виконавця з ЗАПЛАНОВАНІ на Сірий.
[06-Feb-2025 09:01:26 Europe/Helsinki] EditDATA [INFO] Для заявки Повірка від 04.02.2025 користувачем [Коваль Людмила] змінено виконавця з ЗАПЛАНОВАНІ на Сірий.
[06-Feb-2025 09:01:45 Europe/Helsinki] EditDATA [INFO] Для заявки Повірка від 31.01.2025 користувачем [Коваль Людмила] змінено виконавця з ЗАПЛАНОВАНІ на Сірий.
[06-Feb-2025 09:01:57 Europe/Helsinki] EditDATA [INFO] Для заявки Повірка від 04.02.2025 користувачем [Коваль Людмила] змінено виконавця з ЗАПЛАНОВАНІ на Сірий.
[06-Feb-2025 09:02:08 Europe/Helsinki] EditDATA [INFO] Для заявки Повірка від 04.02.2025 користувачем [Коваль Людмила] змінено виконавця з ЗАПЛАНОВАНІ на Сірий.
[06-Feb-2025 09:02:20 Europe/Helsinki] EditDATA [INFO] Для заявки Повірка від 31.01.2025 користувачем [Коваль Людмила] змінено виконавця з ЗАПЛАНОВАНІ на Сірий.
[06-Feb-2025 09:05:11 Europe/Helsinki] DellTASK [INFO] Повірка від 04.02.2025 для адреси вул. Космонавтів, буд. 8, кв. 26 для лічильника БЕЗ НОМЕРА - 1 шт. було завершено користувачем [Коваль Людмила] з коментарем: виконано.
[06-Feb-2025 09:05:33 Europe/Helsinki] DellTASK [INFO] Повірка від 04.02.2025 для адреси вул. Рапопорта, буд. 43, кв. 121а для лічильника БЕЗ НОМЕРА - 1 шт. було завершено користувачем [Коваль Людмила] з коментарем: несправна сантехніка.
[06-Feb-2025 09:05:49 Europe/Helsinki] DellTASK [INFO] Повірка від 04.02.2025 для адреси вул. Космонавтів, буд. 22, кв. 52 для лічильника БЕЗ НОМЕРА - 2 шт. було завершено користувачем [Коваль Людмила] з коментарем: виконано.
[06-Feb-2025 09:06:03 Europe/Helsinki] DellTASK [INFO] Повірка від 04.02.2025 для адреси вул. Доценка, буд. 13, кв. 69 для лічильника БЕЗ НОМЕРА - 2 шт. було завершено користувачем [Коваль Людмила] з коментарем: виконано.
[06-Feb-2025 09:06:20 Europe/Helsinki] DellTASK [INFO] Повірка від 04.02.2025 для адреси вул. Всіхсвятська, буд. 16, кв. 51 для лічильника БЕЗ НОМЕРА - 2 шт. було завершено користувачем [Коваль Людмила] з коментарем: виконано.
[06-Feb-2025 09:06:38 Europe/Helsinki] DellTASK [INFO] Повірка від 04.02.2025 для адреси вул. Радченка Вячеслава, буд. 4, кв. 38 для лічильника БЕЗ НОМЕРА - 2 шт. було завершено користувачем [Коваль Людмила] з коментарем: виконано.
[06-Feb-2025 09:08:59 Europe/Helsinki] DellTASK [INFO] Повірка від 03.02.2025 для адреси вул. Старобілоуська, буд. 14, корп. Б, кв. 1 для лічильника БЕЗ НОМЕРА - 2 шт. було завершено користувачем [Коваль Людмила] з коментарем: виконано.
[06-Feb-2025 09:09:15 Europe/Helsinki] DellTASK [INFO] Повірка від 03.02.2025 для адреси вул. Чорновола Вячеслава, буд. 6, кв. 6 для лічильника БЕЗ НОМЕРА - 1 шт. було завершено користувачем [Коваль Людмила] з коментарем: виконано.
[06-Feb-2025 09:09:29 Europe/Helsinki] DellTASK [INFO] Повірка від 03.02.2025 для адреси вул. Жабинського, буд. 9, кв. 55 для лічильника БЕЗ НОМЕРА - 2 шт. було завершено користувачем [Коваль Людмила] з коментарем: виконано.
[06-Feb-2025 09:09:42 Europe/Helsinki] DellTASK [INFO] Повірка від 03.02.2025 для адреси вул. Жабинського, буд. 2, корп. В, кв. 268 для лічильника БЕЗ НОМЕРА - 1 шт. було завершено користувачем [Коваль Людмила] з коментарем: виконано.
[06-Feb-2025 09:10:02 Europe/Helsinki] DellTASK [INFO] Повірка від 31.01.2025 для адреси вул. курсанта Єськова, буд. 14, корп. Б, кв. 64 для лічильника БЕЗ НОМЕРА - 1 шт. було завершено користувачем [Коваль Людмила] з коментарем: виконано.
[06-Feb-2025 09:10:22 Europe/Helsinki] DellTASK [INFO] Повірка від 30.01.2025 для адреси вул. курсанта Єськова, буд. 8, корп. А, кв. 29 для лічильника БЕЗ НОМЕРА - 1 шт. було завершено користувачем [Коваль Людмила] з коментарем: виконано.
[06-Feb-2025 09:10:52 Europe/Helsinki] DellTASK [INFO] Повірка від 29.01.2025 для адреси вул. курсанта Єськова, буд. 14, корп. 3, кв. 62 для лічильника БЕЗ НОМЕРА - 1 шт. було завершено користувачем [Коваль Людмила] з коментарем: виконано.
[06-Feb-2025 09:11:09 Europe/Helsinki] DellTASK [INFO] Повірка від 28.01.2025 для адреси вул. курсанта Єськова, буд. 14, корп. А, кв. 34 для лічильника БЕЗ НОМЕРА - 2 шт. було завершено користувачем [Коваль Людмила] з коментарем: виконано.
[06-Feb-2025 09:40:12 Europe/Helsinki] DellTASK [INFO] Повірка від 20.01.2025 для адреси вул. Мстиславська, буд. 134, кв. 38 для лічильника БЕЗ НОМЕРА - 2 шт. було завершено користувачем [Коваль Людмила] з коментарем: виконано.
[06-Feb-2025 09:40:26 Europe/Helsinki] DellTASK [INFO] Повірка від 29.01.2025 для адреси вул. курсанта Єськова, буд. 14, корп. 1, кв. 17 для лічильника БЕЗ НОМЕРА - 2 шт. було завершено користувачем [Коваль Людмила] з коментарем: виконано.
[06-Feb-2025 09:40:51 Europe/Helsinki] DellTASK [INFO] Повірка від 03.02.2025 для адреси вул. Захисників України, буд. 9, корп. А, кв. 118 для лічильника БЕЗ НОМЕРА - 2 шт. було завершено користувачем [Коваль Людмила] з коментарем: виконано.
[06-Feb-2025 09:41:04 Europe/Helsinki] DellTASK [INFO] Повірка від 04.02.2025 для адреси вул. Освіти, буд. 10, кв. 31 для лічильника БЕЗ НОМЕРА - 2 шт. було завершено користувачем [Коваль Людмила] з коментарем: виконано.
[06-Feb-2025 09:41:17 Europe/Helsinki] DellTASK [INFO] Повірка від 04.02.2025 для адреси вул. Шевченка, буд. 106, кв. 68 для лічильника БЕЗ НОМЕРА - 4 шт. було завершено користувачем [Коваль Людмила] з коментарем: виконано.
[06-Feb-2025 09:41:30 Europe/Helsinki] DellTASK [INFO] Повірка від 04.02.2025 для адреси вул. Освіти, буд. 10, кв. 30 для лічильника БЕЗ НОМЕРА - 2 шт. було завершено користувачем [Коваль Людмила] з коментарем: виконано.
[06-Feb-2025 09:42:12 Europe/Helsinki] NewDATA [INFO] Новий лічильник номер: 628984, тип: КВ-1,5 => DN 15, рік випуску: 2008, показники: 0, балансоутримувач: КП "ВДК" додано до БД користувачем [Коваль Людмила].
[06-Feb-2025 09:42:35 Europe/Helsinki] NewDATA [INFO] Новий лічильник номер: 628719, тип: КВ-1,5 => DN 15, рік випуску: 2008, показники: 0, балансоутримувач: КП "ВДК" додано до БД користувачем [Коваль Людмила].
[06-Feb-2025 09:42:38 Europe/Helsinki] EditDATA [INFO] За адресою вул. Захисників України, буд. 9, корп. А, кв. 118 користувачем [Коваль Людмила] було додано лічильники: 628984, 628719].
[06-Feb-2025 09:43:16 Europe/Helsinki] NewDATA [INFO] Новий лічильник номер: 086112, тип: КВ-1,5 => DN 15, рік випуску: 2016, показники: 0, балансоутримувач: КП "ВДК" додано до БД користувачем [Коваль Людмила].
[06-Feb-2025 09:43:41 Europe/Helsinki] NewDATA [INFO] Новий лічильник номер: 106116, тип: КВ-1,5 => DN 15, рік випуску: 2016, показники: 0, балансоутримувач: АТ "ОТКЕ" додано до БД користувачем [Коваль Людмила].
[06-Feb-2025 09:43:44 Europe/Helsinki] EditDATA [INFO] За адресою вул. Освіти, буд. 10, кв. 31 користувачем [Коваль Людмила] було додано лічильники: 086112, 106116].
[06-Feb-2025 09:44:18 Europe/Helsinki] NewDATA [INFO] Новий лічильник номер: 117194, тип: КВ-1,5 => DN 15, рік випуску: 2016, показники: 0, балансоутримувач: КП "ВДК" додано до БД користувачем [Коваль Людмила].
[06-Feb-2025 09:44:40 Europe/Helsinki] NewDATA [INFO] Новий лічильник номер: 132132, тип: КВ-1,5 => DN 15, рік випуску: 2016, показники: 0, балансоутримувач: АТ "ОТКЕ" додано до БД користувачем [Коваль Людмила].
[06-Feb-2025 09:44:42 Europe/Helsinki] EditDATA [INFO] За адресою вул. Освіти, буд. 10, кв. 30 користувачем [Коваль Людмила] було додано лічильники: 117194, 132132].
[06-Feb-2025 09:45:03 Europe/Helsinki] EditDATA [INFO] Для заявки Заміна від 04.02.2025 користувачем [Сусло Тетяна] змінено примітки з 8-13, 1 хв, св на 8-13, за 30 хв, 1 хв, св.
[06-Feb-2025 09:45:22 Europe/Helsinki] EditDATA [INFO] Для заявки Заміна від 05.02.2025 користувачем [Сусло Тетяна] змінено примітки з 9-13, 1 гв, св, № 97723879 на 9-13, за 30 хв, 1 гв, св, № 97723879.
[06-Feb-2025 09:45:43 Europe/Helsinki] EditDATA [INFO] Для заявки Заміна від 05.02.2025 користувачем [Сусло Тетяна] змінено примітки з хол.с/в №506188,11-15 на хол.с/в №506188,11-15, за 30 хв.
[06-Feb-2025 09:48:02 Europe/Helsinki] NewDATA [INFO] Новий лічильник номер: 463043, тип: КВ-1,5 => DN 15, рік випуску: 2008, показники: 0, балансоутримувач: КП "ВДК" додано до БД користувачем [Коваль Людмила].
[06-Feb-2025 09:48:25 Europe/Helsinki] NewDATA [INFO] Новий лічильник номер: 508547, тип: КВ-1,5 => DN 15, рік випуску: 2008, показники: 0, балансоутримувач: АТ "ОТКЕ" додано до БД користувачем [Коваль Людмила].
[06-Feb-2025 09:48:48 Europe/Helsinki] NewDATA [INFO] Новий лічильник номер: 463176, тип: КВ-1,5 => DN 15, рік випуску: 2008, показники: 0, балансоутримувач: КП "ВДК" додано до БД користувачем [Коваль Людмила].
[06-Feb-2025 09:49:13 Europe/Helsinki] NewDATA [INFO] Новий лічильник номер: 503230, тип: КВ-1,5 => DN 15, рік випуску: 2008, показники: 0, балансоутримувач: АТ "ОТКЕ" додано до БД користувачем [Коваль Людмила].
[06-Feb-2025 09:49:15 Europe/Helsinki] EditDATA [INFO] За адресою вул. Шевченка, буд. 106, кв. 68 користувачем [Коваль Людмила] було додано лічильники: 463043, 508547, 463176, 503230].
[06-Feb-2025 09:52:01 Europe/Helsinki] EditDATA [INFO] Для заявки Заміна від 05.02.2025 користувачем [Сусло Тетяна] змінено примітки з кух.гор.13-17,пер.за 30 хв на кух.гор.8-13,пер.за 30 хв.
[06-Feb-2025 09:56:38 Europe/Helsinki] NewDATA [INFO] Новий лічильник номер: 2558349, тип: ЛК => DN 15, рік випуску: 2012, показники: 0, балансоутримувач: КП "ВДК" додано до БД користувачем [Коваль Людмила].
[06-Feb-2025 09:57:01 Europe/Helsinki] NewDATA [INFO] Новий лічильник номер: 2842325, тип: ЛК => DN 15, рік випуску: 2012, показники: 0, балансоутримувач: АТ "ОТКЕ" додано до БД користувачем [Коваль Людмила].
[06-Feb-2025 09:57:03 Europe/Helsinki] EditDATA [INFO] За адресою вул. курсанта Єськова, буд. 14, корп. 1, кв. 17 користувачем [Коваль Людмила] було додано лічильники: 2558349, 2842325].
[06-Feb-2025 09:57:59 Europe/Helsinki] NewDATA [INFO] Нова адреса просп. Миру, буд. 65, кв. 8 додана до БД користувачем [Сусло Тетяна].
[06-Feb-2025 09:58:22 Europe/Helsinki] NewDATA [INFO] Нова заявка Повірка, адреса: просп. Миру 65, кв. 8, лічильники: БЕЗ НОМЕРА - 4 шт., вартість: 1200 грн., примітки: 13-17 додано до БД користувачем [Сусло Тетяна].
[2025-02-06T09:58:26.165] [INFO] DataBase - У заявці Повірка від 6 лютого 2025 р. за адресою просп. Миру, буд. 65, кв. 8 додано виконавця ЗАПЛАНОВАНІ та додано дату виконання 11 лютого 2025 р. користувачем [Сусло Тетяна].
[06-Feb-2025 09:59:20 Europe/Helsinki] NewDATA [INFO] Новий лічильник номер: 5235096, тип: ЛК => DN 15, рік випуску: 2005, показники: 0, балансоутримувач: АТ "ОТКЕ" додано до БД користувачем [Коваль Людмила].
[06-Feb-2025 09:59:22 Europe/Helsinki] EditDATA [INFO] За адресою вул. курсанта Єськова, буд. 14, корп. 3, кв. 62 користувачем [Коваль Людмила] було додано лічильники: 5235096].
[06-Feb-2025 10:00:07 Europe/Helsinki] NewDATA [INFO] Новий лічильник номер: 422576, тип: КВ-1,5 => DN 15, рік випуску: 2009, показники: 0, балансоутримувач: КП "ВДК" додано до БД користувачем [Коваль Людмила].
[06-Feb-2025 10:00:35 Europe/Helsinki] NewDATA [INFO] Новий лічильник номер: 438523, тип: КВ-1,5 => DN 15, рік випуску: 2009, показники: 0, балансоутримувач: АТ "ОТКЕ" додано до БД користувачем [Коваль Людмила].
[06-Feb-2025 10:00:38 Europe/Helsinki] EditDATA [INFO] За адресою вул. курсанта Єськова, буд. 14, корп. А, кв. 34 користувачем [Коваль Людмила] було додано лічильники: 422576, 438523].
[06-Feb-2025 10:03:38 Europe/Helsinki] NewDATA [INFO] Новий лічильник номер: 432174, тип: КВ-1,5 => DN 15, рік випуску: 2006, показники: 0, балансоутримувач: КП "ВДК" додано до БД користувачем [Коваль Людмила].
[06-Feb-2025 10:04:46 Europe/Helsinki] NewDATA [INFO] Новий лічильник номер: 602880, тип: КВ-1,5 => DN 15, рік випуску: 2006, показники: 0, балансоутримувач: АТ "ОТКЕ" додано до БД користувачем [Коваль Людмила].
[06-Feb-2025 10:04:48 Europe/Helsinki] EditDATA [INFO] За адресою вул. Мстиславська, буд. 134, кв. 38 користувачем [Коваль Людмила] було додано лічильники: 432174, 602880].
[06-Feb-2025 10:05:32 Europe/Helsinki] NewDATA [INFO] Новий лічильник номер: 6215881, тип: ЛК => DN 15, рік випуску: 2006, показники: 0, балансоутримувач: КП "ВДК" додано до БД користувачем [Коваль Людмила].
[06-Feb-2025 10:05:36 Europe/Helsinki] EditDATA [INFO] За адресою вул. курсанта Єськова, буд. 8, корп. А, кв. 29 користувачем [Коваль Людмила] було додано лічильники: 6215881].
[06-Feb-2025 10:06:20 Europe/Helsinki] NewDATA [INFO] Новий лічильник номер: 0014623, тип: НІК-7011 => DN 15, рік випуску: 2016, показники: 0, балансоутримувач: АТ "ОТКЕ" додано до БД користувачем [Коваль Людмила].
[06-Feb-2025 10:06:22 Europe/Helsinki] EditDATA [INFO] За адресою вул. курсанта Єськова, буд. 14, корп. Б, кв. 64 користувачем [Коваль Людмила] було додано лічильники: 0014623].
[06-Feb-2025 10:07:12 Europe/Helsinki] NewDATA [INFO] Новий лічильник номер: 12013936, тип: Sensus => DN 15, рік випуску: 2020, показники: 0, балансоутримувач: КП "ВДК" додано до БД користувачем [Сусло Тетяна].
[06-Feb-2025 10:07:14 Europe/Helsinki] EditDATA [INFO] За адресою вул. Жабинського, буд. 2, корп. В, кв. 268 користувачем [Сусло Тетяна] було додано лічильники: 12013936].
[06-Feb-2025 10:09:21 Europe/Helsinki] NewDATA [INFO] Новий лічильник номер: 161923, тип: КВ-1,5 => DN 15, рік випуску: 2014, показники: 0, балансоутримувач: КП "ВДК" додано до БД користувачем [Сусло Тетяна].
[06-Feb-2025 10:09:46 Europe/Helsinki] NewDATA [INFO] Новий лічильник номер: 125769, тип: КВ-1,5 => DN 15, рік випуску: 2014, показники: 0, балансоутримувач: КП "ТКЕ" додано до БД користувачем [Сусло Тетяна].
[06-Feb-2025 10:09:51 Europe/Helsinki] EditDATA [INFO] За адресою вул. Жабинського, буд. 9, кв. 55 користувачем [Сусло Тетяна] було додано лічильники: 161923, 125769].
[06-Feb-2025 10:12:04 Europe/Helsinki] NewDATA [INFO] Новий лічильник номер: 051431, тип: КВ-1,5 => DN 15, рік випуску: 2003, показники: 0, балансоутримувач: КП "ВДК" додано до БД користувачем [Сусло Тетяна].
[06-Feb-2025 10:12:28 Europe/Helsinki] NewDATA [INFO] Новий лічильник номер: 213605, тип: КВ-1,5 => DN 15, рік випуску: 2003, показники: 0, балансоутримувач: КП "ТКЕ" додано до БД користувачем [Сусло Тетяна].
[06-Feb-2025 10:12:30 Europe/Helsinki] EditDATA [INFO] За адресою вул. Старобілоуська, буд. 14, корп. Б, кв. 1 користувачем [Сусло Тетяна] було додано лічильники: 051431, 213605].
[06-Feb-2025 10:13:39 Europe/Helsinki] NewDATA [INFO] Новий лічильник номер: 190594819, тип: GSD8 => DN 15, рік випуску: 2019, показники: 0, балансоутримувач: КП "ВДК" додано до БД користувачем [Сусло Тетяна].
[06-Feb-2025 10:14:04 Europe/Helsinki] NewDATA [INFO] Новий лічильник номер: 190570522, тип: GSD8 => DN 15, рік випуску: 2019, показники: 0, балансоутримувач: КП "ТКЕ" додано до БД користувачем [Сусло Тетяна].
[06-Feb-2025 10:14:06 Europe/Helsinki] EditDATA [INFO] За адресою вул. Чорновола Вячеслава, буд. 6, кв. 6 користувачем [Сусло Тетяна] було додано лічильники: 190594819, 190570522].
[06-Feb-2025 10:14:57 Europe/Helsinki] NewDATA [INFO] Новий лічильник номер: 191270640, тип: СВК => DN 15, рік випуску: 2019, показники: 0, балансоутримувач: КП "ВДК" додано до БД користувачем [Сусло Тетяна].
[06-Feb-2025 10:15:23 Europe/Helsinki] NewDATA [INFO] Новий лічильник номер: 9200321785, тип: ЛК => DN 15, рік випуску: 2019, показники: 0, балансоутримувач: КП "ТКЕ" додано до БД користувачем [Сусло Тетяна].
[06-Feb-2025 10:15:25 Europe/Helsinki] EditDATA [INFO] За адресою вул. Радченка Вячеслава, буд. 4, кв. 38 користувачем [Сусло Тетяна] було додано лічильники: 191270640, 9200321785].
[06-Feb-2025 10:16:24 Europe/Helsinki] NewDATA [INFO] Новий лічильник номер: 284120, тип: КВ-1,5 => DN 15, рік випуску: 2007, показники: 0, балансоутримувач: АТ "ОТКЕ" додано до БД користувачем [Сусло Тетяна].
[06-Feb-2025 10:16:26 Europe/Helsinki] EditDATA [INFO] За адресою вул. Космонавтів, буд. 8, кв. 26 користувачем [Сусло Тетяна] було додано лічильники: 284120].
[06-Feb-2025 10:17:24 Europe/Helsinki] NewDATA [INFO] Новий лічильник номер: 472787, тип: КВ-1,5 => DN 15, рік випуску: 2007, показники: 0, балансоутримувач: КП "ВДК" додано до БД користувачем [Сусло Тетяна].
[06-Feb-2025 10:17:49 Europe/Helsinki] NewDATA [INFO] Новий лічильник номер: 470065, тип: КВ-1,5 => DN 15, рік випуску: 2007, показники: 0, балансоутримувач: КП "ВДК" додано до БД користувачем [Сусло Тетяна].
[06-Feb-2025 10:17:50 Europe/Helsinki] EditDATA [INFO] За адресою вул. Космонавтів, буд. 22, кв. 52 користувачем [Сусло Тетяна] було додано лічильники: 472787, 470065].
[06-Feb-2025 10:18:34 Europe/Helsinki] NewDATA [INFO] Новий лічильник номер: 038729, тип: КВ-1,5 => DN 15, рік випуску: 2010, показники: 0, балансоутримувач: КП "ВДК" додано до БД користувачем [Сусло Тетяна].
[06-Feb-2025 10:18:58 Europe/Helsinki] NewDATA [INFO] Новий лічильник номер: 271312, тип: КВ-1,5 => DN 15, рік випуску: 2007, показники: 0, балансоутримувач: АТ "ОТКЕ" додано до БД користувачем [Сусло Тетяна].
[06-Feb-2025 10:19:00 Europe/Helsinki] EditDATA [INFO] За адресою вул. Всіхсвятська, буд. 16, кв. 51 користувачем [Сусло Тетяна] було додано лічильники: 038729, 271312].
[06-Feb-2025 10:19:42 Europe/Helsinki] NewDATA [INFO] Новий лічильник номер: 131883, тип: КВ-1,5 => DN 15, рік випуску: 2002, показники: 0, балансоутримувач: КП "ВДК" додано до БД користувачем [Сусло Тетяна].
[06-Feb-2025 10:20:07 Europe/Helsinki] NewDATA [INFO] Новий лічильник номер: 086298, тип: КВ-1,5 => DN 15, рік випуску: 2002, показники: 0, балансоутримувач: АТ "ОТКЕ" додано до БД користувачем [Сусло Тетяна].
[06-Feb-2025 10:20:08 Europe/Helsinki] EditDATA [INFO] За адресою вул. Доценка, буд. 13, кв. 69 користувачем [Сусло Тетяна] було додано лічильники: 131883, 086298].
[06-Feb-2025 10:23:09 Europe/Helsinki] NewDATA [INFO] Нова адреса вул. Старобілоуська, буд. 61, корп. А, кв. 285, тел. +38 (067) 555-82-54 додана до БД користувачем [Коваль Людмила].
[06-Feb-2025 10:23:47 Europe/Helsinki] NewDATA [INFO] Нова заявка Повірка, адреса: вул. Старобілоуська 61 корпус А, кв. 285, лічильники: БЕЗ НОМЕРА - 1 шт., вартість: 300 грн., примітки: 13-17,пер.за час додано до БД користувачем [Коваль Людмила].
[2025-02-06T10:23:56.359] [INFO] DataBase - У заявці Повірка від 6 лютого 2025 р. за адресою вул. Старобілоуська, буд. 61, корп. А, кв. 285 додано виконавця Осипенко та додано дату виконання 7 лютого 2025 р. користувачем [Коваль Людмила].
[06-Feb-2025 10:24:46 Europe/Helsinki] NewDATA [INFO] Нова адреса вул. Мстиславська, буд. 175, кв. 44, тел. +38 (099) 557-33-44 додана до БД користувачем [Коваль Людмила].
[06-Feb-2025 10:29:37 Europe/Helsinki] NewDATA [INFO] Нова заявка Повірка, адреса: вул. Мстиславська 175, кв. 44, лічильники: БЕЗ НОМЕРА - 2 шт., вартість: 600 грн., примітки: 13-17 додано до БД користувачем [Коваль Людмила].
[2025-02-06T10:29:46.127] [INFO] DataBase - У заявці Повірка від 6 лютого 2025 р. за адресою вул. Мстиславська, буд. 175, кв. 44 додано виконавця ЗАПЛАНОВАНІ та додано дату виконання 10 лютого 2025 р. користувачем [Коваль Людмила].
[06-Feb-2025 10:32:04 Europe/Helsinki] EditDATA [INFO] За адресою вул. Генерала Пухова 138, кв. 2 користувачем [Коваль Людмила] змінені номери телефонів з +38(063)643-78-26, +38(099)970-75-63, +38(0462)62-81-40, +38(098)703-55-84 на +38(098)171-81-86, при створенні нової заявки [Повірка] від 06.02.2025.
[06-Feb-2025 10:32:05 Europe/Helsinki] NewDATA [INFO] Нова заявка Повірка, адреса: вул. Генерала Пухова 138, кв. 2, лічильники: БЕЗ НОМЕРА - 2 шт., вартість: 600 грн., примітки: 13-17 додано до БД користувачем [Коваль Людмила].
[2025-02-06T10:32:11.622] [INFO] DataBase - У заявці Повірка від 6 лютого 2025 р. за адресою вул. Генерала Пухова, буд. 138, кв. 2 додано виконавця Ващенко та додано дату виконання 7 лютого 2025 р. користувачем [Коваль Людмила].
[06-Feb-2025 10:52:55 Europe/Helsinki] EditDATA [INFO] За адресою вул. Земська 68, кв. 5 користувачем [Коваль Людмила] змінені номери телефонів з +38(063)178-20-84, +38(096)962-12-40 на +38(097)335-22-54, при створенні нової заявки [Повірка] від 06.02.2025.
[06-Feb-2025 10:52:55 Europe/Helsinki] NewDATA [INFO] Нова заявка Повірка, адреса: вул. Земська 68, кв. 5, лічильники: БЕЗ НОМЕРА - 2 шт., вартість: 600 грн., примітки: 9-13 додано до БД користувачем [Коваль Людмила].
[2025-02-06T10:52:59.101] [INFO] DataBase - У заявці Повірка від 6 лютого 2025 р. за адресою вул. Земська, буд. 68, кв. 5 додано виконавця ЗАПЛАНОВАНІ та додано дату виконання 12 лютого 2025 р. користувачем [Коваль Людмила].
[2025-02-06T11:08:13.268] [INFO] DataBase - У заявці Повірка від 3 лютого 2025 р. за адресою вул. Заньковецька, буд. 30, кв. 27 видалено дату виконання 6 лютого 2025 р. користувачем [Коваль Людмила].
[2025-02-06T11:08:18.469] [INFO] DataBase - У заявці Повірка від 3 лютого 2025 р. за адресою вул. Заньковецька, буд. 30, кв. 27 додано дату виконання 11 лютого 2025 р. користувачем [Коваль Людмила].
[06-Feb-2025 11:23:10 Europe/Helsinki] EditDATA [INFO] Для заявки Повірка від 03.02.2025 користувачем [Коваль Людмила] змінено виконавця з ЗАПЛАНОВАНІ на Осипенко.
[06-Feb-2025 11:23:20 Europe/Helsinki] EditDATA [INFO] Для заявки Повірка від 04.02.2025 користувачем [Коваль Людмила] змінено виконавця з ЗАПЛАНОВАНІ на Осипенко.
[06-Feb-2025 11:37:41 Europe/Helsinki] DellTASK [INFO] Повірка від 05.02.2025 для адреси вул. Хлібопекарська, буд. 16, кв. 53 для лічильника БЕЗ НОМЕРА - 2 шт. було відмінено користувачем [Коваль Людмила] з коментарем: відмова.
[06-Feb-2025 12:44:14 Europe/Helsinki] EditDATA [INFO] За адресою вул. Рятувальників 35, кв. 80 користувачем [Коваль Людмила] змінені номери телефонів з +38(067)882-47-21 на +38(050)983-64-99, при створенні нової заявки [Повірка] від 06.02.2025.
[06-Feb-2025 12:44:15 Europe/Helsinki] NewDATA [INFO] Нова заявка Повірка, адреса: вул. Рятувальників 35, кв. 80, лічильники: БЕЗ НОМЕРА - 2 шт., вартість: 600 грн., примітки: 13-17,пер.за 30 хв. додано до БД користувачем [Коваль Людмила].
[2025-02-06T12:44:52.232] [INFO] DataBase - У заявці Повірка від 6 лютого 2025 р. за адресою вул. Рятувальників, буд. 35, кв. 80 додано виконавця Шкуліпа та додано дату виконання 6 лютого 2025 р. користувачем [Коваль Людмила].
[06-Feb-2025 12:46:10 Europe/Helsinki] NewDATA [INFO] Нова заявка Повірка, адреса: вул. 1-ої танкової бригади 37 корпус 6, кв. 22, лічильники: БЕЗ НОМЕРА - 1 шт., вартість: 300 грн., примітки: 13-17,пер.за 30 хв. додано до БД користувачем [Коваль Людмила].
[2025-02-06T12:46:13.450] [INFO] DataBase - У заявці Повірка від 6 лютого 2025 р. за адресою вул. 1-ої танкової бригади, буд. 37, корп. 6, кв. 22 додано виконавця Ващенко та додано дату виконання 7 лютого 2025 р. користувачем [Коваль Людмила].
[06-Feb-2025 13:20:13 Europe/Helsinki] EditDATA [INFO] Для заявки Повірка від 05.02.2025 користувачем [Коваль Людмила] змінено виконавця з ЗАПЛАНОВАНІ на Осипенко.
[06-Feb-2025 13:20:26 Europe/Helsinki] EditDATA [INFO] Для заявки Повірка від 04.02.2025 користувачем [Коваль Людмила] змінено виконавця з ЗАПЛАНОВАНІ на Осипенко.
[06-Feb-2025 13:20:36 Europe/Helsinki] EditDATA [INFO] Для заявки Повірка від 31.01.2025 користувачем [Коваль Людмила] змінено виконавця з ЗАПЛАНОВАНІ на Шкуліпа.
[06-Feb-2025 14:47:04 Europe/Helsinki] NewDATA [INFO] Нова адреса вул. Чорновола Вячеслава, буд. 13, кв. 68, тел. +38 (068) 575-78-19 додана до БД користувачем [Коваль Людмила].
[06-Feb-2025 14:47:52 Europe/Helsinki] NewDATA [INFO] Нова заявка Повірка, адреса: вул. Чорновола Вячеслава 13, кв. 68, лічильники: БЕЗ НОМЕРА - 4 шт., вартість: 1200 грн., примітки: 10-14,пер.за 30 хв. додано до БД користувачем [Коваль Людмила].
[2025-02-06T14:47:56.795] [INFO] DataBase - У заявці Повірка від 6 лютого 2025 р. за адресою вул. Чорновола Вячеслава, буд. 13, кв. 68 додано виконавця ЗАПЛАНОВАНІ та додано дату виконання 4 квітня 2025 р. користувачем [Коваль Людмила].
[06-Feb-2025 15:17:38 Europe/Helsinki] EditDATA [INFO] За адресою вул. Самострова 9, кв. 172 користувачем [Сусло Тетяна] змінені номери телефонів з +38(063)608-95-34, +38(093)201-94-34 на +38(063)608-95-34, при створенні нової заявки [Заміна] від 06.02.2025.
[06-Feb-2025 15:17:38 Europe/Helsinki] NewDATA [INFO] Нова заявка Заміна, адреса: вул. Самострова 9, кв. 172, лічильники: БЕЗ НОМЕРА - 1 шт., виконавець: Баранов, вартість: 1060 грн., примітки: 8-13, за 30 хв, 1 гв, туалет, № 00349154 додано до БД користувачем [Сусло Тетяна].
[2025-02-06T15:17:43.409] [INFO] DataBase - У заявці Заміна від 6 лютого 2025 р. за адресою вул. Самострова, буд. 9, кв. 172 додано дату виконання 17 лютого 2025 р. користувачем [Сусло Тетяна].
[06-Feb-2025 15:25:42 Europe/Helsinki] NewDATA [INFO] Нова адреса вул. Небаби Мартина, буд. 102, кв. 39, тел. +38 (093) 354-64-15 додана до БД користувачем [Сусло Тетяна].
[06-Feb-2025 15:26:10 Europe/Helsinki] NewDATA [INFO] Нова заявка Повірка, адреса: вул. Небаби Мартина 102, кв. 39, лічильники: БЕЗ НОМЕРА - 2 шт., вартість: 600 грн., примітки: 8-13 додано до БД користувачем [Сусло Тетяна].
[2025-02-06T15:26:14.383] [INFO] DataBase - У заявці Повірка від 6 лютого 2025 р. за адресою вул. Небаби Мартина, буд. 102, кв. 39 додано виконавця ЗАПЛАНОВАНІ та додано дату виконання 11 лютого 2025 р. користувачем [Сусло Тетяна].
[06-Feb-2025 16:11:16 Europe/Helsinki] NewDATA [INFO] Нова заявка Повірка, адреса: вул. курсанта Єськова 8 корпус А, кв. 9, лічильники: БЕЗ НОМЕРА - 1 шт., вартість: 300 грн., примітки: 8-13, за 1 год додано до БД користувачем [Сусло Тетяна].
[2025-02-06T16:11:18.849] [INFO] DataBase - У заявці Повірка від 6 лютого 2025 р. за адресою вул. курсанта Єськова, буд. 8, корп. А, кв. 9 додано виконавця ЗАПЛАНОВАНІ та додано дату виконання 10 лютого 2025 р. користувачем [Сусло Тетяна].
[2025-02-06T16:31:22.311] [INFO] DataBase - У заявці Повірка від 4 лютого 2025 р. за адресою вул. Льотна, буд. 5, корп. А, кв. 24 видалено дату виконання 17 лютого 2025 р. користувачем [Коваль Людмила].
[2025-02-06T16:31:29.099] [INFO] DataBase - У заявці Повірка від 4 лютого 2025 р. за адресою вул. Льотна, буд. 5, корп. А, кв. 24 додано дату виконання 18 лютого 2025 р. користувачем [Коваль Людмила].

