[25-Feb-2025 08:16:36 Europe/Helsinki] NewDATA [INFO] Нова заявка Заміна, адреса: вул. Пятницька 92, кв. 69, лічильники: БЕЗ НОМЕРА - 1 шт., виконавець: Баранов, вартість: 1060 грн., примітки: 8-13, за 15 хв(підійде), 1гв додано до БД користувачем [Сусло Тетяна].
[2025-02-25T08:16:39.420] [INFO] DataBase - У заявці Заміна від 25 лютого 2025 р. за адресою вул. Пятницька, буд. 92, кв. 69 додано дату виконання 26 лютого 2025 р. користувачем [Сусло Тетяна].
[25-Feb-2025 08:52:19 Europe/Helsinki] EditDATA [INFO] Для заявки Повірка від 21.02.2025 користувачем [Коваль Людмила] змінено виконавця з ЗАПЛАНОВАНІ на Шкуліпа.
[25-Feb-2025 08:52:28 Europe/Helsinki] EditDATA [INFO] Для заявки Повірка від 21.02.2025 користувачем [Коваль Людмила] змінено виконавця з ЗАПЛАНОВАНІ на Шкуліпа.
[25-Feb-2025 08:52:45 Europe/Helsinki] EditDATA [INFO] Для заявки Повірка від 19.02.2025 користувачем [Коваль Людмила] змінено виконавця з ЗАПЛАНОВАНІ на Шкуліпа.
[25-Feb-2025 08:54:34 Europe/Helsinki] EditDATA [INFO] Для заявки Повірка від 24.02.2025 користувачем [Коваль Людмила] змінено виконавця з ЗАПЛАНОВАНІ на Ващенко.
[25-Feb-2025 08:54:46 Europe/Helsinki] EditDATA [INFO] Для заявки Повірка від 20.02.2025 користувачем [Коваль Людмила] змінено виконавця з ЗАПЛАНОВАНІ на Ващенко.
[25-Feb-2025 08:55:13 Europe/Helsinki] EditDATA [INFO] Для заявки Повірка від 19.02.2025 користувачем [Коваль Людмила] змінено виконавця з ЗАПЛАНОВАНІ на Ващенко.
[25-Feb-2025 08:56:47 Europe/Helsinki] EditDATA [INFO] Для заявки Повірка від 20.02.2025 користувачем [Коваль Людмила] змінено виконавця з ЗАПЛАНОВАНІ на Сірий.
[25-Feb-2025 08:57:00 Europe/Helsinki] EditDATA [INFO] Для заявки Повірка від 19.02.2025 користувачем [Коваль Людмила] змінено виконавця з ЗАПЛАНОВАНІ на Сірий.
[25-Feb-2025 08:57:22 Europe/Helsinki] EditDATA [INFO] Для заявки Повірка від 17.02.2025 користувачем [Коваль Людмила] змінено виконавця з ЗАПЛАНОВАНІ на Сірий.
[25-Feb-2025 08:57:49 Europe/Helsinki] EditDATA [INFO] Для заявки Повірка від 18.02.2025 користувачем [Коваль Людмила] змінено виконавця з ЗАПЛАНОВАНІ на Сірий.
[25-Feb-2025 09:10:40 Europe/Helsinki] NewDATA [INFO] Нова адреса просп. Перемоги, буд. 13, кв. 54, тел. +38 (067) 668-40-53 додана до БД користувачем [Сусло Тетяна].
[25-Feb-2025 09:11:22 Europe/Helsinki] NewDATA [INFO] Нова заявка Заміна, адреса: просп. Перемоги 13, кв. 54, лічильники: БЕЗ НОМЕРА - 1 шт., виконавець: Баранов, вартість: 1060 грн., примітки: на протязі дня, за 1 год,1 гв, туалет додано до БД користувачем [Сусло Тетяна].
[2025-02-25T09:11:27.538] [INFO] DataBase - У заявці Заміна від 25 лютого 2025 р. за адресою просп. Перемоги, буд. 13, кв. 54 додано дату виконання 27 лютого 2025 р. користувачем [Сусло Тетяна].
[25-Feb-2025 09:55:08 Europe/Helsinki] NewDATA [INFO] Новий лічильник номер: 102092, тип: КВ-1,5 => DN 15, рік випуску: 2012, показники: 0, балансоутримувач: КП "ВДК" додано до БД користувачем [Коваль Людмила].
[25-Feb-2025 09:55:29 Europe/Helsinki] NewDATA [INFO] Новий лічильник номер: 038465, тип: КВ-1,5 => DN 15, рік випуску: 2012, показники: 0, балансоутримувач: АТ "ОТКЕ" додано до БД користувачем [Коваль Людмила].
[25-Feb-2025 09:55:31 Europe/Helsinki] EditDATA [INFO] За адресою вул. Мстиславська, буд. 179, кв. 97 користувачем [Коваль Людмила] було додано лічильники: 102092, 038465].
[25-Feb-2025 09:56:15 Europe/Helsinki] NewDATA [INFO] Новий лічильник номер: 351558, тип: КВ-1,5 => DN 15, рік випуску: 2011, показники: 0, балансоутримувач: КП "ВДК" додано до БД користувачем [Коваль Людмила].
[25-Feb-2025 09:56:16 Europe/Helsinki] EditDATA [INFO] За адресою вул. Льотна, буд. 3, кв. 18 користувачем [Коваль Людмила] було додано лічильники: 351558].
[25-Feb-2025 09:57:18 Europe/Helsinki] NewDATA [INFO] Новий лічильник номер: 312816, тип: КВ-1,5 => DN 15, рік випуску: 2008, показники: 0, балансоутримувач: КП "ВДК" додано до БД користувачем [Коваль Людмила].
[25-Feb-2025 09:57:40 Europe/Helsinki] NewDATA [INFO] Новий лічильник номер: 242909, тип: КВ-1,5 => DN 15, рік випуску: 2008, показники: 0, балансоутримувач: АТ "ОТКЕ" додано до БД користувачем [Коваль Людмила].
[25-Feb-2025 09:57:42 Europe/Helsinki] EditDATA [INFO] За адресою вул. Льотна, буд. 5, кв. 100 користувачем [Коваль Людмила] було додано лічильники: 312816, 242909].
[25-Feb-2025 09:58:32 Europe/Helsinki] NewDATA [INFO] Новий лічильник номер: 540072, тип: КВ-1,5 => DN 15, рік випуску: 2009, показники: 0, балансоутримувач: КП "ВДК" додано до БД користувачем [Коваль Людмила].
[25-Feb-2025 09:58:53 Europe/Helsinki] NewDATA [INFO] Новий лічильник номер: 537201, тип: КВ-1,5 => DN 15, рік випуску: 2009, показники: 0, балансоутримувач: АТ "ОТКЕ" додано до БД користувачем [Коваль Людмила].
[25-Feb-2025 09:58:55 Europe/Helsinki] EditDATA [INFO] За адресою вул. Льотна, буд. 5, кв. 106 користувачем [Коваль Людмила] було додано лічильники: 540072, 537201].
[25-Feb-2025 10:00:26 Europe/Helsinki] NewDATA [INFO] Новий лічильник номер: 018301, тип: КВ-1,5 => DN 15, рік випуску: 2012, показники: 0, балансоутримувач: КП "ВДК" додано до БД користувачем [Коваль Людмила].
[25-Feb-2025 10:00:28 Europe/Helsinki] EditDATA [INFO] За адресою вул. Льотна, буд. 6, корп. А, кв. 38 користувачем [Коваль Людмила] було додано лічильники: 018301].
[25-Feb-2025 10:04:05 Europe/Helsinki] EditDATA [INFO] За адресою вул. Волковича, буд. 2, корп. Б, кв. 89 користувачем [Коваль Людмила] було додано лічильники: 8269513].
[25-Feb-2025 10:04:49 Europe/Helsinki] NewDATA [INFO] Новий лічильник номер: 003519, тип: КВ-1,5 => DN 15, рік випуску: 2006, показники: 0, балансоутримувач: КП "ВДК" додано до БД користувачем [Коваль Людмила].
[25-Feb-2025 10:04:52 Europe/Helsinki] EditDATA [INFO] За адресою просп. Миру, буд. 207, корп. А, кв. 66 користувачем [Коваль Людмила] було додано лічильники: 003519].
[25-Feb-2025 10:05:51 Europe/Helsinki] NewDATA [INFO] Новий лічильник номер: 024229, тип: КВ-1,5 => DN 15, рік випуску: 2013, показники: 0, балансоутримувач: КП "ВДК" додано до БД користувачем [Коваль Людмила].
[25-Feb-2025 10:07:40 Europe/Helsinki] NewDATA [INFO] Новий лічильник номер: 016152, тип: КВ-1,5 => DN 15, рік випуску: 2013, показники: 0, балансоутримувач: АТ "ОТКЕ" додано до БД користувачем [Коваль Людмила].
[25-Feb-2025 10:07:42 Europe/Helsinki] EditDATA [INFO] За адресою просп. Миру, буд. 189, кв. 48 користувачем [Коваль Людмила] було додано лічильники: 024229, 016152].
[25-Feb-2025 10:08:24 Europe/Helsinki] NewDATA [INFO] Новий лічильник номер: 585156, тип: КВ-1,5 => DN 15, рік випуску: 2002, показники: 0, балансоутримувач: КП "ВДК" додано до БД користувачем [Коваль Людмила].
[25-Feb-2025 10:08:46 Europe/Helsinki] NewDATA [INFO] Новий лічильник номер: 601793, тип: КВ-1,5 => DN 15, рік випуску: 2002, показники: 0, балансоутримувач: КП "ТКЕ" додано до БД користувачем [Коваль Людмила].
[25-Feb-2025 10:08:48 Europe/Helsinki] EditDATA [INFO] За адресою вул. Жабинського, буд. 2, корп. Б, кв. 19 користувачем [Коваль Людмила] було додано лічильники: 585156, 601793].
[25-Feb-2025 10:26:18 Europe/Helsinki] NewDATA [INFO] Новий лічильник номер: 021281, тип: КВ-1,5 => DN 15, рік випуску: 2016, показники: 0, балансоутримувач: КП "ВДК" додано до БД користувачем [Коваль Людмила].
[25-Feb-2025 10:26:40 Europe/Helsinki] NewDATA [INFO] Новий лічильник номер: 316937, тип: КВ-1,5 => DN 15, рік випуску: 2016, показники: 0, балансоутримувач: КП "ТКЕ" додано до БД користувачем [Коваль Людмила].
[25-Feb-2025 10:26:42 Europe/Helsinki] EditDATA [INFO] За адресою вул. Старобілоуська, буд. 14, корп. В, кв. 10 користувачем [Коваль Людмила] було додано лічильники: 021281, 316937].
[25-Feb-2025 10:27:44 Europe/Helsinki] NewDATA [INFO] Новий лічильник номер: 072405, тип: КВ-1,5 => DN 15, рік випуску: 2008, показники: 0, балансоутримувач: КП "ВДК" додано до БД користувачем [Коваль Людмила].
[25-Feb-2025 10:28:12 Europe/Helsinki] NewDATA [INFO] Новий лічильник номер: 284583, тип: КВ-1,5 => DN 15, рік випуску: 2004, показники: 0, балансоутримувач: КП "ТКЕ" додано до БД користувачем [Коваль Людмила].
[25-Feb-2025 10:28:14 Europe/Helsinki] EditDATA [INFO] За адресою вул. Радченка Вячеслава, буд. 12, кв. 9 користувачем [Коваль Людмила] було додано лічильники: 072405, 284583].
[25-Feb-2025 10:29:32 Europe/Helsinki] EditDATA [INFO] Для лічильника 072405 користувачем [Коваль Людмила] змінено температуру з Холодний на Гарячий.
[25-Feb-2025 10:30:52 Europe/Helsinki] NewDATA [INFO] Новий лічильник номер: 522922, тип: КВ-1,5 => DN 15, рік випуску: 2008, показники: 0, балансоутримувач: КП "ВДК" додано до БД користувачем [Коваль Людмила].
[25-Feb-2025 10:31:14 Europe/Helsinki] NewDATA [INFO] Новий лічильник номер: 515228, тип: КВ-1,5 => DN 15, рік випуску: 2008, показники: 0, балансоутримувач: КП "ТКЕ" додано до БД користувачем [Коваль Людмила].
[25-Feb-2025 10:31:16 Europe/Helsinki] EditDATA [INFO] За адресою вул. Радченка Вячеслава, буд. 12, кв. 10 користувачем [Коваль Людмила] було додано лічильники: 522922, 515228].
[25-Feb-2025 10:31:50 Europe/Helsinki] NewDATA [INFO] Новий лічильник номер: 095775, тип: КВ-1,5 => DN 15, рік випуску: 2016, показники: 0, балансоутримувач: КП "ВДК" додано до БД користувачем [Коваль Людмила].
[25-Feb-2025 10:32:12 Europe/Helsinki] NewDATA [INFO] Новий лічильник номер: 068536, тип: КВ-1,5 => DN 15, рік випуску: 2016, показники: 0, балансоутримувач: КП "ТКЕ" додано до БД користувачем [Коваль Людмила].
[25-Feb-2025 10:32:14 Europe/Helsinki] EditDATA [INFO] За адресою вул. Радченка Вячеслава, буд. 12, кв. 36 користувачем [Коваль Людмила] було додано лічильники: 095775, 068536].
[25-Feb-2025 10:33:01 Europe/Helsinki] NewDATA [INFO] Новий лічильник номер: 730840, тип: КВ-1,5 => DN 15, рік випуску: 2003, показники: 0, балансоутримувач: КП "ВДК" додано до БД користувачем [Коваль Людмила].
[25-Feb-2025 10:33:06 Europe/Helsinki] EditDATA [INFO] За адресою вул. Самострова, буд. 11, кв. 120 користувачем [Коваль Людмила] було додано лічильники: 730840].
[25-Feb-2025 10:34:47 Europe/Helsinki] NewDATA [INFO] Новий лічильник номер: 028942, тип: КВ-1,5 => DN 15, рік випуску: 2015, показники: 0, балансоутримувач: КП "ВДК" додано до БД користувачем [Коваль Людмила].
[25-Feb-2025 10:35:26 Europe/Helsinki] NewDATA [INFO] Новий лічильник номер: 022791, тип: КВ-1,5 => DN 15, рік випуску: 2015, показники: 0, балансоутримувач: КП "ТКЕ" додано до БД користувачем [Коваль Людмила].
[25-Feb-2025 10:35:49 Europe/Helsinki] NewDATA [INFO] Новий лічильник номер: 015556, тип: КВ-1,5 => DN 15, рік випуску: 2015, показники: 0, балансоутримувач: КП "ВДК" додано до БД користувачем [Коваль Людмила].
[25-Feb-2025 10:36:09 Europe/Helsinki] NewDATA [INFO] Новий лічильник номер: 023089, тип: КВ-1,5 => DN 15, рік випуску: 2015, показники: 0, балансоутримувач: КП "ТКЕ" додано до БД користувачем [Коваль Людмила].
[25-Feb-2025 10:36:11 Europe/Helsinki] EditDATA [INFO] За адресою вул. Самострова, буд. 9, кв. 53 користувачем [Коваль Людмила] було додано лічильники: 028942, 022791, 015556, 023089].
[25-Feb-2025 10:38:52 Europe/Helsinki] NewDATA [INFO] Нова заявка Заміна, адреса: вул. Богуна Івана 40, кв. 97, лічильники: БЕЗ НОМЕРА - 1 шт., виконавець: Баранов, вартість: 1060 грн., примітки: до 15 год, за 1 год, 1 хв, св, №363103 додано до БД користувачем [Сусло Тетяна].
[2025-02-25T10:38:56.361] [INFO] DataBase - У заявці Заміна від 25 лютого 2025 р. за адресою вул. Богуна Івана, буд. 40, кв. 97 додано дату виконання 27 лютого 2025 р. користувачем [Сусло Тетяна].
[25-Feb-2025 10:49:53 Europe/Helsinki] NewDATA [INFO] Новий лічильник номер: 368132, тип: КВ-1,5 => DN 15, рік випуску: 2011, показники: 0, балансоутримувач: КП "ВДК" додано до БД користувачем [Коваль Людмила].
[25-Feb-2025 11:03:05 Europe/Helsinki] NewDATA [INFO] Новий лічильник номер: 330856, тип: КВ-1,5 => DN 15, рік випуску: 2011, показники: 0, балансоутримувач: КП "ТКЕ" додано до БД користувачем [Коваль Людмила].
[25-Feb-2025 11:03:08 Europe/Helsinki] EditDATA [INFO] За адресою вул. 1-ї Гвардійської Армії, буд. 6, кв. 1 користувачем [Коваль Людмила] було додано лічильники: 368132, 330856].
[25-Feb-2025 11:04:48 Europe/Helsinki] NewDATA [INFO] Новий лічильник номер: 0200173626, тип: ЛК => DN 15, рік випуску: 2020, показники: 0, балансоутримувач: КП "ВДК" додано до БД користувачем [Коваль Людмила].
[25-Feb-2025 11:05:07 Europe/Helsinki] NewDATA [INFO] Новий лічильник номер: 366207, тип: КВ-1,5 => DN 15, рік випуску: 2001, показники: 0, балансоутримувач: АТ "ОТКЕ" додано до БД користувачем [Коваль Людмила].
[25-Feb-2025 11:05:09 Europe/Helsinki] EditDATA [INFO] За адресою вул. 1-ї Гвардійської Армії, буд. 16, кв. 87 користувачем [Коваль Людмила] було додано лічильники: 0200173626, 366207].
[25-Feb-2025 11:05:48 Europe/Helsinki] NewDATA [INFO] Новий лічильник номер: 195825, тип: КВ-1,5 => DN 15, рік випуску: 2014, показники: 0, балансоутримувач: КП "ВДК" додано до БД користувачем [Коваль Людмила].
[25-Feb-2025 11:06:11 Europe/Helsinki] NewDATA [INFO] Новий лічильник номер: 211501, тип: КВ-1,5 => DN 15, рік випуску: 2014, показники: 0, балансоутримувач: КП "ТКЕ" додано до БД користувачем [Коваль Людмила].
[25-Feb-2025 11:06:13 Europe/Helsinki] EditDATA [INFO] За адресою вул. 1-ї Гвардійської Армії, буд. 8, кв. 53 користувачем [Коваль Людмила] було додано лічильники: 195825, 211501].
[25-Feb-2025 11:10:02 Europe/Helsinki] NewDATA [INFO] Новий лічильник номер: 6472731, тип: ЛК => DN 15, рік випуску: 2016, показники: 0, балансоутримувач: КП "ТКЕ" додано до БД користувачем [Коваль Людмила].
[25-Feb-2025 11:10:04 Europe/Helsinki] EditDATA [INFO] За адресою вул. Чорновола Вячеслава, буд. 4, кв. 113 користувачем [Коваль Людмила] було додано лічильники: 6472731].
[25-Feb-2025 11:10:43 Europe/Helsinki] NewDATA [INFO] Новий лічильник номер: 08165341, тип: E-T 1,5-U => DN 15, рік випуску: 2008, показники: 0, балансоутримувач: КП "ВДК" додано до БД користувачем [Коваль Людмила].
[25-Feb-2025 11:11:08 Europe/Helsinki] NewDATA [INFO] Новий лічильник номер: 08159736, тип: E-T 1,5-U => DN 15, рік випуску: 2008, показники: 0, балансоутримувач: КП "ТКЕ" додано до БД користувачем [Коваль Людмила].
[25-Feb-2025 11:11:34 Europe/Helsinki] NewDATA [INFO] Новий лічильник номер: 08159860, тип: E-T 1,5-U => DN 15, рік випуску: 2008, показники: 0, балансоутримувач: КП "ВДК" додано до БД користувачем [Коваль Людмила].
[25-Feb-2025 11:12:01 Europe/Helsinki] NewDATA [INFO] Новий лічильник номер: 08159785, тип: E-T 1,5-U => DN 15, рік випуску: 2008, показники: 0, балансоутримувач: КП "ТКЕ" додано до БД користувачем [Коваль Людмила].
[25-Feb-2025 11:12:04 Europe/Helsinki] EditDATA [INFO] За адресою вул. Чорновола Вячеслава, буд. 17, кв. 48 користувачем [Коваль Людмила] було додано лічильники: 08165341, 08159736, 08159860, 08159785].
[25-Feb-2025 11:12:34 Europe/Helsinki] DellTASK [INFO] Повірка від 13.01.2025 для адреси вул. Савчука, буд. 3, кв. 164 для лічильника БЕЗ НОМЕРА - 4 шт. було завершено користувачем [Коваль Людмила] з коментарем: виконано.
[25-Feb-2025 11:12:48 Europe/Helsinki] DellTASK [INFO] Повірка від 19.02.2025 для адреси вул. Доценка, буд. 17, корп. Г, кв. 53 для лічильника БЕЗ НОМЕРА - 2 шт. було завершено користувачем [Коваль Людмила] з коментарем: виконано.
[25-Feb-2025 11:15:25 Europe/Helsinki] DellTASK [INFO] Повірка від 18.02.2025 для адреси вул. Шевченка, буд. 46, кв. 54 для лічильника БЕЗ НОМЕРА - 2 шт. було завершено користувачем [Коваль Людмила] з коментарем: виконано.
[25-Feb-2025 11:15:39 Europe/Helsinki] DellTASK [INFO] Повірка від 17.02.2025 для адреси вул. 1-ої танкової бригади, буд. 14, кв. 13 для лічильника БЕЗ НОМЕРА - 2 шт. було завершено користувачем [Коваль Людмила] з коментарем: виконано.
[25-Feb-2025 11:16:17 Europe/Helsinki] DellTASK [INFO] Повірка від 17.02.2025 для адреси вул. 1-ої танкової бригади, буд. 22, кв. 27 для лічильника БЕЗ НОМЕРА - 3 шт. було завершено користувачем [Коваль Людмила] з коментарем: виконано.
[25-Feb-2025 11:16:30 Europe/Helsinki] DellTASK [INFO] Повірка від 17.02.2025 для адреси вул. Генерала Пухова, буд. 136, кв. 64 для лічильника БЕЗ НОМЕРА - 2 шт. було завершено користувачем [Коваль Людмила] з коментарем: виконано.
[25-Feb-2025 11:16:51 Europe/Helsinki] DellTASK [INFO] Повірка від 13.02.2025 для адреси вул. Мацієвського Олександра, буд. 15, кв. 26 для лічильника БЕЗ НОМЕРА - 2 шт. було завершено користувачем [Коваль Людмила] з коментарем: виконано.
[25-Feb-2025 11:27:12 Europe/Helsinki] NewDATA [INFO] Новий лічильник номер: 113126, тип: КВ-1,5 => DN 15, рік випуску: 2016, показники: 0, балансоутримувач: КП "ВДК" додано до БД користувачем [Коваль Людмила].
[25-Feb-2025 11:27:48 Europe/Helsinki] NewDATA [INFO] Новий лічильник номер: 136469, тип: КВ-1,5 => DN 15, рік випуску: 2016, показники: 0, балансоутримувач: АТ "ОТКЕ" додано до БД користувачем [Коваль Людмила].
[25-Feb-2025 11:27:49 Europe/Helsinki] EditDATA [INFO] За адресою вул. Мстиславська, буд. 181, кв. 55 користувачем [Коваль Людмила] було додано лічильники: 113126, 136469].
[25-Feb-2025 11:32:20 Europe/Helsinki] NewDATA [INFO] Новий лічильник номер: 5230436, тип: ЛК => DN 15, рік випуску: 2015, показники: 0, балансоутримувач: КП "ВДК" додано до БД користувачем [Коваль Людмила].
[25-Feb-2025 11:32:44 Europe/Helsinki] NewDATA [INFO] Новий лічильник номер: 5230683, тип: ЛК => DN 15, рік випуску: 2015, показники: 0, балансоутримувач: АТ "ОТКЕ" додано до БД користувачем [Коваль Людмила].
[25-Feb-2025 11:33:02 Europe/Helsinki] NewDATA [INFO] Новий лічильник номер: 382563, тип: КВ-1,5 => DN 15, рік випуску: 2008, показники: 0, балансоутримувач: КП "ВДК" додано до БД користувачем [Коваль Людмила].
[25-Feb-2025 11:33:23 Europe/Helsinki] NewDATA [INFO] Новий лічильник номер: 271001, тип: КВ-1,5 => DN 15, рік випуску: 2008, показники: 0, балансоутримувач: АТ "ОТКЕ" додано до БД користувачем [Коваль Людмила].
[25-Feb-2025 11:33:25 Europe/Helsinki] EditDATA [INFO] За адресою вул. Небаби Мартина, буд. 100, кв. 49 користувачем [Коваль Людмила] було додано лічильники: 5230436, 5230683, 382563, 271001].
[25-Feb-2025 11:34:14 Europe/Helsinki] NewDATA [INFO] Новий лічильник номер: 12284280, тип: Sensus => DN 15, рік випуску: 2021, показники: 0, балансоутримувач: КП "ВДК" додано до БД користувачем [Коваль Людмила].
[25-Feb-2025 11:34:48 Europe/Helsinki] NewDATA [INFO] Новий лічильник номер: 558119, тип: КВ-1,5 => DN 15, рік випуску: 2005, показники: 0, балансоутримувач: КП "ТКЕ" додано до БД користувачем [Коваль Людмила].
[25-Feb-2025 11:34:49 Europe/Helsinki] EditDATA [INFO] За адресою вул. Гонча, буд. 90, кв. 54 користувачем [Коваль Людмила] було додано лічильники: 12284280, 558119].
[25-Feb-2025 11:38:29 Europe/Helsinki] NewDATA [INFO] Новий лічильник номер: 08174854, тип: E-T 1,5-U => DN 15, рік випуску: 2008, показники: 0, балансоутримувач: КП "ВДК" додано до БД користувачем [Коваль Людмила].
[25-Feb-2025 11:39:59 Europe/Helsinki] NewDATA [INFO] Новий лічильник номер: 08172058, тип: E-T 1,5-U => DN 15, рік випуску: 2008, показники: 0, балансоутримувач: КП "ТКЕ" додано до БД користувачем [Коваль Людмила].
[25-Feb-2025 11:40:01 Europe/Helsinki] EditDATA [INFO] За адресою вул. Мстиславська, буд. 58, кв. 31 користувачем [Коваль Людмила] було додано лічильники: 08174854, 08172058].
[25-Feb-2025 12:36:27 Europe/Helsinki] EditDATA [INFO] Для заявки Повірка від 17.02.2025 користувачем [Коваль Людмила] змінено виконавця з ЗАПЛАНОВАНІ на Шкуліпа.
[25-Feb-2025 12:36:42 Europe/Helsinki] EditDATA [INFO] Для заявки Повірка від 17.02.2025 користувачем [Коваль Людмила] змінено виконавця з ЗАПЛАНОВАНІ на Шкуліпа.
[25-Feb-2025 12:36:54 Europe/Helsinki] EditDATA [INFO] Для заявки Повірка від 18.02.2025 користувачем [Коваль Людмила] змінено виконавця з ЗАПЛАНОВАНІ на Шкуліпа.
[25-Feb-2025 12:37:07 Europe/Helsinki] EditDATA [INFO] Для заявки Повірка від 18.02.2025 користувачем [Коваль Людмила] змінено виконавця з ЗАПЛАНОВАНІ на Шкуліпа.
[25-Feb-2025 12:39:10 Europe/Helsinki] EditDATA [INFO] Для заявки Повірка від 24.02.2025 користувачем [Коваль Людмила] змінено виконавця з ЗАПЛАНОВАНІ на Ващенко.
[25-Feb-2025 12:39:21 Europe/Helsinki] EditDATA [INFO] Для заявки Повірка від 24.02.2025 користувачем [Коваль Людмила] змінено виконавця з ЗАПЛАНОВАНІ на Ващенко.
[25-Feb-2025 12:39:32 Europe/Helsinki] EditDATA [INFO] Для заявки Повірка від 18.02.2025 користувачем [Коваль Людмила] змінено виконавця з ЗАПЛАНОВАНІ на Ващенко.
[25-Feb-2025 12:39:58 Europe/Helsinki] EditDATA [INFO] Для заявки Повірка від 17.02.2025 користувачем [Коваль Людмила] змінено виконавця з ЗАПЛАНОВАНІ на Ващенко.
[25-Feb-2025 12:40:12 Europe/Helsinki] EditDATA [INFO] Для заявки Повірка від 20.02.2025 користувачем [Коваль Людмила] змінено виконавця з ЗАПЛАНОВАНІ на Ващенко.
[25-Feb-2025 12:41:39 Europe/Helsinki] EditDATA [INFO] Для заявки Повірка від 17.02.2025 користувачем [Коваль Людмила] змінено виконавця з ЗАПЛАНОВАНІ на Шкуліпа.
[25-Feb-2025 12:41:49 Europe/Helsinki] EditDATA [INFO] Для заявки Повірка від 14.02.2025 користувачем [Коваль Людмила] змінено виконавця з ЗАПЛАНОВАНІ на Шкуліпа.
[25-Feb-2025 13:19:53 Europe/Helsinki] EditDATA [INFO] Для заявки Повірка від 24.02.2025 користувачем [Коваль Людмила] змінено виконавця з ЗАПЛАНОВАНІ на Сірий.
[25-Feb-2025 13:20:12 Europe/Helsinki] EditDATA [INFO] Для заявки Повірка від 21.02.2025 користувачем [Коваль Людмила] змінено виконавця з ЗАПЛАНОВАНІ на Сірий.
[25-Feb-2025 13:21:09 Europe/Helsinki] NewDATA [INFO] Нова заявка Повірка, адреса: вул. 1-ї Гвардійської Армії 12 корпус 6, кв. 106, лічильники: БЕЗ НОМЕРА - 2 шт., виконавець: Шкуліпа, вартість: 600 грн., примітки: 12-16, за 30 хв, додано до БД користувачем [Сусло Тетяна].
[2025-02-25T13:21:14.745] [INFO] DataBase - У заявці Повірка від 25 лютого 2025 р. за адресою вул. 1-ї Гвардійської Армії, буд. 12, корп. 6, кв. 106 додано дату виконання 26 лютого 2025 р. користувачем [Сусло Тетяна].
[25-Feb-2025 13:21:55 Europe/Helsinki] EditDATA [INFO] Для заявки Повірка від 18.02.2025 користувачем [Коваль Людмила] змінено виконавця з Шкуліпа на Сірий.
[25-Feb-2025 13:22:13 Europe/Helsinki] EditDATA [INFO] Для заявки Повірка від 18.02.2025 користувачем [Коваль Людмила] змінено виконавця з Шкуліпа на Сірий.
[25-Feb-2025 13:22:26 Europe/Helsinki] EditDATA [INFO] Для заявки Повірка від 17.02.2025 користувачем [Коваль Людмила] змінено виконавця з Шкуліпа на Сірий.
[25-Feb-2025 13:32:25 Europe/Helsinki] NewDATA [INFO] Нова адреса вул. 1-ої танкової бригади, буд. 23, корп. 4, кв. 59, тел. +38 (073) 036-49-79 додана до БД користувачем [Сусло Тетяна].
[25-Feb-2025 13:33:00 Europe/Helsinki] NewDATA [INFO] Нова заявка Повірка, адреса: вул. 1-ої танкової бригади 23 корпус 4, кв. 59, лічильники: БЕЗ НОМЕРА - 2 шт., вартість: 600 грн., примітки: 9-13, за 1 год(підійдуть) додано до БД користувачем [Сусло Тетяна].
[2025-02-25T13:33:04.081] [INFO] DataBase - У заявці Повірка від 25 лютого 2025 р. за адресою вул. 1-ої танкової бригади, буд. 23, корп. 4, кв. 59 додано виконавця ЗАПЛАНОВАНІ та додано дату виконання 2 березня 2025 р. користувачем [Сусло Тетяна].
[25-Feb-2025 13:37:57 Europe/Helsinki] NewDATA [INFO] Нова адреса вул. Героїв Чорнобиля, буд. 10, кв. 17, тел. +38 (050) 313-90-15 додана до БД користувачем [Коваль Людмила].
[25-Feb-2025 13:38:31 Europe/Helsinki] NewDATA [INFO] Нова заявка Повірка, адреса: вул. Героїв Чорнобиля 10, кв. 17, лічильники: БЕЗ НОМЕРА - 4 шт., вартість: 1200 грн., примітки: 13-17 додано до БД користувачем [Коваль Людмила].
[2025-02-25T13:38:38.857] [INFO] DataBase - У заявці Повірка від 25 лютого 2025 р. за адресою вул. Героїв Чорнобиля, буд. 10, кв. 17 додано виконавця ЗАПЛАНОВАНІ та додано дату виконання 28 лютого 2025 р. користувачем [Коваль Людмила].
[25-Feb-2025 13:39:28 Europe/Helsinki] EditDATA [INFO] За адресою вул. Мстиславська 34, кв. 79 користувачем [Коваль Людмила] змінені номери телефонів з +38(099)432-13-96, +38(066)710-31-58 на +38(099)432-13-96, при створенні нової заявки [Заміна] від 25.02.2025.
[25-Feb-2025 13:39:28 Europe/Helsinki] NewDATA [INFO] Нова заявка Заміна, адреса: вул. Мстиславська 34, кв. 79, лічильники: БЕЗ НОМЕРА - 1 шт., вартість: 1060 грн., примітки: хол.с/в додано до БД користувачем [Коваль Людмила].
[2025-02-25T13:39:32.073] [INFO] DataBase - У заявці Заміна від 25 лютого 2025 р. за адресою вул. Мстиславська, буд. 34, кв. 79 додано виконавця Баранов та додано дату виконання 25 лютого 2025 р. користувачем [Коваль Людмила].
[25-Feb-2025 13:40:29 Europe/Helsinki] EditDATA [INFO] За адресою вул. Богуна Івана 40, кв. 62 користувачем [Коваль Людмила] змінені номери телефонів з +38(068)389-92-26, +38(066)863-23-56, +38(066)863-23-54, +38(095)455-60-71, +38(0462)66-12-76 на +38(067)851-69-37, при створенні нової заявки [Повірка] від 25.02.2025.
[25-Feb-2025 13:40:29 Europe/Helsinki] NewDATA [INFO] Нова заявка Повірка, адреса: вул. Богуна Івана 40, кв. 62, лічильники: БЕЗ НОМЕРА - 2 шт., вартість: 600 грн., примітки: 8-13 додано до БД користувачем [Коваль Людмила].
[2025-02-25T13:40:34.116] [INFO] DataBase - У заявці Повірка від 25 лютого 2025 р. за адресою вул. Богуна Івана, буд. 40, кв. 62 додано виконавця ЗАПЛАНОВАНІ та додано дату виконання 4 березня 2025 р. користувачем [Коваль Людмила].
[25-Feb-2025 13:41:23 Europe/Helsinki] EditDATA [INFO] За адресою вул. Савчука 11, кв. 212 користувачем [Коваль Людмила] змінені номери телефонів з +38(0462)66-62-41 на +38(050)241-64-35, при створенні нової заявки [Повірка] від 25.02.2025.
[25-Feb-2025 13:41:24 Europe/Helsinki] NewDATA [INFO] Нова заявка Повірка, адреса: вул. Савчука 11, кв. 212, лічильники: БЕЗ НОМЕРА - 2 шт., вартість: 600 грн., примітки: 13-17,уточн.хол додано до БД користувачем [Коваль Людмила].
[2025-02-25T13:41:29.846] [INFO] DataBase - У заявці Повірка від 25 лютого 2025 р. за адресою вул. Савчука, буд. 11, кв. 212 додано виконавця ЗАПЛАНОВАНІ та додано дату виконання 3 березня 2025 р. користувачем [Коваль Людмила].
[25-Feb-2025 13:42:20 Europe/Helsinki] NewDATA [INFO] Нова адреса вул. Космонавтів, буд. 14, кв. 57, тел. +38 (067) 450-96-22 додана до БД користувачем [Коваль Людмила].
[25-Feb-2025 13:42:48 Europe/Helsinki] NewDATA [INFO] Нова заявка Повірка, адреса: вул. Космонавтів 14, кв. 57, лічильники: БЕЗ НОМЕРА - 2 шт., вартість: 600 грн., примітки: 8-13 додано до БД користувачем [Коваль Людмила].
[2025-02-25T13:42:54.223] [INFO] DataBase - У заявці Повірка від 25 лютого 2025 р. за адресою вул. Космонавтів, буд. 14, кв. 57 додано виконавця ЗАПЛАНОВАНІ та додано дату виконання 4 березня 2025 р. користувачем [Коваль Людмила].
[25-Feb-2025 13:44:05 Europe/Helsinki] EditDATA [INFO] Для заявки Повірка від 24.02.2025 користувачем [Коваль Людмила] змінено виконавця з Осипенко на ЗАПЛАНОВАНІ.
[2025-02-25T13:44:24.105] [INFO] DataBase - У заявці Повірка від 24 лютого 2025 р. за адресою просп. Грушевського Михайла, буд. 169, корп. 2, кв. 82 змінено дату виконання з 25 лютого 2025 р. на 2 березня 2025 р. користувачем [Коваль Людмила].
[25-Feb-2025 13:44:32 Europe/Helsinki] NewDATA [ERROR] Помилка при додаванні Нової заявки до Бази Даних Чернігів: Out of range value for column 'cost' at row 1
[25-Feb-2025 13:44:59 Europe/Helsinki] EditDATA [INFO] Для заявки Повірка від 23.01.2025 користувачем [Коваль Людмила] змінено виконавця з Осипенко на Ващенко.
[25-Feb-2025 13:45:12 Europe/Helsinki] NewDATA [INFO] Нова заявка Заміна, адреса: вул. Богуна Івана 51, кв. 33, лічильники: БЕЗ НОМЕРА - 1 шт., виконавець: Баранов, вартість: 1060 грн., примітки: 13-17, за 30 хв, 1 хв, туалет додано до БД користувачем [Сусло Тетяна].
[25-Feb-2025 13:45:13 Europe/Helsinki] EditDATA [INFO] Для заявки Повірка від 17.02.2025 користувачем [Коваль Людмила] змінено виконавця з Осипенко на Ващенко.
[2025-02-25T13:45:16.297] [INFO] DataBase - У заявці Заміна від 25 лютого 2025 р. за адресою вул. Богуна Івана, буд. 51, кв. 33 додано дату виконання 27 лютого 2025 р. користувачем [Сусло Тетяна].
[25-Feb-2025 13:46:11 Europe/Helsinki] EditDATA [INFO] Для заявки Повірка від 30.01.2025 користувачем [Коваль Людмила] змінено виконавця з Осипенко на ЗАПЛАНОВАНІ.
[2025-02-25T13:46:21.120] [INFO] DataBase - У заявці Повірка від 30 січня 2025 р. за адресою вул. Генерала Пухова, буд. 109, корп. 3, кв. 16 змінено дату виконання з 25 лютого 2025 р. на 27 лютого 2025 р. користувачем [Коваль Людмила].
[25-Feb-2025 13:46:38 Europe/Helsinki] EditDATA [INFO] Для заявки Повірка від 30.01.2025 користувачем [Коваль Людмила] змінено примітки з 8-13, за 30 хв на 15-18, за 30 хв.
[25-Feb-2025 13:47:41 Europe/Helsinki] EditDATA [INFO] Для заявки Повірка від 17.02.2025 користувачем [Коваль Людмила] змінено виконавця з Осипенко на ЗАПЛАНОВАНІ.
[2025-02-25T13:47:53.403] [INFO] DataBase - У заявці Повірка від 17 лютого 2025 р. за адресою просп. Левка Лукяненка, буд. 42, кв. 25 змінено дату виконання з 25 лютого 2025 р. на 2 березня 2025 р. користувачем [Коваль Людмила].
[25-Feb-2025 13:48:10 Europe/Helsinki] EditDATA [INFO] Для заявки Повірка від 24.02.2025 користувачем [Коваль Людмила] змінено виконавця з Осипенко на ЗАПЛАНОВАНІ.
[2025-02-25T13:48:20.387] [INFO] DataBase - У заявці Повірка від 24 лютого 2025 р. за адресою вул. Генерала Пухова, буд. 109, корп. 2, кв. 29 змінено дату виконання з 25 лютого 2025 р. на 27 лютого 2025 р. користувачем [Коваль Людмила].
[25-Feb-2025 13:48:50 Europe/Helsinki] EditDATA [INFO] Для заявки Повірка від 24.02.2025 користувачем [Коваль Людмила] змінено виконавця з Осипенко на ЗАПЛАНОВАНІ.
[2025-02-25T13:49:04.835] [INFO] DataBase - У заявці Повірка від 24 лютого 2025 р. за адресою вул. Доценка, буд. 1, кв. 58 змінено дату виконання з 25 лютого 2025 р. на 27 лютого 2025 р. користувачем [Коваль Людмила].
[25-Feb-2025 13:49:22 Europe/Helsinki] EditDATA [INFO] Для заявки Повірка від 24.02.2025 користувачем [Коваль Людмила] змінено виконавця з Осипенко на ЗАПЛАНОВАНІ.
[2025-02-25T13:49:33.485] [INFO] DataBase - У заявці Повірка від 24 лютого 2025 р. за адресою вул. 1-ої танкової бригади, буд. 23, корп. 1, кв. 51 змінено дату виконання з 25 лютого 2025 р. на 27 лютого 2025 р. користувачем [Коваль Людмила].
[25-Feb-2025 13:49:53 Europe/Helsinki] EditDATA [INFO] Для заявки Повірка від 24.02.2025 користувачем [Коваль Людмила] змінено примітки з 8-13, за 1 год на 13-17, за 1 год.
[25-Feb-2025 13:50:16 Europe/Helsinki] EditDATA [INFO] Для заявки Повірка від 18.02.2025 користувачем [Коваль Людмила] змінено виконавця з Осипенко на ЗАПЛАНОВАНІ.
[2025-02-25T13:50:27.129] [INFO] DataBase - У заявці Повірка від 18 лютого 2025 р. за адресою вул. Доценка, буд. 28, кв. 198 змінено дату виконання з 25 лютого 2025 р. на 27 лютого 2025 р. користувачем [Коваль Людмила].
[25-Feb-2025 13:50:52 Europe/Helsinki] EditDATA [INFO] Для заявки Повірка від 18.02.2025 користувачем [Коваль Людмила] змінено примітки з 8-13,пер.за час на 13-17,пер.за час.
[25-Feb-2025 13:51:07 Europe/Helsinki] EditDATA [INFO] Для заявки Повірка від 20.02.2025 користувачем [Коваль Людмила] змінено виконавця з Осипенко на ЗАПЛАНОВАНІ.
[2025-02-25T13:51:18.681] [INFO] DataBase - У заявці Повірка від 20 лютого 2025 р. за адресою вул. 1-ої танкової бригади, буд. 31, кв. 84 змінено дату виконання з 25 лютого 2025 р. на 27 лютого 2025 р. користувачем [Коваль Людмила].
[25-Feb-2025 13:51:52 Europe/Helsinki] EditDATA [INFO] Для заявки Повірка від 20.02.2025 користувачем [Коваль Людмила] змінено примітки з 8-13, за 30 хв на 13-17, за 30 хв.
[25-Feb-2025 13:52:34 Europe/Helsinki] DellTASK [INFO] Повірка від 19.02.2025 для адреси вул. Мазепи Івана, буд. 2, корп. А, кв. 20 для лічильника БЕЗ НОМЕРА - 1 шт. було завершено користувачем [Коваль Людмила] з коментарем: виконано.
[25-Feb-2025 13:52:53 Europe/Helsinki] DellTASK [INFO] Повірка від 20.02.2025 для адреси вул. Київська, буд. 2, кв. 23 для лічильника БЕЗ НОМЕРА - 1 шт. було завершено користувачем [Коваль Людмила] з коментарем: виконано.
[25-Feb-2025 13:53:08 Europe/Helsinki] EditDATA [INFO] Для заявки Повірка від 19.02.2025 користувачем [Коваль Людмила] змінено виконавця з Осипенко на Шкуліпа.
[25-Feb-2025 13:53:18 Europe/Helsinki] DellTASK [INFO] Повірка від 19.02.2025 для адреси просп. Миру, буд. 213, корп. А, кв. 18 для лічильника БЕЗ НОМЕРА - 2 шт. було завершено користувачем [Коваль Людмила] з коментарем: виконано.
[25-Feb-2025 13:53:42 Europe/Helsinki] EditDATA [INFO] Для заявки Повірка від 21.02.2025 користувачем [Коваль Людмила] змінено виконавця з Осипенко на ЗАПЛАНОВАНІ.
[2025-02-25T13:53:54.465] [INFO] DataBase - У заявці Повірка від 21 лютого 2025 р. за адресою вул. 1-ї Гвардійської Армії, буд. 12, корп. 6, кв. 107 змінено дату виконання з 24 лютого 2025 р. на 28 лютого 2025 р. користувачем [Коваль Людмила].
[25-Feb-2025 13:54:12 Europe/Helsinki] EditDATA [INFO] Для заявки Повірка від 19.02.2025 користувачем [Коваль Людмила] змінено виконавця з Осипенко на ЗАПЛАНОВАНІ.
[25-Feb-2025 13:54:22 Europe/Helsinki] EditDATA [INFO] Для заявки Повірка від 19.02.2025 користувачем [Коваль Людмила] змінено примітки з 13-17 на 8-11.
[2025-02-25T13:54:59.951] [INFO] DataBase - У заявці Повірка від 19 лютого 2025 р. за адресою вул. Богуна Івана, буд. 40, кв. 96 змінено дату виконання з 24 лютого 2025 р. на 28 лютого 2025 р. користувачем [Коваль Людмила].
[25-Feb-2025 13:55:24 Europe/Helsinki] EditDATA [INFO] Для заявки Повірка від 19.02.2025 користувачем [Коваль Людмила] змінено примітки з 8-11 на 8-11,пер.за 30 хв..
[25-Feb-2025 13:56:32 Europe/Helsinki] DellTASK [INFO] Повірка від 19.02.2025 для адреси вул. 1-ї Гвардійської Армії, буд. 12, корп. 6, кв. 106 для лічильника БЕЗ НОМЕРА - 2 шт. було відмінено користувачем [Коваль Людмила] з коментарем: на 26.02.
[25-Feb-2025 13:57:45 Europe/Helsinki] DellTASK [INFO] Повірка від 21.02.2025 для адреси вул. Незалежності, буд. 70, кв. 48 для лічильника БЕЗ НОМЕРА - 1 шт. було завершено користувачем [Коваль Людмила] з коментарем: виконано.
[25-Feb-2025 13:57:59 Europe/Helsinki] DellTASK [INFO] Повірка від 21.02.2025 для адреси вул. Елеваторна, буд. 8, корп. А, кв. 49 для лічильника БЕЗ НОМЕРА - 1 шт. було завершено користувачем [Коваль Людмила] з коментарем: виконано.
[25-Feb-2025 14:02:08 Europe/Helsinki] DellTASK [INFO] Повірка від 25.02.2025 для адреси вул. 1-ї Гвардійської Армії, буд. 12, корп. 6, кв. 106 для лічильника БЕЗ НОМЕРА - 2 шт. було відмінено користувачем [Коваль Людмила] з коментарем: відмова.
[25-Feb-2025 14:17:31 Europe/Helsinki] DellTASK [INFO] Повірка від 18.02.2025 для адреси вул. Козацька, буд. 4, корп. А, кв. 67 для лічильника БЕЗ НОМЕРА - 1 шт. було завершено користувачем [Коваль Людмила] з коментарем: виконано.
[25-Feb-2025 14:17:55 Europe/Helsinki] DellTASK [INFO] Повірка від 13.02.2025 для адреси вул. Красносільського, буд. 79, кв. 88 для лічильника БЕЗ НОМЕРА - 2 шт. було завершено користувачем [Коваль Людмила] з коментарем: виконано.
[25-Feb-2025 14:18:08 Europe/Helsinki] DellTASK [INFO] Повірка від 20.02.2025 для адреси вул. Красносільського, буд. 71, кв. 236 для лічильника БЕЗ НОМЕРА - 2 шт. було завершено користувачем [Коваль Людмила] з коментарем: виконано.
[25-Feb-2025 14:24:09 Europe/Helsinki] DellTASK [INFO] Повірка від 19.02.2025 для адреси вул. Незалежності, буд. 24, кв. 33 для лічильника БЕЗ НОМЕРА - 2 шт. було завершено користувачем [Коваль Людмила] з коментарем: виконано.
[25-Feb-2025 14:24:25 Europe/Helsinki] DellTASK [INFO] Повірка від 21.02.2025 для адреси вул. Незалежності, буд. 80, кв. 3 для лічильника БЕЗ НОМЕРА - 2 шт. було завершено користувачем [Коваль Людмила] з коментарем: виконанео.
[25-Feb-2025 14:24:45 Europe/Helsinki] DellTASK [INFO] Повірка від 18.02.2025 для адреси вул. Незалежності, буд. 48, кв. 2 для лічильника БЕЗ НОМЕРА - 1 шт. було завершено користувачем [Коваль Людмила] з коментарем: виконано.
[25-Feb-2025 14:30:37 Europe/Helsinki] DellTASK [INFO] Повірка від 19.02.2025 для адреси просп. Грушевського Михайла, буд. 167, корп. А, кв. 103 для лічильника БЕЗ НОМЕРА - 4 шт. було завершено користувачем [Коваль Людмила] з коментарем: виконано.
[25-Feb-2025 14:31:01 Europe/Helsinki] DellTASK [INFO] Повірка від 21.02.2025 для адреси просп. Грушевського Михайла, буд. 165, корп. 2, кв. 3 для лічильника БЕЗ НОМЕРА - 1 шт. було завершено користувачем [Коваль Людмила] з коментарем: виконано.
[25-Feb-2025 14:31:22 Europe/Helsinki] DellTASK [INFO] Повірка від 21.02.2025 для адреси вул. Космонавтів, буд. 3, корп. А, кв. 60 для лічильника БЕЗ НОМЕРА - 4 шт. було завершено користувачем [Коваль Людмила] з коментарем: виконано.
[25-Feb-2025 14:31:34 Europe/Helsinki] DellTASK [INFO] Повірка від 19.02.2025 для адреси вул. Доценка, буд. 17, кв. 89 для лічильника БЕЗ НОМЕРА - 2 шт. було завершено користувачем [Коваль Людмила] з коментарем: виконано.
[25-Feb-2025 14:37:34 Europe/Helsinki] DellTASK [INFO] Повірка від 18.02.2025 для адреси вул. Волковича, буд. 10, кв. 1 для лічильника БЕЗ НОМЕРА - 4 шт. було завершено користувачем [Коваль Людмила] з коментарем: виконано.
[25-Feb-2025 14:37:50 Europe/Helsinki] DellTASK [INFO] Повірка від 18.02.2025 для адреси вул. Волковича, буд. 10, кв. 6 для лічильника БЕЗ НОМЕРА - 2 шт. було завершено користувачем [Коваль Людмила] з коментарем: виконано.
[25-Feb-2025 14:38:08 Europe/Helsinki] DellTASK [INFO] Повірка від 19.02.2025 для адреси просп. Миру, буд. 255, корп. А, кв. 97 для лічильника БЕЗ НОМЕРА - 3 шт. було завершено користувачем [Коваль Людмила] з коментарем: виконано.
[25-Feb-2025 14:38:23 Europe/Helsinki] DellTASK [INFO] Повірка від 21.02.2025 для адреси просп. Миру, буд. 259, кв. 13 для лічильника БЕЗ НОМЕРА - 4 шт. було завершено користувачем [Коваль Людмила] з коментарем: виконано.
[25-Feb-2025 14:39:14 Europe/Helsinki] DellTASK [INFO] Повірка від 24.02.2025 для адреси просп. Миру, буд. 269, кв. 157 для лічильника БЕЗ НОМЕРА - 1 шт. було завершено користувачем [Коваль Людмила] з коментарем: виконано.
[25-Feb-2025 14:39:29 Europe/Helsinki] DellTASK [INFO] Повірка від 21.02.2025 для адреси просп. Миру, буд. 271, корп. А, кв. 113 для лічильника БЕЗ НОМЕРА - 2 шт. було завершено користувачем [Коваль Людмила] з коментарем: виконано.
[25-Feb-2025 14:39:42 Europe/Helsinki] DellTASK [INFO] Повірка від 20.02.2025 для адреси вул. Волковича, буд. 10, кв. 62 для лічильника БЕЗ НОМЕРА - 4 шт. було завершено користувачем [Коваль Людмила] з коментарем: виконано.
[25-Feb-2025 14:40:25 Europe/Helsinki] DellTASK [INFO] Повірка від 17.02.2025 для адреси просп. Миру, буд. 271, корп. А, кв. 112 для лічильника БЕЗ НОМЕРА - 2 шт. було завершено користувачем [Коваль Людмила] з коментарем: виконано.
[25-Feb-2025 14:41:43 Europe/Helsinki] NewDATA [INFO] Новий лічильник номер: 073284, тип: КВ-1,5 => DN 15, рік випуску: 2021, показники: 0, балансоутримувач: КП "ВДК" додано до БД користувачем [Коваль Людмила].
[25-Feb-2025 14:41:45 Europe/Helsinki] EditDATA [INFO] За адресою вул. Козацька, буд. 4, корп. А, кв. 67 користувачем [Коваль Людмила] було додано лічильники: 073284].
[25-Feb-2025 15:01:40 Europe/Helsinki] DellTASK [INFO] Заміна від 25.02.2025 для адреси вул. Богуна Івана, буд. 51, кв. 33 для лічильника БЕЗ НОМЕРА - 1 шт. було відмінено користувачем [Сусло Тетяна] з коментарем: відмінили.
[25-Feb-2025 15:03:20 Europe/Helsinki] EditDATA [INFO] За адресою просп. Миру 211, кв. 11 користувачем [Сусло Тетяна] змінені номери телефонів з +38(063)723-01-15, +38(097)444-42-36 на +38(063)723-01-15, при створенні нової заявки [Заміна] від 25.02.2025.
[25-Feb-2025 15:03:20 Europe/Helsinki] NewDATA [INFO] Нова заявка Заміна, адреса: просп. Миру 211, кв. 11, лічильники: БЕЗ НОМЕРА - 1 шт., виконавець: Баранов, вартість: 1060 грн., примітки: 13-17, за 30 хв, 1 гв, туалет додано до БД користувачем [Сусло Тетяна].
[2025-02-25T15:03:25.251] [INFO] DataBase - У заявці Заміна від 25 лютого 2025 р. за адресою просп. Миру, буд. 211, кв. 11 додано дату виконання 27 лютого 2025 р. користувачем [Сусло Тетяна].
[25-Feb-2025 15:04:41 Europe/Helsinki] NewDATA [INFO] Нова адреса вул. Мазепи Івана, буд. 47, кв. 23, тел. +38 (098) 301-17-90 додана до БД користувачем [Сусло Тетяна].
[25-Feb-2025 15:05:06 Europe/Helsinki] NewDATA [INFO] Нова заявка Повірка, адреса: вул. Мазепи Івана 47, кв. 23, лічильники: БЕЗ НОМЕРА - 2 шт., вартість: 600 грн., примітки: 13-17 додано до БД користувачем [Сусло Тетяна].
[2025-02-25T15:05:10.934] [INFO] DataBase - У заявці Повірка від 25 лютого 2025 р. за адресою вул. Мазепи Івана, буд. 47, кв. 23 додано виконавця ЗАПЛАНОВАНІ та додано дату виконання 4 березня 2025 р. користувачем [Сусло Тетяна].
[25-Feb-2025 15:06:25 Europe/Helsinki] NewDATA [INFO] Нова заявка Заміна, адреса: просп. Миру 207 корпус А, кв. 66, лічильники: 003519, виконавець: Баранов, вартість: 1060 грн., примітки: 14-17, за 30 хв, 1 хв, св, №003519 додано до БД користувачем [Сусло Тетяна].
[2025-02-25T15:06:28.893] [INFO] DataBase - У заявці Заміна від 25 лютого 2025 р. за адресою просп. Миру, буд. 207, корп. А, кв. 66 додано дату виконання 27 лютого 2025 р. користувачем [Сусло Тетяна].
[25-Feb-2025 15:07:12 Europe/Helsinki] NewDATA [INFO] Нова адреса вул. Текстильників, буд. 6, кв. 98, тел. +38 (096) 510-45-19 додана до БД користувачем [Сусло Тетяна].
[25-Feb-2025 15:07:42 Europe/Helsinki] NewDATA [INFO] Нова заявка Повірка, адреса: вул. Текстильників 6, кв. 98, лічильники: БЕЗ НОМЕРА - 2 шт., вартість: 600 грн., примітки: 8-13, за 1 год додано до БД користувачем [Сусло Тетяна].
[2025-02-25T15:07:50.646] [INFO] DataBase - У заявці Повірка від 25 лютого 2025 р. за адресою вул. Текстильників, буд. 6, кв. 98 додано виконавця ЗАПЛАНОВАНІ та додано дату виконання 28 лютого 2025 р. користувачем [Сусло Тетяна].
[25-Feb-2025 15:08:36 Europe/Helsinki] NewDATA [INFO] Нова адреса вул. Мазепи Івана, буд. 56, кв. 105, тел. +38 (063) 757-68-12 додана до БД користувачем [Сусло Тетяна].
[25-Feb-2025 15:09:02 Europe/Helsinki] NewDATA [INFO] Нова заявка Заміна, адреса: вул. Мазепи Івана 56, кв. 105, лічильники: БЕЗ НОМЕРА - 2 шт., вартість: 600 грн., примітки: 13-17 додано до БД користувачем [Сусло Тетяна].
[2025-02-25T15:09:11.358] [INFO] DataBase - У заявці Заміна від 25 лютого 2025 р. за адресою вул. Мазепи Івана, буд. 56, кв. 105 додано виконавця ЗАПЛАНОВАНІ та додано дату виконання 28 лютого 2025 р. користувачем [Сусло Тетяна].
[25-Feb-2025 15:10:15 Europe/Helsinki] NewDATA [INFO] Нова заявка Повірка, адреса: вул. Гонча 84, кв. 58, лічильники: БЕЗ НОМЕРА - 2 шт., вартість: 600 грн. додано до БД користувачем [Сусло Тетяна].
[2025-02-25T15:10:19.057] [INFO] DataBase - У заявці Повірка від 25 лютого 2025 р. за адресою вул. Гонча, буд. 84, кв. 58 додано виконавця Шкуліпа та додано дату виконання 25 лютого 2025 р. користувачем [Сусло Тетяна].

