[06-May-2025 08:35:00 Europe/Helsinki] NewDATA [INFO] Нова заявка Заміна, адреса: вул. Мацієвського Олександра 15, кв. 25, лічильники: 469626, БЕЗ НОМЕРА - 1 шт., виконавець: Баранов, вартість: 2200 грн., примітки: 8-13, 1 хв, 1 гв додано до БД користувачем [Сусло Тетяна].
[2025-05-06T08:35:04.359] [INFO] DataBase - У заявці Заміна від 6 травня 2025 р. за адресою вул. Мацієвського Олександра, буд. 15, кв. 25 додано дату виконання 7 травня 2025 р. користувачем [Сусло Тетяна].
[06-May-2025 10:21:42 Europe/Helsinki] NewDATA [INFO] Нова адреса вул. Мазепи Івана, буд. 60, корп. А, кв. 156, тел. +38 (096) 136-07-23 додана до БД користувачем [Сусло Тетяна].
[06-May-2025 10:39:31 Europe/Helsinki] NewDATA [INFO] Нова заявка Повірка, адреса: вул. Чорновола Вячеслава 13, кв. 64, лічильники: БЕЗ НОМЕРА - 1 шт., вартість: 300 грн., примітки: 14-17,пер.за 30 хв. додано до БД користувачем [Коваль Людмила].
[06-May-2025 10:42:19 Europe/Helsinki] NewDATA [INFO] Нова заявка Заміна, адреса: вул. Мстиславська 47, кв. 48, лічильники: 015884, виконавець: Баранов, вартість: 1100 грн., примітки: 8-11, за 15 хв, св, 1 хв, №015884 додано до БД користувачем [Сусло Тетяна].
[2025-05-06T10:42:23.590] [INFO] DataBase - У заявці Заміна від 6 травня 2025 р. за адресою вул. Мстиславська, буд. 47, кв. 48 додано дату виконання 8 травня 2025 р. користувачем [Сусло Тетяна].
[2025-05-06T10:49:08.437] [INFO] DataBase - У заявці Повірка від 6 травня 2025 р. за адресою вул. Чорновола Вячеслава, буд. 13, кв. 64 додано виконавця ЗАПЛАНОВАНІ та додано дату виконання 8 травня 2025 р. користувачем [Коваль Людмила].
[06-May-2025 10:49:46 Europe/Helsinki] NewDATA [INFO] Нова адреса вул. Доценка, буд. 17, кв. 30, тел. +38 (097) 282-46-62 додана до БД користувачем [Коваль Людмила].
[06-May-2025 10:50:19 Europe/Helsinki] NewDATA [INFO] Нова заявка Повірка, адреса: вул. Доценка 17, кв. 30, лічильники: БЕЗ НОМЕРА - 2 шт., вартість: 600 грн., примітки: 9-13,пер.за 30 хв. додано до БД користувачем [Коваль Людмила].
[2025-05-06T10:50:24.965] [INFO] DataBase - У заявці Повірка від 6 травня 2025 р. за адресою вул. Доценка, буд. 17, кв. 30 додано виконавця ЗАПЛАНОВАНІ та додано дату виконання 9 травня 2025 р. користувачем [Коваль Людмила].
[06-May-2025 10:50:43 Europe/Helsinki] EditDATA [INFO] За адресою вул. Льотна 43, кв. 46 користувачем [Сусло Тетяна] змінені номери телефонів з +38(093)700-12-12 на +38(093)700-12-12, +38(096)700-12-12, при створенні нової заявки [Повірка] від 06.05.2025.
[06-May-2025 10:50:43 Europe/Helsinki] NewDATA [INFO] Нова заявка Повірка, адреса: вул. Льотна 43, кв. 46, лічильники: БЕЗ НОМЕРА - 2 шт., вартість: 600 грн., примітки: 8-13, за 30 хв додано до БД користувачем [Сусло Тетяна].
[2025-05-06T10:50:47.652] [INFO] DataBase - У заявці Повірка від 6 травня 2025 р. за адресою вул. Льотна, буд. 43, кв. 46 додано виконавця ЗАПЛАНОВАНІ та додано дату виконання 12 травня 2025 р. користувачем [Сусло Тетяна].
[06-May-2025 10:51:43 Europe/Helsinki] NewDATA [INFO] Нова заявка Повірка, адреса: вул. Мазепи Івана 60 корпус А, кв. 156, лічильники: БЕЗ НОМЕРА - 2 шт., вартість: 600 грн., примітки: 12-16 додано до БД користувачем [Сусло Тетяна].
[2025-05-06T10:51:46.928] [INFO] DataBase - У заявці Повірка від 6 травня 2025 р. за адресою вул. Мазепи Івана, буд. 60, корп. А, кв. 156 додано виконавця ЗАПЛАНОВАНІ та додано дату виконання 12 травня 2025 р. користувачем [Сусло Тетяна].
[06-May-2025 10:53:15 Europe/Helsinki] EditDATA [INFO] За адресою вул. Текстильників 9, кв. 11 користувачем [Сусло Тетяна] змінені номери телефонів з +38(095)333-18-63, +38(0462)66-28-25 на +38(093)239-14-80, при створенні нової заявки [Повірка] від 06.05.2025.
[06-May-2025 10:53:15 Europe/Helsinki] NewDATA [INFO] Нова заявка Повірка, адреса: вул. Текстильників 9, кв. 11, лічильники: БЕЗ НОМЕРА - 2 шт., вартість: 600 грн., примітки: 13-17, за 30 хв, 2 гв, уточнить хол додано до БД користувачем [Сусло Тетяна].
[2025-05-06T10:53:20.189] [INFO] DataBase - У заявці Повірка від 6 травня 2025 р. за адресою вул. Текстильників, буд. 9, кв. 11 додано виконавця ЗАПЛАНОВАНІ та додано дату виконання 12 травня 2025 р. користувачем [Сусло Тетяна].
[06-May-2025 10:54:02 Europe/Helsinki] NewDATA [INFO] Нова заявка Заміна, адреса: вул. Волковича 12, кв. 30, лічильники: 029978, вартість: 1100 грн., примітки: гор.№0298978,12-16,пер.за 30 хв. додано до БД користувачем [Коваль Людмила].
[2025-05-06T10:54:08.057] [INFO] DataBase - У заявці Заміна від 6 травня 2025 р. за адресою вул. Волковича, буд. 12, кв. 30 додано виконавця Баранов та додано дату виконання 8 травня 2025 р. користувачем [Коваль Людмила].
[06-May-2025 10:54:13 Europe/Helsinki] NewDATA [INFO] Нова адреса просп. Перемоги, буд. 45, кв. 77, тел. +38 (095) 796-84-27 додана до БД користувачем [Сусло Тетяна].
[06-May-2025 10:54:38 Europe/Helsinki] NewDATA [INFO] Нова заявка Повірка, адреса: просп. Перемоги 45, кв. 77, лічильники: БЕЗ НОМЕРА - 2 шт., вартість: 600 грн., примітки: 13-17 додано до БД користувачем [Сусло Тетяна].
[2025-05-06T10:54:42.671] [INFO] DataBase - У заявці Повірка від 6 травня 2025 р. за адресою просп. Перемоги, буд. 45, кв. 77 додано виконавця ЗАПЛАНОВАНІ та додано дату виконання 13 травня 2025 р. користувачем [Сусло Тетяна].
[06-May-2025 10:55:27 Europe/Helsinki] NewDATA [INFO] Нова адреса вул. Мезенцева Юрія, буд. 80, кв. 101, тел. +38 (068) 351-67-25 додана до БД користувачем [Сусло Тетяна].
[06-May-2025 10:55:34 Europe/Helsinki] NewDATA [INFO] Нова адреса просп. Левка Лукяненка, буд. 56, кв. 21, тел. +38 (096) 314-94-19 додана до БД користувачем [Коваль Людмила].
[06-May-2025 10:56:08 Europe/Helsinki] NewDATA [INFO] Нова заявка Повірка, адреса: вул. Мезенцева Юрія 80, кв. 101, лічильники: БЕЗ НОМЕРА - 4 шт., вартість: 1200 грн., примітки: за 1 год додано до БД користувачем [Сусло Тетяна].
[2025-05-06T10:56:12.519] [INFO] DataBase - У заявці Повірка від 6 травня 2025 р. за адресою вул. Мезенцева Юрія, буд. 80, кв. 101 додано виконавця ЗАПЛАНОВАНІ та додано дату виконання 8 травня 2025 р. користувачем [Сусло Тетяна].
[06-May-2025 10:56:36 Europe/Helsinki] NewDATA [INFO] Нова заявка Повірка, адреса: просп. Левка Лукяненка 56, кв. 21, лічильники: БЕЗ НОМЕРА - 4 шт., вартість: 1200 грн., примітки: 8-13,пер.за 30 хв. додано до БД користувачем [Коваль Людмила].
[2025-05-06T10:56:42.759] [INFO] DataBase - У заявці Повірка від 6 травня 2025 р. за адресою просп. Левка Лукяненка, буд. 56, кв. 21 додано виконавця ЗАПЛАНОВАНІ та додано дату виконання 7 травня 2025 р. користувачем [Коваль Людмила].
[06-May-2025 10:58:31 Europe/Helsinki] NewDATA [INFO] Нова адреса вул. Незалежності, буд. 78, кв. 63, тел. +38 (097) 123-48-29 додана до БД користувачем [Коваль Людмила].
[06-May-2025 10:59:26 Europe/Helsinki] NewDATA [INFO] Нова заявка Повірка, адреса: вул. Незалежності 78, кв. 63, лічильники: БЕЗ НОМЕРА - 2 шт., вартість: 600 грн., примітки: 13-17 додано до БД користувачем [Коваль Людмила].
[2025-05-06T10:59:47.324] [INFO] DataBase - У заявці Повірка від 6 травня 2025 р. за адресою вул. Незалежності, буд. 78, кв. 63 додано виконавця ЗАПЛАНОВАНІ та додано дату виконання 7 травня 2025 р. користувачем [Коваль Людмила].
[06-May-2025 11:00:04 Europe/Helsinki] EditDATA [INFO] Для заявки Повірка від 16.04.2025 користувачем [Сусло Тетяна] змінено примітки з 8-13 на 13-17.
[06-May-2025 11:00:20 Europe/Helsinki] EditDATA [INFO] Для заявки Повірка від 16.04.2025 користувачем [Сусло Тетяна] змінено виконавця з ЗАПЛАНОВАНІ на Сірий.
[2025-05-06T11:00:36.177] [INFO] DataBase - У заявці Повірка від 16 квітня 2025 р. за адресою вул. Красносільського, буд. 75, кв. 76 змінено дату виконання з 8 травня 2025 р. на 7 травня 2025 р. користувачем [Сусло Тетяна].
[06-May-2025 11:01:48 Europe/Helsinki] NewDATA [INFO] Новий лічильник номер: 241483919, тип: СВК => DN 15, рік випуску: 2025, показники: 0, балансоутримувач: КП "ТКЕ" додано до БД користувачем [Сусло Тетяна].
[06-May-2025 11:02:11 Europe/Helsinki] NewDATA [INFO] Новий лічильник номер: 241483637, тип: СВК => DN 15, рік випуску: 2025, показники: 0, балансоутримувач: КП "ВДК" додано до БД користувачем [Сусло Тетяна].
[06-May-2025 11:02:14 Europe/Helsinki] EditDATA [INFO] В заявці Заміна від 01.05.2025 за адресою вул. Пятницька, буд. 47, кв. 7 було видалено БЕЗ НОМЕРУ - 1 шт.; видалено лічильники: 048055; додано лічильники: 241483919, 241483637 користувачем [Сусло Тетяна].
[06-May-2025 11:02:20 Europe/Helsinki] NewDATA [INFO] Нова адреса вул. 1-ої танкової бригади, буд. 6, кв. 82, тел. +38 (096) 389-07-51 додана до БД користувачем [Коваль Людмила].
[06-May-2025 11:02:24 Europe/Helsinki] DellTASK [INFO] Заміна від 01.05.2025 для адреси вул. Пятницька, буд. 47, кв. 7 для лічильників 241483919, 241483637 було завершено користувачем [Сусло Тетяна] з коментарем: виконано.
[06-May-2025 11:02:37 Europe/Helsinki] DellTASK [INFO] Заміна від 02.05.2025 для адреси просп. Перемоги, буд. 115, кв. 10 для лічильника БЕЗ НОМЕРА - 1 шт. було завершено користувачем [Сусло Тетяна] з коментарем: виконано.
[06-May-2025 11:02:54 Europe/Helsinki] NewDATA [INFO] Нова заявка Повірка, адреса: вул. 1-ої танкової бригади 6, кв. 82, лічильники: БЕЗ НОМЕРА - 2 шт., вартість: 600 грн., примітки: 8-13,пер.за 30 хв. додано до БД користувачем [Коваль Людмила].
[2025-05-06T11:03:00.635] [INFO] DataBase - У заявці Повірка від 6 травня 2025 р. за адресою вул. 1-ої танкової бригади, буд. 6, кв. 82 додано виконавця ЗАПЛАНОВАНІ та додано дату виконання 22 травня 2025 р. користувачем [Коваль Людмила].
[06-May-2025 11:06:27 Europe/Helsinki] NewDATA [INFO] Нова заявка Заміна, адреса: просп. Миру 212, кв. 38, лічильники: 543888, вартість: 1100 грн., примітки: хол.№543888,12-16 додано до БД користувачем [Коваль Людмила].
[2025-05-06T11:06:31.433] [INFO] DataBase - У заявці Заміна від 6 травня 2025 р. за адресою просп. Миру, буд. 212, кв. 38 додано виконавця Баранов та додано дату виконання 6 травня 2025 р. користувачем [Коваль Людмила].
[06-May-2025 11:07:40 Europe/Helsinki] NewDATA [INFO] Нова заявка Заміна, адреса: вул. Мстиславська 134, кв. 81, лічильники: БЕЗ НОМЕРА - 1 шт., вартість: 400 грн., примітки: 8-13,гор.с/в додано до БД користувачем [Коваль Людмила].
[2025-05-06T11:07:45.306] [INFO] DataBase - У заявці Заміна від 6 травня 2025 р. за адресою вул. Мстиславська, буд. 134, кв. 81 додано виконавця Баранов та додано дату виконання 8 травня 2025 р. користувачем [Коваль Людмила].
[06-May-2025 11:08:48 Europe/Helsinki] NewDATA [INFO] Нова заявка Повірка, адреса: вул. Захисників України 1, кв. 77, лічильники: БЕЗ НОМЕРА - 1 шт., вартість: 300 грн., примітки: 13-17,пер.за час додано до БД користувачем [Коваль Людмила].
[2025-05-06T11:08:54.917] [INFO] DataBase - У заявці Повірка від 6 травня 2025 р. за адресою вул. Захисників України, буд. 1, кв. 77 додано виконавця ЗАПЛАНОВАНІ та додано дату виконання 15 травня 2025 р. користувачем [Коваль Людмила].
[06-May-2025 11:09:55 Europe/Helsinki] EditDATA [INFO] Для заявки Повірка від 06.05.2025 користувачем [Коваль Людмила] змінено виконавця з ЗАПЛАНОВАНІ на Сірий.
[06-May-2025 11:10:06 Europe/Helsinki] EditDATA [INFO] Для заявки Повірка від 05.05.2025 користувачем [Коваль Людмила] змінено виконавця з ЗАПЛАНОВАНІ на Сірий.
[06-May-2025 11:10:26 Europe/Helsinki] EditDATA [INFO] Для заявки Повірка від 02.05.2025 користувачем [Коваль Людмила] змінено виконавця з ЗАПЛАНОВАНІ на Сірий.
[06-May-2025 11:10:42 Europe/Helsinki] EditDATA [INFO] Для заявки Повірка від 01.05.2025 користувачем [Коваль Людмила] змінено виконавця з ЗАПЛАНОВАНІ на Сірий.
[06-May-2025 11:10:51 Europe/Helsinki] EditDATA [INFO] Для заявки Повірка від 01.05.2025 користувачем [Коваль Людмила] змінено виконавця з ЗАПЛАНОВАНІ на Сірий.
[06-May-2025 11:11:01 Europe/Helsinki] EditDATA [INFO] Для заявки Повірка від 29.04.2025 користувачем [Коваль Людмила] змінено виконавця з ЗАПЛАНОВАНІ на Сірий.
[06-May-2025 11:11:27 Europe/Helsinki] EditDATA [INFO] Для заявки Повірка від 29.04.2025 користувачем [Коваль Людмила] змінено виконавця з ЗАПЛАНОВАНІ на Сірий.
[06-May-2025 11:11:38 Europe/Helsinki] EditDATA [INFO] Для заявки Повірка від 23.04.2025 користувачем [Коваль Людмила] змінено виконавця з ЗАПЛАНОВАНІ на Сірий.
[06-May-2025 11:11:49 Europe/Helsinki] EditDATA [INFO] Для заявки Повірка від 17.04.2025 користувачем [Коваль Людмила] змінено виконавця з ЗАПЛАНОВАНІ на Сірий.
[06-May-2025 11:12:10 Europe/Helsinki] EditDATA [INFO] Для заявки Повірка від 29.04.2025 користувачем [Коваль Людмила] змінено виконавця з ЗАПЛАНОВАНІ на Шкуліпа.
[06-May-2025 11:12:20 Europe/Helsinki] EditDATA [INFO] Для заявки Повірка від 15.04.2025 користувачем [Коваль Людмила] змінено виконавця з ЗАПЛАНОВАНІ на Шкуліпа.
[06-May-2025 11:12:29 Europe/Helsinki] EditDATA [INFO] Для заявки Повірка від 22.04.2025 користувачем [Коваль Людмила] змінено виконавця з ЗАПЛАНОВАНІ на Шкуліпа.
[06-May-2025 11:12:40 Europe/Helsinki] EditDATA [INFO] Для заявки Повірка від 06.05.2025 користувачем [Коваль Людмила] змінено виконавця з ЗАПЛАНОВАНІ на Ващенко.
[06-May-2025 11:13:26 Europe/Helsinki] NewDATA [INFO] Нова адреса вул. Самоквасова Дмитра, буд. 23, кв. 30, тел. +38 (063) 745-86-00 додана до БД користувачем [Сусло Тетяна].
[06-May-2025 11:14:20 Europe/Helsinki] NewDATA [INFO] Нова заявка Повірка, адреса: вул. Самоквасова Дмитра 23, кв. 30, лічильники: БЕЗ НОМЕРА - 1 шт., вартість: 300 грн., примітки: 13-17 додано до БД користувачем [Сусло Тетяна].
[2025-05-06T11:14:25.788] [INFO] DataBase - У заявці Повірка від 6 травня 2025 р. за адресою вул. Самоквасова Дмитра, буд. 23, кв. 30 додано виконавця ЗАПЛАНОВАНІ та додано дату виконання 12 травня 2025 р. користувачем [Сусло Тетяна].
[06-May-2025 11:15:38 Europe/Helsinki] NewDATA [INFO] Нова заявка Повірка, адреса: вул. Доценка 28, кв. 98, лічильники: БЕЗ НОМЕРА - 2 шт., вартість: 600 грн., примітки: за 1 год додано до БД користувачем [Сусло Тетяна].
[2025-05-06T11:15:43.780] [INFO] DataBase - У заявці Повірка від 6 травня 2025 р. за адресою вул. Доценка, буд. 28, кв. 98 додано виконавця ЗАПЛАНОВАНІ та додано дату виконання 15 травня 2025 р. користувачем [Сусло Тетяна].
[06-May-2025 12:30:54 Europe/Helsinki] NewDATA [INFO] Нова заявка Заміна, адреса: вул. Молодчого Олександра 8, кв. 93, лічильники: 7363142, виконавець: Баранов, вартість: 1100 грн., примітки: 11-15, хв,№7363142 додано до БД користувачем [Сусло Тетяна].
[2025-05-06T12:30:59.356] [INFO] DataBase - У заявці Заміна від 6 травня 2025 р. за адресою вул. Молодчого Олександра, буд. 8, кв. 93 додано дату виконання 7 травня 2025 р. користувачем [Сусло Тетяна].
[2025-05-06T12:34:38.958] [INFO] DataBase - У заявці Заміна від 6 травня 2025 р. за адресою вул. Молодчого Олександра, буд. 8, кв. 93 видалено дату виконання 7 травня 2025 р. користувачем [Сусло Тетяна].
[2025-05-06T12:34:42.471] [INFO] DataBase - У заявці Заміна від 6 травня 2025 р. за адресою вул. Молодчого Олександра, буд. 8, кв. 93 додано дату виконання 9 травня 2025 р. користувачем [Сусло Тетяна].
[06-May-2025 12:34:57 Europe/Helsinki] EditDATA [INFO] Для заявки Заміна від 06.05.2025 користувачем [Сусло Тетяна] змінено примітки з 11-15, хв,№7363142 на 9-13, хв,№7363142.
[06-May-2025 13:04:08 Europe/Helsinki] NewDATA [INFO] Нова заявка Заміна, адреса: вул. Волковича 5, кв. 19, лічильники: БЕЗ НОМЕРА - 1 шт., вартість: 400 грн., примітки: 12-16,гор.с/в додано до БД користувачем [Коваль Людмила].
[2025-05-06T13:04:14.756] [INFO] DataBase - У заявці Заміна від 6 травня 2025 р. за адресою вул. Волковича, буд. 5, кв. 19 додано виконавця Баранов та додано дату виконання 8 травня 2025 р. користувачем [Коваль Людмила].
[06-May-2025 13:05:05 Europe/Helsinki] NewDATA [INFO] Нова адреса просп. Перемоги, буд. 25, кв. 73, тел. +38 (097) 889-17-52 додана до БД користувачем [Коваль Людмила].
[06-May-2025 13:22:43 Europe/Helsinki] DellTASK [INFO] Повірка від 02.05.2025 для адреси вул. Доценка, буд. 30, кв. 43 для лічильника БЕЗ НОМЕРА - 1 шт. було завершено користувачем [Коваль Людмила] з коментарем: виконано.
[06-May-2025 13:23:04 Europe/Helsinki] DellTASK [INFO] Повірка від 02.05.2025 для адреси вул. 1-ої танкової бригади, буд. 22, кв. 42 для лічильника БЕЗ НОМЕРА - 2 шт. було завершено користувачем [Коваль Людмила] з коментарем: виконано.
[06-May-2025 13:23:18 Europe/Helsinki] DellTASK [INFO] Повірка від 01.05.2025 для адреси вул. 1-ої танкової бригади, буд. 21, корп. 2, кв. 127 для лічильника БЕЗ НОМЕРА - 2 шт. було завершено користувачем [Коваль Людмила] з коментарем: виконано.
[06-May-2025 13:23:33 Europe/Helsinki] DellTASK [INFO] Повірка від 01.05.2025 для адреси вул. Космонавтів, буд. 10, кв. 17 для лічильника БЕЗ НОМЕРА - 2 шт. було завершено користувачем [Коваль Людмила] з коментарем: виконано.
[06-May-2025 13:23:49 Europe/Helsinki] DellTASK [INFO] Повірка від 25.04.2025 для адреси вул. Всіхсвятська, буд. 8, кв. 139 для лічильника БЕЗ НОМЕРА - 3 шт. було завершено користувачем [Коваль Людмила] з коментарем: виконано.
[06-May-2025 13:24:10 Europe/Helsinki] DellTASK [INFO] Повірка від 25.04.2025 для адреси вул. Захисників України, буд. 9, корп. А, кв. 41 для лічильника БЕЗ НОМЕРА - 2 шт. було завершено користувачем [Коваль Людмила] з коментарем: виконано.
[06-May-2025 13:24:31 Europe/Helsinki] DellTASK [INFO] Повірка від 24.04.2025 для адреси вул. Доценка, буд. 16, кв. 22 для лічильника БЕЗ НОМЕРА - 1 шт. було завершено користувачем [Коваль Людмила] з коментарем: виконано.
[06-May-2025 13:24:45 Europe/Helsinki] DellTASK [INFO] Повірка від 23.04.2025 для адреси вул. Захисників України, буд. 6, кв. 8 для лічильника БЕЗ НОМЕРА - 1 шт. було завершено користувачем [Коваль Людмила] з коментарем: виконано.
[06-May-2025 13:24:58 Europe/Helsinki] DellTASK [INFO] Повірка від 11.04.2025 для адреси пров. Кривоноса 3-й, буд. 1, кв. 117 для лічильника БЕЗ НОМЕРА - 2 шт. було завершено користувачем [Коваль Людмила] з коментарем: виконано.
[06-May-2025 13:26:04 Europe/Helsinki] DellTASK [INFO] Повірка від 02.05.2025 для адреси вул. Елеваторна, буд. 2, кв. 54 для лічильника БЕЗ НОМЕРА - 1 шт. було завершено користувачем [Коваль Людмила] з коментарем: виконано.
[06-May-2025 13:26:19 Europe/Helsinki] DellTASK [INFO] Повірка від 29.04.2025 для адреси вул. Незалежності, буд. 72, кв. 7 для лічильника БЕЗ НОМЕРА - 2 шт. було завершено користувачем [Коваль Людмила] з коментарем: виконано.
[06-May-2025 13:26:36 Europe/Helsinki] DellTASK [INFO] Повірка від 30.04.2025 для адреси вул. Незалежності, буд. 15, кв. 263 для лічильника БЕЗ НОМЕРА - 1 шт. було завершено користувачем [Коваль Людмила] з коментарем: виконано.
[06-May-2025 13:26:53 Europe/Helsinki] DellTASK [INFO] Повірка від 29.04.2025 для адреси вул. Красносільського, буд. 73, корп. А, кв. 23 для лічильника БЕЗ НОМЕРА - 2 шт. було завершено користувачем [Коваль Людмила] з коментарем: виконано.
[06-May-2025 13:27:06 Europe/Helsinki] DellTASK [INFO] Повірка від 24.04.2025 для адреси вул. Красносільського, буд. 87, кв. 5 для лічильника БЕЗ НОМЕРА - 2 шт. було завершено користувачем [Коваль Людмила] з коментарем: виконано.
[06-May-2025 13:29:41 Europe/Helsinki] DellTASK [INFO] Повірка від 24.04.2025 для адреси вул. Незалежності, буд. 40, кв. 26 для лічильника БЕЗ НОМЕРА - 2 шт. було завершено користувачем [Коваль Людмила] з коментарем: виконано.
[06-May-2025 13:29:56 Europe/Helsinki] DellTASK [INFO] Повірка від 23.04.2025 для адреси вул. Незалежності, буд. 14, кв. 184 для лічильника БЕЗ НОМЕРА - 1 шт. було завершено користувачем [Коваль Людмила] з коментарем: виконано.
[06-May-2025 13:30:15 Europe/Helsinki] DellTASK [INFO] Повірка від 14.03.2025 для адреси вул. Нафтовиків, буд. 1, кв. 49 для лічильника БЕЗ НОМЕРА - 2 шт. було завершено користувачем [Коваль Людмила] з коментарем: виконано.
[06-May-2025 14:57:35 Europe/Helsinki] NewDATA [INFO] Нова заявка Заміна, адреса: вул. Толстого 122, кв. 45, лічильники: 6229733, вартість: 1100 грн., примітки: 8-13,пер.за 30 хв.хол.№6229733,с/в додано до БД користувачем [Коваль Людмила].
[2025-05-06T14:58:08.628] [INFO] DataBase - У заявці Заміна від 6 травня 2025 р. за адресою вул. Толстого, буд. 122, кв. 45 додано виконавця Баранов та додано дату виконання 7 травня 2025 р. користувачем [Коваль Людмила].
[06-May-2025 15:01:04 Europe/Helsinki] NewDATA [INFO] Нова заявка Повірка, адреса: просп. Перемоги 25, кв. 73, лічильники: БЕЗ НОМЕРА - 2 шт., вартість: 600 грн., примітки: 13-16(пораньше) додано до БД користувачем [Коваль Людмила].
[2025-05-06T15:01:11.018] [INFO] DataBase - У заявці Повірка від 6 травня 2025 р. за адресою просп. Перемоги, буд. 25, кв. 73 додано виконавця ЗАПЛАНОВАНІ та додано дату виконання 9 травня 2025 р. користувачем [Коваль Людмила].
[06-May-2025 15:01:50 Europe/Helsinki] NewDATA [INFO] Нова адреса вул. Героїв Чорнобиля, буд. 1, кв. 108, тел. +38 (068) 396-61-61 додана до БД користувачем [Коваль Людмила].
[06-May-2025 15:02:27 Europe/Helsinki] NewDATA [INFO] Нова заявка Повірка, адреса: вул. Героїв Чорнобиля 1, кв. 108, лічильники: БЕЗ НОМЕРА - 2 шт., вартість: 600 грн., примітки: 8-13,пер.за 30 хв. додано до БД користувачем [Коваль Людмила].
[2025-05-06T15:02:36.413] [INFO] DataBase - У заявці Повірка від 6 травня 2025 р. за адресою вул. Героїв Чорнобиля, буд. 1, кв. 108 додано виконавця ЗАПЛАНОВАНІ та додано дату виконання 20 травня 2025 р. користувачем [Коваль Людмила].
[06-May-2025 15:03:44 Europe/Helsinki] EditDATA [INFO] За адресою вул. Козацька 20, кв. 8 користувачем [Коваль Людмила] змінені номери телефонів з +38(0462)72-40-46, +38(0462)77-40-07, +38(067)424-39-37 на +38(067)947-69-30, при створенні нової заявки [Повірка] від 06.05.2025.
[06-May-2025 15:03:44 Europe/Helsinki] NewDATA [INFO] Нова заявка Повірка, адреса: вул. Козацька 20, кв. 8, лічильники: БЕЗ НОМЕРА - 1 шт., вартість: 300 грн., примітки: 11-13,пер.за час додано до БД користувачем [Коваль Людмила].
[2025-05-06T15:03:51.452] [INFO] DataBase - У заявці Повірка від 6 травня 2025 р. за адресою вул. Козацька, буд. 20, кв. 8 додано виконавця ЗАПЛАНОВАНІ та додано дату виконання 15 травня 2025 р. користувачем [Коваль Людмила].
[06-May-2025 15:04:46 Europe/Helsinki] EditDATA [INFO] За адресою вул. Корольова 8, кв. 1 користувачем [Коваль Людмила] додано номер телефону +38(095)102-01-17, при створенні нової заявки [Повірка] від 06.05.2025.
[06-May-2025 15:04:46 Europe/Helsinki] NewDATA [INFO] Нова заявка Повірка, адреса: вул. Корольова 8, кв. 1, лічильники: БЕЗ НОМЕРА - 2 шт., вартість: 600 грн., примітки: 8-13 додано до БД користувачем [Коваль Людмила].
[2025-05-06T15:05:12.694] [INFO] DataBase - У заявці Повірка від 6 травня 2025 р. за адресою вул. Корольова, буд. 8, кв. 1 додано виконавця ЗАПЛАНОВАНІ та додано дату виконання 26 травня 2025 р. користувачем [Коваль Людмила].
[06-May-2025 15:06:06 Europe/Helsinki] NewDATA [INFO] Нова адреса вул. Генерала Пухова, буд. 113, кв. 36, тел. +38 (050) 465-11-27 додана до БД користувачем [Коваль Людмила].
[06-May-2025 15:07:03 Europe/Helsinki] EditDATA [INFO] За адресою вул. Генерала Пухова 113, кв. 26 користувачем [Коваль Людмила] додано номер телефону +38(050)465-11-27, при створенні нової заявки [Повірка] від 06.05.2025.
[06-May-2025 15:07:03 Europe/Helsinki] NewDATA [INFO] Нова заявка Повірка, адреса: вул. Генерала Пухова 113, кв. 26, лічильники: БЕЗ НОМЕРА - 4 шт., вартість: 1200 грн., примітки: 13-17 додано до БД користувачем [Коваль Людмила].
[2025-05-06T15:07:09.588] [INFO] DataBase - У заявці Повірка від 6 травня 2025 р. за адресою вул. Генерала Пухова, буд. 113, кв. 26 додано виконавця ЗАПЛАНОВАНІ та додано дату виконання 16 травня 2025 р. користувачем [Коваль Людмила].
[06-May-2025 15:07:59 Europe/Helsinki] NewDATA [INFO] Нова заявка Заміна, адреса: вул. Незалежності 40, кв. 26, лічильники: БЕЗ НОМЕРА - 1 шт., вартість: 400 грн., примітки: 8-13,гор.с/в додано до БД користувачем [Коваль Людмила].
[2025-05-06T15:08:03.480] [INFO] DataBase - У заявці Заміна від 6 травня 2025 р. за адресою вул. Незалежності, буд. 40, кв. 26 додано виконавця Баранов та додано дату виконання 9 травня 2025 р. користувачем [Коваль Людмила].
[06-May-2025 16:02:05 Europe/Helsinki] NewDATA [INFO] Нова заявка Повірка, адреса: вул. Доценка 30, кв. 46, лічильники: БЕЗ НОМЕРА - 1 шт., вартість: 300 грн., примітки: 8-13 додано до БД користувачем [Коваль Людмила].
[2025-05-06T16:02:25.900] [INFO] DataBase - У заявці Повірка від 6 травня 2025 р. за адресою вул. Доценка, буд. 30, кв. 46 додано виконавця Ващенко та додано дату виконання 7 травня 2025 р. користувачем [Коваль Людмила].
[06-May-2025 16:17:25 Europe/Helsinki] NewDATA [INFO] Новий лічильник номер: 4012420, тип: СК => DN 15, рік випуску: 2004, показники: 0, балансоутримувач: КП "ВДК" додано до БД користувачем [Коваль Людмила].
[06-May-2025 16:17:51 Europe/Helsinki] NewDATA [INFO] Новий лічильник номер: 4031408, тип: СК => DN 15, рік випуску: 2004, показники: 0, балансоутримувач: АТ "ОТКЕ" додано до БД користувачем [Коваль Людмила].
[06-May-2025 16:17:53 Europe/Helsinki] EditDATA [INFO] За адресою пров. Кривоноса 3-й, буд. 1, кв. 117 користувачем [Коваль Людмила] було додано лічильники: 4012420, 4031408].
[06-May-2025 16:18:33 Europe/Helsinki] NewDATA [INFO] Новий лічильник номер: 1256411, тип: ЛК => DN 15, рік випуску: 2011, показники: 0, балансоутримувач: КП "ВДК" додано до БД користувачем [Коваль Людмила].
[06-May-2025 16:18:35 Europe/Helsinki] EditDATA [INFO] За адресою вул. Захисників України, буд. 6, кв. 8 користувачем [Коваль Людмила] було додано лічильники: 1256411].
[06-May-2025 16:19:13 Europe/Helsinki] NewDATA [INFO] Новий лічильник номер: 265454, тип: КВ-1,5 => DN 15, рік випуску: 2008, показники: 0, балансоутримувач: КП "ВДК" додано до БД користувачем [Коваль Людмила].
[06-May-2025 16:19:35 Europe/Helsinki] NewDATA [INFO] Новий лічильник номер: 558070, тип: КВ-1,5 => DN 15, рік випуску: 2008, показники: 0, балансоутримувач: АТ "ОТКЕ" додано до БД користувачем [Коваль Людмила].
[06-May-2025 16:19:57 Europe/Helsinki] EditDATA [INFO] За адресою вул. Захисників України, буд. 9, корп. А, кв. 41 користувачем [Коваль Людмила] було додано лічильники: 265454, 558070].
[06-May-2025 16:21:12 Europe/Helsinki] NewDATA [INFO] Новий лічильник номер: 063454, тип: КВ-1,5 => DN 15, рік випуску: 2016, показники: 0, балансоутримувач: КП "ВДК" додано до БД користувачем [Коваль Людмила].
[06-May-2025 16:21:37 Europe/Helsinki] NewDATA [INFO] Новий лічильник номер: 081517, тип: КВ-1,5 => DN 15, рік випуску: 2016, показники: 0, балансоутримувач: АТ "ОТКЕ" додано до БД користувачем [Коваль Людмила].
[06-May-2025 16:22:04 Europe/Helsinki] NewDATA [INFO] Новий лічильник номер: 079934, тип: КВ-1,5 => DN 15, рік випуску: 2016, показники: 0, балансоутримувач: АТ "ОТКЕ" додано до БД користувачем [Коваль Людмила].
[06-May-2025 16:22:06 Europe/Helsinki] EditDATA [INFO] За адресою вул. Всіхсвятська, буд. 8, кв. 139 користувачем [Коваль Людмила] було додано лічильники: 063454, 081517, 079934].
[06-May-2025 16:22:52 Europe/Helsinki] NewDATA [INFO] Новий лічильник номер: 12306707, тип: Sensus => DN 15, рік випуску: 2021, показники: 0, балансоутримувач: КП "ВДК" додано до БД користувачем [Коваль Людмила].
[06-May-2025 16:22:54 Europe/Helsinki] EditDATA [INFO] За адресою вул. Доценка, буд. 30, кв. 43 користувачем [Коваль Людмила] було додано лічильники: 12306707].
[06-May-2025 16:23:48 Europe/Helsinki] NewDATA [INFO] Новий лічильник номер: 1200086428, тип: ЛК => DN 15, рік випуску: 2021, показники: 0, балансоутримувач: КП "ВДК" додано до БД користувачем [Коваль Людмила].
[06-May-2025 16:23:50 Europe/Helsinki] EditDATA [INFO] За адресою вул. Доценка, буд. 16, кв. 22 користувачем [Коваль Людмила] було додано лічильники: 1200086428].
[06-May-2025 16:24:29 Europe/Helsinki] NewDATA [INFO] Новий лічильник номер: 425063, тип: КВ-1,5 => DN 15, рік випуску: 2006, показники: 0, балансоутримувач: КП "ВДК" додано до БД користувачем [Коваль Людмила].
[06-May-2025 16:24:31 Europe/Helsinki] EditDATA [INFO] За адресою вул. Космонавтів, буд. 10, кв. 17 користувачем [Коваль Людмила] було додано лічильники: 425063].
[06-May-2025 16:25:14 Europe/Helsinki] NewDATA [INFO] Новий лічильник номер: 073161, тип: КВ-1,5 => DN 15, рік випуску: 2005, показники: 0, балансоутримувач: КП "ВДК" додано до БД користувачем [Коваль Людмила].
[06-May-2025 16:25:36 Europe/Helsinki] NewDATA [INFO] Новий лічильник номер: 092582, тип: КВ-1,5 => DN 15, рік випуску: 2005, показники: 0, балансоутримувач: АТ "ОТКЕ" додано до БД користувачем [Коваль Людмила].
[06-May-2025 16:25:39 Europe/Helsinki] EditDATA [INFO] За адресою вул. 1-ої танкової бригади, буд. 21, корп. 2, кв. 127 користувачем [Коваль Людмила] було додано лічильники: 073161, 092582].
[06-May-2025 16:26:16 Europe/Helsinki] NewDATA [INFO] Новий лічильник номер: 397874, тип: КВ-1,5 => DN 15, рік випуску: 2004, показники: 0, балансоутримувач: КП "ВДК" додано до БД користувачем [Коваль Людмила].
[06-May-2025 16:26:39 Europe/Helsinki] NewDATA [INFO] Новий лічильник номер: 356342, тип: КВ-1,5 => DN 15, рік випуску: 2004, показники: 0, балансоутримувач: АТ "ОТКЕ" додано до БД користувачем [Коваль Людмила].
[06-May-2025 16:26:41 Europe/Helsinki] EditDATA [INFO] За адресою вул. 1-ої танкової бригади, буд. 22, кв. 42 користувачем [Коваль Людмила] було додано лічильники: 397874, 356342].
[06-May-2025 16:27:35 Europe/Helsinki] NewDATA [INFO] Новий лічильник номер: 255476, тип: КВ-1,5 => DN 15, рік випуску: 2012, показники: 0, балансоутримувач: КП "ВДК" додано до БД користувачем [Коваль Людмила].
[06-May-2025 16:27:57 Europe/Helsinki] NewDATA [INFO] Новий лічильник номер: 243421, тип: КВ-1,5 => DN 15, рік випуску: 2012, показники: 0, балансоутримувач: АТ "ОТКЕ" додано до БД користувачем [Коваль Людмила].
[06-May-2025 16:27:59 Europe/Helsinki] EditDATA [INFO] За адресою вул. Нафтовиків, буд. 1, кв. 49 користувачем [Коваль Людмила] було додано лічильники: 255476, 243421].
[06-May-2025 16:29:03 Europe/Helsinki] NewDATA [INFO] Новий лічильник номер: 242640, тип: КВ-1,5 => DN 15, рік випуску: 2002, показники: 0, балансоутримувач: КП "ВДК" додано до БД користувачем [Коваль Людмила].
[06-May-2025 16:29:05 Europe/Helsinki] EditDATA [INFO] За адресою вул. Незалежності, буд. 40, кв. 26 користувачем [Коваль Людмила] було додано лічильники: 242640].
[06-May-2025 16:29:56 Europe/Helsinki] NewDATA [INFO] Новий лічильник номер: 3158199, тип: JS => DN 15, рік випуску: 2001, показники: 0, балансоутримувач: АТ "ОТКЕ" додано до БД користувачем [Коваль Людмила].
[06-May-2025 16:29:58 Europe/Helsinki] EditDATA [INFO] За адресою вул. Незалежності, буд. 14, кв. 184 користувачем [Коваль Людмила] було додано лічильники: 3158199].
[06-May-2025 16:44:16 Europe/Helsinki] NewDATA [INFO] Новий лічильник номер: 286997, тип: КВ-1,5 => DN 15, рік випуску: 2015, показники: 0, балансоутримувач: КП "ВДК" додано до БД користувачем [Коваль Людмила].
[06-May-2025 16:44:19 Europe/Helsinki] EditDATA [INFO] За адресою вул. Елеваторна, буд. 2, кв. 54 користувачем [Коваль Людмила] було додано лічильники: 286997].
[06-May-2025 16:45:12 Europe/Helsinki] NewDATA [INFO] Новий лічильник номер: 091929, тип: КВ-1,5 => DN 15, рік випуску: 2016, показники: 0, балансоутримувач: КП "ВДК" додано до БД користувачем [Коваль Людмила].
[06-May-2025 16:45:14 Europe/Helsinki] EditDATA [INFO] За адресою вул. Незалежності, буд. 15, кв. 263 користувачем [Коваль Людмила] було додано лічильники: 091929].
[06-May-2025 16:46:32 Europe/Helsinki] NewDATA [INFO] Новий лічильник номер: 144004, тип: КВ-1,5 => DN 15, рік випуску: 2002, показники: 0, балансоутримувач: КП "ВДК" додано до БД користувачем [Коваль Людмила].
[06-May-2025 16:46:53 Europe/Helsinki] NewDATA [INFO] Новий лічильник номер: 225533, тип: КВ-1,5 => DN 15, рік випуску: 2002, показники: 0, балансоутримувач: АТ "ОТКЕ" додано до БД користувачем [Коваль Людмила].
[06-May-2025 16:46:55 Europe/Helsinki] EditDATA [INFO] За адресою вул. Красносільського, буд. 73, корп. А, кв. 23 користувачем [Коваль Людмила] було додано лічильники: 144004, 225533].
[06-May-2025 16:47:37 Europe/Helsinki] NewDATA [INFO] Новий лічильник номер: 378832, тип: КВ-1,5 => DN 15, рік випуску: 2005, показники: 0, балансоутримувач: КП "ВДК" додано до БД користувачем [Коваль Людмила].
[06-May-2025 16:47:58 Europe/Helsinki] NewDATA [INFO] Новий лічильник номер: 523519, тип: КВ-1,5 => DN 15, рік випуску: 2004, показники: 0, балансоутримувач: АТ "ОТКЕ" додано до БД користувачем [Коваль Людмила].
[06-May-2025 16:48:00 Europe/Helsinki] EditDATA [INFO] За адресою вул. Красносільського, буд. 87, кв. 5 користувачем [Коваль Людмила] було додано лічильники: 378832, 523519].
[06-May-2025 16:48:22 Europe/Helsinki] EditDATA [INFO] Для лічильника 225533 користувачем [Коваль Людмила] змінено температуру з Гарячий на Холодний.
[06-May-2025 16:48:28 Europe/Helsinki] EditDATA [INFO] Для лічильника 225533 користувачем [Коваль Людмила] змінено балансоутримувача з АТ "ОТКЕ" на КП "ВДК".
[06-May-2025 16:49:04 Europe/Helsinki] NewDATA [INFO] Новий лічильник номер: 114472, тип: КВ-1,5 => DN 15, рік випуску: 2009, показники: 0, балансоутримувач: КП "ВДК" додано до БД користувачем [Коваль Людмила].
[06-May-2025 16:49:23 Europe/Helsinki] NewDATA [INFO] Новий лічильник номер: 122643, тип: КВ-1,5 => DN 15, рік випуску: 2009, показники: 0, балансоутримувач: АТ "ОТКЕ" додано до БД користувачем [Коваль Людмила].
[06-May-2025 16:49:25 Europe/Helsinki] EditDATA [INFO] За адресою вул. Незалежності, буд. 72, кв. 7 користувачем [Коваль Людмила] було додано лічильники: 114472, 122643].
