[10-Jul-2025 08:40:03 Europe/Helsinki] NewDATA [INFO] Нова адреса вул. Доценка, буд. 14, кв. 120, тел. +38 (073) 183-45-33 додана до БД користувачем [Сусло Тетяна].
[10-Jul-2025 08:40:20 Europe/Helsinki] NewDATA [INFO] Нова заявка Повірка, адреса: вул. Доценка 14, кв. 120, лічильники: БЕЗ НОМЕРА - 1 шт., вартість: 350 грн., примітки: 8-13 додано до БД користувачем [Сусло Тетяна].
[2025-07-10T08:40:24.081] [INFO] DataBase - У заявці Повірка від 10 липня 2025 р. за адресою вул. Доценка, буд. 14, кв. 120 додано виконавця ЗАПЛАНОВАНІ та додано дату виконання 14 липня 2025 р. користувачем [Сусло Тетяна].
[10-Jul-2025 08:50:08 Europe/Helsinki] DellTASK [INFO] Повірка від 08.07.2025 для адреси вул. Захисників України, буд. 10, кв. 71 для лічильника БЕЗ НОМЕРА - 2 шт. було завершено користувачем [Коваль Людмила] з коментарем: виконано.
[10-Jul-2025 09:05:49 Europe/Helsinki] DellTASK [INFO] Повірка від 30.06.2025 для адреси просп. Левка Лукяненка, буд. 16, кв. 5 для лічильника БЕЗ НОМЕРА - 4 шт. було завершено користувачем [Коваль Людмила] з коментарем: виконано.
[10-Jul-2025 09:06:21 Europe/Helsinki] DellTASK [INFO] Повірка від 23.06.2025 для адреси вул. Генерала Пухова, буд. 133, кв. 33 для лічильника БЕЗ НОМЕРА - 1 шт. було завершено користувачем [Коваль Людмила] з коментарем: неможливо підключитись.
[10-Jul-2025 09:06:42 Europe/Helsinki] DellTASK [INFO] Повірка від 30.06.2025 для адреси вул. Захисників України, буд. 11, кв. 29 для лічильника БЕЗ НОМЕРА - 2 шт. було завершено користувачем [Коваль Людмила] з коментарем: не виконано.відмова абонентом..
[10-Jul-2025 09:07:08 Europe/Helsinki] DellTASK [INFO] Повірка від 02.07.2025 для адреси просп. Левка Лукяненка, буд. 14, корп. Б, кв. 11 для лічильника БЕЗ НОМЕРА - 2 шт. було завершено користувачем [Коваль Людмила] з коментарем: виконано.
[10-Jul-2025 09:07:21 Europe/Helsinki] DellTASK [INFO] Повірка від 07.07.2025 для адреси просп. Грушевського Михайла, буд. 165, корп. 2, кв. 59 для лічильника БЕЗ НОМЕРА - 2 шт. було завершено користувачем [Коваль Людмила] з коментарем: виконано.
[10-Jul-2025 09:07:37 Europe/Helsinki] DellTASK [INFO] Повірка від 02.07.2025 для адреси вул. Доценка, буд. 16, кв. 20 для лічильника БЕЗ НОМЕРА - 1 шт. було завершено користувачем [Коваль Людмила] з коментарем: виконано.
[10-Jul-2025 09:08:07 Europe/Helsinki] DellTASK [INFO] Повірка від 18.06.2025 для адреси просп. Левка Лукяненка, буд. 70, кв. 173 для лічильника БЕЗ НОМЕРА - 2 шт. було завершено користувачем [Коваль Людмила] з коментарем: виконано.
[10-Jul-2025 09:08:21 Europe/Helsinki] DellTASK [INFO] Повірка від 01.07.2025 для адреси вул. 1-ої танкової бригади, буд. 20, кв. 18 для лічильника БЕЗ НОМЕРА - 2 шт. було завершено користувачем [Коваль Людмила] з коментарем: виконано.
[10-Jul-2025 09:08:39 Europe/Helsinki] DellTASK [INFO] Повірка від 01.07.2025 для адреси вул. Доценка, буд. 15, кв. 39 для лічильника БЕЗ НОМЕРА - 2 шт. було завершено користувачем [Коваль Людмила] з коментарем: виконано.
[10-Jul-2025 09:08:57 Europe/Helsinki] DellTASK [INFO] Повірка від 01.07.2025 для адреси вул. 1-ої танкової бригади, буд. 23, корп. 3, кв. 61 для лічильника БЕЗ НОМЕРА - 1 шт. було завершено користувачем [Коваль Людмила] з коментарем: виконано.
[10-Jul-2025 09:09:18 Europe/Helsinki] DellTASK [INFO] Повірка від 02.07.2025 для адреси просп. Левка Лукяненка, буд. 66, кв. 14 для лічильника БЕЗ НОМЕРА - 1 шт. було завершено користувачем [Коваль Людмила] з коментарем: не виконано.немає вдома.
[10-Jul-2025 09:18:02 Europe/Helsinki] NewDATA [INFO] Новий лічильник номер: 030438, тип: КВ-1,5 => DN 15, рік випуску: 2016, показники: 0, балансоутримувач: КП "ВДК" додано до БД користувачем [Коваль Людмила].
[10-Jul-2025 09:18:34 Europe/Helsinki] NewDATA [INFO] Новий лічильник номер: 191317386, тип: СВК => DN 15, рік випуску: 2019, показники: 0, балансоутримувач: АТ "ОТКЕ" додано до БД користувачем [Коваль Людмила].
[10-Jul-2025 09:18:36 Europe/Helsinki] EditDATA [INFO] За адресою вул. 1-ої танкової бригади, буд. 23, корп. 3, кв. 61 користувачем [Коваль Людмила] було додано лічильники: 030438, 191317386].
[10-Jul-2025 09:37:57 Europe/Helsinki] NewDATA [INFO] Новий лічильник номер: 246554, тип: КВ-1,5 => DN 15, рік випуску: 2002, показники: 0, балансоутримувач: КП "ВДК" додано до БД користувачем [Коваль Людмила].
[10-Jul-2025 09:38:20 Europe/Helsinki] NewDATA [INFO] Новий лічильник номер: 203917, тип: КВ-1,5 => DN 15, рік випуску: 2002, показники: 0, балансоутримувач: АТ "ОТКЕ" додано до БД користувачем [Коваль Людмила].
[10-Jul-2025 09:38:21 Europe/Helsinki] EditDATA [INFO] За адресою просп. Левка Лукяненка, буд. 70, кв. 173 користувачем [Коваль Людмила] було додано лічильники: 246554, 203917].
[10-Jul-2025 09:38:55 Europe/Helsinki] NewDATA [INFO] Новий лічильник номер: 355906, тип: КВ-1,5 => DN 15, рік випуску: 2006, показники: 0, балансоутримувач: КП "ВДК" додано до БД користувачем [Коваль Людмила].
[10-Jul-2025 09:39:16 Europe/Helsinki] NewDATA [INFO] Новий лічильник номер: 050267, тип: КВ-1,5 => DN 15, рік випуску: 2007, показники: 0, балансоутримувач: АТ "ОТКЕ" додано до БД користувачем [Коваль Людмила].
[10-Jul-2025 09:39:18 Europe/Helsinki] EditDATA [INFO] За адресою вул. Доценка, буд. 15, кв. 39 користувачем [Коваль Людмила] було додано лічильники: 355906, 050267].
[10-Jul-2025 09:40:06 Europe/Helsinki] NewDATA [INFO] Новий лічильник номер: 156124, тип: КВ-1,5 => DN 15, рік випуску: 2014, показники: 0, балансоутримувач: КП "ВДК" додано до БД користувачем [Коваль Людмила].
[10-Jul-2025 09:40:09 Europe/Helsinki] EditDATA [INFO] За адресою вул. Доценка, буд. 16, кв. 20 користувачем [Коваль Людмила] було додано лічильники: 156124].
[10-Jul-2025 09:40:44 Europe/Helsinki] NewDATA [INFO] Новий лічильник номер: 062686, тип: КВ-1,5 => DN 15, рік випуску: 2020, показники: 0, балансоутримувач: КП "ВДК" додано до БД користувачем [Коваль Людмила].
[10-Jul-2025 09:41:19 Europe/Helsinki] NewDATA [INFO] Новий лічильник номер: 062699, тип: КВ-1,5 => DN 15, рік випуску: 2020, показники: 0, балансоутримувач: АТ "ОТКЕ" додано до БД користувачем [Коваль Людмила].
[10-Jul-2025 09:41:21 Europe/Helsinki] EditDATA [INFO] За адресою вул. 1-ої танкової бригади, буд. 20, кв. 18 користувачем [Коваль Людмила] було додано лічильники: 062686, 062699].
[10-Jul-2025 09:42:01 Europe/Helsinki] NewDATA [INFO] Новий лічильник номер: 11564789, тип: Sensus => DN 15, рік випуску: 2018, показники: 0, балансоутримувач: КП "ВДК" додано до БД користувачем [Коваль Людмила].
[10-Jul-2025 09:42:26 Europe/Helsinki] NewDATA [INFO] Новий лічильник номер: 11565080, тип: Sensus => DN 15, рік випуску: 2018, показники: 0, балансоутримувач: АТ "ОТКЕ" додано до БД користувачем [Коваль Людмила].
[10-Jul-2025 09:42:29 Europe/Helsinki] EditDATA [INFO] За адресою просп. Левка Лукяненка, буд. 14, корп. Б, кв. 11 користувачем [Коваль Людмила] було додано лічильники: 11564789, 11565080].
[10-Jul-2025 09:43:21 Europe/Helsinki] NewDATA [INFO] Новий лічильник номер: 702930, тип: КВ-1,5 => DN 15, рік випуску: 2003, показники: 0, балансоутримувач: КП "ВДК" додано до БД користувачем [Коваль Людмила].
[10-Jul-2025 09:43:46 Europe/Helsinki] NewDATA [INFO] Новий лічильник номер: 734939, тип: КВ-1,5 => DN 15, рік випуску: 2003, показники: 0, балансоутримувач: АТ "ОТКЕ" додано до БД користувачем [Коваль Людмила].
[10-Jul-2025 09:43:48 Europe/Helsinki] EditDATA [INFO] За адресою просп. Грушевського Михайла, буд. 165, корп. 2, кв. 59 користувачем [Коваль Людмила] було додано лічильники: 702930, 734939].
[10-Jul-2025 09:44:32 Europe/Helsinki] NewDATA [INFO] Новий лічильник номер: 1200040834, тип: ЛК => DN 15, рік випуску: 2012, показники: 0, балансоутримувач: КП "ВДК" додано до БД користувачем [Коваль Людмила].
[10-Jul-2025 09:44:55 Europe/Helsinki] NewDATA [INFO] Новий лічильник номер: 1200054296, тип: ЛК => DN 15, рік випуску: 2012, показники: 0, балансоутримувач: АТ "ОТКЕ" додано до БД користувачем [Коваль Людмила].
[10-Jul-2025 09:46:01 Europe/Helsinki] NewDATA [INFO] Новий лічильник номер: 1200066495, тип: ЛК => DN 15, рік випуску: 2012, показники: 0, балансоутримувач: КП "ВДК" додано до БД користувачем [Коваль Людмила].
[10-Jul-2025 09:46:20 Europe/Helsinki] NewDATA [INFO] Нова адреса вул. Котляревського, буд. 34, кв. 99, тел. +38 (063) 225-90-15 додана до БД користувачем [Сусло Тетяна].
[10-Jul-2025 09:46:25 Europe/Helsinki] NewDATA [INFO] Новий лічильник номер: 1200029266, тип: ЛК => DN 15, рік випуску: 2012, показники: 0, балансоутримувач: АТ "ОТКЕ" додано до БД користувачем [Коваль Людмила].
[10-Jul-2025 09:46:27 Europe/Helsinki] EditDATA [INFO] За адресою просп. Левка Лукяненка, буд. 16, кв. 5 користувачем [Коваль Людмила] було додано лічильники: 1200040834, 1200054296, 1200066495, 1200029266].
[10-Jul-2025 09:46:38 Europe/Helsinki] NewDATA [INFO] Нова заявка Повірка, адреса: вул. Котляревського 34, кв. 99, лічильники: БЕЗ НОМЕРА - 2 шт., вартість: 700 грн., примітки: 8-13 додано до БД користувачем [Сусло Тетяна].
[2025-07-10T09:46:42.198] [INFO] DataBase - У заявці Повірка від 10 липня 2025 р. за адресою вул. Котляревського, буд. 34, кв. 99 додано виконавця ЗАПЛАНОВАНІ та додано дату виконання 25 липня 2025 р. користувачем [Сусло Тетяна].
[10-Jul-2025 09:47:04 Europe/Helsinki] NewDATA [INFO] Новий лічильник номер: 562845, тип: КВ-1,5 => DN 15, рік випуску: 2003, показники: 0, балансоутримувач: КП "ВДК" додано до БД користувачем [Коваль Людмила].
[10-Jul-2025 09:47:22 Europe/Helsinki] EditDATA [INFO] За адресою вул. Волковича 4, кв. 44 користувачем [Сусло Тетяна] змінені номери телефонів з +38(067)711-55-79 на +38(093)208-29-79, при створенні нової заявки [Повірка] від 10.07.2025.
[10-Jul-2025 09:47:22 Europe/Helsinki] NewDATA [INFO] Нова заявка Повірка, адреса: вул. Волковича 4, кв. 44, лічильники: БЕЗ НОМЕРА - 2 шт., вартість: 700 грн., примітки: за 1 год додано до БД користувачем [Сусло Тетяна].
[2025-07-10T09:47:25.135] [INFO] DataBase - У заявці Повірка від 10 липня 2025 р. за адресою вул. Волковича, буд. 4, кв. 44 додано виконавця ЗАПЛАНОВАНІ та додано дату виконання 17 липня 2025 р. користувачем [Сусло Тетяна].
[10-Jul-2025 09:47:25 Europe/Helsinki] NewDATA [INFO] Новий лічильник номер: 591999, тип: КВ-1,5 => DN 15, рік випуску: 2003, показники: 0, балансоутримувач: АТ "ОТКЕ" додано до БД користувачем [Коваль Людмила].
[10-Jul-2025 09:47:27 Europe/Helsinki] EditDATA [INFO] За адресою вул. Захисників України, буд. 10, кв. 71 користувачем [Коваль Людмила] було додано лічильники: 562845, 591999].
[10-Jul-2025 09:48:56 Europe/Helsinki] DellTASK [INFO] Заміна від 04.07.2025 для адреси вул. 1-ої танкової бригади, буд. 18, кв. 21 для лічильника БЕЗ НОМЕРА - 1 шт. було відмінено користувачем [Сусло Тетяна] з коментарем: устранилась сама течь.
[10-Jul-2025 09:49:13 Europe/Helsinki] DellTASK [INFO] Заміна від 08.07.2025 для адреси просп. Левка Лукяненка, буд. 23, кв. 45 для лічильника БЕЗ НОМЕРА - 1 шт. було завершено користувачем [Сусло Тетяна] з коментарем: виконано.
[10-Jul-2025 09:49:29 Europe/Helsinki] DellTASK [INFO] Заміна від 07.07.2025 для адреси вул. Космонавтів, буд. 22, кв. 7 для лічильника БЕЗ НОМЕРА - 1 шт. було завершено користувачем [Сусло Тетяна] з коментарем: виконано.
[10-Jul-2025 09:49:42 Europe/Helsinki] DellTASK [INFO] Заміна від 07.07.2025 для адреси вул. Космонавтів, буд. 18, кв. 43 для лічильника БЕЗ НОМЕРА - 1 шт. було завершено користувачем [Сусло Тетяна] з коментарем: виконано.
[10-Jul-2025 09:49:55 Europe/Helsinki] DellTASK [INFO] Заміна від 07.07.2025 для адреси вул. Генерала Пухова, буд. 152, кв. 17 для лічильника БЕЗ НОМЕРА - 1 шт. було завершено користувачем [Сусло Тетяна] з коментарем: виконано.
[10-Jul-2025 09:50:07 Europe/Helsinki] DellTASK [INFO] Заміна від 03.07.2025 для адреси просп. Левка Лукяненка, буд. 45, кв. 83 для лічильника БЕЗ НОМЕРА - 1 шт. було завершено користувачем [Сусло Тетяна] з коментарем: виконано.
[10-Jul-2025 09:50:18 Europe/Helsinki] DellTASK [INFO] Заміна від 03.07.2025 для адреси просп. Перемоги, буд. 100, кв. 47 для лічильника БЕЗ НОМЕРА - 1 шт. було завершено користувачем [Сусло Тетяна] з коментарем: виконано.
[10-Jul-2025 12:47:29 Europe/Helsinki] NewDATA [INFO] Нова адреса вул. Доценка, буд. 4, корп. Б, кв. 145, тел. +38 (099) 220-85-47 додана до БД користувачем [Коваль Людмила].
[10-Jul-2025 12:48:00 Europe/Helsinki] NewDATA [INFO] Нова заявка Повірка, адреса: вул. Доценка 4 корпус Б, кв. 145, лічильники: БЕЗ НОМЕРА - 1 шт., вартість: 350 грн., примітки: хол.13-17 додано до БД користувачем [Коваль Людмила].
[2025-07-10T12:54:29.224] [INFO] DataBase - У заявці Повірка від 10 липня 2025 р. за адресою вул. Доценка, буд. 4, корп. Б, кв. 145 додано виконавця ЗАПЛАНОВАНІ та додано дату виконання 15 липня 2025 р. користувачем [Коваль Людмила].
[10-Jul-2025 12:55:09 Europe/Helsinki] NewDATA [INFO] Нова адреса вул. Космонавтів, буд. 20, кв. 15, тел. +38 (063) 792-86-09 додана до БД користувачем [Коваль Людмила].
[10-Jul-2025 12:56:11 Europe/Helsinki] NewDATA [INFO] Нова заявка Повірка, адреса: вул. Космонавтів 20, кв. 15, лічильники: БЕЗ НОМЕРА - 2 шт., вартість: 700 грн., примітки: 8-13 додано до БД користувачем [Коваль Людмила].
[2025-07-10T12:56:15.891] [INFO] DataBase - У заявці Повірка від 10 липня 2025 р. за адресою вул. Космонавтів, буд. 20, кв. 15 додано виконавця ЗАПЛАНОВАНІ та додано дату виконання 15 липня 2025 р. користувачем [Коваль Людмила].
[10-Jul-2025 12:56:58 Europe/Helsinki] NewDATA [INFO] Нова адреса вул. Жабинського, буд. 2, корп. Б, кв. 83, тел. +38 (050) 717-29-91 додана до БД користувачем [Коваль Людмила].
[10-Jul-2025 12:57:36 Europe/Helsinki] NewDATA [INFO] Нова заявка Повірка, адреса: вул. Жабинського 2 корпус Б, кв. 83, лічильники: БЕЗ НОМЕРА - 1 шт., вартість: 350 грн., примітки: 13-17,пер.за час додано до БД користувачем [Коваль Людмила].
[2025-07-10T12:57:42.605] [INFO] DataBase - У заявці Повірка від 10 липня 2025 р. за адресою вул. Жабинського, буд. 2, корп. Б, кв. 83 додано виконавця ЗАПЛАНОВАНІ та додано дату виконання 18 липня 2025 р. користувачем [Коваль Людмила].
[10-Jul-2025 12:58:28 Europe/Helsinki] NewDATA [INFO] Нова заявка Заміна, адреса: просп. Миру 203 корпус А, кв. 24, лічильники: БЕЗ НОМЕРА - 1 шт., вартість: 400 грн., примітки: 8-13,хол. додано до БД користувачем [Коваль Людмила].
[2025-07-10T12:58:38.735] [INFO] DataBase - У заявці Заміна від 10 липня 2025 р. за адресою просп. Миру, буд. 203, корп. А, кв. 24 додано виконавця Баранов та додано дату виконання 15 липня 2025 р. користувачем [Коваль Людмила].
[10-Jul-2025 12:59:21 Europe/Helsinki] NewDATA [INFO] Нова адреса вул. Радченка Вячеслава, буд. 20, кв. 32, тел. +38 (063) 785-01-35 додана до БД користувачем [Коваль Людмила].
[10-Jul-2025 12:59:51 Europe/Helsinki] NewDATA [INFO] Нова заявка Повірка, адреса: вул. Радченка Вячеслава 20, кв. 32, лічильники: БЕЗ НОМЕРА - 2 шт., вартість: 700 грн., примітки: 13-17 додано до БД користувачем [Коваль Людмила].
[2025-07-10T12:59:58.007] [INFO] DataBase - У заявці Повірка від 10 липня 2025 р. за адресою вул. Радченка Вячеслава, буд. 20, кв. 32 додано виконавця ЗАПЛАНОВАНІ та додано дату виконання 21 липня 2025 р. користувачем [Коваль Людмила].
[10-Jul-2025 13:03:14 Europe/Helsinki] NewDATA [INFO] Нова заявка Повірка, адреса: вул. Захисників України 11 корпус Б, кв. 1, лічильники: БЕЗ НОМЕРА - 2 шт., вартість: 700 грн., примітки: 8-13 додано до БД користувачем [Коваль Людмила].
[2025-07-10T13:03:49.400] [INFO] DataBase - У заявці Повірка від 10 липня 2025 р. за адресою вул. Захисників України, буд. 11, корп. Б, кв. 1 додано виконавця ЗАПЛАНОВАНІ та додано дату виконання 1 серпня 2025 р. користувачем [Коваль Людмила].
[10-Jul-2025 15:10:33 Europe/Helsinki] NewDATA [INFO] Нова адреса вул. Милорадовичів, буд. 55, кв. 61, тел. +38 (093) 365-10-01 додана до БД користувачем [Сусло Тетяна].
[10-Jul-2025 15:11:05 Europe/Helsinki] NewDATA [INFO] Нова заявка Заміна, адреса: вул. Милорадовичів 55, кв. 61, лічильники: БЕЗ НОМЕРА - 1 шт., виконавець: Баранов, вартість: 1100 грн., примітки: 10-15, хв, св додано до БД користувачем [Сусло Тетяна].
[2025-07-10T15:11:08.147] [INFO] DataBase - У заявці Заміна від 10 липня 2025 р. за адресою вул. Милорадовичів, буд. 55, кв. 61 додано дату виконання 15 липня 2025 р. користувачем [Сусло Тетяна].
[10-Jul-2025 15:17:02 Europe/Helsinki] NewDATA [INFO] Нова адреса вул. Гетьмана Полуботка, буд. 36, кв. 1, тел. +38 (063) 335-27-43 додана до БД користувачем [Сусло Тетяна].
[10-Jul-2025 15:17:31 Europe/Helsinki] NewDATA [INFO] Нова заявка Повірка, адреса: вул. Гетьмана Полуботка 36, кв. 1, лічильники: БЕЗ НОМЕРА - 1 шт., вартість: 350 грн., примітки: 8-13, за 30 хв, подовж додано до БД користувачем [Сусло Тетяна].
[2025-07-10T15:17:35.753] [INFO] DataBase - У заявці Повірка від 10 липня 2025 р. за адресою вул. Гетьмана Полуботка, буд. 36, кв. 1 додано виконавця ЗАПЛАНОВАНІ та додано дату виконання 25 липня 2025 р. користувачем [Сусло Тетяна].
[10-Jul-2025 15:18:20 Europe/Helsinki] NewDATA [INFO] Нова адреса просп. Левка Лукяненка, буд. 49, корп. А, кв. 45, тел. +38 (063) 184-68-15 додана до БД користувачем [Сусло Тетяна].
[10-Jul-2025 15:18:44 Europe/Helsinki] NewDATA [INFO] Нова заявка Повірка, адреса: просп. Левка Лукяненка 49 корпус А, кв. 45, лічильники: БЕЗ НОМЕРА - 2 шт., вартість: 700 грн., примітки: 13-17 додано до БД користувачем [Сусло Тетяна].
[2025-07-10T15:18:50.416] [INFO] DataBase - У заявці Повірка від 10 липня 2025 р. за адресою просп. Левка Лукяненка, буд. 49, корп. А, кв. 45 додано виконавця ЗАПЛАНОВАНІ та додано дату виконання 14 липня 2025 р. користувачем [Сусло Тетяна].
[10-Jul-2025 15:19:36 Europe/Helsinki] NewDATA [INFO] Нова адреса вул. Космонавтів, буд. 18, кв. 37, тел. +38 (050) 738-04-32 додана до БД користувачем [Сусло Тетяна].
[10-Jul-2025 15:20:13 Europe/Helsinki] NewDATA [INFO] Нова заявка Повірка, адреса: вул. Космонавтів 18, кв. 37, лічильники: БЕЗ НОМЕРА - 4 шт., вартість: 1400 грн., примітки: 10-15, 1 поверх додано до БД користувачем [Сусло Тетяна].
[2025-07-10T15:20:16.848] [INFO] DataBase - У заявці Повірка від 10 липня 2025 р. за адресою вул. Космонавтів, буд. 18, кв. 37 додано виконавця ЗАПЛАНОВАНІ та додано дату виконання 15 липня 2025 р. користувачем [Сусло Тетяна].
[10-Jul-2025 15:21:01 Europe/Helsinki] EditDATA [INFO] За адресою вул. Незалежності 60, кв. 100 користувачем [Сусло Тетяна] змінені номери телефонів з +38(067)757-28-55 на +38(050)594-35-95, при створенні нової заявки [Повірка] від 10.07.2025.
[10-Jul-2025 15:21:01 Europe/Helsinki] NewDATA [INFO] Нова заявка Повірка, адреса: вул. Незалежності 60, кв. 100, лічильники: БЕЗ НОМЕРА - 2 шт., вартість: 700 грн., примітки: 8-13 додано до БД користувачем [Сусло Тетяна].
[2025-07-10T15:21:05.260] [INFO] DataBase - У заявці Повірка від 10 липня 2025 р. за адресою вул. Незалежності, буд. 60, кв. 100 додано виконавця ЗАПЛАНОВАНІ та додано дату виконання 21 липня 2025 р. користувачем [Сусло Тетяна].
[10-Jul-2025 15:34:14 Europe/Helsinki] NewDATA [INFO] Нова адреса вул. Нафтовиків, буд. 6, кв. 1, тел. +38 (067) 898-69-15 додана до БД користувачем [Коваль Людмила].
[10-Jul-2025 15:34:46 Europe/Helsinki] NewDATA [INFO] Нова заявка Повірка, адреса: вул. Нафтовиків 6, кв. 1, лічильники: БЕЗ НОМЕРА - 2 шт., вартість: 700 грн., примітки: 13-17,дозвон. додано до БД користувачем [Коваль Людмила].
[2025-07-10T15:34:51.389] [INFO] DataBase - У заявці Повірка від 10 липня 2025 р. за адресою вул. Нафтовиків, буд. 6, кв. 1 додано виконавця ЗАПЛАНОВАНІ та додано дату виконання 11 липня 2025 р. користувачем [Коваль Людмила].
[10-Jul-2025 15:34:59 Europe/Helsinki] EditDATA [INFO] Для заявки Повірка від 10.07.2025 користувачем [Коваль Людмила] змінено виконавця з ЗАПЛАНОВАНІ на Шкуліпа.
[10-Jul-2025 15:35:13 Europe/Helsinki] EditDATA [INFO] Для заявки Повірка від 09.07.2025 користувачем [Коваль Людмила] змінено виконавця з ЗАПЛАНОВАНІ на Шкуліпа.
[10-Jul-2025 15:35:29 Europe/Helsinki] EditDATA [INFO] Для заявки Повірка від 09.07.2025 користувачем [Коваль Людмила] змінено виконавця з ЗАПЛАНОВАНІ на Шкуліпа.
[10-Jul-2025 15:35:40 Europe/Helsinki] EditDATA [INFO] Для заявки Повірка від 07.07.2025 користувачем [Коваль Людмила] змінено виконавця з ЗАПЛАНОВАНІ на Шкуліпа.
[10-Jul-2025 15:35:50 Europe/Helsinki] EditDATA [INFO] Для заявки Повірка від 04.07.2025 користувачем [Коваль Людмила] змінено виконавця з ЗАПЛАНОВАНІ на Шкуліпа.
[10-Jul-2025 15:35:59 Europe/Helsinki] EditDATA [INFO] Для заявки Повірка від 09.07.2025 користувачем [Коваль Людмила] змінено виконавця з ЗАПЛАНОВАНІ на Шкуліпа.
[10-Jul-2025 15:36:09 Europe/Helsinki] EditDATA [INFO] Для заявки Повірка від 08.07.2025 користувачем [Коваль Людмила] змінено виконавця з ЗАПЛАНОВАНІ на Шкуліпа.
[10-Jul-2025 15:36:18 Europe/Helsinki] EditDATA [INFO] Для заявки Повірка від 25.06.2025 користувачем [Коваль Людмила] змінено виконавця з ЗАПЛАНОВАНІ на Шкуліпа.
[10-Jul-2025 15:36:27 Europe/Helsinki] EditDATA [INFO] Для заявки Повірка від 21.05.2025 користувачем [Коваль Людмила] змінено виконавця з ЗАПЛАНОВАНІ на Шкуліпа.
[10-Jul-2025 15:41:39 Europe/Helsinki] NewDATA [INFO] Нова адреса вул. Освіти, буд. 86, кв. 10, тел. +38 (096) 159-25-56 додана до БД користувачем [Коваль Людмила].
[10-Jul-2025 15:42:05 Europe/Helsinki] NewDATA [INFO] Нова заявка Повірка, адреса: вул. Освіти 86, кв. 10, лічильники: БЕЗ НОМЕРА - 2 шт., вартість: 700 грн., примітки: 8-13 додано до БД користувачем [Коваль Людмила].
[2025-07-10T15:42:26.439] [INFO] DataBase - У заявці Повірка від 10 липня 2025 р. за адресою вул. Освіти, буд. 86, кв. 10 додано виконавця ЗАПЛАНОВАНІ та додано дату виконання 14 липня 2025 р. користувачем [Коваль Людмила].
[10-Jul-2025 15:43:05 Europe/Helsinki] NewDATA [INFO] Нова адреса вул. Козацька, буд. 24, кв. 30, тел. +38 (067) 469-80-45 додана до БД користувачем [Коваль Людмила].
[10-Jul-2025 15:43:37 Europe/Helsinki] NewDATA [INFO] Нова заявка Повірка, адреса: вул. Козацька 24, кв. 30, лічильники: БЕЗ НОМЕРА - 1 шт., вартість: 350 грн., примітки: 8-13,пер.за 30 хв. додано до БД користувачем [Коваль Людмила].
[2025-07-10T15:43:42.647] [INFO] DataBase - У заявці Повірка від 10 липня 2025 р. за адресою вул. Козацька, буд. 24, кв. 30 додано виконавця ЗАПЛАНОВАНІ та додано дату виконання 14 липня 2025 р. користувачем [Коваль Людмила].
[10-Jul-2025 16:15:30 Europe/Helsinki] NewDATA [INFO] Новий лічильник номер: 5917592, тип: ЛК => DN 15, рік випуску: 2015, показники: 0, балансоутримувач: КП "ВДК" додано до БД користувачем [Коваль Людмила].
[10-Jul-2025 16:15:53 Europe/Helsinki] NewDATA [INFO] Новий лічильник номер: 5845615, тип: ЛК => DN 15, рік випуску: 2015, показники: 0, балансоутримувач: АТ "ОТКЕ" додано до БД користувачем [Коваль Людмила].
[10-Jul-2025 16:15:55 Europe/Helsinki] EditDATA [INFO] За адресою вул. Мстиславська, буд. 171, кв. 10 користувачем [Коваль Людмила] було додано лічильники: 5917592, 5845615].
[10-Jul-2025 16:16:44 Europe/Helsinki] NewDATA [INFO] Новий лічильник номер: 289806, тип: КВ-1,5 => DN 15, рік випуску: 2005, показники: 0, балансоутримувач: КП "ВДК" додано до БД користувачем [Коваль Людмила].
[10-Jul-2025 16:17:04 Europe/Helsinki] NewDATA [INFO] Новий лічильник номер: 241473, тип: КВ-1,5 => DN 15, рік випуску: 2005, показники: 0, балансоутримувач: АТ "ОТКЕ" додано до БД користувачем [Коваль Людмила].
[10-Jul-2025 16:17:07 Europe/Helsinki] EditDATA [INFO] За адресою вул. Мстиславська, буд. 175, кв. 16 користувачем [Коваль Людмила] було додано лічильники: 289806, 241473].
[10-Jul-2025 16:17:42 Europe/Helsinki] NewDATA [INFO] Новий лічильник номер: 544493, тип: КВ-1,5 => DN 15, рік випуску: 2005, показники: 0, балансоутримувач: КП "ВДК" додано до БД користувачем [Коваль Людмила].
[10-Jul-2025 16:18:11 Europe/Helsinki] NewDATA [INFO] Новий лічильник номер: 559577, тип: КВ-1,5 => DN 15, рік випуску: 2005, показники: 0, балансоутримувач: АТ "ОТКЕ" додано до БД користувачем [Коваль Людмила].
[10-Jul-2025 16:18:14 Europe/Helsinki] EditDATA [INFO] За адресою вул. Льотна, буд. 25, корп. Б, кв. 41 користувачем [Коваль Людмила] було додано лічильники: 544493, 559577].
[10-Jul-2025 16:18:51 Europe/Helsinki] NewDATA [INFO] Новий лічильник номер: 312716, тип: КВ-1,5 => DN 15, рік випуску: 2012, показники: 0, балансоутримувач: КП "ВДК" додано до БД користувачем [Коваль Людмила].
[10-Jul-2025 16:18:53 Europe/Helsinki] EditDATA [INFO] За адресою вул. Рятувальників, буд. 29, кв. 4 користувачем [Коваль Людмила] було додано лічильники: 312716].
[10-Jul-2025 16:19:32 Europe/Helsinki] NewDATA [INFO] Новий лічильник номер: 5468016, тип: ЛК => DN 15, рік випуску: 2017, показники: 0, балансоутримувач: КП "ВДК" додано до БД користувачем [Коваль Людмила].
[10-Jul-2025 16:19:34 Europe/Helsinki] EditDATA [INFO] За адресою вул. Мстиславська, буд. 138, кв. 25 користувачем [Коваль Людмила] було додано лічильники: 5468016].
[10-Jul-2025 16:20:10 Europe/Helsinki] NewDATA [INFO] Новий лічильник номер: 027220, тип: КВ-1,5 => DN 15, рік випуску: 2001, показники: 0, балансоутримувач: АТ "ОТКЕ" додано до БД користувачем [Коваль Людмила].
[10-Jul-2025 16:20:12 Europe/Helsinki] EditDATA [INFO] За адресою вул. Мстиславська, буд. 177, кв. 53 користувачем [Коваль Людмила] було додано лічильники: 027220].
[10-Jul-2025 16:20:52 Europe/Helsinki] NewDATA [INFO] Новий лічильник номер: 729222, тип: КВ-1,5 => DN 15, рік випуску: 2003, показники: 0, балансоутримувач: КП "ВДК" додано до БД користувачем [Коваль Людмила].
[10-Jul-2025 16:20:55 Europe/Helsinki] EditDATA [INFO] За адресою вул. Льотна, буд. 11, корп. А, кв. 7 користувачем [Коваль Людмила] було додано лічильники: 729222].
[10-Jul-2025 16:21:40 Europe/Helsinki] NewDATA [INFO] Новий лічильник номер: 0123374, тип: Picoflux => DN 15, рік випуску: 2021, показники: 0, балансоутримувач: КП "ВДК" додано до БД користувачем [Коваль Людмила].
[10-Jul-2025 16:21:42 Europe/Helsinki] EditDATA [INFO] За адресою вул. Льотна, буд. 11, корп. А, кв. 10 користувачем [Коваль Людмила] було додано лічильники: 0123374].
[10-Jul-2025 16:22:30 Europe/Helsinki] NewDATA [INFO] Новий лічильник номер: 00752455, тип: E-T 1,6-U => DN 15, рік випуску: 2022, показники: 0, балансоутримувач: АТ "ОТКЕ" додано до БД користувачем [Коваль Людмила].
[10-Jul-2025 16:22:51 Europe/Helsinki] NewDATA [INFO] Новий лічильник номер: 037466, тип: КВ-1,5 => DN 15, рік випуску: 2017, показники: 0, балансоутримувач: КП "ВДК" додано до БД користувачем [Коваль Людмила].
[10-Jul-2025 16:22:53 Europe/Helsinki] EditDATA [INFO] За адресою вул. Мезенцева Юрія, буд. 87, кв. 30 користувачем [Коваль Людмила] було додано лічильники: 00752455, 037466].
[10-Jul-2025 16:23:33 Europe/Helsinki] NewDATA [INFO] Новий лічильник номер: 077428, тип: КВ-1,5 => DN 15, рік випуску: 2006, показники: 0, балансоутримувач: КП "ВДК" додано до БД користувачем [Коваль Людмила].
[10-Jul-2025 16:23:55 Europe/Helsinki] NewDATA [INFO] Новий лічильник номер: 392057, тип: КВ-1,5 => DN 15, рік випуску: 2006, показники: 0, балансоутримувач: АТ "ОТКЕ" додано до БД користувачем [Коваль Людмила].
[10-Jul-2025 16:23:57 Europe/Helsinki] EditDATA [INFO] За адресою вул. курсанта Єськова, буд. 14, корп. А, кв. 153 користувачем [Коваль Людмила] було додано лічильники: 077428, 392057].
[10-Jul-2025 16:24:32 Europe/Helsinki] NewDATA [INFO] Новий лічильник номер: 020448, тип: КВ-1,5 => DN 15, рік випуску: 2017, показники: 0, балансоутримувач: КП "ВДК" додано до БД користувачем [Коваль Людмила].
[10-Jul-2025 16:24:35 Europe/Helsinki] EditDATA [INFO] За адресою вул. Стрілецька, буд. 100, кв. 11 користувачем [Коваль Людмила] було додано лічильники: 020448].
