[10-Oct-2024 08:09:43 Europe/Helsinki] NewDATA [INFO] Новий лічильник номер: 241471502, тип: СВК => DN 15, рік випуску: 2024, показники: 0, балансоутримувач: КП "ТКЕ" додано до БД користувачем [Сміян Альона].
[10-Oct-2024 08:09:46 Europe/Helsinki] EditDATA [INFO] Для заявки Заміна від 09.10.2024 користувачем [Сміян Альона] лічильник БЕЗ НОМЕРА ідентифіковано як 241471502.
[10-Oct-2024 08:09:54 Europe/Helsinki] DellTASK [INFO] Заміна від 09.10.2024 для адреси вул. Дніпровська, буд. 2, кв. 18 для лічильника 241471502 було завершено користувачем [Сміян Альона] з коментарем: виконано.
[10-Oct-2024 08:10:37 Europe/Helsinki] DellTASK [INFO] Заміна від 09.10.2024 для адреси вул. Дніпровська, буд. 6, кв. 17 для лічильника 0200204766 було завершено користувачем [Сміян Альона] з коментарем: виконано.
[10-Oct-2024 08:11:07 Europe/Helsinki] NewDATA [INFO] Новий лічильник номер: 241471325, тип: СВК => DN 15, рік випуску: 2024, показники: 0, балансоутримувач: КП "ТКЕ" додано до БД користувачем [Сміян Альона].
[10-Oct-2024 08:11:10 Europe/Helsinki] EditDATA [INFO] Для заявки Заміна від 09.10.2024 користувачем [Сміян Альона] лічильник БЕЗ НОМЕРА ідентифіковано як 241471325.
[10-Oct-2024 08:11:18 Europe/Helsinki] DellTASK [INFO] Заміна від 09.10.2024 для адреси вул. Дніпровська, буд. 35, кв. 84 для лічильника 241471325 було завершено користувачем [Сміян Альона] з коментарем: виконано.
[10-Oct-2024 08:12:31 Europe/Helsinki] NewDATA [INFO] Новий лічильник номер: 241479468, тип: СВК => DN 15, рік випуску: 2024, показники: 0, балансоутримувач: КП "ВДК" додано до БД користувачем [Сміян Альона].
[10-Oct-2024 08:12:49 Europe/Helsinki] EditDATA [INFO] В заявці Заміна від 08.10.2024 за адресою вул. Мазепи Івана, буд. 45, кв. 35 було додано лічильники: 241479468 користувачем [Сміян Альона].
[10-Oct-2024 08:12:55 Europe/Helsinki] EditDATA [INFO] В заявці Заміна від 08.10.2024 за адресою вул. Мазепи Івана, буд. 45, кв. 35 було видалено лічильники: 102253245 користувачем [Сміян Альона].
[10-Oct-2024 08:13:04 Europe/Helsinki] DellTASK [INFO] Заміна від 08.10.2024 для адреси вул. Мазепи Івана, буд. 45, кв. 35 для лічильника 241479468 було завершено користувачем [Сміян Альона] з коментарем: виконано.
[10-Oct-2024 08:13:25 Europe/Helsinki] DellTASK [INFO] Заміна від 08.10.2024 для адреси вул. Незалежності, буд. 14, кв. 114 для лічильника БЕЗ НОМЕРА - 1 шт. було завершено користувачем [Сміян Альона] з коментарем: виконано.
[10-Oct-2024 08:13:56 Europe/Helsinki] NewDATA [INFO] Новий лічильник номер: 241471332, тип: СВК => DN 15, рік випуску: 2024, показники: 0, балансоутримувач: КП "ТКЕ" додано до БД користувачем [Сміян Альона].
[10-Oct-2024 08:13:59 Europe/Helsinki] EditDATA [INFO] Для заявки Повірка від 07.10.2024 користувачем [Сміян Альона] лічильник БЕЗ НОМЕРА ідентифіковано як 241471332.
[10-Oct-2024 08:14:08 Europe/Helsinki] DellTASK [INFO] Повірка від 07.10.2024 для адреси просп. Перемоги, буд. 107, кв. 99 для лічильника 241471332 було завершено користувачем [Сміян Альона] з коментарем: виконано.
[2024-10-10T08:14:24.655] [INFO] DataBase - У заявці Заміна від 7 жовтня 2024 р. за адресою вул. Красносільського, буд. 71, кв. 238 видалено дату виконання 9 жовтня 2024 р. користувачем [Сміян Альона].
[10-Oct-2024 08:15:00 Europe/Helsinki] EditDATA [INFO] Для заявки Заміна від 07.10.2024 користувачем [Сміян Альона] змінено примітки з 13-17,пер.за 30 хв на 13-17,пер.за 30 хв необходим ремонт вход. крана.
[10-Oct-2024 08:15:19 Europe/Helsinki] DellTASK [INFO] Заміна від 07.10.2024 для адреси вул. Чорновола Вячеслава, буд. 4, кв. 46 для лічильника БЕЗ НОМЕРА - 1 шт. було завершено користувачем [Сміян Альона] з коментарем: виконано.
[10-Oct-2024 08:15:47 Europe/Helsinki] NewDATA [INFO] Новий лічильник номер: 241471317, тип: СВК => DN 15, рік випуску: 2024, показники: 0, балансоутримувач: АТ "ОТКЕ" додано до БД користувачем [Сміян Альона].
[10-Oct-2024 08:16:08 Europe/Helsinki] EditDATA [INFO] Для заявки Повірка від 07.10.2024 користувачем [Сміян Альона] лічильник БЕЗ НОМЕРА ідентифіковано як 241471317.
[10-Oct-2024 08:16:16 Europe/Helsinki] DellTASK [INFO] Повірка від 07.10.2024 для адреси вул. Освіти, буд. 29, кв. 31 для лічильника 241471317 було завершено користувачем [Сміян Альона] з коментарем: виконано.
[10-Oct-2024 08:18:58 Europe/Helsinki] EditDATA [INFO] За адресою вул. 1-ої танкової бригади 21 корпус 2, кв. 77 користувачем [Сусло Тетяна] змінені номери телефонів з +38(063)718-17-54, +38(0462)67-37-89 на +38(063)718-17-54, при створенні нової заявки [Повірка] від 10.10.2024.
[10-Oct-2024 08:18:58 Europe/Helsinki] NewDATA [INFO] Нова заявка Повірка, адреса: вул. 1-ої танкової бригади 21 корпус 2, кв. 77, лічильники: БЕЗ НОМЕРА - 2 шт., вартість: 600 грн., примітки: 8-13 додано до БД користувачем [Сусло Тетяна].
[2024-10-10T08:19:03.851] [INFO] DataBase - У заявці Повірка від 10 жовтня 2024 р. за адресою вул. 1-ої танкової бригади, буд. 21, корп. 2, кв. 77 додано виконавця ЗАПЛАНОВАНІ та додано дату виконання 14 жовтня 2024 р. користувачем [Сусло Тетяна].
[10-Oct-2024 08:19:46 Europe/Helsinki] EditDATA [INFO] За адресою вул. Генерала Пухова 138, кв. 93 користувачем [Сусло Тетяна] змінені номери телефонів з +38(0462)95-54-33, +38(063)745-31-49, +38(063)184-69-17 на +38(066)345-06-67, при створенні нової заявки [Повірка] від 10.10.2024.
[10-Oct-2024 08:19:46 Europe/Helsinki] NewDATA [INFO] Нова заявка Повірка, адреса: вул. Генерала Пухова 138, кв. 93, лічильники: БЕЗ НОМЕРА - 2 шт., вартість: 600 грн., примітки: 14-17 додано до БД користувачем [Сусло Тетяна].
[2024-10-10T08:19:51.567] [INFO] DataBase - У заявці Повірка від 10 жовтня 2024 р. за адресою вул. Генерала Пухова, буд. 138, кв. 93 додано виконавця ЗАПЛАНОВАНІ та додано дату виконання 14 жовтня 2024 р. користувачем [Сусло Тетяна].
[10-Oct-2024 08:21:08 Europe/Helsinki] EditDATA [INFO] За адресою вул. Волковича 6, кв. 6 користувачем [Сусло Тетяна] додано номер телефону +38(066)345-06-67, при створенні нової заявки [Повірка] від 10.10.2024.
[10-Oct-2024 08:21:08 Europe/Helsinki] NewDATA [INFO] Нова заявка Повірка, адреса: вул. Волковича 6, кв. 6, лічильники: БЕЗ НОМЕРА - 2 шт., вартість: 600 грн., примітки: 14-17 додано до БД користувачем [Сусло Тетяна].
[2024-10-10T08:21:13.635] [INFO] DataBase - У заявці Повірка від 10 жовтня 2024 р. за адресою вул. Волковича, буд. 6, кв. 6 додано виконавця ЗАПЛАНОВАНІ та додано дату виконання 15 жовтня 2024 р. користувачем [Сусло Тетяна].
[10-Oct-2024 08:21:39 Europe/Helsinki] EditDATA [INFO] Для заявки Повірка від 10.10.2024 користувачем [Сусло Тетяна] змінено примітки з 14-17 на 8-13, за 1 год.
[10-Oct-2024 08:22:25 Europe/Helsinki] EditDATA [INFO] За адресою вул. Генерала Пухова, буд. 138, кв. 93 користувачем [Сусло Тетяна] змінені номери телефонів з +38(066)345-06-67 на +38(063)169-51-63.
[10-Oct-2024 08:26:54 Europe/Helsinki] DellTASK [INFO] Повірка від 08.10.2024 для адреси просп. Миру, буд. 47, кв. 26 для лічильника БЕЗ НОМЕРА - 1 шт. було відмінено користувачем [Сусло Тетяна] з коментарем: продубльовна.
[10-Oct-2024 08:42:09 Europe/Helsinki] NewDATA [INFO] Нова заявка Повірка, адреса: просп. Перемоги 107, кв. 37, лічильники: БЕЗ НОМЕРА - 2 шт., вартість: 600 грн., примітки: 13-17 додано до БД користувачем [Сусло Тетяна].
[2024-10-10T08:42:15.202] [INFO] DataBase - У заявці Повірка від 10 жовтня 2024 р. за адресою просп. Перемоги, буд. 107, кв. 37 додано виконавця ЗАПЛАНОВАНІ та додано дату виконання 14 жовтня 2024 р. користувачем [Сусло Тетяна].
[10-Oct-2024 09:10:03 Europe/Helsinki] NewDATA [INFO] Новий лічильник номер: 11760080, тип: ResidiaJet => DN 15, рік випуску: 2019, показники: 0, балансоутримувач: КП "ВДК" додано до БД користувачем [Коваль Людмила].
[10-Oct-2024 09:10:07 Europe/Helsinki] EditDATA [INFO] Для заявки Повірка від 07.10.2024 користувачем [Коваль Людмила] лічильник БЕЗ НОМЕРА ідентифіковано як 11760080.
[10-Oct-2024 09:10:17 Europe/Helsinki] DellTASK [INFO] Повірка від 07.10.2024 для адреси вул. Козацька, буд. 44, кв. 72 для лічильника 11760080 було завершено користувачем [Коваль Людмила] з коментарем: виконано.
[10-Oct-2024 09:11:19 Europe/Helsinki] NewDATA [INFO] Новий лічильник номер: 375316, тип: КВ-1,5 => DN 15, рік випуску: 2012, показники: 0, балансоутримувач: КП "ВДК" додано до БД користувачем [Коваль Людмила].
[10-Oct-2024 09:11:37 Europe/Helsinki] EditDATA [INFO] Для заявки Повірка від 03.10.2024 користувачем [Коваль Людмила] лічильник БЕЗ НОМЕРА ідентифіковано як 375316.
[10-Oct-2024 09:11:47 Europe/Helsinki] DellTASK [INFO] Повірка від 03.10.2024 для адреси вул. Козацька, буд. 48, кв. 26 для лічильника 375316 було завершено користувачем [Коваль Людмила] з коментарем: виконано.
[10-Oct-2024 09:12:42 Europe/Helsinki] NewDATA [INFO] Новий лічильник номер: 2008578, тип: СК => DN 15, рік випуску: 2002, показники: 0, балансоутримувач: КП "ВДК" додано до БД користувачем [Коваль Людмила].
[10-Oct-2024 09:12:45 Europe/Helsinki] EditDATA [INFO] Для заявки Повірка від 08.10.2024 користувачем [Коваль Людмила] лічильник БЕЗ НОМЕРА ідентифіковано як 2008578.
[10-Oct-2024 09:12:56 Europe/Helsinki] DellTASK [INFO] Повірка від 08.10.2024 для адреси вул. Мстиславська, буд. 132, кв. 20 для лічильників 2008578, БЕЗ НОМЕРА - 1 шт. було завершено користувачем [Коваль Людмила] з коментарем: виконано.
[10-Oct-2024 09:13:39 Europe/Helsinki] NewDATA [INFO] Новий лічильник номер: 116101, тип: КВ-1,5 => DN 15, рік випуску: 2015, показники: 0, балансоутримувач: КП "ВДК" додано до БД користувачем [Коваль Людмила].
[10-Oct-2024 09:13:42 Europe/Helsinki] EditDATA [INFO] Для заявки Повірка від 08.10.2024 користувачем [Коваль Людмила] лічильник БЕЗ НОМЕРА ідентифіковано як 116101.
[10-Oct-2024 09:14:14 Europe/Helsinki] NewDATA [INFO] Новий лічильник номер: 128389, тип: КВ-1,5 => DN 15, рік випуску: 2015, показники: 0, балансоутримувач: КП "ТКЕ" додано до БД користувачем [Коваль Людмила].
[10-Oct-2024 09:14:17 Europe/Helsinki] EditDATA [INFO] Для заявки Повірка від 08.10.2024 користувачем [Коваль Людмила] лічильник БЕЗ НОМЕРА ідентифіковано як 128389.
[10-Oct-2024 09:14:28 Europe/Helsinki] DellTASK [INFO] Повірка від 08.10.2024 для адреси просп. Перемоги, буд. 44, кв. 3 для лічильників 116101, 128389 було завершено користувачем [Коваль Людмила] з коментарем: виконано.
[10-Oct-2024 09:15:07 Europe/Helsinki] NewDATA [INFO] Новий лічильник номер: 058043, тип: КВ-1,5 => DN 15, рік випуску: 2007, показники: 0, балансоутримувач: КП "ВДК" додано до БД користувачем [Коваль Людмила].
[10-Oct-2024 09:15:11 Europe/Helsinki] EditDATA [INFO] Для заявки Повірка від 04.10.2024 користувачем [Коваль Людмила] лічильник БЕЗ НОМЕРА ідентифіковано як 058043.
[10-Oct-2024 09:15:42 Europe/Helsinki] NewDATA [INFO] Новий лічильник номер: 011759, тип: КВ-1,5 => DN 15, рік випуску: 2002, показники: 0, балансоутримувач: КП "ВДК" додано до БД користувачем [Коваль Людмила].
[10-Oct-2024 09:16:21 Europe/Helsinki] EditDATA [INFO] Для заявки Повірка від 04.10.2024 користувачем [Коваль Людмила] лічильник БЕЗ НОМЕРА ідентифіковано як 011759.
[10-Oct-2024 09:16:32 Europe/Helsinki] DellTASK [INFO] Повірка від 04.10.2024 для адреси вул. Героїв Чорнобиля, буд. 5, кв. 53 для лічильників 058043, 011759, БЕЗ НОМЕРА - 2 шт. було завершено користувачем [Коваль Людмила] з коментарем: виконано.
[10-Oct-2024 09:17:08 Europe/Helsinki] NewDATA [INFO] Новий лічильник номер: 519138, тип: КВ-1,5 => DN 15, рік випуску: 2003, показники: 0, балансоутримувач: КП "ВДК" додано до БД користувачем [Коваль Людмила].
[10-Oct-2024 09:17:12 Europe/Helsinki] EditDATA [INFO] Для заявки Повірка від 07.10.2024 користувачем [Коваль Людмила] лічильник БЕЗ НОМЕРА ідентифіковано як 519138.
[10-Oct-2024 09:18:39 Europe/Helsinki] DellTASK [INFO] Повірка від 09.10.2024 для адреси вул. Корольова, буд. 13, кв. 25 для лічильника БЕЗ НОМЕРА - 2 шт. було відмінено користувачем [Сміян Альона] з коментарем: виконано.
[10-Oct-2024 09:22:46 Europe/Helsinki] DellTASK [INFO] Повірка від 07.10.2024 для адреси вул. Мстиславська, буд. 134, кв. 69 для лічильників 519138, БЕЗ НОМЕРА - 1 шт. було завершено користувачем [Коваль Людмила] з коментарем: виконано.
[10-Oct-2024 09:24:14 Europe/Helsinki] DellTASK [INFO] Повірка від 08.10.2024 для адреси вул. Мстиславська, буд. 34, кв. 59 для лічильника БЕЗ НОМЕРА - 4 шт. було завершено користувачем [Сусло Тетяна] з коментарем: виконано.
[10-Oct-2024 09:24:37 Europe/Helsinki] DellTASK [INFO] Повірка від 08.10.2024 для адреси вул. Мстиславська, буд. 34, кв. 57 для лічильника БЕЗ НОМЕРА - 2 шт. було завершено користувачем [Сусло Тетяна] з коментарем: виконано.
[10-Oct-2024 09:25:01 Europe/Helsinki] DellTASK [INFO] Повірка від 07.10.2024 для адреси просп. Перемоги, буд. 114, кв. 38 для лічильника БЕЗ НОМЕРА - 2 шт. було завершено користувачем [Сусло Тетяна] з коментарем: виконано 4 ліч.
[10-Oct-2024 09:25:17 Europe/Helsinki] DellTASK [INFO] Повірка від 04.10.2024 для адреси просп. Перемоги, буд. 104, кв. 64 для лічильника БЕЗ НОМЕРА - 4 шт. було завершено користувачем [Сусло Тетяна] з коментарем: виконано.
[10-Oct-2024 09:25:38 Europe/Helsinki] DellTASK [INFO] Повірка від 01.10.2024 для адреси вул. Пятницька, буд. 49, кв. 243 для лічильника БЕЗ НОМЕРА - 2 шт. було завершено користувачем [Сусло Тетяна] з коментарем: виконано.
[10-Oct-2024 09:25:56 Europe/Helsinki] DellTASK [INFO] Повірка від 07.10.2024 для адреси вул. Партизанська, буд. 53, кв. 51 для лічильника БЕЗ НОМЕРА - 2 шт. було завершено користувачем [Коваль Людмила] з коментарем: не та адреса.
[10-Oct-2024 09:26:20 Europe/Helsinki] DellTASK [INFO] Повірка від 08.10.2024 для адреси вул. 1-ої танкової бригади, буд. 23, корп. 3, кв. 74 для лічильника БЕЗ НОМЕРА - 2 шт. було завершено користувачем [Сусло Тетяна] з коментарем: виконано.
[10-Oct-2024 09:26:40 Europe/Helsinki] DellTASK [INFO] Повірка від 02.10.2024 для адреси вул. Героїв Чорнобиля, буд. 5, кв. 11 для лічильника БЕЗ НОМЕРА - 2 шт. було завершено користувачем [Коваль Людмила] з коментарем: перенесла заявку.нема води.
[10-Oct-2024 09:26:43 Europe/Helsinki] DellTASK [INFO] Повірка від 02.10.2024 для адреси просп. Грушевського Михайла, буд. 195, корп. Б, кв. 129 для лічильника БЕЗ НОМЕРА - 1 шт. було завершено користувачем [Сусло Тетяна] з коментарем: виконано.
[10-Oct-2024 09:27:09 Europe/Helsinki] DellTASK [INFO] Повірка від 20.09.2024 для адреси просп. Левка Лукяненка, буд. 14, корп. В, кв. 29 для лічильника БЕЗ НОМЕРА - 2 шт. було завершено користувачем [Сусло Тетяна] з коментарем: виконано.
[10-Oct-2024 09:27:28 Europe/Helsinki] DellTASK [INFO] Повірка від 30.09.2024 для адреси просп. Миру, буд. 251, кв. 111 для лічильника БЕЗ НОМЕРА - 2 шт. було завершено користувачем [Сусло Тетяна] з коментарем: виконано.
[10-Oct-2024 09:27:43 Europe/Helsinki] NewDATA [INFO] Новий лічильник номер: 083549, тип: КВ-1,5 => DN 15, рік випуску: 2010, показники: 0, балансоутримувач: КП "ВДК" додано до БД користувачем [Коваль Людмила].
[10-Oct-2024 09:27:44 Europe/Helsinki] DellTASK [INFO] Повірка від 02.10.2024 для адреси просп. Миру, буд. 263, кв. 48 для лічильника БЕЗ НОМЕРА - 2 шт. було завершено користувачем [Сусло Тетяна] з коментарем: виконано.
[10-Oct-2024 09:27:46 Europe/Helsinki] EditDATA [INFO] Для заявки Повірка від 02.10.2024 користувачем [Коваль Людмила] лічильник БЕЗ НОМЕРА ідентифіковано як 083549.
[10-Oct-2024 09:27:56 Europe/Helsinki] DellTASK [INFO] Повірка від 02.10.2024 для адреси вул. Героїв Чорнобиля, буд. 4, корп. А, кв. 109 для лічильника 083549 було завершено користувачем [Коваль Людмила] з коментарем: виконано.
[10-Oct-2024 09:27:59 Europe/Helsinki] DellTASK [INFO] Повірка від 07.10.2024 для адреси просп. Миру, буд. 263, кв. 13 для лічильника БЕЗ НОМЕРА - 2 шт. було завершено користувачем [Сусло Тетяна] з коментарем: виконано.
[10-Oct-2024 09:28:16 Europe/Helsinki] DellTASK [INFO] Повірка від 30.09.2024 для адреси просп. Миру, буд. 269, кв. 61 для лічильника БЕЗ НОМЕРА - 1 шт. було завершено користувачем [Сусло Тетяна] з коментарем: виконано.
[10-Oct-2024 09:28:32 Europe/Helsinki] DellTASK [INFO] Повірка від 09.10.2024 для адреси просп. Миру, буд. 263, кв. 31 для лічильника БЕЗ НОМЕРА - 2 шт. було завершено користувачем [Сусло Тетяна] з коментарем: виконано.
[10-Oct-2024 09:28:51 Europe/Helsinki] NewDATA [INFO] Новий лічильник номер: 5198826, тип: ЛК => DN 15, рік випуску: 2015, показники: 0, балансоутримувач: КП "ВДК" додано до БД користувачем [Коваль Людмила].
[10-Oct-2024 09:28:54 Europe/Helsinki] EditDATA [INFO] Для заявки Повірка від 08.10.2024 користувачем [Коваль Людмила] лічильник БЕЗ НОМЕРА ідентифіковано як 5198826.
[10-Oct-2024 09:29:04 Europe/Helsinki] DellTASK [INFO] Повірка від 08.10.2024 для адреси вул. Рятувальників, буд. 3, кв. 25 для лічильника 5198826 було завершено користувачем [Коваль Людмила] з коментарем: виконано.
[10-Oct-2024 09:29:17 Europe/Helsinki] EditDATA [INFO] За адресою просп. Миру, буд. 263, кв. 31 користувачем [Сусло Тетяна] змінені номери телефонів з +38(063)757-09-56, +38(050)465-07-01 на +38(093)541-46-44.
[10-Oct-2024 09:29:52 Europe/Helsinki] NewDATA [INFO] Новий лічильник номер: 6282941, тип: ЛК => DN 15, рік випуску: 2006, показники: 0, балансоутримувач: КП "ВДК" додано до БД користувачем [Сусло Тетяна].
[10-Oct-2024 09:30:22 Europe/Helsinki] NewDATA [INFO] Новий лічильник номер: 596828, тип: КВ-1,5 => DN 15, рік випуску: 2006, показники: 0, балансоутримувач: АТ "ОТКЕ" додано до БД користувачем [Сусло Тетяна].
[10-Oct-2024 09:30:24 Europe/Helsinki] EditDATA [INFO] За адресою просп. Миру, буд. 263, кв. 31 користувачем [Сусло Тетяна] було додано лічильники: 6282941, 596828].
[10-Oct-2024 09:31:11 Europe/Helsinki] NewDATA [INFO] Новий лічильник номер: 015274, тип: СВК => DN 15, рік випуску: 2002, показники: 0, балансоутримувач: КП "ВДК" додано до БД користувачем [Сусло Тетяна].
[10-Oct-2024 09:31:13 Europe/Helsinki] EditDATA [INFO] За адресою просп. Миру, буд. 269, кв. 61 користувачем [Сусло Тетяна] було додано лічильники: 015274].
[10-Oct-2024 09:32:03 Europe/Helsinki] NewDATA [INFO] Новий лічильник номер: 551680, тип: КВ-1,5 => DN 15, рік випуску: 2006, показники: 0, балансоутримувач: КП "ВДК" додано до БД користувачем [Сусло Тетяна].
[10-Oct-2024 09:32:31 Europe/Helsinki] NewDATA [INFO] Новий лічильник номер: 597760, тип: КВ-1,5 => DN 15, рік випуску: 2006, показники: 0, балансоутримувач: АТ "ОТКЕ" додано до БД користувачем [Сусло Тетяна].
[10-Oct-2024 09:32:33 Europe/Helsinki] EditDATA [INFO] За адресою просп. Миру, буд. 263, кв. 13 користувачем [Сусло Тетяна] було додано лічильники: 551680, 597760].
[10-Oct-2024 09:39:18 Europe/Helsinki] NewDATA [INFO] Нова адреса вул. Коцюбинського, буд. 81, кв. 32, тел. +38 (093) 824-37-89 додана до БД користувачем [Сусло Тетяна].
[10-Oct-2024 09:39:57 Europe/Helsinki] NewDATA [INFO] Нова заявка Заміна, адреса: вул. Коцюбинського 81, кв. 32, лічильники: БЕЗ НОМЕРА - 1 шт., виконавець: Баранов, вартість: 1060 грн., примітки: 8-13, 1гв, туалет додано до БД користувачем [Сусло Тетяна].
[2024-10-10T09:40:00.435] [INFO] DataBase - У заявці Заміна від 10 жовтня 2024 р. за адресою вул. Коцюбинського, буд. 81, кв. 32 додано дату виконання 24 жовтня 2024 р. користувачем [Сусло Тетяна].
[10-Oct-2024 09:40:47 Europe/Helsinki] NewDATA [INFO] Новий лічильник номер: 6439727, тип: ЛК => DN 15, рік випуску: 2006, показники: 0, балансоутримувач: КП "ВДК" додано до БД користувачем [Сусло Тетяна].
[10-Oct-2024 09:41:18 Europe/Helsinki] NewDATA [INFO] Новий лічильник номер: 6393819, тип: ЛК => DN 15, рік випуску: 2006, показники: 0, балансоутримувач: АТ "ОТКЕ" додано до БД користувачем [Сусло Тетяна].
[10-Oct-2024 09:41:23 Europe/Helsinki] EditDATA [INFO] За адресою просп. Миру, буд. 263, кв. 48 користувачем [Сусло Тетяна] було додано лічильники: 6439727, 6393819].
[10-Oct-2024 09:42:04 Europe/Helsinki] NewDATA [INFO] Новий лічильник номер: 581412, тип: КВ-1,5 => DN 15, рік випуску: 2009, показники: 0, балансоутримувач: КП "ВДК" додано до БД користувачем [Сусло Тетяна].
[10-Oct-2024 09:42:29 Europe/Helsinki] NewDATA [INFO] Новий лічильник номер: 037337, тип: КВ-1,5 => DN 15, рік випуску: 2017, показники: 0, балансоутримувач: АТ "ОТКЕ" додано до БД користувачем [Сусло Тетяна].
[10-Oct-2024 09:42:32 Europe/Helsinki] EditDATA [INFO] За адресою просп. Миру, буд. 251, кв. 111 користувачем [Сусло Тетяна] було додано лічильники: 581412, 037337].
[10-Oct-2024 09:43:22 Europe/Helsinki] NewDATA [INFO] Новий лічильник номер: 358460, тип: КВ-1,5 => DN 15, рік випуску: 2001, показники: 0, балансоутримувач: КП "ВДК" додано до БД користувачем [Сусло Тетяна].
[10-Oct-2024 09:43:54 Europe/Helsinki] NewDATA [INFO] Новий лічильник номер: 191264210, тип: СВК => DN 15, рік випуску: 2019, показники: 0, балансоутримувач: АТ "ОТКЕ" додано до БД користувачем [Сусло Тетяна].
[10-Oct-2024 09:43:57 Europe/Helsinki] EditDATA [INFO] За адресою просп. Левка Лукяненка, буд. 14, корп. В, кв. 29 користувачем [Сусло Тетяна] було додано лічильники: 358460, 191264210].
[10-Oct-2024 09:44:41 Europe/Helsinki] NewDATA [INFO] Новий лічильник номер: 232884, тип: КВ-1,5 => DN 15, рік випуску: 2015, показники: 0, балансоутримувач: КП "ВДК" додано до БД користувачем [Сусло Тетяна].
[10-Oct-2024 09:44:44 Europe/Helsinki] EditDATA [INFO] За адресою просп. Грушевського Михайла, буд. 195, корп. Б, кв. 129 користувачем [Сусло Тетяна] було додано лічильники: 232884].
[10-Oct-2024 09:45:36 Europe/Helsinki] NewDATA [INFO] Новий лічильник номер: 007039, тип: КВ-1,5 => DN 15, рік випуску: 2007, показники: 0, балансоутримувач: КП "ВДК" додано до БД користувачем [Сусло Тетяна].
[10-Oct-2024 09:46:02 Europe/Helsinki] NewDATA [INFO] Новий лічильник номер: 558076, тип: КВ-1,5 => DN 15, рік випуску: 2004, показники: 0, балансоутримувач: АТ "ОТКЕ" додано до БД користувачем [Сусло Тетяна].
[10-Oct-2024 09:46:04 Europe/Helsinki] EditDATA [INFO] За адресою вул. 1-ої танкової бригади, буд. 23, корп. 3, кв. 74 користувачем [Сусло Тетяна] було додано лічильники: 007039, 558076].
[10-Oct-2024 09:47:40 Europe/Helsinki] NewDATA [INFO] Новий лічильник номер: 575951, тип: КВ-1,5 => DN 15, рік випуску: 2008, показники: 0, балансоутримувач: КП "ВДК" додано до БД користувачем [Сусло Тетяна].
[10-Oct-2024 09:54:01 Europe/Helsinki] NewDATA [INFO] Нова заявка Повірка, адреса: вул. Мазепи Івана 72 корпус А, кв. 55, лічильники: БЕЗ НОМЕРА - 2 шт., вартість: 600 грн., примітки: пер.за 10 хв. додано до БД користувачем [Коваль Людмила].
[10-Oct-2024 09:54:15 Europe/Helsinki] NewDATA [INFO] Нова заявка Повірка, адреса: вул. Любецька 9 корпус А, кв. 21, лічильники: БЕЗ НОМЕРА - 1 шт., вартість: 300 грн., примітки: 8-13 додано до БД користувачем [Сусло Тетяна].
[2024-10-10T09:54:17.625] [INFO] DataBase - У заявці Повірка від 10 жовтня 2024 р. за адресою вул. Мазепи Івана, буд. 72, корп. А, кв. 55 додано виконавця ЗАПЛАНОВАНІ та додано дату виконання 10 жовтня 2024 р. користувачем [Коваль Людмила].
[10-Oct-2024 09:54:24 Europe/Helsinki] EditDATA [INFO] Для заявки Повірка від 10.10.2024 користувачем [Коваль Людмила] змінено виконавця з ЗАПЛАНОВАНІ на Осипенко.
[2024-10-10T09:54:26.125] [INFO] DataBase - У заявці Повірка від 10 жовтня 2024 р. за адресою вул. Любецька, буд. 9, корп. А, кв. 21 додано виконавця ЗАПЛАНОВАНІ та додано дату виконання 14 жовтня 2024 р. користувачем [Сусло Тетяна].
[10-Oct-2024 09:55:17 Europe/Helsinki] NewDATA [INFO] Новий лічильник номер: 466175, тип: КВ-1,5 => DN 15, рік випуску: 2005, показники: 0, балансоутримувач: АТ "ОТКЕ" додано до БД користувачем [Сусло Тетяна].
[10-Oct-2024 09:55:19 Europe/Helsinki] EditDATA [INFO] За адресою просп. Перемоги, буд. 114, кв. 38 користувачем [Сусло Тетяна] було додано лічильники: 575951, 466175].
[10-Oct-2024 09:55:44 Europe/Helsinki] NewDATA [INFO] Новий лічильник номер: 616677, тип: КВ-1,5 => DN 15, рік випуску: 2008, показники: 0, балансоутримувач: КП "ВДК" додано до БД користувачем [Сусло Тетяна].
[10-Oct-2024 09:56:17 Europe/Helsinki] NewDATA [INFO] Новий лічильник номер: 270857, тип: КВ-1,5 => DN 15, рік випуску: 2012, показники: 0, балансоутримувач: КП "ВДК" додано до БД користувачем [Коваль Людмила].
[10-Oct-2024 09:56:22 Europe/Helsinki] NewDATA [INFO] Новий лічильник номер: 483272, тип: КВ-1,5 => DN 15, рік випуску: 2008, показники: 0, балансоутримувач: АТ "ОТКЕ" додано до БД користувачем [Сусло Тетяна].
[10-Oct-2024 09:56:24 Europe/Helsinki] EditDATA [INFO] За адресою просп. Перемоги, буд. 114, кв. 38 користувачем [Сусло Тетяна] було додано лічильники: 616677, 483272].
[10-Oct-2024 09:56:24 Europe/Helsinki] EditDATA [INFO] Для заявки Повірка від 07.10.2024 користувачем [Коваль Людмила] лічильник БЕЗ НОМЕРА ідентифіковано як 270857.
[10-Oct-2024 09:56:51 Europe/Helsinki] NewDATA [INFO] Новий лічильник номер: 236596, тип: КВ-1,5 => DN 15, рік випуску: 2012, показники: 0, балансоутримувач: АТ "ОТКЕ" додано до БД користувачем [Коваль Людмила].
[10-Oct-2024 09:56:55 Europe/Helsinki] EditDATA [INFO] Для заявки Повірка від 07.10.2024 користувачем [Коваль Людмила] лічильник БЕЗ НОМЕРА ідентифіковано як 236596.
[10-Oct-2024 09:57:05 Europe/Helsinki] DellTASK [INFO] Повірка від 07.10.2024 для адреси просп. Миру, буд. 210, кв. 113 для лічильників 270857, 236596 було завершено користувачем [Коваль Людмила] з коментарем: виконано.
[10-Oct-2024 09:57:31 Europe/Helsinki] NewDATA [INFO] Новий лічильник номер: 08122081, тип: E-T 1,5-U => DN 15, рік випуску: 2008, показники: 0, балансоутримувач: КП "ВДК" додано до БД користувачем [Сусло Тетяна].
[10-Oct-2024 09:58:02 Europe/Helsinki] NewDATA [INFO] Новий лічильник номер: 2007918, тип: СК => DN 15, рік випуску: 2002, показники: 0, балансоутримувач: КП "ВДК" додано до БД користувачем [Коваль Людмила].
[10-Oct-2024 09:58:05 Europe/Helsinki] EditDATA [INFO] Для заявки Повірка від 07.10.2024 користувачем [Коваль Людмила] лічильник БЕЗ НОМЕРА ідентифіковано як 2007918.
[10-Oct-2024 09:58:08 Europe/Helsinki] NewDATA [INFO] Новий лічильник номер: 08132463, тип: E-T 1,5-U => DN 15, рік випуску: 2008, показники: 0, балансоутримувач: КП "ТКЕ" додано до БД користувачем [Сусло Тетяна].
[10-Oct-2024 09:58:16 Europe/Helsinki] DellTASK [INFO] Повірка від 07.10.2024 для адреси просп. Миру, буд. 215, кв. 5 для лічильника 2007918 було завершено користувачем [Коваль Людмила] з коментарем: виконано.
[10-Oct-2024 09:58:48 Europe/Helsinki] NewDATA [INFO] Новий лічильник номер: 385798, тип: КВ-1,5 => DN 15, рік випуску: 2005, показники: 0, балансоутримувач: КП "ВДК" додано до БД користувачем [Коваль Людмила].
[10-Oct-2024 09:58:51 Europe/Helsinki] EditDATA [INFO] Для заявки Повірка від 07.10.2024 користувачем [Коваль Людмила] лічильник БЕЗ НОМЕРА ідентифіковано як 385798.
[10-Oct-2024 09:59:20 Europe/Helsinki] NewDATA [INFO] Новий лічильник номер: 376553, тип: КВ-1,5 => DN 15, рік випуску: 2005, показники: 0, балансоутримувач: АТ "ОТКЕ" додано до БД користувачем [Коваль Людмила].
[10-Oct-2024 09:59:23 Europe/Helsinki] EditDATA [INFO] Для заявки Повірка від 07.10.2024 користувачем [Коваль Людмила] лічильник БЕЗ НОМЕРА ідентифіковано як 376553.
[10-Oct-2024 09:59:34 Europe/Helsinki] DellTASK [INFO] Повірка від 07.10.2024 для адреси просп. Миру, буд. 180, корп. А, кв. 18 для лічильників 385798, 376553 було завершено користувачем [Коваль Людмила] з коментарем: виконано.
[10-Oct-2024 10:00:13 Europe/Helsinki] NewDATA [INFO] Новий лічильник номер: 0200201725, тип: ЛК => DN 15, рік випуску: 2020, показники: 0, балансоутримувач: КП "ВДК" додано до БД користувачем [Коваль Людмила].
[10-Oct-2024 10:00:17 Europe/Helsinki] EditDATA [INFO] Для заявки Повірка від 07.10.2024 користувачем [Коваль Людмила] лічильник БЕЗ НОМЕРА ідентифіковано як 0200201725.
[10-Oct-2024 10:00:51 Europe/Helsinki] NewDATA [INFO] Новий лічильник номер: 0200211762, тип: ЛК => DN 15, рік випуску: 2020, показники: 0, балансоутримувач: АТ "ОТКЕ" додано до БД користувачем [Коваль Людмила].
[10-Oct-2024 10:00:54 Europe/Helsinki] EditDATA [INFO] Для заявки Повірка від 07.10.2024 користувачем [Коваль Людмила] лічильник БЕЗ НОМЕРА ідентифіковано як 0200211762.
[10-Oct-2024 10:00:57 Europe/Helsinki] NewDATA [INFO] Нова заявка Повірка, адреса: вул. Незалежності 74, кв. 30, лічильники: БЕЗ НОМЕРА - 2 шт., вартість: 600 грн., примітки: 12-17, за 1 год додано до БД користувачем [Сусло Тетяна].
[2024-10-10T10:01:01.576] [INFO] DataBase - У заявці Повірка від 10 жовтня 2024 р. за адресою вул. Незалежності, буд. 74, кв. 30 додано виконавця ЗАПЛАНОВАНІ та додано дату виконання 16 жовтня 2024 р. користувачем [Сусло Тетяна].
[10-Oct-2024 10:01:30 Europe/Helsinki] NewDATA [INFO] Новий лічильник номер: 0200171936, тип: ЛК => DN 15, рік випуску: 2020, показники: 0, балансоутримувач: КП "ВДК" додано до БД користувачем [Коваль Людмила].
[10-Oct-2024 10:01:34 Europe/Helsinki] EditDATA [INFO] Для заявки Повірка від 07.10.2024 користувачем [Коваль Людмила] лічильник БЕЗ НОМЕРА ідентифіковано як 0200171936.
[10-Oct-2024 10:01:41 Europe/Helsinki] NewDATA [INFO] Новий лічильник номер: 08132127, тип: E-T 1,5-U => DN 15, рік випуску: 2008, показники: 0, балансоутримувач: КП "ВДК" додано до БД користувачем [Сусло Тетяна].
[10-Oct-2024 10:02:06 Europe/Helsinki] NewDATA [INFO] Новий лічильник номер: 0200134613, тип: ЛК => DN 15, рік випуску: 2020, показники: 0, балансоутримувач: АТ "ОТКЕ" додано до БД користувачем [Коваль Людмила].
[10-Oct-2024 10:02:08 Europe/Helsinki] NewDATA [INFO] Новий лічильник номер: 022966, тип: КВ-1,5 => DN 15, рік випуску: 2020, показники: 0, балансоутримувач: КП "ТКЕ" додано до БД користувачем [Сусло Тетяна].
[10-Oct-2024 10:02:09 Europe/Helsinki] EditDATA [INFO] Для заявки Повірка від 07.10.2024 користувачем [Коваль Людмила] лічильник БЕЗ НОМЕРА ідентифіковано як 0200134613.
[10-Oct-2024 10:02:10 Europe/Helsinki] EditDATA [INFO] За адресою просп. Перемоги, буд. 104, кв. 64 користувачем [Сусло Тетяна] було додано лічильники: 08122081, 08132463, 08132127, 022966].
[10-Oct-2024 10:02:19 Europe/Helsinki] DellTASK [INFO] Повірка від 07.10.2024 для адреси просп. Миру, буд. 211, корп. А, кв. 17 для лічильників 0200201725, 0200211762, 0200171936, 0200134613 було завершено користувачем [Коваль Людмила] з коментарем: виконано.
[10-Oct-2024 10:03:02 Europe/Helsinki] NewDATA [INFO] Новий лічильник номер: 238716, тип: КВ-1,5 => DN 15, рік випуску: 2015, показники: 0, балансоутримувач: КП "ВДК" додано до БД користувачем [Сусло Тетяна].
[10-Oct-2024 10:03:28 Europe/Helsinki] NewDATA [INFO] Новий лічильник номер: 266985, тип: КВ-1,5 => DN 15, рік випуску: 2015, показники: 0, балансоутримувач: КП "ТКЕ" додано до БД користувачем [Сусло Тетяна].
[10-Oct-2024 10:03:29 Europe/Helsinki] EditDATA [INFO] За адресою вул. Мстиславська, буд. 34, кв. 57 користувачем [Сусло Тетяна] було додано лічильники: 238716, 266985].
[10-Oct-2024 10:04:20 Europe/Helsinki] NewDATA [INFO] Новий лічильник номер: 5569145, тип: ЛК => DN 15, рік випуску: 2015, показники: 0, балансоутримувач: КП "ВДК" додано до БД користувачем [Сусло Тетяна].
[10-Oct-2024 10:04:53 Europe/Helsinki] NewDATA [INFO] Новий лічильник номер: 5633614, тип: ЛК => DN 15, рік випуску: 2015, показники: 0, балансоутримувач: КП "ТКЕ" додано до БД користувачем [Сусло Тетяна].
[10-Oct-2024 10:05:15 Europe/Helsinki] NewDATA [INFO] Новий лічильник номер: 9077439, тип: ЛК => DN 15, рік випуску: 2009, показники: 0, балансоутримувач: КП "ВДК" додано до БД користувачем [Коваль Людмила].
[10-Oct-2024 10:05:17 Europe/Helsinki] EditDATA [INFO] Для заявки Повірка від 03.10.2024 користувачем [Коваль Людмила] лічильник БЕЗ НОМЕРА ідентифіковано як 9077439.
[10-Oct-2024 10:05:24 Europe/Helsinki] NewDATA [INFO] Новий лічильник номер: 5599203, тип: ЛК => DN 15, рік випуску: 2015, показники: 0, балансоутримувач: КП "ВДК" додано до БД користувачем [Сусло Тетяна].
[10-Oct-2024 10:05:51 Europe/Helsinki] NewDATA [INFO] Новий лічильник номер: 5567258, тип: ЛК => DN 15, рік випуску: 2015, показники: 0, балансоутримувач: КП "ТКЕ" додано до БД користувачем [Сусло Тетяна].
[10-Oct-2024 10:05:53 Europe/Helsinki] EditDATA [INFO] За адресою вул. Мстиславська, буд. 34, кв. 59 користувачем [Сусло Тетяна] було додано лічильники: 5569145, 5633614, 5599203, 5567258].
[10-Oct-2024 10:07:11 Europe/Helsinki] NewDATA [INFO] Новий лічильник номер: 11593046, тип: ResidiaJet => DN 15, рік випуску: 2018, показники: 0, балансоутримувач: КП "ТКЕ" додано до БД користувачем [Сусло Тетяна].
[10-Oct-2024 10:08:05 Europe/Helsinki] NewDATA [INFO] Новий лічильник номер: 11593826, тип: ResidiaJet => DN 15, рік випуску: 2018, показники: 0, балансоутримувач: КП "ВДК" додано до БД користувачем [Сусло Тетяна].
[10-Oct-2024 10:08:07 Europe/Helsinki] EditDATA [INFO] За адресою вул. Пятницька, буд. 49, кв. 243 користувачем [Сусло Тетяна] було додано лічильники: 11593046, 11593826].
[10-Oct-2024 10:09:46 Europe/Helsinki] NewDATA [INFO] Новий лічильник номер: 9078164, тип: ЛК => DN 15, рік випуску: 2009, показники: 0, балансоутримувач: КП "ВДК" додано до БД користувачем [Коваль Людмила].
[10-Oct-2024 10:09:49 Europe/Helsinki] EditDATA [INFO] Для заявки Повірка від 03.10.2024 користувачем [Коваль Людмила] лічильник БЕЗ НОМЕРА ідентифіковано як 9078164.
[10-Oct-2024 10:09:59 Europe/Helsinki] DellTASK [INFO] Повірка від 03.10.2024 для адреси вул. Волковича, буд. 2, корп. Б, кв. 125 для лічильників 9077439, 9078164 було завершено користувачем [Коваль Людмила] з коментарем: виконано.
[10-Oct-2024 10:10:40 Europe/Helsinki] NewDATA [INFO] Новий лічильник номер: 5429952, тип: ЛК => DN 15, рік випуску: 2016, показники: 0, балансоутримувач: КП "ВДК" додано до БД користувачем [Коваль Людмила].
[10-Oct-2024 10:11:28 Europe/Helsinki] EditDATA [INFO] За адресою вул. Доценка 17 корпус Г, кв. 41 користувачем [Сміян Альона] змінені номери телефонів з +38(099)135-77-39, +38(0462)23-34-50 на +38(099)135-77-39, при створенні нової заявки [Повірка] від 10.10.2024.
[10-Oct-2024 10:11:28 Europe/Helsinki] NewDATA [INFO] Нова заявка Повірка, адреса: вул. Доценка 17 корпус Г, кв. 41, лічильники: БЕЗ НОМЕРА - 1 шт., вартість: 300 грн., примітки: 9-13 додано до БД користувачем [Сміян Альона].
[10-Oct-2024 10:11:29 Europe/Helsinki] EditDATA [INFO] Для заявки Повірка від 03.10.2024 користувачем [Коваль Людмила] лічильник БЕЗ НОМЕРА ідентифіковано як 5429952.
[2024-10-10T10:11:34.761] [INFO] DataBase - У заявці Повірка від 10 жовтня 2024 р. за адресою вул. Доценка, буд. 17, корп. Г, кв. 41 додано виконавця ЗАПЛАНОВАНІ та додано дату виконання 11 жовтня 2024 р. користувачем [Сміян Альона].
[10-Oct-2024 10:12:02 Europe/Helsinki] NewDATA [INFO] Новий лічильник номер: 6731281, тип: ЛК => DN 15, рік випуску: 2016, показники: 0, балансоутримувач: АТ "ОТКЕ" додано до БД користувачем [Коваль Людмила].
[10-Oct-2024 10:12:05 Europe/Helsinki] EditDATA [INFO] Для заявки Повірка від 03.10.2024 користувачем [Коваль Людмила] лічильник БЕЗ НОМЕРА ідентифіковано як 6731281.
[10-Oct-2024 10:12:14 Europe/Helsinki] DellTASK [INFO] Повірка від 03.10.2024 для адреси вул. курсанта Єськова, буд. 8, кв. 48 для лічильників 5429952, 6731281 було завершено користувачем [Коваль Людмила] з коментарем: виконано.
[10-Oct-2024 10:12:50 Europe/Helsinki] NewDATA [INFO] Новий лічильник номер: 5220128, тип: ЛК => DN 15, рік випуску: 2005, показники: 0, балансоутримувач: КП "ВДК" додано до БД користувачем [Коваль Людмила].
[10-Oct-2024 10:12:53 Europe/Helsinki] EditDATA [INFO] Для заявки Повірка від 04.10.2024 користувачем [Коваль Людмила] лічильник БЕЗ НОМЕРА ідентифіковано як 5220128.
[10-Oct-2024 10:13:03 Europe/Helsinki] NewDATA [INFO] Нова адреса вул. 1-ої танкової бригади, буд. 30, корп. 1, кв. 54, тел. +38 (063) 560-39-93 додана до БД користувачем [Сусло Тетяна].
[10-Oct-2024 10:13:25 Europe/Helsinki] NewDATA [INFO] Новий лічильник номер: 5231603, тип: ЛК => DN 15, рік випуску: 2005, показники: 0, балансоутримувач: АТ "ОТКЕ" додано до БД користувачем [Коваль Людмила].
[10-Oct-2024 10:13:46 Europe/Helsinki] EditDATA [INFO] Для заявки Повірка від 04.10.2024 користувачем [Коваль Людмила] лічильник БЕЗ НОМЕРА ідентифіковано як 5231603.
[10-Oct-2024 10:13:57 Europe/Helsinki] DellTASK [INFO] Повірка від 04.10.2024 для адреси вул. курсанта Єськова, буд. 14, корп. 3, кв. 43 для лічильників 5220128, 5231603 було завершено користувачем [Коваль Людмила] з коментарем: виконано.
[10-Oct-2024 10:14:28 Europe/Helsinki] NewDATA [INFO] Нова заявка Повірка, адреса: вул. 1-ої танкової бригади 30 корпус 1, кв. 54, лічильники: БЕЗ НОМЕРА - 2 шт., вартість: 600 грн., примітки: 8-13 додано до БД користувачем [Сусло Тетяна].
[2024-10-10T10:14:32.502] [INFO] DataBase - У заявці Повірка від 10 жовтня 2024 р. за адресою вул. 1-ої танкової бригади, буд. 30, корп. 1, кв. 54 додано виконавця ЗАПЛАНОВАНІ та додано дату виконання 14 жовтня 2024 р. користувачем [Сусло Тетяна].
[10-Oct-2024 10:14:32 Europe/Helsinki] NewDATA [INFO] Новий лічильник номер: 6284561, тип: ЛК => DN 15, рік випуску: 2006, показники: 0, балансоутримувач: КП "ВДК" додано до БД користувачем [Коваль Людмила].
[10-Oct-2024 10:14:36 Europe/Helsinki] EditDATA [INFO] Для заявки Повірка від 04.10.2024 користувачем [Коваль Людмила] лічильник БЕЗ НОМЕРА ідентифіковано як 6284561.
[10-Oct-2024 10:15:06 Europe/Helsinki] NewDATA [INFO] Новий лічильник номер: 6265125, тип: ЛК => DN 15, рік випуску: 2006, показники: 0, балансоутримувач: АТ "ОТКЕ" додано до БД користувачем [Коваль Людмила].
[10-Oct-2024 10:15:09 Europe/Helsinki] EditDATA [INFO] Для заявки Повірка від 04.10.2024 користувачем [Коваль Людмила] лічильник БЕЗ НОМЕРА ідентифіковано як 6265125.
[10-Oct-2024 10:15:19 Europe/Helsinki] DellTASK [INFO] Повірка від 04.10.2024 для адреси вул. курсанта Єськова, буд. 14, корп. 2, кв. 24 для лічильників 6284561, 6265125 було завершено користувачем [Коваль Людмила] з коментарем: виконано.
[10-Oct-2024 10:36:11 Europe/Helsinki] EditDATA [INFO] За адресою вул. Красносільського 79, кв. 124 користувачем [Сусло Тетяна] додано номер телефону +38(093)035-94-37, при створенні нової заявки [Повірка] від 10.10.2024.
[10-Oct-2024 10:36:11 Europe/Helsinki] NewDATA [INFO] Нова заявка Повірка, адреса: вул. Красносільського 79, кв. 124, лічильники: БЕЗ НОМЕРА - 2 шт., вартість: 600 грн., примітки: 8-13, за 30 хв додано до БД користувачем [Сусло Тетяна].
[2024-10-10T10:36:17.248] [INFO] DataBase - У заявці Повірка від 10 жовтня 2024 р. за адресою вул. Красносільського, буд. 79, кв. 124 додано виконавця ЗАПЛАНОВАНІ та додано дату виконання 16 жовтня 2024 р. користувачем [Сусло Тетяна].
[10-Oct-2024 10:45:36 Europe/Helsinki] EditDATA [INFO] За адресою вул. Генерала Пухова 131 корпус 2, кв. 46 користувачем [Сусло Тетяна] змінені номери телефонів з +38(093)641-78-23, +38(063)349-36-09, +38(0462)64-80-19 на +38(097)307-03-47, при створенні нової заявки [Повірка] від 10.10.2024.
[10-Oct-2024 10:45:36 Europe/Helsinki] NewDATA [INFO] Нова заявка Повірка, адреса: вул. Генерала Пухова 131 корпус 2, кв. 46, лічильники: БЕЗ НОМЕРА - 2 шт., вартість: 600 грн., примітки: 8-13 додано до БД користувачем [Сусло Тетяна].
[2024-10-10T10:48:26.687] [INFO] DataBase - У заявці Повірка від 10 жовтня 2024 р. за адресою вул. Генерала Пухова, буд. 131, корп. 2, кв. 46 додано виконавця ЗАПЛАНОВАНІ та додано дату виконання 14 жовтня 2024 р. користувачем [Сусло Тетяна].
[10-Oct-2024 10:49:17 Europe/Helsinki] NewDATA [INFO] Нова адреса вул. Волковича, буд. 2, корп. А, кв. 89, тел. +38 (068) 130-66-24 додана до БД користувачем [Сусло Тетяна].
[10-Oct-2024 10:49:25 Europe/Helsinki] NewDATA [INFO] Нова заявка Заміна, адреса: вул. Доценка 6, кв. 2, лічильники: БЕЗ НОМЕРА - 1 шт., вартість: 1060 грн., примітки: 10-14,1 гор.туалет,пер.за 30 хв додано до БД користувачем [Коваль Людмила].
[2024-10-10T10:49:47.868] [INFO] DataBase - У заявці Заміна від 10 жовтня 2024 р. за адресою вул. Доценка, буд. 6, кв. 2 додано виконавця Баранов та додано дату виконання 14 жовтня 2024 р. користувачем [Коваль Людмила].
[10-Oct-2024 10:51:01 Europe/Helsinki] EditDATA [INFO] За адресою вул. Космонавтів 3, кв. 88 користувачем [Сміян Альона] змінені номери телефонів з +38(098)869-35-25 на +38(098)774-59-75, при створенні нової заявки [Заміна] від 10.10.2024.
[10-Oct-2024 10:51:01 Europe/Helsinki] NewDATA [INFO] Нова заявка Заміна, адреса: вул. Космонавтів 3, кв. 88, лічильники: БЕЗ НОМЕРА - 1 шт., вартість: 350 грн., примітки: 1х/в 005537 11-15 додано до БД користувачем [Сміян Альона].
[2024-10-10T10:51:08.688] [INFO] DataBase - У заявці Заміна від 10 жовтня 2024 р. за адресою вул. Космонавтів, буд. 3, кв. 88 додано виконавця Баранов та додано дату виконання 14 жовтня 2024 р. користувачем [Сміян Альона].
[10-Oct-2024 11:02:14 Europe/Helsinki] NewDATA [INFO] Нова адреса вул. Мстиславська, буд. 83, кв. 13, тел. +38 (099) 284-31-64 додана до БД користувачем [Коваль Людмила].
[10-Oct-2024 11:03:09 Europe/Helsinki] NewDATA [INFO] Нова заявка Повірка, адреса: вул. Мстиславська 83, кв. 13, лічильники: БЕЗ НОМЕРА - 1 шт., вартість: 300 грн., примітки: 15-18,пер.за час додано до БД користувачем [Коваль Людмила].
[2024-10-10T11:03:29.771] [INFO] DataBase - У заявці Повірка від 10 жовтня 2024 р. за адресою вул. Мстиславська, буд. 83, кв. 13 додано виконавця ЗАПЛАНОВАНІ та додано дату виконання 14 жовтня 2024 р. користувачем [Коваль Людмила].
[10-Oct-2024 11:05:01 Europe/Helsinki] NewDATA [INFO] Нова заявка Повірка, адреса: вул. Волковича 2 корпус А, кв. 89, лічильники: БЕЗ НОМЕРА - 6 шт., вартість: 1800 грн., примітки: 13-17, за 30 хв додано до БД користувачем [Сусло Тетяна].
[2024-10-10T11:05:09.247] [INFO] DataBase - У заявці Повірка від 10 жовтня 2024 р. за адресою вул. Волковича, буд. 2, корп. А, кв. 89 додано виконавця ЗАПЛАНОВАНІ та додано дату виконання 15 жовтня 2024 р. користувачем [Сусло Тетяна].
[10-Oct-2024 11:07:08 Europe/Helsinki] NewDATA [INFO] Нова адреса просп. Миру, буд. 80, кв. 20, тел. +38 (095) 624-27-44 додана до БД користувачем [Коваль Людмила].
[10-Oct-2024 11:07:57 Europe/Helsinki] NewDATA [INFO] Нова заявка Повірка, адреса: просп. Миру 80, кв. 20, лічильники: БЕЗ НОМЕРА - 4 шт., вартість: 1200 грн., примітки: пер.за час додано до БД користувачем [Коваль Людмила].
[10-Oct-2024 11:07:59 Europe/Helsinki] NewDATA [INFO] Нова адреса вул. Мстиславська, буд. 83, кв. 25, тел. +38 (063) 632-94-79 додана до БД користувачем [Сміян Альона].
[2024-10-10T11:08:10.439] [INFO] DataBase - У заявці Повірка від 10 жовтня 2024 р. за адресою просп. Миру, буд. 80, кв. 20 додано виконавця ЗАПЛАНОВАНІ та додано дату виконання 15 жовтня 2024 р. користувачем [Коваль Людмила].
[10-Oct-2024 11:08:53 Europe/Helsinki] NewDATA [INFO] Нова заявка Повірка, адреса: вул. Мстиславська 83, кв. 25, лічильники: БЕЗ НОМЕРА - 2 шт., вартість: 600 грн., примітки: 15-18 додано до БД користувачем [Сміян Альона].
[10-Oct-2024 11:08:54 Europe/Helsinki] NewDATA [INFO] Нова заявка Повірка, адреса: просп. Миру 80, кв. 254, лічильники: БЕЗ НОМЕРА - 2 шт., вартість: 600 грн., примітки: 15-18 додано до БД користувачем [Коваль Людмила].
[2024-10-10T11:09:04.659] [INFO] DataBase - У заявці Повірка від 10 жовтня 2024 р. за адресою просп. Миру, буд. 80, кв. 254 додано виконавця ЗАПЛАНОВАНІ та додано дату виконання 15 жовтня 2024 р. користувачем [Коваль Людмила].
[2024-10-10T11:09:11.644] [INFO] DataBase - У заявці Повірка від 10 жовтня 2024 р. за адресою вул. Мстиславська, буд. 83, кв. 25 додано виконавця ЗАПЛАНОВАНІ та додано дату виконання 14 жовтня 2024 р. користувачем [Сміян Альона].
[10-Oct-2024 11:11:39 Europe/Helsinki] EditDATA [INFO] За адресою вул. Генерала Пухова 133, кв. 3 користувачем [Сусло Тетяна] змінені номери телефонів з +38(063)197-38-48, +38(093)278-62-64, +38(0462)95-11-38 на +38(099)141-97-89, при створенні нової заявки [Заміна] від 10.10.2024.
[10-Oct-2024 11:11:39 Europe/Helsinki] NewDATA [INFO] Нова заявка Заміна, адреса: вул. Генерала Пухова 133, кв. 3, лічильники: БЕЗ НОМЕРА - 1 шт., виконавець: Баранов, вартість: 1060 грн., примітки: 12-16, за 1 год, 1гв, туалет додано до БД користувачем [Сусло Тетяна].
[2024-10-10T11:11:44.652] [INFO] DataBase - У заявці Заміна від 10 жовтня 2024 р. за адресою вул. Генерала Пухова, буд. 133, кв. 3 додано дату виконання 14 жовтня 2024 р. користувачем [Сусло Тетяна].
[10-Oct-2024 11:12:11 Europe/Helsinki] EditDATA [INFO] За адресою вул. Текстильників 25 корпус А, кв. 38 користувачем [Сусло Тетяна] змінені номери телефонів з +38(093)977-55-98 на +38(093)476-28-25, при створенні нової заявки [Повірка] від 10.10.2024.
[10-Oct-2024 11:12:11 Europe/Helsinki] NewDATA [INFO] Нова заявка Повірка, адреса: вул. Текстильників 25 корпус А, кв. 38, лічильники: БЕЗ НОМЕРА - 2 шт., вартість: 600 грн., примітки: 8-13, за 1 год, буде їхати з Гончарівська додано до БД користувачем [Сусло Тетяна].
[2024-10-10T11:12:42.373] [INFO] DataBase - У заявці Повірка від 10 жовтня 2024 р. за адресою вул. Текстильників, буд. 25, корп. А, кв. 38 додано виконавця ЗАПЛАНОВАНІ та додано дату виконання 14 жовтня 2024 р. користувачем [Сусло Тетяна].
[10-Oct-2024 11:30:20 Europe/Helsinki] NewDATA [INFO] Нова адреса вул. Космонавтів, буд. 10, корп. А, кв. 30, тел. +38 (096) 063-23-67 додана до БД користувачем [Сусло Тетяна].
[10-Oct-2024 11:30:52 Europe/Helsinki] NewDATA [INFO] Нова заявка Повірка, адреса: вул. Космонавтів 10 корпус А, кв. 30, лічильники: БЕЗ НОМЕРА - 2 шт., вартість: 600 грн., примітки: 13-17 додано до БД користувачем [Сусло Тетяна].
[2024-10-10T11:30:57.724] [INFO] DataBase - У заявці Повірка від 10 жовтня 2024 р. за адресою вул. Космонавтів, буд. 10, корп. А, кв. 30 додано виконавця ЗАПЛАНОВАНІ та додано дату виконання 14 жовтня 2024 р. користувачем [Сусло Тетяна].
[10-Oct-2024 11:31:33 Europe/Helsinki] EditDATA [INFO] За адресою вул. Котляревського 15, кв. 14 користувачем [Сусло Тетяна] змінені номери телефонів з +38(093)652-72-59, +38(0462)25-34-94 на +38(093)652-72-59, при створенні нової заявки [Повірка] від 10.10.2024.
[10-Oct-2024 11:31:33 Europe/Helsinki] NewDATA [INFO] Нова заявка Повірка, адреса: вул. Котляревського 15, кв. 14, лічильники: БЕЗ НОМЕРА - 2 шт., вартість: 600 грн., примітки: 13-17, за 30 хв додано до БД користувачем [Сусло Тетяна].
[2024-10-10T11:31:37.980] [INFO] DataBase - У заявці Повірка від 10 жовтня 2024 р. за адресою вул. Котляревського, буд. 15, кв. 14 додано виконавця ЗАПЛАНОВАНІ та додано дату виконання 14 жовтня 2024 р. користувачем [Сусло Тетяна].
[10-Oct-2024 12:00:05 Europe/Helsinki] NewDATA [INFO] Нова адреса вул. Самострова, буд. 11, кв. 105, тел. +38 (063) 632-94-79 додана до БД користувачем [Сміян Альона].
[10-Oct-2024 12:00:42 Europe/Helsinki] NewDATA [INFO] Нова заявка Повірка, адреса: вул. Самострова 11, кв. 105, лічильники: БЕЗ НОМЕРА - 2 шт., вартість: 600 грн., примітки: 10-13 додано до БД користувачем [Сміян Альона].
[2024-10-10T12:00:53.161] [INFO] DataBase - У заявці Повірка від 10 жовтня 2024 р. за адресою вул. Самострова, буд. 11, кв. 105 додано виконавця ЗАПЛАНОВАНІ та додано дату виконання 14 жовтня 2024 р. користувачем [Сміян Альона].
[10-Oct-2024 12:03:35 Europe/Helsinki] EditDATA [INFO] За адресою просп. Перемоги 107, кв. 14 користувачем [Сміян Альона] змінені номери телефонів з +38(099)480-94-01 на +38(093)505-65-72, при створенні нової заявки [Повірка] від 10.10.2024.
[10-Oct-2024 12:03:35 Europe/Helsinki] NewDATA [INFO] Нова заявка Повірка, адреса: просп. Перемоги 107, кв. 14, лічильники: БЕЗ НОМЕРА - 1 шт., вартість: 300 грн., примітки: 13-17 додано до БД користувачем [Сміян Альона].
[2024-10-10T12:03:47.213] [INFO] DataBase - У заявці Повірка від 10 жовтня 2024 р. за адресою просп. Перемоги, буд. 107, кв. 14 додано виконавця ЗАПЛАНОВАНІ та додано дату виконання 14 жовтня 2024 р. користувачем [Сміян Альона].
[10-Oct-2024 12:06:23 Europe/Helsinki] EditDATA [INFO] За адресою просп. Миру 80, кв. 46 користувачем [Сусло Тетяна] змінені номери телефонів з +38(097)750-95-20, +38(0462)60-17-11 на +38(097)750-95-20, при створенні нової заявки [Повірка] від 10.10.2024.
[10-Oct-2024 12:06:23 Europe/Helsinki] NewDATA [INFO] Нова заявка Повірка, адреса: просп. Миру 80, кв. 46, лічильники: БЕЗ НОМЕРА - 2 шт., вартість: 600 грн., примітки: 8-13 додано до БД користувачем [Сусло Тетяна].
[2024-10-10T12:06:33.853] [INFO] DataBase - У заявці Повірка від 10 жовтня 2024 р. за адресою просп. Миру, буд. 80, кв. 46 додано виконавця ЗАПЛАНОВАНІ та додано дату виконання 14 жовтня 2024 р. користувачем [Сусло Тетяна].
[10-Oct-2024 12:07:00 Europe/Helsinki] EditDATA [INFO] Для заявки Повірка від 09.10.2024 користувачем [Сусло Тетяна] змінено виконавця з ЗАПЛАНОВАНІ на Сірий.
[10-Oct-2024 12:08:01 Europe/Helsinki] EditDATA [INFO] Для заявки Повірка від 09.10.2024 користувачем [Сусло Тетяна] змінено виконавця з ЗАПЛАНОВАНІ на Сірий.
[10-Oct-2024 12:08:21 Europe/Helsinki] EditDATA [INFO] Для заявки Повірка від 08.10.2024 користувачем [Сусло Тетяна] змінено виконавця з ЗАПЛАНОВАНІ на Сірий.
[10-Oct-2024 12:09:10 Europe/Helsinki] EditDATA [INFO] Для заявки Повірка від 08.10.2024 користувачем [Сусло Тетяна] змінено виконавця з ЗАПЛАНОВАНІ на Шкуліпа.
[10-Oct-2024 12:09:22 Europe/Helsinki] EditDATA [INFO] Для заявки Повірка від 08.10.2024 користувачем [Сусло Тетяна] змінено виконавця з ЗАПЛАНОВАНІ на Шкуліпа.
[10-Oct-2024 12:10:51 Europe/Helsinki] EditDATA [INFO] Для заявки Повірка від 10.10.2024 користувачем [Сусло Тетяна] змінено виконавця з ЗАПЛАНОВАНІ на Ващенко.
[10-Oct-2024 12:11:16 Europe/Helsinki] EditDATA [INFO] Для заявки Повірка від 09.10.2024 користувачем [Сусло Тетяна] змінено виконавця з ЗАПЛАНОВАНІ на Ващенко.
[10-Oct-2024 12:11:33 Europe/Helsinki] EditDATA [INFO] Для заявки Повірка від 08.10.2024 користувачем [Сусло Тетяна] змінено виконавця з ЗАПЛАНОВАНІ на Ващенко.
[10-Oct-2024 12:11:50 Europe/Helsinki] EditDATA [INFO] Для заявки Повірка від 08.10.2024 користувачем [Сусло Тетяна] змінено виконавця з ЗАПЛАНОВАНІ на Сірий.
[10-Oct-2024 12:13:56 Europe/Helsinki] EditDATA [INFO] Для заявки Повірка від 09.10.2024 користувачем [Сусло Тетяна] змінено виконавця з ЗАПЛАНОВАНІ на Ващенко.
[10-Oct-2024 12:15:51 Europe/Helsinki] EditDATA [INFO] Для заявки Повірка від 09.10.2024 користувачем [Сусло Тетяна] змінено виконавця з ЗАПЛАНОВАНІ на Ващенко.
[10-Oct-2024 12:16:09 Europe/Helsinki] EditDATA [INFO] Для заявки Повірка від 08.10.2024 користувачем [Сусло Тетяна] змінено виконавця з ЗАПЛАНОВАНІ на Ващенко.
[10-Oct-2024 12:16:42 Europe/Helsinki] EditDATA [INFO] Для заявки Повірка від 08.10.2024 користувачем [Сусло Тетяна] змінено виконавця з ЗАПЛАНОВАНІ на Сірий.
[10-Oct-2024 12:16:45 Europe/Helsinki] EditDATA [INFO] Для заявки Повірка від 10.10.2024 користувачем [Сміян Альона] змінено примітки з 13-17 на 13-17 2 сч.
[10-Oct-2024 12:17:05 Europe/Helsinki] EditDATA [INFO] Для заявки Повірка від 10.10.2024 користувачем [Сміян Альона] змінено вартість робіт з 300 грн. на 600 грн.
[10-Oct-2024 12:17:44 Europe/Helsinki] EditDATA [INFO] Для заявки Повірка від 08.10.2024 користувачем [Сусло Тетяна] змінено виконавця з ЗАПЛАНОВАНІ на Шкуліпа.
[10-Oct-2024 12:18:32 Europe/Helsinki] EditDATA [INFO] Для заявки Повірка від 09.10.2024 користувачем [Сусло Тетяна] змінено виконавця з ЗАПЛАНОВАНІ на Шкуліпа.
[10-Oct-2024 12:18:43 Europe/Helsinki] EditDATA [INFO] Для заявки Повірка від 09.10.2024 користувачем [Сусло Тетяна] змінено виконавця з ЗАПЛАНОВАНІ на Шкуліпа.
[10-Oct-2024 12:19:01 Europe/Helsinki] EditDATA [INFO] Для заявки Повірка від 08.10.2024 користувачем [Сусло Тетяна] змінено виконавця з ЗАПЛАНОВАНІ на Шкуліпа.
[10-Oct-2024 12:31:24 Europe/Helsinki] NewDATA [INFO] Нова адреса вул. Незалежності, буд. 74, кв. 121, тел. +38 (096) 458-72-93 додана до БД користувачем [Сусло Тетяна].
[10-Oct-2024 12:31:48 Europe/Helsinki] NewDATA [INFO] Нова заявка Повірка, адреса: вул. Незалежності 74, кв. 121, лічильники: БЕЗ НОМЕРА - 2 шт., вартість: 600 грн., примітки: 13-17 додано до БД користувачем [Сусло Тетяна].
[10-Oct-2024 12:32:27 Europe/Helsinki] NewDATA [INFO] Нова адреса вул. Незалежності, буд. 15, кв. 76, тел. +38 (096) 458-72-93 додана до БД користувачем [Сусло Тетяна].
[10-Oct-2024 12:33:45 Europe/Helsinki] NewDATA [INFO] Нова заявка Повірка, адреса: вул. Незалежності 15, кв. 76, лічильники: БЕЗ НОМЕРА - 1 шт., вартість: 300 грн., примітки: 13-17, нез. 74/121 - один хазяін,подзвонити і сказати на якій адресі буде першим додано до БД користувачем [Сусло Тетяна].
[2024-10-10T12:33:50.074] [INFO] DataBase - У заявці Повірка від 10 жовтня 2024 р. за адресою вул. Незалежності, буд. 15, кв. 76 додано виконавця ЗАПЛАНОВАНІ та додано дату виконання 11 жовтня 2024 р. користувачем [Сусло Тетяна].
[2024-10-10T12:33:52.138] [INFO] DataBase - У заявці Повірка від 10 жовтня 2024 р. за адресою вул. Незалежності, буд. 74, кв. 121 додано виконавця ЗАПЛАНОВАНІ та додано дату виконання 11 жовтня 2024 р. користувачем [Сусло Тетяна].
[10-Oct-2024 12:43:25 Europe/Helsinki] NewDATA [INFO] Нова адреса просп. Миру, буд. 210, кв. 91, тел. +38 (063) 646-11-71 додана до БД користувачем [Сусло Тетяна].
[10-Oct-2024 12:44:17 Europe/Helsinki] NewDATA [INFO] Нова заявка Повірка, адреса: просп. Миру 210, кв. 91, лічильники: БЕЗ НОМЕРА - 2 шт., вартість: 600 грн., примітки: 8-10, потім їде в школу додано до БД користувачем [Сусло Тетяна].
[2024-10-10T12:44:22.437] [INFO] DataBase - У заявці Повірка від 10 жовтня 2024 р. за адресою просп. Миру, буд. 210, кв. 91 додано виконавця ЗАПЛАНОВАНІ та додано дату виконання 15 жовтня 2024 р. користувачем [Сусло Тетяна].
[10-Oct-2024 12:45:08 Europe/Helsinki] NewDATA [INFO] Нова заявка Повірка, адреса: просп. Миру 213 корпус А, кв. 48, лічильники: БЕЗ НОМЕРА - 1 шт., вартість: 300 грн., примітки: 8-13, за 30 хв додано до БД користувачем [Сусло Тетяна].
[2024-10-10T12:45:13.408] [INFO] DataBase - У заявці Повірка від 10 жовтня 2024 р. за адресою просп. Миру, буд. 213, корп. А, кв. 48 додано виконавця ЗАПЛАНОВАНІ та додано дату виконання 11 жовтня 2024 р. користувачем [Сусло Тетяна].
[10-Oct-2024 12:51:55 Europe/Helsinki] EditDATA [INFO] За адресою просп. Перемоги 153, кв. 39 користувачем [Сміян Альона] змінені номери телефонів з +38(095)272-81-80, +38(0462)62-29-39 на +38(050)447-59-51, при створенні нової заявки [Повірка] від 10.10.2024.
[10-Oct-2024 12:51:55 Europe/Helsinki] NewDATA [INFO] Нова заявка Повірка, адреса: просп. Перемоги 153, кв. 39, лічильники: БЕЗ НОМЕРА - 2 шт., вартість: 600 грн., примітки: 8-12 30хв додано до БД користувачем [Сміян Альона].
[2024-10-10T12:52:06.063] [INFO] DataBase - У заявці Повірка від 10 жовтня 2024 р. за адресою просп. Перемоги, буд. 153, кв. 39 додано виконавця ЗАПЛАНОВАНІ та додано дату виконання 15 жовтня 2024 р. користувачем [Сміян Альона].
[10-Oct-2024 13:01:01 Europe/Helsinki] NewDATA [INFO] Нова адреса вул. Савчука, буд. 7, корп. А, кв. 78 додана до БД користувачем [Сусло Тетяна].
[10-Oct-2024 13:02:17 Europe/Helsinki] EditDATA [INFO] За адресою вул. Савчука 7 корпус А, кв. 78 користувачем [Сусло Тетяна] додано номер телефону +38(066)049-58-92, при створенні нової заявки [Повірка] від 10.10.2024.
[10-Oct-2024 13:02:17 Europe/Helsinki] NewDATA [INFO] Нова заявка Повірка, адреса: вул. Савчука 7 корпус А, кв. 78, лічильники: БЕЗ НОМЕРА - 2 шт., вартість: 600 грн., примітки: 14-17 додано до БД користувачем [Сусло Тетяна].
[2024-10-10T13:02:22.298] [INFO] DataBase - У заявці Повірка від 10 жовтня 2024 р. за адресою вул. Савчука, буд. 7, корп. А, кв. 78 додано виконавця Сірий та додано дату виконання 11 жовтня 2024 р. користувачем [Сусло Тетяна].
[10-Oct-2024 13:03:44 Europe/Helsinki] NewDATA [INFO] Нова заявка Повірка, адреса: вул. Богуна Івана 41, кв. 2, лічильники: БЕЗ НОМЕРА - 1 шт., вартість: 300 грн., примітки: 10-14, обережно собаки, разом з чорнов.8/38 додано до БД користувачем [Сусло Тетяна].
[2024-10-10T13:03:47.122] [INFO] DataBase - У заявці Повірка від 10 жовтня 2024 р. за адресою вул. Богуна Івана, буд. 41, кв. 2 додано виконавця Шкуліпа та додано дату виконання 11 жовтня 2024 р. користувачем [Сусло Тетяна].
[10-Oct-2024 13:04:21 Europe/Helsinki] NewDATA [INFO] Нова адреса вул. Чорновола Вячеслава, буд. 8, кв. 38 додана до БД користувачем [Сусло Тетяна].
[10-Oct-2024 13:05:25 Europe/Helsinki] NewDATA [INFO] Новий лічильник номер: 6283434, тип: ЛК => DN 15, рік випуску: 2006, показники: 0, балансоутримувач: КП "ВДК" додано до БД користувачем [Коваль Людмила].
[10-Oct-2024 13:05:29 Europe/Helsinki] EditDATA [INFO] Для заявки Повірка від 08.10.2024 користувачем [Коваль Людмила] лічильник БЕЗ НОМЕРА ідентифіковано як 6283434.
[10-Oct-2024 13:05:32 Europe/Helsinki] EditDATA [INFO] За адресою вул. Чорновола Вячеслава 8, кв. 38 користувачем [Сусло Тетяна] додано номер телефону +38(097)238-09-80, при створенні нової заявки [Повірка] від 10.10.2024.
[10-Oct-2024 13:05:32 Europe/Helsinki] NewDATA [INFO] Нова заявка Повірка, адреса: вул. Чорновола Вячеслава 8, кв. 38, лічильники: БЕЗ НОМЕРА - 2 шт., вартість: 600 грн., примітки: 10-14, домофон не працює, разом з богуна 41/2, за 1 год додано до БД користувачем [Сусло Тетяна].
[2024-10-10T13:05:35.321] [INFO] DataBase - У заявці Повірка від 10 жовтня 2024 р. за адресою вул. Чорновола Вячеслава, буд. 8, кв. 38 додано виконавця Шкуліпа та додано дату виконання 11 жовтня 2024 р. користувачем [Сусло Тетяна].
[10-Oct-2024 13:05:56 Europe/Helsinki] EditDATA [INFO] Для заявки Повірка від 10.10.2024 користувачем [Сусло Тетяна] змінено примітки з 10-14, обережно собаки, разом з чорнов.8/38 на 10-14, за 1 год обережно собаки, разом з чорнов.8/38.
[10-Oct-2024 13:08:45 Europe/Helsinki] NewDATA [INFO] Новий лічильник номер: 3217373, тип: ЛК => DN 15, рік випуску: 2013, показники: 0, балансоутримувач: КП "ВДК" додано до БД користувачем [Коваль Людмила].
[10-Oct-2024 13:08:48 Europe/Helsinki] EditDATA [INFO] Для заявки Повірка від 08.10.2024 користувачем [Коваль Людмила] лічильник БЕЗ НОМЕРА ідентифіковано як 3217373.
[10-Oct-2024 13:08:57 Europe/Helsinki] DellTASK [INFO] Повірка від 08.10.2024 для адреси вул. Зелена, буд. 10, кв. 11 для лічильників 6283434, 3217373 було завершено користувачем [Коваль Людмила] з коментарем: виконано.
[10-Oct-2024 13:09:35 Europe/Helsinki] NewDATA [INFO] Новий лічильник номер: 1037097, тип: СК => DN 15, рік випуску: 2001, показники: 0, балансоутримувач: КП "ВДК" додано до БД користувачем [Коваль Людмила].
[10-Oct-2024 13:09:38 Europe/Helsinki] EditDATA [INFO] Для заявки Повірка від 08.10.2024 користувачем [Коваль Людмила] лічильник БЕЗ НОМЕРА ідентифіковано як 1037097.
[10-Oct-2024 13:10:07 Europe/Helsinki] NewDATA [INFO] Новий лічильник номер: 001947, тип: КВ-1,5 => DN 15, рік випуску: 2016, показники: 0, балансоутримувач: КП "ТКЕ" додано до БД користувачем [Коваль Людмила].
[10-Oct-2024 13:10:10 Europe/Helsinki] EditDATA [INFO] Для заявки Повірка від 08.10.2024 користувачем [Коваль Людмила] лічильник БЕЗ НОМЕРА ідентифіковано як 001947.
[10-Oct-2024 13:10:21 Europe/Helsinki] DellTASK [INFO] Повірка від 08.10.2024 для адреси вул. Гонча, буд. 84, кв. 10 для лічильників 1037097, 001947 було завершено користувачем [Коваль Людмила] з коментарем: виконано.
[10-Oct-2024 13:11:04 Europe/Helsinki] NewDATA [INFO] Новий лічильник номер: 1140085, тип: ЛК => DN 15, рік випуску: 2014, показники: 0, балансоутримувач: КП "ВДК" додано до БД користувачем [Коваль Людмила].
[10-Oct-2024 13:11:07 Europe/Helsinki] EditDATA [INFO] Для заявки Повірка від 07.10.2024 користувачем [Коваль Людмила] лічильник БЕЗ НОМЕРА ідентифіковано як 1140085.
[10-Oct-2024 13:11:35 Europe/Helsinki] NewDATA [INFO] Новий лічильник номер: 1141231, тип: ЛК => DN 15, рік випуску: 2014, показники: 0, балансоутримувач: КП "ТКЕ" додано до БД користувачем [Коваль Людмила].
[10-Oct-2024 13:11:55 Europe/Helsinki] EditDATA [INFO] Для заявки Повірка від 07.10.2024 користувачем [Коваль Людмила] лічильник БЕЗ НОМЕРА ідентифіковано як 1141231.
[10-Oct-2024 13:12:05 Europe/Helsinki] DellTASK [INFO] Повірка від 07.10.2024 для адреси вул. Самострова, буд. 11, кв. 63 для лічильників 1140085, 1141231 було завершено користувачем [Коваль Людмила] з коментарем: виконано.
[10-Oct-2024 13:13:00 Europe/Helsinki] NewDATA [INFO] Новий лічильник номер: 9126306, тип: ЛК => DN 15, рік випуску: 2009, показники: 0, балансоутримувач: КП "ТКЕ" додано до БД користувачем [Коваль Людмила].
[10-Oct-2024 13:13:04 Europe/Helsinki] EditDATA [INFO] Для заявки Повірка від 07.10.2024 користувачем [Коваль Людмила] лічильник БЕЗ НОМЕРА ідентифіковано як 9126306.
[10-Oct-2024 13:13:14 Europe/Helsinki] DellTASK [INFO] Повірка від 07.10.2024 для адреси вул. Самострова, буд. 11, кв. 132 для лічильника 9126306 було завершено користувачем [Коваль Людмила] з коментарем: виконано.
[10-Oct-2024 13:14:00 Europe/Helsinki] NewDATA [INFO] Новий лічильник номер: 485992, тип: КВ-1,5 => DN 15, рік випуску: 2007, показники: 0, балансоутримувач: КП "ТКЕ" додано до БД користувачем [Коваль Людмила].
[10-Oct-2024 13:14:03 Europe/Helsinki] EditDATA [INFO] Для заявки Повірка від 04.10.2024 користувачем [Коваль Людмила] лічильник БЕЗ НОМЕРА ідентифіковано як 485992.
[10-Oct-2024 13:14:13 Europe/Helsinki] DellTASK [INFO] Повірка від 04.10.2024 для адреси вул. Пятницька, буд. 72, корп. 2, кв. 4 для лічильника 485992 було завершено користувачем [Коваль Людмила] з коментарем: виконано.
[10-Oct-2024 13:15:20 Europe/Helsinki] NewDATA [INFO] Новий лічильник номер: 070467, тип: КВ-1,5 => DN 15, рік випуску: 2011, показники: 0, балансоутримувач: КП "ВДК" додано до БД користувачем [Коваль Людмила].
[10-Oct-2024 13:15:35 Europe/Helsinki] EditDATA [INFO] Для заявки Повірка від 04.10.2024 користувачем [Коваль Людмила] лічильник БЕЗ НОМЕРА ідентифіковано як 070467.
[10-Oct-2024 13:16:04 Europe/Helsinki] NewDATA [INFO] Новий лічильник номер: 019344, тип: КВ-1,5 => DN 15, рік випуску: 2011, показники: 0, балансоутримувач: КП "ТКЕ" додано до БД користувачем [Коваль Людмила].
[10-Oct-2024 13:16:07 Europe/Helsinki] EditDATA [INFO] Для заявки Повірка від 04.10.2024 користувачем [Коваль Людмила] лічильник БЕЗ НОМЕРА ідентифіковано як 019344.
[10-Oct-2024 13:16:35 Europe/Helsinki] NewDATA [INFO] Новий лічильник номер: 023546, тип: КВ-1,5 => DN 15, рік випуску: 2015, показники: 0, балансоутримувач: КП "ВДК" додано до БД користувачем [Коваль Людмила].
[10-Oct-2024 13:16:38 Europe/Helsinki] EditDATA [INFO] Для заявки Повірка від 04.10.2024 користувачем [Коваль Людмила] лічильник БЕЗ НОМЕРА ідентифіковано як 023546.
[10-Oct-2024 13:17:11 Europe/Helsinki] NewDATA [INFO] Новий лічильник номер: 169824, тип: КВ-1,5 => DN 15, рік випуску: 2007, показники: 0, балансоутримувач: КП "ТКЕ" додано до БД користувачем [Коваль Людмила].
[10-Oct-2024 13:17:14 Europe/Helsinki] EditDATA [INFO] Для заявки Повірка від 04.10.2024 користувачем [Коваль Людмила] лічильник БЕЗ НОМЕРА ідентифіковано як 169824.
[10-Oct-2024 13:17:24 Europe/Helsinki] DellTASK [INFO] Повірка від 04.10.2024 для адреси вул. Пятницька, буд. 72, корп. 2, кв. 8 для лічильників 070467, 019344, 023546, 169824 було завершено користувачем [Коваль Людмила] з коментарем: виконано.
[10-Oct-2024 13:18:03 Europe/Helsinki] NewDATA [INFO] Новий лічильник номер: 231023, тип: КВ-1,5 => DN 15, рік випуску: 2011, показники: 0, балансоутримувач: КП "ВДК" додано до БД користувачем [Коваль Людмила].
[10-Oct-2024 13:18:06 Europe/Helsinki] EditDATA [INFO] Для заявки Повірка від 07.10.2024 користувачем [Коваль Людмила] лічильник БЕЗ НОМЕРА ідентифіковано як 231023.
[10-Oct-2024 13:18:32 Europe/Helsinki] NewDATA [INFO] Новий лічильник номер: 233796, тип: КВ-1,5 => DN 15, рік випуску: 2011, показники: 0, балансоутримувач: КП "ТКЕ" додано до БД користувачем [Коваль Людмила].
[10-Oct-2024 13:18:35 Europe/Helsinki] EditDATA [INFO] Для заявки Повірка від 07.10.2024 користувачем [Коваль Людмила] лічильник БЕЗ НОМЕРА ідентифіковано як 233796.
[10-Oct-2024 13:19:02 Europe/Helsinki] NewDATA [INFO] Новий лічильник номер: 228203, тип: КВ-1,5 => DN 15, рік випуску: 2011, показники: 0, балансоутримувач: КП "ВДК" додано до БД користувачем [Коваль Людмила].
[10-Oct-2024 13:19:05 Europe/Helsinki] EditDATA [INFO] Для заявки Повірка від 07.10.2024 користувачем [Коваль Людмила] лічильник БЕЗ НОМЕРА ідентифіковано як 228203.
[10-Oct-2024 13:19:29 Europe/Helsinki] NewDATA [INFO] Новий лічильник номер: 233813, тип: КВ-1,5 => DN 15, рік випуску: 2011, показники: 0, балансоутримувач: КП "ТКЕ" додано до БД користувачем [Коваль Людмила].
[10-Oct-2024 13:19:32 Europe/Helsinki] EditDATA [INFO] Для заявки Повірка від 07.10.2024 користувачем [Коваль Людмила] лічильник БЕЗ НОМЕРА ідентифіковано як 233813.
[10-Oct-2024 13:19:42 Europe/Helsinki] DellTASK [INFO] Повірка від 07.10.2024 для адреси вул. Пятницька, буд. 72, корп. 1, кв. 36 для лічильників 231023, 233796, 228203, 233813 було завершено користувачем [Коваль Людмила] з коментарем: виконано.
[10-Oct-2024 13:42:55 Europe/Helsinki] NewDATA [INFO] Нова заявка Повірка, адреса: вул. Ціолковського 12, кв. 99, лічильники: БЕЗ НОМЕРА - 2 шт., вартість: 600 грн., примітки: 14-18,пер.за 30 хв додано до БД користувачем [Коваль Людмила].
[2024-10-10T13:43:15.598] [INFO] DataBase - У заявці Повірка від 10 жовтня 2024 р. за адресою вул. Ціолковського, буд. 12, кв. 99 додано виконавця ЗАПЛАНОВАНІ та додано дату виконання 14 жовтня 2024 р. користувачем [Коваль Людмила].
[10-Oct-2024 13:43:58 Europe/Helsinki] NewDATA [INFO] Нова адреса вул. Небаби Мартина, буд. 102, кв. 114, тел. +38 (093) 236-77-29 додана до БД користувачем [Коваль Людмила].
[10-Oct-2024 13:44:39 Europe/Helsinki] NewDATA [INFO] Нова заявка Повірка, адреса: вул. Небаби Мартина 102, кв. 114, лічильники: БЕЗ НОМЕРА - 2 шт., вартість: 600 грн., примітки: 14-18,пер.за 30 хв додано до БД користувачем [Коваль Людмила].
[2024-10-10T13:44:58.639] [INFO] DataBase - У заявці Повірка від 10 жовтня 2024 р. за адресою вул. Небаби Мартина, буд. 102, кв. 114 додано виконавця ЗАПЛАНОВАНІ та додано дату виконання 11 жовтня 2024 р. користувачем [Коваль Людмила].
[10-Oct-2024 13:46:24 Europe/Helsinki] NewDATA [INFO] Нова адреса вул. 1-ої танкової бригади, буд. 30, корп. 2, кв. 40, тел. +38 (098) 741-40-35 додана до БД користувачем [Сусло Тетяна].
[10-Oct-2024 13:47:08 Europe/Helsinki] NewDATA [INFO] Нова заявка Повірка, адреса: вул. 1-ої танкової бригади 30 корпус 2, кв. 40, лічильники: БЕЗ НОМЕРА - 2 шт., вартість: 600 грн., примітки: 8-9, потім до лікаряя додано до БД користувачем [Сусло Тетяна].
[2024-10-10T14:09:18.421] [INFO] DataBase - У заявці Повірка від 10 жовтня 2024 р. за адресою вул. 1-ої танкової бригади, буд. 30, корп. 2, кв. 40 додано виконавця ЗАПЛАНОВАНІ та додано дату виконання 14 жовтня 2024 р. користувачем [Сусло Тетяна].
[10-Oct-2024 14:15:26 Europe/Helsinki] NewDATA [INFO] Нова заявка Заміна, адреса: просп. Левка Лукяненка 12 корпус 1, кв. 74, лічильники: БЕЗ НОМЕРА - 1 шт., виконавець: Баранов, вартість: 350 грн., примітки: 8-13, 1гв, туалет додано до БД користувачем [Сусло Тетяна].
[2024-10-10T14:15:30.163] [INFO] DataBase - У заявці Заміна від 10 жовтня 2024 р. за адресою просп. Левка Лукяненка, буд. 12, корп. 1, кв. 74 додано дату виконання 15 жовтня 2024 р. користувачем [Сусло Тетяна].
[10-Oct-2024 14:19:57 Europe/Helsinki] EditDATA [INFO] За адресою вул. Захисників України 1, кв. 36 користувачем [Коваль Людмила] змінені номери телефонів з +38(097)358-20-97 на +38(098)936-33-16, при створенні нової заявки [Повірка] від 10.10.2024.
[10-Oct-2024 14:19:57 Europe/Helsinki] NewDATA [INFO] Нова заявка Повірка, адреса: вул. Захисників України 1, кв. 36, лічильники: БЕЗ НОМЕРА - 1 шт., вартість: 300 грн., примітки: 12-15 додано до БД користувачем [Коваль Людмила].
[10-Oct-2024 14:27:15 Europe/Helsinki] NewDATA [INFO] Нова адреса вул. Всіхсвятська, буд. 6, кв. 98, тел. +38 (063) 388-20-16 додана до БД користувачем [Коваль Людмила].
[10-Oct-2024 14:27:50 Europe/Helsinki] NewDATA [INFO] Нова заявка Повірка, адреса: вул. Всіхсвятська 6, кв. 98, лічильники: БЕЗ НОМЕРА - 2 шт., вартість: 600 грн., примітки: 13-18,пер.за час додано до БД користувачем [Коваль Людмила].
[2024-10-10T14:28:10.189] [INFO] DataBase - У заявці Повірка від 10 жовтня 2024 р. за адресою вул. Всіхсвятська, буд. 6, кв. 98 додано виконавця ЗАПЛАНОВАНІ та додано дату виконання 14 жовтня 2024 р. користувачем [Коваль Людмила].
[10-Oct-2024 14:29:10 Europe/Helsinki] EditDATA [INFO] За адресою просп. Миру 189, кв. 32 користувачем [Коваль Людмила] додано номер телефону +38(068)140-44-14, при створенні нової заявки [Повірка] від 10.10.2024.
[10-Oct-2024 14:29:10 Europe/Helsinki] EditDATA [INFO] За адресою просп. Миру 189, кв. 32 користувачем [Коваль Людмила] змінені номери телефонів з +38(068)140-44-14 на +38(068)140-44-14, при створенні нової заявки [Повірка] від 10.10.2024.
[10-Oct-2024 14:29:10 Europe/Helsinki] EditDATA [INFO] За адресою просп. Миру 189, кв. 32 користувачем [Коваль Людмила] змінені номери телефонів з +38(068)140-44-14 на +38(068)140-44-14, при створенні нової заявки [Повірка] від 10.10.2024.
[10-Oct-2024 14:29:10 Europe/Helsinki] EditDATA [INFO] За адресою просп. Миру 189, кв. 32 користувачем [Коваль Людмила] змінені номери телефонів з +38(068)140-44-14 на +38(068)140-44-14, при створенні нової заявки [Повірка] від 10.10.2024.
[10-Oct-2024 14:29:10 Europe/Helsinki] EditDATA [INFO] За адресою просп. Миру 189, кв. 32 користувачем [Коваль Людмила] змінені номери телефонів з +38(068)140-44-14 на +38(068)140-44-14, при створенні нової заявки [Повірка] від 10.10.2024.
[10-Oct-2024 14:29:10 Europe/Helsinki] EditDATA [INFO] За адресою просп. Миру 189, кв. 32 користувачем [Коваль Людмила] змінені номери телефонів з +38(068)140-44-14 на +38(068)140-44-14, при створенні нової заявки [Повірка] від 10.10.2024.
[10-Oct-2024 14:29:10 Europe/Helsinki] EditDATA [INFO] За адресою просп. Миру 189, кв. 32 користувачем [Коваль Людмила] змінені номери телефонів з +38(068)140-44-14 на +38(068)140-44-14, при створенні нової заявки [Повірка] від 10.10.2024.
[10-Oct-2024 14:29:10 Europe/Helsinki] NewDATA [INFO] Нова заявка Повірка, адреса: просп. Миру 189, кв. 32, лічильники: БЕЗ НОМЕРА - 4 шт., вартість: 1200 грн., примітки: 8-13 додано до БД користувачем [Коваль Людмила].
[10-Oct-2024 14:29:10 Europe/Helsinki] NewDATA [INFO] Нова заявка Повірка, адреса: просп. Миру 189, кв. 32, лічильники: БЕЗ НОМЕРА - 4 шт., вартість: 1200 грн., примітки: 8-13 додано до БД користувачем [Коваль Людмила].
[10-Oct-2024 14:29:10 Europe/Helsinki] NewDATA [INFO] Нова заявка Повірка, адреса: просп. Миру 189, кв. 32, лічильники: БЕЗ НОМЕРА - 4 шт., вартість: 1200 грн., примітки: 8-13 додано до БД користувачем [Коваль Людмила].
[10-Oct-2024 14:29:10 Europe/Helsinki] NewDATA [INFO] Нова заявка Повірка, адреса: просп. Миру 189, кв. 32, лічильники: БЕЗ НОМЕРА - 4 шт., вартість: 1200 грн., примітки: 8-13 додано до БД користувачем [Коваль Людмила].
[10-Oct-2024 14:29:10 Europe/Helsinki] NewDATA [INFO] Нова заявка Повірка, адреса: просп. Миру 189, кв. 32, лічильники: БЕЗ НОМЕРА - 4 шт., вартість: 1200 грн., примітки: 8-13 додано до БД користувачем [Коваль Людмила].
[10-Oct-2024 14:29:10 Europe/Helsinki] NewDATA [INFO] Нова заявка Повірка, адреса: просп. Миру 189, кв. 32, лічильники: БЕЗ НОМЕРА - 4 шт., вартість: 1200 грн., примітки: 8-13 додано до БД користувачем [Коваль Людмила].
[10-Oct-2024 14:29:10 Europe/Helsinki] NewDATA [INFO] Нова заявка Повірка, адреса: просп. Миру 189, кв. 32, лічильники: БЕЗ НОМЕРА - 4 шт., вартість: 1200 грн., примітки: 8-13 додано до БД користувачем [Коваль Людмила].
[10-Oct-2024 14:29:46 Europe/Helsinki] EditDATA [INFO] За адресою вул. Текстильників 11 корпус Б, кв. 60 користувачем [Сусло Тетяна] змінені номери телефонів з +38(095)736-71-07 на +38(099)736-71-07, при створенні нової заявки [Заміна] від 10.10.2024.
[10-Oct-2024 14:29:46 Europe/Helsinki] NewDATA [INFO] Нова заявка Заміна, адреса: вул. Текстильників 11 корпус Б, кв. 60, лічильники: БЕЗ НОМЕРА - 1 шт., виконавець: Баранов, вартість: 1060 грн., примітки: 13-17, за 30 хв, 1 хв, кухня додано до БД користувачем [Сусло Тетяна].
[2024-10-10T14:29:50.236] [INFO] DataBase - У заявці Заміна від 10 жовтня 2024 р. за адресою вул. Текстильників, буд. 11, корп. Б, кв. 60 додано дату виконання 15 жовтня 2024 р. користувачем [Сусло Тетяна].
[2024-10-10T14:30:26.310] [INFO] DataBase - У заявці Повірка від 10 жовтня 2024 р. за адресою просп. Миру, буд. 189, кв. 32 додано виконавця ЗАПЛАНОВАНІ та додано дату виконання 11 жовтня 2024 р. користувачем [Коваль Людмила].
[10-Oct-2024 14:32:50 Europe/Helsinki] DellTASK [INFO] Повірка від 10.10.2024 для адреси просп. Миру, буд. 189, кв. 32 для лічильника БЕЗ НОМЕРА - 4 шт. було відмінено користувачем [Коваль Людмила] з коментарем: повтор.
[10-Oct-2024 14:33:05 Europe/Helsinki] DellTASK [INFO] Повірка від 10.10.2024 для адреси просп. Миру, буд. 189, кв. 32 для лічильника БЕЗ НОМЕРА - 4 шт. було відмінено користувачем [Коваль Людмила] з коментарем: повтор.
[10-Oct-2024 14:33:20 Europe/Helsinki] DellTASK [INFO] Повірка від 10.10.2024 для адреси просп. Миру, буд. 189, кв. 32 для лічильника БЕЗ НОМЕРА - 4 шт. було відмінено користувачем [Коваль Людмила] з коментарем: повтор.
[10-Oct-2024 14:33:39 Europe/Helsinki] DellTASK [INFO] Повірка від 10.10.2024 для адреси просп. Миру, буд. 189, кв. 32 для лічильника БЕЗ НОМЕРА - 4 шт. було відмінено користувачем [Коваль Людмила] з коментарем: повтор.
[10-Oct-2024 14:33:52 Europe/Helsinki] DellTASK [INFO] Повірка від 10.10.2024 для адреси просп. Миру, буд. 189, кв. 32 для лічильника БЕЗ НОМЕРА - 4 шт. було відмінено користувачем [Коваль Людмила] з коментарем: повтор.
[10-Oct-2024 14:34:15 Europe/Helsinki] DellTASK [INFO] Повірка від 10.10.2024 для адреси просп. Миру, буд. 189, кв. 32 для лічильника БЕЗ НОМЕРА - 4 шт. було відмінено користувачем [Коваль Людмила] з коментарем: повтор.
[10-Oct-2024 14:42:15 Europe/Helsinki] NewDATA [INFO] Нова заявка Повірка, адреса: вул. Красносільського 79, кв. 28, лічильники: БЕЗ НОМЕРА - 2 шт., вартість: 600 грн., примітки: 8-13, за 30 хв додано до БД користувачем [Сусло Тетяна].
[2024-10-10T14:42:25.154] [INFO] DataBase - У заявці Повірка від 10 жовтня 2024 р. за адресою вул. Красносільського, буд. 79, кв. 28 додано виконавця ЗАПЛАНОВАНІ та додано дату виконання 16 жовтня 2024 р. користувачем [Сусло Тетяна].
[10-Oct-2024 14:44:19 Europe/Helsinki] EditDATA [INFO] За адресою просп. Миру 212, кв. 24 користувачем [Коваль Людмила] змінені номери телефонів з +38(0462)25-47-89, +38(097)487-30-17, +38(093)621-34-33 на +38(097)487-30-17, при створенні нової заявки [Повірка] від 10.10.2024.
[10-Oct-2024 14:44:19 Europe/Helsinki] NewDATA [INFO] Нова заявка Повірка, адреса: просп. Миру 212, кв. 24, лічильники: БЕЗ НОМЕРА - 2 шт., вартість: 600 грн., примітки: 8-13 додано до БД користувачем [Коваль Людмила].
[2024-10-10T14:44:54.872] [INFO] DataBase - У заявці Повірка від 10 жовтня 2024 р. за адресою просп. Миру, буд. 212, кв. 24 додано виконавця ЗАПЛАНОВАНІ та додано дату виконання 11 жовтня 2024 р. користувачем [Коваль Людмила].
[10-Oct-2024 14:45:06 Europe/Helsinki] EditDATA [INFO] Для заявки Повірка від 08.10.2024 користувачем [Коваль Людмила] змінено виконавця з ЗАПЛАНОВАНІ на Богомаз.
[10-Oct-2024 14:45:16 Europe/Helsinki] EditDATA [INFO] Для заявки Повірка від 10.10.2024 користувачем [Коваль Людмила] змінено виконавця з ЗАПЛАНОВАНІ на Богомаз.
[10-Oct-2024 14:45:26 Europe/Helsinki] EditDATA [INFO] Для заявки Повірка від 10.10.2024 користувачем [Коваль Людмила] змінено виконавця з ЗАПЛАНОВАНІ на Богомаз.
[10-Oct-2024 14:45:40 Europe/Helsinki] EditDATA [INFO] Для заявки Повірка від 08.10.2024 користувачем [Коваль Людмила] змінено виконавця з ЗАПЛАНОВАНІ на Богомаз.
[10-Oct-2024 14:48:05 Europe/Helsinki] EditDATA [INFO] Для заявки Повірка від 10.10.2024 користувачем [Коваль Людмила] змінено виконавця з ЗАПЛАНОВАНІ на Богомаз.
[10-Oct-2024 14:58:39 Europe/Helsinki] EditDATA [INFO] Для заявки Повірка від 09.10.2024 користувачем [Коваль Людмила] змінено виконавця з ЗАПЛАНОВАНІ на Богомаз.
[10-Oct-2024 14:58:55 Europe/Helsinki] NewDATA [INFO] Нова заявка Заміна, адреса: вул. Генерала Пухова 132, кв. 56, лічильники: 709614, виконавець: Баранов, вартість: 1060 грн., примітки: після 16.00, домофон не працює, 1хв, туалет, №709614 додано до БД користувачем [Сусло Тетяна].
[2024-10-10T14:58:58.500] [INFO] DataBase - У заявці Заміна від 10 жовтня 2024 р. за адресою вул. Генерала Пухова, буд. 132, кв. 56 додано дату виконання 11 жовтня 2024 р. користувачем [Сусло Тетяна].
[10-Oct-2024 14:59:00 Europe/Helsinki] EditDATA [INFO] Для заявки Повірка від 10.10.2024 користувачем [Коваль Людмила] змінено виконавця з ЗАПЛАНОВАНІ на Богомаз.
[10-Oct-2024 15:00:10 Europe/Helsinki] EditDATA [INFO] Для заявки Повірка від 09.10.2024 користувачем [Коваль Людмила] змінено виконавця з ЗАПЛАНОВАНІ на Осипенко.
[10-Oct-2024 15:00:21 Europe/Helsinki] EditDATA [INFO] Для заявки Повірка від 10.10.2024 користувачем [Коваль Людмила] змінено виконавця з ЗАПЛАНОВАНІ на Осипенко.
[10-Oct-2024 15:00:47 Europe/Helsinki] EditDATA [INFO] Для заявки Повірка від 09.10.2024 користувачем [Коваль Людмила] змінено виконавця з ЗАПЛАНОВАНІ на Осипенко.
[10-Oct-2024 15:01:01 Europe/Helsinki] EditDATA [INFO] Для заявки Повірка від 08.10.2024 користувачем [Коваль Людмила] змінено виконавця з ЗАПЛАНОВАНІ на Осипенко.
[10-Oct-2024 15:01:20 Europe/Helsinki] EditDATA [INFO] Для заявки Повірка від 09.10.2024 користувачем [Коваль Людмила] змінено виконавця з ЗАПЛАНОВАНІ на Осипенко.
[10-Oct-2024 15:01:31 Europe/Helsinki] EditDATA [INFO] Для заявки Повірка від 09.10.2024 користувачем [Коваль Людмила] змінено виконавця з ЗАПЛАНОВАНІ на Осипенко.
[10-Oct-2024 15:02:03 Europe/Helsinki] EditDATA [INFO] Для заявки Повірка від 09.10.2024 користувачем [Коваль Людмила] змінено виконавця з ЗАПЛАНОВАНІ на Богомаз.
[10-Oct-2024 15:02:54 Europe/Helsinki] EditDATA [INFO] Для заявки Повірка від 10.10.2024 користувачем [Коваль Людмила] змінено виконавця з ЗАПЛАНОВАНІ на Богомаз.
[10-Oct-2024 15:03:08 Europe/Helsinki] EditDATA [INFO] Для заявки Повірка від 09.10.2024 користувачем [Коваль Людмила] змінено виконавця з ЗАПЛАНОВАНІ на Осипенко.
[10-Oct-2024 15:03:18 Europe/Helsinki] EditDATA [INFO] Для заявки Повірка від 07.10.2024 користувачем [Коваль Людмила] змінено виконавця з ЗАПЛАНОВАНІ на Осипенко.
[10-Oct-2024 15:03:30 Europe/Helsinki] EditDATA [INFO] Для заявки Повірка від 09.10.2024 користувачем [Коваль Людмила] змінено виконавця з ЗАПЛАНОВАНІ на Осипенко.
[10-Oct-2024 15:03:38 Europe/Helsinki] EditDATA [INFO] Для заявки Повірка від 07.10.2024 користувачем [Коваль Людмила] змінено виконавця з ЗАПЛАНОВАНІ на Осипенко.
[10-Oct-2024 15:10:33 Europe/Helsinki] EditDATA [INFO] Для заявки Повірка від 09.10.2024 користувачем [Сусло Тетяна] змінено примітки з 8-13 на 8-14, за 1 год.
[10-Oct-2024 15:17:40 Europe/Helsinki] NewDATA [INFO] Нова адреса вул. Незалежності, буд. 16, кв. 70, тел. +38 (068) 730-92-95 додана до БД користувачем [Сусло Тетяна].
[10-Oct-2024 15:18:21 Europe/Helsinki] NewDATA [INFO] Нова заявка Повірка, адреса: вул. Незалежності 16, кв. 70, лічильники: БЕЗ НОМЕРА - 2 шт., вартість: 600 грн., примітки: 8-13, за 20 хв додано до БД користувачем [Сусло Тетяна].
[2024-10-10T15:18:31.078] [INFO] DataBase - У заявці Повірка від 10 жовтня 2024 р. за адресою вул. Незалежності, буд. 16, кв. 70 додано виконавця ЗАПЛАНОВАНІ та додано дату виконання 16 жовтня 2024 р. користувачем [Сусло Тетяна].
[10-Oct-2024 15:20:45 Europe/Helsinki] NewDATA [INFO] Нова адреса вул. Захисників України, буд. 11, кв. 78, тел. +38 (093) 579-90-51 додана до БД користувачем [Коваль Людмила].
[10-Oct-2024 15:21:30 Europe/Helsinki] NewDATA [INFO] Нова заявка Повірка, адреса: вул. Захисників України 11, кв. 78, лічильники: БЕЗ НОМЕРА - 2 шт., вартість: 600 грн., примітки: 13-17,пер.за 30 хв додано до БД користувачем [Коваль Людмила].
[2024-10-10T15:21:56.104] [INFO] DataBase - У заявці Повірка від 10 жовтня 2024 р. за адресою вул. Захисників України, буд. 11, кв. 78 додано виконавця Ващенко та додано дату виконання 11 жовтня 2024 р. користувачем [Коваль Людмила].
[10-Oct-2024 15:23:21 Europe/Helsinki] NewDATA [INFO] Нова заявка Повірка, адреса: вул. Генерала Пухова 105, кв. 57, лічильники: БЕЗ НОМЕРА - 4 шт., вартість: 1200 грн., примітки: до 15.пораньше додано до БД користувачем [Коваль Людмила].
[2024-10-10T15:24:00.584] [INFO] DataBase - У заявці Повірка від 10 жовтня 2024 р. за адресою вул. Захисників України, буд. 1, кв. 36 додано виконавця ЗАПЛАНОВАНІ та додано дату виконання 14 жовтня 2024 р. користувачем [Коваль Людмила].
[2024-10-10T15:24:18.128] [INFO] DataBase - У заявці Повірка від 10 жовтня 2024 р. за адресою вул. Генерала Пухова, буд. 105, кв. 57 додано виконавця ЗАПЛАНОВАНІ та додано дату виконання 11 жовтня 2024 р. користувачем [Коваль Людмила].
[10-Oct-2024 15:24:29 Europe/Helsinki] EditDATA [INFO] Для заявки Повірка від 10.10.2024 користувачем [Коваль Людмила] змінено виконавця з ЗАПЛАНОВАНІ на Ващенко.
[10-Oct-2024 15:39:55 Europe/Helsinki] EditDATA [INFO] В заявці Повірка від 10.10.2024 за адресою вул. Ціолковського, буд. 12, кв. 99 було видалено БЕЗ НОМЕРУ - 1 шт. користувачем [Сусло Тетяна].
[10-Oct-2024 15:42:09 Europe/Helsinki] NewDATA [INFO] Нова заявка Заміна, адреса: вул. Ціолковського 12, кв. 99, лічильники: БЕЗ НОМЕРА - 1 шт., виконавець: Баранов, вартість: 1060 грн., примітки: 13- 17, за 30 хв, 1 гв, туалет додано до БД користувачем [Сусло Тетяна].
[2024-10-10T15:42:12.348] [INFO] DataBase - У заявці Заміна від 10 жовтня 2024 р. за адресою вул. Ціолковського, буд. 12, кв. 99 додано дату виконання 15 жовтня 2024 р. користувачем [Сусло Тетяна].
[10-Oct-2024 15:42:20 Europe/Helsinki] EditDATA [INFO] За адресою вул. Генерала Пухова 51, кв. 18 користувачем [Сміян Альона] змінені номери телефонів з +38(067)969-11-40 на +38(067)755-61-00, при створенні нової заявки [Повірка] від 10.10.2024.
[10-Oct-2024 15:42:20 Europe/Helsinki] NewDATA [INFO] Нова заявка Повірка, адреса: вул. Генерала Пухова 51, кв. 18, лічильники: БЕЗ НОМЕРА - 2 шт., вартість: 600 грн., примітки: 13-15 30хв 0681935385-соседка додано до БД користувачем [Сміян Альона].
[2024-10-10T15:42:32.369] [INFO] DataBase - У заявці Повірка від 10 жовтня 2024 р. за адресою вул. Генерала Пухова, буд. 51, кв. 18 додано виконавця Ващенко та додано дату виконання 11 жовтня 2024 р. користувачем [Сміян Альона].
[10-Oct-2024 15:46:11 Europe/Helsinki] EditDATA [INFO] Для заявки Повірка від 10.10.2024 користувачем [Сміян Альона] змінено виконавця з Ващенко на Сірий.
[10-Oct-2024 16:01:01 Europe/Helsinki] EditDATA [INFO] За адресою вул. Текстильників 9 корпус А, кв. 7 користувачем [Сусло Тетяна] змінені номери телефонів з +38(063)597-71-45, +38(063)125-12-95 на +38(063)597-71-45, при створенні нової заявки [Повірка] від 10.10.2024.
[10-Oct-2024 16:01:01 Europe/Helsinki] NewDATA [INFO] Нова заявка Повірка, адреса: вул. Текстильників 9 корпус А, кв. 7, лічильники: БЕЗ НОМЕРА - 2 шт., вартість: 600 грн., примітки: 13-17 додано до БД користувачем [Сусло Тетяна].
[2024-10-10T16:01:09.199] [INFO] DataBase - У заявці Повірка від 10 жовтня 2024 р. за адресою вул. Текстильників, буд. 9, корп. А, кв. 7 додано виконавця ЗАПЛАНОВАНІ та додано дату виконання 16 жовтня 2024 р. користувачем [Сусло Тетяна].
[10-Oct-2024 16:06:14 Europe/Helsinki] EditDATA [INFO] В заявці Повірка від 10.10.2024 за адресою вул. Текстильників, буд. 9, корп. А, кв. 7 було видалено БЕЗ НОМЕРУ - 1 шт. користувачем [Сусло Тетяна].
[10-Oct-2024 16:10:04 Europe/Helsinki] NewDATA [INFO] Нова заявка Повірка, адреса: вул. Шевченка 51, кв. 62, лічильники: БЕЗ НОМЕРА - 1 шт., вартість: 300 грн., примітки: на 8.00 додано до БД користувачем [Коваль Людмила].
[2024-10-10T16:10:21.066] [INFO] DataBase - У заявці Повірка від 10 жовтня 2024 р. за адресою вул. Шевченка, буд. 51, кв. 62 додано виконавця ЗАПЛАНОВАНІ та додано дату виконання 15 жовтня 2024 р. користувачем [Коваль Людмила].
[10-Oct-2024 16:21:11 Europe/Helsinki] NewDATA [INFO] Нова адреса вул. Самоквасова Дмитра, буд. 9, кв. 43, тел. +38 (067) 886-20-28 додана до БД користувачем [Сміян Альона].
[10-Oct-2024 16:21:37 Europe/Helsinki] NewDATA [INFO] Нова заявка Повірка, адреса: вул. Самоквасова Дмитра 9, кв. 43, лічильники: БЕЗ НОМЕРА - 2 шт., вартість: 600 грн., примітки: 8-13 додано до БД користувачем [Сміян Альона].
[2024-10-10T16:21:41.752] [INFO] DataBase - У заявці Повірка від 10 жовтня 2024 р. за адресою вул. Самоквасова Дмитра, буд. 9, кв. 43 додано виконавця ЗАПЛАНОВАНІ та додано дату виконання 14 жовтня 2024 р. користувачем [Сміян Альона].
[10-Oct-2024 16:29:10 Europe/Helsinki] NewDATA [INFO] Нова адреса вул. Доценка, буд. 25, корп. В, кв. 17, тел. +38 (093) 235-43-14 додана до БД користувачем [Сусло Тетяна].
[10-Oct-2024 16:29:41 Europe/Helsinki] NewDATA [INFO] Нова заявка Повірка, адреса: вул. Доценка 25 корпус В, кв. 17, лічильники: БЕЗ НОМЕРА - 2 шт., вартість: 600 грн., примітки: 13-17 додано до БД користувачем [Сусло Тетяна].
[2024-10-10T16:29:47.465] [INFO] DataBase - У заявці Повірка від 10 жовтня 2024 р. за адресою вул. Доценка, буд. 25, корп. В, кв. 17 додано виконавця ЗАПЛАНОВАНІ та додано дату виконання 14 жовтня 2024 р. користувачем [Сусло Тетяна].
