[02-Jan-2025 08:31:19 Europe/Helsinki] DellTASK [INFO] Повірка від 26.12.2024 для адреси вул. Всіхсвятська, буд. 6, кв. 95 для лічильника БЕЗ НОМЕРА - 2 шт. було завершено користувачем [Коваль Людмила] з коментарем: виконано.
[02-Jan-2025 08:31:36 Europe/Helsinki] DellTASK [INFO] Повірка від 30.12.2024 для адреси вул. Шевченка, буд. 110, кв. 41 для лічильника БЕЗ НОМЕРА - 4 шт. було завершено користувачем [Коваль Людмила] з коментарем: виконано.
[02-Jan-2025 08:32:12 Europe/Helsinki] DellTASK [INFO] Повірка від 27.12.2024 для адреси вул. Доценка, буд. 25, корп. В, кв. 41 для лічильника БЕЗ НОМЕРА - 1 шт. було завершено користувачем [Коваль Людмила] з коментарем: виконано.
[02-Jan-2025 08:32:28 Europe/Helsinki] DellTASK [INFO] Повірка від 26.12.2024 для адреси вул. Захисників України, буд. 14, корп. Б, кв. 112 для лічильника БЕЗ НОМЕРА - 1 шт. було завершено користувачем [Коваль Людмила] з коментарем: виконано.
[02-Jan-2025 08:32:41 Europe/Helsinki] DellTASK [INFO] Повірка від 26.12.2024 для адреси просп. Грушевського Михайла, буд. 165, корп. 2, кв. 33 для лічильника БЕЗ НОМЕРА - 2 шт. було завершено користувачем [Коваль Людмила] з коментарем: виконано.
[02-Jan-2025 08:33:06 Europe/Helsinki] DellTASK [INFO] Повірка від 27.12.2024 для адреси просп. Грушевського Михайла, буд. 163, кв. 53 для лічильника БЕЗ НОМЕРА - 4 шт. було завершено користувачем [Коваль Людмила] з коментарем: виконано.
[02-Jan-2025 08:33:55 Europe/Helsinki] NewDATA [INFO] Новий лічильник номер: 229771, тип: КВ-1,5 => DN 15, рік випуску: 2005, показники: 0, балансоутримувач: КП "ВДК" додано до БД користувачем [Коваль Людмила].
[02-Jan-2025 08:34:20 Europe/Helsinki] NewDATA [INFO] Новий лічильник номер: 292736, тип: КВ-1,5 => DN 15, рік випуску: 2005, показники: 0, балансоутримувач: АТ "ОТКЕ" додано до БД користувачем [Коваль Людмила].
[02-Jan-2025 08:34:41 Europe/Helsinki] NewDATA [INFO] Новий лічильник номер: 210979, тип: КВ-1,5 => DN 15, рік випуску: 2005, показники: 0, балансоутримувач: КП "ВДК" додано до БД користувачем [Коваль Людмила].
[02-Jan-2025 08:35:14 Europe/Helsinki] NewDATA [INFO] Новий лічильник номер: 306003, тип: КВ-1,5 => DN 15, рік випуску: 2005, показники: 0, балансоутримувач: АТ "ОТКЕ" додано до БД користувачем [Коваль Людмила].
[02-Jan-2025 08:35:16 Europe/Helsinki] EditDATA [INFO] За адресою просп. Грушевського Михайла, буд. 163, кв. 53 користувачем [Коваль Людмила] було додано лічильники: 229771, 292736, 210979, 306003].
[02-Jan-2025 08:36:04 Europe/Helsinki] NewDATA [INFO] Новий лічильник номер: 567265, тип: КВ-1,5 => DN 15, рік випуску: 2003, показники: 0, балансоутримувач: КП "ВДК" додано до БД користувачем [Коваль Людмила].
[02-Jan-2025 08:36:31 Europe/Helsinki] NewDATA [INFO] Новий лічильник номер: 552787, тип: КВ-1,5 => DN 15, рік випуску: 2003, показники: 0, балансоутримувач: АТ "ОТКЕ" додано до БД користувачем [Коваль Людмила].
[02-Jan-2025 08:36:33 Europe/Helsinki] EditDATA [INFO] За адресою вул. Всіхсвятська, буд. 6, кв. 95 користувачем [Коваль Людмила] було додано лічильники: 567265, 552787].
[02-Jan-2025 08:37:59 Europe/Helsinki] NewDATA [INFO] Новий лічильник номер: 188876, тип: КВ-1,5 => DN 15, рік випуску: 2016, показники: 0, балансоутримувач: КП "ВДК" додано до БД користувачем [Коваль Людмила].
[02-Jan-2025 08:38:26 Europe/Helsinki] NewDATA [INFO] Новий лічильник номер: 028509, тип: КВ-1,5 => DN 15, рік випуску: 2020, показники: 0, балансоутримувач: АТ "ОТКЕ" додано до БД користувачем [Коваль Людмила].
[02-Jan-2025 08:38:29 Europe/Helsinki] EditDATA [INFO] За адресою просп. Грушевського Михайла, буд. 165, корп. 2, кв. 33 користувачем [Коваль Людмила] було додано лічильники: 188876, 028509].
[02-Jan-2025 08:39:39 Europe/Helsinki] NewDATA [INFO] Новий лічильник номер: 201903027692, тип: ETW-UA => DN 15, рік випуску: 2019, показники: 0, балансоутримувач: АТ "ОТКЕ" додано до БД користувачем [Коваль Людмила].
[02-Jan-2025 08:39:41 Europe/Helsinki] EditDATA [INFO] За адресою вул. Захисників України, буд. 14, корп. Б, кв. 112 користувачем [Коваль Людмила] було додано лічильники: 201903027692].
[02-Jan-2025 08:51:43 Europe/Helsinki] DellTASK [INFO] Заміна від 30.12.2024 для адреси вул. Незалежності, буд. 18, кв. 43 для лічильника БЕЗ НОМЕРА - 1 шт. було завершено користувачем [Сусло Тетяна] з коментарем: виконано.
[02-Jan-2025 08:52:14 Europe/Helsinki] DellTASK [INFO] Заміна від 26.12.2024 для адреси просп. Перемоги, буд. 25, кв. 60 для лічильника БЕЗ НОМЕРА - 1 шт. було завершено користувачем [Сусло Тетяна] з коментарем: виконано.
[02-Jan-2025 08:52:33 Europe/Helsinki] DellTASK [INFO] Заміна від 26.12.2024 для адреси просп. Перемоги, буд. 163, кв. 42 для лічильника БЕЗ НОМЕРА - 1 шт. було завершено користувачем [Сусло Тетяна] з коментарем: виконано.
[02-Jan-2025 09:06:38 Europe/Helsinki] NewDATA [INFO] Новий лічильник номер: 665689, тип: КВ-1,5 => DN 15, рік випуску: 2003, показники: 0, балансоутримувач: КП "ВДК" додано до БД користувачем [Коваль Людмила].
[02-Jan-2025 09:07:11 Europe/Helsinki] NewDATA [INFO] Новий лічильник номер: 686029, тип: КВ-1,5 => DN 15, рік випуску: 2003, показники: 0, балансоутримувач: АТ "ОТКЕ" додано до БД користувачем [Коваль Людмила].
[02-Jan-2025 09:07:38 Europe/Helsinki] NewDATA [INFO] Новий лічильник номер: 685941, тип: КВ-1,5 => DN 15, рік випуску: 2003, показники: 0, балансоутримувач: КП "ВДК" додано до БД користувачем [Коваль Людмила].
[02-Jan-2025 09:07:41 Europe/Helsinki] EditDATA [INFO] За адресою просп. Миру, буд. 52, кв. 24 користувачем [Коваль Людмила] було додано лічильники: 665689, 686029, 685941].
[02-Jan-2025 09:09:05 Europe/Helsinki] NewDATA [INFO] Новий лічильник номер: 540170, тип: КВ-1,5 => DN 15, рік випуску: 2009, показники: 0, балансоутримувач: КП "ВДК" додано до БД користувачем [Коваль Людмила].
[02-Jan-2025 09:09:31 Europe/Helsinki] NewDATA [INFO] Новий лічильник номер: 533766, тип: КВ-1,5 => DN 15, рік випуску: 2004, показники: 0, балансоутримувач: АТ "ОТКЕ" додано до БД користувачем [Коваль Людмила].
[02-Jan-2025 09:10:02 Europe/Helsinki] NewDATA [INFO] Новий лічильник номер: 325654, тип: КВ-1,5 => DN 15, рік випуску: 2013, показники: 0, балансоутримувач: КП "ВДК" додано до БД користувачем [Коваль Людмила].
[02-Jan-2025 09:10:05 Europe/Helsinki] EditDATA [INFO] За адресою вул. Шевченка, буд. 110, кв. 41 користувачем [Коваль Людмила] було додано лічильники: 540170, 533766, 325654].
[02-Jan-2025 09:12:22 Europe/Helsinki] NewDATA [INFO] Нова заявка Заміна, адреса: просп. Перемоги 25, кв. 19, лічильники: 101752667, виконавець: Баранов, вартість: 1060 грн., примітки: 8-13, 1 хв, №101752667 додано до БД користувачем [Сусло Тетяна].
[2025-01-02T09:12:26.586] [INFO] DataBase - У заявці Заміна від 2 січня 2025 р. за адресою просп. Перемоги, буд. 25, кв. 19 додано дату виконання 6 січня 2025 р. користувачем [Сусло Тетяна].
[02-Jan-2025 09:20:41 Europe/Helsinki] EditDATA [INFO] За адресою просп. Миру 271 корпус А, кв. 153 користувачем [Коваль Людмила] змінені номери телефонів з +38(093)801-07-29, +38(0462)63-39-16 на +38(093)801-07-29, при створенні нової заявки [Повірка] від 02.01.2025.
[02-Jan-2025 09:20:41 Europe/Helsinki] NewDATA [INFO] Нова заявка Повірка, адреса: просп. Миру 271 корпус А, кв. 153, лічильники: БЕЗ НОМЕРА - 2 шт., вартість: 600 грн., примітки: 8-10 додано до БД користувачем [Коваль Людмила].
[2025-01-02T09:20:45.647] [INFO] DataBase - У заявці Повірка від 2 січня 2025 р. за адресою просп. Миру, буд. 271, корп. А, кв. 153 додано виконавця ЗАПЛАНОВАНІ та додано дату виконання 6 січня 2025 р. користувачем [Коваль Людмила].
[02-Jan-2025 09:24:31 Europe/Helsinki] NewDATA [INFO] Нова адреса просп. Левка Лукяненка, буд. 37, кв. 74, тел. +38 (063) 622-81-41 додана до БД користувачем [Коваль Людмила].
[02-Jan-2025 09:25:07 Europe/Helsinki] NewDATA [INFO] Нова заявка Повірка, адреса: просп. Левка Лукяненка 37, кв. 74, лічильники: БЕЗ НОМЕРА - 4 шт., вартість: 1200 грн., примітки: 8-13 додано до БД користувачем [Коваль Людмила].
[2025-01-02T09:25:12.599] [INFO] DataBase - У заявці Повірка від 2 січня 2025 р. за адресою просп. Левка Лукяненка, буд. 37, кв. 74 додано виконавця ЗАПЛАНОВАНІ та додано дату виконання 6 січня 2025 р. користувачем [Коваль Людмила].
[02-Jan-2025 09:36:37 Europe/Helsinki] NewDATA [INFO] Нова адреса просп. Перемоги, буд. 193, кв. 32, тел. +38 (068) 386-11-35 додана до БД користувачем [Сусло Тетяна].
[02-Jan-2025 09:38:10 Europe/Helsinki] NewDATA [INFO] Нова заявка Повірка, адреса: просп. Перемоги 193, кв. 32, лічильники: БЕЗ НОМЕРА - 1 шт., вартість: 300 грн., примітки: 8-13, за 1 год(сусідка підійде), код238 додано до БД користувачем [Сусло Тетяна].
[2025-01-02T09:38:42.570] [INFO] DataBase - У заявці Повірка від 2 січня 2025 р. за адресою просп. Перемоги, буд. 193, кв. 32 додано виконавця ЗАПЛАНОВАНІ та додано дату виконання 3 січня 2025 р. користувачем [Сусло Тетяна].
[02-Jan-2025 09:43:37 Europe/Helsinki] NewDATA [INFO] Нова заявка Повірка, адреса: вул. Кореня Терентія 9, кв. 125, лічильники: БЕЗ НОМЕРА - 1 шт., вартість: 300 грн., примітки: 8-13 додано до БД користувачем [Коваль Людмила].
[2025-01-02T09:43:52.632] [INFO] DataBase - У заявці Повірка від 2 січня 2025 р. за адресою вул. Кореня Терентія, буд. 9, кв. 125 додано виконавця ЗАПЛАНОВАНІ та додано дату виконання 6 січня 2025 р. користувачем [Коваль Людмила].
[02-Jan-2025 09:44:34 Europe/Helsinki] NewDATA [INFO] Нова адреса вул. Старобілоуська, буд. 25, корп. Б, кв. 14, тел. +38 (097) 719-81-85 додана до БД користувачем [Коваль Людмила].
[02-Jan-2025 09:45:11 Europe/Helsinki] NewDATA [INFO] Нова заявка Повірка, адреса: вул. Старобілоуська 25 корпус Б, кв. 14, лічильники: БЕЗ НОМЕРА - 2 шт., вартість: 600 грн., примітки: 8-13 додано до БД користувачем [Коваль Людмила].
[2025-01-02T09:45:17.001] [INFO] DataBase - У заявці Повірка від 2 січня 2025 р. за адресою вул. Старобілоуська, буд. 25, корп. Б, кв. 14 додано виконавця ЗАПЛАНОВАНІ та додано дату виконання 6 січня 2025 р. користувачем [Коваль Людмила].
[02-Jan-2025 09:56:46 Europe/Helsinki] NewDATA [INFO] Нова адреса вул. Шевченка, буд. 99, корп. Б, кв. 103, тел. +38 (097) 774-25-55 додана до БД користувачем [Коваль Людмила].
[02-Jan-2025 09:58:28 Europe/Helsinki] NewDATA [INFO] Нова заявка Повірка, адреса: вул. Шевченка 99 корпус Б, кв. 103, лічильники: БЕЗ НОМЕРА - 1 шт., вартість: 300 грн., примітки: 8-13,пер.за час додано до БД користувачем [Коваль Людмила].
[2025-01-02T09:58:42.688] [INFO] DataBase - У заявці Повірка від 2 січня 2025 р. за адресою вул. Шевченка, буд. 99, корп. Б, кв. 103 додано виконавця ЗАПЛАНОВАНІ та додано дату виконання 7 січня 2025 р. користувачем [Коваль Людмила].
[02-Jan-2025 09:59:32 Europe/Helsinki] NewDATA [INFO] Нова адреса вул. Шевченка, буд. 97, корп. А, кв. 52, тел. +38 (097) 774-25-55 додана до БД користувачем [Коваль Людмила].
[02-Jan-2025 10:00:06 Europe/Helsinki] NewDATA [INFO] Нова заявка Повірка, адреса: вул. Шевченка 97 корпус А, кв. 52, лічильники: БЕЗ НОМЕРА - 1 шт., вартість: 300 грн., примітки: 8-13,пер.за час додано до БД користувачем [Коваль Людмила].
[2025-01-02T10:00:10.330] [INFO] DataBase - У заявці Повірка від 2 січня 2025 р. за адресою вул. Шевченка, буд. 97, корп. А, кв. 52 додано виконавця ЗАПЛАНОВАНІ та додано дату виконання 7 січня 2025 р. користувачем [Коваль Людмила].
[02-Jan-2025 10:06:03 Europe/Helsinki] NewDATA [INFO] Нова адреса вул. Космонавтів, буд. 4, кв. 55, тел. +38 (093) 252-64-95 додана до БД користувачем [Сусло Тетяна].
[02-Jan-2025 10:06:23 Europe/Helsinki] NewDATA [INFO] Нова заявка Повірка, адреса: вул. Космонавтів 4, кв. 55, лічильники: БЕЗ НОМЕРА - 2 шт., вартість: 600 грн., примітки: 8-13 додано до БД користувачем [Сусло Тетяна].
[2025-01-02T10:06:26.849] [INFO] DataBase - У заявці Повірка від 2 січня 2025 р. за адресою вул. Космонавтів, буд. 4, кв. 55 додано виконавця ЗАПЛАНОВАНІ та додано дату виконання 23 січня 2025 р. користувачем [Сусло Тетяна].
[02-Jan-2025 12:05:00 Europe/Helsinki] NewDATA [INFO] Нова заявка Заміна, адреса: просп. Левка Лукяненка 70, кв. 77, лічильники: 320331, виконавець: Баранов, вартість: 350 грн., примітки: 13-17, за 1 год додано до БД користувачем [Сусло Тетяна].
[2025-01-02T12:05:11.458] [INFO] DataBase - У заявці Заміна від 2 січня 2025 р. за адресою просп. Левка Лукяненка, буд. 70, кв. 77 додано дату виконання 3 січня 2025 р. користувачем [Сусло Тетяна].
[02-Jan-2025 12:05:29 Europe/Helsinki] EditDATA [INFO] Для заявки Заміна від 02.01.2025 користувачем [Сусло Тетяна] змінено примітки з 13-17, за 1 год на 13-17, за 1 год, 1 хв, с/в, №320331.
[02-Jan-2025 12:16:09 Europe/Helsinki] NewDATA [INFO] Нова заявка Заміна, адреса: вул. Небаби Мартина 100, кв. 34, лічильники: 455483, вартість: 1060 грн., примітки: 8-13, 1 хв, с/в, №455483 додано до БД користувачем [Сусло Тетяна].
[02-Jan-2025 12:16:22 Europe/Helsinki] EditDATA [INFO] Для заявки Заміна від 02.01.2025 користувачем [Сусло Тетяна] додано виконавця Баранов.
[2025-01-02T12:16:30.777] [INFO] DataBase - У заявці Заміна від 2 січня 2025 р. за адресою вул. Небаби Мартина, буд. 100, кв. 34 додано дату виконання 3 січня 2025 р. користувачем [Сусло Тетяна].
[02-Jan-2025 12:40:40 Europe/Helsinki] EditDATA [INFO] За адресою вул. Мазепи Івана 60 корпус А, кв. 27 користувачем [Сусло Тетяна] змінені номери телефонів з +38(0462)63-84-22, +38(063)997-47-79, +38(452)253-39-20 на +38(099)306-75-96, при створенні нової заявки [Повірка] від 02.01.2025.
[02-Jan-2025 12:40:40 Europe/Helsinki] NewDATA [INFO] Нова заявка Повірка, адреса: вул. Мазепи Івана 60 корпус А, кв. 27, лічильники: БЕЗ НОМЕРА - 2 шт., вартість: 600 грн., примітки: 8-13, за 30 хв додано до БД користувачем [Сусло Тетяна].
[2025-01-02T12:40:50.360] [INFO] DataBase - У заявці Повірка від 2 січня 2025 р. за адресою вул. Мазепи Івана, буд. 60, корп. А, кв. 27 додано виконавця ЗАПЛАНОВАНІ та додано дату виконання 6 січня 2025 р. користувачем [Сусло Тетяна].
[02-Jan-2025 12:41:51 Europe/Helsinki] NewDATA [INFO] Нова адреса вул. Жабинського, буд. 9, кв. 35, тел. +38 (096) 008-51-31 додана до БД користувачем [Сусло Тетяна].
[02-Jan-2025 12:45:35 Europe/Helsinki] NewDATA [INFO] Нова заявка Повірка, адреса: вул. Жабинського 9, кв. 35, лічильники: БЕЗ НОМЕРА - 2 шт., вартість: 600 грн., примітки: 8-13 додано до БД користувачем [Сусло Тетяна].
[2025-01-02T12:45:40.180] [INFO] DataBase - У заявці Повірка від 2 січня 2025 р. за адресою вул. Жабинського, буд. 9, кв. 35 додано виконавця ЗАПЛАНОВАНІ та додано дату виконання 10 січня 2025 р. користувачем [Сусло Тетяна].
[02-Jan-2025 13:11:41 Europe/Helsinki] NewDATA [INFO] Нова заявка Заміна, адреса: просп. Грушевського Михайла 165 корпус 2, кв. 33, лічильники: 028509, виконавець: Баранов, вартість: 350 грн., примітки: 11-14, за 1 год, с/в, №028509 додано до БД користувачем [Сусло Тетяна].
[2025-01-02T13:11:45.082] [INFO] DataBase - У заявці Заміна від 2 січня 2025 р. за адресою просп. Грушевського Михайла, буд. 165, корп. 2, кв. 33 додано дату виконання 3 січня 2025 р. користувачем [Сусло Тетяна].
[02-Jan-2025 13:16:03 Europe/Helsinki] EditDATA [INFO] Для заявки Повірка від 27.12.2024 користувачем [Коваль Людмила] змінено виконавця з ЗАПЛАНОВАНІ на Осипенко.
[02-Jan-2025 13:16:18 Europe/Helsinki] EditDATA [INFO] Для заявки Повірка від 26.12.2024 користувачем [Коваль Людмила] змінено виконавця з ЗАПЛАНОВАНІ на Осипенко.
[02-Jan-2025 13:17:17 Europe/Helsinki] EditDATA [INFO] Для заявки Повірка від 02.01.2025 користувачем [Коваль Людмила] змінено виконавця з ЗАПЛАНОВАНІ на Сірий.
[02-Jan-2025 13:17:26 Europe/Helsinki] EditDATA [INFO] Для заявки Повірка від 30.12.2024 користувачем [Коваль Людмила] змінено виконавця з ЗАПЛАНОВАНІ на Сірий.
[02-Jan-2025 13:18:39 Europe/Helsinki] NewDATA [INFO] Нова заявка Заміна, адреса: просп. Миру 52, кв. 24, лічильники: 665689, БЕЗ НОМЕРА - 1 шт., виконавець: Баранов, вартість: 700 грн., примітки: після 14.00, за 30 хв, 1 гв(кухня), 1хв(с/в) додано до БД користувачем [Сусло Тетяна].
[2025-01-02T13:20:39.298] [INFO] DataBase - У заявці Заміна від 2 січня 2025 р. за адресою просп. Миру, буд. 52, кв. 24 додано дату виконання 3 січня 2025 р. користувачем [Сусло Тетяна].
[2025-01-02T13:20:42.113] [INFO] DataBase - У заявці Заміна від 2 січня 2025 р. за адресою просп. Миру, буд. 52, кв. 24 видалено дату виконання 3 січня 2025 р. користувачем [Сусло Тетяна].
[2025-01-02T13:20:44.738] [INFO] DataBase - У заявці Заміна від 2 січня 2025 р. за адресою просп. Миру, буд. 52, кв. 24 додано дату виконання 6 січня 2025 р. користувачем [Сусло Тетяна].
[02-Jan-2025 13:23:04 Europe/Helsinki] EditDATA [INFO] Для заявки Повірка від 26.12.2024 користувачем [Коваль Людмила] змінено виконавця з ЗАПЛАНОВАНІ на Сірий.
[02-Jan-2025 13:23:32 Europe/Helsinki] EditDATA [INFO] Для заявки Повірка від 30.12.2024 користувачем [Коваль Людмила] змінено виконавця з ЗАПЛАНОВАНІ на Сірий.
[02-Jan-2025 13:23:47 Europe/Helsinki] EditDATA [INFO] Для заявки Повірка від 30.12.2024 користувачем [Коваль Людмила] змінено виконавця з ЗАПЛАНОВАНІ на Сірий.
[02-Jan-2025 13:24:22 Europe/Helsinki] EditDATA [INFO] Для заявки Повірка від 30.12.2024 користувачем [Коваль Людмила] змінено виконавця з ЗАПЛАНОВАНІ на Ващенко.
[02-Jan-2025 13:24:37 Europe/Helsinki] EditDATA [INFO] Для заявки Повірка від 18.12.2024 користувачем [Коваль Людмила] змінено виконавця з ЗАПЛАНОВАНІ на Ващенко.
[02-Jan-2025 13:24:51 Europe/Helsinki] EditDATA [INFO] Для заявки Повірка від 30.12.2024 користувачем [Коваль Людмила] змінено виконавця з ЗАПЛАНОВАНІ на Ващенко.
[02-Jan-2025 13:25:35 Europe/Helsinki] EditDATA [INFO] Для заявки Повірка від 30.12.2024 користувачем [Коваль Людмила] змінено виконавця з ЗАПЛАНОВАНІ на Сірий.
[02-Jan-2025 13:25:47 Europe/Helsinki] EditDATA [INFO] Для заявки Повірка від 30.12.2024 користувачем [Коваль Людмила] змінено примітки з 13-17 на пер.за час.
[02-Jan-2025 13:26:21 Europe/Helsinki] EditDATA [INFO] Для заявки Повірка від 30.12.2024 користувачем [Коваль Людмила] змінено виконавця з ЗАПЛАНОВАНІ на Сірий.
[02-Jan-2025 13:27:10 Europe/Helsinki] EditDATA [INFO] Для заявки Повірка від 17.12.2024 користувачем [Коваль Людмила] змінено виконавця з ЗАПЛАНОВАНІ на Осипенко.
[02-Jan-2025 13:27:48 Europe/Helsinki] EditDATA [INFO] За адресою просп. Левка Лукяненка 28, кв. 45 користувачем [Сусло Тетяна] змінені номери телефонів з +38(0462)23-03-37 на +38(063)715-00-84, при створенні нової заявки [Заміна] від 02.01.2025.
[02-Jan-2025 13:27:48 Europe/Helsinki] NewDATA [INFO] Нова заявка Заміна, адреса: просп. Левка Лукяненка 28, кв. 45, лічильники: БЕЗ НОМЕРА - 4 шт., виконавець: Баранов, вартість: 4240 грн., примітки: 9-13,за 1 год, 2гв, 2 хв додано до БД користувачем [Сусло Тетяна].
[2025-01-02T13:27:52.502] [INFO] DataBase - У заявці Заміна від 2 січня 2025 р. за адресою просп. Левка Лукяненка, буд. 28, кв. 45 додано дату виконання 3 січня 2025 р. користувачем [Сусло Тетяна].
[02-Jan-2025 13:33:19 Europe/Helsinki] EditDATA [INFO] За адресою вул. курсанта Єськова 14 корпус А, кв. 17 користувачем [Коваль Людмила] змінені номери телефонів з +38(0462)69-53-91, +38(063)241-99-86 на +38(099)536-21-27, при створенні нової заявки [Повірка] від 02.01.2025.
[02-Jan-2025 13:33:19 Europe/Helsinki] NewDATA [INFO] Нова заявка Повірка, адреса: вул. курсанта Єськова 14 корпус А, кв. 17, лічильники: БЕЗ НОМЕРА - 2 шт., вартість: 600 грн., примітки: 8-13 додано до БД користувачем [Коваль Людмила].
[2025-01-02T13:33:30.815] [INFO] DataBase - У заявці Повірка від 2 січня 2025 р. за адресою вул. курсанта Єськова, буд. 14, корп. А, кв. 17 додано виконавця ЗАПЛАНОВАНІ та додано дату виконання 7 січня 2025 р. користувачем [Коваль Людмила].
[02-Jan-2025 13:34:39 Europe/Helsinki] EditDATA [INFO] За адресою вул. Генерала Пухова 142, кв. 108 користувачем [Коваль Людмила] змінені номери телефонів з +38(050)684-97-78, +38(093)566-73-70 на +38(050)684-97-78, +38(098)961-69-84, при створенні нової заявки [Повірка] від 02.01.2025.
[02-Jan-2025 13:34:39 Europe/Helsinki] NewDATA [INFO] Нова заявка Повірка, адреса: вул. Генерала Пухова 142, кв. 108, лічильники: БЕЗ НОМЕРА - 2 шт., вартість: 600 грн., примітки: 9-13 додано до БД користувачем [Коваль Людмила].
[2025-01-02T13:34:44.976] [INFO] DataBase - У заявці Повірка від 2 січня 2025 р. за адресою вул. Генерала Пухова, буд. 142, кв. 108 додано виконавця ЗАПЛАНОВАНІ та додано дату виконання 7 січня 2025 р. користувачем [Коваль Людмила].
[02-Jan-2025 13:35:33 Europe/Helsinki] NewDATA [INFO] Нова адреса вул. Доценка, буд. 26, кв. 65, тел. +38 (063) 585-09-99 додана до БД користувачем [Коваль Людмила].
[02-Jan-2025 13:36:37 Europe/Helsinki] NewDATA [INFO] Нова заявка Повірка, адреса: вул. Доценка 26, кв. 65, лічильники: БЕЗ НОМЕРА - 3 шт., вартість: 1200 грн., примітки: 8-13,пер.за час додано до БД користувачем [Коваль Людмила].
[2025-01-02T13:36:55.977] [INFO] DataBase - У заявці Повірка від 2 січня 2025 р. за адресою вул. Доценка, буд. 26, кв. 65 додано виконавця ЗАПЛАНОВАНІ та додано дату виконання 3 січня 2025 р. користувачем [Коваль Людмила].
[02-Jan-2025 13:37:03 Europe/Helsinki] EditDATA [INFO] Для заявки Повірка від 02.01.2025 користувачем [Коваль Людмила] змінено виконавця з ЗАПЛАНОВАНІ на Осипенко.
[02-Jan-2025 13:37:28 Europe/Helsinki] EditDATA [INFO] Для заявки Повірка від 20.12.2024 користувачем [Коваль Людмила] змінено виконавця з ЗАПЛАНОВАНІ на Ващенко.
[02-Jan-2025 13:37:44 Europe/Helsinki] EditDATA [INFO] Для заявки Повірка від 30.12.2024 користувачем [Коваль Людмила] змінено виконавця з ЗАПЛАНОВАНІ на Ващенко.
[02-Jan-2025 14:15:53 Europe/Helsinki] EditDATA [INFO] Для заявки Заміна від 02.01.2025 користувачем [Сусло Тетяна] змінено примітки з 11-14, за 1 год, с/в, №028509 на 11-14, за 1 год(підїдуть), с/в, №028509.
[2025-01-02T14:32:27.944] [INFO] DataBase - У заявці Повірка від 2 січня 2025 р. за адресою вул. Мазепи Івана, буд. 60, корп. А, кв. 27 видалено виконавця ЗАПЛАНОВАНІ та видалено дату виконання 6 січня 2025 р. користувачем [Сусло Тетяна].
[2025-01-02T14:32:31.903] [INFO] DataBase - У заявці Повірка від 2 січня 2025 р. за адресою вул. Мазепи Івана, буд. 60, корп. А, кв. 27 додано виконавця ЗАПЛАНОВАНІ та додано дату виконання 9 січня 2025 р. користувачем [Сусло Тетяна].
[02-Jan-2025 15:07:55 Europe/Helsinki] EditDATA [INFO] За адресою просп. Миру 209, кв. 82 користувачем [Сусло Тетяна] додано номер телефону +38(098)444-07-04, при створенні нової заявки [Повірка] від 02.01.2025.
[02-Jan-2025 15:07:55 Europe/Helsinki] NewDATA [INFO] Нова заявка Повірка, адреса: просп. Миру 209, кв. 82, лічильники: БЕЗ НОМЕРА - 1 шт., вартість: 300 грн., примітки: 12-16 додано до БД користувачем [Сусло Тетяна].
[2025-01-02T15:07:58.022] [INFO] DataBase - У заявці Повірка від 2 січня 2025 р. за адресою просп. Миру, буд. 209, кв. 82 додано виконавця ЗАПЛАНОВАНІ та додано дату виконання 6 січня 2025 р. користувачем [Сусло Тетяна].
[02-Jan-2025 16:15:48 Europe/Helsinki] NewDATA [INFO] Нова адреса вул. Елеваторна, буд. 8, корп. А, кв. 9, тел. +38 (098) 429-92-76 додана до БД користувачем [Коваль Людмила].
[02-Jan-2025 16:16:17 Europe/Helsinki] NewDATA [INFO] Нова заявка Повірка, адреса: вул. Елеваторна 8 корпус А, кв. 9, лічильники: БЕЗ НОМЕРА - 1 шт., вартість: 300 грн., примітки: 8-13 додано до БД користувачем [Коваль Людмила].
[2025-01-02T16:16:21.593] [INFO] DataBase - У заявці Повірка від 2 січня 2025 р. за адресою вул. Елеваторна, буд. 8, корп. А, кв. 9 додано виконавця ЗАПЛАНОВАНІ та додано дату виконання 9 січня 2025 р. користувачем [Коваль Людмила].
[02-Jan-2025 16:17:43 Europe/Helsinki] EditDATA [INFO] За адресою вул. Рятувальників 35, кв. 43 користувачем [Коваль Людмила] змінені номери телефонів з +38(098)445-02-34, +38(093)355-17-59 на +38(073)036-78-38, при створенні нової заявки [Повірка] від 02.01.2025.
[02-Jan-2025 16:17:43 Europe/Helsinki] NewDATA [INFO] Нова заявка Повірка, адреса: вул. Рятувальників 35, кв. 43, лічильники: БЕЗ НОМЕРА - 2 шт., вартість: 600 грн., примітки: 8-13,пер.за 30 хв. додано до БД користувачем [Коваль Людмила].
[2025-01-02T16:17:48.923] [INFO] DataBase - У заявці Повірка від 2 січня 2025 р. за адресою вул. Рятувальників, буд. 35, кв. 43 додано виконавця ЗАПЛАНОВАНІ та додано дату виконання 7 січня 2025 р. користувачем [Коваль Людмила].
[02-Jan-2025 16:18:43 Europe/Helsinki] EditDATA [INFO] За адресою вул. Рятувальників 35, кв. 44 користувачем [Коваль Людмила] змінені номери телефонів з +38(093)621-74-33, +38(073)036-78-38, +38(066)340-90-31 на +38(073)036-78-38, при створенні нової заявки [Повірка] від 02.01.2025.
[02-Jan-2025 16:18:43 Europe/Helsinki] NewDATA [INFO] Нова заявка Повірка, адреса: вул. Рятувальників 35, кв. 44, лічильники: БЕЗ НОМЕРА - 2 шт., вартість: 600 грн., примітки: 8-13,пер.за 30 хв. додано до БД користувачем [Коваль Людмила].
[2025-01-02T16:18:51.979] [INFO] DataBase - У заявці Повірка від 2 січня 2025 р. за адресою вул. Рятувальників, буд. 35, кв. 44 додано виконавця ЗАПЛАНОВАНІ та додано дату виконання 7 січня 2025 р. користувачем [Коваль Людмила].

