[06-Mar-2025 08:27:50 Europe/Helsinki] EditDATA [INFO] Для заявки Повірка від 05.03.2025 користувачем [Коваль Людмила] змінено виконавця з ЗАПЛАНОВАНІ на Шкуліпа.
[06-Mar-2025 08:28:00 Europe/Helsinki] EditDATA [INFO] Для заявки Повірка від 05.03.2025 користувачем [Коваль Людмила] змінено виконавця з ЗАПЛАНОВАНІ на Шкуліпа.
[06-Mar-2025 08:28:10 Europe/Helsinki] EditDATA [INFO] Для заявки Повірка від 05.03.2025 користувачем [Коваль Людмила] змінено виконавця з ЗАПЛАНОВАНІ на Шкуліпа.
[06-Mar-2025 08:36:26 Europe/Helsinki] NewDATA [INFO] Нова адреса просп. Левка Лукяненка, буд. 2, корп. 1, кв. 54, тел. +38 (067) 460-84-08 додана до БД користувачем [Коваль Людмила].
[06-Mar-2025 08:37:11 Europe/Helsinki] NewDATA [INFO] Нова заявка Повірка, адреса: просп. Левка Лукяненка 2 корпус 1, кв. 54, лічильники: БЕЗ НОМЕРА - 2 шт., вартість: 600 грн., примітки: 13-17,пер.за час додано до БД користувачем [Коваль Людмила].
[2025-03-06T08:37:19.462] [INFO] DataBase - У заявці Повірка від 6 березня 2025 р. за адресою просп. Левка Лукяненка, буд. 2, корп. 1, кв. 54 додано виконавця ЗАПЛАНОВАНІ та додано дату виконання 17 березня 2025 р. користувачем [Коваль Людмила].
[06-Mar-2025 08:38:33 Europe/Helsinki] NewDATA [INFO] Нова адреса вул. Борисоглібська, буд. 3, кв. 18, тел. +38 (068) 385-17-67 додана до БД користувачем [Коваль Людмила].
[06-Mar-2025 08:38:59 Europe/Helsinki] NewDATA [INFO] Нова заявка Повірка, адреса: вул. Борисоглібська 3, кв. 18, лічильники: БЕЗ НОМЕРА - 1 шт., вартість: 300 грн., примітки: 8-13 додано до БД користувачем [Коваль Людмила].
[2025-03-06T08:39:07.494] [INFO] DataBase - У заявці Повірка від 6 березня 2025 р. за адресою вул. Борисоглібська, буд. 3, кв. 18 додано виконавця ЗАПЛАНОВАНІ та додано дату виконання 13 березня 2025 р. користувачем [Коваль Людмила].
[06-Mar-2025 08:39:58 Europe/Helsinki] NewDATA [INFO] Нова адреса вул. Рятувальників, буд. 24, кв. 3, тел. +38 (096) 362-81-38 додана до БД користувачем [Коваль Людмила].
[06-Mar-2025 08:40:28 Europe/Helsinki] NewDATA [INFO] Нова заявка Повірка, адреса: вул. Рятувальників 24, кв. 3, лічильники: БЕЗ НОМЕРА - 2 шт., вартість: 600 грн., примітки: 8-13 додано до БД користувачем [Коваль Людмила].
[2025-03-06T08:41:01.657] [INFO] DataBase - У заявці Повірка від 6 березня 2025 р. за адресою вул. Рятувальників, буд. 24, кв. 3 додано виконавця ЗАПЛАНОВАНІ та додано дату виконання 17 березня 2025 р. користувачем [Коваль Людмила].
[06-Mar-2025 08:46:10 Europe/Helsinki] EditDATA [INFO] Для заявки Повірка від 03.03.2025 користувачем [Коваль Людмила] змінено виконавця з ЗАПЛАНОВАНІ на Шкуліпа.
[06-Mar-2025 08:46:29 Europe/Helsinki] EditDATA [INFO] Для заявки Повірка від 03.03.2025 користувачем [Коваль Людмила] змінено виконавця з ЗАПЛАНОВАНІ на Шкуліпа.
[06-Mar-2025 08:48:17 Europe/Helsinki] EditDATA [INFO] Для заявки Повірка від 05.03.2025 користувачем [Коваль Людмила] змінено виконавця з ЗАПЛАНОВАНІ на Сірий.
[06-Mar-2025 08:48:43 Europe/Helsinki] EditDATA [INFO] Для заявки Повірка від 05.03.2025 користувачем [Коваль Людмила] змінено виконавця з ЗАПЛАНОВАНІ на Сірий.
[06-Mar-2025 08:48:54 Europe/Helsinki] EditDATA [INFO] Для заявки Повірка від 04.03.2025 користувачем [Коваль Людмила] змінено виконавця з ЗАПЛАНОВАНІ на Сірий.
[06-Mar-2025 08:49:03 Europe/Helsinki] EditDATA [INFO] Для заявки Повірка від 27.02.2025 користувачем [Коваль Людмила] змінено виконавця з ЗАПЛАНОВАНІ на Сірий.
[06-Mar-2025 08:49:13 Europe/Helsinki] EditDATA [INFO] Для заявки Повірка від 05.03.2025 користувачем [Коваль Людмила] змінено виконавця з ЗАПЛАНОВАНІ на Сірий.
[06-Mar-2025 09:15:05 Europe/Helsinki] EditDATA [INFO] За адресою вул. 1-ої танкової бригади 37 корпус 1, кв. 23 користувачем [Коваль Людмила] змінені номери телефонів з +38(0462)60-23-01 на +38(093)334-30-48, при створенні нової заявки [Повірка] від 06.03.2025.
[06-Mar-2025 09:15:05 Europe/Helsinki] NewDATA [INFO] Нова заявка Повірка, адреса: вул. 1-ої танкової бригади 37 корпус 1, кв. 23, лічильники: БЕЗ НОМЕРА - 2 шт., вартість: 600 грн., примітки: 8-10 додано до БД користувачем [Коваль Людмила].
[2025-03-06T09:18:18.168] [INFO] DataBase - У заявці Повірка від 6 березня 2025 р. за адресою вул. 1-ої танкової бригади, буд. 37, корп. 1, кв. 23 додано виконавця ЗАПЛАНОВАНІ та додано дату виконання 7 березня 2025 р. користувачем [Коваль Людмила].
[06-Mar-2025 10:53:27 Europe/Helsinki] EditDATA [INFO] Для заявки Повірка від 06.03.2025 користувачем [Коваль Людмила] змінено виконавця з ЗАПЛАНОВАНІ на Ващенко.
[06-Mar-2025 10:54:32 Europe/Helsinki] DellTASK [INFO] Повірка від 03.03.2025 для адреси вул. Незалежності, буд. 16, кв. 60 для лічильника БЕЗ НОМЕРА - 1 шт. було завершено користувачем [Коваль Людмила] з коментарем: виконано.
[06-Mar-2025 10:54:47 Europe/Helsinki] DellTASK [INFO] Повірка від 28.02.2025 для адреси вул. Нафтовиків, буд. 15, кв. 26 для лічильника БЕЗ НОМЕРА - 2 шт. було завершено користувачем [Коваль Людмила] з коментарем: виконано.
[06-Mar-2025 10:55:04 Europe/Helsinki] DellTASK [INFO] Повірка від 27.02.2025 для адреси вул. Козацька, буд. 22, кв. 7 для лічильника БЕЗ НОМЕРА - 1 шт. було завершено користувачем [Коваль Людмила] з коментарем: виконано.
[06-Mar-2025 10:55:25 Europe/Helsinki] DellTASK [INFO] Повірка від 26.02.2025 для адреси вул. Незалежності, буд. 82, кв. 49 для лічильника БЕЗ НОМЕРА - 2 шт. було завершено користувачем [Коваль Людмила] з коментарем: виконано.
[06-Mar-2025 10:55:40 Europe/Helsinki] DellTASK [INFO] Повірка від 26.02.2025 для адреси вул. Нафтовиків, буд. 10, кв. 15 для лічильника БЕЗ НОМЕРА - 1 шт. було завершено користувачем [Коваль Людмила] з коментарем: виконано.
[06-Mar-2025 10:56:04 Europe/Helsinki] DellTASK [INFO] Повірка від 19.02.2025 для адреси вул. Красносільського, буд. 21, кв. 45 для лічильника БЕЗ НОМЕРА - 1 шт. було завершено користувачем [Коваль Людмила] з коментарем: виконано.
[06-Mar-2025 10:56:22 Europe/Helsinki] NewDATA [INFO] Нова адреса вул. Тарновського Василя, буд. 12, кв. 14, тел. +38 (050) 010-60-81 додана до БД користувачем [Сусло Тетяна].
[06-Mar-2025 10:57:22 Europe/Helsinki] NewDATA [INFO] Нова заявка Заміна, адреса: вул. Тарновського Василя 12, кв. 14, лічильники: БЕЗ НОМЕРА - 1 шт., виконавець: Баранов, вартість: 350 грн., примітки: 8-13, за 30 хв, туалет, 1 хв додано до БД користувачем [Сусло Тетяна].
[2025-03-06T10:57:24.858] [INFO] DataBase - У заявці Заміна від 6 березня 2025 р. за адресою вул. Тарновського Василя, буд. 12, кв. 14 додано дату виконання 10 березня 2025 р. користувачем [Сусло Тетяна].
[06-Mar-2025 10:58:00 Europe/Helsinki] DellTASK [INFO] Повірка від 04.03.2025 для адреси вул. Шевченка, буд. 99, кв. 27 для лічильника БЕЗ НОМЕРА - 1 шт. було завершено користувачем [Коваль Людмила] з коментарем: виконано.
[06-Mar-2025 10:58:17 Europe/Helsinki] DellTASK [INFO] Повірка від 04.03.2025 для адреси вул. Мацієвського Олександра, буд. 2, кв. 13 для лічильника БЕЗ НОМЕРА - 3 шт. було завершено користувачем [Коваль Людмила] з коментарем: виконано.
[06-Mar-2025 10:58:32 Europe/Helsinki] EditDATA [INFO] За адресою вул. Генерала Пухова 51, кв. 44 користувачем [Сусло Тетяна] змінені номери телефонів з +38(093)794-60-65, +38(0462)95-00-83 на +38(093)794-60-65, при створенні нової заявки [Повірка] від 06.03.2025.
[06-Mar-2025 10:58:32 Europe/Helsinki] NewDATA [INFO] Нова заявка Повірка, адреса: вул. Генерала Пухова 51, кв. 44, лічильники: БЕЗ НОМЕРА - 1 шт., вартість: 300 грн., примітки: 8-13 додано до БД користувачем [Сусло Тетяна].
[2025-03-06T10:58:35.524] [INFO] DataBase - У заявці Повірка від 6 березня 2025 р. за адресою вул. Генерала Пухова, буд. 51, кв. 44 додано виконавця ЗАПЛАНОВАНІ та додано дату виконання 10 березня 2025 р. користувачем [Сусло Тетяна].
[06-Mar-2025 10:59:22 Europe/Helsinki] NewDATA [INFO] Нова заявка Повірка, адреса: вул. Льотна 43, кв. 75, лічильники: БЕЗ НОМЕРА - 2 шт., вартість: 600 грн., примітки: за 1 год додано до БД користувачем [Сусло Тетяна].
[06-Mar-2025 10:59:24 Europe/Helsinki] DellTASK [INFO] Повірка від 03.03.2025 для адреси просп. Левка Лукяненка, буд. 14, кв. 155 для лічильника БЕЗ НОМЕРА - 2 шт. було завершено користувачем [Коваль Людмила] з коментарем: виконано.
[2025-03-06T10:59:25.403] [INFO] DataBase - У заявці Повірка від 6 березня 2025 р. за адресою вул. Льотна, буд. 43, кв. 75 додано виконавця ЗАПЛАНОВАНІ та додано дату виконання 11 березня 2025 р. користувачем [Сусло Тетяна].
[06-Mar-2025 10:59:51 Europe/Helsinki] DellTASK [INFO] Повірка від 03.03.2025 для адреси просп. Левка Лукяненка, буд. 14, кв. 59 для лічильника БЕЗ НОМЕРА - 2 шт. було завершено користувачем [Коваль Людмила] з коментарем: виконано.
[06-Mar-2025 11:00:05 Europe/Helsinki] DellTASK [INFO] Повірка від 03.03.2025 для адреси вул. Промислова, буд. 2, корп. А, кв. 12 для лічильника БЕЗ НОМЕРА - 2 шт. було завершено користувачем [Коваль Людмила] з коментарем: виконано.
[06-Mar-2025 11:00:40 Europe/Helsinki] DellTASK [INFO] Повірка від 03.03.2025 для адреси вул. Хлібопекарська, буд. 18, кв. 20 для лічильника БЕЗ НОМЕРА - 2 шт. було завершено користувачем [Коваль Людмила] з коментарем: виконано.
[06-Mar-2025 11:00:53 Europe/Helsinki] DellTASK [INFO] Повірка від 17.02.2025 для адреси вул. Індустріальна, буд. 3, кв. 1 для лічильника БЕЗ НОМЕРА - 2 шт. було завершено користувачем [Коваль Людмила] з коментарем: виконано.
[06-Mar-2025 11:01:20 Europe/Helsinki] DellTASK [INFO] Повірка від 04.03.2025 для адреси вул. Березовського Максима, буд. 1, кв. 48 для лічильника БЕЗ НОМЕРА - 2 шт. було завершено користувачем [Коваль Людмила] з коментарем: виконано.
[06-Mar-2025 11:01:43 Europe/Helsinki] DellTASK [INFO] Повірка від 04.03.2025 для адреси вул. Космонавтів, буд. 14, кв. 23 для лічильника БЕЗ НОМЕРА - 2 шт. було завершено користувачем [Коваль Людмила] з коментарем: виконано.
[06-Mar-2025 11:09:48 Europe/Helsinki] DellTASK [INFO] Повірка від 03.03.2025 для адреси вул. Доценка, буд. 14, кв. 123 для лічильника БЕЗ НОМЕРА - 1 шт. було завершено користувачем [Коваль Людмила] з коментарем: виконано.
[06-Mar-2025 11:10:18 Europe/Helsinki] DellTASK [INFO] Повірка від 03.03.2025 для адреси вул. Доценка, буд. 30, кв. 63 для лічильника БЕЗ НОМЕРА - 2 шт. було завершено користувачем [Коваль Людмила] з коментарем: виконано.
[06-Mar-2025 11:10:33 Europe/Helsinki] DellTASK [INFO] Повірка від 24.02.2025 для адреси вул. Корольова, буд. 14, кв. 14 для лічильника БЕЗ НОМЕРА - 2 шт. було завершено користувачем [Коваль Людмила] з коментарем: виконано.
[06-Mar-2025 11:10:49 Europe/Helsinki] DellTASK [INFO] Повірка від 19.02.2025 для адреси вул. Березовського Максима, буд. 1, кв. 13 для лічильника БЕЗ НОМЕРА - 1 шт. було завершено користувачем [Коваль Людмила] з коментарем: виконано.
[06-Mar-2025 11:11:14 Europe/Helsinki] DellTASK [INFO] Повірка від 04.03.2025 для адреси вул. 1-ої танкової бригади, буд. 14, кв. 18 для лічильника БЕЗ НОМЕРА - 2 шт. було завершено користувачем [Коваль Людмила] з коментарем: не виконано.не було вдома.
[06-Mar-2025 11:17:35 Europe/Helsinki] NewDATA [INFO] Нова заявка Повірка, адреса: просп. Левка Лукяненка 36, кв. 54, лічильники: БЕЗ НОМЕРА - 2 шт., вартість: 600 грн., примітки: 8-13 додано до БД користувачем [Коваль Людмила].
[2025-03-06T11:17:42.614] [INFO] DataBase - У заявці Повірка від 6 березня 2025 р. за адресою просп. Левка Лукяненка, буд. 36, кв. 54 додано виконавця ЗАПЛАНОВАНІ та додано дату виконання 10 березня 2025 р. користувачем [Коваль Людмила].
[06-Mar-2025 11:18:36 Europe/Helsinki] NewDATA [INFO] Нова адреса просп. Левка Лукяненка, буд. 12, корп. 1, кв. 41, тел. +38 (068) 802-69-01 додана до БД користувачем [Коваль Людмила].
[06-Mar-2025 11:27:27 Europe/Helsinki] NewDATA [INFO] Нова заявка Повірка, адреса: просп. Левка Лукяненка 12 корпус 1, кв. 41, лічильники: БЕЗ НОМЕРА - 4 шт., вартість: 1200 грн., примітки: 9-13 додано до БД користувачем [Коваль Людмила].
[2025-03-06T11:27:31.943] [INFO] DataBase - У заявці Повірка від 6 березня 2025 р. за адресою просп. Левка Лукяненка, буд. 12, корп. 1, кв. 41 додано виконавця ЗАПЛАНОВАНІ та додано дату виконання 10 березня 2025 р. користувачем [Коваль Людмила].
[06-Mar-2025 11:28:20 Europe/Helsinki] NewDATA [INFO] Нова адреса вул. Старобілоуська, буд. 14, корп. В, кв. 11, тел. +38 (098) 483-71-58 додана до БД користувачем [Коваль Людмила].
[06-Mar-2025 11:42:43 Europe/Helsinki] NewDATA [INFO] Нова заявка Повірка, адреса: вул. Старобілоуська 14 корпус В, кв. 11, лічильники: БЕЗ НОМЕРА - 4 шт., вартість: 1200 грн., примітки: 13-17,пер.за час додано до БД користувачем [Коваль Людмила].
[2025-03-06T11:42:49.292] [INFO] DataBase - У заявці Повірка від 6 березня 2025 р. за адресою вул. Старобілоуська, буд. 14, корп. В, кв. 11 додано виконавця ЗАПЛАНОВАНІ та додано дату виконання 10 березня 2025 р. користувачем [Коваль Людмила].
[06-Mar-2025 11:43:42 Europe/Helsinki] NewDATA [INFO] Нова адреса вул. Пантелеймонівська, буд. 19, кв. 30, тел. +38 (063) 975-18-08 додана до БД користувачем [Коваль Людмила].
[06-Mar-2025 11:44:31 Europe/Helsinki] NewDATA [INFO] Нова заявка Заміна, адреса: вул. Пантелеймонівська 19, кв. 30, лічильники: БЕЗ НОМЕРА - 1 шт., вартість: 1060 грн., примітки: хол.с/в 8-13 додано до БД користувачем [Коваль Людмила].
[2025-03-06T11:44:39.364] [INFO] DataBase - У заявці Заміна від 6 березня 2025 р. за адресою вул. Пантелеймонівська, буд. 19, кв. 30 додано виконавця Баранов та додано дату виконання 10 березня 2025 р. користувачем [Коваль Людмила].
[06-Mar-2025 11:46:08 Europe/Helsinki] NewDATA [INFO] Новий лічильник номер: 011238, тип: КВ-1,5 => DN 15, рік випуску: 2001, показники: 0, балансоутримувач: АТ "ОТКЕ" додано до БД користувачем [Коваль Людмила].
[06-Mar-2025 11:46:10 Europe/Helsinki] EditDATA [INFO] За адресою вул. Березовського Максима, буд. 1, кв. 13 користувачем [Коваль Людмила] було додано лічильники: 011238].
[06-Mar-2025 11:49:51 Europe/Helsinki] NewDATA [INFO] Новий лічильник номер: 045581, тип: КВ-1,5 => DN 15, рік випуску: 2004, показники: 0, балансоутримувач: КП "ВДК" додано до БД користувачем [Коваль Людмила].
[06-Mar-2025 11:50:38 Europe/Helsinki] NewDATA [INFO] Новий лічильник номер: 045449, тип: КВ-1,5 => DN 15, рік випуску: 2004, показники: 0, балансоутримувач: АТ "ОТКЕ" додано до БД користувачем [Коваль Людмила].
[06-Mar-2025 11:50:40 Europe/Helsinki] EditDATA [INFO] За адресою вул. Березовського Максима, буд. 1, кв. 48 користувачем [Коваль Людмила] було додано лічильники: 045581, 045449].
[06-Mar-2025 11:51:53 Europe/Helsinki] NewDATA [INFO] Новий лічильник номер: 183819, тип: КВ-1,5 => DN 15, рік випуску: 2011, показники: 0, балансоутримувач: КП "ВДК" додано до БД користувачем [Коваль Людмила].
[06-Mar-2025 11:52:16 Europe/Helsinki] NewDATA [INFO] Новий лічильник номер: 356258, тип: КВ-1,5 => DN 15, рік випуску: 2011, показники: 0, балансоутримувач: АТ "ОТКЕ" додано до БД користувачем [Коваль Людмила].
[06-Mar-2025 11:52:18 Europe/Helsinki] EditDATA [INFO] За адресою вул. Корольова, буд. 14, кв. 14 користувачем [Коваль Людмила] було додано лічильники: 183819, 356258].
[06-Mar-2025 12:56:13 Europe/Helsinki] EditDATA [INFO] Для заявки Повірка від 05.03.2025 користувачем [Коваль Людмила] змінено виконавця з ЗАПЛАНОВАНІ на Ващенко.
[06-Mar-2025 12:56:36 Europe/Helsinki] EditDATA [INFO] Для заявки Повірка від 26.02.2025 користувачем [Коваль Людмила] змінено виконавця з ЗАПЛАНОВАНІ на Ващенко.
[06-Mar-2025 12:58:55 Europe/Helsinki] NewDATA [INFO] Новий лічильник номер: 038936, тип: КВ-1,5 => DN 15, рік випуску: 2016, показники: 0, балансоутримувач: КП "ВДК" додано до БД користувачем [Коваль Людмила].
[06-Mar-2025 12:59:32 Europe/Helsinki] NewDATA [INFO] Новий лічильник номер: 267633, тип: КВ-1,5 => DN 15, рік випуску: 2015, показники: 0, балансоутримувач: АТ "ОТКЕ" додано до БД користувачем [Коваль Людмила].
[06-Mar-2025 12:59:35 Europe/Helsinki] EditDATA [INFO] За адресою вул. Космонавтів, буд. 14, кв. 23 користувачем [Коваль Людмила] було додано лічильники: 038936, 267633].
[06-Mar-2025 13:00:29 Europe/Helsinki] NewDATA [INFO] Новий лічильник номер: 170421, тип: КВ-1,5 => DN 15, рік випуску: 2014, показники: 0, балансоутримувач: КП "ВДК" додано до БД користувачем [Коваль Людмила].
[06-Mar-2025 13:00:51 Europe/Helsinki] NewDATA [INFO] Новий лічильник номер: 166220, тип: КВ-1,5 => DN 15, рік випуску: 2014, показники: 0, балансоутримувач: АТ "ОТКЕ" додано до БД користувачем [Коваль Людмила].
[06-Mar-2025 13:00:54 Europe/Helsinki] EditDATA [INFO] За адресою вул. Доценка, буд. 30, кв. 63 користувачем [Коваль Людмила] було додано лічильники: 170421, 166220].
[06-Mar-2025 13:01:34 Europe/Helsinki] NewDATA [INFO] Новий лічильник номер: 157089, тип: КВ-1,5 => DN 15, рік випуску: 2013, показники: 0, балансоутримувач: КП "ВДК" додано до БД користувачем [Коваль Людмила].
[06-Mar-2025 13:01:36 Europe/Helsinki] EditDATA [INFO] За адресою вул. Доценка, буд. 14, кв. 123 користувачем [Коваль Людмила] було додано лічильники: 157089].
[06-Mar-2025 14:40:33 Europe/Helsinki] NewDATA [INFO] Нова адреса вул. Стуса Василя, буд. 15, кв. 49, тел. +38 (099) 063-80-52 додана до БД користувачем [Коваль Людмила].
[06-Mar-2025 14:41:10 Europe/Helsinki] NewDATA [INFO] Нова заявка Повірка, адреса: вул. Стуса Василя 15, кв. 49, лічильники: БЕЗ НОМЕРА - 4 шт., вартість: 1200 грн., примітки: 10-14,пер.за 30 хв. додано до БД користувачем [Коваль Людмила].
[2025-03-06T14:41:15.499] [INFO] DataBase - У заявці Повірка від 6 березня 2025 р. за адресою вул. Стуса Василя, буд. 15, кв. 49 додано виконавця ЗАПЛАНОВАНІ та додано дату виконання 11 березня 2025 р. користувачем [Коваль Людмила].
[06-Mar-2025 14:41:52 Europe/Helsinki] NewDATA [INFO] Нова адреса вул. Всіхсвятська, буд. 6, кв. 69, тел. +38 (097) 267-81-71 додана до БД користувачем [Коваль Людмила].
[06-Mar-2025 15:02:18 Europe/Helsinki] EditDATA [INFO] Для заявки Повірка від 05.03.2025 користувачем [Коваль Людмила] змінено виконавця з Ващенко на Шкуліпа.
[06-Mar-2025 15:02:32 Europe/Helsinki] EditDATA [INFO] Для заявки Повірка від 26.02.2025 користувачем [Коваль Людмила] змінено виконавця з Ващенко на Шкуліпа.
[06-Mar-2025 15:04:34 Europe/Helsinki] EditDATA [INFO] За адресою вул. Всіхсвятська 6, кв. 59 користувачем [Коваль Людмила] змінені номери телефонів з +38(067)345-56-10 на +38(097)267-81-71, при створенні нової заявки [Повірка] від 06.03.2025.
[06-Mar-2025 15:04:34 Europe/Helsinki] NewDATA [INFO] Нова заявка Повірка, адреса: вул. Всіхсвятська 6, кв. 59, лічильники: БЕЗ НОМЕРА - 4 шт., вартість: 1200 грн., примітки: 13-17 додано до БД користувачем [Коваль Людмила].
[2025-03-06T15:04:43.292] [INFO] DataBase - У заявці Повірка від 6 березня 2025 р. за адресою вул. Всіхсвятська, буд. 6, кв. 59 додано виконавця ЗАПЛАНОВАНІ та додано дату виконання 10 березня 2025 р. користувачем [Коваль Людмила].
[06-Mar-2025 15:17:10 Europe/Helsinki] NewDATA [INFO] Нова адреса вул. Пятницька, буд. 70, корп. 3, кв. 3, тел. +38 (050) 074-61-47 додана до БД користувачем [Коваль Людмила].
[06-Mar-2025 15:17:48 Europe/Helsinki] NewDATA [INFO] Нова заявка Повірка, адреса: вул. Пятницька 70 корпус 3, кв. 3, лічильники: БЕЗ НОМЕРА - 2 шт., вартість: 600 грн., примітки: 13-17 додано до БД користувачем [Коваль Людмила].
[2025-03-06T15:17:52.618] [INFO] DataBase - У заявці Повірка від 6 березня 2025 р. за адресою вул. Пятницька, буд. 70, корп. 3, кв. 3 додано виконавця ЗАПЛАНОВАНІ та додано дату виконання 11 березня 2025 р. користувачем [Коваль Людмила].
[06-Mar-2025 15:52:56 Europe/Helsinki] NewDATA [INFO] Нова адреса вул. Доценка, буд. 7, кв. 5, тел. +38 (093) 183-56-32 додана до БД користувачем [Коваль Людмила].
[06-Mar-2025 15:53:21 Europe/Helsinki] NewDATA [INFO] Нова заявка Повірка, адреса: вул. Доценка 7, кв. 5, лічильники: БЕЗ НОМЕРА - 1 шт., вартість: 300 грн., примітки: 8-13 додано до БД користувачем [Коваль Людмила].
[2025-03-06T15:53:25.749] [INFO] DataBase - У заявці Повірка від 6 березня 2025 р. за адресою вул. Доценка, буд. 7, кв. 5 додано виконавця ЗАПЛАНОВАНІ та додано дату виконання 7 березня 2025 р. користувачем [Коваль Людмила].
[06-Mar-2025 15:53:31 Europe/Helsinki] EditDATA [INFO] Для заявки Повірка від 06.03.2025 користувачем [Коваль Людмила] змінено виконавця з ЗАПЛАНОВАНІ на Ващенко.
[06-Mar-2025 15:54:11 Europe/Helsinki] NewDATA [INFO] Нова заявка Повірка, адреса: вул. Льотна 29, кв. 46, лічильники: БЕЗ НОМЕРА - 2 шт., вартість: 600 грн., примітки: 13-17 додано до БД користувачем [Коваль Людмила].
[2025-03-06T15:54:22.859] [INFO] DataBase - У заявці Повірка від 6 березня 2025 р. за адресою вул. Льотна, буд. 29, кв. 46 додано виконавця ЗАПЛАНОВАНІ та додано дату виконання 11 березня 2025 р. користувачем [Коваль Людмила].
[06-Mar-2025 15:55:32 Europe/Helsinki] NewDATA [INFO] Нова адреса вул. Савчука, буд. 7, кв. 298, тел. +38 (093) 342-46-15 додана до БД користувачем [Коваль Людмила].
[06-Mar-2025 15:55:59 Europe/Helsinki] NewDATA [INFO] Нова заявка Повірка, адреса: вул. Савчука 7, кв. 298, лічильники: БЕЗ НОМЕРА - 2 шт., вартість: 600 грн., примітки: 8-13 додано до БД користувачем [Коваль Людмила].
[2025-03-06T15:56:04.045] [INFO] DataBase - У заявці Повірка від 6 березня 2025 р. за адресою вул. Савчука, буд. 7, кв. 298 додано виконавця ЗАПЛАНОВАНІ та додано дату виконання 11 березня 2025 р. користувачем [Коваль Людмила].
[06-Mar-2025 15:56:44 Europe/Helsinki] NewDATA [INFO] Нова адреса вул. Генерала Пухова, буд. 133, кв. 57, тел. +38 (068) 092-16-72 додана до БД користувачем [Коваль Людмила].
[06-Mar-2025 15:57:45 Europe/Helsinki] NewDATA [INFO] Нова заявка Повірка, адреса: вул. Генерала Пухова 133, кв. 57, лічильники: БЕЗ НОМЕРА - 2 шт., вартість: 600 грн., примітки: 8-13,пер.за 30 хв. додано до БД користувачем [Коваль Людмила].
[2025-03-06T15:57:50.407] [INFO] DataBase - У заявці Повірка від 6 березня 2025 р. за адресою вул. Генерала Пухова, буд. 133, кв. 57 додано виконавця ЗАПЛАНОВАНІ та додано дату виконання 7 березня 2025 р. користувачем [Коваль Людмила].
[06-Mar-2025 15:57:56 Europe/Helsinki] EditDATA [INFO] Для заявки Повірка від 06.03.2025 користувачем [Коваль Людмила] змінено виконавця з ЗАПЛАНОВАНІ на Ващенко.
[06-Mar-2025 15:59:45 Europe/Helsinki] NewDATA [INFO] Новий лічильник номер: 096940, тип: КВ-1,5 => DN 15, рік випуску: 2009, показники: 0, балансоутримувач: КП "ВДК" додано до БД користувачем [Коваль Людмила].
[06-Mar-2025 16:00:12 Europe/Helsinki] NewDATA [INFO] Новий лічильник номер: 7980506, тип: ЛК => DN 15, рік випуску: 2018, показники: 0, балансоутримувач: АТ "ОТКЕ" додано до БД користувачем [Коваль Людмила].
[06-Mar-2025 16:00:14 Europe/Helsinki] EditDATA [INFO] За адресою просп. Левка Лукяненка, буд. 14, кв. 59 користувачем [Коваль Людмила] було додано лічильники: 096940, 7980506].
[06-Mar-2025 16:00:50 Europe/Helsinki] NewDATA [INFO] Новий лічильник номер: 235841, тип: КВ-1,5 => DN 15, рік випуску: 2000, показники: 0, балансоутримувач: КП "ВДК" додано до БД користувачем [Коваль Людмила].
[06-Mar-2025 16:01:12 Europe/Helsinki] NewDATA [INFO] Новий лічильник номер: 028775, тип: КВ-1,5 => DN 15, рік випуску: 2005, показники: 0, балансоутримувач: АТ "ОТКЕ" додано до БД користувачем [Коваль Людмила].
[06-Mar-2025 16:01:14 Europe/Helsinki] EditDATA [INFO] За адресою просп. Левка Лукяненка, буд. 14, кв. 155 користувачем [Коваль Людмила] було додано лічильники: 235841, 028775].
[06-Mar-2025 16:02:03 Europe/Helsinki] NewDATA [INFO] Новий лічильник номер: 273542, тип: КВ-1,5 => DN 15, рік випуску: 2015, показники: 0, балансоутримувач: КП "ВДК" додано до БД користувачем [Коваль Людмила].
[06-Mar-2025 16:02:05 Europe/Helsinki] EditDATA [INFO] За адресою вул. Шевченка, буд. 99, корп. Б, кв. 27 користувачем [Коваль Людмила] було додано лічильники: 273542].
[06-Mar-2025 16:02:50 Europe/Helsinki] NewDATA [INFO] Новий лічильник номер: 010015, тип: КВ-1,5 => DN 15, рік випуску: 2020, показники: 0, балансоутримувач: КП "ВДК" додано до БД користувачем [Коваль Людмила].
[06-Mar-2025 16:03:12 Europe/Helsinki] NewDATA [INFO] Новий лічильник номер: 013862, тип: КВ-1,5 => DN 15, рік випуску: 2020, показники: 0, балансоутримувач: КП "ТКЕ" додано до БД користувачем [Коваль Людмила].
[06-Mar-2025 16:03:14 Europe/Helsinki] EditDATA [INFO] За адресою вул. Хлібопекарська, буд. 18, кв. 20 користувачем [Коваль Людмила] було додано лічильники: 010015, 013862].
[06-Mar-2025 16:06:03 Europe/Helsinki] NewDATA [INFO] Новий лічильник номер: 334001, тип: КВ-1,5 => DN 15, рік випуску: 2002, показники: 0, балансоутримувач: КП "ВДК" додано до БД користувачем [Коваль Людмила].
[06-Mar-2025 16:06:25 Europe/Helsinki] NewDATA [INFO] Новий лічильник номер: 720351, тип: КВ-1,5 => DN 15, рік випуску: 2006, показники: 0, балансоутримувач: КП "ТКЕ" додано до БД користувачем [Коваль Людмила].
[06-Mar-2025 16:06:47 Europe/Helsinki] NewDATA [INFO] Новий лічильник номер: 144153, тип: КВ-1,5 => DN 15, рік випуску: 2006, показники: 0, балансоутримувач: КП "ВДК" додано до БД користувачем [Коваль Людмила].
[06-Mar-2025 16:07:53 Europe/Helsinki] NewDATA [INFO] Новий лічильник номер: 012398, тип: КВ-1,5 => DN 15, рік випуску: 2003, показники: 0, балансоутримувач: КП "ТКЕ" додано до БД користувачем [Коваль Людмила].
[06-Mar-2025 16:07:55 Europe/Helsinki] EditDATA [INFO] За адресою вул. Мацієвського Олександра, буд. 2, кв. 13 користувачем [Коваль Людмила] було додано лічильники: 334001, 720351, 144153, 012398].
[06-Mar-2025 16:08:59 Europe/Helsinki] NewDATA [INFO] Новий лічильник номер: 100947, тип: КВ-1,5 => DN 15, рік випуску: 2012, показники: 0, балансоутримувач: КП "ВДК" додано до БД користувачем [Коваль Людмила].
[06-Mar-2025 16:09:20 Europe/Helsinki] NewDATA [INFO] Новий лічильник номер: 086808, тип: КВ-1,5 => DN 15, рік випуску: 2012, показники: 0, балансоутримувач: КП "ТКЕ" додано до БД користувачем [Коваль Людмила].
[06-Mar-2025 16:09:21 Europe/Helsinki] EditDATA [INFO] За адресою вул. Індустріальна, буд. 3, кв. 1 користувачем [Коваль Людмила] було додано лічильники: 100947, 086808].

