[09-Apr-2025 08:29:22 Europe/Helsinki] DellTASK [INFO] Повірка від 07.04.2025 для адреси вул. курсанта Єськова, буд. 4, кв. 90 для лічильника БЕЗ НОМЕРА - 2 шт. було завершено користувачем [Коваль Людмила] з коментарем: виконано.
[09-Apr-2025 08:31:36 Europe/Helsinki] DellTASK [INFO] Повірка від 07.04.2025 для адреси вул. Льотна, буд. 17, корп. А, кв. 60 для лічильника БЕЗ НОМЕРА - 1 шт. було завершено користувачем [Коваль Людмила] з коментарем: виконано.
[09-Apr-2025 08:32:20 Europe/Helsinki] DellTASK [INFO] Повірка від 04.04.2025 для адреси вул. Авіаторів, буд. 19, кв. 35 для лічильника БЕЗ НОМЕРА - 1 шт. було завершено користувачем [Коваль Людмила] з коментарем: виконано.
[09-Apr-2025 08:32:33 Europe/Helsinki] DellTASK [INFO] Повірка від 03.04.2025 для адреси вул. Рятувальників, буд. 33, кв. 88 для лічильника БЕЗ НОМЕРА - 2 шт. було завершено користувачем [Коваль Людмила] з коментарем: виконано.
[09-Apr-2025 08:32:48 Europe/Helsinki] DellTASK [INFO] Повірка від 03.04.2025 для адреси вул. курсанта Єськова, буд. 4, кв. 13 для лічильника БЕЗ НОМЕРА - 1 шт. було завершено користувачем [Коваль Людмила] з коментарем: виконано.
[09-Apr-2025 08:33:03 Europe/Helsinki] DellTASK [INFO] Повірка від 02.04.2025 для адреси просп. Перемоги, буд. 43, кв. 94 для лічильника БЕЗ НОМЕРА - 2 шт. було завершено користувачем [Коваль Людмила] з коментарем: виконано.
[09-Apr-2025 08:33:19 Europe/Helsinki] DellTASK [INFO] Повірка від 01.04.2025 для адреси вул. курсанта Єськова, буд. 10, корп. 2, кв. 23 для лічильника БЕЗ НОМЕРА - 1 шт. було завершено користувачем [Коваль Людмила] з коментарем: виконано.
[09-Apr-2025 08:33:33 Europe/Helsinki] DellTASK [INFO] Повірка від 31.03.2025 для адреси вул. курсанта Єськова, буд. 10, корп. 3, кв. 28 для лічильника БЕЗ НОМЕРА - 2 шт. було завершено користувачем [Коваль Людмила] з коментарем: виконано.
[09-Apr-2025 08:34:18 Europe/Helsinki] DellTASK [INFO] Повірка від 31.03.2025 для адреси вул. курсанта Єськова, буд. 10, корп. 1, кв. 45 для лічильника БЕЗ НОМЕРА - 2 шт. було завершено користувачем [Коваль Людмила] з коментарем: виконано.
[09-Apr-2025 08:34:32 Europe/Helsinki] DellTASK [INFO] Повірка від 31.03.2025 для адреси просп. Миру, буд. 271, корп. А, кв. 20 для лічильника БЕЗ НОМЕРА - 2 шт. було завершено користувачем [Коваль Людмила] з коментарем: виконано.
[09-Apr-2025 08:34:45 Europe/Helsinki] DellTASK [INFO] Повірка від 28.03.2025 для адреси вул. Мстиславська, буд. 181, кв. 17 для лічильника БЕЗ НОМЕРА - 2 шт. було завершено користувачем [Коваль Людмила] з коментарем: виконано.
[09-Apr-2025 08:35:09 Europe/Helsinki] DellTASK [INFO] Повірка від 07.04.2025 для адреси вул. 1-ї Гвардійської Армії, буд. 25, корп. А, кв. 2 для лічильника БЕЗ НОМЕРА - 2 шт. було завершено користувачем [Коваль Людмила] з коментарем: виконано.
[09-Apr-2025 08:35:28 Europe/Helsinki] DellTASK [INFO] Повірка від 03.04.2025 для адреси просп. Миру, буд. 182, кв. 58 для лічильника БЕЗ НОМЕРА - 2 шт. було завершено користувачем [Коваль Людмила] з коментарем: виконав ст.444.
[09-Apr-2025 08:35:42 Europe/Helsinki] DellTASK [INFO] Повірка від 02.04.2025 для адреси вул. Шевчука, буд. 2, кв. 46 для лічильника БЕЗ НОМЕРА - 2 шт. було завершено користувачем [Коваль Людмила] з коментарем: виконано.
[09-Apr-2025 08:35:57 Europe/Helsinki] DellTASK [INFO] Повірка від 02.04.2025 для адреси вул. Любецька, буд. 7, кв. 124 для лічильника БЕЗ НОМЕРА - 2 шт. було завершено користувачем [Коваль Людмила] з коментарем: виконано.
[09-Apr-2025 08:36:14 Europe/Helsinki] DellTASK [INFO] Повірка від 02.04.2025 для адреси просп. Миру, буд. 203, кв. 42 для лічильника БЕЗ НОМЕРА - 1 шт. було завершено користувачем [Коваль Людмила] з коментарем: виконано.
[09-Apr-2025 08:36:26 Europe/Helsinki] DellTASK [INFO] Повірка від 01.04.2025 для адреси вул. Любецька, буд. 17, кв. 3 для лічильника БЕЗ НОМЕРА - 2 шт. було завершено користувачем [Коваль Людмила] з коментарем: виконано.
[09-Apr-2025 08:36:39 Europe/Helsinki] DellTASK [INFO] Повірка від 01.04.2025 для адреси вул. Пирогова, буд. 5, кв. 66 для лічильника БЕЗ НОМЕРА - 2 шт. було завершено користувачем [Коваль Людмила] з коментарем: виконано.
[09-Apr-2025 08:36:53 Europe/Helsinki] DellTASK [INFO] Повірка від 01.04.2025 для адреси вул. Шевчука, буд. 2, кв. 67 для лічильника БЕЗ НОМЕРА - 2 шт. було завершено користувачем [Коваль Людмила] з коментарем: виконано.
[09-Apr-2025 08:38:01 Europe/Helsinki] DellTASK [INFO] Повірка від 28.03.2025 для адреси вул. Пирогова, буд. 3, кв. 3 для лічильника БЕЗ НОМЕРА - 1 шт. було завершено користувачем [Коваль Людмила] з коментарем: виконано.
[09-Apr-2025 08:41:18 Europe/Helsinki] NewDATA [INFO] Новий лічильник номер: 459858, тип: КВ-1,5 => DN 15, рік випуску: 2004, показники: 0, балансоутримувач: КП "ВДК" додано до БД користувачем [Коваль Людмила].
[09-Apr-2025 08:41:43 Europe/Helsinki] NewDATA [INFO] Новий лічильник номер: 464879, тип: КВ-1,5 => DN 15, рік випуску: 2004, показники: 0, балансоутримувач: КП "ТКЕ" додано до БД користувачем [Коваль Людмила].
[09-Apr-2025 08:41:45 Europe/Helsinki] EditDATA [INFO] За адресою просп. Перемоги, буд. 43, кв. 94 користувачем [Коваль Людмила] було додано лічильники: 459858, 464879].
[09-Apr-2025 08:42:26 Europe/Helsinki] NewDATA [INFO] Новий лічильник номер: 3150671, тип: СК => DN 15, рік випуску: 2003, показники: 0, балансоутримувач: КП "ВДК" додано до БД користувачем [Коваль Людмила].
[09-Apr-2025 08:42:53 Europe/Helsinki] NewDATA [INFO] Новий лічильник номер: 3123911, тип: СК => DN 15, рік випуску: 2003, показники: 0, балансоутримувач: АТ "ОТКЕ" додано до БД користувачем [Коваль Людмила].
[09-Apr-2025 08:42:55 Europe/Helsinki] EditDATA [INFO] За адресою просп. Миру, буд. 271, корп. А, кв. 20 користувачем [Коваль Людмила] було додано лічильники: 3150671, 3123911].
[09-Apr-2025 08:43:32 Europe/Helsinki] NewDATA [INFO] Новий лічильник номер: 136373, тип: КВ-1,5 => DN 15, рік випуску: 2013, показники: 0, балансоутримувач: КП "ВДК" додано до БД користувачем [Коваль Людмила].
[09-Apr-2025 08:43:34 Europe/Helsinki] EditDATA [INFO] За адресою вул. курсанта Єськова, буд. 10, корп. 1, кв. 45 користувачем [Коваль Людмила] було додано лічильники: 136373].
[09-Apr-2025 08:44:16 Europe/Helsinki] NewDATA [INFO] Новий лічильник номер: 009048, тип: КВ-1,5 => DN 15, рік випуску: 2001, показники: 0, балансоутримувач: АТ "ОТКЕ" додано до БД користувачем [Коваль Людмила].
[09-Apr-2025 08:44:18 Europe/Helsinki] EditDATA [INFO] За адресою вул. курсанта Єськова, буд. 10, корп. 2, кв. 23 користувачем [Коваль Людмила] було додано лічильники: 009048].
[09-Apr-2025 08:49:53 Europe/Helsinki] EditDATA [INFO] За адресою вул. Доценка 17 корпус Б, кв. 27 користувачем [Сусло Тетяна] змінені номери телефонів з +38(093)148-46-20, +38(066)764-74-71 на +38(066)764-74-71, при створенні нової заявки [Повірка] від 09.04.2025.
[09-Apr-2025 08:49:53 Europe/Helsinki] NewDATA [INFO] Нова заявка Повірка, адреса: вул. Доценка 17 корпус Б, кв. 27, лічильники: БЕЗ НОМЕРА - 1 шт., вартість: 300 грн., примітки: 12-17, 1 гв додано до БД користувачем [Сусло Тетяна].
[2025-04-09T08:50:00.082] [INFO] DataBase - У заявці Повірка від 9 квітня 2025 р. за адресою вул. Доценка, буд. 17, корп. Б, кв. 27 додано виконавця ЗАПЛАНОВАНІ та додано дату виконання 23 квітня 2025 р. користувачем [Сусло Тетяна].
[09-Apr-2025 08:51:25 Europe/Helsinki] NewDATA [INFO] Нова адреса вул. Генерала Пухова, буд. 119, кв. 46, тел. +38 (093) 713-84-34 додана до БД користувачем [Сусло Тетяна].
[09-Apr-2025 08:51:46 Europe/Helsinki] NewDATA [INFO] Нова заявка Повірка, адреса: вул. Генерала Пухова 119, кв. 46, лічильники: БЕЗ НОМЕРА - 2 шт., вартість: 600 грн., примітки: 8-13 додано до БД користувачем [Сусло Тетяна].
[2025-04-09T08:51:49.595] [INFO] DataBase - У заявці Повірка від 9 квітня 2025 р. за адресою вул. Генерала Пухова, буд. 119, кв. 46 додано виконавця ЗАПЛАНОВАНІ та додано дату виконання 28 квітня 2025 р. користувачем [Сусло Тетяна].
[09-Apr-2025 08:52:26 Europe/Helsinki] NewDATA [INFO] Нова адреса вул. Льотна, буд. 3, кв. 109, тел. +38 (093) 582-28-13 додана до БД користувачем [Сусло Тетяна].
[09-Apr-2025 08:52:54 Europe/Helsinki] NewDATA [INFO] Нова заявка Повірка, адреса: вул. Льотна 3, кв. 109, лічильники: БЕЗ НОМЕРА - 1 шт., вартість: 300 грн., примітки: 8-13, дом. не працює додано до БД користувачем [Сусло Тетяна].
[2025-04-09T08:52:59.203] [INFO] DataBase - У заявці Повірка від 9 квітня 2025 р. за адресою вул. Льотна, буд. 3, кв. 109 додано виконавця ЗАПЛАНОВАНІ та додано дату виконання 14 квітня 2025 р. користувачем [Сусло Тетяна].
[09-Apr-2025 08:58:52 Europe/Helsinki] EditDATA [INFO] Для заявки Повірка від 08.04.2025 користувачем [Коваль Людмила] змінено виконавця з ЗАПЛАНОВАНІ на Ващенко.
[09-Apr-2025 08:59:09 Europe/Helsinki] EditDATA [INFO] Для заявки Повірка від 02.04.2025 користувачем [Коваль Людмила] змінено виконавця з ЗАПЛАНОВАНІ на Ващенко.
[09-Apr-2025 08:59:21 Europe/Helsinki] EditDATA [INFO] Для заявки Повірка від 01.04.2025 користувачем [Коваль Людмила] змінено виконавця з ЗАПЛАНОВАНІ на Ващенко.
[09-Apr-2025 08:59:53 Europe/Helsinki] EditDATA [INFO] Для заявки Повірка від 01.04.2025 користувачем [Коваль Людмила] змінено виконавця з ЗАПЛАНОВАНІ на Ващенко.
[09-Apr-2025 09:00:15 Europe/Helsinki] EditDATA [INFO] Для заявки Повірка від 01.04.2025 користувачем [Коваль Людмила] змінено виконавця з ЗАПЛАНОВАНІ на Ващенко.
[09-Apr-2025 09:04:21 Europe/Helsinki] EditDATA [INFO] Для заявки Повірка від 01.04.2025 користувачем [Коваль Людмила] змінено виконавця з ЗАПЛАНОВАНІ на Ващенко.
[09-Apr-2025 09:04:32 Europe/Helsinki] EditDATA [INFO] Для заявки Повірка від 31.03.2025 користувачем [Коваль Людмила] змінено виконавця з ЗАПЛАНОВАНІ на Ващенко.
[09-Apr-2025 09:04:46 Europe/Helsinki] EditDATA [INFO] Для заявки Повірка від 31.03.2025 користувачем [Коваль Людмила] змінено виконавця з ЗАПЛАНОВАНІ на Ващенко.
[09-Apr-2025 09:05:00 Europe/Helsinki] EditDATA [INFO] Для заявки Повірка від 26.03.2025 користувачем [Коваль Людмила] змінено виконавця з ЗАПЛАНОВАНІ на Ващенко.
[09-Apr-2025 09:05:11 Europe/Helsinki] EditDATA [INFO] Для заявки Повірка від 12.03.2025 користувачем [Коваль Людмила] змінено виконавця з ЗАПЛАНОВАНІ на Ващенко.
[09-Apr-2025 09:07:01 Europe/Helsinki] EditDATA [INFO] Для заявки Повірка від 08.04.2025 користувачем [Коваль Людмила] змінено виконавця з ЗАПЛАНОВАНІ на Шкуліпа.
[09-Apr-2025 09:07:10 Europe/Helsinki] EditDATA [INFO] Для заявки Повірка від 08.04.2025 користувачем [Коваль Людмила] змінено виконавця з ЗАПЛАНОВАНІ на Шкуліпа.
[09-Apr-2025 09:07:20 Europe/Helsinki] EditDATA [INFO] Для заявки Повірка від 08.04.2025 користувачем [Коваль Людмила] змінено виконавця з ЗАПЛАНОВАНІ на Шкуліпа.
[09-Apr-2025 09:08:55 Europe/Helsinki] NewDATA [INFO] Нова адреса вул. Мстиславська, буд. 181, кв. 9, тел. +38 (096) 981-93-22 додана до БД користувачем [Сусло Тетяна].
[09-Apr-2025 09:09:21 Europe/Helsinki] NewDATA [INFO] Нова заявка Повірка, адреса: вул. Мстиславська 181, кв. 9, лічильники: БЕЗ НОМЕРА - 1 шт., вартість: 300 грн., примітки: 13-17, за 30 хв додано до БД користувачем [Сусло Тетяна].
[2025-04-09T09:09:27.236] [INFO] DataBase - У заявці Повірка від 9 квітня 2025 р. за адресою вул. Мстиславська, буд. 181, кв. 9 додано виконавця ЗАПЛАНОВАНІ та додано дату виконання 14 квітня 2025 р. користувачем [Сусло Тетяна].
[09-Apr-2025 09:10:41 Europe/Helsinki] EditDATA [INFO] За адресою вул. Музична 2, кв. 52 користувачем [Сусло Тетяна] змінені номери телефонів з +38(068)666-93-27, +38(098)726-93-84, +38(093)362-14-45, +38(096)462-66-84, +38(0462)66-40-46 на +38(067)906-29-86, при створенні нової заявки [Повірка] від 09.04.2025.
[09-Apr-2025 09:10:41 Europe/Helsinki] NewDATA [INFO] Нова заявка Повірка, адреса: вул. Музична 2, кв. 52, лічильники: БЕЗ НОМЕРА - 2 шт., вартість: 600 грн., примітки: 8-13 додано до БД користувачем [Сусло Тетяна].
[2025-04-09T09:10:44.671] [INFO] DataBase - У заявці Повірка від 9 квітня 2025 р. за адресою вул. Музична, буд. 2, кв. 52 додано виконавця ЗАПЛАНОВАНІ та додано дату виконання 14 квітня 2025 р. користувачем [Сусло Тетяна].
[09-Apr-2025 09:17:22 Europe/Helsinki] NewDATA [INFO] Новий лічильник номер: 130758, тип: КВ-1,5 => DN 15, рік випуску: 2009, показники: 0, балансоутримувач: КП "ВДК" додано до БД користувачем [Коваль Людмила].
[09-Apr-2025 09:17:44 Europe/Helsinki] NewDATA [INFO] Новий лічильник номер: 086621, тип: КВ-1,5 => DN 15, рік випуску: 2000, показники: 0, балансоутримувач: АТ "ОТКЕ" додано до БД користувачем [Коваль Людмила].
[09-Apr-2025 09:17:46 Europe/Helsinki] EditDATA [INFO] За адресою вул. курсанта Єськова, буд. 10, корп. 3, кв. 28 користувачем [Коваль Людмила] було додано лічильники: 130758, 086621].
[09-Apr-2025 09:23:15 Europe/Helsinki] NewDATA [INFO] Новий лічильник номер: 7265598, тип: ЛК => DN 15, рік випуску: 2007, показники: 0, балансоутримувач: АТ "ОТКЕ" додано до БД користувачем [Коваль Людмила].
[09-Apr-2025 09:23:16 Europe/Helsinki] EditDATA [INFO] За адресою вул. курсанта Єськова, буд. 4, кв. 13 користувачем [Коваль Людмила] було додано лічильники: 7265598].
[09-Apr-2025 09:24:00 Europe/Helsinki] NewDATA [INFO] Новий лічильник номер: 7708393, тип: ЛК => DN 15, рік випуску: 2017, показники: 0, балансоутримувач: КП "ВДК" додано до БД користувачем [Коваль Людмила].
[09-Apr-2025 09:24:19 Europe/Helsinki] EditDATA [INFO] За адресою вул. Льотна, буд. 17, корп. А, кв. 60 користувачем [Коваль Людмила] було додано лічильники: 7708393].
[09-Apr-2025 09:53:07 Europe/Helsinki] NewDATA [INFO] Новий лічильник номер: 674073, тип: КВ-1,5 => DN 15, рік випуску: 2001, показники: 0, балансоутримувач: КП "ВДК" додано до БД користувачем [Коваль Людмила].
[09-Apr-2025 09:53:47 Europe/Helsinki] NewDATA [INFO] Новий лічильник номер: 265947, тип: КВ-1,5 => DN 15, рік випуску: 2002, показники: 0, балансоутримувач: АТ "ОТКЕ" додано до БД користувачем [Коваль Людмила].
[09-Apr-2025 09:53:49 Europe/Helsinki] EditDATA [INFO] За адресою просп. Миру, буд. 182, кв. 58 користувачем [Коваль Людмила] було додано лічильники: 674073, 265947].
[09-Apr-2025 10:08:48 Europe/Helsinki] DellTASK [INFO] Повірка від 01.04.2025 для адреси вул. Незалежності, буд. 50, кв. 105 для лічильника БЕЗ НОМЕРА - 1 шт. було відмінено користувачем [Сусло Тетяна] з коментарем: відмінили.
[09-Apr-2025 10:08:53 Europe/Helsinki] NewDATA [INFO] Новий лічильник номер: 246804, тип: КВ-1,5 => DN 15, рік випуску: 2015, показники: 0, балансоутримувач: КП "ВДК" додано до БД користувачем [Коваль Людмила].
[09-Apr-2025 10:09:17 Europe/Helsinki] NewDATA [INFO] Новий лічильник номер: 088130, тип: КВ-1,5 => DN 15, рік випуску: 2015, показники: 0, балансоутримувач: АТ "ОТКЕ" додано до БД користувачем [Коваль Людмила].
[09-Apr-2025 10:09:19 Europe/Helsinki] EditDATA [INFO] За адресою вул. Мстиславська, буд. 181, кв. 17 користувачем [Коваль Людмила] було додано лічильники: 246804, 088130].
[09-Apr-2025 10:09:56 Europe/Helsinki] NewDATA [INFO] Новий лічильник номер: 536020, тип: КВ-1,5 => DN 15, рік випуску: 2006, показники: 0, балансоутримувач: КП "ВДК" додано до БД користувачем [Коваль Людмила].
[09-Apr-2025 10:11:06 Europe/Helsinki] NewDATA [INFO] Новий лічильник номер: 200597468, тип: GSD8 => DN 15, рік випуску: 2020, показники: 0, балансоутримувач: АТ "ОТКЕ" додано до БД користувачем [Коваль Людмила].
[09-Apr-2025 10:11:09 Europe/Helsinki] EditDATA [INFO] За адресою вул. Авіаторів, буд. 19, кв. 35 користувачем [Коваль Людмила] було додано лічильники: 536020, 200597468].
[09-Apr-2025 10:11:48 Europe/Helsinki] NewDATA [INFO] Новий лічильник номер: 345624, тип: КВ-1,5 => DN 15, рік випуску: 2007, показники: 0, балансоутримувач: КП "ВДК" додано до БД користувачем [Коваль Людмила].
[09-Apr-2025 10:12:13 Europe/Helsinki] NewDATA [INFO] Новий лічильник номер: 373916, тип: КВ-1,5 => DN 15, рік випуску: 2006, показники: 0, балансоутримувач: АТ "ОТКЕ" додано до БД користувачем [Коваль Людмила].
[09-Apr-2025 10:12:18 Europe/Helsinki] EditDATA [INFO] За адресою вул. Рятувальників, буд. 33, кв. 88 користувачем [Коваль Людмила] було додано лічильники: 345624, 373916].
[09-Apr-2025 10:15:12 Europe/Helsinki] NewDATA [INFO] Новий лічильник номер: 7252657, тип: ЛК => DN 15, рік випуску: 2007, показники: 0, балансоутримувач: КП "ВДК" додано до БД користувачем [Коваль Людмила].
[09-Apr-2025 10:15:35 Europe/Helsinki] NewDATA [INFO] Новий лічильник номер: 7241523, тип: ЛК => DN 15, рік випуску: 2007, показники: 0, балансоутримувач: АТ "ОТКЕ" додано до БД користувачем [Коваль Людмила].
[09-Apr-2025 10:15:37 Europe/Helsinki] EditDATA [INFO] За адресою вул. курсанта Єськова, буд. 4, кв. 90 користувачем [Коваль Людмила] було додано лічильники: 7252657, 7241523].
[09-Apr-2025 10:16:21 Europe/Helsinki] NewDATA [INFO] Новий лічильник номер: 149449, тип: КВ-1,5 => DN 15, рік випуску: 2016, показники: 0, балансоутримувач: КП "ВДК" додано до БД користувачем [Коваль Людмила].
[09-Apr-2025 10:16:23 Europe/Helsinki] EditDATA [INFO] За адресою вул. Пирогова, буд. 3, кв. 3 користувачем [Коваль Людмила] було додано лічильники: 149449].
[09-Apr-2025 10:19:57 Europe/Helsinki] NewDATA [INFO] Новий лічильник номер: 518013, тип: КВ-1,5 => DN 15, рік випуску: 2006, показники: 0, балансоутримувач: КП "ВДК" додано до БД користувачем [Коваль Людмила].
[09-Apr-2025 10:20:17 Europe/Helsinki] NewDATA [INFO] Новий лічильник номер: 074785, тип: КВ-1,5 => DN 15, рік випуску: 2021, показники: 0, балансоутримувач: КП "ТКЕ" додано до БД користувачем [Коваль Людмила].
[09-Apr-2025 10:20:19 Europe/Helsinki] EditDATA [INFO] За адресою вул. Пирогова, буд. 5, кв. 66 користувачем [Коваль Людмила] було додано лічильники: 518013, 074785].
[09-Apr-2025 10:32:51 Europe/Helsinki] NewDATA [INFO] Новий лічильник номер: 025321, тип: КВ-1,5 => DN 15, рік випуску: 2009, показники: 0, балансоутримувач: КП "ВДК" додано до БД користувачем [Коваль Людмила].
[09-Apr-2025 10:32:53 Europe/Helsinki] EditDATA [INFO] За адресою вул. Любецька, буд. 17, кв. 3 користувачем [Коваль Людмила] було додано лічильники: 025321].
[09-Apr-2025 10:34:59 Europe/Helsinki] NewDATA [INFO] Новий лічильник номер: 6833606, тип: ЛК => DN 15, рік випуску: 2016, показники: 0, балансоутримувач: КП "ВДК" додано до БД користувачем [Коваль Людмила].
[09-Apr-2025 10:35:27 Europe/Helsinki] NewDATA [INFO] Новий лічильник номер: 5876137, тип: ЛК => DN 15, рік випуску: 2016, показники: 0, балансоутримувач: КП "ТКЕ" додано до БД користувачем [Коваль Людмила].
[09-Apr-2025 10:35:30 Europe/Helsinki] EditDATA [INFO] За адресою вул. Любецька, буд. 7, кв. 124 користувачем [Коваль Людмила] було додано лічильники: 6833606, 5876137].
[09-Apr-2025 10:36:34 Europe/Helsinki] NewDATA [INFO] Новий лічильник номер: 050994, тип: КВ-1,5 => DN 15, рік випуску: 2020, показники: 0, балансоутримувач: КП "ВДК" додано до БД користувачем [Коваль Людмила].
[09-Apr-2025 10:36:54 Europe/Helsinki] NewDATA [INFO] Новий лічильник номер: 059322, тип: КВ-1,5 => DN 15, рік випуску: 2020, показники: 0, балансоутримувач: КП "ТКЕ" додано до БД користувачем [Коваль Людмила].
[09-Apr-2025 10:36:56 Europe/Helsinki] EditDATA [INFO] За адресою вул. Шевчука, буд. 2, кв. 67 користувачем [Коваль Людмила] було додано лічильники: 050994, 059322].
[09-Apr-2025 10:37:39 Europe/Helsinki] NewDATA [INFO] Новий лічильник номер: 02573, тип: СК-Р => DN 15, рік випуску: 2003, показники: 0, балансоутримувач: КП "ВДК" додано до БД користувачем [Коваль Людмила].
[09-Apr-2025 10:38:12 Europe/Helsinki] NewDATA [INFO] Новий лічильник номер: 9200066862, тип: ЛК => DN 15, рік випуску: 2019, показники: 0, балансоутримувач: КП "ТКЕ" додано до БД користувачем [Коваль Людмила].
[09-Apr-2025 10:38:14 Europe/Helsinki] EditDATA [INFO] За адресою вул. Шевчука, буд. 2, кв. 46 користувачем [Коваль Людмила] було додано лічильники: 02573, 9200066862].
[09-Apr-2025 10:39:13 Europe/Helsinki] NewDATA [INFO] Новий лічильник номер: 07001742, тип: ETR-U => DN 15, рік випуску: 2012, показники: 0, балансоутримувач: КП "ВДК" додано до БД користувачем [Коваль Людмила].
[09-Apr-2025 10:39:37 Europe/Helsinki] NewDATA [INFO] Новий лічильник номер: 440472, тип: КВ-1,5 => DN 15, рік випуску: 2005, показники: 0, балансоутримувач: КП "ТКЕ" додано до БД користувачем [Коваль Людмила].
[09-Apr-2025 10:39:39 Europe/Helsinki] EditDATA [INFO] За адресою вул. 1-ї Гвардійської Армії, буд. 25, корп. А, кв. 2 користувачем [Коваль Людмила] було додано лічильники: 07001742, 440472].
[09-Apr-2025 10:40:28 Europe/Helsinki] NewDATA [INFO] Новий лічильник номер: 085022, тип: КВ-1,5 => DN 15, рік випуску: 2004, показники: 0, балансоутримувач: КП "ВДК" додано до БД користувачем [Коваль Людмила].
[09-Apr-2025 10:40:30 Europe/Helsinki] EditDATA [INFO] За адресою просп. Перемоги, буд. 203, кв. 42 користувачем [Коваль Людмила] було додано лічильники: 085022].
[2025-04-09T10:43:03.602] [INFO] DataBase - У заявці Повірка від 9 квітня 2025 р. за адресою вул. Музична, буд. 2, кв. 52 видалено дату виконання 14 квітня 2025 р. користувачем [Сусло Тетяна].
[2025-04-09T10:43:06.608] [INFO] DataBase - У заявці Повірка від 9 квітня 2025 р. за адресою вул. Музична, буд. 2, кв. 52 додано дату виконання 11 квітня 2025 р. користувачем [Сусло Тетяна].
[09-Apr-2025 11:16:23 Europe/Helsinki] EditDATA [INFO] За адресою вул. Незалежності 80, кв. 108 користувачем [Сусло Тетяна] змінені номери телефонів з +38(0462)61-05-99, +38(097)344-63-93 на +38(097)344-63-93, при створенні нової заявки [Повірка] від 09.04.2025.
[09-Apr-2025 11:16:23 Europe/Helsinki] NewDATA [INFO] Нова заявка Повірка, адреса: вул. Незалежності 80, кв. 108, лічильники: БЕЗ НОМЕРА - 2 шт., вартість: 600 грн., примітки: 8-13, за 30 хв додано до БД користувачем [Сусло Тетяна].
[2025-04-09T11:16:36.701] [INFO] DataBase - У заявці Повірка від 9 квітня 2025 р. за адресою вул. Незалежності, буд. 80, кв. 108 додано виконавця ЗАПЛАНОВАНІ та додано дату виконання 16 квітня 2025 р. користувачем [Сусло Тетяна].
[09-Apr-2025 11:17:38 Europe/Helsinki] NewDATA [INFO] Нова адреса вул. Гетьмана Полуботка, буд. 80, кв. 68, тел. +38 (095) 685-98-53 додана до БД користувачем [Сусло Тетяна].
[09-Apr-2025 11:18:29 Europe/Helsinki] NewDATA [INFO] Нова заявка Повірка, адреса: вул. Гетьмана Полуботка 80, кв. 68, лічильники: БЕЗ НОМЕРА - 2 шт., вартість: 600 грн., примітки: з 13.00, за 30 хв додано до БД користувачем [Сусло Тетяна].
[2025-04-09T11:18:32.956] [INFO] DataBase - У заявці Повірка від 9 квітня 2025 р. за адресою вул. Гетьмана Полуботка, буд. 80, кв. 68 додано виконавця ЗАПЛАНОВАНІ та додано дату виконання 14 квітня 2025 р. користувачем [Сусло Тетяна].
[09-Apr-2025 11:19:45 Europe/Helsinki] EditDATA [INFO] За адресою вул. Любецька 2, кв. 27 користувачем [Сусло Тетяна] змінені номери телефонів з +38(068)026-16-12 на +38(093)770-48-09, при створенні нової заявки [Заміна] від 09.04.2025.
[09-Apr-2025 11:19:45 Europe/Helsinki] NewDATA [INFO] Нова заявка Заміна, адреса: вул. Любецька 2, кв. 27, лічильники: 623739, вартість: 1100 грн., примітки: 9-14, 1 хв, №623739 додано до БД користувачем [Сусло Тетяна].
[2025-04-09T11:19:49.078] [INFO] DataBase - У заявці Заміна від 9 квітня 2025 р. за адресою вул. Любецька, буд. 2, кв. 27 додано виконавця Баранов та додано дату виконання 10 квітня 2025 р. користувачем [Сусло Тетяна].
[09-Apr-2025 11:20:36 Europe/Helsinki] NewDATA [INFO] Нова адреса просп. Грушевського Михайла, буд. 159, кв. 62, тел. +38 (066) 175-05-15 додана до БД користувачем [Сусло Тетяна].
[09-Apr-2025 11:21:01 Europe/Helsinki] NewDATA [INFO] Нова заявка Повірка, адреса: просп. Грушевського Михайла 159, кв. 62, лічильники: БЕЗ НОМЕРА - 2 шт., вартість: 600 грн., примітки: 14-17 додано до БД користувачем [Сусло Тетяна].
[2025-04-09T11:21:05.941] [INFO] DataBase - У заявці Повірка від 9 квітня 2025 р. за адресою просп. Грушевського Михайла, буд. 159, кв. 62 додано виконавця ЗАПЛАНОВАНІ та додано дату виконання 28 квітня 2025 р. користувачем [Сусло Тетяна].
[09-Apr-2025 11:21:47 Europe/Helsinki] NewDATA [INFO] Нова адреса вул. Мстиславська, буд. 181, кв. 87, тел. +38 (066) 182-16-62 додана до БД користувачем [Сусло Тетяна].
[09-Apr-2025 11:22:08 Europe/Helsinki] NewDATA [INFO] Нова заявка Повірка, адреса: вул. Мстиславська 181, кв. 87, лічильники: БЕЗ НОМЕРА - 2 шт., вартість: 600 грн., примітки: 13-17 додано до БД користувачем [Сусло Тетяна].
[2025-04-09T11:22:12.582] [INFO] DataBase - У заявці Повірка від 9 квітня 2025 р. за адресою вул. Мстиславська, буд. 181, кв. 87 додано виконавця ЗАПЛАНОВАНІ та додано дату виконання 14 квітня 2025 р. користувачем [Сусло Тетяна].
[09-Apr-2025 11:23:05 Europe/Helsinki] NewDATA [INFO] Новий лічильник номер: 241483465, тип: СВК => DN 15, рік випуску: 2025, показники: 0, балансоутримувач: КП "ВДК" додано до БД користувачем [Сусло Тетяна].
[09-Apr-2025 11:23:09 Europe/Helsinki] EditDATA [INFO] В заявці Заміна від 01.04.2025 за адресою вул. Київська, буд. 2, кв. 77 було видалено БЕЗ НОМЕРУ - 1 шт.; додано лічильники: 241483465 користувачем [Сусло Тетяна].
[09-Apr-2025 11:23:19 Europe/Helsinki] DellTASK [INFO] Заміна від 01.04.2025 для адреси вул. Київська, буд. 2, кв. 77 для лічильника 241483465 було завершено користувачем [Сусло Тетяна] з коментарем: виконано.
[09-Apr-2025 11:23:43 Europe/Helsinki] EditDATA [INFO] Для заявки Заміна від 01.04.2025 користувачем [Сусло Тетяна] змінено примітки з 10,30-13, за 30 хв, 2 хв, один хаз. з київс. 2/77 на 10,30-13, за 30 хв, 2 хв,  не змогли.
[2025-04-09T11:23:46.671] [INFO] DataBase - У заявці Заміна від 1 квітня 2025 р. за адресою вул. Мазепи Івана, буд. 20, кв. 12 видалено дату виконання 2 квітня 2025 р. користувачем [Сусло Тетяна].
[09-Apr-2025 11:23:58 Europe/Helsinki] DellTASK [INFO] Заміна від 28.03.2025 для адреси вул. Чудінова, буд. 5, кв. 22 для лічильника БЕЗ НОМЕРА - 1 шт. було завершено користувачем [Сусло Тетяна] з коментарем: виконано.
[09-Apr-2025 11:24:09 Europe/Helsinki] DellTASK [INFO] Заміна від 25.03.2025 для адреси вул. Мацієвського Олександра, буд. 24, кв. 1 для лічильника БЕЗ НОМЕРА - 2 шт. було завершено користувачем [Сусло Тетяна] з коментарем: виконано.
[09-Apr-2025 11:24:20 Europe/Helsinki] DellTASK [INFO] Заміна від 25.03.2025 для адреси вул. Ушинського, буд. 6, корп. А, кв. 10 для лічильника 244811 було завершено користувачем [Сусло Тетяна] з коментарем: виконано.
[09-Apr-2025 11:25:42 Europe/Helsinki] NewDATA [INFO] Новий лічильник номер: 241483511, тип: СВК => DN 15, рік випуску: 2025, показники: 0, балансоутримувач: КП "ТКЕ" додано до БД користувачем [Сусло Тетяна].
[09-Apr-2025 11:25:45 Europe/Helsinki] EditDATA [INFO] В заявці Заміна від 28.03.2025 за адресою вул. Пятницька, буд. 49, кв. 178 було видалено БЕЗ НОМЕРУ - 1 шт.; додано лічильники: 241483511 користувачем [Сусло Тетяна].
[09-Apr-2025 11:25:54 Europe/Helsinki] DellTASK [INFO] Заміна від 28.03.2025 для адреси вул. Пятницька, буд. 49, кв. 178 для лічильника 241483511 було завершено користувачем [Сусло Тетяна] з коментарем: виконано.
[09-Apr-2025 11:26:51 Europe/Helsinki] NewDATA [INFO] Новий лічильник номер: 241483383, тип: СВК => DN 15, рік випуску: 2025, показники: 0, балансоутримувач: АТ "ОТКЕ" додано до БД користувачем [Сусло Тетяна].
[09-Apr-2025 11:26:54 Europe/Helsinki] EditDATA [INFO] В заявці Заміна від 02.04.2025 за адресою просп. Миру, буд. 180, кв. 3 було видалено лічильники: 016736; додано лічильники: 241483383 користувачем [Сусло Тетяна].
[09-Apr-2025 11:27:03 Europe/Helsinki] DellTASK [INFO] Заміна від 02.04.2025 для адреси просп. Миру, буд. 180, кв. 3 для лічильника 241483383 було завершено користувачем [Сусло Тетяна] з коментарем: виконано.
[09-Apr-2025 11:27:13 Europe/Helsinki] DellTASK [INFO] Заміна від 03.04.2025 для адреси вул. Старобілоуська, буд. 49, кв. 14 для лічильника 046636 було завершено користувачем [Сусло Тетяна] з коментарем: виконано.
[09-Apr-2025 11:27:24 Europe/Helsinki] DellTASK [INFO] Заміна від 02.04.2025 для адреси вул. Любецька, буд. 7, кв. 33 для лічильника БЕЗ НОМЕРА - 2 шт. було завершено користувачем [Сусло Тетяна] з коментарем: виконано.
[09-Apr-2025 11:27:38 Europe/Helsinki] DellTASK [INFO] Заміна від 01.04.2025 для адреси просп. Миру, буд. 151, корп. А, кв. 16 для лічильників 178232, 434605 було завершено користувачем [Сусло Тетяна] з коментарем: виконано.
[09-Apr-2025 11:27:49 Europe/Helsinki] DellTASK [INFO] Заміна від 31.03.2025 для адреси вул. 1-ої танкової бригади, буд. 14, кв. 47 для лічильника 0200000350 було завершено користувачем [Сусло Тетяна] з коментарем: виконано.
[09-Apr-2025 11:41:39 Europe/Helsinki] NewDATA [INFO] Новий лічильник номер: 628167, тип: КВ-1,5 => DN 15, рік випуску: 2009, показники: 0, балансоутримувач: КП "ВДК" додано до БД користувачем [Сусло Тетяна].
[09-Apr-2025 11:42:01 Europe/Helsinki] NewDATA [INFO] Новий лічильник номер: 377173, тип: КВ-1,5 => DN 15, рік випуску: 2006, показники: 0, балансоутримувач: АТ "ОТКЕ" додано до БД користувачем [Сусло Тетяна].
[09-Apr-2025 11:42:03 Europe/Helsinki] EditDATA [INFO] За адресою просп. Перемоги, буд. 184, кв. 252 користувачем [Сусло Тетяна] було додано лічильники: 628167, 377173].
[09-Apr-2025 11:42:43 Europe/Helsinki] NewDATA [INFO] Новий лічильник номер: 161282, тип: КВ-1,5 => DN 15, рік випуску: 2010, показники: 0, балансоутримувач: КП "ВДК" додано до БД користувачем [Сусло Тетяна].
[09-Apr-2025 11:43:45 Europe/Helsinki] NewDATA [INFO] Новий лічильник номер: 10050030764, тип: ETW-U => DN 15, рік випуску: 2021, показники: 0, балансоутримувач: АТ "ОТКЕ" додано до БД користувачем [Сусло Тетяна].
[09-Apr-2025 11:43:47 Europe/Helsinki] EditDATA [INFO] За адресою просп. Перемоги, буд. 184, кв. 244 користувачем [Сусло Тетяна] було додано лічильники: 161282, 10050030764].
[09-Apr-2025 11:44:29 Europe/Helsinki] NewDATA [INFO] Новий лічильник номер: 076843, тип: КВ-1,5 => DN 15, рік випуску: 2021, показники: 0, балансоутримувач: КП "ВДК" додано до БД користувачем [Сусло Тетяна].
[09-Apr-2025 11:44:49 Europe/Helsinki] NewDATA [INFO] Новий лічильник номер: 062269, тип: КВ-1,5 => DN 15, рік випуску: 2020, показники: 0, балансоутримувач: АТ "ОТКЕ" додано до БД користувачем [Сусло Тетяна].
[09-Apr-2025 11:45:10 Europe/Helsinki] NewDATA [INFO] Новий лічильник номер: 079683, тип: КВ-1,5 => DN 15, рік випуску: 2021, показники: 0, балансоутримувач: КП "ВДК" додано до БД користувачем [Сусло Тетяна].
[09-Apr-2025 11:45:32 Europe/Helsinki] NewDATA [INFO] Новий лічильник номер: 062047, тип: КВ-1,5 => DN 15, рік випуску: 2020, показники: 0, балансоутримувач: АТ "ОТКЕ" додано до БД користувачем [Сусло Тетяна].
[09-Apr-2025 11:45:33 Europe/Helsinki] EditDATA [INFO] За адресою вул. Доценка, буд. 11, кв. 131 користувачем [Сусло Тетяна] було додано лічильники: 076843, 062269, 079683, 062047].
[09-Apr-2025 11:46:23 Europe/Helsinki] NewDATA [INFO] Новий лічильник номер: 07110118, тип: E-T 1,5-U => DN 15, рік випуску: 2007, показники: 0, балансоутримувач: КП "ВДК" додано до БД користувачем [Сусло Тетяна].
[09-Apr-2025 11:46:25 Europe/Helsinki] EditDATA [INFO] За адресою вул. Доценка, буд. 24, кв. 277 користувачем [Сусло Тетяна] було додано лічильники: 07110118].
[09-Apr-2025 11:47:03 Europe/Helsinki] NewDATA [INFO] Новий лічильник номер: 301541, тип: КВ-1,5 => DN 15, рік випуску: 2005, показники: 0, балансоутримувач: КП "ВДК" додано до БД користувачем [Сусло Тетяна].
[09-Apr-2025 11:47:23 Europe/Helsinki] NewDATA [INFO] Новий лічильник номер: 162212, тип: КВ-1,5 => DN 15, рік випуску: 2005, показники: 0, балансоутримувач: АТ "ОТКЕ" додано до БД користувачем [Сусло Тетяна].
[09-Apr-2025 11:47:24 Europe/Helsinki] EditDATA [INFO] За адресою вул. 1-ої танкової бригади, буд. 21, корп. 2, кв. 106 користувачем [Сусло Тетяна] було додано лічильники: 301541, 162212].
[09-Apr-2025 11:48:05 Europe/Helsinki] NewDATA [INFO] Новий лічильник номер: 097701, тип: КВ-1,5 => DN 15, рік випуску: 1999, показники: 0, балансоутримувач: КП "ВДК" додано до БД користувачем [Сусло Тетяна].
[09-Apr-2025 11:48:32 Europe/Helsinki] NewDATA [INFO] Новий лічильник номер: 092432, тип: КВ-1,5 => DN 15, рік випуску: 1999, показники: 0, балансоутримувач: АТ "ОТКЕ" додано до БД користувачем [Сусло Тетяна].
[09-Apr-2025 11:48:34 Europe/Helsinki] EditDATA [INFO] За адресою вул. 1-ої танкової бригади, буд. 37, корп. 2, кв. 28 користувачем [Сусло Тетяна] було додано лічильники: 097701, 092432].
[09-Apr-2025 11:49:10 Europe/Helsinki] NewDATA [INFO] Новий лічильник номер: 030939, тип: КВ-1,5 => DN 15, рік випуску: 2020, показники: 0, балансоутримувач: КП "ВДК" додано до БД користувачем [Сусло Тетяна].
[09-Apr-2025 11:49:29 Europe/Helsinki] NewDATA [INFO] Новий лічильник номер: 190616, тип: КВ-1,5 => DN 15, рік випуску: 2001, показники: 0, балансоутримувач: АТ "ОТКЕ" додано до БД користувачем [Сусло Тетяна].
[09-Apr-2025 11:49:31 Europe/Helsinki] EditDATA [INFO] За адресою вул. 1-ої танкової бригади, буд. 17, кв. 27 користувачем [Сусло Тетяна] було додано лічильники: 030939, 190616].
[09-Apr-2025 11:50:10 Europe/Helsinki] NewDATA [INFO] Новий лічильник номер: 079041, тип: КВ-1,5 => DN 15, рік випуску: 2018, показники: 0, балансоутримувач: КП "ВДК" додано до БД користувачем [Сусло Тетяна].
[09-Apr-2025 12:03:02 Europe/Helsinki] NewDATA [INFO] Новий лічильник номер: 0329708, тип: ЛК => DN 15, рік випуску: 2018, показники: 0, балансоутримувач: АТ "ОТКЕ" додано до БД користувачем [Сусло Тетяна].
[09-Apr-2025 12:03:16 Europe/Helsinki] EditDATA [INFO] За адресою вул. Доценка, буд. 17, корп. Б, кв. 52 користувачем [Сусло Тетяна] було додано лічильники: 0329708, 079041].
[09-Apr-2025 12:14:37 Europe/Helsinki] NewDATA [INFO] Новий лічильник номер: 028453, тип: КВ-1,5 => DN 15, рік випуску: 2012, показники: 0, балансоутримувач: КП "ВДК" додано до БД користувачем [Коваль Людмила].
[09-Apr-2025 12:14:58 Europe/Helsinki] NewDATA [INFO] Новий лічильник номер: 024092, тип: КВ-1,5 => DN 15, рік випуску: 2012, показники: 0, балансоутримувач: АТ "ОТКЕ" додано до БД користувачем [Коваль Людмила].
[09-Apr-2025 12:15:00 Europe/Helsinki] EditDATA [INFO] За адресою вул. Доценка, буд. 17, корп. В, кв. 30 користувачем [Коваль Людмила] було додано лічильники: 028453, 024092].
[09-Apr-2025 12:16:17 Europe/Helsinki] NewDATA [INFO] Новий лічильник номер: 062739, тип: КВ-1,5 => DN 15, рік випуску: 2009, показники: 0, балансоутримувач: КП "ВДК" додано до БД користувачем [Коваль Людмила].
[09-Apr-2025 12:16:44 Europe/Helsinki] NewDATA [INFO] Новий лічильник номер: 373159, тип: КВ-1,5 => DN 15, рік випуску: 2003, показники: 0, балансоутримувач: КП "ТКЕ" додано до БД користувачем [Коваль Людмила].
[09-Apr-2025 12:17:05 Europe/Helsinki] NewDATA [INFO] Новий лічильник номер: 228050, тип: КВ-1,5 => DN 15, рік випуску: 2008, показники: 0, балансоутримувач: КП "ВДК" додано до БД користувачем [Коваль Людмила].
[09-Apr-2025 12:17:27 Europe/Helsinki] NewDATA [INFO] Новий лічильник номер: 203402, тип: КВ-1,5 => DN 15, рік випуску: 2003, показники: 0, балансоутримувач: КП "ТКЕ" додано до БД користувачем [Коваль Людмила].
[09-Apr-2025 12:17:30 Europe/Helsinki] EditDATA [INFO] За адресою вул. Котляревського, буд. 13, кв. 69 користувачем [Коваль Людмила] було додано лічильники: 062739, 373159, 228050, 203402].
[09-Apr-2025 12:18:26 Europe/Helsinki] NewDATA [INFO] Новий лічильник номер: 211372008, тип: СВК => DN 15, рік випуску: 2021, показники: 0, балансоутримувач: КП "ВДК" додано до БД користувачем [Коваль Людмила].
[09-Apr-2025 12:19:01 Europe/Helsinki] NewDATA [INFO] Новий лічильник номер: 304234, тип: КВ-1,5 => DN 15, рік випуску: 2005, показники: 0, балансоутримувач: КП "ТКЕ" додано до БД користувачем [Коваль Людмила].
[09-Apr-2025 12:19:04 Europe/Helsinki] EditDATA [INFO] За адресою вул. Мстиславська, буд. 81, кв. 101 користувачем [Коваль Людмила] було додано лічильники: 211372008, 304234].
[09-Apr-2025 12:20:00 Europe/Helsinki] NewDATA [INFO] Новий лічильник номер: 0200163003, тип: ЛК => DN 15, рік випуску: 2020, показники: 0, балансоутримувач: КП "ВДК" додано до БД користувачем [Коваль Людмила].
[09-Apr-2025 12:20:37 Europe/Helsinki] NewDATA [INFO] Новий лічильник номер: 0200136609, тип: ЛК => DN 15, рік випуску: 2020, показники: 0, балансоутримувач: КП "ТКЕ" додано до БД користувачем [Коваль Людмила].
[09-Apr-2025 12:20:46 Europe/Helsinki] EditDATA [INFO] За адресою вул. Мстиславська, буд. 40, кв. 65 користувачем [Коваль Людмила] було додано лічильники: 0200163003, 0200136609].
[09-Apr-2025 12:25:25 Europe/Helsinki] NewDATA [INFO] Новий лічильник номер: 0200150654, тип: ЛК => DN 15, рік випуску: 2020, показники: 0, балансоутримувач: КП "ВДК" додано до БД користувачем [Коваль Людмила].
[09-Apr-2025 12:25:31 Europe/Helsinki] EditDATA [INFO] За адресою вул. Мстиславська, буд. 40, кв. 65 користувачем [Коваль Людмила] було додано лічильники: 0200150654].
[09-Apr-2025 12:27:41 Europe/Helsinki] EditDATA [INFO] Для заявки Заміна від 02.04.2025 користувачем [Коваль Людмила] змінено примітки з 8-13, тел. сусідки, №653039,1 хв, св на 8-13, тел. сусідки, №653039,1 хв, св,код 248.
[09-Apr-2025 12:29:13 Europe/Helsinki] NewDATA [INFO] Новий лічильник номер: 0200104626, тип: ЛК => DN 15, рік випуску: 2020, показники: 0, балансоутримувач: КП "ТКЕ" додано до БД користувачем [Коваль Людмила].
[09-Apr-2025 12:29:15 Europe/Helsinki] EditDATA [INFO] За адресою вул. Мстиславська, буд. 40, кв. 65 користувачем [Коваль Людмила] було додано лічильники: 0200104626].
[09-Apr-2025 12:30:10 Europe/Helsinki] NewDATA [INFO] Новий лічильник номер: 050277, тип: КВ-1,5 => DN 15, рік випуску: 2020, показники: 0, балансоутримувач: КП "ВДК" додано до БД користувачем [Коваль Людмила].
[09-Apr-2025 12:30:30 Europe/Helsinki] NewDATA [INFO] Новий лічильник номер: 061398, тип: КВ-1,5 => DN 15, рік випуску: 2020, показники: 0, балансоутримувач: АТ "ОТКЕ" додано до БД користувачем [Коваль Людмила].
[09-Apr-2025 12:30:32 Europe/Helsinki] EditDATA [INFO] За адресою просп. Грушевського Михайла, буд. 161, кв. 139 користувачем [Коваль Людмила] було додано лічильники: 050277, 061398].
[09-Apr-2025 12:31:19 Europe/Helsinki] NewDATA [INFO] Новий лічильник номер: 071482, тип: КВ-1,5 => DN 15, рік випуску: 2016, показники: 0, балансоутримувач: КП "ВДК" додано до БД користувачем [Коваль Людмила].
[09-Apr-2025 12:31:20 Europe/Helsinki] EditDATA [INFO] За адресою просп. Грушевського Михайла, буд. 193, кв. 132 користувачем [Коваль Людмила] було додано лічильники: 071482].
[09-Apr-2025 12:32:10 Europe/Helsinki] NewDATA [INFO] Новий лічильник номер: 631563, тип: КВ-1,5 => DN 15, рік випуску: 2005, показники: 0, балансоутримувач: КП "ВДК" додано до БД користувачем [Коваль Людмила].
[09-Apr-2025 12:32:34 Europe/Helsinki] NewDATA [INFO] Новий лічильник номер: 632414, тип: КВ-1,5 => DN 15, рік випуску: 2005, показники: 0, балансоутримувач: КП "ТКЕ" додано до БД користувачем [Коваль Людмила].
[09-Apr-2025 12:32:36 Europe/Helsinki] EditDATA [INFO] За адресою вул. Коцюбинського, буд. 33, кв. 18 користувачем [Коваль Людмила] було додано лічильники: 631563, 632414].
[09-Apr-2025 12:33:15 Europe/Helsinki] NewDATA [INFO] Новий лічильник номер: 120069619, тип: ЛК => DN 15, рік випуску: 2021, показники: 0, балансоутримувач: КП "ВДК" додано до БД користувачем [Коваль Людмила].
[09-Apr-2025 12:33:37 Europe/Helsinki] NewDATA [INFO] Новий лічильник номер: 352925, тип: КВ-1,5 => DN 15, рік випуску: 2009, показники: 0, балансоутримувач: АТ "ОТКЕ" додано до БД користувачем [Коваль Людмила].
[09-Apr-2025 12:34:04 Europe/Helsinki] NewDATA [INFO] Новий лічильник номер: 0200234543, тип: ЛК => DN 15, рік випуску: 2020, показники: 0, балансоутримувач: КП "ВДК" додано до БД користувачем [Коваль Людмила].
[09-Apr-2025 12:34:26 Europe/Helsinki] NewDATA [INFO] Новий лічильник номер: 541197, тип: КВ-1,5 => DN 15, рік випуску: 2002, показники: 0, балансоутримувач: АТ "ОТКЕ" додано до БД користувачем [Коваль Людмила].
[09-Apr-2025 12:34:29 Europe/Helsinki] EditDATA [INFO] За адресою просп. Грушевського Михайла, буд. 157, кв. 48 користувачем [Коваль Людмила] було додано лічильники: 120069619, 352925, 0200234543, 541197].
[09-Apr-2025 12:35:08 Europe/Helsinki] NewDATA [INFO] Новий лічильник номер: 141300, тип: КВ-1,5 => DN 15, рік випуску: 2008, показники: 0, балансоутримувач: КП "ВДК" додано до БД користувачем [Коваль Людмила].
[09-Apr-2025 12:35:30 Europe/Helsinki] NewDATA [INFO] Новий лічильник номер: 085647, тип: КВ-1,5 => DN 15, рік випуску: 2008, показники: 0, балансоутримувач: АТ "ОТКЕ" додано до БД користувачем [Коваль Людмила].
[09-Apr-2025 12:35:49 Europe/Helsinki] NewDATA [INFO] Новий лічильник номер: 139820, тип: КВ-1,5 => DN 15, рік випуску: 2008, показники: 0, балансоутримувач: КП "ВДК" додано до БД користувачем [Коваль Людмила].
[09-Apr-2025 12:36:25 Europe/Helsinki] NewDATA [INFO] Новий лічильник номер: 513463, тип: КВ-1,5 => DN 15, рік випуску: 2007, показники: 0, балансоутримувач: АТ "ОТКЕ" додано до БД користувачем [Коваль Людмила].
[09-Apr-2025 12:36:27 Europe/Helsinki] EditDATA [INFO] За адресою просп. Грушевського Михайла, буд. 169, корп. 2, кв. 104 користувачем [Коваль Людмила] було додано лічильники: 141300, 085647, 139820, 513463].
[09-Apr-2025 12:43:57 Europe/Helsinki] NewDATA [INFO] Новий лічильник номер: 405890, тип: КВ-1,5 => DN 15, рік випуску: 2007, показники: 0, балансоутримувач: КП "ВДК" додано до БД користувачем [Коваль Людмила].
[09-Apr-2025 12:43:59 Europe/Helsinki] EditDATA [INFO] За адресою просп. Левка Лукяненка, буд. 37, корп. А, кв. 103 користувачем [Коваль Людмила] було додано лічильники: 405890].
[09-Apr-2025 12:44:44 Europe/Helsinki] NewDATA [INFO] Новий лічильник номер: 0200244972, тип: ЛК => DN 15, рік випуску: 2020, показники: 0, балансоутримувач: КП "ВДК" додано до БД користувачем [Коваль Людмила].
[09-Apr-2025 12:44:46 Europe/Helsinki] EditDATA [INFO] За адресою вул. Шевченка, буд. 114, корп. А, кв. 144 користувачем [Коваль Людмила] було додано лічильники: 0200244972].
[09-Apr-2025 12:45:25 Europe/Helsinki] NewDATA [INFO] Новий лічильник номер: 124558, тип: КВ-1,5 => DN 15, рік випуску: 2016, показники: 0, балансоутримувач: КП "ВДК" додано до БД користувачем [Коваль Людмила].
[09-Apr-2025 12:45:27 Europe/Helsinki] EditDATA [INFO] За адресою вул. Шевченка, буд. 101, корп. А, кв. 44 користувачем [Коваль Людмила] було додано лічильники: 124558].
[09-Apr-2025 12:47:18 Europe/Helsinki] NewDATA [INFO] Новий лічильник номер: 071744, тип: КВ-1,5 => DN 15, рік випуску: 2021, показники: 0, балансоутримувач: КП "ВДК" додано до БД користувачем [Коваль Людмила].
[09-Apr-2025 12:47:39 Europe/Helsinki] NewDATA [INFO] Новий лічильник номер: 074802, тип: КВ-1,5 => DN 15, рік випуску: 2021, показники: 0, балансоутримувач: АТ "ОТКЕ" додано до БД користувачем [Коваль Людмила].
[09-Apr-2025 12:47:41 Europe/Helsinki] EditDATA [INFO] За адресою вул. Захисників України, буд. 1, кв. 54 користувачем [Коваль Людмила] було додано лічильники: 071744, 074802].
[09-Apr-2025 12:49:02 Europe/Helsinki] NewDATA [INFO] Новий лічильник номер: 1192966, тип: ЛК => DN 15, рік випуску: 2011, показники: 0, балансоутримувач: КП "ВДК" додано до БД користувачем [Коваль Людмила].
[09-Apr-2025 12:49:29 Europe/Helsinki] NewDATA [INFO] Новий лічильник номер: 1234020, тип: ЛК => DN 15, рік випуску: 2011, показники: 0, балансоутримувач: АТ "ОТКЕ" додано до БД користувачем [Коваль Людмила].
[09-Apr-2025 12:49:30 Europe/Helsinki] EditDATA [INFO] За адресою вул. Освіти, буд. 4, корп. А, кв. 4 користувачем [Коваль Людмила] було додано лічильники: 1192966, 1234020].
[09-Apr-2025 13:18:36 Europe/Helsinki] EditDATA [INFO] Для заявки Повірка від 08.04.2025 користувачем [Коваль Людмила] змінено виконавця з ЗАПЛАНОВАНІ на Шкуліпа.
[09-Apr-2025 13:18:46 Europe/Helsinki] EditDATA [INFO] Для заявки Повірка від 07.04.2025 користувачем [Коваль Людмила] змінено виконавця з ЗАПЛАНОВАНІ на Шкуліпа.
[09-Apr-2025 13:18:55 Europe/Helsinki] EditDATA [INFO] Для заявки Повірка від 07.04.2025 користувачем [Коваль Людмила] змінено виконавця з ЗАПЛАНОВАНІ на Шкуліпа.
[09-Apr-2025 13:19:39 Europe/Helsinki] EditDATA [INFO] Для заявки Повірка від 07.04.2025 користувачем [Коваль Людмила] змінено виконавця з ЗАПЛАНОВАНІ на Шкуліпа.
[09-Apr-2025 13:19:50 Europe/Helsinki] EditDATA [INFO] Для заявки Повірка від 03.04.2025 користувачем [Коваль Людмила] змінено виконавця з ЗАПЛАНОВАНІ на Шкуліпа.
[09-Apr-2025 13:19:59 Europe/Helsinki] EditDATA [INFO] Для заявки Повірка від 04.04.2025 користувачем [Коваль Людмила] змінено виконавця з ЗАПЛАНОВАНІ на Шкуліпа.
[09-Apr-2025 13:20:07 Europe/Helsinki] EditDATA [INFO] Для заявки Повірка від 04.04.2025 користувачем [Коваль Людмила] змінено виконавця з ЗАПЛАНОВАНІ на Шкуліпа.
[09-Apr-2025 13:20:17 Europe/Helsinki] EditDATA [INFO] Для заявки Повірка від 01.04.2025 користувачем [Коваль Людмила] змінено виконавця з ЗАПЛАНОВАНІ на Шкуліпа.
[09-Apr-2025 13:20:26 Europe/Helsinki] EditDATA [INFO] Для заявки Повірка від 31.03.2025 користувачем [Коваль Людмила] змінено виконавця з ЗАПЛАНОВАНІ на Шкуліпа.
[09-Apr-2025 13:50:17 Europe/Helsinki] EditDATA [INFO] Для заявки Повірка від 03.03.2025 користувачем [Сусло Тетяна] змінено примітки з 8-13, за 30 хв на 9-13, за 30 хв.
[09-Apr-2025 14:39:59 Europe/Helsinki] NewDATA [INFO] Нова адреса вул. Нафтовиків, буд. 19, кв. 13, тел. +38 (066) 980-07-43 додана до БД користувачем [Коваль Людмила].
[09-Apr-2025 14:40:32 Europe/Helsinki] NewDATA [INFO] Нова заявка Повірка, адреса: вул. Нафтовиків 19, кв. 13, лічильники: БЕЗ НОМЕРА - 4 шт., вартість: 1200 грн., примітки: 13-17 додано до БД користувачем [Коваль Людмила].
[2025-04-09T14:40:39.219] [INFO] DataBase - У заявці Повірка від 9 квітня 2025 р. за адресою вул. Нафтовиків, буд. 19, кв. 13 додано виконавця ЗАПЛАНОВАНІ та додано дату виконання 29 квітня 2025 р. користувачем [Коваль Людмила].
[09-Apr-2025 16:31:56 Europe/Helsinki] NewDATA [INFO] Нова адреса вул. Освіти, буд. 86, кв. 45, тел. +38 (093) 768-78-44 додана до БД користувачем [Сусло Тетяна].
[09-Apr-2025 16:32:19 Europe/Helsinki] NewDATA [INFO] Нова заявка Повірка, адреса: вул. Освіти 86, кв. 45, лічильники: БЕЗ НОМЕРА - 1 шт., вартість: 300 грн., примітки: 13.30-17, 1 гв додано до БД користувачем [Сусло Тетяна].
[2025-04-09T16:32:23.462] [INFO] DataBase - У заявці Повірка від 9 квітня 2025 р. за адресою вул. Освіти, буд. 86, кв. 45 додано виконавця ЗАПЛАНОВАНІ та додано дату виконання 22 квітня 2025 р. користувачем [Сусло Тетяна].
[09-Apr-2025 16:33:01 Europe/Helsinki] NewDATA [INFO] Нова заявка Повірка, адреса: вул. Волковича 12, кв. 58, лічильники: БЕЗ НОМЕРА - 1 шт., вартість: 300 грн., примітки: 8-13, за 30 хв, 1хв додано до БД користувачем [Сусло Тетяна].
[2025-04-09T16:33:05.821] [INFO] DataBase - У заявці Повірка від 9 квітня 2025 р. за адресою вул. Волковича, буд. 12, кв. 58 додано виконавця ЗАПЛАНОВАНІ та додано дату виконання 29 квітня 2025 р. користувачем [Сусло Тетяна].
