[05-May-2025 09:19:33 Europe/Helsinki] DellTASK [INFO] Повірка від 01.05.2025 для адреси вул. Льотна, буд. 41, кв. 73 для лічильника БЕЗ НОМЕРА - 1 шт. було завершено користувачем [Коваль Людмила] з коментарем: виконано.
[05-May-2025 09:22:23 Europe/Helsinki] NewDATA [INFO] Нова адреса вул. курсанта Єськова, буд. 14, корп. 1, кв. 60, тел. +38 (093) 731-99-20 додана до БД користувачем [Сусло Тетяна].
[05-May-2025 09:23:07 Europe/Helsinki] NewDATA [INFO] Нова заявка Повірка, адреса: вул. курсанта Єськова 14 корпус 1, кв. 60, лічильники: БЕЗ НОМЕРА - 2 шт., вартість: 600 грн., примітки: за 1 год додано до БД користувачем [Сусло Тетяна].
[2025-05-05T09:23:11.572] [INFO] DataBase - У заявці Повірка від 5 травня 2025 р. за адресою вул. курсанта Єськова, буд. 14, корп. 1, кв. 60 додано виконавця ЗАПЛАНОВАНІ та додано дату виконання 8 травня 2025 р. користувачем [Сусло Тетяна].
[05-May-2025 09:26:16 Europe/Helsinki] DellTASK [INFO] Повірка від 01.05.2025 для адреси вул. Волковича, буд. 10, кв. 69 для лічильника БЕЗ НОМЕРА - 1 шт. було завершено користувачем [Коваль Людмила] з коментарем: виконано.
[05-May-2025 09:26:56 Europe/Helsinki] DellTASK [INFO] Повірка від 30.04.2025 для адреси вул. Громадська, буд. 19, кв. 34 для лічильника БЕЗ НОМЕРА - 1 шт. було завершено користувачем [Коваль Людмила] з коментарем: виконано.
[05-May-2025 09:27:11 Europe/Helsinki] DellTASK [INFO] Повірка від 29.04.2025 для адреси просп. Миру, буд. 212, кв. 38 для лічильника БЕЗ НОМЕРА - 2 шт. було завершено користувачем [Коваль Людмила] з коментарем: виконано.
[05-May-2025 09:28:29 Europe/Helsinki] NewDATA [INFO] Нова адреса вул. Генерала Пухова, буд. 105, кв. 24, тел. +38 (063) 453-77-05 додана до БД користувачем [Сусло Тетяна].
[05-May-2025 09:28:59 Europe/Helsinki] NewDATA [INFO] Нова заявка Повірка, адреса: вул. Генерала Пухова 105, кв. 24, лічильники: БЕЗ НОМЕРА - 4 шт., вартість: 1200 грн., примітки: 8-10, за 15 хв додано до БД користувачем [Сусло Тетяна].
[2025-05-05T09:29:04.568] [INFO] DataBase - У заявці Повірка від 5 травня 2025 р. за адресою вул. Генерала Пухова, буд. 105, кв. 24 додано виконавця ЗАПЛАНОВАНІ та додано дату виконання 15 травня 2025 р. користувачем [Сусло Тетяна].
[05-May-2025 09:29:45 Europe/Helsinki] NewDATA [INFO] Нова адреса вул. Космонавтів, буд. 1, корп. А, кв. 34, тел. +38 (073) 170-72-20 додана до БД користувачем [Сусло Тетяна].
[05-May-2025 09:30:12 Europe/Helsinki] NewDATA [INFO] Нова заявка Повірка, адреса: вул. Космонавтів 1 корпус А, кв. 34, лічильники: БЕЗ НОМЕРА - 2 шт., вартість: 600 грн., примітки: 8-13, за 1 год додано до БД користувачем [Сусло Тетяна].
[2025-05-05T09:30:16.241] [INFO] DataBase - У заявці Повірка від 5 травня 2025 р. за адресою вул. Космонавтів, буд. 1, корп. А, кв. 34 додано виконавця ЗАПЛАНОВАНІ та додано дату виконання 6 травня 2025 р. користувачем [Сусло Тетяна].
[05-May-2025 09:31:02 Europe/Helsinki] NewDATA [INFO] Нова адреса вул. Любецька, буд. 104, кв. 30, тел. +38 (063) 680-13-70 додана до БД користувачем [Сусло Тетяна].
[05-May-2025 09:31:27 Europe/Helsinki] NewDATA [INFO] Нова заявка Повірка, адреса: вул. Любецька 104, кв. 30, лічильники: БЕЗ НОМЕРА - 1 шт., вартість: 300 грн., примітки: за 1 год додано до БД користувачем [Сусло Тетяна].
[2025-05-05T09:31:32.074] [INFO] DataBase - У заявці Повірка від 5 травня 2025 р. за адресою вул. Любецька, буд. 104, кв. 30 додано виконавця ЗАПЛАНОВАНІ та додано дату виконання 7 травня 2025 р. користувачем [Сусло Тетяна].
[05-May-2025 09:32:16 Europe/Helsinki] NewDATA [INFO] Нова заявка Повірка, адреса: вул. Мстиславська 173, кв. 85, лічильники: БЕЗ НОМЕРА - 2 шт., вартість: 600 грн., примітки: 8-13, 2 хв додано до БД користувачем [Сусло Тетяна].
[2025-05-05T09:32:19.689] [INFO] DataBase - У заявці Повірка від 5 травня 2025 р. за адресою вул. Мстиславська, буд. 173, кв. 85 додано виконавця ЗАПЛАНОВАНІ та додано дату виконання 21 травня 2025 р. користувачем [Сусло Тетяна].
[05-May-2025 09:33:47 Europe/Helsinki] DellTASK [INFO] Повірка від 29.04.2025 для адреси вул. Волковича, буд. 11, кв. 43 для лічильника БЕЗ НОМЕРА - 2 шт. було завершено користувачем [Коваль Людмила] з коментарем: виконано.
[05-May-2025 09:34:02 Europe/Helsinki] DellTASK [INFO] Повірка від 29.04.2025 для адреси вул. Волковича, буд. 10, кв. 66 для лічильника БЕЗ НОМЕРА - 2 шт. було завершено користувачем [Коваль Людмила] з коментарем: виконано.
[05-May-2025 09:34:19 Europe/Helsinki] DellTASK [INFO] Повірка від 23.04.2025 для адреси вул. Мстиславська, буд. 171, кв. 26 для лічильника БЕЗ НОМЕРА - 2 шт. було завершено користувачем [Коваль Людмила] з коментарем: виконано.
[05-May-2025 09:37:33 Europe/Helsinki] DellTASK [INFO] Повірка від 29.04.2025 для адреси вул. Героїв Чорнобиля, буд. 10, кв. 71 для лічильника БЕЗ НОМЕРА - 1 шт. було завершено користувачем [Коваль Людмила] з коментарем: не виконано.немає води.
[05-May-2025 09:37:47 Europe/Helsinki] DellTASK [INFO] Повірка від 29.04.2025 для адреси вул. Козацька, буд. 28, кв. 8 для лічильника БЕЗ НОМЕРА - 1 шт. було завершено користувачем [Коваль Людмила] з коментарем: виконано.
[05-May-2025 09:38:12 Europe/Helsinki] DellTASK [INFO] Повірка від 30.04.2025 для адреси вул. Текстильників, буд. 6, кв. 46 для лічильника БЕЗ НОМЕРА - 1 шт. було завершено користувачем [Коваль Людмила] з коментарем: виконано.
[05-May-2025 09:38:28 Europe/Helsinki] DellTASK [INFO] Повірка від 01.05.2025 для адреси вул. Мазепи Івана, буд. 54, кв. 70 для лічильника БЕЗ НОМЕРА - 2 шт. було завершено користувачем [Коваль Людмила] з коментарем: виконано.
[05-May-2025 09:38:43 Europe/Helsinki] DellTASK [INFO] Повірка від 28.04.2025 для адреси вул. Самоквасова Дмитра, буд. 23, кв. 3 для лічильника БЕЗ НОМЕРА - 4 шт. було завершено користувачем [Коваль Людмила] з коментарем: виконано.
[05-May-2025 09:50:19 Europe/Helsinki] DellTASK [INFO] Повірка від 23.04.2025 для адреси вул. Мацієвського Олександра, буд. 12, корп. Б, кв. 49 для лічильника БЕЗ НОМЕРА - 2 шт. було завершено користувачем [Коваль Людмила] з коментарем: виконано.
[05-May-2025 09:50:33 Europe/Helsinki] DellTASK [INFO] Повірка від 25.04.2025 для адреси вул. Довженка, буд. 152, кв. 3 для лічильника БЕЗ НОМЕРА - 1 шт. було завершено користувачем [Коваль Людмила] з коментарем: виконано.
[05-May-2025 09:50:59 Europe/Helsinki] EditDATA [INFO] Для заявки Повірка від 05.05.2025 користувачем [Сусло Тетяна] змінено примітки з за 1 год на за 1 год, подовж.
[05-May-2025 09:51:20 Europe/Helsinki] DellTASK [INFO] Повірка від 23.04.2025 для адреси вул. Толстого, буд. 122, кв. 45 для лічильника БЕЗ НОМЕРА - 2 шт. було завершено користувачем [Коваль Людмила] з коментарем: виконано.
[05-May-2025 09:51:35 Europe/Helsinki] DellTASK [INFO] Повірка від 24.04.2025 для адреси вул. Довженка, буд. 122, кв. 24 для лічильника БЕЗ НОМЕРА - 2 шт. було завершено користувачем [Коваль Людмила] з коментарем: виконано.
[05-May-2025 09:51:53 Europe/Helsinki] DellTASK [INFO] Повірка від 22.04.2025 для адреси вул. Самоквасова Дмитра, буд. 11, кв. 62 для лічильника БЕЗ НОМЕРА - 1 шт. було завершено користувачем [Коваль Людмила] з коментарем: виконано.
[05-May-2025 10:03:31 Europe/Helsinki] DellTASK [INFO] Повірка від 25.04.2025 для адреси вул. Мазепи Івана, буд. 54, кв. 170 для лічильника БЕЗ НОМЕРА - 2 шт. було завершено користувачем [Коваль Людмила] з коментарем: виконано.
[05-May-2025 10:03:50 Europe/Helsinki] DellTASK [INFO] Повірка від 23.04.2025 для адреси вул. Мазепи Івана, буд. 54, кв. 139 для лічильника БЕЗ НОМЕРА - 2 шт. було завершено користувачем [Коваль Людмила] з коментарем: не виконано.немає вдома.
[05-May-2025 10:06:10 Europe/Helsinki] NewDATA [INFO] Новий лічильник номер: 129095, тип: КВ-1,5 => DN 15, рік випуску: 2009, показники: 0, балансоутримувач: КП "ВДК" додано до БД користувачем [Коваль Людмила].
[05-May-2025 10:06:34 Europe/Helsinki] NewDATA [INFO] Новий лічильник номер: 582479, тип: КВ-1,5 => DN 15, рік випуску: 2001, показники: 0, балансоутримувач: КП "ТКЕ" додано до БД користувачем [Коваль Людмила].
[05-May-2025 10:06:36 Europe/Helsinki] EditDATA [INFO] За адресою вул. Мазепи Івана, буд. 54, кв. 170 користувачем [Коваль Людмила] було додано лічильники: 129095, 582479].
[05-May-2025 10:07:16 Europe/Helsinki] NewDATA [INFO] Новий лічильник номер: 020411, тип: КВ-1,5 => DN 15, рік випуску: 2017, показники: 0, балансоутримувач: КП "ВДК" додано до БД користувачем [Коваль Людмила].
[05-May-2025 10:07:26 Europe/Helsinki] EditDATA [INFO] За адресою вул. Мазепи Івана, буд. 54, кв. 70 користувачем [Коваль Людмила] було додано лічильники: 020411].
[05-May-2025 10:10:02 Europe/Helsinki] NewDATA [INFO] Новий лічильник номер: 002503, тип: КВ-1,5 => DN 15, рік випуску: 2017, показники: 0, балансоутримувач: КП "ТКЕ" додано до БД користувачем [Коваль Людмила].
[05-May-2025 10:10:04 Europe/Helsinki] EditDATA [INFO] За адресою вул. Мазепи Івана, буд. 54, кв. 70 користувачем [Коваль Людмила] було додано лічильники: 002503].
[05-May-2025 10:11:00 Europe/Helsinki] NewDATA [INFO] Новий лічильник номер: 024158, тип: КВ-1,5 => DN 15, рік випуску: 2013, показники: 0, балансоутримувач: КП "ВДК" додано до БД користувачем [Коваль Людмила].
[05-May-2025 10:11:23 Europe/Helsinki] NewDATA [INFO] Новий лічильник номер: 019665, тип: КВ-1,5 => DN 15, рік випуску: 2013, показники: 0, балансоутримувач: КП "ТКЕ" додано до БД користувачем [Коваль Людмила].
[05-May-2025 10:11:25 Europe/Helsinki] EditDATA [INFO] За адресою вул. Самоквасова Дмитра, буд. 11, кв. 62 користувачем [Коваль Людмила] було додано лічильники: 024158, 019665].
[05-May-2025 10:49:37 Europe/Helsinki] NewDATA [INFO] Нова адреса просп. Перемоги, буд. 201, кв. 32, тел. +38 (093) 358-93-96 додана до БД користувачем [Коваль Людмила].
[05-May-2025 10:50:03 Europe/Helsinki] NewDATA [INFO] Нова заявка Повірка, адреса: просп. Перемоги 201, кв. 32, лічильники: БЕЗ НОМЕРА - 1 шт., вартість: 300 грн., примітки: 8-13 додано до БД користувачем [Коваль Людмила].
[2025-05-05T10:50:09.969] [INFO] DataBase - У заявці Повірка від 5 травня 2025 р. за адресою просп. Перемоги, буд. 201, кв. 32 додано виконавця ЗАПЛАНОВАНІ та додано дату виконання 9 травня 2025 р. користувачем [Коваль Людмила].
[05-May-2025 10:50:22 Europe/Helsinki] NewDATA [INFO] Новий лічильник номер: 119188, тип: КВ-1,5 => DN 15, рік випуску: 2007, показники: 0, балансоутримувач: КП "ВДК" додано до БД користувачем [Сусло Тетяна].
[05-May-2025 10:50:44 Europe/Helsinki] NewDATA [INFO] Новий лічильник номер: 647500, тип: КВ-1,5 => DN 15, рік випуску: 2006, показники: 0, балансоутримувач: КП "ТКЕ" додано до БД користувачем [Сусло Тетяна].
[05-May-2025 10:50:46 Europe/Helsinki] EditDATA [INFO] За адресою вул. Пирогова, буд. 1, кв. 32 користувачем [Сусло Тетяна] було додано лічильники: 119188, 647500].
[05-May-2025 10:51:26 Europe/Helsinki] NewDATA [INFO] Новий лічильник номер: 6954050, тип: ЛК => DN 15, рік випуску: 2016, показники: 0, балансоутримувач: КП "ВДК" додано до БД користувачем [Сусло Тетяна].
[05-May-2025 10:51:27 Europe/Helsinki] EditDATA [INFO] За адресою просп. Миру, буд. 45, кв. 23 користувачем [Сусло Тетяна] було додано лічильники: 6954050].
[05-May-2025 10:52:04 Europe/Helsinki] NewDATA [INFO] Новий лічильник номер: 004872, тип: КВ-1,5 => DN 15, рік випуску: 2012, показники: 0, балансоутримувач: КП "ВДК" додано до БД користувачем [Сусло Тетяна].
[05-May-2025 10:52:25 Europe/Helsinki] NewDATA [INFO] Новий лічильник номер: 478861, тип: КВ-1,5 => DN 15, рік випуску: 2007, показники: 0, балансоутримувач: КП "ТКЕ" додано до БД користувачем [Сусло Тетяна].
[05-May-2025 10:52:28 Europe/Helsinki] EditDATA [INFO] За адресою вул. Мазепи Івана, буд. 11, кв. 78 користувачем [Сусло Тетяна] було додано лічильники: 004872, 478861].
[05-May-2025 11:00:04 Europe/Helsinki] NewDATA [INFO] Нова адреса вул. Волковича, буд. 17, кв. 55, тел. +38 (093) 017-80-49 додана до БД користувачем [Сусло Тетяна].
[05-May-2025 11:00:31 Europe/Helsinki] NewDATA [INFO] Нова заявка Повірка, адреса: вул. Волковича 17, кв. 55, лічильники: БЕЗ НОМЕРА - 1 шт., вартість: 300 грн., примітки: 13-17, 1 гв, уточнить хол. додано до БД користувачем [Сусло Тетяна].
[2025-05-05T11:00:34.757] [INFO] DataBase - У заявці Повірка від 5 травня 2025 р. за адресою вул. Волковича, буд. 17, кв. 55 додано виконавця ЗАПЛАНОВАНІ та додано дату виконання 8 травня 2025 р. користувачем [Сусло Тетяна].
[05-May-2025 11:00:35 Europe/Helsinki] NewDATA [INFO] Нова адреса просп. Левка Лукяненка, буд. 12, корп. А, кв. 15, тел. +38 (093) 735-21-31 додана до БД користувачем [Коваль Людмила].
[05-May-2025 11:01:07 Europe/Helsinki] NewDATA [INFO] Нова заявка Повірка, адреса: просп. Левка Лукяненка 12 корпус А, кв. 15, лічильники: БЕЗ НОМЕРА - 2 шт., вартість: 600 грн., примітки: 8-13 додано до БД користувачем [Коваль Людмила].
[2025-05-05T11:01:19.271] [INFO] DataBase - У заявці Повірка від 5 травня 2025 р. за адресою просп. Левка Лукяненка, буд. 12, корп. А, кв. 15 додано виконавця ЗАПЛАНОВАНІ та додано дату виконання 9 травня 2025 р. користувачем [Коваль Людмила].
[05-May-2025 11:02:09 Europe/Helsinki] NewDATA [INFO] Нова адреса вул. Генерала Пухова, буд. 142, кв. 57, тел. +38 (063) 464-46-89 додана до БД користувачем [Коваль Людмила].
[05-May-2025 11:02:54 Europe/Helsinki] NewDATA [INFO] Нова заявка Повірка, адреса: вул. Генерала Пухова 142, кв. 57, лічильники: БЕЗ НОМЕРА - 2 шт., вартість: 1200 грн., примітки: 13-17,пер.за 10 хв. додано до БД користувачем [Коваль Людмила].
[2025-05-05T11:06:35.698] [INFO] DataBase - У заявці Повірка від 5 травня 2025 р. за адресою вул. Генерала Пухова, буд. 142, кв. 57 додано виконавця ЗАПЛАНОВАНІ та додано дату виконання 10 червня 2025 р. користувачем [Коваль Людмила].
[05-May-2025 11:11:58 Europe/Helsinki] NewDATA [INFO] Нова адреса просп. Миру, буд. 271, кв. 67, тел. +38 (067) 695-91-32 додана до БД користувачем [Коваль Людмила].
[05-May-2025 11:12:47 Europe/Helsinki] NewDATA [INFO] Нова заявка Повірка, адреса: просп. Миру 271, кв. 67, лічильники: БЕЗ НОМЕРА - 2 шт., вартість: 600 грн., примітки: 8-13 додано до БД користувачем [Коваль Людмила].
[2025-05-05T11:12:54.793] [INFO] DataBase - У заявці Повірка від 5 травня 2025 р. за адресою просп. Миру, буд. 271, кв. 67 додано виконавця ЗАПЛАНОВАНІ та додано дату виконання 26 червня 2025 р. користувачем [Коваль Людмила].
[05-May-2025 11:24:05 Europe/Helsinki] EditDATA [INFO] За адресою вул. Довженка 122, кв. 24 користувачем [Коваль Людмила] змінені номери телефонів з +38(093)671-67-48 на +38(093)968-91-00, при створенні нової заявки [Заміна] від 05.05.2025.
[05-May-2025 11:24:05 Europe/Helsinki] NewDATA [INFO] Нова заявка Заміна, адреса: вул. Довженка 122, кв. 24, лічильники: БЕЗ НОМЕРА - 1 шт., вартість: 1100 грн., примітки: 8-13,гор.кух.,пер.за 30 хв. додано до БД користувачем [Коваль Людмила].
[2025-05-05T11:24:08.367] [INFO] DataBase - У заявці Заміна від 5 травня 2025 р. за адресою вул. Довженка, буд. 122, кв. 24 додано виконавця Баранов та додано дату виконання 7 травня 2025 р. користувачем [Коваль Людмила].
[05-May-2025 11:30:44 Europe/Helsinki] NewDATA [INFO] Нова адреса вул. Довженка, буд. 136, кв. 26, тел. +38 (050) 975-35-83 додана до БД користувачем [Коваль Людмила].
[05-May-2025 11:31:38 Europe/Helsinki] NewDATA [INFO] Нова заявка Повірка, адреса: вул. Довженка 136, кв. 26, лічильники: БЕЗ НОМЕРА - 2 шт., вартість: 600 грн., примітки: 8-13,пер.за 30 хв. додано до БД користувачем [Коваль Людмила].
[2025-05-05T11:32:13.259] [INFO] DataBase - У заявці Повірка від 5 травня 2025 р. за адресою вул. Довженка, буд. 136, кв. 26 додано виконавця ЗАПЛАНОВАНІ та додано дату виконання 12 травня 2025 р. користувачем [Коваль Людмила].
[05-May-2025 12:02:18 Europe/Helsinki] NewDATA [INFO] Нова заявка Заміна, адреса: вул. Корольова 14 корпус А, кв. 46, лічильники: 362578, вартість: 400 грн., примітки: 8-13, 1 хв додано до БД користувачем [Сусло Тетяна].
[2025-05-05T12:02:21.370] [INFO] DataBase - У заявці Заміна від 5 травня 2025 р. за адресою вул. Корольова, буд. 14, корп. А, кв. 46 додано виконавця Баранов та додано дату виконання 6 травня 2025 р. користувачем [Сусло Тетяна].
[05-May-2025 12:03:11 Europe/Helsinki] EditDATA [INFO] За адресою вул. Волковича 10, кв. 66 користувачем [Сусло Тетяна] змінені номери телефонів з +38(093)140-23-20 на +38(050)280-50-22, при створенні нової заявки [Заміна] від 05.05.2025.
[05-May-2025 12:03:11 Europe/Helsinki] NewDATA [INFO] Нова заявка Заміна, адреса: вул. Волковича 10, кв. 66, лічильники: БЕЗ НОМЕРА - 2 шт., виконавець: Баранов, вартість: 800 грн., примітки: 12-16, хв, гв додано до БД користувачем [Сусло Тетяна].
[2025-05-05T12:03:14.203] [INFO] DataBase - У заявці Заміна від 5 травня 2025 р. за адресою вул. Волковича, буд. 10, кв. 66 додано дату виконання 8 травня 2025 р. користувачем [Сусло Тетяна].
[05-May-2025 12:09:12 Europe/Helsinki] NewDATA [INFO] Нова адреса вул. Мазепи Івана, буд. 54, кв. 19, тел. +38 (097) 783-36-97 додана до БД користувачем [Сусло Тетяна].
[05-May-2025 12:10:05 Europe/Helsinki] NewDATA [INFO] Нова заявка Повірка, адреса: вул. Мазепи Івана 54, кв. 19, лічильники: БЕЗ НОМЕРА - 2 шт., вартість: 600 грн., примітки: 12-16, за 30 зв, потім в кв.№78 додано до БД користувачем [Сусло Тетяна].
[05-May-2025 12:10:37 Europe/Helsinki] NewDATA [INFO] Нова адреса вул. Мазепи Івана, буд. 54, кв. 78, тел. +38 (097) 783-36-97 додана до БД користувачем [Сусло Тетяна].
[05-May-2025 12:11:13 Europe/Helsinki] NewDATA [INFO] Нова заявка Повірка, адреса: вул. Мазепи Івана 54, кв. 78, лічильники: БЕЗ НОМЕРА - 2 шт., вартість: 600 грн., примітки: 12-16, за 30 хв, спочатку в кв.№19 додано до БД користувачем [Сусло Тетяна].
[2025-05-05T12:11:17.473] [INFO] DataBase - У заявці Повірка від 5 травня 2025 р. за адресою вул. Мазепи Івана, буд. 54, кв. 19 додано виконавця ЗАПЛАНОВАНІ та додано дату виконання 12 травня 2025 р. користувачем [Сусло Тетяна].
[2025-05-05T12:11:19.246] [INFO] DataBase - У заявці Повірка від 5 травня 2025 р. за адресою вул. Мазепи Івана, буд. 54, кв. 78 додано виконавця ЗАПЛАНОВАНІ та додано дату виконання 12 травня 2025 р. користувачем [Сусло Тетяна].
[05-May-2025 12:36:45 Europe/Helsinki] EditDATA [INFO] Для заявки Повірка від 29.04.2025 користувачем [Коваль Людмила] змінено примітки з 8-13 на 8-9.
[05-May-2025 12:42:03 Europe/Helsinki] NewDATA [INFO] Нова адреса вул. Савчука, буд. 11, кв. 9, тел. +38 (097) 578-98-03 додана до БД користувачем [Коваль Людмила].
[05-May-2025 12:42:54 Europe/Helsinki] NewDATA [INFO] Нова заявка Повірка, адреса: вул. Савчука 11, кв. 9, лічильники: БЕЗ НОМЕРА - 2 шт., вартість: 600 грн., примітки: 8-13,2 хол. додано до БД користувачем [Коваль Людмила].
[2025-05-05T12:43:04.869] [INFO] DataBase - У заявці Повірка від 5 травня 2025 р. за адресою вул. Савчука, буд. 11, кв. 9 додано виконавця ЗАПЛАНОВАНІ та додано дату виконання 19 травня 2025 р. користувачем [Коваль Людмила].
[05-May-2025 12:44:12 Europe/Helsinki] EditDATA [INFO] За адресою вул. Льотна 17 корпус А, кв. 49 користувачем [Коваль Людмила] змінені номери телефонів з +38(098)347-65-52 на +38(050)988-20-78, при створенні нової заявки [Повірка] від 05.05.2025.
[05-May-2025 12:44:12 Europe/Helsinki] NewDATA [INFO] Нова заявка Повірка, адреса: вул. Льотна 17 корпус А, кв. 49, лічильники: БЕЗ НОМЕРА - 2 шт., вартість: 600 грн., примітки: 2 хол.15-17,пер.за 30 хв. додано до БД користувачем [Коваль Людмила].
[2025-05-05T12:44:18.358] [INFO] DataBase - У заявці Повірка від 5 травня 2025 р. за адресою вул. Льотна, буд. 17, корп. А, кв. 49 додано виконавця ЗАПЛАНОВАНІ та додано дату виконання 8 травня 2025 р. користувачем [Коваль Людмила].
[05-May-2025 12:45:01 Europe/Helsinki] NewDATA [INFO] Нова адреса вул. Преображенська, буд. 18, кв. 26, тел. +38 (068) 421-05-79 додана до БД користувачем [Коваль Людмила].
[05-May-2025 12:45:35 Europe/Helsinki] NewDATA [INFO] Нова заявка Повірка, адреса: вул. Преображенська 18, кв. 26, лічильники: БЕЗ НОМЕРА - 1 шт., вартість: 300 грн., примітки: 10-13,пер.за 30 хв. додано до БД користувачем [Коваль Людмила].
[2025-05-05T12:45:41.657] [INFO] DataBase - У заявці Повірка від 5 травня 2025 р. за адресою вул. Преображенська, буд. 18, кв. 26 додано виконавця ЗАПЛАНОВАНІ та додано дату виконання 2 червня 2025 р. користувачем [Коваль Людмила].
[05-May-2025 12:46:30 Europe/Helsinki] NewDATA [INFO] Нова адреса вул. 1-ї Гвардійської Армії, буд. 4, кв. 196, тел. +38 (096) 249-54-79 додана до БД користувачем [Коваль Людмила].
[05-May-2025 12:47:06 Europe/Helsinki] NewDATA [INFO] Нова заявка Повірка, адреса: вул. 1-ї Гвардійської Армії 4, кв. 196, лічильники: БЕЗ НОМЕРА - 2 шт., вартість: 600 грн., примітки: 13-127,пер.за 30 хв. додано до БД користувачем [Коваль Людмила].
[2025-05-05T12:47:11.339] [INFO] DataBase - У заявці Повірка від 5 травня 2025 р. за адресою вул. 1-ї Гвардійської Армії, буд. 4, кв. 196 додано виконавця ЗАПЛАНОВАНІ та додано дату виконання 13 травня 2025 р. користувачем [Коваль Людмила].
[05-May-2025 13:01:46 Europe/Helsinki] EditDATA [INFO] Для заявки Повірка від 02.05.2025 користувачем [Коваль Людмила] змінено виконавця з ЗАПЛАНОВАНІ на Ващенко.
[05-May-2025 13:08:01 Europe/Helsinki] EditDATA [INFO] Для заявки Повірка від 05.05.2025 користувачем [Коваль Людмила] змінено виконавця з ЗАПЛАНОВАНІ на Ващенко.
[05-May-2025 13:08:12 Europe/Helsinki] EditDATA [INFO] Для заявки Повірка від 02.05.2025 користувачем [Коваль Людмила] змінено виконавця з ЗАПЛАНОВАНІ на Ващенко.
[05-May-2025 13:08:31 Europe/Helsinki] EditDATA [INFO] Для заявки Повірка від 01.05.2025 користувачем [Коваль Людмила] змінено виконавця з ЗАПЛАНОВАНІ на Ващенко.
[05-May-2025 13:08:45 Europe/Helsinki] EditDATA [INFO] Для заявки Повірка від 07.04.2025 користувачем [Коваль Людмила] змінено виконавця з ЗАПЛАНОВАНІ на Ващенко.
[05-May-2025 13:09:08 Europe/Helsinki] EditDATA [INFO] Для заявки Повірка від 29.04.2025 користувачем [Коваль Людмила] змінено виконавця з ЗАПЛАНОВАНІ на Шкуліпа.
[05-May-2025 13:09:21 Europe/Helsinki] EditDATA [INFO] Для заявки Повірка від 14.04.2025 користувачем [Коваль Людмила] змінено виконавця з ЗАПЛАНОВАНІ на Шкуліпа.
[05-May-2025 13:09:37 Europe/Helsinki] EditDATA [INFO] Для заявки Повірка від 10.04.2025 користувачем [Коваль Людмила] змінено виконавця з ЗАПЛАНОВАНІ на Шкуліпа.
[05-May-2025 13:09:51 Europe/Helsinki] EditDATA [INFO] Для заявки Повірка від 16.04.2025 користувачем [Коваль Людмила] змінено виконавця з ЗАПЛАНОВАНІ на Шкуліпа.
[05-May-2025 13:10:12 Europe/Helsinki] EditDATA [INFO] Для заявки Повірка від 16.04.2025 користувачем [Коваль Людмила] змінено виконавця з ЗАПЛАНОВАНІ на Сірий.
[05-May-2025 13:10:22 Europe/Helsinki] EditDATA [INFO] Для заявки Повірка від 29.04.2025 користувачем [Коваль Людмила] змінено виконавця з ЗАПЛАНОВАНІ на Сірий.
[05-May-2025 13:10:58 Europe/Helsinki] EditDATA [INFO] Для заявки Повірка від 17.04.2025 користувачем [Коваль Людмила] змінено виконавця з ЗАПЛАНОВАНІ на Шкуліпа.
[05-May-2025 13:11:08 Europe/Helsinki] EditDATA [INFO] Для заявки Повірка від 25.04.2025 користувачем [Коваль Людмила] змінено виконавця з ЗАПЛАНОВАНІ на Сірий.
[05-May-2025 13:11:18 Europe/Helsinki] EditDATA [INFO] Для заявки Повірка від 18.04.2025 користувачем [Коваль Людмила] змінено виконавця з ЗАПЛАНОВАНІ на Сірий.
[05-May-2025 13:16:05 Europe/Helsinki] NewDATA [INFO] Нова адреса вул. Гетьмана Полуботка, буд. 78, кв. 26, тел. +38 (096) 469-44-17 додана до БД користувачем [Коваль Людмила].
[05-May-2025 13:16:55 Europe/Helsinki] NewDATA [INFO] Нова заявка Повірка, адреса: вул. Гетьмана Полуботка 78, кв. 26, лічильники: БЕЗ НОМЕРА - 2 шт., вартість: 600 грн., примітки: 8-13,пер.16.05 уточн. додано до БД користувачем [Коваль Людмила].
[2025-05-05T13:17:06.612] [INFO] DataBase - У заявці Повірка від 5 травня 2025 р. за адресою вул. Гетьмана Полуботка, буд. 78, кв. 26 додано виконавця ЗАПЛАНОВАНІ та додано дату виконання 16 травня 2025 р. користувачем [Коваль Людмила].
[05-May-2025 13:18:04 Europe/Helsinki] NewDATA [INFO] Нова заявка Повірка, адреса: просп. Грушевського Михайла 191 корпус В, кв. 258, лічильники: БЕЗ НОМЕРА - 1 шт., вартість: 300 грн., примітки: 8-13,пер.за 30 хв. додано до БД користувачем [Коваль Людмила].
[2025-05-05T13:20:01.896] [INFO] DataBase - У заявці Повірка від 5 травня 2025 р. за адресою просп. Грушевського Михайла, буд. 191, корп. В, кв. 258 додано виконавця ЗАПЛАНОВАНІ та додано дату виконання 9 травня 2025 р. користувачем [Коваль Людмила].
[05-May-2025 13:35:39 Europe/Helsinki] EditDATA [INFO] За адресою просп. Миру 52, кв. 37 користувачем [Коваль Людмила] змінені номери телефонів з +38(063)944-53-21, +38(099)182-35-80, +38(067)977-10-71 на +38(063)944-53-21, +38(099)182-35-80, при створенні нової заявки [Повірка] від 05.05.2025.
[05-May-2025 13:35:39 Europe/Helsinki] NewDATA [INFO] Нова заявка Повірка, адреса: просп. Миру 52, кв. 37, лічильники: БЕЗ НОМЕРА - 4 шт., вартість: 1200 грн., примітки: 8-13 додано до БД користувачем [Коваль Людмила].
[2025-05-05T13:35:44.645] [INFO] DataBase - У заявці Повірка від 5 травня 2025 р. за адресою просп. Миру, буд. 52, кв. 37 додано виконавця ЗАПЛАНОВАНІ та додано дату виконання 14 травня 2025 р. користувачем [Коваль Людмила].
[05-May-2025 13:36:29 Europe/Helsinki] NewDATA [INFO] Нова заявка Повірка, адреса: вул. Волковича 7, кв. 45, лічильники: БЕЗ НОМЕРА - 2 шт., вартість: 600 грн., примітки: 13-17,пер.за 30 хв. додано до БД користувачем [Коваль Людмила].
[2025-05-05T13:36:38.472] [INFO] DataBase - У заявці Повірка від 5 травня 2025 р. за адресою вул. Волковича, буд. 7, кв. 45 додано виконавця ЗАПЛАНОВАНІ та додано дату виконання 8 травня 2025 р. користувачем [Коваль Людмила].
[05-May-2025 13:37:57 Europe/Helsinki] NewDATA [INFO] Новий лічильник номер: 125975, тип: КВ-1,5 => DN 15, рік випуску: 2014, показники: 0, балансоутримувач: КП "ВДК" додано до БД користувачем [Коваль Людмила].
[05-May-2025 13:38:00 Europe/Helsinki] EditDATA [INFO] За адресою вул. Козацька, буд. 28, кв. 8 користувачем [Коваль Людмила] було додано лічильники: 125975].
[05-May-2025 13:38:39 Europe/Helsinki] NewDATA [INFO] Новий лічильник номер: 061611, тип: КВ-1,5 => DN 15, рік випуску: 2020, показники: 0, балансоутримувач: АТ "ОТКЕ" додано до БД користувачем [Коваль Людмила].
[05-May-2025 13:38:41 Europe/Helsinki] EditDATA [INFO] За адресою вул. Громадська, буд. 19, кв. 34 користувачем [Коваль Людмила] було додано лічильники: 061611].
[05-May-2025 13:41:09 Europe/Helsinki] NewDATA [INFO] Новий лічильник номер: 383541, тип: КВ-1,5 => DN 15, рік випуску: 2012, показники: 0, балансоутримувач: КП "ВДК" додано до БД користувачем [Коваль Людмила].
[05-May-2025 13:41:31 Europe/Helsinki] NewDATA [INFO] Новий лічильник номер: 283661, тип: КВ-1,5 => DN 15, рік випуску: 2012, показники: 0, балансоутримувач: АТ "ОТКЕ" додано до БД користувачем [Коваль Людмила].
[05-May-2025 13:41:34 Europe/Helsinki] EditDATA [INFO] За адресою вул. Мстиславська, буд. 171, кв. 26 користувачем [Коваль Людмила] було додано лічильники: 383541, 283661].
[05-May-2025 13:42:38 Europe/Helsinki] NewDATA [INFO] Новий лічильник номер: 1200083946, тип: ЛК => DN 15, рік випуску: 2020, показники: 0, балансоутримувач: КП "ВДК" додано до БД користувачем [Коваль Людмила].
[05-May-2025 13:42:40 Europe/Helsinki] EditDATA [INFO] За адресою вул. Волковича, буд. 10, кв. 66 користувачем [Коваль Людмила] було додано лічильники: 1200083946].
[05-May-2025 13:43:42 Europe/Helsinki] NewDATA [INFO] Новий лічильник номер: 1200035166, тип: ЛК => DN 15, рік випуску: 2021, показники: 0, балансоутримувач: КП "ВДК" додано до БД користувачем [Коваль Людмила].
[05-May-2025 13:43:44 Europe/Helsinki] EditDATA [INFO] За адресою вул. Волковича, буд. 10, кв. 69 користувачем [Коваль Людмила] було додано лічильники: 1200035166].
[05-May-2025 14:06:43 Europe/Helsinki] NewDATA [INFO] Нова адреса вул. 1-ї Гвардійської Армії, буд. 16, кв. 57, тел. +38 (066) 268-83-12 додана до БД користувачем [Сусло Тетяна].
[05-May-2025 14:07:15 Europe/Helsinki] NewDATA [INFO] Нова заявка Повірка, адреса: вул. 1-ї Гвардійської Армії 16, кв. 57, лічильники: БЕЗ НОМЕРА - 2 шт., вартість: 600 грн., примітки: за 1 год додано до БД користувачем [Сусло Тетяна].
[2025-05-05T14:07:18.593] [INFO] DataBase - У заявці Повірка від 5 травня 2025 р. за адресою вул. 1-ї Гвардійської Армії, буд. 16, кв. 57 додано виконавця ЗАПЛАНОВАНІ та додано дату виконання 8 травня 2025 р. користувачем [Сусло Тетяна].
[05-May-2025 14:08:06 Europe/Helsinki] NewDATA [INFO] Нова адреса просп. Миру, буд. 204, кв. 102, тел. +38 (093) 503-34-21 додана до БД користувачем [Сусло Тетяна].
[05-May-2025 14:09:25 Europe/Helsinki] NewDATA [INFO] Нова заявка Повірка, адреса: просп. Миру 204, кв. 102, лічильники: БЕЗ НОМЕРА - 1 шт., вартість: 300 грн., примітки: за 1 год, уточнить хол воду додано до БД користувачем [Сусло Тетяна].
[2025-05-05T14:09:29.122] [INFO] DataBase - У заявці Повірка від 5 травня 2025 р. за адресою просп. Миру, буд. 204, кв. 102 додано виконавця ЗАПЛАНОВАНІ та додано дату виконання 8 травня 2025 р. користувачем [Сусло Тетяна].
[05-May-2025 14:10:12 Europe/Helsinki] EditDATA [INFO] За адресою вул. Савчука 7, кв. 253 користувачем [Сусло Тетяна] змінені номери телефонів з +38(098)609-68-66, +38(0462)62-08-99, +38(093)740-08-36 на +38(098)609-68-66, при створенні нової заявки [Повірка] від 05.05.2025.
[05-May-2025 14:10:12 Europe/Helsinki] NewDATA [INFO] Нова заявка Повірка, адреса: вул. Савчука 7, кв. 253, лічильники: БЕЗ НОМЕРА - 4 шт., вартість: 1200 грн., примітки: 12-16 додано до БД користувачем [Сусло Тетяна].
[2025-05-05T14:10:15.660] [INFO] DataBase - У заявці Повірка від 5 травня 2025 р. за адресою вул. Савчука, буд. 7, кв. 253 додано виконавця ЗАПЛАНОВАНІ та додано дату виконання 9 травня 2025 р. користувачем [Сусло Тетяна].
[05-May-2025 14:10:56 Europe/Helsinki] NewDATA [INFO] Нова адреса просп. Левка Лукяненка, буд. 10, корп. А, кв. 24, тел. +38 (063) 208-97-62 додана до БД користувачем [Сусло Тетяна].
[05-May-2025 14:11:23 Europe/Helsinki] NewDATA [INFO] Нова заявка Повірка, адреса: просп. Левка Лукяненка 10 корпус А, кв. 24, лічильники: БЕЗ НОМЕРА - 2 шт., вартість: 600 грн., примітки: за 1 год додано до БД користувачем [Сусло Тетяна].
[2025-05-05T14:11:27.339] [INFO] DataBase - У заявці Повірка від 5 травня 2025 р. за адресою просп. Левка Лукяненка, буд. 10, корп. А, кв. 24 додано виконавця ЗАПЛАНОВАНІ та додано дату виконання 15 травня 2025 р. користувачем [Сусло Тетяна].
[05-May-2025 14:33:22 Europe/Helsinki] NewDATA [INFO] Нова заявка Повірка, адреса: вул. Елеваторна 4 корпус Б, кв. 25, лічильники: БЕЗ НОМЕРА - 1 шт., вартість: 300 грн., примітки: 13-17 додано до БД користувачем [Коваль Людмила].
[2025-05-05T14:33:27.551] [INFO] DataBase - У заявці Повірка від 5 травня 2025 р. за адресою вул. Елеваторна, буд. 4, корп. Б, кв. 25 додано виконавця ЗАПЛАНОВАНІ та додано дату виконання 23 травня 2025 р. користувачем [Коваль Людмила].
[05-May-2025 14:33:46 Europe/Helsinki] DellTASK [INFO] Повірка від 07.04.2025 для адреси вул. Елеваторна, буд. 4, корп. Б, кв. 25 для лічильника БЕЗ НОМЕРА - 1 шт. було відмінено користувачем [Сусло Тетяна] з коментарем: відмінили.
[05-May-2025 15:00:51 Europe/Helsinki] NewDATA [INFO] Новий лічильник номер: 6040827, тип: ЛК => DN 15, рік випуску: 2016, показники: 0, балансоутримувач: КП "ВДК" додано до БД користувачем [Коваль Людмила].
[05-May-2025 15:01:14 Europe/Helsinki] NewDATA [INFO] Новий лічильник номер: 6975472, тип: ЛК => DN 15, рік випуску: 2016, показники: 0, балансоутримувач: АТ "ОТКЕ" додано до БД користувачем [Коваль Людмила].
[05-May-2025 15:01:16 Europe/Helsinki] EditDATA [INFO] За адресою вул. Волковича, буд. 11, кв. 43 користувачем [Коваль Людмила] було додано лічильники: 6040827, 6975472].
[05-May-2025 15:01:57 Europe/Helsinki] NewDATA [INFO] Новий лічильник номер: 543888, тип: КВ-1,5 => DN 15, рік випуску: 2005, показники: 0, балансоутримувач: КП "ВДК" додано до БД користувачем [Коваль Людмила].
[05-May-2025 15:02:19 Europe/Helsinki] NewDATA [INFO] Новий лічильник номер: 301327, тип: КВ-1,5 => DN 15, рік випуску: 2003, показники: 0, балансоутримувач: АТ "ОТКЕ" додано до БД користувачем [Коваль Людмила].
[05-May-2025 15:02:21 Europe/Helsinki] EditDATA [INFO] За адресою просп. Миру, буд. 212, кв. 38 користувачем [Коваль Людмила] було додано лічильники: 543888, 301327].
[05-May-2025 15:03:11 Europe/Helsinki] NewDATA [INFO] Новий лічильник номер: 00720261, тип: E-T 1,6-U => DN 15, рік випуску: 2021, показники: 0, балансоутримувач: АТ "ОТКЕ" додано до БД користувачем [Коваль Людмила].
[05-May-2025 15:03:13 Europe/Helsinki] EditDATA [INFO] За адресою вул. Льотна, буд. 41, кв. 73 користувачем [Коваль Людмила] було додано лічильники: 00720261].
[05-May-2025 15:04:17 Europe/Helsinki] NewDATA [INFO] Новий лічильник номер: 9200282666, тип: ЛК => DN 15, рік випуску: 2019, показники: 0, балансоутримувач: КП "ВДК" додано до БД користувачем [Коваль Людмила].
[05-May-2025 15:04:19 Europe/Helsinki] EditDATA [INFO] За адресою вул. Мацієвського Олександра, буд. 12, корп. Б, кв. 49 користувачем [Коваль Людмила] було додано лічильники: 9200282666].
[05-May-2025 15:05:45 Europe/Helsinki] NewDATA [INFO] Нова адреса вул. Рятувальників, буд. 35, кв. 102, тел. +38 (093) 471-80-66 додана до БД користувачем [Сусло Тетяна].
[05-May-2025 15:06:05 Europe/Helsinki] NewDATA [INFO] Нова заявка Повірка, адреса: вул. Рятувальників 35, кв. 102, лічильники: БЕЗ НОМЕРА - 1 шт., вартість: 300 грн., примітки: 9-14 додано до БД користувачем [Сусло Тетяна].
[2025-05-05T15:06:10.526] [INFO] DataBase - У заявці Повірка від 5 травня 2025 р. за адресою вул. Рятувальників, буд. 35, кв. 102 додано виконавця ЗАПЛАНОВАНІ та додано дату виконання 8 травня 2025 р. користувачем [Сусло Тетяна].
[05-May-2025 15:08:19 Europe/Helsinki] NewDATA [INFO] Новий лічильник номер: 5654316, тип: ЛК => DN 15, рік випуску: 2016, показники: 0, балансоутримувач: КП "ТКЕ" додано до БД користувачем [Коваль Людмила].
[05-May-2025 15:08:23 Europe/Helsinki] EditDATA [INFO] За адресою вул. Мацієвського Олександра, буд. 12, корп. Б, кв. 49 користувачем [Коваль Людмила] було додано лічильники: 5654316].
[05-May-2025 15:09:07 Europe/Helsinki] NewDATA [INFO] Новий лічильник номер: 052938, тип: КВ-1,5 => DN 15, рік випуску: 2016, показники: 0, балансоутримувач: КП "ВДК" додано до БД користувачем [Коваль Людмила].
[05-May-2025 15:09:09 Europe/Helsinki] EditDATA [INFO] За адресою вул. Довженка, буд. 122, кв. 24 користувачем [Коваль Людмила] було додано лічильники: 052938].
[05-May-2025 15:39:19 Europe/Helsinki] NewDATA [INFO] Новий лічильник номер: 6728527, тип: ЛК => DN 15, рік випуску: 2016, показники: 0, балансоутримувач: КП "ТКЕ" додано до БД користувачем [Коваль Людмила].
[05-May-2025 15:39:21 Europe/Helsinki] EditDATA [INFO] За адресою вул. Довженка, буд. 152, кв. 3 користувачем [Коваль Людмила] було додано лічильники: 6728527].
[05-May-2025 15:40:41 Europe/Helsinki] NewDATA [INFO] Новий лічильник номер: 6229733, тип: ЛК => DN 15, рік випуску: 2016, показники: 0, балансоутримувач: КП "ВДК" додано до БД користувачем [Коваль Людмила].
[05-May-2025 15:41:05 Europe/Helsinki] NewDATA [INFO] Новий лічильник номер: 6876376, тип: ЛК => DN 15, рік випуску: 2016, показники: 0, балансоутримувач: КП "ТКЕ" додано до БД користувачем [Коваль Людмила].
[05-May-2025 15:41:08 Europe/Helsinki] EditDATA [INFO] За адресою вул. Толстого, буд. 122, кв. 45 користувачем [Коваль Людмила] було додано лічильники: 6229733, 6876376].
[05-May-2025 15:44:56 Europe/Helsinki] NewDATA [INFO] Новий лічильник номер: 016782, тип: КВ-1,5 => DN 15, рік випуску: 2001, показники: 0, балансоутримувач: КП "ТКЕ" додано до БД користувачем [Коваль Людмила].
[05-May-2025 15:44:58 Europe/Helsinki] EditDATA [INFO] За адресою вул. Текстильників, буд. 6, кв. 46 користувачем [Коваль Людмила] було додано лічильники: 016782].
[05-May-2025 15:45:51 Europe/Helsinki] NewDATA [INFO] Новий лічильник номер: 657727, тип: КВ-1,5 => DN 15, рік випуску: 2006, показники: 0, балансоутримувач: КП "ВДК" додано до БД користувачем [Коваль Людмила].
[05-May-2025 15:46:14 Europe/Helsinki] NewDATA [INFO] Новий лічильник номер: 023494, тип: КВ-1,5 => DN 15, рік випуску: 2017, показники: 0, балансоутримувач: КП "ТКЕ" додано до БД користувачем [Коваль Людмила].
[05-May-2025 15:46:36 Europe/Helsinki] NewDATA [INFO] Новий лічильник номер: 647086, тип: КВ-1,5 => DN 15, рік випуску: 2006, показники: 0, балансоутримувач: КП "ВДК" додано до БД користувачем [Коваль Людмила].
[05-May-2025 15:47:00 Europe/Helsinki] NewDATA [INFO] Новий лічильник номер: 591519, тип: КВ-1,5 => DN 15, рік випуску: 2006, показники: 0, балансоутримувач: КП "ТКЕ" додано до БД користувачем [Коваль Людмила].
[05-May-2025 15:47:02 Europe/Helsinki] EditDATA [INFO] За адресою вул. Самоквасова Дмитра, буд. 23, кв. 3 користувачем [Коваль Людмила] було додано лічильники: 657727, 023494, 647086, 591519].
[05-May-2025 16:00:26 Europe/Helsinki] NewDATA [INFO] Нова адреса просп. Миру, буд. 80, кв. 130, тел. +38 (063) 472-76-22 додана до БД користувачем [Сусло Тетяна].
[05-May-2025 16:01:03 Europe/Helsinki] NewDATA [INFO] Нова заявка Повірка, адреса: просп. Миру 80, кв. 130, лічильники: БЕЗ НОМЕРА - 2 шт., вартість: 600 грн., примітки: 8-10, за 30 хв додано до БД користувачем [Сусло Тетяна].
[2025-05-05T16:01:18.341] [INFO] DataBase - У заявці Повірка від 5 травня 2025 р. за адресою просп. Миру, буд. 80, кв. 130 додано виконавця ЗАПЛАНОВАНІ та додано дату виконання 14 травня 2025 р. користувачем [Сусло Тетяна].
[05-May-2025 16:02:56 Europe/Helsinki] EditDATA [INFO] Для заявки Повірка від 05.05.2025 користувачем [Сусло Тетяна] змінено примітки з 9-14 на 9-14,1 хв.
