[20-Feb-2025 07:53:41 Europe/Helsinki] NewDATA [INFO] Нова адреса просп. Миру, буд. 143, корп. А, кв. 8, тел. +38 (067) 910-88-87 додана до БД користувачем [Сусло Тетяна].
[20-Feb-2025 07:54:27 Europe/Helsinki] NewDATA [INFO] Нова заявка Повірка, адреса: просп. Миру 143 корпус А, кв. 8, лічильники: БЕЗ НОМЕРА - 4 шт., вартість: 1200 грн., примітки: 8-13, за 1 год додано до БД користувачем [Сусло Тетяна].
[2025-02-20T07:54:31.357] [INFO] DataBase - У заявці Повірка від 20 лютого 2025 р. за адресою просп. Миру, буд. 143, корп. А, кв. 8 додано виконавця ЗАПЛАНОВАНІ та додано дату виконання 26 лютого 2025 р. користувачем [Сусло Тетяна].
[20-Feb-2025 08:27:13 Europe/Helsinki] DellTASK [INFO] Заміна від 07.02.2025 для адреси вул. Захисників України, буд. 9, корп. А, кв. 118 для лічильника 628984 було завершено користувачем [Сусло Тетяна] з коментарем: виконано.
[20-Feb-2025 08:27:32 Europe/Helsinki] DellTASK [INFO] Заміна від 07.02.2025 для адреси вул. Шевченка, буд. 106, кв. 68 для лічильника 463176 було завершено користувачем [Сусло Тетяна] з коментарем: виконано.
[20-Feb-2025 08:27:49 Europe/Helsinki] DellTASK [INFO] Заміна від 07.02.2025 для адреси вул. Пятницька, буд. 63, кв. 81 для лічильника 257941 було завершено користувачем [Сусло Тетяна] з коментарем: виконано.
[20-Feb-2025 08:28:32 Europe/Helsinki] NewDATA [INFO] Новий лічильник номер: 251491900, тип: СВК => DN 15, рік випуску: 2025, показники: 0, балансоутримувач: КП "ВДК" додано до БД користувачем [Сусло Тетяна].
[20-Feb-2025 08:28:35 Europe/Helsinki] EditDATA [INFO] В заявці Заміна від 11.02.2025 за адресою вул. Пятницька, буд. 70, корп. 2, кв. 59 було видалено БЕЗ НОМЕРУ - 1 шт.; додано лічильники: 251491900 користувачем [Сусло Тетяна].
[20-Feb-2025 08:28:44 Europe/Helsinki] DellTASK [INFO] Заміна від 11.02.2025 для адреси вул. Пятницька, буд. 70, корп. 2, кв. 59 для лічильника 251491900 було завершено користувачем [Сусло Тетяна] з коментарем: виконано.
[20-Feb-2025 08:29:21 Europe/Helsinki] NewDATA [INFO] Новий лічильник номер: 241483861, тип: СВК => DN 15, рік випуску: 2025, показники: 0, балансоутримувач: АТ "ОТКЕ" додано до БД користувачем [Сусло Тетяна].
[20-Feb-2025 08:29:23 Europe/Helsinki] EditDATA [INFO] В заявці Заміна від 12.02.2025 за адресою вул. Захисників України, буд. 11, кв. 21 було видалено лічильники: 065148; додано лічильники: 241483861 користувачем [Сусло Тетяна].
[20-Feb-2025 08:29:33 Europe/Helsinki] DellTASK [INFO] Заміна від 12.02.2025 для адреси вул. Захисників України, буд. 11, кв. 21 для лічильника 241483861 було завершено користувачем [Сусло Тетяна] з коментарем: виконано.
[20-Feb-2025 08:30:16 Europe/Helsinki] NewDATA [INFO] Новий лічильник номер: 251491897, тип: СВК => DN 15, рік випуску: 2025, показники: 0, балансоутримувач: КП "ВДК" додано до БД користувачем [Сусло Тетяна].
[20-Feb-2025 08:30:19 Europe/Helsinki] EditDATA [INFO] В заявці Заміна від 10.02.2025 за адресою просп. Левка Лукяненка, буд. 70, кв. 210 було видалено лічильники: 256141; додано лічильники: 251491897 користувачем [Сусло Тетяна].
[20-Feb-2025 08:30:28 Europe/Helsinki] DellTASK [INFO] Заміна від 10.02.2025 для адреси просп. Левка Лукяненка, буд. 70, кв. 210 для лічильника 251491897 було завершено користувачем [Сусло Тетяна] з коментарем: виконано.
[20-Feb-2025 08:31:10 Europe/Helsinki] NewDATA [INFO] Новий лічильник номер: 251491898, тип: СВК => DN 15, рік випуску: 2025, показники: 0, балансоутримувач: КП "ВДК" додано до БД користувачем [Сусло Тетяна].
[20-Feb-2025 08:31:13 Europe/Helsinki] EditDATA [INFO] В заявці Заміна від 11.02.2025 за адресою вул. Доценка, буд. 8, кв. 20 було видалено БЕЗ НОМЕРУ - 1 шт.; додано лічильники: 251491898 користувачем [Сусло Тетяна].
[20-Feb-2025 08:31:21 Europe/Helsinki] DellTASK [INFO] Заміна від 11.02.2025 для адреси вул. Доценка, буд. 8, кв. 20 для лічильника 251491898 було завершено користувачем [Сусло Тетяна] з коментарем: виконано.
[20-Feb-2025 08:32:57 Europe/Helsinki] EditDATA [INFO] Для заявки Повірка від 18.02.2025 користувачем [Коваль Людмила] змінено виконавця з ЗАПЛАНОВАНІ на Сірий.
[20-Feb-2025 08:33:12 Europe/Helsinki] EditDATA [INFO] Для заявки Повірка від 13.01.2025 користувачем [Коваль Людмила] змінено виконавця з ЗАПЛАНОВАНІ на Сірий.
[20-Feb-2025 08:33:27 Europe/Helsinki] EditDATA [INFO] Для заявки Повірка від 18.02.2025 користувачем [Коваль Людмила] змінено виконавця з ЗАПЛАНОВАНІ на Шкуліпа.
[20-Feb-2025 08:33:39 Europe/Helsinki] EditDATA [INFO] Для заявки Повірка від 18.02.2025 користувачем [Коваль Людмила] змінено виконавця з ЗАПЛАНОВАНІ на Шкуліпа.
[20-Feb-2025 08:33:51 Europe/Helsinki] EditDATA [INFO] Для заявки Повірка від 17.02.2025 користувачем [Коваль Людмила] змінено виконавця з ЗАПЛАНОВАНІ на Шкуліпа.
[20-Feb-2025 08:34:09 Europe/Helsinki] EditDATA [INFO] Для заявки Повірка від 17.02.2025 користувачем [Коваль Людмила] змінено виконавця з ЗАПЛАНОВАНІ на Шкуліпа.
[20-Feb-2025 08:34:20 Europe/Helsinki] EditDATA [INFO] Для заявки Повірка від 17.02.2025 користувачем [Коваль Людмила] змінено виконавця з ЗАПЛАНОВАНІ на Шкуліпа.
[20-Feb-2025 08:34:31 Europe/Helsinki] EditDATA [INFO] Для заявки Повірка від 18.02.2025 користувачем [Коваль Людмила] змінено виконавця з ЗАПЛАНОВАНІ на Шкуліпа.
[20-Feb-2025 08:34:43 Europe/Helsinki] EditDATA [INFO] Для заявки Повірка від 17.02.2025 користувачем [Коваль Людмила] змінено виконавця з ЗАПЛАНОВАНІ на Шкуліпа.
[20-Feb-2025 08:34:55 Europe/Helsinki] EditDATA [INFO] Для заявки Повірка від 17.02.2025 користувачем [Коваль Людмила] змінено виконавця з ЗАПЛАНОВАНІ на Шкуліпа.
[20-Feb-2025 08:35:07 Europe/Helsinki] EditDATA [INFO] Для заявки Повірка від 17.02.2025 користувачем [Коваль Людмила] змінено виконавця з ЗАПЛАНОВАНІ на Шкуліпа.
[20-Feb-2025 08:36:36 Europe/Helsinki] EditDATA [INFO] Для заявки Повірка від 12.02.2025 користувачем [Коваль Людмила] змінено виконавця з ЗАПЛАНОВАНІ на Шкуліпа.
[20-Feb-2025 08:36:46 Europe/Helsinki] EditDATA [INFO] Для заявки Повірка від 17.02.2025 користувачем [Коваль Людмила] змінено виконавця з ЗАПЛАНОВАНІ на Шкуліпа.
[20-Feb-2025 08:38:37 Europe/Helsinki] EditDATA [INFO] Для заявки Повірка від 17.02.2025 користувачем [Коваль Людмила] змінено виконавця з ЗАПЛАНОВАНІ на Сірий.
[20-Feb-2025 08:38:51 Europe/Helsinki] EditDATA [INFO] Для заявки Повірка від 19.02.2025 користувачем [Коваль Людмила] змінено виконавця з ЗАПЛАНОВАНІ на Сірий.
[20-Feb-2025 08:39:02 Europe/Helsinki] EditDATA [INFO] Для заявки Повірка від 17.02.2025 користувачем [Коваль Людмила] змінено виконавця з ЗАПЛАНОВАНІ на Сірий.
[20-Feb-2025 08:39:16 Europe/Helsinki] EditDATA [INFO] Для заявки Повірка від 17.02.2025 користувачем [Коваль Людмила] змінено виконавця з ЗАПЛАНОВАНІ на Сірий.
[20-Feb-2025 08:39:53 Europe/Helsinki] EditDATA [INFO] Для заявки Повірка від 19.02.2025 користувачем [Коваль Людмила] змінено виконавця з ЗАПЛАНОВАНІ на Ващенко.
[20-Feb-2025 08:40:07 Europe/Helsinki] EditDATA [INFO] Для заявки Повірка від 19.02.2025 користувачем [Коваль Людмила] змінено виконавця з ЗАПЛАНОВАНІ на Ващенко.
[20-Feb-2025 08:40:15 Europe/Helsinki] EditDATA [INFO] Для заявки Повірка від 18.02.2025 користувачем [Коваль Людмила] змінено виконавця з ЗАПЛАНОВАНІ на Ващенко.
[20-Feb-2025 08:40:31 Europe/Helsinki] EditDATA [INFO] Для заявки Повірка від 17.02.2025 користувачем [Коваль Людмила] змінено виконавця з ЗАПЛАНОВАНІ на Ващенко.
[20-Feb-2025 08:40:41 Europe/Helsinki] EditDATA [INFO] Для заявки Повірка від 17.02.2025 користувачем [Коваль Людмила] змінено виконавця з ЗАПЛАНОВАНІ на Ващенко.
[20-Feb-2025 08:40:51 Europe/Helsinki] EditDATA [INFO] Для заявки Повірка від 17.02.2025 користувачем [Коваль Людмила] змінено виконавця з ЗАПЛАНОВАНІ на Ващенко.
[20-Feb-2025 08:41:01 Europe/Helsinki] EditDATA [INFO] Для заявки Повірка від 17.02.2025 користувачем [Коваль Людмила] змінено виконавця з ЗАПЛАНОВАНІ на Ващенко.
[20-Feb-2025 09:27:23 Europe/Helsinki] NewDATA [INFO] Нова адреса вул. Київська, буд. 2, кв. 23, тел. +38 (099) 304-23-37 додана до БД користувачем [Сусло Тетяна].
[20-Feb-2025 09:27:48 Europe/Helsinki] NewDATA [INFO] Нова заявка Повірка, адреса: вул. Київська 2, кв. 23, лічильники: БЕЗ НОМЕРА - 1 шт., вартість: 300 грн., примітки: 8-13, 1 гв додано до БД користувачем [Сусло Тетяна].
[2025-02-20T09:27:53.018] [INFO] DataBase - У заявці Повірка від 20 лютого 2025 р. за адресою вул. Київська, буд. 2, кв. 23 додано виконавця ЗАПЛАНОВАНІ та додано дату виконання 24 лютого 2025 р. користувачем [Сусло Тетяна].
[20-Feb-2025 09:46:39 Europe/Helsinki] EditDATA [INFO] За адресою вул. Павлова Академіка 17, кв. 98 користувачем [Сусло Тетяна] змінені номери телефонів з +38(093)551-78-63 на +38(093)167-70-21, при створенні нової заявки [Повірка] від 20.02.2025.
[20-Feb-2025 09:46:39 Europe/Helsinki] NewDATA [INFO] Нова заявка Повірка, адреса: вул. Павлова Академіка 17, кв. 98, лічильники: БЕЗ НОМЕРА - 2 шт., вартість: 600 грн., примітки: 8-13, за 30 хв додано до БД користувачем [Сусло Тетяна].
[2025-02-20T09:46:43.316] [INFO] DataBase - У заявці Повірка від 20 лютого 2025 р. за адресою вул. Павлова Академіка, буд. 17, кв. 98 додано виконавця ЗАПЛАНОВАНІ та додано дату виконання 25 лютого 2025 р. користувачем [Сусло Тетяна].
[20-Feb-2025 10:07:44 Europe/Helsinki] EditDATA [INFO] За адресою просп. Левка Лукяненка 18, кв. 68 користувачем [Сусло Тетяна] змінені номери телефонів з +38(093)370-26-05, +38(063)585-33-35 на +38(093)370-26-05, при створенні нової заявки [Повірка] від 20.02.2025.
[20-Feb-2025 10:07:44 Europe/Helsinki] NewDATA [INFO] Нова заявка Повірка, адреса: просп. Левка Лукяненка 18, кв. 68, лічильники: БЕЗ НОМЕРА - 2 шт., вартість: 600 грн. додано до БД користувачем [Сусло Тетяна].
[2025-02-20T10:07:47.443] [INFO] DataBase - У заявці Повірка від 20 лютого 2025 р. за адресою просп. Левка Лукяненка, буд. 18, кв. 68 додано виконавця Ващенко та додано дату виконання 20 лютого 2025 р. користувачем [Сусло Тетяна].
[20-Feb-2025 10:42:56 Europe/Helsinki] DellTASK [INFO] Повірка від 18.02.2025 для адреси вул. Космонавтів, буд. 6, кв. 3 для лічильника БЕЗ НОМЕРА - 2 шт. було завершено користувачем [Коваль Людмила] з коментарем: виконано.
[20-Feb-2025 10:43:08 Europe/Helsinki] DellTASK [INFO] Повірка від 14.02.2025 для адреси вул. Космонавтів, буд. 4, кв. 49 для лічильника БЕЗ НОМЕРА - 2 шт. було завершено користувачем [Коваль Людмила] з коментарем: виконано.
[20-Feb-2025 10:43:22 Europe/Helsinki] DellTASK [INFO] Повірка від 13.02.2025 для адреси вул. Корольова, буд. 13, кв. 15 для лічильника БЕЗ НОМЕРА - 1 шт. було завершено користувачем [Коваль Людмила] з коментарем: виконано.
[20-Feb-2025 10:43:35 Europe/Helsinki] DellTASK [INFO] Повірка від 13.02.2025 для адреси вул. Корольова, буд. 12, корп. Б, кв. 107 для лічильника БЕЗ НОМЕРА - 1 шт. було завершено користувачем [Коваль Людмила] з коментарем: виконано.
[20-Feb-2025 10:43:48 Europe/Helsinki] DellTASK [INFO] Повірка від 12.02.2025 для адреси вул. Корольова, буд. 10, корп. А, кв. 15 для лічильника БЕЗ НОМЕРА - 4 шт. було завершено користувачем [Коваль Людмила] з коментарем: виконано.
[20-Feb-2025 10:44:01 Europe/Helsinki] DellTASK [INFO] Повірка від 17.02.2025 для адреси просп. Грушевського Михайла, буд. 175, кв. 24 для лічильника БЕЗ НОМЕРА - 1 шт. було завершено користувачем [Коваль Людмила] з коментарем: виконано.
[20-Feb-2025 10:44:16 Europe/Helsinki] DellTASK [INFO] Повірка від 14.02.2025 для адреси вул. Генерала Пухова, буд. 131, корп. 2, кв. 6 для лічильника БЕЗ НОМЕРА - 2 шт. було завершено користувачем [Коваль Людмила] з коментарем: виконано.
[20-Feb-2025 10:44:33 Europe/Helsinki] DellTASK [INFO] Повірка від 12.02.2025 для адреси вул. Корольова, буд. 18, корп. А, кв. 1 для лічильника БЕЗ НОМЕРА - 2 шт. було завершено користувачем [Коваль Людмила] з коментарем: виконано.
[20-Feb-2025 10:45:12 Europe/Helsinki] NewDATA [INFO] Нова заявка Заміна, адреса: вул. Мазепи Івана 11, кв. 64, лічильники: 00565711, виконавець: Баранов, вартість: 350 грн., примітки: 8-13, 1 хв, кухня, №00565711 додано до БД користувачем [Сусло Тетяна].
[2025-02-20T10:45:19.287] [INFO] DataBase - У заявці Заміна від 20 лютого 2025 р. за адресою вул. Мазепи Івана, буд. 11, кв. 64 додано дату виконання 26 лютого 2025 р. користувачем [Сусло Тетяна].
[20-Feb-2025 10:45:22 Europe/Helsinki] NewDATA [INFO] Новий лічильник номер: 101560, тип: КВ-1,5 => DN 15, рік випуску: 2009, показники: 0, балансоутримувач: АТ "ОТКЕ" додано до БД користувачем [Коваль Людмила].
[20-Feb-2025 10:45:24 Europe/Helsinki] EditDATA [INFO] За адресою просп. Грушевського Михайла, буд. 175, кв. 24 користувачем [Коваль Людмила] було додано лічильники: 101560].
[20-Feb-2025 10:46:00 Europe/Helsinki] NewDATA [INFO] Новий лічильник номер: 497012, тип: КВ-1,5 => DN 15, рік випуску: 2003, показники: 0, балансоутримувач: КП "ВДК" додано до БД користувачем [Коваль Людмила].
[20-Feb-2025 10:46:23 Europe/Helsinki] NewDATA [INFO] Новий лічильник номер: 442159, тип: КВ-1,5 => DN 15, рік випуску: 2003, показники: 0, балансоутримувач: АТ "ОТКЕ" додано до БД користувачем [Коваль Людмила].
[20-Feb-2025 10:46:26 Europe/Helsinki] EditDATA [INFO] За адресою вул. Корольова, буд. 18, корп. А, кв. 1 користувачем [Коваль Людмила] було додано лічильники: 497012, 442159].
[20-Feb-2025 10:54:35 Europe/Helsinki] NewDATA [INFO] Новий лічильник номер: 115475, тип: КВ-1,5 => DN 15, рік випуску: 2016, показники: 0, балансоутримувач: КП "ВДК" додано до БД користувачем [Коваль Людмила].
[20-Feb-2025 10:54:57 Europe/Helsinki] NewDATA [INFO] Новий лічильник номер: 127347, тип: КВ-1,5 => DN 15, рік випуску: 2016, показники: 0, балансоутримувач: АТ "ОТКЕ" додано до БД користувачем [Коваль Людмила].
[20-Feb-2025 10:54:58 Europe/Helsinki] EditDATA [INFO] За адресою вул. Генерала Пухова, буд. 131, корп. 2, кв. 6 користувачем [Коваль Людмила] було додано лічильники: 115475, 127347].
[20-Feb-2025 10:57:10 Europe/Helsinki] NewDATA [INFO] Новий лічильник номер: 11594265, тип: Sensus => DN 15, рік випуску: 2018, показники: 0, балансоутримувач: КП "ВДК" додано до БД користувачем [Коваль Людмила].
[20-Feb-2025 10:57:35 Europe/Helsinki] NewDATA [INFO] Новий лічильник номер: 11565084, тип: Sensus => DN 15, рік випуску: 2018, показники: 0, балансоутримувач: АТ "ОТКЕ" додано до БД користувачем [Коваль Людмила].
[20-Feb-2025 10:57:37 Europe/Helsinki] EditDATA [INFO] За адресою вул. Космонавтів, буд. 6, кв. 3 користувачем [Коваль Людмила] було додано лічильники: 11594265, 11565084].
[20-Feb-2025 10:58:19 Europe/Helsinki] NewDATA [INFO] Новий лічильник номер: 308863, тип: КВ-1,5 => DN 15, рік випуску: 2007, показники: 0, балансоутримувач: КП "ВДК" додано до БД користувачем [Коваль Людмила].
[20-Feb-2025 10:58:41 Europe/Helsinki] NewDATA [INFO] Новий лічильник номер: 032426, тип: КВ-1,5 => DN 15, рік випуску: 2017, показники: 0, балансоутримувач: АТ "ОТКЕ" додано до БД користувачем [Коваль Людмила].
[20-Feb-2025 10:58:43 Europe/Helsinki] EditDATA [INFO] За адресою вул. Космонавтів, буд. 4, кв. 49 користувачем [Коваль Людмила] було додано лічильники: 308863, 032426].
[20-Feb-2025 10:59:22 Europe/Helsinki] NewDATA [INFO] Новий лічильник номер: 179661, тип: КВ-1,5 => DN 15, рік випуску: 2003, показники: 0, балансоутримувач: КП "ВДК" додано до БД користувачем [Коваль Людмила].
[20-Feb-2025 10:59:24 Europe/Helsinki] EditDATA [INFO] За адресою вул. Корольова, буд. 13, кв. 15 користувачем [Коваль Людмила] було додано лічильники: 179661].
[20-Feb-2025 11:00:51 Europe/Helsinki] EditDATA [INFO] За адресою вул. Захисників України 8, кв. 1 користувачем [Сусло Тетяна] додано номер телефону +38(093)780-51-88, при створенні нової заявки [Повірка] від 20.02.2025.
[20-Feb-2025 11:00:51 Europe/Helsinki] NewDATA [INFO] Нова заявка Повірка, адреса: вул. Захисників України 8, кв. 1, лічильники: БЕЗ НОМЕРА - 2 шт., вартість: 600 грн., примітки: 8-13, за 1 год додано до БД користувачем [Сусло Тетяна].
[2025-02-20T11:00:54.858] [INFO] DataBase - У заявці Повірка від 20 лютого 2025 р. за адресою вул. Захисників України, буд. 8, кв. 1 додано виконавця ЗАПЛАНОВАНІ та додано дату виконання 25 лютого 2025 р. користувачем [Сусло Тетяна].
[20-Feb-2025 11:01:38 Europe/Helsinki] NewDATA [INFO] Нова адреса вул. Воздвиженська, буд. 6, кв. 9, тел. +38 (093) 780-51-88 додана до БД користувачем [Сусло Тетяна].
[20-Feb-2025 11:02:11 Europe/Helsinki] NewDATA [INFO] Нова заявка Повірка, адреса: вул. Воздвиженська 6, кв. 9, лічильники: БЕЗ НОМЕРА - 1 шт., вартість: 300 грн., примітки: 8-13, за 1 год, дом. не працює додано до БД користувачем [Сусло Тетяна].
[2025-02-20T11:02:15.867] [INFO] DataBase - У заявці Повірка від 20 лютого 2025 р. за адресою вул. Воздвиженська, буд. 6, кв. 9 додано виконавця ЗАПЛАНОВАНІ та додано дату виконання 26 лютого 2025 р. користувачем [Сусло Тетяна].
[20-Feb-2025 11:02:55 Europe/Helsinki] NewDATA [INFO] Нова адреса просп. Левка Лукяненка, буд. 28, кв. 20, тел. +38 (096) 782-43-69 додана до БД користувачем [Сусло Тетяна].
[20-Feb-2025 11:03:37 Europe/Helsinki] NewDATA [INFO] Нова заявка Повірка, адреса: просп. Левка Лукяненка 28, кв. 20, лічильники: БЕЗ НОМЕРА - 4 шт., вартість: 1200 грн., примітки: 8-13, за 1 год додано до БД користувачем [Сусло Тетяна].
[2025-02-20T11:03:40.786] [INFO] DataBase - У заявці Повірка від 20 лютого 2025 р. за адресою просп. Левка Лукяненка, буд. 28, кв. 20 додано виконавця ЗАПЛАНОВАНІ та додано дату виконання 26 лютого 2025 р. користувачем [Сусло Тетяна].
[20-Feb-2025 11:04:20 Europe/Helsinki] NewDATA [INFO] Нова заявка Заміна, адреса: просп. Перемоги 25, кв. 50, лічильники: 5175633, виконавець: Баранов, вартість: 1060 грн., примітки: 9-13, 1 хв, св, №5175633 додано до БД користувачем [Сусло Тетяна].
[20-Feb-2025 11:04:23 Europe/Helsinki] NewDATA [INFO] Новий лічильник номер: 343947, тип: КВ-1,5 => DN 15, рік випуску: 2010, показники: 0, балансоутримувач: КП "ВДК" додано до БД користувачем [Коваль Людмила].
[2025-02-20T11:04:24.500] [INFO] DataBase - У заявці Заміна від 20 лютого 2025 р. за адресою просп. Перемоги, буд. 25, кв. 50 додано дату виконання 26 лютого 2025 р. користувачем [Сусло Тетяна].
[20-Feb-2025 11:04:25 Europe/Helsinki] EditDATA [INFO] За адресою вул. Корольова, буд. 12, корп. Б, кв. 107 користувачем [Коваль Людмила] було додано лічильники: 343947].
[20-Feb-2025 11:05:04 Europe/Helsinki] NewDATA [INFO] Новий лічильник номер: 113106, тип: КВ-1,5 => DN 15, рік випуску: 2016, показники: 0, балансоутримувач: КП "ВДК" додано до БД користувачем [Коваль Людмила].
[20-Feb-2025 11:05:27 Europe/Helsinki] NewDATA [INFO] Новий лічильник номер: 068526, тип: КВ-1,5 => DN 15, рік випуску: 2016, показники: 0, балансоутримувач: АТ "ОТКЕ" додано до БД користувачем [Коваль Людмила].
[20-Feb-2025 11:05:49 Europe/Helsinki] NewDATA [INFO] Новий лічильник номер: 113058, тип: КВ-1,5 => DN 15, рік випуску: 2016, показники: 0, балансоутримувач: КП "ВДК" додано до БД користувачем [Коваль Людмила].
[20-Feb-2025 11:06:10 Europe/Helsinki] NewDATA [INFO] Новий лічильник номер: 068704, тип: КВ-1,5 => DN 15, рік випуску: 2016, показники: 0, балансоутримувач: АТ "ОТКЕ" додано до БД користувачем [Коваль Людмила].
[20-Feb-2025 11:06:11 Europe/Helsinki] EditDATA [INFO] За адресою вул. Корольова, буд. 10, корп. А, кв. 15 користувачем [Коваль Людмила] було додано лічильники: 113106, 068526, 113058, 068704].
[20-Feb-2025 11:06:40 Europe/Helsinki] NewDATA [INFO] Нова адреса вул. Всіхсвятська, буд. 6, кв. 90, тел. +38 (095) 418-10-90 додана до БД користувачем [Сусло Тетяна].
[20-Feb-2025 11:06:51 Europe/Helsinki] DellTASK [INFO] Повірка від 17.02.2025 для адреси вул. Красносільського, буд. 75, кв. 25 для лічильника БЕЗ НОМЕРА - 2 шт. було завершено користувачем [Коваль Людмила] з коментарем: виконано.
[20-Feb-2025 11:07:09 Europe/Helsinki] DellTASK [INFO] Повірка від 17.02.2025 для адреси просп. Левка Лукяненка, буд. 18, корп. А, кв. 10 для лічильника БЕЗ НОМЕРА - 1 шт. було завершено користувачем [Коваль Людмила] з коментарем: виконано.
[20-Feb-2025 11:07:11 Europe/Helsinki] NewDATA [INFO] Нова заявка Повірка, адреса: вул. Всіхсвятська 6, кв. 90, лічильники: БЕЗ НОМЕРА - 2 шт., вартість: 600 грн., примітки: 8-13 додано до БД користувачем [Сусло Тетяна].
[2025-02-20T11:07:14.942] [INFO] DataBase - У заявці Повірка від 20 лютого 2025 р. за адресою вул. Всіхсвятська, буд. 6, кв. 90 додано виконавця ЗАПЛАНОВАНІ та додано дату виконання 27 лютого 2025 р. користувачем [Сусло Тетяна].
[20-Feb-2025 11:07:26 Europe/Helsinki] DellTASK [INFO] Повірка від 13.02.2025 для адреси вул. Захисників України, буд. 11, корп. А, кв. 52 для лічильника БЕЗ НОМЕРА - 2 шт. було завершено користувачем [Коваль Людмила] з коментарем: виконано.
[20-Feb-2025 11:07:38 Europe/Helsinki] DellTASK [INFO] Повірка від 14.02.2025 для адреси вул. Захисників України, буд. 9, корп. А, кв. 52 для лічильника БЕЗ НОМЕРА - 2 шт. було завершено користувачем [Коваль Людмила] з коментарем: виконано.
[20-Feb-2025 11:07:53 Europe/Helsinki] DellTASK [INFO] Повірка від 14.02.2025 для адреси вул. Красносільського, буд. 83, кв. 52 для лічильника БЕЗ НОМЕРА - 2 шт. було завершено користувачем [Коваль Людмила] з коментарем: виконано.
[20-Feb-2025 11:08:09 Europe/Helsinki] DellTASK [INFO] Повірка від 13.02.2025 для адреси вул. Красносільського, буд. 79, кв. 93 для лічильника БЕЗ НОМЕРА - 1 шт. було завершено користувачем [Коваль Людмила] з коментарем: виконано.
[20-Feb-2025 11:08:23 Europe/Helsinki] DellTASK [INFO] Повірка від 13.02.2025 для адреси вул. Всіхсвятська, буд. 18, кв. 75 для лічильника БЕЗ НОМЕРА - 2 шт. було завершено користувачем [Коваль Людмила] з коментарем: виконано.
[20-Feb-2025 11:08:38 Europe/Helsinki] DellTASK [INFO] Повірка від 12.02.2025 для адреси вул. Красносільського, буд. 21, кв. 6 для лічильника БЕЗ НОМЕРА - 1 шт. було відмінено користувачем [Коваль Людмила] з коментарем: не треба.
[20-Feb-2025 11:08:55 Europe/Helsinki] DellTASK [INFO] Повірка від 11.02.2025 для адреси вул. Незалежності, буд. 70, кв. 28 для лічильника БЕЗ НОМЕРА - 1 шт. було завершено користувачем [Коваль Людмила] з коментарем: виконано.
[20-Feb-2025 11:09:15 Europe/Helsinki] DellTASK [INFO] Повірка від 14.02.2025 для адреси вул. Чорновола Вячеслава, буд. 17, кв. 43 для лічильника БЕЗ НОМЕРА - 1 шт. було завершено користувачем [Коваль Людмила] з коментарем: виконано.
[20-Feb-2025 11:22:00 Europe/Helsinki] NewDATA [INFO] Нова заявка Заміна, адреса: вул. Мацієвського Олександра 15, кв. 26, лічильники: 063906, виконавець: Баранов, вартість: 1060 грн., примітки: 9-13, за 30 хв, 1 хв, №063906 додано до БД користувачем [Сусло Тетяна].
[2025-02-20T11:22:04.378] [INFO] DataBase - У заявці Заміна від 20 лютого 2025 р. за адресою вул. Мацієвського Олександра, буд. 15, кв. 26 додано дату виконання 26 лютого 2025 р. користувачем [Сусло Тетяна].
[20-Feb-2025 11:28:23 Europe/Helsinki] NewDATA [INFO] Нова заявка Заміна, адреса: вул. Дніпровська 31, кв. 75, лічильники: 361613, виконавець: Баранов, вартість: 1060 грн., примітки: 13-17, 1 хв, кухня, №361613 додано до БД користувачем [Сусло Тетяна].
[2025-02-20T11:28:27.468] [INFO] DataBase - У заявці Заміна від 20 лютого 2025 р. за адресою вул. Дніпровська, буд. 31, кв. 75 додано дату виконання 26 лютого 2025 р. користувачем [Сусло Тетяна].
[20-Feb-2025 11:32:49 Europe/Helsinki] NewDATA [INFO] Нова заявка Заміна, адреса: вул. Дніпровська 31, кв. 123, лічильники: 132593, виконавець: Баранов, вартість: 1060 грн., примітки: 13-17, 1 гв, кухня, №132593 додано до БД користувачем [Сусло Тетяна].
[2025-02-20T11:32:51.770] [INFO] DataBase - У заявці Заміна від 20 лютого 2025 р. за адресою вул. Дніпровська, буд. 31, кв. 123 додано дату виконання 26 лютого 2025 р. користувачем [Сусло Тетяна].
[20-Feb-2025 11:42:44 Europe/Helsinki] NewDATA [INFO] Нова заявка Заміна, адреса: вул. Зелена 10, кв. 59, лічильники: 2803367, виконавець: Баранов, вартість: 1060 грн., примітки: 8-13, 1хв, св, №2803367 додано до БД користувачем [Сусло Тетяна].
[2025-02-20T11:42:49.094] [INFO] DataBase - У заявці Заміна від 20 лютого 2025 р. за адресою вул. Зелена, буд. 10, кв. 59 додано дату виконання 21 лютого 2025 р. користувачем [Сусло Тетяна].
[20-Feb-2025 13:01:46 Europe/Helsinki] NewDATA [INFO] Нова заявка Повірка, адреса: вул. Самострова 22, кв. 70, лічильники: БЕЗ НОМЕРА - 1 шт., вартість: 300 грн., примітки: 8-13, 1 хв додано до БД користувачем [Сусло Тетяна].
[2025-02-20T13:01:49.931] [INFO] DataBase - У заявці Повірка від 20 лютого 2025 р. за адресою вул. Самострова, буд. 22, кв. 70 додано виконавця ЗАПЛАНОВАНІ та додано дату виконання 3 березня 2025 р. користувачем [Сусло Тетяна].
[20-Feb-2025 13:30:13 Europe/Helsinki] NewDATA [INFO] Нова адреса вул. Текстильників, буд. 11, корп. Б, кв. 47, тел. +38 (097) 303-90-95 додана до БД користувачем [Коваль Людмила].
[20-Feb-2025 13:30:37 Europe/Helsinki] NewDATA [INFO] Нова заявка Повірка, адреса: вул. Текстильників 11 корпус Б, кв. 47, лічильники: БЕЗ НОМЕРА - 2 шт., вартість: 600 грн., примітки: 8-13 додано до БД користувачем [Коваль Людмила].
[2025-02-20T13:30:42.745] [INFO] DataBase - У заявці Повірка від 20 лютого 2025 р. за адресою вул. Текстильників, буд. 11, корп. Б, кв. 47 додано виконавця ЗАПЛАНОВАНІ та додано дату виконання 28 лютого 2025 р. користувачем [Коваль Людмила].
[20-Feb-2025 13:31:24 Europe/Helsinki] EditDATA [INFO] За адресою вул. 1-ї Гвардійської Армії 8, кв. 53 користувачем [Коваль Людмила] додано номер телефону +38(093)986-93-23, при створенні нової заявки [Повірка] від 20.02.2025.
[20-Feb-2025 13:31:24 Europe/Helsinki] NewDATA [INFO] Нова заявка Повірка, адреса: вул. 1-ї Гвардійської Армії 8, кв. 53, лічильники: БЕЗ НОМЕРА - 2 шт., вартість: 600 грн., примітки: 14-18 додано до БД користувачем [Коваль Людмила].
[2025-02-20T13:31:27.981] [INFO] DataBase - У заявці Повірка від 20 лютого 2025 р. за адресою вул. 1-ї Гвардійської Армії, буд. 8, кв. 53 додано виконавця Шкуліпа та додано дату виконання 21 лютого 2025 р. користувачем [Коваль Людмила].
[20-Feb-2025 13:32:33 Europe/Helsinki] EditDATA [INFO] За адресою вул. Захисників України 12, кв. 5 користувачем [Коваль Людмила] додано номер телефону +38(098)858-43-66, при створенні нової заявки [Повірка] від 20.02.2025.
[20-Feb-2025 13:32:33 Europe/Helsinki] NewDATA [INFO] Нова заявка Повірка, адреса: вул. Захисників України 12, кв. 5, лічильники: БЕЗ НОМЕРА - 2 шт., вартість: 600 грн., примітки: 13-17 додано до БД користувачем [Коваль Людмила].
[2025-02-20T13:32:37.764] [INFO] DataBase - У заявці Повірка від 20 лютого 2025 р. за адресою вул. Захисників України, буд. 12, кв. 5 додано виконавця ЗАПЛАНОВАНІ та додано дату виконання 25 лютого 2025 р. користувачем [Коваль Людмила].
[20-Feb-2025 13:33:18 Europe/Helsinki] EditDATA [INFO] За адресою вул. Красносільського 71, кв. 236 користувачем [Коваль Людмила] додано номер телефону +38(097)338-97-14, при створенні нової заявки [Повірка] від 20.02.2025.
[20-Feb-2025 13:33:18 Europe/Helsinki] NewDATA [INFO] Нова заявка Повірка, адреса: вул. Красносільського 71, кв. 236, лічильники: БЕЗ НОМЕРА - 2 шт., вартість: 600 грн., примітки: 13-17 додано до БД користувачем [Коваль Людмила].
[2025-02-20T13:33:27.651] [INFO] DataBase - У заявці Повірка від 20 лютого 2025 р. за адресою вул. Красносільського, буд. 71, кв. 236 додано виконавця ЗАПЛАНОВАНІ та додано дату виконання 24 лютого 2025 р. користувачем [Коваль Людмила].
[20-Feb-2025 13:34:47 Europe/Helsinki] NewDATA [INFO] Нова заявка Повірка, адреса: вул. Волковича 10, кв. 62, лічильники: БЕЗ НОМЕРА - 4 шт., вартість: 1200 грн., примітки: 11-15,пер.за 30 хв. додано до БД користувачем [Коваль Людмила].
[2025-02-20T13:34:52.467] [INFO] DataBase - У заявці Повірка від 20 лютого 2025 р. за адресою вул. Волковича, буд. 10, кв. 62 додано виконавця ЗАПЛАНОВАНІ та додано дату виконання 24 лютого 2025 р. користувачем [Коваль Людмила].
[20-Feb-2025 13:36:01 Europe/Helsinki] EditDATA [INFO] За адресою просп. Левка Лукяненка 16, кв. 4 користувачем [Коваль Людмила] змінені номери телефонів з +38(063)646-09-94, +38(093)035-98-37 на +38(068)150-68-94, при створенні нової заявки [Заміна] від 20.02.2025.
[20-Feb-2025 13:36:01 Europe/Helsinki] NewDATA [INFO] Нова заявка Заміна, адреса: просп. Левка Лукяненка 16, кв. 4, лічильники: БЕЗ НОМЕРА - 1 шт., вартість: 1060 грн., примітки: 10-14,гор.кух додано до БД користувачем [Коваль Людмила].
[2025-02-20T13:36:06.576] [INFO] DataBase - У заявці Заміна від 20 лютого 2025 р. за адресою просп. Левка Лукяненка, буд. 16, кв. 4 додано виконавця Баранов та додано дату виконання 25 лютого 2025 р. користувачем [Коваль Людмила].
[20-Feb-2025 13:38:37 Europe/Helsinki] EditDATA [INFO] Для заявки Повірка від 12.02.2025 користувачем [Коваль Людмила] змінено примітки з 8-9 на 8,30-9.
[20-Feb-2025 13:39:42 Europe/Helsinki] EditDATA [INFO] За адресою вул. Доценка 17 корпус А, кв. 60 користувачем [Коваль Людмила] змінені номери телефонів з +38(093)729-88-73 на +38(093)812-93-19, при створенні нової заявки [Повірка] від 20.02.2025.
[20-Feb-2025 13:39:42 Europe/Helsinki] NewDATA [INFO] Нова заявка Повірка, адреса: вул. Доценка 17 корпус А, кв. 60, лічильники: БЕЗ НОМЕРА - 2 шт., вартість: 600 грн., примітки: 8-13 додано до БД користувачем [Коваль Людмила].
[2025-02-20T13:39:47.170] [INFO] DataBase - У заявці Повірка від 20 лютого 2025 р. за адресою вул. Доценка, буд. 17, корп. А, кв. 60 додано виконавця ЗАПЛАНОВАНІ та додано дату виконання 27 лютого 2025 р. користувачем [Коваль Людмила].
[20-Feb-2025 13:40:36 Europe/Helsinki] NewDATA [INFO] Нова заявка Повірка, адреса: вул. Котляревського 15, кв. 62, лічильники: БЕЗ НОМЕРА - 2 шт., вартість: 600 грн., примітки: 13-17,пер.за 30 хв. додано до БД користувачем [Коваль Людмила].
[2025-02-20T13:40:44.347] [INFO] DataBase - У заявці Повірка від 20 лютого 2025 р. за адресою вул. Котляревського, буд. 15, кв. 62 додано виконавця ЗАПЛАНОВАНІ та додано дату виконання 25 лютого 2025 р. користувачем [Коваль Людмила].
[20-Feb-2025 13:41:19 Europe/Helsinki] NewDATA [INFO] Нова адреса вул. Захисників України, буд. 5, кв. 65, тел. +38 (066) 960-01-50 додана до БД користувачем [Коваль Людмила].
[20-Feb-2025 13:41:57 Europe/Helsinki] NewDATA [INFO] Нова заявка Повірка, адреса: вул. Захисників України 5, кв. 65, лічильники: БЕЗ НОМЕРА - 2 шт., вартість: 600 грн., примітки: 13-17 додано до БД користувачем [Коваль Людмила].
[2025-02-20T13:42:02.675] [INFO] DataBase - У заявці Повірка від 20 лютого 2025 р. за адресою вул. Захисників України, буд. 5, кв. 65 додано виконавця ЗАПЛАНОВАНІ та додано дату виконання 25 лютого 2025 р. користувачем [Коваль Людмила].
[20-Feb-2025 13:45:18 Europe/Helsinki] NewDATA [INFO] Новий лічильник номер: 200572, тип: КВ-1,5 => DN 15, рік випуску: 2010, показники: 0, балансоутримувач: КП "ВДК" додано до БД користувачем [Коваль Людмила].
[20-Feb-2025 13:45:57 Europe/Helsinki] NewDATA [INFO] Новий лічильник номер: 200435, тип: КВ-1,5 => DN 15, рік випуску: 2010, показники: 0, балансоутримувач: АТ "ОТКЕ" додано до БД користувачем [Коваль Людмила].
[20-Feb-2025 13:46:00 Europe/Helsinki] EditDATA [INFO] За адресою вул. Захисників України, буд. 9, корп. А, кв. 5 користувачем [Коваль Людмила] було додано лічильники: 200435].
[20-Feb-2025 13:47:04 Europe/Helsinki] NewDATA [INFO] Новий лічильник номер: 630396, тип: КВ-1,5 => DN 15, рік випуску: 2004, показники: 0, балансоутримувач: КП "ВДК" додано до БД користувачем [Коваль Людмила].
[20-Feb-2025 13:47:42 Europe/Helsinki] NewDATA [INFO] Новий лічильник номер: 649455, тип: КВ-1,5 => DN 15, рік випуску: 2004, показники: 0, балансоутримувач: АТ "ОТКЕ" додано до БД користувачем [Коваль Людмила].
[20-Feb-2025 13:47:44 Europe/Helsinki] EditDATA [INFO] За адресою вул. Красносільського, буд. 75, кв. 25 користувачем [Коваль Людмила] було додано лічильники: 630396, 649455].
[20-Feb-2025 13:48:24 Europe/Helsinki] NewDATA [INFO] Новий лічильник номер: 310295, тип: КВ-1,5 => DN 15, рік випуску: 2010, показники: 0, балансоутримувач: КП "ВДК" додано до БД користувачем [Коваль Людмила].
[20-Feb-2025 13:48:30 Europe/Helsinki] EditDATA [INFO] За адресою вул. Красносільського, буд. 79, кв. 93 користувачем [Коваль Людмила] було додано лічильники: 310295].
[20-Feb-2025 13:49:11 Europe/Helsinki] NewDATA [INFO] Новий лічильник номер: 084152, тип: КВ-1,5 => DN 15, рік випуску: 2009, показники: 0, балансоутримувач: КП "ВДК" додано до БД користувачем [Коваль Людмила].
[20-Feb-2025 13:49:42 Europe/Helsinki] NewDATA [INFO] Новий лічильник номер: 9200211971, тип: ЛК => DN 15, рік випуску: 2019, показники: 0, балансоутримувач: АТ "ОТКЕ" додано до БД користувачем [Коваль Людмила].
[20-Feb-2025 13:49:44 Europe/Helsinki] EditDATA [INFO] За адресою вул. Красносільського, буд. 83, кв. 52 користувачем [Коваль Людмила] було додано лічильники: 084152, 9200211971].
[20-Feb-2025 13:54:32 Europe/Helsinki] NewDATA [INFO] Новий лічильник номер: 2054462, тип: ЛК => DN 15, рік випуску: 2012, показники: 0, балансоутримувач: КП "ВДК" додано до БД користувачем [Коваль Людмила].
[20-Feb-2025 13:54:34 Europe/Helsinki] EditDATA [INFO] За адресою просп. Левка Лукяненка, буд. 18, корп. А, кв. 10 користувачем [Коваль Людмила] було додано лічильники: 2054462].
[20-Feb-2025 13:59:17 Europe/Helsinki] NewDATA [INFO] Новий лічильник номер: 6928855, тип: ЛК => DN 15, рік випуску: 2016, показники: 0, балансоутримувач: КП "ВДК" додано до БД користувачем [Коваль Людмила].
[20-Feb-2025 13:59:42 Europe/Helsinki] NewDATA [INFO] Новий лічильник номер: 6892796, тип: ЛК => DN 15, рік випуску: 2016, показники: 0, балансоутримувач: АТ "ОТКЕ" додано до БД користувачем [Коваль Людмила].
[20-Feb-2025 13:59:43 Europe/Helsinki] EditDATA [INFO] За адресою вул. Захисників України, буд. 11, корп. А, кв. 52 користувачем [Коваль Людмила] було додано лічильники: 6928855, 6892796].
[20-Feb-2025 14:00:22 Europe/Helsinki] NewDATA [INFO] Новий лічильник номер: 9200164540, тип: ЛК => DN 15, рік випуску: 2019, показники: 0, балансоутримувач: КП "ВДК" додано до БД користувачем [Коваль Людмила].
[20-Feb-2025 14:00:45 Europe/Helsinki] NewDATA [INFO] Новий лічильник номер: 9200108228, тип: ЛК => DN 15, рік випуску: 2019, показники: 0, балансоутримувач: АТ "ОТКЕ" додано до БД користувачем [Коваль Людмила].
[20-Feb-2025 14:00:47 Europe/Helsinki] EditDATA [INFO] За адресою вул. Всіхсвятська, буд. 18, кв. 75 користувачем [Коваль Людмила] було додано лічильники: 9200164540, 9200108228].
[20-Feb-2025 14:01:39 Europe/Helsinki] NewDATA [INFO] Новий лічильник номер: 528448, тип: КВ-1,5 => DN 15, рік випуску: 2007, показники: 0, балансоутримувач: КП "ВДК" додано до БД користувачем [Коваль Людмила].
[20-Feb-2025 14:02:07 Europe/Helsinki] NewDATA [INFO] Новий лічильник номер: 528467, тип: КВ-1,5 => DN 15, рік випуску: 2007, показники: 0, балансоутримувач: АТ "ОТКЕ" додано до БД користувачем [Коваль Людмила].
[20-Feb-2025 14:02:08 Europe/Helsinki] EditDATA [INFO] За адресою вул. Незалежності, буд. 70, кв. 28 користувачем [Коваль Людмила] було додано лічильники: 528448, 528467].
[20-Feb-2025 14:16:17 Europe/Helsinki] NewDATA [INFO] Нова адреса просп. Перемоги, буд. 147, кв. 98, тел. +38 (093) 195-24-29 додана до БД користувачем [Сусло Тетяна].
[20-Feb-2025 14:16:46 Europe/Helsinki] NewDATA [INFO] Нова заявка Повірка, адреса: просп. Перемоги 147, кв. 98, лічильники: БЕЗ НОМЕРА - 2 шт., вартість: 600 грн., примітки: 8-13, за 30 хв додано до БД користувачем [Сусло Тетяна].
[2025-02-20T14:16:50.323] [INFO] DataBase - У заявці Повірка від 20 лютого 2025 р. за адресою просп. Перемоги, буд. 147, кв. 98 додано виконавця ЗАПЛАНОВАНІ та додано дату виконання 4 квітня 2025 р. користувачем [Сусло Тетяна].
[20-Feb-2025 14:34:58 Europe/Helsinki] NewDATA [INFO] Нова адреса вул. Освіти, буд. 86, кв. 40, тел. +38 (063) 952-24-85 додана до БД користувачем [Сусло Тетяна].
[20-Feb-2025 14:35:28 Europe/Helsinki] NewDATA [INFO] Нова заявка Повірка, адреса: вул. Освіти 86, кв. 40, лічильники: БЕЗ НОМЕРА - 2 шт., вартість: 600 грн., примітки: 14-17, за 30 хв додано до БД користувачем [Сусло Тетяна].
[2025-02-20T14:35:33.086] [INFO] DataBase - У заявці Повірка від 20 лютого 2025 р. за адресою вул. Освіти, буд. 86, кв. 40 додано виконавця ЗАПЛАНОВАНІ та додано дату виконання 27 лютого 2025 р. користувачем [Сусло Тетяна].
[20-Feb-2025 14:43:56 Europe/Helsinki] NewDATA [INFO] Нова заявка Повірка, адреса: просп. Миру 189, кв. 48, лічильники: БЕЗ НОМЕРА - 2 шт., вартість: 600 грн., примітки: 13-17, с/в додано до БД користувачем [Сусло Тетяна].
[2025-02-20T14:44:14.106] [INFO] DataBase - У заявці Повірка від 20 лютого 2025 р. за адресою просп. Миру, буд. 189, кв. 48 додано виконавця Ващенко та додано дату виконання 21 лютого 2025 р. користувачем [Сусло Тетяна].
[20-Feb-2025 14:44:58 Europe/Helsinki] EditDATA [INFO] За адресою вул. Савчука 7 корпус А, кв. 86 користувачем [Сусло Тетяна] змінені номери телефонів з +38(063)468-41-83, +38(093)647-02-72 на +38(063)468-41-83, при створенні нової заявки [Повірка] від 20.02.2025.
[20-Feb-2025 14:44:58 Europe/Helsinki] NewDATA [INFO] Нова заявка Повірка, адреса: вул. Савчука 7 корпус А, кв. 86, лічильники: БЕЗ НОМЕРА - 2 шт., вартість: 600 грн., примітки: 8-13 додано до БД користувачем [Сусло Тетяна].
[2025-02-20T14:45:02.489] [INFO] DataBase - У заявці Повірка від 20 лютого 2025 р. за адресою вул. Савчука, буд. 7, корп. А, кв. 86 додано виконавця ЗАПЛАНОВАНІ та додано дату виконання 25 лютого 2025 р. користувачем [Сусло Тетяна].
[20-Feb-2025 14:48:02 Europe/Helsinki] NewDATA [INFO] Нова адреса вул. Льотна, буд. 5, кв. 106, тел. +38 (099) 442-86-27 додана до БД користувачем [Сусло Тетяна].
[20-Feb-2025 14:48:30 Europe/Helsinki] NewDATA [INFO] Нова заявка Повірка, адреса: вул. Льотна 5, кв. 106, лічильники: БЕЗ НОМЕРА - 2 шт., вартість: 600 грн., примітки: 8-13, за 1 год додано до БД користувачем [Сусло Тетяна].
[2025-02-20T14:48:33.886] [INFO] DataBase - У заявці Повірка від 20 лютого 2025 р. за адресою вул. Льотна, буд. 5, кв. 106 додано виконавця Ващенко та додано дату виконання 21 лютого 2025 р. користувачем [Сусло Тетяна].
[20-Feb-2025 14:53:34 Europe/Helsinki] EditDATA [INFO] За адресою вул. 1-ої танкової бригади 31, кв. 84 користувачем [Сусло Тетяна] змінені номери телефонів з +38(093)370-88-83, +38(0462)60-24-46, +38(099)627-54-04 на +38(093)370-88-83, при створенні нової заявки [Повірка] від 20.02.2025.
[20-Feb-2025 14:53:34 Europe/Helsinki] NewDATA [INFO] Нова заявка Повірка, адреса: вул. 1-ої танкової бригади 31, кв. 84, лічильники: БЕЗ НОМЕРА - 2 шт., вартість: 600 грн., примітки: 8-13, за 30 хв додано до БД користувачем [Сусло Тетяна].
[2025-02-20T14:53:37.992] [INFO] DataBase - У заявці Повірка від 20 лютого 2025 р. за адресою вул. 1-ої танкової бригади, буд. 31, кв. 84 додано виконавця ЗАПЛАНОВАНІ та додано дату виконання 25 лютого 2025 р. користувачем [Сусло Тетяна].
[20-Feb-2025 15:08:18 Europe/Helsinki] DellTASK [INFO] Повірка від 13.02.2025 для адреси вул. Загривного Максима, буд. 3, корп. А, кв. 12 для лічильника БЕЗ НОМЕРА - 4 шт. було завершено користувачем [Коваль Людмила] з коментарем: виконано.
[20-Feb-2025 15:08:35 Europe/Helsinki] DellTASK [INFO] Повірка від 13.02.2025 для адреси вул. Богуна Івана, буд. 51, кв. 126 для лічильника БЕЗ НОМЕРА - 1 шт. було завершено користувачем [Коваль Людмила] з коментарем: виконано.
[20-Feb-2025 15:08:52 Europe/Helsinki] DellTASK [INFO] Повірка від 12.02.2025 для адреси вул. Гонча, буд. 80, кв. 1 для лічильника БЕЗ НОМЕРА - 2 шт. було завершено користувачем [Коваль Людмила] з коментарем: виконано.
[20-Feb-2025 15:09:05 Europe/Helsinki] DellTASK [INFO] Повірка від 12.02.2025 для адреси вул. 1-ї Гвардійської Армії, буд. 12, кв. 61 для лічильника БЕЗ НОМЕРА - 2 шт. було завершено користувачем [Коваль Людмила] з коментарем: виконано.
[20-Feb-2025 15:09:19 Europe/Helsinki] DellTASK [INFO] Повірка від 10.02.2025 для адреси просп. Миру, буд. 212, кв. 20 для лічильника БЕЗ НОМЕРА - 1 шт. було завершено користувачем [Коваль Людмила] з коментарем: виконано.
[20-Feb-2025 15:10:02 Europe/Helsinki] NewDATA [INFO] Новий лічильник номер: 326030, тип: КВ-1,5 => DN 15, рік випуску: 2006, показники: 0, балансоутримувач: КП "ВДК" додано до БД користувачем [Коваль Людмила].
[20-Feb-2025 15:10:25 Europe/Helsinki] NewDATA [INFO] Новий лічильник номер: 311469, тип: КВ-1,5 => DN 15, рік випуску: 2006, показники: 0, балансоутримувач: АТ "ОТКЕ" додано до БД користувачем [Коваль Людмила].
[20-Feb-2025 15:10:49 Europe/Helsinki] NewDATA [INFO] Новий лічильник номер: 314035, тип: КВ-1,5 => DN 15, рік випуску: 2006, показники: 0, балансоутримувач: КП "ВДК" додано до БД користувачем [Коваль Людмила].
[20-Feb-2025 15:11:09 Europe/Helsinki] NewDATA [INFO] Новий лічильник номер: 311047, тип: КВ-1,5 => DN 15, рік випуску: 2006, показники: 0, балансоутримувач: АТ "ОТКЕ" додано до БД користувачем [Коваль Людмила].
[20-Feb-2025 15:11:15 Europe/Helsinki] EditDATA [INFO] За адресою вул. Загривного Максима, буд. 3, корп. А, кв. 12 користувачем [Коваль Людмила] було додано лічильники: 326030, 311469, 314035, 311047].
[20-Feb-2025 15:11:51 Europe/Helsinki] NewDATA [INFO] Новий лічильник номер: 539657, тип: КВ-1,5 => DN 15, рік випуску: 2003, показники: 0, балансоутримувач: КП "ВДК" додано до БД користувачем [Коваль Людмила].
[20-Feb-2025 15:11:53 Europe/Helsinki] EditDATA [INFO] За адресою просп. Миру, буд. 212, кв. 20 користувачем [Коваль Людмила] було додано лічильники: 539657].
[20-Feb-2025 15:16:59 Europe/Helsinki] NewDATA [INFO] Новий лічильник номер: 582124, тип: КВ-1,5 => DN 15, рік випуску: 2003, показники: 0, балансоутримувач: КП "ВДК" додано до БД користувачем [Коваль Людмила].
[20-Feb-2025 15:17:20 Europe/Helsinki] NewDATA [INFO] Новий лічильник номер: 562502, тип: КВ-1,5 => DN 15, рік випуску: 2003, показники: 0, балансоутримувач: КП "ТКЕ" додано до БД користувачем [Коваль Людмила].
[20-Feb-2025 15:17:22 Europe/Helsinki] EditDATA [INFO] За адресою вул. Богуна Івана, буд. 51, кв. 126 користувачем [Коваль Людмила] було додано лічильники: 582124, 562502].
[20-Feb-2025 15:18:01 Europe/Helsinki] NewDATA [INFO] Новий лічильник номер: 075677, тип: КВ-1,5 => DN 15, рік випуску: 2016, показники: 0, балансоутримувач: КП "ТКЕ" додано до БД користувачем [Коваль Людмила].
[20-Feb-2025 15:18:03 Europe/Helsinki] EditDATA [INFO] За адресою вул. Чорновола Вячеслава, буд. 17, кв. 43 користувачем [Коваль Людмила] було додано лічильники: 075677].
[20-Feb-2025 15:18:44 Europe/Helsinki] NewDATA [INFO] Новий лічильник номер: 068489, тип: КВ-1,5 => DN 15, рік випуску: 2021, показники: 0, балансоутримувач: КП "ВДК" додано до БД користувачем [Коваль Людмила].
[20-Feb-2025 15:19:06 Europe/Helsinki] NewDATA [INFO] Новий лічильник номер: 065134, тип: КВ-1,5 => DN 15, рік випуску: 2021, показники: 0, балансоутримувач: КП "ТКЕ" додано до БД користувачем [Коваль Людмила].
[20-Feb-2025 15:19:08 Europe/Helsinki] EditDATA [INFO] За адресою вул. 1-ї Гвардійської Армії, буд. 12, кв. 61 користувачем [Коваль Людмила] було додано лічильники: 068489, 065134].
[20-Feb-2025 15:19:46 Europe/Helsinki] NewDATA [INFO] Новий лічильник номер: 9200242445, тип: ЛК => DN 15, рік випуску: 2019, показники: 0, балансоутримувач: КП "ВДК" додано до БД користувачем [Коваль Людмила].
[20-Feb-2025 15:20:10 Europe/Helsinki] NewDATA [INFO] Новий лічильник номер: 456437, тип: ЛК => DN 15, рік випуску: 2014, показники: 0, балансоутримувач: КП "ТКЕ" додано до БД користувачем [Коваль Людмила].
[20-Feb-2025 15:20:12 Europe/Helsinki] EditDATA [INFO] За адресою вул. Гонча, буд. 80, кв. 1 користувачем [Коваль Людмила] було додано лічильники: 9200242445, 456437].
[20-Feb-2025 15:21:49 Europe/Helsinki] NewDATA [INFO] Нова адреса вул. 1-ї Гвардійської Армії, буд. 25, корп. А, кв. 69, тел. +38 (063) 456-60-18 додана до БД користувачем [Коваль Людмила].
[20-Feb-2025 15:22:23 Europe/Helsinki] NewDATA [INFO] Нова заявка Повірка, адреса: вул. 1-ї Гвардійської Армії 25 корпус А, кв. 69, лічильники: БЕЗ НОМЕРА - 2 шт., вартість: 600 грн., примітки: 13-17 додано до БД користувачем [Коваль Людмила].
[2025-02-20T15:22:32.638] [INFO] DataBase - У заявці Повірка від 20 лютого 2025 р. за адресою вул. 1-ї Гвардійської Армії, буд. 25, корп. А, кв. 69 додано виконавця ЗАПЛАНОВАНІ та додано дату виконання 25 лютого 2025 р. користувачем [Коваль Людмила].
[20-Feb-2025 15:32:31 Europe/Helsinki] NewDATA [INFO] Нова адреса вул. Доценка, буд. 17, кв. 6, тел. +38 (050) 494-95-84 додана до БД користувачем [Сусло Тетяна].
[20-Feb-2025 15:32:56 Europe/Helsinki] NewDATA [INFO] Нова заявка Повірка, адреса: вул. Доценка 17, кв. 6, лічильники: БЕЗ НОМЕРА - 2 шт., вартість: 600 грн., примітки: 8-13 додано до БД користувачем [Сусло Тетяна].
[2025-02-20T15:33:00.616] [INFO] DataBase - У заявці Повірка від 20 лютого 2025 р. за адресою вул. Доценка, буд. 17, кв. 6 додано виконавця ЗАПЛАНОВАНІ та додано дату виконання 27 лютого 2025 р. користувачем [Сусло Тетяна].

