[05-Dec-2024 08:49:32 Europe/Helsinki] NewDATA [INFO] Нова адреса вул. Мазепи Івана, буд. 37, кв. 268, тел. +38 (097) 171-17-53 додана до БД користувачем [Сусло Тетяна].
[05-Dec-2024 08:49:59 Europe/Helsinki] NewDATA [INFO] Нова заявка Повірка, адреса: вул. Мазепи Івана 37, кв. 268, лічильники: БЕЗ НОМЕРА - 2 шт., вартість: 600 грн., примітки: 8-13 додано до БД користувачем [Сусло Тетяна].
[2024-12-05T08:50:02.909] [INFO] DataBase - У заявці Повірка від 5 грудня 2024 р. за адресою вул. Мазепи Івана, буд. 37, кв. 268 додано виконавця ЗАПЛАНОВАНІ та додано дату виконання 6 грудня 2024 р. користувачем [Сусло Тетяна].
[05-Dec-2024 09:18:38 Europe/Helsinki] DellTASK [INFO] Повірка від 03.12.2024 для адреси вул. Генерала Пухова, буд. 142, кв. 23 для лічильника БЕЗ НОМЕРА - 2 шт. було завершено користувачем [Коваль Людмила] з коментарем: виконано.
[05-Dec-2024 09:18:54 Europe/Helsinki] DellTASK [INFO] Повірка від 03.12.2024 для адреси просп. Левка Лукяненка, буд. 38, кв. 29 для лічильника БЕЗ НОМЕРА - 2 шт. було завершено користувачем [Коваль Людмила] з коментарем: виконано.
[2024-12-05T09:19:06.779] [INFO] DataBase - У заявці Повірка від 29 листопада 2024 р. за адресою вул. курсанта Єськова, буд. 4, кв. 192 видалено дату виконання 4 грудня 2024 р. користувачем [Сусло Тетяна].
[05-Dec-2024 09:19:13 Europe/Helsinki] DellTASK [INFO] Повірка від 02.12.2024 для адреси просп. Грушевського Михайла, буд. 157, кв. 89 для лічильника БЕЗ НОМЕРА - 1 шт. було завершено користувачем [Коваль Людмила] з коментарем: виконано.
[2024-12-05T09:19:14.181] [INFO] DataBase - У заявці Повірка від 29 листопада 2024 р. за адресою вул. курсанта Єськова, буд. 4, кв. 192 додано дату виконання 13 грудня 2024 р. користувачем [Сусло Тетяна].
[05-Dec-2024 09:19:23 Europe/Helsinki] EditDATA [INFO] Для заявки Повірка від 29.11.2024 користувачем [Сусло Тетяна] змінено виконавця з Ващенко на ЗАПЛАНОВАНІ.
[05-Dec-2024 09:19:26 Europe/Helsinki] DellTASK [INFO] Повірка від 02.12.2024 для адреси вул. Космонавтів, буд. 3, корп. А, кв. 41 для лічильника БЕЗ НОМЕРА - 1 шт. було завершено користувачем [Коваль Людмила] з коментарем: виконано.
[05-Dec-2024 09:19:40 Europe/Helsinki] DellTASK [INFO] Повірка від 29.11.2024 для адреси просп. Грушевського Михайла, буд. 191, корп. А, кв. 131 для лічильника БЕЗ НОМЕРА - 1 шт. було завершено користувачем [Коваль Людмила] з коментарем: виконано.
[05-Dec-2024 09:20:02 Europe/Helsinki] DellTASK [INFO] Повірка від 04.12.2024 для адреси вул. Князя Чорного, буд. 2, кв. 19 для лічильника БЕЗ НОМЕРА - 1 шт. було завершено користувачем [Коваль Людмила] з коментарем: виконано.
[05-Dec-2024 09:20:17 Europe/Helsinki] DellTASK [INFO] Повірка від 02.12.2024 для адреси вул. 1-ої танкової бригади, буд. 18, кв. 96 для лічильника БЕЗ НОМЕРА - 4 шт. було завершено користувачем [Сусло Тетяна] з коментарем: виконано.
[05-Dec-2024 09:20:25 Europe/Helsinki] DellTASK [INFO] Повірка від 03.12.2024 для адреси просп. Перемоги, буд. 71, кв. 39 для лічильника БЕЗ НОМЕРА - 4 шт. було завершено користувачем [Коваль Людмила] з коментарем: віиконано.
[05-Dec-2024 09:20:40 Europe/Helsinki] DellTASK [INFO] Повірка від 03.12.2024 для адреси просп. Перемоги, буд. 75, кв. 30 для лічильника БЕЗ НОМЕРА - 4 шт. було завершено користувачем [Коваль Людмила] з коментарем: виконано.
[05-Dec-2024 09:20:41 Europe/Helsinki] DellTASK [INFO] Повірка від 02.12.2024 для адреси просп. Миру, буд. 206, кв. 61 для лічильника БЕЗ НОМЕРА - 2 шт. було завершено користувачем [Сусло Тетяна] з коментарем: виконано.
[05-Dec-2024 09:20:56 Europe/Helsinki] DellTASK [INFO] Повірка від 03.12.2024 для адреси просп. Миру, буд. 206, кв. 14 для лічильника БЕЗ НОМЕРА - 2 шт. було завершено користувачем [Сусло Тетяна] з коментарем: виконано.
[05-Dec-2024 09:21:11 Europe/Helsinki] DellTASK [INFO] Повірка від 03.12.2024 для адреси просп. Миру, буд. 204, кв. 39 для лічильника БЕЗ НОМЕРА - 2 шт. було завершено користувачем [Сусло Тетяна] з коментарем: виконано.
[05-Dec-2024 09:21:38 Europe/Helsinki] DellTASK [INFO] Повірка від 03.12.2024 для адреси просп. Миру, буд. 204, кв. 170 для лічильника БЕЗ НОМЕРА - 2 шт. було завершено користувачем [Сусло Тетяна] з коментарем: виконано.
[05-Dec-2024 09:22:04 Europe/Helsinki] DellTASK [INFO] Повірка від 15.11.2024 для адреси вул. Елеваторна, буд. 8, корп. А, кв. 38 для лічильника БЕЗ НОМЕРА - 1 шт. було завершено користувачем [Сусло Тетяна] з коментарем: виконано.
[05-Dec-2024 09:22:11 Europe/Helsinki] DellTASK [INFO] Повірка від 29.11.2024 для адреси просп. Перемоги, буд. 54, кв. 38 для лічильника БЕЗ НОМЕРА - 2 шт. було завершено користувачем [Коваль Людмила] з коментарем: виконано.
[05-Dec-2024 09:22:24 Europe/Helsinki] DellTASK [INFO] Повірка від 02.12.2024 для адреси вул. Красносільського, буд. 37, кв. 9 для лічильника БЕЗ НОМЕРА - 1 шт. було завершено користувачем [Сусло Тетяна] з коментарем: виконано.
[05-Dec-2024 09:22:28 Europe/Helsinki] DellTASK [INFO] Повірка від 02.12.2024 для адреси вул. Реміснича, буд. 31, кв. 3 для лічильника БЕЗ НОМЕРА - 2 шт. було завершено користувачем [Коваль Людмила] з коментарем: виконано.
[05-Dec-2024 09:22:40 Europe/Helsinki] DellTASK [INFO] Повірка від 03.12.2024 для адреси вул. Красносільського, буд. 47, кв. 41 для лічильника БЕЗ НОМЕРА - 1 шт. було завершено користувачем [Сусло Тетяна] з коментарем: виконано.
[05-Dec-2024 09:22:45 Europe/Helsinki] DellTASK [INFO] Повірка від 03.12.2024 для адреси вул. Жабинського, буд. 2, кв. 54 для лічильника БЕЗ НОМЕРА - 1 шт. було завершено користувачем [Коваль Людмила] з коментарем: виконано.
[05-Dec-2024 09:22:56 Europe/Helsinki] DellTASK [INFO] Повірка від 29.11.2024 для адреси вул. Красносільського, буд. 75, кв. 79 для лічильника БЕЗ НОМЕРА - 2 шт. було завершено користувачем [Сусло Тетяна] з коментарем: виконано.
[05-Dec-2024 09:23:00 Europe/Helsinki] DellTASK [INFO] Повірка від 27.11.2024 для адреси вул. Княжа, буд. 17, кв. 9 для лічильника БЕЗ НОМЕРА - 1 шт. було завершено користувачем [Коваль Людмила] з коментарем: виконано.
[05-Dec-2024 09:23:13 Europe/Helsinki] DellTASK [INFO] Повірка від 29.11.2024 для адреси вул. Незалежності, буд. 68, кв. 124 для лічильника БЕЗ НОМЕРА - 2 шт. було завершено користувачем [Сусло Тетяна] з коментарем: виконано.
[05-Dec-2024 09:23:30 Europe/Helsinki] DellTASK [INFO] Повірка від 02.12.2024 для адреси вул. Незалежності, буд. 82, кв. 98 для лічильника БЕЗ НОМЕРА - 2 шт. було завершено користувачем [Сусло Тетяна] з коментарем: виконано.
[05-Dec-2024 09:23:45 Europe/Helsinki] DellTASK [INFO] Повірка від 02.12.2024 для адреси вул. Незалежності, буд. 78, кв. 114 для лічильника БЕЗ НОМЕРА - 2 шт. було завершено користувачем [Сусло Тетяна] з коментарем: виконано.
[05-Dec-2024 09:24:01 Europe/Helsinki] DellTASK [INFO] Повірка від 26.11.2024 для адреси вул. Нафтовиків, буд. 21, кв. 77 для лічильника БЕЗ НОМЕРА - 1 шт. було завершено користувачем [Сусло Тетяна] з коментарем: виконано.
[05-Dec-2024 09:24:21 Europe/Helsinki] DellTASK [INFO] Повірка від 04.12.2024 для адреси вул. Незалежності, буд. 46, кв. 65 для лічильника БЕЗ НОМЕРА - 2 шт. було завершено користувачем [Сусло Тетяна] з коментарем: виконано.
[05-Dec-2024 09:27:15 Europe/Helsinki] NewDATA [INFO] Новий лічильник номер: 445025, тип: КВ-1,5 => DN 15, рік випуску: 2005, показники: 0, балансоутримувач: АТ "ОТКЕ" додано до БД користувачем [Сусло Тетяна].
[05-Dec-2024 09:27:21 Europe/Helsinki] EditDATA [INFO] За адресою вул. Незалежності, буд. 46, кв. 65 користувачем [Сусло Тетяна] було додано лічильники: 444490, 445025].
[05-Dec-2024 09:28:01 Europe/Helsinki] NewDATA [INFO] Новий лічильник номер: 048518, тип: КВ-1,5 => DN 15, рік випуску: 2004, показники: 0, балансоутримувач: КП "ВДК" додано до БД користувачем [Сусло Тетяна].
[05-Dec-2024 09:28:04 Europe/Helsinki] EditDATA [INFO] За адресою вул. Нафтовиків, буд. 21, кв. 77 користувачем [Сусло Тетяна] було додано лічильники: 048518].
[05-Dec-2024 09:28:43 Europe/Helsinki] NewDATA [INFO] Новий лічильник номер: 249292, тип: КВ-1,5 => DN 15, рік випуску: 2008, показники: 0, балансоутримувач: КП "ВДК" додано до БД користувачем [Сусло Тетяна].
[05-Dec-2024 09:29:06 Europe/Helsinki] NewDATA [INFO] Новий лічильник номер: 253105, тип: КВ-1,5 => DN 15, рік випуску: 2008, показники: 0, балансоутримувач: АТ "ОТКЕ" додано до БД користувачем [Сусло Тетяна].
[05-Dec-2024 09:29:08 Europe/Helsinki] EditDATA [INFO] За адресою вул. Незалежності, буд. 78, кв. 114 користувачем [Сусло Тетяна] було додано лічильники: 249292, 253105].
[05-Dec-2024 09:29:51 Europe/Helsinki] NewDATA [INFO] Новий лічильник номер: 506482, тип: КВ-1,5 => DN 15, рік випуску: 2008, показники: 0, балансоутримувач: КП "ВДК" додано до БД користувачем [Сусло Тетяна].
[05-Dec-2024 09:29:53 Europe/Helsinki] EditDATA [INFO] За адресою вул. Незалежності, буд. 82, кв. 98 користувачем [Сусло Тетяна] було додано лічильники: 506482].
[05-Dec-2024 09:30:31 Europe/Helsinki] NewDATA [INFO] Новий лічильник номер: 464660, тип: КВ-1,5 => DN 15, рік випуску: 2007, показники: 0, балансоутримувач: КП "ВДК" додано до БД користувачем [Сусло Тетяна].
[05-Dec-2024 09:30:53 Europe/Helsinki] NewDATA [INFO] Новий лічильник номер: 423284, тип: КВ-1,5 => DN 15, рік випуску: 2007, показники: 0, балансоутримувач: АТ "ОТКЕ" додано до БД користувачем [Сусло Тетяна].
[05-Dec-2024 09:30:56 Europe/Helsinki] EditDATA [INFO] За адресою вул. Незалежності, буд. 68, кв. 124 користувачем [Сусло Тетяна] було додано лічильники: 464660, 423284].
[05-Dec-2024 09:31:37 Europe/Helsinki] NewDATA [INFO] Новий лічильник номер: 285636, тип: КВ-1,5 => DN 15, рік випуску: 2011, показники: 0, балансоутримувач: КП "ВДК" додано до БД користувачем [Сусло Тетяна].
[05-Dec-2024 09:31:58 Europe/Helsinki] NewDATA [INFO] Новий лічильник номер: 248474, тип: КВ-1,5 => DN 15, рік випуску: 2011, показники: 0, балансоутримувач: АТ "ОТКЕ" додано до БД користувачем [Сусло Тетяна].
[05-Dec-2024 09:32:00 Europe/Helsinki] EditDATA [INFO] За адресою вул. Красносільського, буд. 75, кв. 79 користувачем [Сусло Тетяна] було додано лічильники: 285636, 248474].
[05-Dec-2024 09:32:39 Europe/Helsinki] NewDATA [INFO] Новий лічильник номер: 342809, тип: КВ-1,5 => DN 15, рік випуску: 2007, показники: 0, балансоутримувач: КП "ВДК" додано до БД користувачем [Сусло Тетяна].
[05-Dec-2024 09:32:42 Europe/Helsinki] EditDATA [INFO] За адресою вул. Красносільського, буд. 47, кв. 41 користувачем [Сусло Тетяна] було додано лічильники: 342809].
[05-Dec-2024 09:33:20 Europe/Helsinki] NewDATA [INFO] Новий лічильник номер: 2729653, тип: ЛК => DN 15, рік випуску: 2012, показники: 0, балансоутримувач: КП "ВДК" додано до БД користувачем [Сусло Тетяна].
[05-Dec-2024 09:33:22 Europe/Helsinki] EditDATA [INFO] За адресою вул. Красносільського, буд. 37, кв. 9 користувачем [Сусло Тетяна] було додано лічильники: 2729653].
[05-Dec-2024 09:34:10 Europe/Helsinki] NewDATA [INFO] Новий лічильник номер: 00629353, тип: E-T 1,6-U => DN 15, рік випуску: 2020, показники: 0, балансоутримувач: КП "ВДК" додано до БД користувачем [Сусло Тетяна].
[05-Dec-2024 09:34:12 Europe/Helsinki] EditDATA [INFO] За адресою вул. Елеваторна, буд. 8, корп. А, кв. 38 користувачем [Сусло Тетяна] було додано лічильники: 00629353].
[05-Dec-2024 09:36:23 Europe/Helsinki] NewDATA [INFO] Новий лічильник номер: 289695, тип: КВ-1,5 => DN 15, рік випуску: 2007, показники: 0, балансоутримувач: КП "ВДК" додано до БД користувачем [Сусло Тетяна].
[05-Dec-2024 09:36:47 Europe/Helsinki] NewDATA [INFO] Новий лічильник номер: 242698, тип: КВ-1,5 => DN 15, рік випуску: 2007, показники: 0, балансоутримувач: АТ "ОТКЕ" додано до БД користувачем [Сусло Тетяна].
[05-Dec-2024 09:36:49 Europe/Helsinki] EditDATA [INFO] За адресою просп. Миру, буд. 206, кв. 2 користувачем [Сусло Тетяна] було додано лічильники: 289695, 242698].
[05-Dec-2024 09:37:11 Europe/Helsinki] EditDATA [INFO] За адресою просп. Миру, буд. 206, кв. 2 користувачем [Сусло Тетяна] змінені номери телефонів з +38(0462)63-21-37, +38(093)570-73-40, +38(063)707-02-99 на +38(063)755-47-81.
[05-Dec-2024 09:37:54 Europe/Helsinki] NewDATA [INFO] Новий лічильник номер: 7305800, тип: ЛК => DN 15, рік випуску: 2007, показники: 0, балансоутримувач: КП "ВДК" додано до БД користувачем [Сусло Тетяна].
[05-Dec-2024 09:38:22 Europe/Helsinki] NewDATA [INFO] Новий лічильник номер: 7307619, тип: ЛК => DN 15, рік випуску: 2007, показники: 0, балансоутримувач: АТ "ОТКЕ" додано до БД користувачем [Сусло Тетяна].
[05-Dec-2024 09:38:24 Europe/Helsinki] EditDATA [INFO] За адресою просп. Миру, буд. 204, кв. 170 користувачем [Сусло Тетяна] було додано лічильники: 7305800, 7307619].
[05-Dec-2024 09:39:06 Europe/Helsinki] NewDATA [INFO] Новий лічильник номер: 280883, тип: КВ-1,5 => DN 15, рік випуску: 2012, показники: 0, балансоутримувач: КП "ВДК" додано до БД користувачем [Сусло Тетяна].
[05-Dec-2024 09:39:29 Europe/Helsinki] NewDATA [INFO] Новий лічильник номер: 086506, тип: КВ-1,5 => DN 15, рік випуску: 2013, показники: 0, балансоутримувач: АТ "ОТКЕ" додано до БД користувачем [Сусло Тетяна].
[05-Dec-2024 09:39:32 Europe/Helsinki] EditDATA [INFO] За адресою просп. Миру, буд. 204, кв. 39 користувачем [Сусло Тетяна] було додано лічильники: 280883, 086506].
[05-Dec-2024 09:40:10 Europe/Helsinki] NewDATA [INFO] Новий лічильник номер: 379534, тип: КВ-1,5 => DN 15, рік випуску: 2004, показники: 0, балансоутримувач: КП "ВДК" додано до БД користувачем [Сусло Тетяна].
[05-Dec-2024 09:40:31 Europe/Helsinki] NewDATA [INFO] Новий лічильник номер: 200148, тип: КВ-1,5 => DN 15, рік випуску: 2015, показники: 0, балансоутримувач: КП "ВДК" додано до БД користувачем [Коваль Людмила].
[05-Dec-2024 09:40:33 Europe/Helsinki] EditDATA [INFO] За адресою просп. Грушевського Михайла, буд. 191, корп. А, кв. 131 користувачем [Коваль Людмила] було додано лічильники: 200148].
[05-Dec-2024 09:40:38 Europe/Helsinki] NewDATA [INFO] Новий лічильник номер: 097363, тип: КВ-1,5 => DN 15, рік випуску: 2014, показники: 0, балансоутримувач: АТ "ОТКЕ" додано до БД користувачем [Сусло Тетяна].
[05-Dec-2024 09:40:40 Europe/Helsinki] EditDATA [INFO] За адресою просп. Миру, буд. 206, кв. 14 користувачем [Сусло Тетяна] було додано лічильники: 379534, 097363].
[05-Dec-2024 09:41:22 Europe/Helsinki] NewDATA [INFO] Новий лічильник номер: 073813, тип: КВ-1,5 => DN 15, рік випуску: 1999, показники: 0, балансоутримувач: КП "ВДК" додано до БД користувачем [Сусло Тетяна].
[05-Dec-2024 09:41:42 Europe/Helsinki] NewDATA [INFO] Новий лічильник номер: 056363, тип: КВ-1,5 => DN 15, рік випуску: 1999, показники: 0, балансоутримувач: АТ "ОТКЕ" додано до БД користувачем [Сусло Тетяна].
[05-Dec-2024 09:41:44 Europe/Helsinki] EditDATA [INFO] За адресою просп. Миру, буд. 206, кв. 61 користувачем [Сусло Тетяна] було додано лічильники: 073813, 056363].
[05-Dec-2024 09:41:51 Europe/Helsinki] NewDATA [INFO] Новий лічильник номер: 262646, тип: КВ-1,5 => DN 15, рік випуску: 2010, показники: 0, балансоутримувач: КП "ВДК" додано до БД користувачем [Коваль Людмила].
[05-Dec-2024 09:42:22 Europe/Helsinki] NewDATA [INFO] Новий лічильник номер: 638902, тип: КВ-1,5 => DN 15, рік випуску: 2005, показники: 0, балансоутримувач: КП "ВДК" додано до БД користувачем [Сусло Тетяна].
[05-Dec-2024 09:42:24 Europe/Helsinki] NewDATA [INFO] Новий лічильник номер: 262531, тип: КВ-1,5 => DN 15, рік випуску: 2010, показники: 0, балансоутримувач: АТ "ОТКЕ" додано до БД користувачем [Коваль Людмила].
[05-Dec-2024 09:42:26 Europe/Helsinki] EditDATA [INFO] За адресою вул. Космонавтів, буд. 3, корп. А, кв. 41 користувачем [Коваль Людмила] було додано лічильники: 262646, 262531].
[05-Dec-2024 09:42:51 Europe/Helsinki] NewDATA [INFO] Новий лічильник номер: 2420144, тип: ECOSTAR E-C => DN 15, рік випуску: 2023, показники: 0, балансоутримувач: АТ "ОТКЕ" додано до БД користувачем [Сусло Тетяна].
[05-Dec-2024 09:43:13 Europe/Helsinki] NewDATA [INFO] Новий лічильник номер: 264194, тип: КВ-1,5 => DN 15, рік випуску: 2000, показники: 0, балансоутримувач: КП "ВДК" додано до БД користувачем [Коваль Людмила].
[05-Dec-2024 09:43:44 Europe/Helsinki] NewDATA [INFO] Новий лічильник номер: 029112, тип: КВ-1,5 => DN 15, рік випуску: 1998, показники: 0, балансоутримувач: АТ "ОТКЕ" додано до БД користувачем [Коваль Людмила].
[05-Dec-2024 09:43:46 Europe/Helsinki] EditDATA [INFO] За адресою вул. Генерала Пухова, буд. 142, кв. 23 користувачем [Коваль Людмила] було додано лічильники: 264194, 029112].
[05-Dec-2024 09:45:03 Europe/Helsinki] NewDATA [INFO] Новий лічильник номер: 062433, тип: КВ-1,5 => DN 15, рік випуску: 2020, показники: 0, балансоутримувач: АТ "ОТКЕ" додано до БД користувачем [Коваль Людмила].
[05-Dec-2024 09:45:13 Europe/Helsinki] EditDATA [INFO] За адресою просп. Грушевського Михайла, буд. 157, кв. 89 користувачем [Коваль Людмила] було додано лічильники: 062433].
[05-Dec-2024 09:45:42 Europe/Helsinki] NewDATA [INFO] Новий лічильник номер: 306762, тип: КВ-1,5 => DN 15, рік випуску: 2006, показники: 0, балансоутримувач: КП "ВДК" додано до БД користувачем [Сусло Тетяна].
[05-Dec-2024 09:46:08 Europe/Helsinki] NewDATA [INFO] Новий лічильник номер: 308220, тип: КВ-1,5 => DN 15, рік випуску: 2006, показники: 0, балансоутримувач: АТ "ОТКЕ" додано до БД користувачем [Сусло Тетяна].
[05-Dec-2024 09:46:10 Europe/Helsinki] EditDATA [INFO] За адресою вул. 1-ої танкової бригади, буд. 18, кв. 96 користувачем [Сусло Тетяна] було додано лічильники: 638902, 2420144, 306762, 308220].
[05-Dec-2024 09:49:53 Europe/Helsinki] NewDATA [INFO] Нова заявка Заміна, адреса: вул. Освіти 6, кв. 60, лічильники: 9200115189, вартість: 1060 грн., примітки: с/в,гор,13-17 додано до БД користувачем [Коваль Людмила].
[2024-12-05T09:50:03.755] [INFO] DataBase - У заявці Заміна від 5 грудня 2024 р. за адресою вул. Освіти, буд. 6, кв. 60 додано виконавця Баранов та додано дату виконання 6 грудня 2024 р. користувачем [Коваль Людмила].
[05-Dec-2024 09:52:32 Europe/Helsinki] NewDATA [INFO] Новий лічильник номер: 1200174331, тип: ЛК => DN 15, рік випуску: 2020, показники: 0, балансоутримувач: КП "ВДК" додано до БД користувачем [Коваль Людмила].
[05-Dec-2024 09:53:01 Europe/Helsinki] NewDATA [INFO] Новий лічильник номер: 061350, тип: ЛК => DN 15, рік випуску: 2020, показники: 0, балансоутримувач: АТ "ОТКЕ" додано до БД користувачем [Коваль Людмила].
[05-Dec-2024 09:53:03 Europe/Helsinki] EditDATA [INFO] За адресою просп. Левка Лукяненка, буд. 38, кв. 29 користувачем [Коваль Людмила] було додано лічильники: 1200174331, 061350].
[05-Dec-2024 09:57:32 Europe/Helsinki] NewDATA [INFO] Новий лічильник номер: 454595, тип: КВ-1,5 => DN 15, рік випуску: 2006, показники: 0, балансоутримувач: КП "ВДК" додано до БД користувачем [Коваль Людмила].
[05-Dec-2024 09:57:35 Europe/Helsinki] EditDATA [INFO] За адресою вул. Жабинського, буд. 2, кв. 54 користувачем [Коваль Людмила] було додано лічильники: 454595].
[05-Dec-2024 09:58:15 Europe/Helsinki] NewDATA [INFO] Новий лічильник номер: 346468, тип: КВ-1,5 => DN 15, рік випуску: 2003, показники: 0, балансоутримувач: КП "ВДК" додано до БД користувачем [Коваль Людмила].
[05-Dec-2024 09:58:40 Europe/Helsinki] NewDATA [INFO] Новий лічильник номер: 315790, тип: КВ-1,5 => DN 15, рік випуску: 2003, показники: 0, балансоутримувач: КП "ТКЕ" додано до БД користувачем [Коваль Людмила].
[05-Dec-2024 09:58:43 Europe/Helsinki] EditDATA [INFO] За адресою просп. Перемоги, буд. 54, кв. 38 користувачем [Коваль Людмила] було додано лічильники: 346468, 315790].
[05-Dec-2024 10:09:57 Europe/Helsinki] EditDATA [INFO] Для заявки Повірка від 04.12.2024 користувачем [Коваль Людмила] змінено виконавця з ЗАПЛАНОВАНІ на Сірий.
[05-Dec-2024 10:11:32 Europe/Helsinki] EditDATA [INFO] Для заявки Повірка від 03.12.2024 користувачем [Коваль Людмила] змінено виконавця з ЗАПЛАНОВАНІ на Ващенко.
[05-Dec-2024 10:11:43 Europe/Helsinki] EditDATA [INFO] Для заявки Повірка від 04.12.2024 користувачем [Коваль Людмила] змінено виконавця з ЗАПЛАНОВАНІ на Ващенко.
[05-Dec-2024 10:12:02 Europe/Helsinki] EditDATA [INFO] Для заявки Повірка від 04.12.2024 користувачем [Коваль Людмила] змінено виконавця з ЗАПЛАНОВАНІ на Ващенко.
[05-Dec-2024 10:12:31 Europe/Helsinki] EditDATA [INFO] Для заявки Повірка від 04.12.2024 користувачем [Коваль Людмила] змінено виконавця з ЗАПЛАНОВАНІ на Ващенко.
[05-Dec-2024 10:14:27 Europe/Helsinki] NewDATA [INFO] Нова адреса просп. Миру, буд. 257, кв. 99, тел. +38 (097) 988-88-75 додана до БД користувачем [Коваль Людмила].
[05-Dec-2024 10:15:00 Europe/Helsinki] NewDATA [INFO] Нова заявка Повірка, адреса: просп. Миру 257, кв. 99, лічильники: БЕЗ НОМЕРА - 2 шт., вартість: 600 грн., примітки: 13-17,пер.за час додано до БД користувачем [Коваль Людмила].
[2024-12-05T10:15:14.071] [INFO] DataBase - У заявці Повірка від 5 грудня 2024 р. за адресою просп. Миру, буд. 257, кв. 99 додано виконавця ЗАПЛАНОВАНІ та додано дату виконання 9 грудня 2024 р. користувачем [Коваль Людмила].
[05-Dec-2024 10:16:47 Europe/Helsinki] NewDATA [INFO] Новий лічильник номер: 550055, тип: КВ-1,5 => DN 15, рік випуску: 2004, показники: 0, балансоутримувач: КП "ВДК" додано до БД користувачем [Коваль Людмила].
[05-Dec-2024 10:17:11 Europe/Helsinki] NewDATA [INFO] Новий лічильник номер: 564619, тип: КВ-1,5 => DN 15, рік випуску: 2004, показники: 0, балансоутримувач: КП "ТКЕ" додано до БД користувачем [Коваль Людмила].
[05-Dec-2024 10:17:14 Europe/Helsinki] EditDATA [INFO] За адресою вул. Реміснича, буд. 31, кв. 3 користувачем [Коваль Людмила] було додано лічильники: 550055, 564619].
[05-Dec-2024 10:18:06 Europe/Helsinki] NewDATA [INFO] Новий лічильник номер: 5429689, тип: ЛК => DN 15, рік випуску: 2016, показники: 0, балансоутримувач: КП "ВДК" додано до БД користувачем [Коваль Людмила].
[05-Dec-2024 10:18:35 Europe/Helsinki] NewDATA [INFO] Новий лічильник номер: 6908659, тип: ЛК => DN 15, рік випуску: 2016, показники: 0, балансоутримувач: КП "ТКЕ" додано до БД користувачем [Коваль Людмила].
[05-Dec-2024 10:19:02 Europe/Helsinki] NewDATA [INFO] Новий лічильник номер: 5905018, тип: ЛК => DN 15, рік випуску: 2016, показники: 0, балансоутримувач: КП "ВДК" додано до БД користувачем [Коваль Людмила].
[05-Dec-2024 10:19:48 Europe/Helsinki] EditDATA [INFO] За адресою просп. Перемоги, буд. 71, кв. 39 користувачем [Коваль Людмила] було додано лічильники: 5429689, 6908659, 5905018].
[05-Dec-2024 10:19:48 Europe/Helsinki] NewDATA [INFO] Новий лічильник номер: 6798155, тип: ЛК => DN 15, рік випуску: 2016, показники: 0, балансоутримувач: КП "ТКЕ" додано до БД користувачем [Коваль Людмила].
[05-Dec-2024 10:20:12 Europe/Helsinki] EditDATA [INFO] За адресою просп. Перемоги, буд. 71, кв. 39 користувачем [Коваль Людмила] було додано лічильники: 6798155].
[05-Dec-2024 10:21:51 Europe/Helsinki] NewDATA [INFO] Новий лічильник номер: 040447, тип: КВ-1,5 => DN 15, рік випуску: 2017, показники: 0, балансоутримувач: КП "ВДК" додано до БД користувачем [Коваль Людмила].
[05-Dec-2024 10:22:14 Europe/Helsinki] NewDATA [INFO] Новий лічильник номер: 0200041720, тип: ЛК => DN 15, рік випуску: 2020, показники: 0, балансоутримувач: КП "ТКЕ" додано до БД користувачем [Коваль Людмила].
[05-Dec-2024 10:22:39 Europe/Helsinki] NewDATA [INFO] Новий лічильник номер: 0200064896, тип: ЛК => DN 15, рік випуску: 2020, показники: 0, балансоутримувач: КП "ВДК" додано до БД користувачем [Коваль Людмила].
[05-Dec-2024 10:23:03 Europe/Helsinki] NewDATA [INFO] Новий лічильник номер: 0200138464, тип: ЛК => DN 15, рік випуску: 2020, показники: 0, балансоутримувач: КП "ТКЕ" додано до БД користувачем [Коваль Людмила].
[05-Dec-2024 10:23:05 Europe/Helsinki] EditDATA [INFO] За адресою просп. Перемоги, буд. 75, кв. 30 користувачем [Коваль Людмила] було додано лічильники: 040447, 0200041720, 0200064896, 0200138464].
[05-Dec-2024 10:25:23 Europe/Helsinki] NewDATA [INFO] Нова адреса вул. Леонтовича Миколи, буд. 5, кв. 33, тел. +38 (097) 455-11-34 додана до БД користувачем [Сусло Тетяна].
[05-Dec-2024 10:25:59 Europe/Helsinki] NewDATA [INFO] Нова заявка Повірка, адреса: вул. Леонтовича Миколи 5, кв. 33, лічильники: БЕЗ НОМЕРА - 4 шт., вартість: 1200 грн., примітки: 11-15, з ранку в лікарні додано до БД користувачем [Сусло Тетяна].
[2024-12-05T10:26:03.456] [INFO] DataBase - У заявці Повірка від 5 грудня 2024 р. за адресою вул. Леонтовича Миколи, буд. 5, кв. 33 додано виконавця ЗАПЛАНОВАНІ та додано дату виконання 6 грудня 2024 р. користувачем [Сусло Тетяна].
[05-Dec-2024 10:26:18 Europe/Helsinki] EditDATA [INFO] Для заявки Повірка від 05.12.2024 користувачем [Сусло Тетяна] змінено примітки з 11-15, з ранку в лікарні на 11-15, з ранку в лікарні(договорений).
[05-Dec-2024 11:19:34 Europe/Helsinki] NewDATA [INFO] Нова заявка Повірка, адреса: вул. Шевчука 8, кв. 144, лічильники: БЕЗ НОМЕРА - 4 шт., вартість: 1200 грн., примітки: 13-17,пер.за час(можна і раніше) додано до БД користувачем [Коваль Людмила].
[2024-12-05T11:19:47.426] [INFO] DataBase - У заявці Повірка від 5 грудня 2024 р. за адресою вул. Шевчука, буд. 8, кв. 144 додано виконавця ЗАПЛАНОВАНІ та додано дату виконання 6 грудня 2024 р. користувачем [Коваль Людмила].
[05-Dec-2024 11:37:21 Europe/Helsinki] NewDATA [INFO] Нова заявка Заміна, адреса: вул. Мезенцева Юрія 87, кв. 69, лічильники: БЕЗ НОМЕРА - 1 шт., виконавець: Баранов, вартість: 1060 грн., примітки: 12-16, 1 гв додано до БД користувачем [Сусло Тетяна].
[2024-12-05T11:37:25.378] [INFO] DataBase - У заявці Заміна від 5 грудня 2024 р. за адресою вул. Мезенцева Юрія, буд. 87, кв. 69 додано дату виконання 6 грудня 2024 р. користувачем [Сусло Тетяна].
[05-Dec-2024 11:41:26 Europe/Helsinki] NewDATA [INFO] Нова адреса вул. Льотна, буд. 41, кв. 139, тел. +38 (093) 199-44-68 додана до БД користувачем [Сусло Тетяна].
[05-Dec-2024 11:42:20 Europe/Helsinki] NewDATA [INFO] Нова заявка Повірка, адреса: вул. Льотна 41, кв. 139, лічильники: БЕЗ НОМЕРА - 2 шт., вартість: 600 грн., примітки: 9-13, за 1 год, будуть приїзджати додано до БД користувачем [Сусло Тетяна].
[2024-12-05T11:42:23.868] [INFO] DataBase - У заявці Повірка від 5 грудня 2024 р. за адресою вул. Льотна, буд. 41, кв. 139 додано виконавця ЗАПЛАНОВАНІ та додано дату виконання 9 грудня 2024 р. користувачем [Сусло Тетяна].
[05-Dec-2024 12:22:46 Europe/Helsinki] NewDATA [INFO] Нова адреса вул. Захисників України, буд. 14, корп. Б, кв. 39, тел. +38 (098) 488-28-39 додана до БД користувачем [Сусло Тетяна].
[05-Dec-2024 12:23:14 Europe/Helsinki] NewDATA [INFO] Нова заявка Повірка, адреса: вул. Захисників України 14 корпус Б, кв. 39, лічильники: БЕЗ НОМЕРА - 1 шт., вартість: 300 грн., примітки: 10-14, за 30 хв додано до БД користувачем [Сусло Тетяна].
[2024-12-05T12:23:18.399] [INFO] DataBase - У заявці Повірка від 5 грудня 2024 р. за адресою вул. Захисників України, буд. 14, корп. Б, кв. 39 додано виконавця ЗАПЛАНОВАНІ та додано дату виконання 10 грудня 2024 р. користувачем [Сусло Тетяна].
[05-Dec-2024 12:23:31 Europe/Helsinki] DellTASK [INFO] Повірка від 29.07.2024 для адреси вул. Міхнюка Олега, буд. 47, корп. Б, кв. 1 для лічильника БЕЗ НОМЕРА - 1 шт. було відмінено користувачем [Сусло Тетяна] з коментарем: повтор.
[05-Dec-2024 12:23:43 Europe/Helsinki] DellTASK [INFO] Повірка від 26.06.2024 для адреси вул. Красносільського, буд. 79, кв. 46 для лічильника БЕЗ НОМЕРА - 2 шт. було відмінено користувачем [Сусло Тетяна] з коментарем: повтор.
[05-Dec-2024 12:47:06 Europe/Helsinki] NewDATA [INFO] Нова адреса вул. Незалежності, буд. 50, кв. 52, тел. +38 (098) 788-66-65 додана до БД користувачем [Сусло Тетяна].
[05-Dec-2024 12:48:23 Europe/Helsinki] NewDATA [INFO] Нова заявка Повірка, адреса: вул. Незалежності 50, кв. 52, лічильники: БЕЗ НОМЕРА - 2 шт., вартість: 600 грн., примітки: 8-9, передзвонити, договорений додано до БД користувачем [Сусло Тетяна].
[2024-12-05T12:48:29.390] [INFO] DataBase - У заявці Повірка від 5 грудня 2024 р. за адресою вул. Незалежності, буд. 50, кв. 52 додано виконавця ЗАПЛАНОВАНІ та додано дату виконання 6 грудня 2024 р. користувачем [Сусло Тетяна].
[05-Dec-2024 12:48:36 Europe/Helsinki] EditDATA [INFO] Для заявки Повірка від 27.11.2024 користувачем [Сусло Тетяна] змінено виконавця з ЗАПЛАНОВАНІ на Шкуліпа.
[05-Dec-2024 12:48:47 Europe/Helsinki] EditDATA [INFO] Для заявки Повірка від 05.12.2024 користувачем [Сусло Тетяна] змінено виконавця з ЗАПЛАНОВАНІ на Шкуліпа.
[05-Dec-2024 12:58:04 Europe/Helsinki] EditDATA [INFO] Для заявки Повірка від 27.11.2024 користувачем [Коваль Людмила] змінено виконавця з ЗАПЛАНОВАНІ на Богомаз.
[05-Dec-2024 12:58:17 Europe/Helsinki] EditDATA [INFO] Для заявки Повірка від 05.12.2024 користувачем [Коваль Людмила] змінено виконавця з ЗАПЛАНОВАНІ на Шкуліпа.
[05-Dec-2024 12:58:27 Europe/Helsinki] EditDATA [INFO] Для заявки Повірка від 05.12.2024 користувачем [Коваль Людмила] змінено виконавця з ЗАПЛАНОВАНІ на Шкуліпа.
[05-Dec-2024 12:58:38 Europe/Helsinki] EditDATA [INFO] Для заявки Повірка від 04.12.2024 користувачем [Коваль Людмила] змінено виконавця з ЗАПЛАНОВАНІ на Шкуліпа.
[05-Dec-2024 12:59:36 Europe/Helsinki] EditDATA [INFO] Для заявки Повірка від 05.12.2024 користувачем [Коваль Людмила] змінено виконавця з ЗАПЛАНОВАНІ на Богомаз.
[05-Dec-2024 12:59:46 Europe/Helsinki] EditDATA [INFO] Для заявки Повірка від 03.12.2024 користувачем [Коваль Людмила] змінено виконавця з ЗАПЛАНОВАНІ на Богомаз.
[05-Dec-2024 12:59:56 Europe/Helsinki] EditDATA [INFO] Для заявки Повірка від 03.12.2024 користувачем [Коваль Людмила] змінено виконавця з ЗАПЛАНОВАНІ на Богомаз.
[05-Dec-2024 13:04:12 Europe/Helsinki] EditDATA [INFO] Для заявки Повірка від 04.12.2024 користувачем [Коваль Людмила] змінено виконавця з Сірий на Ващенко.
[05-Dec-2024 13:31:48 Europe/Helsinki] EditDATA [INFO] За адресою вул. Захисників України 8, кв. 28 користувачем [Сміян Альона] змінені номери телефонів з +38(073)076-98-13, +38(0462)67-15-64 на +38(068)070-49-91, при створенні нової заявки [Заміна] від 05.12.2024.
[05-Dec-2024 13:31:48 Europe/Helsinki] NewDATA [INFO] Нова заявка Заміна, адреса: вул. Захисників України 8, кв. 28, лічильники: БЕЗ НОМЕРА - 1 шт., виконавець: Баранов, вартість: 1060 грн., примітки: 1г/в с/в 14-17 додано до БД користувачем [Сміян Альона].
[2024-12-05T13:31:55.844] [INFO] DataBase - У заявці Заміна від 5 грудня 2024 р. за адресою вул. Захисників України, буд. 8, кв. 28 додано дату виконання 6 грудня 2024 р. користувачем [Сміян Альона].
[05-Dec-2024 13:47:01 Europe/Helsinki] EditDATA [INFO] За адресою вул. Незалежності 46, кв. 32 користувачем [Коваль Людмила] змінені номери телефонів з +38(095)211-86-28, +38(098)856-61-25, +38(063)025-91-88, +38(0462)61-77-33 на +38(095)897-26-48, при створенні нової заявки [Повірка] від 05.12.2024.
[05-Dec-2024 13:47:01 Europe/Helsinki] NewDATA [INFO] Нова заявка Повірка, адреса: вул. Незалежності 46, кв. 32, лічильники: БЕЗ НОМЕРА - 2 шт., вартість: 600 грн., примітки: 10-11 додано до БД користувачем [Коваль Людмила].
[2024-12-05T13:47:23.307] [INFO] DataBase - У заявці Повірка від 5 грудня 2024 р. за адресою вул. Незалежності, буд. 46, кв. 32 додано виконавця Шкуліпа та додано дату виконання 6 грудня 2024 р. користувачем [Коваль Людмила].
[05-Dec-2024 14:00:35 Europe/Helsinki] EditDATA [INFO] За адресою просп. Миру 52, кв. 77 користувачем [Коваль Людмила] змінені номери телефонів з +38(095)272-43-96, +38(096)412-29-41 на +38(095)272-43-96, +38(063)278-84-30, при створенні нової заявки [Повірка] від 05.12.2024.
[05-Dec-2024 14:00:35 Europe/Helsinki] NewDATA [INFO] Нова заявка Повірка, адреса: просп. Миру 52, кв. 77, лічильники: БЕЗ НОМЕРА - 3 шт., вартість: 900 грн., примітки: 8-10,13 поверх додано до БД користувачем [Коваль Людмила].
[2024-12-05T14:01:11.548] [INFO] DataBase - У заявці Повірка від 5 грудня 2024 р. за адресою просп. Миру, буд. 52, кв. 77 додано виконавця ЗАПЛАНОВАНІ та додано дату виконання 12 грудня 2024 р. користувачем [Коваль Людмила].
[05-Dec-2024 14:02:49 Europe/Helsinki] NewDATA [INFO] Нова заявка Заміна, адреса: просп. Миру 52, кв. 77, лічильники: БЕЗ НОМЕРА - 1 шт., вартість: 1060 грн., примітки: 8-10хол замін.на гарячу додано до БД користувачем [Коваль Людмила].
[2024-12-05T14:03:06.679] [INFO] DataBase - У заявці Заміна від 5 грудня 2024 р. за адресою просп. Миру, буд. 52, кв. 77 додано виконавця Баранов та додано дату виконання 12 грудня 2024 р. користувачем [Коваль Людмила].
[05-Dec-2024 14:04:57 Europe/Helsinki] NewDATA [INFO] Новий лічильник номер: 135157, тип: КВ-1,5 => DN 15, рік випуску: 2014, показники: 0, балансоутримувач: КП "ВДК" додано до БД користувачем [Коваль Людмила].
[05-Dec-2024 14:04:59 Europe/Helsinki] EditDATA [INFO] За адресою вул. Княжа, буд. 17, кв. 9 користувачем [Коваль Людмила] було додано лічильники: 135157].
[05-Dec-2024 14:05:40 Europe/Helsinki] NewDATA [INFO] Новий лічильник номер: 8424945, тип: ЛК => DN 15, рік випуску: 2018, показники: 0, балансоутримувач: КП "ВДК" додано до БД користувачем [Коваль Людмила].
[05-Dec-2024 14:05:42 Europe/Helsinki] EditDATA [INFO] За адресою вул. Князя Чорного, буд. 2, кв. 19 користувачем [Коваль Людмила] було додано лічильники: 8424945].
[05-Dec-2024 14:27:16 Europe/Helsinki] EditDATA [INFO] Для заявки Повірка від 03.12.2024 користувачем [Коваль Людмила] змінено виконавця з Шкуліпа на Богомаз.
[2024-12-05T14:27:35.228] [INFO] DataBase - У заявці Повірка від 3 грудня 2024 р. за адресою вул. Жабинського, буд. 2, корп. В, кв. 288 видалено дату виконання 4 грудня 2024 р. користувачем [Коваль Людмила].
[2024-12-05T14:27:41.332] [INFO] DataBase - У заявці Повірка від 3 грудня 2024 р. за адресою вул. Жабинського, буд. 2, корп. В, кв. 288 додано дату виконання 6 грудня 2024 р. користувачем [Коваль Людмила].
[05-Dec-2024 14:50:00 Europe/Helsinki] NewDATA [INFO] Нова заявка Заміна, адреса: вул. Громадська 19, кв. 21, лічильники: БЕЗ НОМЕРА - 1 шт., вартість: 1060 грн., примітки: гор.с/в ,8-13 додано до БД користувачем [Коваль Людмила].
[2024-12-05T14:50:17.065] [INFO] DataBase - У заявці Заміна від 5 грудня 2024 р. за адресою вул. Громадська, буд. 19, кв. 21 додано виконавця Баранов та додано дату виконання 6 грудня 2024 р. користувачем [Коваль Людмила].
[05-Dec-2024 14:50:37 Europe/Helsinki] EditDATA [INFO] Для заявки Заміна від 05.12.2024 користувачем [Коваль Людмила] змінено примітки з гор.с/в ,8-13 на гор.с/в ,8-13,№181229766.
[05-Dec-2024 15:32:03 Europe/Helsinki] EditDATA [INFO] За адресою вул. Генерала Пухова 144, кв. 127 користувачем [Сусло Тетяна] змінені номери телефонів з +38(0462)62-80-16, +38(093)224-43-13 на +38(066)548-78-44, при створенні нової заявки [Повірка] від 05.12.2024.
[05-Dec-2024 15:32:03 Europe/Helsinki] NewDATA [INFO] Нова заявка Повірка, адреса: вул. Генерала Пухова 144, кв. 127, лічильники: БЕЗ НОМЕРА - 2 шт., вартість: 600 грн., примітки: 8-13, за 30 хв, домофон кв. 126 додано до БД користувачем [Сусло Тетяна].
[2024-12-05T15:32:08.554] [INFO] DataBase - У заявці Повірка від 5 грудня 2024 р. за адресою вул. Генерала Пухова, буд. 144, кв. 127 додано виконавця ЗАПЛАНОВАНІ та додано дату виконання 9 грудня 2024 р. користувачем [Сусло Тетяна].
[05-Dec-2024 16:03:40 Europe/Helsinki] EditDATA [INFO] За адресою вул. Льотна 22, кв. 92 користувачем [Коваль Людмила] змінені номери телефонів з +38(067)427-54-54 на +38(097)447-27-80, при створенні нової заявки [Повірка] від 05.12.2024.
[05-Dec-2024 16:03:40 Europe/Helsinki] NewDATA [INFO] Нова заявка Повірка, адреса: вул. Льотна 22, кв. 92, лічильники: БЕЗ НОМЕРА - 1 шт., вартість: 300 грн., примітки: 9-13,пер.за 30 хв. додано до БД користувачем [Коваль Людмила].
[2024-12-05T16:03:57.292] [INFO] DataBase - У заявці Повірка від 5 грудня 2024 р. за адресою вул. Льотна, буд. 22, кв. 92 додано виконавця ЗАПЛАНОВАНІ та додано дату виконання 9 грудня 2024 р. користувачем [Коваль Людмила].
[05-Dec-2024 16:34:38 Europe/Helsinki] NewDATA [INFO] Нова адреса вул. Незалежності, буд. 80, кв. 28, тел. +38 (066) 202-08-23 додана до БД користувачем [Коваль Людмила].
[05-Dec-2024 16:35:20 Europe/Helsinki] NewDATA [INFO] Нова заявка Повірка, адреса: вул. Незалежності 80, кв. 28, лічильники: БЕЗ НОМЕРА - 2 шт., вартість: 600 грн., примітки: 9-13 додано до БД користувачем [Коваль Людмила].
[2024-12-05T16:35:35.173] [INFO] DataBase - У заявці Повірка від 5 грудня 2024 р. за адресою вул. Незалежності, буд. 80, кв. 28 додано виконавця ЗАПЛАНОВАНІ та додано дату виконання 6 грудня 2024 р. користувачем [Коваль Людмила].
[05-Dec-2024 16:35:39 Europe/Helsinki] EditDATA [INFO] Для заявки Повірка від 05.12.2024 користувачем [Коваль Людмила] змінено виконавця з ЗАПЛАНОВАНІ на Шкуліпа.

