[14-May-2025 09:03:05 Europe/Helsinki] NewDATA [INFO] Нова адреса вул. Дніпровська, буд. 6, кв. 36, тел. +38 (063) 174-38-41 додана до БД користувачем [Сусло Тетяна].
[14-May-2025 09:03:47 Europe/Helsinki] NewDATA [INFO] Нова заявка Заміна, адреса: вул. Дніпровська 6, кв. 36, лічильники: БЕЗ НОМЕРА - 1 шт., виконавець: Баранов, вартість: 1100 грн., примітки: після 12.00, за 30 хв, 1гв, туалет додано до БД користувачем [Сусло Тетяна].
[2025-05-14T09:03:49.994] [INFO] DataBase - У заявці Заміна від 14 травня 2025 р. за адресою вул. Дніпровська, буд. 6, кв. 36 додано дату виконання 22 травня 2025 р. користувачем [Сусло Тетяна].
[14-May-2025 09:04:37 Europe/Helsinki] NewDATA [INFO] Нова заявка Заміна, адреса: просп. Миру 80, кв. 130, лічильники: БЕЗ НОМЕРА - 1 шт., виконавець: Баранов, вартість: 1100 грн., примітки: 8-13, 1гв, туалет додано до БД користувачем [Сусло Тетяна].
[2025-05-14T09:04:41.555] [INFO] DataBase - У заявці Заміна від 14 травня 2025 р. за адресою просп. Миру, буд. 80, кв. 130 додано дату виконання 21 травня 2025 р. користувачем [Сусло Тетяна].
[14-May-2025 09:05:23 Europe/Helsinki] NewDATA [INFO] Нова заявка Заміна, адреса: вул. Всіхсвятська 10 корпус А, кв. 27, лічильники: 6662564, виконавець: Баранов, вартість: 400 грн., примітки: 13-17, 1 хв додано до БД користувачем [Сусло Тетяна].
[2025-05-14T09:05:29.404] [INFO] DataBase - У заявці Заміна від 14 травня 2025 р. за адресою вул. Всіхсвятська, буд. 10, корп. А, кв. 27 додано дату виконання 15 травня 2025 р. користувачем [Сусло Тетяна].
[14-May-2025 09:06:10 Europe/Helsinki] EditDATA [INFO] Для заявки Заміна від 14.05.2025 користувачем [Сусло Тетяна] змінено примітки з 13-17, 1 хв на 13-17, 1 хв, №6662564.
[14-May-2025 09:08:17 Europe/Helsinki] EditDATA [INFO] За адресою вул. Савчука 7, кв. 29 користувачем [Сусло Тетяна] змінені номери телефонів з +38(095)547-28-33 на +38(095)701-67-54, +38(095)547-28-33, при створенні нової заявки [Повірка] від 14.05.2025.
[14-May-2025 09:08:17 Europe/Helsinki] NewDATA [INFO] Нова заявка Повірка, адреса: вул. Савчука 7, кв. 29, лічильники: БЕЗ НОМЕРА - 4 шт., вартість: 1200 грн., примітки: 8-9, дом. не працює додано до БД користувачем [Сусло Тетяна].
[2025-05-14T09:08:22.278] [INFO] DataBase - У заявці Повірка від 14 травня 2025 р. за адресою вул. Савчука, буд. 7, кв. 29 додано виконавця ЗАПЛАНОВАНІ та додано дату виконання 19 травня 2025 р. користувачем [Сусло Тетяна].
[14-May-2025 09:15:05 Europe/Helsinki] DellTASK [INFO] Повірка від 12.05.2025 для адреси вул. Генерала Пухова, буд. 119, кв. 3 для лічильника БЕЗ НОМЕРА - 1 шт. було завершено користувачем [Коваль Людмила] з коментарем: виконано.
[14-May-2025 09:15:46 Europe/Helsinki] DellTASK [INFO] Повірка від 12.05.2025 для адреси вул. Доценка, буд. 24, кв. 116 для лічильника БЕЗ НОМЕРА - 2 шт. було завершено користувачем [Коваль Людмила] з коментарем: виконано.
[14-May-2025 09:16:00 Europe/Helsinki] DellTASK [INFO] Повірка від 12.05.2025 для адреси просп. Левка Лукяненка, буд. 45, кв. 19 для лічильника БЕЗ НОМЕРА - 1 шт. було завершено користувачем [Коваль Людмила] з коментарем: виконано.
[14-May-2025 09:16:14 Europe/Helsinki] DellTASK [INFO] Повірка від 12.05.2025 для адреси вул. Генерала Пухова, буд. 101, кв. 28 для лічильника БЕЗ НОМЕРА - 2 шт. було завершено користувачем [Коваль Людмила] з коментарем: виконано.
[14-May-2025 09:16:33 Europe/Helsinki] DellTASK [INFO] Повірка від 12.05.2025 для адреси вул. Космонавтів, буд. 8, кв. 1 для лічильника БЕЗ НОМЕРА - 1 шт. було завершено користувачем [Коваль Людмила] з коментарем: виконано.
[14-May-2025 09:16:49 Europe/Helsinki] DellTASK [INFO] Повірка від 12.05.2025 для адреси вул. Чорновола Вячеслава, буд. 4, кв. 144 для лічильника БЕЗ НОМЕРА - 1 шт. було завершено користувачем [Коваль Людмила] з коментарем: виконано.
[14-May-2025 09:17:05 Europe/Helsinki] DellTASK [INFO] Повірка від 09.05.2025 для адреси вул. 1-ї Гвардійської Армії, буд. 4, кв. 102 для лічильника БЕЗ НОМЕРА - 2 шт. було завершено користувачем [Коваль Людмила] з коментарем: виконано.
[14-May-2025 09:17:22 Europe/Helsinki] DellTASK [INFO] Повірка від 09.05.2025 для адреси вул. Богуна Івана, буд. 40, кв. 93 для лічильника БЕЗ НОМЕРА - 2 шт. було завершено користувачем [Коваль Людмила] з коментарем: виконано.
[14-May-2025 09:17:35 Europe/Helsinki] DellTASK [INFO] Повірка від 08.05.2025 для адреси вул. Чорновола Вячеслава, буд. 15, кв. 108 для лічильника БЕЗ НОМЕРА - 2 шт. було завершено користувачем [Коваль Людмила] з коментарем: виконано.
[14-May-2025 09:17:51 Europe/Helsinki] DellTASK [INFO] Повірка від 08.05.2025 для адреси вул. Пирогова, буд. 22, корп. А, кв. 39 для лічильника БЕЗ НОМЕРА - 2 шт. було завершено користувачем [Коваль Людмила] з коментарем: виконано.
[14-May-2025 09:18:05 Europe/Helsinki] DellTASK [INFO] Повірка від 23.04.2025 для адреси вул. Богуна Івана, буд. 51, кв. 102 для лічильника БЕЗ НОМЕРА - 1 шт. було завершено користувачем [Коваль Людмила] з коментарем: виконано.
[2025-05-14T09:28:00.114] [INFO] DataBase - У заявці Повірка від 9 травня 2025 р. за адресою вул. Мстиславська, буд. 47, кв. 10 видалено дату виконання 14 травня 2025 р. користувачем [Сусло Тетяна].
[2025-05-14T09:28:12.395] [INFO] DataBase - У заявці Повірка від 9 травня 2025 р. за адресою вул. Мстиславська, буд. 47, кв. 10 додано дату виконання 30 травня 2025 р. користувачем [Сусло Тетяна].
[14-May-2025 09:28:21 Europe/Helsinki] EditDATA [INFO] Для заявки Повірка від 09.05.2025 користувачем [Сусло Тетяна] змінено виконавця з Шкуліпа на ЗАПЛАНОВАНІ.
[14-May-2025 09:29:42 Europe/Helsinki] EditDATA [INFO] Для заявки Повірка від 13.05.2025 користувачем [Сусло Тетяна] змінено примітки з за 1,5 год на за 1,5 год(посадова особа).
[14-May-2025 09:43:31 Europe/Helsinki] NewDATA [INFO] Нова адреса вул. Всіхсвятська, буд. 12, корп. А, кв. 33, тел. +38 (067) 695-26-33 додана до БД користувачем [Коваль Людмила].
[14-May-2025 09:44:11 Europe/Helsinki] NewDATA [INFO] Нова заявка Повірка, адреса: вул. Всіхсвятська 12 корпус А, кв. 33, лічильники: БЕЗ НОМЕРА - 1 шт., вартість: 300 грн., примітки: хол.13-17 додано до БД користувачем [Коваль Людмила].
[2025-05-14T09:44:18.435] [INFO] DataBase - У заявці Повірка від 14 травня 2025 р. за адресою вул. Всіхсвятська, буд. 12, корп. А, кв. 33 додано виконавця ЗАПЛАНОВАНІ та додано дату виконання 16 травня 2025 р. користувачем [Коваль Людмила].
[14-May-2025 09:45:05 Europe/Helsinki] NewDATA [INFO] Нова адреса просп. Миру, буд. 65, кв. 107, тел. +38 (097) 953-59-02 додана до БД користувачем [Коваль Людмила].
[14-May-2025 09:45:54 Europe/Helsinki] NewDATA [INFO] Нова заявка Повірка, адреса: просп. Миру 65, кв. 107, лічильники: БЕЗ НОМЕРА - 4 шт., вартість: 1200 грн., примітки: 8-13,(04.06 пер.уточн) додано до БД користувачем [Коваль Людмила].
[2025-05-14T09:46:00.124] [INFO] DataBase - У заявці Повірка від 14 травня 2025 р. за адресою просп. Миру, буд. 65, кв. 107 додано виконавця ЗАПЛАНОВАНІ та додано дату виконання 5 червня 2025 р. користувачем [Коваль Людмила].
[14-May-2025 09:46:41 Europe/Helsinki] NewDATA [INFO] Нова адреса вул. Богуна Івана, буд. 51, кв. 112, тел. +38 (063) 613-63-51 додана до БД користувачем [Коваль Людмила].
[14-May-2025 09:51:00 Europe/Helsinki] NewDATA [INFO] Нова заявка Повірка, адреса: вул. Богуна Івана 51, кв. 112, лічильники: БЕЗ НОМЕРА - 2 шт., вартість: 600 грн., примітки: 8-13 додано до БД користувачем [Коваль Людмила].
[2025-05-14T09:51:08.466] [INFO] DataBase - У заявці Повірка від 14 травня 2025 р. за адресою вул. Богуна Івана, буд. 51, кв. 112 додано виконавця ЗАПЛАНОВАНІ та додано дату виконання 30 травня 2025 р. користувачем [Коваль Людмила].
[14-May-2025 09:53:18 Europe/Helsinki] NewDATA [INFO] Нова адреса вул. Космонавтів, буд. 8, кв. 50, тел. +38 (096) 082-22-86 додана до БД користувачем [Коваль Людмила].
[14-May-2025 09:53:51 Europe/Helsinki] NewDATA [INFO] Нова заявка Заміна, адреса: вул. Космонавтів 8, кв. 50, лічильники: БЕЗ НОМЕРА - 1 шт., вартість: 400 грн., примітки: 8-13,гор.с/в додано до БД користувачем [Коваль Людмила].
[2025-05-14T09:53:56.092] [INFO] DataBase - У заявці Заміна від 14 травня 2025 р. за адресою вул. Космонавтів, буд. 8, кв. 50 додано виконавця Баранов та додано дату виконання 20 травня 2025 р. користувачем [Коваль Людмила].
[14-May-2025 09:54:34 Europe/Helsinki] NewDATA [INFO] Нова адреса вул. Самоквасова Дмитра, буд. 15, кв. 16, тел. +38 (067) 882-49-29 додана до БД користувачем [Коваль Людмила].
[14-May-2025 09:55:06 Europe/Helsinki] NewDATA [INFO] Нова заявка Повірка, адреса: вул. Самоквасова Дмитра 15, кв. 16, лічильники: БЕЗ НОМЕРА - 1 шт., вартість: 300 грн., примітки: 8-13,пер.за час додано до БД користувачем [Коваль Людмила].
[2025-05-14T09:55:12.458] [INFO] DataBase - У заявці Повірка від 14 травня 2025 р. за адресою вул. Самоквасова Дмитра, буд. 15, кв. 16 додано виконавця ЗАПЛАНОВАНІ та додано дату виконання 28 травня 2025 р. користувачем [Коваль Людмила].
[14-May-2025 09:56:18 Europe/Helsinki] NewDATA [INFO] Новий лічильник номер: 067772, тип: КВ-1,5 => DN 15, рік випуску: 2009, показники: 0, балансоутримувач: КП "ВДК" додано до БД користувачем [Коваль Людмила].
[14-May-2025 09:56:20 Europe/Helsinki] EditDATA [INFO] За адресою просп. Левка Лукяненка, буд. 45, кв. 19 користувачем [Коваль Людмила] було додано лічильники: 067772].
[14-May-2025 09:56:58 Europe/Helsinki] NewDATA [INFO] Новий лічильник номер: 519490, тип: КВ-1,5 => DN 15, рік випуску: 2004, показники: 0, балансоутримувач: АТ "ОТКЕ" додано до БД користувачем [Коваль Людмила].
[14-May-2025 09:56:59 Europe/Helsinki] EditDATA [INFO] За адресою вул. Космонавтів, буд. 8, кв. 1 користувачем [Коваль Людмила] було додано лічильники: 519490].
[14-May-2025 09:57:38 Europe/Helsinki] NewDATA [INFO] Новий лічильник номер: 067656, тип: КВ-1,5 => DN 15, рік випуску: 2016, показники: 0, балансоутримувач: КП "ВДК" додано до БД користувачем [Коваль Людмила].
[14-May-2025 09:58:00 Europe/Helsinki] NewDATA [INFO] Новий лічильник номер: 309746, тип: КВ-1,5 => DN 15, рік випуску: 2016, показники: 0, балансоутримувач: АТ "ОТКЕ" додано до БД користувачем [Коваль Людмила].
[14-May-2025 09:58:02 Europe/Helsinki] EditDATA [INFO] За адресою вул. Доценка, буд. 24, кв. 116 користувачем [Коваль Людмила] було додано лічильники: 067656, 309746].
[14-May-2025 09:58:39 Europe/Helsinki] NewDATA [INFO] Новий лічильник номер: 735796, тип: КВ-1,5 => DN 15, рік випуску: 2003, показники: 0, балансоутримувач: КП "ВДК" додано до БД користувачем [Коваль Людмила].
[14-May-2025 09:58:59 Europe/Helsinki] NewDATA [INFO] Новий лічильник номер: 098213, тип: КВ-1,5 => DN 15, рік випуску: 2004, показники: 0, балансоутримувач: АТ "ОТКЕ" додано до БД користувачем [Коваль Людмила].
[14-May-2025 09:59:01 Europe/Helsinki] EditDATA [INFO] За адресою вул. Генерала Пухова, буд. 119, кв. 3 користувачем [Коваль Людмила] було додано лічильники: 735796, 098213].
[14-May-2025 09:59:53 Europe/Helsinki] NewDATA [INFO] Новий лічильник номер: 246385, тип: КВ-1,5 => DN 15, рік випуску: 2001, показники: 0, балансоутримувач: КП "ВДК" додано до БД користувачем [Коваль Людмила].
[14-May-2025 10:00:14 Europe/Helsinki] NewDATA [INFO] Новий лічильник номер: 246395, тип: КВ-1,5 => DN 15, рік випуску: 2001, показники: 0, балансоутримувач: АТ "ОТКЕ" додано до БД користувачем [Коваль Людмила].
[14-May-2025 10:00:16 Europe/Helsinki] EditDATA [INFO] За адресою вул. Генерала Пухова, буд. 101, кв. 28 користувачем [Коваль Людмила] було додано лічильники: 246385, 246395].
[14-May-2025 10:00:54 Europe/Helsinki] NewDATA [INFO] Новий лічильник номер: 560809, тип: КВ-1,5 => DN 15, рік випуску: 2006, показники: 0, балансоутримувач: КП "ВДК" додано до БД користувачем [Коваль Людмила].
[14-May-2025 10:01:14 Europe/Helsinki] NewDATA [INFO] Новий лічильник номер: 529524, тип: КВ-1,5 => DN 15, рік випуску: 2006, показники: 0, балансоутримувач: КП "ТКЕ" додано до БД користувачем [Коваль Людмила].
[14-May-2025 10:01:16 Europe/Helsinki] EditDATA [INFO] За адресою вул. Пирогова, буд. 22, корп. А, кв. 39 користувачем [Коваль Людмила] було додано лічильники: 560809, 529524].
[14-May-2025 12:34:01 Europe/Helsinki] NewDATA [INFO] Нова адреса вул. Корольова, буд. 12, корп. Б, кв. 30, тел. +38 (096) 779-30-75 додана до БД користувачем [Сусло Тетяна].
[14-May-2025 12:34:22 Europe/Helsinki] NewDATA [INFO] Нова заявка Повірка, адреса: вул. Корольова 12 корпус Б, кв. 30, лічильники: БЕЗ НОМЕРА - 1 шт., вартість: 300 грн., примітки: 8-12 додано до БД користувачем [Сусло Тетяна].
[2025-05-14T12:36:04.517] [INFO] DataBase - У заявці Повірка від 14 травня 2025 р. за адресою вул. Корольова, буд. 12, корп. Б, кв. 30 додано виконавця ЗАПЛАНОВАНІ та додано дату виконання 15 травня 2025 р. користувачем [Сусло Тетяна].
[14-May-2025 12:37:00 Europe/Helsinki] EditDATA [INFO] За адресою вул. Волковича 2, кв. 13 користувачем [Сусло Тетяна] змінені номери телефонів з +38(067)113-90-67 на +38(068)376-44-17, при створенні нової заявки [Повірка] від 14.05.2025.
[14-May-2025 12:37:00 Europe/Helsinki] NewDATA [INFO] Нова заявка Повірка, адреса: вул. Волковича 2, кв. 13, лічильники: БЕЗ НОМЕРА - 4 шт., вартість: 1200 грн., примітки: 13-17, за 1 год додано до БД користувачем [Сусло Тетяна].
[2025-05-14T12:37:04.859] [INFO] DataBase - У заявці Повірка від 14 травня 2025 р. за адресою вул. Волковича, буд. 2, кв. 13 додано виконавця ЗАПЛАНОВАНІ та додано дату виконання 15 травня 2025 р. користувачем [Сусло Тетяна].
[14-May-2025 12:38:07 Europe/Helsinki] NewDATA [INFO] Нова заявка Повірка, адреса: вул. Павлова Академіка 19, кв. 76, лічильники: БЕЗ НОМЕРА - 2 шт., вартість: 600 грн., примітки: 8-12 додано до БД користувачем [Сусло Тетяна].
[2025-05-14T12:38:12.111] [INFO] DataBase - У заявці Повірка від 14 травня 2025 р. за адресою вул. Павлова Академіка, буд. 19, кв. 76 додано виконавця ЗАПЛАНОВАНІ та додано дату виконання 16 травня 2025 р. користувачем [Сусло Тетяна].
[14-May-2025 12:39:00 Europe/Helsinki] NewDATA [INFO] Нова адреса вул. Дніпровська, буд. 31, кв. 35, тел. +38 (093) 818-48-25 додана до БД користувачем [Сусло Тетяна].
[14-May-2025 12:39:23 Europe/Helsinki] NewDATA [INFO] Нова заявка Повірка, адреса: вул. Дніпровська 31, кв. 35, лічильники: БЕЗ НОМЕРА - 2 шт., вартість: 600 грн., примітки: 13-17 додано до БД користувачем [Сусло Тетяна].
[2025-05-14T12:39:29.218] [INFO] DataBase - У заявці Повірка від 14 травня 2025 р. за адресою вул. Дніпровська, буд. 31, кв. 35 додано виконавця ЗАПЛАНОВАНІ та додано дату виконання 28 травня 2025 р. користувачем [Сусло Тетяна].
[14-May-2025 12:40:49 Europe/Helsinki] EditDATA [INFO] За адресою вул. Дніпровська 31, кв. 36 користувачем [Сусло Тетяна] змінені номери телефонів з +38(093)033-70-23, +38(0462)62-40-70 на +38(093)818-48-25, при створенні нової заявки [Повірка] від 14.05.2025.
[14-May-2025 12:40:49 Europe/Helsinki] NewDATA [INFO] Нова заявка Повірка, адреса: вул. Дніпровська 31, кв. 36, лічильники: БЕЗ НОМЕРА - 4 шт., вартість: 1200 грн., примітки: 13-17 додано до БД користувачем [Сусло Тетяна].
[2025-05-14T12:40:53.232] [INFO] DataBase - У заявці Повірка від 14 травня 2025 р. за адресою вул. Дніпровська, буд. 31, кв. 36 додано виконавця ЗАПЛАНОВАНІ та додано дату виконання 28 травня 2025 р. користувачем [Сусло Тетяна].
[14-May-2025 12:41:47 Europe/Helsinki] EditDATA [INFO] За адресою вул. Савчука 7, кв. 145 користувачем [Сусло Тетяна] змінені номери телефонів з +38(063)116-01-53, +38(0462)62-07-75 на +38(093)546-00-94, при створенні нової заявки [Повірка] від 14.05.2025.
[14-May-2025 12:41:47 Europe/Helsinki] NewDATA [INFO] Нова заявка Повірка, адреса: вул. Савчука 7, кв. 145, лічильники: БЕЗ НОМЕРА - 4 шт., вартість: 1200 грн., примітки: 8-12, за 30 хв додано до БД користувачем [Сусло Тетяна].
[2025-05-14T12:41:50.481] [INFO] DataBase - У заявці Повірка від 14 травня 2025 р. за адресою вул. Савчука, буд. 7, кв. 145 додано виконавця ЗАПЛАНОВАНІ та додано дату виконання 19 травня 2025 р. користувачем [Сусло Тетяна].
[14-May-2025 12:42:32 Europe/Helsinki] NewDATA [INFO] Нова заявка Повірка, адреса: вул. Мстиславська 45, кв. 30, лічильники: БЕЗ НОМЕРА - 1 шт., вартість: 300 грн., примітки: 8-13, за 30 хв додано до БД користувачем [Сусло Тетяна].
[2025-05-14T12:42:39.523] [INFO] DataBase - У заявці Повірка від 14 травня 2025 р. за адресою вул. Мстиславська, буд. 45, кв. 30 додано виконавця ЗАПЛАНОВАНІ та додано дату виконання 5 червня 2025 р. користувачем [Сусло Тетяна].
[14-May-2025 12:42:52 Europe/Helsinki] EditDATA [INFO] Для заявки Повірка від 14.05.2025 користувачем [Сусло Тетяна] змінено примітки з 8-13, за 30 хв на 8-13, за 30 хв, 1 гв.
[14-May-2025 12:43:36 Europe/Helsinki] NewDATA [INFO] Нова адреса просп. Левка Лукяненка, буд. 30, кв. 101, тел. +38 (095) 473-95-92 додана до БД користувачем [Сусло Тетяна].
[14-May-2025 12:44:08 Europe/Helsinki] NewDATA [INFO] Нова заявка Повірка, адреса: просп. Левка Лукяненка 30, кв. 101, лічильники: БЕЗ НОМЕРА - 4 шт., вартість: 1200 грн., примітки: 13-17, за 30 хв додано до БД користувачем [Сусло Тетяна].
[2025-05-14T12:44:11.974] [INFO] DataBase - У заявці Повірка від 14 травня 2025 р. за адресою просп. Левка Лукяненка, буд. 30, кв. 101 додано виконавця ЗАПЛАНОВАНІ та додано дату виконання 26 травня 2025 р. користувачем [Сусло Тетяна].
[14-May-2025 12:45:09 Europe/Helsinki] NewDATA [INFO] Нова адреса вул. Самоквасова Дмитра, буд. 7, кв. 37, тел. +38 (068) 070-24-81 додана до БД користувачем [Сусло Тетяна].
[14-May-2025 12:45:40 Europe/Helsinki] NewDATA [INFO] Нова заявка Повірка, адреса: вул. Самоквасова Дмитра 7, кв. 37, лічильники: БЕЗ НОМЕРА - 2 шт., вартість: 600 грн., примітки: 8-13, за 15 хв додано до БД користувачем [Сусло Тетяна].
[2025-05-14T12:45:44.251] [INFO] DataBase - У заявці Повірка від 14 травня 2025 р. за адресою вул. Самоквасова Дмитра, буд. 7, кв. 37 додано виконавця ЗАПЛАНОВАНІ та додано дату виконання 28 травня 2025 р. користувачем [Сусло Тетяна].
[14-May-2025 12:47:56 Europe/Helsinki] EditDATA [INFO] Для заявки Повірка від 06.05.2025 користувачем [Коваль Людмила] змінено виконавця з ЗАПЛАНОВАНІ на Шкуліпа.
[14-May-2025 12:48:14 Europe/Helsinki] EditDATA [INFO] Для заявки Повірка від 29.04.2025 користувачем [Коваль Людмила] змінено виконавця з ЗАПЛАНОВАНІ на Шкуліпа.
[14-May-2025 12:48:29 Europe/Helsinki] EditDATA [INFO] Для заявки Повірка від 25.04.2025 користувачем [Коваль Людмила] змінено виконавця з ЗАПЛАНОВАНІ на Шкуліпа.
[14-May-2025 12:48:41 Europe/Helsinki] EditDATA [INFO] Для заявки Повірка від 22.04.2025 користувачем [Коваль Людмила] змінено виконавця з ЗАПЛАНОВАНІ на Шкуліпа.
[14-May-2025 12:48:55 Europe/Helsinki] EditDATA [INFO] Для заявки Повірка від 11.04.2025 користувачем [Коваль Людмила] змінено виконавця з ЗАПЛАНОВАНІ на Шкуліпа.
[14-May-2025 12:49:07 Europe/Helsinki] EditDATA [INFO] Для заявки Повірка від 14.05.2025 користувачем [Коваль Людмила] змінено виконавця з ЗАПЛАНОВАНІ на Шкуліпа.
[14-May-2025 12:49:33 Europe/Helsinki] EditDATA [INFO] Для заявки Повірка від 02.05.2025 користувачем [Коваль Людмила] змінено виконавця з ЗАПЛАНОВАНІ на Ващенко.
[14-May-2025 12:49:48 Europe/Helsinki] EditDATA [INFO] Для заявки Повірка від 25.04.2025 користувачем [Коваль Людмила] змінено виконавця з ЗАПЛАНОВАНІ на Ващенко.
[14-May-2025 12:49:57 Europe/Helsinki] EditDATA [INFO] Для заявки Повірка від 14.05.2025 користувачем [Коваль Людмила] змінено виконавця з ЗАПЛАНОВАНІ на Ващенко.
[14-May-2025 12:50:16 Europe/Helsinki] EditDATA [INFO] Для заявки Повірка від 05.05.2025 користувачем [Коваль Людмила] змінено виконавця з ЗАПЛАНОВАНІ на Сірий.
[14-May-2025 12:50:38 Europe/Helsinki] EditDATA [INFO] Для заявки Повірка від 02.05.2025 користувачем [Коваль Людмила] змінено виконавця з ЗАПЛАНОВАНІ на Сірий.
[14-May-2025 13:15:21 Europe/Helsinki] EditDATA [INFO] За адресою вул. Льотна 41, кв. 26 користувачем [Коваль Людмила] змінені номери телефонів з +38(067)586-52-66, +38(0462)69-14-44, +38(096)486-18-35 на +38(096)486-18-35, при створенні нової заявки [Повірка] від 14.05.2025.
[14-May-2025 13:15:21 Europe/Helsinki] NewDATA [INFO] Нова заявка Повірка, адреса: вул. Льотна 41, кв. 26, лічильники: БЕЗ НОМЕРА - 2 шт., вартість: 600 грн., примітки: 8-13 додано до БД користувачем [Коваль Людмила].
[2025-05-14T13:15:28.757] [INFO] DataBase - У заявці Повірка від 14 травня 2025 р. за адресою вул. Льотна, буд. 41, кв. 26 додано виконавця ЗАПЛАНОВАНІ та додано дату виконання 6 червня 2025 р. користувачем [Коваль Людмила].
[14-May-2025 13:16:12 Europe/Helsinki] NewDATA [INFO] Нова заявка Повірка, адреса: вул. Савчука 7 корпус А, кв. 25, лічильники: БЕЗ НОМЕРА - 1 шт., вартість: 300 грн., примітки: 9-13 додано до БД користувачем [Коваль Людмила].
[2025-05-14T13:16:17.975] [INFO] DataBase - У заявці Повірка від 14 травня 2025 р. за адресою вул. Савчука, буд. 7, корп. А, кв. 25 додано виконавця ЗАПЛАНОВАНІ та додано дату виконання 19 травня 2025 р. користувачем [Коваль Людмила].
[14-May-2025 13:18:24 Europe/Helsinki] NewDATA [INFO] Нова адреса вул. Волковича, буд. 5, кв. 26, тел. +38 (068) 107-19-80 додана до БД користувачем [Коваль Людмила].
[14-May-2025 13:19:08 Europe/Helsinki] NewDATA [INFO] Нова заявка Повірка, адреса: вул. Волковича 5, кв. 26, лічильники: БЕЗ НОМЕРА - 4 шт., вартість: 1200 грн., примітки: 15-17(попожже) додано до БД користувачем [Коваль Людмила].
[2025-05-14T13:19:15.480] [INFO] DataBase - У заявці Повірка від 14 травня 2025 р. за адресою вул. Волковича, буд. 5, кв. 26 додано виконавця ЗАПЛАНОВАНІ та додано дату виконання 15 травня 2025 р. користувачем [Коваль Людмила].
[14-May-2025 13:19:23 Europe/Helsinki] EditDATA [INFO] Для заявки Повірка від 14.05.2025 користувачем [Коваль Людмила] змінено виконавця з ЗАПЛАНОВАНІ на Шкуліпа.
[14-May-2025 13:20:00 Europe/Helsinki] NewDATA [INFO] Нова адреса просп. Перемоги, буд. 47, кв. 66, тел. +38 (068) 237-00-99 додана до БД користувачем [Коваль Людмила].
[14-May-2025 13:20:41 Europe/Helsinki] NewDATA [INFO] Нова заявка Повірка, адреса: просп. Перемоги 47, кв. 66, лічильники: БЕЗ НОМЕРА - 2 шт., вартість: 600 грн., примітки: на 8.00,пер.за 5 хв. додано до БД користувачем [Коваль Людмила].
[2025-05-14T13:20:49.569] [INFO] DataBase - У заявці Повірка від 14 травня 2025 р. за адресою просп. Перемоги, буд. 47, кв. 66 додано виконавця Шкуліпа та додано дату виконання 15 травня 2025 р. користувачем [Коваль Людмила].
[14-May-2025 13:22:51 Europe/Helsinki] EditDATA [INFO] Для заявки Повірка від 08.05.2025 користувачем [Коваль Людмила] змінено виконавця з ЗАПЛАНОВАНІ на Сірий.
[14-May-2025 13:23:01 Europe/Helsinki] EditDATA [INFO] Для заявки Повірка від 05.05.2025 користувачем [Коваль Людмила] змінено виконавця з ЗАПЛАНОВАНІ на Сірий.
[14-May-2025 13:23:11 Europe/Helsinki] EditDATA [INFO] Для заявки Повірка від 06.05.2025 користувачем [Коваль Людмила] змінено виконавця з ЗАПЛАНОВАНІ на Сірий.
[14-May-2025 13:23:23 Europe/Helsinki] EditDATA [INFO] Для заявки Повірка від 30.04.2025 користувачем [Коваль Людмила] змінено виконавця з ЗАПЛАНОВАНІ на Ващенко.
[14-May-2025 13:23:48 Europe/Helsinki] EditDATA [INFO] Для заявки Повірка від 02.05.2025 користувачем [Коваль Людмила] змінено виконавця з ЗАПЛАНОВАНІ на Сірий.
[14-May-2025 13:28:58 Europe/Helsinki] EditDATA [INFO] За адресою вул. курсанта Єськова 4, кв. 182 користувачем [Коваль Людмила] змінені номери телефонів з +38(063)438-94-95, +38(063)778-59-82 на +38(093)263-23-43, при створенні нової заявки [Повірка] від 14.05.2025.
[14-May-2025 13:28:58 Europe/Helsinki] NewDATA [INFO] Нова заявка Повірка, адреса: вул. курсанта Єськова 4, кв. 182, лічильники: БЕЗ НОМЕРА - 2 шт., вартість: 600 грн., примітки: пер.за час додано до БД користувачем [Коваль Людмила].
[2025-05-14T13:29:05.065] [INFO] DataBase - У заявці Повірка від 14 травня 2025 р. за адресою вул. курсанта Єськова, буд. 4, кв. 182 додано виконавця Шкуліпа та додано дату виконання 15 травня 2025 р. користувачем [Коваль Людмила].
[14-May-2025 13:31:08 Europe/Helsinki] DellTASK [INFO] Повірка від 06.05.2025 для адреси вул. Козацька, буд. 20, кв. 8 для лічильника БЕЗ НОМЕРА - 1 шт. було відмінено користувачем [Коваль Людмила] з коментарем: відмова.
[14-May-2025 13:45:36 Europe/Helsinki] EditDATA [INFO] Для заявки Повірка від 30.04.2025 користувачем [Коваль Людмила] змінено виконавця з ЗАПЛАНОВАНІ на Сірий.
[14-May-2025 13:45:47 Europe/Helsinki] EditDATA [INFO] Для заявки Повірка від 07.05.2025 користувачем [Коваль Людмила] змінено виконавця з ЗАПЛАНОВАНІ на Сірий.
[14-May-2025 13:46:01 Europe/Helsinki] EditDATA [INFO] Для заявки Повірка від 02.05.2025 користувачем [Коваль Людмила] змінено виконавця з ЗАПЛАНОВАНІ на Сірий.
[14-May-2025 13:46:18 Europe/Helsinki] EditDATA [INFO] Для заявки Повірка від 13.05.2025 користувачем [Коваль Людмила] змінено виконавця з ЗАПЛАНОВАНІ на Ващенко.
[14-May-2025 13:53:33 Europe/Helsinki] EditDATA [INFO] Для заявки Повірка від 06.05.2025 користувачем [Коваль Людмила] змінено виконавця з ЗАПЛАНОВАНІ на Ващенко.
[14-May-2025 13:53:43 Europe/Helsinki] EditDATA [INFO] Для заявки Повірка від 18.04.2025 користувачем [Коваль Людмила] змінено виконавця з ЗАПЛАНОВАНІ на Ващенко.
[14-May-2025 14:42:26 Europe/Helsinki] DellTASK [INFO] Повірка від 06.05.2025 для адреси вул. Доценка, буд. 28, кв. 98 для лічильника БЕЗ НОМЕРА - 2 шт. було відмінено користувачем [Коваль Людмила] з коментарем: відмова.немає води.
[14-May-2025 14:48:21 Europe/Helsinki] NewDATA [INFO] Новий лічильник номер: 037503, тип: КВ-1,5 => DN 15, рік випуску: 2009, показники: 0, балансоутримувач: КП "ВДК" додано до БД користувачем [Коваль Людмила].
[14-May-2025 14:49:00 Europe/Helsinki] NewDATA [INFO] Новий лічильник номер: 1200084331, тип: ЛК => DN 15, рік випуску: 2021, показники: 0, балансоутримувач: КП "ТКЕ" додано до БД користувачем [Коваль Людмила].
[14-May-2025 14:49:03 Europe/Helsinki] EditDATA [INFO] За адресою вул. Чорновола Вячеслава, буд. 15, кв. 108 користувачем [Коваль Людмила] було додано лічильники: 037503, 1200084331].
[14-May-2025 14:49:47 Europe/Helsinki] NewDATA [INFO] Новий лічильник номер: 436071, тип: КВ-1,5 => DN 15, рік випуску: 2001, показники: 0, балансоутримувач: КП "ВДК" додано до БД користувачем [Коваль Людмила].
[14-May-2025 14:49:48 Europe/Helsinki] EditDATA [INFO] За адресою вул. Богуна Івана, буд. 40, кв. 93 користувачем [Коваль Людмила] було додано лічильники: 436071].
[14-May-2025 15:04:15 Europe/Helsinki] EditDATA [INFO] Для заявки Повірка від 22.04.2025 користувачем [Коваль Людмила] змінено примітки з 8-13, за 30 хв на 11-13, за 30 хв.
[14-May-2025 15:07:27 Europe/Helsinki] NewDATA [INFO] Новий лічильник номер: 7090563, тип: ЛК => DN 15, рік випуску: 2017, показники: 0, балансоутримувач: КП "ТКЕ" додано до БД користувачем [Коваль Людмила].
[14-May-2025 15:07:29 Europe/Helsinki] EditDATA [INFO] За адресою вул. Чорновола Вячеслава, буд. 4, кв. 144 користувачем [Коваль Людмила] було додано лічильники: 7090563].
[14-May-2025 15:09:25 Europe/Helsinki] NewDATA [INFO] Новий лічильник номер: 12307799, тип: Sensus => DN 15, рік випуску: 2021, показники: 0, балансоутримувач: КП "ВДК" додано до БД користувачем [Коваль Людмила].
[14-May-2025 15:09:47 Europe/Helsinki] NewDATA [INFO] Новий лічильник номер: 12021949, тип: Sensus => DN 15, рік випуску: 2020, показники: 0, балансоутримувач: КП "ТКЕ" додано до БД користувачем [Коваль Людмила].
[14-May-2025 15:09:49 Europe/Helsinki] EditDATA [INFO] За адресою вул. 1-ї Гвардійської Армії, буд. 4, кв. 102 користувачем [Коваль Людмила] було додано лічильники: 12307799, 12021949].
[14-May-2025 15:10:56 Europe/Helsinki] NewDATA [INFO] Новий лічильник номер: 082689, тип: КВ-1,5 => DN 15, рік випуску: 2004, показники: 0, балансоутримувач: КП "ВДК" додано до БД користувачем [Коваль Людмила].
[14-May-2025 15:10:58 Europe/Helsinki] EditDATA [INFO] За адресою вул. Богуна Івана, буд. 51, кв. 102 користувачем [Коваль Людмила] було додано лічильники: 082689].
[14-May-2025 15:11:23 Europe/Helsinki] DellTASK [INFO] Повірка від 12.05.2025 для адреси вул. Дніпровська, буд. 10, кв. 55 для лічильника БЕЗ НОМЕРА - 2 шт. було завершено користувачем [Коваль Людмила] з коментарем: виконано.
[14-May-2025 15:11:36 Europe/Helsinki] DellTASK [INFO] Повірка від 09.05.2025 для адреси вул. Харківська, буд. 10, кв. 17 для лічильника БЕЗ НОМЕРА - 2 шт. було завершено користувачем [Коваль Людмила] з коментарем: виконано.
[14-May-2025 15:11:51 Europe/Helsinki] DellTASK [INFO] Повірка від 08.05.2025 для адреси вул. Тероборони, буд. 6, кв. 7 для лічильника БЕЗ НОМЕРА - 1 шт. було завершено користувачем [Коваль Людмила] з коментарем: виконано.
[14-May-2025 15:12:10 Europe/Helsinki] DellTASK [INFO] Повірка від 08.05.2025 для адреси вул. Тероборони, буд. 4, кв. 39 для лічильника БЕЗ НОМЕРА - 1 шт. було завершено користувачем [Коваль Людмила] з коментарем: виконано.
[14-May-2025 15:12:24 Europe/Helsinki] DellTASK [INFO] Повірка від 08.05.2025 для адреси просп. Перемоги, буд. 45, кв. 24 для лічильника БЕЗ НОМЕРА - 2 шт. було завершено користувачем [Коваль Людмила] з коментарем: виконано.
[14-May-2025 15:12:41 Europe/Helsinki] DellTASK [INFO] Повірка від 06.05.2025 для адреси просп. Перемоги, буд. 45, кв. 77 для лічильника БЕЗ НОМЕРА - 2 шт. було завершено користувачем [Коваль Людмила] з коментарем: виконано.
[14-May-2025 15:12:58 Europe/Helsinki] DellTASK [INFO] Повірка від 02.05.2025 для адреси вул. Попова, буд. 31, корп. Б, кв. 153 для лічильника БЕЗ НОМЕРА - 1 шт. було завершено користувачем [Коваль Людмила] з коментарем: виконано.
[14-May-2025 15:13:11 Europe/Helsinki] DellTASK [INFO] Повірка від 29.04.2025 для адреси вул. Попова, буд. 13, кв. 24 для лічильника БЕЗ НОМЕРА - 1 шт. було завершено користувачем [Коваль Людмила] з коментарем: виконано.
[14-May-2025 15:13:24 Europe/Helsinki] DellTASK [INFO] Повірка від 17.04.2025 для адреси вул. Дніпровська, буд. 35, кв. 33 для лічильника БЕЗ НОМЕРА - 2 шт. було завершено користувачем [Коваль Людмила] з коментарем: виконано.
[14-May-2025 15:14:03 Europe/Helsinki] NewDATA [INFO] Новий лічильник номер: 104639, тип: КВ-1,5 => DN 15, рік випуску: 2014, показники: 0, балансоутримувач: КП "ВДК" додано до БД користувачем [Коваль Людмила].
[14-May-2025 15:14:05 Europe/Helsinki] EditDATA [INFO] За адресою вул. Попова, буд. 31, корп. Б, кв. 153 користувачем [Коваль Людмила] було додано лічильники: 104639].
[14-May-2025 15:15:03 Europe/Helsinki] NewDATA [INFO] Новий лічильник номер: 101828344, тип: E-T 1,5-U => DN 15, рік випуску: 2012, показники: 0, балансоутримувач: КП "ВДК" додано до БД користувачем [Коваль Людмила].
[14-May-2025 15:15:05 Europe/Helsinki] EditDATA [INFO] За адресою вул. Попова, буд. 13, кв. 24 користувачем [Коваль Людмила] було додано лічильники: 101828344].
[14-May-2025 15:20:44 Europe/Helsinki] NewDATA [INFO] Новий лічильник номер: 08145007, тип: E-T 1,5-U => DN 15, рік випуску: 2008, показники: 0, балансоутримувач: КП "ТКЕ" додано до БД користувачем [Коваль Людмила].
[14-May-2025 15:20:52 Europe/Helsinki] EditDATA [INFO] За адресою вул. Дніпровська, буд. 35, кв. 33 користувачем [Коваль Людмила] було додано лічильники: 08145007].
[14-May-2025 15:21:03 Europe/Helsinki] EditDATA [INFO] Для лічильника 08145007 користувачем [Коваль Людмила] змінено температуру з Холодний на Гарячий.
[14-May-2025 15:21:33 Europe/Helsinki] NewDATA [INFO] Новий лічильник номер: 08145509, тип: E-T 1,5-U => DN 15, рік випуску: 2008, показники: 0, балансоутримувач: КП "ТКЕ" додано до БД користувачем [Коваль Людмила].
[14-May-2025 15:21:36 Europe/Helsinki] EditDATA [INFO] За адресою вул. Дніпровська, буд. 35, кв. 33 користувачем [Коваль Людмила] було додано лічильники: 08145509].
[14-May-2025 15:22:31 Europe/Helsinki] NewDATA [INFO] Новий лічильник номер: 077612, тип: КВ-1,5 => DN 15, рік випуску: 2021, показники: 0, балансоутримувач: КП "ВДК" додано до БД користувачем [Коваль Людмила].
[14-May-2025 15:23:03 Europe/Helsinki] NewDATA [INFO] Новий лічильник номер: 211364075, тип: СВК => DN 15, рік випуску: 2021, показники: 0, балансоутримувач: КП "ТКЕ" додано до БД користувачем [Коваль Людмила].
[14-May-2025 15:23:05 Europe/Helsinki] EditDATA [INFO] За адресою вул. Харківська, буд. 10, кв. 17 користувачем [Коваль Людмила] було додано лічильники: 077612, 211364075].
[14-May-2025 16:17:20 Europe/Helsinki] NewDATA [INFO] Нова адреса вул. курсанта Єськова, буд. 14, корп. 1, кв. 58, тел. +38 (093) 314-63-78 додана до БД користувачем [Сусло Тетяна].
[14-May-2025 16:17:56 Europe/Helsinki] NewDATA [INFO] Нова заявка Повірка, адреса: вул. курсанта Єськова 14 корпус 1, кв. 58, лічильники: БЕЗ НОМЕРА - 2 шт., вартість: 600 грн., примітки: 13-17, за 1 год додано до БД користувачем [Сусло Тетяна].
[2025-05-14T16:18:00.464] [INFO] DataBase - У заявці Повірка від 14 травня 2025 р. за адресою вул. курсанта Єськова, буд. 14, корп. 1, кв. 58 додано виконавця Шкуліпа та додано дату виконання 15 травня 2025 р. користувачем [Сусло Тетяна].
