[2024-08-16T07:46:28.530] [INFO] CRM WebSoket - NEW CONNECTION! [CHERNIGIV-ROUTE] User [Сусло Тетяна].
[2024-08-16T07:53:49.632] [INFO] CRM WebSoket - NEW CONNECTION! [CHERNIGIV-ROUTE] User [Сміян Альона].
[2024-08-16T07:57:28.654] [INFO] CRM WebSoket - CONNECTION CLOSED! [CHERNIGIV-ROUTE] User [Сусло Тетяна]. Connection time: 0h 11m 0s. ||| Code: 4000 - Server timeout => Сервер завершив зїєднання через неактивність користувача. | Reason: Server timeout.
[2024-08-16T08:05:32.668] [INFO] CRM WebSoket - NEW CONNECTION! [CHERNIGIV-METERS] User [Коваль Людмила].
[2024-08-16T08:07:50.594] [INFO] CRM WebSoket - NEW CONNECTION! [CHERNIGIV-ROUTE] User [Сусло Тетяна].
[2024-08-16T08:10:06.331] [INFO] CRM WebSoket - CONNECTION CLOSED! [CHERNIGIV-ROUTE] User [Коваль Людмила]. Connection time: 0h 4m 33s. ||| Code: 1001 - Going Away => Кінцева точка закривається, або через збій сервера, або через те, що браузер переходить від сторінки, яка відкрила з'єднання. | Reason: 
[2024-08-16T08:13:40.204] [INFO] CRM WebSoket - CONNECTION CLOSED! [CHERNIGIV-TASKS] User [Сміян Альона]. Connection time: 0h 19m 50s. ||| Code: 4000 - Server timeout => Сервер завершив зїєднання через неактивність користувача. | Reason: Server timeout.
[2024-08-16T08:33:18.127] [INFO] CRM WebSoket - NEW CONNECTION! [CHERNIGIV-METERS] User [Коваль Людмила].
[2024-08-16T08:36:34.944] [INFO] CRM WebSoket - CONNECTION CLOSED! [CHERNIGIV-METERS] User [Коваль Людмила]. Connection time: 0h 3m 16s. ||| Code: 1001 - Going Away => Кінцева точка закривається, або через збій сервера, або через те, що браузер переходить від сторінки, яка відкрила з'єднання. | Reason: 
[2024-08-16T08:39:05.066] [INFO] CRM WebSoket - NEW CONNECTION! [CHERNIGIV-METERS] User [Коваль Людмила].
[2024-08-16T08:43:56.991] [INFO] CRM WebSoket - CONNECTION CLOSED! [CHERNIGIV-ROUTE] User [Коваль Людмила]. Connection time: 0h 4m 51s. ||| Code: 1001 - Going Away => Кінцева точка закривається, або через збій сервера, або через те, що браузер переходить від сторінки, яка відкрила з'єднання. | Reason: 
[2024-08-16T08:45:37.871] [INFO] CRM WebSoket - NEW CONNECTION! [CHERNIGIV-METERS] User [Коваль Людмила].
[2024-08-16T08:50:13.680] [INFO] CRM WebSoket - NEW CONNECTION! [CHERNIGIV-TASKS] User [Сміян Альона].
[2024-08-16T08:54:16.094] [INFO] CRM WebSoket - CONNECTION CLOSED! [CHERNIGIV-ROUTE] User [Коваль Людмила]. Connection time: 0h 8m 38s. ||| Code: 1001 - Going Away => Кінцева точка закривається, або через збій сервера, або через те, що браузер переходить від сторінки, яка відкрила з'єднання. | Reason: 
[2024-08-16T08:54:22.439] [INFO] CRM WebSoket - NEW CONNECTION! [CHERNIGIV-METERS] User [Коваль Людмила].
[2024-08-16T08:57:35.074] [INFO] CRM WebSoket - CONNECTION CLOSED! [CHERNIGIV-ROUTE] User [Коваль Людмила]. Connection time: 0h 3m 12s. ||| Code: 1001 - Going Away => Кінцева точка закривається, або через збій сервера, або через те, що браузер переходить від сторінки, яка відкрила з'єднання. | Reason: 
[2024-08-16T09:02:13.777] [INFO] CRM WebSoket - NEW CONNECTION! [CHERNIGIV-METERS] User [Коваль Людмила].
[2024-08-16T09:02:53.021] [INFO] CRM WebSoket - CONNECTION CLOSED! [CHERNIGIV-ROUTE] User [Сміян Альона]. Connection time: 0h 12m 39s. ||| Code: 4000 - Server timeout => Сервер завершив зїєднання через неактивність користувача. | Reason: Server timeout.
[2024-08-16T09:07:32.441] [INFO] CRM WebSoket - CONNECTION CLOSED! [CHERNIGIV-ROUTE] User [Коваль Людмила]. Connection time: 0h 5m 18s. ||| Code: 1001 - Going Away => Кінцева точка закривається, або через збій сервера, або через те, що браузер переходить від сторінки, яка відкрила з'єднання. | Reason: 
[2024-08-16T09:26:39.312] [INFO] CRM WebSoket - NEW CONNECTION! [CHERNIGIV-METERS] User [Сміян Альона].
[2024-08-16T09:28:02.049] [INFO] CRM WebSoket - NEW CONNECTION! [CHERNIGIV-METERS] User [Коваль Людмила].
[2024-08-16T09:35:42.269] [INFO] CRM WebSoket - CONNECTION CLOSED! [CHERNIGIV-ROUTE] User [Коваль Людмила]. Connection time: 0h 7m 40s. ||| Code: 1001 - Going Away => Кінцева точка закривається, або через збій сервера, або через те, що браузер переходить від сторінки, яка відкрила з'єднання. | Reason: 
[2024-08-16T09:40:03.776] [INFO] CRM WebSoket - CONNECTION CLOSED! [CHERNIGIV-ROUTE] User [Сміян Альона]. Connection time: 0h 13m 24s. ||| Code: 4000 - Server timeout => Сервер завершив зїєднання через неактивність користувача. | Reason: Server timeout.
[2024-08-16T09:41:28.748] [INFO] CRM WebSoket - CONNECTION CLOSED! [CHERNIGIV-ROUTE] User [Сусло Тетяна]. Connection time: 1h 33m 38s. ||| Code: 1001 - Going Away => Кінцева точка закривається, або через збій сервера, або через те, що браузер переходить від сторінки, яка відкрила з'єднання. | Reason: 
[2024-08-16T09:47:59.851] [INFO] CRM WebSoket - NEW CONNECTION! [CHERNIGIV-METERS] User [Сусло Тетяна].
[2024-08-16T09:48:01.870] [INFO] CRM WebSoket - NEW CONNECTION! [CHERNIGIV-METERS] User [Коваль Людмила].
[2024-08-16T09:51:07.371] [INFO] CRM WebSoket - CONNECTION CLOSED! [CHERNIGIV-ROUTE] User [Коваль Людмила]. Connection time: 0h 3m 5s. ||| Code: 1001 - Going Away => Кінцева точка закривається, або через збій сервера, або через те, що браузер переходить від сторінки, яка відкрила з'єднання. | Reason: 
[2024-08-16T10:02:52.638] [INFO] CRM WebSoket - CONNECTION CLOSED! [CHERNIGIV-ROUTE] User [Сусло Тетяна]. Connection time: 0h 14m 52s. ||| Code: 4000 - Server timeout => Сервер завершив зїєднання через неактивність користувача. | Reason: Server timeout.
[2024-08-16T10:10:35.393] [INFO] CRM WebSoket - NEW CONNECTION! [CHERNIGIV-ROUTE] User [Сусло Тетяна].
[2024-08-16T10:31:54.185] [INFO] CRM WebSoket - NEW CONNECTION! [CHERNIGIV-METERS] User [Сміян Альона].
[2024-08-16T10:33:56.801] [INFO] CRM WebSoket - NEW CONNECTION! [CHERNIGIV-METERS] User [Коваль Людмила].
[2024-08-16T10:46:20.461] [INFO] CRM WebSoket - CONNECTION CLOSED! [CHERNIGIV-ROUTE] User [Сусло Тетяна]. Connection time: 0h 35m 45s. ||| Code: 4000 - Server timeout => Сервер завершив зїєднання через неактивність користувача. | Reason: Server timeout.
[2024-08-16T10:48:17.159] [INFO] CRM WebSoket - CONNECTION CLOSED! [CHERNIGIV-ROUTE] User [Сміян Альона]. Connection time: 0h 16m 22s. ||| Code: 4000 - Server timeout => Сервер завершив зїєднання через неактивність користувача. | Reason: Server timeout.
[2024-08-16T10:49:09.263] [INFO] CRM WebSoket - CONNECTION CLOSED! [CHERNIGIV-TASKS] User [Коваль Людмила]. Connection time: 0h 15m 12s. ||| Code: 4000 - Server timeout => Сервер завершив зїєднання через неактивність користувача. | Reason: Server timeout.
[2024-08-16T10:59:08.398] [INFO] CRM WebSoket - NEW CONNECTION! [CHERNIGIV-METERS] User [Коваль Людмила].
[2024-08-16T11:01:30.176] [INFO] CRM WebSoket - NEW CONNECTION! [CHERNIGIV-ROUTE] User [Сусло Тетяна].
[2024-08-16T11:08:01.307] [INFO] CRM WebSoket - CONNECTION CLOSED! [CHERNIGIV-ROUTE] User [Коваль Людмила]. Connection time: 0h 8m 52s. ||| Code: 1001 - Going Away => Кінцева точка закривається, або через збій сервера, або через те, що браузер переходить від сторінки, яка відкрила з'єднання. | Reason: 
[2024-08-16T11:08:22.130] [INFO] CRM WebSoket - NEW CONNECTION! [CHERNIGIV-METERS] User [Сміян Альона].
[2024-08-16T11:14:26.832] [INFO] CRM WebSoket - NEW CONNECTION! [CHERNIGIV-METERS] User [Коваль Людмила].
[2024-08-16T11:20:55.127] [INFO] CRM WebSoket - CONNECTION CLOSED! [CHERNIGIV-ROUTE] User [Сміян Альона]. Connection time: 0h 12m 32s. ||| Code: 4000 - Server timeout => Сервер завершив зїєднання через неактивність користувача. | Reason: Server timeout.
[2024-08-16T11:21:09.089] [INFO] CRM WebSoket - NEW CONNECTION! [CHERNIGIV-METERS] User [Сміян Альона].
[2024-08-16T11:27:22.734] [INFO] CRM WebSoket - CONNECTION CLOSED! [CHERNIGIV-ROUTE] User [Коваль Людмила]. Connection time: 0h 12m 55s. ||| Code: 1001 - Going Away => Кінцева точка закривається, або через збій сервера, або через те, що браузер переходить від сторінки, яка відкрила з'єднання. | Reason: 
[2024-08-16T11:29:51.336] [INFO] CRM WebSoket - CONNECTION CLOSED! [CHERNIGIV-ROUTE] User [Сусло Тетяна]. Connection time: 0h 28m 21s. ||| Code: 4000 - Server timeout => Сервер завершив зїєднання через неактивність користувача. | Reason: Server timeout.
[2024-08-16T11:33:35.652] [INFO] CRM WebSoket - CONNECTION CLOSED! [CHERNIGIV-TASKS] User [Сміян Альона]. Connection time: 0h 12m 26s. ||| Code: 4000 - Server timeout => Сервер завершив зїєднання через неактивність користувача. | Reason: Server timeout.
[2024-08-16T11:42:01.026] [INFO] CRM WebSoket - NEW CONNECTION! [CHERNIGIV-ROUTE] User [Сусло Тетяна].
[2024-08-16T11:45:49.109] [INFO] CRM WebSoket - NEW CONNECTION! [CHERNIGIV-METERS] User [Коваль Людмила].
[2024-08-16T11:48:22.809] [INFO] CRM WebSoket - CONNECTION CLOSED! [CHERNIGIV-ROUTE] User [Коваль Людмила]. Connection time: 0h 2m 33s. ||| Code: 1001 - Going Away => Кінцева точка закривається, або через збій сервера, або через те, що браузер переходить від сторінки, яка відкрила з'єднання. | Reason: 
[2024-08-16T11:53:55.239] [INFO] CRM WebSoket - NEW CONNECTION! [CHERNIGIV-METERS] User [Коваль Людмила].
[2024-08-16T11:57:09.003] [INFO] CRM WebSoket - CONNECTION CLOSED! [CHERNIGIV-ROUTE] User [Сусло Тетяна]. Connection time: 0h 15m 7s. ||| Code: 4000 - Server timeout => Сервер завершив зїєднання через неактивність користувача. | Reason: Server timeout.
[2024-08-16T12:07:26.160] [INFO] CRM WebSoket - CONNECTION CLOSED! [CHERNIGIV-ROUTE] User [Коваль Людмила]. Connection time: 0h 13m 30s. ||| Code: 4000 - Server timeout => Сервер завершив зїєднання через неактивність користувача. | Reason: Server timeout.
[2024-08-16T12:19:13.559] [INFO] CRM WebSoket - NEW CONNECTION! [CHERNIGIV-TASKS] User [Сміян Альона].
[2024-08-16T12:21:31.271] [INFO] CRM WebSoket - NEW CONNECTION! [CHERNIGIV-ROUTE] User [Сусло Тетяна].
[2024-08-16T12:30:13.677] [INFO] CRM WebSoket - CONNECTION CLOSED! [CHERNIGIV-TASKS] User [Сміян Альона]. Connection time: 0h 11m 0s. ||| Code: 4000 - Server timeout => Сервер завершив зїєднання через неактивність користувача. | Reason: Server timeout.
[2024-08-16T12:33:43.862] [INFO] CRM WebSoket - CONNECTION CLOSED! [CHERNIGIV-ROUTE] User [Сусло Тетяна]. Connection time: 0h 12m 12s. ||| Code: 4000 - Server timeout => Сервер завершив зїєднання через неактивність користувача. | Reason: Server timeout.
[2024-08-16T12:35:45.138] [INFO] CRM WebSoket - NEW CONNECTION! [CHERNIGIV-METERS] User [Сусло Тетяна].
[2024-08-16T12:44:27.817] [INFO] CRM WebSoket - NEW CONNECTION! [CHERNIGIV-METERS] User [Сміян Альона].
[2024-08-16T12:48:53.490] [INFO] CRM WebSoket - CONNECTION CLOSED! [CHERNIGIV-ROUTE] User [Сусло Тетяна]. Connection time: 0h 13m 8s. ||| Code: 4000 - Server timeout => Сервер завершив зїєднання через неактивність користувача. | Reason: Server timeout.
[2024-08-16T12:54:02.777] [INFO] CRM WebSoket - NEW CONNECTION! [CHERNIGIV-ROUTE] User [Сусло Тетяна].
[2024-08-16T13:05:22.936] [INFO] CRM WebSoket - NEW CONNECTION! [CHERNIGIV-METERS] User [Коваль Людмила].
[2024-08-16T13:10:20.888] [INFO] CRM WebSoket - CONNECTION CLOSED! [CHERNIGIV-TASKS] User [Сміян Альона]. Connection time: 0h 25m 53s. ||| Code: 4000 - Server timeout => Сервер завершив зїєднання через неактивність користувача. | Reason: Server timeout.
[2024-08-16T13:11:56.205] [INFO] CRM WebSoket - CONNECTION CLOSED! [CHERNIGIV-ROUTE] User [Сусло Тетяна]. Connection time: 0h 17m 53s. ||| Code: 4000 - Server timeout => Сервер завершив зїєднання через неактивність користувача. | Reason: Server timeout.
[2024-08-16T13:21:00.924] [INFO] CRM WebSoket - NEW CONNECTION! [CHERNIGIV-TASKS] User [Сагач Михайло Анатолійович].
[2024-08-16T13:22:31.308] [INFO] CRM WebSoket - CONNECTION CLOSED! [CHERNIGIV-ROUTE] User [Сагач Михайло Анатолійович]. Connection time: 0h 1m 30s. ||| Code: 1001 - Going Away => Кінцева точка закривається, або через збій сервера, або через те, що браузер переходить від сторінки, яка відкрила з'єднання. | Reason: 
[2024-08-16T13:28:56.703] [INFO] CRM WebSoket - CONNECTION CLOSED! [CHERNIGIV-ROUTE] User [Коваль Людмила]. Connection time: 0h 23m 33s. ||| Code: 1001 - Going Away => Кінцева точка закривається, або через збій сервера, або через те, що браузер переходить від сторінки, яка відкрила з'єднання. | Reason: 
[2024-08-16T13:29:45.807] [INFO] CRM WebSoket - NEW CONNECTION! [CHERNIGIV-METERS] User [Коваль Людмила].
[2024-08-16T13:38:54.188] [INFO] CRM WebSoket - CONNECTION CLOSED! [CHERNIGIV-ROUTE] User [Коваль Людмила]. Connection time: 0h 9m 8s. ||| Code: 1001 - Going Away => Кінцева точка закривається, або через збій сервера, або через те, що браузер переходить від сторінки, яка відкрила з'єднання. | Reason: 
[2024-08-16T13:41:21.430] [INFO] CRM WebSoket - NEW CONNECTION! [CHERNIGIV-METERS] User [Коваль Людмила].
[2024-08-16T13:50:10.367] [INFO] CRM WebSoket - NEW CONNECTION! [CHERNIGIV-ROUTE] User [Сусло Тетяна].
[2024-08-16T13:51:07.820] [INFO] CRM WebSoket - NEW CONNECTION! [CHERNIGIV-METERS] User [Сміян Альона].
[2024-08-16T13:59:04.594] [INFO] CRM WebSoket - CONNECTION CLOSED! [CHERNIGIV-ROUTE] User [Коваль Людмила]. Connection time: 0h 17m 43s. ||| Code: 1001 - Going Away => Кінцева точка закривається, або через збій сервера, або через те, що браузер переходить від сторінки, яка відкрила з'єднання. | Reason: 
[2024-08-16T13:59:12.120] [INFO] CRM WebSoket - NEW CONNECTION! [CHERNIGIV-METERS] User [Коваль Людмила].
[2024-08-16T14:01:26.966] [INFO] CRM WebSoket - CONNECTION CLOSED! [CHERNIGIV-ROUTE] User [Сусло Тетяна]. Connection time: 0h 11m 16s. ||| Code: 4000 - Server timeout => Сервер завершив зїєднання через неактивність користувача. | Reason: Server timeout.
[2024-08-16T14:04:56.416] [INFO] CRM WebSoket - CONNECTION CLOSED! [CHERNIGIV-ROUTE] User [Коваль Людмила]. Connection time: 0h 5m 44s. ||| Code: 1001 - Going Away => Кінцева точка закривається, або через збій сервера, або через те, що браузер переходить від сторінки, яка відкрила з'єднання. | Reason: 
[2024-08-16T14:07:54.421] [INFO] CRM WebSoket - NEW CONNECTION! [CHERNIGIV-METERS] User [Коваль Людмила].
[2024-08-16T14:11:17.250] [INFO] CRM WebSoket - NEW CONNECTION! [CHERNIGIV-ROUTE] User [Сусло Тетяна].
[2024-08-16T14:29:13.417] [INFO] CRM WebSoket - CONNECTION CLOSED! [CHERNIGIV-ROUTE] User [Сміян Альона]. Connection time: 0h 38m 5s. ||| Code: 4000 - Server timeout => Сервер завершив зїєднання через неактивність користувача. | Reason: Server timeout.
[2024-08-16T14:32:17.987] [INFO] CRM WebSoket - CONNECTION CLOSED! [CHERNIGIV-ROUTE] User [Коваль Людмила]. Connection time: 0h 24m 23s. ||| Code: 1001 - Going Away => Кінцева точка закривається, або через збій сервера, або через те, що браузер переходить від сторінки, яка відкрила з'єднання. | Reason: 
[2024-08-16T14:38:41.610] [INFO] CRM WebSoket - NEW CONNECTION! [CHERNIGIV-METERS] User [Коваль Людмила].
[2024-08-16T14:40:29.830] [INFO] CRM WebSoket - CONNECTION CLOSED! [CHERNIGIV-ROUTE] User [Коваль Людмила]. Connection time: 0h 1m 48s. ||| Code: 1001 - Going Away => Кінцева точка закривається, або через збій сервера, або через те, що браузер переходить від сторінки, яка відкрила з'єднання. | Reason: 
[2024-08-16T14:44:45.160] [INFO] CRM WebSoket - NEW CONNECTION! [CHERNIGIV-METERS] User [Сагач Михайло Анатолійович].
[2024-08-16T14:46:35.785] [INFO] CRM WebSoket - CONNECTION CLOSED! [CHERNIGIV-ROUTE] User [Сагач Михайло Анатолійович]. Connection time: 0h 1m 50s. ||| Code: 1001 - Going Away => Кінцева точка закривається, або через збій сервера, або через те, що браузер переходить від сторінки, яка відкрила з'єднання. | Reason: 
[2024-08-16T14:56:37.809] [INFO] CRM WebSoket - NEW CONNECTION! [CHERNIGIV-METERS] User [Коваль Людмила].
[2024-08-16T15:04:06.748] [INFO] CRM WebSoket - CONNECTION CLOSED! [CHERNIGIV-ROUTE] User [Сусло Тетяна]. Connection time: 0h 52m 49s. ||| Code: 4000 - Server timeout => Сервер завершив зїєднання через неактивність користувача. | Reason: Server timeout.
[2024-08-16T15:11:34.586] [INFO] CRM WebSoket - NEW CONNECTION! [CHERNIGIV-METERS] User [Сміян Альона].
[2024-08-16T15:18:00.093] [INFO] CRM WebSoket - NEW CONNECTION! [CHERNIGIV-ROUTE] User [Сусло Тетяна].
[2024-08-16T15:26:53.218] [INFO] CRM WebSoket - CONNECTION CLOSED! [CHERNIGIV-TASKS] User [Сміян Альона]. Connection time: 0h 15m 18s. ||| Code: 4000 - Server timeout => Сервер завершив зїєднання через неактивність користувача. | Reason: Server timeout.
[2024-08-16T15:26:55.981] [INFO] CRM WebSoket - NEW CONNECTION! [CHERNIGIV-METERS] User [Сміян Альона].
[2024-08-16T15:32:48.474] [INFO] CRM WebSoket - CONNECTION CLOSED! [CHERNIGIV-ROUTE] User [Коваль Людмила]. Connection time: 0h 36m 10s. ||| Code: 1001 - Going Away => Кінцева точка закривається, або через збій сервера, або через те, що браузер переходить від сторінки, яка відкрила з'єднання. | Reason: 
[2024-08-16T15:35:43.842] [INFO] CRM WebSoket - NEW CONNECTION! [CHERNIGIV-METERS] User [Коваль Людмила].
[2024-08-16T15:37:38.681] [INFO] CRM WebSoket - CONNECTION CLOSED! [CHERNIGIV-ROUTE] User [Коваль Людмила]. Connection time: 0h 1m 54s. ||| Code: 1001 - Going Away => Кінцева точка закривається, або через збій сервера, або через те, що браузер переходить від сторінки, яка відкрила з'єднання. | Reason: 
[2024-08-16T15:38:42.568] [INFO] CRM WebSoket - NEW CONNECTION! [CHERNIGIV-METERS] User [Коваль Людмила].
[2024-08-16T15:45:06.566] [INFO] CRM WebSoket - CONNECTION CLOSED! [CHERNIGIV-ROUTE] User [Сміян Альона]. Connection time: 0h 18m 10s. ||| Code: 4000 - Server timeout => Сервер завершив зїєднання через неактивність користувача. | Reason: Server timeout.
[2024-08-16T15:50:21.381] [INFO] CRM WebSoket - CONNECTION CLOSED! [CHERNIGIV-ROUTE] User [Сусло Тетяна]. Connection time: 0h 32m 21s. ||| Code: 4000 - Server timeout => Сервер завершив зїєднання через неактивність користувача. | Reason: Server timeout.
[2024-08-16T15:51:36.526] [INFO] CRM WebSoket - NEW CONNECTION! [CHERNIGIV-ROUTE] User [Сусло Тетяна].
[2024-08-16T15:54:33.837] [INFO] CRM WebSoket - CONNECTION CLOSED! [CHERNIGIV-ROUTE] User [Сусло Тетяна]. Connection time: 0h 2m 57s. ||| Code: 1001 - Going Away => Кінцева точка закривається, або через збій сервера, або через те, що браузер переходить від сторінки, яка відкрила з'єднання. | Reason: 
[2024-08-16T15:54:40.455] [INFO] CRM WebSoket - NEW CONNECTION! [CHERNIGIV-METERS] User [Сміян Альона].
[2024-08-16T15:55:42.003] [INFO] CRM WebSoket - NEW CONNECTION! [CHERNIGIV-ROUTE] User [Сусло Тетяна].
[2024-08-16T15:56:44.102] [INFO] CRM WebSoket - CONNECTION CLOSED! [CHERNIGIV-ROUTE] User [Сусло Тетяна]. Connection time: 0h 1m 2s. ||| Code: 1001 - Going Away => Кінцева точка закривається, або через збій сервера, або через те, що браузер переходить від сторінки, яка відкрила з'єднання. | Reason: 
[2024-08-16T15:57:02.675] [INFO] CRM WebSoket - CONNECTION CLOSED! [CHERNIGIV-ROUTE] User [Коваль Людмила]. Connection time: 0h 18m 20s. ||| Code: 1001 - Going Away => Кінцева точка закривається, або через збій сервера, або через те, що браузер переходить від сторінки, яка відкрила з'єднання. | Reason: 
[2024-08-16T16:08:38.915] [INFO] CRM WebSoket - CONNECTION CLOSED! [CHERNIGIV-ROUTE] User [Сміян Альона]. Connection time: 0h 13m 58s. ||| Code: 1006 - Abnormal Closure => Зарезервовано. Використовується для позначення того, що з'єднання було аварійно закрито, наприклад, без відправлення або отримання керуючого кадру закриття. | Reason: 
