[2025-01-13T07:47:34.872] [INFO] CRM WebSoket - NEW CONNECTION! [CHERNIGIV-ROUTE] User [Сусло Тетяна].
[2025-01-13T07:58:34.977] [INFO] CRM WebSoket - CONNECTION CLOSED! [CHERNIGIV-ROUTE] User [Сусло Тетяна]. Connection time: 0h 11m 0s. ||| Code: 4000 - Server timeout => Сервер завершив зїєднання через неактивність користувача. | Reason: Server timeout.
[2025-01-13T08:02:32.514] [INFO] CRM WebSoket - NEW CONNECTION! [CHERNIGIV-ROUTE] User [Сусло Тетяна].
[2025-01-13T08:21:54.108] [INFO] CRM WebSoket - NEW CONNECTION! [CHERNIGIV-METERS] User [Коваль Людмила].
[2025-01-13T08:25:02.137] [INFO] CRM WebSoket - CONNECTION CLOSED! [CHERNIGIV-ROUTE] User [Коваль Людмила]. Connection time: 0h 3m 8s. ||| Code: 1001 - Going Away => Кінцева точка закривається, або через збій сервера, або через те, що браузер переходить від сторінки, яка відкрила з'єднання. | Reason: 
[2025-01-13T08:31:35.679] [INFO] CRM WebSoket - NEW CONNECTION! [CHERNIGIV-METERS] User [Коваль Людмила].
[2025-01-13T08:44:30.193] [INFO] CRM WebSoket - CONNECTION CLOSED! [CHERNIGIV-ROUTE] User [Коваль Людмила]. Connection time: 0h 12m 54s. ||| Code: 4000 - Server timeout => Сервер завершив зїєднання через неактивність користувача. | Reason: Server timeout.
[2025-01-13T08:47:27.545] [INFO] CRM WebSoket - CONNECTION CLOSED! [CHERNIGIV-ROUTE] User [Сусло Тетяна]. Connection time: 0h 44m 55s. ||| Code: 4000 - Server timeout => Сервер завершив зїєднання через неактивність користувача. | Reason: Server timeout.
[2025-01-13T08:59:04.484] [INFO] CRM WebSoket - NEW CONNECTION! [CHERNIGIV-ROUTE] User [Сусло Тетяна].
[2025-01-13T09:08:30.516] [INFO] CRM WebSoket - NEW CONNECTION! [CHERNIGIV-METERS] User [Коваль Людмила].
[2025-01-13T09:10:07.014] [INFO] CRM WebSoket - CONNECTION CLOSED! [CHERNIGIV-ROUTE] User [Сусло Тетяна]. Connection time: 0h 11m 2s. ||| Code: 4000 - Server timeout => Сервер завершив зїєднання через неактивність користувача. | Reason: Server timeout.
[2025-01-13T09:10:38.360] [INFO] CRM WebSoket - CONNECTION CLOSED! [CHERNIGIV-ROUTE] User [Коваль Людмила]. Connection time: 0h 2m 7s. ||| Code: 1001 - Going Away => Кінцева точка закривається, або через збій сервера, або через те, що браузер переходить від сторінки, яка відкрила з'єднання. | Reason: 
[2025-01-13T09:15:20.734] [INFO] CRM WebSoket - NEW CONNECTION! [CHERNIGIV-ROUTE] User [Сусло Тетяна].
[2025-01-13T09:20:19.620] [INFO] CRM WebSoket - NEW CONNECTION! [CHERNIGIV-METERS] User [Коваль Людмила].
[2025-01-13T09:23:28.654] [INFO] CRM WebSoket - CONNECTION CLOSED! [CHERNIGIV-ROUTE] User [Коваль Людмила]. Connection time: 0h 3m 9s. ||| Code: 1001 - Going Away => Кінцева точка закривається, або через збій сервера, або через те, що браузер переходить від сторінки, яка відкрила з'єднання. | Reason: 
[2025-01-13T09:53:06.393] [INFO] CRM WebSoket - NEW CONNECTION! [CHERNIGIV-METERS] User [Коваль Людмила].
[2025-01-13T09:54:08.315] [INFO] CRM WebSoket - CONNECTION CLOSED! [CHERNIGIV-METERS] User [Коваль Людмила]. Connection time: 0h 1m 1s. ||| Code: 1001 - Going Away => Кінцева точка закривається, або через збій сервера, або через те, що браузер переходить від сторінки, яка відкрила з'єднання. | Reason: 
[2025-01-13T09:54:14.885] [INFO] CRM WebSoket - CONNECTION CLOSED! [CHERNIGIV-ROUTE] User [Сусло Тетяна]. Connection time: 0h 38m 54s. ||| Code: 4000 - Server timeout => Сервер завершив зїєднання через неактивність користувача. | Reason: Server timeout.
[2025-01-13T09:55:31.993] [INFO] CRM WebSoket - NEW CONNECTION! [CHERNIGIV-ROUTE] User [Сусло Тетяна].
[2025-01-13T10:01:53.615] [INFO] CRM WebSoket - NEW CONNECTION! [CHERNIGIV-METERS] User [Коваль Людмила].
[2025-01-13T10:29:20.567] [INFO] CRM WebSoket - CONNECTION CLOSED! [CHERNIGIV-ROUTE] User [Сусло Тетяна]. Connection time: 0h 33m 48s. ||| Code: 4000 - Server timeout => Сервер завершив зїєднання через неактивність користувача. | Reason: Server timeout.
[2025-01-13T10:30:04.187] [INFO] CRM WebSoket - NEW CONNECTION! [CHERNIGIV-ROUTE] User [Сусло Тетяна].
[2025-01-13T10:31:15.106] [INFO] CRM WebSoket - CONNECTION CLOSED! [CHERNIGIV-ROUTE] User [Коваль Людмила]. Connection time: 0h 29m 21s. ||| Code: 1001 - Going Away => Кінцева точка закривається, або через збій сервера, або через те, що браузер переходить від сторінки, яка відкрила з'єднання. | Reason: 
[2025-01-13T10:33:00.438] [INFO] CRM WebSoket - NEW CONNECTION! [CHERNIGIV-METERS] User [Коваль Людмила].
[2025-01-13T10:41:05.306] [INFO] CRM WebSoket - CONNECTION CLOSED! [CHERNIGIV-ROUTE] User [Сусло Тетяна]. Connection time: 0h 11m 1s. ||| Code: 4000 - Server timeout => Сервер завершив зїєднання через неактивність користувача. | Reason: Server timeout.
[2025-01-13T10:44:07.470] [INFO] CRM WebSoket - CONNECTION CLOSED! [CHERNIGIV-ROUTE] User [Коваль Людмила]. Connection time: 0h 11m 7s. ||| Code: 4000 - Server timeout => Сервер завершив зїєднання через неактивність користувача. | Reason: Server timeout.
[2025-01-13T10:44:13.200] [INFO] CRM WebSoket - NEW CONNECTION! [CHERNIGIV-ROUTE] User [Сусло Тетяна].
[2025-01-13T10:44:32.133] [INFO] CRM WebSoket - NEW CONNECTION! [CHERNIGIV-METERS] User [Коваль Людмила].
[2025-01-13T10:57:44.372] [INFO] CRM WebSoket - CONNECTION CLOSED! [CHERNIGIV-ROUTE] User [Сусло Тетяна]. Connection time: 0h 13m 31s. ||| Code: 4000 - Server timeout => Сервер завершив зїєднання через неактивність користувача. | Reason: Server timeout.
[2025-01-13T11:07:22.616] [INFO] CRM WebSoket - CONNECTION CLOSED! [CHERNIGIV-ROUTE] User [Коваль Людмила]. Connection time: 0h 22m 50s. ||| Code: 1001 - Going Away => Кінцева точка закривається, або через збій сервера, або через те, що браузер переходить від сторінки, яка відкрила з'єднання. | Reason: 
[2025-01-13T11:07:30.019] [INFO] CRM WebSoket - NEW CONNECTION! [CHERNIGIV-METERS] User [Коваль Людмила].
[2025-01-13T11:18:24.065] [INFO] CRM WebSoket - NEW CONNECTION! [CHERNIGIV-ROUTE] User [Сусло Тетяна].
[2025-01-13T11:33:23.162] [INFO] CRM WebSoket - CONNECTION CLOSED! [CHERNIGIV-ADDRESSES] User [Коваль Людмила]. Connection time: 0h 25m 53s. ||| Code: 1001 - Going Away => Кінцева точка закривається, або через збій сервера, або через те, що браузер переходить від сторінки, яка відкрила з'єднання. | Reason: 
[2025-01-13T11:34:17.264] [INFO] CRM WebSoket - NEW CONNECTION! [CHERNIGIV-METERS] User [Коваль Людмила].
[2025-01-13T12:05:30.413] [INFO] CRM WebSoket - CONNECTION CLOSED! [CHERNIGIV-ADDRESSES] User [Коваль Людмила]. Connection time: 0h 31m 13s. ||| Code: 4000 - Server timeout => Сервер завершив зїєднання через неактивність користувача. | Reason: Server timeout.
[2025-01-13T12:09:45.357] [INFO] CRM WebSoket - NEW CONNECTION! [CHERNIGIV-ROUTE] User [Коваль Людмила].
[2025-01-13T12:16:22.508] [INFO] CRM WebSoket - CONNECTION CLOSED! [CHERNIGIV-ROUTE] User [Сусло Тетяна]. Connection time: 0h 57m 58s. ||| Code: 4000 - Server timeout => Сервер завершив зїєднання через неактивність користувача. | Reason: Server timeout.
[2025-01-13T12:22:49.782] [INFO] CRM WebSoket - CONNECTION CLOSED! [CHERNIGIV-ROUTE] User [Коваль Людмила]. Connection time: 0h 13m 4s. ||| Code: 4000 - Server timeout => Сервер завершив зїєднання через неактивність користувача. | Reason: Server timeout.
[2025-01-13T12:31:03.652] [INFO] CRM WebSoket - NEW CONNECTION! [CHERNIGIV-ROUTE] User [Сусло Тетяна].
[2025-01-13T12:48:22.419] [INFO] CRM WebSoket - NEW CONNECTION! [CHERNIGIV-METERS] User [Коваль Людмила].
[2025-01-13T12:50:40.316] [INFO] CRM WebSoket - CONNECTION CLOSED! [CHERNIGIV-ROUTE] User [Коваль Людмила]. Connection time: 0h 2m 17s. ||| Code: 1001 - Going Away => Кінцева точка закривається, або через збій сервера, або через те, що браузер переходить від сторінки, яка відкрила з'єднання. | Reason: 
[2025-01-13T12:54:06.565] [INFO] CRM WebSoket - NEW CONNECTION! [CHERNIGIV-METERS] User [Коваль Людмила].
[2025-01-13T13:02:59.416] [INFO] CRM WebSoket - CONNECTION CLOSED! [CHERNIGIV-ROUTE] User [Коваль Людмила]. Connection time: 0h 8m 52s. ||| Code: 1001 - Going Away => Кінцева точка закривається, або через збій сервера, або через те, що браузер переходить від сторінки, яка відкрила з'єднання. | Reason: 
[2025-01-13T13:03:10.649] [INFO] CRM WebSoket - NEW CONNECTION! [CHERNIGIV-METERS] User [Коваль Людмила].
[2025-01-13T13:10:37.041] [INFO] CRM WebSoket - CONNECTION CLOSED! [CHERNIGIV-ROUTE] User [Сусло Тетяна]. Connection time: 0h 39m 33s. ||| Code: 4000 - Server timeout => Сервер завершив зїєднання через неактивність користувача. | Reason: Server timeout.
[2025-01-13T13:13:43.425] [INFO] CRM WebSoket - CONNECTION CLOSED! [CHERNIGIV-ROUTE] User [Коваль Людмила]. Connection time: 0h 10m 32s. ||| Code: 1001 - Going Away => Кінцева точка закривається, або через збій сервера, або через те, що браузер переходить від сторінки, яка відкрила з'єднання. | Reason: 
[2025-01-13T13:15:55.251] [INFO] CRM WebSoket - NEW CONNECTION! [CHERNIGIV-METERS] User [Коваль Людмила].
[2025-01-13T13:30:55.648] [INFO] CRM WebSoket - NEW CONNECTION! [CHERNIGIV-ROUTE] User [Сусло Тетяна].
[2025-01-13T13:36:34.545] [INFO] CRM WebSoket - CONNECTION CLOSED! [CHERNIGIV-ROUTE] User [Коваль Людмила]. Connection time: 0h 20m 39s. ||| Code: 1001 - Going Away => Кінцева точка закривається, або через збій сервера, або через те, що браузер переходить від сторінки, яка відкрила з'єднання. | Reason: 
[2025-01-13T13:42:33.733] [INFO] CRM WebSoket - CONNECTION CLOSED! [CHERNIGIV-ROUTE] User [Сусло Тетяна]. Connection time: 0h 11m 38s. ||| Code: 4000 - Server timeout => Сервер завершив зїєднання через неактивність користувача. | Reason: Server timeout.
[2025-01-13T13:47:50.653] [INFO] CRM WebSoket - NEW CONNECTION! [CHERNIGIV-METERS] User [Коваль Людмила].
[2025-01-13T13:57:40.760] [INFO] CRM WebSoket - CONNECTION CLOSED! [CHERNIGIV-ROUTE] User [Коваль Людмила]. Connection time: 0h 9m 50s. ||| Code: 1001 - Going Away => Кінцева точка закривається, або через збій сервера, або через те, що браузер переходить від сторінки, яка відкрила з'єднання. | Reason: 
[2025-01-13T13:59:24.432] [INFO] CRM WebSoket - NEW CONNECTION! [CHERNIGIV-METERS] User [Коваль Людмила].
[2025-01-13T14:03:47.978] [INFO] CRM WebSoket - CONNECTION CLOSED! [CHERNIGIV-ROUTE] User [Коваль Людмила]. Connection time: 0h 4m 23s. ||| Code: 1001 - Going Away => Кінцева точка закривається, або через збій сервера, або через те, що браузер переходить від сторінки, яка відкрила з'єднання. | Reason: 
[2025-01-13T14:04:05.725] [INFO] CRM WebSoket - NEW CONNECTION! [CHERNIGIV-METERS] User [Коваль Людмила].
[2025-01-13T14:16:21.133] [INFO] CRM WebSoket - NEW CONNECTION! [CHERNIGIV-ROUTE] User [Сусло Тетяна].
[2025-01-13T14:20:15.181] [INFO] CRM WebSoket - CONNECTION CLOSED! [CHERNIGIV-ROUTE] User [Коваль Людмила]. Connection time: 0h 16m 9s. ||| Code: 1001 - Going Away => Кінцева точка закривається, або через збій сервера, або через те, що браузер переходить від сторінки, яка відкрила з'єднання. | Reason: 
[2025-01-13T14:24:25.625] [INFO] CRM WebSoket - NEW CONNECTION! [CHERNIGIV-METERS] User [Сагач Михайло Анатолійович].
[2025-01-13T14:26:34.501] [INFO] CRM WebSoket - NEW CONNECTION! [CHERNIGIV-METERS] User [Коваль Людмила].
[2025-01-13T14:27:44.530] [INFO] CRM WebSoket - CONNECTION CLOSED! [CHERNIGIV-METERS] User [Коваль Людмила]. Connection time: 0h 1m 10s. ||| Code: 1001 - Going Away => Кінцева точка закривається, або через збій сервера, або через те, що браузер переходить від сторінки, яка відкрила з'єднання. | Reason: 
[2025-01-13T14:30:21.327] [INFO] CRM WebSoket - NEW CONNECTION! [CHERNIGIV-METERS] User [Коваль Людмила].
[2025-01-13T14:31:37.828] [INFO] CRM WebSoket - CONNECTION CLOSED! [CHERNIGIV-REPORTS] User [Сагач Михайло Анатолійович]. Connection time: 0h 7m 12s. ||| Code: 1001 - Going Away => Кінцева точка закривається, або через збій сервера, або через те, що браузер переходить від сторінки, яка відкрила з'єднання. | Reason: 
[2025-01-13T14:33:40.191] [INFO] CRM WebSoket - CONNECTION CLOSED! [CHERNIGIV-ROUTE] User [Коваль Людмила]. Connection time: 0h 3m 18s. ||| Code: 1001 - Going Away => Кінцева точка закривається, або через збій сервера, або через те, що браузер переходить від сторінки, яка відкрила з'єднання. | Reason: 
[2025-01-13T14:37:35.843] [INFO] CRM WebSoket - CONNECTION CLOSED! [CHERNIGIV-REPORTS] User [Сусло Тетяна]. Connection time: 0h 21m 14s. ||| Code: 4000 - Server timeout => Сервер завершив зїєднання через неактивність користувача. | Reason: Server timeout.
[2025-01-13T14:41:32.720] [INFO] CRM WebSoket - NEW CONNECTION! [CHERNIGIV-REPORTS] User [Сусло Тетяна].
[2025-01-13T14:47:09.948] [INFO] CRM WebSoket - NEW CONNECTION! [CHERNIGIV-METERS] User [Коваль Людмила].
[2025-01-13T14:53:03.747] [INFO] CRM WebSoket - CONNECTION CLOSED! [CHERNIGIV-ROUTE] User [Сусло Тетяна]. Connection time: 0h 11m 31s. ||| Code: 4000 - Server timeout => Сервер завершив зїєднання через неактивність користувача. | Reason: Server timeout.
[2025-01-13T14:58:15.254] [INFO] CRM WebSoket - CONNECTION CLOSED! [CHERNIGIV-ROUTE] User [Коваль Людмила]. Connection time: 0h 11m 5s. ||| Code: 4000 - Server timeout => Сервер завершив зїєднання через неактивність користувача. | Reason: Server timeout.
[2025-01-13T14:59:29.830] [INFO] CRM WebSoket - NEW CONNECTION! [CHERNIGIV-METERS] User [Сусло Тетяна].
[2025-01-13T15:04:51.963] [INFO] CRM WebSoket - NEW CONNECTION! [CHERNIGIV-ROUTE] User [Коваль Людмила].
[2025-01-13T15:10:56.658] [INFO] CRM WebSoket - CONNECTION CLOSED! [CHERNIGIV-ROUTE] User [Сусло Тетяна]. Connection time: 0h 11m 26s. ||| Code: 4000 - Server timeout => Сервер завершив зїєднання через неактивність користувача. | Reason: Server timeout.
[2025-01-13T15:19:00.291] [INFO] CRM WebSoket - CONNECTION CLOSED! [CHERNIGIV-ROUTE] User [Коваль Людмила]. Connection time: 0h 14m 8s. ||| Code: 1001 - Going Away => Кінцева точка закривається, або через збій сервера, або через те, що браузер переходить від сторінки, яка відкрила з'єднання. | Reason: 
[2025-01-13T15:34:38.347] [INFO] CRM WebSoket - NEW CONNECTION! [CHERNIGIV-METERS] User [Коваль Людмила].
[2025-01-13T15:38:11.394] [INFO] CRM WebSoket - NEW CONNECTION! [CHERNIGIV-ROUTE] User [Сусло Тетяна].
[2025-01-13T15:38:18.220] [INFO] CRM WebSoket - CONNECTION CLOSED! [CHERNIGIV-ROUTE] User [Коваль Людмила]. Connection time: 0h 3m 39s. ||| Code: 1001 - Going Away => Кінцева точка закривається, або через збій сервера, або через те, що браузер переходить від сторінки, яка відкрила з'єднання. | Reason: 
[2025-01-13T15:46:51.102] [INFO] CRM WebSoket - NEW CONNECTION! [CHERNIGIV-METERS] User [Коваль Людмила].
[2025-01-13T15:47:54.538] [INFO] CRM WebSoket - CONNECTION CLOSED! [CHERNIGIV-METERS] User [Коваль Людмила]. Connection time: 0h 1m 3s. ||| Code: 1001 - Going Away => Кінцева точка закривається, або через збій сервера, або через те, що браузер переходить від сторінки, яка відкрила з'єднання. | Reason: 
[2025-01-13T15:48:32.162] [INFO] CRM WebSoket - NEW CONNECTION! [CHERNIGIV-METERS] User [Коваль Людмила].
[2025-01-13T15:51:10.717] [INFO] CRM WebSoket - CONNECTION CLOSED! [CHERNIGIV-ROUTE] User [Сусло Тетяна]. Connection time: 0h 12m 59s. ||| Code: 4000 - Server timeout => Сервер завершив зїєднання через неактивність користувача. | Reason: Server timeout.
[2025-01-13T15:59:05.353] [INFO] CRM WebSoket - NEW CONNECTION! [CHERNIGIV-ROUTE] User [Сусло Тетяна].
[2025-01-13T16:00:48.368] [INFO] CRM WebSoket - CONNECTION CLOSED! [CHERNIGIV-ADDRESSES] User [Коваль Людмила]. Connection time: 0h 12m 16s. ||| Code: 1001 - Going Away => Кінцева точка закривається, або через збій сервера, або через те, що браузер переходить від сторінки, яка відкрила з'єднання. | Reason: 
[2025-01-13T16:06:26.910] [INFO] CRM WebSoket - NEW CONNECTION! [CHERNIGIV-METERS] User [Коваль Людмила].
[2025-01-13T16:13:09.690] [INFO] CRM WebSoket - CONNECTION CLOSED! [CHERNIGIV-ROUTE] User [Сусло Тетяна]. Connection time: 0h 14m 4s. ||| Code: 4000 - Server timeout => Сервер завершив зїєднання через неактивність користувача. | Reason: Server timeout.
[2025-01-13T16:15:50.881] [INFO] CRM WebSoket - NEW CONNECTION! [CHERNIGIV-ROUTE] User [Сусло Тетяна].
[2025-01-13T16:33:06.567] [INFO] CRM WebSoket - CONNECTION CLOSED! [CHERNIGIV-ROUTE] User [Коваль Людмила]. Connection time: 0h 26m 39s. ||| Code: 1001 - Going Away => Кінцева точка закривається, або через збій сервера, або через те, що браузер переходить від сторінки, яка відкрила з'єднання. | Reason: 
[2025-01-13T16:39:28.794] [INFO] CRM WebSoket - CONNECTION CLOSED! [CHERNIGIV-ROUTE] User [Сусло Тетяна]. Connection time: 0h 23m 37s. ||| Code: 1001 - Going Away => Кінцева точка закривається, або через збій сервера, або через те, що браузер переходить від сторінки, яка відкрила з'єднання. | Reason: 

