[2025-05-28T08:53:28.553] [INFO] CRM WebSoket - NEW CONNECTION! [CHERNIGIV-METERS] User [Коваль Людмила].
[2025-05-28T09:03:48.320] [INFO] CRM WebSoket - CONNECTION CLOSED! [CHERNIGIV-ADDRESSES] User [Коваль Людмила]. Connection time: 0h 10m 19s. ||| Code: 1001 - Going Away => Кінцева точка закривається, або через збій сервера, або через те, що браузер переходить від сторінки, яка відкрила з'єднання. | Reason: 
[2025-05-28T09:08:01.367] [INFO] CRM WebSoket - NEW CONNECTION! [CHERNIGIV-METERS] User [Коваль Людмила].
[2025-05-28T09:27:53.854] [INFO] CRM WebSoket - CONNECTION CLOSED! [CHERNIGIV-ROUTE] User [Коваль Людмила]. Connection time: 0h 19m 52s. ||| Code: 4000 - Server timeout => Сервер завершив зїєднання через неактивність користувача. | Reason: Server timeout.
[2025-05-28T09:28:13.729] [INFO] CRM WebSoket - NEW CONNECTION! [CHERNIGIV-METERS] User [Коваль Людмила].
[2025-05-28T09:41:45.199] [INFO] CRM WebSoket - CONNECTION CLOSED! [CHERNIGIV-ROUTE] User [Коваль Людмила]. Connection time: 0h 13m 31s. ||| Code: 1001 - Going Away => Кінцева точка закривається, або через збій сервера, або через те, що браузер переходить від сторінки, яка відкрила з'єднання. | Reason: 
[2025-05-28T09:46:29.093] [INFO] CRM WebSoket - NEW CONNECTION! [CHERNIGIV-METERS] User [Коваль Людмила].
[2025-05-28T10:20:08.685] [INFO] CRM WebSoket - CONNECTION CLOSED! [CHERNIGIV-ROUTE] User [Коваль Людмила]. Connection time: 0h 33m 39s. ||| Code: 4000 - Server timeout => Сервер завершив зїєднання через неактивність користувача. | Reason: Server timeout.
[2025-05-28T10:23:29.397] [INFO] CRM WebSoket - NEW CONNECTION! [CHERNIGIV-METERS] User [Коваль Людмила].
[2025-05-28T10:28:01.815] [INFO] CRM WebSoket - CONNECTION CLOSED! [CHERNIGIV-ROUTE] User [Коваль Людмила]. Connection time: 0h 4m 32s. ||| Code: 1001 - Going Away => Кінцева точка закривається, або через збій сервера, або через те, що браузер переходить від сторінки, яка відкрила з'єднання. | Reason: 
[2025-05-28T10:29:34.316] [INFO] CRM WebSoket - NEW CONNECTION! [CHERNIGIV-ROUTE] User [Сусло Тетяна].
[2025-05-28T10:31:09.508] [INFO] CRM WebSoket - NEW CONNECTION! [CHERNIGIV-METERS] User [Коваль Людмила].
[2025-05-28T10:40:34.527] [INFO] CRM WebSoket - CONNECTION CLOSED! [CHERNIGIV-ROUTE] User [Сусло Тетяна]. Connection time: 0h 11m 0s. ||| Code: 4000 - Server timeout => Сервер завершив зїєднання через неактивність користувача. | Reason: Server timeout.
[2025-05-28T10:41:45.221] [INFO] CRM WebSoket - CONNECTION CLOSED! [CHERNIGIV-ROUTE] User [Коваль Людмила]. Connection time: 0h 10m 35s. ||| Code: 1001 - Going Away => Кінцева точка закривається, або через збій сервера, або через те, що браузер переходить від сторінки, яка відкрила з'єднання. | Reason: 
[2025-05-28T10:55:02.451] [INFO] CRM WebSoket - NEW CONNECTION! [CHERNIGIV-METERS] User [Коваль Людмила].
[2025-05-28T11:00:46.436] [INFO] CRM WebSoket - CONNECTION CLOSED! [CHERNIGIV-ROUTE] User [Коваль Людмила]. Connection time: 0h 5m 43s. ||| Code: 1001 - Going Away => Кінцева точка закривається, або через збій сервера, або через те, що браузер переходить від сторінки, яка відкрила з'єднання. | Reason: 
[2025-05-28T11:04:33.361] [INFO] CRM WebSoket - NEW CONNECTION! [CHERNIGIV-METERS] User [Коваль Людмила].
[2025-05-28T11:27:29.821] [INFO] CRM WebSoket - CONNECTION CLOSED! [CHERNIGIV-ROUTE] User [Коваль Людмила]. Connection time: 0h 22m 56s. ||| Code: 1001 - Going Away => Кінцева точка закривається, або через збій сервера, або через те, що браузер переходить від сторінки, яка відкрила з'єднання. | Reason: 
[2025-05-28T11:38:04.873] [INFO] CRM WebSoket - NEW CONNECTION! [CHERNIGIV-METERS] User [Коваль Людмила].
[2025-05-28T11:58:16.789] [INFO] CRM WebSoket - CONNECTION CLOSED! [CHERNIGIV-ROUTE] User [Коваль Людмила]. Connection time: 0h 20m 11s. ||| Code: 4000 - Server timeout => Сервер завершив зїєднання через неактивність користувача. | Reason: Server timeout.
[2025-05-28T11:59:16.093] [INFO] CRM WebSoket - NEW CONNECTION! [CHERNIGIV-METERS] User [Коваль Людмила].
[2025-05-28T12:12:45.904] [INFO] CRM WebSoket - CONNECTION CLOSED! [CHERNIGIV-ROUTE] User [Коваль Людмила]. Connection time: 0h 13m 29s. ||| Code: 4000 - Server timeout => Сервер завершив зїєднання через неактивність користувача. | Reason: Server timeout.
[2025-05-28T12:37:44.988] [INFO] CRM WebSoket - NEW CONNECTION! [CHERNIGIV-METERS] User [Коваль Людмила].
[2025-05-28T12:40:38.632] [INFO] CRM WebSoket - CONNECTION CLOSED! [CHERNIGIV-ROUTE] User [Коваль Людмила]. Connection time: 0h 2m 53s. ||| Code: 1001 - Going Away => Кінцева точка закривається, або через збій сервера, або через те, що браузер переходить від сторінки, яка відкрила з'єднання. | Reason: 
[2025-05-28T13:02:57.103] [INFO] CRM WebSoket - NEW CONNECTION! [CHERNIGIV-METERS] User [Коваль Людмила].
[2025-05-28T13:04:42.184] [INFO] CRM WebSoket - CONNECTION CLOSED! [CHERNIGIV-ROUTE] User [Коваль Людмила]. Connection time: 0h 1m 45s. ||| Code: 1001 - Going Away => Кінцева точка закривається, або через збій сервера, або через те, що браузер переходить від сторінки, яка відкрила з'єднання. | Reason: 
[2025-05-28T13:05:56.360] [INFO] CRM WebSoket - NEW CONNECTION! [CHERNIGIV-METERS] User [Коваль Людмила].
[2025-05-28T13:17:02.446] [INFO] CRM WebSoket - CONNECTION CLOSED! [CHERNIGIV-ROUTE] User [Коваль Людмила]. Connection time: 0h 11m 6s. ||| Code: 4000 - Server timeout => Сервер завершив зїєднання через неактивність користувача. | Reason: Server timeout.
[2025-05-28T13:19:34.930] [INFO] CRM WebSoket - NEW CONNECTION! [CHERNIGIV-METERS] User [Коваль Людмила].
[2025-05-28T13:23:17.763] [INFO] CRM WebSoket - CONNECTION CLOSED! [CHERNIGIV-ROUTE] User [Коваль Людмила]. Connection time: 0h 3m 42s. ||| Code: 1001 - Going Away => Кінцева точка закривається, або через збій сервера, або через те, що браузер переходить від сторінки, яка відкрила з'єднання. | Reason: 
[2025-05-28T13:24:39.566] [INFO] CRM WebSoket - NEW CONNECTION! [CHERNIGIV-METERS] User [Коваль Людмила].
[2025-05-28T13:36:19.030] [INFO] CRM WebSoket - CONNECTION CLOSED! [CHERNIGIV-ROUTE] User [Коваль Людмила]. Connection time: 0h 11m 39s. ||| Code: 4000 - Server timeout => Сервер завершив зїєднання через неактивність користувача. | Reason: Server timeout.
[2025-05-28T14:02:48.965] [INFO] CRM WebSoket - NEW CONNECTION! [CHERNIGIV-METERS] User [Коваль Людмила].
[2025-05-28T14:37:10.724] [INFO] CRM WebSoket - CONNECTION CLOSED! [CHERNIGIV-ROUTE] User [Коваль Людмила]. Connection time: 0h 34m 21s. ||| Code: 4000 - Server timeout => Сервер завершив зїєднання через неактивність користувача. | Reason: Server timeout.
[2025-05-28T15:16:52.741] [INFO] CRM WebSoket - NEW CONNECTION! [CHERNIGIV-METERS] User [Коваль Людмила].
[2025-05-28T16:07:23.889] [INFO] CRM WebSoket - CONNECTION CLOSED! [CHERNIGIV-ROUTE] User [Коваль Людмила]. Connection time: 0h 50m 31s. ||| Code: 4000 - Server timeout => Сервер завершив зїєднання через неактивність користувача. | Reason: Server timeout.
[2025-05-28T16:28:11.482] [INFO] CRM WebSoket - NEW CONNECTION! [CHERNIGIV-METERS] User [Коваль Людмила].
[2025-05-28T16:33:01.089] [INFO] CRM WebSoket - CONNECTION CLOSED! [CHERNIGIV-ROUTE] User [Коваль Людмила]. Connection time: 0h 4m 49s. ||| Code: 1001 - Going Away => Кінцева точка закривається, або через збій сервера, або через те, що браузер переходить від сторінки, яка відкрила з'єднання. | Reason: 
[2025-05-28T16:33:15.364] [INFO] CRM WebSoket - NEW CONNECTION! [CHERNIGIV-METERS] User [Коваль Людмила].
[2025-05-28T16:36:51.894] [INFO] CRM WebSoket - CONNECTION CLOSED! [CHERNIGIV-ROUTE] User [Коваль Людмила]. Connection time: 0h 3m 36s. ||| Code: 1001 - Going Away => Кінцева точка закривається, або через збій сервера, або через те, що браузер переходить від сторінки, яка відкрила з'єднання. | Reason: 
[2025-05-28T16:49:20.903] [INFO] CRM WebSoket - NEW CONNECTION! [CHERNIGIV-METERS] User [Коваль Людмила].
[2025-05-28T16:50:22.977] [INFO] CRM WebSoket - CONNECTION CLOSED! [CHERNIGIV-METERS] User [Коваль Людмила]. Connection time: 0h 1m 2s. ||| Code: 1001 - Going Away => Кінцева точка закривається, або через збій сервера, або через те, що браузер переходить від сторінки, яка відкрила з'єднання. | Reason: 
