[2025-01-16T07:58:59.120] [INFO] CRM WebSoket - NEW CONNECTION! [CHERNIGIV-ROUTE] User [Сусло Тетяна].
[2025-01-16T08:09:59.227] [INFO] CRM WebSoket - CONNECTION CLOSED! [CHERNIGIV-ROUTE] User [Сусло Тетяна]. Connection time: 0h 11m 0s. ||| Code: 4000 - Server timeout => Сервер завершив зїєднання через неактивність користувача. | Reason: Server timeout.
[2025-01-16T08:22:15.739] [INFO] CRM WebSoket - NEW CONNECTION! [CHERNIGIV-ROUTE] User [Сусло Тетяна].
[2025-01-16T08:28:07.692] [INFO] CRM WebSoket - NEW CONNECTION! [CHERNIGIV-METERS] User [Коваль Людмила].
[2025-01-16T08:29:45.604] [INFO] CRM WebSoket - CONNECTION CLOSED! [CHERNIGIV-ROUTE] User [Коваль Людмила]. Connection time: 0h 1m 37s. ||| Code: 1001 - Going Away => Кінцева точка закривається, або через збій сервера, або через те, що браузер переходить від сторінки, яка відкрила з'єднання. | Reason: 
[2025-01-16T08:31:49.757] [INFO] CRM WebSoket - NEW CONNECTION! [CHERNIGIV-METERS] User [Коваль Людмила].
[2025-01-16T08:36:22.746] [INFO] CRM WebSoket - CONNECTION CLOSED! [CHERNIGIV-ROUTE] User [Коваль Людмила]. Connection time: 0h 4m 32s. ||| Code: 1001 - Going Away => Кінцева точка закривається, або через збій сервера, або через те, що браузер переходить від сторінки, яка відкрила з'єднання. | Reason: 
[2025-01-16T08:38:56.149] [INFO] CRM WebSoket - CONNECTION CLOSED! [CHERNIGIV-ROUTE] User [Сусло Тетяна]. Connection time: 0h 16m 40s. ||| Code: 4000 - Server timeout => Сервер завершив зїєднання через неактивність користувача. | Reason: Server timeout.
[2025-01-16T08:43:55.674] [INFO] CRM WebSoket - NEW CONNECTION! [CHERNIGIV-METERS] User [Коваль Людмила].
[2025-01-16T08:51:28.327] [INFO] CRM WebSoket - CONNECTION CLOSED! [CHERNIGIV-ROUTE] User [Коваль Людмила]. Connection time: 0h 7m 32s. ||| Code: 1001 - Going Away => Кінцева точка закривається, або через збій сервера, або через те, що браузер переходить від сторінки, яка відкрила з'єднання. | Reason: 
[2025-01-16T09:06:07.624] [INFO] CRM WebSoket - NEW CONNECTION! [CHERNIGIV-METERS] User [Коваль Людмила].
[2025-01-16T09:09:28.453] [INFO] CRM WebSoket - NEW CONNECTION! [CHERNIGIV-ROUTE] User [Сусло Тетяна].
[2025-01-16T09:40:20.024] [INFO] CRM WebSoket - CONNECTION CLOSED! [CHERNIGIV-ROUTE] User [Коваль Людмила]. Connection time: 0h 34m 12s. ||| Code: 1001 - Going Away => Кінцева точка закривається, або через збій сервера, або через те, що браузер переходить від сторінки, яка відкрила з'єднання. | Reason: 
[2025-01-16T09:42:43.792] [INFO] CRM WebSoket - NEW CONNECTION! [CHERNIGIV-METERS] User [Коваль Людмила].
[2025-01-16T09:49:17.476] [INFO] CRM WebSoket - CONNECTION CLOSED! [CHERNIGIV-METERS] User [Коваль Людмила]. Connection time: 0h 6m 33s. ||| Code: 1001 - Going Away => Кінцева точка закривається, або через збій сервера, або через те, що браузер переходить від сторінки, яка відкрила з'єднання. | Reason: 
[2025-01-16T09:57:22.966] [INFO] CRM WebSoket - NEW CONNECTION! [CHERNIGIV-METERS] User [Коваль Людмила].
[2025-01-16T10:27:47.231] [INFO] CRM WebSoket - CONNECTION CLOSED! [CHERNIGIV-REPORTS] User [Сусло Тетяна]. Connection time: 1h 18m 18s. ||| Code: 4000 - Server timeout => Сервер завершив зїєднання через неактивність користувача. | Reason: Server timeout.
[2025-01-16T10:28:18.451] [INFO] CRM WebSoket - CONNECTION CLOSED! [CHERNIGIV-ADDRESSES] User [Коваль Людмила]. Connection time: 0h 30m 55s. ||| Code: 1001 - Going Away => Кінцева точка закривається, або через збій сервера, або через те, що браузер переходить від сторінки, яка відкрила з'єднання. | Reason: 
[2025-01-16T10:32:37.370] [INFO] CRM WebSoket - NEW CONNECTION! [CHERNIGIV-REPORTS] User [Сусло Тетяна].
[2025-01-16T10:39:09.843] [INFO] CRM WebSoket - NEW CONNECTION! [CHERNIGIV-METERS] User [Коваль Людмила].
[2025-01-16T10:48:41.521] [INFO] CRM WebSoket - CONNECTION CLOSED! [CHERNIGIV-ROUTE] User [Сусло Тетяна]. Connection time: 0h 16m 4s. ||| Code: 4000 - Server timeout => Сервер завершив зїєднання через неактивність користувача. | Reason: Server timeout.
[2025-01-16T10:50:54.407] [INFO] CRM WebSoket - NEW CONNECTION! [CHERNIGIV-ROUTE] User [Сусло Тетяна].
[2025-01-16T10:59:57.625] [INFO] CRM WebSoket - CONNECTION CLOSED! [CHERNIGIV-ROUTE] User [Коваль Людмила]. Connection time: 0h 20m 47s. ||| Code: 1001 - Going Away => Кінцева точка закривається, або через збій сервера, або через те, що браузер переходить від сторінки, яка відкрила з'єднання. | Reason: 
[2025-01-16T11:00:58.713] [INFO] CRM WebSoket - NEW CONNECTION! [CHERNIGIV-METERS] User [Коваль Людмила].
[2025-01-16T11:08:12.116] [INFO] CRM WebSoket - CONNECTION CLOSED! [CHERNIGIV-ROUTE] User [Коваль Людмила]. Connection time: 0h 7m 13s. ||| Code: 1001 - Going Away => Кінцева точка закривається, або через збій сервера, або через те, що браузер переходить від сторінки, яка відкрила з'єднання. | Reason: 
[2025-01-16T11:12:16.324] [INFO] CRM WebSoket - CONNECTION CLOSED! [CHERNIGIV-ROUTE] User [Сусло Тетяна]. Connection time: 0h 21m 21s. ||| Code: 4000 - Server timeout => Сервер завершив зїєднання через неактивність користувача. | Reason: Server timeout.
[2025-01-16T11:16:11.707] [INFO] CRM WebSoket - NEW CONNECTION! [CHERNIGIV-ROUTE] User [Сусло Тетяна].
[2025-01-16T11:27:20.535] [INFO] CRM WebSoket - CONNECTION CLOSED! [CHERNIGIV-ROUTE] User [Сусло Тетяна]. Connection time: 0h 11m 8s. ||| Code: 4000 - Server timeout => Сервер завершив зїєднання через неактивність користувача. | Reason: Server timeout.
[2025-01-16T11:27:56.391] [INFO] CRM WebSoket - NEW CONNECTION! [CHERNIGIV-ROUTE] User [Сусло Тетяна].
[2025-01-16T11:31:27.374] [INFO] CRM WebSoket - NEW CONNECTION! [CHERNIGIV-METERS] User [Коваль Людмила].
[2025-01-16T11:44:15.160] [INFO] CRM WebSoket - CONNECTION CLOSED! [CHERNIGIV-ROUTE] User [Коваль Людмила]. Connection time: 0h 12m 47s. ||| Code: 4000 - Server timeout => Сервер завершив зїєднання через неактивність користувача. | Reason: Server timeout.
[2025-01-16T11:46:57.610] [INFO] CRM WebSoket - NEW CONNECTION! [CHERNIGIV-METERS] User [Коваль Людмила].
[2025-01-16T11:49:35.866] [INFO] CRM WebSoket - CONNECTION CLOSED! [CHERNIGIV-ROUTE] User [Сусло Тетяна]. Connection time: 0h 21m 39s. ||| Code: 4000 - Server timeout => Сервер завершив зїєднання через неактивність користувача. | Reason: Server timeout.
[2025-01-16T11:58:06.291] [INFO] CRM WebSoket - CONNECTION CLOSED! [CHERNIGIV-ROUTE] User [Коваль Людмила]. Connection time: 0h 11m 8s. ||| Code: 4000 - Server timeout => Сервер завершив зїєднання через неактивність користувача. | Reason: Server timeout.
[2025-01-16T11:59:45.725] [INFO] CRM WebSoket - NEW CONNECTION! [CHERNIGIV-ROUTE] User [Сусло Тетяна].
[2025-01-16T12:10:48.890] [INFO] CRM WebSoket - CONNECTION CLOSED! [CHERNIGIV-ROUTE] User [Сусло Тетяна]. Connection time: 0h 11m 3s. ||| Code: 4000 - Server timeout => Сервер завершив зїєднання через неактивність користувача. | Reason: Server timeout.
[2025-01-16T12:13:09.090] [INFO] CRM WebSoket - NEW CONNECTION! [CHERNIGIV-ROUTE] User [Сусло Тетяна].
[2025-01-16T12:24:10.163] [INFO] CRM WebSoket - CONNECTION CLOSED! [CHERNIGIV-ROUTE] User [Сусло Тетяна]. Connection time: 0h 11m 1s. ||| Code: 4000 - Server timeout => Сервер завершив зїєднання через неактивність користувача. | Reason: Server timeout.
[2025-01-16T12:25:21.117] [INFO] CRM WebSoket - NEW CONNECTION! [CHERNIGIV-ROUTE] User [Сусло Тетяна].
[2025-01-16T12:39:06.482] [INFO] CRM WebSoket - CONNECTION CLOSED! [CHERNIGIV-ROUTE] User [Сусло Тетяна]. Connection time: 0h 13m 45s. ||| Code: 4000 - Server timeout => Сервер завершив зїєднання через неактивність користувача. | Reason: Server timeout.
[2025-01-16T12:46:43.081] [INFO] CRM WebSoket - NEW CONNECTION! [CHERNIGIV-ROUTE] User [Сусло Тетяна].
[2025-01-16T12:46:57.268] [INFO] CRM WebSoket - NEW CONNECTION! [CHERNIGIV-METERS] User [Коваль Людмила].
[2025-01-16T12:52:53.229] [INFO] CRM WebSoket - CONNECTION CLOSED! [CHERNIGIV-ROUTE] User [Коваль Людмила]. Connection time: 0h 5m 55s. ||| Code: 1001 - Going Away => Кінцева точка закривається, або через збій сервера, або через те, що браузер переходить від сторінки, яка відкрила з'єднання. | Reason: 
[2025-01-16T12:54:17.510] [INFO] CRM WebSoket - NEW CONNECTION! [CHERNIGIV-METERS] User [Коваль Людмила].
[2025-01-16T12:57:48.561] [INFO] CRM WebSoket - CONNECTION CLOSED! [CHERNIGIV-ROUTE] User [Сусло Тетяна]. Connection time: 0h 11m 5s. ||| Code: 4000 - Server timeout => Сервер завершив зїєднання через неактивність користувача. | Reason: Server timeout.
[2025-01-16T13:26:16.806] [INFO] CRM WebSoket - CONNECTION CLOSED! [CHERNIGIV-ROUTE] User [Коваль Людмила]. Connection time: 0h 31m 59s. ||| Code: 1001 - Going Away => Кінцева точка закривається, або через збій сервера, або через те, що браузер переходить від сторінки, яка відкрила з'єднання. | Reason: 
[2025-01-16T13:38:05.155] [INFO] CRM WebSoket - NEW CONNECTION! [CHERNIGIV-METERS] User [Коваль Людмила].
[2025-01-16T13:44:44.353] [INFO] CRM WebSoket - CONNECTION CLOSED! [CHERNIGIV-ROUTE] User [Коваль Людмила]. Connection time: 0h 6m 39s. ||| Code: 1001 - Going Away => Кінцева точка закривається, або через збій сервера, або через те, що браузер переходить від сторінки, яка відкрила з'єднання. | Reason: 
[2025-01-16T14:15:41.872] [INFO] CRM WebSoket - NEW CONNECTION! [CHERNIGIV-METERS] User [Коваль Людмила].
[2025-01-16T14:17:46.704] [INFO] CRM WebSoket - CONNECTION CLOSED! [CHERNIGIV-ROUTE] User [Коваль Людмила]. Connection time: 0h 2m 4s. ||| Code: 1001 - Going Away => Кінцева точка закривається, або через збій сервера, або через те, що браузер переходить від сторінки, яка відкрила з'єднання. | Reason: 
[2025-01-16T14:19:39.784] [INFO] CRM WebSoket - NEW CONNECTION! [CHERNIGIV-ROUTE] User [Сусло Тетяна].
[2025-01-16T14:35:22.597] [INFO] CRM WebSoket - NEW CONNECTION! [CHERNIGIV-METERS] User [Коваль Людмила].
[2025-01-16T14:40:09.226] [INFO] CRM WebSoket - CONNECTION CLOSED! [CHERNIGIV-ROUTE] User [Сусло Тетяна]. Connection time: 0h 20m 29s. ||| Code: 4000 - Server timeout => Сервер завершив зїєднання через неактивність користувача. | Reason: Server timeout.
[2025-01-16T14:40:20.126] [INFO] CRM WebSoket - NEW CONNECTION! [CHERNIGIV-ADDRESSES] User [Сусло Тетяна].
[2025-01-16T14:43:43.662] [INFO] CRM WebSoket - CONNECTION CLOSED! [CHERNIGIV-ROUTE] User [Коваль Людмила]. Connection time: 0h 8m 21s. ||| Code: 1001 - Going Away => Кінцева точка закривається, або через збій сервера, або через те, що браузер переходить від сторінки, яка відкрила з'єднання. | Reason: 
[2025-01-16T14:54:38.702] [INFO] CRM WebSoket - NEW CONNECTION! [CHERNIGIV-METERS] User [Коваль Людмила].
[2025-01-16T14:56:01.596] [INFO] CRM WebSoket - CONNECTION CLOSED! [CHERNIGIV-ROUTE] User [Сусло Тетяна]. Connection time: 0h 15m 41s. ||| Code: 4000 - Server timeout => Сервер завершив зїєднання через неактивність користувача. | Reason: Server timeout.
[2025-01-16T14:56:09.179] [INFO] CRM WebSoket - NEW CONNECTION! [CHERNIGIV-ROUTE] User [Сусло Тетяна].
[2025-01-16T15:04:28.011] [INFO] CRM WebSoket - CONNECTION CLOSED! [CHERNIGIV-ROUTE] User [Коваль Людмила]. Connection time: 0h 9m 49s. ||| Code: 1001 - Going Away => Кінцева точка закривається, або через збій сервера, або через те, що браузер переходить від сторінки, яка відкрила з'єднання. | Reason: 
[2025-01-16T15:19:33.941] [INFO] CRM WebSoket - NEW CONNECTION! [CHERNIGIV-METERS] User [Коваль Людмила].
[2025-01-16T15:28:12.932] [INFO] CRM WebSoket - CONNECTION CLOSED! [CHERNIGIV-ROUTE] User [Коваль Людмила]. Connection time: 0h 8m 38s. ||| Code: 1001 - Going Away => Кінцева точка закривається, або через збій сервера, або через те, що браузер переходить від сторінки, яка відкрила з'єднання. | Reason: 
[2025-01-16T15:34:18.160] [INFO] CRM WebSoket - NEW CONNECTION! [CHERNIGIV-METERS] User [Коваль Людмила].
[2025-01-16T15:52:04.036] [INFO] CRM WebSoket - CONNECTION CLOSED! [CHERNIGIV-ROUTE] User [Сусло Тетяна]. Connection time: 0h 55m 54s. ||| Code: 4000 - Server timeout => Сервер завершив зїєднання через неактивність користувача. | Reason: Server timeout.
[2025-01-16T15:52:57.326] [INFO] CRM WebSoket - NEW CONNECTION! [CHERNIGIV-ROUTE] User [Сусло Тетяна].
[2025-01-16T15:53:10.758] [INFO] CRM WebSoket - CONNECTION CLOSED! [CHERNIGIV-ROUTE] User [Коваль Людмила]. Connection time: 0h 18m 52s. ||| Code: 4000 - Server timeout => Сервер завершив зїєднання через неактивність користувача. | Reason: Server timeout.
[2025-01-16T15:54:47.572] [INFO] CRM WebSoket - NEW CONNECTION! [CHERNIGIV-METERS] User [Коваль Людмила].
[2025-01-16T16:14:39.968] [INFO] CRM WebSoket - CONNECTION CLOSED! [CHERNIGIV-ROUTE] User [Коваль Людмила]. Connection time: 0h 19m 52s. ||| Code: 4000 - Server timeout => Сервер завершив зїєднання через неактивність користувача. | Reason: Server timeout.
[2025-01-16T16:16:43.550] [INFO] CRM WebSoket - NEW CONNECTION! [CHERNIGIV-METERS] User [Коваль Людмила].
[2025-01-16T16:28:17.369] [INFO] CRM WebSoket - CONNECTION CLOSED! [CHERNIGIV-ROUTE] User [Коваль Людмила]. Connection time: 0h 11m 33s. ||| Code: 4000 - Server timeout => Сервер завершив зїєднання через неактивність користувача. | Reason: Server timeout.
[2025-01-16T16:32:13.557] [INFO] CRM WebSoket - NEW CONNECTION! [CHERNIGIV-METERS] User [Коваль Людмила].
[2025-01-16T16:33:42.832] [INFO] CRM WebSoket - CONNECTION CLOSED! [CHERNIGIV-ROUTE] User [Коваль Людмила]. Connection time: 0h 1m 29s. ||| Code: 1001 - Going Away => Кінцева точка закривається, або через збій сервера, або через те, що браузер переходить від сторінки, яка відкрила з'єднання. | Reason: 
[2025-01-16T16:36:33.884] [INFO] CRM WebSoket - NEW CONNECTION! [CHERNIGIV-METERS] User [Коваль Людмила].
[2025-01-16T16:40:03.217] [INFO] CRM WebSoket - CONNECTION CLOSED! [CHERNIGIV-ROUTE] User [Сусло Тетяна]. Connection time: 0h 47m 5s. ||| Code: 1001 - Going Away => Кінцева точка закривається, або через збій сервера, або через те, що браузер переходить від сторінки, яка відкрила з'єднання. | Reason: 
[2025-01-16T16:46:11.671] [INFO] CRM WebSoket - CONNECTION CLOSED! [CHERNIGIV-ROUTE] User [Коваль Людмила]. Connection time: 0h 9m 37s. ||| Code: 1001 - Going Away => Кінцева точка закривається, або через збій сервера, або через те, що браузер переходить від сторінки, яка відкрила з'єднання. | Reason: 

