[2024-10-04T07:59:51.165] [INFO] CRM WebSoket - NEW CONNECTION! [CHERNIGIV-ROUTE] User [Сміян Альона].
[2024-10-04T08:00:11.837] [INFO] CRM WebSoket - NEW CONNECTION! [CHERNIGIV-ROUTE] User [Сусло Тетяна].
[2024-10-04T08:10:51.370] [INFO] CRM WebSoket - CONNECTION CLOSED! [CHERNIGIV-ROUTE] User [Сміян Альона]. Connection time: 0h 11m 0s. ||| Code: 4000 - Server timeout => Сервер завершив зїєднання через неактивність користувача. | Reason: Server timeout.
[2024-10-04T08:11:11.961] [INFO] CRM WebSoket - CONNECTION CLOSED! [CHERNIGIV-ROUTE] User [Сусло Тетяна]. Connection time: 0h 11m 0s. ||| Code: 4000 - Server timeout => Сервер завершив зїєднання через неактивність користувача. | Reason: Server timeout.
[2024-10-04T08:11:30.903] [INFO] CRM WebSoket - NEW CONNECTION! [CHERNIGIV-ROUTE] User [Сусло Тетяна].
[2024-10-04T08:12:46.406] [INFO] CRM WebSoket - NEW CONNECTION! [CHERNIGIV-METERS] User [Сміян Альона].
[2024-10-04T08:26:12.326] [INFO] CRM WebSoket - CONNECTION CLOSED! [CHERNIGIV-ROUTE] User [Сусло Тетяна]. Connection time: 0h 14m 41s. ||| Code: 4000 - Server timeout => Сервер завершив зїєднання через неактивність користувача. | Reason: Server timeout.
[2024-10-04T08:33:35.043] [INFO] CRM WebSoket - NEW CONNECTION! [CHERNIGIV-ROUTE] User [Сусло Тетяна].
[2024-10-04T09:12:10.811] [INFO] CRM WebSoket - CONNECTION CLOSED! [CHERNIGIV-ROUTE] User [Сміян Альона]. Connection time: 0h 59m 24s. ||| Code: 4000 - Server timeout => Сервер завершив зїєднання через неактивність користувача. | Reason: Server timeout.
[2024-10-04T09:37:30.808] [INFO] CRM WebSoket - NEW CONNECTION! [CHERNIGIV-METERS] User [Сміян Альона].
[2024-10-04T09:57:16.226] [INFO] CRM WebSoket - CONNECTION CLOSED! [CHERNIGIV-ROUTE] User [Сміян Альона]. Connection time: 0h 19m 45s. ||| Code: 4000 - Server timeout => Сервер завершив зїєднання через неактивність користувача. | Reason: Server timeout.
[2024-10-04T10:22:15.216] [INFO] CRM WebSoket - NEW CONNECTION! [CHERNIGIV-METERS] User [Сміян Альона].
[2024-10-04T10:46:40.729] [INFO] CRM WebSoket - CONNECTION CLOSED! [CHERNIGIV-ROUTE] User [Сміян Альона]. Connection time: 0h 24m 25s. ||| Code: 4000 - Server timeout => Сервер завершив зїєднання через неактивність користувача. | Reason: Server timeout.
[2024-10-04T10:51:17.001] [INFO] CRM WebSoket - NEW CONNECTION! [CHERNIGIV-METERS] User [Сміян Альона].
[2024-10-04T11:06:48.024] [INFO] CRM WebSoket - CONNECTION CLOSED! [CHERNIGIV-ROUTE] User [Сміян Альона]. Connection time: 0h 15m 31s. ||| Code: 4000 - Server timeout => Сервер завершив зїєднання через неактивність користувача. | Reason: Server timeout.
[2024-10-04T11:11:36.362] [INFO] CRM WebSoket - CONNECTION CLOSED! [CHERNIGIV-ROUTE] User [Сусло Тетяна]. Connection time: 2h 38m 1s. ||| Code: 4000 - Server timeout => Сервер завершив зїєднання через неактивність користувача. | Reason: Server timeout.
[2024-10-04T11:13:28.307] [INFO] CRM WebSoket - NEW CONNECTION! [CHERNIGIV-ROUTE] User [Сусло Тетяна].
[2024-10-04T11:13:57.175] [INFO] CRM WebSoket - NEW CONNECTION! [CHERNIGIV-ROUTE] User [Сміян Альона].
[2024-10-04T11:30:38.432] [INFO] CRM WebSoket - CONNECTION CLOSED! [CHERNIGIV-ROUTE] User [Сусло Тетяна]. Connection time: 0h 17m 10s. ||| Code: 4000 - Server timeout => Сервер завершив зїєднання через неактивність користувача. | Reason: Server timeout.
[2024-10-04T11:35:32.973] [INFO] CRM WebSoket - NEW CONNECTION! [CHERNIGIV-ROUTE] User [Сусло Тетяна].
[2024-10-04T12:12:25.004] [INFO] CRM WebSoket - CONNECTION CLOSED! [CHERNIGIV-ROUTE] User [Сусло Тетяна]. Connection time: 0h 36m 52s. ||| Code: 4000 - Server timeout => Сервер завершив зїєднання через неактивність користувача. | Reason: Server timeout.
[2024-10-04T12:13:46.228] [INFO] CRM WebSoket - CONNECTION CLOSED! [CHERNIGIV-ROUTE] User [Сміян Альона]. Connection time: 0h 59m 49s. ||| Code: 4000 - Server timeout => Сервер завершив зїєднання через неактивність користувача. | Reason: Server timeout.
[2024-10-04T12:15:03.559] [INFO] CRM WebSoket - NEW CONNECTION! [CHERNIGIV-ROUTE] User [Сусло Тетяна].
[2024-10-04T12:28:40.372] [INFO] CRM WebSoket - CONNECTION CLOSED! [CHERNIGIV-ROUTE] User [Сусло Тетяна]. Connection time: 0h 13m 36s. ||| Code: 4000 - Server timeout => Сервер завершив зїєднання через неактивність користувача. | Reason: Server timeout.
[2024-10-04T12:34:41.356] [INFO] CRM WebSoket - NEW CONNECTION! [CHERNIGIV-METERS] User [Сміян Альона].
[2024-10-04T12:45:45.563] [INFO] CRM WebSoket - CONNECTION CLOSED! [CHERNIGIV-ROUTE] User [Сміян Альона]. Connection time: 0h 11m 4s. ||| Code: 4000 - Server timeout => Сервер завершив зїєднання через неактивність користувача. | Reason: Server timeout.
[2024-10-04T12:49:16.058] [INFO] CRM WebSoket - NEW CONNECTION! [CHERNIGIV-ROUTE] User [Сміян Альона].
[2024-10-04T13:01:12.945] [INFO] CRM WebSoket - NEW CONNECTION! [CHERNIGIV-ROUTE] User [Сусло Тетяна].
[2024-10-04T13:19:25.917] [INFO] CRM WebSoket - CONNECTION CLOSED! [CHERNIGIV-ROUTE] User [Сусло Тетяна]. Connection time: 0h 18m 12s. ||| Code: 4000 - Server timeout => Сервер завершив зїєднання через неактивність користувача. | Reason: Server timeout.
[2024-10-04T13:22:39.782] [INFO] CRM WebSoket - CONNECTION CLOSED! [CHERNIGIV-ROUTE] User [Сміян Альона]. Connection time: 0h 33m 23s. ||| Code: 4000 - Server timeout => Сервер завершив зїєднання через неактивність користувача. | Reason: Server timeout.
[2024-10-04T13:23:28.468] [INFO] CRM WebSoket - NEW CONNECTION! [CHERNIGIV-ROUTE] User [Сусло Тетяна].
[2024-10-04T13:35:09.028] [INFO] CRM WebSoket - NEW CONNECTION! [CHERNIGIV-ROUTE] User [Сміян Альона].
[2024-10-04T13:46:30.635] [INFO] CRM WebSoket - CONNECTION CLOSED! [CHERNIGIV-ROUTE] User [Сміян Альона]. Connection time: 0h 11m 21s. ||| Code: 4000 - Server timeout => Сервер завершив зїєднання через неактивність користувача. | Reason: Server timeout.
[2024-10-04T13:46:42.720] [INFO] CRM WebSoket - NEW CONNECTION! [CHERNIGIV-ROUTE] User [Сміян Альона].
[2024-10-04T13:51:13.186] [INFO] CRM WebSoket - CONNECTION CLOSED! [CHERNIGIV-ROUTE] User [Сусло Тетяна]. Connection time: 0h 27m 44s. ||| Code: 4000 - Server timeout => Сервер завершив зїєднання через неактивність користувача. | Reason: Server timeout.
[2024-10-04T14:02:44.818] [INFO] CRM WebSoket - CONNECTION CLOSED! [CHERNIGIV-ROUTE] User [Сміян Альона]. Connection time: 0h 16m 2s. ||| Code: 4000 - Server timeout => Сервер завершив зїєднання через неактивність користувача. | Reason: Server timeout.
[2024-10-04T14:04:47.541] [INFO] CRM WebSoket - NEW CONNECTION! [CHERNIGIV-ROUTE] User [Сміян Альона].
[2024-10-04T14:05:17.131] [INFO] CRM WebSoket - NEW CONNECTION! [CHERNIGIV-ROUTE] User [Сусло Тетяна].
[2024-10-04T14:26:06.213] [INFO] CRM WebSoket - CONNECTION CLOSED! [CHERNIGIV-ROUTE] User [Сусло Тетяна]. Connection time: 0h 20m 49s. ||| Code: 4000 - Server timeout => Сервер завершив зїєднання через неактивність користувача. | Reason: Server timeout.
[2024-10-04T14:27:55.962] [INFO] CRM WebSoket - NEW CONNECTION! [CHERNIGIV-ROUTE] User [Сусло Тетяна].
[2024-10-04T14:33:23.827] [INFO] CRM WebSoket - CONNECTION CLOSED! [CHERNIGIV-ROUTE] User [Сміян Альона]. Connection time: 0h 28m 36s. ||| Code: 4000 - Server timeout => Сервер завершив зїєднання через неактивність користувача. | Reason: Server timeout.
[2024-10-04T14:37:32.038] [INFO] CRM WebSoket - NEW CONNECTION! [CHERNIGIV-METERS] User [Сміян Альона].
[2024-10-04T15:06:47.104] [INFO] CRM WebSoket - CONNECTION CLOSED! [CHERNIGIV-ROUTE] User [Сміян Альона]. Connection time: 0h 29m 15s. ||| Code: 4000 - Server timeout => Сервер завершив зїєднання через неактивність користувача. | Reason: Server timeout.
[2024-10-04T15:07:26.127] [INFO] CRM WebSoket - NEW CONNECTION! [CHERNIGIV-ROUTE] User [Сміян Альона].
[2024-10-04T15:31:20.648] [INFO] CRM WebSoket - CONNECTION CLOSED! [CHERNIGIV-ROUTE] User [Сусло Тетяна]. Connection time: 1h 3m 24s. ||| Code: 4000 - Server timeout => Сервер завершив зїєднання через неактивність користувача. | Reason: Server timeout.
[2024-10-04T15:40:56.624] [INFO] CRM WebSoket - CONNECTION CLOSED! [CHERNIGIV-ROUTE] User [Сміян Альона]. Connection time: 0h 33m 30s. ||| Code: 4000 - Server timeout => Сервер завершив зїєднання через неактивність користувача. | Reason: Server timeout.
[2024-10-04T15:43:20.509] [INFO] CRM WebSoket - NEW CONNECTION! [CHERNIGIV-ROUTE] User [Сусло Тетяна].
[2024-10-04T15:53:04.552] [INFO] CRM WebSoket - CONNECTION CLOSED! [CHERNIGIV-ROUTE] User [Сусло Тетяна]. Connection time: 0h 9m 44s. ||| Code: 1001 - Going Away => Кінцева точка закривається, або через збій сервера, або через те, що браузер переходить від сторінки, яка відкрила з'єднання. | Reason: 

