[2024-08-05T08:34:37.138] [INFO] CRM WebSoket - NEW CONNECTION! [CHERNIGIV-TASKS] User [Сміян Альона].
[2024-08-05T08:52:47.257] [INFO] CRM WebSoket - CONNECTION CLOSED! [CHERNIGIV-ROUTE] User [Сміян Альона]. Connection time: 0h 18m 10s. ||| Code: 4000 - Server timeout => Сервер завершив зїєднання через неактивність користувача. | Reason: Server timeout.
[2024-08-05T09:39:18.591] [INFO] CRM WebSoket - NEW CONNECTION! [CHERNIGIV-TASKS] User [Сусло Тетяна].
[2024-08-05T09:57:16.133] [INFO] CRM WebSoket - CONNECTION CLOSED! [CHERNIGIV-TASKS] User [Сусло Тетяна]. Connection time: 0h 17m 57s. ||| Code: 4000 - Server timeout => Сервер завершив зїєднання через неактивність користувача. | Reason: Server timeout.
[2024-08-05T09:58:32.099] [INFO] CRM WebSoket - NEW CONNECTION! [CHERNIGIV-METERS] User [Коваль Людмила].
[2024-08-05T10:02:42.362] [INFO] CRM WebSoket - CONNECTION CLOSED! [CHERNIGIV-TASKS] User [Коваль Людмила]. Connection time: 0h 4m 10s. ||| Code: 1001 - Going Away => Кінцева точка закривається, або через збій сервера, або через те, що браузер переходить від сторінки, яка відкрила з'єднання. | Reason: 
[2024-08-05T10:27:42.220] [INFO] CRM WebSoket - NEW CONNECTION! [CHERNIGIV-TASKS] User [Сміян Альона].
[2024-08-05T10:38:49.502] [INFO] CRM WebSoket - CONNECTION CLOSED! [CHERNIGIV-ROUTE] User [Сміян Альона]. Connection time: 0h 11m 7s. ||| Code: 4000 - Server timeout => Сервер завершив зїєднання через неактивність користувача. | Reason: Server timeout.
[2024-08-05T10:47:48.653] [INFO] CRM WebSoket - NEW CONNECTION! [CHERNIGIV-METERS] User [Коваль Людмила].
[2024-08-05T10:48:54.216] [INFO] CRM WebSoket - NEW CONNECTION! [CHERNIGIV-TASKS] User [Сміян Альона].
[2024-08-05T10:59:08.031] [INFO] CRM WebSoket - NEW CONNECTION! [CHERNIGIV-TASKS] User [Сусло Тетяна].
[2024-08-05T11:04:15.281] [INFO] CRM WebSoket - CONNECTION CLOSED! [CHERNIGIV-ROUTE] User [Коваль Людмила]. Connection time: 0h 16m 26s. ||| Code: 4000 - Server timeout => Сервер завершив зїєднання через неактивність користувача. | Reason: Server timeout.
[2024-08-05T11:11:12.714] [INFO] CRM WebSoket - CONNECTION CLOSED! [CHERNIGIV-ROUTE] User [Сміян Альона]. Connection time: 0h 22m 18s. ||| Code: 4000 - Server timeout => Сервер завершив зїєднання через неактивність користувача. | Reason: Server timeout.
[2024-08-05T11:13:44.976] [INFO] CRM WebSoket - CONNECTION CLOSED! [CHERNIGIV-ROUTE] User [Сусло Тетяна]. Connection time: 0h 14m 36s. ||| Code: 4000 - Server timeout => Сервер завершив зїєднання через неактивність користувача. | Reason: Server timeout.
[2024-08-05T11:22:23.893] [INFO] CRM WebSoket - NEW CONNECTION! [CHERNIGIV-TASKS] User [Сміян Альона].
[2024-08-05T11:26:34.138] [INFO] CRM WebSoket - CONNECTION CLOSED! [CHERNIGIV-TASKS] User [Сміян Альона]. Connection time: 0h 4m 10s. ||| Code: 1001 - Going Away => Кінцева точка закривається, або через збій сервера, або через те, що браузер переходить від сторінки, яка відкрила з'єднання. | Reason: 
[2024-08-05T11:28:59.021] [INFO] CRM WebSoket - NEW CONNECTION! [CHERNIGIV-ROUTE] User [Сусло Тетяна].
[2024-08-05T11:40:18.497] [INFO] CRM WebSoket - CONNECTION CLOSED! [CHERNIGIV-TASKS] User [Сусло Тетяна]. Connection time: 0h 11m 19s. ||| Code: 4000 - Server timeout => Сервер завершив зїєднання через неактивність користувача. | Reason: Server timeout.
[2024-08-05T11:45:18.003] [INFO] CRM WebSoket - NEW CONNECTION! [CHERNIGIV-METERS] User [Сміян Альона].
[2024-08-05T11:55:41.972] [INFO] CRM WebSoket - CONNECTION CLOSED! [CHERNIGIV-ROUTE] User [Сміян Альона]. Connection time: 0h 10m 23s. ||| Code: 1001 - Going Away => Кінцева точка закривається, або через збій сервера, або через те, що браузер переходить від сторінки, яка відкрила з'єднання. | Reason: 
[2024-08-05T12:08:32.549] [INFO] CRM WebSoket - NEW CONNECTION! [CHERNIGIV-TASKS] User [Сусло Тетяна].
[2024-08-05T12:19:48.949] [INFO] CRM WebSoket - CONNECTION CLOSED! [CHERNIGIV-TASKS] User [Сусло Тетяна]. Connection time: 0h 11m 16s. ||| Code: 4000 - Server timeout => Сервер завершив зїєднання через неактивність користувача. | Reason: Server timeout.
[2024-08-05T15:27:21.477] [INFO] CRM WebSoket - NEW CONNECTION! [CHERNIGIV-METERS] User [Коваль Людмила].
[2024-08-05T15:30:24.337] [INFO] CRM WebSoket - NEW CONNECTION! [CHERNIGIV-METERS] User [Сусло Тетяна].
[2024-08-05T15:31:49.935] [INFO] CRM WebSoket - CONNECTION CLOSED! [CHERNIGIV-METERS] User [Сусло Тетяна]. Connection time: 0h 1m 25s. ||| Code: 1001 - Going Away => Кінцева точка закривається, або через збій сервера, або через те, що браузер переходить від сторінки, яка відкрила з'єднання. | Reason: 
[2024-08-05T15:32:33.890] [INFO] CRM WebSoket - CONNECTION CLOSED! [CHERNIGIV-ROUTE] User [Коваль Людмила]. Connection time: 0h 5m 12s. ||| Code: 1001 - Going Away => Кінцева точка закривається, або через збій сервера, або через те, що браузер переходить від сторінки, яка відкрила з'єднання. | Reason: 
[2024-08-05T20:19:41.220] [INFO] CRM WebSoket - NEW CONNECTION! [CHERNIGIV-METERS] User [Сагач Михайло Анатолійович].
[2024-08-05T20:37:57.356] [INFO] CRM WebSoket - CONNECTION CLOSED! [CHERNIGIV-TASKS] User [Сагач Михайло Анатолійович]. Connection time: 0h 18m 16s. ||| Code: 4000 - Server timeout => Сервер завершив зїєднання через неактивність користувача. | Reason: Server timeout.
