[2024-09-05T07:40:12.327] [INFO] CRM WebSoket - NEW CONNECTION! [CHERNIGIV-ADDRESSES] User [Сусло Тетяна].
[2024-09-05T07:51:14.304] [INFO] CRM WebSoket - CONNECTION CLOSED! [CHERNIGIV-ROUTE] User [Сусло Тетяна]. Connection time: 0h 11m 1s. ||| Code: 4000 - Server timeout => Сервер завершив зїєднання через неактивність користувача. | Reason: Server timeout.
[2024-09-05T08:14:38.247] [INFO] CRM WebSoket - NEW CONNECTION! [CHERNIGIV-METERS] User [Коваль Людмила].
[2024-09-05T08:19:43.569] [INFO] CRM WebSoket - CONNECTION CLOSED! [CHERNIGIV-ROUTE] User [Коваль Людмила]. Connection time: 0h 5m 5s. ||| Code: 1001 - Going Away => Кінцева точка закривається, або через збій сервера, або через те, що браузер переходить від сторінки, яка відкрила з'єднання. | Reason: 
[2024-09-05T09:02:49.866] [INFO] CRM WebSoket - NEW CONNECTION! [CHERNIGIV-METERS] User [Коваль Людмила].
[2024-09-05T09:06:38.355] [INFO] CRM WebSoket - CONNECTION CLOSED! [CHERNIGIV-ROUTE] User [Коваль Людмила]. Connection time: 0h 3m 48s. ||| Code: 1001 - Going Away => Кінцева точка закривається, або через збій сервера, або через те, що браузер переходить від сторінки, яка відкрила з'єднання. | Reason: 
[2024-09-05T09:15:23.469] [INFO] CRM WebSoket - NEW CONNECTION! [CHERNIGIV-METERS] User [Коваль Людмила].
[2024-09-05T09:17:26.445] [INFO] CRM WebSoket - CONNECTION CLOSED! [CHERNIGIV-ROUTE] User [Коваль Людмила]. Connection time: 0h 2m 2s. ||| Code: 1001 - Going Away => Кінцева точка закривається, або через збій сервера, або через те, що браузер переходить від сторінки, яка відкрила з'єднання. | Reason: 
[2024-09-05T09:42:57.347] [INFO] CRM WebSoket - NEW CONNECTION! [CHERNIGIV-METERS] User [Коваль Людмила].
[2024-09-05T10:11:19.982] [INFO] CRM WebSoket - CONNECTION CLOSED! [CHERNIGIV-METERS] User [Коваль Людмила]. Connection time: 0h 28m 22s. ||| Code: 1001 - Going Away => Кінцева точка закривається, або через збій сервера, або через те, що браузер переходить від сторінки, яка відкрила з'єднання. | Reason: 
[2024-09-05T10:11:26.870] [INFO] CRM WebSoket - NEW CONNECTION! [CHERNIGIV-METERS] User [Коваль Людмила].
[2024-09-05T10:40:35.879] [INFO] CRM WebSoket - CONNECTION CLOSED! [CHERNIGIV-ROUTE] User [Коваль Людмила]. Connection time: 0h 29m 9s. ||| Code: 1001 - Going Away => Кінцева точка закривається, або через збій сервера, або через те, що браузер переходить від сторінки, яка відкрила з'єднання. | Reason: 
[2024-09-05T10:44:11.480] [INFO] CRM WebSoket - NEW CONNECTION! [CHERNIGIV-METERS] User [Коваль Людмила].
[2024-09-05T10:51:30.472] [INFO] CRM WebSoket - CONNECTION CLOSED! [CHERNIGIV-ROUTE] User [Коваль Людмила]. Connection time: 0h 7m 18s. ||| Code: 1001 - Going Away => Кінцева точка закривається, або через збій сервера, або через те, що браузер переходить від сторінки, яка відкрила з'єднання. | Reason: 
[2024-09-05T10:57:26.447] [INFO] CRM WebSoket - NEW CONNECTION! [CHERNIGIV-METERS] User [Коваль Людмила].
[2024-09-05T11:17:46.069] [INFO] CRM WebSoket - NEW CONNECTION! [CHERNIGIV-ROUTE] User [Сусло Тетяна].
[2024-09-05T11:28:31.183] [INFO] CRM WebSoket - CONNECTION CLOSED! [CHERNIGIV-ROUTE] User [Коваль Людмила]. Connection time: 0h 31m 4s. ||| Code: 4000 - Server timeout => Сервер завершив зїєднання через неактивність користувача. | Reason: Server timeout.
[2024-09-05T12:54:10.370] [INFO] CRM WebSoket - NEW CONNECTION! [CHERNIGIV-METERS] User [Коваль Людмила].
[2024-09-05T12:55:54.665] [INFO] CRM WebSoket - CONNECTION CLOSED! [CHERNIGIV-METERS] User [Коваль Людмила]. Connection time: 0h 1m 44s. ||| Code: 1001 - Going Away => Кінцева точка закривається, або через збій сервера, або через те, що браузер переходить від сторінки, яка відкрила з'єднання. | Reason: 
[2024-09-05T13:05:09.244] [INFO] CRM WebSoket - NEW CONNECTION! [CHERNIGIV-METERS] User [Коваль Людмила].
[2024-09-05T13:16:38.592] [INFO] CRM WebSoket - CONNECTION CLOSED! [CHERNIGIV-ROUTE] User [Сусло Тетяна]. Connection time: 1h 58m 52s. ||| Code: 4000 - Server timeout => Сервер завершив зїєднання через неактивність користувача. | Reason: Server timeout.
[2024-09-05T13:17:03.534] [INFO] CRM WebSoket - CONNECTION CLOSED! [CHERNIGIV-ROUTE] User [Коваль Людмила]. Connection time: 0h 11m 54s. ||| Code: 4000 - Server timeout => Сервер завершив зїєднання через неактивність користувача. | Reason: Server timeout.
[2024-09-05T13:35:47.923] [INFO] CRM WebSoket - NEW CONNECTION! [CHERNIGIV-ROUTE] User [Сусло Тетяна].
[2024-09-05T13:38:00.556] [INFO] CRM WebSoket - NEW CONNECTION! [CHERNIGIV-METERS] User [Коваль Людмила].
[2024-09-05T13:46:20.606] [INFO] CRM WebSoket - CONNECTION CLOSED! [CHERNIGIV-ROUTE] User [Коваль Людмила]. Connection time: 0h 8m 20s. ||| Code: 1001 - Going Away => Кінцева точка закривається, або через збій сервера, або через те, що браузер переходить від сторінки, яка відкрила з'єднання. | Reason: 
[2024-09-05T13:46:36.897] [INFO] CRM WebSoket - NEW CONNECTION! [CHERNIGIV-METERS] User [Коваль Людмила].
[2024-09-05T13:48:57.659] [INFO] CRM WebSoket - CONNECTION CLOSED! [CHERNIGIV-ROUTE] User [Сусло Тетяна]. Connection time: 0h 13m 9s. ||| Code: 4000 - Server timeout => Сервер завершив зїєднання через неактивність користувача. | Reason: Server timeout.
[2024-09-05T13:52:47.504] [INFO] CRM WebSoket - CONNECTION CLOSED! [CHERNIGIV-ROUTE] User [Коваль Людмила]. Connection time: 0h 6m 10s. ||| Code: 1001 - Going Away => Кінцева точка закривається, або через збій сервера, або через те, що браузер переходить від сторінки, яка відкрила з'єднання. | Reason: 
[2024-09-05T13:59:52.393] [INFO] CRM WebSoket - NEW CONNECTION! [CHERNIGIV-METERS] User [Коваль Людмила].
[2024-09-05T14:02:15.204] [INFO] CRM WebSoket - CONNECTION CLOSED! [CHERNIGIV-ROUTE] User [Коваль Людмила]. Connection time: 0h 2m 22s. ||| Code: 1001 - Going Away => Кінцева точка закривається, або через збій сервера, або через те, що браузер переходить від сторінки, яка відкрила з'єднання. | Reason: 
[2024-09-05T14:08:31.469] [INFO] CRM WebSoket - NEW CONNECTION! [CHERNIGIV-ROUTE] User [Сусло Тетяна].
[2024-09-05T14:38:28.412] [INFO] CRM WebSoket - CONNECTION CLOSED! [CHERNIGIV-ROUTE] User [Сусло Тетяна]. Connection time: 0h 29m 56s. ||| Code: 4000 - Server timeout => Сервер завершив зїєднання через неактивність користувача. | Reason: Server timeout.
[2024-09-05T14:40:11.026] [INFO] CRM WebSoket - NEW CONNECTION! [CHERNIGIV-METERS] User [Коваль Людмила].
[2024-09-05T14:56:46.568] [INFO] CRM WebSoket - CONNECTION CLOSED! [CHERNIGIV-ROUTE] User [Коваль Людмила]. Connection time: 0h 16m 35s. ||| Code: 1001 - Going Away => Кінцева точка закривається, або через збій сервера, або через те, що браузер переходить від сторінки, яка відкрила з'єднання. | Reason: 
[2024-09-05T15:02:07.205] [INFO] CRM WebSoket - NEW CONNECTION! [CHERNIGIV-METERS] User [Коваль Людмила].
[2024-09-05T15:37:27.758] [INFO] CRM WebSoket - CONNECTION CLOSED! [CHERNIGIV-ROUTE] User [Коваль Людмила]. Connection time: 0h 35m 20s. ||| Code: 4000 - Server timeout => Сервер завершив зїєднання через неактивність користувача. | Reason: Server timeout.
[2024-09-05T15:53:00.291] [INFO] CRM WebSoket - NEW CONNECTION! [CHERNIGIV-METERS] User [Коваль Людмила].
[2024-09-05T15:59:54.835] [INFO] CRM WebSoket - CONNECTION CLOSED! [CHERNIGIV-ROUTE] User [Коваль Людмила]. Connection time: 0h 6m 54s. ||| Code: 1001 - Going Away => Кінцева точка закривається, або через збій сервера, або через те, що браузер переходить від сторінки, яка відкрила з'єднання. | Reason: 
[2024-09-05T16:22:04.218] [INFO] CRM WebSoket - NEW CONNECTION! [CHERNIGIV-ROUTE] User [Сусло Тетяна].
[2024-09-05T16:34:55.089] [INFO] CRM WebSoket - NEW CONNECTION! [CHERNIGIV-METERS] User [Коваль Людмила].
[2024-09-05T16:37:18.541] [INFO] CRM WebSoket - CONNECTION CLOSED! [CHERNIGIV-ROUTE] User [Сусло Тетяна]. Connection time: 0h 15m 14s. ||| Code: 4000 - Server timeout => Сервер завершив зїєднання через неактивність користувача. | Reason: Server timeout.
[2024-09-05T16:40:37.658] [INFO] CRM WebSoket - CONNECTION CLOSED! [CHERNIGIV-ROUTE] User [Коваль Людмила]. Connection time: 0h 5m 42s. ||| Code: 1001 - Going Away => Кінцева точка закривається, або через збій сервера, або через те, що браузер переходить від сторінки, яка відкрила з'єднання. | Reason: 
